[2019-09-09 11:37:48] REQUEST POST - https://localhost:8082/public/aspx/Home.aspx
[2019-09-09 11:37:48] ---- FROM  ::1 (WinNT)
[2019-09-09 11:37:48] ---- BROWSER:  Chrome 76.0 (Mozilla/5.0 (Windows NT 10.0; Win64; x64) AppleWebKit/537.36 (KHTML, like Gecko) Chrome/76.0.3809.132 Safari/537.36)
[2019-09-09 11:37:48] ---- CONTENT: Token%3D61111131252223224013000011333653%26TokenApiRest%3DeyJ0eXAiOiJKV1QiLCJhbGciOiJIUzI1NiJ9.eyJpc3MiOiJodHRwczpcL1wvd3d3cy5kZXYteWVhcC5pdCIsImlhdCI6MTU0MjI5NDMyMSwibmJmIjoxNTQyMjk0MzIxLCJleHAiOjE1NDI4OTkxMjEsImRhdGEiOnsidXNlciI6eyJpZCI6IjQ0In19fQ.RCP5OeoGASxAyBw1MbMD4BFJAcDM5JIXqYXKBALZcJI%26Logo%3Dhttps%3A%2F%2Flocalhost%3A8082%2Fscratch%2Fpl_logo.png%26Title%3DBusiness+Plan+Test+nr.+2=
[2019-09-09 11:37:51] 302 - Found - text/html
[2019-09-09 11:37:51] REQUEST GET - https://localhost:8082/home/welcome
[2019-09-09 11:37:51] ---- FROM  ::1 (WinNT)
[2019-09-09 11:37:51] ---- BROWSER:  Chrome 76.0 (Mozilla/5.0 (Windows NT 10.0; Win64; x64) AppleWebKit/537.36 (KHTML, like Gecko) Chrome/76.0.3809.132 Safari/537.36)
[2019-09-09 11:39:05] 200 - OK - text/html
[2019-09-09 11:39:08] REQUEST POST - https://localhost:8082/public/ws/Config.asmx/Economics_Get
[2019-09-09 11:39:08] ---- FROM  ::1 (WinNT)
[2019-09-09 11:39:08] ---- BROWSER:  Chrome 76.0 (Mozilla/5.0 (Windows NT 10.0; Win64; x64) AppleWebKit/537.36 (KHTML, like Gecko) Chrome/76.0.3809.132 Safari/537.36)
[2019-09-09 11:39:08] ---- CONTENT: {data : "<?xml version='1.0' encoding='utf-8' ?><Request ID='20190909113908617'><General><Token>undefined</Token></General><Data></Data></Request>"}
[2019-09-09 11:39:08] 200 - OK - application/json
[2019-09-09 11:39:09] REQUEST POST - https://localhost:8082/public/ws/Economics.asmx/messaggi_summary
[2019-09-09 11:39:09] ---- FROM  ::1 (WinNT)
[2019-09-09 11:39:09] ---- BROWSER:  Chrome 76.0 (Mozilla/5.0 (Windows NT 10.0; Win64; x64) AppleWebKit/537.36 (KHTML, like Gecko) Chrome/76.0.3809.132 Safari/537.36)
[2019-09-09 11:39:09] ---- CONTENT: {data : "<?xml version='1.0' encoding='utf-8' ?><Request ID='20190909113909270'><General><Token>undefined</Token></General><Data></Data></Request>"}
[2019-09-09 11:39:09] 200 - OK - application/json
[2019-09-09 11:39:09] REQUEST POST - https://localhost:8082/public/ws/Config.asmx/All_Get
[2019-09-09 11:39:09] ---- FROM  ::1 (WinNT)
[2019-09-09 11:39:09] ---- BROWSER:  Chrome 76.0 (Mozilla/5.0 (Windows NT 10.0; Win64; x64) AppleWebKit/537.36 (KHTML, like Gecko) Chrome/76.0.3809.132 Safari/537.36)
[2019-09-09 11:39:09] ---- CONTENT: {data : "<?xml version='1.0' encoding='utf-8' ?><Request ID='20190909113909365'><General><Token>undefined</Token></General><Data></Data></Request>"}
[2019-09-09 11:39:09] REQUEST POST - https://localhost:8082/public/ws/Config.asmx/All_Get
[2019-09-09 11:39:09] ---- FROM  ::1 (WinNT)
[2019-09-09 11:39:09] ---- BROWSER:  Chrome 76.0 (Mozilla/5.0 (Windows NT 10.0; Win64; x64) AppleWebKit/537.36 (KHTML, like Gecko) Chrome/76.0.3809.132 Safari/537.36)
[2019-09-09 11:39:09] ---- CONTENT: {data : "<?xml version='1.0' encoding='utf-8' ?><Request ID='20190909113909512'><General><Token>undefined</Token></General><Data></Data></Request>"}
[2019-09-09 11:39:09] 200 - OK - application/json
[2019-09-09 11:39:09] 200 - OK - application/json
[2019-09-09 11:39:09] REQUEST POST - https://localhost:8082/public/ws/Config.asmx/All_Get
[2019-09-09 11:39:09] ---- FROM  ::1 (WinNT)
[2019-09-09 11:39:09] ---- BROWSER:  Chrome 76.0 (Mozilla/5.0 (Windows NT 10.0; Win64; x64) AppleWebKit/537.36 (KHTML, like Gecko) Chrome/76.0.3809.132 Safari/537.36)
[2019-09-09 11:39:09] ---- CONTENT: {data : "<?xml version='1.0' encoding='utf-8' ?><Request ID='20190909113909780'><General><Token>undefined</Token></General><Data></Data></Request>"}
[2019-09-09 11:39:09] 200 - OK - application/json
[2019-09-09 11:39:16] REQUEST GET - https://localhost:8082/
[2019-09-09 11:39:16] ---- FROM  ::1 (WinNT)
[2019-09-09 11:39:16] ---- BROWSER:  Chrome 76.0 (Mozilla/5.0 (Windows NT 10.0; Win64; x64) AppleWebKit/537.36 (KHTML, like Gecko) Chrome/76.0.3809.132 Safari/537.36)
[2019-09-09 11:39:16] 302 - Found - text/html
[2019-09-09 11:39:16] REQUEST GET - https://localhost:8082/public/aspx/Home.aspx?ReturnUrl=%2f
[2019-09-09 11:39:16] ---- FROM  ::1 (WinNT)
[2019-09-09 11:39:16] ---- BROWSER:  Chrome 76.0 (Mozilla/5.0 (Windows NT 10.0; Win64; x64) AppleWebKit/537.36 (KHTML, like Gecko) Chrome/76.0.3809.132 Safari/537.36)
[2019-09-09 11:39:18] 200 - OK - text/html
[2019-09-09 11:39:21] REQUEST GET - https://localhost:8082/public/aspx/Home.aspx?ReturnUrl=%2f
[2019-09-09 11:39:21] ---- FROM  ::1 (WinNT)
[2019-09-09 11:39:21] ---- BROWSER:  Chrome 76.0 (Mozilla/5.0 (Windows NT 10.0; Win64; x64) AppleWebKit/537.36 (KHTML, like Gecko) Chrome/76.0.3809.132 Safari/537.36)
[2019-09-09 11:39:30] 200 - OK - text/html
[2019-09-09 11:39:52] REQUEST POST - https://localhost:8082/public/aspx/Home.aspx
[2019-09-09 11:39:52] ---- FROM  ::1 (WinNT)
[2019-09-09 11:39:52] ---- BROWSER:  Chrome 76.0 (Mozilla/5.0 (Windows NT 10.0; Win64; x64) AppleWebKit/537.36 (KHTML, like Gecko) Chrome/76.0.3809.132 Safari/537.36)
[2019-09-09 11:39:52] ---- CONTENT: Token%3D61111131252223224013000011333653%26TokenApiRest%3DeyJ0eXAiOiJKV1QiLCJhbGciOiJIUzI1NiJ9.eyJpc3MiOiJodHRwczpcL1wvd3d3cy5kZXYteWVhcC5pdCIsImlhdCI6MTU0MjI5NDMyMSwibmJmIjoxNTQyMjk0MzIxLCJleHAiOjE1NDI4OTkxMjEsImRhdGEiOnsidXNlciI6eyJpZCI6IjQ0In19fQ.RCP5OeoGASxAyBw1MbMD4BFJAcDM5JIXqYXKBALZcJI%26Logo%3Dhttps%3A%2F%2Flocalhost%3A8082%2Fscratch%2Fpl_logo.png%26Title%3DBusiness+Plan+Test+nr.+2=
[2019-09-09 11:39:54] 302 - Found - text/html
[2019-09-09 11:39:54] REQUEST GET - https://localhost:8082/home/welcome
[2019-09-09 11:39:54] ---- FROM  ::1 (WinNT)
[2019-09-09 11:39:54] ---- BROWSER:  Chrome 76.0 (Mozilla/5.0 (Windows NT 10.0; Win64; x64) AppleWebKit/537.36 (KHTML, like Gecko) Chrome/76.0.3809.132 Safari/537.36)
[2019-09-09 11:41:41] 500 - Internal Server Error - text/html
[2019-09-09 11:41:58] REQUEST POST - https://localhost:8082/public/aspx/Home.aspx
[2019-09-09 11:41:58] ---- FROM  ::1 (WinNT)
[2019-09-09 11:41:58] ---- BROWSER:  Chrome 76.0 (Mozilla/5.0 (Windows NT 10.0; Win64; x64) AppleWebKit/537.36 (KHTML, like Gecko) Chrome/76.0.3809.132 Safari/537.36)
[2019-09-09 11:41:58] ---- CONTENT: Token%3D61111131252223224013000011333653%26TokenApiRest%3DeyJ0eXAiOiJKV1QiLCJhbGciOiJIUzI1NiJ9.eyJpc3MiOiJodHRwczpcL1wvd3d3cy5kZXYteWVhcC5pdCIsImlhdCI6MTU0MjI5NDMyMSwibmJmIjoxNTQyMjk0MzIxLCJleHAiOjE1NDI4OTkxMjEsImRhdGEiOnsidXNlciI6eyJpZCI6IjQ0In19fQ.RCP5OeoGASxAyBw1MbMD4BFJAcDM5JIXqYXKBALZcJI%26Logo%3Dhttps%3A%2F%2Flocalhost%3A8082%2Fscratch%2Fpl_logo.png%26Title%3DBusiness+Plan+Test+nr.+2=
[2019-09-09 11:43:37] 302 - Found - text/html
[2019-09-09 11:43:37] REQUEST GET - https://localhost:8082/home/welcome
[2019-09-09 11:43:37] ---- FROM  ::1 (WinNT)
[2019-09-09 11:43:37] ---- BROWSER:  Chrome 76.0 (Mozilla/5.0 (Windows NT 10.0; Win64; x64) AppleWebKit/537.36 (KHTML, like Gecko) Chrome/76.0.3809.132 Safari/537.36)
[2019-09-09 11:45:50] 500 - Internal Server Error - text/html
[2019-09-09 11:45:58] REQUEST POST - https://localhost:8082/public/aspx/Home.aspx
[2019-09-09 11:45:58] ---- FROM  ::1 (WinNT)
[2019-09-09 11:45:58] ---- BROWSER:  Chrome 76.0 (Mozilla/5.0 (Windows NT 10.0; Win64; x64) AppleWebKit/537.36 (KHTML, like Gecko) Chrome/76.0.3809.132 Safari/537.36)
[2019-09-09 11:45:58] ---- CONTENT: Token%3D61111131252223224013000011333653%26TokenApiRest%3DeyJ0eXAiOiJKV1QiLCJhbGciOiJIUzI1NiJ9.eyJpc3MiOiJodHRwczpcL1wvd3d3cy5kZXYteWVhcC5pdCIsImlhdCI6MTU0MjI5NDMyMSwibmJmIjoxNTQyMjk0MzIxLCJleHAiOjE1NDI4OTkxMjEsImRhdGEiOnsidXNlciI6eyJpZCI6IjQ0In19fQ.RCP5OeoGASxAyBw1MbMD4BFJAcDM5JIXqYXKBALZcJI%26Logo%3Dhttps%3A%2F%2Flocalhost%3A8082%2Fscratch%2Fpl_logo.png%26Title%3DBusiness+Plan+Test+nr.+2=
[2019-09-09 11:46:07] 302 - Found - text/html
[2019-09-09 11:46:07] REQUEST GET - https://localhost:8082/home/welcome
[2019-09-09 11:46:07] ---- FROM  ::1 (WinNT)
[2019-09-09 11:46:07] ---- BROWSER:  Chrome 76.0 (Mozilla/5.0 (Windows NT 10.0; Win64; x64) AppleWebKit/537.36 (KHTML, like Gecko) Chrome/76.0.3809.132 Safari/537.36)
[2019-09-09 11:50:21] 200 - OK - text/html
[2019-09-09 11:50:22] REQUEST POST - https://localhost:8082/public/ws/Config.asmx/Economics_Get
[2019-09-09 11:50:22] ---- FROM  ::1 (WinNT)
[2019-09-09 11:50:22] ---- BROWSER:  Chrome 76.0 (Mozilla/5.0 (Windows NT 10.0; Win64; x64) AppleWebKit/537.36 (KHTML, like Gecko) Chrome/76.0.3809.132 Safari/537.36)
[2019-09-09 11:50:22] ---- CONTENT: {data : "<?xml version='1.0' encoding='utf-8' ?><Request ID='20190909115022872'><General><Token>undefined</Token></General><Data></Data></Request>"}
[2019-09-09 11:50:22] 200 - OK - application/json
[2019-09-09 11:50:22] REQUEST POST - https://localhost:8082/public/ws/Economics.asmx/messaggi_summary
[2019-09-09 11:50:22] ---- FROM  ::1 (WinNT)
[2019-09-09 11:50:22] ---- BROWSER:  Chrome 76.0 (Mozilla/5.0 (Windows NT 10.0; Win64; x64) AppleWebKit/537.36 (KHTML, like Gecko) Chrome/76.0.3809.132 Safari/537.36)
[2019-09-09 11:50:22] ---- CONTENT: {data : "<?xml version='1.0' encoding='utf-8' ?><Request ID='20190909115022919'><General><Token>undefined</Token></General><Data></Data></Request>"}
[2019-09-09 11:50:22] 200 - OK - application/json
[2019-09-09 11:50:22] REQUEST POST - https://localhost:8082/public/ws/Config.asmx/All_Get
[2019-09-09 11:50:22] ---- FROM  ::1 (WinNT)
[2019-09-09 11:50:22] ---- BROWSER:  Chrome 76.0 (Mozilla/5.0 (Windows NT 10.0; Win64; x64) AppleWebKit/537.36 (KHTML, like Gecko) Chrome/76.0.3809.132 Safari/537.36)
[2019-09-09 11:50:22] ---- CONTENT: {data : "<?xml version='1.0' encoding='utf-8' ?><Request ID='20190909115022932'><General><Token>undefined</Token></General><Data></Data></Request>"}
[2019-09-09 11:50:22] 200 - OK - application/json
[2019-09-09 11:50:22] REQUEST POST - https://localhost:8082/public/ws/Config.asmx/All_Get
[2019-09-09 11:50:22] ---- FROM  ::1 (WinNT)
[2019-09-09 11:50:22] ---- BROWSER:  Chrome 76.0 (Mozilla/5.0 (Windows NT 10.0; Win64; x64) AppleWebKit/537.36 (KHTML, like Gecko) Chrome/76.0.3809.132 Safari/537.36)
[2019-09-09 11:50:22] ---- CONTENT: {data : "<?xml version='1.0' encoding='utf-8' ?><Request ID='20190909115022968'><General><Token>undefined</Token></General><Data></Data></Request>"}
[2019-09-09 11:50:22] 200 - OK - application/json
[2019-09-09 11:50:23] REQUEST POST - https://localhost:8082/public/ws/Config.asmx/All_Get
[2019-09-09 11:50:23] ---- FROM  ::1 (WinNT)
[2019-09-09 11:50:23] ---- BROWSER:  Chrome 76.0 (Mozilla/5.0 (Windows NT 10.0; Win64; x64) AppleWebKit/537.36 (KHTML, like Gecko) Chrome/76.0.3809.132 Safari/537.36)
[2019-09-09 11:50:23] ---- CONTENT: {data : "<?xml version='1.0' encoding='utf-8' ?><Request ID='2019090911502330'><General><Token>undefined</Token></General><Data></Data></Request>"}
[2019-09-09 11:50:23] 200 - OK - application/json
