[2019-09-09 16:19:34] REQUEST POST - https://localhost:8082/public/aspx/Home.aspx
[2019-09-09 16:19:34] ---- FROM  ::1 (WinNT)
[2019-09-09 16:19:34] ---- BROWSER:  Chrome 76.0 (Mozilla/5.0 (Windows NT 10.0; Win64; x64) AppleWebKit/537.36 (KHTML, like Gecko) Chrome/76.0.3809.132 Safari/537.36)
[2019-09-09 16:19:34] ---- CONTENT: Token%3D61111131252223224013000011333653%26TokenApiRest%3DeyJ0eXAiOiJKV1QiLCJhbGciOiJIUzI1NiJ9.eyJpc3MiOiJodHRwczpcL1wvd3d3cy5kZXYteWVhcC5pdCIsImlhdCI6MTU0MjI5NDMyMSwibmJmIjoxNTQyMjk0MzIxLCJleHAiOjE1NDI4OTkxMjEsImRhdGEiOnsidXNlciI6eyJpZCI6IjQ0In19fQ.RCP5OeoGASxAyBw1MbMD4BFJAcDM5JIXqYXKBALZcJI%26Logo%3Dhttps%3A%2F%2Flocalhost%3A8082%2Fscratch%2Fpl_logo.png%26Title%3DBusiness+Plan+Test+nr.+2=
[2019-09-09 16:19:45] 302 - Found - text/html
[2019-09-09 16:19:46] REQUEST GET - https://localhost:8082/home/welcome
[2019-09-09 16:19:46] ---- FROM  ::1 (WinNT)
[2019-09-09 16:19:46] ---- BROWSER:  Chrome 76.0 (Mozilla/5.0 (Windows NT 10.0; Win64; x64) AppleWebKit/537.36 (KHTML, like Gecko) Chrome/76.0.3809.132 Safari/537.36)
[2019-09-09 16:19:49] 200 - OK - text/html
[2019-09-09 16:19:54] REQUEST POST - https://localhost:8082/public/ws/Config.asmx/Economics_Get
[2019-09-09 16:19:54] ---- FROM  ::1 (WinNT)
[2019-09-09 16:19:54] ---- BROWSER:  Chrome 76.0 (Mozilla/5.0 (Windows NT 10.0; Win64; x64) AppleWebKit/537.36 (KHTML, like Gecko) Chrome/76.0.3809.132 Safari/537.36)
[2019-09-09 16:19:54] ---- CONTENT: {data : "<?xml version='1.0' encoding='utf-8' ?><Request ID='20190909161952444'><General><Token>undefined</Token></General><Data></Data></Request>"}
[2019-09-09 16:20:56] 200 - OK - application/json
[2019-09-09 16:20:57] REQUEST POST - https://localhost:8082/public/ws/Config.asmx/All_Get
[2019-09-09 16:20:58] ---- FROM  ::1 (WinNT)
[2019-09-09 16:20:58] REQUEST POST - https://localhost:8082/public/ws/Economics.asmx/messaggi_summary
[2019-09-09 16:20:58] ---- FROM  ::1 (WinNT)
[2019-09-09 16:20:58] ---- BROWSER:  Chrome 76.0 (Mozilla/5.0 (Windows NT 10.0; Win64; x64) AppleWebKit/537.36 (KHTML, like Gecko) Chrome/76.0.3809.132 Safari/537.36)
[2019-09-09 16:20:58] ---- BROWSER:  Chrome 76.0 (Mozilla/5.0 (Windows NT 10.0; Win64; x64) AppleWebKit/537.36 (KHTML, like Gecko) Chrome/76.0.3809.132 Safari/537.36)
[2019-09-09 16:20:58] ---- CONTENT: {data : "<?xml version='1.0' encoding='utf-8' ?><Request ID='20190909162056972'><General><Token>undefined</Token></General><Data></Data></Request>"}
[2019-09-09 16:20:58] REQUEST POST - https://localhost:8082/public/ws/Config.asmx/All_Get
[2019-09-09 16:20:58] ---- FROM  ::1 (WinNT)
[2019-09-09 16:20:59] ---- BROWSER:  Chrome 76.0 (Mozilla/5.0 (Windows NT 10.0; Win64; x64) AppleWebKit/537.36 (KHTML, like Gecko) Chrome/76.0.3809.132 Safari/537.36)
[2019-09-09 16:20:59] ---- CONTENT: {data : "<?xml version='1.0' encoding='utf-8' ?><Request ID='20190909162057839'><General><Token>undefined</Token></General><Data></Data></Request>"}
[2019-09-09 16:20:58] ---- CONTENT: {data : "<?xml version='1.0' encoding='utf-8' ?><Request ID='20190909162057205'><General><Token>undefined</Token></General><Data></Data></Request>"}
[2019-09-09 16:22:15] 200 - OK - application/json
[2019-09-09 16:22:15] 200 - OK - application/json
[2019-09-09 16:22:15] 200 - OK - application/json
[2019-09-09 16:22:15] REQUEST POST - https://localhost:8082/public/ws/Config.asmx/All_Get
[2019-09-09 16:22:15] ---- FROM  ::1 (WinNT)
[2019-09-09 16:22:15] ---- BROWSER:  Chrome 76.0 (Mozilla/5.0 (Windows NT 10.0; Win64; x64) AppleWebKit/537.36 (KHTML, like Gecko) Chrome/76.0.3809.132 Safari/537.36)
[2019-09-09 16:22:15] ---- CONTENT: {data : "<?xml version='1.0' encoding='utf-8' ?><Request ID='20190909162215166'><General><Token>undefined</Token></General><Data></Data></Request>"}
[2019-09-09 16:22:15] 200 - OK - application/json
[2019-09-09 16:26:14] REQUEST POST - https://localhost:8082/public/aspx/Home.aspx
[2019-09-09 16:26:14] ---- FROM  ::1 (WinNT)
[2019-09-09 16:26:14] ---- BROWSER:  Chrome 76.0 (Mozilla/5.0 (Windows NT 10.0; Win64; x64) AppleWebKit/537.36 (KHTML, like Gecko) Chrome/76.0.3809.132 Safari/537.36)
[2019-09-09 16:26:14] ---- CONTENT: Token%3D61111131252223224013000011333653%26TokenApiRest%3DeyJ0eXAiOiJKV1QiLCJhbGciOiJIUzI1NiJ9.eyJpc3MiOiJodHRwczpcL1wvd3d3cy5kZXYteWVhcC5pdCIsImlhdCI6MTU0MjI5NDMyMSwibmJmIjoxNTQyMjk0MzIxLCJleHAiOjE1NDI4OTkxMjEsImRhdGEiOnsidXNlciI6eyJpZCI6IjQ0In19fQ.RCP5OeoGASxAyBw1MbMD4BFJAcDM5JIXqYXKBALZcJI%26Logo%3Dhttps%3A%2F%2Flocalhost%3A8082%2Fscratch%2Fpl_logo.png%26Title%3DBusiness+Plan+Test+nr.+2=
[2019-09-09 16:26:21] 302 - Found - text/html
[2019-09-09 16:26:25] REQUEST GET - https://localhost:8082/home/welcome
[2019-09-09 16:26:25] ---- FROM  ::1 (WinNT)
[2019-09-09 16:26:25] ---- BROWSER:  Chrome 76.0 (Mozilla/5.0 (Windows NT 10.0; Win64; x64) AppleWebKit/537.36 (KHTML, like Gecko) Chrome/76.0.3809.132 Safari/537.36)
[2019-09-09 16:26:28] 200 - OK - text/html
[2019-09-09 16:26:32] REQUEST POST - https://localhost:8082/public/ws/Config.asmx/Economics_Get
[2019-09-09 16:26:32] ---- FROM  ::1 (WinNT)
[2019-09-09 16:26:32] ---- BROWSER:  Chrome 76.0 (Mozilla/5.0 (Windows NT 10.0; Win64; x64) AppleWebKit/537.36 (KHTML, like Gecko) Chrome/76.0.3809.132 Safari/537.36)
[2019-09-09 16:26:32] ---- CONTENT: {data : "<?xml version='1.0' encoding='utf-8' ?><Request ID='20190909162630635'><General><Token>undefined</Token></General><Data></Data></Request>"}
[2019-09-09 16:26:54] 200 - OK - application/json
[2019-09-09 16:26:56] REQUEST POST - https://localhost:8082/public/ws/Config.asmx/All_Get
[2019-09-09 16:26:56] ---- FROM  ::1 (WinNT)
[2019-09-09 16:26:57] ---- BROWSER:  Chrome 76.0 (Mozilla/5.0 (Windows NT 10.0; Win64; x64) AppleWebKit/537.36 (KHTML, like Gecko) Chrome/76.0.3809.132 Safari/537.36)
[2019-09-09 16:26:57] REQUEST POST - https://localhost:8082/public/ws/Config.asmx/All_Get
[2019-09-09 16:26:57] ---- CONTENT: {data : "<?xml version='1.0' encoding='utf-8' ?><Request ID='20190909162654619'><General><Token>undefined</Token></General><Data></Data></Request>"}
[2019-09-09 16:26:57] ---- FROM  ::1 (WinNT)
[2019-09-09 16:26:58] ---- BROWSER:  Chrome 76.0 (Mozilla/5.0 (Windows NT 10.0; Win64; x64) AppleWebKit/537.36 (KHTML, like Gecko) Chrome/76.0.3809.132 Safari/537.36)
[2019-09-09 16:26:58] ---- CONTENT: {data : "<?xml version='1.0' encoding='utf-8' ?><Request ID='20190909162655570'><General><Token>undefined</Token></General><Data></Data></Request>"}
[2019-09-09 16:26:58] REQUEST POST - https://localhost:8082/public/ws/Economics.asmx/messaggi_summary
[2019-09-09 16:27:03] ---- FROM  ::1 (WinNT)
[2019-09-09 16:27:03] ---- BROWSER:  Chrome 76.0 (Mozilla/5.0 (Windows NT 10.0; Win64; x64) AppleWebKit/537.36 (KHTML, like Gecko) Chrome/76.0.3809.132 Safari/537.36)
[2019-09-09 16:27:03] ---- CONTENT: {data : "<?xml version='1.0' encoding='utf-8' ?><Request ID='20190909162654666'><General><Token>undefined</Token></General><Data></Data></Request>"}
[2019-09-09 16:27:03] 200 - OK - application/json
[2019-09-09 16:27:05] 200 - OK - application/json
[2019-09-09 16:27:06] 200 - OK - application/json
[2019-09-09 16:27:07] REQUEST POST - https://localhost:8082/public/ws/Config.asmx/All_Get
[2019-09-09 16:27:07] ---- FROM  ::1 (WinNT)
[2019-09-09 16:27:07] ---- BROWSER:  Chrome 76.0 (Mozilla/5.0 (Windows NT 10.0; Win64; x64) AppleWebKit/537.36 (KHTML, like Gecko) Chrome/76.0.3809.132 Safari/537.36)
[2019-09-09 16:27:07] ---- CONTENT: {data : "<?xml version='1.0' encoding='utf-8' ?><Request ID='20190909162706513'><General><Token>undefined</Token></General><Data></Data></Request>"}
[2019-09-09 16:27:09] 200 - OK - application/json
