[2019-11-18 14:14:47] REQUEST POST - https://localhost:8082/public/aspx/Home.aspx
[2019-11-18 14:14:47] ---- FROM  ::1 (WinNT)
[2019-11-18 14:14:47] ---- BROWSER:  Chrome 78.0 (Mozilla/5.0 (Windows NT 10.0; Win64; x64) AppleWebKit/537.36 (KHTML, like Gecko) Chrome/78.0.3904.97 Safari/537.36)
[2019-11-18 14:14:47] ---- CONTENT: Token%3D61111131252223224013000011333653%26TokenApiRest%3DeyJ0eXAiOiJKV1QiLCJhbGciOiJIUzI1NiJ9.eyJpc3MiOiJodHRwczpcL1wvd3d3cy5kZXYteWVhcC5pdCIsImlhdCI6MTU0MjI5NDMyMSwibmJmIjoxNTQyMjk0MzIxLCJleHAiOjE1NDI4OTkxMjEsImRhdGEiOnsidXNlciI6eyJpZCI6IjQ0In19fQ.RCP5OeoGASxAyBw1MbMD4BFJAcDM5JIXqYXKBALZcJI%26Logo%3Dhttps%3A%2F%2Flocalhost%3A8082%2Fscratch%2Fpl_logo.png%26Title%3DBusiness+Plan+Test+nr.+2=
[2019-11-18 14:14:52] 302 - Found - text/html
[2019-11-18 14:14:52] REQUEST GET - https://localhost:8082/home/welcome
[2019-11-18 14:14:52] ---- FROM  ::1 (WinNT)
[2019-11-18 14:14:52] ---- BROWSER:  Chrome 78.0 (Mozilla/5.0 (Windows NT 10.0; Win64; x64) AppleWebKit/537.36 (KHTML, like Gecko) Chrome/78.0.3904.97 Safari/537.36)
[2019-11-18 14:14:53] 200 - OK - text/html
[2019-11-18 14:14:54] REQUEST POST - https://localhost:8082/public/ws/General.asmx/Set
[2019-11-18 14:14:54] ---- FROM  ::1 (WinNT)
[2019-11-18 14:14:54] ---- BROWSER:  Chrome 78.0 (Mozilla/5.0 (Windows NT 10.0; Win64; x64) AppleWebKit/537.36 (KHTML, like Gecko) Chrome/78.0.3904.97 Safari/537.36)
[2019-11-18 14:14:54] ---- CONTENT: {data : "<?xml version='1.0' encoding='utf-8' ?><Request ID='20191118141454553'><General><Token>61111131252223224013000011333653</Token></General><Data><Nome>Business Plan Test nr. 2</Nome><Logo>https%3A%2F%2Flocalhost%3A8082%2Fscratch%2Fpl_logo.png</Logo></Data></Request>"}
[2019-11-18 14:14:55] 200 - OK - application/json
[2019-11-18 14:14:55] REQUEST POST - https://localhost:8082/public/ws/Config.asmx/Economics_Get
[2019-11-18 14:14:55] ---- FROM  ::1 (WinNT)
[2019-11-18 14:14:55] ---- BROWSER:  Chrome 78.0 (Mozilla/5.0 (Windows NT 10.0; Win64; x64) AppleWebKit/537.36 (KHTML, like Gecko) Chrome/78.0.3904.97 Safari/537.36)
[2019-11-18 14:14:55] ---- CONTENT: {data : "<?xml version='1.0' encoding='utf-8' ?><Request ID='20191118141455241'><General><Token>61111131252223224013000011333653</Token></General><Data></Data></Request>"}
[2019-11-18 14:14:55] 200 - OK - application/json
[2019-11-18 14:14:55] REQUEST POST - https://localhost:8082/public/ws/Config.asmx/All_Get
[2019-11-18 14:14:55] ---- FROM  ::1 (WinNT)
[2019-11-18 14:14:55] ---- BROWSER:  Chrome 78.0 (Mozilla/5.0 (Windows NT 10.0; Win64; x64) AppleWebKit/537.36 (KHTML, like Gecko) Chrome/78.0.3904.97 Safari/537.36)
[2019-11-18 14:14:55] ---- CONTENT: {data : "<?xml version='1.0' encoding='utf-8' ?><Request ID='20191118141455547'><General><Token>61111131252223224013000011333653</Token></General><Data></Data></Request>"}
[2019-11-18 14:14:55] REQUEST POST - https://localhost:8082/public/ws/Config.asmx/All_Get
[2019-11-18 14:14:55] ---- FROM  ::1 (WinNT)
[2019-11-18 14:14:55] ---- BROWSER:  Chrome 78.0 (Mozilla/5.0 (Windows NT 10.0; Win64; x64) AppleWebKit/537.36 (KHTML, like Gecko) Chrome/78.0.3904.97 Safari/537.36)
[2019-11-18 14:14:55] ---- CONTENT: {data : "<?xml version='1.0' encoding='utf-8' ?><Request ID='20191118141455566'><General><Token>61111131252223224013000011333653</Token></General><Data></Data></Request>"}
[2019-11-18 14:14:55] REQUEST POST - https://localhost:8082/public/ws/Economics.asmx/messaggi_summary
[2019-11-18 14:14:55] ---- FROM  ::1 (WinNT)
[2019-11-18 14:14:55] ---- BROWSER:  Chrome 78.0 (Mozilla/5.0 (Windows NT 10.0; Win64; x64) AppleWebKit/537.36 (KHTML, like Gecko) Chrome/78.0.3904.97 Safari/537.36)
[2019-11-18 14:14:55] ---- CONTENT: {data : "<?xml version='1.0' encoding='utf-8' ?><Request ID='20191118141455621'><General><Token>61111131252223224013000011333653</Token></General><Data></Data></Request>"}
[2019-11-18 14:14:55] 200 - OK - application/json
[2019-11-18 14:14:55] REQUEST POST - https://localhost:8082/public/ws/Config.asmx/All_Get
[2019-11-18 14:14:55] ---- FROM  ::1 (WinNT)
[2019-11-18 14:14:55] ---- BROWSER:  Chrome 78.0 (Mozilla/5.0 (Windows NT 10.0; Win64; x64) AppleWebKit/537.36 (KHTML, like Gecko) Chrome/78.0.3904.97 Safari/537.36)
[2019-11-18 14:14:55] ---- CONTENT: {data : "<?xml version='1.0' encoding='utf-8' ?><Request ID='20191118141455835'><General><Token>61111131252223224013000011333653</Token></General><Data></Data></Request>"}
[2019-11-18 14:14:55] 200 - OK - application/json
[2019-11-18 14:14:55] 200 - OK - application/json
[2019-11-18 14:14:55] 200 - OK - application/json
[2019-11-18 14:15:02] REQUEST GET - https://localhost:8082/economics/finanziarie
[2019-11-18 14:15:02] ---- FROM  ::1 (WinNT)
[2019-11-18 14:15:02] ---- BROWSER:  Chrome 78.0 (Mozilla/5.0 (Windows NT 10.0; Win64; x64) AppleWebKit/537.36 (KHTML, like Gecko) Chrome/78.0.3904.97 Safari/537.36)
[2019-11-18 14:15:02] 200 - OK - text/html
[2019-11-18 14:15:03] REQUEST POST - https://localhost:8082/public/ws/Capex.asmx/Imm_Finanziarie_Get
[2019-11-18 14:15:03] ---- FROM  ::1 (WinNT)
[2019-11-18 14:15:03] ---- BROWSER:  Chrome 78.0 (Mozilla/5.0 (Windows NT 10.0; Win64; x64) AppleWebKit/537.36 (KHTML, like Gecko) Chrome/78.0.3904.97 Safari/537.36)
[2019-11-18 14:15:03] ---- CONTENT: {data : "<?xml version='1.0' encoding='utf-8' ?><Request ID='20191118141503260'><General><Token>61111131252223224013000011333653</Token></General><Data></Data></Request>"}
[2019-11-18 14:15:04] 200 - OK - application/json
[2019-11-18 14:15:04] REQUEST POST - https://localhost:8082/public/ws/Config.asmx/All_Get
[2019-11-18 14:15:04] ---- FROM  ::1 (WinNT)
[2019-11-18 14:15:04] ---- BROWSER:  Chrome 78.0 (Mozilla/5.0 (Windows NT 10.0; Win64; x64) AppleWebKit/537.36 (KHTML, like Gecko) Chrome/78.0.3904.97 Safari/537.36)
[2019-11-18 14:15:04] ---- CONTENT: {data : "<?xml version='1.0' encoding='utf-8' ?><Request ID='20191118141504672'><General><Token>61111131252223224013000011333653</Token></General><Data></Data></Request>"}
[2019-11-18 14:15:04] 200 - OK - application/json
[2019-11-18 14:15:04] REQUEST POST - https://localhost:8082/public/ws/Economics.asmx/messaggi_summary
[2019-11-18 14:15:04] ---- FROM  ::1 (WinNT)
[2019-11-18 14:15:04] ---- BROWSER:  Chrome 78.0 (Mozilla/5.0 (Windows NT 10.0; Win64; x64) AppleWebKit/537.36 (KHTML, like Gecko) Chrome/78.0.3904.97 Safari/537.36)
[2019-11-18 14:15:04] ---- CONTENT: {data : "<?xml version='1.0' encoding='utf-8' ?><Request ID='20191118141504697'><General><Token>61111131252223224013000011333653</Token></General><Data></Data></Request>"}
[2019-11-18 14:15:04] 200 - OK - application/json
[2019-11-18 14:15:04] REQUEST GET - https://localhost:8082/public/ws/Resources.ashx/xml-economics/61111131252223224013000011333653
[2019-11-18 14:15:04] ---- FROM  ::1 (WinNT)
[2019-11-18 14:15:04] ---- BROWSER:  Chrome 78.0 (Mozilla/5.0 (Windows NT 10.0; Win64; x64) AppleWebKit/537.36 (KHTML, like Gecko) Chrome/78.0.3904.97 Safari/537.36)
[2019-11-18 14:15:04] REQUEST POST - https://localhost:8082/public/ws/Config.asmx/All_Get
[2019-11-18 14:15:04] ---- FROM  ::1 (WinNT)
[2019-11-18 14:15:04] 200 - OK - text/xml
[2019-11-18 14:15:04] ---- BROWSER:  Chrome 78.0 (Mozilla/5.0 (Windows NT 10.0; Win64; x64) AppleWebKit/537.36 (KHTML, like Gecko) Chrome/78.0.3904.97 Safari/537.36)
[2019-11-18 14:15:04] ---- CONTENT: {data : "<?xml version='1.0' encoding='utf-8' ?><Request ID='20191118141504746'><General><Token>61111131252223224013000011333653</Token></General><Data></Data></Request>"}
[2019-11-18 14:15:04] 200 - OK - application/json
[2019-11-18 14:15:05] REQUEST POST - https://localhost:8082/public/ws/Config.asmx/All_Get
[2019-11-18 14:15:05] ---- FROM  ::1 (WinNT)
[2019-11-18 14:15:05] ---- BROWSER:  Chrome 78.0 (Mozilla/5.0 (Windows NT 10.0; Win64; x64) AppleWebKit/537.36 (KHTML, like Gecko) Chrome/78.0.3904.97 Safari/537.36)
[2019-11-18 14:15:05] ---- CONTENT: {data : "<?xml version='1.0' encoding='utf-8' ?><Request ID='20191118141505571'><General><Token>61111131252223224013000011333653</Token></General><Data></Data></Request>"}
[2019-11-18 14:15:05] 200 - OK - application/json
[2019-11-18 14:15:55] REQUEST GET - https://localhost:8082/settings/settings
[2019-11-18 14:15:55] ---- FROM  ::1 (WinNT)
[2019-11-18 14:15:55] ---- BROWSER:  Chrome 78.0 (Mozilla/5.0 (Windows NT 10.0; Win64; x64) AppleWebKit/537.36 (KHTML, like Gecko) Chrome/78.0.3904.97 Safari/537.36)
[2019-11-18 14:15:55] 200 - OK - text/html
[2019-11-18 14:15:56] REQUEST POST - https://localhost:8082/public/ws/Config.asmx/General_Get
[2019-11-18 14:15:56] ---- FROM  ::1 (WinNT)
[2019-11-18 14:15:56] ---- BROWSER:  Chrome 78.0 (Mozilla/5.0 (Windows NT 10.0; Win64; x64) AppleWebKit/537.36 (KHTML, like Gecko) Chrome/78.0.3904.97 Safari/537.36)
[2019-11-18 14:15:56] ---- CONTENT: {data : "<?xml version='1.0' encoding='utf-8' ?><Request ID='2019111814155677'><General><Token>61111131252223224013000011333653</Token></General><Data></Data></Request>"}
[2019-11-18 14:15:56] 200 - OK - application/json
[2019-11-18 14:15:56] REQUEST POST - https://localhost:8082/public/ws/Config.asmx/All_Get
[2019-11-18 14:15:56] ---- FROM  ::1 (WinNT)
[2019-11-18 14:15:56] ---- BROWSER:  Chrome 78.0 (Mozilla/5.0 (Windows NT 10.0; Win64; x64) AppleWebKit/537.36 (KHTML, like Gecko) Chrome/78.0.3904.97 Safari/537.36)
[2019-11-18 14:15:56] ---- CONTENT: {data : "<?xml version='1.0' encoding='utf-8' ?><Request ID='20191118141556183'><General><Token>61111131252223224013000011333653</Token></General><Data></Data></Request>"}
[2019-11-18 14:15:56] 200 - OK - application/json
[2019-11-18 14:15:56] REQUEST POST - https://localhost:8082/public/ws/Config.asmx/All_Get
[2019-11-18 14:15:56] ---- FROM  ::1 (WinNT)
[2019-11-18 14:15:56] ---- BROWSER:  Chrome 78.0 (Mozilla/5.0 (Windows NT 10.0; Win64; x64) AppleWebKit/537.36 (KHTML, like Gecko) Chrome/78.0.3904.97 Safari/537.36)
[2019-11-18 14:15:56] ---- CONTENT: {data : "<?xml version='1.0' encoding='utf-8' ?><Request ID='20191118141556323'><General><Token>61111131252223224013000011333653</Token></General><Data></Data></Request>"}
[2019-11-18 14:15:56] 200 - OK - application/json
[2019-11-18 14:15:56] REQUEST GET - https://localhost:8082/public/ws/Resources.ashx/xml-general
[2019-11-18 14:15:56] ---- FROM  ::1 (WinNT)
[2019-11-18 14:15:56] ---- BROWSER:  Chrome 78.0 (Mozilla/5.0 (Windows NT 10.0; Win64; x64) AppleWebKit/537.36 (KHTML, like Gecko) Chrome/78.0.3904.97 Safari/537.36)
[2019-11-18 14:15:56] 200 - OK - text/xml
[2019-11-18 14:15:56] REQUEST GET - https://localhost:8082/public/ws/Resources.ashx/xml-general
[2019-11-18 14:15:56] ---- FROM  ::1 (WinNT)
[2019-11-18 14:15:56] ---- BROWSER:  Chrome 78.0 (Mozilla/5.0 (Windows NT 10.0; Win64; x64) AppleWebKit/537.36 (KHTML, like Gecko) Chrome/78.0.3904.97 Safari/537.36)
[2019-11-18 14:15:56] 200 - OK - text/xml
[2019-11-18 14:15:56] REQUEST POST - https://localhost:8082/public/ws/Economics.asmx/messaggi_summary
[2019-11-18 14:15:56] ---- FROM  ::1 (WinNT)
[2019-11-18 14:15:56] ---- BROWSER:  Chrome 78.0 (Mozilla/5.0 (Windows NT 10.0; Win64; x64) AppleWebKit/537.36 (KHTML, like Gecko) Chrome/78.0.3904.97 Safari/537.36)
[2019-11-18 14:15:56] ---- CONTENT: {data : "<?xml version='1.0' encoding='utf-8' ?><Request ID='20191118141556481'><General><Token>61111131252223224013000011333653</Token></General><Data></Data></Request>"}
[2019-11-18 14:15:56] 200 - OK - application/json
[2019-11-18 14:15:56] REQUEST POST - https://localhost:8082/public/ws/Config.asmx/All_Get
[2019-11-18 14:15:56] ---- FROM  ::1 (WinNT)
[2019-11-18 14:15:56] ---- BROWSER:  Chrome 78.0 (Mozilla/5.0 (Windows NT 10.0; Win64; x64) AppleWebKit/537.36 (KHTML, like Gecko) Chrome/78.0.3904.97 Safari/537.36)
[2019-11-18 14:15:56] ---- CONTENT: {data : "<?xml version='1.0' encoding='utf-8' ?><Request ID='20191118141556518'><General><Token>61111131252223224013000011333653</Token></General><Data></Data></Request>"}
[2019-11-18 14:15:56] 200 - OK - application/json
[2019-11-18 14:15:58] REQUEST POST - https://localhost:8082/public/aspx/Home.aspx
[2019-11-18 14:15:58] ---- FROM  ::1 (WinNT)
[2019-11-18 14:15:58] ---- BROWSER:  Chrome 78.0 (Mozilla/5.0 (Windows NT 10.0; Win64; x64) AppleWebKit/537.36 (KHTML, like Gecko) Chrome/78.0.3904.97 Safari/537.36)
[2019-11-18 14:15:58] ---- CONTENT: Token%3D61111131252223224013000011333653%26TokenApiRest%3DeyJ0eXAiOiJKV1QiLCJhbGciOiJIUzI1NiJ9.eyJpc3MiOiJodHRwczpcL1wvd3d3cy5kZXYteWVhcC5pdCIsImlhdCI6MTU0MjI5NDMyMSwibmJmIjoxNTQyMjk0MzIxLCJleHAiOjE1NDI4OTkxMjEsImRhdGEiOnsidXNlciI6eyJpZCI6IjQ0In19fQ.RCP5OeoGASxAyBw1MbMD4BFJAcDM5JIXqYXKBALZcJI%26Logo%3Dhttps%3A%2F%2Flocalhost%3A8082%2Fscratch%2Fpl_logo.png%26Title%3DBusiness+Plan+Test+nr.+2=
[2019-11-18 14:15:58] 302 - Found - text/html
[2019-11-18 14:15:58] REQUEST GET - https://localhost:8082/home/welcome
[2019-11-18 14:15:58] ---- FROM  ::1 (WinNT)
[2019-11-18 14:15:58] ---- BROWSER:  Chrome 78.0 (Mozilla/5.0 (Windows NT 10.0; Win64; x64) AppleWebKit/537.36 (KHTML, like Gecko) Chrome/78.0.3904.97 Safari/537.36)
[2019-11-18 14:15:58] 200 - OK - text/html
[2019-11-18 14:15:58] REQUEST POST - https://localhost:8082/public/ws/General.asmx/Set
[2019-11-18 14:15:58] ---- FROM  ::1 (WinNT)
[2019-11-18 14:15:58] ---- BROWSER:  Chrome 78.0 (Mozilla/5.0 (Windows NT 10.0; Win64; x64) AppleWebKit/537.36 (KHTML, like Gecko) Chrome/78.0.3904.97 Safari/537.36)
[2019-11-18 14:15:58] ---- CONTENT: {data : "<?xml version='1.0' encoding='utf-8' ?><Request ID='20191118141558642'><General><Token>61111131252223224013000011333653</Token></General><Data><Nome>Business Plan Test nr. 2</Nome><Logo>https%3A%2F%2Flocalhost%3A8082%2Fscratch%2Fpl_logo.png</Logo></Data></Request>"}
[2019-11-18 14:15:58] 200 - OK - application/json
[2019-11-18 14:15:58] REQUEST POST - https://localhost:8082/public/ws/Config.asmx/Economics_Get
[2019-11-18 14:15:58] ---- FROM  ::1 (WinNT)
[2019-11-18 14:15:58] ---- BROWSER:  Chrome 78.0 (Mozilla/5.0 (Windows NT 10.0; Win64; x64) AppleWebKit/537.36 (KHTML, like Gecko) Chrome/78.0.3904.97 Safari/537.36)
[2019-11-18 14:15:58] ---- CONTENT: {data : "<?xml version='1.0' encoding='utf-8' ?><Request ID='20191118141558673'><General><Token>61111131252223224013000011333653</Token></General><Data></Data></Request>"}
[2019-11-18 14:15:58] 200 - OK - application/json
[2019-11-18 14:15:58] REQUEST POST - https://localhost:8082/public/ws/Config.asmx/All_Get
[2019-11-18 14:15:58] ---- FROM  ::1 (WinNT)
[2019-11-18 14:15:58] ---- BROWSER:  Chrome 78.0 (Mozilla/5.0 (Windows NT 10.0; Win64; x64) AppleWebKit/537.36 (KHTML, like Gecko) Chrome/78.0.3904.97 Safari/537.36)
[2019-11-18 14:15:58] ---- CONTENT: {data : "<?xml version='1.0' encoding='utf-8' ?><Request ID='20191118141558714'><General><Token>61111131252223224013000011333653</Token></General><Data></Data></Request>"}
[2019-11-18 14:15:58] 200 - OK - application/json
[2019-11-18 14:15:58] REQUEST POST - https://localhost:8082/public/ws/Economics.asmx/messaggi_summary
[2019-11-18 14:15:58] ---- FROM  ::1 (WinNT)
[2019-11-18 14:15:58] ---- BROWSER:  Chrome 78.0 (Mozilla/5.0 (Windows NT 10.0; Win64; x64) AppleWebKit/537.36 (KHTML, like Gecko) Chrome/78.0.3904.97 Safari/537.36)
[2019-11-18 14:15:58] ---- CONTENT: {data : "<?xml version='1.0' encoding='utf-8' ?><Request ID='20191118141558734'><General><Token>61111131252223224013000011333653</Token></General><Data></Data></Request>"}
[2019-11-18 14:15:58] 200 - OK - application/json
[2019-11-18 14:15:58] REQUEST POST - https://localhost:8082/public/ws/Config.asmx/All_Get
[2019-11-18 14:15:58] ---- FROM  ::1 (WinNT)
[2019-11-18 14:15:58] ---- BROWSER:  Chrome 78.0 (Mozilla/5.0 (Windows NT 10.0; Win64; x64) AppleWebKit/537.36 (KHTML, like Gecko) Chrome/78.0.3904.97 Safari/537.36)
[2019-11-18 14:15:58] ---- CONTENT: {data : "<?xml version='1.0' encoding='utf-8' ?><Request ID='20191118141558787'><General><Token>61111131252223224013000011333653</Token></General><Data></Data></Request>"}
[2019-11-18 14:15:58] 200 - OK - application/json
[2019-11-18 14:15:58] REQUEST POST - https://localhost:8082/public/ws/Config.asmx/All_Get
[2019-11-18 14:15:58] ---- FROM  ::1 (WinNT)
[2019-11-18 14:15:58] ---- BROWSER:  Chrome 78.0 (Mozilla/5.0 (Windows NT 10.0; Win64; x64) AppleWebKit/537.36 (KHTML, like Gecko) Chrome/78.0.3904.97 Safari/537.36)
[2019-11-18 14:15:58] ---- CONTENT: {data : "<?xml version='1.0' encoding='utf-8' ?><Request ID='20191118141558887'><General><Token>61111131252223224013000011333653</Token></General><Data></Data></Request>"}
[2019-11-18 14:15:58] 200 - OK - application/json
[2019-11-18 14:16:03] REQUEST GET - https://localhost:8082/economics/materiali
[2019-11-18 14:16:03] ---- FROM  ::1 (WinNT)
[2019-11-18 14:16:03] ---- BROWSER:  Chrome 78.0 (Mozilla/5.0 (Windows NT 10.0; Win64; x64) AppleWebKit/537.36 (KHTML, like Gecko) Chrome/78.0.3904.97 Safari/537.36)
[2019-11-18 14:16:03] 200 - OK - text/html
[2019-11-18 14:16:03] REQUEST POST - https://localhost:8082/public/ws/Capex.asmx/Imm_Materiali_Get
[2019-11-18 14:16:03] ---- FROM  ::1 (WinNT)
[2019-11-18 14:16:03] ---- BROWSER:  Chrome 78.0 (Mozilla/5.0 (Windows NT 10.0; Win64; x64) AppleWebKit/537.36 (KHTML, like Gecko) Chrome/78.0.3904.97 Safari/537.36)
[2019-11-18 14:16:03] ---- CONTENT: {data : "<?xml version='1.0' encoding='utf-8' ?><Request ID='20191118141603697'><General><Token>61111131252223224013000011333653</Token></General><Data></Data></Request>"}
[2019-11-18 14:16:04] 200 - OK - application/json
[2019-11-18 14:16:04] REQUEST POST - https://localhost:8082/public/ws/Config.asmx/All_Get
[2019-11-18 14:16:04] ---- FROM  ::1 (WinNT)
[2019-11-18 14:16:04] ---- BROWSER:  Chrome 78.0 (Mozilla/5.0 (Windows NT 10.0; Win64; x64) AppleWebKit/537.36 (KHTML, like Gecko) Chrome/78.0.3904.97 Safari/537.36)
[2019-11-18 14:16:04] ---- CONTENT: {data : "<?xml version='1.0' encoding='utf-8' ?><Request ID='20191118141604901'><General><Token>61111131252223224013000011333653</Token></General><Data></Data></Request>"}
[2019-11-18 14:16:04] 200 - OK - application/json
[2019-11-18 14:16:05] REQUEST POST - https://localhost:8082/public/ws/Economics.asmx/messaggi_summary
[2019-11-18 14:16:05] ---- FROM  ::1 (WinNT)
[2019-11-18 14:16:05] ---- BROWSER:  Chrome 78.0 (Mozilla/5.0 (Windows NT 10.0; Win64; x64) AppleWebKit/537.36 (KHTML, like Gecko) Chrome/78.0.3904.97 Safari/537.36)
[2019-11-18 14:16:05] ---- CONTENT: {data : "<?xml version='1.0' encoding='utf-8' ?><Request ID='2019111814160511'><General><Token>61111131252223224013000011333653</Token></General><Data></Data></Request>"}
[2019-11-18 14:16:05] 200 - OK - application/json
[2019-11-18 14:16:05] REQUEST GET - https://localhost:8082/public/ws/Resources.ashx/xml-economics/61111131252223224013000011333653
[2019-11-18 14:16:05] ---- FROM  ::1 (WinNT)
[2019-11-18 14:16:05] ---- BROWSER:  Chrome 78.0 (Mozilla/5.0 (Windows NT 10.0; Win64; x64) AppleWebKit/537.36 (KHTML, like Gecko) Chrome/78.0.3904.97 Safari/537.36)
[2019-11-18 14:16:05] REQUEST POST - https://localhost:8082/public/ws/Config.asmx/All_Get
[2019-11-18 14:16:05] ---- FROM  ::1 (WinNT)
[2019-11-18 14:16:05] ---- BROWSER:  Chrome 78.0 (Mozilla/5.0 (Windows NT 10.0; Win64; x64) AppleWebKit/537.36 (KHTML, like Gecko) Chrome/78.0.3904.97 Safari/537.36)
[2019-11-18 14:16:05] ---- CONTENT: {data : "<?xml version='1.0' encoding='utf-8' ?><Request ID='2019111814160546'><General><Token>61111131252223224013000011333653</Token></General><Data></Data></Request>"}
[2019-11-18 14:16:05] 200 - OK - application/json
[2019-11-18 14:16:05] 200 - OK - text/xml
[2019-11-18 14:16:06] REQUEST POST - https://localhost:8082/public/ws/Config.asmx/All_Get
[2019-11-18 14:16:06] ---- FROM  ::1 (WinNT)
[2019-11-18 14:16:06] ---- BROWSER:  Chrome 78.0 (Mozilla/5.0 (Windows NT 10.0; Win64; x64) AppleWebKit/537.36 (KHTML, like Gecko) Chrome/78.0.3904.97 Safari/537.36)
[2019-11-18 14:16:06] ---- CONTENT: {data : "<?xml version='1.0' encoding='utf-8' ?><Request ID='20191118141606377'><General><Token>61111131252223224013000011333653</Token></General><Data></Data></Request>"}
[2019-11-18 14:16:06] 200 - OK - application/json
[2019-11-18 14:16:30] REQUEST POST - https://localhost:8082/public/aspx/Home.aspx
[2019-11-18 14:16:30] ---- FROM  ::1 (WinNT)
[2019-11-18 14:16:30] ---- BROWSER:  Chrome 78.0 (Mozilla/5.0 (Windows NT 10.0; Win64; x64) AppleWebKit/537.36 (KHTML, like Gecko) Chrome/78.0.3904.97 Safari/537.36)
[2019-11-18 14:16:30] ---- CONTENT: Token%3D61111131252223224013000011333653%26TokenApiRest%3DeyJ0eXAiOiJKV1QiLCJhbGciOiJIUzI1NiJ9.eyJpc3MiOiJodHRwczpcL1wvd3d3cy5kZXYteWVhcC5pdCIsImlhdCI6MTU0MjI5NDMyMSwibmJmIjoxNTQyMjk0MzIxLCJleHAiOjE1NDI4OTkxMjEsImRhdGEiOnsidXNlciI6eyJpZCI6IjQ0In19fQ.RCP5OeoGASxAyBw1MbMD4BFJAcDM5JIXqYXKBALZcJI%26Logo%3Dhttps%3A%2F%2Flocalhost%3A8082%2Fscratch%2Fpl_logo.png%26Title%3DBusiness+Plan+Test+nr.+2=
[2019-11-18 14:16:30] 302 - Found - text/html
[2019-11-18 14:16:30] REQUEST GET - https://localhost:8082/home/welcome
[2019-11-18 14:16:30] ---- FROM  ::1 (WinNT)
[2019-11-18 14:16:30] ---- BROWSER:  Chrome 78.0 (Mozilla/5.0 (Windows NT 10.0; Win64; x64) AppleWebKit/537.36 (KHTML, like Gecko) Chrome/78.0.3904.97 Safari/537.36)
[2019-11-18 14:16:30] 200 - OK - text/html
[2019-11-18 14:16:31] REQUEST POST - https://localhost:8082/public/ws/General.asmx/Set
[2019-11-18 14:16:31] ---- FROM  ::1 (WinNT)
[2019-11-18 14:16:31] ---- BROWSER:  Chrome 78.0 (Mozilla/5.0 (Windows NT 10.0; Win64; x64) AppleWebKit/537.36 (KHTML, like Gecko) Chrome/78.0.3904.97 Safari/537.36)
[2019-11-18 14:16:31] ---- CONTENT: {data : "<?xml version='1.0' encoding='utf-8' ?><Request ID='20191118141631141'><General><Token>61111131252223224013000011333653</Token></General><Data><Nome>Business Plan Test nr. 2</Nome><Logo>https%3A%2F%2Flocalhost%3A8082%2Fscratch%2Fpl_logo.png</Logo></Data></Request>"}
[2019-11-18 14:16:31] 200 - OK - application/json
[2019-11-18 14:16:31] REQUEST POST - https://localhost:8082/public/ws/Config.asmx/Economics_Get
[2019-11-18 14:16:31] ---- FROM  ::1 (WinNT)
[2019-11-18 14:16:31] ---- BROWSER:  Chrome 78.0 (Mozilla/5.0 (Windows NT 10.0; Win64; x64) AppleWebKit/537.36 (KHTML, like Gecko) Chrome/78.0.3904.97 Safari/537.36)
[2019-11-18 14:16:31] ---- CONTENT: {data : "<?xml version='1.0' encoding='utf-8' ?><Request ID='20191118141631163'><General><Token>61111131252223224013000011333653</Token></General><Data></Data></Request>"}
[2019-11-18 14:16:31] 200 - OK - application/json
[2019-11-18 14:16:31] REQUEST POST - https://localhost:8082/public/ws/Config.asmx/All_Get
[2019-11-18 14:16:31] ---- FROM  ::1 (WinNT)
[2019-11-18 14:16:31] ---- BROWSER:  Chrome 78.0 (Mozilla/5.0 (Windows NT 10.0; Win64; x64) AppleWebKit/537.36 (KHTML, like Gecko) Chrome/78.0.3904.97 Safari/537.36)
[2019-11-18 14:16:31] ---- CONTENT: {data : "<?xml version='1.0' encoding='utf-8' ?><Request ID='20191118141631207'><General><Token>61111131252223224013000011333653</Token></General><Data></Data></Request>"}
[2019-11-18 14:16:31] 200 - OK - application/json
[2019-11-18 14:16:31] REQUEST POST - https://localhost:8082/public/ws/Economics.asmx/messaggi_summary
[2019-11-18 14:16:31] ---- FROM  ::1 (WinNT)
[2019-11-18 14:16:31] ---- BROWSER:  Chrome 78.0 (Mozilla/5.0 (Windows NT 10.0; Win64; x64) AppleWebKit/537.36 (KHTML, like Gecko) Chrome/78.0.3904.97 Safari/537.36)
[2019-11-18 14:16:31] ---- CONTENT: {data : "<?xml version='1.0' encoding='utf-8' ?><Request ID='20191118141631237'><General><Token>61111131252223224013000011333653</Token></General><Data></Data></Request>"}
[2019-11-18 14:16:31] 200 - OK - application/json
[2019-11-18 14:16:31] REQUEST POST - https://localhost:8082/public/ws/Config.asmx/All_Get
[2019-11-18 14:16:31] ---- FROM  ::1 (WinNT)
[2019-11-18 14:16:31] ---- BROWSER:  Chrome 78.0 (Mozilla/5.0 (Windows NT 10.0; Win64; x64) AppleWebKit/537.36 (KHTML, like Gecko) Chrome/78.0.3904.97 Safari/537.36)
[2019-11-18 14:16:31] ---- CONTENT: {data : "<?xml version='1.0' encoding='utf-8' ?><Request ID='20191118141631283'><General><Token>61111131252223224013000011333653</Token></General><Data></Data></Request>"}
[2019-11-18 14:16:31] 200 - OK - application/json
[2019-11-18 14:16:31] REQUEST POST - https://localhost:8082/public/ws/Config.asmx/All_Get
[2019-11-18 14:16:31] ---- FROM  ::1 (WinNT)
[2019-11-18 14:16:31] ---- BROWSER:  Chrome 78.0 (Mozilla/5.0 (Windows NT 10.0; Win64; x64) AppleWebKit/537.36 (KHTML, like Gecko) Chrome/78.0.3904.97 Safari/537.36)
[2019-11-18 14:16:31] ---- CONTENT: {data : "<?xml version='1.0' encoding='utf-8' ?><Request ID='20191118141631339'><General><Token>61111131252223224013000011333653</Token></General><Data></Data></Request>"}
[2019-11-18 14:16:31] 200 - OK - application/json
[2019-11-18 14:16:36] REQUEST GET - https://localhost:8082/economics/immateriali
[2019-11-18 14:16:36] ---- FROM  ::1 (WinNT)
[2019-11-18 14:16:36] ---- BROWSER:  Chrome 78.0 (Mozilla/5.0 (Windows NT 10.0; Win64; x64) AppleWebKit/537.36 (KHTML, like Gecko) Chrome/78.0.3904.97 Safari/537.36)
[2019-11-18 14:16:36] 200 - OK - text/html
[2019-11-18 14:16:37] REQUEST POST - https://localhost:8082/public/ws/Capex.asmx/Imm_Immateriali_Get
[2019-11-18 14:16:37] ---- FROM  ::1 (WinNT)
[2019-11-18 14:16:37] ---- BROWSER:  Chrome 78.0 (Mozilla/5.0 (Windows NT 10.0; Win64; x64) AppleWebKit/537.36 (KHTML, like Gecko) Chrome/78.0.3904.97 Safari/537.36)
[2019-11-18 14:16:37] ---- CONTENT: {data : "<?xml version='1.0' encoding='utf-8' ?><Request ID='201911181416378'><General><Token>61111131252223224013000011333653</Token></General><Data></Data></Request>"}
[2019-11-18 14:16:38] 200 - OK - application/json
[2019-11-18 14:16:38] REQUEST POST - https://localhost:8082/public/ws/Config.asmx/All_Get
[2019-11-18 14:16:38] ---- FROM  ::1 (WinNT)
[2019-11-18 14:16:38] ---- BROWSER:  Chrome 78.0 (Mozilla/5.0 (Windows NT 10.0; Win64; x64) AppleWebKit/537.36 (KHTML, like Gecko) Chrome/78.0.3904.97 Safari/537.36)
[2019-11-18 14:16:38] ---- CONTENT: {data : "<?xml version='1.0' encoding='utf-8' ?><Request ID='20191118141638180'><General><Token>61111131252223224013000011333653</Token></General><Data></Data></Request>"}
[2019-11-18 14:16:38] 200 - OK - application/json
[2019-11-18 14:16:38] REQUEST POST - https://localhost:8082/public/ws/Economics.asmx/messaggi_summary
[2019-11-18 14:16:38] ---- FROM  ::1 (WinNT)
[2019-11-18 14:16:38] ---- BROWSER:  Chrome 78.0 (Mozilla/5.0 (Windows NT 10.0; Win64; x64) AppleWebKit/537.36 (KHTML, like Gecko) Chrome/78.0.3904.97 Safari/537.36)
[2019-11-18 14:16:38] ---- CONTENT: {data : "<?xml version='1.0' encoding='utf-8' ?><Request ID='20191118141638211'><General><Token>61111131252223224013000011333653</Token></General><Data></Data></Request>"}
[2019-11-18 14:16:38] 200 - OK - application/json
[2019-11-18 14:16:38] REQUEST GET - https://localhost:8082/public/ws/Resources.ashx/xml-economics/61111131252223224013000011333653
[2019-11-18 14:16:38] ---- FROM  ::1 (WinNT)
[2019-11-18 14:16:38] ---- BROWSER:  Chrome 78.0 (Mozilla/5.0 (Windows NT 10.0; Win64; x64) AppleWebKit/537.36 (KHTML, like Gecko) Chrome/78.0.3904.97 Safari/537.36)
[2019-11-18 14:16:38] REQUEST POST - https://localhost:8082/public/ws/Config.asmx/All_Get
[2019-11-18 14:16:38] ---- FROM  ::1 (WinNT)
[2019-11-18 14:16:38] ---- BROWSER:  Chrome 78.0 (Mozilla/5.0 (Windows NT 10.0; Win64; x64) AppleWebKit/537.36 (KHTML, like Gecko) Chrome/78.0.3904.97 Safari/537.36)
[2019-11-18 14:16:38] ---- CONTENT: {data : "<?xml version='1.0' encoding='utf-8' ?><Request ID='20191118141638260'><General><Token>61111131252223224013000011333653</Token></General><Data></Data></Request>"}
[2019-11-18 14:16:38] 200 - OK - text/xml
[2019-11-18 14:16:38] 200 - OK - application/json
[2019-11-18 14:16:39] REQUEST POST - https://localhost:8082/public/ws/Config.asmx/All_Get
[2019-11-18 14:16:39] ---- FROM  ::1 (WinNT)
[2019-11-18 14:16:39] ---- BROWSER:  Chrome 78.0 (Mozilla/5.0 (Windows NT 10.0; Win64; x64) AppleWebKit/537.36 (KHTML, like Gecko) Chrome/78.0.3904.97 Safari/537.36)
[2019-11-18 14:16:39] ---- CONTENT: {data : "<?xml version='1.0' encoding='utf-8' ?><Request ID='20191118141639259'><General><Token>61111131252223224013000011333653</Token></General><Data></Data></Request>"}
[2019-11-18 14:16:39] 200 - OK - application/json
