[2019-08-20 13:03:39] REQUEST GET - https://localhost:8082/qa/qualitativa
[2019-08-20 13:03:39] ---- FROM  ::1 (WinNT)
[2019-08-20 13:03:39] ---- BROWSER:  Chrome 76.0 (Mozilla/5.0 (Windows NT 10.0; Win64; x64) AppleWebKit/537.36 (KHTML, like Gecko) Chrome/76.0.3809.100 Safari/537.36)
[2019-08-20 13:03:39] 302 - Found - text/html
[2019-08-20 13:03:39] REQUEST GET - https://localhost:8082/public/aspx/Home.aspx?ReturnUrl=%2fqa%2fqualitativa
[2019-08-20 13:03:39] ---- FROM  ::1 (WinNT)
[2019-08-20 13:03:39] ---- BROWSER:  Chrome 76.0 (Mozilla/5.0 (Windows NT 10.0; Win64; x64) AppleWebKit/537.36 (KHTML, like Gecko) Chrome/76.0.3809.100 Safari/537.36)
[2019-08-20 13:03:39] 200 - OK - text/html
[2019-08-20 13:03:41] REQUEST POST - https://localhost:8082/public/ws/Config.asmx/Economics_Get
[2019-08-20 13:03:41] ---- FROM  ::1 (WinNT)
[2019-08-20 13:03:41] ---- BROWSER:  Chrome 76.0 (Mozilla/5.0 (Windows NT 10.0; Win64; x64) AppleWebKit/537.36 (KHTML, like Gecko) Chrome/76.0.3809.100 Safari/537.36)
[2019-08-20 13:03:41] ---- CONTENT: {data : "<?xml version='1.0' encoding='utf-8' ?><Request ID='20190820130341962'><General><Token>61111131252223224013000011333653</Token></General><Data></Data></Request>"}
[2019-08-20 13:03:42] 200 - OK - application/json
[2019-08-20 13:03:42] REQUEST POST - https://localhost:8082/public/ws/Config.asmx/All_Get
[2019-08-20 13:03:42] ---- FROM  ::1 (WinNT)
[2019-08-20 13:03:42] ---- BROWSER:  Chrome 76.0 (Mozilla/5.0 (Windows NT 10.0; Win64; x64) AppleWebKit/537.36 (KHTML, like Gecko) Chrome/76.0.3809.100 Safari/537.36)
[2019-08-20 13:03:42] ---- CONTENT: {data : "<?xml version='1.0' encoding='utf-8' ?><Request ID='20190820130342208'><General><Token>61111131252223224013000011333653</Token></General><Data></Data></Request>"}
[2019-08-20 13:03:42] REQUEST POST - https://localhost:8082/public/ws/Economics.asmx/messaggi_summary
[2019-08-20 13:03:42] ---- FROM  ::1 (WinNT)
[2019-08-20 13:03:42] ---- BROWSER:  Chrome 76.0 (Mozilla/5.0 (Windows NT 10.0; Win64; x64) AppleWebKit/537.36 (KHTML, like Gecko) Chrome/76.0.3809.100 Safari/537.36)
[2019-08-20 13:03:42] ---- CONTENT: {data : "<?xml version='1.0' encoding='utf-8' ?><Request ID='20190820130342229'><General><Token>61111131252223224013000011333653</Token></General><Data></Data></Request>"}
[2019-08-20 13:03:42] 200 - OK - application/json
[2019-08-20 13:03:42] REQUEST POST - https://localhost:8082/public/ws/Config.asmx/All_Get
[2019-08-20 13:03:42] ---- FROM  ::1 (WinNT)
[2019-08-20 13:03:42] ---- BROWSER:  Chrome 76.0 (Mozilla/5.0 (Windows NT 10.0; Win64; x64) AppleWebKit/537.36 (KHTML, like Gecko) Chrome/76.0.3809.100 Safari/537.36)
[2019-08-20 13:03:42] ---- CONTENT: {data : "<?xml version='1.0' encoding='utf-8' ?><Request ID='20190820130342341'><General><Token>61111131252223224013000011333653</Token></General><Data></Data></Request>"}
[2019-08-20 13:03:42] 200 - OK - application/json
[2019-08-20 13:03:42] REQUEST POST - https://localhost:8082/public/ws/Config.asmx/All_Get
[2019-08-20 13:03:42] ---- FROM  ::1 (WinNT)
[2019-08-20 13:03:42] ---- BROWSER:  Chrome 76.0 (Mozilla/5.0 (Windows NT 10.0; Win64; x64) AppleWebKit/537.36 (KHTML, like Gecko) Chrome/76.0.3809.100 Safari/537.36)
[2019-08-20 13:03:42] ---- CONTENT: {data : "<?xml version='1.0' encoding='utf-8' ?><Request ID='20190820130342349'><General><Token>61111131252223224013000011333653</Token></General><Data></Data></Request>"}
[2019-08-20 13:03:42] 200 - OK - application/json
[2019-08-20 13:03:42] 200 - OK - application/json
[2019-08-20 13:06:13] REQUEST GET - https://localhost:8082/economics/costi-variabili
[2019-08-20 13:06:13] ---- FROM  ::1 (WinNT)
[2019-08-20 13:06:13] ---- BROWSER:  Chrome 76.0 (Mozilla/5.0 (Windows NT 10.0; Win64; x64) AppleWebKit/537.36 (KHTML, like Gecko) Chrome/76.0.3809.100 Safari/537.36)
[2019-08-20 13:06:13] 302 - Found - text/html
[2019-08-20 13:06:13] REQUEST GET - https://localhost:8082/public/aspx/Home.aspx?ReturnUrl=%2feconomics%2fcosti-variabili
[2019-08-20 13:06:13] ---- FROM  ::1 (WinNT)
[2019-08-20 13:06:13] ---- BROWSER:  Chrome 76.0 (Mozilla/5.0 (Windows NT 10.0; Win64; x64) AppleWebKit/537.36 (KHTML, like Gecko) Chrome/76.0.3809.100 Safari/537.36)
[2019-08-20 13:06:13] 200 - OK - text/html
[2019-08-20 13:06:19] REQUEST POST - https://localhost:8082/public/ws/Config.asmx/Economics_Get
[2019-08-20 13:06:19] ---- FROM  ::1 (WinNT)
[2019-08-20 13:06:19] ---- BROWSER:  Chrome 76.0 (Mozilla/5.0 (Windows NT 10.0; Win64; x64) AppleWebKit/537.36 (KHTML, like Gecko) Chrome/76.0.3809.100 Safari/537.36)
[2019-08-20 13:06:19] ---- CONTENT: {data : "<?xml version='1.0' encoding='utf-8' ?><Request ID='20190820130619822'><General><Token>61111131252223224013000011333653</Token></General><Data></Data></Request>"}
[2019-08-20 13:06:19] 200 - OK - application/json
[2019-08-20 13:06:19] REQUEST POST - https://localhost:8082/public/ws/Config.asmx/All_Get
[2019-08-20 13:06:19] ---- FROM  ::1 (WinNT)
[2019-08-20 13:06:19] ---- BROWSER:  Chrome 76.0 (Mozilla/5.0 (Windows NT 10.0; Win64; x64) AppleWebKit/537.36 (KHTML, like Gecko) Chrome/76.0.3809.100 Safari/537.36)
[2019-08-20 13:06:19] ---- CONTENT: {data : "<?xml version='1.0' encoding='utf-8' ?><Request ID='20190820130619867'><General><Token>61111131252223224013000011333653</Token></General><Data></Data></Request>"}
[2019-08-20 13:06:19] 200 - OK - application/json
[2019-08-20 13:06:19] REQUEST POST - https://localhost:8082/public/ws/Economics.asmx/messaggi_summary
[2019-08-20 13:06:19] ---- FROM  ::1 (WinNT)
[2019-08-20 13:06:19] ---- BROWSER:  Chrome 76.0 (Mozilla/5.0 (Windows NT 10.0; Win64; x64) AppleWebKit/537.36 (KHTML, like Gecko) Chrome/76.0.3809.100 Safari/537.36)
[2019-08-20 13:06:19] ---- CONTENT: {data : "<?xml version='1.0' encoding='utf-8' ?><Request ID='20190820130619893'><General><Token>61111131252223224013000011333653</Token></General><Data></Data></Request>"}
[2019-08-20 13:06:19] 200 - OK - application/json
[2019-08-20 13:06:19] REQUEST POST - https://localhost:8082/public/ws/Config.asmx/All_Get
[2019-08-20 13:06:19] ---- FROM  ::1 (WinNT)
[2019-08-20 13:06:19] ---- BROWSER:  Chrome 76.0 (Mozilla/5.0 (Windows NT 10.0; Win64; x64) AppleWebKit/537.36 (KHTML, like Gecko) Chrome/76.0.3809.100 Safari/537.36)
[2019-08-20 13:06:19] ---- CONTENT: {data : "<?xml version='1.0' encoding='utf-8' ?><Request ID='20190820130619927'><General><Token>61111131252223224013000011333653</Token></General><Data></Data></Request>"}
[2019-08-20 13:06:19] 200 - OK - application/json
[2019-08-20 13:06:19] REQUEST POST - https://localhost:8082/public/ws/Config.asmx/All_Get
[2019-08-20 13:06:19] ---- FROM  ::1 (WinNT)
[2019-08-20 13:06:19] ---- BROWSER:  Chrome 76.0 (Mozilla/5.0 (Windows NT 10.0; Win64; x64) AppleWebKit/537.36 (KHTML, like Gecko) Chrome/76.0.3809.100 Safari/537.36)
[2019-08-20 13:06:19] ---- CONTENT: {data : "<?xml version='1.0' encoding='utf-8' ?><Request ID='20190820130619980'><General><Token>61111131252223224013000011333653</Token></General><Data></Data></Request>"}
[2019-08-20 13:06:19] 200 - OK - application/json
