[2019-09-13 17:52:46] 200 - OK - application/json
[2019-09-13 17:52:46] REQUEST POST - https://localhost:8082/public/ws/Config.asmx/All_Get
[2019-09-13 17:52:46] ---- FROM  ::1 (WinNT)
[2019-09-13 17:52:46] ---- BROWSER:  Chrome 76.0 (Mozilla/5.0 (Windows NT 10.0; Win64; x64) AppleWebKit/537.36 (KHTML, like Gecko) Chrome/79.0.3912.0 Safari/537.36)
[2019-09-13 17:52:46] ---- CONTENT: {data : "<?xml version='1.0' encoding='utf-8' ?><Request ID='20190913175246143'><General><Token>61111131252223224013000011333653</Token></General><Data></Data></Request>"}
[2019-09-13 17:52:46] 200 - OK - application/json
[2019-09-13 17:52:46] REQUEST POST - https://localhost:8082/public/ws/Economics.asmx/messaggi_summary
[2019-09-13 17:52:46] ---- FROM  ::1 (WinNT)
[2019-09-13 17:52:46] ---- BROWSER:  Chrome 76.0 (Mozilla/5.0 (Windows NT 10.0; Win64; x64) AppleWebKit/537.36 (KHTML, like Gecko) Chrome/79.0.3912.0 Safari/537.36)
[2019-09-13 17:52:46] ---- CONTENT: {data : "<?xml version='1.0' encoding='utf-8' ?><Request ID='20190913175246175'><General><Token>61111131252223224013000011333653</Token></General><Data></Data></Request>"}
[2019-09-13 17:52:46] 200 - OK - application/json
[2019-09-13 17:52:46] REQUEST GET - https://localhost:8082/public/ws/Resources.ashx/xml-economics/61111131252223224013000011333653
[2019-09-13 17:52:46] ---- FROM  ::1 (WinNT)
[2019-09-13 17:52:46] ---- BROWSER:  Chrome 76.0 (Mozilla/5.0 (Windows NT 10.0; Win64; x64) AppleWebKit/537.36 (KHTML, like Gecko) Chrome/79.0.3912.0 Safari/537.36)
[2019-09-13 17:52:46] 200 - OK - text/xml
[2019-09-13 17:52:46] REQUEST POST - https://localhost:8082/public/ws/Config.asmx/All_Get
[2019-09-13 17:52:46] ---- FROM  ::1 (WinNT)
[2019-09-13 17:52:46] ---- BROWSER:  Chrome 76.0 (Mozilla/5.0 (Windows NT 10.0; Win64; x64) AppleWebKit/537.36 (KHTML, like Gecko) Chrome/79.0.3912.0 Safari/537.36)
[2019-09-13 17:52:46] ---- CONTENT: {data : "<?xml version='1.0' encoding='utf-8' ?><Request ID='20190913175246259'><General><Token>61111131252223224013000011333653</Token></General><Data></Data></Request>"}
[2019-09-13 17:52:46] 200 - OK - application/json
[2019-09-13 17:52:46] REQUEST POST - https://localhost:8082/public/ws/Config.asmx/All_Get
[2019-09-13 17:52:46] ---- FROM  ::1 (WinNT)
[2019-09-13 17:52:46] ---- BROWSER:  Chrome 76.0 (Mozilla/5.0 (Windows NT 10.0; Win64; x64) AppleWebKit/537.36 (KHTML, like Gecko) Chrome/79.0.3912.0 Safari/537.36)
[2019-09-13 17:52:46] ---- CONTENT: {data : "<?xml version='1.0' encoding='utf-8' ?><Request ID='20190913175246404'><General><Token>61111131252223224013000011333653</Token></General><Data></Data></Request>"}
[2019-09-13 17:52:46] 200 - OK - application/json
[2019-09-13 17:53:22] REQUEST GET - https://localhost:8082/economics/materiali
[2019-09-13 17:53:22] ---- FROM  ::1 (WinNT)
[2019-09-13 17:53:22] ---- BROWSER:  Chrome 76.0 (Mozilla/5.0 (Windows NT 10.0; Win64; x64) AppleWebKit/537.36 (KHTML, like Gecko) Chrome/79.0.3912.0 Safari/537.36)
[2019-09-13 17:53:22] 200 - OK - text/html
[2019-09-13 17:53:23] REQUEST POST - https://localhost:8082/public/ws/Capex.asmx/Imm_Materiali_Get
[2019-09-13 17:53:23] ---- FROM  ::1 (WinNT)
[2019-09-13 17:53:23] ---- BROWSER:  Chrome 76.0 (Mozilla/5.0 (Windows NT 10.0; Win64; x64) AppleWebKit/537.36 (KHTML, like Gecko) Chrome/79.0.3912.0 Safari/537.36)
[2019-09-13 17:53:23] ---- CONTENT: {data : "<?xml version='1.0' encoding='utf-8' ?><Request ID='20190913175323225'><General><Token>61111131252223224013000011333653</Token></General><Data></Data></Request>"}
[2019-09-13 17:53:23] 200 - OK - application/json
[2019-09-13 17:53:23] REQUEST GET - https://localhost:8082/public/ws/Resources.ashx/xml-economics/61111131252223224013000011333653
[2019-09-13 17:53:23] ---- FROM  ::1 (WinNT)
[2019-09-13 17:53:23] ---- BROWSER:  Chrome 76.0 (Mozilla/5.0 (Windows NT 10.0; Win64; x64) AppleWebKit/537.36 (KHTML, like Gecko) Chrome/79.0.3912.0 Safari/537.36)
[2019-09-13 17:53:23] REQUEST POST - https://localhost:8082/public/ws/Config.asmx/All_Get
[2019-09-13 17:53:23] ---- FROM  ::1 (WinNT)
[2019-09-13 17:53:23] ---- BROWSER:  Chrome 76.0 (Mozilla/5.0 (Windows NT 10.0; Win64; x64) AppleWebKit/537.36 (KHTML, like Gecko) Chrome/79.0.3912.0 Safari/537.36)
[2019-09-13 17:53:23] ---- CONTENT: {data : "<?xml version='1.0' encoding='utf-8' ?><Request ID='20190913175323275'><General><Token>61111131252223224013000011333653</Token></General><Data></Data></Request>"}
[2019-09-13 17:53:23] 200 - OK - application/json
[2019-09-13 17:53:23] 200 - OK - text/xml
[2019-09-13 17:53:23] REQUEST POST - https://localhost:8082/public/ws/Economics.asmx/messaggi_summary
[2019-09-13 17:53:23] ---- FROM  ::1 (WinNT)
[2019-09-13 17:53:23] ---- BROWSER:  Chrome 76.0 (Mozilla/5.0 (Windows NT 10.0; Win64; x64) AppleWebKit/537.36 (KHTML, like Gecko) Chrome/79.0.3912.0 Safari/537.36)
[2019-09-13 17:53:23] ---- CONTENT: {data : "<?xml version='1.0' encoding='utf-8' ?><Request ID='20190913175323306'><General><Token>61111131252223224013000011333653</Token></General><Data></Data></Request>"}
[2019-09-13 17:53:23] 200 - OK - application/json
[2019-09-13 17:53:24] REQUEST POST - https://localhost:8082/public/ws/Config.asmx/All_Get
[2019-09-13 17:53:24] ---- FROM  ::1 (WinNT)
[2019-09-13 17:53:24] ---- BROWSER:  Chrome 76.0 (Mozilla/5.0 (Windows NT 10.0; Win64; x64) AppleWebKit/537.36 (KHTML, like Gecko) Chrome/79.0.3912.0 Safari/537.36)
[2019-09-13 17:53:24] ---- CONTENT: {data : "<?xml version='1.0' encoding='utf-8' ?><Request ID='20190913175324478'><General><Token>61111131252223224013000011333653</Token></General><Data></Data></Request>"}
[2019-09-13 17:53:24] 200 - OK - application/json
[2019-09-13 17:53:24] REQUEST POST - https://localhost:8082/public/ws/Config.asmx/All_Get
[2019-09-13 17:53:24] ---- FROM  ::1 (WinNT)
[2019-09-13 17:53:24] ---- BROWSER:  Chrome 76.0 (Mozilla/5.0 (Windows NT 10.0; Win64; x64) AppleWebKit/537.36 (KHTML, like Gecko) Chrome/79.0.3912.0 Safari/537.36)
[2019-09-13 17:53:24] ---- CONTENT: {data : "<?xml version='1.0' encoding='utf-8' ?><Request ID='20190913175324630'><General><Token>61111131252223224013000011333653</Token></General><Data></Data></Request>"}
[2019-09-13 17:53:24] 200 - OK - application/json
[2019-09-13 17:53:31] REQUEST GET - https://localhost:8082/economics/ricavi
[2019-09-13 17:53:31] ---- FROM  ::1 (WinNT)
[2019-09-13 17:53:31] ---- BROWSER:  Chrome 76.0 (Mozilla/5.0 (Windows NT 10.0; Win64; x64) AppleWebKit/537.36 (KHTML, like Gecko) Chrome/79.0.3912.0 Safari/537.36)
[2019-09-13 17:53:31] 200 - OK - text/html
[2019-09-13 17:53:31] REQUEST POST - https://localhost:8082/public/ws/Ricavi.asmx/Ricavo_Get
[2019-09-13 17:53:31] ---- FROM  ::1 (WinNT)
[2019-09-13 17:53:31] ---- BROWSER:  Chrome 76.0 (Mozilla/5.0 (Windows NT 10.0; Win64; x64) AppleWebKit/537.36 (KHTML, like Gecko) Chrome/79.0.3912.0 Safari/537.36)
[2019-09-13 17:53:31] ---- CONTENT: {data : "<?xml version='1.0' encoding='utf-8' ?><Request ID='20190913175331588'><General><Token>61111131252223224013000011333653</Token></General><Data></Data></Request>"}
[2019-09-13 17:53:31] 200 - OK - application/json
[2019-09-13 17:53:31] REQUEST POST - https://localhost:8082/public/ws/Config.asmx/All_Get
[2019-09-13 17:53:31] ---- FROM  ::1 (WinNT)
[2019-09-13 17:53:31] ---- BROWSER:  Chrome 76.0 (Mozilla/5.0 (Windows NT 10.0; Win64; x64) AppleWebKit/537.36 (KHTML, like Gecko) Chrome/79.0.3912.0 Safari/537.36)
[2019-09-13 17:53:31] ---- CONTENT: {data : "<?xml version='1.0' encoding='utf-8' ?><Request ID='20190913175331729'><General><Token>61111131252223224013000011333653</Token></General><Data></Data></Request>"}
[2019-09-13 17:53:31] 200 - OK - application/json
[2019-09-13 17:53:31] REQUEST POST - https://localhost:8082/public/ws/Economics.asmx/messaggi_summary
[2019-09-13 17:53:31] ---- FROM  ::1 (WinNT)
[2019-09-13 17:53:31] ---- BROWSER:  Chrome 76.0 (Mozilla/5.0 (Windows NT 10.0; Win64; x64) AppleWebKit/537.36 (KHTML, like Gecko) Chrome/79.0.3912.0 Safari/537.36)
[2019-09-13 17:53:31] ---- CONTENT: {data : "<?xml version='1.0' encoding='utf-8' ?><Request ID='20190913175331756'><General><Token>61111131252223224013000011333653</Token></General><Data></Data></Request>"}
[2019-09-13 17:53:31] 200 - OK - application/json
[2019-09-13 17:53:31] REQUEST GET - https://localhost:8082/public/ws/Resources.ashx/xml-economics/61111131252223224013000011333653
[2019-09-13 17:53:31] ---- FROM  ::1 (WinNT)
[2019-09-13 17:53:31] ---- BROWSER:  Chrome 76.0 (Mozilla/5.0 (Windows NT 10.0; Win64; x64) AppleWebKit/537.36 (KHTML, like Gecko) Chrome/79.0.3912.0 Safari/537.36)
[2019-09-13 17:53:31] 200 - OK - text/xml
[2019-09-13 17:53:31] REQUEST POST - https://localhost:8082/public/ws/Config.asmx/All_Get
[2019-09-13 17:53:31] ---- FROM  ::1 (WinNT)
[2019-09-13 17:53:31] ---- BROWSER:  Chrome 76.0 (Mozilla/5.0 (Windows NT 10.0; Win64; x64) AppleWebKit/537.36 (KHTML, like Gecko) Chrome/79.0.3912.0 Safari/537.36)
[2019-09-13 17:53:31] ---- CONTENT: {data : "<?xml version='1.0' encoding='utf-8' ?><Request ID='20190913175331827'><General><Token>61111131252223224013000011333653</Token></General><Data></Data></Request>"}
[2019-09-13 17:53:31] 200 - OK - application/json
[2019-09-13 17:53:32] REQUEST POST - https://localhost:8082/public/ws/Config.asmx/All_Get
[2019-09-13 17:53:32] ---- FROM  ::1 (WinNT)
[2019-09-13 17:53:32] ---- BROWSER:  Chrome 76.0 (Mozilla/5.0 (Windows NT 10.0; Win64; x64) AppleWebKit/537.36 (KHTML, like Gecko) Chrome/79.0.3912.0 Safari/537.36)
[2019-09-13 17:53:32] ---- CONTENT: {data : "<?xml version='1.0' encoding='utf-8' ?><Request ID='20190913175332246'><General><Token>61111131252223224013000011333653</Token></General><Data></Data></Request>"}
[2019-09-13 17:53:32] 200 - OK - application/json
[2019-09-13 17:54:21] REQUEST GET - https://localhost:8082/economics/messaggi
[2019-09-13 17:54:21] ---- FROM  ::1 (WinNT)
[2019-09-13 17:54:21] ---- BROWSER:  Chrome 76.0 (Mozilla/5.0 (Windows NT 10.0; Win64; x64) AppleWebKit/537.36 (KHTML, like Gecko) Chrome/79.0.3912.0 Safari/537.36)
[2019-09-13 17:54:21] 200 - OK - text/html
[2019-09-13 17:54:22] REQUEST POST - https://localhost:8082/public/ws/Economics.asmx/messaggi
[2019-09-13 17:54:22] ---- FROM  ::1 (WinNT)
[2019-09-13 17:54:22] ---- BROWSER:  Chrome 76.0 (Mozilla/5.0 (Windows NT 10.0; Win64; x64) AppleWebKit/537.36 (KHTML, like Gecko) Chrome/79.0.3912.0 Safari/537.36)
[2019-09-13 17:54:22] ---- CONTENT: {data : "<?xml version='1.0' encoding='utf-8' ?><Request ID='20190913175422177'><General><Token>61111131252223224013000011333653</Token></General><Data></Data></Request>"}
[2019-09-13 17:54:22] 200 - OK - application/json
[2019-09-13 17:54:22] REQUEST GET - https://localhost:8082/public/ws/Resources.ashx/xml-economics/61111131252223224013000011333653
[2019-09-13 17:54:22] ---- FROM  ::1 (WinNT)
[2019-09-13 17:54:22] ---- BROWSER:  Chrome 76.0 (Mozilla/5.0 (Windows NT 10.0; Win64; x64) AppleWebKit/537.36 (KHTML, like Gecko) Chrome/79.0.3912.0 Safari/537.36)
[2019-09-13 17:54:22] REQUEST POST - https://localhost:8082/public/ws/Config.asmx/All_Get
[2019-09-13 17:54:22] ---- FROM  ::1 (WinNT)
[2019-09-13 17:54:22] ---- BROWSER:  Chrome 76.0 (Mozilla/5.0 (Windows NT 10.0; Win64; x64) AppleWebKit/537.36 (KHTML, like Gecko) Chrome/79.0.3912.0 Safari/537.36)
[2019-09-13 17:54:22] ---- CONTENT: {data : "<?xml version='1.0' encoding='utf-8' ?><Request ID='20190913175422220'><General><Token>61111131252223224013000011333653</Token></General><Data></Data></Request>"}
[2019-09-13 17:54:22] 200 - OK - application/json
[2019-09-13 17:54:22] 200 - OK - text/xml
[2019-09-13 17:54:22] REQUEST POST - https://localhost:8082/public/ws/Economics.asmx/messaggi_summary
[2019-09-13 17:54:22] ---- FROM  ::1 (WinNT)
[2019-09-13 17:54:22] ---- BROWSER:  Chrome 76.0 (Mozilla/5.0 (Windows NT 10.0; Win64; x64) AppleWebKit/537.36 (KHTML, like Gecko) Chrome/79.0.3912.0 Safari/537.36)
[2019-09-13 17:54:22] ---- CONTENT: {data : "<?xml version='1.0' encoding='utf-8' ?><Request ID='20190913175422248'><General><Token>61111131252223224013000011333653</Token></General><Data></Data></Request>"}
[2019-09-13 17:54:22] 200 - OK - application/json
[2019-09-13 17:54:22] REQUEST POST - https://localhost:8082/public/ws/Config.asmx/All_Get
[2019-09-13 17:54:22] ---- FROM  ::1 (WinNT)
[2019-09-13 17:54:22] ---- BROWSER:  Chrome 76.0 (Mozilla/5.0 (Windows NT 10.0; Win64; x64) AppleWebKit/537.36 (KHTML, like Gecko) Chrome/79.0.3912.0 Safari/537.36)
[2019-09-13 17:54:22] ---- CONTENT: {data : "<?xml version='1.0' encoding='utf-8' ?><Request ID='20190913175422341'><General><Token>61111131252223224013000011333653</Token></General><Data></Data></Request>"}
[2019-09-13 17:54:22] 200 - OK - application/json
[2019-09-13 17:54:22] REQUEST POST - https://localhost:8082/public/ws/Config.asmx/All_Get
[2019-09-13 17:54:22] ---- FROM  ::1 (WinNT)
[2019-09-13 17:54:22] ---- BROWSER:  Chrome 76.0 (Mozilla/5.0 (Windows NT 10.0; Win64; x64) AppleWebKit/537.36 (KHTML, like Gecko) Chrome/79.0.3912.0 Safari/537.36)
[2019-09-13 17:54:22] ---- CONTENT: {data : "<?xml version='1.0' encoding='utf-8' ?><Request ID='20190913175422464'><General><Token>61111131252223224013000011333653</Token></General><Data></Data></Request>"}
[2019-09-13 17:54:22] 200 - OK - application/json
