[2019-11-25 12:17:19] REQUEST POST - https://localhost:8082/public/aspx/Home.aspx
[2019-11-25 12:17:19] ---- FROM  ::1 (WinNT)
[2019-11-25 12:17:19] ---- BROWSER:  Chrome 78.0 (Mozilla/5.0 (Windows NT 10.0; Win64; x64) AppleWebKit/537.36 (KHTML, like Gecko) Chrome/78.0.3904.108 Safari/537.36)
[2019-11-25 12:17:19] ---- CONTENT: Token%3D51111151252225224304000011334082%26TokenApiRest%3DeyJ0eXAiOiJKV1QiLCJhbGciOiJIUzI1NiJ9.eyJpc3MiOiJodHRwczpcL1wvd3d3cy5kZXYteWVhcC5pdCIsImlhdCI6MTU0MjI5NDMyMSwibmJmIjoxNTQyMjk0MzIxLCJleHAiOjE1NDI4OTkxMjEsImRhdGEiOnsidXNlciI6eyJpZCI6IjQ0In19fQ.RCP5OeoGASxAyBw1MbMD4BFJAcDM5JIXqYXKBALZcJI%26Logo%3Dhttps%3A%2F%2Flocalhost%3A8082%2Fscratch%2Fpl_logo.png%26Title%3DBusiness+Plan+Test+nr.+4=
[2019-11-25 12:17:25] 302 - Found - text/html
[2019-11-25 12:17:25] REQUEST GET - https://localhost:8082/home/welcome
[2019-11-25 12:17:25] ---- FROM  ::1 (WinNT)
[2019-11-25 12:17:25] ---- BROWSER:  Chrome 78.0 (Mozilla/5.0 (Windows NT 10.0; Win64; x64) AppleWebKit/537.36 (KHTML, like Gecko) Chrome/78.0.3904.108 Safari/537.36)
[2019-11-25 12:17:26] 200 - OK - text/html
[2019-11-25 12:17:27] REQUEST POST - https://localhost:8082/public/ws/General.asmx/Set
[2019-11-25 12:17:27] ---- FROM  ::1 (WinNT)
[2019-11-25 12:17:27] ---- BROWSER:  Chrome 78.0 (Mozilla/5.0 (Windows NT 10.0; Win64; x64) AppleWebKit/537.36 (KHTML, like Gecko) Chrome/78.0.3904.108 Safari/537.36)
[2019-11-25 12:17:27] ---- CONTENT: {data : "<?xml version='1.0' encoding='utf-8' ?><Request ID='20191125121727254'><General><Token>51111151252225224304000011334082</Token></General><Data><Nome>Business Plan Test nr. 4</Nome><Logo>https%3A%2F%2Flocalhost%3A8082%2Fscratch%2Fpl_logo.png</Logo></Data></Request>"}
[2019-11-25 12:17:27] 200 - OK - application/json
[2019-11-25 12:17:27] REQUEST POST - https://localhost:8082/public/ws/Config.asmx/Economics_Get
[2019-11-25 12:17:27] ---- FROM  ::1 (WinNT)
[2019-11-25 12:17:27] ---- BROWSER:  Chrome 78.0 (Mozilla/5.0 (Windows NT 10.0; Win64; x64) AppleWebKit/537.36 (KHTML, like Gecko) Chrome/78.0.3904.108 Safari/537.36)
[2019-11-25 12:17:27] ---- CONTENT: {data : "<?xml version='1.0' encoding='utf-8' ?><Request ID='20191125121727545'><General><Token>51111151252225224304000011334082</Token></General><Data></Data></Request>"}
[2019-11-25 12:17:27] 200 - OK - application/json
[2019-11-25 12:17:27] REQUEST POST - https://localhost:8082/public/ws/Config.asmx/All_Get
[2019-11-25 12:17:27] ---- FROM  ::1 (WinNT)
[2019-11-25 12:17:27] ---- BROWSER:  Chrome 78.0 (Mozilla/5.0 (Windows NT 10.0; Win64; x64) AppleWebKit/537.36 (KHTML, like Gecko) Chrome/78.0.3904.108 Safari/537.36)
[2019-11-25 12:17:27] ---- CONTENT: {data : "<?xml version='1.0' encoding='utf-8' ?><Request ID='20191125121727860'><General><Token>51111151252225224304000011334082</Token></General><Data></Data></Request>"}
[2019-11-25 12:17:27] REQUEST POST - https://localhost:8082/public/ws/Economics.asmx/messaggi_summary
[2019-11-25 12:17:27] ---- FROM  ::1 (WinNT)
[2019-11-25 12:17:27] ---- BROWSER:  Chrome 78.0 (Mozilla/5.0 (Windows NT 10.0; Win64; x64) AppleWebKit/537.36 (KHTML, like Gecko) Chrome/78.0.3904.108 Safari/537.36)
[2019-11-25 12:17:27] ---- CONTENT: {data : "<?xml version='1.0' encoding='utf-8' ?><Request ID='20191125121727927'><General><Token>51111151252225224304000011334082</Token></General><Data></Data></Request>"}
[2019-11-25 12:17:28] REQUEST POST - https://localhost:8082/public/ws/Config.asmx/All_Get
[2019-11-25 12:17:28] ---- FROM  ::1 (WinNT)
[2019-11-25 12:17:28] ---- BROWSER:  Chrome 78.0 (Mozilla/5.0 (Windows NT 10.0; Win64; x64) AppleWebKit/537.36 (KHTML, like Gecko) Chrome/78.0.3904.108 Safari/537.36)
[2019-11-25 12:17:28] ---- CONTENT: {data : "<?xml version='1.0' encoding='utf-8' ?><Request ID='2019112512172857'><General><Token>51111151252225224304000011334082</Token></General><Data></Data></Request>"}
[2019-11-25 12:17:28] 200 - OK - application/json
[2019-11-25 12:17:28] 200 - OK - application/json
[2019-11-25 12:17:28] 200 - OK - application/json
[2019-11-25 12:17:28] REQUEST POST - https://localhost:8082/public/ws/Config.asmx/All_Get
[2019-11-25 12:17:28] ---- FROM  ::1 (WinNT)
[2019-11-25 12:17:28] ---- BROWSER:  Chrome 78.0 (Mozilla/5.0 (Windows NT 10.0; Win64; x64) AppleWebKit/537.36 (KHTML, like Gecko) Chrome/78.0.3904.108 Safari/537.36)
[2019-11-25 12:17:28] ---- CONTENT: {data : "<?xml version='1.0' encoding='utf-8' ?><Request ID='20191125121728491'><General><Token>51111151252225224304000011334082</Token></General><Data></Data></Request>"}
[2019-11-25 12:17:28] 200 - OK - application/json
[2019-11-25 12:17:30] REQUEST GET - https://localhost:8082/controllo/distribuzione-mensile
[2019-11-25 12:17:30] ---- FROM  ::1 (WinNT)
[2019-11-25 12:17:30] ---- BROWSER:  Chrome 78.0 (Mozilla/5.0 (Windows NT 10.0; Win64; x64) AppleWebKit/537.36 (KHTML, like Gecko) Chrome/78.0.3904.108 Safari/537.36)
[2019-11-25 12:17:31] 200 - OK - text/html
[2019-11-25 12:17:31] REQUEST POST - https://localhost:8082/public/ws/CDG.asmx/Weights_Get
[2019-11-25 12:17:31] ---- FROM  ::1 (WinNT)
[2019-11-25 12:17:31] ---- BROWSER:  Chrome 78.0 (Mozilla/5.0 (Windows NT 10.0; Win64; x64) AppleWebKit/537.36 (KHTML, like Gecko) Chrome/78.0.3904.108 Safari/537.36)
[2019-11-25 12:17:31] ---- CONTENT: {data : "<?xml version='1.0' encoding='utf-8' ?><Request ID='20191125121731367'><General><Token>51111151252225224304000011334082</Token></General><Data></Data></Request>"}
[2019-11-25 12:17:31] 200 - OK - application/json
[2019-11-25 12:17:31] REQUEST POST - https://localhost:8082/public/ws/Config.asmx/All_Get
[2019-11-25 12:17:31] ---- FROM  ::1 (WinNT)
[2019-11-25 12:17:31] ---- BROWSER:  Chrome 78.0 (Mozilla/5.0 (Windows NT 10.0; Win64; x64) AppleWebKit/537.36 (KHTML, like Gecko) Chrome/78.0.3904.108 Safari/537.36)
[2019-11-25 12:17:31] ---- CONTENT: {data : "<?xml version='1.0' encoding='utf-8' ?><Request ID='20191125121731576'><General><Token>51111151252225224304000011334082</Token></General><Data></Data></Request>"}
[2019-11-25 12:17:31] REQUEST GET - https://localhost:8082/public/ws/Resources.ashx/xml-economics/51111151252225224304000011334082
[2019-11-25 12:17:31] ---- FROM  ::1 (WinNT)
[2019-11-25 12:17:31] ---- BROWSER:  Chrome 78.0 (Mozilla/5.0 (Windows NT 10.0; Win64; x64) AppleWebKit/537.36 (KHTML, like Gecko) Chrome/78.0.3904.108 Safari/537.36)
[2019-11-25 12:17:31] REQUEST POST - https://localhost:8082/public/ws/Economics.asmx/messaggi_summary
[2019-11-25 12:17:31] ---- FROM  ::1 (WinNT)
[2019-11-25 12:17:31] ---- BROWSER:  Chrome 78.0 (Mozilla/5.0 (Windows NT 10.0; Win64; x64) AppleWebKit/537.36 (KHTML, like Gecko) Chrome/78.0.3904.108 Safari/537.36)
[2019-11-25 12:17:31] ---- CONTENT: {data : "<?xml version='1.0' encoding='utf-8' ?><Request ID='20191125121731619'><General><Token>51111151252225224304000011334082</Token></General><Data></Data></Request>"}
[2019-11-25 12:17:31] 200 - OK - application/json
[2019-11-25 12:17:31] 200 - OK - application/json
[2019-11-25 12:17:31] REQUEST POST - https://localhost:8082/public/ws/Config.asmx/All_Get
[2019-11-25 12:17:31] ---- FROM  ::1 (WinNT)
[2019-11-25 12:17:31] ---- BROWSER:  Chrome 78.0 (Mozilla/5.0 (Windows NT 10.0; Win64; x64) AppleWebKit/537.36 (KHTML, like Gecko) Chrome/78.0.3904.108 Safari/537.36)
[2019-11-25 12:17:31] ---- CONTENT: {data : "<?xml version='1.0' encoding='utf-8' ?><Request ID='20191125121731908'><General><Token>51111151252225224304000011334082</Token></General><Data></Data></Request>"}
[2019-11-25 12:17:32] 200 - OK - application/json
[2019-11-25 12:17:32] 200 - OK - text/xml
[2019-11-25 12:17:32] REQUEST POST - https://localhost:8082/public/ws/CDG.asmx/BPData
[2019-11-25 12:17:32] ---- FROM  ::1 (WinNT)
[2019-11-25 12:17:32] ---- BROWSER:  Chrome 78.0 (Mozilla/5.0 (Windows NT 10.0; Win64; x64) AppleWebKit/537.36 (KHTML, like Gecko) Chrome/78.0.3904.108 Safari/537.36)
[2019-11-25 12:17:32] ---- CONTENT: {data : "<?xml version='1.0' encoding='utf-8' ?><Request ID='20191125121732175'><General><Token>51111151252225224304000011334082</Token></General><Data></Data></Request>"}
[2019-11-25 12:17:32] 200 - OK - application/json
[2019-11-25 12:17:34] REQUEST POST - https://localhost:8082/public/ws/CDG.asmx/Get
[2019-11-25 12:17:34] ---- FROM  ::1 (WinNT)
[2019-11-25 12:17:34] ---- BROWSER:  Chrome 78.0 (Mozilla/5.0 (Windows NT 10.0; Win64; x64) AppleWebKit/537.36 (KHTML, like Gecko) Chrome/78.0.3904.108 Safari/537.36)
[2019-11-25 12:17:34] ---- CONTENT: {data : "<?xml version='1.0' encoding='utf-8' ?><Request ID='20191125121734513'><General><Token>51111151252225224304000011334082</Token></General><Data></Data></Request>"}
[2019-11-25 12:17:34] 200 - OK - application/json
[2019-11-25 12:17:41] REQUEST POST - https://localhost:8082/public/ws/CDG.asmx/Weights_Set
[2019-11-25 12:17:41] ---- FROM  ::1 (WinNT)
[2019-11-25 12:17:41] ---- BROWSER:  Chrome 78.0 (Mozilla/5.0 (Windows NT 10.0; Win64; x64) AppleWebKit/537.36 (KHTML, like Gecko) Chrome/78.0.3904.108 Safari/537.36)
[2019-11-25 12:17:41] ---- CONTENT: {data : "<?xml version='1.0' encoding='utf-8'?><Request ID='20191125121741553'><General><Token>51111151252225224304000011334082</Token></General><Data><Mesi><Mese ID='1'><Ricavi_Cdg>10000</Ricavi_Cdg><Acquisti_Cdg>10000</Acquisti_Cdg><VariazioneRimanenze>10000</VariazioneRimanenze><Consumi>0</Consumi><ValoreAggiuntoConsumi>0</ValoreAggiuntoConsumi><CostiVariabiliProduzione>10000</CostiVariabiliProduzione><CostiVariabiliCommerciali>10000</CostiVariabiliCommerciali><TotaleCostiVariabili>0</TotaleCostiVariabili><MargineContribuzione>0</MargineContribuzione><CostiFissiProduzione>10000</CostiFissiProduzione><CostiFissiCommerciali>10000</CostiFissiCommerciali><CostiGeneraliAmministrativi>10000</CostiGeneraliAmministrativi><TotaleCostiFissi>0</TotaleCostiFissi><Ebitda>0</Ebitda><Ammortamenti>10000</Ammortamenti><Accantonamenti>10000</Accantonamenti><Svalutazioni>10000</Svalutazioni><Ebit>0</Ebit><SaldoOneriRicavi>0</SaldoOneriRicavi><UtileAnteGestioneFinStra>0</UtileAnteGestioneFinStra><GestioneFinanziaria>10000</GestioneFinanziaria><UtileCorrente>0</UtileCorrente><GestioneStraordinaria>10000</GestioneStraordinaria><Ebt>0</Ebt><Imposte>10000</Imposte><RedditoNetto>0</RedditoNetto></Mese><Mese ID='2'><Ricavi_Cdg>10000</Ricavi_Cdg><Acquisti_Cdg>10000</Acquisti_Cdg><VariazioneRimanenze>10000</VariazioneRimanenze><Consumi>0</Consumi><ValoreAggiuntoConsumi>0</ValoreAggiuntoConsumi><CostiVariabiliProduzione>10000</CostiVariabiliProduzione><CostiVariabiliCommerciali>10000</CostiVariabiliCommerciali><TotaleCostiVariabili>0</TotaleCostiVariabili><MargineContribuzione>0</MargineContribuzione><CostiFissiProduzione>10000</CostiFissiProduzione><CostiFissiCommerciali>10000</CostiFissiCommerciali><CostiGeneraliAmministrativi>10000</CostiGeneraliAmministrativi><TotaleCostiFissi>0</TotaleCostiFissi><Ebitda>0</Ebitda><Ammortamenti>10000</Ammortamenti><Accantonamenti>10000</Accantonamenti><Svalutazioni>10000</Svalutazioni><Ebit>0</Ebit><SaldoOneriRicavi>0</SaldoOneriRicavi><UtileAnteGestioneFinStra>0</UtileAnteGestioneFinStra><GestioneFinanziaria>10000</GestioneFinanziaria><UtileCorrente>0</UtileCorrente><GestioneStraordinaria>10000</GestioneStraordinaria><Ebt>0</Ebt><Imposte>10000</Imposte><RedditoNetto>0</RedditoNetto></Mese><Mese ID='3'><Ricavi_Cdg>10000</Ricavi_Cdg><Acquisti_Cdg>10000</Acquisti_Cdg><VariazioneRimanenze>10000</VariazioneRimanenze><Consumi>0</Consumi><ValoreAggiuntoConsumi>0</ValoreAggiuntoConsumi><CostiVariabiliProduzione>10000</CostiVariabiliProduzione><CostiVariabiliCommerciali>10000</CostiVariabiliCommerciali><TotaleCostiVariabili>0</TotaleCostiVariabili><MargineContribuzione>0</MargineContribuzione><CostiFissiProduzione>10000</CostiFissiProduzione><CostiFissiCommerciali>10000</CostiFissiCommerciali><CostiGeneraliAmministrativi>10000</CostiGeneraliAmministrativi><TotaleCostiFissi>0</TotaleCostiFissi><Ebitda>0</Ebitda><Ammortamenti>10000</Ammortamenti><Accantonamenti>10000</Accantonamenti><Svalutazioni>10000</Svalutazioni><Ebit>0</Ebit><SaldoOneriRicavi>0</SaldoOneriRicavi><UtileAnteGestioneFinStra>0</UtileAnteGestioneFinStra><GestioneFinanziaria>10000</GestioneFinanziaria><UtileCorrente>0</UtileCorrente><GestioneStraordinaria>10000</GestioneStraordinaria><Ebt>0</Ebt><Imposte>10000</Imposte><RedditoNetto>0</RedditoNetto></Mese><Mese ID='4'><Ricavi_Cdg>10000</Ricavi_Cdg><Acquisti_Cdg>10000</Acquisti_Cdg><VariazioneRimanenze>10000</VariazioneRimanenze><Consumi>0</Consumi><ValoreAggiuntoConsumi>0</ValoreAggiuntoConsumi><CostiVariabiliProduzione>10000</CostiVariabiliProduzione><CostiVariabiliCommerciali>10000</CostiVariabiliCommerciali><TotaleCostiVariabili>0</TotaleCostiVariabili><MargineContribuzione>0</MargineContribuzione><CostiFissiProduzione>10000</CostiFissiProduzione><CostiFissiCommerciali>10000</CostiFissiCommerciali><CostiGeneraliAmministrativi>10000</CostiGeneraliAmministrativi><TotaleCostiFissi>0</TotaleCostiFissi><Ebitda>0</Ebitda><Ammortamenti>10000</Ammortamenti><Accantonamenti>10000</Accantonamenti><Svalutazioni>10000</Svalutazioni><Ebit>0</Ebit><SaldoOneriRicavi>0</SaldoOneriRicavi><UtileAnteGestioneFinStra>0</UtileAnteGestioneFinStra><GestioneFinanziaria>10000</GestioneFinanziaria><UtileCorrente>0</UtileCorrente><GestioneStraordinaria>10000</GestioneStraordinaria><Ebt>0</Ebt><Imposte>10000</Imposte><RedditoNetto>0</RedditoNetto></Mese><Mese ID='5'><Ricavi_Cdg>10000</Ricavi_Cdg><Acquisti_Cdg>10000</Acquisti_Cdg><VariazioneRimanenze>10000</VariazioneRimanenze><Consumi>0</Consumi><ValoreAggiuntoConsumi>0</ValoreAggiuntoConsumi><CostiVariabiliProduzione>10000</CostiVariabiliProduzione><CostiVariabiliCommerciali>10000</CostiVariabiliCommerciali><TotaleCostiVariabili>0</TotaleCostiVariabili><MargineContribuzione>0</MargineContribuzione><CostiFissiProduzione>10000</CostiFissiProduzione><CostiFissiCommerciali>10000</CostiFissiCommerciali><CostiGeneraliAmministrativi>10000</CostiGeneraliAmministrativi><TotaleCostiFissi>0</TotaleCostiFissi><Ebitda>0</Ebitda><Ammortamenti>10000</Ammortamenti><Accantonamenti>10000</Accantonamenti><Svalutazioni>10000</Svalutazioni><Ebit>0</Ebit><SaldoOneriRicavi>0</SaldoOneriRicavi><UtileAnteGestioneFinStra>0</UtileAnteGestioneFinStra><GestioneFinanziaria>10000</GestioneFinanziaria><UtileCorrente>0</UtileCorrente><GestioneStraordinaria>10000</GestioneStraordinaria><Ebt>0</Ebt><Imposte>10000</Imposte><RedditoNetto>0</RedditoNetto></Mese><Mese ID='6'><Ricavi_Cdg>10000</Ricavi_Cdg><Acquisti_Cdg>10000</Acquisti_Cdg><VariazioneRimanenze>10000</VariazioneRimanenze><Consumi>0</Consumi><ValoreAggiuntoConsumi>0</ValoreAggiuntoConsumi><CostiVariabiliProduzione>10000</CostiVariabiliProduzione><CostiVariabiliCommerciali>10000</CostiVariabiliCommerciali><TotaleCostiVariabili>0</TotaleCostiVariabili><MargineContribuzione>0</MargineContribuzione><CostiFissiProduzione>10000</CostiFissiProduzione><CostiFissiCommerciali>10000</CostiFissiCommerciali><CostiGeneraliAmministrativi>10000</CostiGeneraliAmministrativi><TotaleCostiFissi>0</TotaleCostiFissi><Ebitda>0</Ebitda><Ammortamenti>10000</Ammortamenti><Accantonamenti>10000</Accantonamenti><Svalutazioni>10000</Svalutazioni><Ebit>0</Ebit><SaldoOneriRicavi>0</SaldoOneriRicavi><UtileAnteGestioneFinStra>0</UtileAnteGestioneFinStra><GestioneFinanziaria>10000</GestioneFinanziaria><UtileCorrente>0</UtileCorrente><GestioneStraordinaria>10000</GestioneStraordinaria><Ebt>0</Ebt><Imposte>10000</Imposte><RedditoNetto>0</RedditoNetto></Mese><Mese ID='7'><Ricavi_Cdg>10000</Ricavi_Cdg><Acquisti_Cdg>10000</Acquisti_Cdg><VariazioneRimanenze>10000</VariazioneRimanenze><Consumi>0</Consumi><ValoreAggiuntoConsumi>0</ValoreAggiuntoConsumi><CostiVariabiliProduzione>10000</CostiVariabiliProduzione><CostiVariabiliCommerciali>10000</CostiVariabiliCommerciali><TotaleCostiVariabili>0</TotaleCostiVariabili><MargineContribuzione>0</MargineContribuzione><CostiFissiProduzione>10000</CostiFissiProduzione><CostiFissiCommerciali>10000</CostiFissiCommerciali><CostiGeneraliAmministrativi>10000</CostiGeneraliAmministrativi><TotaleCostiFissi>0</TotaleCostiFissi><Ebitda>0</Ebitda><Ammortamenti>10000</Ammortamenti><Accantonamenti>10000</Accantonamenti><Svalutazioni>10000</Svalutazioni><Ebit>0</Ebit><SaldoOneriRicavi>0</SaldoOneriRicavi><UtileAnteGestioneFinStra>0</UtileAnteGestioneFinStra><GestioneFinanziaria>10000</GestioneFinanziaria><UtileCorrente>0</UtileCorrente><GestioneStraordinaria>10000</GestioneStraordinaria><Ebt>0</Ebt><Imposte>10000</Imposte><RedditoNetto>0</RedditoNetto></Mese><Mese ID='8'><Ricavi_Cdg>10000</Ricavi_Cdg><Acquisti_Cdg>10000</Acquisti_Cdg><VariazioneRimanenze>10000</VariazioneRimanenze><Consumi>0</Consumi><ValoreAggiuntoConsumi>0</ValoreAggiuntoConsumi><CostiVariabiliProduzione>10000</CostiVariabiliProduzione><CostiVariabiliCommerciali>10000</CostiVariabiliCommerciali><TotaleCostiVariabili>0</TotaleCostiVariabili><MargineContribuzione>0</MargineContribuzione><CostiFissiProduzione>10000</CostiFissiProduzione><CostiFissiCommerciali>10000</CostiFissiCommerciali><CostiGeneraliAmministrativi>10000</CostiGeneraliAmministrativi><TotaleCostiFissi>0</TotaleCostiFissi><Ebitda>0</Ebitda><Ammortamenti>10000</Ammortamenti><Accantonamenti>10000</Accantonamenti><Svalutazioni>10000</Svalutazioni><Ebit>0</Ebit><SaldoOneriRicavi>0</SaldoOneriRicavi><UtileAnteGestioneFinStra>0</UtileAnteGestioneFinStra><GestioneFinanziaria>10000</GestioneFinanziaria><UtileCorrente>0</UtileCorrente><GestioneStraordinaria>10000</GestioneStraordinaria><Ebt>0</Ebt><Imposte>10000</Imposte><RedditoNetto>0</RedditoNetto></Mese><Mese ID='9'><Ricavi_Cdg>5000</Ricavi_Cdg><Acquisti_Cdg>5000</Acquisti_Cdg><VariazioneRimanenze>5000</VariazioneRimanenze><Consumi>0</Consumi><ValoreAggiuntoConsumi>0</ValoreAggiuntoConsumi><CostiVariabiliProduzione>5000</CostiVariabiliProduzione><CostiVariabiliCommerciali>5000</CostiVariabiliCommerciali><TotaleCostiVariabili>0</TotaleCostiVariabili><MargineContribuzione>0</MargineContribuzione><CostiFissiProduzione>5000</CostiFissiProduzione><CostiFissiCommerciali>5000</CostiFissiCommerciali><CostiGeneraliAmministrativi>5000</CostiGeneraliAmministrativi><TotaleCostiFissi>0</TotaleCostiFissi><Ebitda>0</Ebitda><Ammortamenti>5000</Ammortamenti><Accantonamenti>5000</Accantonamenti><Svalutazioni>5000</Svalutazioni><Ebit>0</Ebit><SaldoOneriRicavi>0</SaldoOneriRicavi><UtileAnteGestioneFinStra>0</UtileAnteGestioneFinStra><GestioneFinanziaria>5000</GestioneFinanziaria><UtileCorrente>0</UtileCorrente><GestioneStraordinaria>5000</GestioneStraordinaria><Ebt>0</Ebt><Imposte>5000</Imposte><RedditoNetto>0</RedditoNetto></Mese><Mese ID='10'><Ricavi_Cdg>5000</Ricavi_Cdg><Acquisti_Cdg>5000</Acquisti_Cdg><VariazioneRimanenze>5000</VariazioneRimanenze><Consumi>0</Consumi><ValoreAggiuntoConsumi>0</ValoreAggiuntoConsumi><CostiVariabiliProduzione>5000</CostiVariabiliProduzione><CostiVariabiliCommerciali>5000</CostiVariabiliCommerciali><TotaleCostiVariabili>0</TotaleCostiVariabili><MargineContribuzione>0</MargineContribuzione><CostiFissiProduzione>5000</CostiFissiProduzione><CostiFissiCommerciali>5000</CostiFissiCommerciali><CostiGeneraliAmministrativi>5000</CostiGeneraliAmministrativi><TotaleCostiFissi>0</TotaleCostiFissi><Ebitda>0</Ebitda><Ammortamenti>5000</Ammortamenti><Accantonamenti>5000</Accantonamenti><Svalutazioni>5000</Svalutazioni><Ebit>0</Ebit><SaldoOneriRicavi>0</SaldoOneriRicavi><UtileAnteGestioneFinStra>0</UtileAnteGestioneFinStra><GestioneFinanziaria>5000</GestioneFinanziaria><UtileCorrente>0</UtileCorrente><GestioneStraordinaria>5000</GestioneStraordinaria><Ebt>0</Ebt><Imposte>5000</Imposte><RedditoNetto>0</RedditoNetto></Mese><Mese ID='11'><Ricavi_Cdg>5000</Ricavi_Cdg><Acquisti_Cdg>5000</Acquisti_Cdg><VariazioneRimanenze>5000</VariazioneRimanenze><Consumi>0</Consumi><ValoreAggiuntoConsumi>0</ValoreAggiuntoConsumi><CostiVariabiliProduzione>5000</CostiVariabiliProduzione><CostiVariabiliCommerciali>5000</CostiVariabiliCommerciali><TotaleCostiVariabili>0</TotaleCostiVariabili><MargineContribuzione>0</MargineContribuzione><CostiFissiProduzione>5000</CostiFissiProduzione><CostiFissiCommerciali>5000</CostiFissiCommerciali><CostiGeneraliAmministrativi>5000</CostiGeneraliAmministrativi><TotaleCostiFissi>0</TotaleCostiFissi><Ebitda>0</Ebitda><Ammortamenti>5000</Ammortamenti><Accantonamenti>5000</Accantonamenti><Svalutazioni>5000</Svalutazioni><Ebit>0</Ebit><SaldoOneriRicavi>0</SaldoOneriRicavi><UtileAnteGestioneFinStra>0</UtileAnteGestioneFinStra><GestioneFinanziaria>5000</GestioneFinanziaria><UtileCorrente>0</UtileCorrente><GestioneStraordinaria>5000</GestioneStraordinaria><Ebt>0</Ebt><Imposte>5000</Imposte><RedditoNetto>0</RedditoNetto></Mese><Mese ID='12'><Ricavi_Cdg>5000</Ricavi_Cdg><Acquisti_Cdg>5000</Acquisti_Cdg><VariazioneRimanenze>5000</VariazioneRimanenze><Consumi>0</Consumi><ValoreAggiuntoConsumi>0</ValoreAggiuntoConsumi><CostiVariabiliProduzione>5000</CostiVariabiliProduzione><CostiVariabiliCommerciali>5000</CostiVariabiliCommerciali><TotaleCostiVariabili>0</TotaleCostiVariabili><MargineContribuzione>0</MargineContribuzione><CostiFissiProduzione>5000</CostiFissiProduzione><CostiFissiCommerciali>5000</CostiFissiCommerciali><CostiGeneraliAmministrativi>5000</CostiGeneraliAmministrativi><TotaleCostiFissi>0</TotaleCostiFissi><Ebitda>0</Ebitda><Ammortamenti>5000</Ammortamenti><Accantonamenti>5000</Accantonamenti><Svalutazioni>5000</Svalutazioni><Ebit>0</Ebit><SaldoOneriRicavi>0</SaldoOneriRicavi><UtileAnteGestioneFinStra>0</UtileAnteGestioneFinStra><GestioneFinanziaria>5000</GestioneFinanziaria><UtileCorrente>0</UtileCorrente><GestioneStraordinaria>5000</GestioneStraordinaria><Ebt>0</Ebt><Imposte>5000</Imposte><RedditoNetto>0</RedditoNetto></Mese></Mesi></Data></Request>"}
[2019-11-25 12:17:42] 200 - OK - application/json
[2019-11-25 12:17:42] REQUEST POST - https://localhost:8082/public/ws/CDG.asmx/Forecast_Set
[2019-11-25 12:17:42] ---- FROM  ::1 (WinNT)
[2019-11-25 12:17:42] ---- BROWSER:  Chrome 78.0 (Mozilla/5.0 (Windows NT 10.0; Win64; x64) AppleWebKit/537.36 (KHTML, like Gecko) Chrome/78.0.3904.108 Safari/537.36)
[2019-11-25 12:17:42] ---- CONTENT: {data : "<?xml version='1.0' encoding='utf-8' ?><Request ID='20191125121742134'><General><Token>51111151252225224304000011334082</Token></General><Data></Data></Request>"}
[2019-11-25 12:17:42] REQUEST POST - https://localhost:8082/public/ws/Config.asmx/All_Get
[2019-11-25 12:17:42] ---- FROM  ::1 (WinNT)
[2019-11-25 12:17:42] ---- BROWSER:  Chrome 78.0 (Mozilla/5.0 (Windows NT 10.0; Win64; x64) AppleWebKit/537.36 (KHTML, like Gecko) Chrome/78.0.3904.108 Safari/537.36)
[2019-11-25 12:17:42] ---- CONTENT: {data : "<?xml version='1.0' encoding='utf-8' ?><Request ID='20191125121742157'><General><Token>51111151252225224304000011334082</Token></General><Data></Data></Request>"}
[2019-11-25 12:17:42] REQUEST POST - https://localhost:8082/public/ws/Economics.asmx/messaggi_summary
[2019-11-25 12:17:42] ---- FROM  ::1 (WinNT)
[2019-11-25 12:17:42] ---- BROWSER:  Chrome 78.0 (Mozilla/5.0 (Windows NT 10.0; Win64; x64) AppleWebKit/537.36 (KHTML, like Gecko) Chrome/78.0.3904.108 Safari/537.36)
[2019-11-25 12:17:42] ---- CONTENT: {data : "<?xml version='1.0' encoding='utf-8' ?><Request ID='20191125121742229'><General><Token>51111151252225224304000011334082</Token></General><Data></Data></Request>"}
[2019-11-25 12:17:42] 200 - OK - application/json
[2019-11-25 12:17:42] 200 - OK - application/json
[2019-11-25 12:17:42] REQUEST POST - https://localhost:8082/public/ws/Config.asmx/All_Get
[2019-11-25 12:17:42] ---- FROM  ::1 (WinNT)
[2019-11-25 12:17:42] ---- BROWSER:  Chrome 78.0 (Mozilla/5.0 (Windows NT 10.0; Win64; x64) AppleWebKit/537.36 (KHTML, like Gecko) Chrome/78.0.3904.108 Safari/537.36)
[2019-11-25 12:17:42] ---- CONTENT: {data : "<?xml version='1.0' encoding='utf-8' ?><Request ID='20191125121742487'><General><Token>51111151252225224304000011334082</Token></General><Data></Data></Request>"}
[2019-11-25 12:17:42] 200 - OK - application/json
[2019-11-25 12:17:42] 200 - OK - application/json
[2019-11-25 12:17:53] REQUEST GET - https://localhost:8082/controllo/scostamenti
[2019-11-25 12:17:53] ---- FROM  ::1 (WinNT)
[2019-11-25 12:17:53] ---- BROWSER:  Chrome 78.0 (Mozilla/5.0 (Windows NT 10.0; Win64; x64) AppleWebKit/537.36 (KHTML, like Gecko) Chrome/78.0.3904.108 Safari/537.36)
[2019-11-25 12:17:53] 200 - OK - text/html
[2019-11-25 12:17:53] REQUEST POST - https://localhost:8082/public/ws/CDG.asmx/Forecast_Get
[2019-11-25 12:17:53] ---- FROM  ::1 (WinNT)
[2019-11-25 12:17:53] ---- BROWSER:  Chrome 78.0 (Mozilla/5.0 (Windows NT 10.0; Win64; x64) AppleWebKit/537.36 (KHTML, like Gecko) Chrome/78.0.3904.108 Safari/537.36)
[2019-11-25 12:17:53] ---- CONTENT: {data : "<?xml version='1.0' encoding='utf-8' ?><Request ID='20191125121753819'><General><Token>51111151252225224304000011334082</Token></General><Data></Data></Request>"}
[2019-11-25 12:18:00] 200 - OK - application/json
[2019-11-25 12:18:00] REQUEST POST - https://localhost:8082/public/ws/Config.asmx/All_Get
[2019-11-25 12:18:00] ---- FROM  ::1 (WinNT)
[2019-11-25 12:18:00] ---- BROWSER:  Chrome 78.0 (Mozilla/5.0 (Windows NT 10.0; Win64; x64) AppleWebKit/537.36 (KHTML, like Gecko) Chrome/78.0.3904.108 Safari/537.36)
[2019-11-25 12:18:00] ---- CONTENT: {data : "<?xml version='1.0' encoding='utf-8' ?><Request ID='20191125121800361'><General><Token>51111151252225224304000011334082</Token></General><Data></Data></Request>"}
[2019-11-25 12:18:00] 200 - OK - application/json
[2019-11-25 12:18:00] REQUEST POST - https://localhost:8082/public/ws/Economics.asmx/messaggi_summary
[2019-11-25 12:18:00] ---- FROM  ::1 (WinNT)
[2019-11-25 12:18:00] ---- BROWSER:  Chrome 78.0 (Mozilla/5.0 (Windows NT 10.0; Win64; x64) AppleWebKit/537.36 (KHTML, like Gecko) Chrome/78.0.3904.108 Safari/537.36)
[2019-11-25 12:18:00] ---- CONTENT: {data : "<?xml version='1.0' encoding='utf-8' ?><Request ID='20191125121800511'><General><Token>51111151252225224304000011334082</Token></General><Data></Data></Request>"}
[2019-11-25 12:18:00] 200 - OK - application/json
[2019-11-25 12:18:00] REQUEST GET - https://localhost:8082/public/ws/Resources.ashx/xml-economics/51111151252225224304000011334082
[2019-11-25 12:18:00] ---- FROM  ::1 (WinNT)
[2019-11-25 12:18:00] ---- BROWSER:  Chrome 78.0 (Mozilla/5.0 (Windows NT 10.0; Win64; x64) AppleWebKit/537.36 (KHTML, like Gecko) Chrome/78.0.3904.108 Safari/537.36)
[2019-11-25 12:18:00] REQUEST POST - https://localhost:8082/public/ws/Config.asmx/All_Get
[2019-11-25 12:18:00] ---- FROM  ::1 (WinNT)
[2019-11-25 12:18:00] ---- BROWSER:  Chrome 78.0 (Mozilla/5.0 (Windows NT 10.0; Win64; x64) AppleWebKit/537.36 (KHTML, like Gecko) Chrome/78.0.3904.108 Safari/537.36)
[2019-11-25 12:18:00] ---- CONTENT: {data : "<?xml version='1.0' encoding='utf-8' ?><Request ID='20191125121800576'><General><Token>51111151252225224304000011334082</Token></General><Data></Data></Request>"}
[2019-11-25 12:18:00] 200 - OK - application/json
[2019-11-25 12:18:00] 200 - OK - text/xml
[2019-11-25 12:18:01] REQUEST POST - https://localhost:8082/public/ws/CDG.asmx/Data
[2019-11-25 12:18:01] ---- FROM  ::1 (WinNT)
[2019-11-25 12:18:01] ---- BROWSER:  Chrome 78.0 (Mozilla/5.0 (Windows NT 10.0; Win64; x64) AppleWebKit/537.36 (KHTML, like Gecko) Chrome/78.0.3904.108 Safari/537.36)
[2019-11-25 12:18:01] ---- CONTENT: {data : "<?xml version='1.0' encoding='utf-8' ?><Request ID='20191125121801483'><General><Token>51111151252225224304000011334082</Token></General><Data></Data></Request>"}
[2019-11-25 12:18:01] 200 - OK - application/json
[2019-11-25 12:18:01] REQUEST POST - https://localhost:8082/public/ws/CDG.asmx/Get
[2019-11-25 12:18:01] ---- FROM  ::1 (WinNT)
[2019-11-25 12:18:01] ---- BROWSER:  Chrome 78.0 (Mozilla/5.0 (Windows NT 10.0; Win64; x64) AppleWebKit/537.36 (KHTML, like Gecko) Chrome/78.0.3904.108 Safari/537.36)
[2019-11-25 12:18:01] ---- CONTENT: {data : "<?xml version='1.0' encoding='utf-8' ?><Request ID='20191125121801968'><General><Token>51111151252225224304000011334082</Token></General><Data></Data></Request>"}
[2019-11-25 12:18:01] 200 - OK - application/json
[2019-11-25 12:27:07] REQUEST GET - https://localhost:8082/controllo/scostamenti
[2019-11-25 12:27:07] ---- FROM  ::1 (WinNT)
[2019-11-25 12:27:07] ---- BROWSER:  Chrome 78.0 (Mozilla/5.0 (Windows NT 10.0; Win64; x64) AppleWebKit/537.36 (KHTML, like Gecko) Chrome/78.0.3904.108 Safari/537.36)
[2019-11-25 12:27:07] 302 - Found - text/html
[2019-11-25 12:27:07] REQUEST GET - https://localhost:8082/public/aspx/Home.aspx?ReturnUrl=%2fcontrollo%2fscostamenti
[2019-11-25 12:27:07] ---- FROM  ::1 (WinNT)
[2019-11-25 12:27:07] ---- BROWSER:  Chrome 78.0 (Mozilla/5.0 (Windows NT 10.0; Win64; x64) AppleWebKit/537.36 (KHTML, like Gecko) Chrome/78.0.3904.108 Safari/537.36)
[2019-11-25 12:27:07] 200 - OK - text/html
[2019-11-25 12:27:09] REQUEST GET - https://localhost:8082/public/aspx/Home.aspx?ReturnUrl=%2fcontrollo%2fscostamenti
[2019-11-25 12:27:09] ---- FROM  ::1 (WinNT)
[2019-11-25 12:27:09] ---- BROWSER:  Chrome 78.0 (Mozilla/5.0 (Windows NT 10.0; Win64; x64) AppleWebKit/537.36 (KHTML, like Gecko) Chrome/78.0.3904.108 Safari/537.36)
[2019-11-25 12:27:09] 200 - OK - text/html
[2019-11-25 12:27:16] REQUEST GET - https://localhost:8082/controllo/scostamenti
[2019-11-25 12:27:16] ---- FROM  ::1 (WinNT)
[2019-11-25 12:27:16] ---- BROWSER:  Chrome 78.0 (Mozilla/5.0 (Windows NT 10.0; Win64; x64) AppleWebKit/537.36 (KHTML, like Gecko) Chrome/78.0.3904.108 Safari/537.36)
[2019-11-25 12:27:16] 200 - OK - text/html
[2019-11-25 12:27:17] REQUEST POST - https://localhost:8082/public/ws/CDG.asmx/Forecast_Get
[2019-11-25 12:27:17] ---- FROM  ::1 (WinNT)
[2019-11-25 12:27:17] ---- BROWSER:  Chrome 78.0 (Mozilla/5.0 (Windows NT 10.0; Win64; x64) AppleWebKit/537.36 (KHTML, like Gecko) Chrome/78.0.3904.108 Safari/537.36)
[2019-11-25 12:27:17] ---- CONTENT: {data : "<?xml version='1.0' encoding='utf-8' ?><Request ID='20191125122717609'><General><Token>51111151252225224304000011334082</Token></General><Data></Data></Request>"}
[2019-11-25 12:27:17] 200 - OK - application/json
[2019-11-25 12:27:17] REQUEST POST - https://localhost:8082/public/ws/Config.asmx/All_Get
[2019-11-25 12:27:17] ---- FROM  ::1 (WinNT)
[2019-11-25 12:27:17] ---- BROWSER:  Chrome 78.0 (Mozilla/5.0 (Windows NT 10.0; Win64; x64) AppleWebKit/537.36 (KHTML, like Gecko) Chrome/78.0.3904.108 Safari/537.36)
[2019-11-25 12:27:17] ---- CONTENT: {data : "<?xml version='1.0' encoding='utf-8' ?><Request ID='20191125122717700'><General><Token>51111151252225224304000011334082</Token></General><Data></Data></Request>"}
[2019-11-25 12:27:17] 200 - OK - application/json
[2019-11-25 12:27:17] REQUEST GET - https://localhost:8082/public/ws/Resources.ashx/xml-economics/51111151252225224304000011334082
[2019-11-25 12:27:17] ---- FROM  ::1 (WinNT)
[2019-11-25 12:27:17] ---- BROWSER:  Chrome 78.0 (Mozilla/5.0 (Windows NT 10.0; Win64; x64) AppleWebKit/537.36 (KHTML, like Gecko) Chrome/78.0.3904.108 Safari/537.36)
[2019-11-25 12:27:17] REQUEST POST - https://localhost:8082/public/ws/Economics.asmx/messaggi_summary
[2019-11-25 12:27:17] ---- FROM  ::1 (WinNT)
[2019-11-25 12:27:17] ---- BROWSER:  Chrome 78.0 (Mozilla/5.0 (Windows NT 10.0; Win64; x64) AppleWebKit/537.36 (KHTML, like Gecko) Chrome/78.0.3904.108 Safari/537.36)
[2019-11-25 12:27:17] ---- CONTENT: {data : "<?xml version='1.0' encoding='utf-8' ?><Request ID='20191125122717745'><General><Token>51111151252225224304000011334082</Token></General><Data></Data></Request>"}
[2019-11-25 12:27:17] 200 - OK - text/xml
[2019-11-25 12:27:17] 200 - OK - application/json
[2019-11-25 12:27:18] REQUEST POST - https://localhost:8082/public/ws/CDG.asmx/Data
[2019-11-25 12:27:18] ---- FROM  ::1 (WinNT)
[2019-11-25 12:27:18] ---- BROWSER:  Chrome 78.0 (Mozilla/5.0 (Windows NT 10.0; Win64; x64) AppleWebKit/537.36 (KHTML, like Gecko) Chrome/78.0.3904.108 Safari/537.36)
[2019-11-25 12:27:18] ---- CONTENT: {data : "<?xml version='1.0' encoding='utf-8' ?><Request ID='20191125122718480'><General><Token>51111151252225224304000011334082</Token></General><Data></Data></Request>"}
[2019-11-25 12:27:18] 200 - OK - application/json
[2019-11-25 12:27:18] REQUEST POST - https://localhost:8082/public/ws/Config.asmx/All_Get
[2019-11-25 12:27:18] ---- FROM  ::1 (WinNT)
[2019-11-25 12:27:18] ---- BROWSER:  Chrome 78.0 (Mozilla/5.0 (Windows NT 10.0; Win64; x64) AppleWebKit/537.36 (KHTML, like Gecko) Chrome/78.0.3904.108 Safari/537.36)
[2019-11-25 12:27:18] ---- CONTENT: {data : "<?xml version='1.0' encoding='utf-8' ?><Request ID='20191125122718538'><General><Token>51111151252225224304000011334082</Token></General><Data></Data></Request>"}
[2019-11-25 12:27:18] 200 - OK - application/json
[2019-11-25 12:27:18] REQUEST POST - https://localhost:8082/public/ws/CDG.asmx/Get
[2019-11-25 12:27:18] ---- FROM  ::1 (WinNT)
[2019-11-25 12:27:18] ---- BROWSER:  Chrome 78.0 (Mozilla/5.0 (Windows NT 10.0; Win64; x64) AppleWebKit/537.36 (KHTML, like Gecko) Chrome/78.0.3904.108 Safari/537.36)
[2019-11-25 12:27:18] ---- CONTENT: {data : "<?xml version='1.0' encoding='utf-8' ?><Request ID='20191125122718879'><General><Token>51111151252225224304000011334082</Token></General><Data></Data></Request>"}
[2019-11-25 12:27:18] 200 - OK - application/json
[2019-11-25 12:41:03] REQUEST GET - https://localhost:8082/controllo/scostamenti
[2019-11-25 12:41:03] ---- FROM  ::1 (WinNT)
[2019-11-25 12:41:03] ---- BROWSER:  Chrome 78.0 (Mozilla/5.0 (Windows NT 10.0; Win64; x64) AppleWebKit/537.36 (KHTML, like Gecko) Chrome/78.0.3904.108 Safari/537.36)
[2019-11-25 12:41:03] 200 - OK - text/html
[2019-11-25 12:41:04] REQUEST POST - https://localhost:8082/public/ws/CDG.asmx/Forecast_Get
[2019-11-25 12:41:04] ---- FROM  ::1 (WinNT)
[2019-11-25 12:41:04] ---- BROWSER:  Chrome 78.0 (Mozilla/5.0 (Windows NT 10.0; Win64; x64) AppleWebKit/537.36 (KHTML, like Gecko) Chrome/78.0.3904.108 Safari/537.36)
[2019-11-25 12:41:04] ---- CONTENT: {data : "<?xml version='1.0' encoding='utf-8' ?><Request ID='20191125124104593'><General><Token>51111151252225224304000011334082</Token></General><Data></Data></Request>"}
[2019-11-25 12:41:04] 200 - OK - application/json
[2019-11-25 12:41:04] REQUEST POST - https://localhost:8082/public/ws/Config.asmx/All_Get
[2019-11-25 12:41:04] ---- FROM  ::1 (WinNT)
[2019-11-25 12:41:04] ---- BROWSER:  Chrome 78.0 (Mozilla/5.0 (Windows NT 10.0; Win64; x64) AppleWebKit/537.36 (KHTML, like Gecko) Chrome/78.0.3904.108 Safari/537.36)
[2019-11-25 12:41:04] ---- CONTENT: {data : "<?xml version='1.0' encoding='utf-8' ?><Request ID='20191125124104738'><General><Token>51111151252225224304000011334082</Token></General><Data></Data></Request>"}
[2019-11-25 12:41:04] 200 - OK - application/json
[2019-11-25 12:41:04] REQUEST GET - https://localhost:8082/public/ws/Resources.ashx/xml-economics/51111151252225224304000011334082
[2019-11-25 12:41:04] ---- FROM  ::1 (WinNT)
[2019-11-25 12:41:04] ---- BROWSER:  Chrome 78.0 (Mozilla/5.0 (Windows NT 10.0; Win64; x64) AppleWebKit/537.36 (KHTML, like Gecko) Chrome/78.0.3904.108 Safari/537.36)
[2019-11-25 12:41:04] 200 - OK - text/xml
[2019-11-25 12:41:04] REQUEST POST - https://localhost:8082/public/ws/Economics.asmx/messaggi_summary
[2019-11-25 12:41:04] ---- FROM  ::1 (WinNT)
[2019-11-25 12:41:04] ---- BROWSER:  Chrome 78.0 (Mozilla/5.0 (Windows NT 10.0; Win64; x64) AppleWebKit/537.36 (KHTML, like Gecko) Chrome/78.0.3904.108 Safari/537.36)
[2019-11-25 12:41:04] ---- CONTENT: {data : "<?xml version='1.0' encoding='utf-8' ?><Request ID='20191125124104788'><General><Token>51111151252225224304000011334082</Token></General><Data></Data></Request>"}
[2019-11-25 12:41:04] 200 - OK - application/json
[2019-11-25 12:41:05] REQUEST POST - https://localhost:8082/public/ws/CDG.asmx/Data
[2019-11-25 12:41:05] ---- FROM  ::1 (WinNT)
[2019-11-25 12:41:05] ---- BROWSER:  Chrome 78.0 (Mozilla/5.0 (Windows NT 10.0; Win64; x64) AppleWebKit/537.36 (KHTML, like Gecko) Chrome/78.0.3904.108 Safari/537.36)
[2019-11-25 12:41:05] ---- CONTENT: {data : "<?xml version='1.0' encoding='utf-8' ?><Request ID='20191125124105441'><General><Token>51111151252225224304000011334082</Token></General><Data></Data></Request>"}
[2019-11-25 12:41:05] 200 - OK - application/json
[2019-11-25 12:41:05] REQUEST POST - https://localhost:8082/public/ws/Config.asmx/All_Get
[2019-11-25 12:41:05] ---- FROM  ::1 (WinNT)
[2019-11-25 12:41:05] ---- BROWSER:  Chrome 78.0 (Mozilla/5.0 (Windows NT 10.0; Win64; x64) AppleWebKit/537.36 (KHTML, like Gecko) Chrome/78.0.3904.108 Safari/537.36)
[2019-11-25 12:41:05] ---- CONTENT: {data : "<?xml version='1.0' encoding='utf-8' ?><Request ID='20191125124105476'><General><Token>51111151252225224304000011334082</Token></General><Data></Data></Request>"}
[2019-11-25 12:41:05] 200 - OK - application/json
[2019-11-25 12:41:05] REQUEST POST - https://localhost:8082/public/ws/CDG.asmx/Get
[2019-11-25 12:41:05] ---- FROM  ::1 (WinNT)
[2019-11-25 12:41:05] ---- BROWSER:  Chrome 78.0 (Mozilla/5.0 (Windows NT 10.0; Win64; x64) AppleWebKit/537.36 (KHTML, like Gecko) Chrome/78.0.3904.108 Safari/537.36)
[2019-11-25 12:41:05] ---- CONTENT: {data : "<?xml version='1.0' encoding='utf-8' ?><Request ID='20191125124105827'><General><Token>51111151252225224304000011334082</Token></General><Data></Data></Request>"}
[2019-11-25 12:41:05] 200 - OK - application/json
[2019-11-25 12:45:55] REQUEST GET - https://localhost:8082/controllo/distribuzione-mensile
[2019-11-25 12:45:55] ---- FROM  ::1 (WinNT)
[2019-11-25 12:45:55] ---- BROWSER:  Chrome 78.0 (Mozilla/5.0 (Windows NT 10.0; Win64; x64) AppleWebKit/537.36 (KHTML, like Gecko) Chrome/78.0.3904.108 Safari/537.36)
[2019-11-25 12:45:55] 200 - OK - text/html
[2019-11-25 12:45:57] REQUEST POST - https://localhost:8082/public/ws/CDG.asmx/Weights_Get
[2019-11-25 12:45:57] ---- FROM  ::1 (WinNT)
[2019-11-25 12:45:57] ---- BROWSER:  Chrome 78.0 (Mozilla/5.0 (Windows NT 10.0; Win64; x64) AppleWebKit/537.36 (KHTML, like Gecko) Chrome/78.0.3904.108 Safari/537.36)
[2019-11-25 12:45:57] ---- CONTENT: {data : "<?xml version='1.0' encoding='utf-8' ?><Request ID='20191125124557164'><General><Token>51111151252225224304000011334082</Token></General><Data></Data></Request>"}
[2019-11-25 12:45:57] 200 - OK - application/json
[2019-11-25 12:45:57] REQUEST POST - https://localhost:8082/public/ws/Config.asmx/All_Get
[2019-11-25 12:45:57] ---- FROM  ::1 (WinNT)
[2019-11-25 12:45:57] ---- BROWSER:  Chrome 78.0 (Mozilla/5.0 (Windows NT 10.0; Win64; x64) AppleWebKit/537.36 (KHTML, like Gecko) Chrome/78.0.3904.108 Safari/537.36)
[2019-11-25 12:45:57] ---- CONTENT: {data : "<?xml version='1.0' encoding='utf-8' ?><Request ID='20191125124557254'><General><Token>51111151252225224304000011334082</Token></General><Data></Data></Request>"}
[2019-11-25 12:45:57] 200 - OK - application/json
[2019-11-25 12:45:57] REQUEST GET - https://localhost:8082/public/ws/Resources.ashx/xml-economics/51111151252225224304000011334082
[2019-11-25 12:45:57] ---- FROM  ::1 (WinNT)
[2019-11-25 12:45:57] ---- BROWSER:  Chrome 78.0 (Mozilla/5.0 (Windows NT 10.0; Win64; x64) AppleWebKit/537.36 (KHTML, like Gecko) Chrome/78.0.3904.108 Safari/537.36)
[2019-11-25 12:45:57] 200 - OK - text/xml
[2019-11-25 12:45:57] REQUEST POST - https://localhost:8082/public/ws/Economics.asmx/messaggi_summary
[2019-11-25 12:45:57] ---- FROM  ::1 (WinNT)
[2019-11-25 12:45:57] ---- BROWSER:  Chrome 78.0 (Mozilla/5.0 (Windows NT 10.0; Win64; x64) AppleWebKit/537.36 (KHTML, like Gecko) Chrome/78.0.3904.108 Safari/537.36)
[2019-11-25 12:45:57] ---- CONTENT: {data : "<?xml version='1.0' encoding='utf-8' ?><Request ID='20191125124557342'><General><Token>51111151252225224304000011334082</Token></General><Data></Data></Request>"}
[2019-11-25 12:45:57] 200 - OK - application/json
[2019-11-25 12:45:57] REQUEST POST - https://localhost:8082/public/ws/CDG.asmx/BPData
[2019-11-25 12:45:57] ---- FROM  ::1 (WinNT)
[2019-11-25 12:45:57] ---- BROWSER:  Chrome 78.0 (Mozilla/5.0 (Windows NT 10.0; Win64; x64) AppleWebKit/537.36 (KHTML, like Gecko) Chrome/78.0.3904.108 Safari/537.36)
[2019-11-25 12:45:57] ---- CONTENT: {data : "<?xml version='1.0' encoding='utf-8' ?><Request ID='20191125124557386'><General><Token>51111151252225224304000011334082</Token></General><Data></Data></Request>"}
[2019-11-25 12:45:57] 200 - OK - application/json
[2019-11-25 12:45:58] REQUEST POST - https://localhost:8082/public/ws/Config.asmx/All_Get
[2019-11-25 12:45:58] ---- FROM  ::1 (WinNT)
[2019-11-25 12:45:58] ---- BROWSER:  Chrome 78.0 (Mozilla/5.0 (Windows NT 10.0; Win64; x64) AppleWebKit/537.36 (KHTML, like Gecko) Chrome/78.0.3904.108 Safari/537.36)
[2019-11-25 12:45:58] ---- CONTENT: {data : "<?xml version='1.0' encoding='utf-8' ?><Request ID='20191125124558449'><General><Token>51111151252225224304000011334082</Token></General><Data></Data></Request>"}
[2019-11-25 12:45:58] 200 - OK - application/json
[2019-11-25 12:45:58] REQUEST POST - https://localhost:8082/public/ws/CDG.asmx/Get
[2019-11-25 12:45:58] ---- FROM  ::1 (WinNT)
[2019-11-25 12:45:58] ---- BROWSER:  Chrome 78.0 (Mozilla/5.0 (Windows NT 10.0; Win64; x64) AppleWebKit/537.36 (KHTML, like Gecko) Chrome/78.0.3904.108 Safari/537.36)
[2019-11-25 12:45:58] ---- CONTENT: {data : "<?xml version='1.0' encoding='utf-8' ?><Request ID='20191125124558613'><General><Token>51111151252225224304000011334082</Token></General><Data></Data></Request>"}
[2019-11-25 12:45:58] 200 - OK - application/json
