[2019-08-21 12:57:16] ---- FROM  ::1 (WinNT)
[2019-08-21 12:57:16] ---- BROWSER:  Chrome 76.0 (Mozilla/5.0 (Windows NT 10.0; Win64; x64) AppleWebKit/537.36 (KHTML, like Gecko) Chrome/76.0.3809.100 Safari/537.36)
[2019-08-21 12:57:16] 200 - OK - text/html
[2019-08-21 12:57:18] REQUEST POST - https://localhost:8082/public/ws/General.asmx/Set
[2019-08-21 12:57:18] ---- FROM  ::1 (WinNT)
[2019-08-21 12:57:18] ---- BROWSER:  Chrome 76.0 (Mozilla/5.0 (Windows NT 10.0; Win64; x64) AppleWebKit/537.36 (KHTML, like Gecko) Chrome/76.0.3809.100 Safari/537.36)
[2019-08-21 12:57:18] ---- CONTENT: {data : "<?xml version='1.0' encoding='utf-8' ?><Request ID='20190821125718269'><General><Token>61111131252223224013000011333653</Token></General><Data><Nome>Business Plan Test nr. 2</Nome><Logo>https%3A%2F%2Flocalhost%3A8082%2Fscratch%2Fpl_logo.png</Logo></Data></Request>"}
[2019-08-21 12:57:18] 200 - OK - application/json
[2019-08-21 12:57:18] REQUEST POST - https://localhost:8082/public/ws/Config.asmx/Economics_Get
[2019-08-21 12:57:18] ---- FROM  ::1 (WinNT)
[2019-08-21 12:57:18] ---- BROWSER:  Chrome 76.0 (Mozilla/5.0 (Windows NT 10.0; Win64; x64) AppleWebKit/537.36 (KHTML, like Gecko) Chrome/76.0.3809.100 Safari/537.36)
[2019-08-21 12:57:18] ---- CONTENT: {data : "<?xml version='1.0' encoding='utf-8' ?><Request ID='20190821125718468'><General><Token>61111131252223224013000011333653</Token></General><Data></Data></Request>"}
[2019-08-21 12:57:18] 200 - OK - application/json
[2019-08-21 12:57:18] REQUEST POST - https://localhost:8082/public/ws/Config.asmx/All_Get
[2019-08-21 12:57:18] ---- FROM  ::1 (WinNT)
[2019-08-21 12:57:18] ---- BROWSER:  Chrome 76.0 (Mozilla/5.0 (Windows NT 10.0; Win64; x64) AppleWebKit/537.36 (KHTML, like Gecko) Chrome/76.0.3809.100 Safari/537.36)
[2019-08-21 12:57:18] ---- CONTENT: {data : "<?xml version='1.0' encoding='utf-8' ?><Request ID='20190821125718589'><General><Token>61111131252223224013000011333653</Token></General><Data></Data></Request>"}
[2019-08-21 12:57:18] 200 - OK - application/json
[2019-08-21 12:57:18] REQUEST POST - https://localhost:8082/public/ws/Economics.asmx/messaggi_summary
[2019-08-21 12:57:18] ---- FROM  ::1 (WinNT)
[2019-08-21 12:57:18] ---- BROWSER:  Chrome 76.0 (Mozilla/5.0 (Windows NT 10.0; Win64; x64) AppleWebKit/537.36 (KHTML, like Gecko) Chrome/76.0.3809.100 Safari/537.36)
[2019-08-21 12:57:18] ---- CONTENT: {data : "<?xml version='1.0' encoding='utf-8' ?><Request ID='20190821125718636'><General><Token>61111131252223224013000011333653</Token></General><Data></Data></Request>"}
[2019-08-21 12:57:19] 200 - OK - application/json
[2019-08-21 12:57:18] REQUEST POST - https://localhost:8082/public/ws/Config.asmx/All_Get
[2019-08-21 12:57:19] ---- FROM  ::1 (WinNT)
[2019-08-21 12:57:19] ---- BROWSER:  Chrome 76.0 (Mozilla/5.0 (Windows NT 10.0; Win64; x64) AppleWebKit/537.36 (KHTML, like Gecko) Chrome/76.0.3809.100 Safari/537.36)
[2019-08-21 12:57:19] ---- CONTENT: {data : "<?xml version='1.0' encoding='utf-8' ?><Request ID='20190821125718941'><General><Token>61111131252223224013000011333653</Token></General><Data></Data></Request>"}
[2019-08-21 12:57:19] 200 - OK - application/json
[2019-08-21 12:57:19] REQUEST POST - https://localhost:8082/public/ws/Config.asmx/All_Get
[2019-08-21 12:57:20] ---- FROM  ::1 (WinNT)
[2019-08-21 12:57:20] ---- BROWSER:  Chrome 76.0 (Mozilla/5.0 (Windows NT 10.0; Win64; x64) AppleWebKit/537.36 (KHTML, like Gecko) Chrome/76.0.3809.100 Safari/537.36)
[2019-08-21 12:57:20] ---- CONTENT: {data : "<?xml version='1.0' encoding='utf-8' ?><Request ID='2019082112571997'><General><Token>61111131252223224013000011333653</Token></General><Data></Data></Request>"}
[2019-08-21 12:57:20] 200 - OK - application/json
[2019-08-21 12:57:24] REQUEST GET - https://localhost:8082/economics/iva
[2019-08-21 12:57:24] ---- FROM  ::1 (WinNT)
[2019-08-21 12:57:24] ---- BROWSER:  Chrome 76.0 (Mozilla/5.0 (Windows NT 10.0; Win64; x64) AppleWebKit/537.36 (KHTML, like Gecko) Chrome/76.0.3809.100 Safari/537.36)
[2019-08-21 12:57:24] 200 - OK - text/html
[2019-08-21 12:57:26] REQUEST POST - https://localhost:8082/public/ws/Iva.asmx/Get
[2019-08-21 12:57:26] ---- FROM  ::1 (WinNT)
[2019-08-21 12:57:26] ---- BROWSER:  Chrome 76.0 (Mozilla/5.0 (Windows NT 10.0; Win64; x64) AppleWebKit/537.36 (KHTML, like Gecko) Chrome/76.0.3809.100 Safari/537.36)
[2019-08-21 12:57:26] ---- CONTENT: {data : "<?xml version='1.0' encoding='utf-8' ?><Request ID='20190821125726288'><General><Token>61111131252223224013000011333653</Token></General><Data></Data></Request>"}
[2019-08-21 12:57:28] 200 - OK - application/json
[2019-08-21 12:57:28] REQUEST POST - https://localhost:8082/public/ws/Config.asmx/All_Get
[2019-08-21 12:57:28] ---- FROM  ::1 (WinNT)
[2019-08-21 12:57:28] ---- BROWSER:  Chrome 76.0 (Mozilla/5.0 (Windows NT 10.0; Win64; x64) AppleWebKit/537.36 (KHTML, like Gecko) Chrome/76.0.3809.100 Safari/537.36)
[2019-08-21 12:57:28] ---- CONTENT: {data : "<?xml version='1.0' encoding='utf-8' ?><Request ID='20190821125728195'><General><Token>61111131252223224013000011333653</Token></General><Data></Data></Request>"}
[2019-08-21 12:57:28] 200 - OK - application/json
[2019-08-21 12:57:28] REQUEST POST - https://localhost:8082/public/ws/Economics.asmx/messaggi_summary
[2019-08-21 12:57:28] ---- FROM  ::1 (WinNT)
[2019-08-21 12:57:28] ---- BROWSER:  Chrome 76.0 (Mozilla/5.0 (Windows NT 10.0; Win64; x64) AppleWebKit/537.36 (KHTML, like Gecko) Chrome/76.0.3809.100 Safari/537.36)
[2019-08-21 12:57:28] ---- CONTENT: {data : "<?xml version='1.0' encoding='utf-8' ?><Request ID='20190821125728251'><General><Token>61111131252223224013000011333653</Token></General><Data></Data></Request>"}
[2019-08-21 12:57:28] REQUEST GET - https://localhost:8082/public/ws/Resources.ashx/xml-economics/61111131252223224013000011333653
[2019-08-21 12:57:28] ---- FROM  ::1 (WinNT)
[2019-08-21 12:57:28] ---- BROWSER:  Chrome 76.0 (Mozilla/5.0 (Windows NT 10.0; Win64; x64) AppleWebKit/537.36 (KHTML, like Gecko) Chrome/76.0.3809.100 Safari/537.36)
[2019-08-21 12:57:28] 200 - OK - application/json
[2019-08-21 12:57:28] 200 - OK - text/xml
[2019-08-21 12:57:28] REQUEST POST - https://localhost:8082/public/ws/Config.asmx/All_Get
[2019-08-21 12:57:28] ---- FROM  ::1 (WinNT)
[2019-08-21 12:57:28] ---- BROWSER:  Chrome 76.0 (Mozilla/5.0 (Windows NT 10.0; Win64; x64) AppleWebKit/537.36 (KHTML, like Gecko) Chrome/76.0.3809.100 Safari/537.36)
[2019-08-21 12:57:28] ---- CONTENT: {data : "<?xml version='1.0' encoding='utf-8' ?><Request ID='20190821125728500'><General><Token>61111131252223224013000011333653</Token></General><Data></Data></Request>"}
[2019-08-21 12:57:28] 200 - OK - application/json
[2019-08-21 12:57:29] REQUEST POST - https://localhost:8082/public/ws/Config.asmx/All_Get
[2019-08-21 12:57:29] ---- FROM  ::1 (WinNT)
[2019-08-21 12:57:29] ---- BROWSER:  Chrome 76.0 (Mozilla/5.0 (Windows NT 10.0; Win64; x64) AppleWebKit/537.36 (KHTML, like Gecko) Chrome/76.0.3809.100 Safari/537.36)
[2019-08-21 12:57:29] ---- CONTENT: {data : "<?xml version='1.0' encoding='utf-8' ?><Request ID='20190821125729242'><General><Token>61111131252223224013000011333653</Token></General><Data></Data></Request>"}
[2019-08-21 12:57:29] 200 - OK - application/json
[2019-08-21 12:58:28] REQUEST GET - https://localhost:8082/public/aspx/Home.aspx?Token=61111131252223224013000011333653&TokenApiRest=eyJ0eXAiOiJKV1QiLCJhbGciOiJIUzI1NiJ9.eyJpc3MiOiJodHRwczpcL1wvd3d3cy5kZXYteWVhcC5pdCIsImlhdCI6MTU0MjI5NDMyMSwibmJmIjoxNTQyMjk0MzIxLCJleHAiOjE1NDI4OTkxMjEsImRhdGEiOnsidXNlciI6eyJpZCI6IjQ0In19fQ.RCP5OeoGASxAyBw1MbMD4BFJAcDM5JIXqYXKBALZcJI&Logo=https://localhost:8082/scratch/pl_logo.png&Title=Business Plan Test nr. 2
[2019-08-21 12:58:28] ---- FROM  ::1 (WinNT)
[2019-08-21 12:58:28] ---- BROWSER:  Chrome 76.0 (Mozilla/5.0 (Windows NT 10.0; Win64; x64) AppleWebKit/537.36 (KHTML, like Gecko) Chrome/76.0.3809.100 Safari/537.36)
[2019-08-21 12:58:28] 302 - Found - text/html
[2019-08-21 12:58:28] REQUEST GET - https://localhost:8082/home/welcome?Token=61111131252223224013000011333653&TokenApiRest=eyJ0eXAiOiJKV1QiLCJhbGciOiJIUzI1NiJ9.eyJpc3MiOiJodHRwczpcL1wvd3d3cy5kZXYteWVhcC5pdCIsImlhdCI6MTU0MjI5NDMyMSwibmJmIjoxNTQyMjk0MzIxLCJleHAiOjE1NDI4OTkxMjEsImRhdGEiOnsidXNlciI6eyJpZCI6IjQ0In19fQ.RCP5OeoGASxAyBw1MbMD4BFJAcDM5JIXqYXKBALZcJI&Logo=https://localhost:8082/scratch/pl_logo.png&Title=Business Plan Test nr. 2
[2019-08-21 12:58:28] ---- FROM  ::1 (WinNT)
[2019-08-21 12:58:28] ---- BROWSER:  Chrome 76.0 (Mozilla/5.0 (Windows NT 10.0; Win64; x64) AppleWebKit/537.36 (KHTML, like Gecko) Chrome/76.0.3809.100 Safari/537.36)
[2019-08-21 12:58:28] 200 - OK - text/html
[2019-08-21 12:58:30] REQUEST POST - https://localhost:8082/public/ws/General.asmx/Set
[2019-08-21 12:58:30] ---- FROM  ::1 (WinNT)
[2019-08-21 12:58:30] ---- BROWSER:  Chrome 76.0 (Mozilla/5.0 (Windows NT 10.0; Win64; x64) AppleWebKit/537.36 (KHTML, like Gecko) Chrome/76.0.3809.100 Safari/537.36)
[2019-08-21 12:58:30] ---- CONTENT: {data : "<?xml version='1.0' encoding='utf-8' ?><Request ID='2019082112583025'><General><Token>61111131252223224013000011333653</Token></General><Data><Nome>Business Plan Test nr. 2</Nome><Logo>https%3A%2F%2Flocalhost%3A8082%2Fscratch%2Fpl_logo.png</Logo></Data></Request>"}
[2019-08-21 12:58:30] 200 - OK - application/json
[2019-08-21 12:58:30] REQUEST POST - https://localhost:8082/public/ws/Config.asmx/Economics_Get
[2019-08-21 12:58:30] ---- FROM  ::1 (WinNT)
[2019-08-21 12:58:30] ---- BROWSER:  Chrome 76.0 (Mozilla/5.0 (Windows NT 10.0; Win64; x64) AppleWebKit/537.36 (KHTML, like Gecko) Chrome/76.0.3809.100 Safari/537.36)
[2019-08-21 12:58:30] ---- CONTENT: {data : "<?xml version='1.0' encoding='utf-8' ?><Request ID='2019082112583096'><General><Token>61111131252223224013000011333653</Token></General><Data></Data></Request>"}
[2019-08-21 12:58:30] 200 - OK - application/json
[2019-08-21 12:58:30] REQUEST POST - https://localhost:8082/public/ws/Economics.asmx/messaggi_summary
[2019-08-21 12:58:30] ---- FROM  ::1 (WinNT)
[2019-08-21 12:58:30] ---- BROWSER:  Chrome 76.0 (Mozilla/5.0 (Windows NT 10.0; Win64; x64) AppleWebKit/537.36 (KHTML, like Gecko) Chrome/76.0.3809.100 Safari/537.36)
[2019-08-21 12:58:30] ---- CONTENT: {data : "<?xml version='1.0' encoding='utf-8' ?><Request ID='20190821125830327'><General><Token>61111131252223224013000011333653</Token></General><Data></Data></Request>"}
[2019-08-21 12:58:30] 200 - OK - application/json
[2019-08-21 12:58:30] REQUEST POST - https://localhost:8082/public/ws/Config.asmx/All_Get
[2019-08-21 12:58:30] ---- FROM  ::1 (WinNT)
[2019-08-21 12:58:30] ---- BROWSER:  Chrome 76.0 (Mozilla/5.0 (Windows NT 10.0; Win64; x64) AppleWebKit/537.36 (KHTML, like Gecko) Chrome/76.0.3809.100 Safari/537.36)
[2019-08-21 12:58:30] REQUEST POST - https://localhost:8082/public/ws/Config.asmx/All_Get
[2019-08-21 12:58:30] ---- FROM  ::1 (WinNT)
[2019-08-21 12:58:30] REQUEST POST - https://localhost:8082/public/ws/Config.asmx/All_Get
[2019-08-21 12:58:30] ---- CONTENT: {data : "<?xml version='1.0' encoding='utf-8' ?><Request ID='20190821125830353'><General><Token>61111131252223224013000011333653</Token></General><Data></Data></Request>"}
[2019-08-21 12:58:30] ---- BROWSER:  Chrome 76.0 (Mozilla/5.0 (Windows NT 10.0; Win64; x64) AppleWebKit/537.36 (KHTML, like Gecko) Chrome/76.0.3809.100 Safari/537.36)
[2019-08-21 12:58:30] ---- CONTENT: {data : "<?xml version='1.0' encoding='utf-8' ?><Request ID='20190821125830454'><General><Token>61111131252223224013000011333653</Token></General><Data></Data></Request>"}
[2019-08-21 12:58:30] ---- FROM  ::1 (WinNT)
[2019-08-21 12:58:30] ---- BROWSER:  Chrome 76.0 (Mozilla/5.0 (Windows NT 10.0; Win64; x64) AppleWebKit/537.36 (KHTML, like Gecko) Chrome/76.0.3809.100 Safari/537.36)
[2019-08-21 12:58:30] ---- CONTENT: {data : "<?xml version='1.0' encoding='utf-8' ?><Request ID='20190821125830739'><General><Token>61111131252223224013000011333653</Token></General><Data></Data></Request>"}
[2019-08-21 12:58:30] 200 - OK - application/json
[2019-08-21 12:58:30] 200 - OK - application/json
[2019-08-21 12:58:30] 200 - OK - application/json
[2019-08-21 12:58:36] REQUEST GET - https://localhost:8082/economics/iva
[2019-08-21 12:58:36] ---- FROM  ::1 (WinNT)
[2019-08-21 12:58:36] ---- BROWSER:  Chrome 76.0 (Mozilla/5.0 (Windows NT 10.0; Win64; x64) AppleWebKit/537.36 (KHTML, like Gecko) Chrome/76.0.3809.100 Safari/537.36)
[2019-08-21 12:58:36] 200 - OK - text/html
[2019-08-21 12:58:37] REQUEST POST - https://localhost:8082/public/ws/Iva.asmx/Get
[2019-08-21 12:58:37] ---- FROM  ::1 (WinNT)
[2019-08-21 12:58:37] ---- BROWSER:  Chrome 76.0 (Mozilla/5.0 (Windows NT 10.0; Win64; x64) AppleWebKit/537.36 (KHTML, like Gecko) Chrome/76.0.3809.100 Safari/537.36)
[2019-08-21 12:58:37] ---- CONTENT: {data : "<?xml version='1.0' encoding='utf-8' ?><Request ID='20190821125837943'><General><Token>61111131252223224013000011333653</Token></General><Data></Data></Request>"}
[2019-08-21 12:58:39] 200 - OK - application/json
[2019-08-21 12:58:39] REQUEST POST - https://localhost:8082/public/ws/Config.asmx/All_Get
[2019-08-21 12:58:39] ---- FROM  ::1 (WinNT)
[2019-08-21 12:58:39] ---- BROWSER:  Chrome 76.0 (Mozilla/5.0 (Windows NT 10.0; Win64; x64) AppleWebKit/537.36 (KHTML, like Gecko) Chrome/76.0.3809.100 Safari/537.36)
[2019-08-21 12:58:39] ---- CONTENT: {data : "<?xml version='1.0' encoding='utf-8' ?><Request ID='20190821125839578'><General><Token>61111131252223224013000011333653</Token></General><Data></Data></Request>"}
[2019-08-21 12:58:39] 200 - OK - application/json
[2019-08-21 12:58:39] REQUEST POST - https://localhost:8082/public/ws/Economics.asmx/messaggi_summary
[2019-08-21 12:58:39] ---- FROM  ::1 (WinNT)
[2019-08-21 12:58:39] ---- BROWSER:  Chrome 76.0 (Mozilla/5.0 (Windows NT 10.0; Win64; x64) AppleWebKit/537.36 (KHTML, like Gecko) Chrome/76.0.3809.100 Safari/537.36)
[2019-08-21 12:58:39] ---- CONTENT: {data : "<?xml version='1.0' encoding='utf-8' ?><Request ID='20190821125839634'><General><Token>61111131252223224013000011333653</Token></General><Data></Data></Request>"}
[2019-08-21 12:58:39] 200 - OK - application/json
[2019-08-21 12:58:39] REQUEST GET - https://localhost:8082/public/ws/Resources.ashx/xml-economics/61111131252223224013000011333653
[2019-08-21 12:58:39] ---- FROM  ::1 (WinNT)
[2019-08-21 12:58:39] ---- BROWSER:  Chrome 76.0 (Mozilla/5.0 (Windows NT 10.0; Win64; x64) AppleWebKit/537.36 (KHTML, like Gecko) Chrome/76.0.3809.100 Safari/537.36)
[2019-08-21 12:58:39] 200 - OK - text/xml
[2019-08-21 12:58:39] REQUEST POST - https://localhost:8082/public/ws/Config.asmx/All_Get
[2019-08-21 12:58:39] ---- FROM  ::1 (WinNT)
[2019-08-21 12:58:39] ---- BROWSER:  Chrome 76.0 (Mozilla/5.0 (Windows NT 10.0; Win64; x64) AppleWebKit/537.36 (KHTML, like Gecko) Chrome/76.0.3809.100 Safari/537.36)
[2019-08-21 12:58:39] ---- CONTENT: {data : "<?xml version='1.0' encoding='utf-8' ?><Request ID='20190821125839747'><General><Token>61111131252223224013000011333653</Token></General><Data></Data></Request>"}
[2019-08-21 12:58:39] 200 - OK - application/json
[2019-08-21 12:58:40] REQUEST POST - https://localhost:8082/public/ws/Config.asmx/All_Get
[2019-08-21 12:58:40] ---- FROM  ::1 (WinNT)
[2019-08-21 12:58:40] ---- BROWSER:  Chrome 76.0 (Mozilla/5.0 (Windows NT 10.0; Win64; x64) AppleWebKit/537.36 (KHTML, like Gecko) Chrome/76.0.3809.100 Safari/537.36)
[2019-08-21 12:58:40] ---- CONTENT: {data : "<?xml version='1.0' encoding='utf-8' ?><Request ID='20190821125840361'><General><Token>61111131252223224013000011333653</Token></General><Data></Data></Request>"}
[2019-08-21 12:58:40] 200 - OK - application/json
[2019-08-21 13:01:40] REQUEST GET - https://localhost:8082/public/aspx/Home.aspx?Token=61111131252223224013000011333653&TokenApiRest=eyJ0eXAiOiJKV1QiLCJhbGciOiJIUzI1NiJ9.eyJpc3MiOiJodHRwczpcL1wvd3d3cy5kZXYteWVhcC5pdCIsImlhdCI6MTU0MjI5NDMyMSwibmJmIjoxNTQyMjk0MzIxLCJleHAiOjE1NDI4OTkxMjEsImRhdGEiOnsidXNlciI6eyJpZCI6IjQ0In19fQ.RCP5OeoGASxAyBw1MbMD4BFJAcDM5JIXqYXKBALZcJI&Logo=https://localhost:8082/scratch/pl_logo.png&Title=Business Plan Test nr. 2
[2019-08-21 13:01:40] ---- FROM  ::1 (WinNT)
[2019-08-21 13:01:40] ---- BROWSER:  Chrome 76.0 (Mozilla/5.0 (Windows NT 10.0; Win64; x64) AppleWebKit/537.36 (KHTML, like Gecko) Chrome/76.0.3809.100 Safari/537.36)
[2019-08-21 13:01:40] 302 - Found - text/html
[2019-08-21 13:01:40] REQUEST GET - https://localhost:8082/home/welcome?Token=61111131252223224013000011333653&TokenApiRest=eyJ0eXAiOiJKV1QiLCJhbGciOiJIUzI1NiJ9.eyJpc3MiOiJodHRwczpcL1wvd3d3cy5kZXYteWVhcC5pdCIsImlhdCI6MTU0MjI5NDMyMSwibmJmIjoxNTQyMjk0MzIxLCJleHAiOjE1NDI4OTkxMjEsImRhdGEiOnsidXNlciI6eyJpZCI6IjQ0In19fQ.RCP5OeoGASxAyBw1MbMD4BFJAcDM5JIXqYXKBALZcJI&Logo=https://localhost:8082/scratch/pl_logo.png&Title=Business Plan Test nr. 2
[2019-08-21 13:01:40] ---- FROM  ::1 (WinNT)
[2019-08-21 13:01:40] ---- BROWSER:  Chrome 76.0 (Mozilla/5.0 (Windows NT 10.0; Win64; x64) AppleWebKit/537.36 (KHTML, like Gecko) Chrome/76.0.3809.100 Safari/537.36)
[2019-08-21 13:01:40] 200 - OK - text/html
[2019-08-21 13:01:41] REQUEST POST - https://localhost:8082/public/ws/General.asmx/Set
[2019-08-21 13:01:41] ---- FROM  ::1 (WinNT)
[2019-08-21 13:01:41] ---- BROWSER:  Chrome 76.0 (Mozilla/5.0 (Windows NT 10.0; Win64; x64) AppleWebKit/537.36 (KHTML, like Gecko) Chrome/76.0.3809.100 Safari/537.36)
[2019-08-21 13:01:41] ---- CONTENT: {data : "<?xml version='1.0' encoding='utf-8' ?><Request ID='20190821130141250'><General><Token>61111131252223224013000011333653</Token></General><Data><Nome>Business Plan Test nr. 2</Nome><Logo>https%3A%2F%2Flocalhost%3A8082%2Fscratch%2Fpl_logo.png</Logo></Data></Request>"}
[2019-08-21 13:01:41] 200 - OK - application/json
[2019-08-21 13:01:41] REQUEST POST - https://localhost:8082/public/ws/Config.asmx/Economics_Get
[2019-08-21 13:01:41] ---- FROM  ::1 (WinNT)
[2019-08-21 13:01:41] ---- BROWSER:  Chrome 76.0 (Mozilla/5.0 (Windows NT 10.0; Win64; x64) AppleWebKit/537.36 (KHTML, like Gecko) Chrome/76.0.3809.100 Safari/537.36)
[2019-08-21 13:01:41] ---- CONTENT: {data : "<?xml version='1.0' encoding='utf-8' ?><Request ID='20190821130141274'><General><Token>61111131252223224013000011333653</Token></General><Data></Data></Request>"}
[2019-08-21 13:01:41] 200 - OK - application/json
[2019-08-21 13:01:41] REQUEST POST - https://localhost:8082/public/ws/Config.asmx/All_Get
[2019-08-21 13:01:41] ---- FROM  ::1 (WinNT)
[2019-08-21 13:01:41] ---- BROWSER:  Chrome 76.0 (Mozilla/5.0 (Windows NT 10.0; Win64; x64) AppleWebKit/537.36 (KHTML, like Gecko) Chrome/76.0.3809.100 Safari/537.36)
[2019-08-21 13:01:41] ---- CONTENT: {data : "<?xml version='1.0' encoding='utf-8' ?><Request ID='20190821130141338'><General><Token>61111131252223224013000011333653</Token></General><Data></Data></Request>"}
[2019-08-21 13:01:41] 200 - OK - application/json
[2019-08-21 13:01:41] REQUEST POST - https://localhost:8082/public/ws/Economics.asmx/messaggi_summary
[2019-08-21 13:01:41] ---- FROM  ::1 (WinNT)
[2019-08-21 13:01:41] ---- BROWSER:  Chrome 76.0 (Mozilla/5.0 (Windows NT 10.0; Win64; x64) AppleWebKit/537.36 (KHTML, like Gecko) Chrome/76.0.3809.100 Safari/537.36)
[2019-08-21 13:01:41] ---- CONTENT: {data : "<?xml version='1.0' encoding='utf-8' ?><Request ID='20190821130141370'><General><Token>61111131252223224013000011333653</Token></General><Data></Data></Request>"}
[2019-08-21 13:01:41] 200 - OK - application/json
[2019-08-21 13:01:41] REQUEST POST - https://localhost:8082/public/ws/Config.asmx/All_Get
[2019-08-21 13:01:41] ---- FROM  ::1 (WinNT)
[2019-08-21 13:01:41] ---- BROWSER:  Chrome 76.0 (Mozilla/5.0 (Windows NT 10.0; Win64; x64) AppleWebKit/537.36 (KHTML, like Gecko) Chrome/76.0.3809.100 Safari/537.36)
[2019-08-21 13:01:41] ---- CONTENT: {data : "<?xml version='1.0' encoding='utf-8' ?><Request ID='20190821130141441'><General><Token>61111131252223224013000011333653</Token></General><Data></Data></Request>"}
[2019-08-21 13:01:41] 200 - OK - application/json
[2019-08-21 13:01:41] REQUEST POST - https://localhost:8082/public/ws/Config.asmx/All_Get
[2019-08-21 13:01:41] ---- FROM  ::1 (WinNT)
[2019-08-21 13:01:41] ---- BROWSER:  Chrome 76.0 (Mozilla/5.0 (Windows NT 10.0; Win64; x64) AppleWebKit/537.36 (KHTML, like Gecko) Chrome/76.0.3809.100 Safari/537.36)
[2019-08-21 13:01:41] ---- CONTENT: {data : "<?xml version='1.0' encoding='utf-8' ?><Request ID='20190821130141520'><General><Token>61111131252223224013000011333653</Token></General><Data></Data></Request>"}
[2019-08-21 13:01:41] 200 - OK - application/json
[2019-08-21 13:01:44] REQUEST GET - https://localhost:8082/economics/iva
[2019-08-21 13:01:44] ---- FROM  ::1 (WinNT)
[2019-08-21 13:01:44] ---- BROWSER:  Chrome 76.0 (Mozilla/5.0 (Windows NT 10.0; Win64; x64) AppleWebKit/537.36 (KHTML, like Gecko) Chrome/76.0.3809.100 Safari/537.36)
[2019-08-21 13:01:44] 200 - OK - text/html
[2019-08-21 13:01:44] REQUEST POST - https://localhost:8082/public/ws/Iva.asmx/Get
[2019-08-21 13:01:44] ---- FROM  ::1 (WinNT)
[2019-08-21 13:01:44] ---- BROWSER:  Chrome 76.0 (Mozilla/5.0 (Windows NT 10.0; Win64; x64) AppleWebKit/537.36 (KHTML, like Gecko) Chrome/76.0.3809.100 Safari/537.36)
[2019-08-21 13:01:44] ---- CONTENT: {data : "<?xml version='1.0' encoding='utf-8' ?><Request ID='20190821130144599'><General><Token>61111131252223224013000011333653</Token></General><Data></Data></Request>"}
[2019-08-21 13:01:44] 200 - OK - application/json
[2019-08-21 13:01:44] REQUEST POST - https://localhost:8082/public/ws/Config.asmx/All_Get
[2019-08-21 13:01:44] ---- FROM  ::1 (WinNT)
[2019-08-21 13:01:44] ---- BROWSER:  Chrome 76.0 (Mozilla/5.0 (Windows NT 10.0; Win64; x64) AppleWebKit/537.36 (KHTML, like Gecko) Chrome/76.0.3809.100 Safari/537.36)
[2019-08-21 13:01:44] ---- CONTENT: {data : "<?xml version='1.0' encoding='utf-8' ?><Request ID='20190821130144682'><General><Token>61111131252223224013000011333653</Token></General><Data></Data></Request>"}
[2019-08-21 13:01:44] 200 - OK - application/json
[2019-08-21 13:01:44] REQUEST POST - https://localhost:8082/public/ws/Economics.asmx/messaggi_summary
[2019-08-21 13:01:44] ---- FROM  ::1 (WinNT)
[2019-08-21 13:01:44] ---- BROWSER:  Chrome 76.0 (Mozilla/5.0 (Windows NT 10.0; Win64; x64) AppleWebKit/537.36 (KHTML, like Gecko) Chrome/76.0.3809.100 Safari/537.36)
[2019-08-21 13:01:44] ---- CONTENT: {data : "<?xml version='1.0' encoding='utf-8' ?><Request ID='20190821130144705'><General><Token>61111131252223224013000011333653</Token></General><Data></Data></Request>"}
[2019-08-21 13:01:44] 200 - OK - application/json
[2019-08-21 13:01:44] REQUEST GET - https://localhost:8082/public/ws/Resources.ashx/xml-economics/61111131252223224013000011333653
[2019-08-21 13:01:44] ---- FROM  ::1 (WinNT)
[2019-08-21 13:01:44] ---- BROWSER:  Chrome 76.0 (Mozilla/5.0 (Windows NT 10.0; Win64; x64) AppleWebKit/537.36 (KHTML, like Gecko) Chrome/76.0.3809.100 Safari/537.36)
[2019-08-21 13:01:44] REQUEST POST - https://localhost:8082/public/ws/Config.asmx/All_Get
[2019-08-21 13:01:44] ---- FROM  ::1 (WinNT)
[2019-08-21 13:01:44] ---- BROWSER:  Chrome 76.0 (Mozilla/5.0 (Windows NT 10.0; Win64; x64) AppleWebKit/537.36 (KHTML, like Gecko) Chrome/76.0.3809.100 Safari/537.36)
[2019-08-21 13:01:44] ---- CONTENT: {data : "<?xml version='1.0' encoding='utf-8' ?><Request ID='20190821130144747'><General><Token>61111131252223224013000011333653</Token></General><Data></Data></Request>"}
[2019-08-21 13:01:44] 200 - OK - application/json
[2019-08-21 13:01:44] 200 - OK - text/xml
[2019-08-21 13:01:45] REQUEST POST - https://localhost:8082/public/ws/Config.asmx/All_Get
[2019-08-21 13:01:45] ---- FROM  ::1 (WinNT)
[2019-08-21 13:01:45] ---- BROWSER:  Chrome 76.0 (Mozilla/5.0 (Windows NT 10.0; Win64; x64) AppleWebKit/537.36 (KHTML, like Gecko) Chrome/76.0.3809.100 Safari/537.36)
[2019-08-21 13:01:45] ---- CONTENT: {data : "<?xml version='1.0' encoding='utf-8' ?><Request ID='201908211301458'><General><Token>61111131252223224013000011333653</Token></General><Data></Data></Request>"}
[2019-08-21 13:01:45] 200 - OK - application/json
[2019-08-21 13:06:43] REQUEST GET - https://localhost:8082/public/aspx/Home.aspx?Token=61111131252223224013000011333653&TokenApiRest=eyJ0eXAiOiJKV1QiLCJhbGciOiJIUzI1NiJ9.eyJpc3MiOiJodHRwczpcL1wvd3d3cy5kZXYteWVhcC5pdCIsImlhdCI6MTU0MjI5NDMyMSwibmJmIjoxNTQyMjk0MzIxLCJleHAiOjE1NDI4OTkxMjEsImRhdGEiOnsidXNlciI6eyJpZCI6IjQ0In19fQ.RCP5OeoGASxAyBw1MbMD4BFJAcDM5JIXqYXKBALZcJI&Logo=https://localhost:8082/scratch/pl_logo.png&Title=Business Plan Test nr. 2
[2019-08-21 13:06:43] ---- FROM  ::1 (WinNT)
[2019-08-21 13:06:43] ---- BROWSER:  Chrome 76.0 (Mozilla/5.0 (Windows NT 10.0; Win64; x64) AppleWebKit/537.36 (KHTML, like Gecko) Chrome/76.0.3809.100 Safari/537.36)
[2019-08-21 13:06:43] 302 - Found - text/html
[2019-08-21 13:06:43] REQUEST GET - https://localhost:8082/home/welcome?Token=61111131252223224013000011333653&TokenApiRest=eyJ0eXAiOiJKV1QiLCJhbGciOiJIUzI1NiJ9.eyJpc3MiOiJodHRwczpcL1wvd3d3cy5kZXYteWVhcC5pdCIsImlhdCI6MTU0MjI5NDMyMSwibmJmIjoxNTQyMjk0MzIxLCJleHAiOjE1NDI4OTkxMjEsImRhdGEiOnsidXNlciI6eyJpZCI6IjQ0In19fQ.RCP5OeoGASxAyBw1MbMD4BFJAcDM5JIXqYXKBALZcJI&Logo=https://localhost:8082/scratch/pl_logo.png&Title=Business Plan Test nr. 2
[2019-08-21 13:06:43] ---- FROM  ::1 (WinNT)
[2019-08-21 13:06:43] ---- BROWSER:  Chrome 76.0 (Mozilla/5.0 (Windows NT 10.0; Win64; x64) AppleWebKit/537.36 (KHTML, like Gecko) Chrome/76.0.3809.100 Safari/537.36)
[2019-08-21 13:06:43] 200 - OK - text/html
[2019-08-21 13:06:45] REQUEST POST - https://localhost:8082/public/ws/General.asmx/Set
[2019-08-21 13:06:45] ---- FROM  ::1 (WinNT)
[2019-08-21 13:06:45] ---- BROWSER:  Chrome 76.0 (Mozilla/5.0 (Windows NT 10.0; Win64; x64) AppleWebKit/537.36 (KHTML, like Gecko) Chrome/76.0.3809.100 Safari/537.36)
[2019-08-21 13:06:45] ---- CONTENT: {data : "<?xml version='1.0' encoding='utf-8' ?><Request ID='20190821130645304'><General><Token>61111131252223224013000011333653</Token></General><Data><Nome>Business Plan Test nr. 2</Nome><Logo>https%3A%2F%2Flocalhost%3A8082%2Fscratch%2Fpl_logo.png</Logo></Data></Request>"}
[2019-08-21 13:06:45] 200 - OK - application/json
[2019-08-21 13:06:45] REQUEST POST - https://localhost:8082/public/ws/Config.asmx/Economics_Get
[2019-08-21 13:06:45] ---- FROM  ::1 (WinNT)
[2019-08-21 13:06:45] ---- BROWSER:  Chrome 76.0 (Mozilla/5.0 (Windows NT 10.0; Win64; x64) AppleWebKit/537.36 (KHTML, like Gecko) Chrome/76.0.3809.100 Safari/537.36)
[2019-08-21 13:06:45] ---- CONTENT: {data : "<?xml version='1.0' encoding='utf-8' ?><Request ID='20190821130645395'><General><Token>61111131252223224013000011333653</Token></General><Data></Data></Request>"}
[2019-08-21 13:06:45] 200 - OK - application/json
[2019-08-21 13:06:45] REQUEST POST - https://localhost:8082/public/ws/Config.asmx/All_Get
[2019-08-21 13:06:45] ---- FROM  ::1 (WinNT)
[2019-08-21 13:06:45] ---- BROWSER:  Chrome 76.0 (Mozilla/5.0 (Windows NT 10.0; Win64; x64) AppleWebKit/537.36 (KHTML, like Gecko) Chrome/76.0.3809.100 Safari/537.36)
[2019-08-21 13:06:45] ---- CONTENT: {data : "<?xml version='1.0' encoding='utf-8' ?><Request ID='20190821130645622'><General><Token>61111131252223224013000011333653</Token></General><Data></Data></Request>"}
[2019-08-21 13:06:45] REQUEST POST - https://localhost:8082/public/ws/Economics.asmx/messaggi_summary
[2019-08-21 13:06:45] ---- FROM  ::1 (WinNT)
[2019-08-21 13:06:46] ---- BROWSER:  Chrome 76.0 (Mozilla/5.0 (Windows NT 10.0; Win64; x64) AppleWebKit/537.36 (KHTML, like Gecko) Chrome/76.0.3809.100 Safari/537.36)
[2019-08-21 13:06:45] REQUEST POST - https://localhost:8082/public/ws/Config.asmx/All_Get
[2019-08-21 13:06:46] 200 - OK - application/json
[2019-08-21 13:06:46] ---- FROM  ::1 (WinNT)
[2019-08-21 13:06:46] ---- CONTENT: {data : "<?xml version='1.0' encoding='utf-8' ?><Request ID='20190821130645662'><General><Token>61111131252223224013000011333653</Token></General><Data></Data></Request>"}
[2019-08-21 13:06:46] ---- BROWSER:  Chrome 76.0 (Mozilla/5.0 (Windows NT 10.0; Win64; x64) AppleWebKit/537.36 (KHTML, like Gecko) Chrome/76.0.3809.100 Safari/537.36)
[2019-08-21 13:06:46] ---- CONTENT: {data : "<?xml version='1.0' encoding='utf-8' ?><Request ID='20190821130645909'><General><Token>61111131252223224013000011333653</Token></General><Data></Data></Request>"}
[2019-08-21 13:06:46] 200 - OK - application/json
[2019-08-21 13:06:46] 200 - OK - application/json
[2019-08-21 13:06:46] REQUEST POST - https://localhost:8082/public/ws/Config.asmx/All_Get
[2019-08-21 13:06:48] ---- FROM  ::1 (WinNT)
[2019-08-21 13:06:48] ---- BROWSER:  Chrome 76.0 (Mozilla/5.0 (Windows NT 10.0; Win64; x64) AppleWebKit/537.36 (KHTML, like Gecko) Chrome/76.0.3809.100 Safari/537.36)
[2019-08-21 13:06:48] ---- CONTENT: {data : "<?xml version='1.0' encoding='utf-8' ?><Request ID='20190821130646235'><General><Token>61111131252223224013000011333653</Token></General><Data></Data></Request>"}
[2019-08-21 13:06:48] 200 - OK - application/json
[2019-08-21 13:06:50] REQUEST GET - https://localhost:8082/economics/iva
[2019-08-21 13:06:50] ---- FROM  ::1 (WinNT)
[2019-08-21 13:06:50] ---- BROWSER:  Chrome 76.0 (Mozilla/5.0 (Windows NT 10.0; Win64; x64) AppleWebKit/537.36 (KHTML, like Gecko) Chrome/76.0.3809.100 Safari/537.36)
[2019-08-21 13:06:50] 200 - OK - text/html
[2019-08-21 13:06:52] REQUEST POST - https://localhost:8082/public/ws/Iva.asmx/Get
[2019-08-21 13:06:52] ---- FROM  ::1 (WinNT)
[2019-08-21 13:06:52] ---- BROWSER:  Chrome 76.0 (Mozilla/5.0 (Windows NT 10.0; Win64; x64) AppleWebKit/537.36 (KHTML, like Gecko) Chrome/76.0.3809.100 Safari/537.36)
[2019-08-21 13:06:52] ---- CONTENT: {data : "<?xml version='1.0' encoding='utf-8' ?><Request ID='20190821130652397'><General><Token>61111131252223224013000011333653</Token></General><Data></Data></Request>"}
[2019-08-21 13:06:54] 200 - OK - application/json
[2019-08-21 13:06:54] REQUEST POST - https://localhost:8082/public/ws/Config.asmx/All_Get
[2019-08-21 13:06:54] ---- FROM  ::1 (WinNT)
[2019-08-21 13:06:54] ---- BROWSER:  Chrome 76.0 (Mozilla/5.0 (Windows NT 10.0; Win64; x64) AppleWebKit/537.36 (KHTML, like Gecko) Chrome/76.0.3809.100 Safari/537.36)
[2019-08-21 13:06:54] ---- CONTENT: {data : "<?xml version='1.0' encoding='utf-8' ?><Request ID='20190821130654281'><General><Token>61111131252223224013000011333653</Token></General><Data></Data></Request>"}
[2019-08-21 13:06:54] 200 - OK - application/json
[2019-08-21 13:06:54] REQUEST GET - https://localhost:8082/public/ws/Resources.ashx/xml-economics/61111131252223224013000011333653
[2019-08-21 13:06:54] ---- FROM  ::1 (WinNT)
[2019-08-21 13:06:54] ---- BROWSER:  Chrome 76.0 (Mozilla/5.0 (Windows NT 10.0; Win64; x64) AppleWebKit/537.36 (KHTML, like Gecko) Chrome/76.0.3809.100 Safari/537.36)
[2019-08-21 13:06:54] REQUEST POST - https://localhost:8082/public/ws/Economics.asmx/messaggi_summary
[2019-08-21 13:06:54] ---- FROM  ::1 (WinNT)
[2019-08-21 13:06:54] ---- BROWSER:  Chrome 76.0 (Mozilla/5.0 (Windows NT 10.0; Win64; x64) AppleWebKit/537.36 (KHTML, like Gecko) Chrome/76.0.3809.100 Safari/537.36)
[2019-08-21 13:06:54] ---- CONTENT: {data : "<?xml version='1.0' encoding='utf-8' ?><Request ID='20190821130654438'><General><Token>61111131252223224013000011333653</Token></General><Data></Data></Request>"}
[2019-08-21 13:06:54] 200 - OK - text/xml
[2019-08-21 13:06:54] 200 - OK - application/json
[2019-08-21 13:06:55] REQUEST POST - https://localhost:8082/public/ws/Config.asmx/All_Get
[2019-08-21 13:06:55] ---- FROM  ::1 (WinNT)
[2019-08-21 13:06:55] ---- BROWSER:  Chrome 76.0 (Mozilla/5.0 (Windows NT 10.0; Win64; x64) AppleWebKit/537.36 (KHTML, like Gecko) Chrome/76.0.3809.100 Safari/537.36)
[2019-08-21 13:06:55] ---- CONTENT: {data : "<?xml version='1.0' encoding='utf-8' ?><Request ID='20190821130655140'><General><Token>61111131252223224013000011333653</Token></General><Data></Data></Request>"}
[2019-08-21 13:06:55] REQUEST POST - https://localhost:8082/public/ws/Config.asmx/All_Get
[2019-08-21 13:06:55] ---- FROM  ::1 (WinNT)
[2019-08-21 13:06:55] ---- BROWSER:  Chrome 76.0 (Mozilla/5.0 (Windows NT 10.0; Win64; x64) AppleWebKit/537.36 (KHTML, like Gecko) Chrome/76.0.3809.100 Safari/537.36)
[2019-08-21 13:06:55] ---- CONTENT: {data : "<?xml version='1.0' encoding='utf-8' ?><Request ID='20190821130655302'><General><Token>61111131252223224013000011333653</Token></General><Data></Data></Request>"}
[2019-08-21 13:06:55] 200 - OK - application/json
[2019-08-21 13:06:55] 200 - OK - application/json
[2019-08-21 13:07:40] REQUEST GET - https://localhost:8082/economics/iva
[2019-08-21 13:07:40] ---- FROM  ::1 (WinNT)
[2019-08-21 13:07:40] ---- BROWSER:  Chrome 76.0 (Mozilla/5.0 (Windows NT 10.0; Win64; x64) AppleWebKit/537.36 (KHTML, like Gecko) Chrome/76.0.3809.100 Safari/537.36)
[2019-08-21 13:07:40] 200 - OK - text/html
[2019-08-21 13:07:42] REQUEST POST - https://localhost:8082/public/ws/Iva.asmx/Get
[2019-08-21 13:07:42] ---- FROM  ::1 (WinNT)
[2019-08-21 13:07:42] ---- BROWSER:  Chrome 76.0 (Mozilla/5.0 (Windows NT 10.0; Win64; x64) AppleWebKit/537.36 (KHTML, like Gecko) Chrome/76.0.3809.100 Safari/537.36)
[2019-08-21 13:07:42] ---- CONTENT: {data : "<?xml version='1.0' encoding='utf-8' ?><Request ID='20190821130742617'><General><Token>61111131252223224013000011333653</Token></General><Data></Data></Request>"}
[2019-08-21 13:07:43] 200 - OK - application/json
[2019-08-21 13:07:43] REQUEST POST - https://localhost:8082/public/ws/Config.asmx/All_Get
[2019-08-21 13:07:44] ---- FROM  ::1 (WinNT)
[2019-08-21 13:07:44] ---- BROWSER:  Chrome 76.0 (Mozilla/5.0 (Windows NT 10.0; Win64; x64) AppleWebKit/537.36 (KHTML, like Gecko) Chrome/76.0.3809.100 Safari/537.36)
[2019-08-21 13:07:44] ---- CONTENT: {data : "<?xml version='1.0' encoding='utf-8' ?><Request ID='20190821130743992'><General><Token>61111131252223224013000011333653</Token></General><Data></Data></Request>"}
[2019-08-21 13:07:44] 200 - OK - application/json
[2019-08-21 13:07:44] REQUEST GET - https://localhost:8082/public/ws/Resources.ashx/xml-economics/61111131252223224013000011333653
[2019-08-21 13:07:44] ---- FROM  ::1 (WinNT)
[2019-08-21 13:07:44] ---- BROWSER:  Chrome 76.0 (Mozilla/5.0 (Windows NT 10.0; Win64; x64) AppleWebKit/537.36 (KHTML, like Gecko) Chrome/76.0.3809.100 Safari/537.36)
[2019-08-21 13:07:44] 200 - OK - text/xml
[2019-08-21 13:07:44] REQUEST POST - https://localhost:8082/public/ws/Economics.asmx/messaggi_summary
[2019-08-21 13:07:44] ---- FROM  ::1 (WinNT)
[2019-08-21 13:07:44] ---- BROWSER:  Chrome 76.0 (Mozilla/5.0 (Windows NT 10.0; Win64; x64) AppleWebKit/537.36 (KHTML, like Gecko) Chrome/76.0.3809.100 Safari/537.36)
[2019-08-21 13:07:44] ---- CONTENT: {data : "<?xml version='1.0' encoding='utf-8' ?><Request ID='20190821130744136'><General><Token>61111131252223224013000011333653</Token></General><Data></Data></Request>"}
[2019-08-21 13:07:44] 200 - OK - application/json
[2019-08-21 13:07:44] REQUEST POST - https://localhost:8082/public/ws/Config.asmx/All_Get
[2019-08-21 13:07:44] ---- FROM  ::1 (WinNT)
[2019-08-21 13:07:44] ---- BROWSER:  Chrome 76.0 (Mozilla/5.0 (Windows NT 10.0; Win64; x64) AppleWebKit/537.36 (KHTML, like Gecko) Chrome/76.0.3809.100 Safari/537.36)
[2019-08-21 13:07:44] ---- CONTENT: {data : "<?xml version='1.0' encoding='utf-8' ?><Request ID='20190821130744566'><General><Token>61111131252223224013000011333653</Token></General><Data></Data></Request>"}
[2019-08-21 13:07:44] 200 - OK - application/json
[2019-08-21 13:07:44] REQUEST POST - https://localhost:8082/public/ws/Config.asmx/All_Get
[2019-08-21 13:07:44] ---- FROM  ::1 (WinNT)
[2019-08-21 13:07:44] ---- BROWSER:  Chrome 76.0 (Mozilla/5.0 (Windows NT 10.0; Win64; x64) AppleWebKit/537.36 (KHTML, like Gecko) Chrome/76.0.3809.100 Safari/537.36)
[2019-08-21 13:07:44] ---- CONTENT: {data : "<?xml version='1.0' encoding='utf-8' ?><Request ID='20190821130744813'><General><Token>61111131252223224013000011333653</Token></General><Data></Data></Request>"}
[2019-08-21 13:07:44] 200 - OK - application/json
[2019-08-21 13:08:26] REQUEST GET - https://localhost:8082/economics/iva
[2019-08-21 13:08:26] ---- FROM  ::1 (WinNT)
[2019-08-21 13:08:26] ---- BROWSER:  Chrome 76.0 (Mozilla/5.0 (Windows NT 10.0; Win64; x64) AppleWebKit/537.36 (KHTML, like Gecko) Chrome/76.0.3809.100 Safari/537.36)
[2019-08-21 13:08:26] 200 - OK - text/html
[2019-08-21 13:08:30] REQUEST POST - https://localhost:8082/public/ws/Iva.asmx/Get
[2019-08-21 13:08:30] ---- FROM  ::1 (WinNT)
[2019-08-21 13:08:30] ---- BROWSER:  Chrome 76.0 (Mozilla/5.0 (Windows NT 10.0; Win64; x64) AppleWebKit/537.36 (KHTML, like Gecko) Chrome/76.0.3809.100 Safari/537.36)
[2019-08-21 13:08:30] ---- CONTENT: {data : "<?xml version='1.0' encoding='utf-8' ?><Request ID='2019082113083033'><General><Token>61111131252223224013000011333653</Token></General><Data></Data></Request>"}
[2019-08-21 13:08:31] 200 - OK - application/json
[2019-08-21 13:08:31] REQUEST POST - https://localhost:8082/public/ws/Config.asmx/All_Get
[2019-08-21 13:08:31] ---- FROM  ::1 (WinNT)
[2019-08-21 13:08:31] ---- BROWSER:  Chrome 76.0 (Mozilla/5.0 (Windows NT 10.0; Win64; x64) AppleWebKit/537.36 (KHTML, like Gecko) Chrome/76.0.3809.100 Safari/537.36)
[2019-08-21 13:08:31] ---- CONTENT: {data : "<?xml version='1.0' encoding='utf-8' ?><Request ID='20190821130831390'><General><Token>61111131252223224013000011333653</Token></General><Data></Data></Request>"}
[2019-08-21 13:08:31] 200 - OK - application/json
[2019-08-21 13:08:31] REQUEST GET - https://localhost:8082/public/ws/Resources.ashx/xml-economics/61111131252223224013000011333653
[2019-08-21 13:08:31] ---- FROM  ::1 (WinNT)
[2019-08-21 13:08:31] ---- BROWSER:  Chrome 76.0 (Mozilla/5.0 (Windows NT 10.0; Win64; x64) AppleWebKit/537.36 (KHTML, like Gecko) Chrome/76.0.3809.100 Safari/537.36)
[2019-08-21 13:08:31] 200 - OK - text/xml
[2019-08-21 13:08:31] REQUEST POST - https://localhost:8082/public/ws/Economics.asmx/messaggi_summary
[2019-08-21 13:08:31] ---- FROM  ::1 (WinNT)
[2019-08-21 13:08:31] ---- BROWSER:  Chrome 76.0 (Mozilla/5.0 (Windows NT 10.0; Win64; x64) AppleWebKit/537.36 (KHTML, like Gecko) Chrome/76.0.3809.100 Safari/537.36)
[2019-08-21 13:08:31] ---- CONTENT: {data : "<?xml version='1.0' encoding='utf-8' ?><Request ID='20190821130831550'><General><Token>61111131252223224013000011333653</Token></General><Data></Data></Request>"}
[2019-08-21 13:08:31] 200 - OK - application/json
[2019-08-21 13:08:32] REQUEST POST - https://localhost:8082/public/ws/Config.asmx/All_Get
[2019-08-21 13:08:32] ---- FROM  ::1 (WinNT)
[2019-08-21 13:08:32] ---- BROWSER:  Chrome 76.0 (Mozilla/5.0 (Windows NT 10.0; Win64; x64) AppleWebKit/537.36 (KHTML, like Gecko) Chrome/76.0.3809.100 Safari/537.36)
[2019-08-21 13:08:32] ---- CONTENT: {data : "<?xml version='1.0' encoding='utf-8' ?><Request ID='2019082113083247'><General><Token>61111131252223224013000011333653</Token></General><Data></Data></Request>"}
[2019-08-21 13:08:32] 200 - OK - application/json
[2019-08-21 13:08:32] REQUEST POST - https://localhost:8082/public/ws/Config.asmx/All_Get
[2019-08-21 13:08:32] ---- FROM  ::1 (WinNT)
[2019-08-21 13:08:32] ---- BROWSER:  Chrome 76.0 (Mozilla/5.0 (Windows NT 10.0; Win64; x64) AppleWebKit/537.36 (KHTML, like Gecko) Chrome/76.0.3809.100 Safari/537.36)
[2019-08-21 13:08:32] ---- CONTENT: {data : "<?xml version='1.0' encoding='utf-8' ?><Request ID='20190821130832374'><General><Token>61111131252223224013000011333653</Token></General><Data></Data></Request>"}
[2019-08-21 13:08:32] 200 - OK - application/json
