[2019-09-05 12:58:12] REQUEST GET - https://localhost:8082/public/aspx/Home.aspx?Token=61111131252223224013000011333653&TokenApiRest=eyJ0eXAiOiJKV1QiLCJhbGciOiJIUzI1NiJ9.eyJpc3MiOiJodHRwczpcL1wvd3d3cy5kZXYteWVhcC5pdCIsImlhdCI6MTU0MjI5NDMyMSwibmJmIjoxNTQyMjk0MzIxLCJleHAiOjE1NDI4OTkxMjEsImRhdGEiOnsidXNlciI6eyJpZCI6IjQ0In19fQ.RCP5OeoGASxAyBw1MbMD4BFJAcDM5JIXqYXKBALZcJI&Logo=https://localhost:8082/scratch/pl_logo.png&Title=Business Plan Test nr. 2
[2019-09-05 12:58:12] ---- FROM  ::1 (WinNT)
[2019-09-05 12:58:12] ---- BROWSER:  Chrome 76.0 (Mozilla/5.0 (Windows NT 10.0; Win64; x64) AppleWebKit/537.36 (KHTML, like Gecko) Chrome/76.0.3809.132 Safari/537.36)
[2019-09-05 12:58:19] 302 - Found - text/html
[2019-09-05 13:00:03] REQUEST GET - https://localhost:8082/public/aspx/Home.aspx?Token=61111131252223224013000011333653&TokenApiRest=eyJ0eXAiOiJKV1QiLCJhbGciOiJIUzI1NiJ9.eyJpc3MiOiJodHRwczpcL1wvd3d3cy5kZXYteWVhcC5pdCIsImlhdCI6MTU0MjI5NDMyMSwibmJmIjoxNTQyMjk0MzIxLCJleHAiOjE1NDI4OTkxMjEsImRhdGEiOnsidXNlciI6eyJpZCI6IjQ0In19fQ.RCP5OeoGASxAyBw1MbMD4BFJAcDM5JIXqYXKBALZcJI&Logo=https://localhost:8082/scratch/pl_logo.png&Title=Business Plan Test nr. 2
[2019-09-05 13:00:03] ---- FROM  ::1 (WinNT)
[2019-09-05 13:00:03] ---- BROWSER:  Chrome 76.0 (Mozilla/5.0 (Windows NT 10.0; Win64; x64) AppleWebKit/537.36 (KHTML, like Gecko) Chrome/76.0.3809.132 Safari/537.36)
[2019-09-05 13:00:03] 302 - Found - text/html
[2019-09-05 13:00:03] REQUEST GET - https://localhost:8082/home/welcome?Token=61111131252223224013000011333653&TokenApiRest=eyJ0eXAiOiJKV1QiLCJhbGciOiJIUzI1NiJ9.eyJpc3MiOiJodHRwczpcL1wvd3d3cy5kZXYteWVhcC5pdCIsImlhdCI6MTU0MjI5NDMyMSwibmJmIjoxNTQyMjk0MzIxLCJleHAiOjE1NDI4OTkxMjEsImRhdGEiOnsidXNlciI6eyJpZCI6IjQ0In19fQ.RCP5OeoGASxAyBw1MbMD4BFJAcDM5JIXqYXKBALZcJI&Logo=https://localhost:8082/scratch/pl_logo.png&Title=Business Plan Test nr. 2
[2019-09-05 13:00:03] ---- FROM  ::1 (WinNT)
[2019-09-05 13:00:03] ---- BROWSER:  Chrome 76.0 (Mozilla/5.0 (Windows NT 10.0; Win64; x64) AppleWebKit/537.36 (KHTML, like Gecko) Chrome/76.0.3809.132 Safari/537.36)
[2019-09-05 13:00:08] 200 - OK - text/html
[2019-09-05 13:00:10] REQUEST POST - https://localhost:8082/public/ws/General.asmx/Set
[2019-09-05 13:00:10] ---- FROM  ::1 (WinNT)
[2019-09-05 13:00:10] ---- BROWSER:  Chrome 76.0 (Mozilla/5.0 (Windows NT 10.0; Win64; x64) AppleWebKit/537.36 (KHTML, like Gecko) Chrome/76.0.3809.132 Safari/537.36)
[2019-09-05 13:00:10] ---- CONTENT: {data : "<?xml version='1.0' encoding='utf-8' ?><Request ID='20190905130010615'><General><Token>61111131252223224013000011333653</Token></General><Data><Nome>Business Plan Test nr. 2</Nome><Logo>https%3A%2F%2Flocalhost%3A8082%2Fscratch%2Fpl_logo.png</Logo></Data></Request>"}
[2019-09-05 13:00:10] 200 - OK - application/json
[2019-09-05 13:00:10] REQUEST POST - https://localhost:8082/public/ws/Config.asmx/Economics_Get
[2019-09-05 13:00:10] ---- FROM  ::1 (WinNT)
[2019-09-05 13:00:10] ---- BROWSER:  Chrome 76.0 (Mozilla/5.0 (Windows NT 10.0; Win64; x64) AppleWebKit/537.36 (KHTML, like Gecko) Chrome/76.0.3809.132 Safari/537.36)
[2019-09-05 13:00:10] ---- CONTENT: {data : "<?xml version='1.0' encoding='utf-8' ?><Request ID='20190905130010985'><General><Token>61111131252223224013000011333653</Token></General><Data></Data></Request>"}
[2019-09-05 13:00:11] 200 - OK - application/json
[2019-09-05 13:00:12] REQUEST POST - https://localhost:8082/public/ws/Config.asmx/All_Get
[2019-09-05 13:00:12] ---- FROM  ::1 (WinNT)
[2019-09-05 13:00:12] ---- BROWSER:  Chrome 76.0 (Mozilla/5.0 (Windows NT 10.0; Win64; x64) AppleWebKit/537.36 (KHTML, like Gecko) Chrome/76.0.3809.132 Safari/537.36)
[2019-09-05 13:00:12] ---- CONTENT: {data : "<?xml version='1.0' encoding='utf-8' ?><Request ID='20190905130012932'><General><Token>61111131252223224013000011333653</Token></General><Data></Data></Request>"}
[2019-09-05 13:00:13] REQUEST POST - https://localhost:8082/public/ws/Economics.asmx/messaggi_summary
[2019-09-05 13:00:13] ---- FROM  ::1 (WinNT)
[2019-09-05 13:00:13] ---- BROWSER:  Chrome 76.0 (Mozilla/5.0 (Windows NT 10.0; Win64; x64) AppleWebKit/537.36 (KHTML, like Gecko) Chrome/76.0.3809.132 Safari/537.36)
[2019-09-05 13:00:13] ---- CONTENT: {data : "<?xml version='1.0' encoding='utf-8' ?><Request ID='20190905130013181'><General><Token>61111131252223224013000011333653</Token></General><Data></Data></Request>"}
[2019-09-05 13:00:13] 200 - OK - application/json
[2019-09-05 13:00:13] 200 - OK - application/json
[2019-09-05 13:00:13] REQUEST POST - https://localhost:8082/public/ws/Config.asmx/All_Get
[2019-09-05 13:00:13] ---- FROM  ::1 (WinNT)
[2019-09-05 13:00:13] ---- BROWSER:  Chrome 76.0 (Mozilla/5.0 (Windows NT 10.0; Win64; x64) AppleWebKit/537.36 (KHTML, like Gecko) Chrome/76.0.3809.132 Safari/537.36)
[2019-09-05 13:00:13] ---- CONTENT: {data : "<?xml version='1.0' encoding='utf-8' ?><Request ID='20190905130013587'><General><Token>61111131252223224013000011333653</Token></General><Data></Data></Request>"}
[2019-09-05 13:00:13] 200 - OK - application/json
[2019-09-05 13:00:13] REQUEST POST - https://localhost:8082/public/ws/Config.asmx/All_Get
[2019-09-05 13:00:13] ---- FROM  ::1 (WinNT)
[2019-09-05 13:00:13] ---- BROWSER:  Chrome 76.0 (Mozilla/5.0 (Windows NT 10.0; Win64; x64) AppleWebKit/537.36 (KHTML, like Gecko) Chrome/76.0.3809.132 Safari/537.36)
[2019-09-05 13:00:13] ---- CONTENT: {data : "<?xml version='1.0' encoding='utf-8' ?><Request ID='20190905130013629'><General><Token>61111131252223224013000011333653</Token></General><Data></Data></Request>"}
[2019-09-05 13:00:13] 200 - OK - application/json
[2019-09-05 13:00:18] REQUEST GET - https://localhost:8082/settings/settings
[2019-09-05 13:00:18] ---- FROM  ::1 (WinNT)
[2019-09-05 13:00:18] ---- BROWSER:  Chrome 76.0 (Mozilla/5.0 (Windows NT 10.0; Win64; x64) AppleWebKit/537.36 (KHTML, like Gecko) Chrome/76.0.3809.132 Safari/537.36)
[2019-09-05 13:00:18] 200 - OK - text/html
[2019-09-05 13:00:19] REQUEST POST - https://localhost:8082/public/ws/Config.asmx/General_Get
[2019-09-05 13:00:19] ---- FROM  ::1 (WinNT)
[2019-09-05 13:00:19] ---- BROWSER:  Chrome 76.0 (Mozilla/5.0 (Windows NT 10.0; Win64; x64) AppleWebKit/537.36 (KHTML, like Gecko) Chrome/76.0.3809.132 Safari/537.36)
[2019-09-05 13:00:19] ---- CONTENT: {data : "<?xml version='1.0' encoding='utf-8' ?><Request ID='20190905130019401'><General><Token>61111131252223224013000011333653</Token></General><Data></Data></Request>"}
[2019-09-05 13:00:19] 200 - OK - application/json
[2019-09-05 13:00:21] REQUEST POST - https://localhost:8082/public/ws/Config.asmx/All_Get
[2019-09-05 13:00:21] ---- FROM  ::1 (WinNT)
[2019-09-05 13:00:21] ---- BROWSER:  Chrome 76.0 (Mozilla/5.0 (Windows NT 10.0; Win64; x64) AppleWebKit/537.36 (KHTML, like Gecko) Chrome/76.0.3809.132 Safari/537.36)
[2019-09-05 13:00:21] ---- CONTENT: {data : "<?xml version='1.0' encoding='utf-8' ?><Request ID='20190905130021367'><General><Token>61111131252223224013000011333653</Token></General><Data></Data></Request>"}
[2019-09-05 13:00:21] 200 - OK - application/json
[2019-09-05 13:00:21] REQUEST POST - https://localhost:8082/public/ws/Economics.asmx/messaggi_summary
[2019-09-05 13:00:21] ---- FROM  ::1 (WinNT)
[2019-09-05 13:00:21] ---- BROWSER:  Chrome 76.0 (Mozilla/5.0 (Windows NT 10.0; Win64; x64) AppleWebKit/537.36 (KHTML, like Gecko) Chrome/76.0.3809.132 Safari/537.36)
[2019-09-05 13:00:21] REQUEST GET - https://localhost:8082/public/ws/Resources.ashx/xml-general
[2019-09-05 13:00:21] ---- FROM  ::1 (WinNT)
[2019-09-05 13:00:21] REQUEST POST - https://localhost:8082/public/ws/Config.asmx/All_Get
[2019-09-05 13:00:21] ---- CONTENT: {data : "<?xml version='1.0' encoding='utf-8' ?><Request ID='20190905130021515'><General><Token>61111131252223224013000011333653</Token></General><Data></Data></Request>"}
[2019-09-05 13:00:21] ---- FROM  ::1 (WinNT)
[2019-09-05 13:00:21] ---- BROWSER:  Chrome 76.0 (Mozilla/5.0 (Windows NT 10.0; Win64; x64) AppleWebKit/537.36 (KHTML, like Gecko) Chrome/76.0.3809.132 Safari/537.36)
[2019-09-05 13:00:21] ---- BROWSER:  Chrome 76.0 (Mozilla/5.0 (Windows NT 10.0; Win64; x64) AppleWebKit/537.36 (KHTML, like Gecko) Chrome/76.0.3809.132 Safari/537.36)
[2019-09-05 13:00:21] 200 - OK - text/xml
[2019-09-05 13:00:21] REQUEST GET - https://localhost:8082/public/ws/Resources.ashx/xml-general
[2019-09-05 13:00:21] 200 - OK - application/json
[2019-09-05 13:00:21] ---- CONTENT: {data : "<?xml version='1.0' encoding='utf-8' ?><Request ID='20190905130021802'><General><Token>61111131252223224013000011333653</Token></General><Data></Data></Request>"}
[2019-09-05 13:00:22] ---- FROM  ::1 (WinNT)
[2019-09-05 13:00:22] ---- BROWSER:  Chrome 76.0 (Mozilla/5.0 (Windows NT 10.0; Win64; x64) AppleWebKit/537.36 (KHTML, like Gecko) Chrome/76.0.3809.132 Safari/537.36)
[2019-09-05 13:00:22] 200 - OK - application/json
[2019-09-05 13:00:22] 200 - OK - text/xml
[2019-09-05 13:00:22] REQUEST POST - https://localhost:8082/public/ws/Config.asmx/All_Get
[2019-09-05 13:00:22] ---- FROM  ::1 (WinNT)
[2019-09-05 13:00:22] ---- BROWSER:  Chrome 76.0 (Mozilla/5.0 (Windows NT 10.0; Win64; x64) AppleWebKit/537.36 (KHTML, like Gecko) Chrome/76.0.3809.132 Safari/537.36)
[2019-09-05 13:00:22] ---- CONTENT: {data : "<?xml version='1.0' encoding='utf-8' ?><Request ID='2019090513002299'><General><Token>61111131252223224013000011333653</Token></General><Data></Data></Request>"}
[2019-09-05 13:00:22] 200 - OK - application/json
[2019-09-05 13:00:31] REQUEST GET - https://localhost:8082/qa/qualitativa
[2019-09-05 13:00:31] ---- FROM  ::1 (WinNT)
[2019-09-05 13:00:31] ---- BROWSER:  Chrome 76.0 (Mozilla/5.0 (Windows NT 10.0; Win64; x64) AppleWebKit/537.36 (KHTML, like Gecko) Chrome/76.0.3809.132 Safari/537.36)
[2019-09-05 13:00:31] 200 - OK - text/html
[2019-09-05 13:00:32] REQUEST POST - https://localhost:8082/public/ws/QAnalysis.asmx/Get
[2019-09-05 13:00:32] ---- FROM  ::1 (WinNT)
[2019-09-05 13:00:32] ---- BROWSER:  Chrome 76.0 (Mozilla/5.0 (Windows NT 10.0; Win64; x64) AppleWebKit/537.36 (KHTML, like Gecko) Chrome/76.0.3809.132 Safari/537.36)
[2019-09-05 13:00:32] ---- CONTENT: {data : "<?xml version='1.0' encoding='utf-8' ?><Request ID='20190905130032143'><General><Token>61111131252223224013000011333653</Token></General><Data></Data></Request>"}
[2019-09-05 13:00:32] 200 - OK - application/json
[2019-09-05 13:00:38] REQUEST POST - https://localhost:8082/public/ws/Config.asmx/All_Get
[2019-09-05 13:00:38] ---- FROM  ::1 (WinNT)
[2019-09-05 13:00:38] ---- BROWSER:  Chrome 76.0 (Mozilla/5.0 (Windows NT 10.0; Win64; x64) AppleWebKit/537.36 (KHTML, like Gecko) Chrome/76.0.3809.132 Safari/537.36)
[2019-09-05 13:00:38] ---- CONTENT: {data : "<?xml version='1.0' encoding='utf-8' ?><Request ID='20190905130038516'><General><Token>61111131252223224013000011333653</Token></General><Data></Data></Request>"}
[2019-09-05 13:00:38] 200 - OK - application/json
[2019-09-05 13:00:38] REQUEST POST - https://localhost:8082/public/ws/Economics.asmx/messaggi_summary
[2019-09-05 13:00:38] ---- FROM  ::1 (WinNT)
[2019-09-05 13:00:38] ---- BROWSER:  Chrome 76.0 (Mozilla/5.0 (Windows NT 10.0; Win64; x64) AppleWebKit/537.36 (KHTML, like Gecko) Chrome/76.0.3809.132 Safari/537.36)
[2019-09-05 13:00:38] ---- CONTENT: {data : "<?xml version='1.0' encoding='utf-8' ?><Request ID='20190905130038668'><General><Token>61111131252223224013000011333653</Token></General><Data></Data></Request>"}
[2019-09-05 13:00:38] 200 - OK - application/json
[2019-09-05 13:00:38] REQUEST POST - https://localhost:8082/public/ws/Config.asmx/All_Get
[2019-09-05 13:00:38] ---- FROM  ::1 (WinNT)
[2019-09-05 13:00:38] ---- BROWSER:  Chrome 76.0 (Mozilla/5.0 (Windows NT 10.0; Win64; x64) AppleWebKit/537.36 (KHTML, like Gecko) Chrome/76.0.3809.132 Safari/537.36)
[2019-09-05 13:00:38] ---- CONTENT: {data : "<?xml version='1.0' encoding='utf-8' ?><Request ID='20190905130038749'><General><Token>61111131252223224013000011333653</Token></General><Data></Data></Request>"}
[2019-09-05 13:00:38] 200 - OK - application/json
[2019-09-05 13:00:39] REQUEST POST - https://localhost:8082/public/ws/Config.asmx/All_Get
[2019-09-05 13:00:39] ---- FROM  ::1 (WinNT)
[2019-09-05 13:00:39] ---- BROWSER:  Chrome 76.0 (Mozilla/5.0 (Windows NT 10.0; Win64; x64) AppleWebKit/537.36 (KHTML, like Gecko) Chrome/76.0.3809.132 Safari/537.36)
[2019-09-05 13:00:41] ---- CONTENT: {data : "<?xml version='1.0' encoding='utf-8' ?><Request ID='20190905130038982'><General><Token>61111131252223224013000011333653</Token></General><Data></Data></Request>"}
[2019-09-05 13:00:41] 200 - OK - application/json
[2019-09-05 13:00:41] REQUEST GET - https://localhost:8082/public/ws/Resources.ashx/xml-qa
[2019-09-05 13:00:41] REQUEST GET - https://localhost:8082/public/ws/Resources.ashx/xml-qa
[2019-09-05 13:00:41] ---- FROM  ::1 (WinNT)
[2019-09-05 13:00:41] REQUEST GET - https://localhost:8082/public/ws/Resources.ashx/xml-qa
[2019-09-05 13:00:41] REQUEST GET - https://localhost:8082/public/ws/Resources.ashx/xml-qa
[2019-09-05 13:00:41] ---- FROM  ::1 (WinNT)
[2019-09-05 13:00:41] ---- BROWSER:  Chrome 76.0 (Mozilla/5.0 (Windows NT 10.0; Win64; x64) AppleWebKit/537.36 (KHTML, like Gecko) Chrome/76.0.3809.132 Safari/537.36)
[2019-09-05 13:00:41] ---- FROM  ::1 (WinNT)
[2019-09-05 13:00:41] ---- BROWSER:  Chrome 76.0 (Mozilla/5.0 (Windows NT 10.0; Win64; x64) AppleWebKit/537.36 (KHTML, like Gecko) Chrome/76.0.3809.132 Safari/537.36)
[2019-09-05 13:00:41] ---- FROM  ::1 (WinNT)
[2019-09-05 13:00:41] REQUEST GET - https://localhost:8082/public/ws/Resources.ashx/xml-qa
[2019-09-05 13:00:41] 200 - OK - text/xml
[2019-09-05 13:00:41] ---- BROWSER:  Chrome 76.0 (Mozilla/5.0 (Windows NT 10.0; Win64; x64) AppleWebKit/537.36 (KHTML, like Gecko) Chrome/76.0.3809.132 Safari/537.36)
[2019-09-05 13:00:41] REQUEST GET - https://localhost:8082/public/ws/Resources.ashx/xml-qa
[2019-09-05 13:00:41] ---- FROM  ::1 (WinNT)
[2019-09-05 13:00:41] ---- BROWSER:  Chrome 76.0 (Mozilla/5.0 (Windows NT 10.0; Win64; x64) AppleWebKit/537.36 (KHTML, like Gecko) Chrome/76.0.3809.132 Safari/537.36)
[2019-09-05 13:00:41] 200 - OK - text/xml
[2019-09-05 13:00:41] ---- FROM  ::1 (WinNT)
[2019-09-05 13:00:41] ---- BROWSER:  Chrome 76.0 (Mozilla/5.0 (Windows NT 10.0; Win64; x64) AppleWebKit/537.36 (KHTML, like Gecko) Chrome/76.0.3809.132 Safari/537.36)
[2019-09-05 13:00:41] 200 - OK - text/xml
[2019-09-05 13:00:41] ---- BROWSER:  Chrome 76.0 (Mozilla/5.0 (Windows NT 10.0; Win64; x64) AppleWebKit/537.36 (KHTML, like Gecko) Chrome/76.0.3809.132 Safari/537.36)
[2019-09-05 13:00:41] REQUEST GET - https://localhost:8082/public/ws/Resources.ashx/xml-qa
[2019-09-05 13:00:41] REQUEST GET - https://localhost:8082/public/ws/Resources.ashx/xml-qa
[2019-09-05 13:00:41] 200 - OK - text/xml
[2019-09-05 13:00:41] 200 - OK - text/xml
[2019-09-05 13:00:41] REQUEST GET - https://localhost:8082/public/ws/Resources.ashx/xml-qa
[2019-09-05 13:00:41] ---- FROM  ::1 (WinNT)
[2019-09-05 13:00:41] ---- BROWSER:  Chrome 76.0 (Mozilla/5.0 (Windows NT 10.0; Win64; x64) AppleWebKit/537.36 (KHTML, like Gecko) Chrome/76.0.3809.132 Safari/537.36)
[2019-09-05 13:00:41] ---- FROM  ::1 (WinNT)
[2019-09-05 13:00:41] ---- BROWSER:  Chrome 76.0 (Mozilla/5.0 (Windows NT 10.0; Win64; x64) AppleWebKit/537.36 (KHTML, like Gecko) Chrome/76.0.3809.132 Safari/537.36)
[2019-09-05 13:00:41] REQUEST GET - https://localhost:8082/public/ws/Resources.ashx/xml-qa
[2019-09-05 13:00:41] ---- FROM  ::1 (WinNT)
[2019-09-05 13:00:41] 200 - OK - text/xml
[2019-09-05 13:00:41] 200 - OK - text/xml
[2019-09-05 13:00:41] ---- FROM  ::1 (WinNT)
[2019-09-05 13:00:41] ---- BROWSER:  Chrome 76.0 (Mozilla/5.0 (Windows NT 10.0; Win64; x64) AppleWebKit/537.36 (KHTML, like Gecko) Chrome/76.0.3809.132 Safari/537.36)
[2019-09-05 13:00:41] 200 - OK - text/xml
[2019-09-05 13:00:41] REQUEST GET - https://localhost:8082/public/ws/Resources.ashx/xml-qa
[2019-09-05 13:00:41] ---- FROM  ::1 (WinNT)
[2019-09-05 13:00:41] ---- BROWSER:  Chrome 76.0 (Mozilla/5.0 (Windows NT 10.0; Win64; x64) AppleWebKit/537.36 (KHTML, like Gecko) Chrome/76.0.3809.132 Safari/537.36)
[2019-09-05 13:00:41] ---- BROWSER:  Chrome 76.0 (Mozilla/5.0 (Windows NT 10.0; Win64; x64) AppleWebKit/537.36 (KHTML, like Gecko) Chrome/76.0.3809.132 Safari/537.36)
[2019-09-05 13:00:41] 200 - OK - text/xml
[2019-09-05 13:00:41] REQUEST GET - https://localhost:8082/public/ws/Resources.ashx/xml-qa
[2019-09-05 13:00:41] ---- FROM  ::1 (WinNT)
[2019-09-05 13:00:41] ---- BROWSER:  Chrome 76.0 (Mozilla/5.0 (Windows NT 10.0; Win64; x64) AppleWebKit/537.36 (KHTML, like Gecko) Chrome/76.0.3809.132 Safari/537.36)
[2019-09-05 13:00:41] 200 - OK - text/xml
[2019-09-05 13:00:41] REQUEST GET - https://localhost:8082/public/ws/Resources.ashx/xml-qa
[2019-09-05 13:00:41] 200 - OK - text/xml
[2019-09-05 13:00:41] ---- FROM  ::1 (WinNT)
[2019-09-05 13:00:41] REQUEST GET - https://localhost:8082/public/ws/Resources.ashx/xml-qa
[2019-09-05 13:00:41] ---- BROWSER:  Chrome 76.0 (Mozilla/5.0 (Windows NT 10.0; Win64; x64) AppleWebKit/537.36 (KHTML, like Gecko) Chrome/76.0.3809.132 Safari/537.36)
[2019-09-05 13:00:41] ---- FROM  ::1 (WinNT)
[2019-09-05 13:00:41] ---- BROWSER:  Chrome 76.0 (Mozilla/5.0 (Windows NT 10.0; Win64; x64) AppleWebKit/537.36 (KHTML, like Gecko) Chrome/76.0.3809.132 Safari/537.36)
[2019-09-05 13:00:41] REQUEST GET - https://localhost:8082/public/ws/Resources.ashx/xml-qa
[2019-09-05 13:00:41] ---- FROM  ::1 (WinNT)
[2019-09-05 13:00:41] REQUEST GET - https://localhost:8082/public/ws/Resources.ashx/xml-qa
[2019-09-05 13:00:41] 200 - OK - text/xml
[2019-09-05 13:00:41] 200 - OK - text/xml
[2019-09-05 13:00:41] REQUEST GET - https://localhost:8082/public/ws/Resources.ashx/xml-qa
[2019-09-05 13:00:41] ---- FROM  ::1 (WinNT)
[2019-09-05 13:00:41] 200 - OK - text/xml
[2019-09-05 13:00:41] ---- BROWSER:  Chrome 76.0 (Mozilla/5.0 (Windows NT 10.0; Win64; x64) AppleWebKit/537.36 (KHTML, like Gecko) Chrome/76.0.3809.132 Safari/537.36)
[2019-09-05 13:00:41] ---- FROM  ::1 (WinNT)
[2019-09-05 13:00:41] ---- BROWSER:  Chrome 76.0 (Mozilla/5.0 (Windows NT 10.0; Win64; x64) AppleWebKit/537.36 (KHTML, like Gecko) Chrome/76.0.3809.132 Safari/537.36)
[2019-09-05 13:00:41] ---- BROWSER:  Chrome 76.0 (Mozilla/5.0 (Windows NT 10.0; Win64; x64) AppleWebKit/537.36 (KHTML, like Gecko) Chrome/76.0.3809.132 Safari/537.36)
[2019-09-05 13:00:41] REQUEST GET - https://localhost:8082/public/ws/Resources.ashx/xml-qa
[2019-09-05 13:00:41] ---- FROM  ::1 (WinNT)
[2019-09-05 13:00:41] ---- BROWSER:  Chrome 76.0 (Mozilla/5.0 (Windows NT 10.0; Win64; x64) AppleWebKit/537.36 (KHTML, like Gecko) Chrome/76.0.3809.132 Safari/537.36)
[2019-09-05 13:00:41] REQUEST GET - https://localhost:8082/public/ws/Resources.ashx/xml-qa
[2019-09-05 13:00:41] ---- FROM  ::1 (WinNT)
[2019-09-05 13:00:41] ---- BROWSER:  Chrome 76.0 (Mozilla/5.0 (Windows NT 10.0; Win64; x64) AppleWebKit/537.36 (KHTML, like Gecko) Chrome/76.0.3809.132 Safari/537.36)
[2019-09-05 13:00:41] 200 - OK - text/xml
[2019-09-05 13:00:41] REQUEST GET - https://localhost:8082/public/ws/Resources.ashx/xml-qa
[2019-09-05 13:00:41] 200 - OK - text/xml
[2019-09-05 13:00:41] REQUEST GET - https://localhost:8082/public/ws/Resources.ashx/xml-qa
[2019-09-05 13:00:41] 200 - OK - text/xml
[2019-09-05 13:00:41] 200 - OK - text/xml
[2019-09-05 13:00:41] REQUEST GET - https://localhost:8082/public/ws/Resources.ashx/xml-qa
[2019-09-05 13:00:41] ---- FROM  ::1 (WinNT)
[2019-09-05 13:00:41] ---- FROM  ::1 (WinNT)
[2019-09-05 13:00:41] 200 - OK - text/xml
[2019-09-05 13:00:41] REQUEST GET - https://localhost:8082/public/ws/Resources.ashx/xml-qa
[2019-09-05 13:00:41] REQUEST GET - https://localhost:8082/public/ws/Resources.ashx/xml-qa
[2019-09-05 13:00:41] ---- FROM  ::1 (WinNT)
[2019-09-05 13:00:42] ---- FROM  ::1 (WinNT)
[2019-09-05 13:00:42] ---- BROWSER:  Chrome 76.0 (Mozilla/5.0 (Windows NT 10.0; Win64; x64) AppleWebKit/537.36 (KHTML, like Gecko) Chrome/76.0.3809.132 Safari/537.36)
[2019-09-05 13:00:41] ---- BROWSER:  Chrome 76.0 (Mozilla/5.0 (Windows NT 10.0; Win64; x64) AppleWebKit/537.36 (KHTML, like Gecko) Chrome/76.0.3809.132 Safari/537.36)
[2019-09-05 13:00:42] ---- FROM  ::1 (WinNT)
[2019-09-05 13:00:41] ---- BROWSER:  Chrome 76.0 (Mozilla/5.0 (Windows NT 10.0; Win64; x64) AppleWebKit/537.36 (KHTML, like Gecko) Chrome/76.0.3809.132 Safari/537.36)
[2019-09-05 13:00:42] 200 - OK - text/xml
[2019-09-05 13:00:42] 200 - OK - text/xml
[2019-09-05 13:00:42] REQUEST GET - https://localhost:8082/public/ws/Resources.ashx/xml-qa
[2019-09-05 13:00:42] ---- BROWSER:  Chrome 76.0 (Mozilla/5.0 (Windows NT 10.0; Win64; x64) AppleWebKit/537.36 (KHTML, like Gecko) Chrome/76.0.3809.132 Safari/537.36)
[2019-09-05 13:00:42] ---- BROWSER:  Chrome 76.0 (Mozilla/5.0 (Windows NT 10.0; Win64; x64) AppleWebKit/537.36 (KHTML, like Gecko) Chrome/76.0.3809.132 Safari/537.36)
[2019-09-05 13:00:42] REQUEST GET - https://localhost:8082/public/ws/Resources.ashx/xml-qa
[2019-09-05 13:00:42] ---- FROM  ::1 (WinNT)
[2019-09-05 13:00:42] ---- BROWSER:  Chrome 76.0 (Mozilla/5.0 (Windows NT 10.0; Win64; x64) AppleWebKit/537.36 (KHTML, like Gecko) Chrome/76.0.3809.132 Safari/537.36)
[2019-09-05 13:00:42] 200 - OK - text/xml
[2019-09-05 13:00:42] ---- FROM  ::1 (WinNT)
[2019-09-05 13:00:42] 200 - OK - text/xml
[2019-09-05 13:00:42] 200 - OK - text/xml
[2019-09-05 13:00:42] REQUEST GET - https://localhost:8082/public/ws/Resources.ashx/xml-qa
[2019-09-05 13:00:42] REQUEST GET - https://localhost:8082/public/ws/Resources.ashx/xml-qa
[2019-09-05 13:00:42] 200 - OK - text/xml
[2019-09-05 13:00:42] ---- FROM  ::1 (WinNT)
[2019-09-05 13:00:42] ---- BROWSER:  Chrome 76.0 (Mozilla/5.0 (Windows NT 10.0; Win64; x64) AppleWebKit/537.36 (KHTML, like Gecko) Chrome/76.0.3809.132 Safari/537.36)
[2019-09-05 13:00:42] ---- BROWSER:  Chrome 76.0 (Mozilla/5.0 (Windows NT 10.0; Win64; x64) AppleWebKit/537.36 (KHTML, like Gecko) Chrome/76.0.3809.132 Safari/537.36)
[2019-09-05 13:00:42] 200 - OK - text/xml
[2019-09-05 13:00:42] ---- FROM  ::1 (WinNT)
[2019-09-05 13:00:42] ---- BROWSER:  Chrome 76.0 (Mozilla/5.0 (Windows NT 10.0; Win64; x64) AppleWebKit/537.36 (KHTML, like Gecko) Chrome/76.0.3809.132 Safari/537.36)
[2019-09-05 13:00:42] REQUEST GET - https://localhost:8082/public/ws/Resources.ashx/xml-qa
[2019-09-05 13:00:42] ---- FROM  ::1 (WinNT)
[2019-09-05 13:00:42] ---- BROWSER:  Chrome 76.0 (Mozilla/5.0 (Windows NT 10.0; Win64; x64) AppleWebKit/537.36 (KHTML, like Gecko) Chrome/76.0.3809.132 Safari/537.36)
[2019-09-05 13:00:42] 200 - OK - text/xml
[2019-09-05 13:00:42] REQUEST GET - https://localhost:8082/public/ws/Resources.ashx/xml-qa
[2019-09-05 13:00:42] ---- FROM  ::1 (WinNT)
[2019-09-05 13:00:42] ---- BROWSER:  Chrome 76.0 (Mozilla/5.0 (Windows NT 10.0; Win64; x64) AppleWebKit/537.36 (KHTML, like Gecko) Chrome/76.0.3809.132 Safari/537.36)
[2019-09-05 13:00:42] 200 - OK - text/xml
[2019-09-05 13:00:42] REQUEST GET - https://localhost:8082/public/ws/Resources.ashx/xml-qa
[2019-09-05 13:00:42] 200 - OK - text/xml
[2019-09-05 13:00:42] ---- FROM  ::1 (WinNT)
[2019-09-05 13:00:42] ---- BROWSER:  Chrome 76.0 (Mozilla/5.0 (Windows NT 10.0; Win64; x64) AppleWebKit/537.36 (KHTML, like Gecko) Chrome/76.0.3809.132 Safari/537.36)
[2019-09-05 13:00:42] REQUEST GET - https://localhost:8082/public/ws/Resources.ashx/xml-qa
[2019-09-05 13:00:42] 200 - OK - text/xml
[2019-09-05 13:00:42] REQUEST GET - https://localhost:8082/public/ws/Resources.ashx/xml-qa
[2019-09-05 13:00:42] ---- FROM  ::1 (WinNT)
[2019-09-05 13:00:42] REQUEST GET - https://localhost:8082/public/ws/Resources.ashx/xml-qa
[2019-09-05 13:00:42] ---- FROM  ::1 (WinNT)
[2019-09-05 13:00:42] ---- FROM  ::1 (WinNT)
[2019-09-05 13:00:42] ---- BROWSER:  Chrome 76.0 (Mozilla/5.0 (Windows NT 10.0; Win64; x64) AppleWebKit/537.36 (KHTML, like Gecko) Chrome/76.0.3809.132 Safari/537.36)
[2019-09-05 13:00:42] 200 - OK - text/xml
[2019-09-05 13:00:42] 200 - OK - text/xml
[2019-09-05 13:00:42] ---- BROWSER:  Chrome 76.0 (Mozilla/5.0 (Windows NT 10.0; Win64; x64) AppleWebKit/537.36 (KHTML, like Gecko) Chrome/76.0.3809.132 Safari/537.36)
[2019-09-05 13:00:42] ---- BROWSER:  Chrome 76.0 (Mozilla/5.0 (Windows NT 10.0; Win64; x64) AppleWebKit/537.36 (KHTML, like Gecko) Chrome/76.0.3809.132 Safari/537.36)
[2019-09-05 13:00:42] REQUEST GET - https://localhost:8082/public/ws/Resources.ashx/xml-qa
[2019-09-05 13:00:42] ---- FROM  ::1 (WinNT)
[2019-09-05 13:00:42] ---- BROWSER:  Chrome 76.0 (Mozilla/5.0 (Windows NT 10.0; Win64; x64) AppleWebKit/537.36 (KHTML, like Gecko) Chrome/76.0.3809.132 Safari/537.36)
[2019-09-05 13:00:42] 200 - OK - text/xml
[2019-09-05 13:00:42] 200 - OK - text/xml
[2019-09-05 13:00:42] 200 - OK - text/xml
