[2019-08-26 15:41:21] ---- FROM  ::1 (WinNT)
[2019-08-26 15:41:21] ---- BROWSER:  Chrome 76.0 (Mozilla/5.0 (Windows NT 10.0; Win64; x64) AppleWebKit/537.36 (KHTML, like Gecko) Chrome/76.0.3809.100 Safari/537.36)
[2019-08-26 15:41:21] ---- BROWSER:  Chrome 76.0 (Mozilla/5.0 (Windows NT 10.0; Win64; x64) AppleWebKit/537.36 (KHTML, like Gecko) Chrome/76.0.3809.100 Safari/537.36)
[2019-08-26 15:41:21] ---- BROWSER:  Chrome 76.0 (Mozilla/5.0 (Windows NT 10.0; Win64; x64) AppleWebKit/537.36 (KHTML, like Gecko) Chrome/76.0.3809.100 Safari/537.36)
[2019-08-26 15:41:21] 200 - OK - text/xml
[2019-08-26 15:41:21] 200 - OK - text/xml
[2019-08-26 15:41:21] 200 - OK - text/xml
[2019-08-26 15:41:21] 200 - OK - text/xml
[2019-08-26 15:41:54] REQUEST GET - https://localhost:8082/public/aspx/Home.aspx?Token=61111131252223224013000011333653&TokenApiRest=eyJ0eXAiOiJKV1QiLCJhbGciOiJIUzI1NiJ9.eyJpc3MiOiJodHRwczpcL1wvd3d3cy5kZXYteWVhcC5pdCIsImlhdCI6MTU0MjI5NDMyMSwibmJmIjoxNTQyMjk0MzIxLCJleHAiOjE1NDI4OTkxMjEsImRhdGEiOnsidXNlciI6eyJpZCI6IjQ0In19fQ.RCP5OeoGASxAyBw1MbMD4BFJAcDM5JIXqYXKBALZcJI&Logo=https://localhost:8082/scratch/pl_logo.png&Title=Business Plan Test nr. 2
[2019-08-26 15:41:54] ---- FROM  ::1 (WinNT)
[2019-08-26 15:41:54] ---- BROWSER:  Chrome 76.0 (Mozilla/5.0 (Windows NT 10.0; Win64; x64) AppleWebKit/537.36 (KHTML, like Gecko) Chrome/76.0.3809.100 Safari/537.36)
[2019-08-26 15:41:54] 302 - Found - text/html
[2019-08-26 15:41:54] REQUEST GET - https://localhost:8082/home/welcome?Token=61111131252223224013000011333653&TokenApiRest=eyJ0eXAiOiJKV1QiLCJhbGciOiJIUzI1NiJ9.eyJpc3MiOiJodHRwczpcL1wvd3d3cy5kZXYteWVhcC5pdCIsImlhdCI6MTU0MjI5NDMyMSwibmJmIjoxNTQyMjk0MzIxLCJleHAiOjE1NDI4OTkxMjEsImRhdGEiOnsidXNlciI6eyJpZCI6IjQ0In19fQ.RCP5OeoGASxAyBw1MbMD4BFJAcDM5JIXqYXKBALZcJI&Logo=https://localhost:8082/scratch/pl_logo.png&Title=Business Plan Test nr. 2
[2019-08-26 15:41:54] ---- FROM  ::1 (WinNT)
[2019-08-26 15:41:54] ---- BROWSER:  Chrome 76.0 (Mozilla/5.0 (Windows NT 10.0; Win64; x64) AppleWebKit/537.36 (KHTML, like Gecko) Chrome/76.0.3809.100 Safari/537.36)
[2019-08-26 15:41:54] 200 - OK - text/html
[2019-08-26 15:41:55] REQUEST POST - https://localhost:8082/public/ws/General.asmx/Set
[2019-08-26 15:41:55] ---- FROM  ::1 (WinNT)
[2019-08-26 15:41:55] ---- BROWSER:  Chrome 76.0 (Mozilla/5.0 (Windows NT 10.0; Win64; x64) AppleWebKit/537.36 (KHTML, like Gecko) Chrome/76.0.3809.100 Safari/537.36)
[2019-08-26 15:41:55] ---- CONTENT: {data : "<?xml version='1.0' encoding='utf-8' ?><Request ID='20190826154155765'><General><Token>61111131252223224013000011333653</Token></General><Data><Nome>Business Plan Test nr. 2</Nome><Logo>https%3A%2F%2Flocalhost%3A8082%2Fscratch%2Fpl_logo.png</Logo></Data></Request>"}
[2019-08-26 15:41:55] 200 - OK - application/json
[2019-08-26 15:41:55] REQUEST POST - https://localhost:8082/public/ws/Config.asmx/Economics_Get
[2019-08-26 15:41:55] ---- FROM  ::1 (WinNT)
[2019-08-26 15:41:55] ---- BROWSER:  Chrome 76.0 (Mozilla/5.0 (Windows NT 10.0; Win64; x64) AppleWebKit/537.36 (KHTML, like Gecko) Chrome/76.0.3809.100 Safari/537.36)
[2019-08-26 15:41:55] ---- CONTENT: {data : "<?xml version='1.0' encoding='utf-8' ?><Request ID='20190826154155816'><General><Token>61111131252223224013000011333653</Token></General><Data></Data></Request>"}
[2019-08-26 15:41:55] 200 - OK - application/json
[2019-08-26 15:41:58] REQUEST POST - https://localhost:8082/public/ws/Config.asmx/All_Get
[2019-08-26 15:41:58] ---- FROM  ::1 (WinNT)
[2019-08-26 15:41:58] ---- BROWSER:  Chrome 76.0 (Mozilla/5.0 (Windows NT 10.0; Win64; x64) AppleWebKit/537.36 (KHTML, like Gecko) Chrome/76.0.3809.100 Safari/537.36)
[2019-08-26 15:41:58] ---- CONTENT: {data : "<?xml version='1.0' encoding='utf-8' ?><Request ID='2019082615415814'><General><Token>61111131252223224013000011333653</Token></General><Data></Data></Request>"}
[2019-08-26 15:41:58] 200 - OK - application/json
[2019-08-26 15:41:58] REQUEST POST - https://localhost:8082/public/ws/Economics.asmx/messaggi_summary
[2019-08-26 15:41:58] ---- FROM  ::1 (WinNT)
[2019-08-26 15:41:58] ---- BROWSER:  Chrome 76.0 (Mozilla/5.0 (Windows NT 10.0; Win64; x64) AppleWebKit/537.36 (KHTML, like Gecko) Chrome/76.0.3809.100 Safari/537.36)
[2019-08-26 15:41:58] ---- CONTENT: {data : "<?xml version='1.0' encoding='utf-8' ?><Request ID='20190826154158585'><General><Token>61111131252223224013000011333653</Token></General><Data></Data></Request>"}
[2019-08-26 15:41:58] 200 - OK - application/json
[2019-08-26 15:41:58] REQUEST POST - https://localhost:8082/public/ws/Config.asmx/All_Get
[2019-08-26 15:41:58] ---- FROM  ::1 (WinNT)
[2019-08-26 15:41:58] ---- BROWSER:  Chrome 76.0 (Mozilla/5.0 (Windows NT 10.0; Win64; x64) AppleWebKit/537.36 (KHTML, like Gecko) Chrome/76.0.3809.100 Safari/537.36)
[2019-08-26 15:41:58] ---- CONTENT: {data : "<?xml version='1.0' encoding='utf-8' ?><Request ID='20190826154158708'><General><Token>61111131252223224013000011333653</Token></General><Data></Data></Request>"}
[2019-08-26 15:41:58] 200 - OK - application/json
[2019-08-26 15:41:58] REQUEST POST - https://localhost:8082/public/ws/Config.asmx/All_Get
[2019-08-26 15:41:58] ---- FROM  ::1 (WinNT)
[2019-08-26 15:41:58] ---- BROWSER:  Chrome 76.0 (Mozilla/5.0 (Windows NT 10.0; Win64; x64) AppleWebKit/537.36 (KHTML, like Gecko) Chrome/76.0.3809.100 Safari/537.36)
[2019-08-26 15:41:58] ---- CONTENT: {data : "<?xml version='1.0' encoding='utf-8' ?><Request ID='20190826154158835'><General><Token>61111131252223224013000011333653</Token></General><Data></Data></Request>"}
[2019-08-26 15:41:58] 200 - OK - application/json
[2019-08-26 15:42:51] REQUEST GET - https://localhost:8082/public/aspx/Home.aspx?Token=61111131252223224013000011333653&TokenApiRest=eyJ0eXAiOiJKV1QiLCJhbGciOiJIUzI1NiJ9.eyJpc3MiOiJodHRwczpcL1wvd3d3cy5kZXYteWVhcC5pdCIsImlhdCI6MTU0MjI5NDMyMSwibmJmIjoxNTQyMjk0MzIxLCJleHAiOjE1NDI4OTkxMjEsImRhdGEiOnsidXNlciI6eyJpZCI6IjQ0In19fQ.RCP5OeoGASxAyBw1MbMD4BFJAcDM5JIXqYXKBALZcJI&Logo=https://localhost:8082/scratch/pl_logo.png&Title=Business Plan Test nr. 2
[2019-08-26 15:42:51] ---- FROM  ::1 (WinNT)
[2019-08-26 15:42:51] ---- BROWSER:  Chrome 76.0 (Mozilla/5.0 (Windows NT 10.0; Win64; x64) AppleWebKit/537.36 (KHTML, like Gecko) Chrome/76.0.3809.100 Safari/537.36)
[2019-08-26 15:42:51] 302 - Found - text/html
[2019-08-26 15:42:51] REQUEST GET - https://localhost:8082/home/welcome?Token=61111131252223224013000011333653&TokenApiRest=eyJ0eXAiOiJKV1QiLCJhbGciOiJIUzI1NiJ9.eyJpc3MiOiJodHRwczpcL1wvd3d3cy5kZXYteWVhcC5pdCIsImlhdCI6MTU0MjI5NDMyMSwibmJmIjoxNTQyMjk0MzIxLCJleHAiOjE1NDI4OTkxMjEsImRhdGEiOnsidXNlciI6eyJpZCI6IjQ0In19fQ.RCP5OeoGASxAyBw1MbMD4BFJAcDM5JIXqYXKBALZcJI&Logo=https://localhost:8082/scratch/pl_logo.png&Title=Business Plan Test nr. 2
[2019-08-26 15:42:51] ---- FROM  ::1 (WinNT)
[2019-08-26 15:42:51] ---- BROWSER:  Chrome 76.0 (Mozilla/5.0 (Windows NT 10.0; Win64; x64) AppleWebKit/537.36 (KHTML, like Gecko) Chrome/76.0.3809.100 Safari/537.36)
[2019-08-26 15:42:51] 200 - OK - text/html
[2019-08-26 15:42:52] REQUEST POST - https://localhost:8082/public/ws/General.asmx/Set
[2019-08-26 15:42:52] ---- FROM  ::1 (WinNT)
[2019-08-26 15:42:52] ---- BROWSER:  Chrome 76.0 (Mozilla/5.0 (Windows NT 10.0; Win64; x64) AppleWebKit/537.36 (KHTML, like Gecko) Chrome/76.0.3809.100 Safari/537.36)
[2019-08-26 15:42:52] ---- CONTENT: {data : "<?xml version='1.0' encoding='utf-8' ?><Request ID='20190826154252598'><General><Token>61111131252223224013000011333653</Token></General><Data><Nome>Business Plan Test nr. 2</Nome><Logo>https%3A%2F%2Flocalhost%3A8082%2Fscratch%2Fpl_logo.png</Logo></Data></Request>"}
[2019-08-26 15:42:52] 200 - OK - application/json
[2019-08-26 15:42:52] REQUEST POST - https://localhost:8082/public/ws/Config.asmx/Economics_Get
[2019-08-26 15:42:52] ---- FROM  ::1 (WinNT)
[2019-08-26 15:42:52] ---- BROWSER:  Chrome 76.0 (Mozilla/5.0 (Windows NT 10.0; Win64; x64) AppleWebKit/537.36 (KHTML, like Gecko) Chrome/76.0.3809.100 Safari/537.36)
[2019-08-26 15:42:52] ---- CONTENT: {data : "<?xml version='1.0' encoding='utf-8' ?><Request ID='20190826154252654'><General><Token>61111131252223224013000011333653</Token></General><Data></Data></Request>"}
[2019-08-26 15:42:52] 200 - OK - application/json
[2019-08-26 15:42:55] REQUEST POST - https://localhost:8082/public/ws/Config.asmx/All_Get
[2019-08-26 15:42:57] ---- FROM  ::1 (WinNT)
[2019-08-26 15:42:57] ---- BROWSER:  Chrome 76.0 (Mozilla/5.0 (Windows NT 10.0; Win64; x64) AppleWebKit/537.36 (KHTML, like Gecko) Chrome/76.0.3809.100 Safari/537.36)
[2019-08-26 15:42:57] ---- CONTENT: {data : "<?xml version='1.0' encoding='utf-8' ?><Request ID='20190826154255515'><General><Token>61111131252223224013000011333653</Token></General><Data></Data></Request>"}
[2019-08-26 15:42:57] 200 - OK - application/json
[2019-08-26 15:42:57] REQUEST POST - https://localhost:8082/public/ws/Economics.asmx/messaggi_summary
[2019-08-26 15:42:57] ---- FROM  ::1 (WinNT)
[2019-08-26 15:42:57] ---- BROWSER:  Chrome 76.0 (Mozilla/5.0 (Windows NT 10.0; Win64; x64) AppleWebKit/537.36 (KHTML, like Gecko) Chrome/76.0.3809.100 Safari/537.36)
[2019-08-26 15:42:57] ---- CONTENT: {data : "<?xml version='1.0' encoding='utf-8' ?><Request ID='20190826154257932'><General><Token>61111131252223224013000011333653</Token></General><Data></Data></Request>"}
[2019-08-26 15:42:57] 200 - OK - application/json
[2019-08-26 15:42:58] REQUEST POST - https://localhost:8082/public/ws/Config.asmx/All_Get
[2019-08-26 15:42:58] ---- FROM  ::1 (WinNT)
[2019-08-26 15:42:58] ---- BROWSER:  Chrome 76.0 (Mozilla/5.0 (Windows NT 10.0; Win64; x64) AppleWebKit/537.36 (KHTML, like Gecko) Chrome/76.0.3809.100 Safari/537.36)
[2019-08-26 15:42:58] ---- CONTENT: {data : "<?xml version='1.0' encoding='utf-8' ?><Request ID='2019082615425843'><General><Token>61111131252223224013000011333653</Token></General><Data></Data></Request>"}
[2019-08-26 15:42:58] REQUEST POST - https://localhost:8082/public/ws/Config.asmx/All_Get
[2019-08-26 15:42:58] ---- FROM  ::1 (WinNT)
[2019-08-26 15:42:58] ---- BROWSER:  Chrome 76.0 (Mozilla/5.0 (Windows NT 10.0; Win64; x64) AppleWebKit/537.36 (KHTML, like Gecko) Chrome/76.0.3809.100 Safari/537.36)
[2019-08-26 15:42:58] ---- CONTENT: {data : "<?xml version='1.0' encoding='utf-8' ?><Request ID='20190826154258105'><General><Token>61111131252223224013000011333653</Token></General><Data></Data></Request>"}
[2019-08-26 15:42:58] 200 - OK - application/json
[2019-08-26 15:42:58] 200 - OK - application/json
[2019-08-26 15:43:00] REQUEST GET - https://localhost:8082/qa/qualitativa
[2019-08-26 15:43:00] ---- FROM  ::1 (WinNT)
[2019-08-26 15:43:00] ---- BROWSER:  Chrome 76.0 (Mozilla/5.0 (Windows NT 10.0; Win64; x64) AppleWebKit/537.36 (KHTML, like Gecko) Chrome/76.0.3809.100 Safari/537.36)
[2019-08-26 15:43:00] 200 - OK - text/html
[2019-08-26 15:43:01] REQUEST POST - https://localhost:8082/public/ws/QAnalysis.asmx/Get
[2019-08-26 15:43:01] ---- FROM  ::1 (WinNT)
[2019-08-26 15:43:01] ---- BROWSER:  Chrome 76.0 (Mozilla/5.0 (Windows NT 10.0; Win64; x64) AppleWebKit/537.36 (KHTML, like Gecko) Chrome/76.0.3809.100 Safari/537.36)
[2019-08-26 15:43:01] ---- CONTENT: {data : "<?xml version='1.0' encoding='utf-8' ?><Request ID='20190826154301738'><General><Token>61111131252223224013000011333653</Token></General><Data></Data></Request>"}
[2019-08-26 15:43:01] 200 - OK - application/json
[2019-08-26 15:43:05] REQUEST POST - https://localhost:8082/public/ws/Config.asmx/All_Get
[2019-08-26 15:43:05] ---- FROM  ::1 (WinNT)
[2019-08-26 15:43:05] ---- BROWSER:  Chrome 76.0 (Mozilla/5.0 (Windows NT 10.0; Win64; x64) AppleWebKit/537.36 (KHTML, like Gecko) Chrome/76.0.3809.100 Safari/537.36)
[2019-08-26 15:43:05] ---- CONTENT: {data : "<?xml version='1.0' encoding='utf-8' ?><Request ID='20190826154305670'><General><Token>61111131252223224013000011333653</Token></General><Data></Data></Request>"}
[2019-08-26 15:43:05] 200 - OK - application/json
[2019-08-26 15:43:07] REQUEST POST - https://localhost:8082/public/ws/Economics.asmx/messaggi_summary
[2019-08-26 15:43:07] ---- FROM  ::1 (WinNT)
[2019-08-26 15:43:07] ---- BROWSER:  Chrome 76.0 (Mozilla/5.0 (Windows NT 10.0; Win64; x64) AppleWebKit/537.36 (KHTML, like Gecko) Chrome/76.0.3809.100 Safari/537.36)
[2019-08-26 15:43:07] ---- CONTENT: {data : "<?xml version='1.0' encoding='utf-8' ?><Request ID='20190826154307643'><General><Token>61111131252223224013000011333653</Token></General><Data></Data></Request>"}
[2019-08-26 15:43:07] 200 - OK - application/json
[2019-08-26 15:43:07] REQUEST POST - https://localhost:8082/public/ws/Config.asmx/All_Get
[2019-08-26 15:43:07] ---- FROM  ::1 (WinNT)
[2019-08-26 15:43:07] ---- BROWSER:  Chrome 76.0 (Mozilla/5.0 (Windows NT 10.0; Win64; x64) AppleWebKit/537.36 (KHTML, like Gecko) Chrome/76.0.3809.100 Safari/537.36)
[2019-08-26 15:43:07] ---- CONTENT: {data : "<?xml version='1.0' encoding='utf-8' ?><Request ID='20190826154307724'><General><Token>61111131252223224013000011333653</Token></General><Data></Data></Request>"}
[2019-08-26 15:43:07] 200 - OK - application/json
[2019-08-26 15:43:07] REQUEST POST - https://localhost:8082/public/ws/Config.asmx/All_Get
[2019-08-26 15:43:08] ---- FROM  ::1 (WinNT)
[2019-08-26 15:43:08] ---- BROWSER:  Chrome 76.0 (Mozilla/5.0 (Windows NT 10.0; Win64; x64) AppleWebKit/537.36 (KHTML, like Gecko) Chrome/76.0.3809.100 Safari/537.36)
[2019-08-26 15:43:08] ---- CONTENT: {data : "<?xml version='1.0' encoding='utf-8' ?><Request ID='20190826154307904'><General><Token>61111131252223224013000011333653</Token></General><Data></Data></Request>"}
[2019-08-26 15:43:07] REQUEST GET - https://localhost:8082/public/ws/Resources.ashx/xml-qa
[2019-08-26 15:43:07] REQUEST GET - https://localhost:8082/public/ws/Resources.ashx/xml-qa
[2019-08-26 15:43:07] REQUEST GET - https://localhost:8082/public/ws/Resources.ashx/xml-qa
[2019-08-26 15:43:08] REQUEST GET - https://localhost:8082/public/ws/Resources.ashx/xml-qa
[2019-08-26 15:43:08] REQUEST GET - https://localhost:8082/public/ws/Resources.ashx/xml-qa
[2019-08-26 15:43:08] ---- FROM  ::1 (WinNT)
[2019-08-26 15:43:08] REQUEST GET - https://localhost:8082/public/ws/Resources.ashx/xml-qa
[2019-08-26 15:43:08] ---- FROM  ::1 (WinNT)
[2019-08-26 15:43:08] REQUEST GET - https://localhost:8082/public/ws/Resources.ashx/xml-qa
[2019-08-26 15:43:08] ---- FROM  ::1 (WinNT)
[2019-08-26 15:43:08] ---- FROM  ::1 (WinNT)
[2019-08-26 15:43:08] ---- FROM  ::1 (WinNT)
[2019-08-26 15:43:08] ---- FROM  ::1 (WinNT)
[2019-08-26 15:43:08] ---- BROWSER:  Chrome 76.0 (Mozilla/5.0 (Windows NT 10.0; Win64; x64) AppleWebKit/537.36 (KHTML, like Gecko) Chrome/76.0.3809.100 Safari/537.36)
[2019-08-26 15:43:08] ---- BROWSER:  Chrome 76.0 (Mozilla/5.0 (Windows NT 10.0; Win64; x64) AppleWebKit/537.36 (KHTML, like Gecko) Chrome/76.0.3809.100 Safari/537.36)
[2019-08-26 15:43:08] ---- BROWSER:  Chrome 76.0 (Mozilla/5.0 (Windows NT 10.0; Win64; x64) AppleWebKit/537.36 (KHTML, like Gecko) Chrome/76.0.3809.100 Safari/537.36)
[2019-08-26 15:43:08] REQUEST GET - https://localhost:8082/public/ws/Resources.ashx/xml-qa
[2019-08-26 15:43:08] ---- BROWSER:  Chrome 76.0 (Mozilla/5.0 (Windows NT 10.0; Win64; x64) AppleWebKit/537.36 (KHTML, like Gecko) Chrome/76.0.3809.100 Safari/537.36)
[2019-08-26 15:43:08] ---- FROM  ::1 (WinNT)
[2019-08-26 15:43:08] 200 - OK - application/json
[2019-08-26 15:43:08] ---- BROWSER:  Chrome 76.0 (Mozilla/5.0 (Windows NT 10.0; Win64; x64) AppleWebKit/537.36 (KHTML, like Gecko) Chrome/76.0.3809.100 Safari/537.36)
[2019-08-26 15:43:08] ---- BROWSER:  Chrome 76.0 (Mozilla/5.0 (Windows NT 10.0; Win64; x64) AppleWebKit/537.36 (KHTML, like Gecko) Chrome/76.0.3809.100 Safari/537.36)
[2019-08-26 15:43:08] 200 - OK - text/xml
[2019-08-26 15:43:08] 200 - OK - text/xml
[2019-08-26 15:43:08] 200 - OK - text/xml
[2019-08-26 15:43:08] 200 - OK - text/xml
[2019-08-26 15:43:08] 200 - OK - text/xml
[2019-08-26 15:43:08] REQUEST GET - https://localhost:8082/public/ws/Resources.ashx/xml-qa
[2019-08-26 15:43:08] REQUEST GET - https://localhost:8082/public/ws/Resources.ashx/xml-qa
[2019-08-26 15:43:08] 200 - OK - text/xml
[2019-08-26 15:43:08] ---- BROWSER:  Chrome 76.0 (Mozilla/5.0 (Windows NT 10.0; Win64; x64) AppleWebKit/537.36 (KHTML, like Gecko) Chrome/76.0.3809.100 Safari/537.36)
[2019-08-26 15:43:08] REQUEST GET - https://localhost:8082/public/ws/Resources.ashx/xml-qa
[2019-08-26 15:43:08] ---- FROM  ::1 (WinNT)
[2019-08-26 15:43:08] REQUEST GET - https://localhost:8082/public/ws/Resources.ashx/xml-qa
[2019-08-26 15:43:08] REQUEST GET - https://localhost:8082/public/ws/Resources.ashx/xml-qa
[2019-08-26 15:43:08] REQUEST GET - https://localhost:8082/public/ws/Resources.ashx/xml-qa
[2019-08-26 15:43:08] ---- FROM  ::1 (WinNT)
[2019-08-26 15:43:08] ---- BROWSER:  Chrome 76.0 (Mozilla/5.0 (Windows NT 10.0; Win64; x64) AppleWebKit/537.36 (KHTML, like Gecko) Chrome/76.0.3809.100 Safari/537.36)
[2019-08-26 15:43:08] ---- FROM  ::1 (WinNT)
[2019-08-26 15:43:08] REQUEST GET - https://localhost:8082/public/ws/Resources.ashx/xml-qa
[2019-08-26 15:43:08] ---- FROM  ::1 (WinNT)
[2019-08-26 15:43:08] ---- BROWSER:  Chrome 76.0 (Mozilla/5.0 (Windows NT 10.0; Win64; x64) AppleWebKit/537.36 (KHTML, like Gecko) Chrome/76.0.3809.100 Safari/537.36)
[2019-08-26 15:43:08] ---- FROM  ::1 (WinNT)
[2019-08-26 15:43:08] 200 - OK - text/xml
[2019-08-26 15:43:08] ---- FROM  ::1 (WinNT)
[2019-08-26 15:43:08] ---- BROWSER:  Chrome 76.0 (Mozilla/5.0 (Windows NT 10.0; Win64; x64) AppleWebKit/537.36 (KHTML, like Gecko) Chrome/76.0.3809.100 Safari/537.36)
[2019-08-26 15:43:08] ---- FROM  ::1 (WinNT)
[2019-08-26 15:43:08] ---- BROWSER:  Chrome 76.0 (Mozilla/5.0 (Windows NT 10.0; Win64; x64) AppleWebKit/537.36 (KHTML, like Gecko) Chrome/76.0.3809.100 Safari/537.36)
[2019-08-26 15:43:08] ---- FROM  ::1 (WinNT)
[2019-08-26 15:43:08] 200 - OK - text/xml
[2019-08-26 15:43:08] ---- BROWSER:  Chrome 76.0 (Mozilla/5.0 (Windows NT 10.0; Win64; x64) AppleWebKit/537.36 (KHTML, like Gecko) Chrome/76.0.3809.100 Safari/537.36)
[2019-08-26 15:43:08] ---- BROWSER:  Chrome 76.0 (Mozilla/5.0 (Windows NT 10.0; Win64; x64) AppleWebKit/537.36 (KHTML, like Gecko) Chrome/76.0.3809.100 Safari/537.36)
[2019-08-26 15:43:08] 200 - OK - text/xml
[2019-08-26 15:43:08] 200 - OK - text/xml
[2019-08-26 15:43:08] ---- BROWSER:  Chrome 76.0 (Mozilla/5.0 (Windows NT 10.0; Win64; x64) AppleWebKit/537.36 (KHTML, like Gecko) Chrome/76.0.3809.100 Safari/537.36)
[2019-08-26 15:43:08] REQUEST GET - https://localhost:8082/public/ws/Resources.ashx/xml-qa
[2019-08-26 15:43:08] ---- FROM  ::1 (WinNT)
[2019-08-26 15:43:08] 200 - OK - text/xml
[2019-08-26 15:43:08] 200 - OK - text/xml
[2019-08-26 15:43:08] REQUEST GET - https://localhost:8082/public/ws/Resources.ashx/xml-qa
[2019-08-26 15:43:08] 200 - OK - text/xml
[2019-08-26 15:43:08] ---- BROWSER:  Chrome 76.0 (Mozilla/5.0 (Windows NT 10.0; Win64; x64) AppleWebKit/537.36 (KHTML, like Gecko) Chrome/76.0.3809.100 Safari/537.36)
[2019-08-26 15:43:08] 200 - OK - text/xml
[2019-08-26 15:43:08] REQUEST GET - https://localhost:8082/public/ws/Resources.ashx/xml-qa
[2019-08-26 15:43:08] REQUEST GET - https://localhost:8082/public/ws/Resources.ashx/xml-qa
[2019-08-26 15:43:08] ---- FROM  ::1 (WinNT)
[2019-08-26 15:43:08] REQUEST GET - https://localhost:8082/public/ws/Resources.ashx/xml-qa
[2019-08-26 15:43:08] 200 - OK - text/xml
[2019-08-26 15:43:08] REQUEST GET - https://localhost:8082/public/ws/Resources.ashx/xml-qa
[2019-08-26 15:43:08] ---- FROM  ::1 (WinNT)
[2019-08-26 15:43:08] ---- FROM  ::1 (WinNT)
[2019-08-26 15:43:08] REQUEST GET - https://localhost:8082/public/ws/Resources.ashx/xml-qa
[2019-08-26 15:43:08] ---- BROWSER:  Chrome 76.0 (Mozilla/5.0 (Windows NT 10.0; Win64; x64) AppleWebKit/537.36 (KHTML, like Gecko) Chrome/76.0.3809.100 Safari/537.36)
[2019-08-26 15:43:08] REQUEST GET - https://localhost:8082/public/ws/Resources.ashx/xml-qa
[2019-08-26 15:43:08] ---- FROM  ::1 (WinNT)
[2019-08-26 15:43:08] REQUEST GET - https://localhost:8082/public/ws/Resources.ashx/xml-qa
[2019-08-26 15:43:08] ---- BROWSER:  Chrome 76.0 (Mozilla/5.0 (Windows NT 10.0; Win64; x64) AppleWebKit/537.36 (KHTML, like Gecko) Chrome/76.0.3809.100 Safari/537.36)
[2019-08-26 15:43:08] 200 - OK - text/xml
[2019-08-26 15:43:08] ---- FROM  ::1 (WinNT)
[2019-08-26 15:43:08] ---- BROWSER:  Chrome 76.0 (Mozilla/5.0 (Windows NT 10.0; Win64; x64) AppleWebKit/537.36 (KHTML, like Gecko) Chrome/76.0.3809.100 Safari/537.36)
[2019-08-26 15:43:08] ---- FROM  ::1 (WinNT)
[2019-08-26 15:43:08] ---- BROWSER:  Chrome 76.0 (Mozilla/5.0 (Windows NT 10.0; Win64; x64) AppleWebKit/537.36 (KHTML, like Gecko) Chrome/76.0.3809.100 Safari/537.36)
[2019-08-26 15:43:08] ---- FROM  ::1 (WinNT)
[2019-08-26 15:43:08] 200 - OK - text/xml
[2019-08-26 15:43:08] REQUEST GET - https://localhost:8082/public/ws/Resources.ashx/xml-qa
[2019-08-26 15:43:08] ---- FROM  ::1 (WinNT)
[2019-08-26 15:43:08] ---- BROWSER:  Chrome 76.0 (Mozilla/5.0 (Windows NT 10.0; Win64; x64) AppleWebKit/537.36 (KHTML, like Gecko) Chrome/76.0.3809.100 Safari/537.36)
[2019-08-26 15:43:08] 200 - OK - text/xml
[2019-08-26 15:43:08] 200 - OK - text/xml
[2019-08-26 15:43:08] ---- BROWSER:  Chrome 76.0 (Mozilla/5.0 (Windows NT 10.0; Win64; x64) AppleWebKit/537.36 (KHTML, like Gecko) Chrome/76.0.3809.100 Safari/537.36)
[2019-08-26 15:43:08] ---- FROM  ::1 (WinNT)
[2019-08-26 15:43:08] REQUEST GET - https://localhost:8082/public/ws/Resources.ashx/xml-qa
[2019-08-26 15:43:08] REQUEST GET - https://localhost:8082/public/ws/Resources.ashx/xml-qa
[2019-08-26 15:43:08] ---- BROWSER:  Chrome 76.0 (Mozilla/5.0 (Windows NT 10.0; Win64; x64) AppleWebKit/537.36 (KHTML, like Gecko) Chrome/76.0.3809.100 Safari/537.36)
[2019-08-26 15:43:08] ---- BROWSER:  Chrome 76.0 (Mozilla/5.0 (Windows NT 10.0; Win64; x64) AppleWebKit/537.36 (KHTML, like Gecko) Chrome/76.0.3809.100 Safari/537.36)
[2019-08-26 15:43:08] ---- BROWSER:  Chrome 76.0 (Mozilla/5.0 (Windows NT 10.0; Win64; x64) AppleWebKit/537.36 (KHTML, like Gecko) Chrome/76.0.3809.100 Safari/537.36)
[2019-08-26 15:43:08] 200 - OK - text/xml
[2019-08-26 15:43:08] 200 - OK - text/xml
[2019-08-26 15:43:08] 200 - OK - text/xml
[2019-08-26 15:43:08] ---- FROM  ::1 (WinNT)
[2019-08-26 15:43:08] ---- FROM  ::1 (WinNT)
[2019-08-26 15:43:08] 200 - OK - text/xml
[2019-08-26 15:43:08] 200 - OK - text/xml
[2019-08-26 15:43:08] REQUEST GET - https://localhost:8082/public/ws/Resources.ashx/xml-qa
[2019-08-26 15:43:08] REQUEST GET - https://localhost:8082/public/ws/Resources.ashx/xml-qa
[2019-08-26 15:43:08] ---- BROWSER:  Chrome 76.0 (Mozilla/5.0 (Windows NT 10.0; Win64; x64) AppleWebKit/537.36 (KHTML, like Gecko) Chrome/76.0.3809.100 Safari/537.36)
[2019-08-26 15:43:08] ---- BROWSER:  Chrome 76.0 (Mozilla/5.0 (Windows NT 10.0; Win64; x64) AppleWebKit/537.36 (KHTML, like Gecko) Chrome/76.0.3809.100 Safari/537.36)
[2019-08-26 15:43:08] REQUEST GET - https://localhost:8082/public/ws/Resources.ashx/xml-qa
[2019-08-26 15:43:08] ---- FROM  ::1 (WinNT)
[2019-08-26 15:43:08] ---- FROM  ::1 (WinNT)
[2019-08-26 15:43:08] 200 - OK - text/xml
[2019-08-26 15:43:08] 200 - OK - text/xml
[2019-08-26 15:43:08] ---- FROM  ::1 (WinNT)
[2019-08-26 15:43:08] ---- BROWSER:  Chrome 76.0 (Mozilla/5.0 (Windows NT 10.0; Win64; x64) AppleWebKit/537.36 (KHTML, like Gecko) Chrome/76.0.3809.100 Safari/537.36)
[2019-08-26 15:43:08] ---- BROWSER:  Chrome 76.0 (Mozilla/5.0 (Windows NT 10.0; Win64; x64) AppleWebKit/537.36 (KHTML, like Gecko) Chrome/76.0.3809.100 Safari/537.36)
[2019-08-26 15:43:08] REQUEST GET - https://localhost:8082/public/ws/Resources.ashx/xml-qa
[2019-08-26 15:43:08] REQUEST GET - https://localhost:8082/public/ws/Resources.ashx/xml-qa
[2019-08-26 15:43:08] ---- BROWSER:  Chrome 76.0 (Mozilla/5.0 (Windows NT 10.0; Win64; x64) AppleWebKit/537.36 (KHTML, like Gecko) Chrome/76.0.3809.100 Safari/537.36)
[2019-08-26 15:43:08] ---- BROWSER:  Chrome 76.0 (Mozilla/5.0 (Windows NT 10.0; Win64; x64) AppleWebKit/537.36 (KHTML, like Gecko) Chrome/76.0.3809.100 Safari/537.36)
[2019-08-26 15:43:08] 200 - OK - text/xml
[2019-08-26 15:43:08] REQUEST GET - https://localhost:8082/public/ws/Resources.ashx/xml-qa
[2019-08-26 15:43:08] 200 - OK - text/xml
[2019-08-26 15:43:08] ---- FROM  ::1 (WinNT)
[2019-08-26 15:43:09] ---- FROM  ::1 (WinNT)
[2019-08-26 15:43:09] 200 - OK - text/xml
[2019-08-26 15:43:09] REQUEST GET - https://localhost:8082/public/ws/Resources.ashx/xml-qa
[2019-08-26 15:43:09] ---- FROM  ::1 (WinNT)
[2019-08-26 15:43:09] REQUEST GET - https://localhost:8082/public/ws/Resources.ashx/xml-qa
[2019-08-26 15:43:09] ---- BROWSER:  Chrome 76.0 (Mozilla/5.0 (Windows NT 10.0; Win64; x64) AppleWebKit/537.36 (KHTML, like Gecko) Chrome/76.0.3809.100 Safari/537.36)
[2019-08-26 15:43:09] ---- BROWSER:  Chrome 76.0 (Mozilla/5.0 (Windows NT 10.0; Win64; x64) AppleWebKit/537.36 (KHTML, like Gecko) Chrome/76.0.3809.100 Safari/537.36)
[2019-08-26 15:43:09] ---- FROM  ::1 (WinNT)
[2019-08-26 15:43:09] 200 - OK - text/xml
[2019-08-26 15:43:09] ---- FROM  ::1 (WinNT)
[2019-08-26 15:43:09] ---- BROWSER:  Chrome 76.0 (Mozilla/5.0 (Windows NT 10.0; Win64; x64) AppleWebKit/537.36 (KHTML, like Gecko) Chrome/76.0.3809.100 Safari/537.36)
[2019-08-26 15:43:09] ---- BROWSER:  Chrome 76.0 (Mozilla/5.0 (Windows NT 10.0; Win64; x64) AppleWebKit/537.36 (KHTML, like Gecko) Chrome/76.0.3809.100 Safari/537.36)
[2019-08-26 15:43:09] 200 - OK - text/xml
[2019-08-26 15:43:09] 200 - OK - text/xml
[2019-08-26 15:43:09] ---- BROWSER:  Chrome 76.0 (Mozilla/5.0 (Windows NT 10.0; Win64; x64) AppleWebKit/537.36 (KHTML, like Gecko) Chrome/76.0.3809.100 Safari/537.36)
[2019-08-26 15:43:09] 200 - OK - text/xml
[2019-08-26 15:43:09] 200 - OK - text/xml
[2019-08-26 15:43:09] 200 - OK - text/xml
[2019-08-26 15:43:10] REQUEST GET - https://localhost:8082/qa/qualitativa
[2019-08-26 15:43:10] ---- FROM  ::1 (WinNT)
[2019-08-26 15:43:10] ---- BROWSER:  Chrome 76.0 (Mozilla/5.0 (Windows NT 10.0; Win64; x64) AppleWebKit/537.36 (KHTML, like Gecko) Chrome/76.0.3809.100 Safari/537.36)
[2019-08-26 15:43:10] 200 - OK - text/html
[2019-08-26 15:43:11] REQUEST POST - https://localhost:8082/public/ws/QAnalysis.asmx/Get
[2019-08-26 15:43:11] ---- FROM  ::1 (WinNT)
[2019-08-26 15:43:11] ---- BROWSER:  Chrome 76.0 (Mozilla/5.0 (Windows NT 10.0; Win64; x64) AppleWebKit/537.36 (KHTML, like Gecko) Chrome/76.0.3809.100 Safari/537.36)
[2019-08-26 15:43:11] ---- CONTENT: {data : "<?xml version='1.0' encoding='utf-8' ?><Request ID='20190826154311654'><General><Token>61111131252223224013000011333653</Token></General><Data></Data></Request>"}
[2019-08-26 15:43:11] 200 - OK - application/json
[2019-08-26 15:43:14] REQUEST POST - https://localhost:8082/public/ws/Economics.asmx/messaggi_summary
[2019-08-26 15:43:14] ---- FROM  ::1 (WinNT)
[2019-08-26 15:43:14] ---- BROWSER:  Chrome 76.0 (Mozilla/5.0 (Windows NT 10.0; Win64; x64) AppleWebKit/537.36 (KHTML, like Gecko) Chrome/76.0.3809.100 Safari/537.36)
[2019-08-26 15:43:14] ---- CONTENT: {data : "<?xml version='1.0' encoding='utf-8' ?><Request ID='20190826154314707'><General><Token>61111131252223224013000011333653</Token></General><Data></Data></Request>"}
[2019-08-26 15:43:14] REQUEST POST - https://localhost:8082/public/ws/Config.asmx/All_Get
[2019-08-26 15:43:14] ---- FROM  ::1 (WinNT)
[2019-08-26 15:43:14] ---- BROWSER:  Chrome 76.0 (Mozilla/5.0 (Windows NT 10.0; Win64; x64) AppleWebKit/537.36 (KHTML, like Gecko) Chrome/76.0.3809.100 Safari/537.36)
[2019-08-26 15:43:14] ---- CONTENT: {data : "<?xml version='1.0' encoding='utf-8' ?><Request ID='20190826154314741'><General><Token>61111131252223224013000011333653</Token></General><Data></Data></Request>"}
[2019-08-26 15:43:14] 200 - OK - application/json
[2019-08-26 15:43:14] 200 - OK - application/json
[2019-08-26 15:43:14] REQUEST POST - https://localhost:8082/public/ws/Config.asmx/All_Get
[2019-08-26 15:43:14] ---- FROM  ::1 (WinNT)
[2019-08-26 15:43:14] ---- BROWSER:  Chrome 76.0 (Mozilla/5.0 (Windows NT 10.0; Win64; x64) AppleWebKit/537.36 (KHTML, like Gecko) Chrome/76.0.3809.100 Safari/537.36)
[2019-08-26 15:43:14] ---- CONTENT: {data : "<?xml version='1.0' encoding='utf-8' ?><Request ID='20190826154314847'><General><Token>61111131252223224013000011333653</Token></General><Data></Data></Request>"}
[2019-08-26 15:43:14] 200 - OK - application/json
[2019-08-26 15:43:15] REQUEST POST - https://localhost:8082/public/ws/Config.asmx/All_Get
[2019-08-26 15:43:15] ---- FROM  ::1 (WinNT)
[2019-08-26 15:43:15] ---- BROWSER:  Chrome 76.0 (Mozilla/5.0 (Windows NT 10.0; Win64; x64) AppleWebKit/537.36 (KHTML, like Gecko) Chrome/76.0.3809.100 Safari/537.36)
[2019-08-26 15:43:15] ---- CONTENT: {data : "<?xml version='1.0' encoding='utf-8' ?><Request ID='2019082615431540'><General><Token>61111131252223224013000011333653</Token></General><Data></Data></Request>"}
[2019-08-26 15:43:15] 200 - OK - application/json
[2019-08-26 15:43:15] REQUEST GET - https://localhost:8082/public/ws/Resources.ashx/xml-qa
[2019-08-26 15:43:15] REQUEST GET - https://localhost:8082/public/ws/Resources.ashx/xml-qa
[2019-08-26 15:43:15] REQUEST GET - https://localhost:8082/public/ws/Resources.ashx/xml-qa
[2019-08-26 15:43:15] REQUEST GET - https://localhost:8082/public/ws/Resources.ashx/xml-qa
[2019-08-26 15:43:15] REQUEST GET - https://localhost:8082/public/ws/Resources.ashx/xml-qa
[2019-08-26 15:43:15] ---- FROM  ::1 (WinNT)
[2019-08-26 15:43:15] REQUEST GET - https://localhost:8082/public/ws/Resources.ashx/xml-qa
[2019-08-26 15:43:15] ---- FROM  ::1 (WinNT)
[2019-08-26 15:43:15] ---- FROM  ::1 (WinNT)
[2019-08-26 15:43:15] ---- FROM  ::1 (WinNT)
[2019-08-26 15:43:15] ---- FROM  ::1 (WinNT)
[2019-08-26 15:43:15] ---- BROWSER:  Chrome 76.0 (Mozilla/5.0 (Windows NT 10.0; Win64; x64) AppleWebKit/537.36 (KHTML, like Gecko) Chrome/76.0.3809.100 Safari/537.36)
[2019-08-26 15:43:15] ---- FROM  ::1 (WinNT)
[2019-08-26 15:43:15] ---- BROWSER:  Chrome 76.0 (Mozilla/5.0 (Windows NT 10.0; Win64; x64) AppleWebKit/537.36 (KHTML, like Gecko) Chrome/76.0.3809.100 Safari/537.36)
[2019-08-26 15:43:15] REQUEST GET - https://localhost:8082/public/ws/Resources.ashx/xml-qa
[2019-08-26 15:43:15] ---- BROWSER:  Chrome 76.0 (Mozilla/5.0 (Windows NT 10.0; Win64; x64) AppleWebKit/537.36 (KHTML, like Gecko) Chrome/76.0.3809.100 Safari/537.36)
[2019-08-26 15:43:15] ---- BROWSER:  Chrome 76.0 (Mozilla/5.0 (Windows NT 10.0; Win64; x64) AppleWebKit/537.36 (KHTML, like Gecko) Chrome/76.0.3809.100 Safari/537.36)
[2019-08-26 15:43:15] ---- BROWSER:  Chrome 76.0 (Mozilla/5.0 (Windows NT 10.0; Win64; x64) AppleWebKit/537.36 (KHTML, like Gecko) Chrome/76.0.3809.100 Safari/537.36)
[2019-08-26 15:43:15] 200 - OK - text/xml
[2019-08-26 15:43:15] ---- FROM  ::1 (WinNT)
[2019-08-26 15:43:15] ---- BROWSER:  Chrome 76.0 (Mozilla/5.0 (Windows NT 10.0; Win64; x64) AppleWebKit/537.36 (KHTML, like Gecko) Chrome/76.0.3809.100 Safari/537.36)
[2019-08-26 15:43:15] 200 - OK - text/xml
[2019-08-26 15:43:15] 200 - OK - text/xml
[2019-08-26 15:43:15] 200 - OK - text/xml
[2019-08-26 15:43:15] ---- BROWSER:  Chrome 76.0 (Mozilla/5.0 (Windows NT 10.0; Win64; x64) AppleWebKit/537.36 (KHTML, like Gecko) Chrome/76.0.3809.100 Safari/537.36)
[2019-08-26 15:43:15] 200 - OK - text/xml
[2019-08-26 15:43:15] 200 - OK - text/xml
[2019-08-26 15:43:15] REQUEST GET - https://localhost:8082/public/ws/Resources.ashx/xml-qa
[2019-08-26 15:43:15] REQUEST GET - https://localhost:8082/public/ws/Resources.ashx/xml-qa
[2019-08-26 15:43:15] REQUEST GET - https://localhost:8082/public/ws/Resources.ashx/xml-qa
[2019-08-26 15:43:15] REQUEST GET - https://localhost:8082/public/ws/Resources.ashx/xml-qa
[2019-08-26 15:43:15] 200 - OK - text/xml
[2019-08-26 15:43:15] REQUEST GET - https://localhost:8082/public/ws/Resources.ashx/xml-qa
[2019-08-26 15:43:15] ---- FROM  ::1 (WinNT)
[2019-08-26 15:43:15] ---- FROM  ::1 (WinNT)
[2019-08-26 15:43:15] ---- FROM  ::1 (WinNT)
[2019-08-26 15:43:15] ---- FROM  ::1 (WinNT)
[2019-08-26 15:43:15] REQUEST GET - https://localhost:8082/public/ws/Resources.ashx/xml-qa
[2019-08-26 15:43:15] REQUEST GET - https://localhost:8082/public/ws/Resources.ashx/xml-qa
[2019-08-26 15:43:15] ---- BROWSER:  Chrome 76.0 (Mozilla/5.0 (Windows NT 10.0; Win64; x64) AppleWebKit/537.36 (KHTML, like Gecko) Chrome/76.0.3809.100 Safari/537.36)
[2019-08-26 15:43:15] ---- FROM  ::1 (WinNT)
[2019-08-26 15:43:15] ---- BROWSER:  Chrome 76.0 (Mozilla/5.0 (Windows NT 10.0; Win64; x64) AppleWebKit/537.36 (KHTML, like Gecko) Chrome/76.0.3809.100 Safari/537.36)
[2019-08-26 15:43:15] ---- BROWSER:  Chrome 76.0 (Mozilla/5.0 (Windows NT 10.0; Win64; x64) AppleWebKit/537.36 (KHTML, like Gecko) Chrome/76.0.3809.100 Safari/537.36)
[2019-08-26 15:43:15] ---- FROM  ::1 (WinNT)
[2019-08-26 15:43:15] ---- BROWSER:  Chrome 76.0 (Mozilla/5.0 (Windows NT 10.0; Win64; x64) AppleWebKit/537.36 (KHTML, like Gecko) Chrome/76.0.3809.100 Safari/537.36)
[2019-08-26 15:43:15] ---- FROM  ::1 (WinNT)
[2019-08-26 15:43:15] ---- BROWSER:  Chrome 76.0 (Mozilla/5.0 (Windows NT 10.0; Win64; x64) AppleWebKit/537.36 (KHTML, like Gecko) Chrome/76.0.3809.100 Safari/537.36)
[2019-08-26 15:43:15] 200 - OK - text/xml
[2019-08-26 15:43:15] 200 - OK - text/xml
[2019-08-26 15:43:15] ---- BROWSER:  Chrome 76.0 (Mozilla/5.0 (Windows NT 10.0; Win64; x64) AppleWebKit/537.36 (KHTML, like Gecko) Chrome/76.0.3809.100 Safari/537.36)
[2019-08-26 15:43:15] 200 - OK - text/xml
[2019-08-26 15:43:15] ---- BROWSER:  Chrome 76.0 (Mozilla/5.0 (Windows NT 10.0; Win64; x64) AppleWebKit/537.36 (KHTML, like Gecko) Chrome/76.0.3809.100 Safari/537.36)
[2019-08-26 15:43:15] 200 - OK - text/xml
[2019-08-26 15:43:15] 200 - OK - text/xml
[2019-08-26 15:43:15] REQUEST GET - https://localhost:8082/public/ws/Resources.ashx/xml-qa
[2019-08-26 15:43:15] REQUEST GET - https://localhost:8082/public/ws/Resources.ashx/xml-qa
[2019-08-26 15:43:15] 200 - OK - text/xml
[2019-08-26 15:43:15] 200 - OK - text/xml
[2019-08-26 15:43:15] REQUEST GET - https://localhost:8082/public/ws/Resources.ashx/xml-qa
[2019-08-26 15:43:15] ---- FROM  ::1 (WinNT)
[2019-08-26 15:43:15] ---- FROM  ::1 (WinNT)
[2019-08-26 15:43:15] ---- BROWSER:  Chrome 76.0 (Mozilla/5.0 (Windows NT 10.0; Win64; x64) AppleWebKit/537.36 (KHTML, like Gecko) Chrome/76.0.3809.100 Safari/537.36)
[2019-08-26 15:43:15] REQUEST GET - https://localhost:8082/public/ws/Resources.ashx/xml-qa
[2019-08-26 15:43:15] ---- FROM  ::1 (WinNT)
[2019-08-26 15:43:15] ---- BROWSER:  Chrome 76.0 (Mozilla/5.0 (Windows NT 10.0; Win64; x64) AppleWebKit/537.36 (KHTML, like Gecko) Chrome/76.0.3809.100 Safari/537.36)
[2019-08-26 15:43:15] ---- BROWSER:  Chrome 76.0 (Mozilla/5.0 (Windows NT 10.0; Win64; x64) AppleWebKit/537.36 (KHTML, like Gecko) Chrome/76.0.3809.100 Safari/537.36)
[2019-08-26 15:43:15] ---- FROM  ::1 (WinNT)
[2019-08-26 15:43:15] 200 - OK - text/xml
[2019-08-26 15:43:15] 200 - OK - text/xml
[2019-08-26 15:43:15] 200 - OK - text/xml
[2019-08-26 15:43:15] ---- BROWSER:  Chrome 76.0 (Mozilla/5.0 (Windows NT 10.0; Win64; x64) AppleWebKit/537.36 (KHTML, like Gecko) Chrome/76.0.3809.100 Safari/537.36)
[2019-08-26 15:43:15] REQUEST GET - https://localhost:8082/public/ws/Resources.ashx/xml-qa
[2019-08-26 15:43:15] ---- FROM  ::1 (WinNT)
[2019-08-26 15:43:15] REQUEST GET - https://localhost:8082/public/ws/Resources.ashx/xml-qa
[2019-08-26 15:43:15] REQUEST GET - https://localhost:8082/public/ws/Resources.ashx/xml-qa
[2019-08-26 15:43:15] ---- FROM  ::1 (WinNT)
[2019-08-26 15:43:15] ---- BROWSER:  Chrome 76.0 (Mozilla/5.0 (Windows NT 10.0; Win64; x64) AppleWebKit/537.36 (KHTML, like Gecko) Chrome/76.0.3809.100 Safari/537.36)
[2019-08-26 15:43:15] 200 - OK - text/xml
[2019-08-26 15:43:15] ---- FROM  ::1 (WinNT)
[2019-08-26 15:43:15] ---- BROWSER:  Chrome 76.0 (Mozilla/5.0 (Windows NT 10.0; Win64; x64) AppleWebKit/537.36 (KHTML, like Gecko) Chrome/76.0.3809.100 Safari/537.36)
[2019-08-26 15:43:15] 200 - OK - text/xml
[2019-08-26 15:43:15] REQUEST GET - https://localhost:8082/public/ws/Resources.ashx/xml-qa
[2019-08-26 15:43:15] ---- BROWSER:  Chrome 76.0 (Mozilla/5.0 (Windows NT 10.0; Win64; x64) AppleWebKit/537.36 (KHTML, like Gecko) Chrome/76.0.3809.100 Safari/537.36)
[2019-08-26 15:43:15] 200 - OK - text/xml
[2019-08-26 15:43:15] REQUEST GET - https://localhost:8082/public/ws/Resources.ashx/xml-qa
[2019-08-26 15:43:15] ---- FROM  ::1 (WinNT)
[2019-08-26 15:43:15] ---- BROWSER:  Chrome 76.0 (Mozilla/5.0 (Windows NT 10.0; Win64; x64) AppleWebKit/537.36 (KHTML, like Gecko) Chrome/76.0.3809.100 Safari/537.36)
[2019-08-26 15:43:15] 200 - OK - text/xml
[2019-08-26 15:43:15] REQUEST GET - https://localhost:8082/public/ws/Resources.ashx/xml-qa
[2019-08-26 15:43:15] ---- FROM  ::1 (WinNT)
[2019-08-26 15:43:15] ---- BROWSER:  Chrome 76.0 (Mozilla/5.0 (Windows NT 10.0; Win64; x64) AppleWebKit/537.36 (KHTML, like Gecko) Chrome/76.0.3809.100 Safari/537.36)
[2019-08-26 15:43:15] 200 - OK - text/xml
[2019-08-26 15:43:15] REQUEST GET - https://localhost:8082/public/ws/Resources.ashx/xml-qa
[2019-08-26 15:43:15] ---- FROM  ::1 (WinNT)
[2019-08-26 15:43:15] ---- BROWSER:  Chrome 76.0 (Mozilla/5.0 (Windows NT 10.0; Win64; x64) AppleWebKit/537.36 (KHTML, like Gecko) Chrome/76.0.3809.100 Safari/537.36)
[2019-08-26 15:43:15] REQUEST GET - https://localhost:8082/public/ws/Resources.ashx/xml-qa
[2019-08-26 15:43:15] ---- FROM  ::1 (WinNT)
[2019-08-26 15:43:15] 200 - OK - text/xml
[2019-08-26 15:43:15] 200 - OK - text/xml
[2019-08-26 15:43:15] ---- FROM  ::1 (WinNT)
[2019-08-26 15:43:15] ---- BROWSER:  Chrome 76.0 (Mozilla/5.0 (Windows NT 10.0; Win64; x64) AppleWebKit/537.36 (KHTML, like Gecko) Chrome/76.0.3809.100 Safari/537.36)
[2019-08-26 15:43:15] REQUEST GET - https://localhost:8082/public/ws/Resources.ashx/xml-qa
[2019-08-26 15:43:15] REQUEST GET - https://localhost:8082/public/ws/Resources.ashx/xml-qa
[2019-08-26 15:43:15] ---- BROWSER:  Chrome 76.0 (Mozilla/5.0 (Windows NT 10.0; Win64; x64) AppleWebKit/537.36 (KHTML, like Gecko) Chrome/76.0.3809.100 Safari/537.36)
[2019-08-26 15:43:15] ---- FROM  ::1 (WinNT)
[2019-08-26 15:43:15] 200 - OK - text/xml
[2019-08-26 15:43:15] ---- FROM  ::1 (WinNT)
[2019-08-26 15:43:15] 200 - OK - text/xml
[2019-08-26 15:43:15] ---- BROWSER:  Chrome 76.0 (Mozilla/5.0 (Windows NT 10.0; Win64; x64) AppleWebKit/537.36 (KHTML, like Gecko) Chrome/76.0.3809.100 Safari/537.36)
[2019-08-26 15:43:15] REQUEST GET - https://localhost:8082/public/ws/Resources.ashx/xml-qa
[2019-08-26 15:43:15] ---- BROWSER:  Chrome 76.0 (Mozilla/5.0 (Windows NT 10.0; Win64; x64) AppleWebKit/537.36 (KHTML, like Gecko) Chrome/76.0.3809.100 Safari/537.36)
[2019-08-26 15:43:15] REQUEST GET - https://localhost:8082/public/ws/Resources.ashx/xml-qa
[2019-08-26 15:43:15] 200 - OK - text/xml
[2019-08-26 15:43:15] 200 - OK - text/xml
[2019-08-26 15:43:15] ---- FROM  ::1 (WinNT)
[2019-08-26 15:43:15] ---- FROM  ::1 (WinNT)
[2019-08-26 15:43:15] REQUEST GET - https://localhost:8082/public/ws/Resources.ashx/xml-qa
[2019-08-26 15:43:15] REQUEST GET - https://localhost:8082/public/ws/Resources.ashx/xml-qa
[2019-08-26 15:43:15] ---- FROM  ::1 (WinNT)
[2019-08-26 15:43:15] ---- BROWSER:  Chrome 76.0 (Mozilla/5.0 (Windows NT 10.0; Win64; x64) AppleWebKit/537.36 (KHTML, like Gecko) Chrome/76.0.3809.100 Safari/537.36)
[2019-08-26 15:43:15] ---- BROWSER:  Chrome 76.0 (Mozilla/5.0 (Windows NT 10.0; Win64; x64) AppleWebKit/537.36 (KHTML, like Gecko) Chrome/76.0.3809.100 Safari/537.36)
[2019-08-26 15:43:15] ---- FROM  ::1 (WinNT)
[2019-08-26 15:43:16] ---- BROWSER:  Chrome 76.0 (Mozilla/5.0 (Windows NT 10.0; Win64; x64) AppleWebKit/537.36 (KHTML, like Gecko) Chrome/76.0.3809.100 Safari/537.36)
[2019-08-26 15:43:15] ---- BROWSER:  Chrome 76.0 (Mozilla/5.0 (Windows NT 10.0; Win64; x64) AppleWebKit/537.36 (KHTML, like Gecko) Chrome/76.0.3809.100 Safari/537.36)
[2019-08-26 15:43:16] 200 - OK - text/xml
[2019-08-26 15:43:16] 200 - OK - text/xml
[2019-08-26 15:43:16] REQUEST GET - https://localhost:8082/public/ws/Resources.ashx/xml-qa
[2019-08-26 15:43:16] 200 - OK - text/xml
[2019-08-26 15:43:16] 200 - OK - text/xml
[2019-08-26 15:43:16] REQUEST GET - https://localhost:8082/public/ws/Resources.ashx/xml-qa
[2019-08-26 15:43:16] REQUEST GET - https://localhost:8082/public/ws/Resources.ashx/xml-qa
[2019-08-26 15:43:16] ---- FROM  ::1 (WinNT)
[2019-08-26 15:43:16] ---- BROWSER:  Chrome 76.0 (Mozilla/5.0 (Windows NT 10.0; Win64; x64) AppleWebKit/537.36 (KHTML, like Gecko) Chrome/76.0.3809.100 Safari/537.36)
[2019-08-26 15:43:16] ---- FROM  ::1 (WinNT)
[2019-08-26 15:43:16] ---- BROWSER:  Chrome 76.0 (Mozilla/5.0 (Windows NT 10.0; Win64; x64) AppleWebKit/537.36 (KHTML, like Gecko) Chrome/76.0.3809.100 Safari/537.36)
[2019-08-26 15:43:16] ---- FROM  ::1 (WinNT)
[2019-08-26 15:43:16] ---- BROWSER:  Chrome 76.0 (Mozilla/5.0 (Windows NT 10.0; Win64; x64) AppleWebKit/537.36 (KHTML, like Gecko) Chrome/76.0.3809.100 Safari/537.36)
[2019-08-26 15:43:16] 200 - OK - text/xml
[2019-08-26 15:43:16] 200 - OK - text/xml
[2019-08-26 15:43:16] 200 - OK - text/xml
[2019-08-26 15:44:07] REQUEST GET - https://localhost:8082/public/aspx/Home.aspx?Token=61111131252223224013000011333653&TokenApiRest=eyJ0eXAiOiJKV1QiLCJhbGciOiJIUzI1NiJ9.eyJpc3MiOiJodHRwczpcL1wvd3d3cy5kZXYteWVhcC5pdCIsImlhdCI6MTU0MjI5NDMyMSwibmJmIjoxNTQyMjk0MzIxLCJleHAiOjE1NDI4OTkxMjEsImRhdGEiOnsidXNlciI6eyJpZCI6IjQ0In19fQ.RCP5OeoGASxAyBw1MbMD4BFJAcDM5JIXqYXKBALZcJI&Logo=https://localhost:8082/scratch/pl_logo.png&Title=Business Plan Test nr. 2
[2019-08-26 15:44:07] ---- FROM  ::1 (WinNT)
[2019-08-26 15:44:07] ---- BROWSER:  Chrome 76.0 (Mozilla/5.0 (Windows NT 10.0; Win64; x64) AppleWebKit/537.36 (KHTML, like Gecko) Chrome/76.0.3809.100 Safari/537.36)
[2019-08-26 15:44:07] 302 - Found - text/html
[2019-08-26 15:44:07] REQUEST GET - https://localhost:8082/home/welcome?Token=61111131252223224013000011333653&TokenApiRest=eyJ0eXAiOiJKV1QiLCJhbGciOiJIUzI1NiJ9.eyJpc3MiOiJodHRwczpcL1wvd3d3cy5kZXYteWVhcC5pdCIsImlhdCI6MTU0MjI5NDMyMSwibmJmIjoxNTQyMjk0MzIxLCJleHAiOjE1NDI4OTkxMjEsImRhdGEiOnsidXNlciI6eyJpZCI6IjQ0In19fQ.RCP5OeoGASxAyBw1MbMD4BFJAcDM5JIXqYXKBALZcJI&Logo=https://localhost:8082/scratch/pl_logo.png&Title=Business Plan Test nr. 2
[2019-08-26 15:44:07] ---- FROM  ::1 (WinNT)
[2019-08-26 15:44:07] ---- BROWSER:  Chrome 76.0 (Mozilla/5.0 (Windows NT 10.0; Win64; x64) AppleWebKit/537.36 (KHTML, like Gecko) Chrome/76.0.3809.100 Safari/537.36)
[2019-08-26 15:44:07] 200 - OK - text/html
[2019-08-26 15:44:08] REQUEST POST - https://localhost:8082/public/ws/General.asmx/Set
[2019-08-26 15:44:08] ---- FROM  ::1 (WinNT)
[2019-08-26 15:44:08] ---- BROWSER:  Chrome 76.0 (Mozilla/5.0 (Windows NT 10.0; Win64; x64) AppleWebKit/537.36 (KHTML, like Gecko) Chrome/76.0.3809.100 Safari/537.36)
[2019-08-26 15:44:08] ---- CONTENT: {data : "<?xml version='1.0' encoding='utf-8' ?><Request ID='20190826154408736'><General><Token>61111131252223224013000011333653</Token></General><Data><Nome>Business Plan Test nr. 2</Nome><Logo>https%3A%2F%2Flocalhost%3A8082%2Fscratch%2Fpl_logo.png</Logo></Data></Request>"}
[2019-08-26 15:44:08] 200 - OK - application/json
[2019-08-26 15:44:08] REQUEST POST - https://localhost:8082/public/ws/Config.asmx/Economics_Get
[2019-08-26 15:44:08] ---- FROM  ::1 (WinNT)
[2019-08-26 15:44:08] ---- BROWSER:  Chrome 76.0 (Mozilla/5.0 (Windows NT 10.0; Win64; x64) AppleWebKit/537.36 (KHTML, like Gecko) Chrome/76.0.3809.100 Safari/537.36)
[2019-08-26 15:44:08] ---- CONTENT: {data : "<?xml version='1.0' encoding='utf-8' ?><Request ID='20190826154408777'><General><Token>61111131252223224013000011333653</Token></General><Data></Data></Request>"}
[2019-08-26 15:44:08] 200 - OK - application/json
[2019-08-26 15:44:11] REQUEST POST - https://localhost:8082/public/ws/Config.asmx/All_Get
[2019-08-26 15:44:11] ---- FROM  ::1 (WinNT)
[2019-08-26 15:44:11] ---- BROWSER:  Chrome 76.0 (Mozilla/5.0 (Windows NT 10.0; Win64; x64) AppleWebKit/537.36 (KHTML, like Gecko) Chrome/76.0.3809.100 Safari/537.36)
[2019-08-26 15:44:11] ---- CONTENT: {data : "<?xml version='1.0' encoding='utf-8' ?><Request ID='20190826154410732'><General><Token>61111131252223224013000011333653</Token></General><Data></Data></Request>"}
[2019-08-26 15:44:11] 200 - OK - application/json
[2019-08-26 15:44:11] REQUEST POST - https://localhost:8082/public/ws/Economics.asmx/messaggi_summary
[2019-08-26 15:44:11] ---- FROM  ::1 (WinNT)
[2019-08-26 15:44:11] ---- BROWSER:  Chrome 76.0 (Mozilla/5.0 (Windows NT 10.0; Win64; x64) AppleWebKit/537.36 (KHTML, like Gecko) Chrome/76.0.3809.100 Safari/537.36)
[2019-08-26 15:44:11] ---- CONTENT: {data : "<?xml version='1.0' encoding='utf-8' ?><Request ID='20190826154411550'><General><Token>61111131252223224013000011333653</Token></General><Data></Data></Request>"}
[2019-08-26 15:44:11] 200 - OK - application/json
[2019-08-26 15:44:11] REQUEST POST - https://localhost:8082/public/ws/Config.asmx/All_Get
[2019-08-26 15:44:11] ---- FROM  ::1 (WinNT)
[2019-08-26 15:44:11] ---- BROWSER:  Chrome 76.0 (Mozilla/5.0 (Windows NT 10.0; Win64; x64) AppleWebKit/537.36 (KHTML, like Gecko) Chrome/76.0.3809.100 Safari/537.36)
[2019-08-26 15:44:11] ---- CONTENT: {data : "<?xml version='1.0' encoding='utf-8' ?><Request ID='20190826154411677'><General><Token>61111131252223224013000011333653</Token></General><Data></Data></Request>"}
[2019-08-26 15:44:11] 200 - OK - application/json
[2019-08-26 15:44:11] REQUEST POST - https://localhost:8082/public/ws/Config.asmx/All_Get
[2019-08-26 15:44:11] ---- FROM  ::1 (WinNT)
[2019-08-26 15:44:11] ---- BROWSER:  Chrome 76.0 (Mozilla/5.0 (Windows NT 10.0; Win64; x64) AppleWebKit/537.36 (KHTML, like Gecko) Chrome/76.0.3809.100 Safari/537.36)
[2019-08-26 15:44:11] ---- CONTENT: {data : "<?xml version='1.0' encoding='utf-8' ?><Request ID='20190826154411781'><General><Token>61111131252223224013000011333653</Token></General><Data></Data></Request>"}
[2019-08-26 15:44:11] 200 - OK - application/json
[2019-08-26 15:44:16] REQUEST GET - https://localhost:8082/economics/impostazioni
[2019-08-26 15:44:16] ---- FROM  ::1 (WinNT)
[2019-08-26 15:44:16] ---- BROWSER:  Chrome 76.0 (Mozilla/5.0 (Windows NT 10.0; Win64; x64) AppleWebKit/537.36 (KHTML, like Gecko) Chrome/76.0.3809.100 Safari/537.36)
[2019-08-26 15:44:16] 200 - OK - text/html
[2019-08-26 15:44:17] REQUEST POST - https://localhost:8082/public/ws/Config.asmx/Economics_Get
[2019-08-26 15:44:17] ---- FROM  ::1 (WinNT)
[2019-08-26 15:44:17] ---- BROWSER:  Chrome 76.0 (Mozilla/5.0 (Windows NT 10.0; Win64; x64) AppleWebKit/537.36 (KHTML, like Gecko) Chrome/76.0.3809.100 Safari/537.36)
[2019-08-26 15:44:17] ---- CONTENT: {data : "<?xml version='1.0' encoding='utf-8' ?><Request ID='20190826154417305'><General><Token>61111131252223224013000011333653</Token></General><Data></Data></Request>"}
[2019-08-26 15:44:17] 200 - OK - application/json
[2019-08-26 15:44:19] REQUEST POST - https://localhost:8082/public/ws/Config.asmx/All_Get
[2019-08-26 15:44:19] ---- FROM  ::1 (WinNT)
[2019-08-26 15:44:19] ---- BROWSER:  Chrome 76.0 (Mozilla/5.0 (Windows NT 10.0; Win64; x64) AppleWebKit/537.36 (KHTML, like Gecko) Chrome/76.0.3809.100 Safari/537.36)
[2019-08-26 15:44:19] ---- CONTENT: {data : "<?xml version='1.0' encoding='utf-8' ?><Request ID='20190826154419444'><General><Token>61111131252223224013000011333653</Token></General><Data></Data></Request>"}
[2019-08-26 15:44:19] 200 - OK - application/json
[2019-08-26 15:44:19] REQUEST POST - https://localhost:8082/public/ws/Economics.asmx/messaggi_summary
[2019-08-26 15:44:19] ---- FROM  ::1 (WinNT)
[2019-08-26 15:44:19] ---- BROWSER:  Chrome 76.0 (Mozilla/5.0 (Windows NT 10.0; Win64; x64) AppleWebKit/537.36 (KHTML, like Gecko) Chrome/76.0.3809.100 Safari/537.36)
[2019-08-26 15:44:19] ---- CONTENT: {data : "<?xml version='1.0' encoding='utf-8' ?><Request ID='20190826154419890'><General><Token>61111131252223224013000011333653</Token></General><Data></Data></Request>"}
[2019-08-26 15:44:19] 200 - OK - application/json
[2019-08-26 15:44:20] REQUEST POST - https://localhost:8082/public/ws/Config.asmx/All_Get
[2019-08-26 15:44:20] ---- FROM  ::1 (WinNT)
[2019-08-26 15:44:20] ---- BROWSER:  Chrome 76.0 (Mozilla/5.0 (Windows NT 10.0; Win64; x64) AppleWebKit/537.36 (KHTML, like Gecko) Chrome/76.0.3809.100 Safari/537.36)
[2019-08-26 15:44:20] ---- CONTENT: {data : "<?xml version='1.0' encoding='utf-8' ?><Request ID='20190826154419984'><General><Token>61111131252223224013000011333653</Token></General><Data></Data></Request>"}
[2019-08-26 15:44:20] 200 - OK - application/json
[2019-08-26 15:44:20] REQUEST POST - https://localhost:8082/public/ws/Config.asmx/All_Get
[2019-08-26 15:44:20] ---- FROM  ::1 (WinNT)
[2019-08-26 15:44:20] ---- BROWSER:  Chrome 76.0 (Mozilla/5.0 (Windows NT 10.0; Win64; x64) AppleWebKit/537.36 (KHTML, like Gecko) Chrome/76.0.3809.100 Safari/537.36)
[2019-08-26 15:44:20] ---- CONTENT: {data : "<?xml version='1.0' encoding='utf-8' ?><Request ID='20190826154420226'><General><Token>61111131252223224013000011333653</Token></General><Data></Data></Request>"}
[2019-08-26 15:44:20] 200 - OK - application/json
[2019-08-26 15:44:23] REQUEST GET - https://localhost:8082/qa/qualitativa
[2019-08-26 15:44:23] ---- FROM  ::1 (WinNT)
[2019-08-26 15:44:23] ---- BROWSER:  Chrome 76.0 (Mozilla/5.0 (Windows NT 10.0; Win64; x64) AppleWebKit/537.36 (KHTML, like Gecko) Chrome/76.0.3809.100 Safari/537.36)
[2019-08-26 15:44:23] 200 - OK - text/html
[2019-08-26 15:44:24] REQUEST POST - https://localhost:8082/public/ws/QAnalysis.asmx/Get
[2019-08-26 15:44:24] ---- FROM  ::1 (WinNT)
[2019-08-26 15:44:24] ---- BROWSER:  Chrome 76.0 (Mozilla/5.0 (Windows NT 10.0; Win64; x64) AppleWebKit/537.36 (KHTML, like Gecko) Chrome/76.0.3809.100 Safari/537.36)
[2019-08-26 15:44:24] ---- CONTENT: {data : "<?xml version='1.0' encoding='utf-8' ?><Request ID='20190826154424311'><General><Token>61111131252223224013000011333653</Token></General><Data></Data></Request>"}
[2019-08-26 15:44:24] 200 - OK - application/json
[2019-08-26 15:44:25] REQUEST POST - https://localhost:8082/public/ws/Config.asmx/All_Get
[2019-08-26 15:44:25] ---- FROM  ::1 (WinNT)
[2019-08-26 15:44:26] ---- BROWSER:  Chrome 76.0 (Mozilla/5.0 (Windows NT 10.0; Win64; x64) AppleWebKit/537.36 (KHTML, like Gecko) Chrome/76.0.3809.100 Safari/537.36)
[2019-08-26 15:44:26] ---- CONTENT: {data : "<?xml version='1.0' encoding='utf-8' ?><Request ID='20190826154425656'><General><Token>61111131252223224013000011333653</Token></General><Data></Data></Request>"}
[2019-08-26 15:44:26] REQUEST POST - https://localhost:8082/public/ws/Economics.asmx/messaggi_summary
[2019-08-26 15:44:26] ---- FROM  ::1 (WinNT)
[2019-08-26 15:44:26] ---- BROWSER:  Chrome 76.0 (Mozilla/5.0 (Windows NT 10.0; Win64; x64) AppleWebKit/537.36 (KHTML, like Gecko) Chrome/76.0.3809.100 Safari/537.36)
[2019-08-26 15:44:26] ---- CONTENT: {data : "<?xml version='1.0' encoding='utf-8' ?><Request ID='2019082615442683'><General><Token>61111131252223224013000011333653</Token></General><Data></Data></Request>"}
[2019-08-26 15:44:26] 200 - OK - application/json
[2019-08-26 15:44:26] 200 - OK - application/json
[2019-08-26 15:44:26] REQUEST POST - https://localhost:8082/public/ws/Config.asmx/All_Get
[2019-08-26 15:44:26] ---- FROM  ::1 (WinNT)
[2019-08-26 15:44:26] ---- BROWSER:  Chrome 76.0 (Mozilla/5.0 (Windows NT 10.0; Win64; x64) AppleWebKit/537.36 (KHTML, like Gecko) Chrome/76.0.3809.100 Safari/537.36)
[2019-08-26 15:44:26] ---- CONTENT: {data : "<?xml version='1.0' encoding='utf-8' ?><Request ID='20190826154426202'><General><Token>61111131252223224013000011333653</Token></General><Data></Data></Request>"}
[2019-08-26 15:44:26] 200 - OK - application/json
[2019-08-26 15:44:26] REQUEST POST - https://localhost:8082/public/ws/Config.asmx/All_Get
[2019-08-26 15:44:26] ---- FROM  ::1 (WinNT)
[2019-08-26 15:44:26] ---- BROWSER:  Chrome 76.0 (Mozilla/5.0 (Windows NT 10.0; Win64; x64) AppleWebKit/537.36 (KHTML, like Gecko) Chrome/76.0.3809.100 Safari/537.36)
[2019-08-26 15:44:26] ---- CONTENT: {data : "<?xml version='1.0' encoding='utf-8' ?><Request ID='20190826154426307'><General><Token>61111131252223224013000011333653</Token></General><Data></Data></Request>"}
[2019-08-26 15:44:26] REQUEST GET - https://localhost:8082/public/ws/Resources.ashx/xml-qa
[2019-08-26 15:44:26] ---- FROM  ::1 (WinNT)
[2019-08-26 15:44:26] REQUEST GET - https://localhost:8082/public/ws/Resources.ashx/xml-qa
[2019-08-26 15:44:26] REQUEST GET - https://localhost:8082/public/ws/Resources.ashx/xml-qa
[2019-08-26 15:44:26] ---- FROM  ::1 (WinNT)
[2019-08-26 15:44:26] ---- BROWSER:  Chrome 76.0 (Mozilla/5.0 (Windows NT 10.0; Win64; x64) AppleWebKit/537.36 (KHTML, like Gecko) Chrome/76.0.3809.100 Safari/537.36)
[2019-08-26 15:44:26] 200 - OK - application/json
[2019-08-26 15:44:26] 200 - OK - text/xml
[2019-08-26 15:44:26] ---- BROWSER:  Chrome 76.0 (Mozilla/5.0 (Windows NT 10.0; Win64; x64) AppleWebKit/537.36 (KHTML, like Gecko) Chrome/76.0.3809.100 Safari/537.36)
[2019-08-26 15:44:26] ---- FROM  ::1 (WinNT)
[2019-08-26 15:44:26] ---- BROWSER:  Chrome 76.0 (Mozilla/5.0 (Windows NT 10.0; Win64; x64) AppleWebKit/537.36 (KHTML, like Gecko) Chrome/76.0.3809.100 Safari/537.36)
[2019-08-26 15:44:26] 200 - OK - text/xml
[2019-08-26 15:44:26] REQUEST GET - https://localhost:8082/public/ws/Resources.ashx/xml-qa
[2019-08-26 15:44:26] ---- FROM  ::1 (WinNT)
[2019-08-26 15:44:26] ---- BROWSER:  Chrome 76.0 (Mozilla/5.0 (Windows NT 10.0; Win64; x64) AppleWebKit/537.36 (KHTML, like Gecko) Chrome/76.0.3809.100 Safari/537.36)
[2019-08-26 15:44:26] REQUEST GET - https://localhost:8082/public/ws/Resources.ashx/xml-qa
[2019-08-26 15:44:26] REQUEST GET - https://localhost:8082/public/ws/Resources.ashx/xml-qa
[2019-08-26 15:44:26] ---- FROM  ::1 (WinNT)
[2019-08-26 15:44:26] 200 - OK - text/xml
[2019-08-26 15:44:26] ---- BROWSER:  Chrome 76.0 (Mozilla/5.0 (Windows NT 10.0; Win64; x64) AppleWebKit/537.36 (KHTML, like Gecko) Chrome/76.0.3809.100 Safari/537.36)
[2019-08-26 15:44:26] 200 - OK - text/xml
[2019-08-26 15:44:26] REQUEST GET - https://localhost:8082/public/ws/Resources.ashx/xml-qa
[2019-08-26 15:44:26] ---- FROM  ::1 (WinNT)
[2019-08-26 15:44:26] ---- BROWSER:  Chrome 76.0 (Mozilla/5.0 (Windows NT 10.0; Win64; x64) AppleWebKit/537.36 (KHTML, like Gecko) Chrome/76.0.3809.100 Safari/537.36)
[2019-08-26 15:44:26] 200 - OK - text/xml
[2019-08-26 15:44:26] REQUEST GET - https://localhost:8082/public/ws/Resources.ashx/xml-qa
[2019-08-26 15:44:26] REQUEST GET - https://localhost:8082/public/ws/Resources.ashx/xml-qa
[2019-08-26 15:44:26] REQUEST GET - https://localhost:8082/public/ws/Resources.ashx/xml-qa
[2019-08-26 15:44:26] ---- FROM  ::1 (WinNT)
[2019-08-26 15:44:26] ---- FROM  ::1 (WinNT)
[2019-08-26 15:44:26] ---- BROWSER:  Chrome 76.0 (Mozilla/5.0 (Windows NT 10.0; Win64; x64) AppleWebKit/537.36 (KHTML, like Gecko) Chrome/76.0.3809.100 Safari/537.36)
[2019-08-26 15:44:26] 200 - OK - text/xml
[2019-08-26 15:44:26] ---- FROM  ::1 (WinNT)
[2019-08-26 15:44:26] REQUEST GET - https://localhost:8082/public/ws/Resources.ashx/xml-qa
[2019-08-26 15:44:26] ---- BROWSER:  Chrome 76.0 (Mozilla/5.0 (Windows NT 10.0; Win64; x64) AppleWebKit/537.36 (KHTML, like Gecko) Chrome/76.0.3809.100 Safari/537.36)
[2019-08-26 15:44:26] ---- FROM  ::1 (WinNT)
[2019-08-26 15:44:26] ---- BROWSER:  Chrome 76.0 (Mozilla/5.0 (Windows NT 10.0; Win64; x64) AppleWebKit/537.36 (KHTML, like Gecko) Chrome/76.0.3809.100 Safari/537.36)
[2019-08-26 15:44:26] 200 - OK - text/xml
[2019-08-26 15:44:26] 200 - OK - text/xml
[2019-08-26 15:44:26] ---- BROWSER:  Chrome 76.0 (Mozilla/5.0 (Windows NT 10.0; Win64; x64) AppleWebKit/537.36 (KHTML, like Gecko) Chrome/76.0.3809.100 Safari/537.36)
[2019-08-26 15:44:26] REQUEST GET - https://localhost:8082/public/ws/Resources.ashx/xml-qa
[2019-08-26 15:44:26] ---- FROM  ::1 (WinNT)
[2019-08-26 15:44:26] ---- BROWSER:  Chrome 76.0 (Mozilla/5.0 (Windows NT 10.0; Win64; x64) AppleWebKit/537.36 (KHTML, like Gecko) Chrome/76.0.3809.100 Safari/537.36)
[2019-08-26 15:44:26] ---- FROM  ::1 (WinNT)
[2019-08-26 15:44:26] ---- BROWSER:  Chrome 76.0 (Mozilla/5.0 (Windows NT 10.0; Win64; x64) AppleWebKit/537.36 (KHTML, like Gecko) Chrome/76.0.3809.100 Safari/537.36)
[2019-08-26 15:44:26] 200 - OK - text/xml
[2019-08-26 15:44:26] 200 - OK - text/xml
[2019-08-26 15:44:26] REQUEST GET - https://localhost:8082/public/ws/Resources.ashx/xml-qa
[2019-08-26 15:44:26] REQUEST GET - https://localhost:8082/public/ws/Resources.ashx/xml-qa
[2019-08-26 15:44:26] 200 - OK - text/xml
[2019-08-26 15:44:26] ---- FROM  ::1 (WinNT)
[2019-08-26 15:44:26] ---- BROWSER:  Chrome 76.0 (Mozilla/5.0 (Windows NT 10.0; Win64; x64) AppleWebKit/537.36 (KHTML, like Gecko) Chrome/76.0.3809.100 Safari/537.36)
[2019-08-26 15:44:26] 200 - OK - text/xml
[2019-08-26 15:44:26] REQUEST GET - https://localhost:8082/public/ws/Resources.ashx/xml-qa
[2019-08-26 15:44:26] ---- FROM  ::1 (WinNT)
[2019-08-26 15:44:26] ---- BROWSER:  Chrome 76.0 (Mozilla/5.0 (Windows NT 10.0; Win64; x64) AppleWebKit/537.36 (KHTML, like Gecko) Chrome/76.0.3809.100 Safari/537.36)
[2019-08-26 15:44:26] ---- FROM  ::1 (WinNT)
[2019-08-26 15:44:26] ---- BROWSER:  Chrome 76.0 (Mozilla/5.0 (Windows NT 10.0; Win64; x64) AppleWebKit/537.36 (KHTML, like Gecko) Chrome/76.0.3809.100 Safari/537.36)
[2019-08-26 15:44:26] 200 - OK - text/xml
[2019-08-26 15:44:26] REQUEST GET - https://localhost:8082/public/ws/Resources.ashx/xml-qa
[2019-08-26 15:44:26] ---- FROM  ::1 (WinNT)
[2019-08-26 15:44:26] 200 - OK - text/xml
[2019-08-26 15:44:26] ---- BROWSER:  Chrome 76.0 (Mozilla/5.0 (Windows NT 10.0; Win64; x64) AppleWebKit/537.36 (KHTML, like Gecko) Chrome/76.0.3809.100 Safari/537.36)
[2019-08-26 15:44:26] 200 - OK - text/xml
[2019-08-26 15:44:26] REQUEST GET - https://localhost:8082/public/ws/Resources.ashx/xml-qa
[2019-08-26 15:44:26] ---- FROM  ::1 (WinNT)
[2019-08-26 15:44:26] ---- BROWSER:  Chrome 76.0 (Mozilla/5.0 (Windows NT 10.0; Win64; x64) AppleWebKit/537.36 (KHTML, like Gecko) Chrome/76.0.3809.100 Safari/537.36)
[2019-08-26 15:44:26] REQUEST GET - https://localhost:8082/public/ws/Resources.ashx/xml-qa
[2019-08-26 15:44:26] ---- FROM  ::1 (WinNT)
[2019-08-26 15:44:26] ---- BROWSER:  Chrome 76.0 (Mozilla/5.0 (Windows NT 10.0; Win64; x64) AppleWebKit/537.36 (KHTML, like Gecko) Chrome/76.0.3809.100 Safari/537.36)
[2019-08-26 15:44:26] 200 - OK - text/xml
[2019-08-26 15:44:26] REQUEST GET - https://localhost:8082/public/ws/Resources.ashx/xml-qa
[2019-08-26 15:44:26] ---- FROM  ::1 (WinNT)
[2019-08-26 15:44:26] 200 - OK - text/xml
[2019-08-26 15:44:26] ---- BROWSER:  Chrome 76.0 (Mozilla/5.0 (Windows NT 10.0; Win64; x64) AppleWebKit/537.36 (KHTML, like Gecko) Chrome/76.0.3809.100 Safari/537.36)
[2019-08-26 15:44:26] 200 - OK - text/xml
[2019-08-26 15:44:26] REQUEST GET - https://localhost:8082/public/ws/Resources.ashx/xml-qa
[2019-08-26 15:44:26] ---- FROM  ::1 (WinNT)
[2019-08-26 15:44:26] REQUEST GET - https://localhost:8082/public/ws/Resources.ashx/xml-qa
[2019-08-26 15:44:26] ---- FROM  ::1 (WinNT)
[2019-08-26 15:44:26] ---- BROWSER:  Chrome 76.0 (Mozilla/5.0 (Windows NT 10.0; Win64; x64) AppleWebKit/537.36 (KHTML, like Gecko) Chrome/76.0.3809.100 Safari/537.36)
[2019-08-26 15:44:26] ---- BROWSER:  Chrome 76.0 (Mozilla/5.0 (Windows NT 10.0; Win64; x64) AppleWebKit/537.36 (KHTML, like Gecko) Chrome/76.0.3809.100 Safari/537.36)
[2019-08-26 15:44:26] REQUEST GET - https://localhost:8082/public/ws/Resources.ashx/xml-qa
[2019-08-26 15:44:26] ---- FROM  ::1 (WinNT)
[2019-08-26 15:44:26] 200 - OK - text/xml
[2019-08-26 15:44:26] 200 - OK - text/xml
[2019-08-26 15:44:26] REQUEST GET - https://localhost:8082/public/ws/Resources.ashx/xml-qa
[2019-08-26 15:44:26] ---- FROM  ::1 (WinNT)
[2019-08-26 15:44:26] ---- BROWSER:  Chrome 76.0 (Mozilla/5.0 (Windows NT 10.0; Win64; x64) AppleWebKit/537.36 (KHTML, like Gecko) Chrome/76.0.3809.100 Safari/537.36)
[2019-08-26 15:44:26] ---- BROWSER:  Chrome 76.0 (Mozilla/5.0 (Windows NT 10.0; Win64; x64) AppleWebKit/537.36 (KHTML, like Gecko) Chrome/76.0.3809.100 Safari/537.36)
[2019-08-26 15:44:26] REQUEST GET - https://localhost:8082/public/ws/Resources.ashx/xml-qa
[2019-08-26 15:44:26] ---- FROM  ::1 (WinNT)
[2019-08-26 15:44:26] ---- BROWSER:  Chrome 76.0 (Mozilla/5.0 (Windows NT 10.0; Win64; x64) AppleWebKit/537.36 (KHTML, like Gecko) Chrome/76.0.3809.100 Safari/537.36)
[2019-08-26 15:44:26] 200 - OK - text/xml
[2019-08-26 15:44:26] REQUEST GET - https://localhost:8082/public/ws/Resources.ashx/xml-qa
[2019-08-26 15:44:26] 200 - OK - text/xml
[2019-08-26 15:44:26] 200 - OK - text/xml
[2019-08-26 15:44:26] ---- FROM  ::1 (WinNT)
[2019-08-26 15:44:26] ---- BROWSER:  Chrome 76.0 (Mozilla/5.0 (Windows NT 10.0; Win64; x64) AppleWebKit/537.36 (KHTML, like Gecko) Chrome/76.0.3809.100 Safari/537.36)
[2019-08-26 15:44:26] REQUEST GET - https://localhost:8082/public/ws/Resources.ashx/xml-qa
[2019-08-26 15:44:26] 200 - OK - text/xml
[2019-08-26 15:44:26] ---- FROM  ::1 (WinNT)
[2019-08-26 15:44:26] ---- BROWSER:  Chrome 76.0 (Mozilla/5.0 (Windows NT 10.0; Win64; x64) AppleWebKit/537.36 (KHTML, like Gecko) Chrome/76.0.3809.100 Safari/537.36)
[2019-08-26 15:44:26] REQUEST GET - https://localhost:8082/public/ws/Resources.ashx/xml-qa
[2019-08-26 15:44:26] REQUEST GET - https://localhost:8082/public/ws/Resources.ashx/xml-qa
[2019-08-26 15:44:26] ---- FROM  ::1 (WinNT)
[2019-08-26 15:44:26] 200 - OK - text/xml
[2019-08-26 15:44:26] 200 - OK - text/xml
[2019-08-26 15:44:26] REQUEST GET - https://localhost:8082/public/ws/Resources.ashx/xml-qa
[2019-08-26 15:44:26] ---- FROM  ::1 (WinNT)
[2019-08-26 15:44:26] ---- BROWSER:  Chrome 76.0 (Mozilla/5.0 (Windows NT 10.0; Win64; x64) AppleWebKit/537.36 (KHTML, like Gecko) Chrome/76.0.3809.100 Safari/537.36)
[2019-08-26 15:44:26] ---- FROM  ::1 (WinNT)
[2019-08-26 15:44:26] REQUEST GET - https://localhost:8082/public/ws/Resources.ashx/xml-qa
[2019-08-26 15:44:26] ---- BROWSER:  Chrome 76.0 (Mozilla/5.0 (Windows NT 10.0; Win64; x64) AppleWebKit/537.36 (KHTML, like Gecko) Chrome/76.0.3809.100 Safari/537.36)
[2019-08-26 15:44:26] 200 - OK - text/xml
[2019-08-26 15:44:26] 200 - OK - text/xml
[2019-08-26 15:44:26] ---- FROM  ::1 (WinNT)
[2019-08-26 15:44:26] ---- BROWSER:  Chrome 76.0 (Mozilla/5.0 (Windows NT 10.0; Win64; x64) AppleWebKit/537.36 (KHTML, like Gecko) Chrome/76.0.3809.100 Safari/537.36)
[2019-08-26 15:44:26] ---- BROWSER:  Chrome 76.0 (Mozilla/5.0 (Windows NT 10.0; Win64; x64) AppleWebKit/537.36 (KHTML, like Gecko) Chrome/76.0.3809.100 Safari/537.36)
[2019-08-26 15:44:26] 200 - OK - text/xml
[2019-08-26 15:44:26] REQUEST GET - https://localhost:8082/public/ws/Resources.ashx/xml-qa
[2019-08-26 15:44:26] ---- FROM  ::1 (WinNT)
[2019-08-26 15:44:26] REQUEST GET - https://localhost:8082/public/ws/Resources.ashx/xml-qa
[2019-08-26 15:44:26] ---- FROM  ::1 (WinNT)
[2019-08-26 15:44:26] 200 - OK - text/xml
[2019-08-26 15:44:26] REQUEST GET - https://localhost:8082/public/ws/Resources.ashx/xml-qa
[2019-08-26 15:44:26] ---- FROM  ::1 (WinNT)
[2019-08-26 15:44:26] ---- BROWSER:  Chrome 76.0 (Mozilla/5.0 (Windows NT 10.0; Win64; x64) AppleWebKit/537.36 (KHTML, like Gecko) Chrome/76.0.3809.100 Safari/537.36)
[2019-08-26 15:44:26] ---- BROWSER:  Chrome 76.0 (Mozilla/5.0 (Windows NT 10.0; Win64; x64) AppleWebKit/537.36 (KHTML, like Gecko) Chrome/76.0.3809.100 Safari/537.36)
[2019-08-26 15:44:26] REQUEST GET - https://localhost:8082/public/ws/Resources.ashx/xml-qa
[2019-08-26 15:44:26] ---- FROM  ::1 (WinNT)
[2019-08-26 15:44:26] 200 - OK - text/xml
[2019-08-26 15:44:26] 200 - OK - text/xml
[2019-08-26 15:44:26] ---- BROWSER:  Chrome 76.0 (Mozilla/5.0 (Windows NT 10.0; Win64; x64) AppleWebKit/537.36 (KHTML, like Gecko) Chrome/76.0.3809.100 Safari/537.36)
[2019-08-26 15:44:26] REQUEST GET - https://localhost:8082/public/ws/Resources.ashx/xml-qa
[2019-08-26 15:44:26] ---- FROM  ::1 (WinNT)
[2019-08-26 15:44:26] ---- BROWSER:  Chrome 76.0 (Mozilla/5.0 (Windows NT 10.0; Win64; x64) AppleWebKit/537.36 (KHTML, like Gecko) Chrome/76.0.3809.100 Safari/537.36)
[2019-08-26 15:44:26] ---- BROWSER:  Chrome 76.0 (Mozilla/5.0 (Windows NT 10.0; Win64; x64) AppleWebKit/537.36 (KHTML, like Gecko) Chrome/76.0.3809.100 Safari/537.36)
[2019-08-26 15:44:27] 200 - OK - text/xml
[2019-08-26 15:44:27] 200 - OK - text/xml
[2019-08-26 15:44:27] 200 - OK - text/xml
[2019-08-26 15:45:56] REQUEST GET - https://localhost:8082/public/aspx/Home.aspx?Token=61111131252223224013000011333653&TokenApiRest=eyJ0eXAiOiJKV1QiLCJhbGciOiJIUzI1NiJ9.eyJpc3MiOiJodHRwczpcL1wvd3d3cy5kZXYteWVhcC5pdCIsImlhdCI6MTU0MjI5NDMyMSwibmJmIjoxNTQyMjk0MzIxLCJleHAiOjE1NDI4OTkxMjEsImRhdGEiOnsidXNlciI6eyJpZCI6IjQ0In19fQ.RCP5OeoGASxAyBw1MbMD4BFJAcDM5JIXqYXKBALZcJI&Logo=https://localhost:8082/scratch/pl_logo.png&Title=Business Plan Test nr. 2
[2019-08-26 15:45:56] ---- FROM  ::1 (WinNT)
[2019-08-26 15:45:56] ---- BROWSER:  Chrome 76.0 (Mozilla/5.0 (Windows NT 10.0; Win64; x64) AppleWebKit/537.36 (KHTML, like Gecko) Chrome/76.0.3809.100 Safari/537.36)
[2019-08-26 15:45:56] 302 - Found - text/html
[2019-08-26 15:45:56] REQUEST GET - https://localhost:8082/home/welcome?Token=61111131252223224013000011333653&TokenApiRest=eyJ0eXAiOiJKV1QiLCJhbGciOiJIUzI1NiJ9.eyJpc3MiOiJodHRwczpcL1wvd3d3cy5kZXYteWVhcC5pdCIsImlhdCI6MTU0MjI5NDMyMSwibmJmIjoxNTQyMjk0MzIxLCJleHAiOjE1NDI4OTkxMjEsImRhdGEiOnsidXNlciI6eyJpZCI6IjQ0In19fQ.RCP5OeoGASxAyBw1MbMD4BFJAcDM5JIXqYXKBALZcJI&Logo=https://localhost:8082/scratch/pl_logo.png&Title=Business Plan Test nr. 2
[2019-08-26 15:45:56] ---- FROM  ::1 (WinNT)
[2019-08-26 15:45:56] ---- BROWSER:  Chrome 76.0 (Mozilla/5.0 (Windows NT 10.0; Win64; x64) AppleWebKit/537.36 (KHTML, like Gecko) Chrome/76.0.3809.100 Safari/537.36)
[2019-08-26 15:45:56] 200 - OK - text/html
[2019-08-26 15:45:58] REQUEST POST - https://localhost:8082/public/ws/General.asmx/Set
[2019-08-26 15:45:58] ---- FROM  ::1 (WinNT)
[2019-08-26 15:45:58] ---- BROWSER:  Chrome 76.0 (Mozilla/5.0 (Windows NT 10.0; Win64; x64) AppleWebKit/537.36 (KHTML, like Gecko) Chrome/76.0.3809.100 Safari/537.36)
[2019-08-26 15:45:58] ---- CONTENT: {data : "<?xml version='1.0' encoding='utf-8' ?><Request ID='2019082615455854'><General><Token>61111131252223224013000011333653</Token></General><Data><Nome>Business Plan Test nr. 2</Nome><Logo>https%3A%2F%2Flocalhost%3A8082%2Fscratch%2Fpl_logo.png</Logo></Data></Request>"}
[2019-08-26 15:45:58] 200 - OK - application/json
[2019-08-26 15:45:58] REQUEST POST - https://localhost:8082/public/ws/Config.asmx/Economics_Get
[2019-08-26 15:45:58] ---- FROM  ::1 (WinNT)
[2019-08-26 15:45:58] ---- BROWSER:  Chrome 76.0 (Mozilla/5.0 (Windows NT 10.0; Win64; x64) AppleWebKit/537.36 (KHTML, like Gecko) Chrome/76.0.3809.100 Safari/537.36)
[2019-08-26 15:45:58] ---- CONTENT: {data : "<?xml version='1.0' encoding='utf-8' ?><Request ID='20190826154558148'><General><Token>61111131252223224013000011333653</Token></General><Data></Data></Request>"}
[2019-08-26 15:45:58] 200 - OK - application/json
[2019-08-26 15:46:03] REQUEST POST - https://localhost:8082/public/ws/Config.asmx/All_Get
[2019-08-26 15:46:03] ---- FROM  ::1 (WinNT)
[2019-08-26 15:46:03] ---- BROWSER:  Chrome 76.0 (Mozilla/5.0 (Windows NT 10.0; Win64; x64) AppleWebKit/537.36 (KHTML, like Gecko) Chrome/76.0.3809.100 Safari/537.36)
[2019-08-26 15:46:03] ---- CONTENT: {data : "<?xml version='1.0' encoding='utf-8' ?><Request ID='20190826154603446'><General><Token>61111131252223224013000011333653</Token></General><Data></Data></Request>"}
[2019-08-26 15:46:03] 200 - OK - application/json
[2019-08-26 15:46:03] REQUEST POST - https://localhost:8082/public/ws/Economics.asmx/messaggi_summary
[2019-08-26 15:46:03] ---- FROM  ::1 (WinNT)
[2019-08-26 15:46:03] ---- BROWSER:  Chrome 76.0 (Mozilla/5.0 (Windows NT 10.0; Win64; x64) AppleWebKit/537.36 (KHTML, like Gecko) Chrome/76.0.3809.100 Safari/537.36)
[2019-08-26 15:46:03] ---- CONTENT: {data : "<?xml version='1.0' encoding='utf-8' ?><Request ID='20190826154603938'><General><Token>61111131252223224013000011333653</Token></General><Data></Data></Request>"}
[2019-08-26 15:46:03] 200 - OK - application/json
[2019-08-26 15:46:04] REQUEST POST - https://localhost:8082/public/ws/Config.asmx/All_Get
[2019-08-26 15:46:04] ---- FROM  ::1 (WinNT)
[2019-08-26 15:46:04] ---- BROWSER:  Chrome 76.0 (Mozilla/5.0 (Windows NT 10.0; Win64; x64) AppleWebKit/537.36 (KHTML, like Gecko) Chrome/76.0.3809.100 Safari/537.36)
[2019-08-26 15:46:04] ---- CONTENT: {data : "<?xml version='1.0' encoding='utf-8' ?><Request ID='2019082615460454'><General><Token>61111131252223224013000011333653</Token></General><Data></Data></Request>"}
[2019-08-26 15:46:04] REQUEST POST - https://localhost:8082/public/ws/Config.asmx/All_Get
[2019-08-26 15:46:04] ---- FROM  ::1 (WinNT)
[2019-08-26 15:46:04] ---- BROWSER:  Chrome 76.0 (Mozilla/5.0 (Windows NT 10.0; Win64; x64) AppleWebKit/537.36 (KHTML, like Gecko) Chrome/76.0.3809.100 Safari/537.36)
[2019-08-26 15:46:04] ---- CONTENT: {data : "<?xml version='1.0' encoding='utf-8' ?><Request ID='20190826154604128'><General><Token>61111131252223224013000011333653</Token></General><Data></Data></Request>"}
[2019-08-26 15:46:04] 200 - OK - application/json
[2019-08-26 15:46:04] 200 - OK - application/json
[2019-08-26 15:57:17] REQUEST GET - https://localhost:8082/public/aspx/Home.aspx?Token=61111131252223224013000011333653&TokenApiRest=eyJ0eXAiOiJKV1QiLCJhbGciOiJIUzI1NiJ9.eyJpc3MiOiJodHRwczpcL1wvd3d3cy5kZXYteWVhcC5pdCIsImlhdCI6MTU0MjI5NDMyMSwibmJmIjoxNTQyMjk0MzIxLCJleHAiOjE1NDI4OTkxMjEsImRhdGEiOnsidXNlciI6eyJpZCI6IjQ0In19fQ.RCP5OeoGASxAyBw1MbMD4BFJAcDM5JIXqYXKBALZcJI&Logo=https://localhost:8082/scratch/pl_logo.png&Title=Business Plan Test nr. 2
[2019-08-26 15:57:17] ---- FROM  ::1 (WinNT)
[2019-08-26 15:57:17] ---- BROWSER:  Chrome 76.0 (Mozilla/5.0 (Windows NT 10.0; Win64; x64) AppleWebKit/537.36 (KHTML, like Gecko) Chrome/76.0.3809.100 Safari/537.36)
[2019-08-26 15:57:17] 302 - Found - text/html
[2019-08-26 15:57:17] REQUEST GET - https://localhost:8082/home/welcome?Token=61111131252223224013000011333653&TokenApiRest=eyJ0eXAiOiJKV1QiLCJhbGciOiJIUzI1NiJ9.eyJpc3MiOiJodHRwczpcL1wvd3d3cy5kZXYteWVhcC5pdCIsImlhdCI6MTU0MjI5NDMyMSwibmJmIjoxNTQyMjk0MzIxLCJleHAiOjE1NDI4OTkxMjEsImRhdGEiOnsidXNlciI6eyJpZCI6IjQ0In19fQ.RCP5OeoGASxAyBw1MbMD4BFJAcDM5JIXqYXKBALZcJI&Logo=https://localhost:8082/scratch/pl_logo.png&Title=Business Plan Test nr. 2
[2019-08-26 15:57:17] ---- FROM  ::1 (WinNT)
[2019-08-26 15:57:17] ---- BROWSER:  Chrome 76.0 (Mozilla/5.0 (Windows NT 10.0; Win64; x64) AppleWebKit/537.36 (KHTML, like Gecko) Chrome/76.0.3809.100 Safari/537.36)
[2019-08-26 15:57:17] 200 - OK - text/html
[2019-08-26 15:57:19] REQUEST POST - https://localhost:8082/public/ws/General.asmx/Set
[2019-08-26 15:57:19] ---- FROM  ::1 (WinNT)
[2019-08-26 15:57:19] ---- BROWSER:  Chrome 76.0 (Mozilla/5.0 (Windows NT 10.0; Win64; x64) AppleWebKit/537.36 (KHTML, like Gecko) Chrome/76.0.3809.100 Safari/537.36)
[2019-08-26 15:57:19] ---- CONTENT: {data : "<?xml version='1.0' encoding='utf-8' ?><Request ID='20190826155719393'><General><Token>61111131252223224013000011333653</Token></General><Data><Nome>Business Plan Test nr. 2</Nome><Logo>https%3A%2F%2Flocalhost%3A8082%2Fscratch%2Fpl_logo.png</Logo></Data></Request>"}
[2019-08-26 15:57:19] 200 - OK - application/json
[2019-08-26 15:57:19] REQUEST POST - https://localhost:8082/public/ws/Config.asmx/Economics_Get
[2019-08-26 15:57:19] ---- FROM  ::1 (WinNT)
[2019-08-26 15:57:19] ---- BROWSER:  Chrome 76.0 (Mozilla/5.0 (Windows NT 10.0; Win64; x64) AppleWebKit/537.36 (KHTML, like Gecko) Chrome/76.0.3809.100 Safari/537.36)
[2019-08-26 15:57:19] ---- CONTENT: {data : "<?xml version='1.0' encoding='utf-8' ?><Request ID='20190826155719490'><General><Token>61111131252223224013000011333653</Token></General><Data></Data></Request>"}
[2019-08-26 15:57:19] 200 - OK - application/json
[2019-08-26 15:57:23] REQUEST POST - https://localhost:8082/public/ws/Config.asmx/All_Get
[2019-08-26 15:57:23] ---- FROM  ::1 (WinNT)
[2019-08-26 15:57:23] ---- BROWSER:  Chrome 76.0 (Mozilla/5.0 (Windows NT 10.0; Win64; x64) AppleWebKit/537.36 (KHTML, like Gecko) Chrome/76.0.3809.100 Safari/537.36)
[2019-08-26 15:57:23] ---- CONTENT: {data : "<?xml version='1.0' encoding='utf-8' ?><Request ID='20190826155723435'><General><Token>61111131252223224013000011333653</Token></General><Data></Data></Request>"}
[2019-08-26 15:57:23] 200 - OK - application/json
[2019-08-26 15:57:24] REQUEST POST - https://localhost:8082/public/ws/Economics.asmx/messaggi_summary
[2019-08-26 15:57:25] ---- FROM  ::1 (WinNT)
[2019-08-26 15:57:25] ---- BROWSER:  Chrome 76.0 (Mozilla/5.0 (Windows NT 10.0; Win64; x64) AppleWebKit/537.36 (KHTML, like Gecko) Chrome/76.0.3809.100 Safari/537.36)
[2019-08-26 15:57:25] ---- CONTENT: {data : "<?xml version='1.0' encoding='utf-8' ?><Request ID='20190826155724335'><General><Token>61111131252223224013000011333653</Token></General><Data></Data></Request>"}
[2019-08-26 15:57:25] 200 - OK - application/json
[2019-08-26 15:57:25] REQUEST POST - https://localhost:8082/public/ws/Config.asmx/All_Get
[2019-08-26 15:57:25] ---- FROM  ::1 (WinNT)
[2019-08-26 15:57:25] ---- BROWSER:  Chrome 76.0 (Mozilla/5.0 (Windows NT 10.0; Win64; x64) AppleWebKit/537.36 (KHTML, like Gecko) Chrome/76.0.3809.100 Safari/537.36)
[2019-08-26 15:57:25] ---- CONTENT: {data : "<?xml version='1.0' encoding='utf-8' ?><Request ID='20190826155725466'><General><Token>61111131252223224013000011333653</Token></General><Data></Data></Request>"}
[2019-08-26 15:57:25] REQUEST POST - https://localhost:8082/public/ws/Config.asmx/All_Get
[2019-08-26 15:57:25] ---- FROM  ::1 (WinNT)
[2019-08-26 15:57:25] ---- BROWSER:  Chrome 76.0 (Mozilla/5.0 (Windows NT 10.0; Win64; x64) AppleWebKit/537.36 (KHTML, like Gecko) Chrome/76.0.3809.100 Safari/537.36)
[2019-08-26 15:57:25] ---- CONTENT: {data : "<?xml version='1.0' encoding='utf-8' ?><Request ID='20190826155725510'><General><Token>61111131252223224013000011333653</Token></General><Data></Data></Request>"}
[2019-08-26 15:57:25] 200 - OK - application/json
[2019-08-26 15:57:25] 200 - OK - application/json
[2019-08-26 15:57:54] REQUEST GET - https://localhost:8082/public/aspx/Home.aspx?Token=61111131252223224013000011333653&TokenApiRest=eyJ0eXAiOiJKV1QiLCJhbGciOiJIUzI1NiJ9.eyJpc3MiOiJodHRwczpcL1wvd3d3cy5kZXYteWVhcC5pdCIsImlhdCI6MTU0MjI5NDMyMSwibmJmIjoxNTQyMjk0MzIxLCJleHAiOjE1NDI4OTkxMjEsImRhdGEiOnsidXNlciI6eyJpZCI6IjQ0In19fQ.RCP5OeoGASxAyBw1MbMD4BFJAcDM5JIXqYXKBALZcJI&Logo=https://localhost:8082/scratch/pl_logo.png&Title=Business Plan Test nr. 2
[2019-08-26 15:57:54] ---- FROM  ::1 (WinNT)
[2019-08-26 15:57:54] ---- BROWSER:  Chrome 76.0 (Mozilla/5.0 (Windows NT 10.0; Win64; x64) AppleWebKit/537.36 (KHTML, like Gecko) Chrome/76.0.3809.100 Safari/537.36)
[2019-08-26 15:57:54] 302 - Found - text/html
[2019-08-26 15:57:54] REQUEST GET - https://localhost:8082/home/welcome?Token=61111131252223224013000011333653&TokenApiRest=eyJ0eXAiOiJKV1QiLCJhbGciOiJIUzI1NiJ9.eyJpc3MiOiJodHRwczpcL1wvd3d3cy5kZXYteWVhcC5pdCIsImlhdCI6MTU0MjI5NDMyMSwibmJmIjoxNTQyMjk0MzIxLCJleHAiOjE1NDI4OTkxMjEsImRhdGEiOnsidXNlciI6eyJpZCI6IjQ0In19fQ.RCP5OeoGASxAyBw1MbMD4BFJAcDM5JIXqYXKBALZcJI&Logo=https://localhost:8082/scratch/pl_logo.png&Title=Business Plan Test nr. 2
[2019-08-26 15:57:54] ---- FROM  ::1 (WinNT)
[2019-08-26 15:57:54] ---- BROWSER:  Chrome 76.0 (Mozilla/5.0 (Windows NT 10.0; Win64; x64) AppleWebKit/537.36 (KHTML, like Gecko) Chrome/76.0.3809.100 Safari/537.36)
[2019-08-26 15:57:54] 200 - OK - text/html
[2019-08-26 15:57:55] REQUEST POST - https://localhost:8082/public/ws/General.asmx/Set
[2019-08-26 15:57:55] ---- FROM  ::1 (WinNT)
[2019-08-26 15:57:55] ---- BROWSER:  Chrome 76.0 (Mozilla/5.0 (Windows NT 10.0; Win64; x64) AppleWebKit/537.36 (KHTML, like Gecko) Chrome/76.0.3809.100 Safari/537.36)
[2019-08-26 15:57:55] ---- CONTENT: {data : "<?xml version='1.0' encoding='utf-8' ?><Request ID='20190826155755393'><General><Token>61111131252223224013000011333653</Token></General><Data><Nome>Business Plan Test nr. 2</Nome><Logo>https%3A%2F%2Flocalhost%3A8082%2Fscratch%2Fpl_logo.png</Logo></Data></Request>"}
[2019-08-26 15:57:55] 200 - OK - application/json
[2019-08-26 15:57:55] REQUEST POST - https://localhost:8082/public/ws/Config.asmx/Economics_Get
[2019-08-26 15:57:55] ---- FROM  ::1 (WinNT)
[2019-08-26 15:57:55] ---- BROWSER:  Chrome 76.0 (Mozilla/5.0 (Windows NT 10.0; Win64; x64) AppleWebKit/537.36 (KHTML, like Gecko) Chrome/76.0.3809.100 Safari/537.36)
[2019-08-26 15:57:55] ---- CONTENT: {data : "<?xml version='1.0' encoding='utf-8' ?><Request ID='20190826155755422'><General><Token>61111131252223224013000011333653</Token></General><Data></Data></Request>"}
[2019-08-26 15:57:55] 200 - OK - application/json
[2019-08-26 15:57:57] REQUEST POST - https://localhost:8082/public/ws/Config.asmx/All_Get
[2019-08-26 15:57:57] ---- FROM  ::1 (WinNT)
[2019-08-26 15:57:57] ---- BROWSER:  Chrome 76.0 (Mozilla/5.0 (Windows NT 10.0; Win64; x64) AppleWebKit/537.36 (KHTML, like Gecko) Chrome/76.0.3809.100 Safari/537.36)
[2019-08-26 15:57:57] ---- CONTENT: {data : "<?xml version='1.0' encoding='utf-8' ?><Request ID='20190826155757371'><General><Token>61111131252223224013000011333653</Token></General><Data></Data></Request>"}
[2019-08-26 15:57:58] 200 - OK - application/json
[2019-08-26 15:57:58] REQUEST POST - https://localhost:8082/public/ws/Economics.asmx/messaggi_summary
[2019-08-26 15:57:58] ---- FROM  ::1 (WinNT)
[2019-08-26 15:57:58] ---- BROWSER:  Chrome 76.0 (Mozilla/5.0 (Windows NT 10.0; Win64; x64) AppleWebKit/537.36 (KHTML, like Gecko) Chrome/76.0.3809.100 Safari/537.36)
[2019-08-26 15:57:58] ---- CONTENT: {data : "<?xml version='1.0' encoding='utf-8' ?><Request ID='2019082615575886'><General><Token>61111131252223224013000011333653</Token></General><Data></Data></Request>"}
[2019-08-26 15:57:58] 200 - OK - application/json
[2019-08-26 15:57:58] REQUEST POST - https://localhost:8082/public/ws/Config.asmx/All_Get
[2019-08-26 15:57:58] ---- FROM  ::1 (WinNT)
[2019-08-26 15:57:58] ---- BROWSER:  Chrome 76.0 (Mozilla/5.0 (Windows NT 10.0; Win64; x64) AppleWebKit/537.36 (KHTML, like Gecko) Chrome/76.0.3809.100 Safari/537.36)
[2019-08-26 15:57:58] ---- CONTENT: {data : "<?xml version='1.0' encoding='utf-8' ?><Request ID='20190826155758189'><General><Token>61111131252223224013000011333653</Token></General><Data></Data></Request>"}
[2019-08-26 15:57:58] 200 - OK - application/json
[2019-08-26 15:57:58] REQUEST POST - https://localhost:8082/public/ws/Config.asmx/All_Get
[2019-08-26 15:57:58] ---- FROM  ::1 (WinNT)
[2019-08-26 15:57:58] ---- BROWSER:  Chrome 76.0 (Mozilla/5.0 (Windows NT 10.0; Win64; x64) AppleWebKit/537.36 (KHTML, like Gecko) Chrome/76.0.3809.100 Safari/537.36)
[2019-08-26 15:57:58] ---- CONTENT: {data : "<?xml version='1.0' encoding='utf-8' ?><Request ID='20190826155758361'><General><Token>61111131252223224013000011333653</Token></General><Data></Data></Request>"}
[2019-08-26 15:57:58] 200 - OK - application/json
[2019-08-26 15:58:01] REQUEST GET - https://localhost:8082/settings/settings
[2019-08-26 15:58:01] ---- FROM  ::1 (WinNT)
[2019-08-26 15:58:01] ---- BROWSER:  Chrome 76.0 (Mozilla/5.0 (Windows NT 10.0; Win64; x64) AppleWebKit/537.36 (KHTML, like Gecko) Chrome/76.0.3809.100 Safari/537.36)
[2019-08-26 15:58:01] 200 - OK - text/html
[2019-08-26 15:58:02] REQUEST POST - https://localhost:8082/public/ws/Config.asmx/General_Get
[2019-08-26 15:58:02] ---- FROM  ::1 (WinNT)
[2019-08-26 15:58:02] ---- BROWSER:  Chrome 76.0 (Mozilla/5.0 (Windows NT 10.0; Win64; x64) AppleWebKit/537.36 (KHTML, like Gecko) Chrome/76.0.3809.100 Safari/537.36)
[2019-08-26 15:58:02] ---- CONTENT: {data : "<?xml version='1.0' encoding='utf-8' ?><Request ID='20190826155802428'><General><Token>61111131252223224013000011333653</Token></General><Data></Data></Request>"}
[2019-08-26 15:58:02] 200 - OK - application/json
[2019-08-26 15:58:05] REQUEST POST - https://localhost:8082/public/ws/Config.asmx/All_Get
[2019-08-26 15:58:05] ---- FROM  ::1 (WinNT)
[2019-08-26 15:58:05] ---- BROWSER:  Chrome 76.0 (Mozilla/5.0 (Windows NT 10.0; Win64; x64) AppleWebKit/537.36 (KHTML, like Gecko) Chrome/76.0.3809.100 Safari/537.36)
[2019-08-26 15:58:05] ---- CONTENT: {data : "<?xml version='1.0' encoding='utf-8' ?><Request ID='20190826155805580'><General><Token>61111131252223224013000011333653</Token></General><Data></Data></Request>"}
[2019-08-26 15:58:05] 200 - OK - application/json
[2019-08-26 15:58:06] REQUEST POST - https://localhost:8082/public/ws/Economics.asmx/messaggi_summary
[2019-08-26 15:58:06] ---- FROM  ::1 (WinNT)
[2019-08-26 15:58:06] ---- BROWSER:  Chrome 76.0 (Mozilla/5.0 (Windows NT 10.0; Win64; x64) AppleWebKit/537.36 (KHTML, like Gecko) Chrome/76.0.3809.100 Safari/537.36)
[2019-08-26 15:58:06] ---- CONTENT: {data : "<?xml version='1.0' encoding='utf-8' ?><Request ID='20190826155806792'><General><Token>61111131252223224013000011333653</Token></General><Data></Data></Request>"}
[2019-08-26 15:58:06] 200 - OK - application/json
[2019-08-26 15:58:06] REQUEST POST - https://localhost:8082/public/ws/Config.asmx/All_Get
[2019-08-26 15:58:06] ---- FROM  ::1 (WinNT)
[2019-08-26 15:58:06] ---- BROWSER:  Chrome 76.0 (Mozilla/5.0 (Windows NT 10.0; Win64; x64) AppleWebKit/537.36 (KHTML, like Gecko) Chrome/76.0.3809.100 Safari/537.36)
[2019-08-26 15:58:06] ---- CONTENT: {data : "<?xml version='1.0' encoding='utf-8' ?><Request ID='20190826155806883'><General><Token>61111131252223224013000011333653</Token></General><Data></Data></Request>"}
[2019-08-26 15:58:06] 200 - OK - application/json
[2019-08-26 15:58:07] REQUEST POST - https://localhost:8082/public/ws/Config.asmx/All_Get
[2019-08-26 15:58:07] ---- FROM  ::1 (WinNT)
[2019-08-26 15:58:07] ---- BROWSER:  Chrome 76.0 (Mozilla/5.0 (Windows NT 10.0; Win64; x64) AppleWebKit/537.36 (KHTML, like Gecko) Chrome/76.0.3809.100 Safari/537.36)
[2019-08-26 15:58:07] ---- CONTENT: {data : "<?xml version='1.0' encoding='utf-8' ?><Request ID='2019082615580778'><General><Token>61111131252223224013000011333653</Token></General><Data></Data></Request>"}
[2019-08-26 15:58:07] REQUEST GET - https://localhost:8082/public/ws/Resources.ashx/xml-general
[2019-08-26 15:58:07] ---- FROM  ::1 (WinNT)
[2019-08-26 15:58:07] ---- BROWSER:  Chrome 76.0 (Mozilla/5.0 (Windows NT 10.0; Win64; x64) AppleWebKit/537.36 (KHTML, like Gecko) Chrome/76.0.3809.100 Safari/537.36)
[2019-08-26 15:58:07] REQUEST GET - https://localhost:8082/public/ws/Resources.ashx/xml-general
[2019-08-26 15:58:07] ---- FROM  ::1 (WinNT)
[2019-08-26 15:58:07] ---- BROWSER:  Chrome 76.0 (Mozilla/5.0 (Windows NT 10.0; Win64; x64) AppleWebKit/537.36 (KHTML, like Gecko) Chrome/76.0.3809.100 Safari/537.36)
[2019-08-26 15:58:07] 200 - OK - text/xml
[2019-08-26 15:58:07] 200 - OK - text/xml
[2019-08-26 15:58:07] 200 - OK - application/json
[2019-08-26 16:01:01] REQUEST GET - https://localhost:8082/public/aspx/Home.aspx?Token=61111131252223224013000011333653&TokenApiRest=eyJ0eXAiOiJKV1QiLCJhbGciOiJIUzI1NiJ9.eyJpc3MiOiJodHRwczpcL1wvd3d3cy5kZXYteWVhcC5pdCIsImlhdCI6MTU0MjI5NDMyMSwibmJmIjoxNTQyMjk0MzIxLCJleHAiOjE1NDI4OTkxMjEsImRhdGEiOnsidXNlciI6eyJpZCI6IjQ0In19fQ.RCP5OeoGASxAyBw1MbMD4BFJAcDM5JIXqYXKBALZcJI&Logo=https://localhost:8082/scratch/pl_logo.png&Title=Business Plan Test nr. 2
[2019-08-26 16:01:01] ---- FROM  ::1 (WinNT)
[2019-08-26 16:01:01] ---- BROWSER:  Chrome 76.0 (Mozilla/5.0 (Windows NT 10.0; Win64; x64) AppleWebKit/537.36 (KHTML, like Gecko) Chrome/76.0.3809.100 Safari/537.36)
[2019-08-26 16:01:01] 302 - Found - text/html
[2019-08-26 16:01:01] REQUEST GET - https://localhost:8082/home/welcome?Token=61111131252223224013000011333653&TokenApiRest=eyJ0eXAiOiJKV1QiLCJhbGciOiJIUzI1NiJ9.eyJpc3MiOiJodHRwczpcL1wvd3d3cy5kZXYteWVhcC5pdCIsImlhdCI6MTU0MjI5NDMyMSwibmJmIjoxNTQyMjk0MzIxLCJleHAiOjE1NDI4OTkxMjEsImRhdGEiOnsidXNlciI6eyJpZCI6IjQ0In19fQ.RCP5OeoGASxAyBw1MbMD4BFJAcDM5JIXqYXKBALZcJI&Logo=https://localhost:8082/scratch/pl_logo.png&Title=Business Plan Test nr. 2
[2019-08-26 16:01:01] ---- FROM  ::1 (WinNT)
[2019-08-26 16:01:01] ---- BROWSER:  Chrome 76.0 (Mozilla/5.0 (Windows NT 10.0; Win64; x64) AppleWebKit/537.36 (KHTML, like Gecko) Chrome/76.0.3809.100 Safari/537.36)
[2019-08-26 16:01:01] 200 - OK - text/html
[2019-08-26 16:01:04] REQUEST POST - https://localhost:8082/public/ws/General.asmx/Set
[2019-08-26 16:01:04] ---- FROM  ::1 (WinNT)
[2019-08-26 16:01:04] ---- BROWSER:  Chrome 76.0 (Mozilla/5.0 (Windows NT 10.0; Win64; x64) AppleWebKit/537.36 (KHTML, like Gecko) Chrome/76.0.3809.100 Safari/537.36)
[2019-08-26 16:01:04] ---- CONTENT: {data : "<?xml version='1.0' encoding='utf-8' ?><Request ID='20190826160104170'><General><Token>61111131252223224013000011333653</Token></General><Data><Nome>Business Plan Test nr. 2</Nome><Logo>https%3A%2F%2Flocalhost%3A8082%2Fscratch%2Fpl_logo.png</Logo></Data></Request>"}
[2019-08-26 16:01:04] 200 - OK - application/json
[2019-08-26 16:01:04] REQUEST POST - https://localhost:8082/public/ws/Config.asmx/Economics_Get
[2019-08-26 16:01:04] ---- FROM  ::1 (WinNT)
[2019-08-26 16:01:04] ---- BROWSER:  Chrome 76.0 (Mozilla/5.0 (Windows NT 10.0; Win64; x64) AppleWebKit/537.36 (KHTML, like Gecko) Chrome/76.0.3809.100 Safari/537.36)
[2019-08-26 16:01:04] ---- CONTENT: {data : "<?xml version='1.0' encoding='utf-8' ?><Request ID='20190826160104223'><General><Token>61111131252223224013000011333653</Token></General><Data></Data></Request>"}
[2019-08-26 16:01:04] 200 - OK - application/json
[2019-08-26 16:01:08] REQUEST POST - https://localhost:8082/public/ws/Config.asmx/All_Get
[2019-08-26 16:01:08] ---- FROM  ::1 (WinNT)
[2019-08-26 16:01:08] ---- BROWSER:  Chrome 76.0 (Mozilla/5.0 (Windows NT 10.0; Win64; x64) AppleWebKit/537.36 (KHTML, like Gecko) Chrome/76.0.3809.100 Safari/537.36)
[2019-08-26 16:01:08] ---- CONTENT: {data : "<?xml version='1.0' encoding='utf-8' ?><Request ID='20190826160108377'><General><Token>61111131252223224013000011333653</Token></General><Data></Data></Request>"}
[2019-08-26 16:01:08] 200 - OK - application/json
[2019-08-26 16:01:09] REQUEST POST - https://localhost:8082/public/ws/Economics.asmx/messaggi_summary
[2019-08-26 16:01:09] ---- FROM  ::1 (WinNT)
[2019-08-26 16:01:09] ---- BROWSER:  Chrome 76.0 (Mozilla/5.0 (Windows NT 10.0; Win64; x64) AppleWebKit/537.36 (KHTML, like Gecko) Chrome/76.0.3809.100 Safari/537.36)
[2019-08-26 16:01:09] ---- CONTENT: {data : "<?xml version='1.0' encoding='utf-8' ?><Request ID='20190826160109601'><General><Token>61111131252223224013000011333653</Token></General><Data></Data></Request>"}
[2019-08-26 16:01:09] 200 - OK - application/json
[2019-08-26 16:01:09] REQUEST POST - https://localhost:8082/public/ws/Config.asmx/All_Get
[2019-08-26 16:01:09] ---- FROM  ::1 (WinNT)
[2019-08-26 16:01:09] ---- BROWSER:  Chrome 76.0 (Mozilla/5.0 (Windows NT 10.0; Win64; x64) AppleWebKit/537.36 (KHTML, like Gecko) Chrome/76.0.3809.100 Safari/537.36)
[2019-08-26 16:01:09] ---- CONTENT: {data : "<?xml version='1.0' encoding='utf-8' ?><Request ID='20190826160109650'><General><Token>61111131252223224013000011333653</Token></General><Data></Data></Request>"}
[2019-08-26 16:01:09] 200 - OK - application/json
[2019-08-26 16:01:09] REQUEST POST - https://localhost:8082/public/ws/Config.asmx/All_Get
[2019-08-26 16:01:09] ---- FROM  ::1 (WinNT)
[2019-08-26 16:01:09] ---- BROWSER:  Chrome 76.0 (Mozilla/5.0 (Windows NT 10.0; Win64; x64) AppleWebKit/537.36 (KHTML, like Gecko) Chrome/76.0.3809.100 Safari/537.36)
[2019-08-26 16:01:09] ---- CONTENT: {data : "<?xml version='1.0' encoding='utf-8' ?><Request ID='20190826160109690'><General><Token>61111131252223224013000011333653</Token></General><Data></Data></Request>"}
[2019-08-26 16:01:09] 200 - OK - application/json
[2019-08-26 16:04:32] REQUEST GET - https://localhost:8082/public/aspx/Home.aspx?Token=61111131252223224013000011333653&TokenApiRest=eyJ0eXAiOiJKV1QiLCJhbGciOiJIUzI1NiJ9.eyJpc3MiOiJodHRwczpcL1wvd3d3cy5kZXYteWVhcC5pdCIsImlhdCI6MTU0MjI5NDMyMSwibmJmIjoxNTQyMjk0MzIxLCJleHAiOjE1NDI4OTkxMjEsImRhdGEiOnsidXNlciI6eyJpZCI6IjQ0In19fQ.RCP5OeoGASxAyBw1MbMD4BFJAcDM5JIXqYXKBALZcJI&Logo=https://localhost:8082/scratch/pl_logo.png&Title=Business Plan Test nr. 2
[2019-08-26 16:04:32] ---- FROM  ::1 (WinNT)
[2019-08-26 16:04:32] ---- BROWSER:  Chrome 76.0 (Mozilla/5.0 (Windows NT 10.0; Win64; x64) AppleWebKit/537.36 (KHTML, like Gecko) Chrome/76.0.3809.100 Safari/537.36)
[2019-08-26 16:04:32] 302 - Found - text/html
[2019-08-26 16:04:32] REQUEST GET - https://localhost:8082/home/welcome?Token=61111131252223224013000011333653&TokenApiRest=eyJ0eXAiOiJKV1QiLCJhbGciOiJIUzI1NiJ9.eyJpc3MiOiJodHRwczpcL1wvd3d3cy5kZXYteWVhcC5pdCIsImlhdCI6MTU0MjI5NDMyMSwibmJmIjoxNTQyMjk0MzIxLCJleHAiOjE1NDI4OTkxMjEsImRhdGEiOnsidXNlciI6eyJpZCI6IjQ0In19fQ.RCP5OeoGASxAyBw1MbMD4BFJAcDM5JIXqYXKBALZcJI&Logo=https://localhost:8082/scratch/pl_logo.png&Title=Business Plan Test nr. 2
[2019-08-26 16:04:32] ---- FROM  ::1 (WinNT)
[2019-08-26 16:04:32] ---- BROWSER:  Chrome 76.0 (Mozilla/5.0 (Windows NT 10.0; Win64; x64) AppleWebKit/537.36 (KHTML, like Gecko) Chrome/76.0.3809.100 Safari/537.36)
[2019-08-26 16:04:32] 200 - OK - text/html
[2019-08-26 16:04:32] REQUEST POST - https://localhost:8082/public/ws/General.asmx/Set
[2019-08-26 16:04:32] ---- FROM  ::1 (WinNT)
[2019-08-26 16:04:32] ---- BROWSER:  Chrome 76.0 (Mozilla/5.0 (Windows NT 10.0; Win64; x64) AppleWebKit/537.36 (KHTML, like Gecko) Chrome/76.0.3809.100 Safari/537.36)
[2019-08-26 16:04:32] ---- CONTENT: {data : "<?xml version='1.0' encoding='utf-8' ?><Request ID='20190826160432969'><General><Token>61111131252223224013000011333653</Token></General><Data><Nome>Business Plan Test nr. 2</Nome><Logo>https%3A%2F%2Flocalhost%3A8082%2Fscratch%2Fpl_logo.png</Logo></Data></Request>"}
[2019-08-26 16:04:32] 200 - OK - application/json
[2019-08-26 16:04:33] REQUEST POST - https://localhost:8082/public/ws/Config.asmx/Economics_Get
[2019-08-26 16:04:33] ---- FROM  ::1 (WinNT)
[2019-08-26 16:04:33] ---- BROWSER:  Chrome 76.0 (Mozilla/5.0 (Windows NT 10.0; Win64; x64) AppleWebKit/537.36 (KHTML, like Gecko) Chrome/76.0.3809.100 Safari/537.36)
[2019-08-26 16:04:33] ---- CONTENT: {data : "<?xml version='1.0' encoding='utf-8' ?><Request ID='201908261604336'><General><Token>61111131252223224013000011333653</Token></General><Data></Data></Request>"}
[2019-08-26 16:04:33] 200 - OK - application/json
[2019-08-26 16:04:34] REQUEST POST - https://localhost:8082/public/ws/Config.asmx/All_Get
[2019-08-26 16:04:34] ---- FROM  ::1 (WinNT)
[2019-08-26 16:04:34] ---- BROWSER:  Chrome 76.0 (Mozilla/5.0 (Windows NT 10.0; Win64; x64) AppleWebKit/537.36 (KHTML, like Gecko) Chrome/76.0.3809.100 Safari/537.36)
[2019-08-26 16:04:34] ---- CONTENT: {data : "<?xml version='1.0' encoding='utf-8' ?><Request ID='20190826160434882'><General><Token>61111131252223224013000011333653</Token></General><Data></Data></Request>"}
[2019-08-26 16:04:34] 200 - OK - application/json
[2019-08-26 16:04:35] REQUEST POST - https://localhost:8082/public/ws/Economics.asmx/messaggi_summary
[2019-08-26 16:04:35] ---- FROM  ::1 (WinNT)
[2019-08-26 16:04:35] ---- BROWSER:  Chrome 76.0 (Mozilla/5.0 (Windows NT 10.0; Win64; x64) AppleWebKit/537.36 (KHTML, like Gecko) Chrome/76.0.3809.100 Safari/537.36)
[2019-08-26 16:04:35] ---- CONTENT: {data : "<?xml version='1.0' encoding='utf-8' ?><Request ID='20190826160435562'><General><Token>61111131252223224013000011333653</Token></General><Data></Data></Request>"}
[2019-08-26 16:04:35] 200 - OK - application/json
[2019-08-26 16:04:35] REQUEST POST - https://localhost:8082/public/ws/Config.asmx/All_Get
[2019-08-26 16:04:35] ---- FROM  ::1 (WinNT)
[2019-08-26 16:04:35] ---- BROWSER:  Chrome 76.0 (Mozilla/5.0 (Windows NT 10.0; Win64; x64) AppleWebKit/537.36 (KHTML, like Gecko) Chrome/76.0.3809.100 Safari/537.36)
[2019-08-26 16:04:35] ---- CONTENT: {data : "<?xml version='1.0' encoding='utf-8' ?><Request ID='20190826160435668'><General><Token>61111131252223224013000011333653</Token></General><Data></Data></Request>"}
[2019-08-26 16:04:35] 200 - OK - application/json
[2019-08-26 16:04:35] REQUEST POST - https://localhost:8082/public/ws/Config.asmx/All_Get
[2019-08-26 16:04:35] ---- FROM  ::1 (WinNT)
[2019-08-26 16:04:35] ---- BROWSER:  Chrome 76.0 (Mozilla/5.0 (Windows NT 10.0; Win64; x64) AppleWebKit/537.36 (KHTML, like Gecko) Chrome/76.0.3809.100 Safari/537.36)
[2019-08-26 16:04:35] ---- CONTENT: {data : "<?xml version='1.0' encoding='utf-8' ?><Request ID='20190826160435874'><General><Token>61111131252223224013000011333653</Token></General><Data></Data></Request>"}
[2019-08-26 16:04:35] 200 - OK - application/json
[2019-08-26 16:07:33] REQUEST GET - https://localhost:8082/public/aspx/Home.aspx?Token=61111131252223224013000011333653&TokenApiRest=eyJ0eXAiOiJKV1QiLCJhbGciOiJIUzI1NiJ9.eyJpc3MiOiJodHRwczpcL1wvd3d3cy5kZXYteWVhcC5pdCIsImlhdCI6MTU0MjI5NDMyMSwibmJmIjoxNTQyMjk0MzIxLCJleHAiOjE1NDI4OTkxMjEsImRhdGEiOnsidXNlciI6eyJpZCI6IjQ0In19fQ.RCP5OeoGASxAyBw1MbMD4BFJAcDM5JIXqYXKBALZcJI&Logo=https://localhost:8082/scratch/pl_logo.png&Title=Business Plan Test nr. 2
[2019-08-26 16:07:33] ---- FROM  ::1 (WinNT)
[2019-08-26 16:07:33] ---- BROWSER:  Chrome 76.0 (Mozilla/5.0 (Windows NT 10.0; Win64; x64) AppleWebKit/537.36 (KHTML, like Gecko) Chrome/76.0.3809.100 Safari/537.36)
[2019-08-26 16:07:34] 302 - Found - text/html
[2019-08-26 16:07:34] REQUEST GET - https://localhost:8082/home/welcome?Token=61111131252223224013000011333653&TokenApiRest=eyJ0eXAiOiJKV1QiLCJhbGciOiJIUzI1NiJ9.eyJpc3MiOiJodHRwczpcL1wvd3d3cy5kZXYteWVhcC5pdCIsImlhdCI6MTU0MjI5NDMyMSwibmJmIjoxNTQyMjk0MzIxLCJleHAiOjE1NDI4OTkxMjEsImRhdGEiOnsidXNlciI6eyJpZCI6IjQ0In19fQ.RCP5OeoGASxAyBw1MbMD4BFJAcDM5JIXqYXKBALZcJI&Logo=https://localhost:8082/scratch/pl_logo.png&Title=Business Plan Test nr. 2
[2019-08-26 16:07:34] ---- FROM  ::1 (WinNT)
[2019-08-26 16:07:34] ---- BROWSER:  Chrome 76.0 (Mozilla/5.0 (Windows NT 10.0; Win64; x64) AppleWebKit/537.36 (KHTML, like Gecko) Chrome/76.0.3809.100 Safari/537.36)
[2019-08-26 16:07:34] 200 - OK - text/html
[2019-08-26 16:07:35] REQUEST POST - https://localhost:8082/public/ws/General.asmx/Set
[2019-08-26 16:07:35] ---- FROM  ::1 (WinNT)
[2019-08-26 16:07:35] ---- BROWSER:  Chrome 76.0 (Mozilla/5.0 (Windows NT 10.0; Win64; x64) AppleWebKit/537.36 (KHTML, like Gecko) Chrome/76.0.3809.100 Safari/537.36)
[2019-08-26 16:07:35] ---- CONTENT: {data : "<?xml version='1.0' encoding='utf-8' ?><Request ID='20190826160735161'><General><Token>61111131252223224013000011333653</Token></General><Data><Nome>Business Plan Test nr. 2</Nome><Logo>https%3A%2F%2Flocalhost%3A8082%2Fscratch%2Fpl_logo.png</Logo></Data></Request>"}
[2019-08-26 16:07:35] 200 - OK - application/json
[2019-08-26 16:07:35] REQUEST POST - https://localhost:8082/public/ws/Config.asmx/Economics_Get
[2019-08-26 16:07:35] ---- FROM  ::1 (WinNT)
[2019-08-26 16:07:35] ---- BROWSER:  Chrome 76.0 (Mozilla/5.0 (Windows NT 10.0; Win64; x64) AppleWebKit/537.36 (KHTML, like Gecko) Chrome/76.0.3809.100 Safari/537.36)
[2019-08-26 16:07:35] ---- CONTENT: {data : "<?xml version='1.0' encoding='utf-8' ?><Request ID='20190826160735191'><General><Token>61111131252223224013000011333653</Token></General><Data></Data></Request>"}
[2019-08-26 16:07:35] 200 - OK - application/json
[2019-08-26 16:07:37] REQUEST POST - https://localhost:8082/public/ws/Config.asmx/All_Get
[2019-08-26 16:07:37] ---- FROM  ::1 (WinNT)
[2019-08-26 16:07:37] ---- BROWSER:  Chrome 76.0 (Mozilla/5.0 (Windows NT 10.0; Win64; x64) AppleWebKit/537.36 (KHTML, like Gecko) Chrome/76.0.3809.100 Safari/537.36)
[2019-08-26 16:07:37] ---- CONTENT: {data : "<?xml version='1.0' encoding='utf-8' ?><Request ID='20190826160737759'><General><Token>61111131252223224013000011333653</Token></General><Data></Data></Request>"}
[2019-08-26 16:07:37] 200 - OK - application/json
[2019-08-26 16:07:38] REQUEST POST - https://localhost:8082/public/ws/Economics.asmx/messaggi_summary
[2019-08-26 16:07:38] ---- FROM  ::1 (WinNT)
[2019-08-26 16:07:38] ---- BROWSER:  Chrome 76.0 (Mozilla/5.0 (Windows NT 10.0; Win64; x64) AppleWebKit/537.36 (KHTML, like Gecko) Chrome/76.0.3809.100 Safari/537.36)
[2019-08-26 16:07:38] ---- CONTENT: {data : "<?xml version='1.0' encoding='utf-8' ?><Request ID='20190826160738412'><General><Token>61111131252223224013000011333653</Token></General><Data></Data></Request>"}
[2019-08-26 16:07:38] 200 - OK - application/json
[2019-08-26 16:07:38] REQUEST POST - https://localhost:8082/public/ws/Config.asmx/All_Get
[2019-08-26 16:07:38] ---- FROM  ::1 (WinNT)
[2019-08-26 16:07:38] ---- BROWSER:  Chrome 76.0 (Mozilla/5.0 (Windows NT 10.0; Win64; x64) AppleWebKit/537.36 (KHTML, like Gecko) Chrome/76.0.3809.100 Safari/537.36)
[2019-08-26 16:07:38] ---- CONTENT: {data : "<?xml version='1.0' encoding='utf-8' ?><Request ID='20190826160738442'><General><Token>61111131252223224013000011333653</Token></General><Data></Data></Request>"}
[2019-08-26 16:07:38] 200 - OK - application/json
[2019-08-26 16:07:38] REQUEST POST - https://localhost:8082/public/ws/Config.asmx/All_Get
[2019-08-26 16:07:38] ---- FROM  ::1 (WinNT)
[2019-08-26 16:07:38] ---- BROWSER:  Chrome 76.0 (Mozilla/5.0 (Windows NT 10.0; Win64; x64) AppleWebKit/537.36 (KHTML, like Gecko) Chrome/76.0.3809.100 Safari/537.36)
[2019-08-26 16:07:38] ---- CONTENT: {data : "<?xml version='1.0' encoding='utf-8' ?><Request ID='20190826160738500'><General><Token>61111131252223224013000011333653</Token></General><Data></Data></Request>"}
[2019-08-26 16:07:38] 200 - OK - application/json
[2019-08-26 16:10:06] REQUEST GET - https://localhost:8082/public/aspx/Home.aspx?Token=61111131252223224013000011333653&TokenApiRest=eyJ0eXAiOiJKV1QiLCJhbGciOiJIUzI1NiJ9.eyJpc3MiOiJodHRwczpcL1wvd3d3cy5kZXYteWVhcC5pdCIsImlhdCI6MTU0MjI5NDMyMSwibmJmIjoxNTQyMjk0MzIxLCJleHAiOjE1NDI4OTkxMjEsImRhdGEiOnsidXNlciI6eyJpZCI6IjQ0In19fQ.RCP5OeoGASxAyBw1MbMD4BFJAcDM5JIXqYXKBALZcJI&Logo=https://localhost:8082/scratch/pl_logo.png&Title=Business Plan Test nr. 2
[2019-08-26 16:10:06] ---- FROM  ::1 (WinNT)
[2019-08-26 16:10:06] ---- BROWSER:  Chrome 76.0 (Mozilla/5.0 (Windows NT 10.0; Win64; x64) AppleWebKit/537.36 (KHTML, like Gecko) Chrome/76.0.3809.100 Safari/537.36)
[2019-08-26 16:10:06] 302 - Found - text/html
[2019-08-26 16:10:06] REQUEST GET - https://localhost:8082/home/welcome?Token=61111131252223224013000011333653&TokenApiRest=eyJ0eXAiOiJKV1QiLCJhbGciOiJIUzI1NiJ9.eyJpc3MiOiJodHRwczpcL1wvd3d3cy5kZXYteWVhcC5pdCIsImlhdCI6MTU0MjI5NDMyMSwibmJmIjoxNTQyMjk0MzIxLCJleHAiOjE1NDI4OTkxMjEsImRhdGEiOnsidXNlciI6eyJpZCI6IjQ0In19fQ.RCP5OeoGASxAyBw1MbMD4BFJAcDM5JIXqYXKBALZcJI&Logo=https://localhost:8082/scratch/pl_logo.png&Title=Business Plan Test nr. 2
[2019-08-26 16:10:06] ---- FROM  ::1 (WinNT)
[2019-08-26 16:10:06] ---- BROWSER:  Chrome 76.0 (Mozilla/5.0 (Windows NT 10.0; Win64; x64) AppleWebKit/537.36 (KHTML, like Gecko) Chrome/76.0.3809.100 Safari/537.36)
[2019-08-26 16:10:06] 200 - OK - text/html
[2019-08-26 16:10:07] REQUEST POST - https://localhost:8082/public/ws/General.asmx/Set
[2019-08-26 16:10:07] ---- FROM  ::1 (WinNT)
[2019-08-26 16:10:07] ---- BROWSER:  Chrome 76.0 (Mozilla/5.0 (Windows NT 10.0; Win64; x64) AppleWebKit/537.36 (KHTML, like Gecko) Chrome/76.0.3809.100 Safari/537.36)
[2019-08-26 16:10:07] ---- CONTENT: {data : "<?xml version='1.0' encoding='utf-8' ?><Request ID='20190826161007795'><General><Token>61111131252223224013000011333653</Token></General><Data><Nome>Business Plan Test nr. 2</Nome><Logo>https%3A%2F%2Flocalhost%3A8082%2Fscratch%2Fpl_logo.png</Logo></Data></Request>"}
