[2019-11-27 10:04:58] REQUEST POST - https://localhost:8082/public/aspx/Home.aspx
[2019-11-27 10:04:58] ---- FROM  ::1 (WinNT)
[2019-11-27 10:04:58] ---- BROWSER:  Chrome 78.0 (Mozilla/5.0 (Windows NT 10.0; Win64; x64) AppleWebKit/537.36 (KHTML, like Gecko) Chrome/78.0.3904.108 Safari/537.36)
[2019-11-27 10:04:58] ---- CONTENT: Token%3D51111151252225224304000011334082%26TokenApiRest%3DeyJ0eXAiOiJKV1QiLCJhbGciOiJIUzI1NiJ9.eyJpc3MiOiJodHRwczpcL1wvd3d3cy5kZXYteWVhcC5pdCIsImlhdCI6MTU0MjI5NDMyMSwibmJmIjoxNTQyMjk0MzIxLCJleHAiOjE1NDI4OTkxMjEsImRhdGEiOnsidXNlciI6eyJpZCI6IjQ0In19fQ.RCP5OeoGASxAyBw1MbMD4BFJAcDM5JIXqYXKBALZcJI%26Logo%3Dhttps%3A%2F%2Flocalhost%3A8082%2Fscratch%2Fpl_logo.png%26Title%3DBusiness+Plan+Test+nr.+4=
[2019-11-27 10:05:05] 302 - Found - text/html
[2019-11-27 10:05:05] REQUEST GET - https://localhost:8082/home/welcome
[2019-11-27 10:05:05] ---- FROM  ::1 (WinNT)
[2019-11-27 10:05:05] ---- BROWSER:  Chrome 78.0 (Mozilla/5.0 (Windows NT 10.0; Win64; x64) AppleWebKit/537.36 (KHTML, like Gecko) Chrome/78.0.3904.108 Safari/537.36)
[2019-11-27 10:05:10] 200 - OK - text/html
[2019-11-27 10:05:11] REQUEST POST - https://localhost:8082/public/ws/General.asmx/Set
[2019-11-27 10:05:11] ---- FROM  ::1 (WinNT)
[2019-11-27 10:05:11] ---- BROWSER:  Chrome 78.0 (Mozilla/5.0 (Windows NT 10.0; Win64; x64) AppleWebKit/537.36 (KHTML, like Gecko) Chrome/78.0.3904.108 Safari/537.36)
[2019-11-27 10:05:11] ---- CONTENT: {data : "<?xml version='1.0' encoding='utf-8' ?><Request ID='20191127100511733'><General><Token>51111151252225224304000011334082</Token></General><Data><Nome>Business Plan Test nr. 4</Nome><Logo>https%3A%2F%2Flocalhost%3A8082%2Fscratch%2Fpl_logo.png</Logo></Data></Request>"}
[2019-11-27 10:05:12] 200 - OK - application/json
[2019-11-27 10:05:12] REQUEST POST - https://localhost:8082/public/ws/Config.asmx/Economics_Get
[2019-11-27 10:05:12] ---- FROM  ::1 (WinNT)
[2019-11-27 10:05:12] ---- BROWSER:  Chrome 78.0 (Mozilla/5.0 (Windows NT 10.0; Win64; x64) AppleWebKit/537.36 (KHTML, like Gecko) Chrome/78.0.3904.108 Safari/537.36)
[2019-11-27 10:05:12] ---- CONTENT: {data : "<?xml version='1.0' encoding='utf-8' ?><Request ID='2019112710051294'><General><Token>51111151252225224304000011334082</Token></General><Data></Data></Request>"}
[2019-11-27 10:05:12] 200 - OK - application/json
[2019-11-27 10:05:12] REQUEST POST - https://localhost:8082/public/ws/Config.asmx/All_Get
[2019-11-27 10:05:12] ---- FROM  ::1 (WinNT)
[2019-11-27 10:05:12] ---- BROWSER:  Chrome 78.0 (Mozilla/5.0 (Windows NT 10.0; Win64; x64) AppleWebKit/537.36 (KHTML, like Gecko) Chrome/78.0.3904.108 Safari/537.36)
[2019-11-27 10:05:12] ---- CONTENT: {data : "<?xml version='1.0' encoding='utf-8' ?><Request ID='20191127100512533'><General><Token>51111151252225224304000011334082</Token></General><Data></Data></Request>"}
[2019-11-27 10:05:12] REQUEST POST - https://localhost:8082/public/ws/Economics.asmx/messaggi_summary
[2019-11-27 10:05:12] ---- FROM  ::1 (WinNT)
[2019-11-27 10:05:12] ---- BROWSER:  Chrome 78.0 (Mozilla/5.0 (Windows NT 10.0; Win64; x64) AppleWebKit/537.36 (KHTML, like Gecko) Chrome/78.0.3904.108 Safari/537.36)
[2019-11-27 10:05:12] ---- CONTENT: {data : "<?xml version='1.0' encoding='utf-8' ?><Request ID='20191127100512578'><General><Token>51111151252225224304000011334082</Token></General><Data></Data></Request>"}
[2019-11-27 10:05:12] REQUEST POST - https://localhost:8082/public/ws/Config.asmx/All_Get
[2019-11-27 10:05:12] ---- FROM  ::1 (WinNT)
[2019-11-27 10:05:12] ---- BROWSER:  Chrome 78.0 (Mozilla/5.0 (Windows NT 10.0; Win64; x64) AppleWebKit/537.36 (KHTML, like Gecko) Chrome/78.0.3904.108 Safari/537.36)
[2019-11-27 10:05:12] ---- CONTENT: {data : "<?xml version='1.0' encoding='utf-8' ?><Request ID='20191127100512687'><General><Token>51111151252225224304000011334082</Token></General><Data></Data></Request>"}
[2019-11-27 10:05:13] 200 - OK - application/json
[2019-11-27 10:05:13] 200 - OK - application/json
[2019-11-27 10:05:13] 200 - OK - application/json
[2019-11-27 10:05:13] REQUEST POST - https://localhost:8082/public/ws/Config.asmx/All_Get
[2019-11-27 10:05:13] ---- FROM  ::1 (WinNT)
[2019-11-27 10:05:13] ---- BROWSER:  Chrome 78.0 (Mozilla/5.0 (Windows NT 10.0; Win64; x64) AppleWebKit/537.36 (KHTML, like Gecko) Chrome/78.0.3904.108 Safari/537.36)
[2019-11-27 10:05:13] ---- CONTENT: {data : "<?xml version='1.0' encoding='utf-8' ?><Request ID='20191127100513167'><General><Token>51111151252225224304000011334082</Token></General><Data></Data></Request>"}
[2019-11-27 10:05:13] 200 - OK - application/json
[2019-11-27 10:05:18] REQUEST GET - https://localhost:8082/controllo/forecast
[2019-11-27 10:05:18] ---- FROM  ::1 (WinNT)
[2019-11-27 10:05:18] ---- BROWSER:  Chrome 78.0 (Mozilla/5.0 (Windows NT 10.0; Win64; x64) AppleWebKit/537.36 (KHTML, like Gecko) Chrome/78.0.3904.108 Safari/537.36)
[2019-11-27 10:05:18] 200 - OK - text/html
[2019-11-27 10:05:20] REQUEST POST - https://localhost:8082/public/ws/CDG.asmx/Get
[2019-11-27 10:05:20] ---- FROM  ::1 (WinNT)
[2019-11-27 10:05:20] ---- BROWSER:  Chrome 78.0 (Mozilla/5.0 (Windows NT 10.0; Win64; x64) AppleWebKit/537.36 (KHTML, like Gecko) Chrome/78.0.3904.108 Safari/537.36)
[2019-11-27 10:05:20] ---- CONTENT: {data : "<?xml version='1.0' encoding='utf-8' ?><Request ID='20191127100520582'><General><Token>51111151252225224304000011334082</Token></General><Data></Data></Request>"}
[2019-11-27 10:05:20] 200 - OK - application/json
[2019-11-27 10:05:20] REQUEST POST - https://localhost:8082/public/ws/Config.asmx/All_Get
[2019-11-27 10:05:20] ---- FROM  ::1 (WinNT)
[2019-11-27 10:05:20] ---- BROWSER:  Chrome 78.0 (Mozilla/5.0 (Windows NT 10.0; Win64; x64) AppleWebKit/537.36 (KHTML, like Gecko) Chrome/78.0.3904.108 Safari/537.36)
[2019-11-27 10:05:20] ---- CONTENT: {data : "<?xml version='1.0' encoding='utf-8' ?><Request ID='20191127100520711'><General><Token>51111151252225224304000011334082</Token></General><Data></Data></Request>"}
[2019-11-27 10:05:20] REQUEST POST - https://localhost:8082/public/ws/Economics.asmx/messaggi_summary
[2019-11-27 10:05:20] ---- FROM  ::1 (WinNT)
[2019-11-27 10:05:20] ---- BROWSER:  Chrome 78.0 (Mozilla/5.0 (Windows NT 10.0; Win64; x64) AppleWebKit/537.36 (KHTML, like Gecko) Chrome/78.0.3904.108 Safari/537.36)
[2019-11-27 10:05:20] ---- CONTENT: {data : "<?xml version='1.0' encoding='utf-8' ?><Request ID='20191127100520804'><General><Token>51111151252225224304000011334082</Token></General><Data></Data></Request>"}
[2019-11-27 10:05:20] REQUEST GET - https://localhost:8082/public/ws/Resources.ashx/xml-economics/51111151252225224304000011334082
[2019-11-27 10:05:20] ---- FROM  ::1 (WinNT)
[2019-11-27 10:05:20] ---- BROWSER:  Chrome 78.0 (Mozilla/5.0 (Windows NT 10.0; Win64; x64) AppleWebKit/537.36 (KHTML, like Gecko) Chrome/78.0.3904.108 Safari/537.36)
[2019-11-27 10:05:20] 200 - OK - application/json
[2019-11-27 10:05:21] 200 - OK - application/json
[2019-11-27 10:05:21] REQUEST POST - https://localhost:8082/public/ws/Config.asmx/All_Get
[2019-11-27 10:05:21] ---- FROM  ::1 (WinNT)
[2019-11-27 10:05:21] ---- BROWSER:  Chrome 78.0 (Mozilla/5.0 (Windows NT 10.0; Win64; x64) AppleWebKit/537.36 (KHTML, like Gecko) Chrome/78.0.3904.108 Safari/537.36)
[2019-11-27 10:05:21] ---- CONTENT: {data : "<?xml version='1.0' encoding='utf-8' ?><Request ID='2019112710052139'><General><Token>51111151252225224304000011334082</Token></General><Data></Data></Request>"}
[2019-11-27 10:05:21] 200 - OK - text/xml
[2019-11-27 10:05:21] REQUEST POST - https://localhost:8082/public/ws/CDG.asmx/BPData
[2019-11-27 10:05:21] ---- FROM  ::1 (WinNT)
[2019-11-27 10:05:21] REQUEST POST - https://localhost:8082/public/ws/CDG.asmx/Scenario2
[2019-11-27 10:05:21] ---- BROWSER:  Chrome 78.0 (Mozilla/5.0 (Windows NT 10.0; Win64; x64) AppleWebKit/537.36 (KHTML, like Gecko) Chrome/78.0.3904.108 Safari/537.36)
[2019-11-27 10:05:21] REQUEST POST - https://localhost:8082/public/ws/CDG.asmx/Scenario3
[2019-11-27 10:05:21] ---- CONTENT: {data : "<?xml version='1.0' encoding='utf-8' ?><Request ID='20191127100521133'><General><Token>51111151252225224304000011334082</Token></General><Data></Data></Request>"}
[2019-11-27 10:05:21] ---- FROM  ::1 (WinNT)
[2019-11-27 10:05:21] REQUEST POST - https://localhost:8082/public/ws/CDG.asmx/Scenario1
[2019-11-27 10:05:21] ---- BROWSER:  Chrome 78.0 (Mozilla/5.0 (Windows NT 10.0; Win64; x64) AppleWebKit/537.36 (KHTML, like Gecko) Chrome/78.0.3904.108 Safari/537.36)
[2019-11-27 10:05:21] ---- CONTENT: {data : "<?xml version='1.0' encoding='utf-8' ?><Request ID='20191127100521127'><General><Token>51111151252225224304000011334082</Token></General><Data></Data></Request>"}
[2019-11-27 10:05:21] ---- FROM  ::1 (WinNT)
[2019-11-27 10:05:21] ---- BROWSER:  Chrome 78.0 (Mozilla/5.0 (Windows NT 10.0; Win64; x64) AppleWebKit/537.36 (KHTML, like Gecko) Chrome/78.0.3904.108 Safari/537.36)
[2019-11-27 10:05:21] ---- CONTENT: {data : "<?xml version='1.0' encoding='utf-8' ?><Request ID='20191127100521126'><General><Token>51111151252225224304000011334082</Token></General><Data></Data></Request>"}
[2019-11-27 10:05:21] ---- FROM  ::1 (WinNT)
[2019-11-27 10:05:21] ---- BROWSER:  Chrome 78.0 (Mozilla/5.0 (Windows NT 10.0; Win64; x64) AppleWebKit/537.36 (KHTML, like Gecko) Chrome/78.0.3904.108 Safari/537.36)
[2019-11-27 10:05:21] ---- CONTENT: {data : "<?xml version='1.0' encoding='utf-8' ?><Request ID='20191127100521130'><General><Token>51111151252225224304000011334082</Token></General><Data></Data></Request>"}
[2019-11-27 10:05:21] 200 - OK - application/json
[2019-11-27 10:05:21] REQUEST POST - https://localhost:8082/public/ws/CDG.asmx/Get
[2019-11-27 10:05:21] ---- FROM  ::1 (WinNT)
[2019-11-27 10:05:21] ---- BROWSER:  Chrome 78.0 (Mozilla/5.0 (Windows NT 10.0; Win64; x64) AppleWebKit/537.36 (KHTML, like Gecko) Chrome/78.0.3904.108 Safari/537.36)
[2019-11-27 10:05:21] ---- CONTENT: {data : "<?xml version='1.0' encoding='utf-8' ?><Request ID='20191127100521383'><General><Token>51111151252225224304000011334082</Token></General><Data></Data></Request>"}
[2019-11-27 10:05:21] 200 - OK - application/json
[2019-11-27 10:05:21] 200 - OK - application/json
[2019-11-27 10:05:21] 200 - OK - application/json
[2019-11-27 10:05:21] 200 - OK - application/json
[2019-11-27 10:05:21] 200 - OK - application/json
