[2019-09-02 16:45:48] REQUEST GET - https://localhost:8082/public/aspx/Home.aspx?Token=61111131252223224013000011333653&TokenApiRest=eyJ0eXAiOiJKV1QiLCJhbGciOiJIUzI1NiJ9.eyJpc3MiOiJodHRwczpcL1wvd3d3cy5kZXYteWVhcC5pdCIsImlhdCI6MTU0MjI5NDMyMSwibmJmIjoxNTQyMjk0MzIxLCJleHAiOjE1NDI4OTkxMjEsImRhdGEiOnsidXNlciI6eyJpZCI6IjQ0In19fQ.RCP5OeoGASxAyBw1MbMD4BFJAcDM5JIXqYXKBALZcJI&Logo=https://localhost:8082/scratch/pl_logo.png&Title=Business Plan Test nr. 2
[2019-09-02 16:45:48] ---- FROM  ::1 (WinNT)
[2019-09-02 16:45:48] ---- BROWSER:  Chrome 76.0 (Mozilla/5.0 (Windows NT 10.0; Win64; x64) AppleWebKit/537.36 (KHTML, like Gecko) Chrome/76.0.3809.132 Safari/537.36)
[2019-09-02 16:45:48] 302 - Found - text/html
[2019-09-02 16:45:48] REQUEST GET - https://localhost:8082/home/welcome?Token=61111131252223224013000011333653&TokenApiRest=eyJ0eXAiOiJKV1QiLCJhbGciOiJIUzI1NiJ9.eyJpc3MiOiJodHRwczpcL1wvd3d3cy5kZXYteWVhcC5pdCIsImlhdCI6MTU0MjI5NDMyMSwibmJmIjoxNTQyMjk0MzIxLCJleHAiOjE1NDI4OTkxMjEsImRhdGEiOnsidXNlciI6eyJpZCI6IjQ0In19fQ.RCP5OeoGASxAyBw1MbMD4BFJAcDM5JIXqYXKBALZcJI&Logo=https://localhost:8082/scratch/pl_logo.png&Title=Business Plan Test nr. 2
[2019-09-02 16:45:48] ---- FROM  ::1 (WinNT)
[2019-09-02 16:45:48] ---- BROWSER:  Chrome 76.0 (Mozilla/5.0 (Windows NT 10.0; Win64; x64) AppleWebKit/537.36 (KHTML, like Gecko) Chrome/76.0.3809.132 Safari/537.36)
[2019-09-02 16:45:49] 200 - OK - text/html
[2019-09-02 16:45:50] REQUEST POST - https://localhost:8082/public/ws/General.asmx/Set
[2019-09-02 16:45:50] ---- FROM  ::1 (WinNT)
[2019-09-02 16:45:50] ---- BROWSER:  Chrome 76.0 (Mozilla/5.0 (Windows NT 10.0; Win64; x64) AppleWebKit/537.36 (KHTML, like Gecko) Chrome/76.0.3809.132 Safari/537.36)
[2019-09-02 16:45:50] ---- CONTENT: {data : "<?xml version='1.0' encoding='utf-8' ?><Request ID='20190902164550348'><General><Token>61111131252223224013000011333653</Token></General><Data><Nome>Business Plan Test nr. 2</Nome><Logo>https%3A%2F%2Flocalhost%3A8082%2Fscratch%2Fpl_logo.png</Logo></Data></Request>"}
[2019-09-02 16:45:50] 200 - OK - application/json
[2019-09-02 16:45:50] REQUEST POST - https://localhost:8082/public/ws/Config.asmx/Economics_Get
[2019-09-02 16:45:50] ---- FROM  ::1 (WinNT)
[2019-09-02 16:45:50] ---- BROWSER:  Chrome 76.0 (Mozilla/5.0 (Windows NT 10.0; Win64; x64) AppleWebKit/537.36 (KHTML, like Gecko) Chrome/76.0.3809.132 Safari/537.36)
[2019-09-02 16:45:50] ---- CONTENT: {data : "<?xml version='1.0' encoding='utf-8' ?><Request ID='20190902164550736'><General><Token>61111131252223224013000011333653</Token></General><Data></Data></Request>"}
[2019-09-02 16:45:50] 200 - OK - application/json
[2019-09-02 16:45:52] REQUEST POST - https://localhost:8082/public/ws/Config.asmx/All_Get
[2019-09-02 16:45:52] ---- FROM  ::1 (WinNT)
[2019-09-02 16:45:52] ---- BROWSER:  Chrome 76.0 (Mozilla/5.0 (Windows NT 10.0; Win64; x64) AppleWebKit/537.36 (KHTML, like Gecko) Chrome/76.0.3809.132 Safari/537.36)
[2019-09-02 16:45:52] ---- CONTENT: {data : "<?xml version='1.0' encoding='utf-8' ?><Request ID='20190902164552860'><General><Token>61111131252223224013000011333653</Token></General><Data></Data></Request>"}
[2019-09-02 16:45:53] 200 - OK - application/json
[2019-09-02 16:45:53] REQUEST POST - https://localhost:8082/public/ws/Economics.asmx/messaggi_summary
[2019-09-02 16:45:53] ---- FROM  ::1 (WinNT)
[2019-09-02 16:45:53] ---- BROWSER:  Chrome 76.0 (Mozilla/5.0 (Windows NT 10.0; Win64; x64) AppleWebKit/537.36 (KHTML, like Gecko) Chrome/76.0.3809.132 Safari/537.36)
[2019-09-02 16:45:53] ---- CONTENT: {data : "<?xml version='1.0' encoding='utf-8' ?><Request ID='2019090216455339'><General><Token>61111131252223224013000011333653</Token></General><Data></Data></Request>"}
[2019-09-02 16:45:53] REQUEST POST - https://localhost:8082/public/ws/Config.asmx/All_Get
[2019-09-02 16:45:53] ---- FROM  ::1 (WinNT)
[2019-09-02 16:45:53] ---- BROWSER:  Chrome 76.0 (Mozilla/5.0 (Windows NT 10.0; Win64; x64) AppleWebKit/537.36 (KHTML, like Gecko) Chrome/76.0.3809.132 Safari/537.36)
[2019-09-02 16:45:53] ---- CONTENT: {data : "<?xml version='1.0' encoding='utf-8' ?><Request ID='20190902164553197'><General><Token>61111131252223224013000011333653</Token></General><Data></Data></Request>"}
[2019-09-02 16:45:53] 200 - OK - application/json
[2019-09-02 16:45:53] 200 - OK - application/json
[2019-09-02 16:45:53] REQUEST POST - https://localhost:8082/public/ws/Config.asmx/All_Get
[2019-09-02 16:45:53] ---- FROM  ::1 (WinNT)
[2019-09-02 16:45:53] ---- BROWSER:  Chrome 76.0 (Mozilla/5.0 (Windows NT 10.0; Win64; x64) AppleWebKit/537.36 (KHTML, like Gecko) Chrome/76.0.3809.132 Safari/537.36)
[2019-09-02 16:45:53] ---- CONTENT: {data : "<?xml version='1.0' encoding='utf-8' ?><Request ID='20190902164553407'><General><Token>61111131252223224013000011333653</Token></General><Data></Data></Request>"}
[2019-09-02 16:45:53] 200 - OK - application/json
[2019-09-02 16:49:07] REQUEST GET - https://localhost:8082/economics/impostazioni
[2019-09-02 16:49:07] ---- FROM  ::1 (WinNT)
[2019-09-02 16:49:07] ---- BROWSER:  Chrome 76.0 (Mozilla/5.0 (Windows NT 10.0; Win64; x64) AppleWebKit/537.36 (KHTML, like Gecko) Chrome/76.0.3809.132 Safari/537.36)
[2019-09-02 16:49:07] 200 - OK - text/html
[2019-09-02 16:49:09] REQUEST POST - https://localhost:8082/public/ws/Config.asmx/Economics_Get
[2019-09-02 16:49:09] ---- FROM  ::1 (WinNT)
[2019-09-02 16:49:09] ---- BROWSER:  Chrome 76.0 (Mozilla/5.0 (Windows NT 10.0; Win64; x64) AppleWebKit/537.36 (KHTML, like Gecko) Chrome/76.0.3809.132 Safari/537.36)
[2019-09-02 16:49:09] ---- CONTENT: {data : "<?xml version='1.0' encoding='utf-8' ?><Request ID='20190902164909928'><General><Token>61111131252223224013000011333653</Token></General><Data></Data></Request>"}
[2019-09-02 16:49:09] 200 - OK - application/json
[2019-09-02 16:49:13] REQUEST POST - https://localhost:8082/public/ws/Config.asmx/All_Get
[2019-09-02 16:49:13] ---- FROM  ::1 (WinNT)
[2019-09-02 16:49:13] ---- BROWSER:  Chrome 76.0 (Mozilla/5.0 (Windows NT 10.0; Win64; x64) AppleWebKit/537.36 (KHTML, like Gecko) Chrome/76.0.3809.132 Safari/537.36)
[2019-09-02 16:49:13] ---- CONTENT: {data : "<?xml version='1.0' encoding='utf-8' ?><Request ID='20190902164913663'><General><Token>61111131252223224013000011333653</Token></General><Data></Data></Request>"}
[2019-09-02 16:49:13] 200 - OK - application/json
[2019-09-02 16:49:13] REQUEST POST - https://localhost:8082/public/ws/Economics.asmx/messaggi_summary
[2019-09-02 16:49:13] ---- FROM  ::1 (WinNT)
[2019-09-02 16:49:13] ---- BROWSER:  Chrome 76.0 (Mozilla/5.0 (Windows NT 10.0; Win64; x64) AppleWebKit/537.36 (KHTML, like Gecko) Chrome/76.0.3809.132 Safari/537.36)
[2019-09-02 16:49:13] ---- CONTENT: {data : "<?xml version='1.0' encoding='utf-8' ?><Request ID='20190902164913959'><General><Token>61111131252223224013000011333653</Token></General><Data></Data></Request>"}
[2019-09-02 16:49:14] 200 - OK - application/json
[2019-09-02 16:49:14] REQUEST POST - https://localhost:8082/public/ws/Config.asmx/All_Get
[2019-09-02 16:49:14] ---- FROM  ::1 (WinNT)
[2019-09-02 16:49:14] REQUEST POST - https://localhost:8082/public/ws/Config.asmx/All_Get
[2019-09-02 16:49:14] ---- BROWSER:  Chrome 76.0 (Mozilla/5.0 (Windows NT 10.0; Win64; x64) AppleWebKit/537.36 (KHTML, like Gecko) Chrome/76.0.3809.132 Safari/537.36)
[2019-09-02 16:49:14] ---- FROM  ::1 (WinNT)
[2019-09-02 16:49:14] ---- CONTENT: {data : "<?xml version='1.0' encoding='utf-8' ?><Request ID='20190902164914122'><General><Token>61111131252223224013000011333653</Token></General><Data></Data></Request>"}
[2019-09-02 16:49:14] ---- BROWSER:  Chrome 76.0 (Mozilla/5.0 (Windows NT 10.0; Win64; x64) AppleWebKit/537.36 (KHTML, like Gecko) Chrome/76.0.3809.132 Safari/537.36)
[2019-09-02 16:49:14] ---- CONTENT: {data : "<?xml version='1.0' encoding='utf-8' ?><Request ID='20190902164914159'><General><Token>61111131252223224013000011333653</Token></General><Data></Data></Request>"}
[2019-09-02 16:49:14] 200 - OK - application/json
[2019-09-02 16:49:14] 200 - OK - application/json
[2019-09-02 16:50:17] REQUEST GET - https://localhost:8082/economics/impostazioni
[2019-09-02 16:50:17] ---- FROM  ::1 (WinNT)
[2019-09-02 16:50:17] ---- BROWSER:  Chrome 76.0 (Mozilla/5.0 (Windows NT 10.0; Win64; x64) AppleWebKit/537.36 (KHTML, like Gecko) Chrome/76.0.3809.132 Safari/537.36)
[2019-09-02 16:50:17] 200 - OK - text/html
[2019-09-02 16:50:19] REQUEST POST - https://localhost:8082/public/ws/Config.asmx/Economics_Get
[2019-09-02 16:50:19] ---- FROM  ::1 (WinNT)
[2019-09-02 16:50:19] ---- BROWSER:  Chrome 76.0 (Mozilla/5.0 (Windows NT 10.0; Win64; x64) AppleWebKit/537.36 (KHTML, like Gecko) Chrome/76.0.3809.132 Safari/537.36)
[2019-09-02 16:50:19] ---- CONTENT: {data : "<?xml version='1.0' encoding='utf-8' ?><Request ID='20190902165019672'><General><Token>61111131252223224013000011333653</Token></General><Data></Data></Request>"}
[2019-09-02 16:50:19] 200 - OK - application/json
[2019-09-02 16:50:25] REQUEST POST - https://localhost:8082/public/ws/Config.asmx/All_Get
[2019-09-02 16:50:25] ---- FROM  ::1 (WinNT)
[2019-09-02 16:50:25] ---- BROWSER:  Chrome 76.0 (Mozilla/5.0 (Windows NT 10.0; Win64; x64) AppleWebKit/537.36 (KHTML, like Gecko) Chrome/76.0.3809.132 Safari/537.36)
[2019-09-02 16:50:25] ---- CONTENT: {data : "<?xml version='1.0' encoding='utf-8' ?><Request ID='20190902165025746'><General><Token>61111131252223224013000011333653</Token></General><Data></Data></Request>"}
[2019-09-02 16:50:25] 200 - OK - application/json
[2019-09-02 16:50:25] REQUEST POST - https://localhost:8082/public/ws/Economics.asmx/messaggi_summary
[2019-09-02 16:50:25] ---- FROM  ::1 (WinNT)
[2019-09-02 16:50:26] ---- BROWSER:  Chrome 76.0 (Mozilla/5.0 (Windows NT 10.0; Win64; x64) AppleWebKit/537.36 (KHTML, like Gecko) Chrome/76.0.3809.132 Safari/537.36)
[2019-09-02 16:50:26] ---- CONTENT: {data : "<?xml version='1.0' encoding='utf-8' ?><Request ID='20190902165025935'><General><Token>61111131252223224013000011333653</Token></General><Data></Data></Request>"}
[2019-09-02 16:50:26] 200 - OK - application/json
[2019-09-02 16:50:26] REQUEST POST - https://localhost:8082/public/ws/Config.asmx/All_Get
[2019-09-02 16:50:26] ---- FROM  ::1 (WinNT)
[2019-09-02 16:50:26] ---- BROWSER:  Chrome 76.0 (Mozilla/5.0 (Windows NT 10.0; Win64; x64) AppleWebKit/537.36 (KHTML, like Gecko) Chrome/76.0.3809.132 Safari/537.36)
[2019-09-02 16:50:26] ---- CONTENT: {data : "<?xml version='1.0' encoding='utf-8' ?><Request ID='20190902165026282'><General><Token>61111131252223224013000011333653</Token></General><Data></Data></Request>"}
[2019-09-02 16:50:26] REQUEST POST - https://localhost:8082/public/ws/Config.asmx/All_Get
[2019-09-02 16:50:26] ---- FROM  ::1 (WinNT)
[2019-09-02 16:50:26] ---- BROWSER:  Chrome 76.0 (Mozilla/5.0 (Windows NT 10.0; Win64; x64) AppleWebKit/537.36 (KHTML, like Gecko) Chrome/76.0.3809.132 Safari/537.36)
[2019-09-02 16:50:26] ---- CONTENT: {data : "<?xml version='1.0' encoding='utf-8' ?><Request ID='20190902165026302'><General><Token>61111131252223224013000011333653</Token></General><Data></Data></Request>"}
[2019-09-02 16:50:26] 200 - OK - application/json
[2019-09-02 16:50:26] 200 - OK - application/json
[2019-09-02 16:59:08] REQUEST GET - https://localhost:8082/public/aspx/Home.aspx?Token=60000139450000094013467573981422&TokenApiRest=eyJ0eXAiOiJKV1QiLCJhbGciOiJIUzI1NiJ9.eyJpc3MiOiJodHRwczpcL1wvd3d3cy5kZXYteWVhcC5pdCIsImlhdCI6MTU1MjMwMTY4MywibmJmIjoxNTUyMzAxNjgzLCJleHAiOjE1NTI5MDY0ODMsImRhdGEiOnsidXNlciI6eyJpZCI6IjQ0In19fQ.aX_vXJXGvPzWJBycwNYjWBuqYaIu5plasU_PclRlgVI&Logo=https://localhost:8082/scratch/pl_logo.png&Title=Business Plan Test nuovo
[2019-09-02 16:59:08] ---- FROM  ::1 (WinNT)
[2019-09-02 16:59:08] ---- BROWSER:  Chrome 76.0 (Mozilla/5.0 (Windows NT 10.0; Win64; x64) AppleWebKit/537.36 (KHTML, like Gecko) Chrome/76.0.3809.132 Safari/537.36)
[2019-09-02 16:59:08] 302 - Found - text/html
[2019-09-02 16:59:08] REQUEST GET - https://localhost:8082/home/welcome?Token=60000139450000094013467573981422&TokenApiRest=eyJ0eXAiOiJKV1QiLCJhbGciOiJIUzI1NiJ9.eyJpc3MiOiJodHRwczpcL1wvd3d3cy5kZXYteWVhcC5pdCIsImlhdCI6MTU1MjMwMTY4MywibmJmIjoxNTUyMzAxNjgzLCJleHAiOjE1NTI5MDY0ODMsImRhdGEiOnsidXNlciI6eyJpZCI6IjQ0In19fQ.aX_vXJXGvPzWJBycwNYjWBuqYaIu5plasU_PclRlgVI&Logo=https://localhost:8082/scratch/pl_logo.png&Title=Business Plan Test nuovo
[2019-09-02 16:59:08] ---- FROM  ::1 (WinNT)
[2019-09-02 16:59:08] ---- BROWSER:  Chrome 76.0 (Mozilla/5.0 (Windows NT 10.0; Win64; x64) AppleWebKit/537.36 (KHTML, like Gecko) Chrome/76.0.3809.132 Safari/537.36)
[2019-09-02 16:59:08] 200 - OK - text/html
[2019-09-02 16:59:09] REQUEST POST - https://localhost:8082/public/ws/General.asmx/Set
[2019-09-02 16:59:09] ---- FROM  ::1 (WinNT)
[2019-09-02 16:59:09] ---- BROWSER:  Chrome 76.0 (Mozilla/5.0 (Windows NT 10.0; Win64; x64) AppleWebKit/537.36 (KHTML, like Gecko) Chrome/76.0.3809.132 Safari/537.36)
[2019-09-02 16:59:09] ---- CONTENT: {data : "<?xml version='1.0' encoding='utf-8' ?><Request ID='20190902165909653'><General><Token>60000139450000094013467573981422</Token></General><Data><Nome>Business Plan Test nuovo</Nome><Logo>https%3A%2F%2Flocalhost%3A8082%2Fscratch%2Fpl_logo.png</Logo></Data></Request>"}
[2019-09-02 16:59:10] 200 - OK - application/json
[2019-09-02 16:59:10] REQUEST POST - https://localhost:8082/public/ws/Config.asmx/Economics_Get
[2019-09-02 16:59:10] ---- FROM  ::1 (WinNT)
[2019-09-02 16:59:10] ---- BROWSER:  Chrome 76.0 (Mozilla/5.0 (Windows NT 10.0; Win64; x64) AppleWebKit/537.36 (KHTML, like Gecko) Chrome/76.0.3809.132 Safari/537.36)
[2019-09-02 16:59:10] ---- CONTENT: {data : "<?xml version='1.0' encoding='utf-8' ?><Request ID='20190902165910149'><General><Token>60000139450000094013467573981422</Token></General><Data></Data></Request>"}
[2019-09-02 16:59:12] 200 - OK - application/json
[2019-09-02 16:59:12] REQUEST POST - https://localhost:8082/public/ws/Config.asmx/All_Get
[2019-09-02 16:59:12] ---- FROM  ::1 (WinNT)
[2019-09-02 16:59:12] ---- BROWSER:  Chrome 76.0 (Mozilla/5.0 (Windows NT 10.0; Win64; x64) AppleWebKit/537.36 (KHTML, like Gecko) Chrome/76.0.3809.132 Safari/537.36)
[2019-09-02 16:59:12] ---- CONTENT: {data : "<?xml version='1.0' encoding='utf-8' ?><Request ID='20190902165912412'><General><Token>60000139450000094013467573981422</Token></General><Data></Data></Request>"}
[2019-09-02 16:59:12] REQUEST POST - https://localhost:8082/public/ws/Config.asmx/All_Get
[2019-09-02 16:59:12] REQUEST POST - https://localhost:8082/public/ws/Economics.asmx/messaggi_summary
[2019-09-02 16:59:12] ---- FROM  ::1 (WinNT)
[2019-09-02 16:59:12] ---- BROWSER:  Chrome 76.0 (Mozilla/5.0 (Windows NT 10.0; Win64; x64) AppleWebKit/537.36 (KHTML, like Gecko) Chrome/76.0.3809.132 Safari/537.36)
[2019-09-02 16:59:12] ---- CONTENT: {data : "<?xml version='1.0' encoding='utf-8' ?><Request ID='20190902165912481'><General><Token>60000139450000094013467573981422</Token></General><Data></Data></Request>"}
[2019-09-02 16:59:12] ---- FROM  ::1 (WinNT)
[2019-09-02 16:59:12] ---- BROWSER:  Chrome 76.0 (Mozilla/5.0 (Windows NT 10.0; Win64; x64) AppleWebKit/537.36 (KHTML, like Gecko) Chrome/76.0.3809.132 Safari/537.36)
[2019-09-02 16:59:12] ---- CONTENT: {data : "<?xml version='1.0' encoding='utf-8' ?><Request ID='20190902165912544'><General><Token>60000139450000094013467573981422</Token></General><Data></Data></Request>"}
[2019-09-02 16:59:13] 200 - OK - application/json
[2019-09-02 16:59:13] REQUEST POST - https://localhost:8082/public/ws/Config.asmx/All_Get
[2019-09-02 16:59:13] ---- FROM  ::1 (WinNT)
[2019-09-02 16:59:13] ---- BROWSER:  Chrome 76.0 (Mozilla/5.0 (Windows NT 10.0; Win64; x64) AppleWebKit/537.36 (KHTML, like Gecko) Chrome/76.0.3809.132 Safari/537.36)
[2019-09-02 16:59:13] ---- CONTENT: {data : "<?xml version='1.0' encoding='utf-8' ?><Request ID='20190902165913598'><General><Token>60000139450000094013467573981422</Token></General><Data></Data></Request>"}
[2019-09-02 16:59:13] 200 - OK - application/json
[2019-09-02 16:59:14] 200 - OK - application/json
[2019-09-02 16:59:14] 200 - OK - application/json
[2019-09-02 17:02:18] REQUEST GET - https://localhost:8082/public/aspx/Home.aspx?Token=61111131252223224013000011333653&TokenApiRest=eyJ0eXAiOiJKV1QiLCJhbGciOiJIUzI1NiJ9.eyJpc3MiOiJodHRwczpcL1wvd3d3cy5kZXYteWVhcC5pdCIsImlhdCI6MTU0MjI5NDMyMSwibmJmIjoxNTQyMjk0MzIxLCJleHAiOjE1NDI4OTkxMjEsImRhdGEiOnsidXNlciI6eyJpZCI6IjQ0In19fQ.RCP5OeoGASxAyBw1MbMD4BFJAcDM5JIXqYXKBALZcJI&Logo=https://localhost:8082/scratch/pl_logo.png&Title=Business Plan Test nr. 2
[2019-09-02 17:02:18] ---- FROM  ::1 (WinNT)
[2019-09-02 17:02:18] ---- BROWSER:  Chrome 76.0 (Mozilla/5.0 (Windows NT 10.0; Win64; x64) AppleWebKit/537.36 (KHTML, like Gecko) Chrome/76.0.3809.132 Safari/537.36)
[2019-09-02 17:02:18] 302 - Found - text/html
[2019-09-02 17:02:18] REQUEST GET - https://localhost:8082/home/welcome?Token=61111131252223224013000011333653&TokenApiRest=eyJ0eXAiOiJKV1QiLCJhbGciOiJIUzI1NiJ9.eyJpc3MiOiJodHRwczpcL1wvd3d3cy5kZXYteWVhcC5pdCIsImlhdCI6MTU0MjI5NDMyMSwibmJmIjoxNTQyMjk0MzIxLCJleHAiOjE1NDI4OTkxMjEsImRhdGEiOnsidXNlciI6eyJpZCI6IjQ0In19fQ.RCP5OeoGASxAyBw1MbMD4BFJAcDM5JIXqYXKBALZcJI&Logo=https://localhost:8082/scratch/pl_logo.png&Title=Business Plan Test nr. 2
[2019-09-02 17:02:18] ---- FROM  ::1 (WinNT)
[2019-09-02 17:02:18] ---- BROWSER:  Chrome 76.0 (Mozilla/5.0 (Windows NT 10.0; Win64; x64) AppleWebKit/537.36 (KHTML, like Gecko) Chrome/76.0.3809.132 Safari/537.36)
[2019-09-02 17:02:18] 200 - OK - text/html
[2019-09-02 17:02:21] REQUEST POST - https://localhost:8082/public/ws/General.asmx/Set
[2019-09-02 17:02:21] ---- FROM  ::1 (WinNT)
[2019-09-02 17:02:21] ---- BROWSER:  Chrome 76.0 (Mozilla/5.0 (Windows NT 10.0; Win64; x64) AppleWebKit/537.36 (KHTML, like Gecko) Chrome/76.0.3809.132 Safari/537.36)
[2019-09-02 17:02:21] ---- CONTENT: {data : "<?xml version='1.0' encoding='utf-8' ?><Request ID='20190902170221844'><General><Token>61111131252223224013000011333653</Token></General><Data><Nome>Business Plan Test nr. 2</Nome><Logo>https%3A%2F%2Flocalhost%3A8082%2Fscratch%2Fpl_logo.png</Logo></Data></Request>"}
[2019-09-02 17:02:21] 200 - OK - application/json
[2019-09-02 17:02:21] REQUEST POST - https://localhost:8082/public/ws/Config.asmx/Economics_Get
[2019-09-02 17:02:21] ---- FROM  ::1 (WinNT)
[2019-09-02 17:02:21] ---- BROWSER:  Chrome 76.0 (Mozilla/5.0 (Windows NT 10.0; Win64; x64) AppleWebKit/537.36 (KHTML, like Gecko) Chrome/76.0.3809.132 Safari/537.36)
[2019-09-02 17:02:21] ---- CONTENT: {data : "<?xml version='1.0' encoding='utf-8' ?><Request ID='20190902170221891'><General><Token>61111131252223224013000011333653</Token></General><Data></Data></Request>"}
[2019-09-02 17:02:21] 200 - OK - application/json
[2019-09-02 17:02:27] REQUEST POST - https://localhost:8082/public/ws/Config.asmx/All_Get
[2019-09-02 17:02:27] ---- FROM  ::1 (WinNT)
[2019-09-02 17:02:27] ---- BROWSER:  Chrome 76.0 (Mozilla/5.0 (Windows NT 10.0; Win64; x64) AppleWebKit/537.36 (KHTML, like Gecko) Chrome/76.0.3809.132 Safari/537.36)
[2019-09-02 17:02:27] ---- CONTENT: {data : "<?xml version='1.0' encoding='utf-8' ?><Request ID='2019090217022718'><General><Token>61111131252223224013000011333653</Token></General><Data></Data></Request>"}
[2019-09-02 17:02:27] 200 - OK - application/json
[2019-09-02 17:02:27] REQUEST POST - https://localhost:8082/public/ws/Economics.asmx/messaggi_summary
[2019-09-02 17:02:27] ---- FROM  ::1 (WinNT)
[2019-09-02 17:02:27] ---- BROWSER:  Chrome 76.0 (Mozilla/5.0 (Windows NT 10.0; Win64; x64) AppleWebKit/537.36 (KHTML, like Gecko) Chrome/76.0.3809.132 Safari/537.36)
[2019-09-02 17:02:27] ---- CONTENT: {data : "<?xml version='1.0' encoding='utf-8' ?><Request ID='20190902170227277'><General><Token>61111131252223224013000011333653</Token></General><Data></Data></Request>"}
[2019-09-02 17:02:27] 200 - OK - application/json
[2019-09-02 17:02:27] REQUEST POST - https://localhost:8082/public/ws/Config.asmx/All_Get
[2019-09-02 17:02:27] ---- FROM  ::1 (WinNT)
[2019-09-02 17:02:27] ---- BROWSER:  Chrome 76.0 (Mozilla/5.0 (Windows NT 10.0; Win64; x64) AppleWebKit/537.36 (KHTML, like Gecko) Chrome/76.0.3809.132 Safari/537.36)
[2019-09-02 17:02:27] ---- CONTENT: {data : "<?xml version='1.0' encoding='utf-8' ?><Request ID='20190902170227375'><General><Token>61111131252223224013000011333653</Token></General><Data></Data></Request>"}
[2019-09-02 17:02:27] REQUEST POST - https://localhost:8082/public/ws/Config.asmx/All_Get
[2019-09-02 17:02:27] ---- FROM  ::1 (WinNT)
[2019-09-02 17:02:27] ---- BROWSER:  Chrome 76.0 (Mozilla/5.0 (Windows NT 10.0; Win64; x64) AppleWebKit/537.36 (KHTML, like Gecko) Chrome/76.0.3809.132 Safari/537.36)
[2019-09-02 17:02:27] ---- CONTENT: {data : "<?xml version='1.0' encoding='utf-8' ?><Request ID='20190902170227391'><General><Token>61111131252223224013000011333653</Token></General><Data></Data></Request>"}
[2019-09-02 17:02:27] 200 - OK - application/json
[2019-09-02 17:02:27] 200 - OK - application/json
[2019-09-02 17:05:42] REQUEST GET - https://localhost:8082/public/aspx/Home.aspx?Token=61111131252223224013000011333653&TokenApiRest=eyJ0eXAiOiJKV1QiLCJhbGciOiJIUzI1NiJ9.eyJpc3MiOiJodHRwczpcL1wvd3d3cy5kZXYteWVhcC5pdCIsImlhdCI6MTU0MjI5NDMyMSwibmJmIjoxNTQyMjk0MzIxLCJleHAiOjE1NDI4OTkxMjEsImRhdGEiOnsidXNlciI6eyJpZCI6IjQ0In19fQ.RCP5OeoGASxAyBw1MbMD4BFJAcDM5JIXqYXKBALZcJI&Logo=https://localhost:8082/scratch/pl_logo.png&Title=Business Plan Test nr. 2
[2019-09-02 17:05:42] ---- FROM  ::1 (WinNT)
[2019-09-02 17:05:42] ---- BROWSER:  Chrome 76.0 (Mozilla/5.0 (Windows NT 10.0; Win64; x64) AppleWebKit/537.36 (KHTML, like Gecko) Chrome/76.0.3809.132 Safari/537.36)
[2019-09-02 17:05:42] 302 - Found - text/html
[2019-09-02 17:05:42] REQUEST GET - https://localhost:8082/home/welcome?Token=61111131252223224013000011333653&TokenApiRest=eyJ0eXAiOiJKV1QiLCJhbGciOiJIUzI1NiJ9.eyJpc3MiOiJodHRwczpcL1wvd3d3cy5kZXYteWVhcC5pdCIsImlhdCI6MTU0MjI5NDMyMSwibmJmIjoxNTQyMjk0MzIxLCJleHAiOjE1NDI4OTkxMjEsImRhdGEiOnsidXNlciI6eyJpZCI6IjQ0In19fQ.RCP5OeoGASxAyBw1MbMD4BFJAcDM5JIXqYXKBALZcJI&Logo=https://localhost:8082/scratch/pl_logo.png&Title=Business Plan Test nr. 2
[2019-09-02 17:05:42] ---- FROM  ::1 (WinNT)
[2019-09-02 17:05:42] ---- BROWSER:  Chrome 76.0 (Mozilla/5.0 (Windows NT 10.0; Win64; x64) AppleWebKit/537.36 (KHTML, like Gecko) Chrome/76.0.3809.132 Safari/537.36)
[2019-09-02 17:05:42] 200 - OK - text/html
[2019-09-02 17:05:45] REQUEST POST - https://localhost:8082/public/ws/General.asmx/Set
[2019-09-02 17:05:45] ---- FROM  ::1 (WinNT)
[2019-09-02 17:05:45] ---- BROWSER:  Chrome 76.0 (Mozilla/5.0 (Windows NT 10.0; Win64; x64) AppleWebKit/537.36 (KHTML, like Gecko) Chrome/76.0.3809.132 Safari/537.36)
[2019-09-02 17:05:45] ---- CONTENT: {data : "<?xml version='1.0' encoding='utf-8' ?><Request ID='20190902170545386'><General><Token>61111131252223224013000011333653</Token></General><Data><Nome>Business Plan Test nr. 2</Nome><Logo>https%3A%2F%2Flocalhost%3A8082%2Fscratch%2Fpl_logo.png</Logo></Data></Request>"}
[2019-09-02 17:05:45] 200 - OK - application/json
[2019-09-02 17:05:45] REQUEST POST - https://localhost:8082/public/ws/Config.asmx/Economics_Get
[2019-09-02 17:05:45] ---- FROM  ::1 (WinNT)
[2019-09-02 17:05:45] ---- BROWSER:  Chrome 76.0 (Mozilla/5.0 (Windows NT 10.0; Win64; x64) AppleWebKit/537.36 (KHTML, like Gecko) Chrome/76.0.3809.132 Safari/537.36)
[2019-09-02 17:05:45] ---- CONTENT: {data : "<?xml version='1.0' encoding='utf-8' ?><Request ID='20190902170545430'><General><Token>61111131252223224013000011333653</Token></General><Data></Data></Request>"}
[2019-09-02 17:05:45] 200 - OK - application/json
[2019-09-02 17:05:46] REQUEST POST - https://localhost:8082/public/ws/Config.asmx/All_Get
[2019-09-02 17:05:46] ---- FROM  ::1 (WinNT)
[2019-09-02 17:05:46] ---- BROWSER:  Chrome 76.0 (Mozilla/5.0 (Windows NT 10.0; Win64; x64) AppleWebKit/537.36 (KHTML, like Gecko) Chrome/76.0.3809.132 Safari/537.36)
[2019-09-02 17:05:46] ---- CONTENT: {data : "<?xml version='1.0' encoding='utf-8' ?><Request ID='20190902170546696'><General><Token>61111131252223224013000011333653</Token></General><Data></Data></Request>"}
[2019-09-02 17:05:46] 200 - OK - application/json
[2019-09-02 17:05:46] REQUEST POST - https://localhost:8082/public/ws/Economics.asmx/messaggi_summary
[2019-09-02 17:05:46] ---- FROM  ::1 (WinNT)
[2019-09-02 17:05:46] ---- BROWSER:  Chrome 76.0 (Mozilla/5.0 (Windows NT 10.0; Win64; x64) AppleWebKit/537.36 (KHTML, like Gecko) Chrome/76.0.3809.132 Safari/537.36)
[2019-09-02 17:05:46] ---- CONTENT: {data : "<?xml version='1.0' encoding='utf-8' ?><Request ID='20190902170546844'><General><Token>61111131252223224013000011333653</Token></General><Data></Data></Request>"}
[2019-09-02 17:05:47] 200 - OK - application/json
[2019-09-02 17:05:47] REQUEST POST - https://localhost:8082/public/ws/Config.asmx/All_Get
[2019-09-02 17:05:47] ---- FROM  ::1 (WinNT)
[2019-09-02 17:05:47] ---- BROWSER:  Chrome 76.0 (Mozilla/5.0 (Windows NT 10.0; Win64; x64) AppleWebKit/537.36 (KHTML, like Gecko) Chrome/76.0.3809.132 Safari/537.36)
[2019-09-02 17:05:47] ---- CONTENT: {data : "<?xml version='1.0' encoding='utf-8' ?><Request ID='2019090217054744'><General><Token>61111131252223224013000011333653</Token></General><Data></Data></Request>"}
[2019-09-02 17:05:47] 200 - OK - application/json
[2019-09-02 17:05:47] REQUEST POST - https://localhost:8082/public/ws/Config.asmx/All_Get
[2019-09-02 17:05:47] ---- FROM  ::1 (WinNT)
[2019-09-02 17:05:47] ---- BROWSER:  Chrome 76.0 (Mozilla/5.0 (Windows NT 10.0; Win64; x64) AppleWebKit/537.36 (KHTML, like Gecko) Chrome/76.0.3809.132 Safari/537.36)
[2019-09-02 17:05:47] ---- CONTENT: {data : "<?xml version='1.0' encoding='utf-8' ?><Request ID='20190902170547235'><General><Token>61111131252223224013000011333653</Token></General><Data></Data></Request>"}
[2019-09-02 17:05:47] 200 - OK - application/json
[2019-09-02 17:16:19] REQUEST GET - https://localhost:8082/public/aspx/Home.aspx?Token=61111131252223224013000011333653&TokenApiRest=eyJ0eXAiOiJKV1QiLCJhbGciOiJIUzI1NiJ9.eyJpc3MiOiJodHRwczpcL1wvd3d3cy5kZXYteWVhcC5pdCIsImlhdCI6MTU0MjI5NDMyMSwibmJmIjoxNTQyMjk0MzIxLCJleHAiOjE1NDI4OTkxMjEsImRhdGEiOnsidXNlciI6eyJpZCI6IjQ0In19fQ.RCP5OeoGASxAyBw1MbMD4BFJAcDM5JIXqYXKBALZcJI&Logo=https://localhost:8082/scratch/pl_logo.png&Title=Business Plan Test nr. 2
[2019-09-02 17:16:19] ---- FROM  ::1 (WinNT)
[2019-09-02 17:16:19] ---- BROWSER:  Chrome 76.0 (Mozilla/5.0 (Windows NT 10.0; Win64; x64) AppleWebKit/537.36 (KHTML, like Gecko) Chrome/76.0.3809.132 Safari/537.36)
[2019-09-02 17:16:19] 302 - Found - text/html
[2019-09-02 17:16:19] REQUEST GET - https://localhost:8082/home/welcome?Token=61111131252223224013000011333653&TokenApiRest=eyJ0eXAiOiJKV1QiLCJhbGciOiJIUzI1NiJ9.eyJpc3MiOiJodHRwczpcL1wvd3d3cy5kZXYteWVhcC5pdCIsImlhdCI6MTU0MjI5NDMyMSwibmJmIjoxNTQyMjk0MzIxLCJleHAiOjE1NDI4OTkxMjEsImRhdGEiOnsidXNlciI6eyJpZCI6IjQ0In19fQ.RCP5OeoGASxAyBw1MbMD4BFJAcDM5JIXqYXKBALZcJI&Logo=https://localhost:8082/scratch/pl_logo.png&Title=Business Plan Test nr. 2
[2019-09-02 17:16:19] ---- FROM  ::1 (WinNT)
[2019-09-02 17:16:19] ---- BROWSER:  Chrome 76.0 (Mozilla/5.0 (Windows NT 10.0; Win64; x64) AppleWebKit/537.36 (KHTML, like Gecko) Chrome/76.0.3809.132 Safari/537.36)
[2019-09-02 17:16:19] 200 - OK - text/html
[2019-09-02 17:16:22] REQUEST POST - https://localhost:8082/public/ws/General.asmx/Set
[2019-09-02 17:16:22] ---- FROM  ::1 (WinNT)
[2019-09-02 17:16:22] ---- BROWSER:  Chrome 76.0 (Mozilla/5.0 (Windows NT 10.0; Win64; x64) AppleWebKit/537.36 (KHTML, like Gecko) Chrome/76.0.3809.132 Safari/537.36)
[2019-09-02 17:16:22] ---- CONTENT: {data : "<?xml version='1.0' encoding='utf-8' ?><Request ID='20190902171622145'><General><Token>61111131252223224013000011333653</Token></General><Data><Nome>Business Plan Test nr. 2</Nome><Logo>https%3A%2F%2Flocalhost%3A8082%2Fscratch%2Fpl_logo.png</Logo></Data></Request>"}
[2019-09-02 17:16:22] 200 - OK - application/json
[2019-09-02 17:16:22] REQUEST POST - https://localhost:8082/public/ws/Config.asmx/Economics_Get
[2019-09-02 17:16:22] ---- FROM  ::1 (WinNT)
[2019-09-02 17:16:22] ---- BROWSER:  Chrome 76.0 (Mozilla/5.0 (Windows NT 10.0; Win64; x64) AppleWebKit/537.36 (KHTML, like Gecko) Chrome/76.0.3809.132 Safari/537.36)
[2019-09-02 17:16:22] ---- CONTENT: {data : "<?xml version='1.0' encoding='utf-8' ?><Request ID='20190902171622251'><General><Token>61111131252223224013000011333653</Token></General><Data></Data></Request>"}
[2019-09-02 17:16:22] 200 - OK - application/json
[2019-09-02 17:16:24] REQUEST POST - https://localhost:8082/public/ws/Config.asmx/All_Get
[2019-09-02 17:16:24] ---- FROM  ::1 (WinNT)
[2019-09-02 17:16:24] ---- BROWSER:  Chrome 76.0 (Mozilla/5.0 (Windows NT 10.0; Win64; x64) AppleWebKit/537.36 (KHTML, like Gecko) Chrome/76.0.3809.132 Safari/537.36)
[2019-09-02 17:16:24] ---- CONTENT: {data : "<?xml version='1.0' encoding='utf-8' ?><Request ID='20190902171624555'><General><Token>61111131252223224013000011333653</Token></General><Data></Data></Request>"}
[2019-09-02 17:16:24] 200 - OK - application/json
[2019-09-02 17:16:24] REQUEST POST - https://localhost:8082/public/ws/Config.asmx/All_Get
[2019-09-02 17:16:24] ---- FROM  ::1 (WinNT)
[2019-09-02 17:16:24] ---- BROWSER:  Chrome 76.0 (Mozilla/5.0 (Windows NT 10.0; Win64; x64) AppleWebKit/537.36 (KHTML, like Gecko) Chrome/76.0.3809.132 Safari/537.36)
[2019-09-02 17:16:24] ---- CONTENT: {data : "<?xml version='1.0' encoding='utf-8' ?><Request ID='20190902171624735'><General><Token>61111131252223224013000011333653</Token></General><Data></Data></Request>"}
[2019-09-02 17:16:24] 200 - OK - application/json
[2019-09-02 17:16:25] REQUEST POST - https://localhost:8082/public/ws/Economics.asmx/messaggi_summary
[2019-09-02 17:16:25] ---- FROM  ::1 (WinNT)
[2019-09-02 17:16:25] ---- BROWSER:  Chrome 76.0 (Mozilla/5.0 (Windows NT 10.0; Win64; x64) AppleWebKit/537.36 (KHTML, like Gecko) Chrome/76.0.3809.132 Safari/537.36)
[2019-09-02 17:16:25] ---- CONTENT: {data : "<?xml version='1.0' encoding='utf-8' ?><Request ID='20190902171625127'><General><Token>61111131252223224013000011333653</Token></General><Data></Data></Request>"}
[2019-09-02 17:16:25] 200 - OK - application/json
[2019-09-02 17:16:25] REQUEST POST - https://localhost:8082/public/ws/Config.asmx/All_Get
[2019-09-02 17:16:25] ---- FROM  ::1 (WinNT)
[2019-09-02 17:16:25] ---- BROWSER:  Chrome 76.0 (Mozilla/5.0 (Windows NT 10.0; Win64; x64) AppleWebKit/537.36 (KHTML, like Gecko) Chrome/76.0.3809.132 Safari/537.36)
[2019-09-02 17:16:25] ---- CONTENT: {data : "<?xml version='1.0' encoding='utf-8' ?><Request ID='20190902171625184'><General><Token>61111131252223224013000011333653</Token></General><Data></Data></Request>"}
[2019-09-02 17:16:25] 200 - OK - application/json
[2019-09-02 17:20:05] REQUEST GET - https://localhost:8082/economics/iva
[2019-09-02 17:20:05] ---- FROM  ::1 (WinNT)
[2019-09-02 17:20:05] ---- BROWSER:  Chrome 76.0 (Mozilla/5.0 (Windows NT 10.0; Win64; x64) AppleWebKit/537.36 (KHTML, like Gecko) Chrome/76.0.3809.132 Safari/537.36)
[2019-09-02 17:20:06] 200 - OK - text/html
[2019-09-02 17:20:08] REQUEST POST - https://localhost:8082/public/ws/Iva.asmx/Get
[2019-09-02 17:20:08] ---- FROM  ::1 (WinNT)
[2019-09-02 17:20:08] ---- BROWSER:  Chrome 76.0 (Mozilla/5.0 (Windows NT 10.0; Win64; x64) AppleWebKit/537.36 (KHTML, like Gecko) Chrome/76.0.3809.132 Safari/537.36)
[2019-09-02 17:20:08] ---- CONTENT: {data : "<?xml version='1.0' encoding='utf-8' ?><Request ID='20190902172008386'><General><Token>61111131252223224013000011333653</Token></General><Data></Data></Request>"}
[2019-09-02 17:20:10] 200 - OK - application/json
[2019-09-02 17:20:13] REQUEST GET - https://localhost:8082/public/ws/Resources.ashx/xml-economics/61111131252223224013000011333653
[2019-09-02 17:20:13] ---- FROM  ::1 (WinNT)
[2019-09-02 17:20:13] ---- BROWSER:  Chrome 76.0 (Mozilla/5.0 (Windows NT 10.0; Win64; x64) AppleWebKit/537.36 (KHTML, like Gecko) Chrome/76.0.3809.132 Safari/537.36)
[2019-09-02 17:20:13] REQUEST POST - https://localhost:8082/public/ws/Config.asmx/All_Get
[2019-09-02 17:20:13] ---- FROM  ::1 (WinNT)
[2019-09-02 17:20:13] ---- BROWSER:  Chrome 76.0 (Mozilla/5.0 (Windows NT 10.0; Win64; x64) AppleWebKit/537.36 (KHTML, like Gecko) Chrome/76.0.3809.132 Safari/537.36)
[2019-09-02 17:20:13] ---- CONTENT: {data : "<?xml version='1.0' encoding='utf-8' ?><Request ID='20190902172013375'><General><Token>61111131252223224013000011333653</Token></General><Data></Data></Request>"}
[2019-09-02 17:20:13] 200 - OK - application/json
[2019-09-02 17:20:13] 200 - OK - text/xml
[2019-09-02 17:20:13] REQUEST POST - https://localhost:8082/public/ws/Economics.asmx/messaggi_summary
[2019-09-02 17:20:13] ---- FROM  ::1 (WinNT)
[2019-09-02 17:20:13] ---- BROWSER:  Chrome 76.0 (Mozilla/5.0 (Windows NT 10.0; Win64; x64) AppleWebKit/537.36 (KHTML, like Gecko) Chrome/76.0.3809.132 Safari/537.36)
[2019-09-02 17:20:13] ---- CONTENT: {data : "<?xml version='1.0' encoding='utf-8' ?><Request ID='20190902172013624'><General><Token>61111131252223224013000011333653</Token></General><Data></Data></Request>"}
[2019-09-02 17:20:13] 200 - OK - application/json
[2019-09-02 17:20:14] REQUEST POST - https://localhost:8082/public/ws/Config.asmx/All_Get
[2019-09-02 17:20:14] ---- FROM  ::1 (WinNT)
[2019-09-02 17:20:14] ---- BROWSER:  Chrome 76.0 (Mozilla/5.0 (Windows NT 10.0; Win64; x64) AppleWebKit/537.36 (KHTML, like Gecko) Chrome/76.0.3809.132 Safari/537.36)
[2019-09-02 17:20:14] ---- CONTENT: {data : "<?xml version='1.0' encoding='utf-8' ?><Request ID='2019090217201466'><General><Token>61111131252223224013000011333653</Token></General><Data></Data></Request>"}
[2019-09-02 17:20:14] 200 - OK - application/json
[2019-09-02 17:20:14] REQUEST POST - https://localhost:8082/public/ws/Config.asmx/All_Get
[2019-09-02 17:20:14] ---- FROM  ::1 (WinNT)
[2019-09-02 17:20:14] ---- BROWSER:  Chrome 76.0 (Mozilla/5.0 (Windows NT 10.0; Win64; x64) AppleWebKit/537.36 (KHTML, like Gecko) Chrome/76.0.3809.132 Safari/537.36)
[2019-09-02 17:20:14] ---- CONTENT: {data : "<?xml version='1.0' encoding='utf-8' ?><Request ID='20190902172014402'><General><Token>61111131252223224013000011333653</Token></General><Data></Data></Request>"}
[2019-09-02 17:20:14] 200 - OK - application/json
[2019-09-02 17:22:26] REQUEST GET - https://localhost:8082/public/aspx/Home.aspx?Token=61111131252223224013000011333653&TokenApiRest=eyJ0eXAiOiJKV1QiLCJhbGciOiJIUzI1NiJ9.eyJpc3MiOiJodHRwczpcL1wvd3d3cy5kZXYteWVhcC5pdCIsImlhdCI6MTU0MjI5NDMyMSwibmJmIjoxNTQyMjk0MzIxLCJleHAiOjE1NDI4OTkxMjEsImRhdGEiOnsidXNlciI6eyJpZCI6IjQ0In19fQ.RCP5OeoGASxAyBw1MbMD4BFJAcDM5JIXqYXKBALZcJI&Logo=https://localhost:8082/scratch/pl_logo.png&Title=Business Plan Test nr. 2
[2019-09-02 17:22:26] ---- FROM  ::1 (WinNT)
[2019-09-02 17:22:26] ---- BROWSER:  Chrome 76.0 (Mozilla/5.0 (Windows NT 10.0; Win64; x64) AppleWebKit/537.36 (KHTML, like Gecko) Chrome/76.0.3809.132 Safari/537.36)
[2019-09-02 17:22:26] 302 - Found - text/html
[2019-09-02 17:22:26] REQUEST GET - https://localhost:8082/home/welcome?Token=61111131252223224013000011333653&TokenApiRest=eyJ0eXAiOiJKV1QiLCJhbGciOiJIUzI1NiJ9.eyJpc3MiOiJodHRwczpcL1wvd3d3cy5kZXYteWVhcC5pdCIsImlhdCI6MTU0MjI5NDMyMSwibmJmIjoxNTQyMjk0MzIxLCJleHAiOjE1NDI4OTkxMjEsImRhdGEiOnsidXNlciI6eyJpZCI6IjQ0In19fQ.RCP5OeoGASxAyBw1MbMD4BFJAcDM5JIXqYXKBALZcJI&Logo=https://localhost:8082/scratch/pl_logo.png&Title=Business Plan Test nr. 2
[2019-09-02 17:22:26] ---- FROM  ::1 (WinNT)
[2019-09-02 17:22:26] ---- BROWSER:  Chrome 76.0 (Mozilla/5.0 (Windows NT 10.0; Win64; x64) AppleWebKit/537.36 (KHTML, like Gecko) Chrome/76.0.3809.132 Safari/537.36)
[2019-09-02 17:22:26] 200 - OK - text/html
[2019-09-02 17:22:28] REQUEST POST - https://localhost:8082/public/ws/General.asmx/Set
[2019-09-02 17:22:28] ---- FROM  ::1 (WinNT)
[2019-09-02 17:22:28] ---- BROWSER:  Chrome 76.0 (Mozilla/5.0 (Windows NT 10.0; Win64; x64) AppleWebKit/537.36 (KHTML, like Gecko) Chrome/76.0.3809.132 Safari/537.36)
[2019-09-02 17:22:28] ---- CONTENT: {data : "<?xml version='1.0' encoding='utf-8' ?><Request ID='2019090217222860'><General><Token>61111131252223224013000011333653</Token></General><Data><Nome>Business Plan Test nr. 2</Nome><Logo>https%3A%2F%2Flocalhost%3A8082%2Fscratch%2Fpl_logo.png</Logo></Data></Request>"}
[2019-09-02 17:22:28] 200 - OK - application/json
[2019-09-02 17:22:28] REQUEST POST - https://localhost:8082/public/ws/Config.asmx/Economics_Get
[2019-09-02 17:22:28] ---- FROM  ::1 (WinNT)
[2019-09-02 17:22:28] ---- BROWSER:  Chrome 76.0 (Mozilla/5.0 (Windows NT 10.0; Win64; x64) AppleWebKit/537.36 (KHTML, like Gecko) Chrome/76.0.3809.132 Safari/537.36)
[2019-09-02 17:22:28] ---- CONTENT: {data : "<?xml version='1.0' encoding='utf-8' ?><Request ID='20190902172228122'><General><Token>61111131252223224013000011333653</Token></General><Data></Data></Request>"}
[2019-09-02 17:22:28] 200 - OK - application/json
[2019-09-02 17:22:32] REQUEST POST - https://localhost:8082/public/ws/Config.asmx/All_Get
[2019-09-02 17:22:32] ---- FROM  ::1 (WinNT)
[2019-09-02 17:22:32] ---- BROWSER:  Chrome 76.0 (Mozilla/5.0 (Windows NT 10.0; Win64; x64) AppleWebKit/537.36 (KHTML, like Gecko) Chrome/76.0.3809.132 Safari/537.36)
[2019-09-02 17:22:32] ---- CONTENT: {data : "<?xml version='1.0' encoding='utf-8' ?><Request ID='20190902172231995'><General><Token>61111131252223224013000011333653</Token></General><Data></Data></Request>"}
[2019-09-02 17:22:32] 200 - OK - application/json
[2019-09-02 17:22:32] REQUEST POST - https://localhost:8082/public/ws/Config.asmx/All_Get
[2019-09-02 17:22:32] ---- FROM  ::1 (WinNT)
[2019-09-02 17:22:32] ---- BROWSER:  Chrome 76.0 (Mozilla/5.0 (Windows NT 10.0; Win64; x64) AppleWebKit/537.36 (KHTML, like Gecko) Chrome/76.0.3809.132 Safari/537.36)
[2019-09-02 17:22:32] ---- CONTENT: {data : "<?xml version='1.0' encoding='utf-8' ?><Request ID='20190902172232125'><General><Token>61111131252223224013000011333653</Token></General><Data></Data></Request>"}
[2019-09-02 17:22:32] 200 - OK - application/json
[2019-09-02 17:22:32] REQUEST POST - https://localhost:8082/public/ws/Economics.asmx/messaggi_summary
[2019-09-02 17:22:32] ---- FROM  ::1 (WinNT)
[2019-09-02 17:22:32] ---- BROWSER:  Chrome 76.0 (Mozilla/5.0 (Windows NT 10.0; Win64; x64) AppleWebKit/537.36 (KHTML, like Gecko) Chrome/76.0.3809.132 Safari/537.36)
[2019-09-02 17:22:32] ---- CONTENT: {data : "<?xml version='1.0' encoding='utf-8' ?><Request ID='20190902172232206'><General><Token>61111131252223224013000011333653</Token></General><Data></Data></Request>"}
[2019-09-02 17:22:32] 200 - OK - application/json
[2019-09-02 17:22:32] REQUEST POST - https://localhost:8082/public/ws/Config.asmx/All_Get
[2019-09-02 17:22:32] ---- FROM  ::1 (WinNT)
[2019-09-02 17:22:32] ---- BROWSER:  Chrome 76.0 (Mozilla/5.0 (Windows NT 10.0; Win64; x64) AppleWebKit/537.36 (KHTML, like Gecko) Chrome/76.0.3809.132 Safari/537.36)
[2019-09-02 17:22:32] ---- CONTENT: {data : "<?xml version='1.0' encoding='utf-8' ?><Request ID='20190902172232258'><General><Token>61111131252223224013000011333653</Token></General><Data></Data></Request>"}
[2019-09-02 17:22:32] 200 - OK - application/json
[2019-09-02 17:22:36] REQUEST GET - https://localhost:8082/settings/settings
[2019-09-02 17:22:36] ---- FROM  ::1 (WinNT)
[2019-09-02 17:22:36] ---- BROWSER:  Chrome 76.0 (Mozilla/5.0 (Windows NT 10.0; Win64; x64) AppleWebKit/537.36 (KHTML, like Gecko) Chrome/76.0.3809.132 Safari/537.36)
[2019-09-02 17:22:36] 200 - OK - text/html
[2019-09-02 17:22:37] REQUEST POST - https://localhost:8082/public/ws/Config.asmx/General_Get
[2019-09-02 17:22:37] ---- FROM  ::1 (WinNT)
[2019-09-02 17:22:37] ---- BROWSER:  Chrome 76.0 (Mozilla/5.0 (Windows NT 10.0; Win64; x64) AppleWebKit/537.36 (KHTML, like Gecko) Chrome/76.0.3809.132 Safari/537.36)
[2019-09-02 17:22:37] ---- CONTENT: {data : "<?xml version='1.0' encoding='utf-8' ?><Request ID='20190902172237748'><General><Token>61111131252223224013000011333653</Token></General><Data></Data></Request>"}
[2019-09-02 17:22:37] 200 - OK - application/json
[2019-09-02 17:22:39] REQUEST POST - https://localhost:8082/public/ws/Config.asmx/All_Get
[2019-09-02 17:22:39] ---- FROM  ::1 (WinNT)
[2019-09-02 17:22:39] ---- BROWSER:  Chrome 76.0 (Mozilla/5.0 (Windows NT 10.0; Win64; x64) AppleWebKit/537.36 (KHTML, like Gecko) Chrome/76.0.3809.132 Safari/537.36)
[2019-09-02 17:22:39] ---- CONTENT: {data : "<?xml version='1.0' encoding='utf-8' ?><Request ID='20190902172239432'><General><Token>61111131252223224013000011333653</Token></General><Data></Data></Request>"}
[2019-09-02 17:22:39] 200 - OK - application/json
[2019-09-02 17:22:39] REQUEST POST - https://localhost:8082/public/ws/Economics.asmx/messaggi_summary
[2019-09-02 17:22:39] ---- FROM  ::1 (WinNT)
[2019-09-02 17:22:39] ---- BROWSER:  Chrome 76.0 (Mozilla/5.0 (Windows NT 10.0; Win64; x64) AppleWebKit/537.36 (KHTML, like Gecko) Chrome/76.0.3809.132 Safari/537.36)
[2019-09-02 17:22:39] ---- CONTENT: {data : "<?xml version='1.0' encoding='utf-8' ?><Request ID='20190902172239678'><General><Token>61111131252223224013000011333653</Token></General><Data></Data></Request>"}
[2019-09-02 17:22:39] 200 - OK - application/json
[2019-09-02 17:22:39] REQUEST POST - https://localhost:8082/public/ws/Config.asmx/All_Get
[2019-09-02 17:22:39] ---- FROM  ::1 (WinNT)
[2019-09-02 17:22:39] ---- BROWSER:  Chrome 76.0 (Mozilla/5.0 (Windows NT 10.0; Win64; x64) AppleWebKit/537.36 (KHTML, like Gecko) Chrome/76.0.3809.132 Safari/537.36)
[2019-09-02 17:22:39] ---- CONTENT: {data : "<?xml version='1.0' encoding='utf-8' ?><Request ID='20190902172239876'><General><Token>61111131252223224013000011333653</Token></General><Data></Data></Request>"}
[2019-09-02 17:22:39] REQUEST POST - https://localhost:8082/public/ws/Config.asmx/All_Get
[2019-09-02 17:22:39] ---- FROM  ::1 (WinNT)
[2019-09-02 17:22:39] ---- BROWSER:  Chrome 76.0 (Mozilla/5.0 (Windows NT 10.0; Win64; x64) AppleWebKit/537.36 (KHTML, like Gecko) Chrome/76.0.3809.132 Safari/537.36)
[2019-09-02 17:22:39] ---- CONTENT: {data : "<?xml version='1.0' encoding='utf-8' ?><Request ID='20190902172239946'><General><Token>61111131252223224013000011333653</Token></General><Data></Data></Request>"}
[2019-09-02 17:22:40] 200 - OK - application/json
[2019-09-02 17:22:39] REQUEST GET - https://localhost:8082/public/ws/Resources.ashx/xml-general
[2019-09-02 17:22:39] REQUEST GET - https://localhost:8082/public/ws/Resources.ashx/xml-general
[2019-09-02 17:22:40] ---- FROM  ::1 (WinNT)
[2019-09-02 17:22:40] ---- BROWSER:  Chrome 76.0 (Mozilla/5.0 (Windows NT 10.0; Win64; x64) AppleWebKit/537.36 (KHTML, like Gecko) Chrome/76.0.3809.132 Safari/537.36)
[2019-09-02 17:22:40] 200 - OK - application/json
[2019-09-02 17:22:40] ---- FROM  ::1 (WinNT)
[2019-09-02 17:22:40] ---- BROWSER:  Chrome 76.0 (Mozilla/5.0 (Windows NT 10.0; Win64; x64) AppleWebKit/537.36 (KHTML, like Gecko) Chrome/76.0.3809.132 Safari/537.36)
[2019-09-02 17:22:40] 200 - OK - text/xml
[2019-09-02 17:22:40] 200 - OK - text/xml
[2019-09-02 17:22:41] REQUEST GET - https://localhost:8082/qa/qualitativa
[2019-09-02 17:22:41] ---- FROM  ::1 (WinNT)
[2019-09-02 17:22:41] ---- BROWSER:  Chrome 76.0 (Mozilla/5.0 (Windows NT 10.0; Win64; x64) AppleWebKit/537.36 (KHTML, like Gecko) Chrome/76.0.3809.132 Safari/537.36)
[2019-09-02 17:22:41] 200 - OK - text/html
[2019-09-02 17:22:42] REQUEST POST - https://localhost:8082/public/ws/QAnalysis.asmx/Get
[2019-09-02 17:22:42] ---- FROM  ::1 (WinNT)
[2019-09-02 17:22:42] ---- BROWSER:  Chrome 76.0 (Mozilla/5.0 (Windows NT 10.0; Win64; x64) AppleWebKit/537.36 (KHTML, like Gecko) Chrome/76.0.3809.132 Safari/537.36)
[2019-09-02 17:22:42] ---- CONTENT: {data : "<?xml version='1.0' encoding='utf-8' ?><Request ID='20190902172242470'><General><Token>61111131252223224013000011333653</Token></General><Data></Data></Request>"}
[2019-09-02 17:22:42] 200 - OK - application/json
[2019-09-02 17:22:45] REQUEST POST - https://localhost:8082/public/ws/Config.asmx/All_Get
[2019-09-02 17:22:45] ---- FROM  ::1 (WinNT)
[2019-09-02 17:22:45] ---- BROWSER:  Chrome 76.0 (Mozilla/5.0 (Windows NT 10.0; Win64; x64) AppleWebKit/537.36 (KHTML, like Gecko) Chrome/76.0.3809.132 Safari/537.36)
[2019-09-02 17:22:45] ---- CONTENT: {data : "<?xml version='1.0' encoding='utf-8' ?><Request ID='20190902172245115'><General><Token>61111131252223224013000011333653</Token></General><Data></Data></Request>"}
[2019-09-02 17:22:45] 200 - OK - application/json
[2019-09-02 17:22:45] REQUEST POST - https://localhost:8082/public/ws/Economics.asmx/messaggi_summary
[2019-09-02 17:22:45] ---- FROM  ::1 (WinNT)
[2019-09-02 17:22:45] ---- BROWSER:  Chrome 76.0 (Mozilla/5.0 (Windows NT 10.0; Win64; x64) AppleWebKit/537.36 (KHTML, like Gecko) Chrome/76.0.3809.132 Safari/537.36)
[2019-09-02 17:22:45] ---- CONTENT: {data : "<?xml version='1.0' encoding='utf-8' ?><Request ID='20190902172245256'><General><Token>61111131252223224013000011333653</Token></General><Data></Data></Request>"}
[2019-09-02 17:22:45] 200 - OK - application/json
[2019-09-02 17:22:45] REQUEST POST - https://localhost:8082/public/ws/Config.asmx/All_Get
[2019-09-02 17:22:45] ---- FROM  ::1 (WinNT)
[2019-09-02 17:22:45] ---- BROWSER:  Chrome 76.0 (Mozilla/5.0 (Windows NT 10.0; Win64; x64) AppleWebKit/537.36 (KHTML, like Gecko) Chrome/76.0.3809.132 Safari/537.36)
[2019-09-02 17:22:45] ---- CONTENT: {data : "<?xml version='1.0' encoding='utf-8' ?><Request ID='20190902172245414'><General><Token>61111131252223224013000011333653</Token></General><Data></Data></Request>"}
[2019-09-02 17:22:45] REQUEST GET - https://localhost:8082/public/ws/Resources.ashx/xml-qa
[2019-09-02 17:22:45] REQUEST POST - https://localhost:8082/public/ws/Config.asmx/All_Get
[2019-09-02 17:22:45] REQUEST GET - https://localhost:8082/public/ws/Resources.ashx/xml-qa
[2019-09-02 17:22:45] REQUEST GET - https://localhost:8082/public/ws/Resources.ashx/xml-qa
[2019-09-02 17:22:45] 200 - OK - application/json
[2019-09-02 17:22:45] ---- FROM  ::1 (WinNT)
[2019-09-02 17:22:45] ---- FROM  ::1 (WinNT)
[2019-09-02 17:22:45] ---- FROM  ::1 (WinNT)
[2019-09-02 17:22:45] ---- FROM  ::1 (WinNT)
[2019-09-02 17:22:45] ---- BROWSER:  Chrome 76.0 (Mozilla/5.0 (Windows NT 10.0; Win64; x64) AppleWebKit/537.36 (KHTML, like Gecko) Chrome/76.0.3809.132 Safari/537.36)
[2019-09-02 17:22:45] ---- BROWSER:  Chrome 76.0 (Mozilla/5.0 (Windows NT 10.0; Win64; x64) AppleWebKit/537.36 (KHTML, like Gecko) Chrome/76.0.3809.132 Safari/537.36)
[2019-09-02 17:22:45] ---- BROWSER:  Chrome 76.0 (Mozilla/5.0 (Windows NT 10.0; Win64; x64) AppleWebKit/537.36 (KHTML, like Gecko) Chrome/76.0.3809.132 Safari/537.36)
[2019-09-02 17:22:45] ---- BROWSER:  Chrome 76.0 (Mozilla/5.0 (Windows NT 10.0; Win64; x64) AppleWebKit/537.36 (KHTML, like Gecko) Chrome/76.0.3809.132 Safari/537.36)
[2019-09-02 17:22:45] ---- CONTENT: {data : "<?xml version='1.0' encoding='utf-8' ?><Request ID='20190902172245551'><General><Token>61111131252223224013000011333653</Token></General><Data></Data></Request>"}
[2019-09-02 17:22:45] 200 - OK - text/xml
[2019-09-02 17:22:45] 200 - OK - text/xml
[2019-09-02 17:22:45] REQUEST GET - https://localhost:8082/public/ws/Resources.ashx/xml-qa
[2019-09-02 17:22:45] 200 - OK - text/xml
[2019-09-02 17:22:45] REQUEST GET - https://localhost:8082/public/ws/Resources.ashx/xml-qa
[2019-09-02 17:22:45] REQUEST GET - https://localhost:8082/public/ws/Resources.ashx/xml-qa
[2019-09-02 17:22:45] REQUEST GET - https://localhost:8082/public/ws/Resources.ashx/xml-qa
[2019-09-02 17:22:45] 200 - OK - application/json
[2019-09-02 17:22:45] ---- FROM  ::1 (WinNT)
[2019-09-02 17:22:45] ---- BROWSER:  Chrome 76.0 (Mozilla/5.0 (Windows NT 10.0; Win64; x64) AppleWebKit/537.36 (KHTML, like Gecko) Chrome/76.0.3809.132 Safari/537.36)
[2019-09-02 17:22:45] ---- FROM  ::1 (WinNT)
[2019-09-02 17:22:45] ---- FROM  ::1 (WinNT)
[2019-09-02 17:22:45] ---- BROWSER:  Chrome 76.0 (Mozilla/5.0 (Windows NT 10.0; Win64; x64) AppleWebKit/537.36 (KHTML, like Gecko) Chrome/76.0.3809.132 Safari/537.36)
[2019-09-02 17:22:45] ---- FROM  ::1 (WinNT)
[2019-09-02 17:22:45] ---- BROWSER:  Chrome 76.0 (Mozilla/5.0 (Windows NT 10.0; Win64; x64) AppleWebKit/537.36 (KHTML, like Gecko) Chrome/76.0.3809.132 Safari/537.36)
[2019-09-02 17:22:45] REQUEST GET - https://localhost:8082/public/ws/Resources.ashx/xml-qa
[2019-09-02 17:22:45] ---- BROWSER:  Chrome 76.0 (Mozilla/5.0 (Windows NT 10.0; Win64; x64) AppleWebKit/537.36 (KHTML, like Gecko) Chrome/76.0.3809.132 Safari/537.36)
[2019-09-02 17:22:45] 200 - OK - text/xml
[2019-09-02 17:22:45] 200 - OK - text/xml
[2019-09-02 17:22:45] ---- FROM  ::1 (WinNT)
[2019-09-02 17:22:45] ---- BROWSER:  Chrome 76.0 (Mozilla/5.0 (Windows NT 10.0; Win64; x64) AppleWebKit/537.36 (KHTML, like Gecko) Chrome/76.0.3809.132 Safari/537.36)
[2019-09-02 17:22:45] 200 - OK - text/xml
[2019-09-02 17:22:45] 200 - OK - text/xml
[2019-09-02 17:22:45] 200 - OK - text/xml
[2019-09-02 17:22:45] REQUEST GET - https://localhost:8082/public/ws/Resources.ashx/xml-qa
[2019-09-02 17:22:45] REQUEST GET - https://localhost:8082/public/ws/Resources.ashx/xml-qa
[2019-09-02 17:22:45] ---- FROM  ::1 (WinNT)
[2019-09-02 17:22:45] REQUEST GET - https://localhost:8082/public/ws/Resources.ashx/xml-qa
[2019-09-02 17:22:45] ---- FROM  ::1 (WinNT)
[2019-09-02 17:22:45] REQUEST GET - https://localhost:8082/public/ws/Resources.ashx/xml-qa
[2019-09-02 17:22:45] ---- FROM  ::1 (WinNT)
[2019-09-02 17:22:45] REQUEST GET - https://localhost:8082/public/ws/Resources.ashx/xml-qa
[2019-09-02 17:22:45] ---- BROWSER:  Chrome 76.0 (Mozilla/5.0 (Windows NT 10.0; Win64; x64) AppleWebKit/537.36 (KHTML, like Gecko) Chrome/76.0.3809.132 Safari/537.36)
[2019-09-02 17:22:45] ---- BROWSER:  Chrome 76.0 (Mozilla/5.0 (Windows NT 10.0; Win64; x64) AppleWebKit/537.36 (KHTML, like Gecko) Chrome/76.0.3809.132 Safari/537.36)
[2019-09-02 17:22:45] ---- BROWSER:  Chrome 76.0 (Mozilla/5.0 (Windows NT 10.0; Win64; x64) AppleWebKit/537.36 (KHTML, like Gecko) Chrome/76.0.3809.132 Safari/537.36)
[2019-09-02 17:22:45] ---- FROM  ::1 (WinNT)
[2019-09-02 17:22:45] ---- BROWSER:  Chrome 76.0 (Mozilla/5.0 (Windows NT 10.0; Win64; x64) AppleWebKit/537.36 (KHTML, like Gecko) Chrome/76.0.3809.132 Safari/537.36)
[2019-09-02 17:22:45] ---- FROM  ::1 (WinNT)
[2019-09-02 17:22:45] 200 - OK - text/xml
[2019-09-02 17:22:45] 200 - OK - text/xml
[2019-09-02 17:22:45] 200 - OK - text/xml
[2019-09-02 17:22:45] ---- BROWSER:  Chrome 76.0 (Mozilla/5.0 (Windows NT 10.0; Win64; x64) AppleWebKit/537.36 (KHTML, like Gecko) Chrome/76.0.3809.132 Safari/537.36)
[2019-09-02 17:22:46] REQUEST GET - https://localhost:8082/public/ws/Resources.ashx/xml-qa
[2019-09-02 17:22:46] 200 - OK - text/xml
[2019-09-02 17:22:46] REQUEST GET - https://localhost:8082/public/ws/Resources.ashx/xml-qa
[2019-09-02 17:22:46] REQUEST GET - https://localhost:8082/public/ws/Resources.ashx/xml-qa
[2019-09-02 17:22:46] ---- FROM  ::1 (WinNT)
[2019-09-02 17:22:46] ---- BROWSER:  Chrome 76.0 (Mozilla/5.0 (Windows NT 10.0; Win64; x64) AppleWebKit/537.36 (KHTML, like Gecko) Chrome/76.0.3809.132 Safari/537.36)
[2019-09-02 17:22:46] ---- FROM  ::1 (WinNT)
[2019-09-02 17:22:46] 200 - OK - text/xml
[2019-09-02 17:22:46] ---- FROM  ::1 (WinNT)
[2019-09-02 17:22:46] ---- BROWSER:  Chrome 76.0 (Mozilla/5.0 (Windows NT 10.0; Win64; x64) AppleWebKit/537.36 (KHTML, like Gecko) Chrome/76.0.3809.132 Safari/537.36)
[2019-09-02 17:22:46] REQUEST GET - https://localhost:8082/public/ws/Resources.ashx/xml-qa
[2019-09-02 17:22:46] ---- BROWSER:  Chrome 76.0 (Mozilla/5.0 (Windows NT 10.0; Win64; x64) AppleWebKit/537.36 (KHTML, like Gecko) Chrome/76.0.3809.132 Safari/537.36)
[2019-09-02 17:22:46] 200 - OK - text/xml
[2019-09-02 17:22:46] 200 - OK - text/xml
[2019-09-02 17:22:46] REQUEST GET - https://localhost:8082/public/ws/Resources.ashx/xml-qa
[2019-09-02 17:22:46] 200 - OK - text/xml
[2019-09-02 17:22:46] ---- FROM  ::1 (WinNT)
[2019-09-02 17:22:46] ---- BROWSER:  Chrome 76.0 (Mozilla/5.0 (Windows NT 10.0; Win64; x64) AppleWebKit/537.36 (KHTML, like Gecko) Chrome/76.0.3809.132 Safari/537.36)
[2019-09-02 17:22:46] REQUEST GET - https://localhost:8082/public/ws/Resources.ashx/xml-qa
[2019-09-02 17:22:46] REQUEST GET - https://localhost:8082/public/ws/Resources.ashx/xml-qa
[2019-09-02 17:22:46] REQUEST GET - https://localhost:8082/public/ws/Resources.ashx/xml-qa
[2019-09-02 17:22:46] ---- FROM  ::1 (WinNT)
[2019-09-02 17:22:46] ---- FROM  ::1 (WinNT)
[2019-09-02 17:22:46] ---- BROWSER:  Chrome 76.0 (Mozilla/5.0 (Windows NT 10.0; Win64; x64) AppleWebKit/537.36 (KHTML, like Gecko) Chrome/76.0.3809.132 Safari/537.36)
[2019-09-02 17:22:46] ---- FROM  ::1 (WinNT)
[2019-09-02 17:22:46] ---- FROM  ::1 (WinNT)
[2019-09-02 17:22:46] 200 - OK - text/xml
[2019-09-02 17:22:46] ---- BROWSER:  Chrome 76.0 (Mozilla/5.0 (Windows NT 10.0; Win64; x64) AppleWebKit/537.36 (KHTML, like Gecko) Chrome/76.0.3809.132 Safari/537.36)
[2019-09-02 17:22:46] ---- BROWSER:  Chrome 76.0 (Mozilla/5.0 (Windows NT 10.0; Win64; x64) AppleWebKit/537.36 (KHTML, like Gecko) Chrome/76.0.3809.132 Safari/537.36)
[2019-09-02 17:22:46] ---- BROWSER:  Chrome 76.0 (Mozilla/5.0 (Windows NT 10.0; Win64; x64) AppleWebKit/537.36 (KHTML, like Gecko) Chrome/76.0.3809.132 Safari/537.36)
[2019-09-02 17:22:46] 200 - OK - text/xml
[2019-09-02 17:22:46] 200 - OK - text/xml
[2019-09-02 17:22:46] 200 - OK - text/xml
[2019-09-02 17:22:46] 200 - OK - text/xml
[2019-09-02 17:22:46] REQUEST GET - https://localhost:8082/public/ws/Resources.ashx/xml-qa
[2019-09-02 17:22:46] ---- FROM  ::1 (WinNT)
[2019-09-02 17:22:46] REQUEST GET - https://localhost:8082/public/ws/Resources.ashx/xml-qa
[2019-09-02 17:22:46] REQUEST GET - https://localhost:8082/public/ws/Resources.ashx/xml-qa
[2019-09-02 17:22:46] ---- FROM  ::1 (WinNT)
[2019-09-02 17:22:46] ---- BROWSER:  Chrome 76.0 (Mozilla/5.0 (Windows NT 10.0; Win64; x64) AppleWebKit/537.36 (KHTML, like Gecko) Chrome/76.0.3809.132 Safari/537.36)
[2019-09-02 17:22:46] REQUEST GET - https://localhost:8082/public/ws/Resources.ashx/xml-qa
[2019-09-02 17:22:46] ---- FROM  ::1 (WinNT)
[2019-09-02 17:22:46] ---- BROWSER:  Chrome 76.0 (Mozilla/5.0 (Windows NT 10.0; Win64; x64) AppleWebKit/537.36 (KHTML, like Gecko) Chrome/76.0.3809.132 Safari/537.36)
[2019-09-02 17:22:46] ---- FROM  ::1 (WinNT)
[2019-09-02 17:22:46] ---- BROWSER:  Chrome 76.0 (Mozilla/5.0 (Windows NT 10.0; Win64; x64) AppleWebKit/537.36 (KHTML, like Gecko) Chrome/76.0.3809.132 Safari/537.36)
[2019-09-02 17:22:46] ---- BROWSER:  Chrome 76.0 (Mozilla/5.0 (Windows NT 10.0; Win64; x64) AppleWebKit/537.36 (KHTML, like Gecko) Chrome/76.0.3809.132 Safari/537.36)
[2019-09-02 17:22:46] 200 - OK - text/xml
[2019-09-02 17:22:46] 200 - OK - text/xml
[2019-09-02 17:22:46] 200 - OK - text/xml
[2019-09-02 17:22:46] 200 - OK - text/xml
[2019-09-02 17:22:46] REQUEST GET - https://localhost:8082/public/ws/Resources.ashx/xml-qa
[2019-09-02 17:22:46] REQUEST GET - https://localhost:8082/public/ws/Resources.ashx/xml-qa
[2019-09-02 17:22:46] REQUEST GET - https://localhost:8082/public/ws/Resources.ashx/xml-qa
[2019-09-02 17:22:46] ---- FROM  ::1 (WinNT)
[2019-09-02 17:22:46] REQUEST GET - https://localhost:8082/public/ws/Resources.ashx/xml-qa
[2019-09-02 17:22:46] ---- FROM  ::1 (WinNT)
[2019-09-02 17:22:46] ---- BROWSER:  Chrome 76.0 (Mozilla/5.0 (Windows NT 10.0; Win64; x64) AppleWebKit/537.36 (KHTML, like Gecko) Chrome/76.0.3809.132 Safari/537.36)
[2019-09-02 17:22:46] ---- FROM  ::1 (WinNT)
[2019-09-02 17:22:46] ---- BROWSER:  Chrome 76.0 (Mozilla/5.0 (Windows NT 10.0; Win64; x64) AppleWebKit/537.36 (KHTML, like Gecko) Chrome/76.0.3809.132 Safari/537.36)
[2019-09-02 17:22:46] ---- FROM  ::1 (WinNT)
[2019-09-02 17:22:46] ---- BROWSER:  Chrome 76.0 (Mozilla/5.0 (Windows NT 10.0; Win64; x64) AppleWebKit/537.36 (KHTML, like Gecko) Chrome/76.0.3809.132 Safari/537.36)
[2019-09-02 17:22:46] ---- BROWSER:  Chrome 76.0 (Mozilla/5.0 (Windows NT 10.0; Win64; x64) AppleWebKit/537.36 (KHTML, like Gecko) Chrome/76.0.3809.132 Safari/537.36)
[2019-09-02 17:22:46] 200 - OK - text/xml
[2019-09-02 17:22:46] REQUEST GET - https://localhost:8082/public/ws/Resources.ashx/xml-qa
[2019-09-02 17:22:46] ---- FROM  ::1 (WinNT)
[2019-09-02 17:22:46] 200 - OK - text/xml
[2019-09-02 17:22:46] 200 - OK - text/xml
[2019-09-02 17:22:46] ---- BROWSER:  Chrome 76.0 (Mozilla/5.0 (Windows NT 10.0; Win64; x64) AppleWebKit/537.36 (KHTML, like Gecko) Chrome/76.0.3809.132 Safari/537.36)
[2019-09-02 17:22:46] 200 - OK - text/xml
[2019-09-02 17:22:46] REQUEST GET - https://localhost:8082/public/ws/Resources.ashx/xml-qa
[2019-09-02 17:22:46] ---- FROM  ::1 (WinNT)
[2019-09-02 17:22:46] ---- BROWSER:  Chrome 76.0 (Mozilla/5.0 (Windows NT 10.0; Win64; x64) AppleWebKit/537.36 (KHTML, like Gecko) Chrome/76.0.3809.132 Safari/537.36)
[2019-09-02 17:22:46] 200 - OK - text/xml
[2019-09-02 17:22:46] REQUEST GET - https://localhost:8082/public/ws/Resources.ashx/xml-qa
[2019-09-02 17:22:46] ---- FROM  ::1 (WinNT)
[2019-09-02 17:22:46] ---- BROWSER:  Chrome 76.0 (Mozilla/5.0 (Windows NT 10.0; Win64; x64) AppleWebKit/537.36 (KHTML, like Gecko) Chrome/76.0.3809.132 Safari/537.36)
[2019-09-02 17:22:46] REQUEST GET - https://localhost:8082/public/ws/Resources.ashx/xml-qa
[2019-09-02 17:22:46] ---- FROM  ::1 (WinNT)
[2019-09-02 17:22:46] 200 - OK - text/xml
[2019-09-02 17:22:46] 200 - OK - text/xml
[2019-09-02 17:22:46] REQUEST GET - https://localhost:8082/public/ws/Resources.ashx/xml-qa
[2019-09-02 17:22:46] ---- FROM  ::1 (WinNT)
[2019-09-02 17:22:46] ---- BROWSER:  Chrome 76.0 (Mozilla/5.0 (Windows NT 10.0; Win64; x64) AppleWebKit/537.36 (KHTML, like Gecko) Chrome/76.0.3809.132 Safari/537.36)
[2019-09-02 17:22:46] REQUEST GET - https://localhost:8082/public/ws/Resources.ashx/xml-qa
[2019-09-02 17:22:46] ---- BROWSER:  Chrome 76.0 (Mozilla/5.0 (Windows NT 10.0; Win64; x64) AppleWebKit/537.36 (KHTML, like Gecko) Chrome/76.0.3809.132 Safari/537.36)
[2019-09-02 17:22:46] 200 - OK - text/xml
[2019-09-02 17:22:46] 200 - OK - text/xml
[2019-09-02 17:22:46] ---- FROM  ::1 (WinNT)
[2019-09-02 17:22:46] ---- BROWSER:  Chrome 76.0 (Mozilla/5.0 (Windows NT 10.0; Win64; x64) AppleWebKit/537.36 (KHTML, like Gecko) Chrome/76.0.3809.132 Safari/537.36)
[2019-09-02 17:22:46] 200 - OK - text/xml
[2019-09-02 17:22:56] REQUEST GET - https://localhost:8082/economics/impostazioni
[2019-09-02 17:22:56] ---- FROM  ::1 (WinNT)
[2019-09-02 17:22:56] ---- BROWSER:  Chrome 76.0 (Mozilla/5.0 (Windows NT 10.0; Win64; x64) AppleWebKit/537.36 (KHTML, like Gecko) Chrome/76.0.3809.132 Safari/537.36)
[2019-09-02 17:22:56] 200 - OK - text/html
[2019-09-02 17:22:57] REQUEST POST - https://localhost:8082/public/ws/Config.asmx/Economics_Get
[2019-09-02 17:22:57] ---- FROM  ::1 (WinNT)
[2019-09-02 17:22:57] ---- BROWSER:  Chrome 76.0 (Mozilla/5.0 (Windows NT 10.0; Win64; x64) AppleWebKit/537.36 (KHTML, like Gecko) Chrome/76.0.3809.132 Safari/537.36)
[2019-09-02 17:22:57] ---- CONTENT: {data : "<?xml version='1.0' encoding='utf-8' ?><Request ID='20190902172257780'><General><Token>61111131252223224013000011333653</Token></General><Data></Data></Request>"}
[2019-09-02 17:22:57] 200 - OK - application/json
[2019-09-02 17:22:59] REQUEST POST - https://localhost:8082/public/ws/Config.asmx/All_Get
[2019-09-02 17:22:59] ---- FROM  ::1 (WinNT)
[2019-09-02 17:22:59] ---- BROWSER:  Chrome 76.0 (Mozilla/5.0 (Windows NT 10.0; Win64; x64) AppleWebKit/537.36 (KHTML, like Gecko) Chrome/76.0.3809.132 Safari/537.36)
[2019-09-02 17:22:59] ---- CONTENT: {data : "<?xml version='1.0' encoding='utf-8' ?><Request ID='20190902172259428'><General><Token>61111131252223224013000011333653</Token></General><Data></Data></Request>"}
[2019-09-02 17:22:59] 200 - OK - application/json
[2019-09-02 17:22:59] REQUEST POST - https://localhost:8082/public/ws/Economics.asmx/messaggi_summary
[2019-09-02 17:22:59] ---- FROM  ::1 (WinNT)
[2019-09-02 17:22:59] ---- BROWSER:  Chrome 76.0 (Mozilla/5.0 (Windows NT 10.0; Win64; x64) AppleWebKit/537.36 (KHTML, like Gecko) Chrome/76.0.3809.132 Safari/537.36)
[2019-09-02 17:22:59] ---- CONTENT: {data : "<?xml version='1.0' encoding='utf-8' ?><Request ID='20190902172259602'><General><Token>61111131252223224013000011333653</Token></General><Data></Data></Request>"}
[2019-09-02 17:22:59] 200 - OK - application/json
[2019-09-02 17:22:59] REQUEST POST - https://localhost:8082/public/ws/Config.asmx/All_Get
[2019-09-02 17:23:00] ---- FROM  ::1 (WinNT)
[2019-09-02 17:23:00] ---- BROWSER:  Chrome 76.0 (Mozilla/5.0 (Windows NT 10.0; Win64; x64) AppleWebKit/537.36 (KHTML, like Gecko) Chrome/76.0.3809.132 Safari/537.36)
[2019-09-02 17:23:00] ---- CONTENT: {data : "<?xml version='1.0' encoding='utf-8' ?><Request ID='20190902172259837'><General><Token>61111131252223224013000011333653</Token></General><Data></Data></Request>"}
[2019-09-02 17:22:59] REQUEST POST - https://localhost:8082/public/ws/Config.asmx/All_Get
[2019-09-02 17:23:00] ---- FROM  ::1 (WinNT)
[2019-09-02 17:23:00] ---- BROWSER:  Chrome 76.0 (Mozilla/5.0 (Windows NT 10.0; Win64; x64) AppleWebKit/537.36 (KHTML, like Gecko) Chrome/76.0.3809.132 Safari/537.36)
[2019-09-02 17:23:00] ---- CONTENT: {data : "<?xml version='1.0' encoding='utf-8' ?><Request ID='20190902172259904'><General><Token>61111131252223224013000011333653</Token></General><Data></Data></Request>"}
[2019-09-02 17:23:00] 200 - OK - application/json
[2019-09-02 17:23:00] 200 - OK - application/json
[2019-09-02 17:27:10] REQUEST GET - https://localhost:8082/public/aspx/Home.aspx?Token=61111131252223224013000011333653&TokenApiRest=eyJ0eXAiOiJKV1QiLCJhbGciOiJIUzI1NiJ9.eyJpc3MiOiJodHRwczpcL1wvd3d3cy5kZXYteWVhcC5pdCIsImlhdCI6MTU0MjI5NDMyMSwibmJmIjoxNTQyMjk0MzIxLCJleHAiOjE1NDI4OTkxMjEsImRhdGEiOnsidXNlciI6eyJpZCI6IjQ0In19fQ.RCP5OeoGASxAyBw1MbMD4BFJAcDM5JIXqYXKBALZcJI&Logo=https://localhost:8082/scratch/pl_logo.png&Title=Business Plan Test nr. 2
[2019-09-02 17:27:10] ---- FROM  ::1 (WinNT)
[2019-09-02 17:27:10] ---- BROWSER:  Chrome 76.0 (Mozilla/5.0 (Windows NT 10.0; Win64; x64) AppleWebKit/537.36 (KHTML, like Gecko) Chrome/76.0.3809.132 Safari/537.36)
[2019-09-02 17:27:10] 302 - Found - text/html
[2019-09-02 17:27:10] REQUEST GET - https://localhost:8082/home/welcome?Token=61111131252223224013000011333653&TokenApiRest=eyJ0eXAiOiJKV1QiLCJhbGciOiJIUzI1NiJ9.eyJpc3MiOiJodHRwczpcL1wvd3d3cy5kZXYteWVhcC5pdCIsImlhdCI6MTU0MjI5NDMyMSwibmJmIjoxNTQyMjk0MzIxLCJleHAiOjE1NDI4OTkxMjEsImRhdGEiOnsidXNlciI6eyJpZCI6IjQ0In19fQ.RCP5OeoGASxAyBw1MbMD4BFJAcDM5JIXqYXKBALZcJI&Logo=https://localhost:8082/scratch/pl_logo.png&Title=Business Plan Test nr. 2
[2019-09-02 17:27:10] ---- FROM  ::1 (WinNT)
[2019-09-02 17:27:10] ---- BROWSER:  Chrome 76.0 (Mozilla/5.0 (Windows NT 10.0; Win64; x64) AppleWebKit/537.36 (KHTML, like Gecko) Chrome/76.0.3809.132 Safari/537.36)
[2019-09-02 17:27:10] 200 - OK - text/html
[2019-09-02 17:27:12] REQUEST POST - https://localhost:8082/public/ws/General.asmx/Set
[2019-09-02 17:27:12] ---- FROM  ::1 (WinNT)
[2019-09-02 17:27:12] ---- BROWSER:  Chrome 76.0 (Mozilla/5.0 (Windows NT 10.0; Win64; x64) AppleWebKit/537.36 (KHTML, like Gecko) Chrome/76.0.3809.132 Safari/537.36)
[2019-09-02 17:27:12] ---- CONTENT: {data : "<?xml version='1.0' encoding='utf-8' ?><Request ID='20190902172712132'><General><Token>61111131252223224013000011333653</Token></General><Data><Nome>Business Plan Test nr. 2</Nome><Logo>https%3A%2F%2Flocalhost%3A8082%2Fscratch%2Fpl_logo.png</Logo></Data></Request>"}
[2019-09-02 17:27:12] 200 - OK - application/json
[2019-09-02 17:27:12] REQUEST POST - https://localhost:8082/public/ws/Config.asmx/Economics_Get
[2019-09-02 17:27:12] ---- FROM  ::1 (WinNT)
[2019-09-02 17:27:12] ---- BROWSER:  Chrome 76.0 (Mozilla/5.0 (Windows NT 10.0; Win64; x64) AppleWebKit/537.36 (KHTML, like Gecko) Chrome/76.0.3809.132 Safari/537.36)
[2019-09-02 17:27:12] ---- CONTENT: {data : "<?xml version='1.0' encoding='utf-8' ?><Request ID='20190902172712182'><General><Token>61111131252223224013000011333653</Token></General><Data></Data></Request>"}
[2019-09-02 17:27:12] 200 - OK - application/json
[2019-09-02 17:27:14] REQUEST POST - https://localhost:8082/public/ws/Config.asmx/All_Get
[2019-09-02 17:27:14] ---- FROM  ::1 (WinNT)
[2019-09-02 17:27:14] ---- BROWSER:  Chrome 76.0 (Mozilla/5.0 (Windows NT 10.0; Win64; x64) AppleWebKit/537.36 (KHTML, like Gecko) Chrome/76.0.3809.132 Safari/537.36)
[2019-09-02 17:27:14] ---- CONTENT: {data : "<?xml version='1.0' encoding='utf-8' ?><Request ID='20190902172714736'><General><Token>61111131252223224013000011333653</Token></General><Data></Data></Request>"}
[2019-09-02 17:27:14] 200 - OK - application/json
[2019-09-02 17:27:15] REQUEST POST - https://localhost:8082/public/ws/Economics.asmx/messaggi_summary
[2019-09-02 17:27:15] ---- FROM  ::1 (WinNT)
[2019-09-02 17:27:15] ---- BROWSER:  Chrome 76.0 (Mozilla/5.0 (Windows NT 10.0; Win64; x64) AppleWebKit/537.36 (KHTML, like Gecko) Chrome/76.0.3809.132 Safari/537.36)
[2019-09-02 17:27:15] ---- CONTENT: {data : "<?xml version='1.0' encoding='utf-8' ?><Request ID='20190902172714916'><General><Token>61111131252223224013000011333653</Token></General><Data></Data></Request>"}
[2019-09-02 17:27:15] REQUEST POST - https://localhost:8082/public/ws/Config.asmx/All_Get
[2019-09-02 17:27:15] ---- FROM  ::1 (WinNT)
[2019-09-02 17:27:15] ---- BROWSER:  Chrome 76.0 (Mozilla/5.0 (Windows NT 10.0; Win64; x64) AppleWebKit/537.36 (KHTML, like Gecko) Chrome/76.0.3809.132 Safari/537.36)
[2019-09-02 17:27:15] ---- CONTENT: {data : "<?xml version='1.0' encoding='utf-8' ?><Request ID='20190902172715252'><General><Token>61111131252223224013000011333653</Token></General><Data></Data></Request>"}
[2019-09-02 17:27:15] 200 - OK - application/json
[2019-09-02 17:27:15] 200 - OK - application/json
[2019-09-02 17:27:15] REQUEST POST - https://localhost:8082/public/ws/Config.asmx/All_Get
[2019-09-02 17:27:15] ---- FROM  ::1 (WinNT)
[2019-09-02 17:27:15] ---- BROWSER:  Chrome 76.0 (Mozilla/5.0 (Windows NT 10.0; Win64; x64) AppleWebKit/537.36 (KHTML, like Gecko) Chrome/76.0.3809.132 Safari/537.36)
[2019-09-02 17:27:15] ---- CONTENT: {data : "<?xml version='1.0' encoding='utf-8' ?><Request ID='20190902172715365'><General><Token>61111131252223224013000011333653</Token></General><Data></Data></Request>"}
[2019-09-02 17:27:15] 200 - OK - application/json
[2019-09-02 17:27:38] REQUEST GET - https://localhost:8082/economics/impostazioni
[2019-09-02 17:27:38] ---- FROM  ::1 (WinNT)
[2019-09-02 17:27:38] ---- BROWSER:  Chrome 76.0 (Mozilla/5.0 (Windows NT 10.0; Win64; x64) AppleWebKit/537.36 (KHTML, like Gecko) Chrome/76.0.3809.132 Safari/537.36)
[2019-09-02 17:27:38] 200 - OK - text/html
[2019-09-02 17:27:39] REQUEST POST - https://localhost:8082/public/ws/Config.asmx/Economics_Get
[2019-09-02 17:27:39] ---- FROM  ::1 (WinNT)
[2019-09-02 17:27:39] ---- BROWSER:  Chrome 76.0 (Mozilla/5.0 (Windows NT 10.0; Win64; x64) AppleWebKit/537.36 (KHTML, like Gecko) Chrome/76.0.3809.132 Safari/537.36)
[2019-09-02 17:27:39] ---- CONTENT: {data : "<?xml version='1.0' encoding='utf-8' ?><Request ID='20190902172739537'><General><Token>61111131252223224013000011333653</Token></General><Data></Data></Request>"}
[2019-09-02 17:27:39] 200 - OK - application/json
[2019-09-02 17:27:41] REQUEST POST - https://localhost:8082/public/ws/Config.asmx/All_Get
[2019-09-02 17:27:41] ---- FROM  ::1 (WinNT)
[2019-09-02 17:27:41] ---- BROWSER:  Chrome 76.0 (Mozilla/5.0 (Windows NT 10.0; Win64; x64) AppleWebKit/537.36 (KHTML, like Gecko) Chrome/76.0.3809.132 Safari/537.36)
[2019-09-02 17:27:41] ---- CONTENT: {data : "<?xml version='1.0' encoding='utf-8' ?><Request ID='20190902172741337'><General><Token>61111131252223224013000011333653</Token></General><Data></Data></Request>"}
[2019-09-02 17:27:41] 200 - OK - application/json
[2019-09-02 17:27:41] REQUEST POST - https://localhost:8082/public/ws/Economics.asmx/messaggi_summary
[2019-09-02 17:27:41] ---- FROM  ::1 (WinNT)
[2019-09-02 17:27:41] ---- BROWSER:  Chrome 76.0 (Mozilla/5.0 (Windows NT 10.0; Win64; x64) AppleWebKit/537.36 (KHTML, like Gecko) Chrome/76.0.3809.132 Safari/537.36)
[2019-09-02 17:27:41] ---- CONTENT: {data : "<?xml version='1.0' encoding='utf-8' ?><Request ID='20190902172741533'><General><Token>61111131252223224013000011333653</Token></General><Data></Data></Request>"}
[2019-09-02 17:27:41] REQUEST POST - https://localhost:8082/public/ws/Config.asmx/All_Get
[2019-09-02 17:27:41] ---- FROM  ::1 (WinNT)
[2019-09-02 17:27:41] ---- BROWSER:  Chrome 76.0 (Mozilla/5.0 (Windows NT 10.0; Win64; x64) AppleWebKit/537.36 (KHTML, like Gecko) Chrome/76.0.3809.132 Safari/537.36)
[2019-09-02 17:27:42] ---- CONTENT: {data : "<?xml version='1.0' encoding='utf-8' ?><Request ID='20190902172741877'><General><Token>61111131252223224013000011333653</Token></General><Data></Data></Request>"}
[2019-09-02 17:27:42] 200 - OK - application/json
[2019-09-02 17:27:42] 200 - OK - application/json
[2019-09-02 17:27:42] REQUEST POST - https://localhost:8082/public/ws/Config.asmx/All_Get
[2019-09-02 17:27:42] ---- FROM  ::1 (WinNT)
[2019-09-02 17:27:42] ---- BROWSER:  Chrome 76.0 (Mozilla/5.0 (Windows NT 10.0; Win64; x64) AppleWebKit/537.36 (KHTML, like Gecko) Chrome/76.0.3809.132 Safari/537.36)
[2019-09-02 17:27:42] ---- CONTENT: {data : "<?xml version='1.0' encoding='utf-8' ?><Request ID='2019090217274240'><General><Token>61111131252223224013000011333653</Token></General><Data></Data></Request>"}
[2019-09-02 17:27:42] 200 - OK - application/json
[2019-09-02 17:31:05] REQUEST GET - https://localhost:8082/public/aspx/Home.aspx?Token=61111131252223224013000011333653&TokenApiRest=eyJ0eXAiOiJKV1QiLCJhbGciOiJIUzI1NiJ9.eyJpc3MiOiJodHRwczpcL1wvd3d3cy5kZXYteWVhcC5pdCIsImlhdCI6MTU0MjI5NDMyMSwibmJmIjoxNTQyMjk0MzIxLCJleHAiOjE1NDI4OTkxMjEsImRhdGEiOnsidXNlciI6eyJpZCI6IjQ0In19fQ.RCP5OeoGASxAyBw1MbMD4BFJAcDM5JIXqYXKBALZcJI&Logo=https://localhost:8082/scratch/pl_logo.png&Title=Business Plan Test nr. 2
[2019-09-02 17:31:05] ---- FROM  ::1 (WinNT)
[2019-09-02 17:31:05] ---- BROWSER:  Chrome 76.0 (Mozilla/5.0 (Windows NT 10.0; Win64; x64) AppleWebKit/537.36 (KHTML, like Gecko) Chrome/76.0.3809.132 Safari/537.36)
[2019-09-02 17:31:05] 302 - Found - text/html
[2019-09-02 17:31:05] REQUEST GET - https://localhost:8082/home/welcome?Token=61111131252223224013000011333653&TokenApiRest=eyJ0eXAiOiJKV1QiLCJhbGciOiJIUzI1NiJ9.eyJpc3MiOiJodHRwczpcL1wvd3d3cy5kZXYteWVhcC5pdCIsImlhdCI6MTU0MjI5NDMyMSwibmJmIjoxNTQyMjk0MzIxLCJleHAiOjE1NDI4OTkxMjEsImRhdGEiOnsidXNlciI6eyJpZCI6IjQ0In19fQ.RCP5OeoGASxAyBw1MbMD4BFJAcDM5JIXqYXKBALZcJI&Logo=https://localhost:8082/scratch/pl_logo.png&Title=Business Plan Test nr. 2
[2019-09-02 17:31:05] ---- FROM  ::1 (WinNT)
[2019-09-02 17:31:05] ---- BROWSER:  Chrome 76.0 (Mozilla/5.0 (Windows NT 10.0; Win64; x64) AppleWebKit/537.36 (KHTML, like Gecko) Chrome/76.0.3809.132 Safari/537.36)
[2019-09-02 17:31:05] 200 - OK - text/html
[2019-09-02 17:31:07] REQUEST POST - https://localhost:8082/public/ws/General.asmx/Set
[2019-09-02 17:31:07] ---- FROM  ::1 (WinNT)
[2019-09-02 17:31:07] ---- BROWSER:  Chrome 76.0 (Mozilla/5.0 (Windows NT 10.0; Win64; x64) AppleWebKit/537.36 (KHTML, like Gecko) Chrome/76.0.3809.132 Safari/537.36)
[2019-09-02 17:31:07] ---- CONTENT: {data : "<?xml version='1.0' encoding='utf-8' ?><Request ID='20190902173107374'><General><Token>61111131252223224013000011333653</Token></General><Data><Nome>Business Plan Test nr. 2</Nome><Logo>https%3A%2F%2Flocalhost%3A8082%2Fscratch%2Fpl_logo.png</Logo></Data></Request>"}
[2019-09-02 17:31:07] 200 - OK - application/json
[2019-09-02 17:31:07] REQUEST POST - https://localhost:8082/public/ws/Config.asmx/Economics_Get
[2019-09-02 17:31:07] ---- FROM  ::1 (WinNT)
[2019-09-02 17:31:07] ---- BROWSER:  Chrome 76.0 (Mozilla/5.0 (Windows NT 10.0; Win64; x64) AppleWebKit/537.36 (KHTML, like Gecko) Chrome/76.0.3809.132 Safari/537.36)
[2019-09-02 17:31:07] ---- CONTENT: {data : "<?xml version='1.0' encoding='utf-8' ?><Request ID='20190902173107425'><General><Token>61111131252223224013000011333653</Token></General><Data></Data></Request>"}
[2019-09-02 17:31:07] 200 - OK - application/json
[2019-09-02 17:31:09] REQUEST POST - https://localhost:8082/public/ws/Config.asmx/All_Get
[2019-09-02 17:31:09] ---- FROM  ::1 (WinNT)
[2019-09-02 17:31:09] ---- BROWSER:  Chrome 76.0 (Mozilla/5.0 (Windows NT 10.0; Win64; x64) AppleWebKit/537.36 (KHTML, like Gecko) Chrome/76.0.3809.132 Safari/537.36)
[2019-09-02 17:31:09] ---- CONTENT: {data : "<?xml version='1.0' encoding='utf-8' ?><Request ID='20190902173109366'><General><Token>61111131252223224013000011333653</Token></General><Data></Data></Request>"}
[2019-09-02 17:31:09] 200 - OK - application/json
[2019-09-02 17:31:09] REQUEST POST - https://localhost:8082/public/ws/Economics.asmx/messaggi_summary
[2019-09-02 17:31:09] ---- FROM  ::1 (WinNT)
[2019-09-02 17:31:09] ---- BROWSER:  Chrome 76.0 (Mozilla/5.0 (Windows NT 10.0; Win64; x64) AppleWebKit/537.36 (KHTML, like Gecko) Chrome/76.0.3809.132 Safari/537.36)
[2019-09-02 17:31:09] ---- CONTENT: {data : "<?xml version='1.0' encoding='utf-8' ?><Request ID='20190902173109518'><General><Token>61111131252223224013000011333653</Token></General><Data></Data></Request>"}
[2019-09-02 17:31:09] 200 - OK - application/json
[2019-09-02 17:31:09] REQUEST POST - https://localhost:8082/public/ws/Config.asmx/All_Get
[2019-09-02 17:31:09] ---- FROM  ::1 (WinNT)
[2019-09-02 17:31:09] ---- BROWSER:  Chrome 76.0 (Mozilla/5.0 (Windows NT 10.0; Win64; x64) AppleWebKit/537.36 (KHTML, like Gecko) Chrome/76.0.3809.132 Safari/537.36)
[2019-09-02 17:31:09] ---- CONTENT: {data : "<?xml version='1.0' encoding='utf-8' ?><Request ID='20190902173109866'><General><Token>61111131252223224013000011333653</Token></General><Data></Data></Request>"}
[2019-09-02 17:31:09] REQUEST POST - https://localhost:8082/public/ws/Config.asmx/All_Get
[2019-09-02 17:31:09] ---- FROM  ::1 (WinNT)
[2019-09-02 17:31:09] ---- BROWSER:  Chrome 76.0 (Mozilla/5.0 (Windows NT 10.0; Win64; x64) AppleWebKit/537.36 (KHTML, like Gecko) Chrome/76.0.3809.132 Safari/537.36)
[2019-09-02 17:31:09] ---- CONTENT: {data : "<?xml version='1.0' encoding='utf-8' ?><Request ID='20190902173109911'><General><Token>61111131252223224013000011333653</Token></General><Data></Data></Request>"}
[2019-09-02 17:31:09] 200 - OK - application/json
[2019-09-02 17:31:09] 200 - OK - application/json
[2019-09-02 17:31:20] REQUEST GET - https://localhost:8082/economics/ricavi
[2019-09-02 17:31:20] ---- FROM  ::1 (WinNT)
[2019-09-02 17:31:20] ---- BROWSER:  Chrome 76.0 (Mozilla/5.0 (Windows NT 10.0; Win64; x64) AppleWebKit/537.36 (KHTML, like Gecko) Chrome/76.0.3809.132 Safari/537.36)
[2019-09-02 17:31:20] 200 - OK - text/html
[2019-09-02 17:31:21] REQUEST POST - https://localhost:8082/public/ws/Ricavi.asmx/Ricavo_Get
[2019-09-02 17:31:21] ---- FROM  ::1 (WinNT)
[2019-09-02 17:31:21] ---- BROWSER:  Chrome 76.0 (Mozilla/5.0 (Windows NT 10.0; Win64; x64) AppleWebKit/537.36 (KHTML, like Gecko) Chrome/76.0.3809.132 Safari/537.36)
[2019-09-02 17:31:21] ---- CONTENT: {data : "<?xml version='1.0' encoding='utf-8' ?><Request ID='20190902173121619'><General><Token>61111131252223224013000011333653</Token></General><Data></Data></Request>"}
[2019-09-02 17:31:21] 200 - OK - application/json
[2019-09-02 17:31:30] REQUEST GET - https://localhost:8082/public/aspx/Home.aspx?Token=61111131252223224013000011333653&TokenApiRest=eyJ0eXAiOiJKV1QiLCJhbGciOiJIUzI1NiJ9.eyJpc3MiOiJodHRwczpcL1wvd3d3cy5kZXYteWVhcC5pdCIsImlhdCI6MTU0MjI5NDMyMSwibmJmIjoxNTQyMjk0MzIxLCJleHAiOjE1NDI4OTkxMjEsImRhdGEiOnsidXNlciI6eyJpZCI6IjQ0In19fQ.RCP5OeoGASxAyBw1MbMD4BFJAcDM5JIXqYXKBALZcJI&Logo=https://localhost:8082/scratch/pl_logo.png&Title=Business Plan Test nr. 2
[2019-09-02 17:31:30] ---- FROM  ::1 (WinNT)
[2019-09-02 17:31:30] ---- BROWSER:  Chrome 76.0 (Mozilla/5.0 (Windows NT 10.0; Win64; x64) AppleWebKit/537.36 (KHTML, like Gecko) Chrome/76.0.3809.132 Safari/537.36)
[2019-09-02 17:31:30] 302 - Found - text/html
[2019-09-02 17:31:30] REQUEST GET - https://localhost:8082/home/welcome?Token=61111131252223224013000011333653&TokenApiRest=eyJ0eXAiOiJKV1QiLCJhbGciOiJIUzI1NiJ9.eyJpc3MiOiJodHRwczpcL1wvd3d3cy5kZXYteWVhcC5pdCIsImlhdCI6MTU0MjI5NDMyMSwibmJmIjoxNTQyMjk0MzIxLCJleHAiOjE1NDI4OTkxMjEsImRhdGEiOnsidXNlciI6eyJpZCI6IjQ0In19fQ.RCP5OeoGASxAyBw1MbMD4BFJAcDM5JIXqYXKBALZcJI&Logo=https://localhost:8082/scratch/pl_logo.png&Title=Business Plan Test nr. 2
[2019-09-02 17:31:30] ---- FROM  ::1 (WinNT)
[2019-09-02 17:31:30] ---- BROWSER:  Chrome 76.0 (Mozilla/5.0 (Windows NT 10.0; Win64; x64) AppleWebKit/537.36 (KHTML, like Gecko) Chrome/76.0.3809.132 Safari/537.36)
[2019-09-02 17:31:30] 200 - OK - text/html
[2019-09-02 17:31:32] REQUEST POST - https://localhost:8082/public/ws/General.asmx/Set
[2019-09-02 17:31:32] ---- FROM  ::1 (WinNT)
[2019-09-02 17:31:32] ---- BROWSER:  Chrome 76.0 (Mozilla/5.0 (Windows NT 10.0; Win64; x64) AppleWebKit/537.36 (KHTML, like Gecko) Chrome/76.0.3809.132 Safari/537.36)
[2019-09-02 17:31:32] ---- CONTENT: {data : "<?xml version='1.0' encoding='utf-8' ?><Request ID='20190902173132365'><General><Token>61111131252223224013000011333653</Token></General><Data><Nome>Business Plan Test nr. 2</Nome><Logo>https%3A%2F%2Flocalhost%3A8082%2Fscratch%2Fpl_logo.png</Logo></Data></Request>"}
[2019-09-02 17:31:32] 200 - OK - application/json
[2019-09-02 17:31:32] REQUEST POST - https://localhost:8082/public/ws/Config.asmx/Economics_Get
[2019-09-02 17:31:32] ---- FROM  ::1 (WinNT)
[2019-09-02 17:31:32] ---- BROWSER:  Chrome 76.0 (Mozilla/5.0 (Windows NT 10.0; Win64; x64) AppleWebKit/537.36 (KHTML, like Gecko) Chrome/76.0.3809.132 Safari/537.36)
[2019-09-02 17:31:32] ---- CONTENT: {data : "<?xml version='1.0' encoding='utf-8' ?><Request ID='20190902173132415'><General><Token>61111131252223224013000011333653</Token></General><Data></Data></Request>"}
[2019-09-02 17:31:32] 200 - OK - application/json
[2019-09-02 17:31:35] REQUEST POST - https://localhost:8082/public/ws/Config.asmx/All_Get
[2019-09-02 17:31:35] ---- FROM  ::1 (WinNT)
[2019-09-02 17:31:35] ---- BROWSER:  Chrome 76.0 (Mozilla/5.0 (Windows NT 10.0; Win64; x64) AppleWebKit/537.36 (KHTML, like Gecko) Chrome/76.0.3809.132 Safari/537.36)
[2019-09-02 17:31:35] ---- CONTENT: {data : "<?xml version='1.0' encoding='utf-8' ?><Request ID='20190902173135252'><General><Token>61111131252223224013000011333653</Token></General><Data></Data></Request>"}
[2019-09-02 17:31:35] 200 - OK - application/json
[2019-09-02 17:31:35] REQUEST POST - https://localhost:8082/public/ws/Economics.asmx/messaggi_summary
[2019-09-02 17:31:35] ---- FROM  ::1 (WinNT)
[2019-09-02 17:31:35] ---- BROWSER:  Chrome 76.0 (Mozilla/5.0 (Windows NT 10.0; Win64; x64) AppleWebKit/537.36 (KHTML, like Gecko) Chrome/76.0.3809.132 Safari/537.36)
[2019-09-02 17:31:35] ---- CONTENT: {data : "<?xml version='1.0' encoding='utf-8' ?><Request ID='20190902173135441'><General><Token>61111131252223224013000011333653</Token></General><Data></Data></Request>"}
[2019-09-02 17:31:35] 200 - OK - application/json
[2019-09-02 17:31:35] REQUEST POST - https://localhost:8082/public/ws/Config.asmx/All_Get
[2019-09-02 17:31:35] ---- FROM  ::1 (WinNT)
[2019-09-02 17:31:35] REQUEST POST - https://localhost:8082/public/ws/Config.asmx/All_Get
[2019-09-02 17:31:35] ---- FROM  ::1 (WinNT)
[2019-09-02 17:31:35] ---- BROWSER:  Chrome 76.0 (Mozilla/5.0 (Windows NT 10.0; Win64; x64) AppleWebKit/537.36 (KHTML, like Gecko) Chrome/76.0.3809.132 Safari/537.36)
[2019-09-02 17:31:35] ---- CONTENT: {data : "<?xml version='1.0' encoding='utf-8' ?><Request ID='20190902173135731'><General><Token>61111131252223224013000011333653</Token></General><Data></Data></Request>"}
[2019-09-02 17:31:35] ---- BROWSER:  Chrome 76.0 (Mozilla/5.0 (Windows NT 10.0; Win64; x64) AppleWebKit/537.36 (KHTML, like Gecko) Chrome/76.0.3809.132 Safari/537.36)
[2019-09-02 17:31:35] ---- CONTENT: {data : "<?xml version='1.0' encoding='utf-8' ?><Request ID='20190902173135678'><General><Token>61111131252223224013000011333653</Token></General><Data></Data></Request>"}
[2019-09-02 17:31:35] 200 - OK - application/json
[2019-09-02 17:31:35] 200 - OK - application/json
[2019-09-02 17:31:56] REQUEST GET - https://localhost:8082/economics/ricavi
[2019-09-02 17:31:56] ---- FROM  ::1 (WinNT)
[2019-09-02 17:31:56] ---- BROWSER:  Chrome 76.0 (Mozilla/5.0 (Windows NT 10.0; Win64; x64) AppleWebKit/537.36 (KHTML, like Gecko) Chrome/76.0.3809.132 Safari/537.36)
[2019-09-02 17:31:56] 200 - OK - text/html
[2019-09-02 17:31:58] REQUEST POST - https://localhost:8082/public/ws/Ricavi.asmx/Ricavo_Get
[2019-09-02 17:31:58] ---- FROM  ::1 (WinNT)
[2019-09-02 17:31:58] ---- BROWSER:  Chrome 76.0 (Mozilla/5.0 (Windows NT 10.0; Win64; x64) AppleWebKit/537.36 (KHTML, like Gecko) Chrome/76.0.3809.132 Safari/537.36)
[2019-09-02 17:31:58] ---- CONTENT: {data : "<?xml version='1.0' encoding='utf-8' ?><Request ID='20190902173158102'><General><Token>61111131252223224013000011333653</Token></General><Data></Data></Request>"}
[2019-09-02 17:31:58] 200 - OK - application/json
[2019-09-02 17:32:00] REQUEST POST - https://localhost:8082/public/ws/Config.asmx/All_Get
[2019-09-02 17:32:00] ---- FROM  ::1 (WinNT)
[2019-09-02 17:32:00] ---- BROWSER:  Chrome 76.0 (Mozilla/5.0 (Windows NT 10.0; Win64; x64) AppleWebKit/537.36 (KHTML, like Gecko) Chrome/76.0.3809.132 Safari/537.36)
[2019-09-02 17:32:00] ---- CONTENT: {data : "<?xml version='1.0' encoding='utf-8' ?><Request ID='20190902173200528'><General><Token>61111131252223224013000011333653</Token></General><Data></Data></Request>"}
[2019-09-02 17:32:00] 200 - OK - application/json
[2019-09-02 17:32:00] REQUEST GET - https://localhost:8082/public/ws/Resources.ashx/xml-economics/61111131252223224013000011333653
[2019-09-02 17:32:00] ---- FROM  ::1 (WinNT)
[2019-09-02 17:32:00] ---- BROWSER:  Chrome 76.0 (Mozilla/5.0 (Windows NT 10.0; Win64; x64) AppleWebKit/537.36 (KHTML, like Gecko) Chrome/76.0.3809.132 Safari/537.36)
[2019-09-02 17:32:00] 200 - OK - text/xml
[2019-09-02 17:32:00] REQUEST POST - https://localhost:8082/public/ws/Economics.asmx/messaggi_summary
[2019-09-02 17:32:00] ---- FROM  ::1 (WinNT)
[2019-09-02 17:32:00] ---- BROWSER:  Chrome 76.0 (Mozilla/5.0 (Windows NT 10.0; Win64; x64) AppleWebKit/537.36 (KHTML, like Gecko) Chrome/76.0.3809.132 Safari/537.36)
[2019-09-02 17:32:00] ---- CONTENT: {data : "<?xml version='1.0' encoding='utf-8' ?><Request ID='20190902173200651'><General><Token>61111131252223224013000011333653</Token></General><Data></Data></Request>"}
[2019-09-02 17:32:00] 200 - OK - application/json
[2019-09-02 17:32:01] REQUEST POST - https://localhost:8082/public/ws/Config.asmx/All_Get
[2019-09-02 17:32:01] ---- FROM  ::1 (WinNT)
[2019-09-02 17:32:01] ---- BROWSER:  Chrome 76.0 (Mozilla/5.0 (Windows NT 10.0; Win64; x64) AppleWebKit/537.36 (KHTML, like Gecko) Chrome/76.0.3809.132 Safari/537.36)
[2019-09-02 17:32:01] ---- CONTENT: {data : "<?xml version='1.0' encoding='utf-8' ?><Request ID='20190902173201295'><General><Token>61111131252223224013000011333653</Token></General><Data></Data></Request>"}
[2019-09-02 17:32:01] 200 - OK - application/json
[2019-09-02 17:32:01] REQUEST POST - https://localhost:8082/public/ws/Config.asmx/All_Get
[2019-09-02 17:32:01] ---- FROM  ::1 (WinNT)
[2019-09-02 17:32:01] ---- BROWSER:  Chrome 76.0 (Mozilla/5.0 (Windows NT 10.0; Win64; x64) AppleWebKit/537.36 (KHTML, like Gecko) Chrome/76.0.3809.132 Safari/537.36)
[2019-09-02 17:32:01] ---- CONTENT: {data : "<?xml version='1.0' encoding='utf-8' ?><Request ID='20190902173201581'><General><Token>61111131252223224013000011333653</Token></General><Data></Data></Request>"}
[2019-09-02 17:32:01] 200 - OK - application/json
[2019-09-02 17:35:03] REQUEST GET - https://localhost:8082/public/aspx/Home.aspx?Token=61111131252223224013000011333653&TokenApiRest=eyJ0eXAiOiJKV1QiLCJhbGciOiJIUzI1NiJ9.eyJpc3MiOiJodHRwczpcL1wvd3d3cy5kZXYteWVhcC5pdCIsImlhdCI6MTU0MjI5NDMyMSwibmJmIjoxNTQyMjk0MzIxLCJleHAiOjE1NDI4OTkxMjEsImRhdGEiOnsidXNlciI6eyJpZCI6IjQ0In19fQ.RCP5OeoGASxAyBw1MbMD4BFJAcDM5JIXqYXKBALZcJI&Logo=https://localhost:8082/scratch/pl_logo.png&Title=Business Plan Test nr. 2
[2019-09-02 17:35:03] ---- FROM  ::1 (WinNT)
[2019-09-02 17:35:03] ---- BROWSER:  Chrome 76.0 (Mozilla/5.0 (Windows NT 10.0; Win64; x64) AppleWebKit/537.36 (KHTML, like Gecko) Chrome/76.0.3809.132 Safari/537.36)
[2019-09-02 17:35:03] 302 - Found - text/html
[2019-09-02 17:35:03] REQUEST GET - https://localhost:8082/home/welcome?Token=61111131252223224013000011333653&TokenApiRest=eyJ0eXAiOiJKV1QiLCJhbGciOiJIUzI1NiJ9.eyJpc3MiOiJodHRwczpcL1wvd3d3cy5kZXYteWVhcC5pdCIsImlhdCI6MTU0MjI5NDMyMSwibmJmIjoxNTQyMjk0MzIxLCJleHAiOjE1NDI4OTkxMjEsImRhdGEiOnsidXNlciI6eyJpZCI6IjQ0In19fQ.RCP5OeoGASxAyBw1MbMD4BFJAcDM5JIXqYXKBALZcJI&Logo=https://localhost:8082/scratch/pl_logo.png&Title=Business Plan Test nr. 2
[2019-09-02 17:35:03] ---- FROM  ::1 (WinNT)
[2019-09-02 17:35:03] ---- BROWSER:  Chrome 76.0 (Mozilla/5.0 (Windows NT 10.0; Win64; x64) AppleWebKit/537.36 (KHTML, like Gecko) Chrome/76.0.3809.132 Safari/537.36)
[2019-09-02 17:35:03] 200 - OK - text/html
[2019-09-02 17:35:05] REQUEST POST - https://localhost:8082/public/ws/General.asmx/Set
[2019-09-02 17:35:05] ---- FROM  ::1 (WinNT)
[2019-09-02 17:35:05] ---- BROWSER:  Chrome 76.0 (Mozilla/5.0 (Windows NT 10.0; Win64; x64) AppleWebKit/537.36 (KHTML, like Gecko) Chrome/76.0.3809.132 Safari/537.36)
[2019-09-02 17:35:05] ---- CONTENT: {data : "<?xml version='1.0' encoding='utf-8' ?><Request ID='20190902173505165'><General><Token>61111131252223224013000011333653</Token></General><Data><Nome>Business Plan Test nr. 2</Nome><Logo>https%3A%2F%2Flocalhost%3A8082%2Fscratch%2Fpl_logo.png</Logo></Data></Request>"}
[2019-09-02 17:35:05] 200 - OK - application/json
[2019-09-02 17:35:05] REQUEST POST - https://localhost:8082/public/ws/Config.asmx/Economics_Get
[2019-09-02 17:35:05] ---- FROM  ::1 (WinNT)
[2019-09-02 17:35:05] ---- BROWSER:  Chrome 76.0 (Mozilla/5.0 (Windows NT 10.0; Win64; x64) AppleWebKit/537.36 (KHTML, like Gecko) Chrome/76.0.3809.132 Safari/537.36)
[2019-09-02 17:35:05] ---- CONTENT: {data : "<?xml version='1.0' encoding='utf-8' ?><Request ID='20190902173505240'><General><Token>61111131252223224013000011333653</Token></General><Data></Data></Request>"}
[2019-09-02 17:35:05] 200 - OK - application/json
[2019-09-02 17:35:07] REQUEST POST - https://localhost:8082/public/ws/Config.asmx/All_Get
[2019-09-02 17:35:07] ---- FROM  ::1 (WinNT)
[2019-09-02 17:35:07] ---- BROWSER:  Chrome 76.0 (Mozilla/5.0 (Windows NT 10.0; Win64; x64) AppleWebKit/537.36 (KHTML, like Gecko) Chrome/76.0.3809.132 Safari/537.36)
[2019-09-02 17:35:07] ---- CONTENT: {data : "<?xml version='1.0' encoding='utf-8' ?><Request ID='20190902173507273'><General><Token>61111131252223224013000011333653</Token></General><Data></Data></Request>"}
[2019-09-02 17:35:07] 200 - OK - application/json
[2019-09-02 17:35:07] REQUEST POST - https://localhost:8082/public/ws/Economics.asmx/messaggi_summary
[2019-09-02 17:35:07] ---- FROM  ::1 (WinNT)
[2019-09-02 17:35:07] ---- BROWSER:  Chrome 76.0 (Mozilla/5.0 (Windows NT 10.0; Win64; x64) AppleWebKit/537.36 (KHTML, like Gecko) Chrome/76.0.3809.132 Safari/537.36)
[2019-09-02 17:35:07] ---- CONTENT: {data : "<?xml version='1.0' encoding='utf-8' ?><Request ID='20190902173507481'><General><Token>61111131252223224013000011333653</Token></General><Data></Data></Request>"}
[2019-09-02 17:35:07] REQUEST POST - https://localhost:8082/public/ws/Config.asmx/All_Get
[2019-09-02 17:35:07] ---- FROM  ::1 (WinNT)
[2019-09-02 17:35:07] ---- BROWSER:  Chrome 76.0 (Mozilla/5.0 (Windows NT 10.0; Win64; x64) AppleWebKit/537.36 (KHTML, like Gecko) Chrome/76.0.3809.132 Safari/537.36)
[2019-09-02 17:35:07] ---- CONTENT: {data : "<?xml version='1.0' encoding='utf-8' ?><Request ID='20190902173507713'><General><Token>61111131252223224013000011333653</Token></General><Data></Data></Request>"}
[2019-09-02 17:35:07] 200 - OK - application/json
[2019-09-02 17:35:07] 200 - OK - application/json
[2019-09-02 17:35:07] REQUEST POST - https://localhost:8082/public/ws/Config.asmx/All_Get
[2019-09-02 17:35:08] ---- FROM  ::1 (WinNT)
[2019-09-02 17:35:08] ---- BROWSER:  Chrome 76.0 (Mozilla/5.0 (Windows NT 10.0; Win64; x64) AppleWebKit/537.36 (KHTML, like Gecko) Chrome/76.0.3809.132 Safari/537.36)
[2019-09-02 17:35:08] ---- CONTENT: {data : "<?xml version='1.0' encoding='utf-8' ?><Request ID='20190902173507775'><General><Token>61111131252223224013000011333653</Token></General><Data></Data></Request>"}
[2019-09-02 17:35:08] 200 - OK - application/json
[2019-09-02 17:35:13] REQUEST GET - https://localhost:8082/economics/impostazioni
[2019-09-02 17:35:13] ---- FROM  ::1 (WinNT)
[2019-09-02 17:35:13] ---- BROWSER:  Chrome 76.0 (Mozilla/5.0 (Windows NT 10.0; Win64; x64) AppleWebKit/537.36 (KHTML, like Gecko) Chrome/76.0.3809.132 Safari/537.36)
[2019-09-02 17:35:13] 200 - OK - text/html
[2019-09-02 17:35:15] REQUEST POST - https://localhost:8082/public/ws/Config.asmx/Economics_Get
[2019-09-02 17:35:15] ---- FROM  ::1 (WinNT)
[2019-09-02 17:35:15] ---- BROWSER:  Chrome 76.0 (Mozilla/5.0 (Windows NT 10.0; Win64; x64) AppleWebKit/537.36 (KHTML, like Gecko) Chrome/76.0.3809.132 Safari/537.36)
[2019-09-02 17:35:15] ---- CONTENT: {data : "<?xml version='1.0' encoding='utf-8' ?><Request ID='2019090217351579'><General><Token>61111131252223224013000011333653</Token></General><Data></Data></Request>"}
[2019-09-02 17:35:15] 200 - OK - application/json
[2019-09-02 17:35:17] REQUEST POST - https://localhost:8082/public/ws/Config.asmx/All_Get
[2019-09-02 17:35:17] ---- FROM  ::1 (WinNT)
[2019-09-02 17:35:17] ---- BROWSER:  Chrome 76.0 (Mozilla/5.0 (Windows NT 10.0; Win64; x64) AppleWebKit/537.36 (KHTML, like Gecko) Chrome/76.0.3809.132 Safari/537.36)
[2019-09-02 17:35:17] ---- CONTENT: {data : "<?xml version='1.0' encoding='utf-8' ?><Request ID='20190902173517276'><General><Token>61111131252223224013000011333653</Token></General><Data></Data></Request>"}
[2019-09-02 17:35:17] 200 - OK - application/json
[2019-09-02 17:35:17] REQUEST POST - https://localhost:8082/public/ws/Economics.asmx/messaggi_summary
[2019-09-02 17:35:17] ---- FROM  ::1 (WinNT)
[2019-09-02 17:35:18] ---- BROWSER:  Chrome 76.0 (Mozilla/5.0 (Windows NT 10.0; Win64; x64) AppleWebKit/537.36 (KHTML, like Gecko) Chrome/76.0.3809.132 Safari/537.36)
[2019-09-02 17:35:18] ---- CONTENT: {data : "<?xml version='1.0' encoding='utf-8' ?><Request ID='20190902173517599'><General><Token>61111131252223224013000011333653</Token></General><Data></Data></Request>"}
[2019-09-02 17:35:18] REQUEST POST - https://localhost:8082/public/ws/Config.asmx/All_Get
[2019-09-02 17:35:18] ---- FROM  ::1 (WinNT)
[2019-09-02 17:35:18] ---- BROWSER:  Chrome 76.0 (Mozilla/5.0 (Windows NT 10.0; Win64; x64) AppleWebKit/537.36 (KHTML, like Gecko) Chrome/76.0.3809.132 Safari/537.36)
[2019-09-02 17:35:18] ---- CONTENT: {data : "<?xml version='1.0' encoding='utf-8' ?><Request ID='2019090217351819'><General><Token>61111131252223224013000011333653</Token></General><Data></Data></Request>"}
[2019-09-02 17:35:18] 200 - OK - application/json
[2019-09-02 17:35:18] 200 - OK - application/json
[2019-09-02 17:35:18] REQUEST POST - https://localhost:8082/public/ws/Config.asmx/All_Get
[2019-09-02 17:35:18] ---- FROM  ::1 (WinNT)
[2019-09-02 17:35:18] ---- BROWSER:  Chrome 76.0 (Mozilla/5.0 (Windows NT 10.0; Win64; x64) AppleWebKit/537.36 (KHTML, like Gecko) Chrome/76.0.3809.132 Safari/537.36)
[2019-09-02 17:35:18] ---- CONTENT: {data : "<?xml version='1.0' encoding='utf-8' ?><Request ID='2019090217351892'><General><Token>61111131252223224013000011333653</Token></General><Data></Data></Request>"}
[2019-09-02 17:35:18] 200 - OK - application/json
[2019-09-02 17:40:04] REQUEST GET - https://localhost:8082/public/aspx/Home.aspx?Token=61111131252223224013000011333653&TokenApiRest=eyJ0eXAiOiJKV1QiLCJhbGciOiJIUzI1NiJ9.eyJpc3MiOiJodHRwczpcL1wvd3d3cy5kZXYteWVhcC5pdCIsImlhdCI6MTU0MjI5NDMyMSwibmJmIjoxNTQyMjk0MzIxLCJleHAiOjE1NDI4OTkxMjEsImRhdGEiOnsidXNlciI6eyJpZCI6IjQ0In19fQ.RCP5OeoGASxAyBw1MbMD4BFJAcDM5JIXqYXKBALZcJI&Logo=https://localhost:8082/scratch/pl_logo.png&Title=Business Plan Test nr. 2
[2019-09-02 17:40:04] ---- FROM  ::1 (WinNT)
[2019-09-02 17:40:04] ---- BROWSER:  Chrome 76.0 (Mozilla/5.0 (Windows NT 10.0; Win64; x64) AppleWebKit/537.36 (KHTML, like Gecko) Chrome/76.0.3809.132 Safari/537.36)
[2019-09-02 17:40:04] 302 - Found - text/html
[2019-09-02 17:40:04] REQUEST GET - https://localhost:8082/home/welcome?Token=61111131252223224013000011333653&TokenApiRest=eyJ0eXAiOiJKV1QiLCJhbGciOiJIUzI1NiJ9.eyJpc3MiOiJodHRwczpcL1wvd3d3cy5kZXYteWVhcC5pdCIsImlhdCI6MTU0MjI5NDMyMSwibmJmIjoxNTQyMjk0MzIxLCJleHAiOjE1NDI4OTkxMjEsImRhdGEiOnsidXNlciI6eyJpZCI6IjQ0In19fQ.RCP5OeoGASxAyBw1MbMD4BFJAcDM5JIXqYXKBALZcJI&Logo=https://localhost:8082/scratch/pl_logo.png&Title=Business Plan Test nr. 2
[2019-09-02 17:40:04] ---- FROM  ::1 (WinNT)
[2019-09-02 17:40:04] ---- BROWSER:  Chrome 76.0 (Mozilla/5.0 (Windows NT 10.0; Win64; x64) AppleWebKit/537.36 (KHTML, like Gecko) Chrome/76.0.3809.132 Safari/537.36)
[2019-09-02 17:40:04] 200 - OK - text/html
[2019-09-02 17:40:06] REQUEST POST - https://localhost:8082/public/ws/General.asmx/Set
[2019-09-02 17:40:06] ---- FROM  ::1 (WinNT)
[2019-09-02 17:40:06] ---- BROWSER:  Chrome 76.0 (Mozilla/5.0 (Windows NT 10.0; Win64; x64) AppleWebKit/537.36 (KHTML, like Gecko) Chrome/76.0.3809.132 Safari/537.36)
[2019-09-02 17:40:06] ---- CONTENT: {data : "<?xml version='1.0' encoding='utf-8' ?><Request ID='20190902174006848'><General><Token>61111131252223224013000011333653</Token></General><Data><Nome>Business Plan Test nr. 2</Nome><Logo>https%3A%2F%2Flocalhost%3A8082%2Fscratch%2Fpl_logo.png</Logo></Data></Request>"}
[2019-09-02 17:40:06] 200 - OK - application/json
[2019-09-02 17:40:06] REQUEST POST - https://localhost:8082/public/ws/Config.asmx/Economics_Get
[2019-09-02 17:40:06] ---- FROM  ::1 (WinNT)
[2019-09-02 17:40:06] ---- BROWSER:  Chrome 76.0 (Mozilla/5.0 (Windows NT 10.0; Win64; x64) AppleWebKit/537.36 (KHTML, like Gecko) Chrome/76.0.3809.132 Safari/537.36)
[2019-09-02 17:40:06] ---- CONTENT: {data : "<?xml version='1.0' encoding='utf-8' ?><Request ID='20190902174006957'><General><Token>61111131252223224013000011333653</Token></General><Data></Data></Request>"}
[2019-09-02 17:40:06] 200 - OK - application/json
[2019-09-02 17:40:08] REQUEST POST - https://localhost:8082/public/ws/Config.asmx/All_Get
[2019-09-02 17:40:08] ---- FROM  ::1 (WinNT)
[2019-09-02 17:40:08] ---- BROWSER:  Chrome 76.0 (Mozilla/5.0 (Windows NT 10.0; Win64; x64) AppleWebKit/537.36 (KHTML, like Gecko) Chrome/76.0.3809.132 Safari/537.36)
[2019-09-02 17:40:08] ---- CONTENT: {data : "<?xml version='1.0' encoding='utf-8' ?><Request ID='20190902174008364'><General><Token>61111131252223224013000011333653</Token></General><Data></Data></Request>"}
[2019-09-02 17:40:08] 200 - OK - application/json
[2019-09-02 17:40:08] REQUEST POST - https://localhost:8082/public/ws/Economics.asmx/messaggi_summary
[2019-09-02 17:40:08] ---- FROM  ::1 (WinNT)
[2019-09-02 17:40:08] ---- BROWSER:  Chrome 76.0 (Mozilla/5.0 (Windows NT 10.0; Win64; x64) AppleWebKit/537.36 (KHTML, like Gecko) Chrome/76.0.3809.132 Safari/537.36)
[2019-09-02 17:40:08] ---- CONTENT: {data : "<?xml version='1.0' encoding='utf-8' ?><Request ID='20190902174008901'><General><Token>61111131252223224013000011333653</Token></General><Data></Data></Request>"}
[2019-09-02 17:40:08] 200 - OK - application/json
[2019-09-02 17:40:08] REQUEST POST - https://localhost:8082/public/ws/Config.asmx/All_Get
[2019-09-02 17:40:08] ---- FROM  ::1 (WinNT)
[2019-09-02 17:40:08] ---- BROWSER:  Chrome 76.0 (Mozilla/5.0 (Windows NT 10.0; Win64; x64) AppleWebKit/537.36 (KHTML, like Gecko) Chrome/76.0.3809.132 Safari/537.36)
[2019-09-02 17:40:08] ---- CONTENT: {data : "<?xml version='1.0' encoding='utf-8' ?><Request ID='20190902174008924'><General><Token>61111131252223224013000011333653</Token></General><Data></Data></Request>"}
[2019-09-02 17:40:08] 200 - OK - application/json
[2019-09-02 17:40:08] REQUEST POST - https://localhost:8082/public/ws/Config.asmx/All_Get
[2019-09-02 17:40:09] ---- FROM  ::1 (WinNT)
[2019-09-02 17:40:09] ---- BROWSER:  Chrome 76.0 (Mozilla/5.0 (Windows NT 10.0; Win64; x64) AppleWebKit/537.36 (KHTML, like Gecko) Chrome/76.0.3809.132 Safari/537.36)
[2019-09-02 17:40:09] ---- CONTENT: {data : "<?xml version='1.0' encoding='utf-8' ?><Request ID='20190902174008940'><General><Token>61111131252223224013000011333653</Token></General><Data></Data></Request>"}
[2019-09-02 17:40:09] 200 - OK - application/json
[2019-09-02 17:40:36] REQUEST GET - https://localhost:8082/public/aspx/Home.aspx?Token=61111131252223224013000011333653&TokenApiRest=eyJ0eXAiOiJKV1QiLCJhbGciOiJIUzI1NiJ9.eyJpc3MiOiJodHRwczpcL1wvd3d3cy5kZXYteWVhcC5pdCIsImlhdCI6MTU0MjI5NDMyMSwibmJmIjoxNTQyMjk0MzIxLCJleHAiOjE1NDI4OTkxMjEsImRhdGEiOnsidXNlciI6eyJpZCI6IjQ0In19fQ.RCP5OeoGASxAyBw1MbMD4BFJAcDM5JIXqYXKBALZcJI&Logo=https://localhost:8082/scratch/pl_logo.png&Title=Business Plan Test nr. 2
[2019-09-02 17:40:36] ---- FROM  ::1 (WinNT)
[2019-09-02 17:40:36] ---- BROWSER:  Chrome 76.0 (Mozilla/5.0 (Windows NT 10.0; Win64; x64) AppleWebKit/537.36 (KHTML, like Gecko) Chrome/76.0.3809.132 Safari/537.36)
[2019-09-02 17:40:36] 302 - Found - text/html
[2019-09-02 17:40:36] REQUEST GET - https://localhost:8082/home/welcome?Token=61111131252223224013000011333653&TokenApiRest=eyJ0eXAiOiJKV1QiLCJhbGciOiJIUzI1NiJ9.eyJpc3MiOiJodHRwczpcL1wvd3d3cy5kZXYteWVhcC5pdCIsImlhdCI6MTU0MjI5NDMyMSwibmJmIjoxNTQyMjk0MzIxLCJleHAiOjE1NDI4OTkxMjEsImRhdGEiOnsidXNlciI6eyJpZCI6IjQ0In19fQ.RCP5OeoGASxAyBw1MbMD4BFJAcDM5JIXqYXKBALZcJI&Logo=https://localhost:8082/scratch/pl_logo.png&Title=Business Plan Test nr. 2
[2019-09-02 17:40:36] ---- FROM  ::1 (WinNT)
[2019-09-02 17:40:36] ---- BROWSER:  Chrome 76.0 (Mozilla/5.0 (Windows NT 10.0; Win64; x64) AppleWebKit/537.36 (KHTML, like Gecko) Chrome/76.0.3809.132 Safari/537.36)
[2019-09-02 17:40:36] 200 - OK - text/html
[2019-09-02 17:40:38] REQUEST POST - https://localhost:8082/public/ws/General.asmx/Set
[2019-09-02 17:40:38] ---- FROM  ::1 (WinNT)
[2019-09-02 17:40:38] ---- BROWSER:  Chrome 76.0 (Mozilla/5.0 (Windows NT 10.0; Win64; x64) AppleWebKit/537.36 (KHTML, like Gecko) Chrome/76.0.3809.132 Safari/537.36)
[2019-09-02 17:40:38] ---- CONTENT: {data : "<?xml version='1.0' encoding='utf-8' ?><Request ID='20190902174038441'><General><Token>61111131252223224013000011333653</Token></General><Data><Nome>Business Plan Test nr. 2</Nome><Logo>https%3A%2F%2Flocalhost%3A8082%2Fscratch%2Fpl_logo.png</Logo></Data></Request>"}
[2019-09-02 17:40:38] 200 - OK - application/json
[2019-09-02 17:40:38] REQUEST POST - https://localhost:8082/public/ws/Config.asmx/Economics_Get
[2019-09-02 17:40:38] ---- FROM  ::1 (WinNT)
[2019-09-02 17:40:38] ---- BROWSER:  Chrome 76.0 (Mozilla/5.0 (Windows NT 10.0; Win64; x64) AppleWebKit/537.36 (KHTML, like Gecko) Chrome/76.0.3809.132 Safari/537.36)
[2019-09-02 17:40:38] ---- CONTENT: {data : "<?xml version='1.0' encoding='utf-8' ?><Request ID='20190902174038473'><General><Token>61111131252223224013000011333653</Token></General><Data></Data></Request>"}
[2019-09-02 17:40:38] 200 - OK - application/json
[2019-09-02 17:40:40] REQUEST POST - https://localhost:8082/public/ws/Config.asmx/All_Get
