[2019-07-29 17:39:57] ---- CONTENT: {data : "<?xml version='1.0' encoding='utf-8' ?><Request ID='20190729173957786'><General><Token>41111111252222224015000011333353</Token></General><Data></Data></Request>"}
[2019-07-29 17:39:57] 200 - OK - application/json
[2019-07-29 17:39:57] REQUEST GET - https://localhost:8082/public/ws/Resources.ashx/xml-economics/41111111252222224015000011333353
[2019-07-29 17:39:57] ---- FROM  ::1 (WinNT)
[2019-07-29 17:39:57] ---- BROWSER:  Chrome 75.0 (Mozilla/5.0 (Windows NT 10.0; Win64; x64) AppleWebKit/537.36 (KHTML, like Gecko) Chrome/75.0.3770.142 Safari/537.36)
[2019-07-29 17:39:57] REQUEST POST - https://localhost:8082/public/ws/Config.asmx/All_Get
[2019-07-29 17:39:57] ---- FROM  ::1 (WinNT)
[2019-07-29 17:39:57] ---- BROWSER:  Chrome 75.0 (Mozilla/5.0 (Windows NT 10.0; Win64; x64) AppleWebKit/537.36 (KHTML, like Gecko) Chrome/75.0.3770.142 Safari/537.36)
[2019-07-29 17:39:57] ---- CONTENT: {data : "<?xml version='1.0' encoding='utf-8' ?><Request ID='20190729173957830'><General><Token>41111111252222224015000011333353</Token></General><Data></Data></Request>"}
[2019-07-29 17:39:57] 200 - OK - application/json
[2019-07-29 17:39:57] 200 - OK - text/xml
[2019-07-29 17:39:57] REQUEST POST - https://localhost:8082/public/ws/Economics.asmx/messaggi_summary
[2019-07-29 17:39:57] ---- FROM  ::1 (WinNT)
[2019-07-29 17:39:57] ---- BROWSER:  Chrome 75.0 (Mozilla/5.0 (Windows NT 10.0; Win64; x64) AppleWebKit/537.36 (KHTML, like Gecko) Chrome/75.0.3770.142 Safari/537.36)
[2019-07-29 17:39:57] ---- CONTENT: {data : "<?xml version='1.0' encoding='utf-8' ?><Request ID='20190729173957869'><General><Token>41111111252222224015000011333353</Token></General><Data></Data></Request>"}
[2019-07-29 17:39:57] 200 - OK - application/json
[2019-07-29 17:39:57] REQUEST POST - https://localhost:8082/public/ws/Config.asmx/All_Get
[2019-07-29 17:39:57] ---- FROM  ::1 (WinNT)
[2019-07-29 17:39:57] ---- BROWSER:  Chrome 75.0 (Mozilla/5.0 (Windows NT 10.0; Win64; x64) AppleWebKit/537.36 (KHTML, like Gecko) Chrome/75.0.3770.142 Safari/537.36)
[2019-07-29 17:39:57] ---- CONTENT: {data : "<?xml version='1.0' encoding='utf-8' ?><Request ID='20190729173957991'><General><Token>41111111252222224015000011333353</Token></General><Data></Data></Request>"}
[2019-07-29 17:39:58] 200 - OK - application/json
[2019-07-29 17:39:58] REQUEST POST - https://localhost:8082/public/ws/Config.asmx/All_Get
[2019-07-29 17:39:58] ---- FROM  ::1 (WinNT)
[2019-07-29 17:39:58] ---- BROWSER:  Chrome 75.0 (Mozilla/5.0 (Windows NT 10.0; Win64; x64) AppleWebKit/537.36 (KHTML, like Gecko) Chrome/75.0.3770.142 Safari/537.36)
[2019-07-29 17:39:58] ---- CONTENT: {data : "<?xml version='1.0' encoding='utf-8' ?><Request ID='2019072917395871'><General><Token>41111111252222224015000011333353</Token></General><Data></Data></Request>"}
[2019-07-29 17:39:58] 200 - OK - application/json
[2019-07-29 17:41:35] REQUEST GET - https://localhost:8082/economics/anno-precedente-conferma
[2019-07-29 17:41:35] ---- FROM  ::1 (WinNT)
[2019-07-29 17:41:35] ---- BROWSER:  Chrome 75.0 (Mozilla/5.0 (Windows NT 10.0; Win64; x64) AppleWebKit/537.36 (KHTML, like Gecko) Chrome/75.0.3770.142 Safari/537.36)
[2019-07-29 17:41:35] 200 - OK - text/html
[2019-07-29 17:41:36] REQUEST POST - https://localhost:8082/public/ws/AnnoPrec.asmx/Valutazione
[2019-07-29 17:41:36] ---- FROM  ::1 (WinNT)
[2019-07-29 17:41:36] ---- BROWSER:  Chrome 75.0 (Mozilla/5.0 (Windows NT 10.0; Win64; x64) AppleWebKit/537.36 (KHTML, like Gecko) Chrome/75.0.3770.142 Safari/537.36)
[2019-07-29 17:41:36] ---- CONTENT: {data : "<?xml version='1.0' encoding='utf-8' ?><Request ID='20190729174136572'><General><Token>41111111252222224015000011333353</Token></General><Data></Data></Request>"}
[2019-07-29 17:41:36] 200 - OK - application/json
[2019-07-29 17:41:36] REQUEST GET - https://localhost:8082/public/ws/Resources.ashx/xml-economics/41111111252222224015000011333353
[2019-07-29 17:41:36] ---- FROM  ::1 (WinNT)
[2019-07-29 17:41:36] ---- BROWSER:  Chrome 75.0 (Mozilla/5.0 (Windows NT 10.0; Win64; x64) AppleWebKit/537.36 (KHTML, like Gecko) Chrome/75.0.3770.142 Safari/537.36)
[2019-07-29 17:41:36] REQUEST POST - https://localhost:8082/public/ws/Config.asmx/All_Get
[2019-07-29 17:41:36] ---- FROM  ::1 (WinNT)
[2019-07-29 17:41:36] ---- BROWSER:  Chrome 75.0 (Mozilla/5.0 (Windows NT 10.0; Win64; x64) AppleWebKit/537.36 (KHTML, like Gecko) Chrome/75.0.3770.142 Safari/537.36)
[2019-07-29 17:41:36] ---- CONTENT: {data : "<?xml version='1.0' encoding='utf-8' ?><Request ID='20190729174136637'><General><Token>41111111252222224015000011333353</Token></General><Data></Data></Request>"}
[2019-07-29 17:41:36] 200 - OK - application/json
[2019-07-29 17:41:36] 200 - OK - text/xml
[2019-07-29 17:41:36] REQUEST POST - https://localhost:8082/public/ws/Economics.asmx/messaggi_summary
[2019-07-29 17:41:36] ---- FROM  ::1 (WinNT)
[2019-07-29 17:41:36] ---- BROWSER:  Chrome 75.0 (Mozilla/5.0 (Windows NT 10.0; Win64; x64) AppleWebKit/537.36 (KHTML, like Gecko) Chrome/75.0.3770.142 Safari/537.36)
[2019-07-29 17:41:36] ---- CONTENT: {data : "<?xml version='1.0' encoding='utf-8' ?><Request ID='20190729174136685'><General><Token>41111111252222224015000011333353</Token></General><Data></Data></Request>"}
[2019-07-29 17:41:36] 200 - OK - application/json
[2019-07-29 17:41:36] REQUEST POST - https://localhost:8082/public/ws/Config.asmx/All_Get
[2019-07-29 17:41:36] ---- FROM  ::1 (WinNT)
[2019-07-29 17:41:36] ---- BROWSER:  Chrome 75.0 (Mozilla/5.0 (Windows NT 10.0; Win64; x64) AppleWebKit/537.36 (KHTML, like Gecko) Chrome/75.0.3770.142 Safari/537.36)
[2019-07-29 17:41:36] ---- CONTENT: {data : "<?xml version='1.0' encoding='utf-8' ?><Request ID='20190729174136945'><General><Token>41111111252222224015000011333353</Token></General><Data></Data></Request>"}
[2019-07-29 17:41:36] 200 - OK - application/json
[2019-07-29 17:41:37] REQUEST POST - https://localhost:8082/public/ws/Config.asmx/All_Get
[2019-07-29 17:41:37] ---- FROM  ::1 (WinNT)
[2019-07-29 17:41:37] ---- BROWSER:  Chrome 75.0 (Mozilla/5.0 (Windows NT 10.0; Win64; x64) AppleWebKit/537.36 (KHTML, like Gecko) Chrome/75.0.3770.142 Safari/537.36)
[2019-07-29 17:41:37] ---- CONTENT: {data : "<?xml version='1.0' encoding='utf-8' ?><Request ID='2019072917413763'><General><Token>41111111252222224015000011333353</Token></General><Data></Data></Request>"}
[2019-07-29 17:41:37] 200 - OK - application/json
[2019-07-29 17:49:26] REQUEST GET - https://localhost:8082/public/aspx/Home.aspx?Token=41111111252222224015000011333353&TokenApiRest=eyJ0eXAiOiJKV1QiLCJhbGciOiJIUzI1NiJ9.eyJpc3MiOiJodHRwczpcL1wvd3d3cy5kZXYteWVhcC5pdCIsImlhdCI6MTU0MjI5NDMyMSwibmJmIjoxNTQyMjk0MzIxLCJleHAiOjE1NDI4OTkxMjEsImRhdGEiOnsidXNlciI6eyJpZCI6IjQ0In19fQ.RCP5OeoGASxAyBw1MbMD4BFJAcDM5JIXqYXKBALZcJI&Logo=https://localhost:8082/scratch/pl_logo.png&Title=Business Plan principale di prova
[2019-07-29 17:49:26] ---- FROM  ::1 (WinNT)
[2019-07-29 17:49:26] ---- BROWSER:  Chrome 75.0 (Mozilla/5.0 (Windows NT 10.0; Win64; x64) AppleWebKit/537.36 (KHTML, like Gecko) Chrome/75.0.3770.142 Safari/537.36)
[2019-07-29 17:49:26] 302 - Found - text/html
[2019-07-29 17:49:26] REQUEST GET - https://localhost:8082/home/welcome?Token=41111111252222224015000011333353&TokenApiRest=eyJ0eXAiOiJKV1QiLCJhbGciOiJIUzI1NiJ9.eyJpc3MiOiJodHRwczpcL1wvd3d3cy5kZXYteWVhcC5pdCIsImlhdCI6MTU0MjI5NDMyMSwibmJmIjoxNTQyMjk0MzIxLCJleHAiOjE1NDI4OTkxMjEsImRhdGEiOnsidXNlciI6eyJpZCI6IjQ0In19fQ.RCP5OeoGASxAyBw1MbMD4BFJAcDM5JIXqYXKBALZcJI&Logo=https://localhost:8082/scratch/pl_logo.png&Title=Business Plan principale di prova
[2019-07-29 17:49:26] ---- FROM  ::1 (WinNT)
[2019-07-29 17:49:26] ---- BROWSER:  Chrome 75.0 (Mozilla/5.0 (Windows NT 10.0; Win64; x64) AppleWebKit/537.36 (KHTML, like Gecko) Chrome/75.0.3770.142 Safari/537.36)
[2019-07-29 17:49:26] 200 - OK - text/html
[2019-07-29 17:49:27] REQUEST POST - https://localhost:8082/public/ws/General.asmx/Set
[2019-07-29 17:49:27] ---- FROM  ::1 (WinNT)
[2019-07-29 17:49:27] ---- BROWSER:  Chrome 75.0 (Mozilla/5.0 (Windows NT 10.0; Win64; x64) AppleWebKit/537.36 (KHTML, like Gecko) Chrome/75.0.3770.142 Safari/537.36)
[2019-07-29 17:49:27] ---- CONTENT: {data : "<?xml version='1.0' encoding='utf-8' ?><Request ID='20190729174927486'><General><Token>41111111252222224015000011333353</Token></General><Data><Nome>Business Plan principale di prova</Nome><Logo>https%3A%2F%2Flocalhost%3A8082%2Fscratch%2Fpl_logo.png</Logo></Data></Request>"}
[2019-07-29 17:49:27] 200 - OK - application/json
[2019-07-29 17:49:27] REQUEST POST - https://localhost:8082/public/ws/Config.asmx/Economics_Get
[2019-07-29 17:49:27] ---- FROM  ::1 (WinNT)
[2019-07-29 17:49:27] ---- BROWSER:  Chrome 75.0 (Mozilla/5.0 (Windows NT 10.0; Win64; x64) AppleWebKit/537.36 (KHTML, like Gecko) Chrome/75.0.3770.142 Safari/537.36)
[2019-07-29 17:49:27] ---- CONTENT: {data : "<?xml version='1.0' encoding='utf-8' ?><Request ID='20190729174927572'><General><Token>41111111252222224015000011333353</Token></General><Data></Data></Request>"}
[2019-07-29 17:49:27] 200 - OK - application/json
[2019-07-29 17:49:27] REQUEST POST - https://localhost:8082/public/ws/Config.asmx/All_Get
[2019-07-29 17:49:27] ---- FROM  ::1 (WinNT)
[2019-07-29 17:49:27] ---- BROWSER:  Chrome 75.0 (Mozilla/5.0 (Windows NT 10.0; Win64; x64) AppleWebKit/537.36 (KHTML, like Gecko) Chrome/75.0.3770.142 Safari/537.36)
[2019-07-29 17:49:27] ---- CONTENT: {data : "<?xml version='1.0' encoding='utf-8' ?><Request ID='20190729174927767'><General><Token>41111111252222224015000011333353</Token></General><Data></Data></Request>"}
[2019-07-29 17:49:27] REQUEST POST - https://localhost:8082/public/ws/Economics.asmx/messaggi_summary
[2019-07-29 17:49:27] ---- FROM  ::1 (WinNT)
[2019-07-29 17:49:27] ---- BROWSER:  Chrome 75.0 (Mozilla/5.0 (Windows NT 10.0; Win64; x64) AppleWebKit/537.36 (KHTML, like Gecko) Chrome/75.0.3770.142 Safari/537.36)
[2019-07-29 17:49:27] ---- CONTENT: {data : "<?xml version='1.0' encoding='utf-8' ?><Request ID='20190729174927819'><General><Token>41111111252222224015000011333353</Token></General><Data></Data></Request>"}
[2019-07-29 17:49:27] 200 - OK - application/json
[2019-07-29 17:49:27] 200 - OK - application/json
[2019-07-29 17:49:28] REQUEST POST - https://localhost:8082/public/ws/Config.asmx/All_Get
[2019-07-29 17:49:28] ---- FROM  ::1 (WinNT)
[2019-07-29 17:49:28] ---- BROWSER:  Chrome 75.0 (Mozilla/5.0 (Windows NT 10.0; Win64; x64) AppleWebKit/537.36 (KHTML, like Gecko) Chrome/75.0.3770.142 Safari/537.36)
[2019-07-29 17:49:28] ---- CONTENT: {data : "<?xml version='1.0' encoding='utf-8' ?><Request ID='2019072917492833'><General><Token>41111111252222224015000011333353</Token></General><Data></Data></Request>"}
[2019-07-29 17:49:28] REQUEST POST - https://localhost:8082/public/ws/Config.asmx/All_Get
[2019-07-29 17:49:28] ---- FROM  ::1 (WinNT)
[2019-07-29 17:49:28] ---- BROWSER:  Chrome 75.0 (Mozilla/5.0 (Windows NT 10.0; Win64; x64) AppleWebKit/537.36 (KHTML, like Gecko) Chrome/75.0.3770.142 Safari/537.36)
[2019-07-29 17:49:28] ---- CONTENT: {data : "<?xml version='1.0' encoding='utf-8' ?><Request ID='20190729174928179'><General><Token>41111111252222224015000011333353</Token></General><Data></Data></Request>"}
[2019-07-29 17:49:28] 200 - OK - application/json
[2019-07-29 17:49:28] 200 - OK - application/json
[2019-07-29 17:49:40] REQUEST GET - https://localhost:8082/economics/anno-precedente-conferma
[2019-07-29 17:49:40] ---- FROM  ::1 (WinNT)
[2019-07-29 17:49:40] ---- BROWSER:  Chrome 75.0 (Mozilla/5.0 (Windows NT 10.0; Win64; x64) AppleWebKit/537.36 (KHTML, like Gecko) Chrome/75.0.3770.142 Safari/537.36)
[2019-07-29 17:49:40] 200 - OK - text/html
[2019-07-29 17:49:42] REQUEST POST - https://localhost:8082/public/ws/AnnoPrec.asmx/Valutazione
[2019-07-29 17:49:42] ---- FROM  ::1 (WinNT)
[2019-07-29 17:49:42] ---- BROWSER:  Chrome 75.0 (Mozilla/5.0 (Windows NT 10.0; Win64; x64) AppleWebKit/537.36 (KHTML, like Gecko) Chrome/75.0.3770.142 Safari/537.36)
[2019-07-29 17:49:42] ---- CONTENT: {data : "<?xml version='1.0' encoding='utf-8' ?><Request ID='2019072917494296'><General><Token>41111111252222224015000011333353</Token></General><Data></Data></Request>"}
[2019-07-29 17:49:44] 200 - OK - application/json
[2019-07-29 17:49:44] REQUEST POST - https://localhost:8082/public/ws/Config.asmx/All_Get
[2019-07-29 17:49:44] REQUEST POST - https://localhost:8082/public/ws/Economics.asmx/messaggi_summary
[2019-07-29 17:49:44] ---- FROM  ::1 (WinNT)
[2019-07-29 17:49:44] ---- BROWSER:  Chrome 75.0 (Mozilla/5.0 (Windows NT 10.0; Win64; x64) AppleWebKit/537.36 (KHTML, like Gecko) Chrome/75.0.3770.142 Safari/537.36)
[2019-07-29 17:49:44] ---- CONTENT: {data : "<?xml version='1.0' encoding='utf-8' ?><Request ID='20190729174944715'><General><Token>41111111252222224015000011333353</Token></General><Data></Data></Request>"}
[2019-07-29 17:49:44] ---- FROM  ::1 (WinNT)
[2019-07-29 17:49:44] REQUEST GET - https://localhost:8082/public/ws/Resources.ashx/xml-economics/41111111252222224015000011333353
[2019-07-29 17:49:44] ---- FROM  ::1 (WinNT)
[2019-07-29 17:49:44] ---- BROWSER:  Chrome 75.0 (Mozilla/5.0 (Windows NT 10.0; Win64; x64) AppleWebKit/537.36 (KHTML, like Gecko) Chrome/75.0.3770.142 Safari/537.36)
[2019-07-29 17:49:44] ---- BROWSER:  Chrome 75.0 (Mozilla/5.0 (Windows NT 10.0; Win64; x64) AppleWebKit/537.36 (KHTML, like Gecko) Chrome/75.0.3770.142 Safari/537.36)
[2019-07-29 17:49:44] 200 - OK - application/json
[2019-07-29 17:49:44] ---- CONTENT: {data : "<?xml version='1.0' encoding='utf-8' ?><Request ID='20190729174944662'><General><Token>41111111252222224015000011333353</Token></General><Data></Data></Request>"}
[2019-07-29 17:49:45] 200 - OK - text/xml
[2019-07-29 17:49:45] REQUEST POST - https://localhost:8082/public/ws/Config.asmx/All_Get
[2019-07-29 17:49:45] ---- FROM  ::1 (WinNT)
[2019-07-29 17:49:45] ---- BROWSER:  Chrome 75.0 (Mozilla/5.0 (Windows NT 10.0; Win64; x64) AppleWebKit/537.36 (KHTML, like Gecko) Chrome/75.0.3770.142 Safari/537.36)
[2019-07-29 17:49:45] 200 - OK - application/json
[2019-07-29 17:49:45] ---- CONTENT: {data : "<?xml version='1.0' encoding='utf-8' ?><Request ID='20190729174945134'><General><Token>41111111252222224015000011333353</Token></General><Data></Data></Request>"}
[2019-07-29 17:49:46] 200 - OK - application/json
[2019-07-29 17:49:46] REQUEST POST - https://localhost:8082/public/ws/Config.asmx/All_Get
[2019-07-29 17:49:46] ---- FROM  ::1 (WinNT)
[2019-07-29 17:49:46] ---- BROWSER:  Chrome 75.0 (Mozilla/5.0 (Windows NT 10.0; Win64; x64) AppleWebKit/537.36 (KHTML, like Gecko) Chrome/75.0.3770.142 Safari/537.36)
[2019-07-29 17:49:47] ---- CONTENT: {data : "<?xml version='1.0' encoding='utf-8' ?><Request ID='20190729174946459'><General><Token>41111111252222224015000011333353</Token></General><Data></Data></Request>"}
[2019-07-29 17:49:47] 200 - OK - application/json
