[2019-07-26 15:56:08] ---- CONTENT: {data : "<?xml version='1.0' encoding='utf-8' ?><Request ID='20190726155608825'><General><Token>61111131252223224013000011333653</Token></General><Data></Data></Request>"}
[2019-07-26 15:56:08] 200 - OK - application/json
[2019-07-26 15:56:08] REQUEST POST - https://localhost:8082/public/ws/Config.asmx/All_Get
[2019-07-26 15:56:08] ---- FROM  ::1 (WinNT)
[2019-07-26 15:56:08] ---- BROWSER:  Chrome 75.0 (Mozilla/5.0 (Windows NT 10.0; Win64; x64) AppleWebKit/537.36 (KHTML, like Gecko) Chrome/75.0.3770.142 Safari/537.36)
[2019-07-26 15:56:08] ---- CONTENT: {data : "<?xml version='1.0' encoding='utf-8' ?><Request ID='20190726155608981'><General><Token>61111131252223224013000011333653</Token></General><Data></Data></Request>"}
[2019-07-26 15:56:09] 200 - OK - application/json
[2019-07-26 15:56:19] REQUEST GET - https://localhost:8082/economics/anno-precedente-insert
[2019-07-26 15:56:19] ---- FROM  ::1 (WinNT)
[2019-07-26 15:56:19] ---- BROWSER:  Chrome 75.0 (Mozilla/5.0 (Windows NT 10.0; Win64; x64) AppleWebKit/537.36 (KHTML, like Gecko) Chrome/75.0.3770.142 Safari/537.36)
[2019-07-26 15:56:19] 200 - OK - text/html
[2019-07-26 15:56:20] REQUEST POST - https://localhost:8082/public/ws/AnnoPrec.asmx/Get
[2019-07-26 15:56:20] ---- FROM  ::1 (WinNT)
[2019-07-26 15:56:20] ---- BROWSER:  Chrome 75.0 (Mozilla/5.0 (Windows NT 10.0; Win64; x64) AppleWebKit/537.36 (KHTML, like Gecko) Chrome/75.0.3770.142 Safari/537.36)
[2019-07-26 15:56:20] ---- CONTENT: {data : "<?xml version='1.0' encoding='utf-8' ?><Request ID='20190726155620427'><General><Token>61111131252223224013000011333653</Token></General><Data></Data></Request>"}
[2019-07-26 15:56:20] 200 - OK - application/json
[2019-07-26 15:56:20] REQUEST POST - https://localhost:8082/public/ws/Config.asmx/All_Get
[2019-07-26 15:56:20] ---- FROM  ::1 (WinNT)
[2019-07-26 15:56:20] ---- BROWSER:  Chrome 75.0 (Mozilla/5.0 (Windows NT 10.0; Win64; x64) AppleWebKit/537.36 (KHTML, like Gecko) Chrome/75.0.3770.142 Safari/537.36)
[2019-07-26 15:56:20] ---- CONTENT: {data : "<?xml version='1.0' encoding='utf-8' ?><Request ID='20190726155620487'><General><Token>61111131252223224013000011333653</Token></General><Data></Data></Request>"}
[2019-07-26 15:56:20] 200 - OK - application/json
[2019-07-26 15:56:20] REQUEST POST - https://localhost:8082/public/ws/Economics.asmx/messaggi_summary
[2019-07-26 15:56:20] ---- FROM  ::1 (WinNT)
[2019-07-26 15:56:20] ---- BROWSER:  Chrome 75.0 (Mozilla/5.0 (Windows NT 10.0; Win64; x64) AppleWebKit/537.36 (KHTML, like Gecko) Chrome/75.0.3770.142 Safari/537.36)
[2019-07-26 15:56:20] ---- CONTENT: {data : "<?xml version='1.0' encoding='utf-8' ?><Request ID='20190726155620541'><General><Token>61111131252223224013000011333653</Token></General><Data></Data></Request>"}
[2019-07-26 15:56:20] 200 - OK - application/json
[2019-07-26 15:56:20] REQUEST GET - https://localhost:8082/public/ws/Resources.ashx/xml-economics/61111131252223224013000011333653
[2019-07-26 15:56:20] ---- FROM  ::1 (WinNT)
[2019-07-26 15:56:20] ---- BROWSER:  Chrome 75.0 (Mozilla/5.0 (Windows NT 10.0; Win64; x64) AppleWebKit/537.36 (KHTML, like Gecko) Chrome/75.0.3770.142 Safari/537.36)
[2019-07-26 15:56:20] 200 - OK - text/xml
[2019-07-26 15:56:20] REQUEST POST - https://localhost:8082/public/ws/Config.asmx/All_Get
[2019-07-26 15:56:20] ---- FROM  ::1 (WinNT)
[2019-07-26 15:56:20] ---- BROWSER:  Chrome 75.0 (Mozilla/5.0 (Windows NT 10.0; Win64; x64) AppleWebKit/537.36 (KHTML, like Gecko) Chrome/75.0.3770.142 Safari/537.36)
[2019-07-26 15:56:20] ---- CONTENT: {data : "<?xml version='1.0' encoding='utf-8' ?><Request ID='20190726155620612'><General><Token>61111131252223224013000011333653</Token></General><Data></Data></Request>"}
[2019-07-26 15:56:20] 200 - OK - application/json
[2019-07-26 15:56:21] REQUEST POST - https://localhost:8082/public/ws/Config.asmx/All_Get
[2019-07-26 15:56:21] ---- FROM  ::1 (WinNT)
[2019-07-26 15:56:21] ---- BROWSER:  Chrome 75.0 (Mozilla/5.0 (Windows NT 10.0; Win64; x64) AppleWebKit/537.36 (KHTML, like Gecko) Chrome/75.0.3770.142 Safari/537.36)
[2019-07-26 15:56:21] ---- CONTENT: {data : "<?xml version='1.0' encoding='utf-8' ?><Request ID='20190726155621187'><General><Token>61111131252223224013000011333653</Token></General><Data></Data></Request>"}
[2019-07-26 15:56:21] 200 - OK - application/json
[2019-07-26 15:56:28] REQUEST GET - https://localhost:8082/economics/anno-precedente-insert
[2019-07-26 15:56:28] ---- FROM  ::1 (WinNT)
[2019-07-26 15:56:28] ---- BROWSER:  Chrome 75.0 (Mozilla/5.0 (Windows NT 10.0; Win64; x64) AppleWebKit/537.36 (KHTML, like Gecko) Chrome/75.0.3770.142 Safari/537.36)
[2019-07-26 15:56:28] 200 - OK - text/html
[2019-07-26 15:56:28] REQUEST POST - https://localhost:8082/public/ws/AnnoPrec.asmx/Get
[2019-07-26 15:56:28] ---- FROM  ::1 (WinNT)
[2019-07-26 15:56:28] ---- BROWSER:  Chrome 75.0 (Mozilla/5.0 (Windows NT 10.0; Win64; x64) AppleWebKit/537.36 (KHTML, like Gecko) Chrome/75.0.3770.142 Safari/537.36)
[2019-07-26 15:56:28] ---- CONTENT: {data : "<?xml version='1.0' encoding='utf-8' ?><Request ID='20190726155628757'><General><Token>61111131252223224013000011333653</Token></General><Data></Data></Request>"}
[2019-07-26 15:56:28] 200 - OK - application/json
[2019-07-26 15:56:28] REQUEST POST - https://localhost:8082/public/ws/Config.asmx/All_Get
[2019-07-26 15:56:28] ---- FROM  ::1 (WinNT)
[2019-07-26 15:56:28] ---- BROWSER:  Chrome 75.0 (Mozilla/5.0 (Windows NT 10.0; Win64; x64) AppleWebKit/537.36 (KHTML, like Gecko) Chrome/75.0.3770.142 Safari/537.36)
[2019-07-26 15:56:28] ---- CONTENT: {data : "<?xml version='1.0' encoding='utf-8' ?><Request ID='20190726155628795'><General><Token>61111131252223224013000011333653</Token></General><Data></Data></Request>"}
[2019-07-26 15:56:28] 200 - OK - application/json
[2019-07-26 15:56:28] REQUEST POST - https://localhost:8082/public/ws/Economics.asmx/messaggi_summary
[2019-07-26 15:56:28] ---- FROM  ::1 (WinNT)
[2019-07-26 15:56:28] ---- BROWSER:  Chrome 75.0 (Mozilla/5.0 (Windows NT 10.0; Win64; x64) AppleWebKit/537.36 (KHTML, like Gecko) Chrome/75.0.3770.142 Safari/537.36)
[2019-07-26 15:56:28] ---- CONTENT: {data : "<?xml version='1.0' encoding='utf-8' ?><Request ID='20190726155628824'><General><Token>61111131252223224013000011333653</Token></General><Data></Data></Request>"}
[2019-07-26 15:56:28] 200 - OK - application/json
[2019-07-26 15:56:28] REQUEST GET - https://localhost:8082/public/ws/Resources.ashx/xml-economics/61111131252223224013000011333653
[2019-07-26 15:56:28] ---- FROM  ::1 (WinNT)
[2019-07-26 15:56:28] ---- BROWSER:  Chrome 75.0 (Mozilla/5.0 (Windows NT 10.0; Win64; x64) AppleWebKit/537.36 (KHTML, like Gecko) Chrome/75.0.3770.142 Safari/537.36)
[2019-07-26 15:56:28] 200 - OK - text/xml
[2019-07-26 15:56:28] REQUEST POST - https://localhost:8082/public/ws/Config.asmx/All_Get
[2019-07-26 15:56:28] ---- FROM  ::1 (WinNT)
[2019-07-26 15:56:28] ---- BROWSER:  Chrome 75.0 (Mozilla/5.0 (Windows NT 10.0; Win64; x64) AppleWebKit/537.36 (KHTML, like Gecko) Chrome/75.0.3770.142 Safari/537.36)
[2019-07-26 15:56:28] ---- CONTENT: {data : "<?xml version='1.0' encoding='utf-8' ?><Request ID='20190726155628863'><General><Token>61111131252223224013000011333653</Token></General><Data></Data></Request>"}
[2019-07-26 15:56:28] 200 - OK - application/json
[2019-07-26 15:56:29] REQUEST POST - https://localhost:8082/public/ws/Config.asmx/All_Get
[2019-07-26 15:56:29] ---- FROM  ::1 (WinNT)
[2019-07-26 15:56:29] ---- BROWSER:  Chrome 75.0 (Mozilla/5.0 (Windows NT 10.0; Win64; x64) AppleWebKit/537.36 (KHTML, like Gecko) Chrome/75.0.3770.142 Safari/537.36)
[2019-07-26 15:56:29] ---- CONTENT: {data : "<?xml version='1.0' encoding='utf-8' ?><Request ID='20190726155629287'><General><Token>61111131252223224013000011333653</Token></General><Data></Data></Request>"}
[2019-07-26 15:56:29] 200 - OK - application/json
[2019-07-26 15:56:55] REQUEST GET - https://localhost:8082/economics/anno-precedente-prospetto
[2019-07-26 15:56:55] ---- FROM  ::1 (WinNT)
[2019-07-26 15:56:55] ---- BROWSER:  Chrome 75.0 (Mozilla/5.0 (Windows NT 10.0; Win64; x64) AppleWebKit/537.36 (KHTML, like Gecko) Chrome/75.0.3770.142 Safari/537.36)
[2019-07-26 15:56:55] 200 - OK - text/html
[2019-07-26 15:56:56] REQUEST POST - https://localhost:8082/public/ws/AnnoPrec.asmx/Get
[2019-07-26 15:56:56] ---- FROM  ::1 (WinNT)
[2019-07-26 15:56:56] ---- BROWSER:  Chrome 75.0 (Mozilla/5.0 (Windows NT 10.0; Win64; x64) AppleWebKit/537.36 (KHTML, like Gecko) Chrome/75.0.3770.142 Safari/537.36)
[2019-07-26 15:56:56] ---- CONTENT: {data : "<?xml version='1.0' encoding='utf-8' ?><Request ID='20190726155656193'><General><Token>61111131252223224013000011333653</Token></General><Data></Data></Request>"}
[2019-07-26 15:56:56] 200 - OK - application/json
[2019-07-26 15:56:56] REQUEST POST - https://localhost:8082/public/ws/Config.asmx/All_Get
[2019-07-26 15:56:56] ---- FROM  ::1 (WinNT)
[2019-07-26 15:56:56] ---- BROWSER:  Chrome 75.0 (Mozilla/5.0 (Windows NT 10.0; Win64; x64) AppleWebKit/537.36 (KHTML, like Gecko) Chrome/75.0.3770.142 Safari/537.36)
[2019-07-26 15:56:56] ---- CONTENT: {data : "<?xml version='1.0' encoding='utf-8' ?><Request ID='20190726155656229'><General><Token>61111131252223224013000011333653</Token></General><Data></Data></Request>"}
[2019-07-26 15:56:56] 200 - OK - application/json
[2019-07-26 15:56:56] REQUEST POST - https://localhost:8082/public/ws/Economics.asmx/messaggi_summary
[2019-07-26 15:56:56] ---- FROM  ::1 (WinNT)
[2019-07-26 15:56:56] ---- BROWSER:  Chrome 75.0 (Mozilla/5.0 (Windows NT 10.0; Win64; x64) AppleWebKit/537.36 (KHTML, like Gecko) Chrome/75.0.3770.142 Safari/537.36)
[2019-07-26 15:56:56] ---- CONTENT: {data : "<?xml version='1.0' encoding='utf-8' ?><Request ID='20190726155656254'><General><Token>61111131252223224013000011333653</Token></General><Data></Data></Request>"}
[2019-07-26 15:56:56] 200 - OK - application/json
[2019-07-26 15:56:56] REQUEST GET - https://localhost:8082/public/ws/Resources.ashx/xml-economics/61111131252223224013000011333653
[2019-07-26 15:56:56] ---- FROM  ::1 (WinNT)
[2019-07-26 15:56:56] ---- BROWSER:  Chrome 75.0 (Mozilla/5.0 (Windows NT 10.0; Win64; x64) AppleWebKit/537.36 (KHTML, like Gecko) Chrome/75.0.3770.142 Safari/537.36)
[2019-07-26 15:56:56] 200 - OK - text/xml
[2019-07-26 15:56:56] REQUEST POST - https://localhost:8082/public/ws/Config.asmx/All_Get
[2019-07-26 15:56:56] ---- FROM  ::1 (WinNT)
[2019-07-26 15:56:56] ---- BROWSER:  Chrome 75.0 (Mozilla/5.0 (Windows NT 10.0; Win64; x64) AppleWebKit/537.36 (KHTML, like Gecko) Chrome/75.0.3770.142 Safari/537.36)
[2019-07-26 15:56:56] ---- CONTENT: {data : "<?xml version='1.0' encoding='utf-8' ?><Request ID='20190726155656315'><General><Token>61111131252223224013000011333653</Token></General><Data></Data></Request>"}
[2019-07-26 15:56:56] 200 - OK - application/json
[2019-07-26 15:56:57] REQUEST POST - https://localhost:8082/public/ws/Config.asmx/All_Get
[2019-07-26 15:56:57] ---- FROM  ::1 (WinNT)
[2019-07-26 15:56:57] ---- BROWSER:  Chrome 75.0 (Mozilla/5.0 (Windows NT 10.0; Win64; x64) AppleWebKit/537.36 (KHTML, like Gecko) Chrome/75.0.3770.142 Safari/537.36)
[2019-07-26 15:56:57] ---- CONTENT: {data : "<?xml version='1.0' encoding='utf-8' ?><Request ID='20190726155656978'><General><Token>61111131252223224013000011333653</Token></General><Data></Data></Request>"}
[2019-07-26 15:56:57] 200 - OK - application/json
[2019-07-26 16:10:03] REQUEST GET - https://localhost:8082/economics/anno-precedente-prospetto
[2019-07-26 16:10:03] ---- FROM  ::1 (WinNT)
[2019-07-26 16:10:03] ---- BROWSER:  Chrome 75.0 (Mozilla/5.0 (Windows NT 10.0; Win64; x64) AppleWebKit/537.36 (KHTML, like Gecko) Chrome/75.0.3770.142 Safari/537.36)
[2019-07-26 16:10:03] 200 - OK - text/html
[2019-07-26 16:10:04] REQUEST POST - https://localhost:8082/public/ws/AnnoPrec.asmx/Get
[2019-07-26 16:10:04] ---- FROM  ::1 (WinNT)
[2019-07-26 16:10:04] ---- BROWSER:  Chrome 75.0 (Mozilla/5.0 (Windows NT 10.0; Win64; x64) AppleWebKit/537.36 (KHTML, like Gecko) Chrome/75.0.3770.142 Safari/537.36)
[2019-07-26 16:10:04] ---- CONTENT: {data : "<?xml version='1.0' encoding='utf-8' ?><Request ID='20190726161004941'><General><Token>61111131252223224013000011333653</Token></General><Data></Data></Request>"}
[2019-07-26 16:10:04] 200 - OK - application/json
[2019-07-26 16:10:05] REQUEST POST - https://localhost:8082/public/ws/Config.asmx/All_Get
[2019-07-26 16:10:05] ---- FROM  ::1 (WinNT)
[2019-07-26 16:10:05] ---- BROWSER:  Chrome 75.0 (Mozilla/5.0 (Windows NT 10.0; Win64; x64) AppleWebKit/537.36 (KHTML, like Gecko) Chrome/75.0.3770.142 Safari/537.36)
[2019-07-26 16:10:05] ---- CONTENT: {data : "<?xml version='1.0' encoding='utf-8' ?><Request ID='2019072616100529'><General><Token>61111131252223224013000011333653</Token></General><Data></Data></Request>"}
[2019-07-26 16:10:05] 200 - OK - application/json
[2019-07-26 16:10:05] REQUEST POST - https://localhost:8082/public/ws/Economics.asmx/messaggi_summary
[2019-07-26 16:10:05] ---- FROM  ::1 (WinNT)
[2019-07-26 16:10:05] ---- BROWSER:  Chrome 75.0 (Mozilla/5.0 (Windows NT 10.0; Win64; x64) AppleWebKit/537.36 (KHTML, like Gecko) Chrome/75.0.3770.142 Safari/537.36)
[2019-07-26 16:10:05] ---- CONTENT: {data : "<?xml version='1.0' encoding='utf-8' ?><Request ID='20190726161005104'><General><Token>61111131252223224013000011333653</Token></General><Data></Data></Request>"}
[2019-07-26 16:10:05] 200 - OK - application/json
[2019-07-26 16:10:05] REQUEST GET - https://localhost:8082/public/ws/Resources.ashx/xml-economics/61111131252223224013000011333653
[2019-07-26 16:10:05] ---- FROM  ::1 (WinNT)
[2019-07-26 16:10:05] ---- BROWSER:  Chrome 75.0 (Mozilla/5.0 (Windows NT 10.0; Win64; x64) AppleWebKit/537.36 (KHTML, like Gecko) Chrome/75.0.3770.142 Safari/537.36)
[2019-07-26 16:10:05] 200 - OK - text/xml
[2019-07-26 16:10:05] REQUEST POST - https://localhost:8082/public/ws/Config.asmx/All_Get
[2019-07-26 16:10:05] ---- FROM  ::1 (WinNT)
[2019-07-26 16:10:05] ---- BROWSER:  Chrome 75.0 (Mozilla/5.0 (Windows NT 10.0; Win64; x64) AppleWebKit/537.36 (KHTML, like Gecko) Chrome/75.0.3770.142 Safari/537.36)
[2019-07-26 16:10:05] ---- CONTENT: {data : "<?xml version='1.0' encoding='utf-8' ?><Request ID='20190726161005187'><General><Token>61111131252223224013000011333653</Token></General><Data></Data></Request>"}
[2019-07-26 16:10:05] 200 - OK - application/json
[2019-07-26 16:10:06] REQUEST POST - https://localhost:8082/public/ws/Config.asmx/All_Get
[2019-07-26 16:10:06] ---- FROM  ::1 (WinNT)
[2019-07-26 16:10:06] ---- BROWSER:  Chrome 75.0 (Mozilla/5.0 (Windows NT 10.0; Win64; x64) AppleWebKit/537.36 (KHTML, like Gecko) Chrome/75.0.3770.142 Safari/537.36)
[2019-07-26 16:10:06] ---- CONTENT: {data : "<?xml version='1.0' encoding='utf-8' ?><Request ID='20190726161006293'><General><Token>61111131252223224013000011333653</Token></General><Data></Data></Request>"}
[2019-07-26 16:10:06] 200 - OK - application/json
[2019-07-26 16:15:53] REQUEST GET - https://localhost:8082/economics/anno-precedente-prospetto
[2019-07-26 16:15:53] ---- FROM  ::1 (WinNT)
[2019-07-26 16:15:53] ---- BROWSER:  Chrome 75.0 (Mozilla/5.0 (Windows NT 10.0; Win64; x64) AppleWebKit/537.36 (KHTML, like Gecko) Chrome/75.0.3770.142 Safari/537.36)
[2019-07-26 16:15:53] 200 - OK - text/html
[2019-07-26 16:15:54] REQUEST POST - https://localhost:8082/public/ws/AnnoPrec.asmx/Get
[2019-07-26 16:15:54] ---- FROM  ::1 (WinNT)
[2019-07-26 16:15:54] ---- BROWSER:  Chrome 75.0 (Mozilla/5.0 (Windows NT 10.0; Win64; x64) AppleWebKit/537.36 (KHTML, like Gecko) Chrome/75.0.3770.142 Safari/537.36)
[2019-07-26 16:15:54] ---- CONTENT: {data : "<?xml version='1.0' encoding='utf-8' ?><Request ID='20190726161554318'><General><Token>61111131252223224013000011333653</Token></General><Data></Data></Request>"}
[2019-07-26 16:15:54] 200 - OK - application/json
[2019-07-26 16:15:54] REQUEST POST - https://localhost:8082/public/ws/Config.asmx/All_Get
[2019-07-26 16:15:54] ---- FROM  ::1 (WinNT)
[2019-07-26 16:15:54] ---- BROWSER:  Chrome 75.0 (Mozilla/5.0 (Windows NT 10.0; Win64; x64) AppleWebKit/537.36 (KHTML, like Gecko) Chrome/75.0.3770.142 Safari/537.36)
[2019-07-26 16:15:54] ---- CONTENT: {data : "<?xml version='1.0' encoding='utf-8' ?><Request ID='20190726161554426'><General><Token>61111131252223224013000011333653</Token></General><Data></Data></Request>"}
[2019-07-26 16:15:54] 200 - OK - application/json
[2019-07-26 16:15:54] REQUEST GET - https://localhost:8082/public/ws/Resources.ashx/xml-economics/61111131252223224013000011333653
[2019-07-26 16:15:54] ---- FROM  ::1 (WinNT)
[2019-07-26 16:15:54] ---- BROWSER:  Chrome 75.0 (Mozilla/5.0 (Windows NT 10.0; Win64; x64) AppleWebKit/537.36 (KHTML, like Gecko) Chrome/75.0.3770.142 Safari/537.36)
[2019-07-26 16:15:54] 200 - OK - text/xml
[2019-07-26 16:15:54] REQUEST POST - https://localhost:8082/public/ws/Economics.asmx/messaggi_summary
[2019-07-26 16:15:54] ---- FROM  ::1 (WinNT)
[2019-07-26 16:15:54] ---- BROWSER:  Chrome 75.0 (Mozilla/5.0 (Windows NT 10.0; Win64; x64) AppleWebKit/537.36 (KHTML, like Gecko) Chrome/75.0.3770.142 Safari/537.36)
[2019-07-26 16:15:54] ---- CONTENT: {data : "<?xml version='1.0' encoding='utf-8' ?><Request ID='20190726161554519'><General><Token>61111131252223224013000011333653</Token></General><Data></Data></Request>"}
[2019-07-26 16:15:54] 200 - OK - application/json
[2019-07-26 16:15:55] REQUEST POST - https://localhost:8082/public/ws/Config.asmx/All_Get
[2019-07-26 16:15:55] ---- FROM  ::1 (WinNT)
[2019-07-26 16:15:55] ---- BROWSER:  Chrome 75.0 (Mozilla/5.0 (Windows NT 10.0; Win64; x64) AppleWebKit/537.36 (KHTML, like Gecko) Chrome/75.0.3770.142 Safari/537.36)
[2019-07-26 16:15:55] ---- CONTENT: {data : "<?xml version='1.0' encoding='utf-8' ?><Request ID='20190726161555386'><General><Token>61111131252223224013000011333653</Token></General><Data></Data></Request>"}
[2019-07-26 16:15:55] 200 - OK - application/json
[2019-07-26 16:15:55] REQUEST POST - https://localhost:8082/public/ws/Config.asmx/All_Get
[2019-07-26 16:15:55] ---- FROM  ::1 (WinNT)
[2019-07-26 16:15:55] ---- BROWSER:  Chrome 75.0 (Mozilla/5.0 (Windows NT 10.0; Win64; x64) AppleWebKit/537.36 (KHTML, like Gecko) Chrome/75.0.3770.142 Safari/537.36)
[2019-07-26 16:15:55] ---- CONTENT: {data : "<?xml version='1.0' encoding='utf-8' ?><Request ID='20190726161555621'><General><Token>61111131252223224013000011333653</Token></General><Data></Data></Request>"}
[2019-07-26 16:15:55] 200 - OK - application/json
[2019-07-26 16:16:01] REQUEST GET - https://localhost:8082/economics/anno-precedente-conferma
[2019-07-26 16:16:01] ---- FROM  ::1 (WinNT)
[2019-07-26 16:16:01] ---- BROWSER:  Chrome 75.0 (Mozilla/5.0 (Windows NT 10.0; Win64; x64) AppleWebKit/537.36 (KHTML, like Gecko) Chrome/75.0.3770.142 Safari/537.36)
[2019-07-26 16:16:01] 200 - OK - text/html
[2019-07-26 16:16:02] REQUEST POST - https://localhost:8082/economics/anno-precedente-conferma
[2019-07-26 16:16:02] ---- FROM  ::1 (WinNT)
[2019-07-26 16:16:02] ---- BROWSER:  Chrome 75.0 (Mozilla/5.0 (Windows NT 10.0; Win64; x64) AppleWebKit/537.36 (KHTML, like Gecko) Chrome/75.0.3770.142 Safari/537.36)
[2019-07-26 16:16:02] ---- CONTENT: {data : "<?xml version='1.0' encoding='utf-8' ?><Request ID='20190726161602453'><General><Token>61111131252223224013000011333653</Token></General><Data></Data></Request>"}
[2019-07-26 16:16:02] 200 - OK - text/html
[2019-07-26 16:19:31] REQUEST GET - https://localhost:8082/economics/anno-precedente-conferma
[2019-07-26 16:19:31] ---- FROM  ::1 (WinNT)
[2019-07-26 16:19:31] ---- BROWSER:  Chrome 75.0 (Mozilla/5.0 (Windows NT 10.0; Win64; x64) AppleWebKit/537.36 (KHTML, like Gecko) Chrome/75.0.3770.142 Safari/537.36)
[2019-07-26 16:19:31] 200 - OK - text/html
[2019-07-26 16:19:31] REQUEST POST - https://localhost:8082/public/ws/AnnoPrec.asmx/Get
[2019-07-26 16:19:31] ---- FROM  ::1 (WinNT)
[2019-07-26 16:19:31] ---- BROWSER:  Chrome 75.0 (Mozilla/5.0 (Windows NT 10.0; Win64; x64) AppleWebKit/537.36 (KHTML, like Gecko) Chrome/75.0.3770.142 Safari/537.36)
[2019-07-26 16:19:31] ---- CONTENT: {data : "<?xml version='1.0' encoding='utf-8' ?><Request ID='20190726161931957'><General><Token>61111131252223224013000011333653</Token></General><Data></Data></Request>"}
[2019-07-26 16:19:31] 200 - OK - application/json
[2019-07-26 16:19:32] REQUEST POST - https://localhost:8082/public/ws/Config.asmx/All_Get
[2019-07-26 16:19:32] ---- FROM  ::1 (WinNT)
[2019-07-26 16:19:32] ---- BROWSER:  Chrome 75.0 (Mozilla/5.0 (Windows NT 10.0; Win64; x64) AppleWebKit/537.36 (KHTML, like Gecko) Chrome/75.0.3770.142 Safari/537.36)
[2019-07-26 16:19:32] ---- CONTENT: {data : "<?xml version='1.0' encoding='utf-8' ?><Request ID='201907261619325'><General><Token>61111131252223224013000011333653</Token></General><Data></Data></Request>"}
[2019-07-26 16:19:32] 200 - OK - application/json
[2019-07-26 16:19:32] REQUEST GET - https://localhost:8082/public/ws/Resources.ashx/xml-economics/61111131252223224013000011333653
[2019-07-26 16:19:32] ---- FROM  ::1 (WinNT)
[2019-07-26 16:19:32] ---- BROWSER:  Chrome 75.0 (Mozilla/5.0 (Windows NT 10.0; Win64; x64) AppleWebKit/537.36 (KHTML, like Gecko) Chrome/75.0.3770.142 Safari/537.36)
[2019-07-26 16:19:32] 200 - OK - text/xml
[2019-07-26 16:19:32] REQUEST POST - https://localhost:8082/public/ws/Economics.asmx/messaggi_summary
[2019-07-26 16:19:32] ---- FROM  ::1 (WinNT)
[2019-07-26 16:19:32] ---- BROWSER:  Chrome 75.0 (Mozilla/5.0 (Windows NT 10.0; Win64; x64) AppleWebKit/537.36 (KHTML, like Gecko) Chrome/75.0.3770.142 Safari/537.36)
[2019-07-26 16:19:32] ---- CONTENT: {data : "<?xml version='1.0' encoding='utf-8' ?><Request ID='20190726161932133'><General><Token>61111131252223224013000011333653</Token></General><Data></Data></Request>"}
[2019-07-26 16:19:32] 200 - OK - application/json
[2019-07-26 16:19:32] REQUEST POST - https://localhost:8082/public/ws/Config.asmx/All_Get
[2019-07-26 16:19:32] ---- FROM  ::1 (WinNT)
[2019-07-26 16:19:32] ---- BROWSER:  Chrome 75.0 (Mozilla/5.0 (Windows NT 10.0; Win64; x64) AppleWebKit/537.36 (KHTML, like Gecko) Chrome/75.0.3770.142 Safari/537.36)
[2019-07-26 16:19:32] ---- CONTENT: {data : "<?xml version='1.0' encoding='utf-8' ?><Request ID='20190726161932750'><General><Token>61111131252223224013000011333653</Token></General><Data></Data></Request>"}
[2019-07-26 16:19:32] 200 - OK - application/json
[2019-07-26 16:19:32] REQUEST POST - https://localhost:8082/public/ws/Config.asmx/All_Get
[2019-07-26 16:19:32] ---- FROM  ::1 (WinNT)
[2019-07-26 16:19:32] ---- BROWSER:  Chrome 75.0 (Mozilla/5.0 (Windows NT 10.0; Win64; x64) AppleWebKit/537.36 (KHTML, like Gecko) Chrome/75.0.3770.142 Safari/537.36)
[2019-07-26 16:19:32] ---- CONTENT: {data : "<?xml version='1.0' encoding='utf-8' ?><Request ID='20190726161932987'><General><Token>61111131252223224013000011333653</Token></General><Data></Data></Request>"}
[2019-07-26 16:19:32] 200 - OK - application/json
[2019-07-26 16:20:29] REQUEST GET - https://localhost:8082/economics/anno-precedente-prospetto
[2019-07-26 16:20:29] ---- FROM  ::1 (WinNT)
[2019-07-26 16:20:29] ---- BROWSER:  Chrome 75.0 (Mozilla/5.0 (Windows NT 10.0; Win64; x64) AppleWebKit/537.36 (KHTML, like Gecko) Chrome/75.0.3770.142 Safari/537.36)
[2019-07-26 16:20:29] 200 - OK - text/html
[2019-07-26 16:20:30] REQUEST POST - https://localhost:8082/public/ws/AnnoPrec.asmx/Get
[2019-07-26 16:20:30] ---- FROM  ::1 (WinNT)
[2019-07-26 16:20:30] ---- BROWSER:  Chrome 75.0 (Mozilla/5.0 (Windows NT 10.0; Win64; x64) AppleWebKit/537.36 (KHTML, like Gecko) Chrome/75.0.3770.142 Safari/537.36)
[2019-07-26 16:20:30] ---- CONTENT: {data : "<?xml version='1.0' encoding='utf-8' ?><Request ID='20190726162030144'><General><Token>61111131252223224013000011333653</Token></General><Data></Data></Request>"}
[2019-07-26 16:20:30] 200 - OK - application/json
[2019-07-26 16:20:30] REQUEST POST - https://localhost:8082/public/ws/Config.asmx/All_Get
[2019-07-26 16:20:30] ---- FROM  ::1 (WinNT)
[2019-07-26 16:20:30] ---- BROWSER:  Chrome 75.0 (Mozilla/5.0 (Windows NT 10.0; Win64; x64) AppleWebKit/537.36 (KHTML, like Gecko) Chrome/75.0.3770.142 Safari/537.36)
[2019-07-26 16:20:30] ---- CONTENT: {data : "<?xml version='1.0' encoding='utf-8' ?><Request ID='20190726162030196'><General><Token>61111131252223224013000011333653</Token></General><Data></Data></Request>"}
[2019-07-26 16:20:30] 200 - OK - application/json
[2019-07-26 16:20:30] REQUEST POST - https://localhost:8082/public/ws/Economics.asmx/messaggi_summary
[2019-07-26 16:20:30] ---- FROM  ::1 (WinNT)
[2019-07-26 16:20:30] ---- BROWSER:  Chrome 75.0 (Mozilla/5.0 (Windows NT 10.0; Win64; x64) AppleWebKit/537.36 (KHTML, like Gecko) Chrome/75.0.3770.142 Safari/537.36)
[2019-07-26 16:20:30] ---- CONTENT: {data : "<?xml version='1.0' encoding='utf-8' ?><Request ID='20190726162030267'><General><Token>61111131252223224013000011333653</Token></General><Data></Data></Request>"}
[2019-07-26 16:20:30] 200 - OK - application/json
[2019-07-26 16:20:30] REQUEST GET - https://localhost:8082/public/ws/Resources.ashx/xml-economics/61111131252223224013000011333653
[2019-07-26 16:20:30] ---- FROM  ::1 (WinNT)
[2019-07-26 16:20:30] ---- BROWSER:  Chrome 75.0 (Mozilla/5.0 (Windows NT 10.0; Win64; x64) AppleWebKit/537.36 (KHTML, like Gecko) Chrome/75.0.3770.142 Safari/537.36)
[2019-07-26 16:20:30] 200 - OK - text/xml
[2019-07-26 16:20:30] REQUEST POST - https://localhost:8082/public/ws/Config.asmx/All_Get
[2019-07-26 16:20:30] ---- FROM  ::1 (WinNT)
[2019-07-26 16:20:30] ---- BROWSER:  Chrome 75.0 (Mozilla/5.0 (Windows NT 10.0; Win64; x64) AppleWebKit/537.36 (KHTML, like Gecko) Chrome/75.0.3770.142 Safari/537.36)
[2019-07-26 16:20:30] ---- CONTENT: {data : "<?xml version='1.0' encoding='utf-8' ?><Request ID='20190726162030323'><General><Token>61111131252223224013000011333653</Token></General><Data></Data></Request>"}
[2019-07-26 16:20:30] 200 - OK - application/json
[2019-07-26 16:20:31] REQUEST POST - https://localhost:8082/public/ws/Config.asmx/All_Get
[2019-07-26 16:20:31] ---- FROM  ::1 (WinNT)
[2019-07-26 16:20:31] ---- BROWSER:  Chrome 75.0 (Mozilla/5.0 (Windows NT 10.0; Win64; x64) AppleWebKit/537.36 (KHTML, like Gecko) Chrome/75.0.3770.142 Safari/537.36)
[2019-07-26 16:20:31] ---- CONTENT: {data : "<?xml version='1.0' encoding='utf-8' ?><Request ID='2019072616203174'><General><Token>61111131252223224013000011333653</Token></General><Data></Data></Request>"}
[2019-07-26 16:20:31] 200 - OK - application/json
[2019-07-26 16:23:49] REQUEST GET - https://localhost:8082/economics/anno-precedente-prospetto
[2019-07-26 16:23:49] ---- FROM  ::1 (WinNT)
[2019-07-26 16:23:49] ---- BROWSER:  Chrome 75.0 (Mozilla/5.0 (Windows NT 10.0; Win64; x64) AppleWebKit/537.36 (KHTML, like Gecko) Chrome/75.0.3770.142 Safari/537.36)
[2019-07-26 16:23:49] 200 - OK - text/html
[2019-07-26 16:23:50] REQUEST POST - https://localhost:8082/public/ws/AnnoPrec.asmx/Get
[2019-07-26 16:23:50] ---- FROM  ::1 (WinNT)
[2019-07-26 16:23:50] ---- BROWSER:  Chrome 75.0 (Mozilla/5.0 (Windows NT 10.0; Win64; x64) AppleWebKit/537.36 (KHTML, like Gecko) Chrome/75.0.3770.142 Safari/537.36)
[2019-07-26 16:23:50] ---- CONTENT: {data : "<?xml version='1.0' encoding='utf-8' ?><Request ID='20190726162350287'><General><Token>61111131252223224013000011333653</Token></General><Data></Data></Request>"}
[2019-07-26 16:23:50] 200 - OK - application/json
[2019-07-26 16:23:50] REQUEST POST - https://localhost:8082/public/ws/Config.asmx/All_Get
[2019-07-26 16:23:50] ---- FROM  ::1 (WinNT)
[2019-07-26 16:23:50] ---- BROWSER:  Chrome 75.0 (Mozilla/5.0 (Windows NT 10.0; Win64; x64) AppleWebKit/537.36 (KHTML, like Gecko) Chrome/75.0.3770.142 Safari/537.36)
[2019-07-26 16:23:50] ---- CONTENT: {data : "<?xml version='1.0' encoding='utf-8' ?><Request ID='20190726162350351'><General><Token>61111131252223224013000011333653</Token></General><Data></Data></Request>"}
[2019-07-26 16:23:50] 200 - OK - application/json
[2019-07-26 16:23:50] REQUEST POST - https://localhost:8082/public/ws/Economics.asmx/messaggi_summary
[2019-07-26 16:23:50] ---- FROM  ::1 (WinNT)
[2019-07-26 16:23:50] ---- BROWSER:  Chrome 75.0 (Mozilla/5.0 (Windows NT 10.0; Win64; x64) AppleWebKit/537.36 (KHTML, like Gecko) Chrome/75.0.3770.142 Safari/537.36)
[2019-07-26 16:23:50] ---- CONTENT: {data : "<?xml version='1.0' encoding='utf-8' ?><Request ID='20190726162350422'><General><Token>61111131252223224013000011333653</Token></General><Data></Data></Request>"}
[2019-07-26 16:23:50] 200 - OK - application/json
[2019-07-26 16:23:50] REQUEST GET - https://localhost:8082/public/ws/Resources.ashx/xml-economics/61111131252223224013000011333653
[2019-07-26 16:23:50] ---- FROM  ::1 (WinNT)
[2019-07-26 16:23:50] ---- BROWSER:  Chrome 75.0 (Mozilla/5.0 (Windows NT 10.0; Win64; x64) AppleWebKit/537.36 (KHTML, like Gecko) Chrome/75.0.3770.142 Safari/537.36)
[2019-07-26 16:23:50] 200 - OK - text/xml
[2019-07-26 16:23:50] REQUEST POST - https://localhost:8082/public/ws/Config.asmx/All_Get
[2019-07-26 16:23:50] ---- FROM  ::1 (WinNT)
[2019-07-26 16:23:50] ---- BROWSER:  Chrome 75.0 (Mozilla/5.0 (Windows NT 10.0; Win64; x64) AppleWebKit/537.36 (KHTML, like Gecko) Chrome/75.0.3770.142 Safari/537.36)
[2019-07-26 16:23:50] ---- CONTENT: {data : "<?xml version='1.0' encoding='utf-8' ?><Request ID='20190726162350521'><General><Token>61111131252223224013000011333653</Token></General><Data></Data></Request>"}
[2019-07-26 16:23:50] 200 - OK - application/json
[2019-07-26 16:23:51] REQUEST POST - https://localhost:8082/public/ws/Config.asmx/All_Get
[2019-07-26 16:23:51] ---- FROM  ::1 (WinNT)
[2019-07-26 16:23:51] ---- BROWSER:  Chrome 75.0 (Mozilla/5.0 (Windows NT 10.0; Win64; x64) AppleWebKit/537.36 (KHTML, like Gecko) Chrome/75.0.3770.142 Safari/537.36)
[2019-07-26 16:23:51] ---- CONTENT: {data : "<?xml version='1.0' encoding='utf-8' ?><Request ID='20190726162351664'><General><Token>61111131252223224013000011333653</Token></General><Data></Data></Request>"}
[2019-07-26 16:23:51] 200 - OK - application/json
[2019-07-26 16:24:32] REQUEST GET - https://localhost:8082/economics/anno-precedente-prospetto
[2019-07-26 16:24:32] ---- FROM  ::1 (WinNT)
[2019-07-26 16:24:32] ---- BROWSER:  Chrome 75.0 (Mozilla/5.0 (Windows NT 10.0; Win64; x64) AppleWebKit/537.36 (KHTML, like Gecko) Chrome/75.0.3770.142 Safari/537.36)
[2019-07-26 16:24:32] 200 - OK - text/html
[2019-07-26 16:24:33] REQUEST POST - https://localhost:8082/public/ws/AnnoPrec.asmx/Get
[2019-07-26 16:24:33] ---- FROM  ::1 (WinNT)
[2019-07-26 16:24:33] ---- BROWSER:  Chrome 75.0 (Mozilla/5.0 (Windows NT 10.0; Win64; x64) AppleWebKit/537.36 (KHTML, like Gecko) Chrome/75.0.3770.142 Safari/537.36)
[2019-07-26 16:24:33] ---- CONTENT: {data : "<?xml version='1.0' encoding='utf-8' ?><Request ID='20190726162433679'><General><Token>61111131252223224013000011333653</Token></General><Data></Data></Request>"}
[2019-07-26 16:24:33] 200 - OK - application/json
[2019-07-26 16:24:33] REQUEST POST - https://localhost:8082/public/ws/Config.asmx/All_Get
[2019-07-26 16:24:33] ---- FROM  ::1 (WinNT)
[2019-07-26 16:24:33] ---- BROWSER:  Chrome 75.0 (Mozilla/5.0 (Windows NT 10.0; Win64; x64) AppleWebKit/537.36 (KHTML, like Gecko) Chrome/75.0.3770.142 Safari/537.36)
[2019-07-26 16:24:33] ---- CONTENT: {data : "<?xml version='1.0' encoding='utf-8' ?><Request ID='20190726162433737'><General><Token>61111131252223224013000011333653</Token></General><Data></Data></Request>"}
[2019-07-26 16:24:33] 200 - OK - application/json
[2019-07-26 16:24:33] REQUEST GET - https://localhost:8082/public/ws/Resources.ashx/xml-economics/61111131252223224013000011333653
[2019-07-26 16:24:33] ---- FROM  ::1 (WinNT)
[2019-07-26 16:24:33] ---- BROWSER:  Chrome 75.0 (Mozilla/5.0 (Windows NT 10.0; Win64; x64) AppleWebKit/537.36 (KHTML, like Gecko) Chrome/75.0.3770.142 Safari/537.36)
[2019-07-26 16:24:33] 200 - OK - text/xml
[2019-07-26 16:24:33] REQUEST POST - https://localhost:8082/public/ws/Economics.asmx/messaggi_summary
[2019-07-26 16:24:33] ---- FROM  ::1 (WinNT)
[2019-07-26 16:24:33] ---- BROWSER:  Chrome 75.0 (Mozilla/5.0 (Windows NT 10.0; Win64; x64) AppleWebKit/537.36 (KHTML, like Gecko) Chrome/75.0.3770.142 Safari/537.36)
[2019-07-26 16:24:33] ---- CONTENT: {data : "<?xml version='1.0' encoding='utf-8' ?><Request ID='20190726162433786'><General><Token>61111131252223224013000011333653</Token></General><Data></Data></Request>"}
[2019-07-26 16:24:33] 200 - OK - application/json
[2019-07-26 16:24:34] REQUEST POST - https://localhost:8082/public/ws/Config.asmx/All_Get
[2019-07-26 16:24:34] ---- FROM  ::1 (WinNT)
[2019-07-26 16:24:34] ---- BROWSER:  Chrome 75.0 (Mozilla/5.0 (Windows NT 10.0; Win64; x64) AppleWebKit/537.36 (KHTML, like Gecko) Chrome/75.0.3770.142 Safari/537.36)
[2019-07-26 16:24:34] ---- CONTENT: {data : "<?xml version='1.0' encoding='utf-8' ?><Request ID='20190726162434292'><General><Token>61111131252223224013000011333653</Token></General><Data></Data></Request>"}
[2019-07-26 16:24:34] 200 - OK - application/json
[2019-07-26 16:24:34] REQUEST POST - https://localhost:8082/public/ws/Config.asmx/All_Get
[2019-07-26 16:24:34] ---- FROM  ::1 (WinNT)
[2019-07-26 16:24:34] ---- BROWSER:  Chrome 75.0 (Mozilla/5.0 (Windows NT 10.0; Win64; x64) AppleWebKit/537.36 (KHTML, like Gecko) Chrome/75.0.3770.142 Safari/537.36)
[2019-07-26 16:24:34] ---- CONTENT: {data : "<?xml version='1.0' encoding='utf-8' ?><Request ID='20190726162434566'><General><Token>61111131252223224013000011333653</Token></General><Data></Data></Request>"}
[2019-07-26 16:24:34] 200 - OK - application/json
[2019-07-26 16:28:26] REQUEST GET - https://localhost:8082/economics/anno-precedente-prospetto
[2019-07-26 16:28:26] ---- FROM  ::1 (WinNT)
[2019-07-26 16:28:26] ---- BROWSER:  Chrome 75.0 (Mozilla/5.0 (Windows NT 10.0; Win64; x64) AppleWebKit/537.36 (KHTML, like Gecko) Chrome/75.0.3770.142 Safari/537.36)
[2019-07-26 16:28:26] 200 - OK - text/html
[2019-07-26 16:28:27] REQUEST POST - https://localhost:8082/public/ws/AnnoPrec.asmx/Get
[2019-07-26 16:28:27] ---- FROM  ::1 (WinNT)
[2019-07-26 16:28:27] ---- BROWSER:  Chrome 75.0 (Mozilla/5.0 (Windows NT 10.0; Win64; x64) AppleWebKit/537.36 (KHTML, like Gecko) Chrome/75.0.3770.142 Safari/537.36)
[2019-07-26 16:28:27] ---- CONTENT: {data : "<?xml version='1.0' encoding='utf-8' ?><Request ID='20190726162827973'><General><Token>61111131252223224013000011333653</Token></General><Data></Data></Request>"}
[2019-07-26 16:28:27] 200 - OK - application/json
[2019-07-26 16:28:28] REQUEST POST - https://localhost:8082/public/ws/Config.asmx/All_Get
[2019-07-26 16:28:28] ---- FROM  ::1 (WinNT)
[2019-07-26 16:28:28] ---- BROWSER:  Chrome 75.0 (Mozilla/5.0 (Windows NT 10.0; Win64; x64) AppleWebKit/537.36 (KHTML, like Gecko) Chrome/75.0.3770.142 Safari/537.36)
[2019-07-26 16:28:28] ---- CONTENT: {data : "<?xml version='1.0' encoding='utf-8' ?><Request ID='2019072616282822'><General><Token>61111131252223224013000011333653</Token></General><Data></Data></Request>"}
[2019-07-26 16:28:28] 200 - OK - application/json
[2019-07-26 16:28:28] REQUEST POST - https://localhost:8082/public/ws/Economics.asmx/messaggi_summary
[2019-07-26 16:28:28] ---- FROM  ::1 (WinNT)
[2019-07-26 16:28:28] ---- BROWSER:  Chrome 75.0 (Mozilla/5.0 (Windows NT 10.0; Win64; x64) AppleWebKit/537.36 (KHTML, like Gecko) Chrome/75.0.3770.142 Safari/537.36)
[2019-07-26 16:28:28] ---- CONTENT: {data : "<?xml version='1.0' encoding='utf-8' ?><Request ID='2019072616282881'><General><Token>61111131252223224013000011333653</Token></General><Data></Data></Request>"}
[2019-07-26 16:28:28] 200 - OK - application/json
[2019-07-26 16:28:28] REQUEST GET - https://localhost:8082/public/ws/Resources.ashx/xml-economics/61111131252223224013000011333653
[2019-07-26 16:28:28] ---- FROM  ::1 (WinNT)
[2019-07-26 16:28:28] ---- BROWSER:  Chrome 75.0 (Mozilla/5.0 (Windows NT 10.0; Win64; x64) AppleWebKit/537.36 (KHTML, like Gecko) Chrome/75.0.3770.142 Safari/537.36)
[2019-07-26 16:28:28] 200 - OK - text/xml
[2019-07-26 16:28:28] REQUEST POST - https://localhost:8082/public/ws/Config.asmx/All_Get
[2019-07-26 16:28:28] ---- FROM  ::1 (WinNT)
[2019-07-26 16:28:28] ---- BROWSER:  Chrome 75.0 (Mozilla/5.0 (Windows NT 10.0; Win64; x64) AppleWebKit/537.36 (KHTML, like Gecko) Chrome/75.0.3770.142 Safari/537.36)
[2019-07-26 16:28:28] ---- CONTENT: {data : "<?xml version='1.0' encoding='utf-8' ?><Request ID='20190726162828209'><General><Token>61111131252223224013000011333653</Token></General><Data></Data></Request>"}
[2019-07-26 16:28:28] 200 - OK - application/json
[2019-07-26 16:28:29] REQUEST POST - https://localhost:8082/public/ws/Config.asmx/All_Get
[2019-07-26 16:28:29] ---- FROM  ::1 (WinNT)
[2019-07-26 16:28:29] ---- BROWSER:  Chrome 75.0 (Mozilla/5.0 (Windows NT 10.0; Win64; x64) AppleWebKit/537.36 (KHTML, like Gecko) Chrome/75.0.3770.142 Safari/537.36)
[2019-07-26 16:28:29] ---- CONTENT: {data : "<?xml version='1.0' encoding='utf-8' ?><Request ID='20190726162829331'><General><Token>61111131252223224013000011333653</Token></General><Data></Data></Request>"}
[2019-07-26 16:28:29] 200 - OK - application/json
[2019-07-26 16:31:05] REQUEST GET - https://localhost:8082/economics/anno-precedente-prospetto
[2019-07-26 16:31:05] ---- FROM  ::1 (WinNT)
[2019-07-26 16:31:05] ---- BROWSER:  Chrome 75.0 (Mozilla/5.0 (Windows NT 10.0; Win64; x64) AppleWebKit/537.36 (KHTML, like Gecko) Chrome/75.0.3770.142 Safari/537.36)
[2019-07-26 16:31:05] 200 - OK - text/html
[2019-07-26 16:31:05] REQUEST POST - https://localhost:8082/public/ws/AnnoPrec.asmx/Get
[2019-07-26 16:31:05] ---- FROM  ::1 (WinNT)
[2019-07-26 16:31:05] ---- BROWSER:  Chrome 75.0 (Mozilla/5.0 (Windows NT 10.0; Win64; x64) AppleWebKit/537.36 (KHTML, like Gecko) Chrome/75.0.3770.142 Safari/537.36)
[2019-07-26 16:31:05] ---- CONTENT: {data : "<?xml version='1.0' encoding='utf-8' ?><Request ID='20190726163105755'><General><Token>61111131252223224013000011333653</Token></General><Data></Data></Request>"}
[2019-07-26 16:31:05] 200 - OK - application/json
[2019-07-26 16:31:05] REQUEST POST - https://localhost:8082/public/ws/Config.asmx/All_Get
[2019-07-26 16:31:05] ---- FROM  ::1 (WinNT)
[2019-07-26 16:31:05] ---- BROWSER:  Chrome 75.0 (Mozilla/5.0 (Windows NT 10.0; Win64; x64) AppleWebKit/537.36 (KHTML, like Gecko) Chrome/75.0.3770.142 Safari/537.36)
[2019-07-26 16:31:05] ---- CONTENT: {data : "<?xml version='1.0' encoding='utf-8' ?><Request ID='20190726163105820'><General><Token>61111131252223224013000011333653</Token></General><Data></Data></Request>"}
[2019-07-26 16:31:05] 200 - OK - application/json
[2019-07-26 16:31:05] REQUEST POST - https://localhost:8082/public/ws/Economics.asmx/messaggi_summary
[2019-07-26 16:31:05] ---- FROM  ::1 (WinNT)
[2019-07-26 16:31:05] ---- BROWSER:  Chrome 75.0 (Mozilla/5.0 (Windows NT 10.0; Win64; x64) AppleWebKit/537.36 (KHTML, like Gecko) Chrome/75.0.3770.142 Safari/537.36)
[2019-07-26 16:31:05] ---- CONTENT: {data : "<?xml version='1.0' encoding='utf-8' ?><Request ID='20190726163105892'><General><Token>61111131252223224013000011333653</Token></General><Data></Data></Request>"}
[2019-07-26 16:31:05] 200 - OK - application/json
[2019-07-26 16:31:05] REQUEST GET - https://localhost:8082/public/ws/Resources.ashx/xml-economics/61111131252223224013000011333653
[2019-07-26 16:31:05] ---- FROM  ::1 (WinNT)
[2019-07-26 16:31:05] ---- BROWSER:  Chrome 75.0 (Mozilla/5.0 (Windows NT 10.0; Win64; x64) AppleWebKit/537.36 (KHTML, like Gecko) Chrome/75.0.3770.142 Safari/537.36)
[2019-07-26 16:31:06] REQUEST POST - https://localhost:8082/public/ws/Config.asmx/All_Get
[2019-07-26 16:31:06] ---- FROM  ::1 (WinNT)
[2019-07-26 16:31:06] ---- BROWSER:  Chrome 75.0 (Mozilla/5.0 (Windows NT 10.0; Win64; x64) AppleWebKit/537.36 (KHTML, like Gecko) Chrome/75.0.3770.142 Safari/537.36)
[2019-07-26 16:31:06] ---- CONTENT: {data : "<?xml version='1.0' encoding='utf-8' ?><Request ID='20190726163105957'><General><Token>61111131252223224013000011333653</Token></General><Data></Data></Request>"}
[2019-07-26 16:31:06] 200 - OK - text/xml
[2019-07-26 16:31:06] 200 - OK - application/json
[2019-07-26 16:31:06] REQUEST POST - https://localhost:8082/public/ws/Config.asmx/All_Get
[2019-07-26 16:31:06] ---- FROM  ::1 (WinNT)
[2019-07-26 16:31:06] ---- BROWSER:  Chrome 75.0 (Mozilla/5.0 (Windows NT 10.0; Win64; x64) AppleWebKit/537.36 (KHTML, like Gecko) Chrome/75.0.3770.142 Safari/537.36)
[2019-07-26 16:31:06] ---- CONTENT: {data : "<?xml version='1.0' encoding='utf-8' ?><Request ID='20190726163106796'><General><Token>61111131252223224013000011333653</Token></General><Data></Data></Request>"}
[2019-07-26 16:31:06] 200 - OK - application/json
[2019-07-26 16:35:15] REQUEST GET - https://localhost:8082/economics/anno-precedente-prospetto
[2019-07-26 16:35:15] ---- FROM  ::1 (WinNT)
[2019-07-26 16:35:15] ---- BROWSER:  Chrome 75.0 (Mozilla/5.0 (Windows NT 10.0; Win64; x64) AppleWebKit/537.36 (KHTML, like Gecko) Chrome/75.0.3770.142 Safari/537.36)
[2019-07-26 16:35:15] 200 - OK - text/html
[2019-07-26 16:35:16] REQUEST POST - https://localhost:8082/public/ws/AnnoPrec.asmx/Get
[2019-07-26 16:35:16] ---- FROM  ::1 (WinNT)
[2019-07-26 16:35:16] ---- BROWSER:  Chrome 75.0 (Mozilla/5.0 (Windows NT 10.0; Win64; x64) AppleWebKit/537.36 (KHTML, like Gecko) Chrome/75.0.3770.142 Safari/537.36)
[2019-07-26 16:35:16] ---- CONTENT: {data : "<?xml version='1.0' encoding='utf-8' ?><Request ID='20190726163516414'><General><Token>61111131252223224013000011333653</Token></General><Data></Data></Request>"}
[2019-07-26 16:35:16] 200 - OK - application/json
[2019-07-26 16:35:16] REQUEST POST - https://localhost:8082/public/ws/Config.asmx/All_Get
[2019-07-26 16:35:16] ---- FROM  ::1 (WinNT)
[2019-07-26 16:35:16] ---- BROWSER:  Chrome 75.0 (Mozilla/5.0 (Windows NT 10.0; Win64; x64) AppleWebKit/537.36 (KHTML, like Gecko) Chrome/75.0.3770.142 Safari/537.36)
[2019-07-26 16:35:16] ---- CONTENT: {data : "<?xml version='1.0' encoding='utf-8' ?><Request ID='20190726163516497'><General><Token>61111131252223224013000011333653</Token></General><Data></Data></Request>"}
[2019-07-26 16:35:16] 200 - OK - application/json
[2019-07-26 16:35:16] REQUEST POST - https://localhost:8082/public/ws/Economics.asmx/messaggi_summary
[2019-07-26 16:35:16] ---- FROM  ::1 (WinNT)
[2019-07-26 16:35:16] ---- BROWSER:  Chrome 75.0 (Mozilla/5.0 (Windows NT 10.0; Win64; x64) AppleWebKit/537.36 (KHTML, like Gecko) Chrome/75.0.3770.142 Safari/537.36)
[2019-07-26 16:35:16] ---- CONTENT: {data : "<?xml version='1.0' encoding='utf-8' ?><Request ID='20190726163516576'><General><Token>61111131252223224013000011333653</Token></General><Data></Data></Request>"}
[2019-07-26 16:35:16] 200 - OK - application/json
[2019-07-26 16:35:16] REQUEST GET - https://localhost:8082/public/ws/Resources.ashx/xml-economics/61111131252223224013000011333653
[2019-07-26 16:35:16] ---- FROM  ::1 (WinNT)
[2019-07-26 16:35:16] ---- BROWSER:  Chrome 75.0 (Mozilla/5.0 (Windows NT 10.0; Win64; x64) AppleWebKit/537.36 (KHTML, like Gecko) Chrome/75.0.3770.142 Safari/537.36)
[2019-07-26 16:35:16] 200 - OK - text/xml
[2019-07-26 16:35:16] REQUEST POST - https://localhost:8082/public/ws/Config.asmx/All_Get
[2019-07-26 16:35:16] ---- FROM  ::1 (WinNT)
[2019-07-26 16:35:16] ---- BROWSER:  Chrome 75.0 (Mozilla/5.0 (Windows NT 10.0; Win64; x64) AppleWebKit/537.36 (KHTML, like Gecko) Chrome/75.0.3770.142 Safari/537.36)
[2019-07-26 16:35:16] ---- CONTENT: {data : "<?xml version='1.0' encoding='utf-8' ?><Request ID='20190726163516644'><General><Token>61111131252223224013000011333653</Token></General><Data></Data></Request>"}
[2019-07-26 16:35:16] 200 - OK - application/json
[2019-07-26 16:35:17] REQUEST POST - https://localhost:8082/public/ws/Config.asmx/All_Get
[2019-07-26 16:35:17] ---- FROM  ::1 (WinNT)
[2019-07-26 16:35:17] ---- BROWSER:  Chrome 75.0 (Mozilla/5.0 (Windows NT 10.0; Win64; x64) AppleWebKit/537.36 (KHTML, like Gecko) Chrome/75.0.3770.142 Safari/537.36)
[2019-07-26 16:35:17] ---- CONTENT: {data : "<?xml version='1.0' encoding='utf-8' ?><Request ID='20190726163517562'><General><Token>61111131252223224013000011333653</Token></General><Data></Data></Request>"}
[2019-07-26 16:35:17] 200 - OK - application/json
[2019-07-26 16:36:56] REQUEST GET - https://localhost:8082/economics/anno-precedente-prospetto
[2019-07-26 16:36:56] ---- FROM  ::1 (WinNT)
[2019-07-26 16:36:56] ---- BROWSER:  Chrome 75.0 (Mozilla/5.0 (Windows NT 10.0; Win64; x64) AppleWebKit/537.36 (KHTML, like Gecko) Chrome/75.0.3770.142 Safari/537.36)
[2019-07-26 16:36:56] 200 - OK - text/html
[2019-07-26 16:36:56] REQUEST POST - https://localhost:8082/public/ws/AnnoPrec.asmx/Get
[2019-07-26 16:36:56] ---- FROM  ::1 (WinNT)
[2019-07-26 16:36:56] ---- BROWSER:  Chrome 75.0 (Mozilla/5.0 (Windows NT 10.0; Win64; x64) AppleWebKit/537.36 (KHTML, like Gecko) Chrome/75.0.3770.142 Safari/537.36)
[2019-07-26 16:36:56] ---- CONTENT: {data : "<?xml version='1.0' encoding='utf-8' ?><Request ID='20190726163656889'><General><Token>61111131252223224013000011333653</Token></General><Data></Data></Request>"}
[2019-07-26 16:36:56] 200 - OK - application/json
[2019-07-26 16:36:56] REQUEST POST - https://localhost:8082/public/ws/Config.asmx/All_Get
[2019-07-26 16:36:56] ---- FROM  ::1 (WinNT)
[2019-07-26 16:36:56] ---- BROWSER:  Chrome 75.0 (Mozilla/5.0 (Windows NT 10.0; Win64; x64) AppleWebKit/537.36 (KHTML, like Gecko) Chrome/75.0.3770.142 Safari/537.36)
[2019-07-26 16:36:56] ---- CONTENT: {data : "<?xml version='1.0' encoding='utf-8' ?><Request ID='20190726163656948'><General><Token>61111131252223224013000011333653</Token></General><Data></Data></Request>"}
[2019-07-26 16:36:56] 200 - OK - application/json
[2019-07-26 16:36:57] REQUEST POST - https://localhost:8082/public/ws/Economics.asmx/messaggi_summary
[2019-07-26 16:36:57] ---- FROM  ::1 (WinNT)
[2019-07-26 16:36:57] ---- BROWSER:  Chrome 75.0 (Mozilla/5.0 (Windows NT 10.0; Win64; x64) AppleWebKit/537.36 (KHTML, like Gecko) Chrome/75.0.3770.142 Safari/537.36)
[2019-07-26 16:36:57] ---- CONTENT: {data : "<?xml version='1.0' encoding='utf-8' ?><Request ID='2019072616365728'><General><Token>61111131252223224013000011333653</Token></General><Data></Data></Request>"}
[2019-07-26 16:36:57] 200 - OK - application/json
[2019-07-26 16:36:57] REQUEST GET - https://localhost:8082/public/ws/Resources.ashx/xml-economics/61111131252223224013000011333653
[2019-07-26 16:36:57] ---- FROM  ::1 (WinNT)
[2019-07-26 16:36:57] ---- BROWSER:  Chrome 75.0 (Mozilla/5.0 (Windows NT 10.0; Win64; x64) AppleWebKit/537.36 (KHTML, like Gecko) Chrome/75.0.3770.142 Safari/537.36)
[2019-07-26 16:36:57] REQUEST POST - https://localhost:8082/public/ws/Config.asmx/All_Get
[2019-07-26 16:36:57] ---- FROM  ::1 (WinNT)
[2019-07-26 16:36:57] ---- BROWSER:  Chrome 75.0 (Mozilla/5.0 (Windows NT 10.0; Win64; x64) AppleWebKit/537.36 (KHTML, like Gecko) Chrome/75.0.3770.142 Safari/537.36)
[2019-07-26 16:36:57] ---- CONTENT: {data : "<?xml version='1.0' encoding='utf-8' ?><Request ID='2019072616365786'><General><Token>61111131252223224013000011333653</Token></General><Data></Data></Request>"}
[2019-07-26 16:36:57] 200 - OK - text/xml
[2019-07-26 16:36:57] 200 - OK - application/json
[2019-07-26 16:36:57] REQUEST POST - https://localhost:8082/public/ws/Config.asmx/All_Get
[2019-07-26 16:36:57] ---- FROM  ::1 (WinNT)
[2019-07-26 16:36:57] ---- BROWSER:  Chrome 75.0 (Mozilla/5.0 (Windows NT 10.0; Win64; x64) AppleWebKit/537.36 (KHTML, like Gecko) Chrome/75.0.3770.142 Safari/537.36)
[2019-07-26 16:36:57] ---- CONTENT: {data : "<?xml version='1.0' encoding='utf-8' ?><Request ID='20190726163657948'><General><Token>61111131252223224013000011333653</Token></General><Data></Data></Request>"}
[2019-07-26 16:36:57] 200 - OK - application/json
[2019-07-26 16:38:00] REQUEST GET - https://localhost:8082/economics/anno-precedente-prospetto
[2019-07-26 16:38:00] ---- FROM  ::1 (WinNT)
[2019-07-26 16:38:00] ---- BROWSER:  Chrome 75.0 (Mozilla/5.0 (Windows NT 10.0; Win64; x64) AppleWebKit/537.36 (KHTML, like Gecko) Chrome/75.0.3770.142 Safari/537.36)
[2019-07-26 16:38:00] 200 - OK - text/html
[2019-07-26 16:38:01] REQUEST POST - https://localhost:8082/public/ws/AnnoPrec.asmx/Get
[2019-07-26 16:38:01] ---- FROM  ::1 (WinNT)
[2019-07-26 16:38:01] ---- BROWSER:  Chrome 75.0 (Mozilla/5.0 (Windows NT 10.0; Win64; x64) AppleWebKit/537.36 (KHTML, like Gecko) Chrome/75.0.3770.142 Safari/537.36)
[2019-07-26 16:38:01] ---- CONTENT: {data : "<?xml version='1.0' encoding='utf-8' ?><Request ID='20190726163801117'><General><Token>61111131252223224013000011333653</Token></General><Data></Data></Request>"}
[2019-07-26 16:38:01] 200 - OK - application/json
[2019-07-26 16:38:01] REQUEST POST - https://localhost:8082/public/ws/Config.asmx/All_Get
[2019-07-26 16:38:01] ---- FROM  ::1 (WinNT)
[2019-07-26 16:38:01] ---- BROWSER:  Chrome 75.0 (Mozilla/5.0 (Windows NT 10.0; Win64; x64) AppleWebKit/537.36 (KHTML, like Gecko) Chrome/75.0.3770.142 Safari/537.36)
[2019-07-26 16:38:01] ---- CONTENT: {data : "<?xml version='1.0' encoding='utf-8' ?><Request ID='20190726163801187'><General><Token>61111131252223224013000011333653</Token></General><Data></Data></Request>"}
[2019-07-26 16:38:01] 200 - OK - application/json
[2019-07-26 16:38:01] REQUEST GET - https://localhost:8082/public/ws/Resources.ashx/xml-economics/61111131252223224013000011333653
[2019-07-26 16:38:01] ---- FROM  ::1 (WinNT)
[2019-07-26 16:38:01] ---- BROWSER:  Chrome 75.0 (Mozilla/5.0 (Windows NT 10.0; Win64; x64) AppleWebKit/537.36 (KHTML, like Gecko) Chrome/75.0.3770.142 Safari/537.36)
[2019-07-26 16:38:01] 200 - OK - text/xml
[2019-07-26 16:38:01] REQUEST POST - https://localhost:8082/public/ws/Economics.asmx/messaggi_summary
[2019-07-26 16:38:01] ---- FROM  ::1 (WinNT)
[2019-07-26 16:38:01] ---- BROWSER:  Chrome 75.0 (Mozilla/5.0 (Windows NT 10.0; Win64; x64) AppleWebKit/537.36 (KHTML, like Gecko) Chrome/75.0.3770.142 Safari/537.36)
[2019-07-26 16:38:01] ---- CONTENT: {data : "<?xml version='1.0' encoding='utf-8' ?><Request ID='20190726163801276'><General><Token>61111131252223224013000011333653</Token></General><Data></Data></Request>"}
[2019-07-26 16:38:01] 200 - OK - application/json
[2019-07-26 16:38:01] REQUEST POST - https://localhost:8082/public/ws/Config.asmx/All_Get
[2019-07-26 16:38:01] ---- FROM  ::1 (WinNT)
[2019-07-26 16:38:01] ---- BROWSER:  Chrome 75.0 (Mozilla/5.0 (Windows NT 10.0; Win64; x64) AppleWebKit/537.36 (KHTML, like Gecko) Chrome/75.0.3770.142 Safari/537.36)
[2019-07-26 16:38:01] ---- CONTENT: {data : "<?xml version='1.0' encoding='utf-8' ?><Request ID='20190726163801837'><General><Token>61111131252223224013000011333653</Token></General><Data></Data></Request>"}
[2019-07-26 16:38:01] 200 - OK - application/json
[2019-07-26 16:38:02] REQUEST POST - https://localhost:8082/public/ws/Config.asmx/All_Get
[2019-07-26 16:38:02] ---- FROM  ::1 (WinNT)
[2019-07-26 16:38:02] ---- BROWSER:  Chrome 75.0 (Mozilla/5.0 (Windows NT 10.0; Win64; x64) AppleWebKit/537.36 (KHTML, like Gecko) Chrome/75.0.3770.142 Safari/537.36)
[2019-07-26 16:38:02] ---- CONTENT: {data : "<?xml version='1.0' encoding='utf-8' ?><Request ID='20190726163802140'><General><Token>61111131252223224013000011333653</Token></General><Data></Data></Request>"}
[2019-07-26 16:38:02] 200 - OK - application/json
[2019-07-26 16:39:24] REQUEST GET - https://localhost:8082/economics/anno-precedente-conferma
[2019-07-26 16:39:24] ---- FROM  ::1 (WinNT)
[2019-07-26 16:39:24] ---- BROWSER:  Chrome 75.0 (Mozilla/5.0 (Windows NT 10.0; Win64; x64) AppleWebKit/537.36 (KHTML, like Gecko) Chrome/75.0.3770.142 Safari/537.36)
[2019-07-26 16:39:24] 200 - OK - text/html
[2019-07-26 16:39:25] REQUEST POST - https://localhost:8082/public/ws/AnnoPrec.asmx/Get
[2019-07-26 16:39:25] ---- FROM  ::1 (WinNT)
[2019-07-26 16:39:25] ---- BROWSER:  Chrome 75.0 (Mozilla/5.0 (Windows NT 10.0; Win64; x64) AppleWebKit/537.36 (KHTML, like Gecko) Chrome/75.0.3770.142 Safari/537.36)
[2019-07-26 16:39:25] ---- CONTENT: {data : "<?xml version='1.0' encoding='utf-8' ?><Request ID='20190726163925328'><General><Token>61111131252223224013000011333653</Token></General><Data></Data></Request>"}
[2019-07-26 16:39:25] 200 - OK - application/json
[2019-07-26 16:39:25] REQUEST GET - https://localhost:8082/public/ws/Resources.ashx/xml-economics/61111131252223224013000011333653
[2019-07-26 16:39:25] ---- FROM  ::1 (WinNT)
[2019-07-26 16:39:25] ---- BROWSER:  Chrome 75.0 (Mozilla/5.0 (Windows NT 10.0; Win64; x64) AppleWebKit/537.36 (KHTML, like Gecko) Chrome/75.0.3770.142 Safari/537.36)
[2019-07-26 16:39:25] REQUEST POST - https://localhost:8082/public/ws/Config.asmx/All_Get
[2019-07-26 16:39:25] ---- FROM  ::1 (WinNT)
[2019-07-26 16:39:25] ---- BROWSER:  Chrome 75.0 (Mozilla/5.0 (Windows NT 10.0; Win64; x64) AppleWebKit/537.36 (KHTML, like Gecko) Chrome/75.0.3770.142 Safari/537.36)
[2019-07-26 16:39:25] ---- CONTENT: {data : "<?xml version='1.0' encoding='utf-8' ?><Request ID='20190726163925381'><General><Token>61111131252223224013000011333653</Token></General><Data></Data></Request>"}
[2019-07-26 16:39:25] 200 - OK - application/json
[2019-07-26 16:39:25] 200 - OK - text/xml
[2019-07-26 16:39:25] REQUEST POST - https://localhost:8082/public/ws/Economics.asmx/messaggi_summary
[2019-07-26 16:39:25] ---- FROM  ::1 (WinNT)
[2019-07-26 16:39:25] ---- BROWSER:  Chrome 75.0 (Mozilla/5.0 (Windows NT 10.0; Win64; x64) AppleWebKit/537.36 (KHTML, like Gecko) Chrome/75.0.3770.142 Safari/537.36)
[2019-07-26 16:39:25] ---- CONTENT: {data : "<?xml version='1.0' encoding='utf-8' ?><Request ID='20190726163925444'><General><Token>61111131252223224013000011333653</Token></General><Data></Data></Request>"}
[2019-07-26 16:39:25] 200 - OK - application/json
[2019-07-26 16:39:26] REQUEST POST - https://localhost:8082/public/ws/Config.asmx/All_Get
[2019-07-26 16:39:26] ---- FROM  ::1 (WinNT)
[2019-07-26 16:39:26] ---- BROWSER:  Chrome 75.0 (Mozilla/5.0 (Windows NT 10.0; Win64; x64) AppleWebKit/537.36 (KHTML, like Gecko) Chrome/75.0.3770.142 Safari/537.36)
[2019-07-26 16:39:26] ---- CONTENT: {data : "<?xml version='1.0' encoding='utf-8' ?><Request ID='20190726163926119'><General><Token>61111131252223224013000011333653</Token></General><Data></Data></Request>"}
[2019-07-26 16:39:26] 200 - OK - application/json
[2019-07-26 16:39:26] REQUEST POST - https://localhost:8082/public/ws/Config.asmx/All_Get
[2019-07-26 16:39:26] ---- FROM  ::1 (WinNT)
[2019-07-26 16:39:26] ---- BROWSER:  Chrome 75.0 (Mozilla/5.0 (Windows NT 10.0; Win64; x64) AppleWebKit/537.36 (KHTML, like Gecko) Chrome/75.0.3770.142 Safari/537.36)
[2019-07-26 16:39:26] ---- CONTENT: {data : "<?xml version='1.0' encoding='utf-8' ?><Request ID='20190726163926414'><General><Token>61111131252223224013000011333653</Token></General><Data></Data></Request>"}
[2019-07-26 16:39:26] 200 - OK - application/json
[2019-07-26 16:40:02] REQUEST GET - https://localhost:8082/economics/anno-precedente-prospetto
[2019-07-26 16:40:02] ---- FROM  ::1 (WinNT)
[2019-07-26 16:40:02] ---- BROWSER:  Chrome 75.0 (Mozilla/5.0 (Windows NT 10.0; Win64; x64) AppleWebKit/537.36 (KHTML, like Gecko) Chrome/75.0.3770.142 Safari/537.36)
[2019-07-26 16:40:02] 200 - OK - text/html
[2019-07-26 16:40:03] REQUEST POST - https://localhost:8082/public/ws/AnnoPrec.asmx/Get
[2019-07-26 16:40:03] ---- FROM  ::1 (WinNT)
[2019-07-26 16:40:03] ---- BROWSER:  Chrome 75.0 (Mozilla/5.0 (Windows NT 10.0; Win64; x64) AppleWebKit/537.36 (KHTML, like Gecko) Chrome/75.0.3770.142 Safari/537.36)
[2019-07-26 16:40:03] ---- CONTENT: {data : "<?xml version='1.0' encoding='utf-8' ?><Request ID='20190726164003370'><General><Token>61111131252223224013000011333653</Token></General><Data></Data></Request>"}
[2019-07-26 16:40:03] 200 - OK - application/json
[2019-07-26 16:40:03] REQUEST POST - https://localhost:8082/public/ws/Config.asmx/All_Get
[2019-07-26 16:40:03] ---- FROM  ::1 (WinNT)
[2019-07-26 16:40:03] ---- BROWSER:  Chrome 75.0 (Mozilla/5.0 (Windows NT 10.0; Win64; x64) AppleWebKit/537.36 (KHTML, like Gecko) Chrome/75.0.3770.142 Safari/537.36)
[2019-07-26 16:40:03] ---- CONTENT: {data : "<?xml version='1.0' encoding='utf-8' ?><Request ID='20190726164003421'><General><Token>61111131252223224013000011333653</Token></General><Data></Data></Request>"}
[2019-07-26 16:40:03] 200 - OK - application/json
[2019-07-26 16:40:03] REQUEST GET - https://localhost:8082/public/ws/Resources.ashx/xml-economics/61111131252223224013000011333653
[2019-07-26 16:40:03] ---- FROM  ::1 (WinNT)
[2019-07-26 16:40:03] ---- BROWSER:  Chrome 75.0 (Mozilla/5.0 (Windows NT 10.0; Win64; x64) AppleWebKit/537.36 (KHTML, like Gecko) Chrome/75.0.3770.142 Safari/537.36)
[2019-07-26 16:40:03] 200 - OK - text/xml
[2019-07-26 16:40:03] REQUEST POST - https://localhost:8082/public/ws/Economics.asmx/messaggi_summary
[2019-07-26 16:40:03] ---- FROM  ::1 (WinNT)
[2019-07-26 16:40:03] ---- BROWSER:  Chrome 75.0 (Mozilla/5.0 (Windows NT 10.0; Win64; x64) AppleWebKit/537.36 (KHTML, like Gecko) Chrome/75.0.3770.142 Safari/537.36)
[2019-07-26 16:40:03] ---- CONTENT: {data : "<?xml version='1.0' encoding='utf-8' ?><Request ID='20190726164003498'><General><Token>61111131252223224013000011333653</Token></General><Data></Data></Request>"}
[2019-07-26 16:40:03] 200 - OK - application/json
[2019-07-26 16:40:04] REQUEST POST - https://localhost:8082/public/ws/Config.asmx/All_Get
[2019-07-26 16:40:04] ---- FROM  ::1 (WinNT)
[2019-07-26 16:40:04] ---- BROWSER:  Chrome 75.0 (Mozilla/5.0 (Windows NT 10.0; Win64; x64) AppleWebKit/537.36 (KHTML, like Gecko) Chrome/75.0.3770.142 Safari/537.36)
[2019-07-26 16:40:04] ---- CONTENT: {data : "<?xml version='1.0' encoding='utf-8' ?><Request ID='20190726164004181'><General><Token>61111131252223224013000011333653</Token></General><Data></Data></Request>"}
[2019-07-26 16:40:04] 200 - OK - application/json
[2019-07-26 16:40:04] REQUEST POST - https://localhost:8082/public/ws/Config.asmx/All_Get
[2019-07-26 16:40:04] ---- FROM  ::1 (WinNT)
[2019-07-26 16:40:04] ---- BROWSER:  Chrome 75.0 (Mozilla/5.0 (Windows NT 10.0; Win64; x64) AppleWebKit/537.36 (KHTML, like Gecko) Chrome/75.0.3770.142 Safari/537.36)
[2019-07-26 16:40:04] ---- CONTENT: {data : "<?xml version='1.0' encoding='utf-8' ?><Request ID='20190726164004336'><General><Token>61111131252223224013000011333653</Token></General><Data></Data></Request>"}
[2019-07-26 16:40:04] 200 - OK - application/json
[2019-07-26 16:40:11] REQUEST GET - https://localhost:8082/economics/costi-interni
[2019-07-26 16:40:11] ---- FROM  ::1 (WinNT)
[2019-07-26 16:40:11] ---- BROWSER:  Chrome 75.0 (Mozilla/5.0 (Windows NT 10.0; Win64; x64) AppleWebKit/537.36 (KHTML, like Gecko) Chrome/75.0.3770.142 Safari/537.36)
[2019-07-26 16:40:11] 200 - OK - text/html
[2019-07-26 16:40:12] REQUEST POST - https://localhost:8082/public/ws/CostiInterni.asmx/Get
[2019-07-26 16:40:12] ---- FROM  ::1 (WinNT)
[2019-07-26 16:40:12] ---- BROWSER:  Chrome 75.0 (Mozilla/5.0 (Windows NT 10.0; Win64; x64) AppleWebKit/537.36 (KHTML, like Gecko) Chrome/75.0.3770.142 Safari/537.36)
[2019-07-26 16:40:12] ---- CONTENT: {data : "<?xml version='1.0' encoding='utf-8' ?><Request ID='20190726164012420'><General><Token>61111131252223224013000011333653</Token></General><Data></Data></Request>"}
[2019-07-26 16:40:12] 200 - OK - application/json
[2019-07-26 16:40:12] REQUEST POST - https://localhost:8082/public/ws/Config.asmx/All_Get
[2019-07-26 16:40:12] ---- FROM  ::1 (WinNT)
[2019-07-26 16:40:12] ---- BROWSER:  Chrome 75.0 (Mozilla/5.0 (Windows NT 10.0; Win64; x64) AppleWebKit/537.36 (KHTML, like Gecko) Chrome/75.0.3770.142 Safari/537.36)
[2019-07-26 16:40:12] ---- CONTENT: {data : "<?xml version='1.0' encoding='utf-8' ?><Request ID='20190726164012577'><General><Token>61111131252223224013000011333653</Token></General><Data></Data></Request>"}
[2019-07-26 16:40:12] 200 - OK - application/json
[2019-07-26 16:40:12] REQUEST POST - https://localhost:8082/public/ws/Economics.asmx/messaggi_summary
[2019-07-26 16:40:12] ---- FROM  ::1 (WinNT)
[2019-07-26 16:40:12] ---- BROWSER:  Chrome 75.0 (Mozilla/5.0 (Windows NT 10.0; Win64; x64) AppleWebKit/537.36 (KHTML, like Gecko) Chrome/75.0.3770.142 Safari/537.36)
[2019-07-26 16:40:12] ---- CONTENT: {data : "<?xml version='1.0' encoding='utf-8' ?><Request ID='20190726164012658'><General><Token>61111131252223224013000011333653</Token></General><Data></Data></Request>"}
[2019-07-26 16:40:12] 200 - OK - application/json
[2019-07-26 16:40:12] REQUEST GET - https://localhost:8082/public/ws/Resources.ashx/xml-economics/61111131252223224013000011333653
[2019-07-26 16:40:12] ---- FROM  ::1 (WinNT)
[2019-07-26 16:40:12] ---- BROWSER:  Chrome 75.0 (Mozilla/5.0 (Windows NT 10.0; Win64; x64) AppleWebKit/537.36 (KHTML, like Gecko) Chrome/75.0.3770.142 Safari/537.36)
[2019-07-26 16:40:12] 200 - OK - text/xml
[2019-07-26 16:40:12] REQUEST POST - https://localhost:8082/public/ws/Config.asmx/All_Get
[2019-07-26 16:40:12] ---- FROM  ::1 (WinNT)
[2019-07-26 16:40:12] ---- BROWSER:  Chrome 75.0 (Mozilla/5.0 (Windows NT 10.0; Win64; x64) AppleWebKit/537.36 (KHTML, like Gecko) Chrome/75.0.3770.142 Safari/537.36)
[2019-07-26 16:40:12] ---- CONTENT: {data : "<?xml version='1.0' encoding='utf-8' ?><Request ID='20190726164012709'><General><Token>61111131252223224013000011333653</Token></General><Data></Data></Request>"}
[2019-07-26 16:40:12] 200 - OK - application/json
[2019-07-26 16:40:13] REQUEST POST - https://localhost:8082/public/ws/Config.asmx/All_Get
[2019-07-26 16:40:13] ---- FROM  ::1 (WinNT)
[2019-07-26 16:40:13] ---- BROWSER:  Chrome 75.0 (Mozilla/5.0 (Windows NT 10.0; Win64; x64) AppleWebKit/537.36 (KHTML, like Gecko) Chrome/75.0.3770.142 Safari/537.36)
[2019-07-26 16:40:13] ---- CONTENT: {data : "<?xml version='1.0' encoding='utf-8' ?><Request ID='20190726164013592'><General><Token>61111131252223224013000011333653</Token></General><Data></Data></Request>"}
[2019-07-26 16:40:13] 200 - OK - application/json
[2019-07-26 16:40:26] REQUEST GET - https://localhost:8082/economics/anno-precedente-prospetto
[2019-07-26 16:40:26] ---- FROM  ::1 (WinNT)
[2019-07-26 16:40:26] ---- BROWSER:  Chrome 75.0 (Mozilla/5.0 (Windows NT 10.0; Win64; x64) AppleWebKit/537.36 (KHTML, like Gecko) Chrome/75.0.3770.142 Safari/537.36)
[2019-07-26 16:40:26] 200 - OK - text/html
[2019-07-26 16:40:27] REQUEST POST - https://localhost:8082/public/ws/AnnoPrec.asmx/Get
[2019-07-26 16:40:27] ---- FROM  ::1 (WinNT)
[2019-07-26 16:40:27] ---- BROWSER:  Chrome 75.0 (Mozilla/5.0 (Windows NT 10.0; Win64; x64) AppleWebKit/537.36 (KHTML, like Gecko) Chrome/75.0.3770.142 Safari/537.36)
[2019-07-26 16:40:27] ---- CONTENT: {data : "<?xml version='1.0' encoding='utf-8' ?><Request ID='20190726164027307'><General><Token>61111131252223224013000011333653</Token></General><Data></Data></Request>"}
[2019-07-26 16:40:27] 200 - OK - application/json
[2019-07-26 16:40:27] REQUEST POST - https://localhost:8082/public/ws/Config.asmx/All_Get
[2019-07-26 16:40:27] ---- FROM  ::1 (WinNT)
[2019-07-26 16:40:27] ---- BROWSER:  Chrome 75.0 (Mozilla/5.0 (Windows NT 10.0; Win64; x64) AppleWebKit/537.36 (KHTML, like Gecko) Chrome/75.0.3770.142 Safari/537.36)
[2019-07-26 16:40:27] ---- CONTENT: {data : "<?xml version='1.0' encoding='utf-8' ?><Request ID='20190726164027354'><General><Token>61111131252223224013000011333653</Token></General><Data></Data></Request>"}
[2019-07-26 16:40:27] 200 - OK - application/json
[2019-07-26 16:40:27] REQUEST POST - https://localhost:8082/public/ws/Economics.asmx/messaggi_summary
[2019-07-26 16:40:27] ---- FROM  ::1 (WinNT)
[2019-07-26 16:40:27] ---- BROWSER:  Chrome 75.0 (Mozilla/5.0 (Windows NT 10.0; Win64; x64) AppleWebKit/537.36 (KHTML, like Gecko) Chrome/75.0.3770.142 Safari/537.36)
[2019-07-26 16:40:27] ---- CONTENT: {data : "<?xml version='1.0' encoding='utf-8' ?><Request ID='20190726164027407'><General><Token>61111131252223224013000011333653</Token></General><Data></Data></Request>"}
[2019-07-26 16:40:27] 200 - OK - application/json
[2019-07-26 16:40:27] REQUEST GET - https://localhost:8082/public/ws/Resources.ashx/xml-economics/61111131252223224013000011333653
[2019-07-26 16:40:27] ---- FROM  ::1 (WinNT)
[2019-07-26 16:40:27] ---- BROWSER:  Chrome 75.0 (Mozilla/5.0 (Windows NT 10.0; Win64; x64) AppleWebKit/537.36 (KHTML, like Gecko) Chrome/75.0.3770.142 Safari/537.36)
[2019-07-26 16:40:27] 200 - OK - text/xml
[2019-07-26 16:40:27] REQUEST POST - https://localhost:8082/public/ws/Config.asmx/All_Get
[2019-07-26 16:40:27] ---- FROM  ::1 (WinNT)
[2019-07-26 16:40:27] ---- BROWSER:  Chrome 75.0 (Mozilla/5.0 (Windows NT 10.0; Win64; x64) AppleWebKit/537.36 (KHTML, like Gecko) Chrome/75.0.3770.142 Safari/537.36)
[2019-07-26 16:40:27] ---- CONTENT: {data : "<?xml version='1.0' encoding='utf-8' ?><Request ID='20190726164027476'><General><Token>61111131252223224013000011333653</Token></General><Data></Data></Request>"}
[2019-07-26 16:40:27] 200 - OK - application/json
[2019-07-26 16:40:28] REQUEST POST - https://localhost:8082/public/ws/Config.asmx/All_Get
[2019-07-26 16:40:28] ---- FROM  ::1 (WinNT)
[2019-07-26 16:40:28] ---- BROWSER:  Chrome 75.0 (Mozilla/5.0 (Windows NT 10.0; Win64; x64) AppleWebKit/537.36 (KHTML, like Gecko) Chrome/75.0.3770.142 Safari/537.36)
[2019-07-26 16:40:28] ---- CONTENT: {data : "<?xml version='1.0' encoding='utf-8' ?><Request ID='20190726164028311'><General><Token>61111131252223224013000011333653</Token></General><Data></Data></Request>"}
[2019-07-26 16:40:28] 200 - OK - application/json
[2019-07-26 16:42:00] REQUEST GET - https://localhost:8082/economics/anno-precedente-prospetto
[2019-07-26 16:42:00] ---- FROM  ::1 (WinNT)
[2019-07-26 16:42:00] ---- BROWSER:  Chrome 75.0 (Mozilla/5.0 (Windows NT 10.0; Win64; x64) AppleWebKit/537.36 (KHTML, like Gecko) Chrome/75.0.3770.142 Safari/537.36)
[2019-07-26 16:42:00] 200 - OK - text/html
[2019-07-26 16:42:00] REQUEST POST - https://localhost:8082/public/ws/AnnoPrec.asmx/Get
[2019-07-26 16:42:00] ---- FROM  ::1 (WinNT)
[2019-07-26 16:42:00] ---- BROWSER:  Chrome 75.0 (Mozilla/5.0 (Windows NT 10.0; Win64; x64) AppleWebKit/537.36 (KHTML, like Gecko) Chrome/75.0.3770.142 Safari/537.36)
[2019-07-26 16:42:00] ---- CONTENT: {data : "<?xml version='1.0' encoding='utf-8' ?><Request ID='20190726164200987'><General><Token>61111131252223224013000011333653</Token></General><Data></Data></Request>"}
[2019-07-26 16:42:01] 200 - OK - application/json
[2019-07-26 16:42:01] REQUEST POST - https://localhost:8082/public/ws/Config.asmx/All_Get
[2019-07-26 16:42:01] ---- FROM  ::1 (WinNT)
[2019-07-26 16:42:01] ---- BROWSER:  Chrome 75.0 (Mozilla/5.0 (Windows NT 10.0; Win64; x64) AppleWebKit/537.36 (KHTML, like Gecko) Chrome/75.0.3770.142 Safari/537.36)
[2019-07-26 16:42:01] ---- CONTENT: {data : "<?xml version='1.0' encoding='utf-8' ?><Request ID='2019072616420134'><General><Token>61111131252223224013000011333653</Token></General><Data></Data></Request>"}
[2019-07-26 16:42:01] 200 - OK - application/json
[2019-07-26 16:42:01] REQUEST POST - https://localhost:8082/public/ws/Economics.asmx/messaggi_summary
[2019-07-26 16:42:01] ---- FROM  ::1 (WinNT)
[2019-07-26 16:42:01] ---- BROWSER:  Chrome 75.0 (Mozilla/5.0 (Windows NT 10.0; Win64; x64) AppleWebKit/537.36 (KHTML, like Gecko) Chrome/75.0.3770.142 Safari/537.36)
[2019-07-26 16:42:01] ---- CONTENT: {data : "<?xml version='1.0' encoding='utf-8' ?><Request ID='2019072616420184'><General><Token>61111131252223224013000011333653</Token></General><Data></Data></Request>"}
[2019-07-26 16:42:01] 200 - OK - application/json
[2019-07-26 16:42:01] REQUEST GET - https://localhost:8082/public/ws/Resources.ashx/xml-economics/61111131252223224013000011333653
[2019-07-26 16:42:01] ---- FROM  ::1 (WinNT)
[2019-07-26 16:42:01] ---- BROWSER:  Chrome 75.0 (Mozilla/5.0 (Windows NT 10.0; Win64; x64) AppleWebKit/537.36 (KHTML, like Gecko) Chrome/75.0.3770.142 Safari/537.36)
[2019-07-26 16:42:01] 200 - OK - text/xml
[2019-07-26 16:42:01] REQUEST POST - https://localhost:8082/public/ws/Config.asmx/All_Get
[2019-07-26 16:42:01] ---- FROM  ::1 (WinNT)
[2019-07-26 16:42:01] ---- BROWSER:  Chrome 75.0 (Mozilla/5.0 (Windows NT 10.0; Win64; x64) AppleWebKit/537.36 (KHTML, like Gecko) Chrome/75.0.3770.142 Safari/537.36)
[2019-07-26 16:42:01] ---- CONTENT: {data : "<?xml version='1.0' encoding='utf-8' ?><Request ID='20190726164201192'><General><Token>61111131252223224013000011333653</Token></General><Data></Data></Request>"}
[2019-07-26 16:42:01] 200 - OK - application/json
[2019-07-26 16:42:02] REQUEST POST - https://localhost:8082/public/ws/Config.asmx/All_Get
[2019-07-26 16:42:02] ---- FROM  ::1 (WinNT)
[2019-07-26 16:42:02] ---- BROWSER:  Chrome 75.0 (Mozilla/5.0 (Windows NT 10.0; Win64; x64) AppleWebKit/537.36 (KHTML, like Gecko) Chrome/75.0.3770.142 Safari/537.36)
[2019-07-26 16:42:02] ---- CONTENT: {data : "<?xml version='1.0' encoding='utf-8' ?><Request ID='2019072616420266'><General><Token>61111131252223224013000011333653</Token></General><Data></Data></Request>"}
[2019-07-26 16:42:02] 200 - OK - application/json
[2019-07-26 16:42:35] REQUEST POST - https://localhost:8082/public/ws/AnnoPrec.asmx/Set
[2019-07-26 16:42:35] ---- FROM  ::1 (WinNT)
[2019-07-26 16:42:35] ---- BROWSER:  Chrome 75.0 (Mozilla/5.0 (Windows NT 10.0; Win64; x64) AppleWebKit/537.36 (KHTML, like Gecko) Chrome/75.0.3770.142 Safari/537.36)
[2019-07-26 16:42:35] ---- CONTENT: {data : "<?xml version='1.0' encoding='utf-8'?><Request ID='20190726164235317'><General><Token>61111131252223224013000011333653</Token></General><Data><Anni><Anno ID='1'/><Anno ID='2'/><Anno ID='3'/><Anno ID='4'/><Anno ID='5'/></Anni></Data></Request>"}
[2019-07-26 16:42:35] 200 - OK - application/json
[2019-07-26 16:42:35] REQUEST POST - https://localhost:8082/public/ws/Economics.asmx/Compile
[2019-07-26 16:42:35] ---- FROM  ::1 (WinNT)
[2019-07-26 16:42:35] ---- BROWSER:  Chrome 75.0 (Mozilla/5.0 (Windows NT 10.0; Win64; x64) AppleWebKit/537.36 (KHTML, like Gecko) Chrome/75.0.3770.142 Safari/537.36)
[2019-07-26 16:42:35] ---- CONTENT: {data : "<?xml version='1.0' encoding='utf-8' ?><Request ID='20190726164235457'><General><Token>61111131252223224013000011333653</Token></General><Data></Data></Request>"}
[2019-07-26 16:42:37] 200 - OK - application/json
[2019-07-26 16:42:37] REQUEST POST - https://localhost:8082/public/ws/AnnoPrec.asmx/Get
[2019-07-26 16:42:37] ---- FROM  ::1 (WinNT)
[2019-07-26 16:42:37] ---- BROWSER:  Chrome 75.0 (Mozilla/5.0 (Windows NT 10.0; Win64; x64) AppleWebKit/537.36 (KHTML, like Gecko) Chrome/75.0.3770.142 Safari/537.36)
[2019-07-26 16:42:37] ---- CONTENT: {data : "<?xml version='1.0' encoding='utf-8' ?><Request ID='20190726164237235'><General><Token>61111131252223224013000011333653</Token></General><Data></Data></Request>"}
[2019-07-26 16:42:37] 200 - OK - application/json
[2019-07-26 16:42:37] REQUEST GET - https://localhost:8082/public/ws/Resources.ashx/xml-economics/61111131252223224013000011333653
[2019-07-26 16:42:37] ---- FROM  ::1 (WinNT)
[2019-07-26 16:42:37] ---- BROWSER:  Chrome 75.0 (Mozilla/5.0 (Windows NT 10.0; Win64; x64) AppleWebKit/537.36 (KHTML, like Gecko) Chrome/75.0.3770.142 Safari/537.36)
[2019-07-26 16:42:37] REQUEST POST - https://localhost:8082/public/ws/Config.asmx/All_Get
[2019-07-26 16:42:37] ---- FROM  ::1 (WinNT)
[2019-07-26 16:42:37] ---- BROWSER:  Chrome 75.0 (Mozilla/5.0 (Windows NT 10.0; Win64; x64) AppleWebKit/537.36 (KHTML, like Gecko) Chrome/75.0.3770.142 Safari/537.36)
[2019-07-26 16:42:37] ---- CONTENT: {data : "<?xml version='1.0' encoding='utf-8' ?><Request ID='20190726164237305'><General><Token>61111131252223224013000011333653</Token></General><Data></Data></Request>"}
[2019-07-26 16:42:37] 200 - OK - text/xml
[2019-07-26 16:42:37] 200 - OK - application/json
[2019-07-26 16:42:37] REQUEST POST - https://localhost:8082/public/ws/Economics.asmx/messaggi_summary
[2019-07-26 16:42:37] ---- FROM  ::1 (WinNT)
[2019-07-26 16:42:37] ---- BROWSER:  Chrome 75.0 (Mozilla/5.0 (Windows NT 10.0; Win64; x64) AppleWebKit/537.36 (KHTML, like Gecko) Chrome/75.0.3770.142 Safari/537.36)
[2019-07-26 16:42:37] ---- CONTENT: {data : "<?xml version='1.0' encoding='utf-8' ?><Request ID='20190726164237348'><General><Token>61111131252223224013000011333653</Token></General><Data></Data></Request>"}
[2019-07-26 16:42:37] 200 - OK - application/json
[2019-07-26 16:42:38] REQUEST POST - https://localhost:8082/public/ws/Config.asmx/All_Get
[2019-07-26 16:42:38] ---- FROM  ::1 (WinNT)
[2019-07-26 16:42:38] ---- BROWSER:  Chrome 75.0 (Mozilla/5.0 (Windows NT 10.0; Win64; x64) AppleWebKit/537.36 (KHTML, like Gecko) Chrome/75.0.3770.142 Safari/537.36)
[2019-07-26 16:42:38] ---- CONTENT: {data : "<?xml version='1.0' encoding='utf-8' ?><Request ID='20190726164238564'><General><Token>61111131252223224013000011333653</Token></General><Data></Data></Request>"}
[2019-07-26 16:42:38] 200 - OK - application/json
[2019-07-26 16:42:38] REQUEST POST - https://localhost:8082/public/ws/Config.asmx/All_Get
[2019-07-26 16:42:38] ---- FROM  ::1 (WinNT)
[2019-07-26 16:42:38] ---- BROWSER:  Chrome 75.0 (Mozilla/5.0 (Windows NT 10.0; Win64; x64) AppleWebKit/537.36 (KHTML, like Gecko) Chrome/75.0.3770.142 Safari/537.36)
[2019-07-26 16:42:38] ---- CONTENT: {data : "<?xml version='1.0' encoding='utf-8' ?><Request ID='20190726164238719'><General><Token>61111131252223224013000011333653</Token></General><Data></Data></Request>"}
[2019-07-26 16:42:38] 200 - OK - application/json
[2019-07-26 16:43:04] REQUEST POST - https://localhost:8082/public/ws/AnnoPrec.asmx/Set
[2019-07-26 16:43:04] ---- FROM  ::1 (WinNT)
[2019-07-26 16:43:04] ---- BROWSER:  Chrome 75.0 (Mozilla/5.0 (Windows NT 10.0; Win64; x64) AppleWebKit/537.36 (KHTML, like Gecko) Chrome/75.0.3770.142 Safari/537.36)
[2019-07-26 16:43:04] ---- CONTENT: {data : "<?xml version='1.0' encoding='utf-8'?><Request ID='20190726164304518'><General><Token>61111131252223224013000011333653</Token></General><Data><Anni><Anno ID='1'/><Anno ID='2'/><Anno ID='3'/><Anno ID='4'/><Anno ID='5'/></Anni></Data></Request>"}
[2019-07-26 16:43:04] 200 - OK - application/json
[2019-07-26 16:43:04] REQUEST POST - https://localhost:8082/public/ws/Economics.asmx/Compile
[2019-07-26 16:43:04] ---- FROM  ::1 (WinNT)
[2019-07-26 16:43:04] ---- BROWSER:  Chrome 75.0 (Mozilla/5.0 (Windows NT 10.0; Win64; x64) AppleWebKit/537.36 (KHTML, like Gecko) Chrome/75.0.3770.142 Safari/537.36)
[2019-07-26 16:43:04] ---- CONTENT: {data : "<?xml version='1.0' encoding='utf-8' ?><Request ID='20190726164304529'><General><Token>61111131252223224013000011333653</Token></General><Data></Data></Request>"}
[2019-07-26 16:43:06] 200 - OK - application/json
[2019-07-26 16:43:06] REQUEST POST - https://localhost:8082/public/ws/AnnoPrec.asmx/Get
[2019-07-26 16:43:06] ---- FROM  ::1 (WinNT)
[2019-07-26 16:43:06] ---- BROWSER:  Chrome 75.0 (Mozilla/5.0 (Windows NT 10.0; Win64; x64) AppleWebKit/537.36 (KHTML, like Gecko) Chrome/75.0.3770.142 Safari/537.36)
[2019-07-26 16:43:06] ---- CONTENT: {data : "<?xml version='1.0' encoding='utf-8' ?><Request ID='2019072616430664'><General><Token>61111131252223224013000011333653</Token></General><Data></Data></Request>"}
[2019-07-26 16:43:06] 200 - OK - application/json
[2019-07-26 16:43:06] REQUEST GET - https://localhost:8082/public/ws/Resources.ashx/xml-economics/61111131252223224013000011333653
[2019-07-26 16:43:06] ---- FROM  ::1 (WinNT)
[2019-07-26 16:43:06] ---- BROWSER:  Chrome 75.0 (Mozilla/5.0 (Windows NT 10.0; Win64; x64) AppleWebKit/537.36 (KHTML, like Gecko) Chrome/75.0.3770.142 Safari/537.36)
[2019-07-26 16:43:06] REQUEST POST - https://localhost:8082/public/ws/Config.asmx/All_Get
[2019-07-26 16:43:06] ---- FROM  ::1 (WinNT)
[2019-07-26 16:43:06] ---- BROWSER:  Chrome 75.0 (Mozilla/5.0 (Windows NT 10.0; Win64; x64) AppleWebKit/537.36 (KHTML, like Gecko) Chrome/75.0.3770.142 Safari/537.36)
[2019-07-26 16:43:06] ---- CONTENT: {data : "<?xml version='1.0' encoding='utf-8' ?><Request ID='20190726164306145'><General><Token>61111131252223224013000011333653</Token></General><Data></Data></Request>"}
[2019-07-26 16:43:06] 200 - OK - text/xml
[2019-07-26 16:43:06] 200 - OK - application/json
[2019-07-26 16:43:06] REQUEST POST - https://localhost:8082/public/ws/Economics.asmx/messaggi_summary
[2019-07-26 16:43:06] ---- FROM  ::1 (WinNT)
[2019-07-26 16:43:06] ---- BROWSER:  Chrome 75.0 (Mozilla/5.0 (Windows NT 10.0; Win64; x64) AppleWebKit/537.36 (KHTML, like Gecko) Chrome/75.0.3770.142 Safari/537.36)
[2019-07-26 16:43:06] ---- CONTENT: {data : "<?xml version='1.0' encoding='utf-8' ?><Request ID='20190726164306194'><General><Token>61111131252223224013000011333653</Token></General><Data></Data></Request>"}
[2019-07-26 16:43:06] 200 - OK - application/json
[2019-07-26 16:43:07] REQUEST POST - https://localhost:8082/public/ws/Config.asmx/All_Get
[2019-07-26 16:43:07] ---- FROM  ::1 (WinNT)
[2019-07-26 16:43:07] ---- BROWSER:  Chrome 75.0 (Mozilla/5.0 (Windows NT 10.0; Win64; x64) AppleWebKit/537.36 (KHTML, like Gecko) Chrome/75.0.3770.142 Safari/537.36)
[2019-07-26 16:43:07] ---- CONTENT: {data : "<?xml version='1.0' encoding='utf-8' ?><Request ID='20190726164307444'><General><Token>61111131252223224013000011333653</Token></General><Data></Data></Request>"}
[2019-07-26 16:43:07] 200 - OK - application/json
[2019-07-26 16:43:07] REQUEST POST - https://localhost:8082/public/ws/Config.asmx/All_Get
[2019-07-26 16:43:07] ---- FROM  ::1 (WinNT)
[2019-07-26 16:43:07] ---- BROWSER:  Chrome 75.0 (Mozilla/5.0 (Windows NT 10.0; Win64; x64) AppleWebKit/537.36 (KHTML, like Gecko) Chrome/75.0.3770.142 Safari/537.36)
[2019-07-26 16:43:07] ---- CONTENT: {data : "<?xml version='1.0' encoding='utf-8' ?><Request ID='20190726164307596'><General><Token>61111131252223224013000011333653</Token></General><Data></Data></Request>"}
[2019-07-26 16:43:07] 200 - OK - application/json
