[2019-09-11 10:51:37] REQUEST GET - https://localhost:8082/settings/settings
[2019-09-11 10:51:37] ---- FROM  ::1 (WinNT)
[2019-09-11 10:51:37] ---- BROWSER:  Firefox 69.0 (Mozilla/5.0 (Windows NT 10.0; Win64; x64; rv:69.0) Gecko/20100101 Firefox/69.0)
[2019-09-11 10:51:37] 302 - Found - text/html
[2019-09-11 10:51:37] REQUEST GET - https://localhost:8082/public/aspx/Home.aspx?ReturnUrl=%2fsettings%2fsettings
[2019-09-11 10:51:37] ---- FROM  ::1 (WinNT)
[2019-09-11 10:51:37] ---- BROWSER:  Firefox 69.0 (Mozilla/5.0 (Windows NT 10.0; Win64; x64; rv:69.0) Gecko/20100101 Firefox/69.0)
[2019-09-11 10:51:37] 200 - OK - text/html
[2019-09-11 10:51:45] REQUEST POST - https://localhost:8082/public/aspx/Home.aspx
[2019-09-11 10:51:45] ---- FROM  ::1 (WinNT)
[2019-09-11 10:51:45] ---- BROWSER:  Firefox 69.0 (Mozilla/5.0 (Windows NT 10.0; Win64; x64; rv:69.0) Gecko/20100101 Firefox/69.0)
[2019-09-11 10:51:45] ---- CONTENT: Token%3D61111131252223224013000011333653%26TokenApiRest%3DeyJ0eXAiOiJKV1QiLCJhbGciOiJIUzI1NiJ9.eyJpc3MiOiJodHRwczpcL1wvd3d3cy5kZXYteWVhcC5pdCIsImlhdCI6MTU0MjI5NDMyMSwibmJmIjoxNTQyMjk0MzIxLCJleHAiOjE1NDI4OTkxMjEsImRhdGEiOnsidXNlciI6eyJpZCI6IjQ0In19fQ.RCP5OeoGASxAyBw1MbMD4BFJAcDM5JIXqYXKBALZcJI%26Logo%3Dhttps%3A%2F%2Flocalhost%3A8082%2Fscratch%2Fpl_logo.png%26Title%3DBusiness+Plan+Test+nr.+2=
[2019-09-11 10:51:45] 302 - Found - text/html
[2019-09-11 10:51:46] REQUEST GET - https://localhost:8082/home/welcome
[2019-09-11 10:51:46] ---- FROM  ::1 (WinNT)
[2019-09-11 10:51:46] ---- BROWSER:  Firefox 69.0 (Mozilla/5.0 (Windows NT 10.0; Win64; x64; rv:69.0) Gecko/20100101 Firefox/69.0)
[2019-09-11 10:51:46] 200 - OK - text/html
[2019-09-11 10:51:46] REQUEST POST - https://localhost:8082/public/ws/General.asmx/Set
[2019-09-11 10:51:46] ---- FROM  ::1 (WinNT)
[2019-09-11 10:51:46] ---- BROWSER:  Firefox 69.0 (Mozilla/5.0 (Windows NT 10.0; Win64; x64; rv:69.0) Gecko/20100101 Firefox/69.0)
[2019-09-11 10:51:46] ---- CONTENT: {data : "<?xml version='1.0' encoding='utf-8' ?><Request ID='20190911105146619'><General><Token>61111131252223224013000011333653</Token></General><Data><Nome>Business Plan Test nr. 2</Nome><Logo>https%3A%2F%2Flocalhost%3A8082%2Fscratch%2Fpl_logo.png</Logo></Data></Request>"}
[2019-09-11 10:51:46] 200 - OK - application/json
[2019-09-11 10:51:46] REQUEST POST - https://localhost:8082/public/ws/Config.asmx/Economics_Get
[2019-09-11 10:51:46] ---- FROM  ::1 (WinNT)
[2019-09-11 10:51:46] ---- BROWSER:  Firefox 69.0 (Mozilla/5.0 (Windows NT 10.0; Win64; x64; rv:69.0) Gecko/20100101 Firefox/69.0)
[2019-09-11 10:51:46] ---- CONTENT: {data : "<?xml version='1.0' encoding='utf-8' ?><Request ID='20190911105146838'><General><Token>61111131252223224013000011333653</Token></General><Data></Data></Request>"}
[2019-09-11 10:51:46] 200 - OK - application/json
[2019-09-11 10:51:47] REQUEST POST - https://localhost:8082/public/ws/Config.asmx/All_Get
[2019-09-11 10:51:47] ---- FROM  ::1 (WinNT)
[2019-09-11 10:51:47] ---- BROWSER:  Firefox 69.0 (Mozilla/5.0 (Windows NT 10.0; Win64; x64; rv:69.0) Gecko/20100101 Firefox/69.0)
[2019-09-11 10:51:47] ---- CONTENT: {data : "<?xml version='1.0' encoding='utf-8' ?><Request ID='201909111051472'><General><Token>61111131252223224013000011333653</Token></General><Data></Data></Request>"}
[2019-09-11 10:51:47] REQUEST POST - https://localhost:8082/public/ws/Economics.asmx/messaggi_summary
[2019-09-11 10:51:47] ---- FROM  ::1 (WinNT)
[2019-09-11 10:51:47] ---- BROWSER:  Firefox 69.0 (Mozilla/5.0 (Windows NT 10.0; Win64; x64; rv:69.0) Gecko/20100101 Firefox/69.0)
[2019-09-11 10:51:47] ---- CONTENT: {data : "<?xml version='1.0' encoding='utf-8' ?><Request ID='2019091110514741'><General><Token>61111131252223224013000011333653</Token></General><Data></Data></Request>"}
[2019-09-11 10:51:47] 200 - OK - application/json
[2019-09-11 10:51:47] 200 - OK - application/json
[2019-09-11 10:51:47] REQUEST POST - https://localhost:8082/public/ws/Config.asmx/All_Get
[2019-09-11 10:51:47] ---- FROM  ::1 (WinNT)
[2019-09-11 10:51:47] ---- BROWSER:  Firefox 69.0 (Mozilla/5.0 (Windows NT 10.0; Win64; x64; rv:69.0) Gecko/20100101 Firefox/69.0)
[2019-09-11 10:51:47] ---- CONTENT: {data : "<?xml version='1.0' encoding='utf-8' ?><Request ID='20190911105147180'><General><Token>61111131252223224013000011333653</Token></General><Data></Data></Request>"}
[2019-09-11 10:51:47] REQUEST POST - https://localhost:8082/public/ws/Config.asmx/All_Get
[2019-09-11 10:51:47] ---- FROM  ::1 (WinNT)
[2019-09-11 10:51:47] ---- BROWSER:  Firefox 69.0 (Mozilla/5.0 (Windows NT 10.0; Win64; x64; rv:69.0) Gecko/20100101 Firefox/69.0)
[2019-09-11 10:51:47] ---- CONTENT: {data : "<?xml version='1.0' encoding='utf-8' ?><Request ID='20190911105147187'><General><Token>61111131252223224013000011333653</Token></General><Data></Data></Request>"}
[2019-09-11 10:51:47] 200 - OK - application/json
[2019-09-11 10:51:47] 200 - OK - application/json
[2019-09-11 10:51:51] REQUEST GET - https://localhost:8082/settings/settings
[2019-09-11 10:51:51] ---- FROM  ::1 (WinNT)
[2019-09-11 10:51:51] ---- BROWSER:  Firefox 69.0 (Mozilla/5.0 (Windows NT 10.0; Win64; x64; rv:69.0) Gecko/20100101 Firefox/69.0)
[2019-09-11 10:51:51] 200 - OK - text/html
[2019-09-11 10:51:52] REQUEST POST - https://localhost:8082/public/ws/General.asmx/Set
[2019-09-11 10:51:52] ---- FROM  ::1 (WinNT)
[2019-09-11 10:51:52] ---- BROWSER:  Firefox 69.0 (Mozilla/5.0 (Windows NT 10.0; Win64; x64; rv:69.0) Gecko/20100101 Firefox/69.0)
[2019-09-11 10:51:52] ---- CONTENT: {data : "<?xml version='1.0' encoding='utf-8' ?><Request ID='20190911105152467'><General><Token>61111131252223224013000011333653</Token></General><Data><Nome></Nome><Logo>https%3A%2F%2Flocalhost%3A8082%2Fscratch%2Fpl_logo.png</Logo></Data></Request>"}
[2019-09-11 10:51:52] 200 - OK - application/json
[2019-09-11 10:51:52] REQUEST POST - https://localhost:8082/public/ws/Config.asmx/General_Get
[2019-09-11 10:51:52] ---- FROM  ::1 (WinNT)
[2019-09-11 10:51:52] ---- BROWSER:  Firefox 69.0 (Mozilla/5.0 (Windows NT 10.0; Win64; x64; rv:69.0) Gecko/20100101 Firefox/69.0)
[2019-09-11 10:51:52] ---- CONTENT: {data : "<?xml version='1.0' encoding='utf-8' ?><Request ID='20190911105152488'><General><Token>61111131252223224013000011333653</Token></General><Data></Data></Request>"}
[2019-09-11 10:51:52] 200 - OK - application/json
[2019-09-11 10:51:52] REQUEST POST - https://localhost:8082/public/ws/Config.asmx/All_Get
[2019-09-11 10:51:52] ---- FROM  ::1 (WinNT)
[2019-09-11 10:51:52] ---- BROWSER:  Firefox 69.0 (Mozilla/5.0 (Windows NT 10.0; Win64; x64; rv:69.0) Gecko/20100101 Firefox/69.0)
[2019-09-11 10:51:52] ---- CONTENT: {data : "<?xml version='1.0' encoding='utf-8' ?><Request ID='20190911105152647'><General><Token>61111131252223224013000011333653</Token></General><Data></Data></Request>"}
[2019-09-11 10:51:52] REQUEST POST - https://localhost:8082/public/ws/Economics.asmx/messaggi_summary
[2019-09-11 10:51:52] ---- FROM  ::1 (WinNT)
[2019-09-11 10:51:52] ---- BROWSER:  Firefox 69.0 (Mozilla/5.0 (Windows NT 10.0; Win64; x64; rv:69.0) Gecko/20100101 Firefox/69.0)
[2019-09-11 10:51:52] ---- CONTENT: {data : "<?xml version='1.0' encoding='utf-8' ?><Request ID='20190911105152681'><General><Token>61111131252223224013000011333653</Token></General><Data></Data></Request>"}
[2019-09-11 10:51:52] 200 - OK - application/json
[2019-09-11 10:51:52] 200 - OK - application/json
[2019-09-11 10:51:52] REQUEST POST - https://localhost:8082/public/ws/Config.asmx/All_Get
[2019-09-11 10:51:52] ---- FROM  ::1 (WinNT)
[2019-09-11 10:51:52] ---- BROWSER:  Firefox 69.0 (Mozilla/5.0 (Windows NT 10.0; Win64; x64; rv:69.0) Gecko/20100101 Firefox/69.0)
[2019-09-11 10:51:52] ---- CONTENT: {data : "<?xml version='1.0' encoding='utf-8' ?><Request ID='20190911105152752'><General><Token>61111131252223224013000011333653</Token></General><Data></Data></Request>"}
[2019-09-11 10:51:52] 200 - OK - application/json
[2019-09-11 10:51:52] REQUEST POST - https://localhost:8082/public/ws/Config.asmx/All_Get
[2019-09-11 10:51:52] ---- FROM  ::1 (WinNT)
[2019-09-11 10:51:52] ---- BROWSER:  Firefox 69.0 (Mozilla/5.0 (Windows NT 10.0; Win64; x64; rv:69.0) Gecko/20100101 Firefox/69.0)
[2019-09-11 10:51:52] ---- CONTENT: {data : "<?xml version='1.0' encoding='utf-8' ?><Request ID='20190911105152922'><General><Token>61111131252223224013000011333653</Token></General><Data></Data></Request>"}
[2019-09-11 10:51:52] 200 - OK - application/json
[2019-09-11 10:51:52] REQUEST GET - https://localhost:8082/public/ws/Resources.ashx/xml-general
[2019-09-11 10:51:52] ---- FROM  ::1 (WinNT)
[2019-09-11 10:51:52] ---- BROWSER:  Firefox 69.0 (Mozilla/5.0 (Windows NT 10.0; Win64; x64; rv:69.0) Gecko/20100101 Firefox/69.0)
[2019-09-11 10:51:52] REQUEST GET - https://localhost:8082/public/ws/Resources.ashx/xml-general
[2019-09-11 10:51:52] ---- FROM  ::1 (WinNT)
[2019-09-11 10:51:52] ---- BROWSER:  Firefox 69.0 (Mozilla/5.0 (Windows NT 10.0; Win64; x64; rv:69.0) Gecko/20100101 Firefox/69.0)
[2019-09-11 10:51:52] 200 - OK - text/xml
[2019-09-11 10:51:52] 200 - OK - text/xml
[2019-09-11 10:52:56] REQUEST GET - https://localhost:8082/settings/settings
[2019-09-11 10:52:56] ---- FROM  ::1 (WinNT)
[2019-09-11 10:52:56] ---- BROWSER:  Firefox 69.0 (Mozilla/5.0 (Windows NT 10.0; Win64; x64; rv:69.0) Gecko/20100101 Firefox/69.0)
[2019-09-11 10:52:56] 200 - OK - text/html
[2019-09-11 10:52:56] REQUEST POST - https://localhost:8082/public/ws/General.asmx/Set
[2019-09-11 10:52:56] ---- FROM  ::1 (WinNT)
[2019-09-11 10:52:56] ---- BROWSER:  Firefox 69.0 (Mozilla/5.0 (Windows NT 10.0; Win64; x64; rv:69.0) Gecko/20100101 Firefox/69.0)
[2019-09-11 10:52:56] ---- CONTENT: {data : "<?xml version='1.0' encoding='utf-8' ?><Request ID='20190911105256662'><General><Token>61111131252223224013000011333653</Token></General><Data><Nome></Nome><Logo>https%3A%2F%2Flocalhost%3A8082%2Fscratch%2Fpl_logo.png</Logo></Data></Request>"}
[2019-09-11 10:52:56] 200 - OK - application/json
[2019-09-11 10:52:56] REQUEST POST - https://localhost:8082/public/ws/Config.asmx/General_Get
[2019-09-11 10:52:56] ---- FROM  ::1 (WinNT)
[2019-09-11 10:52:56] ---- BROWSER:  Firefox 69.0 (Mozilla/5.0 (Windows NT 10.0; Win64; x64; rv:69.0) Gecko/20100101 Firefox/69.0)
[2019-09-11 10:52:56] ---- CONTENT: {data : "<?xml version='1.0' encoding='utf-8' ?><Request ID='20190911105256689'><General><Token>61111131252223224013000011333653</Token></General><Data></Data></Request>"}
[2019-09-11 10:52:56] 200 - OK - application/json
[2019-09-11 10:52:56] REQUEST POST - https://localhost:8082/public/ws/Config.asmx/All_Get
[2019-09-11 10:52:56] ---- FROM  ::1 (WinNT)
[2019-09-11 10:52:56] ---- BROWSER:  Firefox 69.0 (Mozilla/5.0 (Windows NT 10.0; Win64; x64; rv:69.0) Gecko/20100101 Firefox/69.0)
[2019-09-11 10:52:56] ---- CONTENT: {data : "<?xml version='1.0' encoding='utf-8' ?><Request ID='20190911105256771'><General><Token>61111131252223224013000011333653</Token></General><Data></Data></Request>"}
[2019-09-11 10:52:56] 200 - OK - application/json
[2019-09-11 10:52:56] REQUEST POST - https://localhost:8082/public/ws/Economics.asmx/messaggi_summary
[2019-09-11 10:52:56] ---- FROM  ::1 (WinNT)
[2019-09-11 10:52:56] ---- BROWSER:  Firefox 69.0 (Mozilla/5.0 (Windows NT 10.0; Win64; x64; rv:69.0) Gecko/20100101 Firefox/69.0)
[2019-09-11 10:52:56] ---- CONTENT: {data : "<?xml version='1.0' encoding='utf-8' ?><Request ID='20190911105256822'><General><Token>61111131252223224013000011333653</Token></General><Data></Data></Request>"}
[2019-09-11 10:52:56] 200 - OK - application/json
[2019-09-11 10:52:56] REQUEST POST - https://localhost:8082/public/ws/Config.asmx/All_Get
[2019-09-11 10:52:56] ---- FROM  ::1 (WinNT)
[2019-09-11 10:52:56] ---- BROWSER:  Firefox 69.0 (Mozilla/5.0 (Windows NT 10.0; Win64; x64; rv:69.0) Gecko/20100101 Firefox/69.0)
[2019-09-11 10:52:56] ---- CONTENT: {data : "<?xml version='1.0' encoding='utf-8' ?><Request ID='20190911105256872'><General><Token>61111131252223224013000011333653</Token></General><Data></Data></Request>"}
[2019-09-11 10:52:56] 200 - OK - application/json
[2019-09-11 10:52:57] REQUEST POST - https://localhost:8082/public/ws/Config.asmx/All_Get
[2019-09-11 10:52:57] ---- FROM  ::1 (WinNT)
[2019-09-11 10:52:57] ---- BROWSER:  Firefox 69.0 (Mozilla/5.0 (Windows NT 10.0; Win64; x64; rv:69.0) Gecko/20100101 Firefox/69.0)
[2019-09-11 10:52:57] ---- CONTENT: {data : "<?xml version='1.0' encoding='utf-8' ?><Request ID='2019091110525752'><General><Token>61111131252223224013000011333653</Token></General><Data></Data></Request>"}
[2019-09-11 10:52:57] REQUEST GET - https://localhost:8082/public/ws/Resources.ashx/xml-general
[2019-09-11 10:52:57] ---- FROM  ::1 (WinNT)
[2019-09-11 10:52:57] ---- BROWSER:  Firefox 69.0 (Mozilla/5.0 (Windows NT 10.0; Win64; x64; rv:69.0) Gecko/20100101 Firefox/69.0)
[2019-09-11 10:52:57] REQUEST GET - https://localhost:8082/public/ws/Resources.ashx/xml-general
[2019-09-11 10:52:57] ---- FROM  ::1 (WinNT)
[2019-09-11 10:52:57] ---- BROWSER:  Firefox 69.0 (Mozilla/5.0 (Windows NT 10.0; Win64; x64; rv:69.0) Gecko/20100101 Firefox/69.0)
[2019-09-11 10:52:57] 200 - OK - text/xml
[2019-09-11 10:52:57] 200 - OK - text/xml
[2019-09-11 10:52:57] 200 - OK - application/json
[2019-09-11 10:55:31] REQUEST POST - https://localhost:8082/public/aspx/Home.aspx
[2019-09-11 10:55:31] ---- FROM  ::1 (WinNT)
[2019-09-11 10:55:31] ---- BROWSER:  Chrome 76.0 (Mozilla/5.0 (Windows NT 10.0; Win64; x64) AppleWebKit/537.36 (KHTML, like Gecko) Chrome/76.0.3809.132 Safari/537.36)
[2019-09-11 10:55:31] ---- CONTENT: Token%3D61111131252223224013000011333653%26TokenApiRest%3DeyJ0eXAiOiJKV1QiLCJhbGciOiJIUzI1NiJ9.eyJpc3MiOiJodHRwczpcL1wvd3d3cy5kZXYteWVhcC5pdCIsImlhdCI6MTU0MjI5NDMyMSwibmJmIjoxNTQyMjk0MzIxLCJleHAiOjE1NDI4OTkxMjEsImRhdGEiOnsidXNlciI6eyJpZCI6IjQ0In19fQ.RCP5OeoGASxAyBw1MbMD4BFJAcDM5JIXqYXKBALZcJI%26Logo%3Dhttps%3A%2F%2Flocalhost%3A8082%2Fscratch%2Fpl_logo.png%26Title%3DBusiness+Plan+Test+nr.+2=
[2019-09-11 10:55:31] 302 - Found - text/html
[2019-09-11 10:55:31] REQUEST GET - https://localhost:8082/home/welcome
[2019-09-11 10:55:31] ---- FROM  ::1 (WinNT)
[2019-09-11 10:55:31] ---- BROWSER:  Chrome 76.0 (Mozilla/5.0 (Windows NT 10.0; Win64; x64) AppleWebKit/537.36 (KHTML, like Gecko) Chrome/76.0.3809.132 Safari/537.36)
[2019-09-11 10:55:31] 200 - OK - text/html
[2019-09-11 10:55:32] REQUEST POST - https://localhost:8082/public/ws/General.asmx/Set
[2019-09-11 10:55:32] ---- FROM  ::1 (WinNT)
[2019-09-11 10:55:32] ---- BROWSER:  Chrome 76.0 (Mozilla/5.0 (Windows NT 10.0; Win64; x64) AppleWebKit/537.36 (KHTML, like Gecko) Chrome/76.0.3809.132 Safari/537.36)
[2019-09-11 10:55:32] ---- CONTENT: {data : "<?xml version='1.0' encoding='utf-8' ?><Request ID='20190911105532184'><General><Token>61111131252223224013000011333653</Token></General><Data><Nome>Business Plan Test nr. 2</Nome><Logo>https%3A%2F%2Flocalhost%3A8082%2Fscratch%2Fpl_logo.png</Logo></Data></Request>"}
[2019-09-11 10:55:32] 200 - OK - application/json
[2019-09-11 10:55:32] REQUEST POST - https://localhost:8082/public/ws/Config.asmx/Economics_Get
[2019-09-11 10:55:32] ---- FROM  ::1 (WinNT)
[2019-09-11 10:55:32] ---- BROWSER:  Chrome 76.0 (Mozilla/5.0 (Windows NT 10.0; Win64; x64) AppleWebKit/537.36 (KHTML, like Gecko) Chrome/76.0.3809.132 Safari/537.36)
[2019-09-11 10:55:32] ---- CONTENT: {data : "<?xml version='1.0' encoding='utf-8' ?><Request ID='20190911105532233'><General><Token>61111131252223224013000011333653</Token></General><Data></Data></Request>"}
[2019-09-11 10:55:32] 200 - OK - application/json
[2019-09-11 10:55:32] REQUEST POST - https://localhost:8082/public/ws/Config.asmx/All_Get
[2019-09-11 10:55:32] ---- FROM  ::1 (WinNT)
[2019-09-11 10:55:32] ---- BROWSER:  Chrome 76.0 (Mozilla/5.0 (Windows NT 10.0; Win64; x64) AppleWebKit/537.36 (KHTML, like Gecko) Chrome/76.0.3809.132 Safari/537.36)
[2019-09-11 10:55:32] ---- CONTENT: {data : "<?xml version='1.0' encoding='utf-8' ?><Request ID='20190911105532392'><General><Token>61111131252223224013000011333653</Token></General><Data></Data></Request>"}
[2019-09-11 10:55:32] REQUEST POST - https://localhost:8082/public/ws/Economics.asmx/messaggi_summary
[2019-09-11 10:55:32] ---- FROM  ::1 (WinNT)
[2019-09-11 10:55:32] ---- BROWSER:  Chrome 76.0 (Mozilla/5.0 (Windows NT 10.0; Win64; x64) AppleWebKit/537.36 (KHTML, like Gecko) Chrome/76.0.3809.132 Safari/537.36)
[2019-09-11 10:55:32] ---- CONTENT: {data : "<?xml version='1.0' encoding='utf-8' ?><Request ID='20190911105532422'><General><Token>61111131252223224013000011333653</Token></General><Data></Data></Request>"}
[2019-09-11 10:55:32] 200 - OK - application/json
[2019-09-11 10:55:32] 200 - OK - application/json
[2019-09-11 10:55:32] REQUEST POST - https://localhost:8082/public/ws/Config.asmx/All_Get
[2019-09-11 10:55:32] ---- FROM  ::1 (WinNT)
[2019-09-11 10:55:32] ---- BROWSER:  Chrome 76.0 (Mozilla/5.0 (Windows NT 10.0; Win64; x64) AppleWebKit/537.36 (KHTML, like Gecko) Chrome/76.0.3809.132 Safari/537.36)
[2019-09-11 10:55:32] ---- CONTENT: {data : "<?xml version='1.0' encoding='utf-8' ?><Request ID='20190911105532603'><General><Token>61111131252223224013000011333653</Token></General><Data></Data></Request>"}
[2019-09-11 10:55:32] 200 - OK - application/json
[2019-09-11 10:55:33] REQUEST POST - https://localhost:8082/public/ws/Config.asmx/All_Get
[2019-09-11 10:55:33] ---- FROM  ::1 (WinNT)
[2019-09-11 10:55:33] ---- BROWSER:  Chrome 76.0 (Mozilla/5.0 (Windows NT 10.0; Win64; x64) AppleWebKit/537.36 (KHTML, like Gecko) Chrome/76.0.3809.132 Safari/537.36)
[2019-09-11 10:55:33] ---- CONTENT: {data : "<?xml version='1.0' encoding='utf-8' ?><Request ID='20190911105533311'><General><Token>61111131252223224013000011333653</Token></General><Data></Data></Request>"}
[2019-09-11 10:55:33] 200 - OK - application/json
[2019-09-11 10:55:39] REQUEST GET - https://localhost:8082/settings/settings
[2019-09-11 10:55:39] ---- FROM  ::1 (WinNT)
[2019-09-11 10:55:39] ---- BROWSER:  Firefox 69.0 (Mozilla/5.0 (Windows NT 10.0; Win64; x64; rv:69.0) Gecko/20100101 Firefox/69.0)
[2019-09-11 10:55:39] 200 - OK - text/html
[2019-09-11 10:55:40] REQUEST POST - https://localhost:8082/public/ws/General.asmx/Set
[2019-09-11 10:55:40] ---- FROM  ::1 (WinNT)
[2019-09-11 10:55:40] ---- BROWSER:  Firefox 69.0 (Mozilla/5.0 (Windows NT 10.0; Win64; x64; rv:69.0) Gecko/20100101 Firefox/69.0)
[2019-09-11 10:55:40] ---- CONTENT: {data : "<?xml version='1.0' encoding='utf-8' ?><Request ID='20190911105540755'><General><Token>61111131252223224013000011333653</Token></General><Data><Nome></Nome><Logo>https%3A%2F%2Flocalhost%3A8082%2Fscratch%2Fpl_logo.png</Logo></Data></Request>"}
[2019-09-11 10:55:40] 200 - OK - application/json
[2019-09-11 10:55:40] REQUEST POST - https://localhost:8082/public/ws/Config.asmx/General_Get
[2019-09-11 10:55:40] ---- FROM  ::1 (WinNT)
[2019-09-11 10:55:40] ---- BROWSER:  Firefox 69.0 (Mozilla/5.0 (Windows NT 10.0; Win64; x64; rv:69.0) Gecko/20100101 Firefox/69.0)
[2019-09-11 10:55:40] ---- CONTENT: {data : "<?xml version='1.0' encoding='utf-8' ?><Request ID='20190911105540833'><General><Token>61111131252223224013000011333653</Token></General><Data></Data></Request>"}
[2019-09-11 10:55:40] 200 - OK - application/json
[2019-09-11 10:55:41] REQUEST POST - https://localhost:8082/public/ws/Config.asmx/All_Get
[2019-09-11 10:55:41] ---- FROM  ::1 (WinNT)
[2019-09-11 10:55:41] ---- BROWSER:  Firefox 69.0 (Mozilla/5.0 (Windows NT 10.0; Win64; x64; rv:69.0) Gecko/20100101 Firefox/69.0)
[2019-09-11 10:55:41] ---- CONTENT: {data : "<?xml version='1.0' encoding='utf-8' ?><Request ID='20190911105540995'><General><Token>61111131252223224013000011333653</Token></General><Data></Data></Request>"}
[2019-09-11 10:55:41] REQUEST POST - https://localhost:8082/public/ws/Economics.asmx/messaggi_summary
[2019-09-11 10:55:41] ---- FROM  ::1 (WinNT)
[2019-09-11 10:55:41] ---- BROWSER:  Firefox 69.0 (Mozilla/5.0 (Windows NT 10.0; Win64; x64; rv:69.0) Gecko/20100101 Firefox/69.0)
[2019-09-11 10:55:41] ---- CONTENT: {data : "<?xml version='1.0' encoding='utf-8' ?><Request ID='2019091110554125'><General><Token>61111131252223224013000011333653</Token></General><Data></Data></Request>"}
[2019-09-11 10:55:41] 200 - OK - application/json
[2019-09-11 10:55:41] 200 - OK - application/json
[2019-09-11 10:55:41] REQUEST POST - https://localhost:8082/public/ws/Config.asmx/All_Get
[2019-09-11 10:55:41] ---- FROM  ::1 (WinNT)
[2019-09-11 10:55:41] ---- BROWSER:  Firefox 69.0 (Mozilla/5.0 (Windows NT 10.0; Win64; x64; rv:69.0) Gecko/20100101 Firefox/69.0)
[2019-09-11 10:55:41] ---- CONTENT: {data : "<?xml version='1.0' encoding='utf-8' ?><Request ID='20190911105541178'><General><Token>61111131252223224013000011333653</Token></General><Data></Data></Request>"}
[2019-09-11 10:55:41] 200 - OK - application/json
[2019-09-11 10:55:41] REQUEST POST - https://localhost:8082/public/ws/Config.asmx/All_Get
[2019-09-11 10:55:41] ---- FROM  ::1 (WinNT)
[2019-09-11 10:55:41] ---- BROWSER:  Firefox 69.0 (Mozilla/5.0 (Windows NT 10.0; Win64; x64; rv:69.0) Gecko/20100101 Firefox/69.0)
[2019-09-11 10:55:41] ---- CONTENT: {data : "<?xml version='1.0' encoding='utf-8' ?><Request ID='20190911105541338'><General><Token>61111131252223224013000011333653</Token></General><Data></Data></Request>"}
[2019-09-11 10:55:41] REQUEST GET - https://localhost:8082/public/ws/Resources.ashx/xml-general
[2019-09-11 10:55:41] REQUEST GET - https://localhost:8082/public/ws/Resources.ashx/xml-general
[2019-09-11 10:55:41] ---- FROM  ::1 (WinNT)
[2019-09-11 10:55:41] ---- BROWSER:  Firefox 69.0 (Mozilla/5.0 (Windows NT 10.0; Win64; x64; rv:69.0) Gecko/20100101 Firefox/69.0)
[2019-09-11 10:55:41] ---- FROM  ::1 (WinNT)
[2019-09-11 10:55:41] ---- BROWSER:  Firefox 69.0 (Mozilla/5.0 (Windows NT 10.0; Win64; x64; rv:69.0) Gecko/20100101 Firefox/69.0)
[2019-09-11 10:55:41] 200 - OK - text/xml
[2019-09-11 10:55:41] 200 - OK - text/xml
[2019-09-11 10:55:41] 200 - OK - application/json
[2019-09-11 10:56:02] REQUEST GET - https://localhost:8082/settings/settings
[2019-09-11 10:56:02] ---- FROM  ::1 (WinNT)
[2019-09-11 10:56:02] ---- BROWSER:  Firefox 69.0 (Mozilla/5.0 (Windows NT 10.0; Win64; x64; rv:69.0) Gecko/20100101 Firefox/69.0)
[2019-09-11 10:56:02] 200 - OK - text/html
[2019-09-11 10:56:02] REQUEST POST - https://localhost:8082/public/ws/General.asmx/Set
[2019-09-11 10:56:02] ---- FROM  ::1 (WinNT)
[2019-09-11 10:56:02] ---- BROWSER:  Firefox 69.0 (Mozilla/5.0 (Windows NT 10.0; Win64; x64; rv:69.0) Gecko/20100101 Firefox/69.0)
[2019-09-11 10:56:02] ---- CONTENT: {data : "<?xml version='1.0' encoding='utf-8' ?><Request ID='20190911105602650'><General><Token>61111131252223224013000011333653</Token></General><Data><Nome></Nome><Logo>https%3A%2F%2Flocalhost%3A8082%2Fscratch%2Fpl_logo.png</Logo></Data></Request>"}
[2019-09-11 10:56:02] 200 - OK - application/json
[2019-09-11 10:56:02] REQUEST POST - https://localhost:8082/public/ws/Config.asmx/General_Get
[2019-09-11 10:56:02] ---- FROM  ::1 (WinNT)
[2019-09-11 10:56:02] ---- BROWSER:  Firefox 69.0 (Mozilla/5.0 (Windows NT 10.0; Win64; x64; rv:69.0) Gecko/20100101 Firefox/69.0)
[2019-09-11 10:56:02] ---- CONTENT: {data : "<?xml version='1.0' encoding='utf-8' ?><Request ID='20190911105602687'><General><Token>61111131252223224013000011333653</Token></General><Data></Data></Request>"}
[2019-09-11 10:56:02] 200 - OK - application/json
[2019-09-11 10:56:02] REQUEST POST - https://localhost:8082/public/ws/Config.asmx/All_Get
[2019-09-11 10:56:02] ---- FROM  ::1 (WinNT)
[2019-09-11 10:56:02] ---- BROWSER:  Firefox 69.0 (Mozilla/5.0 (Windows NT 10.0; Win64; x64; rv:69.0) Gecko/20100101 Firefox/69.0)
[2019-09-11 10:56:02] ---- CONTENT: {data : "<?xml version='1.0' encoding='utf-8' ?><Request ID='20190911105602775'><General><Token>61111131252223224013000011333653</Token></General><Data></Data></Request>"}
[2019-09-11 10:56:02] 200 - OK - application/json
[2019-09-11 10:56:02] REQUEST POST - https://localhost:8082/public/ws/Economics.asmx/messaggi_summary
[2019-09-11 10:56:02] ---- FROM  ::1 (WinNT)
[2019-09-11 10:56:02] ---- BROWSER:  Firefox 69.0 (Mozilla/5.0 (Windows NT 10.0; Win64; x64; rv:69.0) Gecko/20100101 Firefox/69.0)
[2019-09-11 10:56:02] ---- CONTENT: {data : "<?xml version='1.0' encoding='utf-8' ?><Request ID='20190911105602808'><General><Token>61111131252223224013000011333653</Token></General><Data></Data></Request>"}
[2019-09-11 10:56:02] 200 - OK - application/json
[2019-09-11 10:56:02] REQUEST POST - https://localhost:8082/public/ws/Config.asmx/All_Get
[2019-09-11 10:56:02] ---- FROM  ::1 (WinNT)
[2019-09-11 10:56:02] ---- BROWSER:  Firefox 69.0 (Mozilla/5.0 (Windows NT 10.0; Win64; x64; rv:69.0) Gecko/20100101 Firefox/69.0)
[2019-09-11 10:56:02] ---- CONTENT: {data : "<?xml version='1.0' encoding='utf-8' ?><Request ID='20190911105602885'><General><Token>61111131252223224013000011333653</Token></General><Data></Data></Request>"}
[2019-09-11 10:56:02] 200 - OK - application/json
[2019-09-11 10:56:03] REQUEST POST - https://localhost:8082/public/ws/Config.asmx/All_Get
[2019-09-11 10:56:03] ---- FROM  ::1 (WinNT)
[2019-09-11 10:56:03] ---- BROWSER:  Firefox 69.0 (Mozilla/5.0 (Windows NT 10.0; Win64; x64; rv:69.0) Gecko/20100101 Firefox/69.0)
[2019-09-11 10:56:03] REQUEST GET - https://localhost:8082/public/ws/Resources.ashx/xml-general
[2019-09-11 10:56:03] ---- FROM  ::1 (WinNT)
[2019-09-11 10:56:03] ---- BROWSER:  Firefox 69.0 (Mozilla/5.0 (Windows NT 10.0; Win64; x64; rv:69.0) Gecko/20100101 Firefox/69.0)
[2019-09-11 10:56:03] ---- CONTENT: {data : "<?xml version='1.0' encoding='utf-8' ?><Request ID='20190911105603164'><General><Token>61111131252223224013000011333653</Token></General><Data></Data></Request>"}
[2019-09-11 10:56:03] REQUEST GET - https://localhost:8082/public/ws/Resources.ashx/xml-general
[2019-09-11 10:56:03] ---- FROM  ::1 (WinNT)
[2019-09-11 10:56:03] ---- BROWSER:  Firefox 69.0 (Mozilla/5.0 (Windows NT 10.0; Win64; x64; rv:69.0) Gecko/20100101 Firefox/69.0)
[2019-09-11 10:56:03] 200 - OK - text/xml
[2019-09-11 10:56:03] 200 - OK - text/xml
[2019-09-11 10:56:03] 200 - OK - application/json
[2019-09-11 10:57:08] REQUEST GET - https://localhost:8082/settings/settings
[2019-09-11 10:57:08] ---- FROM  ::1 (WinNT)
[2019-09-11 10:57:08] ---- BROWSER:  Firefox 69.0 (Mozilla/5.0 (Windows NT 10.0; Win64; x64; rv:69.0) Gecko/20100101 Firefox/69.0)
[2019-09-11 10:57:08] 200 - OK - text/html
[2019-09-11 10:57:10] REQUEST POST - https://localhost:8082/public/ws/General.asmx/Set
[2019-09-11 10:57:10] ---- FROM  ::1 (WinNT)
[2019-09-11 10:57:10] ---- BROWSER:  Firefox 69.0 (Mozilla/5.0 (Windows NT 10.0; Win64; x64; rv:69.0) Gecko/20100101 Firefox/69.0)
[2019-09-11 10:57:10] ---- CONTENT: {data : "<?xml version='1.0' encoding='utf-8' ?><Request ID='20190911105710118'><General><Token>61111131252223224013000011333653</Token></General><Data><Nome></Nome><Logo>https%3A%2F%2Flocalhost%3A8082%2Fscratch%2Fpl_logo.png</Logo></Data></Request>"}
[2019-09-11 10:57:10] 200 - OK - application/json
[2019-09-11 10:57:10] REQUEST POST - https://localhost:8082/public/ws/Config.asmx/General_Get
[2019-09-11 10:57:10] ---- FROM  ::1 (WinNT)
[2019-09-11 10:57:10] ---- BROWSER:  Firefox 69.0 (Mozilla/5.0 (Windows NT 10.0; Win64; x64; rv:69.0) Gecko/20100101 Firefox/69.0)
[2019-09-11 10:57:10] ---- CONTENT: {data : "<?xml version='1.0' encoding='utf-8' ?><Request ID='20190911105710145'><General><Token>61111131252223224013000011333653</Token></General><Data></Data></Request>"}
[2019-09-11 10:57:10] 200 - OK - application/json
[2019-09-11 10:57:10] REQUEST POST - https://localhost:8082/public/ws/Config.asmx/All_Get
[2019-09-11 10:57:10] ---- FROM  ::1 (WinNT)
[2019-09-11 10:57:10] ---- BROWSER:  Firefox 69.0 (Mozilla/5.0 (Windows NT 10.0; Win64; x64; rv:69.0) Gecko/20100101 Firefox/69.0)
[2019-09-11 10:57:10] ---- CONTENT: {data : "<?xml version='1.0' encoding='utf-8' ?><Request ID='20190911105710286'><General><Token>61111131252223224013000011333653</Token></General><Data></Data></Request>"}
[2019-09-11 10:57:10] REQUEST POST - https://localhost:8082/public/ws/Economics.asmx/messaggi_summary
[2019-09-11 10:57:10] ---- FROM  ::1 (WinNT)
[2019-09-11 10:57:10] ---- BROWSER:  Firefox 69.0 (Mozilla/5.0 (Windows NT 10.0; Win64; x64; rv:69.0) Gecko/20100101 Firefox/69.0)
[2019-09-11 10:57:10] ---- CONTENT: {data : "<?xml version='1.0' encoding='utf-8' ?><Request ID='20190911105710317'><General><Token>61111131252223224013000011333653</Token></General><Data></Data></Request>"}
[2019-09-11 10:57:10] 200 - OK - application/json
[2019-09-11 10:57:10] 200 - OK - application/json
[2019-09-11 10:57:10] REQUEST POST - https://localhost:8082/public/ws/Config.asmx/All_Get
[2019-09-11 10:57:10] ---- FROM  ::1 (WinNT)
[2019-09-11 10:57:10] ---- BROWSER:  Firefox 69.0 (Mozilla/5.0 (Windows NT 10.0; Win64; x64; rv:69.0) Gecko/20100101 Firefox/69.0)
[2019-09-11 10:57:10] ---- CONTENT: {data : "<?xml version='1.0' encoding='utf-8' ?><Request ID='20190911105710572'><General><Token>61111131252223224013000011333653</Token></General><Data></Data></Request>"}
[2019-09-11 10:57:10] 200 - OK - application/json
[2019-09-11 10:57:10] REQUEST POST - https://localhost:8082/public/ws/Config.asmx/All_Get
[2019-09-11 10:57:10] ---- FROM  ::1 (WinNT)
[2019-09-11 10:57:10] ---- BROWSER:  Firefox 69.0 (Mozilla/5.0 (Windows NT 10.0; Win64; x64; rv:69.0) Gecko/20100101 Firefox/69.0)
[2019-09-11 10:57:10] ---- CONTENT: {data : "<?xml version='1.0' encoding='utf-8' ?><Request ID='20190911105710632'><General><Token>61111131252223224013000011333653</Token></General><Data></Data></Request>"}
[2019-09-11 10:57:10] REQUEST GET - https://localhost:8082/public/ws/Resources.ashx/xml-general
[2019-09-11 10:57:10] ---- FROM  ::1 (WinNT)
[2019-09-11 10:57:10] ---- BROWSER:  Firefox 69.0 (Mozilla/5.0 (Windows NT 10.0; Win64; x64; rv:69.0) Gecko/20100101 Firefox/69.0)
[2019-09-11 10:57:10] REQUEST GET - https://localhost:8082/public/ws/Resources.ashx/xml-general
[2019-09-11 10:57:10] ---- FROM  ::1 (WinNT)
[2019-09-11 10:57:10] ---- BROWSER:  Firefox 69.0 (Mozilla/5.0 (Windows NT 10.0; Win64; x64; rv:69.0) Gecko/20100101 Firefox/69.0)
[2019-09-11 10:57:10] 200 - OK - application/json
[2019-09-11 10:57:10] 200 - OK - text/xml
[2019-09-11 10:57:10] 200 - OK - text/xml
[2019-09-11 10:58:21] REQUEST GET - https://localhost:8082/settings/settings
[2019-09-11 10:58:21] ---- FROM  ::1 (WinNT)
[2019-09-11 10:58:21] ---- BROWSER:  Firefox 69.0 (Mozilla/5.0 (Windows NT 10.0; Win64; x64; rv:69.0) Gecko/20100101 Firefox/69.0)
[2019-09-11 10:58:21] 200 - OK - text/html
[2019-09-11 10:58:23] REQUEST POST - https://localhost:8082/public/ws/General.asmx/Set
[2019-09-11 10:58:23] ---- FROM  ::1 (WinNT)
[2019-09-11 10:58:23] ---- BROWSER:  Firefox 69.0 (Mozilla/5.0 (Windows NT 10.0; Win64; x64; rv:69.0) Gecko/20100101 Firefox/69.0)
[2019-09-11 10:58:23] ---- CONTENT: {data : "<?xml version='1.0' encoding='utf-8' ?><Request ID='20190911105823459'><General><Token>61111131252223224013000011333653</Token></General><Data><Nome></Nome><Logo>https%3A%2F%2Flocalhost%3A8082%2Fscratch%2Fpl_logo.png</Logo></Data></Request>"}
[2019-09-11 10:58:23] 200 - OK - application/json
[2019-09-11 10:58:23] REQUEST POST - https://localhost:8082/public/ws/Config.asmx/General_Get
[2019-09-11 10:58:23] ---- FROM  ::1 (WinNT)
[2019-09-11 10:58:23] ---- BROWSER:  Firefox 69.0 (Mozilla/5.0 (Windows NT 10.0; Win64; x64; rv:69.0) Gecko/20100101 Firefox/69.0)
[2019-09-11 10:58:23] ---- CONTENT: {data : "<?xml version='1.0' encoding='utf-8' ?><Request ID='20190911105823660'><General><Token>61111131252223224013000011333653</Token></General><Data></Data></Request>"}
[2019-09-11 10:58:23] 200 - OK - application/json
[2019-09-11 10:58:23] REQUEST POST - https://localhost:8082/public/ws/Economics.asmx/messaggi_summary
[2019-09-11 10:58:23] ---- FROM  ::1 (WinNT)
[2019-09-11 10:58:23] ---- BROWSER:  Firefox 69.0 (Mozilla/5.0 (Windows NT 10.0; Win64; x64; rv:69.0) Gecko/20100101 Firefox/69.0)
[2019-09-11 10:58:23] ---- CONTENT: {data : "<?xml version='1.0' encoding='utf-8' ?><Request ID='20190911105823801'><General><Token>61111131252223224013000011333653</Token></General><Data></Data></Request>"}
[2019-09-11 10:58:23] 200 - OK - application/json
[2019-09-11 10:58:23] REQUEST POST - https://localhost:8082/public/ws/Config.asmx/All_Get
[2019-09-11 10:58:23] ---- FROM  ::1 (WinNT)
[2019-09-11 10:58:23] ---- BROWSER:  Firefox 69.0 (Mozilla/5.0 (Windows NT 10.0; Win64; x64; rv:69.0) Gecko/20100101 Firefox/69.0)
[2019-09-11 10:58:23] ---- CONTENT: {data : "<?xml version='1.0' encoding='utf-8' ?><Request ID='20190911105823858'><General><Token>61111131252223224013000011333653</Token></General><Data></Data></Request>"}
[2019-09-11 10:58:23] 200 - OK - application/json
[2019-09-11 10:58:24] REQUEST POST - https://localhost:8082/public/ws/Config.asmx/All_Get
[2019-09-11 10:58:24] ---- FROM  ::1 (WinNT)
[2019-09-11 10:58:24] ---- BROWSER:  Firefox 69.0 (Mozilla/5.0 (Windows NT 10.0; Win64; x64; rv:69.0) Gecko/20100101 Firefox/69.0)
[2019-09-11 10:58:24] ---- CONTENT: {data : "<?xml version='1.0' encoding='utf-8' ?><Request ID='20190911105823891'><General><Token>61111131252223224013000011333653</Token></General><Data></Data></Request>"}
[2019-09-11 10:58:24] 200 - OK - application/json
[2019-09-11 10:58:24] REQUEST POST - https://localhost:8082/public/ws/Config.asmx/All_Get
[2019-09-11 10:58:24] ---- FROM  ::1 (WinNT)
[2019-09-11 10:58:24] REQUEST GET - https://localhost:8082/public/ws/Resources.ashx/xml-general
[2019-09-11 10:58:24] ---- FROM  ::1 (WinNT)
[2019-09-11 10:58:24] ---- BROWSER:  Firefox 69.0 (Mozilla/5.0 (Windows NT 10.0; Win64; x64; rv:69.0) Gecko/20100101 Firefox/69.0)
[2019-09-11 10:58:24] ---- BROWSER:  Firefox 69.0 (Mozilla/5.0 (Windows NT 10.0; Win64; x64; rv:69.0) Gecko/20100101 Firefox/69.0)
[2019-09-11 10:58:24] ---- CONTENT: {data : "<?xml version='1.0' encoding='utf-8' ?><Request ID='20190911105824249'><General><Token>61111131252223224013000011333653</Token></General><Data></Data></Request>"}
[2019-09-11 10:58:24] 200 - OK - text/xml
[2019-09-11 10:58:24] REQUEST GET - https://localhost:8082/public/ws/Resources.ashx/xml-general
[2019-09-11 10:58:24] ---- FROM  ::1 (WinNT)
[2019-09-11 10:58:24] ---- BROWSER:  Firefox 69.0 (Mozilla/5.0 (Windows NT 10.0; Win64; x64; rv:69.0) Gecko/20100101 Firefox/69.0)
[2019-09-11 10:58:24] 200 - OK - application/json
[2019-09-11 10:58:24] 200 - OK - text/xml
[2019-09-11 10:59:25] REQUEST POST - https://localhost:8082/public/aspx/Home.aspx
[2019-09-11 10:59:25] ---- FROM  ::1 (WinNT)
[2019-09-11 10:59:25] ---- BROWSER:  Chrome 76.0 (Mozilla/5.0 (Windows NT 10.0; Win64; x64) AppleWebKit/537.36 (KHTML, like Gecko) Chrome/76.0.3809.132 Safari/537.36)
[2019-09-11 10:59:25] ---- CONTENT: Token%3D61111131252223224013000011333653%26TokenApiRest%3DeyJ0eXAiOiJKV1QiLCJhbGciOiJIUzI1NiJ9.eyJpc3MiOiJodHRwczpcL1wvd3d3cy5kZXYteWVhcC5pdCIsImlhdCI6MTU0MjI5NDMyMSwibmJmIjoxNTQyMjk0MzIxLCJleHAiOjE1NDI4OTkxMjEsImRhdGEiOnsidXNlciI6eyJpZCI6IjQ0In19fQ.RCP5OeoGASxAyBw1MbMD4BFJAcDM5JIXqYXKBALZcJI%26Logo%3Dhttps%3A%2F%2Flocalhost%3A8082%2Fscratch%2Fpl_logo.png%26Title%3DBusiness+Plan+Test+nr.+2=
[2019-09-11 10:59:25] 302 - Found - text/html
[2019-09-11 10:59:25] REQUEST GET - https://localhost:8082/home/welcome
[2019-09-11 10:59:25] ---- FROM  ::1 (WinNT)
[2019-09-11 10:59:25] ---- BROWSER:  Chrome 76.0 (Mozilla/5.0 (Windows NT 10.0; Win64; x64) AppleWebKit/537.36 (KHTML, like Gecko) Chrome/76.0.3809.132 Safari/537.36)
[2019-09-11 10:59:25] 200 - OK - text/html
[2019-09-11 10:59:26] REQUEST POST - https://localhost:8082/public/ws/General.asmx/Set
[2019-09-11 10:59:26] ---- FROM  ::1 (WinNT)
[2019-09-11 10:59:26] ---- BROWSER:  Chrome 76.0 (Mozilla/5.0 (Windows NT 10.0; Win64; x64) AppleWebKit/537.36 (KHTML, like Gecko) Chrome/76.0.3809.132 Safari/537.36)
[2019-09-11 10:59:26] ---- CONTENT: {data : "<?xml version='1.0' encoding='utf-8' ?><Request ID='20190911105926341'><General><Token>61111131252223224013000011333653</Token></General><Data><Nome>Business Plan Test nr. 2</Nome><Logo>https%3A%2F%2Flocalhost%3A8082%2Fscratch%2Fpl_logo.png</Logo></Data></Request>"}
[2019-09-11 10:59:26] 200 - OK - application/json
[2019-09-11 10:59:26] REQUEST POST - https://localhost:8082/public/ws/Config.asmx/Economics_Get
[2019-09-11 10:59:26] ---- FROM  ::1 (WinNT)
[2019-09-11 10:59:26] ---- BROWSER:  Chrome 76.0 (Mozilla/5.0 (Windows NT 10.0; Win64; x64) AppleWebKit/537.36 (KHTML, like Gecko) Chrome/76.0.3809.132 Safari/537.36)
[2019-09-11 10:59:26] ---- CONTENT: {data : "<?xml version='1.0' encoding='utf-8' ?><Request ID='20190911105926369'><General><Token>61111131252223224013000011333653</Token></General><Data></Data></Request>"}
[2019-09-11 10:59:26] 200 - OK - application/json
[2019-09-11 10:59:26] REQUEST POST - https://localhost:8082/public/ws/Config.asmx/All_Get
[2019-09-11 10:59:26] ---- FROM  ::1 (WinNT)
[2019-09-11 10:59:26] ---- BROWSER:  Chrome 76.0 (Mozilla/5.0 (Windows NT 10.0; Win64; x64) AppleWebKit/537.36 (KHTML, like Gecko) Chrome/76.0.3809.132 Safari/537.36)
[2019-09-11 10:59:26] ---- CONTENT: {data : "<?xml version='1.0' encoding='utf-8' ?><Request ID='20190911105926413'><General><Token>61111131252223224013000011333653</Token></General><Data></Data></Request>"}
[2019-09-11 10:59:26] REQUEST POST - https://localhost:8082/public/ws/Economics.asmx/messaggi_summary
[2019-09-11 10:59:26] ---- FROM  ::1 (WinNT)
[2019-09-11 10:59:26] ---- BROWSER:  Chrome 76.0 (Mozilla/5.0 (Windows NT 10.0; Win64; x64) AppleWebKit/537.36 (KHTML, like Gecko) Chrome/76.0.3809.132 Safari/537.36)
[2019-09-11 10:59:26] ---- CONTENT: {data : "<?xml version='1.0' encoding='utf-8' ?><Request ID='20190911105926436'><General><Token>61111131252223224013000011333653</Token></General><Data></Data></Request>"}
[2019-09-11 10:59:26] 200 - OK - application/json
[2019-09-11 10:59:26] 200 - OK - application/json
[2019-09-11 10:59:26] REQUEST POST - https://localhost:8082/public/ws/Config.asmx/All_Get
[2019-09-11 10:59:26] ---- FROM  ::1 (WinNT)
[2019-09-11 10:59:26] ---- BROWSER:  Chrome 76.0 (Mozilla/5.0 (Windows NT 10.0; Win64; x64) AppleWebKit/537.36 (KHTML, like Gecko) Chrome/76.0.3809.132 Safari/537.36)
[2019-09-11 10:59:26] ---- CONTENT: {data : "<?xml version='1.0' encoding='utf-8' ?><Request ID='20190911105926515'><General><Token>61111131252223224013000011333653</Token></General><Data></Data></Request>"}
[2019-09-11 10:59:26] REQUEST POST - https://localhost:8082/public/ws/Config.asmx/All_Get
[2019-09-11 10:59:26] ---- FROM  ::1 (WinNT)
[2019-09-11 10:59:26] ---- BROWSER:  Chrome 76.0 (Mozilla/5.0 (Windows NT 10.0; Win64; x64) AppleWebKit/537.36 (KHTML, like Gecko) Chrome/76.0.3809.132 Safari/537.36)
[2019-09-11 10:59:26] ---- CONTENT: {data : "<?xml version='1.0' encoding='utf-8' ?><Request ID='20190911105926564'><General><Token>61111131252223224013000011333653</Token></General><Data></Data></Request>"}
[2019-09-11 10:59:26] 200 - OK - application/json
[2019-09-11 10:59:26] 200 - OK - application/json
[2019-09-11 10:59:31] REQUEST GET - https://localhost:8082/settings/settings
[2019-09-11 10:59:31] ---- FROM  ::1 (WinNT)
[2019-09-11 10:59:31] ---- BROWSER:  Firefox 69.0 (Mozilla/5.0 (Windows NT 10.0; Win64; x64; rv:69.0) Gecko/20100101 Firefox/69.0)
[2019-09-11 10:59:31] 200 - OK - text/html
[2019-09-11 10:59:32] REQUEST POST - https://localhost:8082/public/ws/General.asmx/Set
[2019-09-11 10:59:32] ---- FROM  ::1 (WinNT)
[2019-09-11 10:59:32] ---- BROWSER:  Firefox 69.0 (Mozilla/5.0 (Windows NT 10.0; Win64; x64; rv:69.0) Gecko/20100101 Firefox/69.0)
[2019-09-11 10:59:32] ---- CONTENT: {data : "<?xml version='1.0' encoding='utf-8' ?><Request ID='20190911105932534'><General><Token>61111131252223224013000011333653</Token></General><Data><Nome></Nome><Logo>https%3A%2F%2Flocalhost%3A8082%2Fscratch%2Fpl_logo.png</Logo></Data></Request>"}
[2019-09-11 10:59:32] 200 - OK - application/json
[2019-09-11 10:59:32] REQUEST POST - https://localhost:8082/public/ws/Config.asmx/General_Get
[2019-09-11 10:59:32] ---- FROM  ::1 (WinNT)
[2019-09-11 10:59:32] ---- BROWSER:  Firefox 69.0 (Mozilla/5.0 (Windows NT 10.0; Win64; x64; rv:69.0) Gecko/20100101 Firefox/69.0)
[2019-09-11 10:59:32] ---- CONTENT: {data : "<?xml version='1.0' encoding='utf-8' ?><Request ID='20190911105932582'><General><Token>61111131252223224013000011333653</Token></General><Data></Data></Request>"}
[2019-09-11 10:59:32] 200 - OK - application/json
[2019-09-11 10:59:32] REQUEST POST - https://localhost:8082/public/ws/Config.asmx/All_Get
[2019-09-11 10:59:32] ---- FROM  ::1 (WinNT)
[2019-09-11 10:59:32] ---- BROWSER:  Firefox 69.0 (Mozilla/5.0 (Windows NT 10.0; Win64; x64; rv:69.0) Gecko/20100101 Firefox/69.0)
[2019-09-11 10:59:32] ---- CONTENT: {data : "<?xml version='1.0' encoding='utf-8' ?><Request ID='20190911105932745'><General><Token>61111131252223224013000011333653</Token></General><Data></Data></Request>"}
[2019-09-11 10:59:32] REQUEST POST - https://localhost:8082/public/ws/Economics.asmx/messaggi_summary
[2019-09-11 10:59:32] ---- FROM  ::1 (WinNT)
[2019-09-11 10:59:32] 200 - OK - application/json
[2019-09-11 10:59:32] ---- BROWSER:  Firefox 69.0 (Mozilla/5.0 (Windows NT 10.0; Win64; x64; rv:69.0) Gecko/20100101 Firefox/69.0)
[2019-09-11 10:59:32] ---- CONTENT: {data : "<?xml version='1.0' encoding='utf-8' ?><Request ID='20190911105932774'><General><Token>61111131252223224013000011333653</Token></General><Data></Data></Request>"}
[2019-09-11 10:59:32] 200 - OK - application/json
[2019-09-11 10:59:33] REQUEST POST - https://localhost:8082/public/ws/Config.asmx/All_Get
[2019-09-11 10:59:33] ---- FROM  ::1 (WinNT)
[2019-09-11 10:59:33] ---- BROWSER:  Firefox 69.0 (Mozilla/5.0 (Windows NT 10.0; Win64; x64; rv:69.0) Gecko/20100101 Firefox/69.0)
[2019-09-11 10:59:33] ---- CONTENT: {data : "<?xml version='1.0' encoding='utf-8' ?><Request ID='2019091110593314'><General><Token>61111131252223224013000011333653</Token></General><Data></Data></Request>"}
[2019-09-11 10:59:33] 200 - OK - application/json
[2019-09-11 10:59:33] REQUEST POST - https://localhost:8082/public/ws/Config.asmx/All_Get
[2019-09-11 10:59:33] ---- FROM  ::1 (WinNT)
[2019-09-11 10:59:33] ---- BROWSER:  Firefox 69.0 (Mozilla/5.0 (Windows NT 10.0; Win64; x64; rv:69.0) Gecko/20100101 Firefox/69.0)
[2019-09-11 10:59:33] ---- CONTENT: {data : "<?xml version='1.0' encoding='utf-8' ?><Request ID='20190911105933107'><General><Token>61111131252223224013000011333653</Token></General><Data></Data></Request>"}
[2019-09-11 10:59:33] REQUEST GET - https://localhost:8082/public/ws/Resources.ashx/xml-general
[2019-09-11 10:59:33] ---- FROM  ::1 (WinNT)
[2019-09-11 10:59:33] ---- BROWSER:  Firefox 69.0 (Mozilla/5.0 (Windows NT 10.0; Win64; x64; rv:69.0) Gecko/20100101 Firefox/69.0)
[2019-09-11 10:59:33] 200 - OK - application/json
[2019-09-11 10:59:33] 200 - OK - text/xml
[2019-09-11 10:59:33] REQUEST GET - https://localhost:8082/public/ws/Resources.ashx/xml-general
[2019-09-11 10:59:33] ---- FROM  ::1 (WinNT)
[2019-09-11 10:59:33] ---- BROWSER:  Firefox 69.0 (Mozilla/5.0 (Windows NT 10.0; Win64; x64; rv:69.0) Gecko/20100101 Firefox/69.0)
[2019-09-11 10:59:33] 200 - OK - text/xml
[2019-09-11 11:00:53] REQUEST GET - https://localhost:8082/settings/settings
[2019-09-11 11:00:53] ---- FROM  ::1 (WinNT)
[2019-09-11 11:00:53] ---- BROWSER:  Firefox 69.0 (Mozilla/5.0 (Windows NT 10.0; Win64; x64; rv:69.0) Gecko/20100101 Firefox/69.0)
[2019-09-11 11:00:53] 200 - OK - text/html
[2019-09-11 11:00:55] REQUEST POST - https://localhost:8082/public/ws/General.asmx/Set
[2019-09-11 11:00:55] ---- FROM  ::1 (WinNT)
[2019-09-11 11:00:55] ---- BROWSER:  Firefox 69.0 (Mozilla/5.0 (Windows NT 10.0; Win64; x64; rv:69.0) Gecko/20100101 Firefox/69.0)
[2019-09-11 11:00:55] ---- CONTENT: {data : "<?xml version='1.0' encoding='utf-8' ?><Request ID='20190911110055304'><General><Token>61111131252223224013000011333653</Token></General><Data><Nome></Nome><Logo>https%3A%2F%2Flocalhost%3A8082%2Fscratch%2Fpl_logo.png</Logo></Data></Request>"}
[2019-09-11 11:00:55] 200 - OK - application/json
[2019-09-11 11:00:55] REQUEST POST - https://localhost:8082/public/ws/Config.asmx/General_Get
[2019-09-11 11:00:55] ---- FROM  ::1 (WinNT)
[2019-09-11 11:00:55] ---- BROWSER:  Firefox 69.0 (Mozilla/5.0 (Windows NT 10.0; Win64; x64; rv:69.0) Gecko/20100101 Firefox/69.0)
[2019-09-11 11:00:55] ---- CONTENT: {data : "<?xml version='1.0' encoding='utf-8' ?><Request ID='20190911110055394'><General><Token>61111131252223224013000011333653</Token></General><Data></Data></Request>"}
[2019-09-11 11:00:55] 200 - OK - application/json
[2019-09-11 11:00:55] REQUEST POST - https://localhost:8082/public/ws/Config.asmx/All_Get
[2019-09-11 11:00:55] ---- FROM  ::1 (WinNT)
[2019-09-11 11:00:55] ---- BROWSER:  Firefox 69.0 (Mozilla/5.0 (Windows NT 10.0; Win64; x64; rv:69.0) Gecko/20100101 Firefox/69.0)
[2019-09-11 11:00:55] ---- CONTENT: {data : "<?xml version='1.0' encoding='utf-8' ?><Request ID='20190911110055586'><General><Token>61111131252223224013000011333653</Token></General><Data></Data></Request>"}
[2019-09-11 11:00:55] 200 - OK - application/json
[2019-09-11 11:00:55] REQUEST POST - https://localhost:8082/public/ws/Economics.asmx/messaggi_summary
[2019-09-11 11:00:55] ---- FROM  ::1 (WinNT)
[2019-09-11 11:00:55] ---- BROWSER:  Firefox 69.0 (Mozilla/5.0 (Windows NT 10.0; Win64; x64; rv:69.0) Gecko/20100101 Firefox/69.0)
[2019-09-11 11:00:55] ---- CONTENT: {data : "<?xml version='1.0' encoding='utf-8' ?><Request ID='20190911110055640'><General><Token>61111131252223224013000011333653</Token></General><Data></Data></Request>"}
[2019-09-11 11:00:55] 200 - OK - application/json
[2019-09-11 11:00:55] REQUEST POST - https://localhost:8082/public/ws/Config.asmx/All_Get
[2019-09-11 11:00:55] ---- FROM  ::1 (WinNT)
[2019-09-11 11:00:55] ---- BROWSER:  Firefox 69.0 (Mozilla/5.0 (Windows NT 10.0; Win64; x64; rv:69.0) Gecko/20100101 Firefox/69.0)
[2019-09-11 11:00:55] ---- CONTENT: {data : "<?xml version='1.0' encoding='utf-8' ?><Request ID='20190911110055940'><General><Token>61111131252223224013000011333653</Token></General><Data></Data></Request>"}
[2019-09-11 11:00:55] 200 - OK - application/json
[2019-09-11 11:00:56] REQUEST POST - https://localhost:8082/public/ws/Config.asmx/All_Get
[2019-09-11 11:00:56] ---- FROM  ::1 (WinNT)
[2019-09-11 11:00:56] ---- BROWSER:  Firefox 69.0 (Mozilla/5.0 (Windows NT 10.0; Win64; x64; rv:69.0) Gecko/20100101 Firefox/69.0)
[2019-09-11 11:00:56] REQUEST GET - https://localhost:8082/public/ws/Resources.ashx/xml-general
[2019-09-11 11:00:56] ---- FROM  ::1 (WinNT)
[2019-09-11 11:00:56] ---- BROWSER:  Firefox 69.0 (Mozilla/5.0 (Windows NT 10.0; Win64; x64; rv:69.0) Gecko/20100101 Firefox/69.0)
[2019-09-11 11:00:56] REQUEST GET - https://localhost:8082/public/ws/Resources.ashx/xml-general
[2019-09-11 11:00:56] ---- FROM  ::1 (WinNT)
[2019-09-11 11:00:56] ---- BROWSER:  Firefox 69.0 (Mozilla/5.0 (Windows NT 10.0; Win64; x64; rv:69.0) Gecko/20100101 Firefox/69.0)
[2019-09-11 11:00:56] ---- CONTENT: {data : "<?xml version='1.0' encoding='utf-8' ?><Request ID='2019091111005652'><General><Token>61111131252223224013000011333653</Token></General><Data></Data></Request>"}
[2019-09-11 11:00:56] 200 - OK - text/xml
[2019-09-11 11:00:56] 200 - OK - text/xml
[2019-09-11 11:00:56] 200 - OK - application/json
[2019-09-11 11:02:46] REQUEST POST - https://localhost:8082/public/aspx/Home.aspx
[2019-09-11 11:02:46] ---- FROM  ::1 (WinNT)
[2019-09-11 11:02:46] ---- BROWSER:  Firefox 69.0 (Mozilla/5.0 (Windows NT 10.0; Win64; x64; rv:69.0) Gecko/20100101 Firefox/69.0)
[2019-09-11 11:02:46] ---- CONTENT: Token%3D61111131252223224013000011333653%26TokenApiRest%3DeyJ0eXAiOiJKV1QiLCJhbGciOiJIUzI1NiJ9.eyJpc3MiOiJodHRwczpcL1wvd3d3cy5kZXYteWVhcC5pdCIsImlhdCI6MTU0MjI5NDMyMSwibmJmIjoxNTQyMjk0MzIxLCJleHAiOjE1NDI4OTkxMjEsImRhdGEiOnsidXNlciI6eyJpZCI6IjQ0In19fQ.RCP5OeoGASxAyBw1MbMD4BFJAcDM5JIXqYXKBALZcJI%26Logo%3Dhttps%3A%2F%2Flocalhost%3A8082%2Fscratch%2Fpl_logo.png%26Title%3DBusiness+Plan+Test+nr.+2=
[2019-09-11 11:02:46] 302 - Found - text/html
[2019-09-11 11:02:46] REQUEST GET - https://localhost:8082/home/welcome
[2019-09-11 11:02:46] ---- FROM  ::1 (WinNT)
[2019-09-11 11:02:46] ---- BROWSER:  Firefox 69.0 (Mozilla/5.0 (Windows NT 10.0; Win64; x64; rv:69.0) Gecko/20100101 Firefox/69.0)
[2019-09-11 11:02:46] 200 - OK - text/html
[2019-09-11 11:02:48] REQUEST POST - https://localhost:8082/public/ws/General.asmx/Set
[2019-09-11 11:02:48] ---- FROM  ::1 (WinNT)
[2019-09-11 11:02:48] ---- BROWSER:  Firefox 69.0 (Mozilla/5.0 (Windows NT 10.0; Win64; x64; rv:69.0) Gecko/20100101 Firefox/69.0)
[2019-09-11 11:02:48] ---- CONTENT: {data : "<?xml version='1.0' encoding='utf-8' ?><Request ID='2019091111024846'><General><Token>61111131252223224013000011333653</Token></General><Data><Nome>Business Plan Test nr. 2</Nome><Logo>https%3A%2F%2Flocalhost%3A8082%2Fscratch%2Fpl_logo.png</Logo></Data></Request>"}
[2019-09-11 11:02:48] 200 - OK - application/json
[2019-09-11 11:02:48] REQUEST POST - https://localhost:8082/public/ws/Config.asmx/Economics_Get
[2019-09-11 11:02:48] ---- FROM  ::1 (WinNT)
[2019-09-11 11:02:48] ---- BROWSER:  Firefox 69.0 (Mozilla/5.0 (Windows NT 10.0; Win64; x64; rv:69.0) Gecko/20100101 Firefox/69.0)
[2019-09-11 11:02:48] ---- CONTENT: {data : "<?xml version='1.0' encoding='utf-8' ?><Request ID='2019091111024889'><General><Token>61111131252223224013000011333653</Token></General><Data></Data></Request>"}
[2019-09-11 11:02:48] 200 - OK - application/json
[2019-09-11 11:02:48] REQUEST POST - https://localhost:8082/public/ws/Config.asmx/All_Get
[2019-09-11 11:02:48] ---- FROM  ::1 (WinNT)
[2019-09-11 11:02:48] ---- BROWSER:  Firefox 69.0 (Mozilla/5.0 (Windows NT 10.0; Win64; x64; rv:69.0) Gecko/20100101 Firefox/69.0)
[2019-09-11 11:02:48] ---- CONTENT: {data : "<?xml version='1.0' encoding='utf-8' ?><Request ID='20190911110248307'><General><Token>61111131252223224013000011333653</Token></General><Data></Data></Request>"}
[2019-09-11 11:02:48] 200 - OK - application/json
[2019-09-11 11:02:48] REQUEST POST - https://localhost:8082/public/ws/Economics.asmx/messaggi_summary
[2019-09-11 11:02:48] ---- FROM  ::1 (WinNT)
[2019-09-11 11:02:48] ---- BROWSER:  Firefox 69.0 (Mozilla/5.0 (Windows NT 10.0; Win64; x64; rv:69.0) Gecko/20100101 Firefox/69.0)
[2019-09-11 11:02:48] ---- CONTENT: {data : "<?xml version='1.0' encoding='utf-8' ?><Request ID='20190911110248368'><General><Token>61111131252223224013000011333653</Token></General><Data></Data></Request>"}
[2019-09-11 11:02:48] 200 - OK - application/json
[2019-09-11 11:02:48] REQUEST POST - https://localhost:8082/public/ws/Config.asmx/All_Get
[2019-09-11 11:02:48] ---- FROM  ::1 (WinNT)
[2019-09-11 11:02:48] ---- BROWSER:  Firefox 69.0 (Mozilla/5.0 (Windows NT 10.0; Win64; x64; rv:69.0) Gecko/20100101 Firefox/69.0)
[2019-09-11 11:02:48] ---- CONTENT: {data : "<?xml version='1.0' encoding='utf-8' ?><Request ID='20190911110248457'><General><Token>61111131252223224013000011333653</Token></General><Data></Data></Request>"}
[2019-09-11 11:02:48] 200 - OK - application/json
[2019-09-11 11:02:48] REQUEST POST - https://localhost:8082/public/ws/Config.asmx/All_Get
[2019-09-11 11:02:48] ---- FROM  ::1 (WinNT)
[2019-09-11 11:02:48] ---- BROWSER:  Firefox 69.0 (Mozilla/5.0 (Windows NT 10.0; Win64; x64; rv:69.0) Gecko/20100101 Firefox/69.0)
[2019-09-11 11:02:48] ---- CONTENT: {data : "<?xml version='1.0' encoding='utf-8' ?><Request ID='20190911110248557'><General><Token>61111131252223224013000011333653</Token></General><Data></Data></Request>"}
[2019-09-11 11:02:48] 200 - OK - application/json
[2019-09-11 11:02:50] REQUEST GET - https://localhost:8082/settings/settings
[2019-09-11 11:02:50] ---- FROM  ::1 (WinNT)
[2019-09-11 11:02:50] ---- BROWSER:  Firefox 69.0 (Mozilla/5.0 (Windows NT 10.0; Win64; x64; rv:69.0) Gecko/20100101 Firefox/69.0)
[2019-09-11 11:02:50] 200 - OK - text/html
[2019-09-11 11:02:51] REQUEST POST - https://localhost:8082/public/ws/General.asmx/Set
[2019-09-11 11:02:51] ---- FROM  ::1 (WinNT)
[2019-09-11 11:02:51] ---- BROWSER:  Firefox 69.0 (Mozilla/5.0 (Windows NT 10.0; Win64; x64; rv:69.0) Gecko/20100101 Firefox/69.0)
[2019-09-11 11:02:51] ---- CONTENT: {data : "<?xml version='1.0' encoding='utf-8' ?><Request ID='20190911110251306'><General><Token>61111131252223224013000011333653</Token></General><Data><Nome></Nome><Logo>https%3A%2F%2Flocalhost%3A8082%2Fscratch%2Fpl_logo.png</Logo></Data></Request>"}
[2019-09-11 11:02:51] 200 - OK - application/json
[2019-09-11 11:02:51] REQUEST POST - https://localhost:8082/public/ws/Config.asmx/General_Get
[2019-09-11 11:02:51] ---- FROM  ::1 (WinNT)
[2019-09-11 11:02:51] ---- BROWSER:  Firefox 69.0 (Mozilla/5.0 (Windows NT 10.0; Win64; x64; rv:69.0) Gecko/20100101 Firefox/69.0)
[2019-09-11 11:02:51] ---- CONTENT: {data : "<?xml version='1.0' encoding='utf-8' ?><Request ID='20190911110251333'><General><Token>61111131252223224013000011333653</Token></General><Data></Data></Request>"}
[2019-09-11 11:02:51] 200 - OK - application/json
[2019-09-11 11:02:51] REQUEST POST - https://localhost:8082/public/ws/Config.asmx/All_Get
[2019-09-11 11:02:51] ---- FROM  ::1 (WinNT)
[2019-09-11 11:02:51] ---- BROWSER:  Firefox 69.0 (Mozilla/5.0 (Windows NT 10.0; Win64; x64; rv:69.0) Gecko/20100101 Firefox/69.0)
[2019-09-11 11:02:51] ---- CONTENT: {data : "<?xml version='1.0' encoding='utf-8' ?><Request ID='20190911110251414'><General><Token>61111131252223224013000011333653</Token></General><Data></Data></Request>"}
[2019-09-11 11:02:51] 200 - OK - application/json
[2019-09-11 11:02:51] REQUEST POST - https://localhost:8082/public/ws/Economics.asmx/messaggi_summary
[2019-09-11 11:02:51] ---- FROM  ::1 (WinNT)
[2019-09-11 11:02:51] ---- BROWSER:  Firefox 69.0 (Mozilla/5.0 (Windows NT 10.0; Win64; x64; rv:69.0) Gecko/20100101 Firefox/69.0)
[2019-09-11 11:02:51] ---- CONTENT: {data : "<?xml version='1.0' encoding='utf-8' ?><Request ID='20190911110251449'><General><Token>61111131252223224013000011333653</Token></General><Data></Data></Request>"}
[2019-09-11 11:02:51] 200 - OK - application/json
[2019-09-11 11:02:51] REQUEST POST - https://localhost:8082/public/ws/Config.asmx/All_Get
[2019-09-11 11:02:51] ---- FROM  ::1 (WinNT)
[2019-09-11 11:02:51] ---- BROWSER:  Firefox 69.0 (Mozilla/5.0 (Windows NT 10.0; Win64; x64; rv:69.0) Gecko/20100101 Firefox/69.0)
[2019-09-11 11:02:51] ---- CONTENT: {data : "<?xml version='1.0' encoding='utf-8' ?><Request ID='20190911110251518'><General><Token>61111131252223224013000011333653</Token></General><Data></Data></Request>"}
[2019-09-11 11:02:51] 200 - OK - application/json
[2019-09-11 11:02:51] REQUEST POST - https://localhost:8082/public/ws/Config.asmx/All_Get
[2019-09-11 11:02:51] ---- FROM  ::1 (WinNT)
[2019-09-11 11:02:51] ---- BROWSER:  Firefox 69.0 (Mozilla/5.0 (Windows NT 10.0; Win64; x64; rv:69.0) Gecko/20100101 Firefox/69.0)
[2019-09-11 11:02:51] REQUEST GET - https://localhost:8082/public/ws/Resources.ashx/xml-general
[2019-09-11 11:02:51] ---- FROM  ::1 (WinNT)
[2019-09-11 11:02:51] ---- BROWSER:  Firefox 69.0 (Mozilla/5.0 (Windows NT 10.0; Win64; x64; rv:69.0) Gecko/20100101 Firefox/69.0)
[2019-09-11 11:02:51] REQUEST GET - https://localhost:8082/public/ws/Resources.ashx/xml-general
[2019-09-11 11:02:51] ---- FROM  ::1 (WinNT)
[2019-09-11 11:02:51] ---- CONTENT: {data : "<?xml version='1.0' encoding='utf-8' ?><Request ID='20190911110251914'><General><Token>61111131252223224013000011333653</Token></General><Data></Data></Request>"}
[2019-09-11 11:02:51] ---- BROWSER:  Firefox 69.0 (Mozilla/5.0 (Windows NT 10.0; Win64; x64; rv:69.0) Gecko/20100101 Firefox/69.0)
[2019-09-11 11:02:51] 200 - OK - text/xml
[2019-09-11 11:02:51] 200 - OK - text/xml
[2019-09-11 11:02:51] 200 - OK - application/json
[2019-09-11 11:03:15] REQUEST GET - https://localhost:8082/qa/qualitativa
[2019-09-11 11:03:15] ---- FROM  ::1 (WinNT)
[2019-09-11 11:03:15] ---- BROWSER:  Firefox 69.0 (Mozilla/5.0 (Windows NT 10.0; Win64; x64; rv:69.0) Gecko/20100101 Firefox/69.0)
[2019-09-11 11:03:15] 200 - OK - text/html
[2019-09-11 11:03:16] REQUEST POST - https://localhost:8082/public/ws/QAnalysis.asmx/Get
[2019-09-11 11:03:16] ---- FROM  ::1 (WinNT)
[2019-09-11 11:03:16] ---- BROWSER:  Firefox 69.0 (Mozilla/5.0 (Windows NT 10.0; Win64; x64; rv:69.0) Gecko/20100101 Firefox/69.0)
[2019-09-11 11:03:16] ---- CONTENT: {data : "<?xml version='1.0' encoding='utf-8' ?><Request ID='20190911110316622'><General><Token>61111131252223224013000011333653</Token></General><Data></Data></Request>"}
[2019-09-11 11:03:16] 200 - OK - application/json
[2019-09-11 11:03:16] REQUEST POST - https://localhost:8082/public/ws/Config.asmx/All_Get
[2019-09-11 11:03:16] ---- FROM  ::1 (WinNT)
[2019-09-11 11:03:16] ---- BROWSER:  Firefox 69.0 (Mozilla/5.0 (Windows NT 10.0; Win64; x64; rv:69.0) Gecko/20100101 Firefox/69.0)
[2019-09-11 11:03:16] ---- CONTENT: {data : "<?xml version='1.0' encoding='utf-8' ?><Request ID='20190911110316812'><General><Token>61111131252223224013000011333653</Token></General><Data></Data></Request>"}
[2019-09-11 11:03:16] 200 - OK - application/json
[2019-09-11 11:03:16] REQUEST POST - https://localhost:8082/public/ws/Economics.asmx/messaggi_summary
[2019-09-11 11:03:16] ---- FROM  ::1 (WinNT)
[2019-09-11 11:03:16] ---- BROWSER:  Firefox 69.0 (Mozilla/5.0 (Windows NT 10.0; Win64; x64; rv:69.0) Gecko/20100101 Firefox/69.0)
[2019-09-11 11:03:16] ---- CONTENT: {data : "<?xml version='1.0' encoding='utf-8' ?><Request ID='20190911110316862'><General><Token>61111131252223224013000011333653</Token></General><Data></Data></Request>"}
[2019-09-11 11:03:16] 200 - OK - application/json
[2019-09-11 11:03:16] REQUEST POST - https://localhost:8082/public/ws/Config.asmx/All_Get
[2019-09-11 11:03:16] ---- FROM  ::1 (WinNT)
[2019-09-11 11:03:16] ---- BROWSER:  Firefox 69.0 (Mozilla/5.0 (Windows NT 10.0; Win64; x64; rv:69.0) Gecko/20100101 Firefox/69.0)
[2019-09-11 11:03:16] ---- CONTENT: {data : "<?xml version='1.0' encoding='utf-8' ?><Request ID='20190911110316940'><General><Token>61111131252223224013000011333653</Token></General><Data></Data></Request>"}
[2019-09-11 11:03:16] 200 - OK - application/json
[2019-09-11 11:03:17] REQUEST POST - https://localhost:8082/public/ws/Config.asmx/All_Get
[2019-09-11 11:03:17] ---- FROM  ::1 (WinNT)
[2019-09-11 11:03:17] ---- BROWSER:  Firefox 69.0 (Mozilla/5.0 (Windows NT 10.0; Win64; x64; rv:69.0) Gecko/20100101 Firefox/69.0)
[2019-09-11 11:03:17] ---- CONTENT: {data : "<?xml version='1.0' encoding='utf-8' ?><Request ID='20190911110317105'><General><Token>61111131252223224013000011333653</Token></General><Data></Data></Request>"}
[2019-09-11 11:03:17] REQUEST GET - https://localhost:8082/public/ws/Resources.ashx/xml-qa
[2019-09-11 11:03:17] ---- FROM  ::1 (WinNT)
[2019-09-11 11:03:17] ---- BROWSER:  Firefox 69.0 (Mozilla/5.0 (Windows NT 10.0; Win64; x64; rv:69.0) Gecko/20100101 Firefox/69.0)
[2019-09-11 11:03:17] REQUEST GET - https://localhost:8082/public/ws/Resources.ashx/xml-qa
[2019-09-11 11:03:17] ---- FROM  ::1 (WinNT)
[2019-09-11 11:03:17] ---- BROWSER:  Firefox 69.0 (Mozilla/5.0 (Windows NT 10.0; Win64; x64; rv:69.0) Gecko/20100101 Firefox/69.0)
[2019-09-11 11:03:17] REQUEST GET - https://localhost:8082/public/ws/Resources.ashx/xml-qa
[2019-09-11 11:03:17] 200 - OK - text/xml
[2019-09-11 11:03:17] REQUEST GET - https://localhost:8082/public/ws/Resources.ashx/xml-qa
[2019-09-11 11:03:17] ---- FROM  ::1 (WinNT)
[2019-09-11 11:03:17] 200 - OK - application/json
[2019-09-11 11:03:17] 200 - OK - text/xml
[2019-09-11 11:03:17] REQUEST GET - https://localhost:8082/public/ws/Resources.ashx/xml-qa
[2019-09-11 11:03:17] REQUEST GET - https://localhost:8082/public/ws/Resources.ashx/xml-qa
[2019-09-11 11:03:17] ---- FROM  ::1 (WinNT)
[2019-09-11 11:03:17] ---- BROWSER:  Firefox 69.0 (Mozilla/5.0 (Windows NT 10.0; Win64; x64; rv:69.0) Gecko/20100101 Firefox/69.0)
[2019-09-11 11:03:17] ---- FROM  ::1 (WinNT)
[2019-09-11 11:03:17] ---- BROWSER:  Firefox 69.0 (Mozilla/5.0 (Windows NT 10.0; Win64; x64; rv:69.0) Gecko/20100101 Firefox/69.0)
[2019-09-11 11:03:17] 200 - OK - text/xml
[2019-09-11 11:03:17] REQUEST GET - https://localhost:8082/public/ws/Resources.ashx/xml-qa
[2019-09-11 11:03:17] ---- BROWSER:  Firefox 69.0 (Mozilla/5.0 (Windows NT 10.0; Win64; x64; rv:69.0) Gecko/20100101 Firefox/69.0)
[2019-09-11 11:03:17] 200 - OK - text/xml
[2019-09-11 11:03:17] ---- FROM  ::1 (WinNT)
[2019-09-11 11:03:17] ---- BROWSER:  Firefox 69.0 (Mozilla/5.0 (Windows NT 10.0; Win64; x64; rv:69.0) Gecko/20100101 Firefox/69.0)
[2019-09-11 11:03:17] ---- FROM  ::1 (WinNT)
[2019-09-11 11:03:17] REQUEST GET - https://localhost:8082/public/ws/Resources.ashx/xml-qa
[2019-09-11 11:03:17] REQUEST GET - https://localhost:8082/public/ws/Resources.ashx/xml-qa
[2019-09-11 11:03:17] 200 - OK - text/xml
[2019-09-11 11:03:17] ---- FROM  ::1 (WinNT)
[2019-09-11 11:03:17] ---- BROWSER:  Firefox 69.0 (Mozilla/5.0 (Windows NT 10.0; Win64; x64; rv:69.0) Gecko/20100101 Firefox/69.0)
[2019-09-11 11:03:17] REQUEST GET - https://localhost:8082/public/ws/Resources.ashx/xml-qa
[2019-09-11 11:03:17] REQUEST GET - https://localhost:8082/public/ws/Resources.ashx/xml-qa
[2019-09-11 11:03:17] ---- FROM  ::1 (WinNT)
[2019-09-11 11:03:17] ---- BROWSER:  Firefox 69.0 (Mozilla/5.0 (Windows NT 10.0; Win64; x64; rv:69.0) Gecko/20100101 Firefox/69.0)
[2019-09-11 11:03:17] 200 - OK - text/xml
[2019-09-11 11:03:17] ---- BROWSER:  Firefox 69.0 (Mozilla/5.0 (Windows NT 10.0; Win64; x64; rv:69.0) Gecko/20100101 Firefox/69.0)
[2019-09-11 11:03:17] ---- FROM  ::1 (WinNT)
[2019-09-11 11:03:17] ---- FROM  ::1 (WinNT)
[2019-09-11 11:03:17] 200 - OK - text/xml
[2019-09-11 11:03:17] 200 - OK - text/xml
[2019-09-11 11:03:17] REQUEST GET - https://localhost:8082/public/ws/Resources.ashx/xml-qa
[2019-09-11 11:03:17] 200 - OK - text/xml
[2019-09-11 11:03:17] ---- BROWSER:  Firefox 69.0 (Mozilla/5.0 (Windows NT 10.0; Win64; x64; rv:69.0) Gecko/20100101 Firefox/69.0)
[2019-09-11 11:03:17] REQUEST GET - https://localhost:8082/public/ws/Resources.ashx/xml-qa
[2019-09-11 11:03:17] ---- BROWSER:  Firefox 69.0 (Mozilla/5.0 (Windows NT 10.0; Win64; x64; rv:69.0) Gecko/20100101 Firefox/69.0)
[2019-09-11 11:03:17] ---- FROM  ::1 (WinNT)
[2019-09-11 11:03:17] ---- FROM  ::1 (WinNT)
[2019-09-11 11:03:17] ---- BROWSER:  Firefox 69.0 (Mozilla/5.0 (Windows NT 10.0; Win64; x64; rv:69.0) Gecko/20100101 Firefox/69.0)
[2019-09-11 11:03:17] REQUEST GET - https://localhost:8082/public/ws/Resources.ashx/xml-qa
[2019-09-11 11:03:17] REQUEST GET - https://localhost:8082/public/ws/Resources.ashx/xml-qa
[2019-09-11 11:03:17] 200 - OK - text/xml
[2019-09-11 11:03:17] ---- FROM  ::1 (WinNT)
[2019-09-11 11:03:17] 200 - OK - text/xml
[2019-09-11 11:03:17] 200 - OK - text/xml
[2019-09-11 11:03:17] ---- BROWSER:  Firefox 69.0 (Mozilla/5.0 (Windows NT 10.0; Win64; x64; rv:69.0) Gecko/20100101 Firefox/69.0)
[2019-09-11 11:03:17] REQUEST GET - https://localhost:8082/public/ws/Resources.ashx/xml-qa
[2019-09-11 11:03:17] ---- FROM  ::1 (WinNT)
[2019-09-11 11:03:17] REQUEST GET - https://localhost:8082/public/ws/Resources.ashx/xml-qa
[2019-09-11 11:03:17] ---- FROM  ::1 (WinNT)
[2019-09-11 11:03:17] ---- BROWSER:  Firefox 69.0 (Mozilla/5.0 (Windows NT 10.0; Win64; x64; rv:69.0) Gecko/20100101 Firefox/69.0)
[2019-09-11 11:03:17] REQUEST GET - https://localhost:8082/public/ws/Resources.ashx/xml-qa
[2019-09-11 11:03:17] ---- BROWSER:  Firefox 69.0 (Mozilla/5.0 (Windows NT 10.0; Win64; x64; rv:69.0) Gecko/20100101 Firefox/69.0)
[2019-09-11 11:03:17] 200 - OK - text/xml
[2019-09-11 11:03:17] ---- BROWSER:  Firefox 69.0 (Mozilla/5.0 (Windows NT 10.0; Win64; x64; rv:69.0) Gecko/20100101 Firefox/69.0)
[2019-09-11 11:03:17] 200 - OK - text/xml
[2019-09-11 11:03:17] 200 - OK - text/xml
[2019-09-11 11:03:17] ---- FROM  ::1 (WinNT)
[2019-09-11 11:03:17] ---- FROM  ::1 (WinNT)
[2019-09-11 11:03:17] ---- BROWSER:  Firefox 69.0 (Mozilla/5.0 (Windows NT 10.0; Win64; x64; rv:69.0) Gecko/20100101 Firefox/69.0)
[2019-09-11 11:03:17] 200 - OK - text/xml
[2019-09-11 11:03:17] REQUEST GET - https://localhost:8082/public/ws/Resources.ashx/xml-qa
[2019-09-11 11:03:17] REQUEST GET - https://localhost:8082/public/ws/Resources.ashx/xml-qa
[2019-09-11 11:03:17] ---- FROM  ::1 (WinNT)
[2019-09-11 11:03:17] REQUEST GET - https://localhost:8082/public/ws/Resources.ashx/xml-qa
[2019-09-11 11:03:17] ---- FROM  ::1 (WinNT)
[2019-09-11 11:03:17] ---- BROWSER:  Firefox 69.0 (Mozilla/5.0 (Windows NT 10.0; Win64; x64; rv:69.0) Gecko/20100101 Firefox/69.0)
[2019-09-11 11:03:17] REQUEST GET - https://localhost:8082/public/ws/Resources.ashx/xml-qa
[2019-09-11 11:03:17] ---- FROM  ::1 (WinNT)
[2019-09-11 11:03:17] ---- BROWSER:  Firefox 69.0 (Mozilla/5.0 (Windows NT 10.0; Win64; x64; rv:69.0) Gecko/20100101 Firefox/69.0)
[2019-09-11 11:03:17] ---- BROWSER:  Firefox 69.0 (Mozilla/5.0 (Windows NT 10.0; Win64; x64; rv:69.0) Gecko/20100101 Firefox/69.0)
[2019-09-11 11:03:17] 200 - OK - text/xml
[2019-09-11 11:03:17] 200 - OK - text/xml
[2019-09-11 11:03:17] 200 - OK - text/xml
[2019-09-11 11:03:17] ---- BROWSER:  Firefox 69.0 (Mozilla/5.0 (Windows NT 10.0; Win64; x64; rv:69.0) Gecko/20100101 Firefox/69.0)
[2019-09-11 11:03:17] 200 - OK - text/xml
[2019-09-11 11:03:17] REQUEST GET - https://localhost:8082/public/ws/Resources.ashx/xml-qa
[2019-09-11 11:03:17] ---- FROM  ::1 (WinNT)
[2019-09-11 11:03:17] REQUEST GET - https://localhost:8082/public/ws/Resources.ashx/xml-qa
[2019-09-11 11:03:17] ---- FROM  ::1 (WinNT)
[2019-09-11 11:03:17] ---- FROM  ::1 (WinNT)
[2019-09-11 11:03:17] REQUEST GET - https://localhost:8082/public/ws/Resources.ashx/xml-qa
[2019-09-11 11:03:17] ---- FROM  ::1 (WinNT)
[2019-09-11 11:03:17] ---- BROWSER:  Firefox 69.0 (Mozilla/5.0 (Windows NT 10.0; Win64; x64; rv:69.0) Gecko/20100101 Firefox/69.0)
[2019-09-11 11:03:17] REQUEST GET - https://localhost:8082/public/ws/Resources.ashx/xml-qa
[2019-09-11 11:03:17] ---- BROWSER:  Firefox 69.0 (Mozilla/5.0 (Windows NT 10.0; Win64; x64; rv:69.0) Gecko/20100101 Firefox/69.0)
[2019-09-11 11:03:17] 200 - OK - text/xml
[2019-09-11 11:03:17] ---- BROWSER:  Firefox 69.0 (Mozilla/5.0 (Windows NT 10.0; Win64; x64; rv:69.0) Gecko/20100101 Firefox/69.0)
[2019-09-11 11:03:17] 200 - OK - text/xml
[2019-09-11 11:03:17] ---- BROWSER:  Firefox 69.0 (Mozilla/5.0 (Windows NT 10.0; Win64; x64; rv:69.0) Gecko/20100101 Firefox/69.0)
[2019-09-11 11:03:17] 200 - OK - text/xml
[2019-09-11 11:03:17] ---- FROM  ::1 (WinNT)
[2019-09-11 11:03:17] ---- BROWSER:  Firefox 69.0 (Mozilla/5.0 (Windows NT 10.0; Win64; x64; rv:69.0) Gecko/20100101 Firefox/69.0)
[2019-09-11 11:03:17] REQUEST GET - https://localhost:8082/public/ws/Resources.ashx/xml-qa
[2019-09-11 11:03:17] REQUEST GET - https://localhost:8082/public/ws/Resources.ashx/xml-qa
[2019-09-11 11:03:17] ---- FROM  ::1 (WinNT)
[2019-09-11 11:03:17] REQUEST GET - https://localhost:8082/public/ws/Resources.ashx/xml-qa
[2019-09-11 11:03:17] ---- FROM  ::1 (WinNT)
[2019-09-11 11:03:17] 200 - OK - text/xml
[2019-09-11 11:03:17] 200 - OK - text/xml
[2019-09-11 11:03:17] REQUEST GET - https://localhost:8082/public/ws/Resources.ashx/xml-qa
[2019-09-11 11:03:17] 200 - OK - text/xml
[2019-09-11 11:03:17] ---- FROM  ::1 (WinNT)
[2019-09-11 11:03:17] ---- BROWSER:  Firefox 69.0 (Mozilla/5.0 (Windows NT 10.0; Win64; x64; rv:69.0) Gecko/20100101 Firefox/69.0)
[2019-09-11 11:03:17] ---- BROWSER:  Firefox 69.0 (Mozilla/5.0 (Windows NT 10.0; Win64; x64; rv:69.0) Gecko/20100101 Firefox/69.0)
[2019-09-11 11:03:17] ---- BROWSER:  Firefox 69.0 (Mozilla/5.0 (Windows NT 10.0; Win64; x64; rv:69.0) Gecko/20100101 Firefox/69.0)
[2019-09-11 11:03:17] 200 - OK - text/xml
[2019-09-11 11:03:17] REQUEST GET - https://localhost:8082/public/ws/Resources.ashx/xml-qa
[2019-09-11 11:03:17] ---- FROM  ::1 (WinNT)
[2019-09-11 11:03:17] REQUEST GET - https://localhost:8082/public/ws/Resources.ashx/xml-qa
[2019-09-11 11:03:17] ---- BROWSER:  Firefox 69.0 (Mozilla/5.0 (Windows NT 10.0; Win64; x64; rv:69.0) Gecko/20100101 Firefox/69.0)
[2019-09-11 11:03:17] ---- FROM  ::1 (WinNT)
[2019-09-11 11:03:17] ---- BROWSER:  Firefox 69.0 (Mozilla/5.0 (Windows NT 10.0; Win64; x64; rv:69.0) Gecko/20100101 Firefox/69.0)
[2019-09-11 11:03:17] 200 - OK - text/xml
[2019-09-11 11:03:17] REQUEST GET - https://localhost:8082/public/ws/Resources.ashx/xml-qa
[2019-09-11 11:03:17] 200 - OK - text/xml
[2019-09-11 11:03:17] 200 - OK - text/xml
[2019-09-11 11:03:17] ---- FROM  ::1 (WinNT)
[2019-09-11 11:03:17] ---- BROWSER:  Firefox 69.0 (Mozilla/5.0 (Windows NT 10.0; Win64; x64; rv:69.0) Gecko/20100101 Firefox/69.0)
[2019-09-11 11:03:17] REQUEST GET - https://localhost:8082/public/ws/Resources.ashx/xml-qa
[2019-09-11 11:03:17] REQUEST GET - https://localhost:8082/public/ws/Resources.ashx/xml-qa
[2019-09-11 11:03:17] ---- FROM  ::1 (WinNT)
[2019-09-11 11:03:17] ---- FROM  ::1 (WinNT)
[2019-09-11 11:03:17] ---- BROWSER:  Firefox 69.0 (Mozilla/5.0 (Windows NT 10.0; Win64; x64; rv:69.0) Gecko/20100101 Firefox/69.0)
[2019-09-11 11:03:17] ---- FROM  ::1 (WinNT)
[2019-09-11 11:03:17] ---- BROWSER:  Firefox 69.0 (Mozilla/5.0 (Windows NT 10.0; Win64; x64; rv:69.0) Gecko/20100101 Firefox/69.0)
[2019-09-11 11:03:17] 200 - OK - text/xml
[2019-09-11 11:03:17] 200 - OK - text/xml
[2019-09-11 11:03:17] 200 - OK - text/xml
[2019-09-11 11:03:17] ---- BROWSER:  Firefox 69.0 (Mozilla/5.0 (Windows NT 10.0; Win64; x64; rv:69.0) Gecko/20100101 Firefox/69.0)
[2019-09-11 11:03:17] 200 - OK - text/xml
[2019-09-11 11:03:17] 200 - OK - text/xml
