[2019-09-11 12:19:47] REQUEST GET - https://localhost:8082/home/welcome
[2019-09-11 12:19:47] ---- FROM  ::1 (WinNT)
[2019-09-11 12:19:47] ---- BROWSER:  Chrome 76.0 (Mozilla/5.0 (Windows NT 10.0; Win64; x64) AppleWebKit/537.36 (KHTML, like Gecko) Chrome/76.0.3809.132 Safari/537.36)
[2019-09-11 12:19:47] 302 - Found - text/html
[2019-09-11 12:19:47] REQUEST GET - https://localhost:8082/public/aspx/Home.aspx?ReturnUrl=%2fhome%2fwelcome
[2019-09-11 12:19:47] ---- FROM  ::1 (WinNT)
[2019-09-11 12:19:47] ---- BROWSER:  Chrome 76.0 (Mozilla/5.0 (Windows NT 10.0; Win64; x64) AppleWebKit/537.36 (KHTML, like Gecko) Chrome/76.0.3809.132 Safari/537.36)
[2019-09-11 12:19:47] 200 - OK - text/html
[2019-09-11 12:19:51] REQUEST POST - https://localhost:8082/public/aspx/Home.aspx
[2019-09-11 12:19:51] ---- FROM  ::1 (WinNT)
[2019-09-11 12:19:51] ---- BROWSER:  Chrome 76.0 (Mozilla/5.0 (Windows NT 10.0; Win64; x64) AppleWebKit/537.36 (KHTML, like Gecko) Chrome/76.0.3809.132 Safari/537.36)
[2019-09-11 12:19:51] ---- CONTENT: Token%3D61111131252223224013000011333653%26TokenApiRest%3DeyJ0eXAiOiJKV1QiLCJhbGciOiJIUzI1NiJ9.eyJpc3MiOiJodHRwczpcL1wvd3d3cy5kZXYteWVhcC5pdCIsImlhdCI6MTU0MjI5NDMyMSwibmJmIjoxNTQyMjk0MzIxLCJleHAiOjE1NDI4OTkxMjEsImRhdGEiOnsidXNlciI6eyJpZCI6IjQ0In19fQ.RCP5OeoGASxAyBw1MbMD4BFJAcDM5JIXqYXKBALZcJI%26Logo%3Dhttps%3A%2F%2Flocalhost%3A8082%2Fscratch%2Fpl_logo.png%26Title%3DBusiness+Plan+Test+nr.+2=
[2019-09-11 12:19:51] 302 - Found - text/html
[2019-09-11 12:19:51] REQUEST GET - https://localhost:8082/home/welcome
[2019-09-11 12:19:51] ---- FROM  ::1 (WinNT)
[2019-09-11 12:19:51] ---- BROWSER:  Chrome 76.0 (Mozilla/5.0 (Windows NT 10.0; Win64; x64) AppleWebKit/537.36 (KHTML, like Gecko) Chrome/76.0.3809.132 Safari/537.36)
[2019-09-11 12:19:51] 200 - OK - text/html
[2019-09-11 12:19:51] REQUEST POST - https://localhost:8082/public/ws/General.asmx/Set
[2019-09-11 12:19:51] ---- FROM  ::1 (WinNT)
[2019-09-11 12:19:51] ---- BROWSER:  Chrome 76.0 (Mozilla/5.0 (Windows NT 10.0; Win64; x64) AppleWebKit/537.36 (KHTML, like Gecko) Chrome/76.0.3809.132 Safari/537.36)
[2019-09-11 12:19:51] ---- CONTENT: {data : "<?xml version='1.0' encoding='utf-8' ?><Request ID='20190911121951517'><General><Token>61111131252223224013000011333653</Token></General><Data><Nome>Business Plan Test nr. 2</Nome><Logo>https%3A%2F%2Flocalhost%3A8082%2Fscratch%2Fpl_logo.png</Logo></Data></Request>"}
[2019-09-11 12:19:51] 200 - OK - application/json
[2019-09-11 12:19:51] REQUEST POST - https://localhost:8082/public/ws/Config.asmx/Economics_Get
[2019-09-11 12:19:51] ---- FROM  ::1 (WinNT)
[2019-09-11 12:19:51] ---- BROWSER:  Chrome 76.0 (Mozilla/5.0 (Windows NT 10.0; Win64; x64) AppleWebKit/537.36 (KHTML, like Gecko) Chrome/76.0.3809.132 Safari/537.36)
[2019-09-11 12:19:51] ---- CONTENT: {data : "<?xml version='1.0' encoding='utf-8' ?><Request ID='20190911121951755'><General><Token>61111131252223224013000011333653</Token></General><Data></Data></Request>"}
[2019-09-11 12:19:51] 200 - OK - application/json
[2019-09-11 12:19:51] REQUEST POST - https://localhost:8082/public/ws/Config.asmx/All_Get
[2019-09-11 12:19:51] ---- FROM  ::1 (WinNT)
[2019-09-11 12:19:51] ---- BROWSER:  Chrome 76.0 (Mozilla/5.0 (Windows NT 10.0; Win64; x64) AppleWebKit/537.36 (KHTML, like Gecko) Chrome/76.0.3809.132 Safari/537.36)
[2019-09-11 12:19:51] ---- CONTENT: {data : "<?xml version='1.0' encoding='utf-8' ?><Request ID='20190911121951829'><General><Token>61111131252223224013000011333653</Token></General><Data></Data></Request>"}
[2019-09-11 12:19:51] REQUEST POST - https://localhost:8082/public/ws/Economics.asmx/messaggi_summary
[2019-09-11 12:19:51] ---- FROM  ::1 (WinNT)
[2019-09-11 12:19:51] ---- BROWSER:  Chrome 76.0 (Mozilla/5.0 (Windows NT 10.0; Win64; x64) AppleWebKit/537.36 (KHTML, like Gecko) Chrome/76.0.3809.132 Safari/537.36)
[2019-09-11 12:19:51] ---- CONTENT: {data : "<?xml version='1.0' encoding='utf-8' ?><Request ID='20190911121951870'><General><Token>61111131252223224013000011333653</Token></General><Data></Data></Request>"}
[2019-09-11 12:19:51] REQUEST POST - https://localhost:8082/public/ws/Config.asmx/All_Get
[2019-09-11 12:19:51] ---- FROM  ::1 (WinNT)
[2019-09-11 12:19:51] ---- BROWSER:  Chrome 76.0 (Mozilla/5.0 (Windows NT 10.0; Win64; x64) AppleWebKit/537.36 (KHTML, like Gecko) Chrome/76.0.3809.132 Safari/537.36)
[2019-09-11 12:19:51] ---- CONTENT: {data : "<?xml version='1.0' encoding='utf-8' ?><Request ID='20190911121951948'><General><Token>61111131252223224013000011333653</Token></General><Data></Data></Request>"}
[2019-09-11 12:19:51] 200 - OK - application/json
[2019-09-11 12:19:51] 200 - OK - application/json
[2019-09-11 12:19:51] 200 - OK - application/json
[2019-09-11 12:19:51] REQUEST POST - https://localhost:8082/public/ws/Config.asmx/All_Get
[2019-09-11 12:19:51] ---- FROM  ::1 (WinNT)
[2019-09-11 12:19:51] ---- BROWSER:  Chrome 76.0 (Mozilla/5.0 (Windows NT 10.0; Win64; x64) AppleWebKit/537.36 (KHTML, like Gecko) Chrome/76.0.3809.132 Safari/537.36)
[2019-09-11 12:19:51] ---- CONTENT: {data : "<?xml version='1.0' encoding='utf-8' ?><Request ID='20190911121951966'><General><Token>61111131252223224013000011333653</Token></General><Data></Data></Request>"}
[2019-09-11 12:19:51] 200 - OK - application/json
