[2019-09-06 17:18:22] REQUEST POST - https://localhost:8082/public/aspx/Home.aspx
[2019-09-06 17:18:22] ---- FROM  ::1 (WinNT)
[2019-09-06 17:18:22] ---- BROWSER:  Chrome 76.0 (Mozilla/5.0 (Windows NT 10.0; Win64; x64) AppleWebKit/537.36 (KHTML, like Gecko) Chrome/76.0.3809.132 Safari/537.36)
[2019-09-06 17:18:22] ---- CONTENT: Token%3D61111131252223224013000011333653%26TokenApiRest%3DeyJ0eXAiOiJKV1QiLCJhbGciOiJIUzI1NiJ9.eyJpc3MiOiJodHRwczpcL1wvd3d3cy5kZXYteWVhcC5pdCIsImlhdCI6MTU0MjI5NDMyMSwibmJmIjoxNTQyMjk0MzIxLCJleHAiOjE1NDI4OTkxMjEsImRhdGEiOnsidXNlciI6eyJpZCI6IjQ0In19fQ.RCP5OeoGASxAyBw1MbMD4BFJAcDM5JIXqYXKBALZcJI%26Logo%3Dhttps%3A%2F%2Flocalhost%3A8082%2Fscratch%2Fpl_logo.png%26Title%3DBusiness+Plan+Test+nr.+2=
[2019-09-06 17:18:28] 302 - Found - text/html
[2019-09-06 17:18:28] REQUEST GET - https://localhost:8082/home/welcome?Token=61111131252223224013000011333653&TokenApiRest=eyJ0eXAiOiJKV1QiLCJhbGciOiJIUzI1NiJ9.eyJpc3MiOiJodHRwczpcL1wvd3d3cy5kZXYteWVhcC5pdCIsImlhdCI6MTU0MjI5NDMyMSwibmJmIjoxNTQyMjk0MzIxLCJleHAiOjE1NDI4OTkxMjEsImRhdGEiOnsidXNlciI6eyJpZCI6IjQ0In19fQ.RCP5OeoGASxAyBw1MbMD4BFJAcDM5JIXqYXKBALZcJI&Logo=https://localhost:8082/scratch/pl_logo.png&Title=Business+Plan+Test+nr.+2
[2019-09-06 17:18:28] ---- FROM  ::1 (WinNT)
[2019-09-06 17:18:28] ---- BROWSER:  Chrome 76.0 (Mozilla/5.0 (Windows NT 10.0; Win64; x64) AppleWebKit/537.36 (KHTML, like Gecko) Chrome/76.0.3809.132 Safari/537.36)
[2019-09-06 17:18:30] 200 - OK - text/html
[2019-09-06 17:18:33] REQUEST POST - https://localhost:8082/public/ws/General.asmx/Set
[2019-09-06 17:18:33] ---- FROM  ::1 (WinNT)
[2019-09-06 17:18:33] ---- BROWSER:  Chrome 76.0 (Mozilla/5.0 (Windows NT 10.0; Win64; x64) AppleWebKit/537.36 (KHTML, like Gecko) Chrome/76.0.3809.132 Safari/537.36)
[2019-09-06 17:18:33] ---- CONTENT: {data : "<?xml version='1.0' encoding='utf-8' ?><Request ID='20190906171832968'><General><Token>61111131252223224013000011333653</Token></General><Data><Nome>Business Plan Test nr. 2</Nome><Logo>https%3A%2F%2Flocalhost%3A8082%2Fscratch%2Fpl_logo.png</Logo></Data></Request>"}
[2019-09-06 17:18:33] 200 - OK - application/json
[2019-09-06 17:18:33] REQUEST POST - https://localhost:8082/public/ws/Config.asmx/Economics_Get
[2019-09-06 17:18:33] ---- FROM  ::1 (WinNT)
[2019-09-06 17:18:34] ---- BROWSER:  Chrome 76.0 (Mozilla/5.0 (Windows NT 10.0; Win64; x64) AppleWebKit/537.36 (KHTML, like Gecko) Chrome/76.0.3809.132 Safari/537.36)
[2019-09-06 17:18:34] ---- CONTENT: {data : "<?xml version='1.0' encoding='utf-8' ?><Request ID='20190906171833833'><General><Token>61111131252223224013000011333653</Token></General><Data></Data></Request>"}
[2019-09-06 17:18:34] 200 - OK - application/json
[2019-09-06 17:18:34] REQUEST POST - https://localhost:8082/public/ws/Config.asmx/All_Get
[2019-09-06 17:18:34] REQUEST POST - https://localhost:8082/public/ws/Economics.asmx/messaggi_summary
[2019-09-06 17:18:34] ---- FROM  ::1 (WinNT)
[2019-09-06 17:18:34] ---- FROM  ::1 (WinNT)
[2019-09-06 17:18:35] ---- BROWSER:  Chrome 76.0 (Mozilla/5.0 (Windows NT 10.0; Win64; x64) AppleWebKit/537.36 (KHTML, like Gecko) Chrome/76.0.3809.132 Safari/537.36)
[2019-09-06 17:18:35] ---- CONTENT: {data : "<?xml version='1.0' encoding='utf-8' ?><Request ID='20190906171834454'><General><Token>61111131252223224013000011333653</Token></General><Data></Data></Request>"}
[2019-09-06 17:18:35] ---- BROWSER:  Chrome 76.0 (Mozilla/5.0 (Windows NT 10.0; Win64; x64) AppleWebKit/537.36 (KHTML, like Gecko) Chrome/76.0.3809.132 Safari/537.36)
[2019-09-06 17:18:35] REQUEST POST - https://localhost:8082/public/ws/Config.asmx/All_Get
[2019-09-06 17:18:35] ---- FROM  ::1 (WinNT)
[2019-09-06 17:18:35] ---- CONTENT: {data : "<?xml version='1.0' encoding='utf-8' ?><Request ID='20190906171834419'><General><Token>61111131252223224013000011333653</Token></General><Data></Data></Request>"}
[2019-09-06 17:18:35] ---- BROWSER:  Chrome 76.0 (Mozilla/5.0 (Windows NT 10.0; Win64; x64) AppleWebKit/537.36 (KHTML, like Gecko) Chrome/76.0.3809.132 Safari/537.36)
[2019-09-06 17:18:35] ---- CONTENT: {data : "<?xml version='1.0' encoding='utf-8' ?><Request ID='20190906171834976'><General><Token>61111131252223224013000011333653</Token></General><Data></Data></Request>"}
[2019-09-06 17:18:35] 200 - OK - application/json
[2019-09-06 17:18:35] 200 - OK - application/json
[2019-09-06 17:18:35] 200 - OK - application/json
[2019-09-06 17:18:35] REQUEST POST - https://localhost:8082/public/ws/Config.asmx/All_Get
[2019-09-06 17:18:35] ---- FROM  ::1 (WinNT)
[2019-09-06 17:18:35] ---- BROWSER:  Chrome 76.0 (Mozilla/5.0 (Windows NT 10.0; Win64; x64) AppleWebKit/537.36 (KHTML, like Gecko) Chrome/76.0.3809.132 Safari/537.36)
[2019-09-06 17:18:35] ---- CONTENT: {data : "<?xml version='1.0' encoding='utf-8' ?><Request ID='20190906171835391'><General><Token>61111131252223224013000011333653</Token></General><Data></Data></Request>"}
[2019-09-06 17:18:35] 200 - OK - application/json
