[2019-08-23 09:58:09] REQUEST GET - https://localhost:8082/home/welcome?Token=61111131252223224013000011333653&TokenApiRest=eyJ0eXAiOiJKV1QiLCJhbGciOiJIUzI1NiJ9.eyJpc3MiOiJodHRwczpcL1wvd3d3cy5kZXYteWVhcC5pdCIsImlhdCI6MTU0MjI5NDMyMSwibmJmIjoxNTQyMjk0MzIxLCJleHAiOjE1NDI4OTkxMjEsImRhdGEiOnsidXNlciI6eyJpZCI6IjQ0In19fQ.RCP5OeoGASxAyBw1MbMD4BFJAcDM5JIXqYXKBALZcJI&Logo=https://localhost:8082/scratch/pl_logo.png&Title=Business Plan Test nr. 2
[2019-08-23 09:58:09] ---- FROM  ::1 (WinNT)
[2019-08-23 09:58:09] ---- BROWSER:  Chrome 76.0 (Mozilla/5.0 (Windows NT 10.0; Win64; x64) AppleWebKit/537.36 (KHTML, like Gecko) Chrome/76.0.3809.100 Safari/537.36)
[2019-08-23 09:58:09] 302 - Found - text/html
[2019-08-23 09:58:09] REQUEST GET - https://localhost:8082/public/aspx/Home.aspx?ReturnUrl=%2fhome%2fwelcome%3fToken%3d61111131252223224013000011333653%26TokenApiRest%3deyJ0eXAiOiJKV1QiLCJhbGciOiJIUzI1NiJ9.eyJpc3MiOiJodHRwczpcL1wvd3d3cy5kZXYteWVhcC5pdCIsImlhdCI6MTU0MjI5NDMyMSwibmJmIjoxNTQyMjk0MzIxLCJleHAiOjE1NDI4OTkxMjEsImRhdGEiOnsidXNlciI6eyJpZCI6IjQ0In19fQ.RCP5OeoGASxAyBw1MbMD4BFJAcDM5JIXqYXKBALZcJI%26Logo%3dhttps:%2f%2flocalhost:8082%2fscratch%2fpl_logo.png%26Title%3dBusiness%2520Plan%2520Test%2520nr.%25202&Token=61111131252223224013000011333653&TokenApiRest=eyJ0eXAiOiJKV1QiLCJhbGciOiJIUzI1NiJ9.eyJpc3MiOiJodHRwczpcL1wvd3d3cy5kZXYteWVhcC5pdCIsImlhdCI6MTU0MjI5NDMyMSwibmJmIjoxNTQyMjk0MzIxLCJleHAiOjE1NDI4OTkxMjEsImRhdGEiOnsidXNlciI6eyJpZCI6IjQ0In19fQ.RCP5OeoGASxAyBw1MbMD4BFJAcDM5JIXqYXKBALZcJI&Logo=https://localhost:8082/scratch/pl_logo.png&Title=Business Plan Test nr. 2
[2019-08-23 09:58:09] ---- FROM  ::1 (WinNT)
[2019-08-23 09:58:09] ---- BROWSER:  Chrome 76.0 (Mozilla/5.0 (Windows NT 10.0; Win64; x64) AppleWebKit/537.36 (KHTML, like Gecko) Chrome/76.0.3809.100 Safari/537.36)
[2019-08-23 09:58:09] 302 - Found - text/html
[2019-08-23 09:58:09] REQUEST GET - https://localhost:8082/home/welcome?ReturnUrl=/home/welcome?Token=61111131252223224013000011333653&TokenApiRest=eyJ0eXAiOiJKV1QiLCJhbGciOiJIUzI1NiJ9.eyJpc3MiOiJodHRwczpcL1wvd3d3cy5kZXYteWVhcC5pdCIsImlhdCI6MTU0MjI5NDMyMSwibmJmIjoxNTQyMjk0MzIxLCJleHAiOjE1NDI4OTkxMjEsImRhdGEiOnsidXNlciI6eyJpZCI6IjQ0In19fQ.RCP5OeoGASxAyBw1MbMD4BFJAcDM5JIXqYXKBALZcJI&Logo=https://localhost:8082/scratch/pl_logo.png&Title=Business Plan Test nr. 2&Token=61111131252223224013000011333653&TokenApiRest=eyJ0eXAiOiJKV1QiLCJhbGciOiJIUzI1NiJ9.eyJpc3MiOiJodHRwczpcL1wvd3d3cy5kZXYteWVhcC5pdCIsImlhdCI6MTU0MjI5NDMyMSwibmJmIjoxNTQyMjk0MzIxLCJleHAiOjE1NDI4OTkxMjEsImRhdGEiOnsidXNlciI6eyJpZCI6IjQ0In19fQ.RCP5OeoGASxAyBw1MbMD4BFJAcDM5JIXqYXKBALZcJI&Logo=https://localhost:8082/scratch/pl_logo.png&Title=Business Plan Test nr. 2
[2019-08-23 09:58:09] ---- FROM  ::1 (WinNT)
[2019-08-23 09:58:09] ---- BROWSER:  Chrome 76.0 (Mozilla/5.0 (Windows NT 10.0; Win64; x64) AppleWebKit/537.36 (KHTML, like Gecko) Chrome/76.0.3809.100 Safari/537.36)
[2019-08-23 09:58:09] 200 - OK - text/html
[2019-08-23 09:58:11] REQUEST POST - https://localhost:8082/public/ws/General.asmx/Set
[2019-08-23 09:58:11] ---- FROM  ::1 (WinNT)
[2019-08-23 09:58:11] ---- BROWSER:  Chrome 76.0 (Mozilla/5.0 (Windows NT 10.0; Win64; x64) AppleWebKit/537.36 (KHTML, like Gecko) Chrome/76.0.3809.100 Safari/537.36)
[2019-08-23 09:58:11] ---- CONTENT: {data : "<?xml version='1.0' encoding='utf-8' ?><Request ID='2019082309581173'><General><Token>61111131252223224013000011333653</Token></General><Data><Nome>Business Plan Test nr. 2</Nome><Logo>https%3A%2F%2Flocalhost%3A8082%2Fscratch%2Fpl_logo.png</Logo></Data></Request>"}
[2019-08-23 09:58:11] 200 - OK - application/json
[2019-08-23 09:58:11] REQUEST POST - https://localhost:8082/public/ws/Config.asmx/Economics_Get
[2019-08-23 09:58:11] ---- FROM  ::1 (WinNT)
[2019-08-23 09:58:11] ---- BROWSER:  Chrome 76.0 (Mozilla/5.0 (Windows NT 10.0; Win64; x64) AppleWebKit/537.36 (KHTML, like Gecko) Chrome/76.0.3809.100 Safari/537.36)
[2019-08-23 09:58:11] ---- CONTENT: {data : "<?xml version='1.0' encoding='utf-8' ?><Request ID='20190823095811261'><General><Token>61111131252223224013000011333653</Token></General><Data></Data></Request>"}
[2019-08-23 09:58:11] 200 - OK - application/json
[2019-08-23 09:58:11] REQUEST POST - https://localhost:8082/public/ws/Config.asmx/All_Get
[2019-08-23 09:58:11] ---- FROM  ::1 (WinNT)
[2019-08-23 09:58:11] ---- BROWSER:  Chrome 76.0 (Mozilla/5.0 (Windows NT 10.0; Win64; x64) AppleWebKit/537.36 (KHTML, like Gecko) Chrome/76.0.3809.100 Safari/537.36)
[2019-08-23 09:58:11] ---- CONTENT: {data : "<?xml version='1.0' encoding='utf-8' ?><Request ID='20190823095811527'><General><Token>61111131252223224013000011333653</Token></General><Data></Data></Request>"}
[2019-08-23 09:58:11] REQUEST POST - https://localhost:8082/public/ws/Economics.asmx/messaggi_summary
[2019-08-23 09:58:11] ---- FROM  ::1 (WinNT)
[2019-08-23 09:58:11] ---- BROWSER:  Chrome 76.0 (Mozilla/5.0 (Windows NT 10.0; Win64; x64) AppleWebKit/537.36 (KHTML, like Gecko) Chrome/76.0.3809.100 Safari/537.36)
[2019-08-23 09:58:11] ---- CONTENT: {data : "<?xml version='1.0' encoding='utf-8' ?><Request ID='20190823095811582'><General><Token>61111131252223224013000011333653</Token></General><Data></Data></Request>"}
[2019-08-23 09:58:11] 200 - OK - application/json
[2019-08-23 09:58:11] 200 - OK - application/json
[2019-08-23 09:58:11] REQUEST POST - https://localhost:8082/public/ws/Config.asmx/All_Get
[2019-08-23 09:58:11] ---- FROM  ::1 (WinNT)
[2019-08-23 09:58:11] ---- BROWSER:  Chrome 76.0 (Mozilla/5.0 (Windows NT 10.0; Win64; x64) AppleWebKit/537.36 (KHTML, like Gecko) Chrome/76.0.3809.100 Safari/537.36)
[2019-08-23 09:58:11] ---- CONTENT: {data : "<?xml version='1.0' encoding='utf-8' ?><Request ID='20190823095811671'><General><Token>61111131252223224013000011333653</Token></General><Data></Data></Request>"}
[2019-08-23 09:58:11] 200 - OK - application/json
[2019-08-23 09:58:11] REQUEST POST - https://localhost:8082/public/ws/Config.asmx/All_Get
[2019-08-23 09:58:11] ---- FROM  ::1 (WinNT)
[2019-08-23 09:58:11] ---- BROWSER:  Chrome 76.0 (Mozilla/5.0 (Windows NT 10.0; Win64; x64) AppleWebKit/537.36 (KHTML, like Gecko) Chrome/76.0.3809.100 Safari/537.36)
[2019-08-23 09:58:11] ---- CONTENT: {data : "<?xml version='1.0' encoding='utf-8' ?><Request ID='20190823095811766'><General><Token>61111131252223224013000011333653</Token></General><Data></Data></Request>"}
[2019-08-23 09:58:11] 200 - OK - application/json
[2019-08-23 09:59:02] REQUEST GET - https://localhost:8082/home/welcome?ReturnUrl=/home/welcome?Token=61111131252223224013000011333653&TokenApiRest=eyJ0eXAiOiJKV1QiLCJhbGciOiJIUzI1NiJ9.eyJpc3MiOiJodHRwczpcL1wvd3d3cy5kZXYteWVhcC5pdCIsImlhdCI6MTU0MjI5NDMyMSwibmJmIjoxNTQyMjk0MzIxLCJleHAiOjE1NDI4OTkxMjEsImRhdGEiOnsidXNlciI6eyJpZCI6IjQ0In19fQ.RCP5OeoGASxAyBw1MbMD4BFJAcDM5JIXqYXKBALZcJI&Logo=https://localhost:8082/scratch/pl_logo.png&Title=Business Plan Test nr. 2&Token=61111131252223224013000011333653&TokenApiRest=eyJ0eXAiOiJKV1QiLCJhbGciOiJIUzI1NiJ9.eyJpc3MiOiJodHRwczpcL1wvd3d3cy5kZXYteWVhcC5pdCIsImlhdCI6MTU0MjI5NDMyMSwibmJmIjoxNTQyMjk0MzIxLCJleHAiOjE1NDI4OTkxMjEsImRhdGEiOnsidXNlciI6eyJpZCI6IjQ0In19fQ.RCP5OeoGASxAyBw1MbMD4BFJAcDM5JIXqYXKBALZcJI&Logo=https://localhost:8082/scratch/pl_logo.png&Title=Business Plan Test nr. 2
[2019-08-23 09:59:02] ---- FROM  ::1 (WinNT)
[2019-08-23 09:59:02] ---- BROWSER:  Chrome 76.0 (Mozilla/5.0 (Windows NT 10.0; Win64; x64) AppleWebKit/537.36 (KHTML, like Gecko) Chrome/76.0.3809.100 Safari/537.36)
[2019-08-23 09:59:02] 200 - OK - text/html
[2019-08-23 09:59:02] REQUEST POST - https://localhost:8082/public/ws/General.asmx/Set
[2019-08-23 09:59:02] ---- FROM  ::1 (WinNT)
[2019-08-23 09:59:02] ---- BROWSER:  Chrome 76.0 (Mozilla/5.0 (Windows NT 10.0; Win64; x64) AppleWebKit/537.36 (KHTML, like Gecko) Chrome/76.0.3809.100 Safari/537.36)
[2019-08-23 09:59:02] ---- CONTENT: {data : "<?xml version='1.0' encoding='utf-8' ?><Request ID='20190823095902807'><General><Token>61111131252223224013000011333653</Token></General><Data><Nome>Business Plan Test nr. 2</Nome><Logo>https%3A%2F%2Flocalhost%3A8082%2Fscratch%2Fpl_logo.png</Logo></Data></Request>"}
[2019-08-23 09:59:02] 200 - OK - application/json
[2019-08-23 09:59:02] REQUEST POST - https://localhost:8082/public/ws/Config.asmx/Economics_Get
[2019-08-23 09:59:02] ---- FROM  ::1 (WinNT)
[2019-08-23 09:59:02] ---- BROWSER:  Chrome 76.0 (Mozilla/5.0 (Windows NT 10.0; Win64; x64) AppleWebKit/537.36 (KHTML, like Gecko) Chrome/76.0.3809.100 Safari/537.36)
[2019-08-23 09:59:02] ---- CONTENT: {data : "<?xml version='1.0' encoding='utf-8' ?><Request ID='20190823095902829'><General><Token>61111131252223224013000011333653</Token></General><Data></Data></Request>"}
[2019-08-23 09:59:02] 200 - OK - application/json
[2019-08-23 09:59:02] REQUEST POST - https://localhost:8082/public/ws/Config.asmx/All_Get
[2019-08-23 09:59:02] ---- FROM  ::1 (WinNT)
[2019-08-23 09:59:02] ---- BROWSER:  Chrome 76.0 (Mozilla/5.0 (Windows NT 10.0; Win64; x64) AppleWebKit/537.36 (KHTML, like Gecko) Chrome/76.0.3809.100 Safari/537.36)
[2019-08-23 09:59:02] ---- CONTENT: {data : "<?xml version='1.0' encoding='utf-8' ?><Request ID='20190823095902894'><General><Token>61111131252223224013000011333653</Token></General><Data></Data></Request>"}
[2019-08-23 09:59:02] 200 - OK - application/json
[2019-08-23 09:59:02] REQUEST POST - https://localhost:8082/public/ws/Config.asmx/All_Get
[2019-08-23 09:59:02] ---- FROM  ::1 (WinNT)
[2019-08-23 09:59:02] ---- BROWSER:  Chrome 76.0 (Mozilla/5.0 (Windows NT 10.0; Win64; x64) AppleWebKit/537.36 (KHTML, like Gecko) Chrome/76.0.3809.100 Safari/537.36)
[2019-08-23 09:59:02] ---- CONTENT: {data : "<?xml version='1.0' encoding='utf-8' ?><Request ID='20190823095902960'><General><Token>61111131252223224013000011333653</Token></General><Data></Data></Request>"}
[2019-08-23 09:59:02] 200 - OK - application/json
[2019-08-23 09:59:03] REQUEST POST - https://localhost:8082/public/ws/Economics.asmx/messaggi_summary
[2019-08-23 09:59:03] ---- FROM  ::1 (WinNT)
[2019-08-23 09:59:03] ---- BROWSER:  Chrome 76.0 (Mozilla/5.0 (Windows NT 10.0; Win64; x64) AppleWebKit/537.36 (KHTML, like Gecko) Chrome/76.0.3809.100 Safari/537.36)
[2019-08-23 09:59:03] ---- CONTENT: {data : "<?xml version='1.0' encoding='utf-8' ?><Request ID='2019082309590314'><General><Token>61111131252223224013000011333653</Token></General><Data></Data></Request>"}
[2019-08-23 09:59:03] 200 - OK - application/json
[2019-08-23 09:59:03] REQUEST POST - https://localhost:8082/public/ws/Config.asmx/All_Get
[2019-08-23 09:59:03] ---- FROM  ::1 (WinNT)
[2019-08-23 09:59:03] ---- BROWSER:  Chrome 76.0 (Mozilla/5.0 (Windows NT 10.0; Win64; x64) AppleWebKit/537.36 (KHTML, like Gecko) Chrome/76.0.3809.100 Safari/537.36)
[2019-08-23 09:59:03] ---- CONTENT: {data : "<?xml version='1.0' encoding='utf-8' ?><Request ID='2019082309590341'><General><Token>61111131252223224013000011333653</Token></General><Data></Data></Request>"}
[2019-08-23 09:59:03] 200 - OK - application/json
[2019-08-23 09:59:26] REQUEST GET - https://localhost:8082/public/aspx/Home.aspx?Token=61111131252223224013000011333653&TokenApiRest=eyJ0eXAiOiJKV1QiLCJhbGciOiJIUzI1NiJ9.eyJpc3MiOiJodHRwczpcL1wvd3d3cy5kZXYteWVhcC5pdCIsImlhdCI6MTU0MjI5NDMyMSwibmJmIjoxNTQyMjk0MzIxLCJleHAiOjE1NDI4OTkxMjEsImRhdGEiOnsidXNlciI6eyJpZCI6IjQ0In19fQ.RCP5OeoGASxAyBw1MbMD4BFJAcDM5JIXqYXKBALZcJI&Logo=https://localhost:8082/scratch/pl_logo.png&Title=Business Plan Test nr. 2
[2019-08-23 09:59:26] ---- FROM  ::1 (WinNT)
[2019-08-23 09:59:26] ---- BROWSER:  Chrome 76.0 (Mozilla/5.0 (Windows NT 10.0; Win64; x64) AppleWebKit/537.36 (KHTML, like Gecko) Chrome/76.0.3809.100 Safari/537.36)
[2019-08-23 09:59:26] 302 - Found - text/html
[2019-08-23 09:59:26] REQUEST GET - https://localhost:8082/home/welcome?Token=61111131252223224013000011333653&TokenApiRest=eyJ0eXAiOiJKV1QiLCJhbGciOiJIUzI1NiJ9.eyJpc3MiOiJodHRwczpcL1wvd3d3cy5kZXYteWVhcC5pdCIsImlhdCI6MTU0MjI5NDMyMSwibmJmIjoxNTQyMjk0MzIxLCJleHAiOjE1NDI4OTkxMjEsImRhdGEiOnsidXNlciI6eyJpZCI6IjQ0In19fQ.RCP5OeoGASxAyBw1MbMD4BFJAcDM5JIXqYXKBALZcJI&Logo=https://localhost:8082/scratch/pl_logo.png&Title=Business Plan Test nr. 2
[2019-08-23 09:59:26] ---- FROM  ::1 (WinNT)
[2019-08-23 09:59:26] ---- BROWSER:  Chrome 76.0 (Mozilla/5.0 (Windows NT 10.0; Win64; x64) AppleWebKit/537.36 (KHTML, like Gecko) Chrome/76.0.3809.100 Safari/537.36)
[2019-08-23 09:59:26] 200 - OK - text/html
[2019-08-23 09:59:26] REQUEST POST - https://localhost:8082/public/ws/General.asmx/Set
[2019-08-23 09:59:26] ---- FROM  ::1 (WinNT)
[2019-08-23 09:59:26] ---- BROWSER:  Chrome 76.0 (Mozilla/5.0 (Windows NT 10.0; Win64; x64) AppleWebKit/537.36 (KHTML, like Gecko) Chrome/76.0.3809.100 Safari/537.36)
[2019-08-23 09:59:26] ---- CONTENT: {data : "<?xml version='1.0' encoding='utf-8' ?><Request ID='20190823095926836'><General><Token>61111131252223224013000011333653</Token></General><Data><Nome>Business Plan Test nr. 2</Nome><Logo>https%3A%2F%2Flocalhost%3A8082%2Fscratch%2Fpl_logo.png</Logo></Data></Request>"}
[2019-08-23 09:59:26] 200 - OK - application/json
[2019-08-23 09:59:26] REQUEST POST - https://localhost:8082/public/ws/Config.asmx/Economics_Get
[2019-08-23 09:59:26] ---- FROM  ::1 (WinNT)
[2019-08-23 09:59:26] ---- BROWSER:  Chrome 76.0 (Mozilla/5.0 (Windows NT 10.0; Win64; x64) AppleWebKit/537.36 (KHTML, like Gecko) Chrome/76.0.3809.100 Safari/537.36)
[2019-08-23 09:59:26] ---- CONTENT: {data : "<?xml version='1.0' encoding='utf-8' ?><Request ID='20190823095926872'><General><Token>61111131252223224013000011333653</Token></General><Data></Data></Request>"}
[2019-08-23 09:59:26] 200 - OK - application/json
[2019-08-23 09:59:26] REQUEST POST - https://localhost:8082/public/ws/Config.asmx/All_Get
[2019-08-23 09:59:26] ---- FROM  ::1 (WinNT)
[2019-08-23 09:59:26] ---- BROWSER:  Chrome 76.0 (Mozilla/5.0 (Windows NT 10.0; Win64; x64) AppleWebKit/537.36 (KHTML, like Gecko) Chrome/76.0.3809.100 Safari/537.36)
[2019-08-23 09:59:26] ---- CONTENT: {data : "<?xml version='1.0' encoding='utf-8' ?><Request ID='20190823095926935'><General><Token>61111131252223224013000011333653</Token></General><Data></Data></Request>"}
[2019-08-23 09:59:26] 200 - OK - application/json
[2019-08-23 09:59:27] REQUEST POST - https://localhost:8082/public/ws/Config.asmx/All_Get
[2019-08-23 09:59:27] ---- FROM  ::1 (WinNT)
[2019-08-23 09:59:27] ---- BROWSER:  Chrome 76.0 (Mozilla/5.0 (Windows NT 10.0; Win64; x64) AppleWebKit/537.36 (KHTML, like Gecko) Chrome/76.0.3809.100 Safari/537.36)
[2019-08-23 09:59:27] ---- CONTENT: {data : "<?xml version='1.0' encoding='utf-8' ?><Request ID='2019082309592735'><General><Token>61111131252223224013000011333653</Token></General><Data></Data></Request>"}
[2019-08-23 09:59:27] 200 - OK - application/json
[2019-08-23 09:59:27] REQUEST POST - https://localhost:8082/public/ws/Economics.asmx/messaggi_summary
[2019-08-23 09:59:27] ---- FROM  ::1 (WinNT)
[2019-08-23 09:59:27] ---- BROWSER:  Chrome 76.0 (Mozilla/5.0 (Windows NT 10.0; Win64; x64) AppleWebKit/537.36 (KHTML, like Gecko) Chrome/76.0.3809.100 Safari/537.36)
[2019-08-23 09:59:27] ---- CONTENT: {data : "<?xml version='1.0' encoding='utf-8' ?><Request ID='2019082309592781'><General><Token>61111131252223224013000011333653</Token></General><Data></Data></Request>"}
[2019-08-23 09:59:27] 200 - OK - application/json
[2019-08-23 09:59:27] REQUEST POST - https://localhost:8082/public/ws/Config.asmx/All_Get
[2019-08-23 09:59:27] ---- FROM  ::1 (WinNT)
[2019-08-23 09:59:27] ---- BROWSER:  Chrome 76.0 (Mozilla/5.0 (Windows NT 10.0; Win64; x64) AppleWebKit/537.36 (KHTML, like Gecko) Chrome/76.0.3809.100 Safari/537.36)
[2019-08-23 09:59:27] ---- CONTENT: {data : "<?xml version='1.0' encoding='utf-8' ?><Request ID='20190823095927100'><General><Token>61111131252223224013000011333653</Token></General><Data></Data></Request>"}
[2019-08-23 09:59:27] 200 - OK - application/json
[2019-08-23 10:02:15] REQUEST GET - https://localhost:8082/home/welcome?Token=61111131252223224013000011333653&TokenApiRest=eyJ0eXAiOiJKV1QiLCJhbGciOiJIUzI1NiJ9.eyJpc3MiOiJodHRwczpcL1wvd3d3cy5kZXYteWVhcC5pdCIsImlhdCI6MTU0MjI5NDMyMSwibmJmIjoxNTQyMjk0MzIxLCJleHAiOjE1NDI4OTkxMjEsImRhdGEiOnsidXNlciI6eyJpZCI6IjQ0In19fQ.RCP5OeoGASxAyBw1MbMD4BFJAcDM5JIXqYXKBALZcJI&Logo=https://localhost:8082/scratch/pl_logo.png&Title=Business Plan Test nr. 2
[2019-08-23 10:02:15] ---- FROM  ::1 (WinNT)
[2019-08-23 10:02:15] ---- BROWSER:  Chrome 76.0 (Mozilla/5.0 (Windows NT 10.0; Win64; x64) AppleWebKit/537.36 (KHTML, like Gecko) Chrome/76.0.3809.100 Safari/537.36)
[2019-08-23 10:02:15] 200 - OK - text/html
[2019-08-23 10:02:16] REQUEST POST - https://localhost:8082/public/ws/General.asmx/Set
[2019-08-23 10:02:16] ---- FROM  ::1 (WinNT)
[2019-08-23 10:02:16] ---- BROWSER:  Chrome 76.0 (Mozilla/5.0 (Windows NT 10.0; Win64; x64) AppleWebKit/537.36 (KHTML, like Gecko) Chrome/76.0.3809.100 Safari/537.36)
[2019-08-23 10:02:16] ---- CONTENT: {data : "<?xml version='1.0' encoding='utf-8' ?><Request ID='20190823100216849'><General><Token>61111131252223224013000011333653</Token></General><Data><Nome>Business Plan Test nr. 2</Nome><Logo>https%3A%2F%2Flocalhost%3A8082%2Fscratch%2Fpl_logo.png</Logo></Data></Request>"}
[2019-08-23 10:02:16] 200 - OK - application/json
[2019-08-23 10:02:16] REQUEST POST - https://localhost:8082/public/ws/Config.asmx/Economics_Get
[2019-08-23 10:02:16] ---- FROM  ::1 (WinNT)
[2019-08-23 10:02:16] ---- BROWSER:  Chrome 76.0 (Mozilla/5.0 (Windows NT 10.0; Win64; x64) AppleWebKit/537.36 (KHTML, like Gecko) Chrome/76.0.3809.100 Safari/537.36)
[2019-08-23 10:02:16] ---- CONTENT: {data : "<?xml version='1.0' encoding='utf-8' ?><Request ID='20190823100216880'><General><Token>61111131252223224013000011333653</Token></General><Data></Data></Request>"}
[2019-08-23 10:02:16] 200 - OK - application/json
[2019-08-23 10:02:16] REQUEST POST - https://localhost:8082/public/ws/Config.asmx/All_Get
[2019-08-23 10:02:16] ---- FROM  ::1 (WinNT)
[2019-08-23 10:02:16] ---- BROWSER:  Chrome 76.0 (Mozilla/5.0 (Windows NT 10.0; Win64; x64) AppleWebKit/537.36 (KHTML, like Gecko) Chrome/76.0.3809.100 Safari/537.36)
[2019-08-23 10:02:16] ---- CONTENT: {data : "<?xml version='1.0' encoding='utf-8' ?><Request ID='20190823100216967'><General><Token>61111131252223224013000011333653</Token></General><Data></Data></Request>"}
[2019-08-23 10:02:16] 200 - OK - application/json
[2019-08-23 10:02:17] REQUEST POST - https://localhost:8082/public/ws/Economics.asmx/messaggi_summary
[2019-08-23 10:02:17] ---- FROM  ::1 (WinNT)
[2019-08-23 10:02:17] ---- BROWSER:  Chrome 76.0 (Mozilla/5.0 (Windows NT 10.0; Win64; x64) AppleWebKit/537.36 (KHTML, like Gecko) Chrome/76.0.3809.100 Safari/537.36)
[2019-08-23 10:02:17] ---- CONTENT: {data : "<?xml version='1.0' encoding='utf-8' ?><Request ID='20190823100217199'><General><Token>61111131252223224013000011333653</Token></General><Data></Data></Request>"}
[2019-08-23 10:02:17] 200 - OK - application/json
[2019-08-23 10:02:17] REQUEST POST - https://localhost:8082/public/ws/Config.asmx/All_Get
[2019-08-23 10:02:17] ---- FROM  ::1 (WinNT)
[2019-08-23 10:02:17] ---- BROWSER:  Chrome 76.0 (Mozilla/5.0 (Windows NT 10.0; Win64; x64) AppleWebKit/537.36 (KHTML, like Gecko) Chrome/76.0.3809.100 Safari/537.36)
[2019-08-23 10:02:17] ---- CONTENT: {data : "<?xml version='1.0' encoding='utf-8' ?><Request ID='20190823100217237'><General><Token>61111131252223224013000011333653</Token></General><Data></Data></Request>"}
[2019-08-23 10:02:17] 200 - OK - application/json
[2019-08-23 10:02:17] REQUEST POST - https://localhost:8082/public/ws/Config.asmx/All_Get
[2019-08-23 10:02:17] ---- FROM  ::1 (WinNT)
[2019-08-23 10:02:17] ---- BROWSER:  Chrome 76.0 (Mozilla/5.0 (Windows NT 10.0; Win64; x64) AppleWebKit/537.36 (KHTML, like Gecko) Chrome/76.0.3809.100 Safari/537.36)
[2019-08-23 10:02:17] ---- CONTENT: {data : "<?xml version='1.0' encoding='utf-8' ?><Request ID='20190823100217302'><General><Token>61111131252223224013000011333653</Token></General><Data></Data></Request>"}
[2019-08-23 10:02:17] 200 - OK - application/json
[2019-08-23 10:03:20] REQUEST GET - https://localhost:8082/public/aspx/Home.aspx?Token=61111131252223224013000011333653&TokenApiRest=eyJ0eXAiOiJKV1QiLCJhbGciOiJIUzI1NiJ9.eyJpc3MiOiJodHRwczpcL1wvd3d3cy5kZXYteWVhcC5pdCIsImlhdCI6MTU0MjI5NDMyMSwibmJmIjoxNTQyMjk0MzIxLCJleHAiOjE1NDI4OTkxMjEsImRhdGEiOnsidXNlciI6eyJpZCI6IjQ0In19fQ.RCP5OeoGASxAyBw1MbMD4BFJAcDM5JIXqYXKBALZcJI&Logo=https://localhost:8082/scratch/pl_logo.png&Title=Business Plan Test nr. 2
[2019-08-23 10:03:20] ---- FROM  ::1 (WinNT)
[2019-08-23 10:03:20] ---- BROWSER:  Chrome 76.0 (Mozilla/5.0 (Windows NT 10.0; Win64; x64) AppleWebKit/537.36 (KHTML, like Gecko) Chrome/76.0.3809.100 Safari/537.36)
[2019-08-23 10:03:20] 302 - Found - text/html
[2019-08-23 10:03:20] REQUEST GET - https://localhost:8082/home/welcome?Token=61111131252223224013000011333653&TokenApiRest=eyJ0eXAiOiJKV1QiLCJhbGciOiJIUzI1NiJ9.eyJpc3MiOiJodHRwczpcL1wvd3d3cy5kZXYteWVhcC5pdCIsImlhdCI6MTU0MjI5NDMyMSwibmJmIjoxNTQyMjk0MzIxLCJleHAiOjE1NDI4OTkxMjEsImRhdGEiOnsidXNlciI6eyJpZCI6IjQ0In19fQ.RCP5OeoGASxAyBw1MbMD4BFJAcDM5JIXqYXKBALZcJI&Logo=https://localhost:8082/scratch/pl_logo.png&Title=Business Plan Test nr. 2
[2019-08-23 10:03:20] ---- FROM  ::1 (WinNT)
[2019-08-23 10:03:20] ---- BROWSER:  Chrome 76.0 (Mozilla/5.0 (Windows NT 10.0; Win64; x64) AppleWebKit/537.36 (KHTML, like Gecko) Chrome/76.0.3809.100 Safari/537.36)
[2019-08-23 10:03:20] 200 - OK - text/html
[2019-08-23 10:03:21] REQUEST POST - https://localhost:8082/public/ws/General.asmx/Set
[2019-08-23 10:03:21] ---- FROM  ::1 (WinNT)
[2019-08-23 10:03:21] ---- BROWSER:  Chrome 76.0 (Mozilla/5.0 (Windows NT 10.0; Win64; x64) AppleWebKit/537.36 (KHTML, like Gecko) Chrome/76.0.3809.100 Safari/537.36)
[2019-08-23 10:03:21] ---- CONTENT: {data : "<?xml version='1.0' encoding='utf-8' ?><Request ID='20190823100320985'><General><Token>61111131252223224013000011333653</Token></General><Data><Nome>Business Plan Test nr. 2</Nome><Logo>https%3A%2F%2Flocalhost%3A8082%2Fscratch%2Fpl_logo.png</Logo></Data></Request>"}
[2019-08-23 10:03:21] 200 - OK - application/json
[2019-08-23 10:03:21] REQUEST POST - https://localhost:8082/public/ws/Config.asmx/Economics_Get
[2019-08-23 10:03:21] ---- FROM  ::1 (WinNT)
[2019-08-23 10:03:21] ---- BROWSER:  Chrome 76.0 (Mozilla/5.0 (Windows NT 10.0; Win64; x64) AppleWebKit/537.36 (KHTML, like Gecko) Chrome/76.0.3809.100 Safari/537.36)
[2019-08-23 10:03:21] ---- CONTENT: {data : "<?xml version='1.0' encoding='utf-8' ?><Request ID='2019082310032119'><General><Token>61111131252223224013000011333653</Token></General><Data></Data></Request>"}
[2019-08-23 10:03:21] 200 - OK - application/json
[2019-08-23 10:03:21] REQUEST POST - https://localhost:8082/public/ws/Config.asmx/All_Get
[2019-08-23 10:03:21] ---- FROM  ::1 (WinNT)
[2019-08-23 10:03:21] ---- BROWSER:  Chrome 76.0 (Mozilla/5.0 (Windows NT 10.0; Win64; x64) AppleWebKit/537.36 (KHTML, like Gecko) Chrome/76.0.3809.100 Safari/537.36)
[2019-08-23 10:03:21] ---- CONTENT: {data : "<?xml version='1.0' encoding='utf-8' ?><Request ID='20190823100321137'><General><Token>61111131252223224013000011333653</Token></General><Data></Data></Request>"}
[2019-08-23 10:03:21] 200 - OK - application/json
[2019-08-23 10:03:21] REQUEST POST - https://localhost:8082/public/ws/Economics.asmx/messaggi_summary
[2019-08-23 10:03:21] ---- FROM  ::1 (WinNT)
[2019-08-23 10:03:21] ---- BROWSER:  Chrome 76.0 (Mozilla/5.0 (Windows NT 10.0; Win64; x64) AppleWebKit/537.36 (KHTML, like Gecko) Chrome/76.0.3809.100 Safari/537.36)
[2019-08-23 10:03:21] ---- CONTENT: {data : "<?xml version='1.0' encoding='utf-8' ?><Request ID='20190823100321255'><General><Token>61111131252223224013000011333653</Token></General><Data></Data></Request>"}
[2019-08-23 10:03:21] 200 - OK - application/json
[2019-08-23 10:03:21] REQUEST POST - https://localhost:8082/public/ws/Config.asmx/All_Get
[2019-08-23 10:03:21] ---- FROM  ::1 (WinNT)
[2019-08-23 10:03:21] ---- BROWSER:  Chrome 76.0 (Mozilla/5.0 (Windows NT 10.0; Win64; x64) AppleWebKit/537.36 (KHTML, like Gecko) Chrome/76.0.3809.100 Safari/537.36)
[2019-08-23 10:03:21] ---- CONTENT: {data : "<?xml version='1.0' encoding='utf-8' ?><Request ID='20190823100321291'><General><Token>61111131252223224013000011333653</Token></General><Data></Data></Request>"}
[2019-08-23 10:03:21] REQUEST POST - https://localhost:8082/public/ws/Config.asmx/All_Get
[2019-08-23 10:03:21] ---- FROM  ::1 (WinNT)
[2019-08-23 10:03:21] ---- BROWSER:  Chrome 76.0 (Mozilla/5.0 (Windows NT 10.0; Win64; x64) AppleWebKit/537.36 (KHTML, like Gecko) Chrome/76.0.3809.100 Safari/537.36)
[2019-08-23 10:03:21] ---- CONTENT: {data : "<?xml version='1.0' encoding='utf-8' ?><Request ID='20190823100321297'><General><Token>61111131252223224013000011333653</Token></General><Data></Data></Request>"}
[2019-08-23 10:03:21] 200 - OK - application/json
[2019-08-23 10:03:21] 200 - OK - application/json
