[2019-07-30 11:29:43] ---- FROM  ::1 (WinNT)
[2019-07-30 11:29:43] ---- BROWSER:  Chrome 75.0 (Mozilla/5.0 (Windows NT 10.0; Win64; x64) AppleWebKit/537.36 (KHTML, like Gecko) Chrome/75.0.3770.142 Safari/537.36)
[2019-07-30 11:29:43] 200 - OK - text/html
[2019-07-30 11:29:44] REQUEST POST - https://localhost:8082/public/ws/AnnoPrec.asmx/Valutazione
[2019-07-30 11:29:44] ---- FROM  ::1 (WinNT)
[2019-07-30 11:29:44] ---- BROWSER:  Chrome 75.0 (Mozilla/5.0 (Windows NT 10.0; Win64; x64) AppleWebKit/537.36 (KHTML, like Gecko) Chrome/75.0.3770.142 Safari/537.36)
[2019-07-30 11:29:44] ---- CONTENT: {data : "<?xml version='1.0' encoding='utf-8' ?><Request ID='20190730112944229'><General><Token>61111131252223224013000011333653</Token></General><Data></Data></Request>"}
[2019-07-30 11:29:44] 200 - OK - application/json
[2019-07-30 11:29:44] REQUEST POST - https://localhost:8082/public/ws/Config.asmx/All_Get
[2019-07-30 11:29:44] ---- FROM  ::1 (WinNT)
[2019-07-30 11:29:44] ---- BROWSER:  Chrome 75.0 (Mozilla/5.0 (Windows NT 10.0; Win64; x64) AppleWebKit/537.36 (KHTML, like Gecko) Chrome/75.0.3770.142 Safari/537.36)
[2019-07-30 11:29:44] ---- CONTENT: {data : "<?xml version='1.0' encoding='utf-8' ?><Request ID='20190730112944299'><General><Token>61111131252223224013000011333653</Token></General><Data></Data></Request>"}
[2019-07-30 11:29:44] REQUEST POST - https://localhost:8082/public/ws/Economics.asmx/messaggi_summary
[2019-07-30 11:29:44] ---- FROM  ::1 (WinNT)
[2019-07-30 11:29:44] ---- BROWSER:  Chrome 75.0 (Mozilla/5.0 (Windows NT 10.0; Win64; x64) AppleWebKit/537.36 (KHTML, like Gecko) Chrome/75.0.3770.142 Safari/537.36)
[2019-07-30 11:29:44] ---- CONTENT: {data : "<?xml version='1.0' encoding='utf-8' ?><Request ID='20190730112944356'><General><Token>61111131252223224013000011333653</Token></General><Data></Data></Request>"}
[2019-07-30 11:29:44] REQUEST GET - https://localhost:8082/public/ws/Resources.ashx/xml-economics/61111131252223224013000011333653
[2019-07-30 11:29:44] ---- FROM  ::1 (WinNT)
[2019-07-30 11:29:44] ---- BROWSER:  Chrome 75.0 (Mozilla/5.0 (Windows NT 10.0; Win64; x64) AppleWebKit/537.36 (KHTML, like Gecko) Chrome/75.0.3770.142 Safari/537.36)
[2019-07-30 11:29:44] 200 - OK - application/json
[2019-07-30 11:29:44] 200 - OK - application/json
[2019-07-30 11:29:44] 200 - OK - text/xml
[2019-07-30 11:29:44] REQUEST POST - https://localhost:8082/public/ws/Config.asmx/All_Get
[2019-07-30 11:29:44] ---- FROM  ::1 (WinNT)
[2019-07-30 11:29:44] ---- BROWSER:  Chrome 75.0 (Mozilla/5.0 (Windows NT 10.0; Win64; x64) AppleWebKit/537.36 (KHTML, like Gecko) Chrome/75.0.3770.142 Safari/537.36)
[2019-07-30 11:29:44] ---- CONTENT: {data : "<?xml version='1.0' encoding='utf-8' ?><Request ID='20190730112944528'><General><Token>61111131252223224013000011333653</Token></General><Data></Data></Request>"}
[2019-07-30 11:29:44] 200 - OK - application/json
[2019-07-30 11:29:49] REQUEST POST - https://localhost:8082/public/ws/Config.asmx/All_Get
[2019-07-30 11:29:49] ---- FROM  ::1 (WinNT)
[2019-07-30 11:29:49] ---- BROWSER:  Chrome 75.0 (Mozilla/5.0 (Windows NT 10.0; Win64; x64) AppleWebKit/537.36 (KHTML, like Gecko) Chrome/75.0.3770.142 Safari/537.36)
[2019-07-30 11:29:49] ---- CONTENT: {data : "<?xml version='1.0' encoding='utf-8' ?><Request ID='20190730112949147'><General><Token>61111131252223224013000011333653</Token></General><Data></Data></Request>"}
[2019-07-30 11:29:49] 200 - OK - application/json
[2019-07-30 11:36:18] REQUEST GET - https://localhost:8082/public/aspx/Home.aspx?Token=61111131252223224013000011333653&TokenApiRest=eyJ0eXAiOiJKV1QiLCJhbGciOiJIUzI1NiJ9.eyJpc3MiOiJodHRwczpcL1wvd3d3cy5kZXYteWVhcC5pdCIsImlhdCI6MTU0MjI5NDMyMSwibmJmIjoxNTQyMjk0MzIxLCJleHAiOjE1NDI4OTkxMjEsImRhdGEiOnsidXNlciI6eyJpZCI6IjQ0In19fQ.RCP5OeoGASxAyBw1MbMD4BFJAcDM5JIXqYXKBALZcJI&Logo=https://localhost:8082/scratch/pl_logo.png&Title=Business Plan Test nr. 2
[2019-07-30 11:36:18] ---- FROM  ::1 (WinNT)
[2019-07-30 11:36:18] ---- BROWSER:  Chrome 75.0 (Mozilla/5.0 (Windows NT 10.0; Win64; x64) AppleWebKit/537.36 (KHTML, like Gecko) Chrome/75.0.3770.142 Safari/537.36)
[2019-07-30 11:36:18] 302 - Found - text/html
[2019-07-30 11:36:18] REQUEST GET - https://localhost:8082/home/welcome?Token=61111131252223224013000011333653&TokenApiRest=eyJ0eXAiOiJKV1QiLCJhbGciOiJIUzI1NiJ9.eyJpc3MiOiJodHRwczpcL1wvd3d3cy5kZXYteWVhcC5pdCIsImlhdCI6MTU0MjI5NDMyMSwibmJmIjoxNTQyMjk0MzIxLCJleHAiOjE1NDI4OTkxMjEsImRhdGEiOnsidXNlciI6eyJpZCI6IjQ0In19fQ.RCP5OeoGASxAyBw1MbMD4BFJAcDM5JIXqYXKBALZcJI&Logo=https://localhost:8082/scratch/pl_logo.png&Title=Business Plan Test nr. 2
[2019-07-30 11:36:18] ---- FROM  ::1 (WinNT)
[2019-07-30 11:36:18] ---- BROWSER:  Chrome 75.0 (Mozilla/5.0 (Windows NT 10.0; Win64; x64) AppleWebKit/537.36 (KHTML, like Gecko) Chrome/75.0.3770.142 Safari/537.36)
[2019-07-30 11:36:18] 200 - OK - text/html
[2019-07-30 11:36:19] REQUEST POST - https://localhost:8082/public/ws/General.asmx/Set
[2019-07-30 11:36:19] ---- FROM  ::1 (WinNT)
[2019-07-30 11:36:19] ---- BROWSER:  Chrome 75.0 (Mozilla/5.0 (Windows NT 10.0; Win64; x64) AppleWebKit/537.36 (KHTML, like Gecko) Chrome/75.0.3770.142 Safari/537.36)
[2019-07-30 11:36:19] ---- CONTENT: {data : "<?xml version='1.0' encoding='utf-8' ?><Request ID='20190730113619733'><General><Token>61111131252223224013000011333653</Token></General><Data><Nome>Business Plan Test nr. 2</Nome><Logo>https%3A%2F%2Flocalhost%3A8082%2Fscratch%2Fpl_logo.png</Logo></Data></Request>"}
[2019-07-30 11:36:19] 200 - OK - application/json
[2019-07-30 11:36:19] REQUEST POST - https://localhost:8082/public/ws/Config.asmx/Economics_Get
[2019-07-30 11:36:19] ---- FROM  ::1 (WinNT)
[2019-07-30 11:36:19] ---- BROWSER:  Chrome 75.0 (Mozilla/5.0 (Windows NT 10.0; Win64; x64) AppleWebKit/537.36 (KHTML, like Gecko) Chrome/75.0.3770.142 Safari/537.36)
[2019-07-30 11:36:19] ---- CONTENT: {data : "<?xml version='1.0' encoding='utf-8' ?><Request ID='20190730113619787'><General><Token>61111131252223224013000011333653</Token></General><Data></Data></Request>"}
[2019-07-30 11:36:19] 200 - OK - application/json
[2019-07-30 11:36:19] REQUEST POST - https://localhost:8082/public/ws/Config.asmx/All_Get
[2019-07-30 11:36:19] ---- FROM  ::1 (WinNT)
[2019-07-30 11:36:19] ---- BROWSER:  Chrome 75.0 (Mozilla/5.0 (Windows NT 10.0; Win64; x64) AppleWebKit/537.36 (KHTML, like Gecko) Chrome/75.0.3770.142 Safari/537.36)
[2019-07-30 11:36:19] ---- CONTENT: {data : "<?xml version='1.0' encoding='utf-8' ?><Request ID='20190730113619920'><General><Token>61111131252223224013000011333653</Token></General><Data></Data></Request>"}
[2019-07-30 11:36:19] 200 - OK - application/json
[2019-07-30 11:36:20] REQUEST POST - https://localhost:8082/public/ws/Economics.asmx/messaggi_summary
[2019-07-30 11:36:20] ---- FROM  ::1 (WinNT)
[2019-07-30 11:36:20] ---- BROWSER:  Chrome 75.0 (Mozilla/5.0 (Windows NT 10.0; Win64; x64) AppleWebKit/537.36 (KHTML, like Gecko) Chrome/75.0.3770.142 Safari/537.36)
[2019-07-30 11:36:20] ---- CONTENT: {data : "<?xml version='1.0' encoding='utf-8' ?><Request ID='201907301136207'><General><Token>61111131252223224013000011333653</Token></General><Data></Data></Request>"}
[2019-07-30 11:36:20] 200 - OK - application/json
[2019-07-30 11:36:20] REQUEST POST - https://localhost:8082/public/ws/Config.asmx/All_Get
[2019-07-30 11:36:20] ---- FROM  ::1 (WinNT)
[2019-07-30 11:36:20] ---- BROWSER:  Chrome 75.0 (Mozilla/5.0 (Windows NT 10.0; Win64; x64) AppleWebKit/537.36 (KHTML, like Gecko) Chrome/75.0.3770.142 Safari/537.36)
[2019-07-30 11:36:20] ---- CONTENT: {data : "<?xml version='1.0' encoding='utf-8' ?><Request ID='2019073011362085'><General><Token>61111131252223224013000011333653</Token></General><Data></Data></Request>"}
[2019-07-30 11:36:20] 200 - OK - application/json
[2019-07-30 11:36:20] REQUEST POST - https://localhost:8082/public/ws/Config.asmx/All_Get
[2019-07-30 11:36:20] ---- FROM  ::1 (WinNT)
[2019-07-30 11:36:20] ---- BROWSER:  Chrome 75.0 (Mozilla/5.0 (Windows NT 10.0; Win64; x64) AppleWebKit/537.36 (KHTML, like Gecko) Chrome/75.0.3770.142 Safari/537.36)
[2019-07-30 11:36:20] ---- CONTENT: {data : "<?xml version='1.0' encoding='utf-8' ?><Request ID='20190730113620297'><General><Token>61111131252223224013000011333653</Token></General><Data></Data></Request>"}
[2019-07-30 11:36:20] 200 - OK - application/json
[2019-07-30 11:36:28] REQUEST GET - https://localhost:8082/economics/anno-precedente-conferma
[2019-07-30 11:36:28] ---- FROM  ::1 (WinNT)
[2019-07-30 11:36:28] ---- BROWSER:  Chrome 75.0 (Mozilla/5.0 (Windows NT 10.0; Win64; x64) AppleWebKit/537.36 (KHTML, like Gecko) Chrome/75.0.3770.142 Safari/537.36)
[2019-07-30 11:36:28] 200 - OK - text/html
[2019-07-30 11:36:29] REQUEST POST - https://localhost:8082/public/ws/AnnoPrec.asmx/Valutazione
[2019-07-30 11:36:29] ---- FROM  ::1 (WinNT)
[2019-07-30 11:36:29] ---- BROWSER:  Chrome 75.0 (Mozilla/5.0 (Windows NT 10.0; Win64; x64) AppleWebKit/537.36 (KHTML, like Gecko) Chrome/75.0.3770.142 Safari/537.36)
[2019-07-30 11:36:29] ---- CONTENT: {data : "<?xml version='1.0' encoding='utf-8' ?><Request ID='20190730113629344'><General><Token>61111131252223224013000011333653</Token></General><Data></Data></Request>"}
[2019-07-30 11:36:29] 200 - OK - application/json
[2019-07-30 11:36:29] REQUEST POST - https://localhost:8082/public/ws/Config.asmx/All_Get
[2019-07-30 11:36:29] ---- FROM  ::1 (WinNT)
[2019-07-30 11:36:29] ---- BROWSER:  Chrome 75.0 (Mozilla/5.0 (Windows NT 10.0; Win64; x64) AppleWebKit/537.36 (KHTML, like Gecko) Chrome/75.0.3770.142 Safari/537.36)
[2019-07-30 11:36:29] ---- CONTENT: {data : "<?xml version='1.0' encoding='utf-8' ?><Request ID='20190730113629425'><General><Token>61111131252223224013000011333653</Token></General><Data></Data></Request>"}
[2019-07-30 11:36:29] REQUEST POST - https://localhost:8082/public/ws/Economics.asmx/messaggi_summary
[2019-07-30 11:36:29] ---- FROM  ::1 (WinNT)
[2019-07-30 11:36:29] ---- BROWSER:  Chrome 75.0 (Mozilla/5.0 (Windows NT 10.0; Win64; x64) AppleWebKit/537.36 (KHTML, like Gecko) Chrome/75.0.3770.142 Safari/537.36)
[2019-07-30 11:36:29] ---- CONTENT: {data : "<?xml version='1.0' encoding='utf-8' ?><Request ID='20190730113629467'><General><Token>61111131252223224013000011333653</Token></General><Data></Data></Request>"}
[2019-07-30 11:36:29] 200 - OK - application/json
[2019-07-30 11:36:29] 200 - OK - application/json
[2019-07-30 11:36:29] REQUEST GET - https://localhost:8082/public/ws/Resources.ashx/xml-economics/61111131252223224013000011333653
[2019-07-30 11:36:29] ---- FROM  ::1 (WinNT)
[2019-07-30 11:36:29] ---- BROWSER:  Chrome 75.0 (Mozilla/5.0 (Windows NT 10.0; Win64; x64) AppleWebKit/537.36 (KHTML, like Gecko) Chrome/75.0.3770.142 Safari/537.36)
[2019-07-30 11:36:29] REQUEST POST - https://localhost:8082/public/ws/Config.asmx/All_Get
[2019-07-30 11:36:29] ---- FROM  ::1 (WinNT)
[2019-07-30 11:36:29] ---- BROWSER:  Chrome 75.0 (Mozilla/5.0 (Windows NT 10.0; Win64; x64) AppleWebKit/537.36 (KHTML, like Gecko) Chrome/75.0.3770.142 Safari/537.36)
[2019-07-30 11:36:29] ---- CONTENT: {data : "<?xml version='1.0' encoding='utf-8' ?><Request ID='20190730113629585'><General><Token>61111131252223224013000011333653</Token></General><Data></Data></Request>"}
[2019-07-30 11:36:29] 200 - OK - text/xml
[2019-07-30 11:36:29] 200 - OK - application/json
[2019-07-30 11:36:29] REQUEST POST - https://localhost:8082/public/ws/Config.asmx/All_Get
[2019-07-30 11:36:29] ---- FROM  ::1 (WinNT)
[2019-07-30 11:36:29] ---- BROWSER:  Chrome 75.0 (Mozilla/5.0 (Windows NT 10.0; Win64; x64) AppleWebKit/537.36 (KHTML, like Gecko) Chrome/75.0.3770.142 Safari/537.36)
[2019-07-30 11:36:29] ---- CONTENT: {data : "<?xml version='1.0' encoding='utf-8' ?><Request ID='20190730113629936'><General><Token>61111131252223224013000011333653</Token></General><Data></Data></Request>"}
[2019-07-30 11:36:32] 200 - OK - application/json
[2019-07-30 11:37:17] REQUEST GET - https://localhost:8082/public/aspx/Home.aspx?Token=61111131252223224013000011333653&TokenApiRest=eyJ0eXAiOiJKV1QiLCJhbGciOiJIUzI1NiJ9.eyJpc3MiOiJodHRwczpcL1wvd3d3cy5kZXYteWVhcC5pdCIsImlhdCI6MTU0MjI5NDMyMSwibmJmIjoxNTQyMjk0MzIxLCJleHAiOjE1NDI4OTkxMjEsImRhdGEiOnsidXNlciI6eyJpZCI6IjQ0In19fQ.RCP5OeoGASxAyBw1MbMD4BFJAcDM5JIXqYXKBALZcJI&Logo=https://localhost:8082/scratch/pl_logo.png&Title=Business Plan Test nr. 2
[2019-07-30 11:37:17] ---- FROM  ::1 (WinNT)
[2019-07-30 11:37:17] ---- BROWSER:  Chrome 75.0 (Mozilla/5.0 (Windows NT 10.0; Win64; x64) AppleWebKit/537.36 (KHTML, like Gecko) Chrome/75.0.3770.142 Safari/537.36)
[2019-07-30 11:37:17] 302 - Found - text/html
[2019-07-30 11:37:17] REQUEST GET - https://localhost:8082/home/welcome?Token=61111131252223224013000011333653&TokenApiRest=eyJ0eXAiOiJKV1QiLCJhbGciOiJIUzI1NiJ9.eyJpc3MiOiJodHRwczpcL1wvd3d3cy5kZXYteWVhcC5pdCIsImlhdCI6MTU0MjI5NDMyMSwibmJmIjoxNTQyMjk0MzIxLCJleHAiOjE1NDI4OTkxMjEsImRhdGEiOnsidXNlciI6eyJpZCI6IjQ0In19fQ.RCP5OeoGASxAyBw1MbMD4BFJAcDM5JIXqYXKBALZcJI&Logo=https://localhost:8082/scratch/pl_logo.png&Title=Business Plan Test nr. 2
[2019-07-30 11:37:17] ---- FROM  ::1 (WinNT)
[2019-07-30 11:37:17] ---- BROWSER:  Chrome 75.0 (Mozilla/5.0 (Windows NT 10.0; Win64; x64) AppleWebKit/537.36 (KHTML, like Gecko) Chrome/75.0.3770.142 Safari/537.36)
[2019-07-30 11:37:17] 200 - OK - text/html
[2019-07-30 11:37:18] REQUEST POST - https://localhost:8082/public/ws/General.asmx/Set
[2019-07-30 11:37:18] ---- FROM  ::1 (WinNT)
[2019-07-30 11:37:18] ---- BROWSER:  Chrome 75.0 (Mozilla/5.0 (Windows NT 10.0; Win64; x64) AppleWebKit/537.36 (KHTML, like Gecko) Chrome/75.0.3770.142 Safari/537.36)
[2019-07-30 11:37:18] ---- CONTENT: {data : "<?xml version='1.0' encoding='utf-8' ?><Request ID='20190730113718834'><General><Token>61111131252223224013000011333653</Token></General><Data><Nome>Business Plan Test nr. 2</Nome><Logo>https%3A%2F%2Flocalhost%3A8082%2Fscratch%2Fpl_logo.png</Logo></Data></Request>"}
[2019-07-30 11:37:18] 200 - OK - application/json
[2019-07-30 11:37:18] REQUEST POST - https://localhost:8082/public/ws/Config.asmx/Economics_Get
[2019-07-30 11:37:18] ---- FROM  ::1 (WinNT)
[2019-07-30 11:37:18] ---- BROWSER:  Chrome 75.0 (Mozilla/5.0 (Windows NT 10.0; Win64; x64) AppleWebKit/537.36 (KHTML, like Gecko) Chrome/75.0.3770.142 Safari/537.36)
[2019-07-30 11:37:18] ---- CONTENT: {data : "<?xml version='1.0' encoding='utf-8' ?><Request ID='20190730113718877'><General><Token>61111131252223224013000011333653</Token></General><Data></Data></Request>"}
[2019-07-30 11:37:18] 200 - OK - application/json
[2019-07-30 11:37:19] REQUEST POST - https://localhost:8082/public/ws/Config.asmx/All_Get
[2019-07-30 11:37:19] ---- FROM  ::1 (WinNT)
[2019-07-30 11:37:19] ---- BROWSER:  Chrome 75.0 (Mozilla/5.0 (Windows NT 10.0; Win64; x64) AppleWebKit/537.36 (KHTML, like Gecko) Chrome/75.0.3770.142 Safari/537.36)
[2019-07-30 11:37:19] ---- CONTENT: {data : "<?xml version='1.0' encoding='utf-8' ?><Request ID='2019073011371976'><General><Token>61111131252223224013000011333653</Token></General><Data></Data></Request>"}
[2019-07-30 11:37:19] 200 - OK - application/json
[2019-07-30 11:37:19] REQUEST POST - https://localhost:8082/public/ws/Economics.asmx/messaggi_summary
[2019-07-30 11:37:19] ---- FROM  ::1 (WinNT)
[2019-07-30 11:37:19] ---- BROWSER:  Chrome 75.0 (Mozilla/5.0 (Windows NT 10.0; Win64; x64) AppleWebKit/537.36 (KHTML, like Gecko) Chrome/75.0.3770.142 Safari/537.36)
[2019-07-30 11:37:19] ---- CONTENT: {data : "<?xml version='1.0' encoding='utf-8' ?><Request ID='20190730113719200'><General><Token>61111131252223224013000011333653</Token></General><Data></Data></Request>"}
[2019-07-30 11:37:19] 200 - OK - application/json
[2019-07-30 11:37:19] REQUEST POST - https://localhost:8082/public/ws/Config.asmx/All_Get
[2019-07-30 11:37:19] ---- FROM  ::1 (WinNT)
[2019-07-30 11:37:19] ---- BROWSER:  Chrome 75.0 (Mozilla/5.0 (Windows NT 10.0; Win64; x64) AppleWebKit/537.36 (KHTML, like Gecko) Chrome/75.0.3770.142 Safari/537.36)
[2019-07-30 11:37:19] ---- CONTENT: {data : "<?xml version='1.0' encoding='utf-8' ?><Request ID='20190730113719481'><General><Token>61111131252223224013000011333653</Token></General><Data></Data></Request>"}
[2019-07-30 11:37:19] REQUEST POST - https://localhost:8082/public/ws/Config.asmx/All_Get
[2019-07-30 11:37:19] ---- FROM  ::1 (WinNT)
[2019-07-30 11:37:19] ---- BROWSER:  Chrome 75.0 (Mozilla/5.0 (Windows NT 10.0; Win64; x64) AppleWebKit/537.36 (KHTML, like Gecko) Chrome/75.0.3770.142 Safari/537.36)
[2019-07-30 11:37:19] ---- CONTENT: {data : "<?xml version='1.0' encoding='utf-8' ?><Request ID='20190730113719496'><General><Token>61111131252223224013000011333653</Token></General><Data></Data></Request>"}
[2019-07-30 11:37:19] 200 - OK - application/json
[2019-07-30 11:37:19] 200 - OK - application/json
[2019-07-30 11:37:29] REQUEST GET - https://localhost:8082/economics/anno-precedente-conferma
[2019-07-30 11:37:29] ---- FROM  ::1 (WinNT)
[2019-07-30 11:37:29] ---- BROWSER:  Chrome 75.0 (Mozilla/5.0 (Windows NT 10.0; Win64; x64) AppleWebKit/537.36 (KHTML, like Gecko) Chrome/75.0.3770.142 Safari/537.36)
[2019-07-30 11:37:29] 200 - OK - text/html
[2019-07-30 11:37:30] REQUEST POST - https://localhost:8082/public/ws/AnnoPrec.asmx/Valutazione
[2019-07-30 11:37:30] ---- FROM  ::1 (WinNT)
[2019-07-30 11:37:30] ---- BROWSER:  Chrome 75.0 (Mozilla/5.0 (Windows NT 10.0; Win64; x64) AppleWebKit/537.36 (KHTML, like Gecko) Chrome/75.0.3770.142 Safari/537.36)
[2019-07-30 11:37:30] ---- CONTENT: {data : "<?xml version='1.0' encoding='utf-8' ?><Request ID='20190730113730521'><General><Token>61111131252223224013000011333653</Token></General><Data></Data></Request>"}
[2019-07-30 11:37:30] 200 - OK - application/json
[2019-07-30 11:37:30] REQUEST POST - https://localhost:8082/public/ws/Config.asmx/All_Get
[2019-07-30 11:37:30] ---- FROM  ::1 (WinNT)
[2019-07-30 11:37:30] ---- BROWSER:  Chrome 75.0 (Mozilla/5.0 (Windows NT 10.0; Win64; x64) AppleWebKit/537.36 (KHTML, like Gecko) Chrome/75.0.3770.142 Safari/537.36)
[2019-07-30 11:37:30] ---- CONTENT: {data : "<?xml version='1.0' encoding='utf-8' ?><Request ID='20190730113730607'><General><Token>61111131252223224013000011333653</Token></General><Data></Data></Request>"}
[2019-07-30 11:37:30] REQUEST POST - https://localhost:8082/public/ws/Economics.asmx/messaggi_summary
[2019-07-30 11:37:30] ---- FROM  ::1 (WinNT)
[2019-07-30 11:37:30] ---- BROWSER:  Chrome 75.0 (Mozilla/5.0 (Windows NT 10.0; Win64; x64) AppleWebKit/537.36 (KHTML, like Gecko) Chrome/75.0.3770.142 Safari/537.36)
[2019-07-30 11:37:30] REQUEST GET - https://localhost:8082/public/ws/Resources.ashx/xml-economics/61111131252223224013000011333653
[2019-07-30 11:37:30] ---- FROM  ::1 (WinNT)
[2019-07-30 11:37:30] ---- BROWSER:  Chrome 75.0 (Mozilla/5.0 (Windows NT 10.0; Win64; x64) AppleWebKit/537.36 (KHTML, like Gecko) Chrome/75.0.3770.142 Safari/537.36)
[2019-07-30 11:37:30] 200 - OK - application/json
[2019-07-30 11:37:30] ---- CONTENT: {data : "<?xml version='1.0' encoding='utf-8' ?><Request ID='20190730113730658'><General><Token>61111131252223224013000011333653</Token></General><Data></Data></Request>"}
[2019-07-30 11:37:30] 200 - OK - application/json
[2019-07-30 11:37:30] 200 - OK - text/xml
[2019-07-30 11:37:30] REQUEST POST - https://localhost:8082/public/ws/Config.asmx/All_Get
[2019-07-30 11:37:30] ---- FROM  ::1 (WinNT)
[2019-07-30 11:37:30] ---- BROWSER:  Chrome 75.0 (Mozilla/5.0 (Windows NT 10.0; Win64; x64) AppleWebKit/537.36 (KHTML, like Gecko) Chrome/75.0.3770.142 Safari/537.36)
[2019-07-30 11:37:30] ---- CONTENT: {data : "<?xml version='1.0' encoding='utf-8' ?><Request ID='20190730113730867'><General><Token>61111131252223224013000011333653</Token></General><Data></Data></Request>"}
[2019-07-30 11:37:30] 200 - OK - application/json
[2019-07-30 11:37:31] REQUEST POST - https://localhost:8082/public/ws/Config.asmx/All_Get
[2019-07-30 11:37:31] ---- FROM  ::1 (WinNT)
[2019-07-30 11:37:31] ---- BROWSER:  Chrome 75.0 (Mozilla/5.0 (Windows NT 10.0; Win64; x64) AppleWebKit/537.36 (KHTML, like Gecko) Chrome/75.0.3770.142 Safari/537.36)
[2019-07-30 11:37:31] ---- CONTENT: {data : "<?xml version='1.0' encoding='utf-8' ?><Request ID='20190730113731110'><General><Token>61111131252223224013000011333653</Token></General><Data></Data></Request>"}
[2019-07-30 11:37:31] 200 - OK - application/json
[2019-07-30 11:37:57] REQUEST GET - https://localhost:8082/public/aspx/Home.aspx?Token=61111131252223224013000011333653&TokenApiRest=eyJ0eXAiOiJKV1QiLCJhbGciOiJIUzI1NiJ9.eyJpc3MiOiJodHRwczpcL1wvd3d3cy5kZXYteWVhcC5pdCIsImlhdCI6MTU0MjI5NDMyMSwibmJmIjoxNTQyMjk0MzIxLCJleHAiOjE1NDI4OTkxMjEsImRhdGEiOnsidXNlciI6eyJpZCI6IjQ0In19fQ.RCP5OeoGASxAyBw1MbMD4BFJAcDM5JIXqYXKBALZcJI&Logo=https://localhost:8082/scratch/pl_logo.png&Title=Business Plan Test nr. 2
[2019-07-30 11:37:57] ---- FROM  ::1 (WinNT)
[2019-07-30 11:37:57] ---- BROWSER:  Chrome 75.0 (Mozilla/5.0 (Windows NT 10.0; Win64; x64) AppleWebKit/537.36 (KHTML, like Gecko) Chrome/75.0.3770.142 Safari/537.36)
[2019-07-30 11:37:57] 302 - Found - text/html
[2019-07-30 11:37:57] REQUEST GET - https://localhost:8082/home/welcome?Token=61111131252223224013000011333653&TokenApiRest=eyJ0eXAiOiJKV1QiLCJhbGciOiJIUzI1NiJ9.eyJpc3MiOiJodHRwczpcL1wvd3d3cy5kZXYteWVhcC5pdCIsImlhdCI6MTU0MjI5NDMyMSwibmJmIjoxNTQyMjk0MzIxLCJleHAiOjE1NDI4OTkxMjEsImRhdGEiOnsidXNlciI6eyJpZCI6IjQ0In19fQ.RCP5OeoGASxAyBw1MbMD4BFJAcDM5JIXqYXKBALZcJI&Logo=https://localhost:8082/scratch/pl_logo.png&Title=Business Plan Test nr. 2
[2019-07-30 11:37:57] ---- FROM  ::1 (WinNT)
[2019-07-30 11:37:57] ---- BROWSER:  Chrome 75.0 (Mozilla/5.0 (Windows NT 10.0; Win64; x64) AppleWebKit/537.36 (KHTML, like Gecko) Chrome/75.0.3770.142 Safari/537.36)
[2019-07-30 11:37:57] 200 - OK - text/html
[2019-07-30 11:37:59] REQUEST POST - https://localhost:8082/public/ws/General.asmx/Set
[2019-07-30 11:37:59] ---- FROM  ::1 (WinNT)
[2019-07-30 11:37:59] ---- BROWSER:  Chrome 75.0 (Mozilla/5.0 (Windows NT 10.0; Win64; x64) AppleWebKit/537.36 (KHTML, like Gecko) Chrome/75.0.3770.142 Safari/537.36)
[2019-07-30 11:37:59] ---- CONTENT: {data : "<?xml version='1.0' encoding='utf-8' ?><Request ID='20190730113759176'><General><Token>61111131252223224013000011333653</Token></General><Data><Nome>Business Plan Test nr. 2</Nome><Logo>https%3A%2F%2Flocalhost%3A8082%2Fscratch%2Fpl_logo.png</Logo></Data></Request>"}
[2019-07-30 11:37:59] 200 - OK - application/json
[2019-07-30 11:37:59] REQUEST POST - https://localhost:8082/public/ws/Config.asmx/Economics_Get
[2019-07-30 11:37:59] ---- FROM  ::1 (WinNT)
[2019-07-30 11:37:59] ---- BROWSER:  Chrome 75.0 (Mozilla/5.0 (Windows NT 10.0; Win64; x64) AppleWebKit/537.36 (KHTML, like Gecko) Chrome/75.0.3770.142 Safari/537.36)
[2019-07-30 11:37:59] ---- CONTENT: {data : "<?xml version='1.0' encoding='utf-8' ?><Request ID='20190730113759223'><General><Token>61111131252223224013000011333653</Token></General><Data></Data></Request>"}
[2019-07-30 11:37:59] 200 - OK - application/json
[2019-07-30 11:37:59] REQUEST POST - https://localhost:8082/public/ws/Config.asmx/All_Get
[2019-07-30 11:37:59] ---- FROM  ::1 (WinNT)
[2019-07-30 11:37:59] ---- BROWSER:  Chrome 75.0 (Mozilla/5.0 (Windows NT 10.0; Win64; x64) AppleWebKit/537.36 (KHTML, like Gecko) Chrome/75.0.3770.142 Safari/537.36)
[2019-07-30 11:37:59] ---- CONTENT: {data : "<?xml version='1.0' encoding='utf-8' ?><Request ID='20190730113759318'><General><Token>61111131252223224013000011333653</Token></General><Data></Data></Request>"}
[2019-07-30 11:37:59] REQUEST POST - https://localhost:8082/public/ws/Economics.asmx/messaggi_summary
[2019-07-30 11:37:59] ---- FROM  ::1 (WinNT)
[2019-07-30 11:37:59] ---- BROWSER:  Chrome 75.0 (Mozilla/5.0 (Windows NT 10.0; Win64; x64) AppleWebKit/537.36 (KHTML, like Gecko) Chrome/75.0.3770.142 Safari/537.36)
[2019-07-30 11:37:59] ---- CONTENT: {data : "<?xml version='1.0' encoding='utf-8' ?><Request ID='20190730113759360'><General><Token>61111131252223224013000011333653</Token></General><Data></Data></Request>"}
[2019-07-30 11:37:59] 200 - OK - application/json
[2019-07-30 11:37:59] 200 - OK - application/json
[2019-07-30 11:37:59] REQUEST POST - https://localhost:8082/public/ws/Config.asmx/All_Get
[2019-07-30 11:37:59] ---- FROM  ::1 (WinNT)
[2019-07-30 11:37:59] ---- BROWSER:  Chrome 75.0 (Mozilla/5.0 (Windows NT 10.0; Win64; x64) AppleWebKit/537.36 (KHTML, like Gecko) Chrome/75.0.3770.142 Safari/537.36)
[2019-07-30 11:37:59] ---- CONTENT: {data : "<?xml version='1.0' encoding='utf-8' ?><Request ID='20190730113759503'><General><Token>61111131252223224013000011333653</Token></General><Data></Data></Request>"}
[2019-07-30 11:37:59] 200 - OK - application/json
[2019-07-30 11:37:59] REQUEST POST - https://localhost:8082/public/ws/Config.asmx/All_Get
[2019-07-30 11:37:59] ---- FROM  ::1 (WinNT)
[2019-07-30 11:37:59] ---- BROWSER:  Chrome 75.0 (Mozilla/5.0 (Windows NT 10.0; Win64; x64) AppleWebKit/537.36 (KHTML, like Gecko) Chrome/75.0.3770.142 Safari/537.36)
[2019-07-30 11:37:59] ---- CONTENT: {data : "<?xml version='1.0' encoding='utf-8' ?><Request ID='20190730113759652'><General><Token>61111131252223224013000011333653</Token></General><Data></Data></Request>"}
[2019-07-30 11:37:59] 200 - OK - application/json
[2019-07-30 11:38:09] REQUEST GET - https://localhost:8082/economics/anno-precedente-conferma
[2019-07-30 11:38:09] ---- FROM  ::1 (WinNT)
[2019-07-30 11:38:09] ---- BROWSER:  Chrome 75.0 (Mozilla/5.0 (Windows NT 10.0; Win64; x64) AppleWebKit/537.36 (KHTML, like Gecko) Chrome/75.0.3770.142 Safari/537.36)
[2019-07-30 11:38:09] 200 - OK - text/html
[2019-07-30 11:38:12] REQUEST POST - https://localhost:8082/public/ws/AnnoPrec.asmx/Valutazione
[2019-07-30 11:38:12] ---- FROM  ::1 (WinNT)
[2019-07-30 11:38:12] ---- BROWSER:  Chrome 75.0 (Mozilla/5.0 (Windows NT 10.0; Win64; x64) AppleWebKit/537.36 (KHTML, like Gecko) Chrome/75.0.3770.142 Safari/537.36)
[2019-07-30 11:38:12] ---- CONTENT: {data : "<?xml version='1.0' encoding='utf-8' ?><Request ID='20190730113812454'><General><Token>61111131252223224013000011333653</Token></General><Data></Data></Request>"}
[2019-07-30 11:38:12] 200 - OK - application/json
[2019-07-30 11:38:12] REQUEST POST - https://localhost:8082/public/ws/Config.asmx/All_Get
[2019-07-30 11:38:12] ---- FROM  ::1 (WinNT)
[2019-07-30 11:38:12] ---- BROWSER:  Chrome 75.0 (Mozilla/5.0 (Windows NT 10.0; Win64; x64) AppleWebKit/537.36 (KHTML, like Gecko) Chrome/75.0.3770.142 Safari/537.36)
[2019-07-30 11:38:12] ---- CONTENT: {data : "<?xml version='1.0' encoding='utf-8' ?><Request ID='20190730113812533'><General><Token>61111131252223224013000011333653</Token></General><Data></Data></Request>"}
[2019-07-30 11:38:12] REQUEST POST - https://localhost:8082/public/ws/Economics.asmx/messaggi_summary
[2019-07-30 11:38:12] ---- FROM  ::1 (WinNT)
[2019-07-30 11:38:12] 200 - OK - application/json
[2019-07-30 11:38:12] ---- BROWSER:  Chrome 75.0 (Mozilla/5.0 (Windows NT 10.0; Win64; x64) AppleWebKit/537.36 (KHTML, like Gecko) Chrome/75.0.3770.142 Safari/537.36)
[2019-07-30 11:38:12] ---- CONTENT: {data : "<?xml version='1.0' encoding='utf-8' ?><Request ID='20190730113812586'><General><Token>61111131252223224013000011333653</Token></General><Data></Data></Request>"}
[2019-07-30 11:38:12] REQUEST GET - https://localhost:8082/public/ws/Resources.ashx/xml-economics/61111131252223224013000011333653
[2019-07-30 11:38:12] ---- FROM  ::1 (WinNT)
[2019-07-30 11:38:12] ---- BROWSER:  Chrome 75.0 (Mozilla/5.0 (Windows NT 10.0; Win64; x64) AppleWebKit/537.36 (KHTML, like Gecko) Chrome/75.0.3770.142 Safari/537.36)
[2019-07-30 11:38:12] 200 - OK - application/json
[2019-07-30 11:38:12] 200 - OK - text/xml
[2019-07-30 11:38:12] REQUEST POST - https://localhost:8082/public/ws/Config.asmx/All_Get
[2019-07-30 11:38:12] ---- FROM  ::1 (WinNT)
[2019-07-30 11:38:12] ---- BROWSER:  Chrome 75.0 (Mozilla/5.0 (Windows NT 10.0; Win64; x64) AppleWebKit/537.36 (KHTML, like Gecko) Chrome/75.0.3770.142 Safari/537.36)
[2019-07-30 11:38:12] ---- CONTENT: {data : "<?xml version='1.0' encoding='utf-8' ?><Request ID='20190730113812694'><General><Token>61111131252223224013000011333653</Token></General><Data></Data></Request>"}
[2019-07-30 11:38:12] 200 - OK - application/json
[2019-07-30 11:38:13] REQUEST POST - https://localhost:8082/public/ws/Config.asmx/All_Get
[2019-07-30 11:38:13] ---- FROM  ::1 (WinNT)
[2019-07-30 11:38:13] ---- BROWSER:  Chrome 75.0 (Mozilla/5.0 (Windows NT 10.0; Win64; x64) AppleWebKit/537.36 (KHTML, like Gecko) Chrome/75.0.3770.142 Safari/537.36)
[2019-07-30 11:38:13] ---- CONTENT: {data : "<?xml version='1.0' encoding='utf-8' ?><Request ID='2019073011381341'><General><Token>61111131252223224013000011333653</Token></General><Data></Data></Request>"}
[2019-07-30 11:38:13] 200 - OK - application/json
