[2019-09-26 14:28:52] REQUEST POST - https://localhost:8082/public/aspx/Home.aspx
[2019-09-26 14:28:52] ---- FROM  ::1 (WinNT)
[2019-09-26 14:28:52] ---- BROWSER:  Chrome 77.0 (Mozilla/5.0 (Windows NT 10.0; Win64; x64) AppleWebKit/537.36 (KHTML, like Gecko) Chrome/77.0.3865.90 Safari/537.36)
[2019-09-26 14:28:52] ---- CONTENT: Token%3D61111131252223224013000011333653%26TokenApiRest%3DeyJ0eXAiOiJKV1QiLCJhbGciOiJIUzI1NiJ9.eyJpc3MiOiJodHRwczpcL1wvd3d3cy5kZXYteWVhcC5pdCIsImlhdCI6MTU0MjI5NDMyMSwibmJmIjoxNTQyMjk0MzIxLCJleHAiOjE1NDI4OTkxMjEsImRhdGEiOnsidXNlciI6eyJpZCI6IjQ0In19fQ.RCP5OeoGASxAyBw1MbMD4BFJAcDM5JIXqYXKBALZcJI%26Logo%3Dhttps%3A%2F%2Flocalhost%3A8082%2Fscratch%2Fpl_logo.png%26Title%3DBusiness+Plan+Test+nr.+2=
[2019-09-26 14:28:53] 302 - Found - text/html
[2019-09-26 14:28:53] REQUEST GET - https://localhost:8082/home/welcome
[2019-09-26 14:28:53] ---- FROM  ::1 (WinNT)
[2019-09-26 14:28:53] ---- BROWSER:  Chrome 77.0 (Mozilla/5.0 (Windows NT 10.0; Win64; x64) AppleWebKit/537.36 (KHTML, like Gecko) Chrome/77.0.3865.90 Safari/537.36)
[2019-09-26 14:28:53] 200 - OK - text/html
[2019-09-26 14:28:53] REQUEST POST - https://localhost:8082/public/ws/General.asmx/Set
[2019-09-26 14:28:53] ---- FROM  ::1 (WinNT)
[2019-09-26 14:28:53] ---- BROWSER:  Chrome 77.0 (Mozilla/5.0 (Windows NT 10.0; Win64; x64) AppleWebKit/537.36 (KHTML, like Gecko) Chrome/77.0.3865.90 Safari/537.36)
[2019-09-26 14:28:53] ---- CONTENT: {data : "<?xml version='1.0' encoding='utf-8' ?><Request ID='20190926142853939'><General><Token>61111131252223224013000011333653</Token></General><Data><Nome>Business Plan Test nr. 2</Nome><Logo>https%3A%2F%2Flocalhost%3A8082%2Fscratch%2Fpl_logo.png</Logo></Data></Request>"}
[2019-09-26 14:28:54] 200 - OK - application/json
[2019-09-26 14:28:54] REQUEST POST - https://localhost:8082/public/ws/Config.asmx/Economics_Get
[2019-09-26 14:28:54] ---- FROM  ::1 (WinNT)
[2019-09-26 14:28:54] ---- BROWSER:  Chrome 77.0 (Mozilla/5.0 (Windows NT 10.0; Win64; x64) AppleWebKit/537.36 (KHTML, like Gecko) Chrome/77.0.3865.90 Safari/537.36)
[2019-09-26 14:28:54] ---- CONTENT: {data : "<?xml version='1.0' encoding='utf-8' ?><Request ID='20190926142854384'><General><Token>61111131252223224013000011333653</Token></General><Data></Data></Request>"}
[2019-09-26 14:28:54] 200 - OK - application/json
[2019-09-26 14:28:54] REQUEST POST - https://localhost:8082/public/ws/Config.asmx/All_Get
[2019-09-26 14:28:54] ---- FROM  ::1 (WinNT)
[2019-09-26 14:28:54] ---- BROWSER:  Chrome 77.0 (Mozilla/5.0 (Windows NT 10.0; Win64; x64) AppleWebKit/537.36 (KHTML, like Gecko) Chrome/77.0.3865.90 Safari/537.36)
[2019-09-26 14:28:54] ---- CONTENT: {data : "<?xml version='1.0' encoding='utf-8' ?><Request ID='20190926142854669'><General><Token>61111131252223224013000011333653</Token></General><Data></Data></Request>"}
[2019-09-26 14:28:54] REQUEST POST - https://localhost:8082/public/ws/Economics.asmx/messaggi_summary
[2019-09-26 14:28:54] ---- FROM  ::1 (WinNT)
[2019-09-26 14:28:54] ---- BROWSER:  Chrome 77.0 (Mozilla/5.0 (Windows NT 10.0; Win64; x64) AppleWebKit/537.36 (KHTML, like Gecko) Chrome/77.0.3865.90 Safari/537.36)
[2019-09-26 14:28:54] REQUEST POST - https://localhost:8082/public/ws/Config.asmx/All_Get
[2019-09-26 14:28:54] ---- CONTENT: {data : "<?xml version='1.0' encoding='utf-8' ?><Request ID='20190926142854704'><General><Token>61111131252223224013000011333653</Token></General><Data></Data></Request>"}
[2019-09-26 14:28:54] ---- FROM  ::1 (WinNT)
[2019-09-26 14:28:54] ---- BROWSER:  Chrome 77.0 (Mozilla/5.0 (Windows NT 10.0; Win64; x64) AppleWebKit/537.36 (KHTML, like Gecko) Chrome/77.0.3865.90 Safari/537.36)
[2019-09-26 14:28:54] ---- CONTENT: {data : "<?xml version='1.0' encoding='utf-8' ?><Request ID='20190926142854792'><General><Token>61111131252223224013000011333653</Token></General><Data></Data></Request>"}
[2019-09-26 14:28:55] 200 - OK - application/json
[2019-09-26 14:28:55] 200 - OK - application/json
[2019-09-26 14:28:55] 200 - OK - application/json
[2019-09-26 14:28:55] REQUEST POST - https://localhost:8082/public/ws/Config.asmx/All_Get
[2019-09-26 14:28:55] ---- FROM  ::1 (WinNT)
[2019-09-26 14:28:55] ---- BROWSER:  Chrome 77.0 (Mozilla/5.0 (Windows NT 10.0; Win64; x64) AppleWebKit/537.36 (KHTML, like Gecko) Chrome/77.0.3865.90 Safari/537.36)
[2019-09-26 14:28:55] ---- CONTENT: {data : "<?xml version='1.0' encoding='utf-8' ?><Request ID='2019092614285553'><General><Token>61111131252223224013000011333653</Token></General><Data></Data></Request>"}
[2019-09-26 14:28:55] 200 - OK - application/json
[2019-09-26 14:28:59] REQUEST GET - https://localhost:8082/controllo/importa-consuntivo
[2019-09-26 14:28:59] ---- FROM  ::1 (WinNT)
[2019-09-26 14:28:59] ---- BROWSER:  Chrome 77.0 (Mozilla/5.0 (Windows NT 10.0; Win64; x64) AppleWebKit/537.36 (KHTML, like Gecko) Chrome/77.0.3865.90 Safari/537.36)
[2019-09-26 14:28:59] 200 - OK - text/html
[2019-09-26 14:29:00] REQUEST POST - https://localhost:8082/public/ws/CDG.asmx/Get
[2019-09-26 14:29:00] ---- FROM  ::1 (WinNT)
[2019-09-26 14:29:00] ---- BROWSER:  Chrome 77.0 (Mozilla/5.0 (Windows NT 10.0; Win64; x64) AppleWebKit/537.36 (KHTML, like Gecko) Chrome/77.0.3865.90 Safari/537.36)
[2019-09-26 14:29:00] ---- CONTENT: {data : "<?xml version='1.0' encoding='utf-8' ?><Request ID='20190926142900780'><General><Token>61111131252223224013000011333653</Token></General><Data></Data></Request>"}
[2019-09-26 14:29:00] 200 - OK - application/json
[2019-09-26 14:29:01] REQUEST GET - https://localhost:8082/public/ws/Resources.ashx/xml-economics/61111131252223224013000011333653
[2019-09-26 14:29:01] ---- FROM  ::1 (WinNT)
[2019-09-26 14:29:01] ---- BROWSER:  Chrome 77.0 (Mozilla/5.0 (Windows NT 10.0; Win64; x64) AppleWebKit/537.36 (KHTML, like Gecko) Chrome/77.0.3865.90 Safari/537.36)
[2019-09-26 14:29:01] REQUEST POST - https://localhost:8082/public/ws/Config.asmx/All_Get
[2019-09-26 14:29:01] ---- FROM  ::1 (WinNT)
[2019-09-26 14:29:01] ---- BROWSER:  Chrome 77.0 (Mozilla/5.0 (Windows NT 10.0; Win64; x64) AppleWebKit/537.36 (KHTML, like Gecko) Chrome/77.0.3865.90 Safari/537.36)
[2019-09-26 14:29:01] ---- CONTENT: {data : "<?xml version='1.0' encoding='utf-8' ?><Request ID='2019092614290112'><General><Token>61111131252223224013000011333653</Token></General><Data></Data></Request>"}
[2019-09-26 14:29:01] REQUEST POST - https://localhost:8082/public/ws/Economics.asmx/messaggi_summary
[2019-09-26 14:29:01] ---- FROM  ::1 (WinNT)
[2019-09-26 14:29:01] ---- BROWSER:  Chrome 77.0 (Mozilla/5.0 (Windows NT 10.0; Win64; x64) AppleWebKit/537.36 (KHTML, like Gecko) Chrome/77.0.3865.90 Safari/537.36)
[2019-09-26 14:29:01] ---- CONTENT: {data : "<?xml version='1.0' encoding='utf-8' ?><Request ID='2019092614290134'><General><Token>61111131252223224013000011333653</Token></General><Data></Data></Request>"}
[2019-09-26 14:29:01] 200 - OK - application/json
[2019-09-26 14:29:01] 200 - OK - text/xml
[2019-09-26 14:29:01] 200 - OK - application/json
[2019-09-26 14:29:01] REQUEST POST - https://localhost:8082/public/ws/Config.asmx/All_Get
[2019-09-26 14:29:01] ---- FROM  ::1 (WinNT)
[2019-09-26 14:29:01] ---- BROWSER:  Chrome 77.0 (Mozilla/5.0 (Windows NT 10.0; Win64; x64) AppleWebKit/537.36 (KHTML, like Gecko) Chrome/77.0.3865.90 Safari/537.36)
[2019-09-26 14:29:01] ---- CONTENT: {data : "<?xml version='1.0' encoding='utf-8' ?><Request ID='20190926142901125'><General><Token>61111131252223224013000011333653</Token></General><Data></Data></Request>"}
[2019-09-26 14:29:01] 200 - OK - application/json
[2019-09-26 14:29:01] REQUEST POST - https://localhost:8082/public/ws/Config.asmx/All_Get
[2019-09-26 14:29:01] ---- FROM  ::1 (WinNT)
[2019-09-26 14:29:01] ---- BROWSER:  Chrome 77.0 (Mozilla/5.0 (Windows NT 10.0; Win64; x64) AppleWebKit/537.36 (KHTML, like Gecko) Chrome/77.0.3865.90 Safari/537.36)
[2019-09-26 14:29:01] ---- CONTENT: {data : "<?xml version='1.0' encoding='utf-8' ?><Request ID='20190926142901200'><General><Token>61111131252223224013000011333653</Token></General><Data></Data></Request>"}
[2019-09-26 14:29:01] 200 - OK - application/json
[2019-09-26 14:29:04] REQUEST GET - https://localhost:8082/controllo/distribuzione-mensile
[2019-09-26 14:29:04] ---- FROM  ::1 (WinNT)
[2019-09-26 14:29:04] ---- BROWSER:  Chrome 77.0 (Mozilla/5.0 (Windows NT 10.0; Win64; x64) AppleWebKit/537.36 (KHTML, like Gecko) Chrome/77.0.3865.90 Safari/537.36)
[2019-09-26 14:29:04] 200 - OK - text/html
[2019-09-26 14:29:04] REQUEST POST - https://localhost:8082/public/ws/CDG.asmx/Weights_Get
[2019-09-26 14:29:04] ---- FROM  ::1 (WinNT)
[2019-09-26 14:29:04] ---- BROWSER:  Chrome 77.0 (Mozilla/5.0 (Windows NT 10.0; Win64; x64) AppleWebKit/537.36 (KHTML, like Gecko) Chrome/77.0.3865.90 Safari/537.36)
[2019-09-26 14:29:04] ---- CONTENT: {data : "<?xml version='1.0' encoding='utf-8' ?><Request ID='20190926142904948'><General><Token>61111131252223224013000011333653</Token></General><Data></Data></Request>"}
[2019-09-26 14:29:05] 200 - OK - application/json
[2019-09-26 14:29:05] REQUEST GET - https://localhost:8082/public/ws/Resources.ashx/xml-economics/61111131252223224013000011333653
[2019-09-26 14:29:05] ---- FROM  ::1 (WinNT)
[2019-09-26 14:29:05] ---- BROWSER:  Chrome 77.0 (Mozilla/5.0 (Windows NT 10.0; Win64; x64) AppleWebKit/537.36 (KHTML, like Gecko) Chrome/77.0.3865.90 Safari/537.36)
[2019-09-26 14:29:05] REQUEST POST - https://localhost:8082/public/ws/Config.asmx/All_Get
[2019-09-26 14:29:05] ---- FROM  ::1 (WinNT)
[2019-09-26 14:29:05] ---- BROWSER:  Chrome 77.0 (Mozilla/5.0 (Windows NT 10.0; Win64; x64) AppleWebKit/537.36 (KHTML, like Gecko) Chrome/77.0.3865.90 Safari/537.36)
[2019-09-26 14:29:05] ---- CONTENT: {data : "<?xml version='1.0' encoding='utf-8' ?><Request ID='20190926142905253'><General><Token>61111131252223224013000011333653</Token></General><Data></Data></Request>"}
[2019-09-26 14:29:05] 200 - OK - application/json
[2019-09-26 14:29:05] 200 - OK - text/xml
[2019-09-26 14:29:05] REQUEST POST - https://localhost:8082/public/ws/Economics.asmx/messaggi_summary
[2019-09-26 14:29:05] ---- FROM  ::1 (WinNT)
[2019-09-26 14:29:05] ---- BROWSER:  Chrome 77.0 (Mozilla/5.0 (Windows NT 10.0; Win64; x64) AppleWebKit/537.36 (KHTML, like Gecko) Chrome/77.0.3865.90 Safari/537.36)
[2019-09-26 14:29:05] ---- CONTENT: {data : "<?xml version='1.0' encoding='utf-8' ?><Request ID='20190926142905294'><General><Token>61111131252223224013000011333653</Token></General><Data></Data></Request>"}
[2019-09-26 14:29:05] 200 - OK - application/json
[2019-09-26 14:29:05] REQUEST POST - https://localhost:8082/public/ws/CDG.asmx/BPData
[2019-09-26 14:29:05] ---- FROM  ::1 (WinNT)
[2019-09-26 14:29:05] ---- BROWSER:  Chrome 77.0 (Mozilla/5.0 (Windows NT 10.0; Win64; x64) AppleWebKit/537.36 (KHTML, like Gecko) Chrome/77.0.3865.90 Safari/537.36)
[2019-09-26 14:29:05] ---- CONTENT: {data : "<?xml version='1.0' encoding='utf-8' ?><Request ID='20190926142905542'><General><Token>61111131252223224013000011333653</Token></General><Data></Data></Request>"}
[2019-09-26 14:29:05] REQUEST POST - https://localhost:8082/public/ws/Config.asmx/All_Get
[2019-09-26 14:29:05] ---- FROM  ::1 (WinNT)
[2019-09-26 14:29:05] ---- BROWSER:  Chrome 77.0 (Mozilla/5.0 (Windows NT 10.0; Win64; x64) AppleWebKit/537.36 (KHTML, like Gecko) Chrome/77.0.3865.90 Safari/537.36)
[2019-09-26 14:29:05] ---- CONTENT: {data : "<?xml version='1.0' encoding='utf-8' ?><Request ID='20190926142905569'><General><Token>61111131252223224013000011333653</Token></General><Data></Data></Request>"}
[2019-09-26 14:29:05] 200 - OK - application/json
[2019-09-26 14:29:05] REQUEST POST - https://localhost:8082/public/ws/Config.asmx/All_Get
[2019-09-26 14:29:05] ---- FROM  ::1 (WinNT)
[2019-09-26 14:29:05] ---- BROWSER:  Chrome 77.0 (Mozilla/5.0 (Windows NT 10.0; Win64; x64) AppleWebKit/537.36 (KHTML, like Gecko) Chrome/77.0.3865.90 Safari/537.36)
[2019-09-26 14:29:05] ---- CONTENT: {data : "<?xml version='1.0' encoding='utf-8' ?><Request ID='20190926142905709'><General><Token>61111131252223224013000011333653</Token></General><Data></Data></Request>"}
[2019-09-26 14:29:05] 200 - OK - application/json
[2019-09-26 14:29:05] 200 - OK - application/json
