[2019-08-20 10:43:18] ---- CONTENT: {data : "<?xml version='1.0' encoding='utf-8' ?><Request ID='2019082010431867'><General><Token>61111131252223224013000011333653</Token></General><Data></Data></Request>"}
[2019-08-20 10:43:18] 200 - OK - application/json
[2019-08-20 10:43:18] REQUEST POST - https://localhost:8082/public/ws/Config.asmx/All_Get
[2019-08-20 10:43:18] ---- FROM  ::1 (WinNT)
[2019-08-20 10:43:18] ---- BROWSER:  Firefox 68.0 (Mozilla/5.0 (Windows NT 10.0; Win64; x64; rv:68.0) Gecko/20100101 Firefox/68.0)
[2019-08-20 10:43:18] ---- CONTENT: {data : "<?xml version='1.0' encoding='utf-8' ?><Request ID='20190820104318126'><General><Token>61111131252223224013000011333653</Token></General><Data></Data></Request>"}
[2019-08-20 10:43:18] REQUEST POST - https://localhost:8082/public/ws/Economics.asmx/messaggi_summary
[2019-08-20 10:43:18] REQUEST POST - https://localhost:8082/public/ws/Config.asmx/All_Get
[2019-08-20 10:43:18] ---- FROM  ::1 (WinNT)
[2019-08-20 10:43:18] ---- BROWSER:  Firefox 68.0 (Mozilla/5.0 (Windows NT 10.0; Win64; x64; rv:68.0) Gecko/20100101 Firefox/68.0)
[2019-08-20 10:43:18] ---- CONTENT: {data : "<?xml version='1.0' encoding='utf-8' ?><Request ID='20190820104318220'><General><Token>61111131252223224013000011333653</Token></General><Data></Data></Request>"}
[2019-08-20 10:43:18] ---- FROM  ::1 (WinNT)
[2019-08-20 10:43:18] ---- BROWSER:  Firefox 68.0 (Mozilla/5.0 (Windows NT 10.0; Win64; x64; rv:68.0) Gecko/20100101 Firefox/68.0)
[2019-08-20 10:43:18] ---- CONTENT: {data : "<?xml version='1.0' encoding='utf-8' ?><Request ID='20190820104318159'><General><Token>61111131252223224013000011333653</Token></General><Data></Data></Request>"}
[2019-08-20 10:43:18] 200 - OK - application/json
[2019-08-20 10:43:18] 200 - OK - application/json
[2019-08-20 10:43:18] 200 - OK - application/json
[2019-08-20 10:43:18] REQUEST POST - https://localhost:8082/public/ws/Config.asmx/All_Get
[2019-08-20 10:43:18] ---- FROM  ::1 (WinNT)
[2019-08-20 10:43:18] ---- BROWSER:  Firefox 68.0 (Mozilla/5.0 (Windows NT 10.0; Win64; x64; rv:68.0) Gecko/20100101 Firefox/68.0)
[2019-08-20 10:43:18] ---- CONTENT: {data : "<?xml version='1.0' encoding='utf-8' ?><Request ID='20190820104318272'><General><Token>61111131252223224013000011333653</Token></General><Data></Data></Request>"}
[2019-08-20 10:43:18] 200 - OK - application/json
[2019-08-20 10:47:44] REQUEST GET - https://localhost:8082/home/welcome
[2019-08-20 10:47:44] ---- FROM  ::1 (WinNT)
[2019-08-20 10:47:44] ---- BROWSER:  Firefox 68.0 (Mozilla/5.0 (Windows NT 10.0; Win64; x64; rv:68.0) Gecko/20100101 Firefox/68.0)
[2019-08-20 10:47:44] 200 - OK - text/html
[2019-08-20 10:47:45] REQUEST POST - https://localhost:8082/public/ws/Config.asmx/Economics_Get
[2019-08-20 10:47:45] ---- FROM  ::1 (WinNT)
[2019-08-20 10:47:45] ---- BROWSER:  Firefox 68.0 (Mozilla/5.0 (Windows NT 10.0; Win64; x64; rv:68.0) Gecko/20100101 Firefox/68.0)
[2019-08-20 10:47:45] ---- CONTENT: {data : "<?xml version='1.0' encoding='utf-8' ?><Request ID='20190820104745361'><General><Token>61111131252223224013000011333653</Token></General><Data></Data></Request>"}
[2019-08-20 10:47:45] 200 - OK - application/json
[2019-08-20 10:47:45] REQUEST POST - https://localhost:8082/public/ws/Config.asmx/All_Get
[2019-08-20 10:47:45] ---- FROM  ::1 (WinNT)
[2019-08-20 10:47:45] ---- BROWSER:  Firefox 68.0 (Mozilla/5.0 (Windows NT 10.0; Win64; x64; rv:68.0) Gecko/20100101 Firefox/68.0)
[2019-08-20 10:47:45] ---- CONTENT: {data : "<?xml version='1.0' encoding='utf-8' ?><Request ID='20190820104745479'><General><Token>61111131252223224013000011333653</Token></General><Data></Data></Request>"}
[2019-08-20 10:47:45] 200 - OK - application/json
[2019-08-20 10:47:45] REQUEST POST - https://localhost:8082/public/ws/Economics.asmx/messaggi_summary
[2019-08-20 10:47:45] ---- FROM  ::1 (WinNT)
[2019-08-20 10:47:45] ---- BROWSER:  Firefox 68.0 (Mozilla/5.0 (Windows NT 10.0; Win64; x64; rv:68.0) Gecko/20100101 Firefox/68.0)
[2019-08-20 10:47:45] ---- CONTENT: {data : "<?xml version='1.0' encoding='utf-8' ?><Request ID='20190820104745527'><General><Token>61111131252223224013000011333653</Token></General><Data></Data></Request>"}
[2019-08-20 10:47:45] 200 - OK - application/json
[2019-08-20 10:47:45] REQUEST POST - https://localhost:8082/public/ws/Config.asmx/All_Get
[2019-08-20 10:47:45] ---- FROM  ::1 (WinNT)
[2019-08-20 10:47:45] ---- BROWSER:  Firefox 68.0 (Mozilla/5.0 (Windows NT 10.0; Win64; x64; rv:68.0) Gecko/20100101 Firefox/68.0)
[2019-08-20 10:47:45] ---- CONTENT: {data : "<?xml version='1.0' encoding='utf-8' ?><Request ID='20190820104745585'><General><Token>61111131252223224013000011333653</Token></General><Data></Data></Request>"}
[2019-08-20 10:47:45] 200 - OK - application/json
[2019-08-20 10:47:45] REQUEST POST - https://localhost:8082/public/ws/Config.asmx/All_Get
[2019-08-20 10:47:45] ---- FROM  ::1 (WinNT)
[2019-08-20 10:47:45] ---- BROWSER:  Firefox 68.0 (Mozilla/5.0 (Windows NT 10.0; Win64; x64; rv:68.0) Gecko/20100101 Firefox/68.0)
[2019-08-20 10:47:45] ---- CONTENT: {data : "<?xml version='1.0' encoding='utf-8' ?><Request ID='20190820104745666'><General><Token>61111131252223224013000011333653</Token></General><Data></Data></Request>"}
[2019-08-20 10:47:45] 200 - OK - application/json
[2019-08-20 10:47:53] REQUEST GET - https://localhost:8082/home/welcome
[2019-08-20 10:47:53] ---- FROM  ::1 (WinNT)
[2019-08-20 10:47:53] ---- BROWSER:  Firefox 68.0 (Mozilla/5.0 (Windows NT 10.0; Win64; x64; rv:68.0) Gecko/20100101 Firefox/68.0)
[2019-08-20 10:47:53] 200 - OK - text/html
[2019-08-20 10:47:54] REQUEST POST - https://localhost:8082/public/ws/Config.asmx/Economics_Get
[2019-08-20 10:47:54] ---- FROM  ::1 (WinNT)
[2019-08-20 10:47:54] ---- BROWSER:  Firefox 68.0 (Mozilla/5.0 (Windows NT 10.0; Win64; x64; rv:68.0) Gecko/20100101 Firefox/68.0)
[2019-08-20 10:47:54] ---- CONTENT: {data : "<?xml version='1.0' encoding='utf-8' ?><Request ID='20190820104754373'><General><Token>61111131252223224013000011333653</Token></General><Data></Data></Request>"}
[2019-08-20 10:47:54] 200 - OK - application/json
[2019-08-20 10:47:54] REQUEST POST - https://localhost:8082/public/ws/Config.asmx/All_Get
[2019-08-20 10:47:54] ---- FROM  ::1 (WinNT)
[2019-08-20 10:47:54] ---- BROWSER:  Firefox 68.0 (Mozilla/5.0 (Windows NT 10.0; Win64; x64; rv:68.0) Gecko/20100101 Firefox/68.0)
[2019-08-20 10:47:54] ---- CONTENT: {data : "<?xml version='1.0' encoding='utf-8' ?><Request ID='20190820104754449'><General><Token>61111131252223224013000011333653</Token></General><Data></Data></Request>"}
[2019-08-20 10:47:54] 200 - OK - application/json
[2019-08-20 10:47:54] REQUEST POST - https://localhost:8082/public/ws/Economics.asmx/messaggi_summary
[2019-08-20 10:47:54] ---- FROM  ::1 (WinNT)
[2019-08-20 10:47:54] ---- BROWSER:  Firefox 68.0 (Mozilla/5.0 (Windows NT 10.0; Win64; x64; rv:68.0) Gecko/20100101 Firefox/68.0)
[2019-08-20 10:47:54] ---- CONTENT: {data : "<?xml version='1.0' encoding='utf-8' ?><Request ID='20190820104754496'><General><Token>61111131252223224013000011333653</Token></General><Data></Data></Request>"}
[2019-08-20 10:47:54] 200 - OK - application/json
[2019-08-20 10:47:54] REQUEST POST - https://localhost:8082/public/ws/Config.asmx/All_Get
[2019-08-20 10:47:54] ---- FROM  ::1 (WinNT)
[2019-08-20 10:47:54] ---- BROWSER:  Firefox 68.0 (Mozilla/5.0 (Windows NT 10.0; Win64; x64; rv:68.0) Gecko/20100101 Firefox/68.0)
[2019-08-20 10:47:54] ---- CONTENT: {data : "<?xml version='1.0' encoding='utf-8' ?><Request ID='20190820104754557'><General><Token>61111131252223224013000011333653</Token></General><Data></Data></Request>"}
[2019-08-20 10:47:54] 200 - OK - application/json
[2019-08-20 10:47:54] REQUEST POST - https://localhost:8082/public/ws/Config.asmx/All_Get
[2019-08-20 10:47:54] ---- FROM  ::1 (WinNT)
[2019-08-20 10:47:54] ---- BROWSER:  Firefox 68.0 (Mozilla/5.0 (Windows NT 10.0; Win64; x64; rv:68.0) Gecko/20100101 Firefox/68.0)
[2019-08-20 10:47:54] ---- CONTENT: {data : "<?xml version='1.0' encoding='utf-8' ?><Request ID='20190820104754633'><General><Token>61111131252223224013000011333653</Token></General><Data></Data></Request>"}
[2019-08-20 10:47:54] 200 - OK - application/json
[2019-08-20 10:49:05] REQUEST GET - https://localhost:8082/home/welcome
[2019-08-20 10:49:05] ---- FROM  ::1 (WinNT)
[2019-08-20 10:49:05] ---- BROWSER:  Firefox 68.0 (Mozilla/5.0 (Windows NT 10.0; Win64; x64; rv:68.0) Gecko/20100101 Firefox/68.0)
[2019-08-20 10:49:05] 200 - OK - text/html
[2019-08-20 10:49:06] REQUEST POST - https://localhost:8082/public/ws/Config.asmx/Economics_Get
[2019-08-20 10:49:06] ---- FROM  ::1 (WinNT)
[2019-08-20 10:49:06] ---- BROWSER:  Firefox 68.0 (Mozilla/5.0 (Windows NT 10.0; Win64; x64; rv:68.0) Gecko/20100101 Firefox/68.0)
[2019-08-20 10:49:06] ---- CONTENT: {data : "<?xml version='1.0' encoding='utf-8' ?><Request ID='2019082010490683'><General><Token>61111131252223224013000011333653</Token></General><Data></Data></Request>"}
[2019-08-20 10:49:06] 200 - OK - application/json
[2019-08-20 10:49:06] REQUEST POST - https://localhost:8082/public/ws/Config.asmx/All_Get
[2019-08-20 10:49:06] ---- FROM  ::1 (WinNT)
[2019-08-20 10:49:06] ---- BROWSER:  Firefox 68.0 (Mozilla/5.0 (Windows NT 10.0; Win64; x64; rv:68.0) Gecko/20100101 Firefox/68.0)
[2019-08-20 10:49:06] ---- CONTENT: {data : "<?xml version='1.0' encoding='utf-8' ?><Request ID='20190820104906139'><General><Token>61111131252223224013000011333653</Token></General><Data></Data></Request>"}
[2019-08-20 10:49:06] 200 - OK - application/json
[2019-08-20 10:49:06] REQUEST POST - https://localhost:8082/public/ws/Economics.asmx/messaggi_summary
[2019-08-20 10:49:06] ---- FROM  ::1 (WinNT)
[2019-08-20 10:49:06] ---- BROWSER:  Firefox 68.0 (Mozilla/5.0 (Windows NT 10.0; Win64; x64; rv:68.0) Gecko/20100101 Firefox/68.0)
[2019-08-20 10:49:06] ---- CONTENT: {data : "<?xml version='1.0' encoding='utf-8' ?><Request ID='20190820104906158'><General><Token>61111131252223224013000011333653</Token></General><Data></Data></Request>"}
[2019-08-20 10:49:06] 200 - OK - application/json
[2019-08-20 10:49:06] REQUEST POST - https://localhost:8082/public/ws/Config.asmx/All_Get
[2019-08-20 10:49:06] ---- FROM  ::1 (WinNT)
[2019-08-20 10:49:06] ---- BROWSER:  Firefox 68.0 (Mozilla/5.0 (Windows NT 10.0; Win64; x64; rv:68.0) Gecko/20100101 Firefox/68.0)
[2019-08-20 10:49:06] ---- CONTENT: {data : "<?xml version='1.0' encoding='utf-8' ?><Request ID='20190820104906198'><General><Token>61111131252223224013000011333653</Token></General><Data></Data></Request>"}
[2019-08-20 10:49:06] 200 - OK - application/json
[2019-08-20 10:49:06] REQUEST POST - https://localhost:8082/public/ws/Config.asmx/All_Get
[2019-08-20 10:49:06] ---- FROM  ::1 (WinNT)
[2019-08-20 10:49:06] ---- BROWSER:  Firefox 68.0 (Mozilla/5.0 (Windows NT 10.0; Win64; x64; rv:68.0) Gecko/20100101 Firefox/68.0)
[2019-08-20 10:49:06] ---- CONTENT: {data : "<?xml version='1.0' encoding='utf-8' ?><Request ID='20190820104906248'><General><Token>61111131252223224013000011333653</Token></General><Data></Data></Request>"}
[2019-08-20 10:49:06] 200 - OK - application/json
[2019-08-20 10:49:14] REQUEST GET - https://localhost:8082/home/welcome
[2019-08-20 10:49:14] ---- FROM  ::1 (WinNT)
[2019-08-20 10:49:14] ---- BROWSER:  Firefox 68.0 (Mozilla/5.0 (Windows NT 10.0; Win64; x64; rv:68.0) Gecko/20100101 Firefox/68.0)
[2019-08-20 10:49:14] 200 - OK - text/html
[2019-08-20 10:49:14] REQUEST POST - https://localhost:8082/public/ws/Config.asmx/Economics_Get
[2019-08-20 10:49:14] ---- FROM  ::1 (WinNT)
[2019-08-20 10:49:14] ---- BROWSER:  Firefox 68.0 (Mozilla/5.0 (Windows NT 10.0; Win64; x64; rv:68.0) Gecko/20100101 Firefox/68.0)
[2019-08-20 10:49:14] ---- CONTENT: {data : "<?xml version='1.0' encoding='utf-8' ?><Request ID='20190820104914491'><General><Token>61111131252223224013000011333653</Token></General><Data></Data></Request>"}
[2019-08-20 10:49:14] 200 - OK - application/json
[2019-08-20 10:49:14] REQUEST POST - https://localhost:8082/public/ws/Config.asmx/All_Get
[2019-08-20 10:49:14] ---- FROM  ::1 (WinNT)
[2019-08-20 10:49:14] ---- BROWSER:  Firefox 68.0 (Mozilla/5.0 (Windows NT 10.0; Win64; x64; rv:68.0) Gecko/20100101 Firefox/68.0)
[2019-08-20 10:49:14] ---- CONTENT: {data : "<?xml version='1.0' encoding='utf-8' ?><Request ID='20190820104914568'><General><Token>61111131252223224013000011333653</Token></General><Data></Data></Request>"}
[2019-08-20 10:49:14] 200 - OK - application/json
[2019-08-20 10:49:14] REQUEST POST - https://localhost:8082/public/ws/Economics.asmx/messaggi_summary
[2019-08-20 10:49:14] ---- FROM  ::1 (WinNT)
[2019-08-20 10:49:14] ---- BROWSER:  Firefox 68.0 (Mozilla/5.0 (Windows NT 10.0; Win64; x64; rv:68.0) Gecko/20100101 Firefox/68.0)
[2019-08-20 10:49:14] ---- CONTENT: {data : "<?xml version='1.0' encoding='utf-8' ?><Request ID='20190820104914601'><General><Token>61111131252223224013000011333653</Token></General><Data></Data></Request>"}
[2019-08-20 10:49:14] 200 - OK - application/json
[2019-08-20 10:49:14] REQUEST POST - https://localhost:8082/public/ws/Config.asmx/All_Get
[2019-08-20 10:49:14] ---- FROM  ::1 (WinNT)
[2019-08-20 10:49:14] ---- BROWSER:  Firefox 68.0 (Mozilla/5.0 (Windows NT 10.0; Win64; x64; rv:68.0) Gecko/20100101 Firefox/68.0)
[2019-08-20 10:49:14] ---- CONTENT: {data : "<?xml version='1.0' encoding='utf-8' ?><Request ID='20190820104914652'><General><Token>61111131252223224013000011333653</Token></General><Data></Data></Request>"}
[2019-08-20 10:49:14] 200 - OK - application/json
[2019-08-20 10:49:14] REQUEST POST - https://localhost:8082/public/ws/Config.asmx/All_Get
[2019-08-20 10:49:14] ---- FROM  ::1 (WinNT)
[2019-08-20 10:49:14] ---- BROWSER:  Firefox 68.0 (Mozilla/5.0 (Windows NT 10.0; Win64; x64; rv:68.0) Gecko/20100101 Firefox/68.0)
[2019-08-20 10:49:14] ---- CONTENT: {data : "<?xml version='1.0' encoding='utf-8' ?><Request ID='20190820104914706'><General><Token>61111131252223224013000011333653</Token></General><Data></Data></Request>"}
[2019-08-20 10:49:14] 200 - OK - application/json
