[2019-09-06 16:22:40] REQUEST POST - https://localhost:8082/public/aspx/Home.aspx
[2019-09-06 16:22:40] ---- FROM  ::1 (WinNT)
[2019-09-06 16:22:40] ---- BROWSER:  Chrome 76.0 (Mozilla/5.0 (Windows NT 10.0; Win64; x64) AppleWebKit/537.36 (KHTML, like Gecko) Chrome/76.0.3809.132 Safari/537.36)
[2019-09-06 16:22:40] ---- CONTENT: Token%3D61111131252223224013000011333653%26TokenApiRest%3DeyJ0eXAiOiJKV1QiLCJhbGciOiJIUzI1NiJ9.eyJpc3MiOiJodHRwczpcL1wvd3d3cy5kZXYteWVhcC5pdCIsImlhdCI6MTU0MjI5NDMyMSwibmJmIjoxNTQyMjk0MzIxLCJleHAiOjE1NDI4OTkxMjEsImRhdGEiOnsidXNlciI6eyJpZCI6IjQ0In19fQ.RCP5OeoGASxAyBw1MbMD4BFJAcDM5JIXqYXKBALZcJI%26Logo%3Dhttps%3A%2F%2Flocalhost%3A8082%2Fscratch%2Fpl_logo.png%26Title%3DBusiness+Plan+Test+nr.+2=
[2019-09-06 16:22:47] 302 - Found - text/html
[2019-09-06 16:22:47] REQUEST GET - https://localhost:8082/home/welcome?Token=61111131252223224013000011333653&TokenApiRest=eyJ0eXAiOiJKV1QiLCJhbGciOiJIUzI1NiJ9.eyJpc3MiOiJodHRwczpcL1wvd3d3cy5kZXYteWVhcC5pdCIsImlhdCI6MTU0MjI5NDMyMSwibmJmIjoxNTQyMjk0MzIxLCJleHAiOjE1NDI4OTkxMjEsImRhdGEiOnsidXNlciI6eyJpZCI6IjQ0In19fQ.RCP5OeoGASxAyBw1MbMD4BFJAcDM5JIXqYXKBALZcJI&Logo=https://localhost:8082/scratch/pl_logo.png&Title=Business+Plan+Test+nr.+2
[2019-09-06 16:22:47] ---- FROM  ::1 (WinNT)
[2019-09-06 16:22:47] ---- BROWSER:  Chrome 76.0 (Mozilla/5.0 (Windows NT 10.0; Win64; x64) AppleWebKit/537.36 (KHTML, like Gecko) Chrome/76.0.3809.132 Safari/537.36)
[2019-09-06 16:22:47] 200 - OK - text/html
[2019-09-06 16:22:49] REQUEST POST - https://localhost:8082/public/ws/General.asmx/Set
[2019-09-06 16:22:49] ---- FROM  ::1 (WinNT)
[2019-09-06 16:22:49] ---- BROWSER:  Chrome 76.0 (Mozilla/5.0 (Windows NT 10.0; Win64; x64) AppleWebKit/537.36 (KHTML, like Gecko) Chrome/76.0.3809.132 Safari/537.36)
[2019-09-06 16:22:49] ---- CONTENT: {data : "<?xml version='1.0' encoding='utf-8' ?><Request ID='20190906162249599'><General><Token>61111131252223224013000011333653</Token></General><Data><Nome>Business Plan Test nr. 2</Nome><Logo>https%3A%2F%2Flocalhost%3A8082%2Fscratch%2Fpl_logo.png</Logo></Data></Request>"}
[2019-09-06 16:22:50] 200 - OK - application/json
[2019-09-06 16:22:50] REQUEST POST - https://localhost:8082/public/ws/Config.asmx/Economics_Get
[2019-09-06 16:22:50] ---- FROM  ::1 (WinNT)
[2019-09-06 16:22:50] ---- BROWSER:  Chrome 76.0 (Mozilla/5.0 (Windows NT 10.0; Win64; x64) AppleWebKit/537.36 (KHTML, like Gecko) Chrome/76.0.3809.132 Safari/537.36)
[2019-09-06 16:22:50] ---- CONTENT: {data : "<?xml version='1.0' encoding='utf-8' ?><Request ID='2019090616225044'><General><Token>61111131252223224013000011333653</Token></General><Data></Data></Request>"}
[2019-09-06 16:22:50] 200 - OK - application/json
[2019-09-06 16:22:50] REQUEST POST - https://localhost:8082/public/ws/Config.asmx/All_Get
[2019-09-06 16:22:50] ---- FROM  ::1 (WinNT)
[2019-09-06 16:22:50] ---- BROWSER:  Chrome 76.0 (Mozilla/5.0 (Windows NT 10.0; Win64; x64) AppleWebKit/537.36 (KHTML, like Gecko) Chrome/76.0.3809.132 Safari/537.36)
[2019-09-06 16:22:50] ---- CONTENT: {data : "<?xml version='1.0' encoding='utf-8' ?><Request ID='20190906162250242'><General><Token>61111131252223224013000011333653</Token></General><Data></Data></Request>"}
[2019-09-06 16:22:50] REQUEST POST - https://localhost:8082/public/ws/Economics.asmx/messaggi_summary
[2019-09-06 16:22:50] ---- FROM  ::1 (WinNT)
[2019-09-06 16:22:50] ---- BROWSER:  Chrome 76.0 (Mozilla/5.0 (Windows NT 10.0; Win64; x64) AppleWebKit/537.36 (KHTML, like Gecko) Chrome/76.0.3809.132 Safari/537.36)
[2019-09-06 16:22:50] ---- CONTENT: {data : "<?xml version='1.0' encoding='utf-8' ?><Request ID='20190906162250277'><General><Token>61111131252223224013000011333653</Token></General><Data></Data></Request>"}
[2019-09-06 16:22:50] 200 - OK - application/json
[2019-09-06 16:22:50] 200 - OK - application/json
[2019-09-06 16:22:50] REQUEST POST - https://localhost:8082/public/ws/Config.asmx/All_Get
[2019-09-06 16:22:50] ---- FROM  ::1 (WinNT)
[2019-09-06 16:22:50] ---- BROWSER:  Chrome 76.0 (Mozilla/5.0 (Windows NT 10.0; Win64; x64) AppleWebKit/537.36 (KHTML, like Gecko) Chrome/76.0.3809.132 Safari/537.36)
[2019-09-06 16:22:50] ---- CONTENT: {data : "<?xml version='1.0' encoding='utf-8' ?><Request ID='20190906162250588'><General><Token>61111131252223224013000011333653</Token></General><Data></Data></Request>"}
[2019-09-06 16:22:50] 200 - OK - application/json
[2019-09-06 16:22:50] REQUEST POST - https://localhost:8082/public/ws/Config.asmx/All_Get
[2019-09-06 16:22:50] ---- FROM  ::1 (WinNT)
[2019-09-06 16:22:50] ---- BROWSER:  Chrome 76.0 (Mozilla/5.0 (Windows NT 10.0; Win64; x64) AppleWebKit/537.36 (KHTML, like Gecko) Chrome/76.0.3809.132 Safari/537.36)
[2019-09-06 16:22:50] ---- CONTENT: {data : "<?xml version='1.0' encoding='utf-8' ?><Request ID='20190906162250705'><General><Token>61111131252223224013000011333653</Token></General><Data></Data></Request>"}
[2019-09-06 16:22:50] 200 - OK - application/json
[2019-09-06 16:29:58] REQUEST POST - https://localhost:8082/public/aspx/Home.aspx
[2019-09-06 16:29:58] ---- FROM  ::1 (WinNT)
[2019-09-06 16:29:58] ---- BROWSER:  Chrome 76.0 (Mozilla/5.0 (Windows NT 10.0; Win64; x64) AppleWebKit/537.36 (KHTML, like Gecko) Chrome/76.0.3809.132 Safari/537.36)
[2019-09-06 16:29:58] ---- CONTENT: Token%3D61111131252223224013000011333653%26TokenApiRest%3DeyJ0eXAiOiJKV1QiLCJhbGciOiJIUzI1NiJ9.eyJpc3MiOiJodHRwczpcL1wvd3d3cy5kZXYteWVhcC5pdCIsImlhdCI6MTU0MjI5NDMyMSwibmJmIjoxNTQyMjk0MzIxLCJleHAiOjE1NDI4OTkxMjEsImRhdGEiOnsidXNlciI6eyJpZCI6IjQ0In19fQ.RCP5OeoGASxAyBw1MbMD4BFJAcDM5JIXqYXKBALZcJI%26Logo%3Dhttps%3A%2F%2Flocalhost%3A8082%2Fscratch%2Fpl_logo.png%26Title%3DBusiness+Plan+Test+nr.+2=
[2019-09-06 16:29:59] 302 - Found - text/html
[2019-09-06 16:29:59] REQUEST GET - https://localhost:8082/home/welcome?Token=61111131252223224013000011333653&TokenApiRest=eyJ0eXAiOiJKV1QiLCJhbGciOiJIUzI1NiJ9.eyJpc3MiOiJodHRwczpcL1wvd3d3cy5kZXYteWVhcC5pdCIsImlhdCI6MTU0MjI5NDMyMSwibmJmIjoxNTQyMjk0MzIxLCJleHAiOjE1NDI4OTkxMjEsImRhdGEiOnsidXNlciI6eyJpZCI6IjQ0In19fQ.RCP5OeoGASxAyBw1MbMD4BFJAcDM5JIXqYXKBALZcJI&Logo=https://localhost:8082/scratch/pl_logo.png&Title=Business+Plan+Test+nr.+2
[2019-09-06 16:29:59] ---- FROM  ::1 (WinNT)
[2019-09-06 16:29:59] ---- BROWSER:  Chrome 76.0 (Mozilla/5.0 (Windows NT 10.0; Win64; x64) AppleWebKit/537.36 (KHTML, like Gecko) Chrome/76.0.3809.132 Safari/537.36)
[2019-09-06 16:29:59] 200 - OK - text/html
[2019-09-06 16:30:01] REQUEST POST - https://localhost:8082/public/ws/General.asmx/Set
[2019-09-06 16:30:01] ---- FROM  ::1 (WinNT)
[2019-09-06 16:30:01] ---- BROWSER:  Chrome 76.0 (Mozilla/5.0 (Windows NT 10.0; Win64; x64) AppleWebKit/537.36 (KHTML, like Gecko) Chrome/76.0.3809.132 Safari/537.36)
[2019-09-06 16:30:01] ---- CONTENT: {data : "<?xml version='1.0' encoding='utf-8' ?><Request ID='20190906163001251'><General><Token>61111131252223224013000011333653</Token></General><Data><Nome>Business Plan Test nr. 2</Nome><Logo>https%3A%2F%2Flocalhost%3A8082%2Fscratch%2Fpl_logo.png</Logo></Data></Request>"}
[2019-09-06 16:30:01] 200 - OK - application/json
[2019-09-06 16:30:01] REQUEST POST - https://localhost:8082/public/ws/Config.asmx/Economics_Get
[2019-09-06 16:30:01] ---- FROM  ::1 (WinNT)
[2019-09-06 16:30:01] ---- BROWSER:  Chrome 76.0 (Mozilla/5.0 (Windows NT 10.0; Win64; x64) AppleWebKit/537.36 (KHTML, like Gecko) Chrome/76.0.3809.132 Safari/537.36)
[2019-09-06 16:30:01] ---- CONTENT: {data : "<?xml version='1.0' encoding='utf-8' ?><Request ID='20190906163001355'><General><Token>61111131252223224013000011333653</Token></General><Data></Data></Request>"}
[2019-09-06 16:30:01] 200 - OK - application/json
[2019-09-06 16:30:01] REQUEST POST - https://localhost:8082/public/ws/Config.asmx/All_Get
[2019-09-06 16:30:01] ---- FROM  ::1 (WinNT)
[2019-09-06 16:30:01] REQUEST POST - https://localhost:8082/public/ws/Economics.asmx/messaggi_summary
[2019-09-06 16:30:01] ---- FROM  ::1 (WinNT)
[2019-09-06 16:30:01] ---- BROWSER:  Chrome 76.0 (Mozilla/5.0 (Windows NT 10.0; Win64; x64) AppleWebKit/537.36 (KHTML, like Gecko) Chrome/76.0.3809.132 Safari/537.36)
[2019-09-06 16:30:01] ---- CONTENT: {data : "<?xml version='1.0' encoding='utf-8' ?><Request ID='20190906163001527'><General><Token>61111131252223224013000011333653</Token></General><Data></Data></Request>"}
[2019-09-06 16:30:01] ---- BROWSER:  Chrome 76.0 (Mozilla/5.0 (Windows NT 10.0; Win64; x64) AppleWebKit/537.36 (KHTML, like Gecko) Chrome/76.0.3809.132 Safari/537.36)
[2019-09-06 16:30:01] ---- CONTENT: {data : "<?xml version='1.0' encoding='utf-8' ?><Request ID='20190906163001643'><General><Token>61111131252223224013000011333653</Token></General><Data></Data></Request>"}
[2019-09-06 16:30:01] 200 - OK - application/json
[2019-09-06 16:30:01] 200 - OK - application/json
[2019-09-06 16:30:02] REQUEST POST - https://localhost:8082/public/ws/Config.asmx/All_Get
[2019-09-06 16:30:02] ---- FROM  ::1 (WinNT)
[2019-09-06 16:30:02] ---- BROWSER:  Chrome 76.0 (Mozilla/5.0 (Windows NT 10.0; Win64; x64) AppleWebKit/537.36 (KHTML, like Gecko) Chrome/76.0.3809.132 Safari/537.36)
[2019-09-06 16:30:02] ---- CONTENT: {data : "<?xml version='1.0' encoding='utf-8' ?><Request ID='20190906163001993'><General><Token>61111131252223224013000011333653</Token></General><Data></Data></Request>"}
[2019-09-06 16:30:02] 200 - OK - application/json
[2019-09-06 16:30:02] REQUEST POST - https://localhost:8082/public/ws/Config.asmx/All_Get
[2019-09-06 16:30:02] ---- FROM  ::1 (WinNT)
[2019-09-06 16:30:02] ---- BROWSER:  Chrome 76.0 (Mozilla/5.0 (Windows NT 10.0; Win64; x64) AppleWebKit/537.36 (KHTML, like Gecko) Chrome/76.0.3809.132 Safari/537.36)
[2019-09-06 16:30:02] ---- CONTENT: {data : "<?xml version='1.0' encoding='utf-8' ?><Request ID='20190906163002176'><General><Token>61111131252223224013000011333653</Token></General><Data></Data></Request>"}
[2019-09-06 16:30:02] 200 - OK - application/json
[2019-09-06 16:44:14] REQUEST POST - https://localhost:8082/public/aspx/Home.aspx
[2019-09-06 16:44:14] ---- FROM  ::1 (WinNT)
[2019-09-06 16:44:14] ---- BROWSER:  Chrome 76.0 (Mozilla/5.0 (Windows NT 10.0; Win64; x64) AppleWebKit/537.36 (KHTML, like Gecko) Chrome/76.0.3809.132 Safari/537.36)
[2019-09-06 16:44:14] ---- CONTENT: Token%3D61111131252223224013000011333653%26TokenApiRest%3DeyJ0eXAiOiJKV1QiLCJhbGciOiJIUzI1NiJ9.eyJpc3MiOiJodHRwczpcL1wvd3d3cy5kZXYteWVhcC5pdCIsImlhdCI6MTU0MjI5NDMyMSwibmJmIjoxNTQyMjk0MzIxLCJleHAiOjE1NDI4OTkxMjEsImRhdGEiOnsidXNlciI6eyJpZCI6IjQ0In19fQ.RCP5OeoGASxAyBw1MbMD4BFJAcDM5JIXqYXKBALZcJI%26Logo%3Dhttps%3A%2F%2Flocalhost%3A8082%2Fscratch%2Fpl_logo.png%26Title%3DBusiness+Plan+Test+nr.+2=
[2019-09-06 16:44:15] 302 - Found - text/html
[2019-09-06 16:44:15] REQUEST GET - https://localhost:8082/home/welcome?Token=61111131252223224013000011333653&TokenApiRest=eyJ0eXAiOiJKV1QiLCJhbGciOiJIUzI1NiJ9.eyJpc3MiOiJodHRwczpcL1wvd3d3cy5kZXYteWVhcC5pdCIsImlhdCI6MTU0MjI5NDMyMSwibmJmIjoxNTQyMjk0MzIxLCJleHAiOjE1NDI4OTkxMjEsImRhdGEiOnsidXNlciI6eyJpZCI6IjQ0In19fQ.RCP5OeoGASxAyBw1MbMD4BFJAcDM5JIXqYXKBALZcJI&Logo=https://localhost:8082/scratch/pl_logo.png&Title=Business+Plan+Test+nr.+2
[2019-09-06 16:44:15] ---- FROM  ::1 (WinNT)
[2019-09-06 16:44:15] ---- BROWSER:  Chrome 76.0 (Mozilla/5.0 (Windows NT 10.0; Win64; x64) AppleWebKit/537.36 (KHTML, like Gecko) Chrome/76.0.3809.132 Safari/537.36)
[2019-09-06 16:44:15] 200 - OK - text/html
[2019-09-06 16:44:19] REQUEST POST - https://localhost:8082/public/ws/General.asmx/Set
[2019-09-06 16:44:19] ---- FROM  ::1 (WinNT)
[2019-09-06 16:44:19] ---- BROWSER:  Chrome 76.0 (Mozilla/5.0 (Windows NT 10.0; Win64; x64) AppleWebKit/537.36 (KHTML, like Gecko) Chrome/76.0.3809.132 Safari/537.36)
[2019-09-06 16:44:19] ---- CONTENT: {data : "<?xml version='1.0' encoding='utf-8' ?><Request ID='2019090616441972'><General><Token>61111131252223224013000011333653</Token></General><Data><Nome>Business Plan Test nr. 2</Nome><Logo>https%3A%2F%2Flocalhost%3A8082%2Fscratch%2Fpl_logo.png</Logo></Data></Request>"}
[2019-09-06 16:44:19] 200 - OK - application/json
[2019-09-06 16:44:19] REQUEST POST - https://localhost:8082/public/ws/Config.asmx/Economics_Get
[2019-09-06 16:44:19] ---- FROM  ::1 (WinNT)
[2019-09-06 16:44:19] ---- BROWSER:  Chrome 76.0 (Mozilla/5.0 (Windows NT 10.0; Win64; x64) AppleWebKit/537.36 (KHTML, like Gecko) Chrome/76.0.3809.132 Safari/537.36)
[2019-09-06 16:44:19] ---- CONTENT: {data : "<?xml version='1.0' encoding='utf-8' ?><Request ID='20190906164419214'><General><Token>61111131252223224013000011333653</Token></General><Data></Data></Request>"}
[2019-09-06 16:44:19] 200 - OK - application/json
[2019-09-06 16:44:19] REQUEST POST - https://localhost:8082/public/ws/Config.asmx/All_Get
[2019-09-06 16:44:19] ---- FROM  ::1 (WinNT)
[2019-09-06 16:44:19] ---- BROWSER:  Chrome 76.0 (Mozilla/5.0 (Windows NT 10.0; Win64; x64) AppleWebKit/537.36 (KHTML, like Gecko) Chrome/76.0.3809.132 Safari/537.36)
[2019-09-06 16:44:19] ---- CONTENT: {data : "<?xml version='1.0' encoding='utf-8' ?><Request ID='20190906164419385'><General><Token>61111131252223224013000011333653</Token></General><Data></Data></Request>"}
[2019-09-06 16:44:19] 200 - OK - application/json
[2019-09-06 16:44:19] REQUEST POST - https://localhost:8082/public/ws/Economics.asmx/messaggi_summary
[2019-09-06 16:44:19] ---- FROM  ::1 (WinNT)
[2019-09-06 16:44:19] ---- BROWSER:  Chrome 76.0 (Mozilla/5.0 (Windows NT 10.0; Win64; x64) AppleWebKit/537.36 (KHTML, like Gecko) Chrome/76.0.3809.132 Safari/537.36)
[2019-09-06 16:44:19] ---- CONTENT: {data : "<?xml version='1.0' encoding='utf-8' ?><Request ID='20190906164419418'><General><Token>61111131252223224013000011333653</Token></General><Data></Data></Request>"}
[2019-09-06 16:44:19] 200 - OK - application/json
[2019-09-06 16:44:19] REQUEST POST - https://localhost:8082/public/ws/Config.asmx/All_Get
[2019-09-06 16:44:19] ---- FROM  ::1 (WinNT)
[2019-09-06 16:44:19] ---- BROWSER:  Chrome 76.0 (Mozilla/5.0 (Windows NT 10.0; Win64; x64) AppleWebKit/537.36 (KHTML, like Gecko) Chrome/76.0.3809.132 Safari/537.36)
[2019-09-06 16:44:19] ---- CONTENT: {data : "<?xml version='1.0' encoding='utf-8' ?><Request ID='20190906164419643'><General><Token>61111131252223224013000011333653</Token></General><Data></Data></Request>"}
[2019-09-06 16:44:19] 200 - OK - application/json
[2019-09-06 16:44:20] REQUEST POST - https://localhost:8082/public/ws/Config.asmx/All_Get
[2019-09-06 16:44:20] ---- FROM  ::1 (WinNT)
[2019-09-06 16:44:20] ---- BROWSER:  Chrome 76.0 (Mozilla/5.0 (Windows NT 10.0; Win64; x64) AppleWebKit/537.36 (KHTML, like Gecko) Chrome/76.0.3809.132 Safari/537.36)
[2019-09-06 16:44:20] ---- CONTENT: {data : "<?xml version='1.0' encoding='utf-8' ?><Request ID='2019090616442036'><General><Token>61111131252223224013000011333653</Token></General><Data></Data></Request>"}
[2019-09-06 16:44:20] 200 - OK - application/json
[2019-09-06 16:45:51] REQUEST POST - https://localhost:8082/public/aspx/Home.aspx
[2019-09-06 16:45:51] ---- FROM  ::1 (WinNT)
[2019-09-06 16:45:51] ---- BROWSER:  Chrome 76.0 (Mozilla/5.0 (Windows NT 10.0; Win64; x64) AppleWebKit/537.36 (KHTML, like Gecko) Chrome/76.0.3809.132 Safari/537.36)
[2019-09-06 16:45:51] ---- CONTENT: Token%3D61111131252223224013000011333653%26TokenApiRest%3DeyJ0eXAiOiJKV1QiLCJhbGciOiJIUzI1NiJ9.eyJpc3MiOiJodHRwczpcL1wvd3d3cy5kZXYteWVhcC5pdCIsImlhdCI6MTU0MjI5NDMyMSwibmJmIjoxNTQyMjk0MzIxLCJleHAiOjE1NDI4OTkxMjEsImRhdGEiOnsidXNlciI6eyJpZCI6IjQ0In19fQ.RCP5OeoGASxAyBw1MbMD4BFJAcDM5JIXqYXKBALZcJI%26Logo%3Dhttps%3A%2F%2Flocalhost%3A8082%2Fscratch%2Fpl_logo.png%26Title%3DBusiness+Plan+Test+nr.+2=
[2019-09-06 16:45:52] 302 - Found - text/html
[2019-09-06 16:45:52] REQUEST GET - https://localhost:8082/home/welcome?Token=61111131252223224013000011333653&TokenApiRest=eyJ0eXAiOiJKV1QiLCJhbGciOiJIUzI1NiJ9.eyJpc3MiOiJodHRwczpcL1wvd3d3cy5kZXYteWVhcC5pdCIsImlhdCI6MTU0MjI5NDMyMSwibmJmIjoxNTQyMjk0MzIxLCJleHAiOjE1NDI4OTkxMjEsImRhdGEiOnsidXNlciI6eyJpZCI6IjQ0In19fQ.RCP5OeoGASxAyBw1MbMD4BFJAcDM5JIXqYXKBALZcJI&Logo=https://localhost:8082/scratch/pl_logo.png&Title=Business+Plan+Test+nr.+2
[2019-09-06 16:45:52] ---- FROM  ::1 (WinNT)
[2019-09-06 16:45:52] ---- BROWSER:  Chrome 76.0 (Mozilla/5.0 (Windows NT 10.0; Win64; x64) AppleWebKit/537.36 (KHTML, like Gecko) Chrome/76.0.3809.132 Safari/537.36)
[2019-09-06 16:45:52] 200 - OK - text/html
[2019-09-06 16:45:55] REQUEST POST - https://localhost:8082/public/ws/General.asmx/Set
[2019-09-06 16:45:55] ---- FROM  ::1 (WinNT)
[2019-09-06 16:45:55] ---- BROWSER:  Chrome 76.0 (Mozilla/5.0 (Windows NT 10.0; Win64; x64) AppleWebKit/537.36 (KHTML, like Gecko) Chrome/76.0.3809.132 Safari/537.36)
[2019-09-06 16:45:55] ---- CONTENT: {data : "<?xml version='1.0' encoding='utf-8' ?><Request ID='20190906164555660'><General><Token>61111131252223224013000011333653</Token></General><Data><Nome>Business Plan Test nr. 2</Nome><Logo>https%3A%2F%2Flocalhost%3A8082%2Fscratch%2Fpl_logo.png</Logo></Data></Request>"}
[2019-09-06 16:45:55] 200 - OK - application/json
[2019-09-06 16:45:55] REQUEST POST - https://localhost:8082/public/ws/Config.asmx/Economics_Get
[2019-09-06 16:45:55] ---- FROM  ::1 (WinNT)
[2019-09-06 16:45:55] ---- BROWSER:  Chrome 76.0 (Mozilla/5.0 (Windows NT 10.0; Win64; x64) AppleWebKit/537.36 (KHTML, like Gecko) Chrome/76.0.3809.132 Safari/537.36)
[2019-09-06 16:45:55] ---- CONTENT: {data : "<?xml version='1.0' encoding='utf-8' ?><Request ID='20190906164555724'><General><Token>61111131252223224013000011333653</Token></General><Data></Data></Request>"}
[2019-09-06 16:45:55] 200 - OK - application/json
[2019-09-06 16:45:56] REQUEST POST - https://localhost:8082/public/ws/Config.asmx/All_Get
[2019-09-06 16:45:56] ---- FROM  ::1 (WinNT)
[2019-09-06 16:45:56] ---- BROWSER:  Chrome 76.0 (Mozilla/5.0 (Windows NT 10.0; Win64; x64) AppleWebKit/537.36 (KHTML, like Gecko) Chrome/76.0.3809.132 Safari/537.36)
[2019-09-06 16:45:56] ---- CONTENT: {data : "<?xml version='1.0' encoding='utf-8' ?><Request ID='20190906164556118'><General><Token>61111131252223224013000011333653</Token></General><Data></Data></Request>"}
[2019-09-06 16:45:56] 200 - OK - application/json
[2019-09-06 16:45:56] REQUEST POST - https://localhost:8082/public/ws/Economics.asmx/messaggi_summary
[2019-09-06 16:45:56] ---- FROM  ::1 (WinNT)
[2019-09-06 16:45:56] ---- BROWSER:  Chrome 76.0 (Mozilla/5.0 (Windows NT 10.0; Win64; x64) AppleWebKit/537.36 (KHTML, like Gecko) Chrome/76.0.3809.132 Safari/537.36)
[2019-09-06 16:45:56] ---- CONTENT: {data : "<?xml version='1.0' encoding='utf-8' ?><Request ID='20190906164556144'><General><Token>61111131252223224013000011333653</Token></General><Data></Data></Request>"}
[2019-09-06 16:45:56] 200 - OK - application/json
[2019-09-06 16:45:56] REQUEST POST - https://localhost:8082/public/ws/Config.asmx/All_Get
[2019-09-06 16:45:56] ---- FROM  ::1 (WinNT)
[2019-09-06 16:45:56] ---- BROWSER:  Chrome 76.0 (Mozilla/5.0 (Windows NT 10.0; Win64; x64) AppleWebKit/537.36 (KHTML, like Gecko) Chrome/76.0.3809.132 Safari/537.36)
[2019-09-06 16:45:56] ---- CONTENT: {data : "<?xml version='1.0' encoding='utf-8' ?><Request ID='20190906164556297'><General><Token>61111131252223224013000011333653</Token></General><Data></Data></Request>"}
[2019-09-06 16:45:56] 200 - OK - application/json
[2019-09-06 16:45:56] REQUEST POST - https://localhost:8082/public/ws/Config.asmx/All_Get
[2019-09-06 16:45:56] ---- FROM  ::1 (WinNT)
[2019-09-06 16:45:56] ---- BROWSER:  Chrome 76.0 (Mozilla/5.0 (Windows NT 10.0; Win64; x64) AppleWebKit/537.36 (KHTML, like Gecko) Chrome/76.0.3809.132 Safari/537.36)
[2019-09-06 16:45:56] ---- CONTENT: {data : "<?xml version='1.0' encoding='utf-8' ?><Request ID='20190906164556533'><General><Token>61111131252223224013000011333653</Token></General><Data></Data></Request>"}
[2019-09-06 16:45:56] 200 - OK - application/json
[2019-09-06 16:55:02] REQUEST POST - https://localhost:8082/public/aspx/Home.aspx
[2019-09-06 16:55:02] ---- FROM  ::1 (WinNT)
[2019-09-06 16:55:02] ---- BROWSER:  Chrome 76.0 (Mozilla/5.0 (Windows NT 10.0; Win64; x64) AppleWebKit/537.36 (KHTML, like Gecko) Chrome/76.0.3809.132 Safari/537.36)
[2019-09-06 16:55:02] ---- CONTENT: Token%3D61111131252223224013000011333653%26TokenApiRest%3DeyJ0eXAiOiJKV1QiLCJhbGciOiJIUzI1NiJ9.eyJpc3MiOiJodHRwczpcL1wvd3d3cy5kZXYteWVhcC5pdCIsImlhdCI6MTU0MjI5NDMyMSwibmJmIjoxNTQyMjk0MzIxLCJleHAiOjE1NDI4OTkxMjEsImRhdGEiOnsidXNlciI6eyJpZCI6IjQ0In19fQ.RCP5OeoGASxAyBw1MbMD4BFJAcDM5JIXqYXKBALZcJI%26Logo%3Dhttps%3A%2F%2Flocalhost%3A8082%2Fscratch%2Fpl_logo.png%26Title%3DBusiness+Plan+Test+nr.+2=
[2019-09-06 16:55:13] 302 - Found - text/html
[2019-09-06 16:56:43] REQUEST GET - https://localhost:8082/home/welcome?Token=61111131252223224013000011333653&TokenApiRest=eyJ0eXAiOiJKV1QiLCJhbGciOiJIUzI1NiJ9.eyJpc3MiOiJodHRwczpcL1wvd3d3cy5kZXYteWVhcC5pdCIsImlhdCI6MTU0MjI5NDMyMSwibmJmIjoxNTQyMjk0MzIxLCJleHAiOjE1NDI4OTkxMjEsImRhdGEiOnsidXNlciI6eyJpZCI6IjQ0In19fQ.RCP5OeoGASxAyBw1MbMD4BFJAcDM5JIXqYXKBALZcJI&Logo=https://localhost:8082/scratch/pl_logo.png&Title=Business+Plan+Test+nr.+2
[2019-09-06 16:56:43] ---- FROM  ::1 (WinNT)
[2019-09-06 16:56:43] ---- BROWSER:  Chrome 76.0 (Mozilla/5.0 (Windows NT 10.0; Win64; x64) AppleWebKit/537.36 (KHTML, like Gecko) Chrome/76.0.3809.132 Safari/537.36)
[2019-09-06 16:57:14] 200 - OK - text/html
[2019-09-06 16:57:16] REQUEST POST - https://localhost:8082/public/ws/General.asmx/Set
[2019-09-06 16:57:16] ---- FROM  ::1 (WinNT)
[2019-09-06 16:57:16] ---- BROWSER:  Chrome 76.0 (Mozilla/5.0 (Windows NT 10.0; Win64; x64) AppleWebKit/537.36 (KHTML, like Gecko) Chrome/76.0.3809.132 Safari/537.36)
[2019-09-06 16:57:16] ---- CONTENT: {data : "<?xml version='1.0' encoding='utf-8' ?><Request ID='20190906165716919'><General><Token>61111131252223224013000011333653</Token></General><Data><Nome>Business Plan Test nr. 2</Nome><Logo>https%3A%2F%2Flocalhost%3A8082%2Fscratch%2Fpl_logo.png</Logo></Data></Request>"}
[2019-09-06 16:57:16] 200 - OK - application/json
[2019-09-06 16:57:17] REQUEST POST - https://localhost:8082/public/ws/Config.asmx/Economics_Get
[2019-09-06 16:57:17] ---- FROM  ::1 (WinNT)
[2019-09-06 16:57:17] ---- BROWSER:  Chrome 76.0 (Mozilla/5.0 (Windows NT 10.0; Win64; x64) AppleWebKit/537.36 (KHTML, like Gecko) Chrome/76.0.3809.132 Safari/537.36)
[2019-09-06 16:57:17] ---- CONTENT: {data : "<?xml version='1.0' encoding='utf-8' ?><Request ID='2019090616571733'><General><Token>61111131252223224013000011333653</Token></General><Data></Data></Request>"}
[2019-09-06 16:57:17] 200 - OK - application/json
[2019-09-06 16:57:17] REQUEST POST - https://localhost:8082/public/ws/Economics.asmx/messaggi_summary
[2019-09-06 16:57:24] ---- FROM  ::1 (WinNT)
[2019-09-06 16:57:24] ---- BROWSER:  Chrome 76.0 (Mozilla/5.0 (Windows NT 10.0; Win64; x64) AppleWebKit/537.36 (KHTML, like Gecko) Chrome/76.0.3809.132 Safari/537.36)
[2019-09-06 16:57:24] ---- CONTENT: {data : "<?xml version='1.0' encoding='utf-8' ?><Request ID='20190906165717313'><General><Token>61111131252223224013000011333653</Token></General><Data></Data></Request>"}
[2019-09-06 16:57:24] REQUEST POST - https://localhost:8082/public/ws/Config.asmx/All_Get
[2019-09-06 16:57:24] ---- FROM  ::1 (WinNT)
[2019-09-06 16:57:24] ---- BROWSER:  Chrome 76.0 (Mozilla/5.0 (Windows NT 10.0; Win64; x64) AppleWebKit/537.36 (KHTML, like Gecko) Chrome/76.0.3809.132 Safari/537.36)
[2019-09-06 16:57:24] ---- CONTENT: {data : "<?xml version='1.0' encoding='utf-8' ?><Request ID='20190906165718234'><General><Token>61111131252223224013000011333653</Token></General><Data></Data></Request>"}
[2019-09-06 16:57:24] REQUEST POST - https://localhost:8082/public/ws/Config.asmx/All_Get
[2019-09-06 16:57:24] ---- FROM  ::1 (WinNT)
[2019-09-06 16:57:24] ---- BROWSER:  Chrome 76.0 (Mozilla/5.0 (Windows NT 10.0; Win64; x64) AppleWebKit/537.36 (KHTML, like Gecko) Chrome/76.0.3809.132 Safari/537.36)
[2019-09-06 16:57:24] ---- CONTENT: {data : "<?xml version='1.0' encoding='utf-8' ?><Request ID='20190906165717249'><General><Token>61111131252223224013000011333653</Token></General><Data></Data></Request>"}
[2019-09-06 16:57:24] 200 - OK - application/json
[2019-09-06 16:57:45] 200 - OK - application/json
[2019-09-06 16:57:46] REQUEST POST - https://localhost:8082/public/ws/Config.asmx/All_Get
[2019-09-06 16:57:47] ---- FROM  ::1 (WinNT)
[2019-09-06 16:57:48] ---- BROWSER:  Chrome 76.0 (Mozilla/5.0 (Windows NT 10.0; Win64; x64) AppleWebKit/537.36 (KHTML, like Gecko) Chrome/76.0.3809.132 Safari/537.36)
[2019-09-06 16:57:48] ---- CONTENT: {data : "<?xml version='1.0' encoding='utf-8' ?><Request ID='20190906165745497'><General><Token>61111131252223224013000011333653</Token></General><Data></Data></Request>"}
[2019-09-06 16:57:55] 200 - OK - application/json
[2019-09-06 16:58:12] 200 - OK - application/json
[2019-09-06 16:59:27] REQUEST POST - https://localhost:8082/public/aspx/Home.aspx
[2019-09-06 16:59:27] ---- FROM  ::1 (WinNT)
[2019-09-06 16:59:27] ---- BROWSER:  Chrome 76.0 (Mozilla/5.0 (Windows NT 10.0; Win64; x64) AppleWebKit/537.36 (KHTML, like Gecko) Chrome/76.0.3809.132 Safari/537.36)
[2019-09-06 16:59:27] ---- CONTENT: Token%3D61111131252223224013000011333653%26TokenApiRest%3DeyJ0eXAiOiJKV1QiLCJhbGciOiJIUzI1NiJ9.eyJpc3MiOiJodHRwczpcL1wvd3d3cy5kZXYteWVhcC5pdCIsImlhdCI6MTU0MjI5NDMyMSwibmJmIjoxNTQyMjk0MzIxLCJleHAiOjE1NDI4OTkxMjEsImRhdGEiOnsidXNlciI6eyJpZCI6IjQ0In19fQ.RCP5OeoGASxAyBw1MbMD4BFJAcDM5JIXqYXKBALZcJI%26Logo%3Dhttps%3A%2F%2Flocalhost%3A8082%2Fscratch%2Fpl_logo.png%26Title%3DBusiness+Plan+Test+nr.+2=
[2019-09-06 17:01:34] 302 - Found - text/html
[2019-09-06 17:01:34] REQUEST GET - https://localhost:8082/home/welcome?Token=61111131252223224013000011333653&TokenApiRest=eyJ0eXAiOiJKV1QiLCJhbGciOiJIUzI1NiJ9.eyJpc3MiOiJodHRwczpcL1wvd3d3cy5kZXYteWVhcC5pdCIsImlhdCI6MTU0MjI5NDMyMSwibmJmIjoxNTQyMjk0MzIxLCJleHAiOjE1NDI4OTkxMjEsImRhdGEiOnsidXNlciI6eyJpZCI6IjQ0In19fQ.RCP5OeoGASxAyBw1MbMD4BFJAcDM5JIXqYXKBALZcJI&Logo=https://localhost:8082/scratch/pl_logo.png&Title=Business+Plan+Test+nr.+2
[2019-09-06 17:01:34] ---- FROM  ::1 (WinNT)
[2019-09-06 17:01:34] ---- BROWSER:  Chrome 76.0 (Mozilla/5.0 (Windows NT 10.0; Win64; x64) AppleWebKit/537.36 (KHTML, like Gecko) Chrome/76.0.3809.132 Safari/537.36)
[2019-09-06 17:01:34] 200 - OK - text/html
