[2019-12-10 14:33:33] REQUEST POST - https://localhost:8082/public/aspx/Home.aspx
[2019-12-10 14:33:33] ---- FROM  ::1 (WinNT)
[2019-12-10 14:33:33] ---- BROWSER:  Firefox 71.0 (Mozilla/5.0 (Windows NT 10.0; Win64; x64; rv:71.0) Gecko/20100101 Firefox/71.0)
[2019-12-10 14:33:33] ---- CONTENT: Token%3D61111131252223224013000011333653%26TokenApiRest%3DeyJ0eXAiOiJKV1QiLCJhbGciOiJIUzI1NiJ9.eyJpc3MiOiJodHRwczpcL1wvd3d3cy5kZXYteWVhcC5pdCIsImlhdCI6MTU0MjI5NDMyMSwibmJmIjoxNTQyMjk0MzIxLCJleHAiOjE1NDI4OTkxMjEsImRhdGEiOnsidXNlciI6eyJpZCI6IjQ0In19fQ.RCP5OeoGASxAyBw1MbMD4BFJAcDM5JIXqYXKBALZcJI%26Logo%3Dhttps%3A%2F%2Flocalhost%3A8082%2Fscratch%2Fpl_logo.png%26Title%3DBusiness+Plan+Test+nr.+2=
[2019-12-10 14:33:38] 302 - Found - text/html
[2019-12-10 14:33:38] REQUEST GET - https://localhost:8082/home/welcome
[2019-12-10 14:33:38] ---- FROM  ::1 (WinNT)
[2019-12-10 14:33:38] ---- BROWSER:  Firefox 71.0 (Mozilla/5.0 (Windows NT 10.0; Win64; x64; rv:71.0) Gecko/20100101 Firefox/71.0)
[2019-12-10 14:33:39] 200 - OK - text/html
[2019-12-10 14:33:41] REQUEST POST - https://localhost:8082/public/ws/General.asmx/Set
[2019-12-10 14:33:41] ---- FROM  ::1 (WinNT)
[2019-12-10 14:33:41] ---- BROWSER:  Firefox 71.0 (Mozilla/5.0 (Windows NT 10.0; Win64; x64; rv:71.0) Gecko/20100101 Firefox/71.0)
[2019-12-10 14:33:41] ---- CONTENT: {data : "<?xml version='1.0' encoding='utf-8' ?><Request ID='20191210143341200'><General><Token>61111131252223224013000011333653</Token></General><Data><Nome>Business Plan Test nr. 2</Nome><Logo>https%3A%2F%2Flocalhost%3A8082%2Fscratch%2Fpl_logo.png</Logo></Data></Request>"}
[2019-12-10 14:33:41] 200 - OK - application/json
[2019-12-10 14:33:41] REQUEST POST - https://localhost:8082/public/ws/Config.asmx/Economics_Get
[2019-12-10 14:33:41] ---- FROM  ::1 (WinNT)
[2019-12-10 14:33:41] ---- BROWSER:  Firefox 71.0 (Mozilla/5.0 (Windows NT 10.0; Win64; x64; rv:71.0) Gecko/20100101 Firefox/71.0)
[2019-12-10 14:33:41] ---- CONTENT: {data : "<?xml version='1.0' encoding='utf-8' ?><Request ID='20191210143341504'><General><Token>61111131252223224013000011333653</Token></General><Data></Data></Request>"}
[2019-12-10 14:33:41] 200 - OK - application/json
[2019-12-10 14:33:41] REQUEST POST - https://localhost:8082/public/ws/Config.asmx/All_Get
[2019-12-10 14:33:41] ---- FROM  ::1 (WinNT)
[2019-12-10 14:33:41] ---- BROWSER:  Firefox 71.0 (Mozilla/5.0 (Windows NT 10.0; Win64; x64; rv:71.0) Gecko/20100101 Firefox/71.0)
[2019-12-10 14:33:41] ---- CONTENT: {data : "<?xml version='1.0' encoding='utf-8' ?><Request ID='20191210143341777'><General><Token>61111131252223224013000011333653</Token></General><Data></Data></Request>"}
[2019-12-10 14:33:41] REQUEST POST - https://localhost:8082/public/ws/Economics.asmx/messaggi_summary
[2019-12-10 14:33:41] ---- FROM  ::1 (WinNT)
[2019-12-10 14:33:41] ---- BROWSER:  Firefox 71.0 (Mozilla/5.0 (Windows NT 10.0; Win64; x64; rv:71.0) Gecko/20100101 Firefox/71.0)
[2019-12-10 14:33:41] ---- CONTENT: {data : "<?xml version='1.0' encoding='utf-8' ?><Request ID='20191210143341857'><General><Token>61111131252223224013000011333653</Token></General><Data></Data></Request>"}
[2019-12-10 14:33:42] REQUEST POST - https://localhost:8082/public/ws/Config.asmx/All_Get
[2019-12-10 14:33:42] ---- FROM  ::1 (WinNT)
[2019-12-10 14:33:42] ---- BROWSER:  Firefox 71.0 (Mozilla/5.0 (Windows NT 10.0; Win64; x64; rv:71.0) Gecko/20100101 Firefox/71.0)
[2019-12-10 14:33:42] ---- CONTENT: {data : "<?xml version='1.0' encoding='utf-8' ?><Request ID='2019121014334294'><General><Token>61111131252223224013000011333653</Token></General><Data></Data></Request>"}
[2019-12-10 14:33:42] 200 - OK - application/json
[2019-12-10 14:33:42] 200 - OK - application/json
[2019-12-10 14:33:42] 200 - OK - application/json
[2019-12-10 14:33:42] REQUEST POST - https://localhost:8082/public/ws/Config.asmx/All_Get
[2019-12-10 14:33:42] ---- FROM  ::1 (WinNT)
[2019-12-10 14:33:42] ---- BROWSER:  Firefox 71.0 (Mozilla/5.0 (Windows NT 10.0; Win64; x64; rv:71.0) Gecko/20100101 Firefox/71.0)
[2019-12-10 14:33:42] ---- CONTENT: {data : "<?xml version='1.0' encoding='utf-8' ?><Request ID='20191210143342210'><General><Token>61111131252223224013000011333653</Token></General><Data></Data></Request>"}
[2019-12-10 14:33:42] 200 - OK - application/json
[2019-12-10 14:34:01] REQUEST GET - https://localhost:8082/economics/messaggi
[2019-12-10 14:34:01] ---- FROM  ::1 (WinNT)
[2019-12-10 14:34:01] ---- BROWSER:  Firefox 71.0 (Mozilla/5.0 (Windows NT 10.0; Win64; x64; rv:71.0) Gecko/20100101 Firefox/71.0)
[2019-12-10 14:34:01] 200 - OK - text/html
[2019-12-10 14:34:02] REQUEST POST - https://localhost:8082/public/ws/Economics.asmx/messaggi
[2019-12-10 14:34:02] ---- FROM  ::1 (WinNT)
[2019-12-10 14:34:02] ---- BROWSER:  Firefox 71.0 (Mozilla/5.0 (Windows NT 10.0; Win64; x64; rv:71.0) Gecko/20100101 Firefox/71.0)
[2019-12-10 14:34:02] ---- CONTENT: {data : "<?xml version='1.0' encoding='utf-8' ?><Request ID='20191210143402703'><General><Token>61111131252223224013000011333653</Token></General><Data></Data></Request>"}
[2019-12-10 14:34:02] 200 - OK - application/json
[2019-12-10 14:34:02] REQUEST POST - https://localhost:8082/public/ws/Config.asmx/All_Get
[2019-12-10 14:34:02] ---- FROM  ::1 (WinNT)
[2019-12-10 14:34:02] ---- BROWSER:  Firefox 71.0 (Mozilla/5.0 (Windows NT 10.0; Win64; x64; rv:71.0) Gecko/20100101 Firefox/71.0)
[2019-12-10 14:34:02] ---- CONTENT: {data : "<?xml version='1.0' encoding='utf-8' ?><Request ID='20191210143402863'><General><Token>61111131252223224013000011333653</Token></General><Data></Data></Request>"}
[2019-12-10 14:34:02] 200 - OK - application/json
[2019-12-10 14:34:02] REQUEST POST - https://localhost:8082/public/ws/Economics.asmx/messaggi_summary
[2019-12-10 14:34:02] ---- FROM  ::1 (WinNT)
[2019-12-10 14:34:02] ---- BROWSER:  Firefox 71.0 (Mozilla/5.0 (Windows NT 10.0; Win64; x64; rv:71.0) Gecko/20100101 Firefox/71.0)
[2019-12-10 14:34:02] ---- CONTENT: {data : "<?xml version='1.0' encoding='utf-8' ?><Request ID='20191210143402893'><General><Token>61111131252223224013000011333653</Token></General><Data></Data></Request>"}
[2019-12-10 14:34:02] 200 - OK - application/json
[2019-12-10 14:34:03] REQUEST GET - https://localhost:8082/public/ws/Resources.ashx/xml-economics/61111131252223224013000011333653
[2019-12-10 14:34:03] ---- FROM  ::1 (WinNT)
[2019-12-10 14:34:03] ---- BROWSER:  Firefox 71.0 (Mozilla/5.0 (Windows NT 10.0; Win64; x64; rv:71.0) Gecko/20100101 Firefox/71.0)
[2019-12-10 14:34:03] REQUEST POST - https://localhost:8082/public/ws/Config.asmx/All_Get
[2019-12-10 14:34:03] ---- FROM  ::1 (WinNT)
[2019-12-10 14:34:03] ---- BROWSER:  Firefox 71.0 (Mozilla/5.0 (Windows NT 10.0; Win64; x64; rv:71.0) Gecko/20100101 Firefox/71.0)
[2019-12-10 14:34:03] ---- CONTENT: {data : "<?xml version='1.0' encoding='utf-8' ?><Request ID='2019121014340364'><General><Token>61111131252223224013000011333653</Token></General><Data></Data></Request>"}
[2019-12-10 14:34:03] 200 - OK - application/json
[2019-12-10 14:34:03] 200 - OK - text/xml
[2019-12-10 14:34:03] REQUEST POST - https://localhost:8082/public/ws/Config.asmx/All_Get
[2019-12-10 14:34:03] ---- FROM  ::1 (WinNT)
[2019-12-10 14:34:03] ---- BROWSER:  Firefox 71.0 (Mozilla/5.0 (Windows NT 10.0; Win64; x64; rv:71.0) Gecko/20100101 Firefox/71.0)
[2019-12-10 14:34:03] ---- CONTENT: {data : "<?xml version='1.0' encoding='utf-8' ?><Request ID='20191210143403460'><General><Token>61111131252223224013000011333653</Token></General><Data></Data></Request>"}
[2019-12-10 14:34:03] 200 - OK - application/json
[2019-12-10 14:34:16] REQUEST POST - https://localhost:8082/public/aspx/Home.aspx
[2019-12-10 14:34:16] ---- FROM  ::1 (WinNT)
[2019-12-10 14:34:16] ---- BROWSER:  Firefox 71.0 (Mozilla/5.0 (Windows NT 10.0; Win64; x64; rv:71.0) Gecko/20100101 Firefox/71.0)
[2019-12-10 14:34:16] ---- CONTENT: Token%3D51111151252225224304000011334082%26TokenApiRest%3DeyJ0eXAiOiJKV1QiLCJhbGciOiJIUzI1NiJ9.eyJpc3MiOiJodHRwczpcL1wvd3d3cy5kZXYteWVhcC5pdCIsImlhdCI6MTU0MjI5NDMyMSwibmJmIjoxNTQyMjk0MzIxLCJleHAiOjE1NDI4OTkxMjEsImRhdGEiOnsidXNlciI6eyJpZCI6IjQ0In19fQ.RCP5OeoGASxAyBw1MbMD4BFJAcDM5JIXqYXKBALZcJI%26Logo%3Dhttps%3A%2F%2Flocalhost%3A8082%2Fscratch%2Fpl_logo.png%26Title%3DBusiness+Plan+Test+nr.+4=
[2019-12-10 14:34:16] 302 - Found - text/html
[2019-12-10 14:34:16] REQUEST GET - https://localhost:8082/home/welcome
[2019-12-10 14:34:16] ---- FROM  ::1 (WinNT)
[2019-12-10 14:34:16] ---- BROWSER:  Firefox 71.0 (Mozilla/5.0 (Windows NT 10.0; Win64; x64; rv:71.0) Gecko/20100101 Firefox/71.0)
[2019-12-10 14:34:16] 200 - OK - text/html
[2019-12-10 14:34:17] REQUEST POST - https://localhost:8082/public/ws/General.asmx/Set
[2019-12-10 14:34:17] ---- FROM  ::1 (WinNT)
[2019-12-10 14:34:17] ---- BROWSER:  Firefox 71.0 (Mozilla/5.0 (Windows NT 10.0; Win64; x64; rv:71.0) Gecko/20100101 Firefox/71.0)
[2019-12-10 14:34:17] ---- CONTENT: {data : "<?xml version='1.0' encoding='utf-8' ?><Request ID='20191210143417183'><General><Token>51111151252225224304000011334082</Token></General><Data><Nome>Business Plan Test nr. 4</Nome><Logo>https%3A%2F%2Flocalhost%3A8082%2Fscratch%2Fpl_logo.png</Logo></Data></Request>"}
[2019-12-10 14:34:17] 200 - OK - application/json
[2019-12-10 14:34:17] REQUEST POST - https://localhost:8082/public/ws/Config.asmx/Economics_Get
[2019-12-10 14:34:17] ---- FROM  ::1 (WinNT)
[2019-12-10 14:34:17] ---- BROWSER:  Firefox 71.0 (Mozilla/5.0 (Windows NT 10.0; Win64; x64; rv:71.0) Gecko/20100101 Firefox/71.0)
[2019-12-10 14:34:17] ---- CONTENT: {data : "<?xml version='1.0' encoding='utf-8' ?><Request ID='20191210143417397'><General><Token>51111151252225224304000011334082</Token></General><Data></Data></Request>"}
[2019-12-10 14:34:17] 200 - OK - application/json
[2019-12-10 14:34:17] REQUEST POST - https://localhost:8082/public/ws/Config.asmx/All_Get
[2019-12-10 14:34:17] ---- FROM  ::1 (WinNT)
[2019-12-10 14:34:17] ---- BROWSER:  Firefox 71.0 (Mozilla/5.0 (Windows NT 10.0; Win64; x64; rv:71.0) Gecko/20100101 Firefox/71.0)
[2019-12-10 14:34:17] ---- CONTENT: {data : "<?xml version='1.0' encoding='utf-8' ?><Request ID='20191210143417872'><General><Token>51111151252225224304000011334082</Token></General><Data></Data></Request>"}
[2019-12-10 14:34:17] REQUEST POST - https://localhost:8082/public/ws/Economics.asmx/messaggi_summary
[2019-12-10 14:34:17] ---- FROM  ::1 (WinNT)
[2019-12-10 14:34:18] ---- BROWSER:  Firefox 71.0 (Mozilla/5.0 (Windows NT 10.0; Win64; x64; rv:71.0) Gecko/20100101 Firefox/71.0)
[2019-12-10 14:34:18] ---- CONTENT: {data : "<?xml version='1.0' encoding='utf-8' ?><Request ID='20191210143417919'><General><Token>51111151252225224304000011334082</Token></General><Data></Data></Request>"}
[2019-12-10 14:34:18] REQUEST POST - https://localhost:8082/public/ws/Config.asmx/All_Get
[2019-12-10 14:34:18] ---- FROM  ::1 (WinNT)
[2019-12-10 14:34:18] ---- BROWSER:  Firefox 71.0 (Mozilla/5.0 (Windows NT 10.0; Win64; x64; rv:71.0) Gecko/20100101 Firefox/71.0)
[2019-12-10 14:34:18] ---- CONTENT: {data : "<?xml version='1.0' encoding='utf-8' ?><Request ID='20191210143418157'><General><Token>51111151252225224304000011334082</Token></General><Data></Data></Request>"}
[2019-12-10 14:34:18] 200 - OK - application/json
[2019-12-10 14:34:18] 200 - OK - application/json
[2019-12-10 14:34:18] REQUEST POST - https://localhost:8082/public/ws/Config.asmx/All_Get
[2019-12-10 14:34:18] ---- FROM  ::1 (WinNT)
[2019-12-10 14:34:18] ---- BROWSER:  Firefox 71.0 (Mozilla/5.0 (Windows NT 10.0; Win64; x64; rv:71.0) Gecko/20100101 Firefox/71.0)
[2019-12-10 14:34:18] ---- CONTENT: {data : "<?xml version='1.0' encoding='utf-8' ?><Request ID='20191210143418648'><General><Token>51111151252225224304000011334082</Token></General><Data></Data></Request>"}
[2019-12-10 14:34:19] 200 - OK - application/json
[2019-12-10 14:34:19] 200 - OK - application/json
[2019-12-10 14:36:17] REQUEST GET - https://localhost:8082/home/welcome
[2019-12-10 14:36:17] ---- FROM  ::1 (WinNT)
[2019-12-10 14:36:17] ---- BROWSER:  Firefox 71.0 (Mozilla/5.0 (Windows NT 10.0; Win64; x64; rv:71.0) Gecko/20100101 Firefox/71.0)
[2019-12-10 14:36:17] 200 - OK - text/html
[2019-12-10 14:36:29] REQUEST POST - https://localhost:8082/public/ws/General.asmx/Set
[2019-12-10 14:36:29] ---- FROM  ::1 (WinNT)
[2019-12-10 14:36:29] ---- BROWSER:  Firefox 71.0 (Mozilla/5.0 (Windows NT 10.0; Win64; x64; rv:71.0) Gecko/20100101 Firefox/71.0)
[2019-12-10 14:36:29] ---- CONTENT: {data : "<?xml version='1.0' encoding='utf-8' ?><Request ID='20191210143629773'><General><Token>51111151252225224304000011334082</Token></General><Data><Nome>Business Plan Test nr. 4</Nome><Logo>https%3A%2F%2Flocalhost%3A8082%2Fscratch%2Fpl_logo.png</Logo></Data></Request>"}
[2019-12-10 14:36:30] 200 - OK - application/json
[2019-12-10 14:36:30] REQUEST POST - https://localhost:8082/public/ws/Config.asmx/Economics_Get
[2019-12-10 14:36:30] ---- FROM  ::1 (WinNT)
[2019-12-10 14:36:30] ---- BROWSER:  Firefox 71.0 (Mozilla/5.0 (Windows NT 10.0; Win64; x64; rv:71.0) Gecko/20100101 Firefox/71.0)
[2019-12-10 14:36:30] ---- CONTENT: {data : "<?xml version='1.0' encoding='utf-8' ?><Request ID='20191210143630165'><General><Token>51111151252225224304000011334082</Token></General><Data></Data></Request>"}
[2019-12-10 14:36:30] 200 - OK - application/json
[2019-12-10 14:36:30] REQUEST POST - https://localhost:8082/public/ws/Config.asmx/All_Get
[2019-12-10 14:36:30] ---- FROM  ::1 (WinNT)
[2019-12-10 14:36:30] ---- BROWSER:  Firefox 71.0 (Mozilla/5.0 (Windows NT 10.0; Win64; x64; rv:71.0) Gecko/20100101 Firefox/71.0)
[2019-12-10 14:36:30] ---- CONTENT: {data : "<?xml version='1.0' encoding='utf-8' ?><Request ID='20191210143630701'><General><Token>51111151252225224304000011334082</Token></General><Data></Data></Request>"}
[2019-12-10 14:36:30] REQUEST POST - https://localhost:8082/public/ws/Economics.asmx/messaggi_summary
[2019-12-10 14:36:30] ---- FROM  ::1 (WinNT)
[2019-12-10 14:36:30] ---- BROWSER:  Firefox 71.0 (Mozilla/5.0 (Windows NT 10.0; Win64; x64; rv:71.0) Gecko/20100101 Firefox/71.0)
[2019-12-10 14:36:31] ---- CONTENT: {data : "<?xml version='1.0' encoding='utf-8' ?><Request ID='20191210143630722'><General><Token>51111151252225224304000011334082</Token></General><Data></Data></Request>"}
[2019-12-10 14:36:31] 200 - OK - application/json
[2019-12-10 14:36:31] 200 - OK - application/json
[2019-12-10 14:36:31] REQUEST POST - https://localhost:8082/public/ws/Config.asmx/All_Get
[2019-12-10 14:36:31] ---- FROM  ::1 (WinNT)
[2019-12-10 14:36:31] ---- BROWSER:  Firefox 71.0 (Mozilla/5.0 (Windows NT 10.0; Win64; x64; rv:71.0) Gecko/20100101 Firefox/71.0)
[2019-12-10 14:36:31] ---- CONTENT: {data : "<?xml version='1.0' encoding='utf-8' ?><Request ID='20191210143631373'><General><Token>51111151252225224304000011334082</Token></General><Data></Data></Request>"}
[2019-12-10 14:36:31] REQUEST POST - https://localhost:8082/public/ws/Config.asmx/All_Get
[2019-12-10 14:36:31] ---- FROM  ::1 (WinNT)
[2019-12-10 14:36:31] ---- BROWSER:  Firefox 71.0 (Mozilla/5.0 (Windows NT 10.0; Win64; x64; rv:71.0) Gecko/20100101 Firefox/71.0)
[2019-12-10 14:36:31] ---- CONTENT: {data : "<?xml version='1.0' encoding='utf-8' ?><Request ID='20191210143631389'><General><Token>51111151252225224304000011334082</Token></General><Data></Data></Request>"}
[2019-12-10 14:36:31] 200 - OK - application/json
[2019-12-10 14:36:31] 200 - OK - application/json
[2019-12-10 14:36:58] REQUEST GET - https://localhost:8082/home/welcome
[2019-12-10 14:36:58] ---- FROM  ::1 (WinNT)
[2019-12-10 14:36:58] ---- BROWSER:  Firefox 71.0 (Mozilla/5.0 (Windows NT 10.0; Win64; x64; rv:71.0) Gecko/20100101 Firefox/71.0)
[2019-12-10 14:36:58] 302 - Found - text/html
[2019-12-10 14:36:58] REQUEST GET - https://localhost:8082/public/aspx/Home.aspx?ReturnUrl=%2fhome%2fwelcome
[2019-12-10 14:36:58] ---- FROM  ::1 (WinNT)
[2019-12-10 14:36:58] ---- BROWSER:  Firefox 71.0 (Mozilla/5.0 (Windows NT 10.0; Win64; x64; rv:71.0) Gecko/20100101 Firefox/71.0)
[2019-12-10 14:36:58] 200 - OK - text/html
[2019-12-10 14:37:02] REQUEST POST - https://localhost:8082/public/aspx/Home.aspx
[2019-12-10 14:37:02] ---- FROM  ::1 (WinNT)
[2019-12-10 14:37:02] ---- BROWSER:  Firefox 71.0 (Mozilla/5.0 (Windows NT 10.0; Win64; x64; rv:71.0) Gecko/20100101 Firefox/71.0)
[2019-12-10 14:37:02] ---- CONTENT: Token%3D21111141252224224017000011333853%26TokenApiRest%3DeyJ0eXAiOiJKV1QiLCJhbGciOiJIUzI1NiJ9.eyJpc3MiOiJodHRwczpcL1wvd3d3cy5kZXYteWVhcC5pdCIsImlhdCI6MTU0MjI5NDMyMSwibmJmIjoxNTQyMjk0MzIxLCJleHAiOjE1NDI4OTkxMjEsImRhdGEiOnsidXNlciI6eyJpZCI6IjQ0In19fQ.RCP5OeoGASxAyBw1MbMD4BFJAcDM5JIXqYXKBALZcJI%26Logo%3Dhttps%3A%2F%2Flocalhost%3A8082%2Fscratch%2Fpl_logo.png%26Title%3DBusiness+Plan+Test+nr.+3=
[2019-12-10 14:37:02] 302 - Found - text/html
[2019-12-10 14:37:02] REQUEST GET - https://localhost:8082/home/welcome
[2019-12-10 14:37:02] ---- FROM  ::1 (WinNT)
[2019-12-10 14:37:02] ---- BROWSER:  Firefox 71.0 (Mozilla/5.0 (Windows NT 10.0; Win64; x64; rv:71.0) Gecko/20100101 Firefox/71.0)
[2019-12-10 14:37:02] 200 - OK - text/html
[2019-12-10 14:37:04] REQUEST POST - https://localhost:8082/public/ws/General.asmx/Set
[2019-12-10 14:37:04] ---- FROM  ::1 (WinNT)
[2019-12-10 14:37:04] ---- BROWSER:  Firefox 71.0 (Mozilla/5.0 (Windows NT 10.0; Win64; x64; rv:71.0) Gecko/20100101 Firefox/71.0)
[2019-12-10 14:37:04] ---- CONTENT: {data : "<?xml version='1.0' encoding='utf-8' ?><Request ID='2019121014370490'><General><Token>21111141252224224017000011333853</Token></General><Data><Nome>Business Plan Test nr. 3</Nome><Logo>https%3A%2F%2Flocalhost%3A8082%2Fscratch%2Fpl_logo.png</Logo></Data></Request>"}
[2019-12-10 14:37:04] 200 - OK - application/json
[2019-12-10 14:37:04] REQUEST POST - https://localhost:8082/public/ws/Config.asmx/Economics_Get
[2019-12-10 14:37:04] ---- FROM  ::1 (WinNT)
[2019-12-10 14:37:04] ---- BROWSER:  Firefox 71.0 (Mozilla/5.0 (Windows NT 10.0; Win64; x64; rv:71.0) Gecko/20100101 Firefox/71.0)
[2019-12-10 14:37:04] ---- CONTENT: {data : "<?xml version='1.0' encoding='utf-8' ?><Request ID='20191210143704128'><General><Token>21111141252224224017000011333853</Token></General><Data></Data></Request>"}
[2019-12-10 14:37:04] 200 - OK - application/json
[2019-12-10 14:37:04] REQUEST POST - https://localhost:8082/public/ws/Config.asmx/All_Get
[2019-12-10 14:37:04] ---- FROM  ::1 (WinNT)
[2019-12-10 14:37:04] ---- BROWSER:  Firefox 71.0 (Mozilla/5.0 (Windows NT 10.0; Win64; x64; rv:71.0) Gecko/20100101 Firefox/71.0)
[2019-12-10 14:37:04] ---- CONTENT: {data : "<?xml version='1.0' encoding='utf-8' ?><Request ID='20191210143704205'><General><Token>21111141252224224017000011333853</Token></General><Data></Data></Request>"}
[2019-12-10 14:37:04] 200 - OK - application/json
[2019-12-10 14:37:04] REQUEST POST - https://localhost:8082/public/ws/Economics.asmx/messaggi_summary
[2019-12-10 14:37:04] ---- FROM  ::1 (WinNT)
[2019-12-10 14:37:04] ---- BROWSER:  Firefox 71.0 (Mozilla/5.0 (Windows NT 10.0; Win64; x64; rv:71.0) Gecko/20100101 Firefox/71.0)
[2019-12-10 14:37:04] ---- CONTENT: {data : "<?xml version='1.0' encoding='utf-8' ?><Request ID='20191210143704248'><General><Token>21111141252224224017000011333853</Token></General><Data></Data></Request>"}
[2019-12-10 14:37:04] 200 - OK - application/json
[2019-12-10 14:37:04] REQUEST POST - https://localhost:8082/public/ws/Config.asmx/All_Get
[2019-12-10 14:37:04] ---- FROM  ::1 (WinNT)
[2019-12-10 14:37:04] ---- BROWSER:  Firefox 71.0 (Mozilla/5.0 (Windows NT 10.0; Win64; x64; rv:71.0) Gecko/20100101 Firefox/71.0)
[2019-12-10 14:37:04] ---- CONTENT: {data : "<?xml version='1.0' encoding='utf-8' ?><Request ID='20191210143704317'><General><Token>21111141252224224017000011333853</Token></General><Data></Data></Request>"}
[2019-12-10 14:37:04] 200 - OK - application/json
[2019-12-10 14:37:04] REQUEST POST - https://localhost:8082/public/ws/Config.asmx/All_Get
[2019-12-10 14:37:04] ---- FROM  ::1 (WinNT)
[2019-12-10 14:37:04] ---- BROWSER:  Firefox 71.0 (Mozilla/5.0 (Windows NT 10.0; Win64; x64; rv:71.0) Gecko/20100101 Firefox/71.0)
[2019-12-10 14:37:04] ---- CONTENT: {data : "<?xml version='1.0' encoding='utf-8' ?><Request ID='20191210143704429'><General><Token>21111141252224224017000011333853</Token></General><Data></Data></Request>"}
[2019-12-10 14:37:04] 200 - OK - application/json
[2019-12-10 14:37:06] REQUEST GET - https://localhost:8082/home/welcome
[2019-12-10 14:37:06] ---- FROM  ::1 (WinNT)
[2019-12-10 14:37:06] ---- BROWSER:  Firefox 71.0 (Mozilla/5.0 (Windows NT 10.0; Win64; x64; rv:71.0) Gecko/20100101 Firefox/71.0)
[2019-12-10 14:37:06] 302 - Found - text/html
[2019-12-10 14:37:17] REQUEST POST - https://localhost:8082/public/aspx/Home.aspx
[2019-12-10 14:37:17] ---- FROM  ::1 (WinNT)
[2019-12-10 14:37:17] ---- BROWSER:  Firefox 71.0 (Mozilla/5.0 (Windows NT 10.0; Win64; x64; rv:71.0) Gecko/20100101 Firefox/71.0)
[2019-12-10 14:37:17] ---- CONTENT: Token%3D21111141252224224017000011333853%26TokenApiRest%3DeyJ0eXAiOiJKV1QiLCJhbGciOiJIUzI1NiJ9.eyJpc3MiOiJodHRwczpcL1wvd3d3cy5kZXYteWVhcC5pdCIsImlhdCI6MTU0MjI5NDMyMSwibmJmIjoxNTQyMjk0MzIxLCJleHAiOjE1NDI4OTkxMjEsImRhdGEiOnsidXNlciI6eyJpZCI6IjQ0In19fQ.RCP5OeoGASxAyBw1MbMD4BFJAcDM5JIXqYXKBALZcJI%26Logo%3Dhttps%3A%2F%2Flocalhost%3A8082%2Fscratch%2Fpl_logo.png%26Title%3DBusiness+Plan+Test+nr.+3=
[2019-12-10 14:37:17] 302 - Found - text/html
[2019-12-10 14:37:17] REQUEST GET - https://localhost:8082/home/welcome
[2019-12-10 14:37:17] ---- FROM  ::1 (WinNT)
[2019-12-10 14:37:17] ---- BROWSER:  Firefox 71.0 (Mozilla/5.0 (Windows NT 10.0; Win64; x64; rv:71.0) Gecko/20100101 Firefox/71.0)
[2019-12-10 14:37:17] 200 - OK - text/html
[2019-12-10 14:37:17] REQUEST POST - https://localhost:8082/public/ws/General.asmx/Set
[2019-12-10 14:37:17] ---- FROM  ::1 (WinNT)
[2019-12-10 14:37:17] ---- BROWSER:  Firefox 71.0 (Mozilla/5.0 (Windows NT 10.0; Win64; x64; rv:71.0) Gecko/20100101 Firefox/71.0)
[2019-12-10 14:37:17] ---- CONTENT: {data : "<?xml version='1.0' encoding='utf-8' ?><Request ID='20191210143717717'><General><Token>21111141252224224017000011333853</Token></General><Data><Nome>Business Plan Test nr. 3</Nome><Logo>https%3A%2F%2Flocalhost%3A8082%2Fscratch%2Fpl_logo.png</Logo></Data></Request>"}
[2019-12-10 14:37:17] 200 - OK - application/json
[2019-12-10 14:37:17] REQUEST POST - https://localhost:8082/public/ws/Config.asmx/Economics_Get
[2019-12-10 14:37:17] ---- FROM  ::1 (WinNT)
[2019-12-10 14:37:17] ---- BROWSER:  Firefox 71.0 (Mozilla/5.0 (Windows NT 10.0; Win64; x64; rv:71.0) Gecko/20100101 Firefox/71.0)
[2019-12-10 14:37:17] ---- CONTENT: {data : "<?xml version='1.0' encoding='utf-8' ?><Request ID='20191210143717744'><General><Token>21111141252224224017000011333853</Token></General><Data></Data></Request>"}
[2019-12-10 14:37:17] 200 - OK - application/json
[2019-12-10 14:37:17] REQUEST POST - https://localhost:8082/public/ws/Config.asmx/All_Get
[2019-12-10 14:37:17] ---- FROM  ::1 (WinNT)
[2019-12-10 14:37:17] ---- BROWSER:  Firefox 71.0 (Mozilla/5.0 (Windows NT 10.0; Win64; x64; rv:71.0) Gecko/20100101 Firefox/71.0)
[2019-12-10 14:37:17] ---- CONTENT: {data : "<?xml version='1.0' encoding='utf-8' ?><Request ID='20191210143717806'><General><Token>21111141252224224017000011333853</Token></General><Data></Data></Request>"}
[2019-12-10 14:37:17] 200 - OK - application/json
[2019-12-10 14:37:17] REQUEST POST - https://localhost:8082/public/ws/Economics.asmx/messaggi_summary
[2019-12-10 14:37:17] ---- FROM  ::1 (WinNT)
[2019-12-10 14:37:17] ---- BROWSER:  Firefox 71.0 (Mozilla/5.0 (Windows NT 10.0; Win64; x64; rv:71.0) Gecko/20100101 Firefox/71.0)
[2019-12-10 14:37:17] ---- CONTENT: {data : "<?xml version='1.0' encoding='utf-8' ?><Request ID='20191210143717837'><General><Token>21111141252224224017000011333853</Token></General><Data></Data></Request>"}
[2019-12-10 14:37:17] 200 - OK - application/json
[2019-12-10 14:37:17] REQUEST POST - https://localhost:8082/public/ws/Config.asmx/All_Get
[2019-12-10 14:37:17] ---- FROM  ::1 (WinNT)
[2019-12-10 14:37:17] ---- BROWSER:  Firefox 71.0 (Mozilla/5.0 (Windows NT 10.0; Win64; x64; rv:71.0) Gecko/20100101 Firefox/71.0)
[2019-12-10 14:37:17] ---- CONTENT: {data : "<?xml version='1.0' encoding='utf-8' ?><Request ID='20191210143717915'><General><Token>21111141252224224017000011333853</Token></General><Data></Data></Request>"}
[2019-12-10 14:37:17] 200 - OK - application/json
[2019-12-10 14:37:17] REQUEST POST - https://localhost:8082/public/ws/Config.asmx/All_Get
[2019-12-10 14:37:17] ---- FROM  ::1 (WinNT)
[2019-12-10 14:37:17] ---- BROWSER:  Firefox 71.0 (Mozilla/5.0 (Windows NT 10.0; Win64; x64; rv:71.0) Gecko/20100101 Firefox/71.0)
[2019-12-10 14:37:17] ---- CONTENT: {data : "<?xml version='1.0' encoding='utf-8' ?><Request ID='20191210143717982'><General><Token>21111141252224224017000011333853</Token></General><Data></Data></Request>"}
[2019-12-10 14:37:18] 200 - OK - application/json
[2019-12-10 14:37:22] REQUEST GET - https://localhost:8082/home/welcome
[2019-12-10 14:37:22] ---- FROM  ::1 (WinNT)
[2019-12-10 14:37:22] ---- BROWSER:  Firefox 71.0 (Mozilla/5.0 (Windows NT 10.0; Win64; x64; rv:71.0) Gecko/20100101 Firefox/71.0)
[2019-12-10 14:37:22] 200 - OK - text/html
