[2019-09-26 16:18:09] REQUEST POST - https://localhost:8082/public/aspx/Home.aspx
[2019-09-26 16:18:09] ---- FROM  ::1 (WinNT)
[2019-09-26 16:18:09] ---- BROWSER:  Chrome 77.0 (Mozilla/5.0 (Windows NT 10.0; Win64; x64) AppleWebKit/537.36 (KHTML, like Gecko) Chrome/77.0.3865.90 Safari/537.36)
[2019-09-26 16:18:09] ---- CONTENT: Token%3D61111131252223224013000011333653%26TokenApiRest%3DeyJ0eXAiOiJKV1QiLCJhbGciOiJIUzI1NiJ9.eyJpc3MiOiJodHRwczpcL1wvd3d3cy5kZXYteWVhcC5pdCIsImlhdCI6MTU0MjI5NDMyMSwibmJmIjoxNTQyMjk0MzIxLCJleHAiOjE1NDI4OTkxMjEsImRhdGEiOnsidXNlciI6eyJpZCI6IjQ0In19fQ.RCP5OeoGASxAyBw1MbMD4BFJAcDM5JIXqYXKBALZcJI%26Logo%3Dhttps%3A%2F%2Flocalhost%3A8082%2Fscratch%2Fpl_logo.png%26Title%3DBusiness+Plan+Test+nr.+2=
[2019-09-26 16:18:09] 302 - Found - text/html
[2019-09-26 16:18:09] REQUEST GET - https://localhost:8082/home/welcome
[2019-09-26 16:18:09] ---- FROM  ::1 (WinNT)
[2019-09-26 16:18:09] ---- BROWSER:  Chrome 77.0 (Mozilla/5.0 (Windows NT 10.0; Win64; x64) AppleWebKit/537.36 (KHTML, like Gecko) Chrome/77.0.3865.90 Safari/537.36)
[2019-09-26 16:18:09] 200 - OK - text/html
[2019-09-26 16:18:10] REQUEST POST - https://localhost:8082/public/ws/General.asmx/Set
[2019-09-26 16:18:10] ---- FROM  ::1 (WinNT)
[2019-09-26 16:18:10] ---- BROWSER:  Chrome 77.0 (Mozilla/5.0 (Windows NT 10.0; Win64; x64) AppleWebKit/537.36 (KHTML, like Gecko) Chrome/77.0.3865.90 Safari/537.36)
[2019-09-26 16:18:10] ---- CONTENT: {data : "<?xml version='1.0' encoding='utf-8' ?><Request ID='20190926161810461'><General><Token>61111131252223224013000011333653</Token></General><Data><Nome>Business Plan Test nr. 2</Nome><Logo>https%3A%2F%2Flocalhost%3A8082%2Fscratch%2Fpl_logo.png</Logo></Data></Request>"}
[2019-09-26 16:18:11] 200 - OK - application/json
[2019-09-26 16:18:11] REQUEST POST - https://localhost:8082/public/ws/Config.asmx/Economics_Get
[2019-09-26 16:18:11] ---- FROM  ::1 (WinNT)
[2019-09-26 16:18:11] ---- BROWSER:  Chrome 77.0 (Mozilla/5.0 (Windows NT 10.0; Win64; x64) AppleWebKit/537.36 (KHTML, like Gecko) Chrome/77.0.3865.90 Safari/537.36)
[2019-09-26 16:18:11] ---- CONTENT: {data : "<?xml version='1.0' encoding='utf-8' ?><Request ID='20190926161811111'><General><Token>61111131252223224013000011333653</Token></General><Data></Data></Request>"}
[2019-09-26 16:18:11] 200 - OK - application/json
[2019-09-26 16:18:11] REQUEST POST - https://localhost:8082/public/ws/Config.asmx/All_Get
[2019-09-26 16:18:11] ---- FROM  ::1 (WinNT)
[2019-09-26 16:18:11] ---- BROWSER:  Chrome 77.0 (Mozilla/5.0 (Windows NT 10.0; Win64; x64) AppleWebKit/537.36 (KHTML, like Gecko) Chrome/77.0.3865.90 Safari/537.36)
[2019-09-26 16:18:11] ---- CONTENT: {data : "<?xml version='1.0' encoding='utf-8' ?><Request ID='20190926161811247'><General><Token>61111131252223224013000011333653</Token></General><Data></Data></Request>"}
[2019-09-26 16:18:11] REQUEST POST - https://localhost:8082/public/ws/Economics.asmx/messaggi_summary
[2019-09-26 16:18:11] ---- FROM  ::1 (WinNT)
[2019-09-26 16:18:11] ---- BROWSER:  Chrome 77.0 (Mozilla/5.0 (Windows NT 10.0; Win64; x64) AppleWebKit/537.36 (KHTML, like Gecko) Chrome/77.0.3865.90 Safari/537.36)
[2019-09-26 16:18:11] ---- CONTENT: {data : "<?xml version='1.0' encoding='utf-8' ?><Request ID='20190926161811283'><General><Token>61111131252223224013000011333653</Token></General><Data></Data></Request>"}
[2019-09-26 16:18:11] REQUEST POST - https://localhost:8082/public/ws/Config.asmx/All_Get
[2019-09-26 16:18:11] ---- FROM  ::1 (WinNT)
[2019-09-26 16:18:11] ---- BROWSER:  Chrome 77.0 (Mozilla/5.0 (Windows NT 10.0; Win64; x64) AppleWebKit/537.36 (KHTML, like Gecko) Chrome/77.0.3865.90 Safari/537.36)
[2019-09-26 16:18:11] ---- CONTENT: {data : "<?xml version='1.0' encoding='utf-8' ?><Request ID='20190926161811389'><General><Token>61111131252223224013000011333653</Token></General><Data></Data></Request>"}
[2019-09-26 16:18:11] 200 - OK - application/json
[2019-09-26 16:18:11] 200 - OK - application/json
[2019-09-26 16:18:11] 200 - OK - application/json
[2019-09-26 16:18:11] REQUEST POST - https://localhost:8082/public/ws/Config.asmx/All_Get
[2019-09-26 16:18:11] ---- FROM  ::1 (WinNT)
[2019-09-26 16:18:11] ---- BROWSER:  Chrome 77.0 (Mozilla/5.0 (Windows NT 10.0; Win64; x64) AppleWebKit/537.36 (KHTML, like Gecko) Chrome/77.0.3865.90 Safari/537.36)
[2019-09-26 16:18:11] ---- CONTENT: {data : "<?xml version='1.0' encoding='utf-8' ?><Request ID='20190926161811487'><General><Token>61111131252223224013000011333653</Token></General><Data></Data></Request>"}
[2019-09-26 16:18:11] 200 - OK - application/json
[2019-09-26 16:18:14] REQUEST GET - https://localhost:8082/controllo/distribuzione-mensile
[2019-09-26 16:18:14] ---- FROM  ::1 (WinNT)
[2019-09-26 16:18:14] ---- BROWSER:  Chrome 77.0 (Mozilla/5.0 (Windows NT 10.0; Win64; x64) AppleWebKit/537.36 (KHTML, like Gecko) Chrome/77.0.3865.90 Safari/537.36)
[2019-09-26 16:18:14] 200 - OK - text/html
[2019-09-26 16:18:15] REQUEST POST - https://localhost:8082/public/ws/CDG.asmx/Weights_Get
[2019-09-26 16:18:15] ---- FROM  ::1 (WinNT)
[2019-09-26 16:18:15] ---- BROWSER:  Chrome 77.0 (Mozilla/5.0 (Windows NT 10.0; Win64; x64) AppleWebKit/537.36 (KHTML, like Gecko) Chrome/77.0.3865.90 Safari/537.36)
[2019-09-26 16:18:15] ---- CONTENT: {data : "<?xml version='1.0' encoding='utf-8' ?><Request ID='2019092616181541'><General><Token>61111131252223224013000011333653</Token></General><Data></Data></Request>"}
[2019-09-26 16:18:15] 200 - OK - application/json
[2019-09-26 16:18:15] REQUEST GET - https://localhost:8082/public/ws/Resources.ashx/xml-economics/61111131252223224013000011333653
[2019-09-26 16:18:15] ---- FROM  ::1 (WinNT)
[2019-09-26 16:18:15] ---- BROWSER:  Chrome 77.0 (Mozilla/5.0 (Windows NT 10.0; Win64; x64) AppleWebKit/537.36 (KHTML, like Gecko) Chrome/77.0.3865.90 Safari/537.36)
[2019-09-26 16:18:15] REQUEST POST - https://localhost:8082/public/ws/Config.asmx/All_Get
[2019-09-26 16:18:15] ---- FROM  ::1 (WinNT)
[2019-09-26 16:18:15] ---- BROWSER:  Chrome 77.0 (Mozilla/5.0 (Windows NT 10.0; Win64; x64) AppleWebKit/537.36 (KHTML, like Gecko) Chrome/77.0.3865.90 Safari/537.36)
[2019-09-26 16:18:15] ---- CONTENT: {data : "<?xml version='1.0' encoding='utf-8' ?><Request ID='20190926161815399'><General><Token>61111131252223224013000011333653</Token></General><Data></Data></Request>"}
[2019-09-26 16:18:15] REQUEST POST - https://localhost:8082/public/ws/Economics.asmx/messaggi_summary
[2019-09-26 16:18:15] ---- FROM  ::1 (WinNT)
[2019-09-26 16:18:15] ---- BROWSER:  Chrome 77.0 (Mozilla/5.0 (Windows NT 10.0; Win64; x64) AppleWebKit/537.36 (KHTML, like Gecko) Chrome/77.0.3865.90 Safari/537.36)
[2019-09-26 16:18:15] ---- CONTENT: {data : "<?xml version='1.0' encoding='utf-8' ?><Request ID='20190926161815426'><General><Token>61111131252223224013000011333653</Token></General><Data></Data></Request>"}
[2019-09-26 16:18:15] 200 - OK - text/xml
[2019-09-26 16:18:15] 200 - OK - application/json
[2019-09-26 16:18:15] 200 - OK - application/json
[2019-09-26 16:18:15] REQUEST POST - https://localhost:8082/public/ws/CDG.asmx/BPData
[2019-09-26 16:18:15] ---- FROM  ::1 (WinNT)
[2019-09-26 16:18:15] ---- BROWSER:  Chrome 77.0 (Mozilla/5.0 (Windows NT 10.0; Win64; x64) AppleWebKit/537.36 (KHTML, like Gecko) Chrome/77.0.3865.90 Safari/537.36)
[2019-09-26 16:18:15] ---- CONTENT: {data : "<?xml version='1.0' encoding='utf-8' ?><Request ID='20190926161815549'><General><Token>61111131252223224013000011333653</Token></General><Data></Data></Request>"}
[2019-09-26 16:18:15] 200 - OK - application/json
[2019-09-26 16:18:15] REQUEST POST - https://localhost:8082/public/ws/Config.asmx/All_Get
[2019-09-26 16:18:15] ---- FROM  ::1 (WinNT)
[2019-09-26 16:18:15] ---- BROWSER:  Chrome 77.0 (Mozilla/5.0 (Windows NT 10.0; Win64; x64) AppleWebKit/537.36 (KHTML, like Gecko) Chrome/77.0.3865.90 Safari/537.36)
[2019-09-26 16:18:15] ---- CONTENT: {data : "<?xml version='1.0' encoding='utf-8' ?><Request ID='20190926161815850'><General><Token>61111131252223224013000011333653</Token></General><Data></Data></Request>"}
[2019-09-26 16:18:15] 200 - OK - application/json
[2019-09-26 16:18:15] REQUEST POST - https://localhost:8082/public/ws/Config.asmx/All_Get
[2019-09-26 16:18:15] ---- FROM  ::1 (WinNT)
[2019-09-26 16:18:15] ---- BROWSER:  Chrome 77.0 (Mozilla/5.0 (Windows NT 10.0; Win64; x64) AppleWebKit/537.36 (KHTML, like Gecko) Chrome/77.0.3865.90 Safari/537.36)
[2019-09-26 16:18:15] ---- CONTENT: {data : "<?xml version='1.0' encoding='utf-8' ?><Request ID='20190926161815892'><General><Token>61111131252223224013000011333653</Token></General><Data></Data></Request>"}
[2019-09-26 16:18:15] 200 - OK - application/json
[2019-09-26 16:18:25] REQUEST GET - https://localhost:8082/controllo/distribuzione-mensile
[2019-09-26 16:18:25] ---- FROM  ::1 (WinNT)
[2019-09-26 16:18:25] ---- BROWSER:  Chrome 77.0 (Mozilla/5.0 (Windows NT 10.0; Win64; x64) AppleWebKit/537.36 (KHTML, like Gecko) Chrome/77.0.3865.90 Safari/537.36)
[2019-09-26 16:18:25] 302 - Found - text/html
[2019-09-26 16:18:25] REQUEST GET - https://localhost:8082/public/aspx/Home.aspx?ReturnUrl=%2fcontrollo%2fdistribuzione-mensile
[2019-09-26 16:18:25] ---- FROM  ::1 (WinNT)
[2019-09-26 16:18:25] ---- BROWSER:  Chrome 77.0 (Mozilla/5.0 (Windows NT 10.0; Win64; x64) AppleWebKit/537.36 (KHTML, like Gecko) Chrome/77.0.3865.90 Safari/537.36)
[2019-09-26 16:18:25] 200 - OK - text/html
[2019-09-26 16:18:28] REQUEST POST - https://localhost:8082/public/aspx/Home.aspx
[2019-09-26 16:18:28] ---- FROM  ::1 (WinNT)
[2019-09-26 16:18:28] ---- BROWSER:  Chrome 77.0 (Mozilla/5.0 (Windows NT 10.0; Win64; x64) AppleWebKit/537.36 (KHTML, like Gecko) Chrome/77.0.3865.90 Safari/537.36)
[2019-09-26 16:18:28] ---- CONTENT: Token%3D61111131252223224013000011333653%26TokenApiRest%3DeyJ0eXAiOiJKV1QiLCJhbGciOiJIUzI1NiJ9.eyJpc3MiOiJodHRwczpcL1wvd3d3cy5kZXYteWVhcC5pdCIsImlhdCI6MTU0MjI5NDMyMSwibmJmIjoxNTQyMjk0MzIxLCJleHAiOjE1NDI4OTkxMjEsImRhdGEiOnsidXNlciI6eyJpZCI6IjQ0In19fQ.RCP5OeoGASxAyBw1MbMD4BFJAcDM5JIXqYXKBALZcJI%26Logo%3Dhttps%3A%2F%2Flocalhost%3A8082%2Fscratch%2Fpl_logo.png%26Title%3DBusiness+Plan+Test+nr.+2=
[2019-09-26 16:18:28] 302 - Found - text/html
[2019-09-26 16:18:28] REQUEST GET - https://localhost:8082/home/welcome
[2019-09-26 16:18:28] ---- FROM  ::1 (WinNT)
[2019-09-26 16:18:28] ---- BROWSER:  Chrome 77.0 (Mozilla/5.0 (Windows NT 10.0; Win64; x64) AppleWebKit/537.36 (KHTML, like Gecko) Chrome/77.0.3865.90 Safari/537.36)
[2019-09-26 16:18:29] 200 - OK - text/html
[2019-09-26 16:18:31] REQUEST POST - https://localhost:8082/public/ws/General.asmx/Set
[2019-09-26 16:18:31] ---- FROM  ::1 (WinNT)
[2019-09-26 16:18:31] ---- BROWSER:  Chrome 77.0 (Mozilla/5.0 (Windows NT 10.0; Win64; x64) AppleWebKit/537.36 (KHTML, like Gecko) Chrome/77.0.3865.90 Safari/537.36)
[2019-09-26 16:18:31] ---- CONTENT: {data : "<?xml version='1.0' encoding='utf-8' ?><Request ID='20190926161831640'><General><Token>61111131252223224013000011333653</Token></General><Data><Nome>Business Plan Test nr. 2</Nome><Logo>https%3A%2F%2Flocalhost%3A8082%2Fscratch%2Fpl_logo.png</Logo></Data></Request>"}
[2019-09-26 16:18:31] 200 - OK - application/json
[2019-09-26 16:18:31] REQUEST POST - https://localhost:8082/public/ws/Config.asmx/Economics_Get
[2019-09-26 16:18:31] ---- FROM  ::1 (WinNT)
[2019-09-26 16:18:31] ---- BROWSER:  Chrome 77.0 (Mozilla/5.0 (Windows NT 10.0; Win64; x64) AppleWebKit/537.36 (KHTML, like Gecko) Chrome/77.0.3865.90 Safari/537.36)
[2019-09-26 16:18:31] ---- CONTENT: {data : "<?xml version='1.0' encoding='utf-8' ?><Request ID='20190926161831668'><General><Token>61111131252223224013000011333653</Token></General><Data></Data></Request>"}
[2019-09-26 16:18:31] 200 - OK - application/json
[2019-09-26 16:18:31] REQUEST POST - https://localhost:8082/public/ws/Economics.asmx/messaggi_summary
[2019-09-26 16:18:31] ---- FROM  ::1 (WinNT)
[2019-09-26 16:18:31] ---- BROWSER:  Chrome 77.0 (Mozilla/5.0 (Windows NT 10.0; Win64; x64) AppleWebKit/537.36 (KHTML, like Gecko) Chrome/77.0.3865.90 Safari/537.36)
[2019-09-26 16:18:31] ---- CONTENT: {data : "<?xml version='1.0' encoding='utf-8' ?><Request ID='20190926161831934'><General><Token>61111131252223224013000011333653</Token></General><Data></Data></Request>"}
[2019-09-26 16:18:31] 200 - OK - application/json
[2019-09-26 16:18:31] REQUEST POST - https://localhost:8082/public/ws/Config.asmx/All_Get
[2019-09-26 16:18:31] ---- FROM  ::1 (WinNT)
[2019-09-26 16:18:31] ---- BROWSER:  Chrome 77.0 (Mozilla/5.0 (Windows NT 10.0; Win64; x64) AppleWebKit/537.36 (KHTML, like Gecko) Chrome/77.0.3865.90 Safari/537.36)
[2019-09-26 16:18:31] ---- CONTENT: {data : "<?xml version='1.0' encoding='utf-8' ?><Request ID='20190926161831962'><General><Token>61111131252223224013000011333653</Token></General><Data></Data></Request>"}
[2019-09-26 16:18:31] REQUEST POST - https://localhost:8082/public/ws/Config.asmx/All_Get
[2019-09-26 16:18:31] ---- FROM  ::1 (WinNT)
[2019-09-26 16:18:31] ---- BROWSER:  Chrome 77.0 (Mozilla/5.0 (Windows NT 10.0; Win64; x64) AppleWebKit/537.36 (KHTML, like Gecko) Chrome/77.0.3865.90 Safari/537.36)
[2019-09-26 16:18:31] ---- CONTENT: {data : "<?xml version='1.0' encoding='utf-8' ?><Request ID='20190926161831977'><General><Token>61111131252223224013000011333653</Token></General><Data></Data></Request>"}
[2019-09-26 16:18:31] 200 - OK - application/json
[2019-09-26 16:18:32] 200 - OK - application/json
[2019-09-26 16:18:32] REQUEST POST - https://localhost:8082/public/ws/Config.asmx/All_Get
[2019-09-26 16:18:32] ---- FROM  ::1 (WinNT)
[2019-09-26 16:18:32] ---- BROWSER:  Chrome 77.0 (Mozilla/5.0 (Windows NT 10.0; Win64; x64) AppleWebKit/537.36 (KHTML, like Gecko) Chrome/77.0.3865.90 Safari/537.36)
[2019-09-26 16:18:32] ---- CONTENT: {data : "<?xml version='1.0' encoding='utf-8' ?><Request ID='20190926161832450'><General><Token>61111131252223224013000011333653</Token></General><Data></Data></Request>"}
[2019-09-26 16:18:32] 200 - OK - application/json
[2019-09-26 16:18:35] REQUEST GET - https://localhost:8082/controllo/distribuzione-mensile
[2019-09-26 16:18:35] ---- FROM  ::1 (WinNT)
[2019-09-26 16:18:35] ---- BROWSER:  Chrome 77.0 (Mozilla/5.0 (Windows NT 10.0; Win64; x64) AppleWebKit/537.36 (KHTML, like Gecko) Chrome/77.0.3865.90 Safari/537.36)
[2019-09-26 16:18:35] 200 - OK - text/html
[2019-09-26 16:18:36] REQUEST POST - https://localhost:8082/public/ws/CDG.asmx/Weights_Get
[2019-09-26 16:18:36] ---- FROM  ::1 (WinNT)
[2019-09-26 16:18:36] ---- BROWSER:  Chrome 77.0 (Mozilla/5.0 (Windows NT 10.0; Win64; x64) AppleWebKit/537.36 (KHTML, like Gecko) Chrome/77.0.3865.90 Safari/537.36)
[2019-09-26 16:18:36] ---- CONTENT: {data : "<?xml version='1.0' encoding='utf-8' ?><Request ID='20190926161836707'><General><Token>61111131252223224013000011333653</Token></General><Data></Data></Request>"}
[2019-09-26 16:18:36] 200 - OK - application/json
[2019-09-26 16:18:36] REQUEST POST - https://localhost:8082/public/ws/Config.asmx/All_Get
[2019-09-26 16:18:36] ---- FROM  ::1 (WinNT)
[2019-09-26 16:18:36] ---- BROWSER:  Chrome 77.0 (Mozilla/5.0 (Windows NT 10.0; Win64; x64) AppleWebKit/537.36 (KHTML, like Gecko) Chrome/77.0.3865.90 Safari/537.36)
[2019-09-26 16:18:36] ---- CONTENT: {data : "<?xml version='1.0' encoding='utf-8' ?><Request ID='20190926161836874'><General><Token>61111131252223224013000011333653</Token></General><Data></Data></Request>"}
[2019-09-26 16:18:36] 200 - OK - application/json
[2019-09-26 16:18:36] REQUEST POST - https://localhost:8082/public/ws/Economics.asmx/messaggi_summary
[2019-09-26 16:18:36] ---- FROM  ::1 (WinNT)
[2019-09-26 16:18:36] ---- BROWSER:  Chrome 77.0 (Mozilla/5.0 (Windows NT 10.0; Win64; x64) AppleWebKit/537.36 (KHTML, like Gecko) Chrome/77.0.3865.90 Safari/537.36)
[2019-09-26 16:18:36] ---- CONTENT: {data : "<?xml version='1.0' encoding='utf-8' ?><Request ID='20190926161836907'><General><Token>61111131252223224013000011333653</Token></General><Data></Data></Request>"}
[2019-09-26 16:18:36] 200 - OK - application/json
[2019-09-26 16:18:36] REQUEST GET - https://localhost:8082/public/ws/Resources.ashx/xml-economics/61111131252223224013000011333653
[2019-09-26 16:18:36] ---- FROM  ::1 (WinNT)
[2019-09-26 16:18:36] ---- BROWSER:  Chrome 77.0 (Mozilla/5.0 (Windows NT 10.0; Win64; x64) AppleWebKit/537.36 (KHTML, like Gecko) Chrome/77.0.3865.90 Safari/537.36)
[2019-09-26 16:18:36] REQUEST POST - https://localhost:8082/public/ws/Config.asmx/All_Get
[2019-09-26 16:18:37] ---- FROM  ::1 (WinNT)
[2019-09-26 16:18:37] ---- BROWSER:  Chrome 77.0 (Mozilla/5.0 (Windows NT 10.0; Win64; x64) AppleWebKit/537.36 (KHTML, like Gecko) Chrome/77.0.3865.90 Safari/537.36)
[2019-09-26 16:18:37] ---- CONTENT: {data : "<?xml version='1.0' encoding='utf-8' ?><Request ID='20190926161836981'><General><Token>61111131252223224013000011333653</Token></General><Data></Data></Request>"}
[2019-09-26 16:18:37] 200 - OK - text/xml
[2019-09-26 16:18:37] 200 - OK - application/json
[2019-09-26 16:18:37] REQUEST POST - https://localhost:8082/public/ws/CDG.asmx/BPData
[2019-09-26 16:18:37] ---- FROM  ::1 (WinNT)
[2019-09-26 16:18:37] ---- BROWSER:  Chrome 77.0 (Mozilla/5.0 (Windows NT 10.0; Win64; x64) AppleWebKit/537.36 (KHTML, like Gecko) Chrome/77.0.3865.90 Safari/537.36)
[2019-09-26 16:18:37] ---- CONTENT: {data : "<?xml version='1.0' encoding='utf-8' ?><Request ID='2019092616183781'><General><Token>61111131252223224013000011333653</Token></General><Data></Data></Request>"}
[2019-09-26 16:18:37] 200 - OK - application/json
[2019-09-26 16:18:37] REQUEST POST - https://localhost:8082/public/ws/Config.asmx/All_Get
[2019-09-26 16:18:37] ---- FROM  ::1 (WinNT)
[2019-09-26 16:18:37] ---- BROWSER:  Chrome 77.0 (Mozilla/5.0 (Windows NT 10.0; Win64; x64) AppleWebKit/537.36 (KHTML, like Gecko) Chrome/77.0.3865.90 Safari/537.36)
[2019-09-26 16:18:37] ---- CONTENT: {data : "<?xml version='1.0' encoding='utf-8' ?><Request ID='20190926161837555'><General><Token>61111131252223224013000011333653</Token></General><Data></Data></Request>"}
[2019-09-26 16:18:37] 200 - OK - application/json
[2019-09-26 16:18:47] REQUEST GET - https://localhost:8082/controllo/importa-consuntivo
[2019-09-26 16:18:47] ---- FROM  ::1 (WinNT)
[2019-09-26 16:18:47] ---- BROWSER:  Chrome 77.0 (Mozilla/5.0 (Windows NT 10.0; Win64; x64) AppleWebKit/537.36 (KHTML, like Gecko) Chrome/77.0.3865.90 Safari/537.36)
[2019-09-26 16:18:47] 200 - OK - text/html
[2019-09-26 16:18:47] REQUEST POST - https://localhost:8082/public/ws/CDG.asmx/Get
[2019-09-26 16:18:47] ---- FROM  ::1 (WinNT)
[2019-09-26 16:18:47] ---- BROWSER:  Chrome 77.0 (Mozilla/5.0 (Windows NT 10.0; Win64; x64) AppleWebKit/537.36 (KHTML, like Gecko) Chrome/77.0.3865.90 Safari/537.36)
[2019-09-26 16:18:47] ---- CONTENT: {data : "<?xml version='1.0' encoding='utf-8' ?><Request ID='20190926161847943'><General><Token>61111131252223224013000011333653</Token></General><Data></Data></Request>"}
[2019-09-26 16:18:48] 200 - OK - application/json
[2019-09-26 16:18:48] REQUEST POST - https://localhost:8082/public/ws/Config.asmx/All_Get
[2019-09-26 16:18:48] ---- FROM  ::1 (WinNT)
[2019-09-26 16:18:48] ---- BROWSER:  Chrome 77.0 (Mozilla/5.0 (Windows NT 10.0; Win64; x64) AppleWebKit/537.36 (KHTML, like Gecko) Chrome/77.0.3865.90 Safari/537.36)
[2019-09-26 16:18:48] ---- CONTENT: {data : "<?xml version='1.0' encoding='utf-8' ?><Request ID='20190926161848197'><General><Token>61111131252223224013000011333653</Token></General><Data></Data></Request>"}
[2019-09-26 16:18:48] REQUEST GET - https://localhost:8082/public/ws/Resources.ashx/xml-economics/61111131252223224013000011333653
[2019-09-26 16:18:48] ---- FROM  ::1 (WinNT)
[2019-09-26 16:18:48] ---- BROWSER:  Chrome 77.0 (Mozilla/5.0 (Windows NT 10.0; Win64; x64) AppleWebKit/537.36 (KHTML, like Gecko) Chrome/77.0.3865.90 Safari/537.36)
[2019-09-26 16:18:48] 200 - OK - application/json
[2019-09-26 16:18:48] 200 - OK - text/xml
[2019-09-26 16:18:48] REQUEST POST - https://localhost:8082/public/ws/Economics.asmx/messaggi_summary
[2019-09-26 16:18:48] ---- FROM  ::1 (WinNT)
[2019-09-26 16:18:48] ---- BROWSER:  Chrome 77.0 (Mozilla/5.0 (Windows NT 10.0; Win64; x64) AppleWebKit/537.36 (KHTML, like Gecko) Chrome/77.0.3865.90 Safari/537.36)
[2019-09-26 16:18:48] ---- CONTENT: {data : "<?xml version='1.0' encoding='utf-8' ?><Request ID='20190926161848237'><General><Token>61111131252223224013000011333653</Token></General><Data></Data></Request>"}
[2019-09-26 16:18:48] 200 - OK - application/json
[2019-09-26 16:18:48] REQUEST POST - https://localhost:8082/public/ws/Config.asmx/All_Get
[2019-09-26 16:18:48] ---- FROM  ::1 (WinNT)
[2019-09-26 16:18:48] ---- BROWSER:  Chrome 77.0 (Mozilla/5.0 (Windows NT 10.0; Win64; x64) AppleWebKit/537.36 (KHTML, like Gecko) Chrome/77.0.3865.90 Safari/537.36)
[2019-09-26 16:18:48] ---- CONTENT: {data : "<?xml version='1.0' encoding='utf-8' ?><Request ID='20190926161848283'><General><Token>61111131252223224013000011333653</Token></General><Data></Data></Request>"}
[2019-09-26 16:18:48] 200 - OK - application/json
[2019-09-26 16:18:48] REQUEST POST - https://localhost:8082/public/ws/Config.asmx/All_Get
[2019-09-26 16:18:48] ---- FROM  ::1 (WinNT)
[2019-09-26 16:18:48] ---- BROWSER:  Chrome 77.0 (Mozilla/5.0 (Windows NT 10.0; Win64; x64) AppleWebKit/537.36 (KHTML, like Gecko) Chrome/77.0.3865.90 Safari/537.36)
[2019-09-26 16:18:48] ---- CONTENT: {data : "<?xml version='1.0' encoding='utf-8' ?><Request ID='20190926161848400'><General><Token>61111131252223224013000011333653</Token></General><Data></Data></Request>"}
[2019-09-26 16:18:48] 200 - OK - application/json
[2019-09-26 16:18:51] REQUEST GET - https://localhost:8082/controllo/analisi-indici
[2019-09-26 16:18:51] ---- FROM  ::1 (WinNT)
[2019-09-26 16:18:51] ---- BROWSER:  Chrome 77.0 (Mozilla/5.0 (Windows NT 10.0; Win64; x64) AppleWebKit/537.36 (KHTML, like Gecko) Chrome/77.0.3865.90 Safari/537.36)
[2019-09-26 16:18:51] 200 - OK - text/html
[2019-09-26 16:18:52] REQUEST POST - https://localhost:8082/public/ws/CDG.asmx/Get
[2019-09-26 16:18:52] ---- FROM  ::1 (WinNT)
[2019-09-26 16:18:52] ---- BROWSER:  Chrome 77.0 (Mozilla/5.0 (Windows NT 10.0; Win64; x64) AppleWebKit/537.36 (KHTML, like Gecko) Chrome/77.0.3865.90 Safari/537.36)
[2019-09-26 16:18:52] ---- CONTENT: {data : "<?xml version='1.0' encoding='utf-8' ?><Request ID='20190926161852415'><General><Token>61111131252223224013000011333653</Token></General><Data></Data></Request>"}
[2019-09-26 16:18:52] 200 - OK - application/json
[2019-09-26 16:18:52] REQUEST POST - https://localhost:8082/public/ws/Config.asmx/All_Get
[2019-09-26 16:18:52] ---- FROM  ::1 (WinNT)
[2019-09-26 16:18:52] ---- BROWSER:  Chrome 77.0 (Mozilla/5.0 (Windows NT 10.0; Win64; x64) AppleWebKit/537.36 (KHTML, like Gecko) Chrome/77.0.3865.90 Safari/537.36)
[2019-09-26 16:18:52] ---- CONTENT: {data : "<?xml version='1.0' encoding='utf-8' ?><Request ID='20190926161852585'><General><Token>61111131252223224013000011333653</Token></General><Data></Data></Request>"}
[2019-09-26 16:18:52] REQUEST POST - https://localhost:8082/public/ws/Economics.asmx/messaggi_summary
[2019-09-26 16:18:52] ---- FROM  ::1 (WinNT)
[2019-09-26 16:18:52] ---- BROWSER:  Chrome 77.0 (Mozilla/5.0 (Windows NT 10.0; Win64; x64) AppleWebKit/537.36 (KHTML, like Gecko) Chrome/77.0.3865.90 Safari/537.36)
[2019-09-26 16:18:52] ---- CONTENT: {data : "<?xml version='1.0' encoding='utf-8' ?><Request ID='20190926161852615'><General><Token>61111131252223224013000011333653</Token></General><Data></Data></Request>"}
[2019-09-26 16:18:52] REQUEST GET - https://localhost:8082/public/ws/Resources.ashx/xml-economics/61111131252223224013000011333653
[2019-09-26 16:18:52] ---- FROM  ::1 (WinNT)
[2019-09-26 16:18:52] ---- BROWSER:  Chrome 77.0 (Mozilla/5.0 (Windows NT 10.0; Win64; x64) AppleWebKit/537.36 (KHTML, like Gecko) Chrome/77.0.3865.90 Safari/537.36)
[2019-09-26 16:18:52] 200 - OK - application/json
[2019-09-26 16:18:52] 200 - OK - application/json
[2019-09-26 16:18:52] 200 - OK - text/xml
[2019-09-26 16:18:52] REQUEST POST - https://localhost:8082/public/ws/Config.asmx/All_Get
[2019-09-26 16:18:52] ---- FROM  ::1 (WinNT)
[2019-09-26 16:18:52] ---- BROWSER:  Chrome 77.0 (Mozilla/5.0 (Windows NT 10.0; Win64; x64) AppleWebKit/537.36 (KHTML, like Gecko) Chrome/77.0.3865.90 Safari/537.36)
[2019-09-26 16:18:52] ---- CONTENT: {data : "<?xml version='1.0' encoding='utf-8' ?><Request ID='20190926161852737'><General><Token>61111131252223224013000011333653</Token></General><Data></Data></Request>"}
[2019-09-26 16:18:52] 200 - OK - application/json
[2019-09-26 16:18:52] REQUEST POST - https://localhost:8082/public/ws/Config.asmx/All_Get
[2019-09-26 16:18:52] ---- FROM  ::1 (WinNT)
[2019-09-26 16:18:52] ---- BROWSER:  Chrome 77.0 (Mozilla/5.0 (Windows NT 10.0; Win64; x64) AppleWebKit/537.36 (KHTML, like Gecko) Chrome/77.0.3865.90 Safari/537.36)
[2019-09-26 16:18:52] ---- CONTENT: {data : "<?xml version='1.0' encoding='utf-8' ?><Request ID='20190926161852821'><General><Token>61111131252223224013000011333653</Token></General><Data></Data></Request>"}
[2019-09-26 16:18:52] 200 - OK - application/json
[2019-09-26 16:18:57] REQUEST GET - https://localhost:8082/controllo/scostamenti
[2019-09-26 16:18:57] ---- FROM  ::1 (WinNT)
[2019-09-26 16:18:58] ---- BROWSER:  Chrome 77.0 (Mozilla/5.0 (Windows NT 10.0; Win64; x64) AppleWebKit/537.36 (KHTML, like Gecko) Chrome/77.0.3865.90 Safari/537.36)
[2019-09-26 16:18:58] 200 - OK - text/html
[2019-09-26 16:18:58] REQUEST POST - https://localhost:8082/public/ws/CDG.asmx/Forecast_Get
[2019-09-26 16:18:58] ---- FROM  ::1 (WinNT)
[2019-09-26 16:18:58] ---- BROWSER:  Chrome 77.0 (Mozilla/5.0 (Windows NT 10.0; Win64; x64) AppleWebKit/537.36 (KHTML, like Gecko) Chrome/77.0.3865.90 Safari/537.36)
[2019-09-26 16:18:58] ---- CONTENT: {data : "<?xml version='1.0' encoding='utf-8' ?><Request ID='20190926161858456'><General><Token>61111131252223224013000011333653</Token></General><Data></Data></Request>"}
[2019-09-26 16:18:58] 200 - OK - application/json
[2019-09-26 16:18:58] REQUEST POST - https://localhost:8082/public/ws/Config.asmx/All_Get
[2019-09-26 16:18:58] ---- FROM  ::1 (WinNT)
[2019-09-26 16:18:58] ---- BROWSER:  Chrome 77.0 (Mozilla/5.0 (Windows NT 10.0; Win64; x64) AppleWebKit/537.36 (KHTML, like Gecko) Chrome/77.0.3865.90 Safari/537.36)
[2019-09-26 16:18:58] REQUEST POST - https://localhost:8082/public/ws/Economics.asmx/messaggi_summary
[2019-09-26 16:18:58] ---- FROM  ::1 (WinNT)
[2019-09-26 16:18:58] ---- BROWSER:  Chrome 77.0 (Mozilla/5.0 (Windows NT 10.0; Win64; x64) AppleWebKit/537.36 (KHTML, like Gecko) Chrome/77.0.3865.90 Safari/537.36)
[2019-09-26 16:18:58] ---- CONTENT: {data : "<?xml version='1.0' encoding='utf-8' ?><Request ID='20190926161858736'><General><Token>61111131252223224013000011333653</Token></General><Data></Data></Request>"}
[2019-09-26 16:18:58] ---- CONTENT: {data : "<?xml version='1.0' encoding='utf-8' ?><Request ID='20190926161858710'><General><Token>61111131252223224013000011333653</Token></General><Data></Data></Request>"}
[2019-09-26 16:18:58] REQUEST GET - https://localhost:8082/public/ws/Resources.ashx/xml-economics/61111131252223224013000011333653
[2019-09-26 16:18:58] 200 - OK - application/json
[2019-09-26 16:18:58] 200 - OK - application/json
[2019-09-26 16:18:58] ---- FROM  ::1 (WinNT)
[2019-09-26 16:18:58] ---- BROWSER:  Chrome 77.0 (Mozilla/5.0 (Windows NT 10.0; Win64; x64) AppleWebKit/537.36 (KHTML, like Gecko) Chrome/77.0.3865.90 Safari/537.36)
[2019-09-26 16:18:58] REQUEST POST - https://localhost:8082/public/ws/Config.asmx/All_Get
[2019-09-26 16:18:58] ---- FROM  ::1 (WinNT)
[2019-09-26 16:18:58] ---- BROWSER:  Chrome 77.0 (Mozilla/5.0 (Windows NT 10.0; Win64; x64) AppleWebKit/537.36 (KHTML, like Gecko) Chrome/77.0.3865.90 Safari/537.36)
[2019-09-26 16:18:58] ---- CONTENT: {data : "<?xml version='1.0' encoding='utf-8' ?><Request ID='20190926161858880'><General><Token>61111131252223224013000011333653</Token></General><Data></Data></Request>"}
[2019-09-26 16:18:58] 200 - OK - text/xml
[2019-09-26 16:18:58] 200 - OK - application/json
[2019-09-26 16:18:59] REQUEST POST - https://localhost:8082/public/ws/CDG.asmx/Data
[2019-09-26 16:18:59] ---- FROM  ::1 (WinNT)
[2019-09-26 16:18:59] ---- BROWSER:  Chrome 77.0 (Mozilla/5.0 (Windows NT 10.0; Win64; x64) AppleWebKit/537.36 (KHTML, like Gecko) Chrome/77.0.3865.90 Safari/537.36)
[2019-09-26 16:18:59] ---- CONTENT: {data : "<?xml version='1.0' encoding='utf-8' ?><Request ID='20190926161859814'><General><Token>61111131252223224013000011333653</Token></General><Data></Data></Request>"}
[2019-09-26 16:18:59] 200 - OK - application/json
[2019-09-26 16:19:00] REQUEST POST - https://localhost:8082/public/ws/Config.asmx/All_Get
[2019-09-26 16:19:00] ---- FROM  ::1 (WinNT)
[2019-09-26 16:19:00] ---- BROWSER:  Chrome 77.0 (Mozilla/5.0 (Windows NT 10.0; Win64; x64) AppleWebKit/537.36 (KHTML, like Gecko) Chrome/77.0.3865.90 Safari/537.36)
[2019-09-26 16:19:00] ---- CONTENT: {data : "<?xml version='1.0' encoding='utf-8' ?><Request ID='20190926161900138'><General><Token>61111131252223224013000011333653</Token></General><Data></Data></Request>"}
[2019-09-26 16:19:00] 200 - OK - application/json
