[2019-10-01 17:05:09] REQUEST POST - https://localhost:8082/public/aspx/Home.aspx
[2019-10-01 17:05:09] ---- FROM  ::1 (WinNT)
[2019-10-01 17:05:09] ---- BROWSER:  Chrome 77.0 (Mozilla/5.0 (Windows NT 10.0; Win64; x64) AppleWebKit/537.36 (KHTML, like Gecko) Chrome/77.0.3865.90 Safari/537.36)
[2019-10-01 17:05:09] ---- CONTENT: Token%3D61111131252223224013000011333653%26TokenApiRest%3DeyJ0eXAiOiJKV1QiLCJhbGciOiJIUzI1NiJ9.eyJpc3MiOiJodHRwczpcL1wvd3d3cy5kZXYteWVhcC5pdCIsImlhdCI6MTU0MjI5NDMyMSwibmJmIjoxNTQyMjk0MzIxLCJleHAiOjE1NDI4OTkxMjEsImRhdGEiOnsidXNlciI6eyJpZCI6IjQ0In19fQ.RCP5OeoGASxAyBw1MbMD4BFJAcDM5JIXqYXKBALZcJI%26Logo%3Dhttps%3A%2F%2Flocalhost%3A8082%2Fscratch%2Fpl_logo.png%26Title%3DBusiness+Plan+Test+nr.+2=
[2019-10-01 17:05:10] 302 - Found - text/html
[2019-10-01 17:05:10] REQUEST GET - https://localhost:8082/home/welcome
[2019-10-01 17:05:10] ---- FROM  ::1 (WinNT)
[2019-10-01 17:05:10] ---- BROWSER:  Chrome 77.0 (Mozilla/5.0 (Windows NT 10.0; Win64; x64) AppleWebKit/537.36 (KHTML, like Gecko) Chrome/77.0.3865.90 Safari/537.36)
[2019-10-01 17:05:12] 200 - OK - text/html
[2019-10-01 17:05:12] REQUEST POST - https://localhost:8082/public/ws/General.asmx/Set
[2019-10-01 17:05:12] ---- FROM  ::1 (WinNT)
[2019-10-01 17:05:12] ---- BROWSER:  Chrome 77.0 (Mozilla/5.0 (Windows NT 10.0; Win64; x64) AppleWebKit/537.36 (KHTML, like Gecko) Chrome/77.0.3865.90 Safari/537.36)
[2019-10-01 17:05:12] ---- CONTENT: {data : "<?xml version='1.0' encoding='utf-8' ?><Request ID='20191001170512942'><General><Token>61111131252223224013000011333653</Token></General><Data><Nome>Business Plan Test nr. 2</Nome><Logo>https%3A%2F%2Flocalhost%3A8082%2Fscratch%2Fpl_logo.png</Logo></Data></Request>"}
[2019-10-01 17:05:13] 200 - OK - application/json
[2019-10-01 17:05:13] REQUEST POST - https://localhost:8082/public/ws/Config.asmx/Economics_Get
[2019-10-01 17:05:13] ---- FROM  ::1 (WinNT)
[2019-10-01 17:05:13] ---- BROWSER:  Chrome 77.0 (Mozilla/5.0 (Windows NT 10.0; Win64; x64) AppleWebKit/537.36 (KHTML, like Gecko) Chrome/77.0.3865.90 Safari/537.36)
[2019-10-01 17:05:13] ---- CONTENT: {data : "<?xml version='1.0' encoding='utf-8' ?><Request ID='20191001170513459'><General><Token>61111131252223224013000011333653</Token></General><Data></Data></Request>"}
[2019-10-01 17:05:13] 200 - OK - application/json
[2019-10-01 17:05:13] REQUEST POST - https://localhost:8082/public/ws/Economics.asmx/messaggi_summary
[2019-10-01 17:05:14] REQUEST POST - https://localhost:8082/public/ws/Config.asmx/All_Get
[2019-10-01 17:05:14] ---- FROM  ::1 (WinNT)
[2019-10-01 17:05:14] ---- FROM  ::1 (WinNT)
[2019-10-01 17:05:14] ---- BROWSER:  Chrome 77.0 (Mozilla/5.0 (Windows NT 10.0; Win64; x64) AppleWebKit/537.36 (KHTML, like Gecko) Chrome/77.0.3865.90 Safari/537.36)
[2019-10-01 17:05:14] ---- CONTENT: {data : "<?xml version='1.0' encoding='utf-8' ?><Request ID='20191001170513939'><General><Token>61111131252223224013000011333653</Token></General><Data></Data></Request>"}
[2019-10-01 17:05:14] REQUEST POST - https://localhost:8082/public/ws/Config.asmx/All_Get
[2019-10-01 17:05:14] ---- FROM  ::1 (WinNT)
[2019-10-01 17:05:14] ---- BROWSER:  Chrome 77.0 (Mozilla/5.0 (Windows NT 10.0; Win64; x64) AppleWebKit/537.36 (KHTML, like Gecko) Chrome/77.0.3865.90 Safari/537.36)
[2019-10-01 17:05:14] ---- CONTENT: {data : "<?xml version='1.0' encoding='utf-8' ?><Request ID='20191001170513910'><General><Token>61111131252223224013000011333653</Token></General><Data></Data></Request>"}
[2019-10-01 17:05:14] ---- BROWSER:  Chrome 77.0 (Mozilla/5.0 (Windows NT 10.0; Win64; x64) AppleWebKit/537.36 (KHTML, like Gecko) Chrome/77.0.3865.90 Safari/537.36)
[2019-10-01 17:05:14] ---- CONTENT: {data : "<?xml version='1.0' encoding='utf-8' ?><Request ID='2019100117051452'><General><Token>61111131252223224013000011333653</Token></General><Data></Data></Request>"}
[2019-10-01 17:05:14] 200 - OK - application/json
[2019-10-01 17:05:14] 200 - OK - application/json
[2019-10-01 17:05:14] 200 - OK - application/json
[2019-10-01 17:05:14] REQUEST POST - https://localhost:8082/public/ws/Config.asmx/All_Get
[2019-10-01 17:05:14] ---- FROM  ::1 (WinNT)
[2019-10-01 17:05:14] ---- BROWSER:  Chrome 77.0 (Mozilla/5.0 (Windows NT 10.0; Win64; x64) AppleWebKit/537.36 (KHTML, like Gecko) Chrome/77.0.3865.90 Safari/537.36)
[2019-10-01 17:05:14] ---- CONTENT: {data : "<?xml version='1.0' encoding='utf-8' ?><Request ID='20191001170514531'><General><Token>61111131252223224013000011333653</Token></General><Data></Data></Request>"}
[2019-10-01 17:05:14] 200 - OK - application/json
[2019-10-01 17:05:24] REQUEST GET - https://localhost:8082/economics/anno-precedente-conferma
[2019-10-01 17:05:24] ---- FROM  ::1 (WinNT)
[2019-10-01 17:05:24] ---- BROWSER:  Chrome 77.0 (Mozilla/5.0 (Windows NT 10.0; Win64; x64) AppleWebKit/537.36 (KHTML, like Gecko) Chrome/77.0.3865.90 Safari/537.36)
[2019-10-01 17:05:24] 200 - OK - text/html
[2019-10-01 17:05:24] REQUEST POST - https://localhost:8082/public/ws/AnnoPrec.asmx/Valutazione
[2019-10-01 17:05:24] ---- FROM  ::1 (WinNT)
[2019-10-01 17:05:24] ---- BROWSER:  Chrome 77.0 (Mozilla/5.0 (Windows NT 10.0; Win64; x64) AppleWebKit/537.36 (KHTML, like Gecko) Chrome/77.0.3865.90 Safari/537.36)
[2019-10-01 17:05:24] ---- CONTENT: {data : "<?xml version='1.0' encoding='utf-8' ?><Request ID='20191001170524639'><General><Token>61111131252223224013000011333653</Token></General><Data></Data></Request>"}
[2019-10-01 17:05:25] 200 - OK - application/json
[2019-10-01 17:05:25] REQUEST GET - https://localhost:8082/public/ws/Resources.ashx/xml-economics/61111131252223224013000011333653
[2019-10-01 17:05:25] ---- FROM  ::1 (WinNT)
[2019-10-01 17:05:25] ---- BROWSER:  Chrome 77.0 (Mozilla/5.0 (Windows NT 10.0; Win64; x64) AppleWebKit/537.36 (KHTML, like Gecko) Chrome/77.0.3865.90 Safari/537.36)
[2019-10-01 17:05:25] REQUEST POST - https://localhost:8082/public/ws/Config.asmx/All_Get
[2019-10-01 17:05:25] ---- FROM  ::1 (WinNT)
[2019-10-01 17:05:25] ---- BROWSER:  Chrome 77.0 (Mozilla/5.0 (Windows NT 10.0; Win64; x64) AppleWebKit/537.36 (KHTML, like Gecko) Chrome/77.0.3865.90 Safari/537.36)
[2019-10-01 17:05:25] ---- CONTENT: {data : "<?xml version='1.0' encoding='utf-8' ?><Request ID='20191001170525133'><General><Token>61111131252223224013000011333653</Token></General><Data></Data></Request>"}
[2019-10-01 17:05:25] REQUEST POST - https://localhost:8082/public/ws/Economics.asmx/messaggi_summary
[2019-10-01 17:05:25] ---- FROM  ::1 (WinNT)
[2019-10-01 17:05:25] ---- BROWSER:  Chrome 77.0 (Mozilla/5.0 (Windows NT 10.0; Win64; x64) AppleWebKit/537.36 (KHTML, like Gecko) Chrome/77.0.3865.90 Safari/537.36)
[2019-10-01 17:05:25] ---- CONTENT: {data : "<?xml version='1.0' encoding='utf-8' ?><Request ID='20191001170525165'><General><Token>61111131252223224013000011333653</Token></General><Data></Data></Request>"}
[2019-10-01 17:05:25] 200 - OK - application/json
[2019-10-01 17:05:25] 200 - OK - text/xml
[2019-10-01 17:05:25] 200 - OK - application/json
[2019-10-01 17:05:25] REQUEST POST - https://localhost:8082/public/ws/Config.asmx/All_Get
[2019-10-01 17:05:25] ---- FROM  ::1 (WinNT)
[2019-10-01 17:05:25] ---- BROWSER:  Chrome 77.0 (Mozilla/5.0 (Windows NT 10.0; Win64; x64) AppleWebKit/537.36 (KHTML, like Gecko) Chrome/77.0.3865.90 Safari/537.36)
[2019-10-01 17:05:25] ---- CONTENT: {data : "<?xml version='1.0' encoding='utf-8' ?><Request ID='20191001170525402'><General><Token>61111131252223224013000011333653</Token></General><Data></Data></Request>"}
[2019-10-01 17:05:25] REQUEST POST - https://localhost:8082/public/ws/Config.asmx/All_Get
[2019-10-01 17:05:25] ---- FROM  ::1 (WinNT)
[2019-10-01 17:05:25] ---- BROWSER:  Chrome 77.0 (Mozilla/5.0 (Windows NT 10.0; Win64; x64) AppleWebKit/537.36 (KHTML, like Gecko) Chrome/77.0.3865.90 Safari/537.36)
[2019-10-01 17:05:25] ---- CONTENT: {data : "<?xml version='1.0' encoding='utf-8' ?><Request ID='20191001170525448'><General><Token>61111131252223224013000011333653</Token></General><Data></Data></Request>"}
[2019-10-01 17:05:25] 200 - OK - application/json
[2019-10-01 17:05:25] 200 - OK - application/json
