[2019-08-29 09:26:21] REQUEST GET - https://localhost:8082/public/aspx/Home.aspx?Token=61111131252223224013000011333653&TokenApiRest=eyJ0eXAiOiJKV1QiLCJhbGciOiJIUzI1NiJ9.eyJpc3MiOiJodHRwczpcL1wvd3d3cy5kZXYteWVhcC5pdCIsImlhdCI6MTU0MjI5NDMyMSwibmJmIjoxNTQyMjk0MzIxLCJleHAiOjE1NDI4OTkxMjEsImRhdGEiOnsidXNlciI6eyJpZCI6IjQ0In19fQ.RCP5OeoGASxAyBw1MbMD4BFJAcDM5JIXqYXKBALZcJI&Logo=https://localhost:8082/scratch/pl_logo.png&Title=Business Plan Test nr. 2
[2019-08-29 09:26:21] ---- FROM  ::1 (WinNT)
[2019-08-29 09:26:21] ---- BROWSER:  Chrome 76.0 (Mozilla/5.0 (Windows NT 10.0; Win64; x64) AppleWebKit/537.36 (KHTML, like Gecko) Chrome/76.0.3809.100 Safari/537.36)
[2019-08-29 09:26:22] 302 - Found - text/html
[2019-08-29 09:26:22] REQUEST GET - https://localhost:8082/home/welcome?Token=61111131252223224013000011333653&TokenApiRest=eyJ0eXAiOiJKV1QiLCJhbGciOiJIUzI1NiJ9.eyJpc3MiOiJodHRwczpcL1wvd3d3cy5kZXYteWVhcC5pdCIsImlhdCI6MTU0MjI5NDMyMSwibmJmIjoxNTQyMjk0MzIxLCJleHAiOjE1NDI4OTkxMjEsImRhdGEiOnsidXNlciI6eyJpZCI6IjQ0In19fQ.RCP5OeoGASxAyBw1MbMD4BFJAcDM5JIXqYXKBALZcJI&Logo=https://localhost:8082/scratch/pl_logo.png&Title=Business Plan Test nr. 2
[2019-08-29 09:26:22] ---- FROM  ::1 (WinNT)
[2019-08-29 09:26:22] ---- BROWSER:  Chrome 76.0 (Mozilla/5.0 (Windows NT 10.0; Win64; x64) AppleWebKit/537.36 (KHTML, like Gecko) Chrome/76.0.3809.100 Safari/537.36)
[2019-08-29 09:26:23] 200 - OK - text/html
[2019-08-29 09:26:25] REQUEST POST - https://localhost:8082/public/ws/General.asmx/Set
[2019-08-29 09:26:25] ---- FROM  ::1 (WinNT)
[2019-08-29 09:26:25] ---- BROWSER:  Chrome 76.0 (Mozilla/5.0 (Windows NT 10.0; Win64; x64) AppleWebKit/537.36 (KHTML, like Gecko) Chrome/76.0.3809.100 Safari/537.36)
[2019-08-29 09:26:25] ---- CONTENT: {data : "<?xml version='1.0' encoding='utf-8' ?><Request ID='2019082909262550'><General><Token>61111131252223224013000011333653</Token></General><Data><Nome>Business Plan Test nr. 2</Nome><Logo>https%3A%2F%2Flocalhost%3A8082%2Fscratch%2Fpl_logo.png</Logo></Data></Request>"}
[2019-08-29 09:26:25] 200 - OK - application/json
[2019-08-29 09:26:25] REQUEST POST - https://localhost:8082/public/ws/Config.asmx/Economics_Get
[2019-08-29 09:26:25] ---- FROM  ::1 (WinNT)
[2019-08-29 09:26:25] ---- BROWSER:  Chrome 76.0 (Mozilla/5.0 (Windows NT 10.0; Win64; x64) AppleWebKit/537.36 (KHTML, like Gecko) Chrome/76.0.3809.100 Safari/537.36)
[2019-08-29 09:26:25] ---- CONTENT: {data : "<?xml version='1.0' encoding='utf-8' ?><Request ID='20190829092625334'><General><Token>61111131252223224013000011333653</Token></General><Data></Data></Request>"}
[2019-08-29 09:26:25] 200 - OK - application/json
[2019-08-29 09:26:30] REQUEST POST - https://localhost:8082/public/ws/Config.asmx/All_Get
[2019-08-29 09:26:30] ---- FROM  ::1 (WinNT)
[2019-08-29 09:26:30] ---- BROWSER:  Chrome 76.0 (Mozilla/5.0 (Windows NT 10.0; Win64; x64) AppleWebKit/537.36 (KHTML, like Gecko) Chrome/76.0.3809.100 Safari/537.36)
[2019-08-29 09:26:30] ---- CONTENT: {data : "<?xml version='1.0' encoding='utf-8' ?><Request ID='20190829092630527'><General><Token>61111131252223224013000011333653</Token></General><Data></Data></Request>"}
[2019-08-29 09:26:30] 200 - OK - application/json
[2019-08-29 09:26:30] REQUEST POST - https://localhost:8082/public/ws/Config.asmx/All_Get
[2019-08-29 09:26:30] ---- FROM  ::1 (WinNT)
[2019-08-29 09:26:30] ---- BROWSER:  Chrome 76.0 (Mozilla/5.0 (Windows NT 10.0; Win64; x64) AppleWebKit/537.36 (KHTML, like Gecko) Chrome/76.0.3809.100 Safari/537.36)
[2019-08-29 09:26:30] ---- CONTENT: {data : "<?xml version='1.0' encoding='utf-8' ?><Request ID='20190829092630801'><General><Token>61111131252223224013000011333653</Token></General><Data></Data></Request>"}
[2019-08-29 09:26:30] 200 - OK - application/json
[2019-08-29 09:26:30] REQUEST POST - https://localhost:8082/public/ws/Economics.asmx/messaggi_summary
[2019-08-29 09:26:30] ---- FROM  ::1 (WinNT)
[2019-08-29 09:26:30] ---- BROWSER:  Chrome 76.0 (Mozilla/5.0 (Windows NT 10.0; Win64; x64) AppleWebKit/537.36 (KHTML, like Gecko) Chrome/76.0.3809.100 Safari/537.36)
[2019-08-29 09:26:30] ---- CONTENT: {data : "<?xml version='1.0' encoding='utf-8' ?><Request ID='20190829092630864'><General><Token>61111131252223224013000011333653</Token></General><Data></Data></Request>"}
[2019-08-29 09:26:31] 200 - OK - application/json
[2019-08-29 09:26:31] REQUEST POST - https://localhost:8082/public/ws/Config.asmx/All_Get
[2019-08-29 09:26:31] ---- FROM  ::1 (WinNT)
[2019-08-29 09:26:31] ---- BROWSER:  Chrome 76.0 (Mozilla/5.0 (Windows NT 10.0; Win64; x64) AppleWebKit/537.36 (KHTML, like Gecko) Chrome/76.0.3809.100 Safari/537.36)
[2019-08-29 09:26:31] ---- CONTENT: {data : "<?xml version='1.0' encoding='utf-8' ?><Request ID='2019082909263130'><General><Token>61111131252223224013000011333653</Token></General><Data></Data></Request>"}
[2019-08-29 09:26:31] 200 - OK - application/json
[2019-08-29 09:27:40] REQUEST GET - https://localhost:8082/qa/qualitativa
[2019-08-29 09:27:40] ---- FROM  ::1 (WinNT)
[2019-08-29 09:27:40] ---- BROWSER:  Chrome 76.0 (Mozilla/5.0 (Windows NT 10.0; Win64; x64) AppleWebKit/537.36 (KHTML, like Gecko) Chrome/76.0.3809.100 Safari/537.36)
[2019-08-29 09:27:40] 200 - OK - text/html
[2019-08-29 09:27:42] REQUEST POST - https://localhost:8082/public/ws/QAnalysis.asmx/Get
[2019-08-29 09:27:42] ---- FROM  ::1 (WinNT)
[2019-08-29 09:27:42] ---- BROWSER:  Chrome 76.0 (Mozilla/5.0 (Windows NT 10.0; Win64; x64) AppleWebKit/537.36 (KHTML, like Gecko) Chrome/76.0.3809.100 Safari/537.36)
[2019-08-29 09:27:42] ---- CONTENT: {data : "<?xml version='1.0' encoding='utf-8' ?><Request ID='20190829092741997'><General><Token>61111131252223224013000011333653</Token></General><Data></Data></Request>"}
[2019-08-29 09:27:42] 200 - OK - application/json
[2019-08-29 09:27:43] REQUEST POST - https://localhost:8082/public/ws/Config.asmx/All_Get
[2019-08-29 09:27:43] ---- FROM  ::1 (WinNT)
[2019-08-29 09:27:43] ---- BROWSER:  Chrome 76.0 (Mozilla/5.0 (Windows NT 10.0; Win64; x64) AppleWebKit/537.36 (KHTML, like Gecko) Chrome/76.0.3809.100 Safari/537.36)
[2019-08-29 09:27:43] ---- CONTENT: {data : "<?xml version='1.0' encoding='utf-8' ?><Request ID='20190829092743948'><General><Token>61111131252223224013000011333653</Token></General><Data></Data></Request>"}
[2019-08-29 09:27:43] 200 - OK - application/json
[2019-08-29 09:27:44] REQUEST POST - https://localhost:8082/public/ws/Economics.asmx/messaggi_summary
[2019-08-29 09:27:44] ---- FROM  ::1 (WinNT)
[2019-08-29 09:27:44] ---- BROWSER:  Chrome 76.0 (Mozilla/5.0 (Windows NT 10.0; Win64; x64) AppleWebKit/537.36 (KHTML, like Gecko) Chrome/76.0.3809.100 Safari/537.36)
[2019-08-29 09:27:44] ---- CONTENT: {data : "<?xml version='1.0' encoding='utf-8' ?><Request ID='2019082909274485'><General><Token>61111131252223224013000011333653</Token></General><Data></Data></Request>"}
[2019-08-29 09:27:44] 200 - OK - application/json
[2019-08-29 09:27:44] REQUEST POST - https://localhost:8082/public/ws/Config.asmx/All_Get
[2019-08-29 09:27:44] ---- FROM  ::1 (WinNT)
[2019-08-29 09:27:44] ---- BROWSER:  Chrome 76.0 (Mozilla/5.0 (Windows NT 10.0; Win64; x64) AppleWebKit/537.36 (KHTML, like Gecko) Chrome/76.0.3809.100 Safari/537.36)
[2019-08-29 09:27:44] ---- CONTENT: {data : "<?xml version='1.0' encoding='utf-8' ?><Request ID='20190829092744158'><General><Token>61111131252223224013000011333653</Token></General><Data></Data></Request>"}
[2019-08-29 09:27:44] 200 - OK - application/json
[2019-08-29 09:27:44] REQUEST POST - https://localhost:8082/public/ws/Config.asmx/All_Get
[2019-08-29 09:27:44] ---- FROM  ::1 (WinNT)
[2019-08-29 09:27:44] REQUEST GET - https://localhost:8082/public/ws/Resources.ashx/xml-qa
[2019-08-29 09:27:44] ---- FROM  ::1 (WinNT)
[2019-08-29 09:27:44] ---- BROWSER:  Chrome 76.0 (Mozilla/5.0 (Windows NT 10.0; Win64; x64) AppleWebKit/537.36 (KHTML, like Gecko) Chrome/76.0.3809.100 Safari/537.36)
[2019-08-29 09:27:44] REQUEST GET - https://localhost:8082/public/ws/Resources.ashx/xml-qa
[2019-08-29 09:27:44] ---- FROM  ::1 (WinNT)
[2019-08-29 09:27:44] ---- BROWSER:  Chrome 76.0 (Mozilla/5.0 (Windows NT 10.0; Win64; x64) AppleWebKit/537.36 (KHTML, like Gecko) Chrome/76.0.3809.100 Safari/537.36)
[2019-08-29 09:27:44] REQUEST GET - https://localhost:8082/public/ws/Resources.ashx/xml-qa
[2019-08-29 09:27:44] ---- FROM  ::1 (WinNT)
[2019-08-29 09:27:44] REQUEST GET - https://localhost:8082/public/ws/Resources.ashx/xml-qa
[2019-08-29 09:27:44] ---- FROM  ::1 (WinNT)
[2019-08-29 09:27:44] ---- BROWSER:  Chrome 76.0 (Mozilla/5.0 (Windows NT 10.0; Win64; x64) AppleWebKit/537.36 (KHTML, like Gecko) Chrome/76.0.3809.100 Safari/537.36)
[2019-08-29 09:27:44] ---- CONTENT: {data : "<?xml version='1.0' encoding='utf-8' ?><Request ID='20190829092744371'><General><Token>61111131252223224013000011333653</Token></General><Data></Data></Request>"}
[2019-08-29 09:27:44] ---- BROWSER:  Chrome 76.0 (Mozilla/5.0 (Windows NT 10.0; Win64; x64) AppleWebKit/537.36 (KHTML, like Gecko) Chrome/76.0.3809.100 Safari/537.36)
[2019-08-29 09:27:44] REQUEST GET - https://localhost:8082/public/ws/Resources.ashx/xml-qa
[2019-08-29 09:27:44] ---- BROWSER:  Chrome 76.0 (Mozilla/5.0 (Windows NT 10.0; Win64; x64) AppleWebKit/537.36 (KHTML, like Gecko) Chrome/76.0.3809.100 Safari/537.36)
[2019-08-29 09:27:44] 200 - OK - text/xml
[2019-08-29 09:27:44] 200 - OK - application/json
[2019-08-29 09:27:44] REQUEST GET - https://localhost:8082/public/ws/Resources.ashx/xml-qa
[2019-08-29 09:27:44] 200 - OK - text/xml
[2019-08-29 09:27:44] REQUEST GET - https://localhost:8082/public/ws/Resources.ashx/xml-qa
[2019-08-29 09:27:44] ---- FROM  ::1 (WinNT)
[2019-08-29 09:27:44] 200 - OK - text/xml
[2019-08-29 09:27:44] REQUEST GET - https://localhost:8082/public/ws/Resources.ashx/xml-qa
[2019-08-29 09:27:44] ---- FROM  ::1 (WinNT)
[2019-08-29 09:27:44] ---- FROM  ::1 (WinNT)
[2019-08-29 09:27:44] ---- FROM  ::1 (WinNT)
[2019-08-29 09:27:44] ---- BROWSER:  Chrome 76.0 (Mozilla/5.0 (Windows NT 10.0; Win64; x64) AppleWebKit/537.36 (KHTML, like Gecko) Chrome/76.0.3809.100 Safari/537.36)
[2019-08-29 09:27:44] 200 - OK - text/xml
[2019-08-29 09:27:44] REQUEST GET - https://localhost:8082/public/ws/Resources.ashx/xml-qa
[2019-08-29 09:27:44] REQUEST GET - https://localhost:8082/public/ws/Resources.ashx/xml-qa
[2019-08-29 09:27:44] ---- BROWSER:  Chrome 76.0 (Mozilla/5.0 (Windows NT 10.0; Win64; x64) AppleWebKit/537.36 (KHTML, like Gecko) Chrome/76.0.3809.100 Safari/537.36)
[2019-08-29 09:27:44] ---- FROM  ::1 (WinNT)
[2019-08-29 09:27:44] ---- BROWSER:  Chrome 76.0 (Mozilla/5.0 (Windows NT 10.0; Win64; x64) AppleWebKit/537.36 (KHTML, like Gecko) Chrome/76.0.3809.100 Safari/537.36)
[2019-08-29 09:27:44] ---- BROWSER:  Chrome 76.0 (Mozilla/5.0 (Windows NT 10.0; Win64; x64) AppleWebKit/537.36 (KHTML, like Gecko) Chrome/76.0.3809.100 Safari/537.36)
[2019-08-29 09:27:44] ---- BROWSER:  Chrome 76.0 (Mozilla/5.0 (Windows NT 10.0; Win64; x64) AppleWebKit/537.36 (KHTML, like Gecko) Chrome/76.0.3809.100 Safari/537.36)
[2019-08-29 09:27:44] ---- FROM  ::1 (WinNT)
[2019-08-29 09:27:44] ---- BROWSER:  Chrome 76.0 (Mozilla/5.0 (Windows NT 10.0; Win64; x64) AppleWebKit/537.36 (KHTML, like Gecko) Chrome/76.0.3809.100 Safari/537.36)
[2019-08-29 09:27:44] 200 - OK - text/xml
[2019-08-29 09:27:44] 200 - OK - text/xml
[2019-08-29 09:27:44] 200 - OK - text/xml
[2019-08-29 09:27:44] REQUEST GET - https://localhost:8082/public/ws/Resources.ashx/xml-qa
[2019-08-29 09:27:44] ---- FROM  ::1 (WinNT)
[2019-08-29 09:27:44] ---- BROWSER:  Chrome 76.0 (Mozilla/5.0 (Windows NT 10.0; Win64; x64) AppleWebKit/537.36 (KHTML, like Gecko) Chrome/76.0.3809.100 Safari/537.36)
[2019-08-29 09:27:44] REQUEST GET - https://localhost:8082/public/ws/Resources.ashx/xml-qa
[2019-08-29 09:27:44] 200 - OK - text/xml
[2019-08-29 09:27:44] 200 - OK - text/xml
[2019-08-29 09:27:44] REQUEST GET - https://localhost:8082/public/ws/Resources.ashx/xml-qa
[2019-08-29 09:27:44] ---- FROM  ::1 (WinNT)
[2019-08-29 09:27:44] 200 - OK - text/xml
[2019-08-29 09:27:44] REQUEST GET - https://localhost:8082/public/ws/Resources.ashx/xml-qa
[2019-08-29 09:27:44] ---- FROM  ::1 (WinNT)
[2019-08-29 09:27:44] 200 - OK - text/xml
[2019-08-29 09:27:44] ---- BROWSER:  Chrome 76.0 (Mozilla/5.0 (Windows NT 10.0; Win64; x64) AppleWebKit/537.36 (KHTML, like Gecko) Chrome/76.0.3809.100 Safari/537.36)
[2019-08-29 09:27:44] REQUEST GET - https://localhost:8082/public/ws/Resources.ashx/xml-qa
[2019-08-29 09:27:44] ---- FROM  ::1 (WinNT)
[2019-08-29 09:27:44] ---- BROWSER:  Chrome 76.0 (Mozilla/5.0 (Windows NT 10.0; Win64; x64) AppleWebKit/537.36 (KHTML, like Gecko) Chrome/76.0.3809.100 Safari/537.36)
[2019-08-29 09:27:44] ---- BROWSER:  Chrome 76.0 (Mozilla/5.0 (Windows NT 10.0; Win64; x64) AppleWebKit/537.36 (KHTML, like Gecko) Chrome/76.0.3809.100 Safari/537.36)
[2019-08-29 09:27:44] 200 - OK - text/xml
[2019-08-29 09:27:44] 200 - OK - text/xml
[2019-08-29 09:27:44] 200 - OK - text/xml
[2019-08-29 09:27:44] REQUEST GET - https://localhost:8082/public/ws/Resources.ashx/xml-qa
[2019-08-29 09:27:44] REQUEST GET - https://localhost:8082/public/ws/Resources.ashx/xml-qa
[2019-08-29 09:27:44] ---- FROM  ::1 (WinNT)
[2019-08-29 09:27:44] ---- BROWSER:  Chrome 76.0 (Mozilla/5.0 (Windows NT 10.0; Win64; x64) AppleWebKit/537.36 (KHTML, like Gecko) Chrome/76.0.3809.100 Safari/537.36)
[2019-08-29 09:27:44] REQUEST GET - https://localhost:8082/public/ws/Resources.ashx/xml-qa
[2019-08-29 09:27:44] REQUEST GET - https://localhost:8082/public/ws/Resources.ashx/xml-qa
[2019-08-29 09:27:44] REQUEST GET - https://localhost:8082/public/ws/Resources.ashx/xml-qa
[2019-08-29 09:27:44] ---- FROM  ::1 (WinNT)
[2019-08-29 09:27:44] ---- FROM  ::1 (WinNT)
[2019-08-29 09:27:44] ---- FROM  ::1 (WinNT)
[2019-08-29 09:27:44] ---- FROM  ::1 (WinNT)
[2019-08-29 09:27:44] ---- BROWSER:  Chrome 76.0 (Mozilla/5.0 (Windows NT 10.0; Win64; x64) AppleWebKit/537.36 (KHTML, like Gecko) Chrome/76.0.3809.100 Safari/537.36)
[2019-08-29 09:27:44] 200 - OK - text/xml
[2019-08-29 09:27:44] ---- BROWSER:  Chrome 76.0 (Mozilla/5.0 (Windows NT 10.0; Win64; x64) AppleWebKit/537.36 (KHTML, like Gecko) Chrome/76.0.3809.100 Safari/537.36)
[2019-08-29 09:27:44] ---- BROWSER:  Chrome 76.0 (Mozilla/5.0 (Windows NT 10.0; Win64; x64) AppleWebKit/537.36 (KHTML, like Gecko) Chrome/76.0.3809.100 Safari/537.36)
[2019-08-29 09:27:44] 200 - OK - text/xml
[2019-08-29 09:27:44] ---- FROM  ::1 (WinNT)
[2019-08-29 09:27:44] ---- BROWSER:  Chrome 76.0 (Mozilla/5.0 (Windows NT 10.0; Win64; x64) AppleWebKit/537.36 (KHTML, like Gecko) Chrome/76.0.3809.100 Safari/537.36)
[2019-08-29 09:27:44] 200 - OK - text/xml
[2019-08-29 09:27:44] REQUEST GET - https://localhost:8082/public/ws/Resources.ashx/xml-qa
[2019-08-29 09:27:44] REQUEST GET - https://localhost:8082/public/ws/Resources.ashx/xml-qa
[2019-08-29 09:27:44] ---- FROM  ::1 (WinNT)
[2019-08-29 09:27:44] 200 - OK - text/xml
[2019-08-29 09:27:44] ---- BROWSER:  Chrome 76.0 (Mozilla/5.0 (Windows NT 10.0; Win64; x64) AppleWebKit/537.36 (KHTML, like Gecko) Chrome/76.0.3809.100 Safari/537.36)
[2019-08-29 09:27:44] REQUEST GET - https://localhost:8082/public/ws/Resources.ashx/xml-qa
[2019-08-29 09:27:44] ---- FROM  ::1 (WinNT)
[2019-08-29 09:27:44] 200 - OK - text/xml
[2019-08-29 09:27:44] REQUEST GET - https://localhost:8082/public/ws/Resources.ashx/xml-qa
[2019-08-29 09:27:44] ---- BROWSER:  Chrome 76.0 (Mozilla/5.0 (Windows NT 10.0; Win64; x64) AppleWebKit/537.36 (KHTML, like Gecko) Chrome/76.0.3809.100 Safari/537.36)
[2019-08-29 09:27:44] ---- BROWSER:  Chrome 76.0 (Mozilla/5.0 (Windows NT 10.0; Win64; x64) AppleWebKit/537.36 (KHTML, like Gecko) Chrome/76.0.3809.100 Safari/537.36)
[2019-08-29 09:27:44] 200 - OK - text/xml
[2019-08-29 09:27:44] REQUEST GET - https://localhost:8082/public/ws/Resources.ashx/xml-qa
[2019-08-29 09:27:44] ---- FROM  ::1 (WinNT)
[2019-08-29 09:27:44] ---- FROM  ::1 (WinNT)
[2019-08-29 09:27:44] REQUEST GET - https://localhost:8082/public/ws/Resources.ashx/xml-qa
[2019-08-29 09:27:44] ---- FROM  ::1 (WinNT)
[2019-08-29 09:27:44] ---- BROWSER:  Chrome 76.0 (Mozilla/5.0 (Windows NT 10.0; Win64; x64) AppleWebKit/537.36 (KHTML, like Gecko) Chrome/76.0.3809.100 Safari/537.36)
[2019-08-29 09:27:44] 200 - OK - text/xml
[2019-08-29 09:27:44] ---- BROWSER:  Chrome 76.0 (Mozilla/5.0 (Windows NT 10.0; Win64; x64) AppleWebKit/537.36 (KHTML, like Gecko) Chrome/76.0.3809.100 Safari/537.36)
[2019-08-29 09:27:44] ---- FROM  ::1 (WinNT)
[2019-08-29 09:27:44] ---- BROWSER:  Chrome 76.0 (Mozilla/5.0 (Windows NT 10.0; Win64; x64) AppleWebKit/537.36 (KHTML, like Gecko) Chrome/76.0.3809.100 Safari/537.36)
[2019-08-29 09:27:45] 200 - OK - text/xml
[2019-08-29 09:27:45] 200 - OK - text/xml
[2019-08-29 09:27:45] REQUEST GET - https://localhost:8082/public/ws/Resources.ashx/xml-qa
[2019-08-29 09:27:45] ---- FROM  ::1 (WinNT)
[2019-08-29 09:27:44] REQUEST GET - https://localhost:8082/public/ws/Resources.ashx/xml-qa
[2019-08-29 09:27:44] ---- BROWSER:  Chrome 76.0 (Mozilla/5.0 (Windows NT 10.0; Win64; x64) AppleWebKit/537.36 (KHTML, like Gecko) Chrome/76.0.3809.100 Safari/537.36)
[2019-08-29 09:27:45] ---- BROWSER:  Chrome 76.0 (Mozilla/5.0 (Windows NT 10.0; Win64; x64) AppleWebKit/537.36 (KHTML, like Gecko) Chrome/76.0.3809.100 Safari/537.36)
[2019-08-29 09:27:45] 200 - OK - text/xml
[2019-08-29 09:27:45] REQUEST GET - https://localhost:8082/public/ws/Resources.ashx/xml-qa
[2019-08-29 09:27:45] REQUEST GET - https://localhost:8082/public/ws/Resources.ashx/xml-qa
[2019-08-29 09:27:45] ---- FROM  ::1 (WinNT)
[2019-08-29 09:27:45] ---- FROM  ::1 (WinNT)
[2019-08-29 09:27:45] ---- FROM  ::1 (WinNT)
[2019-08-29 09:27:44] 200 - OK - text/xml
[2019-08-29 09:27:45] 200 - OK - text/xml
[2019-08-29 09:27:45] ---- BROWSER:  Chrome 76.0 (Mozilla/5.0 (Windows NT 10.0; Win64; x64) AppleWebKit/537.36 (KHTML, like Gecko) Chrome/76.0.3809.100 Safari/537.36)
[2019-08-29 09:27:45] 200 - OK - text/xml
[2019-08-29 09:27:45] REQUEST GET - https://localhost:8082/public/ws/Resources.ashx/xml-qa
[2019-08-29 09:27:45] ---- FROM  ::1 (WinNT)
[2019-08-29 09:27:45] ---- BROWSER:  Chrome 76.0 (Mozilla/5.0 (Windows NT 10.0; Win64; x64) AppleWebKit/537.36 (KHTML, like Gecko) Chrome/76.0.3809.100 Safari/537.36)
[2019-08-29 09:27:45] ---- BROWSER:  Chrome 76.0 (Mozilla/5.0 (Windows NT 10.0; Win64; x64) AppleWebKit/537.36 (KHTML, like Gecko) Chrome/76.0.3809.100 Safari/537.36)
[2019-08-29 09:27:45] ---- BROWSER:  Chrome 76.0 (Mozilla/5.0 (Windows NT 10.0; Win64; x64) AppleWebKit/537.36 (KHTML, like Gecko) Chrome/76.0.3809.100 Safari/537.36)
[2019-08-29 09:27:45] 200 - OK - text/xml
[2019-08-29 09:27:45] REQUEST GET - https://localhost:8082/public/ws/Resources.ashx/xml-qa
[2019-08-29 09:27:45] ---- FROM  ::1 (WinNT)
[2019-08-29 09:27:45] ---- BROWSER:  Chrome 76.0 (Mozilla/5.0 (Windows NT 10.0; Win64; x64) AppleWebKit/537.36 (KHTML, like Gecko) Chrome/76.0.3809.100 Safari/537.36)
[2019-08-29 09:27:45] 200 - OK - text/xml
[2019-08-29 09:27:45] 200 - OK - text/xml
[2019-08-29 09:27:45] REQUEST GET - https://localhost:8082/public/ws/Resources.ashx/xml-qa
[2019-08-29 09:27:45] ---- FROM  ::1 (WinNT)
[2019-08-29 09:27:45] REQUEST GET - https://localhost:8082/public/ws/Resources.ashx/xml-qa
[2019-08-29 09:27:45] ---- FROM  ::1 (WinNT)
[2019-08-29 09:27:45] REQUEST GET - https://localhost:8082/public/ws/Resources.ashx/xml-qa
[2019-08-29 09:27:45] ---- BROWSER:  Chrome 76.0 (Mozilla/5.0 (Windows NT 10.0; Win64; x64) AppleWebKit/537.36 (KHTML, like Gecko) Chrome/76.0.3809.100 Safari/537.36)
[2019-08-29 09:27:45] 200 - OK - text/xml
[2019-08-29 09:27:45] ---- BROWSER:  Chrome 76.0 (Mozilla/5.0 (Windows NT 10.0; Win64; x64) AppleWebKit/537.36 (KHTML, like Gecko) Chrome/76.0.3809.100 Safari/537.36)
[2019-08-29 09:27:45] 200 - OK - text/xml
[2019-08-29 09:27:45] ---- FROM  ::1 (WinNT)
[2019-08-29 09:27:45] ---- BROWSER:  Chrome 76.0 (Mozilla/5.0 (Windows NT 10.0; Win64; x64) AppleWebKit/537.36 (KHTML, like Gecko) Chrome/76.0.3809.100 Safari/537.36)
[2019-08-29 09:27:45] 200 - OK - text/xml
[2019-08-29 09:27:45] 200 - OK - text/xml
[2019-08-29 09:27:45] 200 - OK - text/xml
[2019-08-29 09:40:21] REQUEST GET - https://localhost:8082/public/aspx/Home.aspx?Token=61111131252223224013000011333653&TokenApiRest=eyJ0eXAiOiJKV1QiLCJhbGciOiJIUzI1NiJ9.eyJpc3MiOiJodHRwczpcL1wvd3d3cy5kZXYteWVhcC5pdCIsImlhdCI6MTU0MjI5NDMyMSwibmJmIjoxNTQyMjk0MzIxLCJleHAiOjE1NDI4OTkxMjEsImRhdGEiOnsidXNlciI6eyJpZCI6IjQ0In19fQ.RCP5OeoGASxAyBw1MbMD4BFJAcDM5JIXqYXKBALZcJI&Logo=https://localhost:8082/scratch/pl_logo.png&Title=Business Plan Test nr. 2
[2019-08-29 09:40:21] ---- FROM  ::1 (WinNT)
[2019-08-29 09:40:21] ---- BROWSER:  Chrome 76.0 (Mozilla/5.0 (Windows NT 10.0; Win64; x64) AppleWebKit/537.36 (KHTML, like Gecko) Chrome/76.0.3809.100 Safari/537.36)
[2019-08-29 09:40:21] 302 - Found - text/html
[2019-08-29 09:40:21] REQUEST GET - https://localhost:8082/home/welcome?Token=61111131252223224013000011333653&TokenApiRest=eyJ0eXAiOiJKV1QiLCJhbGciOiJIUzI1NiJ9.eyJpc3MiOiJodHRwczpcL1wvd3d3cy5kZXYteWVhcC5pdCIsImlhdCI6MTU0MjI5NDMyMSwibmJmIjoxNTQyMjk0MzIxLCJleHAiOjE1NDI4OTkxMjEsImRhdGEiOnsidXNlciI6eyJpZCI6IjQ0In19fQ.RCP5OeoGASxAyBw1MbMD4BFJAcDM5JIXqYXKBALZcJI&Logo=https://localhost:8082/scratch/pl_logo.png&Title=Business Plan Test nr. 2
[2019-08-29 09:40:21] ---- FROM  ::1 (WinNT)
[2019-08-29 09:40:21] ---- BROWSER:  Chrome 76.0 (Mozilla/5.0 (Windows NT 10.0; Win64; x64) AppleWebKit/537.36 (KHTML, like Gecko) Chrome/76.0.3809.100 Safari/537.36)
[2019-08-29 09:40:21] 200 - OK - text/html
[2019-08-29 09:40:23] REQUEST POST - https://localhost:8082/public/ws/General.asmx/Set
[2019-08-29 09:40:23] ---- FROM  ::1 (WinNT)
[2019-08-29 09:40:23] ---- BROWSER:  Chrome 76.0 (Mozilla/5.0 (Windows NT 10.0; Win64; x64) AppleWebKit/537.36 (KHTML, like Gecko) Chrome/76.0.3809.100 Safari/537.36)
[2019-08-29 09:40:23] ---- CONTENT: {data : "<?xml version='1.0' encoding='utf-8' ?><Request ID='20190829094023201'><General><Token>61111131252223224013000011333653</Token></General><Data><Nome>Business Plan Test nr. 2</Nome><Logo>https%3A%2F%2Flocalhost%3A8082%2Fscratch%2Fpl_logo.png</Logo></Data></Request>"}
[2019-08-29 09:40:23] 200 - OK - application/json
[2019-08-29 09:40:23] REQUEST POST - https://localhost:8082/public/ws/Config.asmx/Economics_Get
[2019-08-29 09:40:23] ---- FROM  ::1 (WinNT)
[2019-08-29 09:40:23] ---- BROWSER:  Chrome 76.0 (Mozilla/5.0 (Windows NT 10.0; Win64; x64) AppleWebKit/537.36 (KHTML, like Gecko) Chrome/76.0.3809.100 Safari/537.36)
[2019-08-29 09:40:23] ---- CONTENT: {data : "<?xml version='1.0' encoding='utf-8' ?><Request ID='20190829094023259'><General><Token>61111131252223224013000011333653</Token></General><Data></Data></Request>"}
[2019-08-29 09:40:23] 200 - OK - application/json
[2019-08-29 09:40:26] REQUEST POST - https://localhost:8082/public/ws/Config.asmx/All_Get
[2019-08-29 09:40:26] ---- FROM  ::1 (WinNT)
[2019-08-29 09:40:26] ---- BROWSER:  Chrome 76.0 (Mozilla/5.0 (Windows NT 10.0; Win64; x64) AppleWebKit/537.36 (KHTML, like Gecko) Chrome/76.0.3809.100 Safari/537.36)
[2019-08-29 09:40:26] ---- CONTENT: {data : "<?xml version='1.0' encoding='utf-8' ?><Request ID='2019082909402649'><General><Token>61111131252223224013000011333653</Token></General><Data></Data></Request>"}
[2019-08-29 09:40:26] 200 - OK - application/json
[2019-08-29 09:40:26] REQUEST POST - https://localhost:8082/public/ws/Economics.asmx/messaggi_summary
[2019-08-29 09:40:26] ---- FROM  ::1 (WinNT)
[2019-08-29 09:40:26] ---- BROWSER:  Chrome 76.0 (Mozilla/5.0 (Windows NT 10.0; Win64; x64) AppleWebKit/537.36 (KHTML, like Gecko) Chrome/76.0.3809.100 Safari/537.36)
[2019-08-29 09:40:26] ---- CONTENT: {data : "<?xml version='1.0' encoding='utf-8' ?><Request ID='20190829094026283'><General><Token>61111131252223224013000011333653</Token></General><Data></Data></Request>"}
[2019-08-29 09:40:26] 200 - OK - application/json
[2019-08-29 09:40:26] REQUEST POST - https://localhost:8082/public/ws/Config.asmx/All_Get
[2019-08-29 09:40:26] ---- FROM  ::1 (WinNT)
[2019-08-29 09:40:26] ---- BROWSER:  Chrome 76.0 (Mozilla/5.0 (Windows NT 10.0; Win64; x64) AppleWebKit/537.36 (KHTML, like Gecko) Chrome/76.0.3809.100 Safari/537.36)
[2019-08-29 09:40:26] ---- CONTENT: {data : "<?xml version='1.0' encoding='utf-8' ?><Request ID='20190829094026345'><General><Token>61111131252223224013000011333653</Token></General><Data></Data></Request>"}
[2019-08-29 09:40:26] REQUEST POST - https://localhost:8082/public/ws/Config.asmx/All_Get
[2019-08-29 09:40:26] ---- FROM  ::1 (WinNT)
[2019-08-29 09:40:26] ---- BROWSER:  Chrome 76.0 (Mozilla/5.0 (Windows NT 10.0; Win64; x64) AppleWebKit/537.36 (KHTML, like Gecko) Chrome/76.0.3809.100 Safari/537.36)
[2019-08-29 09:40:26] ---- CONTENT: {data : "<?xml version='1.0' encoding='utf-8' ?><Request ID='20190829094026382'><General><Token>61111131252223224013000011333653</Token></General><Data></Data></Request>"}
[2019-08-29 09:40:26] 200 - OK - application/json
[2019-08-29 09:40:26] 200 - OK - application/json
[2019-08-29 09:42:38] REQUEST GET - https://localhost:8082/public/aspx/Home.aspx?Token=61111131252223224013000011333653&TokenApiRest=eyJ0eXAiOiJKV1QiLCJhbGciOiJIUzI1NiJ9.eyJpc3MiOiJodHRwczpcL1wvd3d3cy5kZXYteWVhcC5pdCIsImlhdCI6MTU0MjI5NDMyMSwibmJmIjoxNTQyMjk0MzIxLCJleHAiOjE1NDI4OTkxMjEsImRhdGEiOnsidXNlciI6eyJpZCI6IjQ0In19fQ.RCP5OeoGASxAyBw1MbMD4BFJAcDM5JIXqYXKBALZcJI&Logo=https://localhost:8082/scratch/pl_logo.png&Title=Business Plan Test nr. 2
[2019-08-29 09:42:38] ---- FROM  ::1 (WinNT)
[2019-08-29 09:42:38] ---- BROWSER:  Chrome 76.0 (Mozilla/5.0 (Windows NT 10.0; Win64; x64) AppleWebKit/537.36 (KHTML, like Gecko) Chrome/76.0.3809.100 Safari/537.36)
[2019-08-29 09:42:38] 302 - Found - text/html
[2019-08-29 09:42:38] REQUEST GET - https://localhost:8082/home/welcome?Token=61111131252223224013000011333653&TokenApiRest=eyJ0eXAiOiJKV1QiLCJhbGciOiJIUzI1NiJ9.eyJpc3MiOiJodHRwczpcL1wvd3d3cy5kZXYteWVhcC5pdCIsImlhdCI6MTU0MjI5NDMyMSwibmJmIjoxNTQyMjk0MzIxLCJleHAiOjE1NDI4OTkxMjEsImRhdGEiOnsidXNlciI6eyJpZCI6IjQ0In19fQ.RCP5OeoGASxAyBw1MbMD4BFJAcDM5JIXqYXKBALZcJI&Logo=https://localhost:8082/scratch/pl_logo.png&Title=Business Plan Test nr. 2
[2019-08-29 09:42:38] ---- FROM  ::1 (WinNT)
[2019-08-29 09:42:38] ---- BROWSER:  Chrome 76.0 (Mozilla/5.0 (Windows NT 10.0; Win64; x64) AppleWebKit/537.36 (KHTML, like Gecko) Chrome/76.0.3809.100 Safari/537.36)
[2019-08-29 09:42:38] 200 - OK - text/html
[2019-08-29 09:42:39] REQUEST POST - https://localhost:8082/public/ws/General.asmx/Set
[2019-08-29 09:42:39] ---- FROM  ::1 (WinNT)
[2019-08-29 09:42:39] ---- BROWSER:  Chrome 76.0 (Mozilla/5.0 (Windows NT 10.0; Win64; x64) AppleWebKit/537.36 (KHTML, like Gecko) Chrome/76.0.3809.100 Safari/537.36)
[2019-08-29 09:42:39] ---- CONTENT: {data : "<?xml version='1.0' encoding='utf-8' ?><Request ID='20190829094239863'><General><Token>61111131252223224013000011333653</Token></General><Data><Nome>Business Plan Test nr. 2</Nome><Logo>https%3A%2F%2Flocalhost%3A8082%2Fscratch%2Fpl_logo.png</Logo></Data></Request>"}
[2019-08-29 09:42:39] 200 - OK - application/json
[2019-08-29 09:42:39] REQUEST POST - https://localhost:8082/public/ws/Config.asmx/Economics_Get
[2019-08-29 09:42:39] ---- FROM  ::1 (WinNT)
[2019-08-29 09:42:39] ---- BROWSER:  Chrome 76.0 (Mozilla/5.0 (Windows NT 10.0; Win64; x64) AppleWebKit/537.36 (KHTML, like Gecko) Chrome/76.0.3809.100 Safari/537.36)
[2019-08-29 09:42:39] ---- CONTENT: {data : "<?xml version='1.0' encoding='utf-8' ?><Request ID='20190829094239931'><General><Token>61111131252223224013000011333653</Token></General><Data></Data></Request>"}
[2019-08-29 09:42:39] 200 - OK - application/json
[2019-08-29 09:42:41] REQUEST POST - https://localhost:8082/public/ws/Config.asmx/All_Get
[2019-08-29 09:42:41] ---- FROM  ::1 (WinNT)
[2019-08-29 09:42:41] ---- BROWSER:  Chrome 76.0 (Mozilla/5.0 (Windows NT 10.0; Win64; x64) AppleWebKit/537.36 (KHTML, like Gecko) Chrome/76.0.3809.100 Safari/537.36)
[2019-08-29 09:42:41] ---- CONTENT: {data : "<?xml version='1.0' encoding='utf-8' ?><Request ID='20190829094241699'><General><Token>61111131252223224013000011333653</Token></General><Data></Data></Request>"}
[2019-08-29 09:42:41] 200 - OK - application/json
[2019-08-29 09:42:42] REQUEST POST - https://localhost:8082/public/ws/Config.asmx/All_Get
[2019-08-29 09:42:42] ---- FROM  ::1 (WinNT)
[2019-08-29 09:42:42] ---- BROWSER:  Chrome 76.0 (Mozilla/5.0 (Windows NT 10.0; Win64; x64) AppleWebKit/537.36 (KHTML, like Gecko) Chrome/76.0.3809.100 Safari/537.36)
[2019-08-29 09:42:42] ---- CONTENT: {data : "<?xml version='1.0' encoding='utf-8' ?><Request ID='2019082909424280'><General><Token>61111131252223224013000011333653</Token></General><Data></Data></Request>"}
[2019-08-29 09:42:42] 200 - OK - application/json
[2019-08-29 09:42:42] REQUEST POST - https://localhost:8082/public/ws/Economics.asmx/messaggi_summary
[2019-08-29 09:42:42] ---- FROM  ::1 (WinNT)
[2019-08-29 09:42:42] ---- BROWSER:  Chrome 76.0 (Mozilla/5.0 (Windows NT 10.0; Win64; x64) AppleWebKit/537.36 (KHTML, like Gecko) Chrome/76.0.3809.100 Safari/537.36)
[2019-08-29 09:42:42] ---- CONTENT: {data : "<?xml version='1.0' encoding='utf-8' ?><Request ID='20190829094242147'><General><Token>61111131252223224013000011333653</Token></General><Data></Data></Request>"}
[2019-08-29 09:42:42] 200 - OK - application/json
[2019-08-29 09:42:42] REQUEST POST - https://localhost:8082/public/ws/Config.asmx/All_Get
[2019-08-29 09:42:42] ---- FROM  ::1 (WinNT)
[2019-08-29 09:42:42] ---- BROWSER:  Chrome 76.0 (Mozilla/5.0 (Windows NT 10.0; Win64; x64) AppleWebKit/537.36 (KHTML, like Gecko) Chrome/76.0.3809.100 Safari/537.36)
[2019-08-29 09:42:42] ---- CONTENT: {data : "<?xml version='1.0' encoding='utf-8' ?><Request ID='20190829094242205'><General><Token>61111131252223224013000011333653</Token></General><Data></Data></Request>"}
[2019-08-29 09:42:42] 200 - OK - application/json
[2019-08-29 09:44:12] REQUEST GET - https://localhost:8082/public/aspx/Home.aspx?Token=61111131252223224013000011333653&TokenApiRest=eyJ0eXAiOiJKV1QiLCJhbGciOiJIUzI1NiJ9.eyJpc3MiOiJodHRwczpcL1wvd3d3cy5kZXYteWVhcC5pdCIsImlhdCI6MTU0MjI5NDMyMSwibmJmIjoxNTQyMjk0MzIxLCJleHAiOjE1NDI4OTkxMjEsImRhdGEiOnsidXNlciI6eyJpZCI6IjQ0In19fQ.RCP5OeoGASxAyBw1MbMD4BFJAcDM5JIXqYXKBALZcJI&Logo=https://localhost:8082/scratch/pl_logo.png&Title=Business Plan Test nr. 2
[2019-08-29 09:44:12] ---- FROM  ::1 (WinNT)
[2019-08-29 09:44:12] ---- BROWSER:  Chrome 76.0 (Mozilla/5.0 (Windows NT 10.0; Win64; x64) AppleWebKit/537.36 (KHTML, like Gecko) Chrome/76.0.3809.100 Safari/537.36)
[2019-08-29 09:44:12] 302 - Found - text/html
[2019-08-29 09:44:12] REQUEST GET - https://localhost:8082/home/welcome?Token=61111131252223224013000011333653&TokenApiRest=eyJ0eXAiOiJKV1QiLCJhbGciOiJIUzI1NiJ9.eyJpc3MiOiJodHRwczpcL1wvd3d3cy5kZXYteWVhcC5pdCIsImlhdCI6MTU0MjI5NDMyMSwibmJmIjoxNTQyMjk0MzIxLCJleHAiOjE1NDI4OTkxMjEsImRhdGEiOnsidXNlciI6eyJpZCI6IjQ0In19fQ.RCP5OeoGASxAyBw1MbMD4BFJAcDM5JIXqYXKBALZcJI&Logo=https://localhost:8082/scratch/pl_logo.png&Title=Business Plan Test nr. 2
[2019-08-29 09:44:12] ---- FROM  ::1 (WinNT)
[2019-08-29 09:44:12] ---- BROWSER:  Chrome 76.0 (Mozilla/5.0 (Windows NT 10.0; Win64; x64) AppleWebKit/537.36 (KHTML, like Gecko) Chrome/76.0.3809.100 Safari/537.36)
[2019-08-29 09:44:12] 200 - OK - text/html
[2019-08-29 09:44:13] REQUEST POST - https://localhost:8082/public/ws/General.asmx/Set
[2019-08-29 09:44:13] ---- FROM  ::1 (WinNT)
[2019-08-29 09:44:13] ---- BROWSER:  Chrome 76.0 (Mozilla/5.0 (Windows NT 10.0; Win64; x64) AppleWebKit/537.36 (KHTML, like Gecko) Chrome/76.0.3809.100 Safari/537.36)
[2019-08-29 09:44:13] ---- CONTENT: {data : "<?xml version='1.0' encoding='utf-8' ?><Request ID='20190829094413567'><General><Token>61111131252223224013000011333653</Token></General><Data><Nome>Business Plan Test nr. 2</Nome><Logo>https%3A%2F%2Flocalhost%3A8082%2Fscratch%2Fpl_logo.png</Logo></Data></Request>"}
[2019-08-29 09:44:13] 200 - OK - application/json
[2019-08-29 09:44:13] REQUEST POST - https://localhost:8082/public/ws/Config.asmx/Economics_Get
[2019-08-29 09:44:13] ---- FROM  ::1 (WinNT)
[2019-08-29 09:44:13] ---- BROWSER:  Chrome 76.0 (Mozilla/5.0 (Windows NT 10.0; Win64; x64) AppleWebKit/537.36 (KHTML, like Gecko) Chrome/76.0.3809.100 Safari/537.36)
[2019-08-29 09:44:13] ---- CONTENT: {data : "<?xml version='1.0' encoding='utf-8' ?><Request ID='20190829094413694'><General><Token>61111131252223224013000011333653</Token></General><Data></Data></Request>"}
[2019-08-29 09:44:13] 200 - OK - application/json
[2019-08-29 09:44:15] REQUEST POST - https://localhost:8082/public/ws/Config.asmx/All_Get
[2019-08-29 09:44:15] ---- FROM  ::1 (WinNT)
[2019-08-29 09:44:15] ---- BROWSER:  Chrome 76.0 (Mozilla/5.0 (Windows NT 10.0; Win64; x64) AppleWebKit/537.36 (KHTML, like Gecko) Chrome/76.0.3809.100 Safari/537.36)
[2019-08-29 09:44:15] ---- CONTENT: {data : "<?xml version='1.0' encoding='utf-8' ?><Request ID='20190829094415517'><General><Token>61111131252223224013000011333653</Token></General><Data></Data></Request>"}
[2019-08-29 09:44:15] 200 - OK - application/json
[2019-08-29 09:44:15] REQUEST POST - https://localhost:8082/public/ws/Economics.asmx/messaggi_summary
[2019-08-29 09:44:15] ---- FROM  ::1 (WinNT)
[2019-08-29 09:44:15] ---- BROWSER:  Chrome 76.0 (Mozilla/5.0 (Windows NT 10.0; Win64; x64) AppleWebKit/537.36 (KHTML, like Gecko) Chrome/76.0.3809.100 Safari/537.36)
[2019-08-29 09:44:15] ---- CONTENT: {data : "<?xml version='1.0' encoding='utf-8' ?><Request ID='20190829094415666'><General><Token>61111131252223224013000011333653</Token></General><Data></Data></Request>"}
[2019-08-29 09:44:15] 200 - OK - application/json
[2019-08-29 09:44:15] REQUEST POST - https://localhost:8082/public/ws/Config.asmx/All_Get
[2019-08-29 09:44:15] ---- FROM  ::1 (WinNT)
[2019-08-29 09:44:15] ---- BROWSER:  Chrome 76.0 (Mozilla/5.0 (Windows NT 10.0; Win64; x64) AppleWebKit/537.36 (KHTML, like Gecko) Chrome/76.0.3809.100 Safari/537.36)
[2019-08-29 09:44:15] REQUEST POST - https://localhost:8082/public/ws/Config.asmx/All_Get
[2019-08-29 09:44:15] ---- FROM  ::1 (WinNT)
[2019-08-29 09:44:15] ---- BROWSER:  Chrome 76.0 (Mozilla/5.0 (Windows NT 10.0; Win64; x64) AppleWebKit/537.36 (KHTML, like Gecko) Chrome/76.0.3809.100 Safari/537.36)
[2019-08-29 09:44:15] ---- CONTENT: {data : "<?xml version='1.0' encoding='utf-8' ?><Request ID='20190829094415817'><General><Token>61111131252223224013000011333653</Token></General><Data></Data></Request>"}
[2019-08-29 09:44:15] ---- CONTENT: {data : "<?xml version='1.0' encoding='utf-8' ?><Request ID='20190829094415736'><General><Token>61111131252223224013000011333653</Token></General><Data></Data></Request>"}
[2019-08-29 09:44:15] 200 - OK - application/json
[2019-08-29 09:44:15] 200 - OK - application/json
[2019-08-29 09:46:31] REQUEST GET - https://localhost:8082/public/aspx/Home.aspx?Token=61111131252223224013000011333653&TokenApiRest=eyJ0eXAiOiJKV1QiLCJhbGciOiJIUzI1NiJ9.eyJpc3MiOiJodHRwczpcL1wvd3d3cy5kZXYteWVhcC5pdCIsImlhdCI6MTU0MjI5NDMyMSwibmJmIjoxNTQyMjk0MzIxLCJleHAiOjE1NDI4OTkxMjEsImRhdGEiOnsidXNlciI6eyJpZCI6IjQ0In19fQ.RCP5OeoGASxAyBw1MbMD4BFJAcDM5JIXqYXKBALZcJI&Logo=https://localhost:8082/scratch/pl_logo.png&Title=Business Plan Test nr. 2
[2019-08-29 09:46:31] ---- FROM  ::1 (WinNT)
[2019-08-29 09:46:31] ---- BROWSER:  Chrome 76.0 (Mozilla/5.0 (Windows NT 10.0; Win64; x64) AppleWebKit/537.36 (KHTML, like Gecko) Chrome/76.0.3809.100 Safari/537.36)
[2019-08-29 09:46:31] 302 - Found - text/html
[2019-08-29 09:46:31] REQUEST GET - https://localhost:8082/home/welcome?Token=61111131252223224013000011333653&TokenApiRest=eyJ0eXAiOiJKV1QiLCJhbGciOiJIUzI1NiJ9.eyJpc3MiOiJodHRwczpcL1wvd3d3cy5kZXYteWVhcC5pdCIsImlhdCI6MTU0MjI5NDMyMSwibmJmIjoxNTQyMjk0MzIxLCJleHAiOjE1NDI4OTkxMjEsImRhdGEiOnsidXNlciI6eyJpZCI6IjQ0In19fQ.RCP5OeoGASxAyBw1MbMD4BFJAcDM5JIXqYXKBALZcJI&Logo=https://localhost:8082/scratch/pl_logo.png&Title=Business Plan Test nr. 2
[2019-08-29 09:46:31] ---- FROM  ::1 (WinNT)
[2019-08-29 09:46:31] ---- BROWSER:  Chrome 76.0 (Mozilla/5.0 (Windows NT 10.0; Win64; x64) AppleWebKit/537.36 (KHTML, like Gecko) Chrome/76.0.3809.100 Safari/537.36)
[2019-08-29 09:46:31] 200 - OK - text/html
[2019-08-29 09:46:32] REQUEST POST - https://localhost:8082/public/ws/General.asmx/Set
[2019-08-29 09:46:32] ---- FROM  ::1 (WinNT)
[2019-08-29 09:46:32] ---- BROWSER:  Chrome 76.0 (Mozilla/5.0 (Windows NT 10.0; Win64; x64) AppleWebKit/537.36 (KHTML, like Gecko) Chrome/76.0.3809.100 Safari/537.36)
[2019-08-29 09:46:32] ---- CONTENT: {data : "<?xml version='1.0' encoding='utf-8' ?><Request ID='20190829094632148'><General><Token>61111131252223224013000011333653</Token></General><Data><Nome>Business Plan Test nr. 2</Nome><Logo>https%3A%2F%2Flocalhost%3A8082%2Fscratch%2Fpl_logo.png</Logo></Data></Request>"}
[2019-08-29 09:46:32] 200 - OK - application/json
[2019-08-29 09:46:32] REQUEST POST - https://localhost:8082/public/ws/Config.asmx/Economics_Get
[2019-08-29 09:46:32] ---- FROM  ::1 (WinNT)
[2019-08-29 09:46:32] ---- BROWSER:  Chrome 76.0 (Mozilla/5.0 (Windows NT 10.0; Win64; x64) AppleWebKit/537.36 (KHTML, like Gecko) Chrome/76.0.3809.100 Safari/537.36)
[2019-08-29 09:46:32] ---- CONTENT: {data : "<?xml version='1.0' encoding='utf-8' ?><Request ID='20190829094632195'><General><Token>61111131252223224013000011333653</Token></General><Data></Data></Request>"}
[2019-08-29 09:46:32] 200 - OK - application/json
[2019-08-29 09:46:34] REQUEST POST - https://localhost:8082/public/ws/Config.asmx/All_Get
[2019-08-29 09:46:34] ---- FROM  ::1 (WinNT)
[2019-08-29 09:46:34] ---- BROWSER:  Chrome 76.0 (Mozilla/5.0 (Windows NT 10.0; Win64; x64) AppleWebKit/537.36 (KHTML, like Gecko) Chrome/76.0.3809.100 Safari/537.36)
[2019-08-29 09:46:34] ---- CONTENT: {data : "<?xml version='1.0' encoding='utf-8' ?><Request ID='20190829094634203'><General><Token>61111131252223224013000011333653</Token></General><Data></Data></Request>"}
[2019-08-29 09:46:34] 200 - OK - application/json
[2019-08-29 09:46:34] REQUEST POST - https://localhost:8082/public/ws/Economics.asmx/messaggi_summary
[2019-08-29 09:46:34] ---- FROM  ::1 (WinNT)
[2019-08-29 09:46:34] ---- BROWSER:  Chrome 76.0 (Mozilla/5.0 (Windows NT 10.0; Win64; x64) AppleWebKit/537.36 (KHTML, like Gecko) Chrome/76.0.3809.100 Safari/537.36)
[2019-08-29 09:46:34] ---- CONTENT: {data : "<?xml version='1.0' encoding='utf-8' ?><Request ID='20190829094634468'><General><Token>61111131252223224013000011333653</Token></General><Data></Data></Request>"}
[2019-08-29 09:46:34] 200 - OK - application/json
[2019-08-29 09:46:34] REQUEST POST - https://localhost:8082/public/ws/Config.asmx/All_Get
[2019-08-29 09:46:34] ---- FROM  ::1 (WinNT)
[2019-08-29 09:46:34] ---- BROWSER:  Chrome 76.0 (Mozilla/5.0 (Windows NT 10.0; Win64; x64) AppleWebKit/537.36 (KHTML, like Gecko) Chrome/76.0.3809.100 Safari/537.36)
[2019-08-29 09:46:34] ---- CONTENT: {data : "<?xml version='1.0' encoding='utf-8' ?><Request ID='20190829094634498'><General><Token>61111131252223224013000011333653</Token></General><Data></Data></Request>"}
[2019-08-29 09:46:34] REQUEST POST - https://localhost:8082/public/ws/Config.asmx/All_Get
[2019-08-29 09:46:34] ---- FROM  ::1 (WinNT)
[2019-08-29 09:46:34] ---- BROWSER:  Chrome 76.0 (Mozilla/5.0 (Windows NT 10.0; Win64; x64) AppleWebKit/537.36 (KHTML, like Gecko) Chrome/76.0.3809.100 Safari/537.36)
[2019-08-29 09:46:34] ---- CONTENT: {data : "<?xml version='1.0' encoding='utf-8' ?><Request ID='20190829094634532'><General><Token>61111131252223224013000011333653</Token></General><Data></Data></Request>"}
[2019-08-29 09:46:34] 200 - OK - application/json
[2019-08-29 09:46:34] 200 - OK - application/json
[2019-08-29 09:57:37] REQUEST GET - https://localhost:8082/public/aspx/Home.aspx?Token=61111131252223224013000011333653&TokenApiRest=eyJ0eXAiOiJKV1QiLCJhbGciOiJIUzI1NiJ9.eyJpc3MiOiJodHRwczpcL1wvd3d3cy5kZXYteWVhcC5pdCIsImlhdCI6MTU0MjI5NDMyMSwibmJmIjoxNTQyMjk0MzIxLCJleHAiOjE1NDI4OTkxMjEsImRhdGEiOnsidXNlciI6eyJpZCI6IjQ0In19fQ.RCP5OeoGASxAyBw1MbMD4BFJAcDM5JIXqYXKBALZcJI&Logo=https://localhost:8082/scratch/pl_logo.png&Title=Business Plan Test nr. 2
[2019-08-29 09:57:37] ---- FROM  ::1 (WinNT)
[2019-08-29 09:57:37] ---- BROWSER:  Chrome 76.0 (Mozilla/5.0 (Windows NT 10.0; Win64; x64) AppleWebKit/537.36 (KHTML, like Gecko) Chrome/76.0.3809.100 Safari/537.36)
[2019-08-29 09:57:37] 302 - Found - text/html
[2019-08-29 09:57:37] REQUEST GET - https://localhost:8082/home/welcome?Token=61111131252223224013000011333653&TokenApiRest=eyJ0eXAiOiJKV1QiLCJhbGciOiJIUzI1NiJ9.eyJpc3MiOiJodHRwczpcL1wvd3d3cy5kZXYteWVhcC5pdCIsImlhdCI6MTU0MjI5NDMyMSwibmJmIjoxNTQyMjk0MzIxLCJleHAiOjE1NDI4OTkxMjEsImRhdGEiOnsidXNlciI6eyJpZCI6IjQ0In19fQ.RCP5OeoGASxAyBw1MbMD4BFJAcDM5JIXqYXKBALZcJI&Logo=https://localhost:8082/scratch/pl_logo.png&Title=Business Plan Test nr. 2
[2019-08-29 09:57:37] ---- FROM  ::1 (WinNT)
[2019-08-29 09:57:37] ---- BROWSER:  Chrome 76.0 (Mozilla/5.0 (Windows NT 10.0; Win64; x64) AppleWebKit/537.36 (KHTML, like Gecko) Chrome/76.0.3809.100 Safari/537.36)
[2019-08-29 09:57:37] 200 - OK - text/html
[2019-08-29 09:57:39] REQUEST POST - https://localhost:8082/public/ws/General.asmx/Set
[2019-08-29 09:57:39] ---- FROM  ::1 (WinNT)
[2019-08-29 09:57:39] ---- BROWSER:  Chrome 76.0 (Mozilla/5.0 (Windows NT 10.0; Win64; x64) AppleWebKit/537.36 (KHTML, like Gecko) Chrome/76.0.3809.100 Safari/537.36)
[2019-08-29 09:57:39] ---- CONTENT: {data : "<?xml version='1.0' encoding='utf-8' ?><Request ID='20190829095739947'><General><Token>61111131252223224013000011333653</Token></General><Data><Nome>Business Plan Test nr. 2</Nome><Logo>https%3A%2F%2Flocalhost%3A8082%2Fscratch%2Fpl_logo.png</Logo></Data></Request>"}
[2019-08-29 09:57:39] 200 - OK - application/json
[2019-08-29 09:57:40] REQUEST POST - https://localhost:8082/public/ws/Config.asmx/Economics_Get
[2019-08-29 09:57:40] ---- FROM  ::1 (WinNT)
[2019-08-29 09:57:40] ---- BROWSER:  Chrome 76.0 (Mozilla/5.0 (Windows NT 10.0; Win64; x64) AppleWebKit/537.36 (KHTML, like Gecko) Chrome/76.0.3809.100 Safari/537.36)
[2019-08-29 09:57:40] ---- CONTENT: {data : "<?xml version='1.0' encoding='utf-8' ?><Request ID='20190829095739997'><General><Token>61111131252223224013000011333653</Token></General><Data></Data></Request>"}
[2019-08-29 09:57:40] 200 - OK - application/json
[2019-08-29 09:57:41] REQUEST POST - https://localhost:8082/public/ws/Config.asmx/All_Get
[2019-08-29 09:57:41] ---- FROM  ::1 (WinNT)
[2019-08-29 09:57:41] ---- BROWSER:  Chrome 76.0 (Mozilla/5.0 (Windows NT 10.0; Win64; x64) AppleWebKit/537.36 (KHTML, like Gecko) Chrome/76.0.3809.100 Safari/537.36)
[2019-08-29 09:57:41] ---- CONTENT: {data : "<?xml version='1.0' encoding='utf-8' ?><Request ID='20190829095741821'><General><Token>61111131252223224013000011333653</Token></General><Data></Data></Request>"}
[2019-08-29 09:57:41] 200 - OK - application/json
[2019-08-29 09:57:41] REQUEST POST - https://localhost:8082/public/ws/Economics.asmx/messaggi_summary
[2019-08-29 09:57:41] ---- FROM  ::1 (WinNT)
[2019-08-29 09:57:41] ---- BROWSER:  Chrome 76.0 (Mozilla/5.0 (Windows NT 10.0; Win64; x64) AppleWebKit/537.36 (KHTML, like Gecko) Chrome/76.0.3809.100 Safari/537.36)
[2019-08-29 09:57:41] ---- CONTENT: {data : "<?xml version='1.0' encoding='utf-8' ?><Request ID='20190829095741976'><General><Token>61111131252223224013000011333653</Token></General><Data></Data></Request>"}
[2019-08-29 09:57:41] 200 - OK - application/json
[2019-08-29 09:57:42] REQUEST POST - https://localhost:8082/public/ws/Config.asmx/All_Get
[2019-08-29 09:57:42] ---- FROM  ::1 (WinNT)
[2019-08-29 09:57:42] ---- BROWSER:  Chrome 76.0 (Mozilla/5.0 (Windows NT 10.0; Win64; x64) AppleWebKit/537.36 (KHTML, like Gecko) Chrome/76.0.3809.100 Safari/537.36)
[2019-08-29 09:57:42] ---- CONTENT: {data : "<?xml version='1.0' encoding='utf-8' ?><Request ID='2019082909574252'><General><Token>61111131252223224013000011333653</Token></General><Data></Data></Request>"}
[2019-08-29 09:57:42] 200 - OK - application/json
[2019-08-29 09:57:42] REQUEST POST - https://localhost:8082/public/ws/Config.asmx/All_Get
[2019-08-29 09:57:42] ---- FROM  ::1 (WinNT)
[2019-08-29 09:57:42] ---- BROWSER:  Chrome 76.0 (Mozilla/5.0 (Windows NT 10.0; Win64; x64) AppleWebKit/537.36 (KHTML, like Gecko) Chrome/76.0.3809.100 Safari/537.36)
[2019-08-29 09:57:42] ---- CONTENT: {data : "<?xml version='1.0' encoding='utf-8' ?><Request ID='20190829095742214'><General><Token>61111131252223224013000011333653</Token></General><Data></Data></Request>"}
[2019-08-29 09:57:42] 200 - OK - application/json
[2019-08-29 09:58:03] REQUEST GET - https://localhost:8082/public/aspx/Home.aspx?Token=61111131252223224013000011333653&TokenApiRest=eyJ0eXAiOiJKV1QiLCJhbGciOiJIUzI1NiJ9.eyJpc3MiOiJodHRwczpcL1wvd3d3cy5kZXYteWVhcC5pdCIsImlhdCI6MTU0MjI5NDMyMSwibmJmIjoxNTQyMjk0MzIxLCJleHAiOjE1NDI4OTkxMjEsImRhdGEiOnsidXNlciI6eyJpZCI6IjQ0In19fQ.RCP5OeoGASxAyBw1MbMD4BFJAcDM5JIXqYXKBALZcJI&Logo=https://localhost:8082/scratch/pl_logo.png&Title=Business Plan Test nr. 2
[2019-08-29 09:58:03] ---- FROM  ::1 (WinNT)
[2019-08-29 09:58:03] ---- BROWSER:  Chrome 76.0 (Mozilla/5.0 (Windows NT 10.0; Win64; x64) AppleWebKit/537.36 (KHTML, like Gecko) Chrome/76.0.3809.100 Safari/537.36)
[2019-08-29 09:58:03] 302 - Found - text/html
[2019-08-29 09:58:03] REQUEST GET - https://localhost:8082/home/welcome?Token=61111131252223224013000011333653&TokenApiRest=eyJ0eXAiOiJKV1QiLCJhbGciOiJIUzI1NiJ9.eyJpc3MiOiJodHRwczpcL1wvd3d3cy5kZXYteWVhcC5pdCIsImlhdCI6MTU0MjI5NDMyMSwibmJmIjoxNTQyMjk0MzIxLCJleHAiOjE1NDI4OTkxMjEsImRhdGEiOnsidXNlciI6eyJpZCI6IjQ0In19fQ.RCP5OeoGASxAyBw1MbMD4BFJAcDM5JIXqYXKBALZcJI&Logo=https://localhost:8082/scratch/pl_logo.png&Title=Business Plan Test nr. 2
[2019-08-29 09:58:03] ---- FROM  ::1 (WinNT)
[2019-08-29 09:58:03] ---- BROWSER:  Chrome 76.0 (Mozilla/5.0 (Windows NT 10.0; Win64; x64) AppleWebKit/537.36 (KHTML, like Gecko) Chrome/76.0.3809.100 Safari/537.36)
[2019-08-29 09:58:03] 200 - OK - text/html
[2019-08-29 09:58:04] REQUEST POST - https://localhost:8082/public/ws/General.asmx/Set
[2019-08-29 09:58:04] ---- FROM  ::1 (WinNT)
[2019-08-29 09:58:04] ---- BROWSER:  Chrome 76.0 (Mozilla/5.0 (Windows NT 10.0; Win64; x64) AppleWebKit/537.36 (KHTML, like Gecko) Chrome/76.0.3809.100 Safari/537.36)
[2019-08-29 09:58:04] ---- CONTENT: {data : "<?xml version='1.0' encoding='utf-8' ?><Request ID='20190829095804494'><General><Token>61111131252223224013000011333653</Token></General><Data><Nome>Business Plan Test nr. 2</Nome><Logo>https%3A%2F%2Flocalhost%3A8082%2Fscratch%2Fpl_logo.png</Logo></Data></Request>"}
[2019-08-29 09:58:04] 200 - OK - application/json
[2019-08-29 09:58:04] REQUEST POST - https://localhost:8082/public/ws/Config.asmx/Economics_Get
[2019-08-29 09:58:04] ---- FROM  ::1 (WinNT)
[2019-08-29 09:58:04] ---- BROWSER:  Chrome 76.0 (Mozilla/5.0 (Windows NT 10.0; Win64; x64) AppleWebKit/537.36 (KHTML, like Gecko) Chrome/76.0.3809.100 Safari/537.36)
[2019-08-29 09:58:04] ---- CONTENT: {data : "<?xml version='1.0' encoding='utf-8' ?><Request ID='20190829095804536'><General><Token>61111131252223224013000011333653</Token></General><Data></Data></Request>"}
[2019-08-29 09:58:04] 200 - OK - application/json
[2019-08-29 09:58:07] REQUEST POST - https://localhost:8082/public/ws/Config.asmx/All_Get
[2019-08-29 09:58:07] ---- FROM  ::1 (WinNT)
[2019-08-29 09:58:07] ---- BROWSER:  Chrome 76.0 (Mozilla/5.0 (Windows NT 10.0; Win64; x64) AppleWebKit/537.36 (KHTML, like Gecko) Chrome/76.0.3809.100 Safari/537.36)
[2019-08-29 09:58:07] ---- CONTENT: {data : "<?xml version='1.0' encoding='utf-8' ?><Request ID='20190829095807955'><General><Token>61111131252223224013000011333653</Token></General><Data></Data></Request>"}
[2019-08-29 09:58:07] 200 - OK - application/json
[2019-08-29 09:58:08] REQUEST POST - https://localhost:8082/public/ws/Economics.asmx/messaggi_summary
[2019-08-29 09:58:08] ---- FROM  ::1 (WinNT)
[2019-08-29 09:58:08] ---- BROWSER:  Chrome 76.0 (Mozilla/5.0 (Windows NT 10.0; Win64; x64) AppleWebKit/537.36 (KHTML, like Gecko) Chrome/76.0.3809.100 Safari/537.36)
[2019-08-29 09:58:08] ---- CONTENT: {data : "<?xml version='1.0' encoding='utf-8' ?><Request ID='20190829095808244'><General><Token>61111131252223224013000011333653</Token></General><Data></Data></Request>"}
[2019-08-29 09:58:08] 200 - OK - application/json
[2019-08-29 09:58:08] REQUEST POST - https://localhost:8082/public/ws/Config.asmx/All_Get
[2019-08-29 09:58:08] ---- FROM  ::1 (WinNT)
[2019-08-29 09:58:08] ---- BROWSER:  Chrome 76.0 (Mozilla/5.0 (Windows NT 10.0; Win64; x64) AppleWebKit/537.36 (KHTML, like Gecko) Chrome/76.0.3809.100 Safari/537.36)
[2019-08-29 09:58:08] ---- CONTENT: {data : "<?xml version='1.0' encoding='utf-8' ?><Request ID='20190829095808275'><General><Token>61111131252223224013000011333653</Token></General><Data></Data></Request>"}
[2019-08-29 09:58:08] 200 - OK - application/json
[2019-08-29 09:58:08] REQUEST POST - https://localhost:8082/public/ws/Config.asmx/All_Get
[2019-08-29 09:58:08] ---- FROM  ::1 (WinNT)
[2019-08-29 09:58:08] ---- BROWSER:  Chrome 76.0 (Mozilla/5.0 (Windows NT 10.0; Win64; x64) AppleWebKit/537.36 (KHTML, like Gecko) Chrome/76.0.3809.100 Safari/537.36)
[2019-08-29 09:58:08] ---- CONTENT: {data : "<?xml version='1.0' encoding='utf-8' ?><Request ID='20190829095808314'><General><Token>61111131252223224013000011333653</Token></General><Data></Data></Request>"}
[2019-08-29 09:58:08] 200 - OK - application/json
[2019-08-29 09:58:28] REQUEST GET - https://localhost:8082/economics/fonti
[2019-08-29 09:58:28] ---- FROM  ::1 (WinNT)
[2019-08-29 09:58:28] ---- BROWSER:  Chrome 76.0 (Mozilla/5.0 (Windows NT 10.0; Win64; x64) AppleWebKit/537.36 (KHTML, like Gecko) Chrome/76.0.3809.100 Safari/537.36)
[2019-08-29 09:58:28] 200 - OK - text/html
[2019-08-29 09:58:29] REQUEST POST - https://localhost:8082/public/ws/Capex.asmx/AumentiCapitale_Get
[2019-08-29 09:58:29] ---- FROM  ::1 (WinNT)
[2019-08-29 09:58:29] ---- BROWSER:  Chrome 76.0 (Mozilla/5.0 (Windows NT 10.0; Win64; x64) AppleWebKit/537.36 (KHTML, like Gecko) Chrome/76.0.3809.100 Safari/537.36)
[2019-08-29 09:58:29] ---- CONTENT: {data : "<?xml version='1.0' encoding='utf-8' ?><Request ID='20190829095829379'><General><Token>61111131252223224013000011333653</Token></General><Data></Data></Request>"}
[2019-08-29 09:58:30] 200 - OK - application/json
[2019-08-29 09:58:31] REQUEST POST - https://localhost:8082/public/ws/Config.asmx/All_Get
[2019-08-29 09:58:31] ---- FROM  ::1 (WinNT)
[2019-08-29 09:58:31] ---- BROWSER:  Chrome 76.0 (Mozilla/5.0 (Windows NT 10.0; Win64; x64) AppleWebKit/537.36 (KHTML, like Gecko) Chrome/76.0.3809.100 Safari/537.36)
[2019-08-29 09:58:31] ---- CONTENT: {data : "<?xml version='1.0' encoding='utf-8' ?><Request ID='20190829095831753'><General><Token>61111131252223224013000011333653</Token></General><Data></Data></Request>"}
[2019-08-29 09:58:31] REQUEST GET - https://localhost:8082/public/ws/Resources.ashx/xml-economics/61111131252223224013000011333653
[2019-08-29 09:58:31] ---- FROM  ::1 (WinNT)
[2019-08-29 09:58:31] ---- BROWSER:  Chrome 76.0 (Mozilla/5.0 (Windows NT 10.0; Win64; x64) AppleWebKit/537.36 (KHTML, like Gecko) Chrome/76.0.3809.100 Safari/537.36)
[2019-08-29 09:58:31] 200 - OK - application/json
[2019-08-29 09:58:31] REQUEST POST - https://localhost:8082/public/ws/Economics.asmx/messaggi_summary
[2019-08-29 09:58:31] ---- FROM  ::1 (WinNT)
[2019-08-29 09:58:31] ---- BROWSER:  Chrome 76.0 (Mozilla/5.0 (Windows NT 10.0; Win64; x64) AppleWebKit/537.36 (KHTML, like Gecko) Chrome/76.0.3809.100 Safari/537.36)
[2019-08-29 09:58:31] ---- CONTENT: {data : "<?xml version='1.0' encoding='utf-8' ?><Request ID='20190829095831814'><General><Token>61111131252223224013000011333653</Token></General><Data></Data></Request>"}
[2019-08-29 09:58:31] 200 - OK - application/json
[2019-08-29 09:58:31] 200 - OK - text/xml
[2019-08-29 09:58:31] REQUEST POST - https://localhost:8082/public/ws/Config.asmx/All_Get
[2019-08-29 09:58:31] ---- FROM  ::1 (WinNT)
[2019-08-29 09:58:31] ---- BROWSER:  Chrome 76.0 (Mozilla/5.0 (Windows NT 10.0; Win64; x64) AppleWebKit/537.36 (KHTML, like Gecko) Chrome/76.0.3809.100 Safari/537.36)
[2019-08-29 09:58:31] ---- CONTENT: {data : "<?xml version='1.0' encoding='utf-8' ?><Request ID='20190829095831908'><General><Token>61111131252223224013000011333653</Token></General><Data></Data></Request>"}
[2019-08-29 09:58:31] 200 - OK - application/json
[2019-08-29 09:58:32] REQUEST POST - https://localhost:8082/public/ws/Config.asmx/All_Get
[2019-08-29 09:58:32] ---- FROM  ::1 (WinNT)
[2019-08-29 09:58:32] ---- BROWSER:  Chrome 76.0 (Mozilla/5.0 (Windows NT 10.0; Win64; x64) AppleWebKit/537.36 (KHTML, like Gecko) Chrome/76.0.3809.100 Safari/537.36)
[2019-08-29 09:58:32] ---- CONTENT: {data : "<?xml version='1.0' encoding='utf-8' ?><Request ID='20190829095832213'><General><Token>61111131252223224013000011333653</Token></General><Data></Data></Request>"}
[2019-08-29 09:58:32] 200 - OK - application/json
[2019-08-29 10:09:33] REQUEST GET - https://localhost:8082/public/aspx/Home.aspx?Token=61111131252223224013000011333653&TokenApiRest=eyJ0eXAiOiJKV1QiLCJhbGciOiJIUzI1NiJ9.eyJpc3MiOiJodHRwczpcL1wvd3d3cy5kZXYteWVhcC5pdCIsImlhdCI6MTU0MjI5NDMyMSwibmJmIjoxNTQyMjk0MzIxLCJleHAiOjE1NDI4OTkxMjEsImRhdGEiOnsidXNlciI6eyJpZCI6IjQ0In19fQ.RCP5OeoGASxAyBw1MbMD4BFJAcDM5JIXqYXKBALZcJI&Logo=https://localhost:8082/scratch/pl_logo.png&Title=Business Plan Test nr. 2
[2019-08-29 10:09:33] ---- FROM  ::1 (WinNT)
[2019-08-29 10:09:33] ---- BROWSER:  Chrome 76.0 (Mozilla/5.0 (Windows NT 10.0; Win64; x64) AppleWebKit/537.36 (KHTML, like Gecko) Chrome/76.0.3809.100 Safari/537.36)
[2019-08-29 10:09:33] 302 - Found - text/html
[2019-08-29 10:09:33] REQUEST GET - https://localhost:8082/home/welcome?Token=61111131252223224013000011333653&TokenApiRest=eyJ0eXAiOiJKV1QiLCJhbGciOiJIUzI1NiJ9.eyJpc3MiOiJodHRwczpcL1wvd3d3cy5kZXYteWVhcC5pdCIsImlhdCI6MTU0MjI5NDMyMSwibmJmIjoxNTQyMjk0MzIxLCJleHAiOjE1NDI4OTkxMjEsImRhdGEiOnsidXNlciI6eyJpZCI6IjQ0In19fQ.RCP5OeoGASxAyBw1MbMD4BFJAcDM5JIXqYXKBALZcJI&Logo=https://localhost:8082/scratch/pl_logo.png&Title=Business Plan Test nr. 2
[2019-08-29 10:09:33] ---- FROM  ::1 (WinNT)
[2019-08-29 10:09:33] ---- BROWSER:  Chrome 76.0 (Mozilla/5.0 (Windows NT 10.0; Win64; x64) AppleWebKit/537.36 (KHTML, like Gecko) Chrome/76.0.3809.100 Safari/537.36)
[2019-08-29 10:09:33] 200 - OK - text/html
[2019-08-29 10:09:35] REQUEST POST - https://localhost:8082/public/ws/General.asmx/Set
[2019-08-29 10:09:35] ---- FROM  ::1 (WinNT)
[2019-08-29 10:09:35] ---- BROWSER:  Chrome 76.0 (Mozilla/5.0 (Windows NT 10.0; Win64; x64) AppleWebKit/537.36 (KHTML, like Gecko) Chrome/76.0.3809.100 Safari/537.36)
[2019-08-29 10:09:35] ---- CONTENT: {data : "<?xml version='1.0' encoding='utf-8' ?><Request ID='2019082910093572'><General><Token>61111131252223224013000011333653</Token></General><Data><Nome>Business Plan Test nr. 2</Nome><Logo>https%3A%2F%2Flocalhost%3A8082%2Fscratch%2Fpl_logo.png</Logo></Data></Request>"}
[2019-08-29 10:09:35] 200 - OK - application/json
[2019-08-29 10:09:35] REQUEST POST - https://localhost:8082/public/ws/Config.asmx/Economics_Get
[2019-08-29 10:09:35] ---- FROM  ::1 (WinNT)
[2019-08-29 10:09:35] ---- BROWSER:  Chrome 76.0 (Mozilla/5.0 (Windows NT 10.0; Win64; x64) AppleWebKit/537.36 (KHTML, like Gecko) Chrome/76.0.3809.100 Safari/537.36)
[2019-08-29 10:09:35] ---- CONTENT: {data : "<?xml version='1.0' encoding='utf-8' ?><Request ID='20190829100935132'><General><Token>61111131252223224013000011333653</Token></General><Data></Data></Request>"}
[2019-08-29 10:09:35] 200 - OK - application/json
[2019-08-29 10:09:38] REQUEST POST - https://localhost:8082/public/ws/Config.asmx/All_Get
[2019-08-29 10:09:38] ---- FROM  ::1 (WinNT)
[2019-08-29 10:09:38] ---- BROWSER:  Chrome 76.0 (Mozilla/5.0 (Windows NT 10.0; Win64; x64) AppleWebKit/537.36 (KHTML, like Gecko) Chrome/76.0.3809.100 Safari/537.36)
[2019-08-29 10:09:38] ---- CONTENT: {data : "<?xml version='1.0' encoding='utf-8' ?><Request ID='20190829100938434'><General><Token>61111131252223224013000011333653</Token></General><Data></Data></Request>"}
[2019-08-29 10:09:38] 200 - OK - application/json
[2019-08-29 10:09:38] REQUEST POST - https://localhost:8082/public/ws/Economics.asmx/messaggi_summary
[2019-08-29 10:09:38] ---- FROM  ::1 (WinNT)
[2019-08-29 10:09:38] ---- BROWSER:  Chrome 76.0 (Mozilla/5.0 (Windows NT 10.0; Win64; x64) AppleWebKit/537.36 (KHTML, like Gecko) Chrome/76.0.3809.100 Safari/537.36)
[2019-08-29 10:09:38] ---- CONTENT: {data : "<?xml version='1.0' encoding='utf-8' ?><Request ID='20190829100938607'><General><Token>61111131252223224013000011333653</Token></General><Data></Data></Request>"}
[2019-08-29 10:09:38] 200 - OK - application/json
[2019-08-29 10:09:38] REQUEST POST - https://localhost:8082/public/ws/Config.asmx/All_Get
[2019-08-29 10:09:38] ---- FROM  ::1 (WinNT)
[2019-08-29 10:09:38] ---- BROWSER:  Chrome 76.0 (Mozilla/5.0 (Windows NT 10.0; Win64; x64) AppleWebKit/537.36 (KHTML, like Gecko) Chrome/76.0.3809.100 Safari/537.36)
[2019-08-29 10:09:38] ---- CONTENT: {data : "<?xml version='1.0' encoding='utf-8' ?><Request ID='20190829100938678'><General><Token>61111131252223224013000011333653</Token></General><Data></Data></Request>"}
[2019-08-29 10:09:38] 200 - OK - application/json
[2019-08-29 10:09:38] REQUEST POST - https://localhost:8082/public/ws/Config.asmx/All_Get
[2019-08-29 10:09:38] ---- FROM  ::1 (WinNT)
[2019-08-29 10:09:38] ---- BROWSER:  Chrome 76.0 (Mozilla/5.0 (Windows NT 10.0; Win64; x64) AppleWebKit/537.36 (KHTML, like Gecko) Chrome/76.0.3809.100 Safari/537.36)
[2019-08-29 10:09:38] ---- CONTENT: {data : "<?xml version='1.0' encoding='utf-8' ?><Request ID='20190829100938872'><General><Token>61111131252223224013000011333653</Token></General><Data></Data></Request>"}
[2019-08-29 10:09:38] 200 - OK - application/json
[2019-08-29 10:24:04] REQUEST GET - https://localhost:8082/public/aspx/Home.aspx?Token=61111131252223224013000011333653&TokenApiRest=eyJ0eXAiOiJKV1QiLCJhbGciOiJIUzI1NiJ9.eyJpc3MiOiJodHRwczpcL1wvd3d3cy5kZXYteWVhcC5pdCIsImlhdCI6MTU0MjI5NDMyMSwibmJmIjoxNTQyMjk0MzIxLCJleHAiOjE1NDI4OTkxMjEsImRhdGEiOnsidXNlciI6eyJpZCI6IjQ0In19fQ.RCP5OeoGASxAyBw1MbMD4BFJAcDM5JIXqYXKBALZcJI&Logo=https://localhost:8082/scratch/pl_logo.png&Title=Business Plan Test nr. 2
[2019-08-29 10:24:04] ---- FROM  ::1 (WinNT)
[2019-08-29 10:24:04] ---- BROWSER:  Chrome 76.0 (Mozilla/5.0 (Windows NT 10.0; Win64; x64) AppleWebKit/537.36 (KHTML, like Gecko) Chrome/76.0.3809.100 Safari/537.36)
[2019-08-29 10:24:04] 302 - Found - text/html
[2019-08-29 10:24:04] REQUEST GET - https://localhost:8082/home/welcome?Token=61111131252223224013000011333653&TokenApiRest=eyJ0eXAiOiJKV1QiLCJhbGciOiJIUzI1NiJ9.eyJpc3MiOiJodHRwczpcL1wvd3d3cy5kZXYteWVhcC5pdCIsImlhdCI6MTU0MjI5NDMyMSwibmJmIjoxNTQyMjk0MzIxLCJleHAiOjE1NDI4OTkxMjEsImRhdGEiOnsidXNlciI6eyJpZCI6IjQ0In19fQ.RCP5OeoGASxAyBw1MbMD4BFJAcDM5JIXqYXKBALZcJI&Logo=https://localhost:8082/scratch/pl_logo.png&Title=Business Plan Test nr. 2
[2019-08-29 10:24:04] ---- FROM  ::1 (WinNT)
[2019-08-29 10:24:04] ---- BROWSER:  Chrome 76.0 (Mozilla/5.0 (Windows NT 10.0; Win64; x64) AppleWebKit/537.36 (KHTML, like Gecko) Chrome/76.0.3809.100 Safari/537.36)
[2019-08-29 10:24:04] 200 - OK - text/html
[2019-08-29 10:24:06] REQUEST POST - https://localhost:8082/public/ws/General.asmx/Set
[2019-08-29 10:24:06] ---- FROM  ::1 (WinNT)
[2019-08-29 10:24:06] ---- BROWSER:  Chrome 76.0 (Mozilla/5.0 (Windows NT 10.0; Win64; x64) AppleWebKit/537.36 (KHTML, like Gecko) Chrome/76.0.3809.100 Safari/537.36)
[2019-08-29 10:24:06] ---- CONTENT: {data : "<?xml version='1.0' encoding='utf-8' ?><Request ID='20190829102406236'><General><Token>61111131252223224013000011333653</Token></General><Data><Nome>Business Plan Test nr. 2</Nome><Logo>https%3A%2F%2Flocalhost%3A8082%2Fscratch%2Fpl_logo.png</Logo></Data></Request>"}
[2019-08-29 10:24:06] 200 - OK - application/json
[2019-08-29 10:24:06] REQUEST POST - https://localhost:8082/public/ws/Config.asmx/Economics_Get
[2019-08-29 10:24:06] ---- FROM  ::1 (WinNT)
[2019-08-29 10:24:06] ---- BROWSER:  Chrome 76.0 (Mozilla/5.0 (Windows NT 10.0; Win64; x64) AppleWebKit/537.36 (KHTML, like Gecko) Chrome/76.0.3809.100 Safari/537.36)
[2019-08-29 10:24:06] ---- CONTENT: {data : "<?xml version='1.0' encoding='utf-8' ?><Request ID='20190829102406344'><General><Token>61111131252223224013000011333653</Token></General><Data></Data></Request>"}
[2019-08-29 10:24:06] 200 - OK - application/json
[2019-08-29 10:24:08] REQUEST POST - https://localhost:8082/public/ws/Config.asmx/All_Get
[2019-08-29 10:24:08] ---- FROM  ::1 (WinNT)
[2019-08-29 10:24:08] ---- BROWSER:  Chrome 76.0 (Mozilla/5.0 (Windows NT 10.0; Win64; x64) AppleWebKit/537.36 (KHTML, like Gecko) Chrome/76.0.3809.100 Safari/537.36)
[2019-08-29 10:24:08] ---- CONTENT: {data : "<?xml version='1.0' encoding='utf-8' ?><Request ID='20190829102408560'><General><Token>61111131252223224013000011333653</Token></General><Data></Data></Request>"}
[2019-08-29 10:24:08] 200 - OK - application/json
[2019-08-29 10:24:08] REQUEST POST - https://localhost:8082/public/ws/Economics.asmx/messaggi_summary
[2019-08-29 10:24:08] ---- FROM  ::1 (WinNT)
[2019-08-29 10:24:08] ---- BROWSER:  Chrome 76.0 (Mozilla/5.0 (Windows NT 10.0; Win64; x64) AppleWebKit/537.36 (KHTML, like Gecko) Chrome/76.0.3809.100 Safari/537.36)
[2019-08-29 10:24:08] ---- CONTENT: {data : "<?xml version='1.0' encoding='utf-8' ?><Request ID='20190829102408671'><General><Token>61111131252223224013000011333653</Token></General><Data></Data></Request>"}
[2019-08-29 10:24:08] 200 - OK - application/json
[2019-08-29 10:24:08] REQUEST POST - https://localhost:8082/public/ws/Config.asmx/All_Get
[2019-08-29 10:24:08] ---- FROM  ::1 (WinNT)
[2019-08-29 10:24:08] ---- BROWSER:  Chrome 76.0 (Mozilla/5.0 (Windows NT 10.0; Win64; x64) AppleWebKit/537.36 (KHTML, like Gecko) Chrome/76.0.3809.100 Safari/537.36)
[2019-08-29 10:24:08] ---- CONTENT: {data : "<?xml version='1.0' encoding='utf-8' ?><Request ID='20190829102408829'><General><Token>61111131252223224013000011333653</Token></General><Data></Data></Request>"}
[2019-08-29 10:24:08] REQUEST POST - https://localhost:8082/public/ws/Config.asmx/All_Get
[2019-08-29 10:24:08] ---- FROM  ::1 (WinNT)
[2019-08-29 10:24:08] ---- BROWSER:  Chrome 76.0 (Mozilla/5.0 (Windows NT 10.0; Win64; x64) AppleWebKit/537.36 (KHTML, like Gecko) Chrome/76.0.3809.100 Safari/537.36)
[2019-08-29 10:24:08] ---- CONTENT: {data : "<?xml version='1.0' encoding='utf-8' ?><Request ID='20190829102408918'><General><Token>61111131252223224013000011333653</Token></General><Data></Data></Request>"}
[2019-08-29 10:24:08] 200 - OK - application/json
[2019-08-29 10:24:08] 200 - OK - application/json
[2019-08-29 10:33:30] REQUEST GET - https://localhost:8082/public/aspx/Home.aspx?Token=61111131252223224013000011333653&TokenApiRest=eyJ0eXAiOiJKV1QiLCJhbGciOiJIUzI1NiJ9.eyJpc3MiOiJodHRwczpcL1wvd3d3cy5kZXYteWVhcC5pdCIsImlhdCI6MTU0MjI5NDMyMSwibmJmIjoxNTQyMjk0MzIxLCJleHAiOjE1NDI4OTkxMjEsImRhdGEiOnsidXNlciI6eyJpZCI6IjQ0In19fQ.RCP5OeoGASxAyBw1MbMD4BFJAcDM5JIXqYXKBALZcJI&Logo=https://localhost:8082/scratch/pl_logo.png&Title=Business Plan Test nr. 2
[2019-08-29 10:33:30] ---- FROM  ::1 (WinNT)
[2019-08-29 10:33:30] ---- BROWSER:  Chrome 76.0 (Mozilla/5.0 (Windows NT 10.0; Win64; x64) AppleWebKit/537.36 (KHTML, like Gecko) Chrome/76.0.3809.100 Safari/537.36)
[2019-08-29 10:33:30] 302 - Found - text/html
[2019-08-29 10:33:30] REQUEST GET - https://localhost:8082/home/welcome?Token=61111131252223224013000011333653&TokenApiRest=eyJ0eXAiOiJKV1QiLCJhbGciOiJIUzI1NiJ9.eyJpc3MiOiJodHRwczpcL1wvd3d3cy5kZXYteWVhcC5pdCIsImlhdCI6MTU0MjI5NDMyMSwibmJmIjoxNTQyMjk0MzIxLCJleHAiOjE1NDI4OTkxMjEsImRhdGEiOnsidXNlciI6eyJpZCI6IjQ0In19fQ.RCP5OeoGASxAyBw1MbMD4BFJAcDM5JIXqYXKBALZcJI&Logo=https://localhost:8082/scratch/pl_logo.png&Title=Business Plan Test nr. 2
[2019-08-29 10:33:30] ---- FROM  ::1 (WinNT)
[2019-08-29 10:33:30] ---- BROWSER:  Chrome 76.0 (Mozilla/5.0 (Windows NT 10.0; Win64; x64) AppleWebKit/537.36 (KHTML, like Gecko) Chrome/76.0.3809.100 Safari/537.36)
[2019-08-29 10:33:30] 200 - OK - text/html
[2019-08-29 10:33:31] REQUEST POST - https://localhost:8082/public/ws/General.asmx/Set
[2019-08-29 10:33:31] ---- FROM  ::1 (WinNT)
[2019-08-29 10:33:31] ---- BROWSER:  Chrome 76.0 (Mozilla/5.0 (Windows NT 10.0; Win64; x64) AppleWebKit/537.36 (KHTML, like Gecko) Chrome/76.0.3809.100 Safari/537.36)
[2019-08-29 10:33:31] ---- CONTENT: {data : "<?xml version='1.0' encoding='utf-8' ?><Request ID='20190829103331737'><General><Token>61111131252223224013000011333653</Token></General><Data><Nome>Business Plan Test nr. 2</Nome><Logo>https%3A%2F%2Flocalhost%3A8082%2Fscratch%2Fpl_logo.png</Logo></Data></Request>"}
[2019-08-29 10:33:31] 200 - OK - application/json
[2019-08-29 10:33:31] REQUEST POST - https://localhost:8082/public/ws/Config.asmx/Economics_Get
[2019-08-29 10:33:31] ---- FROM  ::1 (WinNT)
[2019-08-29 10:33:31] ---- BROWSER:  Chrome 76.0 (Mozilla/5.0 (Windows NT 10.0; Win64; x64) AppleWebKit/537.36 (KHTML, like Gecko) Chrome/76.0.3809.100 Safari/537.36)
[2019-08-29 10:33:31] ---- CONTENT: {data : "<?xml version='1.0' encoding='utf-8' ?><Request ID='20190829103331784'><General><Token>61111131252223224013000011333653</Token></General><Data></Data></Request>"}
[2019-08-29 10:33:31] 200 - OK - application/json
[2019-08-29 10:33:33] REQUEST POST - https://localhost:8082/public/ws/Config.asmx/All_Get
[2019-08-29 10:33:33] ---- FROM  ::1 (WinNT)
[2019-08-29 10:33:33] ---- BROWSER:  Chrome 76.0 (Mozilla/5.0 (Windows NT 10.0; Win64; x64) AppleWebKit/537.36 (KHTML, like Gecko) Chrome/76.0.3809.100 Safari/537.36)
[2019-08-29 10:33:33] ---- CONTENT: {data : "<?xml version='1.0' encoding='utf-8' ?><Request ID='20190829103333512'><General><Token>61111131252223224013000011333653</Token></General><Data></Data></Request>"}
[2019-08-29 10:33:33] 200 - OK - application/json
[2019-08-29 10:33:33] REQUEST POST - https://localhost:8082/public/ws/Economics.asmx/messaggi_summary
[2019-08-29 10:33:33] ---- FROM  ::1 (WinNT)
[2019-08-29 10:33:33] ---- BROWSER:  Chrome 76.0 (Mozilla/5.0 (Windows NT 10.0; Win64; x64) AppleWebKit/537.36 (KHTML, like Gecko) Chrome/76.0.3809.100 Safari/537.36)
[2019-08-29 10:33:33] ---- CONTENT: {data : "<?xml version='1.0' encoding='utf-8' ?><Request ID='20190829103333699'><General><Token>61111131252223224013000011333653</Token></General><Data></Data></Request>"}
[2019-08-29 10:33:33] 200 - OK - application/json
[2019-08-29 10:33:33] REQUEST POST - https://localhost:8082/public/ws/Config.asmx/All_Get
[2019-08-29 10:33:33] ---- FROM  ::1 (WinNT)
[2019-08-29 10:33:33] ---- BROWSER:  Chrome 76.0 (Mozilla/5.0 (Windows NT 10.0; Win64; x64) AppleWebKit/537.36 (KHTML, like Gecko) Chrome/76.0.3809.100 Safari/537.36)
[2019-08-29 10:33:33] ---- CONTENT: {data : "<?xml version='1.0' encoding='utf-8' ?><Request ID='20190829103333788'><General><Token>61111131252223224013000011333653</Token></General><Data></Data></Request>"}
[2019-08-29 10:33:33] 200 - OK - application/json
[2019-08-29 10:33:33] REQUEST POST - https://localhost:8082/public/ws/Config.asmx/All_Get
[2019-08-29 10:33:33] ---- FROM  ::1 (WinNT)
[2019-08-29 10:33:33] ---- BROWSER:  Chrome 76.0 (Mozilla/5.0 (Windows NT 10.0; Win64; x64) AppleWebKit/537.36 (KHTML, like Gecko) Chrome/76.0.3809.100 Safari/537.36)
[2019-08-29 10:33:33] ---- CONTENT: {data : "<?xml version='1.0' encoding='utf-8' ?><Request ID='20190829103333863'><General><Token>61111131252223224013000011333653</Token></General><Data></Data></Request>"}
[2019-08-29 10:33:33] 200 - OK - application/json
[2019-08-29 10:54:03] REQUEST GET - https://localhost:8082/public/aspx/Home.aspx?Token=61111131252223224013000011333653&TokenApiRest=eyJ0eXAiOiJKV1QiLCJhbGciOiJIUzI1NiJ9.eyJpc3MiOiJodHRwczpcL1wvd3d3cy5kZXYteWVhcC5pdCIsImlhdCI6MTU0MjI5NDMyMSwibmJmIjoxNTQyMjk0MzIxLCJleHAiOjE1NDI4OTkxMjEsImRhdGEiOnsidXNlciI6eyJpZCI6IjQ0In19fQ.RCP5OeoGASxAyBw1MbMD4BFJAcDM5JIXqYXKBALZcJI&Logo=https://localhost:8082/scratch/pl_logo.png&Title=Business Plan Test nr. 2
[2019-08-29 10:54:03] ---- FROM  ::1 (WinNT)
[2019-08-29 10:54:03] ---- BROWSER:  Chrome 76.0 (Mozilla/5.0 (Windows NT 10.0; Win64; x64) AppleWebKit/537.36 (KHTML, like Gecko) Chrome/76.0.3809.100 Safari/537.36)
[2019-08-29 10:54:03] 302 - Found - text/html
[2019-08-29 10:54:03] REQUEST GET - https://localhost:8082/home/welcome?Token=61111131252223224013000011333653&TokenApiRest=eyJ0eXAiOiJKV1QiLCJhbGciOiJIUzI1NiJ9.eyJpc3MiOiJodHRwczpcL1wvd3d3cy5kZXYteWVhcC5pdCIsImlhdCI6MTU0MjI5NDMyMSwibmJmIjoxNTQyMjk0MzIxLCJleHAiOjE1NDI4OTkxMjEsImRhdGEiOnsidXNlciI6eyJpZCI6IjQ0In19fQ.RCP5OeoGASxAyBw1MbMD4BFJAcDM5JIXqYXKBALZcJI&Logo=https://localhost:8082/scratch/pl_logo.png&Title=Business Plan Test nr. 2
[2019-08-29 10:54:03] ---- FROM  ::1 (WinNT)
[2019-08-29 10:54:03] ---- BROWSER:  Chrome 76.0 (Mozilla/5.0 (Windows NT 10.0; Win64; x64) AppleWebKit/537.36 (KHTML, like Gecko) Chrome/76.0.3809.100 Safari/537.36)
[2019-08-29 10:54:03] 200 - OK - text/html
[2019-08-29 10:54:04] REQUEST POST - https://localhost:8082/public/ws/General.asmx/Set
[2019-08-29 10:54:04] ---- FROM  ::1 (WinNT)
[2019-08-29 10:54:04] ---- BROWSER:  Chrome 76.0 (Mozilla/5.0 (Windows NT 10.0; Win64; x64) AppleWebKit/537.36 (KHTML, like Gecko) Chrome/76.0.3809.100 Safari/537.36)
[2019-08-29 10:54:04] ---- CONTENT: {data : "<?xml version='1.0' encoding='utf-8' ?><Request ID='20190829105404707'><General><Token>61111131252223224013000011333653</Token></General><Data><Nome>Business Plan Test nr. 2</Nome><Logo>https%3A%2F%2Flocalhost%3A8082%2Fscratch%2Fpl_logo.png</Logo></Data></Request>"}
[2019-08-29 10:54:04] 200 - OK - application/json
[2019-08-29 10:54:04] REQUEST POST - https://localhost:8082/public/ws/Config.asmx/Economics_Get
[2019-08-29 10:54:04] ---- FROM  ::1 (WinNT)
[2019-08-29 10:54:04] ---- BROWSER:  Chrome 76.0 (Mozilla/5.0 (Windows NT 10.0; Win64; x64) AppleWebKit/537.36 (KHTML, like Gecko) Chrome/76.0.3809.100 Safari/537.36)
[2019-08-29 10:54:04] ---- CONTENT: {data : "<?xml version='1.0' encoding='utf-8' ?><Request ID='20190829105404771'><General><Token>61111131252223224013000011333653</Token></General><Data></Data></Request>"}
[2019-08-29 10:54:04] 200 - OK - application/json
[2019-08-29 10:54:10] REQUEST POST - https://localhost:8082/public/ws/Config.asmx/All_Get
[2019-08-29 10:54:10] ---- FROM  ::1 (WinNT)
[2019-08-29 10:54:10] ---- BROWSER:  Chrome 76.0 (Mozilla/5.0 (Windows NT 10.0; Win64; x64) AppleWebKit/537.36 (KHTML, like Gecko) Chrome/76.0.3809.100 Safari/537.36)
[2019-08-29 10:54:10] ---- CONTENT: {data : "<?xml version='1.0' encoding='utf-8' ?><Request ID='20190829105410106'><General><Token>61111131252223224013000011333653</Token></General><Data></Data></Request>"}
[2019-08-29 10:54:10] 200 - OK - application/json
[2019-08-29 10:54:10] REQUEST POST - https://localhost:8082/public/ws/Economics.asmx/messaggi_summary
[2019-08-29 10:54:10] ---- FROM  ::1 (WinNT)
[2019-08-29 10:54:10] ---- BROWSER:  Chrome 76.0 (Mozilla/5.0 (Windows NT 10.0; Win64; x64) AppleWebKit/537.36 (KHTML, like Gecko) Chrome/76.0.3809.100 Safari/537.36)
[2019-08-29 10:54:10] ---- CONTENT: {data : "<?xml version='1.0' encoding='utf-8' ?><Request ID='20190829105410225'><General><Token>61111131252223224013000011333653</Token></General><Data></Data></Request>"}
[2019-08-29 10:54:10] 200 - OK - application/json
[2019-08-29 10:54:10] REQUEST POST - https://localhost:8082/public/ws/Config.asmx/All_Get
[2019-08-29 10:54:10] ---- FROM  ::1 (WinNT)
[2019-08-29 10:54:10] ---- BROWSER:  Chrome 76.0 (Mozilla/5.0 (Windows NT 10.0; Win64; x64) AppleWebKit/537.36 (KHTML, like Gecko) Chrome/76.0.3809.100 Safari/537.36)
[2019-08-29 10:54:10] ---- CONTENT: {data : "<?xml version='1.0' encoding='utf-8' ?><Request ID='20190829105410314'><General><Token>61111131252223224013000011333653</Token></General><Data></Data></Request>"}
[2019-08-29 10:54:10] 200 - OK - application/json
[2019-08-29 10:54:10] REQUEST POST - https://localhost:8082/public/ws/Config.asmx/All_Get
[2019-08-29 10:54:10] ---- FROM  ::1 (WinNT)
[2019-08-29 10:54:10] ---- BROWSER:  Chrome 76.0 (Mozilla/5.0 (Windows NT 10.0; Win64; x64) AppleWebKit/537.36 (KHTML, like Gecko) Chrome/76.0.3809.100 Safari/537.36)
[2019-08-29 10:54:10] ---- CONTENT: {data : "<?xml version='1.0' encoding='utf-8' ?><Request ID='20190829105410531'><General><Token>61111131252223224013000011333653</Token></General><Data></Data></Request>"}
[2019-08-29 10:54:10] 200 - OK - application/json
[2019-08-29 10:56:54] REQUEST GET - https://localhost:8082/public/aspx/Home.aspx?Token=61111131252223224013000011333653&TokenApiRest=eyJ0eXAiOiJKV1QiLCJhbGciOiJIUzI1NiJ9.eyJpc3MiOiJodHRwczpcL1wvd3d3cy5kZXYteWVhcC5pdCIsImlhdCI6MTU0MjI5NDMyMSwibmJmIjoxNTQyMjk0MzIxLCJleHAiOjE1NDI4OTkxMjEsImRhdGEiOnsidXNlciI6eyJpZCI6IjQ0In19fQ.RCP5OeoGASxAyBw1MbMD4BFJAcDM5JIXqYXKBALZcJI&Logo=https://localhost:8082/scratch/pl_logo.png&Title=Business Plan Test nr. 2
[2019-08-29 10:56:54] ---- FROM  ::1 (WinNT)
[2019-08-29 10:56:54] ---- BROWSER:  Chrome 76.0 (Mozilla/5.0 (Windows NT 10.0; Win64; x64) AppleWebKit/537.36 (KHTML, like Gecko) Chrome/76.0.3809.100 Safari/537.36)
[2019-08-29 10:56:54] 302 - Found - text/html
[2019-08-29 10:56:54] REQUEST GET - https://localhost:8082/home/welcome?Token=61111131252223224013000011333653&TokenApiRest=eyJ0eXAiOiJKV1QiLCJhbGciOiJIUzI1NiJ9.eyJpc3MiOiJodHRwczpcL1wvd3d3cy5kZXYteWVhcC5pdCIsImlhdCI6MTU0MjI5NDMyMSwibmJmIjoxNTQyMjk0MzIxLCJleHAiOjE1NDI4OTkxMjEsImRhdGEiOnsidXNlciI6eyJpZCI6IjQ0In19fQ.RCP5OeoGASxAyBw1MbMD4BFJAcDM5JIXqYXKBALZcJI&Logo=https://localhost:8082/scratch/pl_logo.png&Title=Business Plan Test nr. 2
[2019-08-29 10:56:54] ---- FROM  ::1 (WinNT)
[2019-08-29 10:56:54] ---- BROWSER:  Chrome 76.0 (Mozilla/5.0 (Windows NT 10.0; Win64; x64) AppleWebKit/537.36 (KHTML, like Gecko) Chrome/76.0.3809.100 Safari/537.36)
[2019-08-29 10:56:54] 200 - OK - text/html
[2019-08-29 10:56:55] REQUEST POST - https://localhost:8082/public/ws/General.asmx/Set
[2019-08-29 10:56:55] ---- FROM  ::1 (WinNT)
[2019-08-29 10:56:55] ---- BROWSER:  Chrome 76.0 (Mozilla/5.0 (Windows NT 10.0; Win64; x64) AppleWebKit/537.36 (KHTML, like Gecko) Chrome/76.0.3809.100 Safari/537.36)
[2019-08-29 10:56:55] ---- CONTENT: {data : "<?xml version='1.0' encoding='utf-8' ?><Request ID='20190829105655569'><General><Token>61111131252223224013000011333653</Token></General><Data><Nome>Business Plan Test nr. 2</Nome><Logo>https%3A%2F%2Flocalhost%3A8082%2Fscratch%2Fpl_logo.png</Logo></Data></Request>"}
[2019-08-29 10:56:55] 200 - OK - application/json
[2019-08-29 10:56:55] REQUEST POST - https://localhost:8082/public/ws/Config.asmx/Economics_Get
[2019-08-29 10:56:55] ---- FROM  ::1 (WinNT)
[2019-08-29 10:56:55] ---- BROWSER:  Chrome 76.0 (Mozilla/5.0 (Windows NT 10.0; Win64; x64) AppleWebKit/537.36 (KHTML, like Gecko) Chrome/76.0.3809.100 Safari/537.36)
[2019-08-29 10:56:55] ---- CONTENT: {data : "<?xml version='1.0' encoding='utf-8' ?><Request ID='20190829105655609'><General><Token>61111131252223224013000011333653</Token></General><Data></Data></Request>"}
[2019-08-29 10:56:55] 200 - OK - application/json
[2019-08-29 10:56:58] REQUEST POST - https://localhost:8082/public/ws/Config.asmx/All_Get
[2019-08-29 10:56:58] ---- FROM  ::1 (WinNT)
[2019-08-29 10:56:58] ---- BROWSER:  Chrome 76.0 (Mozilla/5.0 (Windows NT 10.0; Win64; x64) AppleWebKit/537.36 (KHTML, like Gecko) Chrome/76.0.3809.100 Safari/537.36)
[2019-08-29 10:56:58] ---- CONTENT: {data : "<?xml version='1.0' encoding='utf-8' ?><Request ID='20190829105658499'><General><Token>61111131252223224013000011333653</Token></General><Data></Data></Request>"}
[2019-08-29 10:56:58] 200 - OK - application/json
[2019-08-29 10:56:58] REQUEST POST - https://localhost:8082/public/ws/Economics.asmx/messaggi_summary
[2019-08-29 10:56:58] ---- FROM  ::1 (WinNT)
[2019-08-29 10:56:58] ---- BROWSER:  Chrome 76.0 (Mozilla/5.0 (Windows NT 10.0; Win64; x64) AppleWebKit/537.36 (KHTML, like Gecko) Chrome/76.0.3809.100 Safari/537.36)
[2019-08-29 10:56:58] ---- CONTENT: {data : "<?xml version='1.0' encoding='utf-8' ?><Request ID='20190829105658676'><General><Token>61111131252223224013000011333653</Token></General><Data></Data></Request>"}
[2019-08-29 10:56:58] 200 - OK - application/json
[2019-08-29 10:56:58] REQUEST POST - https://localhost:8082/public/ws/Config.asmx/All_Get
[2019-08-29 10:56:58] ---- FROM  ::1 (WinNT)
[2019-08-29 10:56:58] ---- BROWSER:  Chrome 76.0 (Mozilla/5.0 (Windows NT 10.0; Win64; x64) AppleWebKit/537.36 (KHTML, like Gecko) Chrome/76.0.3809.100 Safari/537.36)
[2019-08-29 10:56:58] ---- CONTENT: {data : "<?xml version='1.0' encoding='utf-8' ?><Request ID='20190829105658758'><General><Token>61111131252223224013000011333653</Token></General><Data></Data></Request>"}
[2019-08-29 10:56:58] REQUEST POST - https://localhost:8082/public/ws/Config.asmx/All_Get
[2019-08-29 10:56:58] ---- FROM  ::1 (WinNT)
[2019-08-29 10:56:58] ---- BROWSER:  Chrome 76.0 (Mozilla/5.0 (Windows NT 10.0; Win64; x64) AppleWebKit/537.36 (KHTML, like Gecko) Chrome/76.0.3809.100 Safari/537.36)
[2019-08-29 10:56:58] ---- CONTENT: {data : "<?xml version='1.0' encoding='utf-8' ?><Request ID='20190829105658797'><General><Token>61111131252223224013000011333653</Token></General><Data></Data></Request>"}
[2019-08-29 10:56:58] 200 - OK - application/json
[2019-08-29 10:56:58] 200 - OK - application/json
[2019-08-29 10:59:33] REQUEST GET - https://localhost:8082/public/aspx/Home.aspx?Token=61111131252223224013000011333653&TokenApiRest=eyJ0eXAiOiJKV1QiLCJhbGciOiJIUzI1NiJ9.eyJpc3MiOiJodHRwczpcL1wvd3d3cy5kZXYteWVhcC5pdCIsImlhdCI6MTU0MjI5NDMyMSwibmJmIjoxNTQyMjk0MzIxLCJleHAiOjE1NDI4OTkxMjEsImRhdGEiOnsidXNlciI6eyJpZCI6IjQ0In19fQ.RCP5OeoGASxAyBw1MbMD4BFJAcDM5JIXqYXKBALZcJI&Logo=https://localhost:8082/scratch/pl_logo.png&Title=Business Plan Test nr. 2
[2019-08-29 10:59:33] ---- FROM  ::1 (WinNT)
[2019-08-29 10:59:33] ---- BROWSER:  Chrome 76.0 (Mozilla/5.0 (Windows NT 10.0; Win64; x64) AppleWebKit/537.36 (KHTML, like Gecko) Chrome/76.0.3809.100 Safari/537.36)
[2019-08-29 10:59:33] 302 - Found - text/html
[2019-08-29 10:59:33] REQUEST GET - https://localhost:8082/home/welcome?Token=61111131252223224013000011333653&TokenApiRest=eyJ0eXAiOiJKV1QiLCJhbGciOiJIUzI1NiJ9.eyJpc3MiOiJodHRwczpcL1wvd3d3cy5kZXYteWVhcC5pdCIsImlhdCI6MTU0MjI5NDMyMSwibmJmIjoxNTQyMjk0MzIxLCJleHAiOjE1NDI4OTkxMjEsImRhdGEiOnsidXNlciI6eyJpZCI6IjQ0In19fQ.RCP5OeoGASxAyBw1MbMD4BFJAcDM5JIXqYXKBALZcJI&Logo=https://localhost:8082/scratch/pl_logo.png&Title=Business Plan Test nr. 2
[2019-08-29 10:59:33] ---- FROM  ::1 (WinNT)
[2019-08-29 10:59:33] ---- BROWSER:  Chrome 76.0 (Mozilla/5.0 (Windows NT 10.0; Win64; x64) AppleWebKit/537.36 (KHTML, like Gecko) Chrome/76.0.3809.100 Safari/537.36)
[2019-08-29 10:59:33] 200 - OK - text/html
[2019-08-29 10:59:34] REQUEST POST - https://localhost:8082/public/ws/General.asmx/Set
[2019-08-29 10:59:34] ---- FROM  ::1 (WinNT)
[2019-08-29 10:59:34] ---- BROWSER:  Chrome 76.0 (Mozilla/5.0 (Windows NT 10.0; Win64; x64) AppleWebKit/537.36 (KHTML, like Gecko) Chrome/76.0.3809.100 Safari/537.36)
[2019-08-29 10:59:34] ---- CONTENT: {data : "<?xml version='1.0' encoding='utf-8' ?><Request ID='20190829105934407'><General><Token>61111131252223224013000011333653</Token></General><Data><Nome>Business Plan Test nr. 2</Nome><Logo>https%3A%2F%2Flocalhost%3A8082%2Fscratch%2Fpl_logo.png</Logo></Data></Request>"}
[2019-08-29 10:59:34] 200 - OK - application/json
[2019-08-29 10:59:34] REQUEST POST - https://localhost:8082/public/ws/Config.asmx/Economics_Get
[2019-08-29 10:59:34] ---- FROM  ::1 (WinNT)
[2019-08-29 10:59:34] ---- BROWSER:  Chrome 76.0 (Mozilla/5.0 (Windows NT 10.0; Win64; x64) AppleWebKit/537.36 (KHTML, like Gecko) Chrome/76.0.3809.100 Safari/537.36)
[2019-08-29 10:59:34] ---- CONTENT: {data : "<?xml version='1.0' encoding='utf-8' ?><Request ID='20190829105934460'><General><Token>61111131252223224013000011333653</Token></General><Data></Data></Request>"}
[2019-08-29 10:59:34] 200 - OK - application/json
[2019-08-29 10:59:37] REQUEST POST - https://localhost:8082/public/ws/Config.asmx/All_Get
[2019-08-29 10:59:37] ---- FROM  ::1 (WinNT)
[2019-08-29 10:59:37] ---- BROWSER:  Chrome 76.0 (Mozilla/5.0 (Windows NT 10.0; Win64; x64) AppleWebKit/537.36 (KHTML, like Gecko) Chrome/76.0.3809.100 Safari/537.36)
[2019-08-29 10:59:37] ---- CONTENT: {data : "<?xml version='1.0' encoding='utf-8' ?><Request ID='2019082910593748'><General><Token>61111131252223224013000011333653</Token></General><Data></Data></Request>"}
[2019-08-29 10:59:37] 200 - OK - application/json
[2019-08-29 10:59:37] REQUEST POST - https://localhost:8082/public/ws/Economics.asmx/messaggi_summary
[2019-08-29 10:59:37] ---- FROM  ::1 (WinNT)
[2019-08-29 10:59:37] ---- BROWSER:  Chrome 76.0 (Mozilla/5.0 (Windows NT 10.0; Win64; x64) AppleWebKit/537.36 (KHTML, like Gecko) Chrome/76.0.3809.100 Safari/537.36)
[2019-08-29 10:59:37] ---- CONTENT: {data : "<?xml version='1.0' encoding='utf-8' ?><Request ID='20190829105937270'><General><Token>61111131252223224013000011333653</Token></General><Data></Data></Request>"}
[2019-08-29 10:59:37] 200 - OK - application/json
[2019-08-29 10:59:37] REQUEST POST - https://localhost:8082/public/ws/Config.asmx/All_Get
[2019-08-29 10:59:37] ---- FROM  ::1 (WinNT)
[2019-08-29 10:59:37] ---- BROWSER:  Chrome 76.0 (Mozilla/5.0 (Windows NT 10.0; Win64; x64) AppleWebKit/537.36 (KHTML, like Gecko) Chrome/76.0.3809.100 Safari/537.36)
[2019-08-29 10:59:37] ---- CONTENT: {data : "<?xml version='1.0' encoding='utf-8' ?><Request ID='20190829105937310'><General><Token>61111131252223224013000011333653</Token></General><Data></Data></Request>"}
[2019-08-29 10:59:37] 200 - OK - application/json
[2019-08-29 10:59:37] REQUEST POST - https://localhost:8082/public/ws/Config.asmx/All_Get
[2019-08-29 10:59:37] ---- FROM  ::1 (WinNT)
[2019-08-29 10:59:37] ---- BROWSER:  Chrome 76.0 (Mozilla/5.0 (Windows NT 10.0; Win64; x64) AppleWebKit/537.36 (KHTML, like Gecko) Chrome/76.0.3809.100 Safari/537.36)
[2019-08-29 10:59:37] ---- CONTENT: {data : "<?xml version='1.0' encoding='utf-8' ?><Request ID='20190829105937346'><General><Token>61111131252223224013000011333653</Token></General><Data></Data></Request>"}
[2019-08-29 10:59:37] 200 - OK - application/json
[2019-08-29 11:05:07] REQUEST GET - https://localhost:8082/public/aspx/Home.aspx?Token=61111131252223224013000011333653&TokenApiRest=eyJ0eXAiOiJKV1QiLCJhbGciOiJIUzI1NiJ9.eyJpc3MiOiJodHRwczpcL1wvd3d3cy5kZXYteWVhcC5pdCIsImlhdCI6MTU0MjI5NDMyMSwibmJmIjoxNTQyMjk0MzIxLCJleHAiOjE1NDI4OTkxMjEsImRhdGEiOnsidXNlciI6eyJpZCI6IjQ0In19fQ.RCP5OeoGASxAyBw1MbMD4BFJAcDM5JIXqYXKBALZcJI&Logo=https://localhost:8082/scratch/pl_logo.png&Title=Business Plan Test nr. 2
[2019-08-29 11:05:07] ---- FROM  ::1 (WinNT)
[2019-08-29 11:05:07] ---- BROWSER:  Chrome 76.0 (Mozilla/5.0 (Windows NT 10.0; Win64; x64) AppleWebKit/537.36 (KHTML, like Gecko) Chrome/76.0.3809.100 Safari/537.36)
[2019-08-29 11:05:07] 302 - Found - text/html
[2019-08-29 11:05:07] REQUEST GET - https://localhost:8082/home/welcome?Token=61111131252223224013000011333653&TokenApiRest=eyJ0eXAiOiJKV1QiLCJhbGciOiJIUzI1NiJ9.eyJpc3MiOiJodHRwczpcL1wvd3d3cy5kZXYteWVhcC5pdCIsImlhdCI6MTU0MjI5NDMyMSwibmJmIjoxNTQyMjk0MzIxLCJleHAiOjE1NDI4OTkxMjEsImRhdGEiOnsidXNlciI6eyJpZCI6IjQ0In19fQ.RCP5OeoGASxAyBw1MbMD4BFJAcDM5JIXqYXKBALZcJI&Logo=https://localhost:8082/scratch/pl_logo.png&Title=Business Plan Test nr. 2
[2019-08-29 11:05:07] ---- FROM  ::1 (WinNT)
[2019-08-29 11:05:07] ---- BROWSER:  Chrome 76.0 (Mozilla/5.0 (Windows NT 10.0; Win64; x64) AppleWebKit/537.36 (KHTML, like Gecko) Chrome/76.0.3809.100 Safari/537.36)
[2019-08-29 11:05:07] 200 - OK - text/html
[2019-08-29 11:05:09] REQUEST POST - https://localhost:8082/public/ws/General.asmx/Set
[2019-08-29 11:05:09] ---- FROM  ::1 (WinNT)
[2019-08-29 11:05:09] ---- BROWSER:  Chrome 76.0 (Mozilla/5.0 (Windows NT 10.0; Win64; x64) AppleWebKit/537.36 (KHTML, like Gecko) Chrome/76.0.3809.100 Safari/537.36)
[2019-08-29 11:05:09] ---- CONTENT: {data : "<?xml version='1.0' encoding='utf-8' ?><Request ID='20190829110509309'><General><Token>61111131252223224013000011333653</Token></General><Data><Nome>Business Plan Test nr. 2</Nome><Logo>https%3A%2F%2Flocalhost%3A8082%2Fscratch%2Fpl_logo.png</Logo></Data></Request>"}
[2019-08-29 11:05:09] 200 - OK - application/json
[2019-08-29 11:05:09] REQUEST POST - https://localhost:8082/public/ws/Config.asmx/Economics_Get
[2019-08-29 11:05:09] ---- FROM  ::1 (WinNT)
[2019-08-29 11:05:09] ---- BROWSER:  Chrome 76.0 (Mozilla/5.0 (Windows NT 10.0; Win64; x64) AppleWebKit/537.36 (KHTML, like Gecko) Chrome/76.0.3809.100 Safari/537.36)
[2019-08-29 11:05:09] ---- CONTENT: {data : "<?xml version='1.0' encoding='utf-8' ?><Request ID='20190829110509356'><General><Token>61111131252223224013000011333653</Token></General><Data></Data></Request>"}
[2019-08-29 11:05:09] 200 - OK - application/json
[2019-08-29 11:05:11] REQUEST POST - https://localhost:8082/public/ws/Config.asmx/All_Get
[2019-08-29 11:05:11] ---- FROM  ::1 (WinNT)
[2019-08-29 11:05:11] ---- BROWSER:  Chrome 76.0 (Mozilla/5.0 (Windows NT 10.0; Win64; x64) AppleWebKit/537.36 (KHTML, like Gecko) Chrome/76.0.3809.100 Safari/537.36)
[2019-08-29 11:05:11] ---- CONTENT: {data : "<?xml version='1.0' encoding='utf-8' ?><Request ID='20190829110511287'><General><Token>61111131252223224013000011333653</Token></General><Data></Data></Request>"}
[2019-08-29 11:05:11] 200 - OK - application/json
[2019-08-29 11:05:11] REQUEST POST - https://localhost:8082/public/ws/Economics.asmx/messaggi_summary
[2019-08-29 11:05:11] ---- FROM  ::1 (WinNT)
[2019-08-29 11:05:11] ---- BROWSER:  Chrome 76.0 (Mozilla/5.0 (Windows NT 10.0; Win64; x64) AppleWebKit/537.36 (KHTML, like Gecko) Chrome/76.0.3809.100 Safari/537.36)
[2019-08-29 11:05:11] ---- CONTENT: {data : "<?xml version='1.0' encoding='utf-8' ?><Request ID='20190829110511444'><General><Token>61111131252223224013000011333653</Token></General><Data></Data></Request>"}
[2019-08-29 11:05:11] 200 - OK - application/json
[2019-08-29 11:05:11] REQUEST POST - https://localhost:8082/public/ws/Config.asmx/All_Get
[2019-08-29 11:05:11] ---- FROM  ::1 (WinNT)
[2019-08-29 11:05:11] ---- BROWSER:  Chrome 76.0 (Mozilla/5.0 (Windows NT 10.0; Win64; x64) AppleWebKit/537.36 (KHTML, like Gecko) Chrome/76.0.3809.100 Safari/537.36)
[2019-08-29 11:05:11] ---- CONTENT: {data : "<?xml version='1.0' encoding='utf-8' ?><Request ID='20190829110511514'><General><Token>61111131252223224013000011333653</Token></General><Data></Data></Request>"}
[2019-08-29 11:05:11] REQUEST POST - https://localhost:8082/public/ws/Config.asmx/All_Get
[2019-08-29 11:05:11] ---- FROM  ::1 (WinNT)
[2019-08-29 11:05:11] ---- BROWSER:  Chrome 76.0 (Mozilla/5.0 (Windows NT 10.0; Win64; x64) AppleWebKit/537.36 (KHTML, like Gecko) Chrome/76.0.3809.100 Safari/537.36)
[2019-08-29 11:05:11] ---- CONTENT: {data : "<?xml version='1.0' encoding='utf-8' ?><Request ID='20190829110511572'><General><Token>61111131252223224013000011333653</Token></General><Data></Data></Request>"}
[2019-08-29 11:05:11] 200 - OK - application/json
[2019-08-29 11:05:11] 200 - OK - application/json
[2019-08-29 11:09:56] REQUEST GET - https://localhost:8082/public/aspx/Home.aspx?Token=61111131252223224013000011333653&TokenApiRest=eyJ0eXAiOiJKV1QiLCJhbGciOiJIUzI1NiJ9.eyJpc3MiOiJodHRwczpcL1wvd3d3cy5kZXYteWVhcC5pdCIsImlhdCI6MTU0MjI5NDMyMSwibmJmIjoxNTQyMjk0MzIxLCJleHAiOjE1NDI4OTkxMjEsImRhdGEiOnsidXNlciI6eyJpZCI6IjQ0In19fQ.RCP5OeoGASxAyBw1MbMD4BFJAcDM5JIXqYXKBALZcJI&Logo=https://localhost:8082/scratch/pl_logo.png&Title=Business Plan Test nr. 2
[2019-08-29 11:09:56] ---- FROM  ::1 (WinNT)
[2019-08-29 11:09:56] ---- BROWSER:  Chrome 76.0 (Mozilla/5.0 (Windows NT 10.0; Win64; x64) AppleWebKit/537.36 (KHTML, like Gecko) Chrome/76.0.3809.100 Safari/537.36)
[2019-08-29 11:09:56] 302 - Found - text/html
[2019-08-29 11:09:56] REQUEST GET - https://localhost:8082/home/welcome?Token=61111131252223224013000011333653&TokenApiRest=eyJ0eXAiOiJKV1QiLCJhbGciOiJIUzI1NiJ9.eyJpc3MiOiJodHRwczpcL1wvd3d3cy5kZXYteWVhcC5pdCIsImlhdCI6MTU0MjI5NDMyMSwibmJmIjoxNTQyMjk0MzIxLCJleHAiOjE1NDI4OTkxMjEsImRhdGEiOnsidXNlciI6eyJpZCI6IjQ0In19fQ.RCP5OeoGASxAyBw1MbMD4BFJAcDM5JIXqYXKBALZcJI&Logo=https://localhost:8082/scratch/pl_logo.png&Title=Business Plan Test nr. 2
[2019-08-29 11:09:56] ---- FROM  ::1 (WinNT)
[2019-08-29 11:09:56] ---- BROWSER:  Chrome 76.0 (Mozilla/5.0 (Windows NT 10.0; Win64; x64) AppleWebKit/537.36 (KHTML, like Gecko) Chrome/76.0.3809.100 Safari/537.36)
[2019-08-29 11:09:56] 200 - OK - text/html
[2019-08-29 11:09:57] REQUEST POST - https://localhost:8082/public/ws/General.asmx/Set
[2019-08-29 11:09:57] ---- FROM  ::1 (WinNT)
[2019-08-29 11:09:57] ---- BROWSER:  Chrome 76.0 (Mozilla/5.0 (Windows NT 10.0; Win64; x64) AppleWebKit/537.36 (KHTML, like Gecko) Chrome/76.0.3809.100 Safari/537.36)
[2019-08-29 11:09:57] ---- CONTENT: {data : "<?xml version='1.0' encoding='utf-8' ?><Request ID='20190829110957576'><General><Token>61111131252223224013000011333653</Token></General><Data><Nome>Business Plan Test nr. 2</Nome><Logo>https%3A%2F%2Flocalhost%3A8082%2Fscratch%2Fpl_logo.png</Logo></Data></Request>"}
[2019-08-29 11:09:57] 200 - OK - application/json
[2019-08-29 11:09:57] REQUEST POST - https://localhost:8082/public/ws/Config.asmx/Economics_Get
[2019-08-29 11:09:57] ---- FROM  ::1 (WinNT)
[2019-08-29 11:09:57] ---- BROWSER:  Chrome 76.0 (Mozilla/5.0 (Windows NT 10.0; Win64; x64) AppleWebKit/537.36 (KHTML, like Gecko) Chrome/76.0.3809.100 Safari/537.36)
[2019-08-29 11:09:57] ---- CONTENT: {data : "<?xml version='1.0' encoding='utf-8' ?><Request ID='20190829110957627'><General><Token>61111131252223224013000011333653</Token></General><Data></Data></Request>"}
[2019-08-29 11:09:57] 200 - OK - application/json
[2019-08-29 11:10:04] REQUEST POST - https://localhost:8082/public/ws/Config.asmx/All_Get
[2019-08-29 11:10:04] ---- FROM  ::1 (WinNT)
[2019-08-29 11:10:04] ---- BROWSER:  Chrome 76.0 (Mozilla/5.0 (Windows NT 10.0; Win64; x64) AppleWebKit/537.36 (KHTML, like Gecko) Chrome/76.0.3809.100 Safari/537.36)
[2019-08-29 11:10:04] ---- CONTENT: {data : "<?xml version='1.0' encoding='utf-8' ?><Request ID='20190829111004458'><General><Token>61111131252223224013000011333653</Token></General><Data></Data></Request>"}
[2019-08-29 11:10:04] 200 - OK - application/json
[2019-08-29 11:10:04] REQUEST POST - https://localhost:8082/public/ws/Config.asmx/All_Get
[2019-08-29 11:10:04] ---- FROM  ::1 (WinNT)
[2019-08-29 11:10:04] ---- BROWSER:  Chrome 76.0 (Mozilla/5.0 (Windows NT 10.0; Win64; x64) AppleWebKit/537.36 (KHTML, like Gecko) Chrome/76.0.3809.100 Safari/537.36)
[2019-08-29 11:10:04] ---- CONTENT: {data : "<?xml version='1.0' encoding='utf-8' ?><Request ID='20190829111004614'><General><Token>61111131252223224013000011333653</Token></General><Data></Data></Request>"}
[2019-08-29 11:10:04] 200 - OK - application/json
[2019-08-29 11:10:04] REQUEST POST - https://localhost:8082/public/ws/Economics.asmx/messaggi_summary
[2019-08-29 11:10:04] ---- FROM  ::1 (WinNT)
[2019-08-29 11:10:04] ---- BROWSER:  Chrome 76.0 (Mozilla/5.0 (Windows NT 10.0; Win64; x64) AppleWebKit/537.36 (KHTML, like Gecko) Chrome/76.0.3809.100 Safari/537.36)
[2019-08-29 11:10:04] ---- CONTENT: {data : "<?xml version='1.0' encoding='utf-8' ?><Request ID='20190829111004673'><General><Token>61111131252223224013000011333653</Token></General><Data></Data></Request>"}
[2019-08-29 11:10:04] 200 - OK - application/json
[2019-08-29 11:10:04] REQUEST POST - https://localhost:8082/public/ws/Config.asmx/All_Get
[2019-08-29 11:10:04] ---- FROM  ::1 (WinNT)
[2019-08-29 11:10:04] ---- BROWSER:  Chrome 76.0 (Mozilla/5.0 (Windows NT 10.0; Win64; x64) AppleWebKit/537.36 (KHTML, like Gecko) Chrome/76.0.3809.100 Safari/537.36)
[2019-08-29 11:10:04] ---- CONTENT: {data : "<?xml version='1.0' encoding='utf-8' ?><Request ID='20190829111004738'><General><Token>61111131252223224013000011333653</Token></General><Data></Data></Request>"}
[2019-08-29 11:10:04] 200 - OK - application/json
