[2019-09-10 14:25:00] REQUEST POST - https://localhost:8082/public/aspx/Home.aspx
[2019-09-10 14:25:00] ---- FROM  ::1 (WinNT)
[2019-09-10 14:25:00] ---- BROWSER:  Chrome 76.0 (Mozilla/5.0 (Windows NT 10.0; Win64; x64) AppleWebKit/537.36 (KHTML, like Gecko) Chrome/76.0.3809.132 Safari/537.36)
[2019-09-10 14:25:00] ---- CONTENT: Token%3D61111131252223224013000011333653%26TokenApiRest%3DeyJ0eXAiOiJKV1QiLCJhbGciOiJIUzI1NiJ9.eyJpc3MiOiJodHRwczpcL1wvd3d3cy5kZXYteWVhcC5pdCIsImlhdCI6MTU0MjI5NDMyMSwibmJmIjoxNTQyMjk0MzIxLCJleHAiOjE1NDI4OTkxMjEsImRhdGEiOnsidXNlciI6eyJpZCI6IjQ0In19fQ.RCP5OeoGASxAyBw1MbMD4BFJAcDM5JIXqYXKBALZcJI%26Logo%3Dhttps%3A%2F%2Flocalhost%3A8082%2Fscratch%2Fpl_logo.png%26Title%3DBusiness+Plan+Test+nr.+2=
[2019-09-10 14:25:06] 302 - Found - text/html
[2019-09-10 14:25:06] REQUEST GET - https://localhost:8082/home/welcome
[2019-09-10 14:25:06] ---- FROM  ::1 (WinNT)
[2019-09-10 14:25:06] ---- BROWSER:  Chrome 76.0 (Mozilla/5.0 (Windows NT 10.0; Win64; x64) AppleWebKit/537.36 (KHTML, like Gecko) Chrome/76.0.3809.132 Safari/537.36)
[2019-09-10 14:25:20] 200 - OK - text/html
[2019-09-10 14:25:22] REQUEST POST - https://localhost:8082/public/ws/General.asmx/Set
[2019-09-10 14:25:22] ---- FROM  ::1 (WinNT)
[2019-09-10 14:25:22] ---- BROWSER:  Chrome 76.0 (Mozilla/5.0 (Windows NT 10.0; Win64; x64) AppleWebKit/537.36 (KHTML, like Gecko) Chrome/76.0.3809.132 Safari/537.36)
[2019-09-10 14:25:22] ---- CONTENT: {data : "<?xml version='1.0' encoding='utf-8' ?><Request ID='20190910142522409'><General><Token>61111131252223224013000011333653</Token></General><Data><Nome>Business Plan Test nr. 2</Nome><Logo>https%3A%2F%2Flocalhost%3A8082%2Fscratch%2Fpl_logo.png</Logo></Data></Request>"}
[2019-09-10 14:25:22] 200 - OK - application/json
[2019-09-10 14:25:22] REQUEST POST - https://localhost:8082/public/ws/Config.asmx/Economics_Get
[2019-09-10 14:25:22] ---- FROM  ::1 (WinNT)
[2019-09-10 14:25:22] ---- BROWSER:  Chrome 76.0 (Mozilla/5.0 (Windows NT 10.0; Win64; x64) AppleWebKit/537.36 (KHTML, like Gecko) Chrome/76.0.3809.132 Safari/537.36)
[2019-09-10 14:25:22] ---- CONTENT: {data : "<?xml version='1.0' encoding='utf-8' ?><Request ID='20190910142522728'><General><Token>61111131252223224013000011333653</Token></General><Data></Data></Request>"}
[2019-09-10 14:25:22] 200 - OK - application/json
[2019-09-10 14:25:22] REQUEST POST - https://localhost:8082/public/ws/Config.asmx/All_Get
[2019-09-10 14:25:22] ---- FROM  ::1 (WinNT)
[2019-09-10 14:25:22] ---- BROWSER:  Chrome 76.0 (Mozilla/5.0 (Windows NT 10.0; Win64; x64) AppleWebKit/537.36 (KHTML, like Gecko) Chrome/76.0.3809.132 Safari/537.36)
[2019-09-10 14:25:22] ---- CONTENT: {data : "<?xml version='1.0' encoding='utf-8' ?><Request ID='20190910142522971'><General><Token>61111131252223224013000011333653</Token></General><Data></Data></Request>"}
[2019-09-10 14:25:23] REQUEST POST - https://localhost:8082/public/ws/Economics.asmx/messaggi_summary
[2019-09-10 14:25:23] ---- FROM  ::1 (WinNT)
[2019-09-10 14:25:23] ---- BROWSER:  Chrome 76.0 (Mozilla/5.0 (Windows NT 10.0; Win64; x64) AppleWebKit/537.36 (KHTML, like Gecko) Chrome/76.0.3809.132 Safari/537.36)
[2019-09-10 14:25:23] ---- CONTENT: {data : "<?xml version='1.0' encoding='utf-8' ?><Request ID='2019091014252357'><General><Token>61111131252223224013000011333653</Token></General><Data></Data></Request>"}
[2019-09-10 14:25:23] 200 - OK - application/json
[2019-09-10 14:25:23] 200 - OK - application/json
[2019-09-10 14:25:23] REQUEST POST - https://localhost:8082/public/ws/Config.asmx/All_Get
[2019-09-10 14:25:23] ---- FROM  ::1 (WinNT)
[2019-09-10 14:25:23] ---- BROWSER:  Chrome 76.0 (Mozilla/5.0 (Windows NT 10.0; Win64; x64) AppleWebKit/537.36 (KHTML, like Gecko) Chrome/76.0.3809.132 Safari/537.36)
[2019-09-10 14:25:23] ---- CONTENT: {data : "<?xml version='1.0' encoding='utf-8' ?><Request ID='20190910142523337'><General><Token>61111131252223224013000011333653</Token></General><Data></Data></Request>"}
[2019-09-10 14:25:23] 200 - OK - application/json
[2019-09-10 14:25:23] REQUEST POST - https://localhost:8082/public/ws/Config.asmx/All_Get
[2019-09-10 14:25:23] ---- FROM  ::1 (WinNT)
[2019-09-10 14:25:23] ---- BROWSER:  Chrome 76.0 (Mozilla/5.0 (Windows NT 10.0; Win64; x64) AppleWebKit/537.36 (KHTML, like Gecko) Chrome/76.0.3809.132 Safari/537.36)
[2019-09-10 14:25:23] ---- CONTENT: {data : "<?xml version='1.0' encoding='utf-8' ?><Request ID='20190910142523452'><General><Token>61111131252223224013000011333653</Token></General><Data></Data></Request>"}
[2019-09-10 14:25:23] 200 - OK - application/json
[2019-09-10 14:25:26] REQUEST GET - https://localhost:8082/settings/settings
[2019-09-10 14:25:26] ---- FROM  ::1 (WinNT)
[2019-09-10 14:25:26] ---- BROWSER:  Chrome 76.0 (Mozilla/5.0 (Windows NT 10.0; Win64; x64) AppleWebKit/537.36 (KHTML, like Gecko) Chrome/76.0.3809.132 Safari/537.36)
[2019-09-10 14:25:26] 200 - OK - text/html
[2019-09-10 14:25:28] REQUEST POST - https://localhost:8082/public/ws/General.asmx/Set
[2019-09-10 14:25:28] ---- FROM  ::1 (WinNT)
[2019-09-10 14:25:28] ---- BROWSER:  Chrome 76.0 (Mozilla/5.0 (Windows NT 10.0; Win64; x64) AppleWebKit/537.36 (KHTML, like Gecko) Chrome/76.0.3809.132 Safari/537.36)
[2019-09-10 14:25:28] ---- CONTENT: {data : "<?xml version='1.0' encoding='utf-8' ?><Request ID='20190910142528545'><General><Token>61111131252223224013000011333653</Token></General><Data><Nome></Nome><Logo>https%3A%2F%2Flocalhost%3A8082%2Fscratch%2Fpl_logo.png</Logo></Data></Request>"}
[2019-09-10 14:25:28] 200 - OK - application/json
[2019-09-10 14:25:28] REQUEST POST - https://localhost:8082/public/ws/Config.asmx/General_Get
[2019-09-10 14:25:28] ---- FROM  ::1 (WinNT)
[2019-09-10 14:25:28] ---- BROWSER:  Chrome 76.0 (Mozilla/5.0 (Windows NT 10.0; Win64; x64) AppleWebKit/537.36 (KHTML, like Gecko) Chrome/76.0.3809.132 Safari/537.36)
[2019-09-10 14:25:28] ---- CONTENT: {data : "<?xml version='1.0' encoding='utf-8' ?><Request ID='20190910142528643'><General><Token>61111131252223224013000011333653</Token></General><Data></Data></Request>"}
[2019-09-10 14:25:28] 200 - OK - application/json
[2019-09-10 14:25:28] REQUEST POST - https://localhost:8082/public/ws/Economics.asmx/messaggi_summary
[2019-09-10 14:25:28] ---- FROM  ::1 (WinNT)
[2019-09-10 14:25:28] ---- BROWSER:  Chrome 76.0 (Mozilla/5.0 (Windows NT 10.0; Win64; x64) AppleWebKit/537.36 (KHTML, like Gecko) Chrome/76.0.3809.132 Safari/537.36)
[2019-09-10 14:25:28] ---- CONTENT: {data : "<?xml version='1.0' encoding='utf-8' ?><Request ID='20190910142528843'><General><Token>61111131252223224013000011333653</Token></General><Data></Data></Request>"}
[2019-09-10 14:25:28] 200 - OK - application/json
[2019-09-10 14:25:28] REQUEST POST - https://localhost:8082/public/ws/Config.asmx/All_Get
[2019-09-10 14:25:28] ---- FROM  ::1 (WinNT)
[2019-09-10 14:25:28] ---- BROWSER:  Chrome 76.0 (Mozilla/5.0 (Windows NT 10.0; Win64; x64) AppleWebKit/537.36 (KHTML, like Gecko) Chrome/76.0.3809.132 Safari/537.36)
[2019-09-10 14:25:28] ---- CONTENT: {data : "<?xml version='1.0' encoding='utf-8' ?><Request ID='20190910142528915'><General><Token>61111131252223224013000011333653</Token></General><Data></Data></Request>"}
[2019-09-10 14:25:28] 200 - OK - application/json
[2019-09-10 14:25:29] REQUEST POST - https://localhost:8082/public/ws/Config.asmx/All_Get
[2019-09-10 14:25:29] ---- FROM  ::1 (WinNT)
[2019-09-10 14:25:29] ---- BROWSER:  Chrome 76.0 (Mozilla/5.0 (Windows NT 10.0; Win64; x64) AppleWebKit/537.36 (KHTML, like Gecko) Chrome/76.0.3809.132 Safari/537.36)
[2019-09-10 14:25:29] ---- CONTENT: {data : "<?xml version='1.0' encoding='utf-8' ?><Request ID='201909101425299'><General><Token>61111131252223224013000011333653</Token></General><Data></Data></Request>"}
[2019-09-10 14:25:29] 200 - OK - application/json
[2019-09-10 14:25:29] REQUEST POST - https://localhost:8082/public/ws/Config.asmx/All_Get
[2019-09-10 14:25:29] ---- FROM  ::1 (WinNT)
[2019-09-10 14:25:29] ---- BROWSER:  Chrome 76.0 (Mozilla/5.0 (Windows NT 10.0; Win64; x64) AppleWebKit/537.36 (KHTML, like Gecko) Chrome/76.0.3809.132 Safari/537.36)
[2019-09-10 14:25:29] ---- CONTENT: {data : "<?xml version='1.0' encoding='utf-8' ?><Request ID='20190910142529449'><General><Token>61111131252223224013000011333653</Token></General><Data></Data></Request>"}
[2019-09-10 14:25:29] 200 - OK - application/json
[2019-09-10 14:25:29] REQUEST GET - https://localhost:8082/public/ws/Resources.ashx/xml-general
[2019-09-10 14:25:29] ---- FROM  ::1 (WinNT)
[2019-09-10 14:25:29] ---- BROWSER:  Chrome 76.0 (Mozilla/5.0 (Windows NT 10.0; Win64; x64) AppleWebKit/537.36 (KHTML, like Gecko) Chrome/76.0.3809.132 Safari/537.36)
[2019-09-10 14:25:29] 200 - OK - text/xml
[2019-09-10 14:25:29] REQUEST GET - https://localhost:8082/public/ws/Resources.ashx/xml-general
[2019-09-10 14:25:29] ---- FROM  ::1 (WinNT)
[2019-09-10 14:25:29] ---- BROWSER:  Chrome 76.0 (Mozilla/5.0 (Windows NT 10.0; Win64; x64) AppleWebKit/537.36 (KHTML, like Gecko) Chrome/76.0.3809.132 Safari/537.36)
[2019-09-10 14:25:29] 200 - OK - text/xml
[2019-09-10 14:25:36] REQUEST GET - https://localhost:8082/qa/qualitativa
[2019-09-10 14:25:36] ---- FROM  ::1 (WinNT)
[2019-09-10 14:25:36] ---- BROWSER:  Chrome 76.0 (Mozilla/5.0 (Windows NT 10.0; Win64; x64) AppleWebKit/537.36 (KHTML, like Gecko) Chrome/76.0.3809.132 Safari/537.36)
[2019-09-10 14:25:36] 200 - OK - text/html
[2019-09-10 14:25:40] REQUEST POST - https://localhost:8082/public/ws/QAnalysis.asmx/Get
[2019-09-10 14:25:40] ---- FROM  ::1 (WinNT)
[2019-09-10 14:25:40] ---- BROWSER:  Chrome 76.0 (Mozilla/5.0 (Windows NT 10.0; Win64; x64) AppleWebKit/537.36 (KHTML, like Gecko) Chrome/76.0.3809.132 Safari/537.36)
[2019-09-10 14:25:40] ---- CONTENT: {data : "<?xml version='1.0' encoding='utf-8' ?><Request ID='20190910142540475'><General><Token>61111131252223224013000011333653</Token></General><Data></Data></Request>"}
[2019-09-10 14:25:40] 200 - OK - application/json
[2019-09-10 14:25:40] REQUEST POST - https://localhost:8082/public/ws/Economics.asmx/messaggi_summary
[2019-09-10 14:25:40] ---- FROM  ::1 (WinNT)
[2019-09-10 14:25:40] ---- BROWSER:  Chrome 76.0 (Mozilla/5.0 (Windows NT 10.0; Win64; x64) AppleWebKit/537.36 (KHTML, like Gecko) Chrome/76.0.3809.132 Safari/537.36)
[2019-09-10 14:25:40] ---- CONTENT: {data : "<?xml version='1.0' encoding='utf-8' ?><Request ID='20190910142540813'><General><Token>61111131252223224013000011333653</Token></General><Data></Data></Request>"}
[2019-09-10 14:25:40] 200 - OK - application/json
[2019-09-10 14:25:40] REQUEST POST - https://localhost:8082/public/ws/Config.asmx/All_Get
[2019-09-10 14:25:40] ---- FROM  ::1 (WinNT)
[2019-09-10 14:25:40] ---- BROWSER:  Chrome 76.0 (Mozilla/5.0 (Windows NT 10.0; Win64; x64) AppleWebKit/537.36 (KHTML, like Gecko) Chrome/76.0.3809.132 Safari/537.36)
[2019-09-10 14:25:40] ---- CONTENT: {data : "<?xml version='1.0' encoding='utf-8' ?><Request ID='20190910142540889'><General><Token>61111131252223224013000011333653</Token></General><Data></Data></Request>"}
[2019-09-10 14:25:40] 200 - OK - application/json
[2019-09-10 14:25:41] REQUEST POST - https://localhost:8082/public/ws/Config.asmx/All_Get
[2019-09-10 14:25:41] ---- FROM  ::1 (WinNT)
[2019-09-10 14:25:41] ---- BROWSER:  Chrome 76.0 (Mozilla/5.0 (Windows NT 10.0; Win64; x64) AppleWebKit/537.36 (KHTML, like Gecko) Chrome/76.0.3809.132 Safari/537.36)
[2019-09-10 14:25:41] ---- CONTENT: {data : "<?xml version='1.0' encoding='utf-8' ?><Request ID='2019091014254157'><General><Token>61111131252223224013000011333653</Token></General><Data></Data></Request>"}
[2019-09-10 14:25:41] 200 - OK - application/json
[2019-09-10 14:25:41] REQUEST POST - https://localhost:8082/public/ws/Config.asmx/All_Get
[2019-09-10 14:25:41] ---- FROM  ::1 (WinNT)
[2019-09-10 14:25:41] ---- BROWSER:  Chrome 76.0 (Mozilla/5.0 (Windows NT 10.0; Win64; x64) AppleWebKit/537.36 (KHTML, like Gecko) Chrome/76.0.3809.132 Safari/537.36)
[2019-09-10 14:25:41] ---- CONTENT: {data : "<?xml version='1.0' encoding='utf-8' ?><Request ID='20190910142541565'><General><Token>61111131252223224013000011333653</Token></General><Data></Data></Request>"}
[2019-09-10 14:25:41] 200 - OK - application/json
[2019-09-10 14:25:41] REQUEST GET - https://localhost:8082/public/ws/Resources.ashx/xml-qa
[2019-09-10 14:25:41] ---- FROM  ::1 (WinNT)
[2019-09-10 14:25:41] ---- BROWSER:  Chrome 76.0 (Mozilla/5.0 (Windows NT 10.0; Win64; x64) AppleWebKit/537.36 (KHTML, like Gecko) Chrome/76.0.3809.132 Safari/537.36)
[2019-09-10 14:25:41] 200 - OK - text/xml
[2019-09-10 14:25:41] REQUEST GET - https://localhost:8082/public/ws/Resources.ashx/xml-qa
[2019-09-10 14:25:41] ---- FROM  ::1 (WinNT)
[2019-09-10 14:25:41] ---- BROWSER:  Chrome 76.0 (Mozilla/5.0 (Windows NT 10.0; Win64; x64) AppleWebKit/537.36 (KHTML, like Gecko) Chrome/76.0.3809.132 Safari/537.36)
[2019-09-10 14:25:41] 200 - OK - text/xml
[2019-09-10 14:25:41] REQUEST GET - https://localhost:8082/public/ws/Resources.ashx/xml-qa
[2019-09-10 14:25:41] ---- FROM  ::1 (WinNT)
[2019-09-10 14:25:41] ---- BROWSER:  Chrome 76.0 (Mozilla/5.0 (Windows NT 10.0; Win64; x64) AppleWebKit/537.36 (KHTML, like Gecko) Chrome/76.0.3809.132 Safari/537.36)
[2019-09-10 14:25:41] 200 - OK - text/xml
[2019-09-10 14:25:41] REQUEST GET - https://localhost:8082/public/ws/Resources.ashx/xml-qa
[2019-09-10 14:25:41] ---- FROM  ::1 (WinNT)
[2019-09-10 14:25:41] ---- BROWSER:  Chrome 76.0 (Mozilla/5.0 (Windows NT 10.0; Win64; x64) AppleWebKit/537.36 (KHTML, like Gecko) Chrome/76.0.3809.132 Safari/537.36)
[2019-09-10 14:25:41] 200 - OK - text/xml
[2019-09-10 14:25:41] REQUEST GET - https://localhost:8082/public/ws/Resources.ashx/xml-qa
[2019-09-10 14:25:41] ---- FROM  ::1 (WinNT)
[2019-09-10 14:25:41] ---- BROWSER:  Chrome 76.0 (Mozilla/5.0 (Windows NT 10.0; Win64; x64) AppleWebKit/537.36 (KHTML, like Gecko) Chrome/76.0.3809.132 Safari/537.36)
[2019-09-10 14:25:41] 200 - OK - text/xml
[2019-09-10 14:25:41] REQUEST GET - https://localhost:8082/public/ws/Resources.ashx/xml-qa
[2019-09-10 14:25:41] ---- FROM  ::1 (WinNT)
[2019-09-10 14:25:41] ---- BROWSER:  Chrome 76.0 (Mozilla/5.0 (Windows NT 10.0; Win64; x64) AppleWebKit/537.36 (KHTML, like Gecko) Chrome/76.0.3809.132 Safari/537.36)
[2019-09-10 14:25:41] 200 - OK - text/xml
[2019-09-10 14:25:41] REQUEST GET - https://localhost:8082/public/ws/Resources.ashx/xml-qa
[2019-09-10 14:25:41] ---- FROM  ::1 (WinNT)
[2019-09-10 14:25:41] ---- BROWSER:  Chrome 76.0 (Mozilla/5.0 (Windows NT 10.0; Win64; x64) AppleWebKit/537.36 (KHTML, like Gecko) Chrome/76.0.3809.132 Safari/537.36)
[2019-09-10 14:25:41] 200 - OK - text/xml
[2019-09-10 14:25:41] REQUEST GET - https://localhost:8082/public/ws/Resources.ashx/xml-qa
[2019-09-10 14:25:41] ---- FROM  ::1 (WinNT)
[2019-09-10 14:25:41] ---- BROWSER:  Chrome 76.0 (Mozilla/5.0 (Windows NT 10.0; Win64; x64) AppleWebKit/537.36 (KHTML, like Gecko) Chrome/76.0.3809.132 Safari/537.36)
[2019-09-10 14:25:41] 200 - OK - text/xml
[2019-09-10 14:25:41] REQUEST GET - https://localhost:8082/public/ws/Resources.ashx/xml-qa
[2019-09-10 14:25:41] ---- FROM  ::1 (WinNT)
[2019-09-10 14:25:41] ---- BROWSER:  Chrome 76.0 (Mozilla/5.0 (Windows NT 10.0; Win64; x64) AppleWebKit/537.36 (KHTML, like Gecko) Chrome/76.0.3809.132 Safari/537.36)
[2019-09-10 14:25:41] 200 - OK - text/xml
[2019-09-10 14:25:41] REQUEST GET - https://localhost:8082/public/ws/Resources.ashx/xml-qa
[2019-09-10 14:25:41] ---- FROM  ::1 (WinNT)
[2019-09-10 14:25:41] ---- BROWSER:  Chrome 76.0 (Mozilla/5.0 (Windows NT 10.0; Win64; x64) AppleWebKit/537.36 (KHTML, like Gecko) Chrome/76.0.3809.132 Safari/537.36)
[2019-09-10 14:25:41] 200 - OK - text/xml
[2019-09-10 14:25:41] REQUEST GET - https://localhost:8082/public/ws/Resources.ashx/xml-qa
[2019-09-10 14:25:41] ---- FROM  ::1 (WinNT)
[2019-09-10 14:25:41] ---- BROWSER:  Chrome 76.0 (Mozilla/5.0 (Windows NT 10.0; Win64; x64) AppleWebKit/537.36 (KHTML, like Gecko) Chrome/76.0.3809.132 Safari/537.36)
[2019-09-10 14:25:41] 200 - OK - text/xml
[2019-09-10 14:25:41] REQUEST GET - https://localhost:8082/public/ws/Resources.ashx/xml-qa
[2019-09-10 14:25:41] ---- FROM  ::1 (WinNT)
[2019-09-10 14:25:41] ---- BROWSER:  Chrome 76.0 (Mozilla/5.0 (Windows NT 10.0; Win64; x64) AppleWebKit/537.36 (KHTML, like Gecko) Chrome/76.0.3809.132 Safari/537.36)
[2019-09-10 14:25:41] 200 - OK - text/xml
[2019-09-10 14:25:41] REQUEST GET - https://localhost:8082/public/ws/Resources.ashx/xml-qa
[2019-09-10 14:25:41] ---- FROM  ::1 (WinNT)
[2019-09-10 14:25:41] ---- BROWSER:  Chrome 76.0 (Mozilla/5.0 (Windows NT 10.0; Win64; x64) AppleWebKit/537.36 (KHTML, like Gecko) Chrome/76.0.3809.132 Safari/537.36)
[2019-09-10 14:25:41] 200 - OK - text/xml
[2019-09-10 14:25:41] REQUEST GET - https://localhost:8082/public/ws/Resources.ashx/xml-qa
[2019-09-10 14:25:41] ---- FROM  ::1 (WinNT)
[2019-09-10 14:25:41] ---- BROWSER:  Chrome 76.0 (Mozilla/5.0 (Windows NT 10.0; Win64; x64) AppleWebKit/537.36 (KHTML, like Gecko) Chrome/76.0.3809.132 Safari/537.36)
[2019-09-10 14:25:41] 200 - OK - text/xml
[2019-09-10 14:25:41] REQUEST GET - https://localhost:8082/public/ws/Resources.ashx/xml-qa
[2019-09-10 14:25:41] ---- FROM  ::1 (WinNT)
[2019-09-10 14:25:41] ---- BROWSER:  Chrome 76.0 (Mozilla/5.0 (Windows NT 10.0; Win64; x64) AppleWebKit/537.36 (KHTML, like Gecko) Chrome/76.0.3809.132 Safari/537.36)
[2019-09-10 14:25:41] 200 - OK - text/xml
[2019-09-10 14:25:41] REQUEST GET - https://localhost:8082/public/ws/Resources.ashx/xml-qa
[2019-09-10 14:25:41] ---- FROM  ::1 (WinNT)
[2019-09-10 14:25:41] ---- BROWSER:  Chrome 76.0 (Mozilla/5.0 (Windows NT 10.0; Win64; x64) AppleWebKit/537.36 (KHTML, like Gecko) Chrome/76.0.3809.132 Safari/537.36)
[2019-09-10 14:25:41] 200 - OK - text/xml
[2019-09-10 14:25:41] REQUEST GET - https://localhost:8082/public/ws/Resources.ashx/xml-qa
[2019-09-10 14:25:41] ---- FROM  ::1 (WinNT)
[2019-09-10 14:25:41] ---- BROWSER:  Chrome 76.0 (Mozilla/5.0 (Windows NT 10.0; Win64; x64) AppleWebKit/537.36 (KHTML, like Gecko) Chrome/76.0.3809.132 Safari/537.36)
[2019-09-10 14:25:41] 200 - OK - text/xml
[2019-09-10 14:25:41] REQUEST GET - https://localhost:8082/public/ws/Resources.ashx/xml-qa
[2019-09-10 14:25:41] ---- FROM  ::1 (WinNT)
[2019-09-10 14:25:41] ---- BROWSER:  Chrome 76.0 (Mozilla/5.0 (Windows NT 10.0; Win64; x64) AppleWebKit/537.36 (KHTML, like Gecko) Chrome/76.0.3809.132 Safari/537.36)
[2019-09-10 14:25:41] 200 - OK - text/xml
[2019-09-10 14:25:41] REQUEST GET - https://localhost:8082/public/ws/Resources.ashx/xml-qa
[2019-09-10 14:25:41] ---- FROM  ::1 (WinNT)
[2019-09-10 14:25:41] ---- BROWSER:  Chrome 76.0 (Mozilla/5.0 (Windows NT 10.0; Win64; x64) AppleWebKit/537.36 (KHTML, like Gecko) Chrome/76.0.3809.132 Safari/537.36)
[2019-09-10 14:25:41] 200 - OK - text/xml
[2019-09-10 14:25:41] REQUEST GET - https://localhost:8082/public/ws/Resources.ashx/xml-qa
[2019-09-10 14:25:41] ---- FROM  ::1 (WinNT)
[2019-09-10 14:25:41] ---- BROWSER:  Chrome 76.0 (Mozilla/5.0 (Windows NT 10.0; Win64; x64) AppleWebKit/537.36 (KHTML, like Gecko) Chrome/76.0.3809.132 Safari/537.36)
[2019-09-10 14:25:41] 200 - OK - text/xml
[2019-09-10 14:25:41] REQUEST GET - https://localhost:8082/public/ws/Resources.ashx/xml-qa
[2019-09-10 14:25:41] ---- FROM  ::1 (WinNT)
[2019-09-10 14:25:41] ---- BROWSER:  Chrome 76.0 (Mozilla/5.0 (Windows NT 10.0; Win64; x64) AppleWebKit/537.36 (KHTML, like Gecko) Chrome/76.0.3809.132 Safari/537.36)
[2019-09-10 14:25:41] 200 - OK - text/xml
[2019-09-10 14:25:41] REQUEST GET - https://localhost:8082/public/ws/Resources.ashx/xml-qa
[2019-09-10 14:25:41] ---- FROM  ::1 (WinNT)
[2019-09-10 14:25:41] ---- BROWSER:  Chrome 76.0 (Mozilla/5.0 (Windows NT 10.0; Win64; x64) AppleWebKit/537.36 (KHTML, like Gecko) Chrome/76.0.3809.132 Safari/537.36)
[2019-09-10 14:25:41] 200 - OK - text/xml
[2019-09-10 14:25:41] REQUEST GET - https://localhost:8082/public/ws/Resources.ashx/xml-qa
[2019-09-10 14:25:41] ---- FROM  ::1 (WinNT)
[2019-09-10 14:25:41] ---- BROWSER:  Chrome 76.0 (Mozilla/5.0 (Windows NT 10.0; Win64; x64) AppleWebKit/537.36 (KHTML, like Gecko) Chrome/76.0.3809.132 Safari/537.36)
[2019-09-10 14:25:41] 200 - OK - text/xml
[2019-09-10 14:25:41] REQUEST GET - https://localhost:8082/public/ws/Resources.ashx/xml-qa
[2019-09-10 14:25:41] ---- FROM  ::1 (WinNT)
[2019-09-10 14:25:41] ---- BROWSER:  Chrome 76.0 (Mozilla/5.0 (Windows NT 10.0; Win64; x64) AppleWebKit/537.36 (KHTML, like Gecko) Chrome/76.0.3809.132 Safari/537.36)
[2019-09-10 14:25:41] 200 - OK - text/xml
[2019-09-10 14:25:41] REQUEST GET - https://localhost:8082/public/ws/Resources.ashx/xml-qa
[2019-09-10 14:25:41] ---- FROM  ::1 (WinNT)
[2019-09-10 14:25:41] ---- BROWSER:  Chrome 76.0 (Mozilla/5.0 (Windows NT 10.0; Win64; x64) AppleWebKit/537.36 (KHTML, like Gecko) Chrome/76.0.3809.132 Safari/537.36)
[2019-09-10 14:25:41] 200 - OK - text/xml
[2019-09-10 14:25:41] REQUEST GET - https://localhost:8082/public/ws/Resources.ashx/xml-qa
[2019-09-10 14:25:41] ---- FROM  ::1 (WinNT)
[2019-09-10 14:25:41] ---- BROWSER:  Chrome 76.0 (Mozilla/5.0 (Windows NT 10.0; Win64; x64) AppleWebKit/537.36 (KHTML, like Gecko) Chrome/76.0.3809.132 Safari/537.36)
[2019-09-10 14:25:41] 200 - OK - text/xml
[2019-09-10 14:25:41] REQUEST GET - https://localhost:8082/public/ws/Resources.ashx/xml-qa
[2019-09-10 14:25:41] ---- FROM  ::1 (WinNT)
[2019-09-10 14:25:41] ---- BROWSER:  Chrome 76.0 (Mozilla/5.0 (Windows NT 10.0; Win64; x64) AppleWebKit/537.36 (KHTML, like Gecko) Chrome/76.0.3809.132 Safari/537.36)
[2019-09-10 14:25:41] 200 - OK - text/xml
[2019-09-10 14:25:41] REQUEST GET - https://localhost:8082/public/ws/Resources.ashx/xml-qa
[2019-09-10 14:25:41] ---- FROM  ::1 (WinNT)
[2019-09-10 14:25:41] ---- BROWSER:  Chrome 76.0 (Mozilla/5.0 (Windows NT 10.0; Win64; x64) AppleWebKit/537.36 (KHTML, like Gecko) Chrome/76.0.3809.132 Safari/537.36)
[2019-09-10 14:25:41] 200 - OK - text/xml
[2019-09-10 14:25:41] REQUEST GET - https://localhost:8082/public/ws/Resources.ashx/xml-qa
[2019-09-10 14:25:41] ---- FROM  ::1 (WinNT)
[2019-09-10 14:25:41] ---- BROWSER:  Chrome 76.0 (Mozilla/5.0 (Windows NT 10.0; Win64; x64) AppleWebKit/537.36 (KHTML, like Gecko) Chrome/76.0.3809.132 Safari/537.36)
[2019-09-10 14:25:41] 200 - OK - text/xml
[2019-09-10 14:25:41] REQUEST GET - https://localhost:8082/public/ws/Resources.ashx/xml-qa
[2019-09-10 14:25:41] ---- FROM  ::1 (WinNT)
[2019-09-10 14:25:41] ---- BROWSER:  Chrome 76.0 (Mozilla/5.0 (Windows NT 10.0; Win64; x64) AppleWebKit/537.36 (KHTML, like Gecko) Chrome/76.0.3809.132 Safari/537.36)
[2019-09-10 14:25:41] 200 - OK - text/xml
[2019-09-10 14:25:41] REQUEST GET - https://localhost:8082/public/ws/Resources.ashx/xml-qa
[2019-09-10 14:25:41] ---- FROM  ::1 (WinNT)
[2019-09-10 14:25:42] ---- BROWSER:  Chrome 76.0 (Mozilla/5.0 (Windows NT 10.0; Win64; x64) AppleWebKit/537.36 (KHTML, like Gecko) Chrome/76.0.3809.132 Safari/537.36)
[2019-09-10 14:25:42] 200 - OK - text/xml
[2019-09-10 14:25:42] REQUEST GET - https://localhost:8082/public/ws/Resources.ashx/xml-qa
[2019-09-10 14:25:42] ---- FROM  ::1 (WinNT)
[2019-09-10 14:25:42] ---- BROWSER:  Chrome 76.0 (Mozilla/5.0 (Windows NT 10.0; Win64; x64) AppleWebKit/537.36 (KHTML, like Gecko) Chrome/76.0.3809.132 Safari/537.36)
[2019-09-10 14:25:42] 200 - OK - text/xml
[2019-09-10 14:25:42] REQUEST GET - https://localhost:8082/public/ws/Resources.ashx/xml-qa
[2019-09-10 14:25:42] ---- FROM  ::1 (WinNT)
[2019-09-10 14:25:42] ---- BROWSER:  Chrome 76.0 (Mozilla/5.0 (Windows NT 10.0; Win64; x64) AppleWebKit/537.36 (KHTML, like Gecko) Chrome/76.0.3809.132 Safari/537.36)
[2019-09-10 14:25:42] 200 - OK - text/xml
[2019-09-10 14:25:42] REQUEST GET - https://localhost:8082/public/ws/Resources.ashx/xml-qa
[2019-09-10 14:25:42] ---- FROM  ::1 (WinNT)
[2019-09-10 14:25:42] ---- BROWSER:  Chrome 76.0 (Mozilla/5.0 (Windows NT 10.0; Win64; x64) AppleWebKit/537.36 (KHTML, like Gecko) Chrome/76.0.3809.132 Safari/537.36)
[2019-09-10 14:25:42] 200 - OK - text/xml
[2019-09-10 14:25:42] REQUEST GET - https://localhost:8082/public/ws/Resources.ashx/xml-qa
[2019-09-10 14:25:42] ---- FROM  ::1 (WinNT)
[2019-09-10 14:25:42] ---- BROWSER:  Chrome 76.0 (Mozilla/5.0 (Windows NT 10.0; Win64; x64) AppleWebKit/537.36 (KHTML, like Gecko) Chrome/76.0.3809.132 Safari/537.36)
[2019-09-10 14:25:42] 200 - OK - text/xml
[2019-09-10 14:26:31] REQUEST POST - https://localhost:8082/public/aspx/Home.aspx
[2019-09-10 14:26:31] ---- FROM  ::1 (WinNT)
[2019-09-10 14:26:31] ---- BROWSER:  Chrome 76.0 (Mozilla/5.0 (Windows NT 10.0; Win64; x64) AppleWebKit/537.36 (KHTML, like Gecko) Chrome/76.0.3809.132 Safari/537.36)
[2019-09-10 14:26:31] ---- CONTENT: Token%3D61111131252223224013000011333653%26TokenApiRest%3DeyJ0eXAiOiJKV1QiLCJhbGciOiJIUzI1NiJ9.eyJpc3MiOiJodHRwczpcL1wvd3d3cy5kZXYteWVhcC5pdCIsImlhdCI6MTU0MjI5NDMyMSwibmJmIjoxNTQyMjk0MzIxLCJleHAiOjE1NDI4OTkxMjEsImRhdGEiOnsidXNlciI6eyJpZCI6IjQ0In19fQ.RCP5OeoGASxAyBw1MbMD4BFJAcDM5JIXqYXKBALZcJI%26Logo%3Dhttps%3A%2F%2Flocalhost%3A8082%2Fscratch%2Fpl_logo.png%26Title%3DBusiness+Plan+Test+nr.+2=
[2019-09-10 14:26:31] 302 - Found - text/html
[2019-09-10 14:26:31] REQUEST GET - https://localhost:8082/home/welcome
[2019-09-10 14:26:31] ---- FROM  ::1 (WinNT)
[2019-09-10 14:26:31] ---- BROWSER:  Chrome 76.0 (Mozilla/5.0 (Windows NT 10.0; Win64; x64) AppleWebKit/537.36 (KHTML, like Gecko) Chrome/76.0.3809.132 Safari/537.36)
[2019-09-10 14:26:31] 200 - OK - text/html
[2019-09-10 14:26:31] REQUEST POST - https://localhost:8082/public/ws/General.asmx/Set
[2019-09-10 14:26:31] ---- FROM  ::1 (WinNT)
[2019-09-10 14:26:31] ---- BROWSER:  Chrome 76.0 (Mozilla/5.0 (Windows NT 10.0; Win64; x64) AppleWebKit/537.36 (KHTML, like Gecko) Chrome/76.0.3809.132 Safari/537.36)
[2019-09-10 14:26:31] ---- CONTENT: {data : "<?xml version='1.0' encoding='utf-8' ?><Request ID='20190910142631716'><General><Token>61111131252223224013000011333653</Token></General><Data><Nome>Business Plan Test nr. 2</Nome><Logo>https%3A%2F%2Flocalhost%3A8082%2Fscratch%2Fpl_logo.png</Logo></Data></Request>"}
[2019-09-10 14:26:31] 200 - OK - application/json
[2019-09-10 14:26:31] REQUEST POST - https://localhost:8082/public/ws/Config.asmx/Economics_Get
[2019-09-10 14:26:31] ---- FROM  ::1 (WinNT)
[2019-09-10 14:26:31] ---- BROWSER:  Chrome 76.0 (Mozilla/5.0 (Windows NT 10.0; Win64; x64) AppleWebKit/537.36 (KHTML, like Gecko) Chrome/76.0.3809.132 Safari/537.36)
[2019-09-10 14:26:31] ---- CONTENT: {data : "<?xml version='1.0' encoding='utf-8' ?><Request ID='20190910142631765'><General><Token>61111131252223224013000011333653</Token></General><Data></Data></Request>"}
[2019-09-10 14:26:31] 200 - OK - application/json
[2019-09-10 14:26:31] REQUEST POST - https://localhost:8082/public/ws/Config.asmx/All_Get
[2019-09-10 14:26:31] ---- FROM  ::1 (WinNT)
[2019-09-10 14:26:31] ---- BROWSER:  Chrome 76.0 (Mozilla/5.0 (Windows NT 10.0; Win64; x64) AppleWebKit/537.36 (KHTML, like Gecko) Chrome/76.0.3809.132 Safari/537.36)
[2019-09-10 14:26:31] ---- CONTENT: {data : "<?xml version='1.0' encoding='utf-8' ?><Request ID='20190910142631813'><General><Token>61111131252223224013000011333653</Token></General><Data></Data></Request>"}
[2019-09-10 14:26:31] 200 - OK - application/json
[2019-09-10 14:26:31] REQUEST POST - https://localhost:8082/public/ws/Economics.asmx/messaggi_summary
[2019-09-10 14:26:31] ---- FROM  ::1 (WinNT)
[2019-09-10 14:26:31] ---- BROWSER:  Chrome 76.0 (Mozilla/5.0 (Windows NT 10.0; Win64; x64) AppleWebKit/537.36 (KHTML, like Gecko) Chrome/76.0.3809.132 Safari/537.36)
[2019-09-10 14:26:31] ---- CONTENT: {data : "<?xml version='1.0' encoding='utf-8' ?><Request ID='20190910142631837'><General><Token>61111131252223224013000011333653</Token></General><Data></Data></Request>"}
[2019-09-10 14:26:31] 200 - OK - application/json
[2019-09-10 14:26:31] REQUEST POST - https://localhost:8082/public/ws/Config.asmx/All_Get
[2019-09-10 14:26:32] ---- FROM  ::1 (WinNT)
[2019-09-10 14:26:32] REQUEST POST - https://localhost:8082/public/ws/Config.asmx/All_Get
[2019-09-10 14:26:32] ---- FROM  ::1 (WinNT)
[2019-09-10 14:26:32] ---- BROWSER:  Chrome 76.0 (Mozilla/5.0 (Windows NT 10.0; Win64; x64) AppleWebKit/537.36 (KHTML, like Gecko) Chrome/76.0.3809.132 Safari/537.36)
[2019-09-10 14:26:32] ---- BROWSER:  Chrome 76.0 (Mozilla/5.0 (Windows NT 10.0; Win64; x64) AppleWebKit/537.36 (KHTML, like Gecko) Chrome/76.0.3809.132 Safari/537.36)
[2019-09-10 14:26:32] ---- CONTENT: {data : "<?xml version='1.0' encoding='utf-8' ?><Request ID='20190910142631909'><General><Token>61111131252223224013000011333653</Token></General><Data></Data></Request>"}
[2019-09-10 14:26:32] ---- CONTENT: {data : "<?xml version='1.0' encoding='utf-8' ?><Request ID='2019091014263216'><General><Token>61111131252223224013000011333653</Token></General><Data></Data></Request>"}
[2019-09-10 14:26:32] 200 - OK - application/json
[2019-09-10 14:26:32] 200 - OK - application/json
[2019-09-10 14:26:36] REQUEST GET - https://localhost:8082/settings/settings
[2019-09-10 14:26:36] ---- FROM  ::1 (WinNT)
[2019-09-10 14:26:36] ---- BROWSER:  Chrome 76.0 (Mozilla/5.0 (Windows NT 10.0; Win64; x64) AppleWebKit/537.36 (KHTML, like Gecko) Chrome/76.0.3809.132 Safari/537.36)
[2019-09-10 14:26:36] 200 - OK - text/html
[2019-09-10 14:26:37] REQUEST POST - https://localhost:8082/public/ws/General.asmx/Set
[2019-09-10 14:26:37] ---- FROM  ::1 (WinNT)
[2019-09-10 14:26:37] ---- BROWSER:  Chrome 76.0 (Mozilla/5.0 (Windows NT 10.0; Win64; x64) AppleWebKit/537.36 (KHTML, like Gecko) Chrome/76.0.3809.132 Safari/537.36)
[2019-09-10 14:26:37] ---- CONTENT: {data : "<?xml version='1.0' encoding='utf-8' ?><Request ID='20190910142637277'><General><Token>61111131252223224013000011333653</Token></General><Data><Nome></Nome><Logo>https%3A%2F%2Flocalhost%3A8082%2Fscratch%2Fpl_logo.png</Logo></Data></Request>"}
[2019-09-10 14:26:37] 200 - OK - application/json
[2019-09-10 14:26:37] REQUEST POST - https://localhost:8082/public/ws/Config.asmx/General_Get
[2019-09-10 14:26:37] ---- FROM  ::1 (WinNT)
[2019-09-10 14:26:37] ---- BROWSER:  Chrome 76.0 (Mozilla/5.0 (Windows NT 10.0; Win64; x64) AppleWebKit/537.36 (KHTML, like Gecko) Chrome/76.0.3809.132 Safari/537.36)
[2019-09-10 14:26:37] ---- CONTENT: {data : "<?xml version='1.0' encoding='utf-8' ?><Request ID='20190910142637310'><General><Token>61111131252223224013000011333653</Token></General><Data></Data></Request>"}
[2019-09-10 14:26:37] 200 - OK - application/json
[2019-09-10 14:26:37] REQUEST POST - https://localhost:8082/public/ws/Config.asmx/All_Get
[2019-09-10 14:26:37] ---- FROM  ::1 (WinNT)
[2019-09-10 14:26:37] ---- BROWSER:  Chrome 76.0 (Mozilla/5.0 (Windows NT 10.0; Win64; x64) AppleWebKit/537.36 (KHTML, like Gecko) Chrome/76.0.3809.132 Safari/537.36)
[2019-09-10 14:26:37] ---- CONTENT: {data : "<?xml version='1.0' encoding='utf-8' ?><Request ID='20190910142637379'><General><Token>61111131252223224013000011333653</Token></General><Data></Data></Request>"}
[2019-09-10 14:26:37] 200 - OK - application/json
[2019-09-10 14:26:37] REQUEST POST - https://localhost:8082/public/ws/Economics.asmx/messaggi_summary
[2019-09-10 14:26:37] ---- FROM  ::1 (WinNT)
[2019-09-10 14:26:37] ---- BROWSER:  Chrome 76.0 (Mozilla/5.0 (Windows NT 10.0; Win64; x64) AppleWebKit/537.36 (KHTML, like Gecko) Chrome/76.0.3809.132 Safari/537.36)
[2019-09-10 14:26:37] ---- CONTENT: {data : "<?xml version='1.0' encoding='utf-8' ?><Request ID='20190910142637398'><General><Token>61111131252223224013000011333653</Token></General><Data></Data></Request>"}
[2019-09-10 14:26:37] 200 - OK - application/json
[2019-09-10 14:26:37] REQUEST POST - https://localhost:8082/public/ws/Config.asmx/All_Get
[2019-09-10 14:26:37] ---- FROM  ::1 (WinNT)
[2019-09-10 14:26:37] ---- BROWSER:  Chrome 76.0 (Mozilla/5.0 (Windows NT 10.0; Win64; x64) AppleWebKit/537.36 (KHTML, like Gecko) Chrome/76.0.3809.132 Safari/537.36)
[2019-09-10 14:26:37] ---- CONTENT: {data : "<?xml version='1.0' encoding='utf-8' ?><Request ID='20190910142637437'><General><Token>61111131252223224013000011333653</Token></General><Data></Data></Request>"}
[2019-09-10 14:26:37] 200 - OK - application/json
[2019-09-10 14:26:37] REQUEST POST - https://localhost:8082/public/ws/Config.asmx/All_Get
[2019-09-10 14:26:37] ---- FROM  ::1 (WinNT)
[2019-09-10 14:26:37] ---- BROWSER:  Chrome 76.0 (Mozilla/5.0 (Windows NT 10.0; Win64; x64) AppleWebKit/537.36 (KHTML, like Gecko) Chrome/76.0.3809.132 Safari/537.36)
[2019-09-10 14:26:37] ---- CONTENT: {data : "<?xml version='1.0' encoding='utf-8' ?><Request ID='20190910142637620'><General><Token>61111131252223224013000011333653</Token></General><Data></Data></Request>"}
[2019-09-10 14:26:37] REQUEST GET - https://localhost:8082/public/ws/Resources.ashx/xml-general
[2019-09-10 14:26:37] ---- FROM  ::1 (WinNT)
[2019-09-10 14:26:37] ---- BROWSER:  Chrome 76.0 (Mozilla/5.0 (Windows NT 10.0; Win64; x64) AppleWebKit/537.36 (KHTML, like Gecko) Chrome/76.0.3809.132 Safari/537.36)
[2019-09-10 14:26:37] 200 - OK - application/json
[2019-09-10 14:26:37] 200 - OK - text/xml
[2019-09-10 14:26:37] REQUEST GET - https://localhost:8082/public/ws/Resources.ashx/xml-general
[2019-09-10 14:26:37] ---- FROM  ::1 (WinNT)
[2019-09-10 14:26:37] ---- BROWSER:  Chrome 76.0 (Mozilla/5.0 (Windows NT 10.0; Win64; x64) AppleWebKit/537.36 (KHTML, like Gecko) Chrome/76.0.3809.132 Safari/537.36)
[2019-09-10 14:26:37] 200 - OK - text/xml
[2019-09-10 14:27:04] REQUEST GET - https://localhost:8082/qa/qualitativa
[2019-09-10 14:27:04] ---- FROM  ::1 (WinNT)
[2019-09-10 14:27:04] ---- BROWSER:  Chrome 76.0 (Mozilla/5.0 (Windows NT 10.0; Win64; x64) AppleWebKit/537.36 (KHTML, like Gecko) Chrome/76.0.3809.132 Safari/537.36)
[2019-09-10 14:27:04] 200 - OK - text/html
[2019-09-10 14:27:05] REQUEST POST - https://localhost:8082/public/ws/QAnalysis.asmx/Get
[2019-09-10 14:27:05] ---- FROM  ::1 (WinNT)
[2019-09-10 14:27:05] ---- BROWSER:  Chrome 76.0 (Mozilla/5.0 (Windows NT 10.0; Win64; x64) AppleWebKit/537.36 (KHTML, like Gecko) Chrome/76.0.3809.132 Safari/537.36)
[2019-09-10 14:27:05] ---- CONTENT: {data : "<?xml version='1.0' encoding='utf-8' ?><Request ID='20190910142705310'><General><Token>61111131252223224013000011333653</Token></General><Data></Data></Request>"}
[2019-09-10 14:27:05] 200 - OK - application/json
[2019-09-10 14:27:05] REQUEST POST - https://localhost:8082/public/ws/Config.asmx/All_Get
[2019-09-10 14:27:05] ---- FROM  ::1 (WinNT)
[2019-09-10 14:27:05] ---- BROWSER:  Chrome 76.0 (Mozilla/5.0 (Windows NT 10.0; Win64; x64) AppleWebKit/537.36 (KHTML, like Gecko) Chrome/76.0.3809.132 Safari/537.36)
[2019-09-10 14:27:05] ---- CONTENT: {data : "<?xml version='1.0' encoding='utf-8' ?><Request ID='20190910142705394'><General><Token>61111131252223224013000011333653</Token></General><Data></Data></Request>"}
[2019-09-10 14:27:05] 200 - OK - application/json
[2019-09-10 14:27:05] REQUEST POST - https://localhost:8082/public/ws/Economics.asmx/messaggi_summary
[2019-09-10 14:27:05] ---- FROM  ::1 (WinNT)
[2019-09-10 14:27:05] ---- BROWSER:  Chrome 76.0 (Mozilla/5.0 (Windows NT 10.0; Win64; x64) AppleWebKit/537.36 (KHTML, like Gecko) Chrome/76.0.3809.132 Safari/537.36)
[2019-09-10 14:27:05] ---- CONTENT: {data : "<?xml version='1.0' encoding='utf-8' ?><Request ID='20190910142705420'><General><Token>61111131252223224013000011333653</Token></General><Data></Data></Request>"}
[2019-09-10 14:27:05] 200 - OK - application/json
[2019-09-10 14:27:05] REQUEST POST - https://localhost:8082/public/ws/Config.asmx/All_Get
[2019-09-10 14:27:05] ---- FROM  ::1 (WinNT)
[2019-09-10 14:27:05] ---- BROWSER:  Chrome 76.0 (Mozilla/5.0 (Windows NT 10.0; Win64; x64) AppleWebKit/537.36 (KHTML, like Gecko) Chrome/76.0.3809.132 Safari/537.36)
[2019-09-10 14:27:05] ---- CONTENT: {data : "<?xml version='1.0' encoding='utf-8' ?><Request ID='20190910142705494'><General><Token>61111131252223224013000011333653</Token></General><Data></Data></Request>"}
[2019-09-10 14:27:05] 200 - OK - application/json
[2019-09-10 14:27:05] REQUEST POST - https://localhost:8082/public/ws/Config.asmx/All_Get
[2019-09-10 14:27:05] ---- FROM  ::1 (WinNT)
[2019-09-10 14:27:05] ---- BROWSER:  Chrome 76.0 (Mozilla/5.0 (Windows NT 10.0; Win64; x64) AppleWebKit/537.36 (KHTML, like Gecko) Chrome/76.0.3809.132 Safari/537.36)
[2019-09-10 14:27:05] ---- CONTENT: {data : "<?xml version='1.0' encoding='utf-8' ?><Request ID='20190910142705648'><General><Token>61111131252223224013000011333653</Token></General><Data></Data></Request>"}
[2019-09-10 14:27:05] 200 - OK - application/json
[2019-09-10 14:27:05] REQUEST GET - https://localhost:8082/public/ws/Resources.ashx/xml-qa
[2019-09-10 14:27:05] ---- FROM  ::1 (WinNT)
[2019-09-10 14:27:05] ---- BROWSER:  Chrome 76.0 (Mozilla/5.0 (Windows NT 10.0; Win64; x64) AppleWebKit/537.36 (KHTML, like Gecko) Chrome/76.0.3809.132 Safari/537.36)
[2019-09-10 14:27:05] 200 - OK - text/xml
[2019-09-10 14:27:05] REQUEST GET - https://localhost:8082/public/ws/Resources.ashx/xml-qa
[2019-09-10 14:27:05] ---- FROM  ::1 (WinNT)
[2019-09-10 14:27:05] ---- BROWSER:  Chrome 76.0 (Mozilla/5.0 (Windows NT 10.0; Win64; x64) AppleWebKit/537.36 (KHTML, like Gecko) Chrome/76.0.3809.132 Safari/537.36)
[2019-09-10 14:27:05] 200 - OK - text/xml
[2019-09-10 14:27:05] REQUEST GET - https://localhost:8082/public/ws/Resources.ashx/xml-qa
[2019-09-10 14:27:05] ---- FROM  ::1 (WinNT)
[2019-09-10 14:27:05] ---- BROWSER:  Chrome 76.0 (Mozilla/5.0 (Windows NT 10.0; Win64; x64) AppleWebKit/537.36 (KHTML, like Gecko) Chrome/76.0.3809.132 Safari/537.36)
[2019-09-10 14:27:05] 200 - OK - text/xml
[2019-09-10 14:27:05] REQUEST GET - https://localhost:8082/public/ws/Resources.ashx/xml-qa
[2019-09-10 14:27:05] ---- FROM  ::1 (WinNT)
[2019-09-10 14:27:05] ---- BROWSER:  Chrome 76.0 (Mozilla/5.0 (Windows NT 10.0; Win64; x64) AppleWebKit/537.36 (KHTML, like Gecko) Chrome/76.0.3809.132 Safari/537.36)
[2019-09-10 14:27:05] 200 - OK - text/xml
[2019-09-10 14:27:05] REQUEST GET - https://localhost:8082/public/ws/Resources.ashx/xml-qa
[2019-09-10 14:27:05] ---- FROM  ::1 (WinNT)
[2019-09-10 14:27:05] ---- BROWSER:  Chrome 76.0 (Mozilla/5.0 (Windows NT 10.0; Win64; x64) AppleWebKit/537.36 (KHTML, like Gecko) Chrome/76.0.3809.132 Safari/537.36)
[2019-09-10 14:27:05] 200 - OK - text/xml
[2019-09-10 14:27:05] REQUEST GET - https://localhost:8082/public/ws/Resources.ashx/xml-qa
[2019-09-10 14:27:05] ---- FROM  ::1 (WinNT)
[2019-09-10 14:27:05] ---- BROWSER:  Chrome 76.0 (Mozilla/5.0 (Windows NT 10.0; Win64; x64) AppleWebKit/537.36 (KHTML, like Gecko) Chrome/76.0.3809.132 Safari/537.36)
[2019-09-10 14:27:05] 200 - OK - text/xml
[2019-09-10 14:27:05] REQUEST GET - https://localhost:8082/public/ws/Resources.ashx/xml-qa
[2019-09-10 14:27:05] ---- FROM  ::1 (WinNT)
[2019-09-10 14:27:05] ---- BROWSER:  Chrome 76.0 (Mozilla/5.0 (Windows NT 10.0; Win64; x64) AppleWebKit/537.36 (KHTML, like Gecko) Chrome/76.0.3809.132 Safari/537.36)
[2019-09-10 14:27:05] 200 - OK - text/xml
[2019-09-10 14:27:05] REQUEST GET - https://localhost:8082/public/ws/Resources.ashx/xml-qa
[2019-09-10 14:27:05] ---- FROM  ::1 (WinNT)
[2019-09-10 14:27:05] ---- BROWSER:  Chrome 76.0 (Mozilla/5.0 (Windows NT 10.0; Win64; x64) AppleWebKit/537.36 (KHTML, like Gecko) Chrome/76.0.3809.132 Safari/537.36)
[2019-09-10 14:27:05] 200 - OK - text/xml
[2019-09-10 14:27:05] REQUEST GET - https://localhost:8082/public/ws/Resources.ashx/xml-qa
[2019-09-10 14:27:05] ---- FROM  ::1 (WinNT)
[2019-09-10 14:27:05] ---- BROWSER:  Chrome 76.0 (Mozilla/5.0 (Windows NT 10.0; Win64; x64) AppleWebKit/537.36 (KHTML, like Gecko) Chrome/76.0.3809.132 Safari/537.36)
[2019-09-10 14:27:05] 200 - OK - text/xml
[2019-09-10 14:27:05] REQUEST GET - https://localhost:8082/public/ws/Resources.ashx/xml-qa
[2019-09-10 14:27:05] ---- FROM  ::1 (WinNT)
[2019-09-10 14:27:05] ---- BROWSER:  Chrome 76.0 (Mozilla/5.0 (Windows NT 10.0; Win64; x64) AppleWebKit/537.36 (KHTML, like Gecko) Chrome/76.0.3809.132 Safari/537.36)
[2019-09-10 14:27:05] 200 - OK - text/xml
[2019-09-10 14:27:05] REQUEST GET - https://localhost:8082/public/ws/Resources.ashx/xml-qa
[2019-09-10 14:27:05] ---- FROM  ::1 (WinNT)
[2019-09-10 14:27:05] ---- BROWSER:  Chrome 76.0 (Mozilla/5.0 (Windows NT 10.0; Win64; x64) AppleWebKit/537.36 (KHTML, like Gecko) Chrome/76.0.3809.132 Safari/537.36)
[2019-09-10 14:27:05] 200 - OK - text/xml
[2019-09-10 14:27:05] REQUEST GET - https://localhost:8082/public/ws/Resources.ashx/xml-qa
[2019-09-10 14:27:05] ---- FROM  ::1 (WinNT)
[2019-09-10 14:27:05] ---- BROWSER:  Chrome 76.0 (Mozilla/5.0 (Windows NT 10.0; Win64; x64) AppleWebKit/537.36 (KHTML, like Gecko) Chrome/76.0.3809.132 Safari/537.36)
[2019-09-10 14:27:05] 200 - OK - text/xml
[2019-09-10 14:27:05] REQUEST GET - https://localhost:8082/public/ws/Resources.ashx/xml-qa
[2019-09-10 14:27:05] ---- FROM  ::1 (WinNT)
[2019-09-10 14:27:05] ---- BROWSER:  Chrome 76.0 (Mozilla/5.0 (Windows NT 10.0; Win64; x64) AppleWebKit/537.36 (KHTML, like Gecko) Chrome/76.0.3809.132 Safari/537.36)
[2019-09-10 14:27:05] 200 - OK - text/xml
[2019-09-10 14:27:05] REQUEST GET - https://localhost:8082/public/ws/Resources.ashx/xml-qa
[2019-09-10 14:27:05] ---- FROM  ::1 (WinNT)
[2019-09-10 14:27:05] ---- BROWSER:  Chrome 76.0 (Mozilla/5.0 (Windows NT 10.0; Win64; x64) AppleWebKit/537.36 (KHTML, like Gecko) Chrome/76.0.3809.132 Safari/537.36)
[2019-09-10 14:27:05] 200 - OK - text/xml
[2019-09-10 14:27:05] REQUEST GET - https://localhost:8082/public/ws/Resources.ashx/xml-qa
[2019-09-10 14:27:05] ---- FROM  ::1 (WinNT)
[2019-09-10 14:27:05] ---- BROWSER:  Chrome 76.0 (Mozilla/5.0 (Windows NT 10.0; Win64; x64) AppleWebKit/537.36 (KHTML, like Gecko) Chrome/76.0.3809.132 Safari/537.36)
[2019-09-10 14:27:05] 200 - OK - text/xml
[2019-09-10 14:27:05] REQUEST GET - https://localhost:8082/public/ws/Resources.ashx/xml-qa
[2019-09-10 14:27:05] ---- FROM  ::1 (WinNT)
[2019-09-10 14:27:05] ---- BROWSER:  Chrome 76.0 (Mozilla/5.0 (Windows NT 10.0; Win64; x64) AppleWebKit/537.36 (KHTML, like Gecko) Chrome/76.0.3809.132 Safari/537.36)
[2019-09-10 14:27:05] 200 - OK - text/xml
[2019-09-10 14:27:05] REQUEST GET - https://localhost:8082/public/ws/Resources.ashx/xml-qa
[2019-09-10 14:27:05] ---- FROM  ::1 (WinNT)
[2019-09-10 14:27:05] ---- BROWSER:  Chrome 76.0 (Mozilla/5.0 (Windows NT 10.0; Win64; x64) AppleWebKit/537.36 (KHTML, like Gecko) Chrome/76.0.3809.132 Safari/537.36)
[2019-09-10 14:27:05] 200 - OK - text/xml
[2019-09-10 14:27:05] REQUEST GET - https://localhost:8082/public/ws/Resources.ashx/xml-qa
[2019-09-10 14:27:05] ---- FROM  ::1 (WinNT)
[2019-09-10 14:27:05] ---- BROWSER:  Chrome 76.0 (Mozilla/5.0 (Windows NT 10.0; Win64; x64) AppleWebKit/537.36 (KHTML, like Gecko) Chrome/76.0.3809.132 Safari/537.36)
[2019-09-10 14:27:05] 200 - OK - text/xml
[2019-09-10 14:27:05] REQUEST GET - https://localhost:8082/public/ws/Resources.ashx/xml-qa
[2019-09-10 14:27:05] ---- FROM  ::1 (WinNT)
[2019-09-10 14:27:05] ---- BROWSER:  Chrome 76.0 (Mozilla/5.0 (Windows NT 10.0; Win64; x64) AppleWebKit/537.36 (KHTML, like Gecko) Chrome/76.0.3809.132 Safari/537.36)
[2019-09-10 14:27:05] 200 - OK - text/xml
[2019-09-10 14:27:05] REQUEST GET - https://localhost:8082/public/ws/Resources.ashx/xml-qa
[2019-09-10 14:27:05] ---- FROM  ::1 (WinNT)
[2019-09-10 14:27:05] ---- BROWSER:  Chrome 76.0 (Mozilla/5.0 (Windows NT 10.0; Win64; x64) AppleWebKit/537.36 (KHTML, like Gecko) Chrome/76.0.3809.132 Safari/537.36)
[2019-09-10 14:27:05] 200 - OK - text/xml
[2019-09-10 14:27:05] REQUEST GET - https://localhost:8082/public/ws/Resources.ashx/xml-qa
[2019-09-10 14:27:05] ---- FROM  ::1 (WinNT)
[2019-09-10 14:27:05] ---- BROWSER:  Chrome 76.0 (Mozilla/5.0 (Windows NT 10.0; Win64; x64) AppleWebKit/537.36 (KHTML, like Gecko) Chrome/76.0.3809.132 Safari/537.36)
[2019-09-10 14:27:06] 200 - OK - text/xml
[2019-09-10 14:27:06] REQUEST GET - https://localhost:8082/public/ws/Resources.ashx/xml-qa
[2019-09-10 14:27:06] ---- FROM  ::1 (WinNT)
[2019-09-10 14:27:06] ---- BROWSER:  Chrome 76.0 (Mozilla/5.0 (Windows NT 10.0; Win64; x64) AppleWebKit/537.36 (KHTML, like Gecko) Chrome/76.0.3809.132 Safari/537.36)
[2019-09-10 14:27:06] 200 - OK - text/xml
[2019-09-10 14:27:06] REQUEST GET - https://localhost:8082/public/ws/Resources.ashx/xml-qa
[2019-09-10 14:27:06] ---- FROM  ::1 (WinNT)
[2019-09-10 14:27:06] ---- BROWSER:  Chrome 76.0 (Mozilla/5.0 (Windows NT 10.0; Win64; x64) AppleWebKit/537.36 (KHTML, like Gecko) Chrome/76.0.3809.132 Safari/537.36)
[2019-09-10 14:27:06] 200 - OK - text/xml
[2019-09-10 14:27:06] REQUEST GET - https://localhost:8082/public/ws/Resources.ashx/xml-qa
[2019-09-10 14:27:06] ---- FROM  ::1 (WinNT)
[2019-09-10 14:27:06] ---- BROWSER:  Chrome 76.0 (Mozilla/5.0 (Windows NT 10.0; Win64; x64) AppleWebKit/537.36 (KHTML, like Gecko) Chrome/76.0.3809.132 Safari/537.36)
[2019-09-10 14:27:06] 200 - OK - text/xml
[2019-09-10 14:27:06] REQUEST GET - https://localhost:8082/public/ws/Resources.ashx/xml-qa
[2019-09-10 14:27:06] ---- FROM  ::1 (WinNT)
[2019-09-10 14:27:06] ---- BROWSER:  Chrome 76.0 (Mozilla/5.0 (Windows NT 10.0; Win64; x64) AppleWebKit/537.36 (KHTML, like Gecko) Chrome/76.0.3809.132 Safari/537.36)
[2019-09-10 14:27:06] 200 - OK - text/xml
[2019-09-10 14:27:06] REQUEST GET - https://localhost:8082/public/ws/Resources.ashx/xml-qa
[2019-09-10 14:27:06] ---- FROM  ::1 (WinNT)
[2019-09-10 14:27:06] ---- BROWSER:  Chrome 76.0 (Mozilla/5.0 (Windows NT 10.0; Win64; x64) AppleWebKit/537.36 (KHTML, like Gecko) Chrome/76.0.3809.132 Safari/537.36)
[2019-09-10 14:27:06] 200 - OK - text/xml
[2019-09-10 14:27:06] REQUEST GET - https://localhost:8082/public/ws/Resources.ashx/xml-qa
[2019-09-10 14:27:06] ---- FROM  ::1 (WinNT)
[2019-09-10 14:27:06] ---- BROWSER:  Chrome 76.0 (Mozilla/5.0 (Windows NT 10.0; Win64; x64) AppleWebKit/537.36 (KHTML, like Gecko) Chrome/76.0.3809.132 Safari/537.36)
[2019-09-10 14:27:06] 200 - OK - text/xml
[2019-09-10 14:27:06] REQUEST GET - https://localhost:8082/public/ws/Resources.ashx/xml-qa
[2019-09-10 14:27:06] ---- FROM  ::1 (WinNT)
[2019-09-10 14:27:06] ---- BROWSER:  Chrome 76.0 (Mozilla/5.0 (Windows NT 10.0; Win64; x64) AppleWebKit/537.36 (KHTML, like Gecko) Chrome/76.0.3809.132 Safari/537.36)
[2019-09-10 14:27:06] 200 - OK - text/xml
[2019-09-10 14:27:06] REQUEST GET - https://localhost:8082/public/ws/Resources.ashx/xml-qa
[2019-09-10 14:27:06] ---- FROM  ::1 (WinNT)
[2019-09-10 14:27:06] ---- BROWSER:  Chrome 76.0 (Mozilla/5.0 (Windows NT 10.0; Win64; x64) AppleWebKit/537.36 (KHTML, like Gecko) Chrome/76.0.3809.132 Safari/537.36)
[2019-09-10 14:27:06] 200 - OK - text/xml
[2019-09-10 14:27:06] REQUEST GET - https://localhost:8082/public/ws/Resources.ashx/xml-qa
[2019-09-10 14:27:06] ---- FROM  ::1 (WinNT)
[2019-09-10 14:27:06] ---- BROWSER:  Chrome 76.0 (Mozilla/5.0 (Windows NT 10.0; Win64; x64) AppleWebKit/537.36 (KHTML, like Gecko) Chrome/76.0.3809.132 Safari/537.36)
[2019-09-10 14:27:06] 200 - OK - text/xml
[2019-09-10 14:27:06] REQUEST GET - https://localhost:8082/public/ws/Resources.ashx/xml-qa
[2019-09-10 14:27:06] ---- FROM  ::1 (WinNT)
[2019-09-10 14:27:06] ---- BROWSER:  Chrome 76.0 (Mozilla/5.0 (Windows NT 10.0; Win64; x64) AppleWebKit/537.36 (KHTML, like Gecko) Chrome/76.0.3809.132 Safari/537.36)
[2019-09-10 14:27:06] 200 - OK - text/xml
[2019-09-10 14:27:06] REQUEST GET - https://localhost:8082/public/ws/Resources.ashx/xml-qa
[2019-09-10 14:27:06] ---- FROM  ::1 (WinNT)
[2019-09-10 14:27:06] ---- BROWSER:  Chrome 76.0 (Mozilla/5.0 (Windows NT 10.0; Win64; x64) AppleWebKit/537.36 (KHTML, like Gecko) Chrome/76.0.3809.132 Safari/537.36)
[2019-09-10 14:27:06] 200 - OK - text/xml
[2019-09-10 14:27:06] REQUEST GET - https://localhost:8082/public/ws/Resources.ashx/xml-qa
[2019-09-10 14:27:06] ---- FROM  ::1 (WinNT)
[2019-09-10 14:27:06] ---- BROWSER:  Chrome 76.0 (Mozilla/5.0 (Windows NT 10.0; Win64; x64) AppleWebKit/537.36 (KHTML, like Gecko) Chrome/76.0.3809.132 Safari/537.36)
[2019-09-10 14:27:06] 200 - OK - text/xml
[2019-09-10 14:27:06] REQUEST GET - https://localhost:8082/public/ws/Resources.ashx/xml-qa
[2019-09-10 14:27:06] ---- FROM  ::1 (WinNT)
[2019-09-10 14:27:06] ---- BROWSER:  Chrome 76.0 (Mozilla/5.0 (Windows NT 10.0; Win64; x64) AppleWebKit/537.36 (KHTML, like Gecko) Chrome/76.0.3809.132 Safari/537.36)
[2019-09-10 14:27:06] 200 - OK - text/xml
[2019-09-10 14:27:06] REQUEST GET - https://localhost:8082/public/ws/Resources.ashx/xml-qa
[2019-09-10 14:27:06] ---- FROM  ::1 (WinNT)
[2019-09-10 14:27:06] ---- BROWSER:  Chrome 76.0 (Mozilla/5.0 (Windows NT 10.0; Win64; x64) AppleWebKit/537.36 (KHTML, like Gecko) Chrome/76.0.3809.132 Safari/537.36)
[2019-09-10 14:27:06] 200 - OK - text/xml
[2019-09-10 14:28:12] REQUEST POST - https://localhost:8082/public/aspx/Home.aspx
[2019-09-10 14:28:12] ---- FROM  ::1 (WinNT)
[2019-09-10 14:28:12] ---- BROWSER:  Chrome 76.0 (Mozilla/5.0 (Windows NT 10.0; Win64; x64) AppleWebKit/537.36 (KHTML, like Gecko) Chrome/76.0.3809.132 Safari/537.36)
[2019-09-10 14:28:12] ---- CONTENT: Token%3D61111131252223224013000011333653%26TokenApiRest%3DeyJ0eXAiOiJKV1QiLCJhbGciOiJIUzI1NiJ9.eyJpc3MiOiJodHRwczpcL1wvd3d3cy5kZXYteWVhcC5pdCIsImlhdCI6MTU0MjI5NDMyMSwibmJmIjoxNTQyMjk0MzIxLCJleHAiOjE1NDI4OTkxMjEsImRhdGEiOnsidXNlciI6eyJpZCI6IjQ0In19fQ.RCP5OeoGASxAyBw1MbMD4BFJAcDM5JIXqYXKBALZcJI%26Logo%3Dhttps%3A%2F%2Flocalhost%3A8082%2Fscratch%2Fpl_logo.png%26Title%3DBusiness+Plan+Test+nr.+2=
[2019-09-10 14:28:12] 302 - Found - text/html
[2019-09-10 14:28:12] REQUEST GET - https://localhost:8082/home/welcome
[2019-09-10 14:28:12] ---- FROM  ::1 (WinNT)
[2019-09-10 14:28:12] ---- BROWSER:  Chrome 76.0 (Mozilla/5.0 (Windows NT 10.0; Win64; x64) AppleWebKit/537.36 (KHTML, like Gecko) Chrome/76.0.3809.132 Safari/537.36)
[2019-09-10 14:28:12] 200 - OK - text/html
[2019-09-10 14:28:14] REQUEST POST - https://localhost:8082/public/ws/General.asmx/Set
[2019-09-10 14:28:14] ---- FROM  ::1 (WinNT)
[2019-09-10 14:28:14] ---- BROWSER:  Chrome 76.0 (Mozilla/5.0 (Windows NT 10.0; Win64; x64) AppleWebKit/537.36 (KHTML, like Gecko) Chrome/76.0.3809.132 Safari/537.36)
[2019-09-10 14:28:14] ---- CONTENT: {data : "<?xml version='1.0' encoding='utf-8' ?><Request ID='20190910142814175'><General><Token>61111131252223224013000011333653</Token></General><Data><Nome>Business Plan Test nr. 2</Nome><Logo>https%3A%2F%2Flocalhost%3A8082%2Fscratch%2Fpl_logo.png</Logo></Data></Request>"}
[2019-09-10 14:28:14] 200 - OK - application/json
[2019-09-10 14:28:14] REQUEST POST - https://localhost:8082/public/ws/Config.asmx/Economics_Get
[2019-09-10 14:28:14] ---- FROM  ::1 (WinNT)
[2019-09-10 14:28:14] ---- BROWSER:  Chrome 76.0 (Mozilla/5.0 (Windows NT 10.0; Win64; x64) AppleWebKit/537.36 (KHTML, like Gecko) Chrome/76.0.3809.132 Safari/537.36)
[2019-09-10 14:28:14] ---- CONTENT: {data : "<?xml version='1.0' encoding='utf-8' ?><Request ID='20190910142814201'><General><Token>61111131252223224013000011333653</Token></General><Data></Data></Request>"}
[2019-09-10 14:28:14] 200 - OK - application/json
[2019-09-10 14:28:14] REQUEST POST - https://localhost:8082/public/ws/Config.asmx/All_Get
[2019-09-10 14:28:14] ---- FROM  ::1 (WinNT)
[2019-09-10 14:28:14] ---- BROWSER:  Chrome 76.0 (Mozilla/5.0 (Windows NT 10.0; Win64; x64) AppleWebKit/537.36 (KHTML, like Gecko) Chrome/76.0.3809.132 Safari/537.36)
[2019-09-10 14:28:14] ---- CONTENT: {data : "<?xml version='1.0' encoding='utf-8' ?><Request ID='20190910142814299'><General><Token>61111131252223224013000011333653</Token></General><Data></Data></Request>"}
[2019-09-10 14:28:14] 200 - OK - application/json
[2019-09-10 14:28:14] REQUEST POST - https://localhost:8082/public/ws/Economics.asmx/messaggi_summary
[2019-09-10 14:28:14] ---- FROM  ::1 (WinNT)
[2019-09-10 14:28:14] ---- BROWSER:  Chrome 76.0 (Mozilla/5.0 (Windows NT 10.0; Win64; x64) AppleWebKit/537.36 (KHTML, like Gecko) Chrome/76.0.3809.132 Safari/537.36)
[2019-09-10 14:28:14] ---- CONTENT: {data : "<?xml version='1.0' encoding='utf-8' ?><Request ID='20190910142814327'><General><Token>61111131252223224013000011333653</Token></General><Data></Data></Request>"}
[2019-09-10 14:28:14] 200 - OK - application/json
[2019-09-10 14:28:14] REQUEST POST - https://localhost:8082/public/ws/Config.asmx/All_Get
[2019-09-10 14:28:14] ---- FROM  ::1 (WinNT)
[2019-09-10 14:28:14] ---- BROWSER:  Chrome 76.0 (Mozilla/5.0 (Windows NT 10.0; Win64; x64) AppleWebKit/537.36 (KHTML, like Gecko) Chrome/76.0.3809.132 Safari/537.36)
[2019-09-10 14:28:14] ---- CONTENT: {data : "<?xml version='1.0' encoding='utf-8' ?><Request ID='20190910142814377'><General><Token>61111131252223224013000011333653</Token></General><Data></Data></Request>"}
[2019-09-10 14:28:14] 200 - OK - application/json
[2019-09-10 14:28:14] REQUEST POST - https://localhost:8082/public/ws/Config.asmx/All_Get
[2019-09-10 14:28:14] ---- FROM  ::1 (WinNT)
[2019-09-10 14:28:14] ---- BROWSER:  Chrome 76.0 (Mozilla/5.0 (Windows NT 10.0; Win64; x64) AppleWebKit/537.36 (KHTML, like Gecko) Chrome/76.0.3809.132 Safari/537.36)
[2019-09-10 14:28:14] ---- CONTENT: {data : "<?xml version='1.0' encoding='utf-8' ?><Request ID='20190910142814450'><General><Token>61111131252223224013000011333653</Token></General><Data></Data></Request>"}
[2019-09-10 14:28:14] 200 - OK - application/json
[2019-09-10 14:28:24] REQUEST GET - https://localhost:8082/settings/settings
[2019-09-10 14:28:24] ---- FROM  ::1 (WinNT)
[2019-09-10 14:28:24] ---- BROWSER:  Chrome 76.0 (Mozilla/5.0 (Windows NT 10.0; Win64; x64) AppleWebKit/537.36 (KHTML, like Gecko) Chrome/76.0.3809.132 Safari/537.36)
[2019-09-10 14:28:24] 200 - OK - text/html
[2019-09-10 14:28:25] REQUEST POST - https://localhost:8082/public/ws/General.asmx/Set
[2019-09-10 14:28:25] ---- FROM  ::1 (WinNT)
[2019-09-10 14:28:25] ---- BROWSER:  Chrome 76.0 (Mozilla/5.0 (Windows NT 10.0; Win64; x64) AppleWebKit/537.36 (KHTML, like Gecko) Chrome/76.0.3809.132 Safari/537.36)
[2019-09-10 14:28:25] ---- CONTENT: {data : "<?xml version='1.0' encoding='utf-8' ?><Request ID='20190910142825742'><General><Token>61111131252223224013000011333653</Token></General><Data><Nome></Nome><Logo>https%3A%2F%2Flocalhost%3A8082%2Fscratch%2Fpl_logo.png</Logo></Data></Request>"}
[2019-09-10 14:28:25] 200 - OK - application/json
[2019-09-10 14:28:25] REQUEST POST - https://localhost:8082/public/ws/Config.asmx/General_Get
[2019-09-10 14:28:25] ---- FROM  ::1 (WinNT)
[2019-09-10 14:28:25] ---- BROWSER:  Chrome 76.0 (Mozilla/5.0 (Windows NT 10.0; Win64; x64) AppleWebKit/537.36 (KHTML, like Gecko) Chrome/76.0.3809.132 Safari/537.36)
[2019-09-10 14:28:25] ---- CONTENT: {data : "<?xml version='1.0' encoding='utf-8' ?><Request ID='20190910142825775'><General><Token>61111131252223224013000011333653</Token></General><Data></Data></Request>"}
[2019-09-10 14:28:25] 200 - OK - application/json
[2019-09-10 14:28:25] REQUEST POST - https://localhost:8082/public/ws/Config.asmx/All_Get
[2019-09-10 14:28:25] ---- FROM  ::1 (WinNT)
[2019-09-10 14:28:25] ---- BROWSER:  Chrome 76.0 (Mozilla/5.0 (Windows NT 10.0; Win64; x64) AppleWebKit/537.36 (KHTML, like Gecko) Chrome/76.0.3809.132 Safari/537.36)
[2019-09-10 14:28:25] ---- CONTENT: {data : "<?xml version='1.0' encoding='utf-8' ?><Request ID='20190910142825822'><General><Token>61111131252223224013000011333653</Token></General><Data></Data></Request>"}
[2019-09-10 14:28:25] 200 - OK - application/json
[2019-09-10 14:28:25] REQUEST POST - https://localhost:8082/public/ws/Economics.asmx/messaggi_summary
[2019-09-10 14:28:25] ---- FROM  ::1 (WinNT)
[2019-09-10 14:28:25] ---- BROWSER:  Chrome 76.0 (Mozilla/5.0 (Windows NT 10.0; Win64; x64) AppleWebKit/537.36 (KHTML, like Gecko) Chrome/76.0.3809.132 Safari/537.36)
[2019-09-10 14:28:25] ---- CONTENT: {data : "<?xml version='1.0' encoding='utf-8' ?><Request ID='20190910142825849'><General><Token>61111131252223224013000011333653</Token></General><Data></Data></Request>"}
[2019-09-10 14:28:25] 200 - OK - application/json
[2019-09-10 14:28:25] REQUEST POST - https://localhost:8082/public/ws/Config.asmx/All_Get
[2019-09-10 14:28:25] ---- FROM  ::1 (WinNT)
[2019-09-10 14:28:25] ---- BROWSER:  Chrome 76.0 (Mozilla/5.0 (Windows NT 10.0; Win64; x64) AppleWebKit/537.36 (KHTML, like Gecko) Chrome/76.0.3809.132 Safari/537.36)
[2019-09-10 14:28:25] ---- CONTENT: {data : "<?xml version='1.0' encoding='utf-8' ?><Request ID='20190910142825912'><General><Token>61111131252223224013000011333653</Token></General><Data></Data></Request>"}
[2019-09-10 14:28:25] 200 - OK - application/json
[2019-09-10 14:28:26] REQUEST POST - https://localhost:8082/public/ws/Config.asmx/All_Get
[2019-09-10 14:28:26] ---- FROM  ::1 (WinNT)
[2019-09-10 14:28:26] ---- BROWSER:  Chrome 76.0 (Mozilla/5.0 (Windows NT 10.0; Win64; x64) AppleWebKit/537.36 (KHTML, like Gecko) Chrome/76.0.3809.132 Safari/537.36)
[2019-09-10 14:28:26] ---- CONTENT: {data : "<?xml version='1.0' encoding='utf-8' ?><Request ID='2019091014282626'><General><Token>61111131252223224013000011333653</Token></General><Data></Data></Request>"}
[2019-09-10 14:28:26] REQUEST GET - https://localhost:8082/public/ws/Resources.ashx/xml-general
[2019-09-10 14:28:26] ---- FROM  ::1 (WinNT)
[2019-09-10 14:28:26] ---- BROWSER:  Chrome 76.0 (Mozilla/5.0 (Windows NT 10.0; Win64; x64) AppleWebKit/537.36 (KHTML, like Gecko) Chrome/76.0.3809.132 Safari/537.36)
[2019-09-10 14:28:26] 200 - OK - application/json
[2019-09-10 14:28:26] 200 - OK - text/xml
[2019-09-10 14:28:26] REQUEST GET - https://localhost:8082/public/ws/Resources.ashx/xml-general
[2019-09-10 14:28:26] ---- FROM  ::1 (WinNT)
[2019-09-10 14:28:26] ---- BROWSER:  Chrome 76.0 (Mozilla/5.0 (Windows NT 10.0; Win64; x64) AppleWebKit/537.36 (KHTML, like Gecko) Chrome/76.0.3809.132 Safari/537.36)
[2019-09-10 14:28:26] 200 - OK - text/xml
[2019-09-10 14:28:42] REQUEST GET - https://localhost:8082/settings/settings
[2019-09-10 14:28:42] ---- FROM  ::1 (WinNT)
[2019-09-10 14:28:42] ---- BROWSER:  Chrome 76.0 (Mozilla/5.0 (Windows NT 10.0; Win64; x64) AppleWebKit/537.36 (KHTML, like Gecko) Chrome/76.0.3809.132 Safari/537.36)
[2019-09-10 14:28:42] 200 - OK - text/html
[2019-09-10 14:28:42] REQUEST POST - https://localhost:8082/public/ws/General.asmx/Set
[2019-09-10 14:28:42] ---- FROM  ::1 (WinNT)
[2019-09-10 14:28:42] ---- BROWSER:  Chrome 76.0 (Mozilla/5.0 (Windows NT 10.0; Win64; x64) AppleWebKit/537.36 (KHTML, like Gecko) Chrome/76.0.3809.132 Safari/537.36)
[2019-09-10 14:28:42] ---- CONTENT: {data : "<?xml version='1.0' encoding='utf-8' ?><Request ID='20190910142842642'><General><Token>61111131252223224013000011333653</Token></General><Data><Nome></Nome><Logo>https%3A%2F%2Flocalhost%3A8082%2Fscratch%2Fpl_logo.png</Logo></Data></Request>"}
[2019-09-10 14:28:42] 200 - OK - application/json
[2019-09-10 14:28:42] REQUEST POST - https://localhost:8082/public/ws/Config.asmx/General_Get
[2019-09-10 14:28:42] ---- FROM  ::1 (WinNT)
[2019-09-10 14:28:42] ---- BROWSER:  Chrome 76.0 (Mozilla/5.0 (Windows NT 10.0; Win64; x64) AppleWebKit/537.36 (KHTML, like Gecko) Chrome/76.0.3809.132 Safari/537.36)
[2019-09-10 14:28:42] ---- CONTENT: {data : "<?xml version='1.0' encoding='utf-8' ?><Request ID='20190910142842695'><General><Token>61111131252223224013000011333653</Token></General><Data></Data></Request>"}
[2019-09-10 14:28:42] 200 - OK - application/json
[2019-09-10 14:28:42] REQUEST POST - https://localhost:8082/public/ws/Config.asmx/All_Get
[2019-09-10 14:28:42] ---- FROM  ::1 (WinNT)
[2019-09-10 14:28:42] ---- BROWSER:  Chrome 76.0 (Mozilla/5.0 (Windows NT 10.0; Win64; x64) AppleWebKit/537.36 (KHTML, like Gecko) Chrome/76.0.3809.132 Safari/537.36)
[2019-09-10 14:28:42] ---- CONTENT: {data : "<?xml version='1.0' encoding='utf-8' ?><Request ID='20190910142842792'><General><Token>61111131252223224013000011333653</Token></General><Data></Data></Request>"}
[2019-09-10 14:28:42] REQUEST POST - https://localhost:8082/public/ws/Economics.asmx/messaggi_summary
[2019-09-10 14:28:42] ---- FROM  ::1 (WinNT)
[2019-09-10 14:28:42] ---- BROWSER:  Chrome 76.0 (Mozilla/5.0 (Windows NT 10.0; Win64; x64) AppleWebKit/537.36 (KHTML, like Gecko) Chrome/76.0.3809.132 Safari/537.36)
[2019-09-10 14:28:42] ---- CONTENT: {data : "<?xml version='1.0' encoding='utf-8' ?><Request ID='20190910142842820'><General><Token>61111131252223224013000011333653</Token></General><Data></Data></Request>"}
[2019-09-10 14:28:42] 200 - OK - application/json
[2019-09-10 14:28:42] 200 - OK - application/json
[2019-09-10 14:28:43] REQUEST POST - https://localhost:8082/public/ws/Config.asmx/All_Get
[2019-09-10 14:28:43] ---- FROM  ::1 (WinNT)
[2019-09-10 14:28:43] ---- BROWSER:  Chrome 76.0 (Mozilla/5.0 (Windows NT 10.0; Win64; x64) AppleWebKit/537.36 (KHTML, like Gecko) Chrome/76.0.3809.132 Safari/537.36)
[2019-09-10 14:28:43] ---- CONTENT: {data : "<?xml version='1.0' encoding='utf-8' ?><Request ID='2019091014284324'><General><Token>61111131252223224013000011333653</Token></General><Data></Data></Request>"}
[2019-09-10 14:28:43] 200 - OK - application/json
[2019-09-10 14:28:43] REQUEST POST - https://localhost:8082/public/ws/Config.asmx/All_Get
[2019-09-10 14:28:43] ---- FROM  ::1 (WinNT)
[2019-09-10 14:28:43] ---- BROWSER:  Chrome 76.0 (Mozilla/5.0 (Windows NT 10.0; Win64; x64) AppleWebKit/537.36 (KHTML, like Gecko) Chrome/76.0.3809.132 Safari/537.36)
[2019-09-10 14:28:43] ---- CONTENT: {data : "<?xml version='1.0' encoding='utf-8' ?><Request ID='20190910142843190'><General><Token>61111131252223224013000011333653</Token></General><Data></Data></Request>"}
[2019-09-10 14:28:43] REQUEST GET - https://localhost:8082/public/ws/Resources.ashx/xml-general
[2019-09-10 14:28:43] ---- FROM  ::1 (WinNT)
[2019-09-10 14:28:43] ---- BROWSER:  Chrome 76.0 (Mozilla/5.0 (Windows NT 10.0; Win64; x64) AppleWebKit/537.36 (KHTML, like Gecko) Chrome/76.0.3809.132 Safari/537.36)
[2019-09-10 14:28:43] 200 - OK - text/xml
[2019-09-10 14:28:43] 200 - OK - application/json
[2019-09-10 14:28:43] REQUEST GET - https://localhost:8082/public/ws/Resources.ashx/xml-general
[2019-09-10 14:28:43] ---- FROM  ::1 (WinNT)
[2019-09-10 14:28:43] ---- BROWSER:  Chrome 76.0 (Mozilla/5.0 (Windows NT 10.0; Win64; x64) AppleWebKit/537.36 (KHTML, like Gecko) Chrome/76.0.3809.132 Safari/537.36)
[2019-09-10 14:28:43] 200 - OK - text/xml
[2019-09-10 14:28:56] REQUEST GET - https://localhost:8082/qa/qualitativa
[2019-09-10 14:28:56] ---- FROM  ::1 (WinNT)
[2019-09-10 14:28:56] ---- BROWSER:  Chrome 76.0 (Mozilla/5.0 (Windows NT 10.0; Win64; x64) AppleWebKit/537.36 (KHTML, like Gecko) Chrome/76.0.3809.132 Safari/537.36)
[2019-09-10 14:28:56] 200 - OK - text/html
[2019-09-10 14:28:57] REQUEST POST - https://localhost:8082/public/ws/QAnalysis.asmx/Get
[2019-09-10 14:28:57] ---- FROM  ::1 (WinNT)
[2019-09-10 14:28:57] ---- BROWSER:  Chrome 76.0 (Mozilla/5.0 (Windows NT 10.0; Win64; x64) AppleWebKit/537.36 (KHTML, like Gecko) Chrome/76.0.3809.132 Safari/537.36)
[2019-09-10 14:28:57] ---- CONTENT: {data : "<?xml version='1.0' encoding='utf-8' ?><Request ID='20190910142857678'><General><Token>61111131252223224013000011333653</Token></General><Data></Data></Request>"}
[2019-09-10 14:28:57] 200 - OK - application/json
[2019-09-10 14:28:57] REQUEST POST - https://localhost:8082/public/ws/Config.asmx/All_Get
[2019-09-10 14:28:57] ---- FROM  ::1 (WinNT)
[2019-09-10 14:28:57] REQUEST POST - https://localhost:8082/public/ws/Economics.asmx/messaggi_summary
[2019-09-10 14:28:57] ---- FROM  ::1 (WinNT)
[2019-09-10 14:28:57] ---- BROWSER:  Chrome 76.0 (Mozilla/5.0 (Windows NT 10.0; Win64; x64) AppleWebKit/537.36 (KHTML, like Gecko) Chrome/76.0.3809.132 Safari/537.36)
[2019-09-10 14:28:57] ---- CONTENT: {data : "<?xml version='1.0' encoding='utf-8' ?><Request ID='20190910142857819'><General><Token>61111131252223224013000011333653</Token></General><Data></Data></Request>"}
[2019-09-10 14:28:57] ---- BROWSER:  Chrome 76.0 (Mozilla/5.0 (Windows NT 10.0; Win64; x64) AppleWebKit/537.36 (KHTML, like Gecko) Chrome/76.0.3809.132 Safari/537.36)
[2019-09-10 14:28:57] ---- CONTENT: {data : "<?xml version='1.0' encoding='utf-8' ?><Request ID='20190910142857784'><General><Token>61111131252223224013000011333653</Token></General><Data></Data></Request>"}
[2019-09-10 14:28:57] 200 - OK - application/json
[2019-09-10 14:28:57] 200 - OK - application/json
[2019-09-10 14:28:58] REQUEST POST - https://localhost:8082/public/ws/Config.asmx/All_Get
[2019-09-10 14:28:58] ---- FROM  ::1 (WinNT)
[2019-09-10 14:28:58] ---- BROWSER:  Chrome 76.0 (Mozilla/5.0 (Windows NT 10.0; Win64; x64) AppleWebKit/537.36 (KHTML, like Gecko) Chrome/76.0.3809.132 Safari/537.36)
[2019-09-10 14:28:58] ---- CONTENT: {data : "<?xml version='1.0' encoding='utf-8' ?><Request ID='20190910142857998'><General><Token>61111131252223224013000011333653</Token></General><Data></Data></Request>"}
[2019-09-10 14:28:58] 200 - OK - application/json
[2019-09-10 14:28:58] REQUEST POST - https://localhost:8082/public/ws/Config.asmx/All_Get
[2019-09-10 14:28:58] ---- FROM  ::1 (WinNT)
[2019-09-10 14:28:58] ---- BROWSER:  Chrome 76.0 (Mozilla/5.0 (Windows NT 10.0; Win64; x64) AppleWebKit/537.36 (KHTML, like Gecko) Chrome/76.0.3809.132 Safari/537.36)
[2019-09-10 14:28:58] REQUEST GET - https://localhost:8082/public/ws/Resources.ashx/xml-qa
[2019-09-10 14:28:58] ---- FROM  ::1 (WinNT)
[2019-09-10 14:28:58] ---- CONTENT: {data : "<?xml version='1.0' encoding='utf-8' ?><Request ID='20190910142858205'><General><Token>61111131252223224013000011333653</Token></General><Data></Data></Request>"}
[2019-09-10 14:28:58] ---- BROWSER:  Chrome 76.0 (Mozilla/5.0 (Windows NT 10.0; Win64; x64) AppleWebKit/537.36 (KHTML, like Gecko) Chrome/76.0.3809.132 Safari/537.36)
[2019-09-10 14:28:58] 200 - OK - text/xml
[2019-09-10 14:28:58] REQUEST GET - https://localhost:8082/public/ws/Resources.ashx/xml-qa
[2019-09-10 14:28:58] ---- FROM  ::1 (WinNT)
[2019-09-10 14:28:58] ---- BROWSER:  Chrome 76.0 (Mozilla/5.0 (Windows NT 10.0; Win64; x64) AppleWebKit/537.36 (KHTML, like Gecko) Chrome/76.0.3809.132 Safari/537.36)
[2019-09-10 14:28:58] 200 - OK - application/json
[2019-09-10 14:28:58] 200 - OK - text/xml
[2019-09-10 14:28:58] REQUEST GET - https://localhost:8082/public/ws/Resources.ashx/xml-qa
[2019-09-10 14:28:58] ---- FROM  ::1 (WinNT)
[2019-09-10 14:28:58] ---- BROWSER:  Chrome 76.0 (Mozilla/5.0 (Windows NT 10.0; Win64; x64) AppleWebKit/537.36 (KHTML, like Gecko) Chrome/76.0.3809.132 Safari/537.36)
[2019-09-10 14:28:58] 200 - OK - text/xml
[2019-09-10 14:28:58] REQUEST GET - https://localhost:8082/public/ws/Resources.ashx/xml-qa
[2019-09-10 14:28:58] ---- FROM  ::1 (WinNT)
[2019-09-10 14:28:58] ---- BROWSER:  Chrome 76.0 (Mozilla/5.0 (Windows NT 10.0; Win64; x64) AppleWebKit/537.36 (KHTML, like Gecko) Chrome/76.0.3809.132 Safari/537.36)
[2019-09-10 14:28:58] 200 - OK - text/xml
[2019-09-10 14:28:58] REQUEST GET - https://localhost:8082/public/ws/Resources.ashx/xml-qa
[2019-09-10 14:28:58] ---- FROM  ::1 (WinNT)
[2019-09-10 14:28:58] ---- BROWSER:  Chrome 76.0 (Mozilla/5.0 (Windows NT 10.0; Win64; x64) AppleWebKit/537.36 (KHTML, like Gecko) Chrome/76.0.3809.132 Safari/537.36)
[2019-09-10 14:28:58] 200 - OK - text/xml
[2019-09-10 14:28:58] REQUEST GET - https://localhost:8082/public/ws/Resources.ashx/xml-qa
[2019-09-10 14:28:58] ---- FROM  ::1 (WinNT)
[2019-09-10 14:28:58] ---- BROWSER:  Chrome 76.0 (Mozilla/5.0 (Windows NT 10.0; Win64; x64) AppleWebKit/537.36 (KHTML, like Gecko) Chrome/76.0.3809.132 Safari/537.36)
[2019-09-10 14:28:58] 200 - OK - text/xml
[2019-09-10 14:28:58] REQUEST GET - https://localhost:8082/public/ws/Resources.ashx/xml-qa
[2019-09-10 14:28:58] ---- FROM  ::1 (WinNT)
[2019-09-10 14:28:58] ---- BROWSER:  Chrome 76.0 (Mozilla/5.0 (Windows NT 10.0; Win64; x64) AppleWebKit/537.36 (KHTML, like Gecko) Chrome/76.0.3809.132 Safari/537.36)
[2019-09-10 14:28:58] 200 - OK - text/xml
[2019-09-10 14:28:58] REQUEST GET - https://localhost:8082/public/ws/Resources.ashx/xml-qa
[2019-09-10 14:28:58] ---- FROM  ::1 (WinNT)
[2019-09-10 14:28:58] ---- BROWSER:  Chrome 76.0 (Mozilla/5.0 (Windows NT 10.0; Win64; x64) AppleWebKit/537.36 (KHTML, like Gecko) Chrome/76.0.3809.132 Safari/537.36)
[2019-09-10 14:28:58] 200 - OK - text/xml
[2019-09-10 14:28:58] REQUEST GET - https://localhost:8082/public/ws/Resources.ashx/xml-qa
[2019-09-10 14:28:58] ---- FROM  ::1 (WinNT)
[2019-09-10 14:28:58] ---- BROWSER:  Chrome 76.0 (Mozilla/5.0 (Windows NT 10.0; Win64; x64) AppleWebKit/537.36 (KHTML, like Gecko) Chrome/76.0.3809.132 Safari/537.36)
[2019-09-10 14:28:58] 200 - OK - text/xml
[2019-09-10 14:28:58] REQUEST GET - https://localhost:8082/public/ws/Resources.ashx/xml-qa
[2019-09-10 14:28:58] ---- FROM  ::1 (WinNT)
[2019-09-10 14:28:58] ---- BROWSER:  Chrome 76.0 (Mozilla/5.0 (Windows NT 10.0; Win64; x64) AppleWebKit/537.36 (KHTML, like Gecko) Chrome/76.0.3809.132 Safari/537.36)
[2019-09-10 14:28:58] 200 - OK - text/xml
[2019-09-10 14:28:58] REQUEST GET - https://localhost:8082/public/ws/Resources.ashx/xml-qa
[2019-09-10 14:28:58] ---- FROM  ::1 (WinNT)
[2019-09-10 14:28:58] ---- BROWSER:  Chrome 76.0 (Mozilla/5.0 (Windows NT 10.0; Win64; x64) AppleWebKit/537.36 (KHTML, like Gecko) Chrome/76.0.3809.132 Safari/537.36)
[2019-09-10 14:28:58] 200 - OK - text/xml
[2019-09-10 14:28:58] REQUEST GET - https://localhost:8082/public/ws/Resources.ashx/xml-qa
[2019-09-10 14:28:58] ---- FROM  ::1 (WinNT)
[2019-09-10 14:28:58] ---- BROWSER:  Chrome 76.0 (Mozilla/5.0 (Windows NT 10.0; Win64; x64) AppleWebKit/537.36 (KHTML, like Gecko) Chrome/76.0.3809.132 Safari/537.36)
[2019-09-10 14:28:58] 200 - OK - text/xml
[2019-09-10 14:28:58] REQUEST GET - https://localhost:8082/public/ws/Resources.ashx/xml-qa
[2019-09-10 14:28:58] ---- FROM  ::1 (WinNT)
[2019-09-10 14:28:58] ---- BROWSER:  Chrome 76.0 (Mozilla/5.0 (Windows NT 10.0; Win64; x64) AppleWebKit/537.36 (KHTML, like Gecko) Chrome/76.0.3809.132 Safari/537.36)
[2019-09-10 14:28:58] 200 - OK - text/xml
[2019-09-10 14:28:58] REQUEST GET - https://localhost:8082/public/ws/Resources.ashx/xml-qa
[2019-09-10 14:28:58] ---- FROM  ::1 (WinNT)
[2019-09-10 14:28:58] ---- BROWSER:  Chrome 76.0 (Mozilla/5.0 (Windows NT 10.0; Win64; x64) AppleWebKit/537.36 (KHTML, like Gecko) Chrome/76.0.3809.132 Safari/537.36)
[2019-09-10 14:28:58] 200 - OK - text/xml
[2019-09-10 14:28:58] REQUEST GET - https://localhost:8082/public/ws/Resources.ashx/xml-qa
[2019-09-10 14:28:58] ---- FROM  ::1 (WinNT)
[2019-09-10 14:28:58] ---- BROWSER:  Chrome 76.0 (Mozilla/5.0 (Windows NT 10.0; Win64; x64) AppleWebKit/537.36 (KHTML, like Gecko) Chrome/76.0.3809.132 Safari/537.36)
[2019-09-10 14:28:58] 200 - OK - text/xml
[2019-09-10 14:28:58] REQUEST GET - https://localhost:8082/public/ws/Resources.ashx/xml-qa
[2019-09-10 14:28:58] ---- FROM  ::1 (WinNT)
[2019-09-10 14:28:58] ---- BROWSER:  Chrome 76.0 (Mozilla/5.0 (Windows NT 10.0; Win64; x64) AppleWebKit/537.36 (KHTML, like Gecko) Chrome/76.0.3809.132 Safari/537.36)
[2019-09-10 14:28:58] 200 - OK - text/xml
[2019-09-10 14:28:58] REQUEST GET - https://localhost:8082/public/ws/Resources.ashx/xml-qa
[2019-09-10 14:28:58] ---- FROM  ::1 (WinNT)
[2019-09-10 14:28:58] ---- BROWSER:  Chrome 76.0 (Mozilla/5.0 (Windows NT 10.0; Win64; x64) AppleWebKit/537.36 (KHTML, like Gecko) Chrome/76.0.3809.132 Safari/537.36)
[2019-09-10 14:28:58] 200 - OK - text/xml
[2019-09-10 14:28:58] REQUEST GET - https://localhost:8082/public/ws/Resources.ashx/xml-qa
[2019-09-10 14:28:58] ---- FROM  ::1 (WinNT)
[2019-09-10 14:28:58] ---- BROWSER:  Chrome 76.0 (Mozilla/5.0 (Windows NT 10.0; Win64; x64) AppleWebKit/537.36 (KHTML, like Gecko) Chrome/76.0.3809.132 Safari/537.36)
[2019-09-10 14:28:58] 200 - OK - text/xml
[2019-09-10 14:28:58] REQUEST GET - https://localhost:8082/public/ws/Resources.ashx/xml-qa
[2019-09-10 14:28:58] ---- FROM  ::1 (WinNT)
[2019-09-10 14:28:58] ---- BROWSER:  Chrome 76.0 (Mozilla/5.0 (Windows NT 10.0; Win64; x64) AppleWebKit/537.36 (KHTML, like Gecko) Chrome/76.0.3809.132 Safari/537.36)
[2019-09-10 14:28:58] 200 - OK - text/xml
[2019-09-10 14:28:58] REQUEST GET - https://localhost:8082/public/ws/Resources.ashx/xml-qa
[2019-09-10 14:28:58] ---- FROM  ::1 (WinNT)
[2019-09-10 14:28:58] ---- BROWSER:  Chrome 76.0 (Mozilla/5.0 (Windows NT 10.0; Win64; x64) AppleWebKit/537.36 (KHTML, like Gecko) Chrome/76.0.3809.132 Safari/537.36)
[2019-09-10 14:28:58] 200 - OK - text/xml
[2019-09-10 14:28:58] REQUEST GET - https://localhost:8082/public/ws/Resources.ashx/xml-qa
[2019-09-10 14:28:58] ---- FROM  ::1 (WinNT)
[2019-09-10 14:28:58] ---- BROWSER:  Chrome 76.0 (Mozilla/5.0 (Windows NT 10.0; Win64; x64) AppleWebKit/537.36 (KHTML, like Gecko) Chrome/76.0.3809.132 Safari/537.36)
[2019-09-10 14:28:58] 200 - OK - text/xml
[2019-09-10 14:28:58] REQUEST GET - https://localhost:8082/public/ws/Resources.ashx/xml-qa
[2019-09-10 14:28:58] ---- FROM  ::1 (WinNT)
[2019-09-10 14:28:58] ---- BROWSER:  Chrome 76.0 (Mozilla/5.0 (Windows NT 10.0; Win64; x64) AppleWebKit/537.36 (KHTML, like Gecko) Chrome/76.0.3809.132 Safari/537.36)
[2019-09-10 14:28:58] 200 - OK - text/xml
[2019-09-10 14:28:58] REQUEST GET - https://localhost:8082/public/ws/Resources.ashx/xml-qa
[2019-09-10 14:28:58] ---- FROM  ::1 (WinNT)
[2019-09-10 14:28:58] ---- BROWSER:  Chrome 76.0 (Mozilla/5.0 (Windows NT 10.0; Win64; x64) AppleWebKit/537.36 (KHTML, like Gecko) Chrome/76.0.3809.132 Safari/537.36)
[2019-09-10 14:28:58] 200 - OK - text/xml
[2019-09-10 14:28:58] REQUEST GET - https://localhost:8082/public/ws/Resources.ashx/xml-qa
[2019-09-10 14:28:58] ---- FROM  ::1 (WinNT)
[2019-09-10 14:28:58] ---- BROWSER:  Chrome 76.0 (Mozilla/5.0 (Windows NT 10.0; Win64; x64) AppleWebKit/537.36 (KHTML, like Gecko) Chrome/76.0.3809.132 Safari/537.36)
[2019-09-10 14:28:58] 200 - OK - text/xml
[2019-09-10 14:28:58] REQUEST GET - https://localhost:8082/public/ws/Resources.ashx/xml-qa
[2019-09-10 14:28:58] ---- FROM  ::1 (WinNT)
[2019-09-10 14:28:58] ---- BROWSER:  Chrome 76.0 (Mozilla/5.0 (Windows NT 10.0; Win64; x64) AppleWebKit/537.36 (KHTML, like Gecko) Chrome/76.0.3809.132 Safari/537.36)
[2019-09-10 14:28:58] 200 - OK - text/xml
[2019-09-10 14:28:58] REQUEST GET - https://localhost:8082/public/ws/Resources.ashx/xml-qa
[2019-09-10 14:28:58] ---- FROM  ::1 (WinNT)
[2019-09-10 14:28:58] ---- BROWSER:  Chrome 76.0 (Mozilla/5.0 (Windows NT 10.0; Win64; x64) AppleWebKit/537.36 (KHTML, like Gecko) Chrome/76.0.3809.132 Safari/537.36)
[2019-09-10 14:28:58] 200 - OK - text/xml
[2019-09-10 14:28:58] REQUEST GET - https://localhost:8082/public/ws/Resources.ashx/xml-qa
[2019-09-10 14:28:59] ---- FROM  ::1 (WinNT)
[2019-09-10 14:28:59] ---- BROWSER:  Chrome 76.0 (Mozilla/5.0 (Windows NT 10.0; Win64; x64) AppleWebKit/537.36 (KHTML, like Gecko) Chrome/76.0.3809.132 Safari/537.36)
[2019-09-10 14:28:59] 200 - OK - text/xml
[2019-09-10 14:28:59] REQUEST GET - https://localhost:8082/public/ws/Resources.ashx/xml-qa
[2019-09-10 14:28:59] ---- FROM  ::1 (WinNT)
[2019-09-10 14:28:59] ---- BROWSER:  Chrome 76.0 (Mozilla/5.0 (Windows NT 10.0; Win64; x64) AppleWebKit/537.36 (KHTML, like Gecko) Chrome/76.0.3809.132 Safari/537.36)
[2019-09-10 14:28:59] 200 - OK - text/xml
[2019-09-10 14:28:59] REQUEST GET - https://localhost:8082/public/ws/Resources.ashx/xml-qa
[2019-09-10 14:28:59] ---- FROM  ::1 (WinNT)
[2019-09-10 14:28:59] ---- BROWSER:  Chrome 76.0 (Mozilla/5.0 (Windows NT 10.0; Win64; x64) AppleWebKit/537.36 (KHTML, like Gecko) Chrome/76.0.3809.132 Safari/537.36)
[2019-09-10 14:28:59] 200 - OK - text/xml
[2019-09-10 14:28:59] REQUEST GET - https://localhost:8082/public/ws/Resources.ashx/xml-qa
[2019-09-10 14:28:59] ---- FROM  ::1 (WinNT)
[2019-09-10 14:28:59] ---- BROWSER:  Chrome 76.0 (Mozilla/5.0 (Windows NT 10.0; Win64; x64) AppleWebKit/537.36 (KHTML, like Gecko) Chrome/76.0.3809.132 Safari/537.36)
[2019-09-10 14:28:59] 200 - OK - text/xml
[2019-09-10 14:28:59] REQUEST GET - https://localhost:8082/public/ws/Resources.ashx/xml-qa
[2019-09-10 14:28:59] ---- FROM  ::1 (WinNT)
[2019-09-10 14:28:59] ---- BROWSER:  Chrome 76.0 (Mozilla/5.0 (Windows NT 10.0; Win64; x64) AppleWebKit/537.36 (KHTML, like Gecko) Chrome/76.0.3809.132 Safari/537.36)
[2019-09-10 14:28:59] 200 - OK - text/xml
[2019-09-10 14:28:59] REQUEST GET - https://localhost:8082/public/ws/Resources.ashx/xml-qa
[2019-09-10 14:28:59] ---- FROM  ::1 (WinNT)
[2019-09-10 14:28:59] ---- BROWSER:  Chrome 76.0 (Mozilla/5.0 (Windows NT 10.0; Win64; x64) AppleWebKit/537.36 (KHTML, like Gecko) Chrome/76.0.3809.132 Safari/537.36)
[2019-09-10 14:28:59] 200 - OK - text/xml
[2019-09-10 14:28:59] REQUEST GET - https://localhost:8082/public/ws/Resources.ashx/xml-qa
[2019-09-10 14:28:59] ---- FROM  ::1 (WinNT)
[2019-09-10 14:28:59] ---- BROWSER:  Chrome 76.0 (Mozilla/5.0 (Windows NT 10.0; Win64; x64) AppleWebKit/537.36 (KHTML, like Gecko) Chrome/76.0.3809.132 Safari/537.36)
[2019-09-10 14:28:59] 200 - OK - text/xml
[2019-09-10 14:28:59] REQUEST GET - https://localhost:8082/public/ws/Resources.ashx/xml-qa
[2019-09-10 14:28:59] ---- FROM  ::1 (WinNT)
[2019-09-10 14:28:59] ---- BROWSER:  Chrome 76.0 (Mozilla/5.0 (Windows NT 10.0; Win64; x64) AppleWebKit/537.36 (KHTML, like Gecko) Chrome/76.0.3809.132 Safari/537.36)
[2019-09-10 14:28:59] 200 - OK - text/xml
[2019-09-10 14:28:59] REQUEST GET - https://localhost:8082/public/ws/Resources.ashx/xml-qa
[2019-09-10 14:28:59] ---- FROM  ::1 (WinNT)
[2019-09-10 14:28:59] ---- BROWSER:  Chrome 76.0 (Mozilla/5.0 (Windows NT 10.0; Win64; x64) AppleWebKit/537.36 (KHTML, like Gecko) Chrome/76.0.3809.132 Safari/537.36)
[2019-09-10 14:28:59] 200 - OK - text/xml
[2019-09-10 14:30:05] REQUEST GET - https://localhost:8082/settings/settings
[2019-09-10 14:30:05] ---- FROM  ::1 (WinNT)
[2019-09-10 14:30:05] ---- BROWSER:  Chrome 76.0 (Mozilla/5.0 (Windows NT 10.0; Win64; x64) AppleWebKit/537.36 (KHTML, like Gecko) Chrome/76.0.3809.132 Safari/537.36)
[2019-09-10 14:30:05] 200 - OK - text/html
[2019-09-10 14:30:06] REQUEST POST - https://localhost:8082/public/ws/General.asmx/Set
[2019-09-10 14:30:06] ---- FROM  ::1 (WinNT)
[2019-09-10 14:30:06] ---- BROWSER:  Chrome 76.0 (Mozilla/5.0 (Windows NT 10.0; Win64; x64) AppleWebKit/537.36 (KHTML, like Gecko) Chrome/76.0.3809.132 Safari/537.36)
[2019-09-10 14:30:06] ---- CONTENT: {data : "<?xml version='1.0' encoding='utf-8' ?><Request ID='20190910143006132'><General><Token>61111131252223224013000011333653</Token></General><Data><Nome></Nome><Logo>https%3A%2F%2Flocalhost%3A8082%2Fscratch%2Fpl_logo.png</Logo></Data></Request>"}
[2019-09-10 14:30:06] 200 - OK - application/json
[2019-09-10 14:30:06] REQUEST POST - https://localhost:8082/public/ws/Config.asmx/General_Get
[2019-09-10 14:30:06] ---- FROM  ::1 (WinNT)
[2019-09-10 14:30:06] ---- BROWSER:  Chrome 76.0 (Mozilla/5.0 (Windows NT 10.0; Win64; x64) AppleWebKit/537.36 (KHTML, like Gecko) Chrome/76.0.3809.132 Safari/537.36)
[2019-09-10 14:30:06] ---- CONTENT: {data : "<?xml version='1.0' encoding='utf-8' ?><Request ID='20190910143006181'><General><Token>61111131252223224013000011333653</Token></General><Data></Data></Request>"}
[2019-09-10 14:30:06] 200 - OK - application/json
[2019-09-10 14:30:06] REQUEST POST - https://localhost:8082/public/ws/Config.asmx/All_Get
[2019-09-10 14:30:06] ---- FROM  ::1 (WinNT)
[2019-09-10 14:30:06] ---- BROWSER:  Chrome 76.0 (Mozilla/5.0 (Windows NT 10.0; Win64; x64) AppleWebKit/537.36 (KHTML, like Gecko) Chrome/76.0.3809.132 Safari/537.36)
[2019-09-10 14:30:06] ---- CONTENT: {data : "<?xml version='1.0' encoding='utf-8' ?><Request ID='20190910143006284'><General><Token>61111131252223224013000011333653</Token></General><Data></Data></Request>"}
[2019-09-10 14:30:06] REQUEST POST - https://localhost:8082/public/ws/Economics.asmx/messaggi_summary
[2019-09-10 14:30:06] ---- FROM  ::1 (WinNT)
[2019-09-10 14:30:06] ---- BROWSER:  Chrome 76.0 (Mozilla/5.0 (Windows NT 10.0; Win64; x64) AppleWebKit/537.36 (KHTML, like Gecko) Chrome/76.0.3809.132 Safari/537.36)
[2019-09-10 14:30:06] ---- CONTENT: {data : "<?xml version='1.0' encoding='utf-8' ?><Request ID='20190910143006311'><General><Token>61111131252223224013000011333653</Token></General><Data></Data></Request>"}
[2019-09-10 14:30:06] 200 - OK - application/json
[2019-09-10 14:30:06] 200 - OK - application/json
[2019-09-10 14:30:06] REQUEST POST - https://localhost:8082/public/ws/Config.asmx/All_Get
[2019-09-10 14:30:06] ---- FROM  ::1 (WinNT)
[2019-09-10 14:30:06] ---- BROWSER:  Chrome 76.0 (Mozilla/5.0 (Windows NT 10.0; Win64; x64) AppleWebKit/537.36 (KHTML, like Gecko) Chrome/76.0.3809.132 Safari/537.36)
[2019-09-10 14:30:06] ---- CONTENT: {data : "<?xml version='1.0' encoding='utf-8' ?><Request ID='20190910143006515'><General><Token>61111131252223224013000011333653</Token></General><Data></Data></Request>"}
[2019-09-10 14:30:06] 200 - OK - application/json
[2019-09-10 14:30:06] REQUEST POST - https://localhost:8082/public/ws/Config.asmx/All_Get
[2019-09-10 14:30:06] ---- FROM  ::1 (WinNT)
[2019-09-10 14:30:06] ---- BROWSER:  Chrome 76.0 (Mozilla/5.0 (Windows NT 10.0; Win64; x64) AppleWebKit/537.36 (KHTML, like Gecko) Chrome/76.0.3809.132 Safari/537.36)
[2019-09-10 14:30:06] ---- CONTENT: {data : "<?xml version='1.0' encoding='utf-8' ?><Request ID='20190910143006679'><General><Token>61111131252223224013000011333653</Token></General><Data></Data></Request>"}
[2019-09-10 14:30:06] REQUEST GET - https://localhost:8082/public/ws/Resources.ashx/xml-general
[2019-09-10 14:30:06] ---- FROM  ::1 (WinNT)
[2019-09-10 14:30:06] ---- BROWSER:  Chrome 76.0 (Mozilla/5.0 (Windows NT 10.0; Win64; x64) AppleWebKit/537.36 (KHTML, like Gecko) Chrome/76.0.3809.132 Safari/537.36)
[2019-09-10 14:30:06] 200 - OK - text/xml
[2019-09-10 14:30:06] 200 - OK - application/json
[2019-09-10 14:30:06] REQUEST GET - https://localhost:8082/public/ws/Resources.ashx/xml-general
[2019-09-10 14:30:06] ---- FROM  ::1 (WinNT)
[2019-09-10 14:30:06] ---- BROWSER:  Chrome 76.0 (Mozilla/5.0 (Windows NT 10.0; Win64; x64) AppleWebKit/537.36 (KHTML, like Gecko) Chrome/76.0.3809.132 Safari/537.36)
[2019-09-10 14:30:06] 200 - OK - text/xml
[2019-09-10 14:36:38] REQUEST POST - https://localhost:8082/public/aspx/Home.aspx
[2019-09-10 14:36:38] ---- FROM  ::1 (WinNT)
[2019-09-10 14:36:38] ---- BROWSER:  Chrome 76.0 (Mozilla/5.0 (Windows NT 10.0; Win64; x64) AppleWebKit/537.36 (KHTML, like Gecko) Chrome/76.0.3809.132 Safari/537.36)
[2019-09-10 14:36:38] ---- CONTENT: Token%3D61111131252223224013000011333653%26TokenApiRest%3DeyJ0eXAiOiJKV1QiLCJhbGciOiJIUzI1NiJ9.eyJpc3MiOiJodHRwczpcL1wvd3d3cy5kZXYteWVhcC5pdCIsImlhdCI6MTU0MjI5NDMyMSwibmJmIjoxNTQyMjk0MzIxLCJleHAiOjE1NDI4OTkxMjEsImRhdGEiOnsidXNlciI6eyJpZCI6IjQ0In19fQ.RCP5OeoGASxAyBw1MbMD4BFJAcDM5JIXqYXKBALZcJI%26Logo%3Dhttps%3A%2F%2Flocalhost%3A8082%2Fscratch%2Fpl_logo.png%26Title%3DBusiness+Plan+Test+nr.+2=
[2019-09-10 14:36:38] 302 - Found - text/html
[2019-09-10 14:36:38] REQUEST GET - https://localhost:8082/home/welcome
[2019-09-10 14:36:38] ---- FROM  ::1 (WinNT)
[2019-09-10 14:36:38] ---- BROWSER:  Chrome 76.0 (Mozilla/5.0 (Windows NT 10.0; Win64; x64) AppleWebKit/537.36 (KHTML, like Gecko) Chrome/76.0.3809.132 Safari/537.36)
[2019-09-10 14:36:39] 200 - OK - text/html
[2019-09-10 14:36:41] REQUEST POST - https://localhost:8082/public/ws/General.asmx/Set
[2019-09-10 14:36:41] ---- FROM  ::1 (WinNT)
[2019-09-10 14:36:41] ---- BROWSER:  Chrome 76.0 (Mozilla/5.0 (Windows NT 10.0; Win64; x64) AppleWebKit/537.36 (KHTML, like Gecko) Chrome/76.0.3809.132 Safari/537.36)
[2019-09-10 14:36:41] ---- CONTENT: {data : "<?xml version='1.0' encoding='utf-8' ?><Request ID='20190910143641143'><General><Token>61111131252223224013000011333653</Token></General><Data><Nome>Business Plan Test nr. 2</Nome><Logo>https%3A%2F%2Flocalhost%3A8082%2Fscratch%2Fpl_logo.png</Logo></Data></Request>"}
[2019-09-10 14:36:41] 200 - OK - application/json
[2019-09-10 14:36:41] REQUEST POST - https://localhost:8082/public/ws/Config.asmx/Economics_Get
[2019-09-10 14:36:41] ---- FROM  ::1 (WinNT)
[2019-09-10 14:36:41] ---- BROWSER:  Chrome 76.0 (Mozilla/5.0 (Windows NT 10.0; Win64; x64) AppleWebKit/537.36 (KHTML, like Gecko) Chrome/76.0.3809.132 Safari/537.36)
[2019-09-10 14:36:41] ---- CONTENT: {data : "<?xml version='1.0' encoding='utf-8' ?><Request ID='20190910143641191'><General><Token>61111131252223224013000011333653</Token></General><Data></Data></Request>"}
[2019-09-10 14:36:41] 200 - OK - application/json
[2019-09-10 14:36:41] REQUEST POST - https://localhost:8082/public/ws/Economics.asmx/messaggi_summary
[2019-09-10 14:36:41] ---- FROM  ::1 (WinNT)
[2019-09-10 14:36:41] ---- BROWSER:  Chrome 76.0 (Mozilla/5.0 (Windows NT 10.0; Win64; x64) AppleWebKit/537.36 (KHTML, like Gecko) Chrome/76.0.3809.132 Safari/537.36)
[2019-09-10 14:36:41] ---- CONTENT: {data : "<?xml version='1.0' encoding='utf-8' ?><Request ID='20190910143641277'><General><Token>61111131252223224013000011333653</Token></General><Data></Data></Request>"}
[2019-09-10 14:36:41] 200 - OK - application/json
[2019-09-10 14:36:41] REQUEST POST - https://localhost:8082/public/ws/Config.asmx/All_Get
[2019-09-10 14:36:41] ---- FROM  ::1 (WinNT)
[2019-09-10 14:36:41] ---- BROWSER:  Chrome 76.0 (Mozilla/5.0 (Windows NT 10.0; Win64; x64) AppleWebKit/537.36 (KHTML, like Gecko) Chrome/76.0.3809.132 Safari/537.36)
[2019-09-10 14:36:41] ---- CONTENT: {data : "<?xml version='1.0' encoding='utf-8' ?><Request ID='20190910143641293'><General><Token>61111131252223224013000011333653</Token></General><Data></Data></Request>"}
[2019-09-10 14:36:41] 200 - OK - application/json
[2019-09-10 14:36:41] REQUEST POST - https://localhost:8082/public/ws/Config.asmx/All_Get
[2019-09-10 14:36:41] ---- FROM  ::1 (WinNT)
[2019-09-10 14:36:41] ---- BROWSER:  Chrome 76.0 (Mozilla/5.0 (Windows NT 10.0; Win64; x64) AppleWebKit/537.36 (KHTML, like Gecko) Chrome/76.0.3809.132 Safari/537.36)
[2019-09-10 14:36:41] ---- CONTENT: {data : "<?xml version='1.0' encoding='utf-8' ?><Request ID='20190910143641390'><General><Token>61111131252223224013000011333653</Token></General><Data></Data></Request>"}
[2019-09-10 14:36:41] 200 - OK - application/json
[2019-09-10 14:36:41] REQUEST POST - https://localhost:8082/public/ws/Config.asmx/All_Get
[2019-09-10 14:36:41] ---- FROM  ::1 (WinNT)
[2019-09-10 14:36:41] ---- BROWSER:  Chrome 76.0 (Mozilla/5.0 (Windows NT 10.0; Win64; x64) AppleWebKit/537.36 (KHTML, like Gecko) Chrome/76.0.3809.132 Safari/537.36)
[2019-09-10 14:36:41] ---- CONTENT: {data : "<?xml version='1.0' encoding='utf-8' ?><Request ID='20190910143641482'><General><Token>61111131252223224013000011333653</Token></General><Data></Data></Request>"}
[2019-09-10 14:36:41] 200 - OK - application/json
[2019-09-10 14:36:42] REQUEST GET - https://localhost:8082/settings/settings
[2019-09-10 14:36:42] ---- FROM  ::1 (WinNT)
[2019-09-10 14:36:42] ---- BROWSER:  Chrome 76.0 (Mozilla/5.0 (Windows NT 10.0; Win64; x64) AppleWebKit/537.36 (KHTML, like Gecko) Chrome/76.0.3809.132 Safari/537.36)
[2019-09-10 14:36:42] 200 - OK - text/html
[2019-09-10 14:36:43] REQUEST POST - https://localhost:8082/public/ws/General.asmx/Set
[2019-09-10 14:36:43] ---- FROM  ::1 (WinNT)
[2019-09-10 14:36:43] ---- BROWSER:  Chrome 76.0 (Mozilla/5.0 (Windows NT 10.0; Win64; x64) AppleWebKit/537.36 (KHTML, like Gecko) Chrome/76.0.3809.132 Safari/537.36)
[2019-09-10 14:36:43] ---- CONTENT: {data : "<?xml version='1.0' encoding='utf-8' ?><Request ID='20190910143643487'><General><Token>61111131252223224013000011333653</Token></General><Data><Nome></Nome><Logo>https%3A%2F%2Flocalhost%3A8082%2Fscratch%2Fpl_logo.png</Logo></Data></Request>"}
[2019-09-10 14:36:43] 200 - OK - application/json
[2019-09-10 14:36:43] REQUEST POST - https://localhost:8082/public/ws/Config.asmx/General_Get
[2019-09-10 14:36:43] ---- FROM  ::1 (WinNT)
[2019-09-10 14:36:43] ---- BROWSER:  Chrome 76.0 (Mozilla/5.0 (Windows NT 10.0; Win64; x64) AppleWebKit/537.36 (KHTML, like Gecko) Chrome/76.0.3809.132 Safari/537.36)
[2019-09-10 14:36:43] ---- CONTENT: {data : "<?xml version='1.0' encoding='utf-8' ?><Request ID='20190910143643507'><General><Token>61111131252223224013000011333653</Token></General><Data></Data></Request>"}
[2019-09-10 14:36:43] 200 - OK - application/json
[2019-09-10 14:36:43] REQUEST POST - https://localhost:8082/public/ws/Config.asmx/All_Get
[2019-09-10 14:36:43] ---- FROM  ::1 (WinNT)
[2019-09-10 14:36:43] ---- BROWSER:  Chrome 76.0 (Mozilla/5.0 (Windows NT 10.0; Win64; x64) AppleWebKit/537.36 (KHTML, like Gecko) Chrome/76.0.3809.132 Safari/537.36)
[2019-09-10 14:36:43] ---- CONTENT: {data : "<?xml version='1.0' encoding='utf-8' ?><Request ID='20190910143643533'><General><Token>61111131252223224013000011333653</Token></General><Data></Data></Request>"}
[2019-09-10 14:36:43] 200 - OK - application/json
[2019-09-10 14:36:43] REQUEST POST - https://localhost:8082/public/ws/Economics.asmx/messaggi_summary
[2019-09-10 14:36:43] ---- FROM  ::1 (WinNT)
[2019-09-10 14:36:43] ---- BROWSER:  Chrome 76.0 (Mozilla/5.0 (Windows NT 10.0; Win64; x64) AppleWebKit/537.36 (KHTML, like Gecko) Chrome/76.0.3809.132 Safari/537.36)
[2019-09-10 14:36:43] ---- CONTENT: {data : "<?xml version='1.0' encoding='utf-8' ?><Request ID='20190910143643551'><General><Token>61111131252223224013000011333653</Token></General><Data></Data></Request>"}
[2019-09-10 14:36:43] 200 - OK - application/json
[2019-09-10 14:36:43] REQUEST POST - https://localhost:8082/public/ws/Config.asmx/All_Get
[2019-09-10 14:36:43] ---- FROM  ::1 (WinNT)
[2019-09-10 14:36:43] ---- BROWSER:  Chrome 76.0 (Mozilla/5.0 (Windows NT 10.0; Win64; x64) AppleWebKit/537.36 (KHTML, like Gecko) Chrome/76.0.3809.132 Safari/537.36)
[2019-09-10 14:36:43] ---- CONTENT: {data : "<?xml version='1.0' encoding='utf-8' ?><Request ID='20190910143643581'><General><Token>61111131252223224013000011333653</Token></General><Data></Data></Request>"}
[2019-09-10 14:36:43] 200 - OK - application/json
[2019-09-10 14:36:43] REQUEST POST - https://localhost:8082/public/ws/Config.asmx/All_Get
[2019-09-10 14:36:43] ---- FROM  ::1 (WinNT)
[2019-09-10 14:36:43] ---- BROWSER:  Chrome 76.0 (Mozilla/5.0 (Windows NT 10.0; Win64; x64) AppleWebKit/537.36 (KHTML, like Gecko) Chrome/76.0.3809.132 Safari/537.36)
[2019-09-10 14:36:43] ---- CONTENT: {data : "<?xml version='1.0' encoding='utf-8' ?><Request ID='20190910143643672'><General><Token>61111131252223224013000011333653</Token></General><Data></Data></Request>"}
[2019-09-10 14:36:43] 200 - OK - application/json
[2019-09-10 14:36:43] REQUEST GET - https://localhost:8082/public/ws/Resources.ashx/xml-general
[2019-09-10 14:36:43] ---- FROM  ::1 (WinNT)
[2019-09-10 14:36:43] ---- BROWSER:  Chrome 76.0 (Mozilla/5.0 (Windows NT 10.0; Win64; x64) AppleWebKit/537.36 (KHTML, like Gecko) Chrome/76.0.3809.132 Safari/537.36)
[2019-09-10 14:36:43] 200 - OK - text/xml
[2019-09-10 14:36:43] REQUEST GET - https://localhost:8082/public/ws/Resources.ashx/xml-general
[2019-09-10 14:36:43] ---- FROM  ::1 (WinNT)
[2019-09-10 14:36:43] ---- BROWSER:  Chrome 76.0 (Mozilla/5.0 (Windows NT 10.0; Win64; x64) AppleWebKit/537.36 (KHTML, like Gecko) Chrome/76.0.3809.132 Safari/537.36)
[2019-09-10 14:36:43] 200 - OK - text/xml
[2019-09-10 14:36:50] REQUEST GET - https://localhost:8082/qa/qualitativa
[2019-09-10 14:36:50] ---- FROM  ::1 (WinNT)
[2019-09-10 14:36:50] ---- BROWSER:  Chrome 76.0 (Mozilla/5.0 (Windows NT 10.0; Win64; x64) AppleWebKit/537.36 (KHTML, like Gecko) Chrome/76.0.3809.132 Safari/537.36)
[2019-09-10 14:36:50] 200 - OK - text/html
[2019-09-10 14:36:51] REQUEST POST - https://localhost:8082/public/ws/QAnalysis.asmx/Get
[2019-09-10 14:36:51] ---- FROM  ::1 (WinNT)
[2019-09-10 14:36:51] ---- BROWSER:  Chrome 76.0 (Mozilla/5.0 (Windows NT 10.0; Win64; x64) AppleWebKit/537.36 (KHTML, like Gecko) Chrome/76.0.3809.132 Safari/537.36)
[2019-09-10 14:36:51] ---- CONTENT: {data : "<?xml version='1.0' encoding='utf-8' ?><Request ID='2019091014365172'><General><Token>61111131252223224013000011333653</Token></General><Data></Data></Request>"}
[2019-09-10 14:36:51] 200 - OK - application/json
[2019-09-10 14:36:51] REQUEST POST - https://localhost:8082/public/ws/Config.asmx/All_Get
[2019-09-10 14:36:51] ---- FROM  ::1 (WinNT)
[2019-09-10 14:36:51] ---- BROWSER:  Chrome 76.0 (Mozilla/5.0 (Windows NT 10.0; Win64; x64) AppleWebKit/537.36 (KHTML, like Gecko) Chrome/76.0.3809.132 Safari/537.36)
[2019-09-10 14:36:51] ---- CONTENT: {data : "<?xml version='1.0' encoding='utf-8' ?><Request ID='20190910143651105'><General><Token>61111131252223224013000011333653</Token></General><Data></Data></Request>"}
[2019-09-10 14:36:51] 200 - OK - application/json
[2019-09-10 14:36:51] REQUEST POST - https://localhost:8082/public/ws/Economics.asmx/messaggi_summary
[2019-09-10 14:36:51] ---- FROM  ::1 (WinNT)
[2019-09-10 14:36:51] ---- BROWSER:  Chrome 76.0 (Mozilla/5.0 (Windows NT 10.0; Win64; x64) AppleWebKit/537.36 (KHTML, like Gecko) Chrome/76.0.3809.132 Safari/537.36)
[2019-09-10 14:36:51] ---- CONTENT: {data : "<?xml version='1.0' encoding='utf-8' ?><Request ID='20190910143651123'><General><Token>61111131252223224013000011333653</Token></General><Data></Data></Request>"}
[2019-09-10 14:36:51] 200 - OK - application/json
[2019-09-10 14:36:51] REQUEST POST - https://localhost:8082/public/ws/Config.asmx/All_Get
[2019-09-10 14:36:51] ---- FROM  ::1 (WinNT)
[2019-09-10 14:36:51] ---- BROWSER:  Chrome 76.0 (Mozilla/5.0 (Windows NT 10.0; Win64; x64) AppleWebKit/537.36 (KHTML, like Gecko) Chrome/76.0.3809.132 Safari/537.36)
[2019-09-10 14:36:51] ---- CONTENT: {data : "<?xml version='1.0' encoding='utf-8' ?><Request ID='20190910143651177'><General><Token>61111131252223224013000011333653</Token></General><Data></Data></Request>"}
[2019-09-10 14:36:51] 200 - OK - application/json
[2019-09-10 14:36:51] REQUEST POST - https://localhost:8082/public/ws/Config.asmx/All_Get
[2019-09-10 14:36:51] ---- FROM  ::1 (WinNT)
[2019-09-10 14:36:51] ---- BROWSER:  Chrome 76.0 (Mozilla/5.0 (Windows NT 10.0; Win64; x64) AppleWebKit/537.36 (KHTML, like Gecko) Chrome/76.0.3809.132 Safari/537.36)
[2019-09-10 14:36:51] ---- CONTENT: {data : "<?xml version='1.0' encoding='utf-8' ?><Request ID='20190910143651254'><General><Token>61111131252223224013000011333653</Token></General><Data></Data></Request>"}
[2019-09-10 14:36:51] REQUEST GET - https://localhost:8082/public/ws/Resources.ashx/xml-qa
[2019-09-10 14:36:51] ---- FROM  ::1 (WinNT)
[2019-09-10 14:36:51] ---- BROWSER:  Chrome 76.0 (Mozilla/5.0 (Windows NT 10.0; Win64; x64) AppleWebKit/537.36 (KHTML, like Gecko) Chrome/76.0.3809.132 Safari/537.36)
[2019-09-10 14:36:51] 200 - OK - application/json
[2019-09-10 14:36:51] 200 - OK - text/xml
[2019-09-10 14:36:51] REQUEST GET - https://localhost:8082/public/ws/Resources.ashx/xml-qa
[2019-09-10 14:36:51] ---- FROM  ::1 (WinNT)
[2019-09-10 14:36:51] ---- BROWSER:  Chrome 76.0 (Mozilla/5.0 (Windows NT 10.0; Win64; x64) AppleWebKit/537.36 (KHTML, like Gecko) Chrome/76.0.3809.132 Safari/537.36)
[2019-09-10 14:36:51] 200 - OK - text/xml
[2019-09-10 14:36:51] REQUEST GET - https://localhost:8082/public/ws/Resources.ashx/xml-qa
[2019-09-10 14:36:51] ---- FROM  ::1 (WinNT)
[2019-09-10 14:36:51] ---- BROWSER:  Chrome 76.0 (Mozilla/5.0 (Windows NT 10.0; Win64; x64) AppleWebKit/537.36 (KHTML, like Gecko) Chrome/76.0.3809.132 Safari/537.36)
[2019-09-10 14:36:51] 200 - OK - text/xml
[2019-09-10 14:36:51] REQUEST GET - https://localhost:8082/public/ws/Resources.ashx/xml-qa
[2019-09-10 14:36:51] ---- FROM  ::1 (WinNT)
[2019-09-10 14:36:51] ---- BROWSER:  Chrome 76.0 (Mozilla/5.0 (Windows NT 10.0; Win64; x64) AppleWebKit/537.36 (KHTML, like Gecko) Chrome/76.0.3809.132 Safari/537.36)
[2019-09-10 14:36:51] 200 - OK - text/xml
[2019-09-10 14:36:51] REQUEST GET - https://localhost:8082/public/ws/Resources.ashx/xml-qa
[2019-09-10 14:36:51] ---- FROM  ::1 (WinNT)
[2019-09-10 14:36:51] ---- BROWSER:  Chrome 76.0 (Mozilla/5.0 (Windows NT 10.0; Win64; x64) AppleWebKit/537.36 (KHTML, like Gecko) Chrome/76.0.3809.132 Safari/537.36)
[2019-09-10 14:36:51] 200 - OK - text/xml
[2019-09-10 14:36:51] REQUEST GET - https://localhost:8082/public/ws/Resources.ashx/xml-qa
[2019-09-10 14:36:51] ---- FROM  ::1 (WinNT)
[2019-09-10 14:36:51] ---- BROWSER:  Chrome 76.0 (Mozilla/5.0 (Windows NT 10.0; Win64; x64) AppleWebKit/537.36 (KHTML, like Gecko) Chrome/76.0.3809.132 Safari/537.36)
[2019-09-10 14:36:51] 200 - OK - text/xml
[2019-09-10 14:36:51] REQUEST GET - https://localhost:8082/public/ws/Resources.ashx/xml-qa
[2019-09-10 14:36:51] ---- FROM  ::1 (WinNT)
[2019-09-10 14:36:51] ---- BROWSER:  Chrome 76.0 (Mozilla/5.0 (Windows NT 10.0; Win64; x64) AppleWebKit/537.36 (KHTML, like Gecko) Chrome/76.0.3809.132 Safari/537.36)
[2019-09-10 14:36:51] 200 - OK - text/xml
[2019-09-10 14:36:51] REQUEST GET - https://localhost:8082/public/ws/Resources.ashx/xml-qa
[2019-09-10 14:36:51] ---- FROM  ::1 (WinNT)
[2019-09-10 14:36:51] ---- BROWSER:  Chrome 76.0 (Mozilla/5.0 (Windows NT 10.0; Win64; x64) AppleWebKit/537.36 (KHTML, like Gecko) Chrome/76.0.3809.132 Safari/537.36)
[2019-09-10 14:36:51] 200 - OK - text/xml
[2019-09-10 14:36:51] REQUEST GET - https://localhost:8082/public/ws/Resources.ashx/xml-qa
[2019-09-10 14:36:51] ---- FROM  ::1 (WinNT)
[2019-09-10 14:36:51] ---- BROWSER:  Chrome 76.0 (Mozilla/5.0 (Windows NT 10.0; Win64; x64) AppleWebKit/537.36 (KHTML, like Gecko) Chrome/76.0.3809.132 Safari/537.36)
[2019-09-10 14:36:51] 200 - OK - text/xml
[2019-09-10 14:36:51] REQUEST GET - https://localhost:8082/public/ws/Resources.ashx/xml-qa
[2019-09-10 14:36:51] ---- FROM  ::1 (WinNT)
[2019-09-10 14:36:51] ---- BROWSER:  Chrome 76.0 (Mozilla/5.0 (Windows NT 10.0; Win64; x64) AppleWebKit/537.36 (KHTML, like Gecko) Chrome/76.0.3809.132 Safari/537.36)
[2019-09-10 14:36:51] 200 - OK - text/xml
[2019-09-10 14:36:51] REQUEST GET - https://localhost:8082/public/ws/Resources.ashx/xml-qa
[2019-09-10 14:36:51] ---- FROM  ::1 (WinNT)
[2019-09-10 14:36:51] ---- BROWSER:  Chrome 76.0 (Mozilla/5.0 (Windows NT 10.0; Win64; x64) AppleWebKit/537.36 (KHTML, like Gecko) Chrome/76.0.3809.132 Safari/537.36)
[2019-09-10 14:36:51] 200 - OK - text/xml
[2019-09-10 14:36:51] REQUEST GET - https://localhost:8082/public/ws/Resources.ashx/xml-qa
[2019-09-10 14:36:51] ---- FROM  ::1 (WinNT)
[2019-09-10 14:36:51] ---- BROWSER:  Chrome 76.0 (Mozilla/5.0 (Windows NT 10.0; Win64; x64) AppleWebKit/537.36 (KHTML, like Gecko) Chrome/76.0.3809.132 Safari/537.36)
[2019-09-10 14:36:51] 200 - OK - text/xml
[2019-09-10 14:36:51] REQUEST GET - https://localhost:8082/public/ws/Resources.ashx/xml-qa
[2019-09-10 14:36:51] ---- FROM  ::1 (WinNT)
[2019-09-10 14:36:51] ---- BROWSER:  Chrome 76.0 (Mozilla/5.0 (Windows NT 10.0; Win64; x64) AppleWebKit/537.36 (KHTML, like Gecko) Chrome/76.0.3809.132 Safari/537.36)
[2019-09-10 14:36:51] 200 - OK - text/xml
[2019-09-10 14:36:51] REQUEST GET - https://localhost:8082/public/ws/Resources.ashx/xml-qa
[2019-09-10 14:36:51] ---- FROM  ::1 (WinNT)
[2019-09-10 14:36:51] ---- BROWSER:  Chrome 76.0 (Mozilla/5.0 (Windows NT 10.0; Win64; x64) AppleWebKit/537.36 (KHTML, like Gecko) Chrome/76.0.3809.132 Safari/537.36)
[2019-09-10 14:36:51] 200 - OK - text/xml
[2019-09-10 14:36:51] REQUEST GET - https://localhost:8082/public/ws/Resources.ashx/xml-qa
[2019-09-10 14:36:51] ---- FROM  ::1 (WinNT)
[2019-09-10 14:36:51] ---- BROWSER:  Chrome 76.0 (Mozilla/5.0 (Windows NT 10.0; Win64; x64) AppleWebKit/537.36 (KHTML, like Gecko) Chrome/76.0.3809.132 Safari/537.36)
