[2019-11-08 12:55:19] ---- FROM  ::1 (WinNT)
[2019-11-08 12:55:19] ---- BROWSER:  Chrome 78.0 (Mozilla/5.0 (Windows NT 10.0; Win64; x64) AppleWebKit/537.36 (KHTML, like Gecko) Chrome/78.0.3904.87 Safari/537.36)
[2019-11-08 12:55:19] ---- CONTENT: {data : "<?xml version='1.0' encoding='utf-8' ?><Request ID='20191108125519311'><General><Token>21111141252224224017000011333853</Token></General><Data></Data></Request>"}
[2019-11-08 12:55:19] 200 - OK - application/json
[2019-11-08 12:55:19] REQUEST POST - https://localhost:8082/public/ws/Config.asmx/All_Get
[2019-11-08 12:55:19] ---- FROM  ::1 (WinNT)
[2019-11-08 12:55:19] ---- BROWSER:  Chrome 78.0 (Mozilla/5.0 (Windows NT 10.0; Win64; x64) AppleWebKit/537.36 (KHTML, like Gecko) Chrome/78.0.3904.87 Safari/537.36)
[2019-11-08 12:55:19] REQUEST POST - https://localhost:8082/public/ws/Config.asmx/All_Get
[2019-11-08 12:55:19] ---- FROM  ::1 (WinNT)
[2019-11-08 12:55:19] ---- CONTENT: {data : "<?xml version='1.0' encoding='utf-8' ?><Request ID='20191108125519402'><General><Token>21111141252224224017000011333853</Token></General><Data></Data></Request>"}
[2019-11-08 12:55:19] ---- BROWSER:  Chrome 78.0 (Mozilla/5.0 (Windows NT 10.0; Win64; x64) AppleWebKit/537.36 (KHTML, like Gecko) Chrome/78.0.3904.87 Safari/537.36)
[2019-11-08 12:55:19] ---- CONTENT: {data : "<?xml version='1.0' encoding='utf-8' ?><Request ID='20191108125519511'><General><Token>21111141252224224017000011333853</Token></General><Data></Data></Request>"}
[2019-11-08 12:55:19] 200 - OK - application/json
[2019-11-08 12:55:19] 200 - OK - application/json
[2019-11-08 12:56:05] REQUEST POST - https://localhost:8082/public/ws/Config.asmx/Economics_Set
[2019-11-08 12:56:05] ---- FROM  ::1 (WinNT)
[2019-11-08 12:56:05] ---- BROWSER:  Chrome 78.0 (Mozilla/5.0 (Windows NT 10.0; Win64; x64) AppleWebKit/537.36 (KHTML, like Gecko) Chrome/78.0.3904.87 Safari/537.36)
[2019-11-08 12:56:05] ---- CONTENT: {data : "<?xml version='1.0' encoding='utf-8' ?><Request ID='2019110812560522'><General><Token>21111141252224224017000011333853</Token></General><Data><NumAnni>5000</NumAnni><AnnoInizio>2018000</AnnoInizio><UtilizzoAnnoPrec>1</UtilizzoAnnoPrec><N_Prodotti>4000</N_Prodotti><P1>Lampade</P1><P2>Quadri</P2><P3>Elettronica</P3><P4>Telecamere</P4><P5></P5><N_MateriePrime>4000</N_MateriePrime><M01></M01><M02></M02><M03></M03><M04></M04><M05></M05><M06></M06><M07></M07><M08></M08><M09></M09><M10></M10><GiorniIncassoClienti>30000</GiorniIncassoClienti><GiorniPagamentoCostiVar_Prod>60000</GiorniPagamentoCostiVar_Prod><GiorniPagamentoCostiVar_Comm>60000</GiorniPagamentoCostiVar_Comm><GiorniPagamentoCostiEsterni_PF>150000</GiorniPagamentoCostiEsterni_PF><GiorniPagamentoCostiEsterni_MP>60000</GiorniPagamentoCostiEsterni_MP><GiorniPagamentoMkgtComm>60000</GiorniPagamentoMkgtComm><PercTFR>100000</PercTFR><IvaDefault>22000</IvaDefault><IresDefault>24000</IresDefault><IrapDefault>4000</IrapDefault></Data></Request>"}
[2019-11-08 12:56:05] 200 - OK - application/json
[2019-11-08 12:56:05] REQUEST POST - https://localhost:8082/public/ws/Config.asmx/All_Get
[2019-11-08 12:56:05] ---- FROM  ::1 (WinNT)
[2019-11-08 12:56:05] ---- BROWSER:  Chrome 78.0 (Mozilla/5.0 (Windows NT 10.0; Win64; x64) AppleWebKit/537.36 (KHTML, like Gecko) Chrome/78.0.3904.87 Safari/537.36)
[2019-11-08 12:56:05] ---- CONTENT: {data : "<?xml version='1.0' encoding='utf-8' ?><Request ID='20191108125605100'><General><Token>21111141252224224017000011333853</Token></General><Data></Data></Request>"}
[2019-11-08 12:56:05] 200 - OK - application/json
[2019-11-08 12:56:05] REQUEST POST - https://localhost:8082/public/ws/Economics.asmx/messaggi_summary
[2019-11-08 12:56:05] ---- FROM  ::1 (WinNT)
[2019-11-08 12:56:05] ---- BROWSER:  Chrome 78.0 (Mozilla/5.0 (Windows NT 10.0; Win64; x64) AppleWebKit/537.36 (KHTML, like Gecko) Chrome/78.0.3904.87 Safari/537.36)
[2019-11-08 12:56:05] ---- CONTENT: {data : "<?xml version='1.0' encoding='utf-8' ?><Request ID='20191108125605140'><General><Token>21111141252224224017000011333853</Token></General><Data></Data></Request>"}
[2019-11-08 12:56:05] 200 - OK - application/json
[2019-11-08 12:56:05] REQUEST POST - https://localhost:8082/public/ws/Config.asmx/All_Get
[2019-11-08 12:56:05] ---- FROM  ::1 (WinNT)
[2019-11-08 12:56:05] ---- BROWSER:  Chrome 78.0 (Mozilla/5.0 (Windows NT 10.0; Win64; x64) AppleWebKit/537.36 (KHTML, like Gecko) Chrome/78.0.3904.87 Safari/537.36)
[2019-11-08 12:56:05] ---- CONTENT: {data : "<?xml version='1.0' encoding='utf-8' ?><Request ID='20191108125605225'><General><Token>21111141252224224017000011333853</Token></General><Data></Data></Request>"}
[2019-11-08 12:56:05] 200 - OK - application/json
[2019-11-08 12:57:04] REQUEST POST - https://localhost:8082/public/ws/Config.asmx/Economics_Set
[2019-11-08 12:57:04] ---- FROM  ::1 (WinNT)
[2019-11-08 12:57:05] ---- BROWSER:  Chrome 78.0 (Mozilla/5.0 (Windows NT 10.0; Win64; x64) AppleWebKit/537.36 (KHTML, like Gecko) Chrome/78.0.3904.87 Safari/537.36)
[2019-11-08 12:57:05] ---- CONTENT: {data : "<?xml version='1.0' encoding='utf-8' ?><Request ID='20191108125704990'><General><Token>21111141252224224017000011333853</Token></General><Data><NumAnni>5000</NumAnni><AnnoInizio>2018000</AnnoInizio><UtilizzoAnnoPrec>1</UtilizzoAnnoPrec><N_Prodotti>4000</N_Prodotti><P1>Lampade</P1><P2>Quadri</P2><P3>Elettronica</P3><P4>Telecamere</P4><P5></P5><N_MateriePrime>4000</N_MateriePrime><M01>Viti</M01><M02>Bulloni</M02><M03>Minutistica</M03><M04>Materiale%20elettrico</M04><M05></M05><M06></M06><M07></M07><M08></M08><M09></M09><M10></M10><GiorniIncassoClienti>30000</GiorniIncassoClienti><GiorniPagamentoCostiVar_Prod>60000</GiorniPagamentoCostiVar_Prod><GiorniPagamentoCostiVar_Comm>60000</GiorniPagamentoCostiVar_Comm><GiorniPagamentoCostiEsterni_PF>150000</GiorniPagamentoCostiEsterni_PF><GiorniPagamentoCostiEsterni_MP>60000</GiorniPagamentoCostiEsterni_MP><GiorniPagamentoMkgtComm>60000</GiorniPagamentoMkgtComm><PercTFR>100000</PercTFR><IvaDefault>22000</IvaDefault><IresDefault>24000</IresDefault><IrapDefault>4000</IrapDefault></Data></Request>"}
[2019-11-08 12:57:05] 200 - OK - application/json
[2019-11-08 12:57:05] REQUEST POST - https://localhost:8082/public/ws/Economics.asmx/messaggi_summary
[2019-11-08 12:57:05] ---- FROM  ::1 (WinNT)
[2019-11-08 12:57:05] ---- BROWSER:  Chrome 78.0 (Mozilla/5.0 (Windows NT 10.0; Win64; x64) AppleWebKit/537.36 (KHTML, like Gecko) Chrome/78.0.3904.87 Safari/537.36)
[2019-11-08 12:57:05] ---- CONTENT: {data : "<?xml version='1.0' encoding='utf-8' ?><Request ID='2019110812570585'><General><Token>21111141252224224017000011333853</Token></General><Data></Data></Request>"}
[2019-11-08 12:57:05] 200 - OK - application/json
[2019-11-08 12:57:05] REQUEST POST - https://localhost:8082/public/ws/Config.asmx/All_Get
[2019-11-08 12:57:05] ---- FROM  ::1 (WinNT)
[2019-11-08 12:57:05] ---- BROWSER:  Chrome 78.0 (Mozilla/5.0 (Windows NT 10.0; Win64; x64) AppleWebKit/537.36 (KHTML, like Gecko) Chrome/78.0.3904.87 Safari/537.36)
[2019-11-08 12:57:05] ---- CONTENT: {data : "<?xml version='1.0' encoding='utf-8' ?><Request ID='20191108125705120'><General><Token>21111141252224224017000011333853</Token></General><Data></Data></Request>"}
[2019-11-08 12:57:05] 200 - OK - application/json
[2019-11-08 12:57:05] REQUEST POST - https://localhost:8082/public/ws/Config.asmx/All_Get
[2019-11-08 12:57:05] ---- FROM  ::1 (WinNT)
[2019-11-08 12:57:05] ---- BROWSER:  Chrome 78.0 (Mozilla/5.0 (Windows NT 10.0; Win64; x64) AppleWebKit/537.36 (KHTML, like Gecko) Chrome/78.0.3904.87 Safari/537.36)
[2019-11-08 12:57:05] ---- CONTENT: {data : "<?xml version='1.0' encoding='utf-8' ?><Request ID='20191108125705146'><General><Token>21111141252224224017000011333853</Token></General><Data></Data></Request>"}
[2019-11-08 12:57:05] 200 - OK - application/json
[2019-11-08 12:57:13] REQUEST GET - https://localhost:8082/economics/ricavi
[2019-11-08 12:57:13] ---- FROM  ::1 (WinNT)
[2019-11-08 12:57:13] ---- BROWSER:  Chrome 78.0 (Mozilla/5.0 (Windows NT 10.0; Win64; x64) AppleWebKit/537.36 (KHTML, like Gecko) Chrome/78.0.3904.87 Safari/537.36)
[2019-11-08 12:57:13] 200 - OK - text/html
[2019-11-08 12:57:13] REQUEST POST - https://localhost:8082/public/ws/Ricavi.asmx/Ricavo_Get
[2019-11-08 12:57:13] ---- FROM  ::1 (WinNT)
[2019-11-08 12:57:13] ---- BROWSER:  Chrome 78.0 (Mozilla/5.0 (Windows NT 10.0; Win64; x64) AppleWebKit/537.36 (KHTML, like Gecko) Chrome/78.0.3904.87 Safari/537.36)
[2019-11-08 12:57:13] ---- CONTENT: {data : "<?xml version='1.0' encoding='utf-8' ?><Request ID='20191108125713601'><General><Token>21111141252224224017000011333853</Token></General><Data></Data></Request>"}
[2019-11-08 12:57:13] 200 - OK - application/json
[2019-11-08 12:57:13] REQUEST POST - https://localhost:8082/public/ws/Config.asmx/All_Get
[2019-11-08 12:57:13] ---- FROM  ::1 (WinNT)
[2019-11-08 12:57:13] ---- BROWSER:  Chrome 78.0 (Mozilla/5.0 (Windows NT 10.0; Win64; x64) AppleWebKit/537.36 (KHTML, like Gecko) Chrome/78.0.3904.87 Safari/537.36)
[2019-11-08 12:57:13] ---- CONTENT: {data : "<?xml version='1.0' encoding='utf-8' ?><Request ID='20191108125713692'><General><Token>21111141252224224017000011333853</Token></General><Data></Data></Request>"}
[2019-11-08 12:57:13] REQUEST GET - https://localhost:8082/public/ws/Resources.ashx/xml-economics/21111141252224224017000011333853
[2019-11-08 12:57:13] ---- FROM  ::1 (WinNT)
[2019-11-08 12:57:13] ---- BROWSER:  Chrome 78.0 (Mozilla/5.0 (Windows NT 10.0; Win64; x64) AppleWebKit/537.36 (KHTML, like Gecko) Chrome/78.0.3904.87 Safari/537.36)
[2019-11-08 12:57:13] 200 - OK - application/json
[2019-11-08 12:57:13] 200 - OK - text/xml
[2019-11-08 12:57:13] REQUEST POST - https://localhost:8082/public/ws/Economics.asmx/messaggi_summary
[2019-11-08 12:57:13] ---- FROM  ::1 (WinNT)
[2019-11-08 12:57:13] ---- BROWSER:  Chrome 78.0 (Mozilla/5.0 (Windows NT 10.0; Win64; x64) AppleWebKit/537.36 (KHTML, like Gecko) Chrome/78.0.3904.87 Safari/537.36)
[2019-11-08 12:57:13] ---- CONTENT: {data : "<?xml version='1.0' encoding='utf-8' ?><Request ID='20191108125713737'><General><Token>21111141252224224017000011333853</Token></General><Data></Data></Request>"}
[2019-11-08 12:57:13] 200 - OK - application/json
[2019-11-08 12:57:14] REQUEST POST - https://localhost:8082/public/ws/Config.asmx/All_Get
[2019-11-08 12:57:14] ---- FROM  ::1 (WinNT)
[2019-11-08 12:57:14] ---- BROWSER:  Chrome 78.0 (Mozilla/5.0 (Windows NT 10.0; Win64; x64) AppleWebKit/537.36 (KHTML, like Gecko) Chrome/78.0.3904.87 Safari/537.36)
[2019-11-08 12:57:14] ---- CONTENT: {data : "<?xml version='1.0' encoding='utf-8' ?><Request ID='20191108125714326'><General><Token>21111141252224224017000011333853</Token></General><Data></Data></Request>"}
[2019-11-08 12:57:14] 200 - OK - application/json
[2019-11-08 12:57:14] REQUEST POST - https://localhost:8082/public/ws/Config.asmx/All_Get
[2019-11-08 12:57:14] ---- FROM  ::1 (WinNT)
[2019-11-08 12:57:14] ---- BROWSER:  Chrome 78.0 (Mozilla/5.0 (Windows NT 10.0; Win64; x64) AppleWebKit/537.36 (KHTML, like Gecko) Chrome/78.0.3904.87 Safari/537.36)
[2019-11-08 12:57:14] ---- CONTENT: {data : "<?xml version='1.0' encoding='utf-8' ?><Request ID='20191108125714383'><General><Token>21111141252224224017000011333853</Token></General><Data></Data></Request>"}
[2019-11-08 12:57:14] 200 - OK - application/json
[2019-11-08 12:59:14] REQUEST GET - https://localhost:8082/economics/costi-esterni
[2019-11-08 12:59:14] ---- FROM  ::1 (WinNT)
[2019-11-08 12:59:14] ---- BROWSER:  Chrome 78.0 (Mozilla/5.0 (Windows NT 10.0; Win64; x64) AppleWebKit/537.36 (KHTML, like Gecko) Chrome/78.0.3904.87 Safari/537.36)
[2019-11-08 12:59:14] 200 - OK - text/html
[2019-11-08 12:59:14] REQUEST POST - https://localhost:8082/public/ws/Ricavi.asmx/CostiEsterniMagazzino_Get
[2019-11-08 12:59:14] ---- FROM  ::1 (WinNT)
[2019-11-08 12:59:14] ---- BROWSER:  Chrome 78.0 (Mozilla/5.0 (Windows NT 10.0; Win64; x64) AppleWebKit/537.36 (KHTML, like Gecko) Chrome/78.0.3904.87 Safari/537.36)
[2019-11-08 12:59:14] ---- CONTENT: {data : "<?xml version='1.0' encoding='utf-8' ?><Request ID='20191108125914499'><General><Token>21111141252224224017000011333853</Token></General><Data></Data></Request>"}
[2019-11-08 12:59:14] 200 - OK - application/json
[2019-11-08 12:59:14] REQUEST POST - https://localhost:8082/public/ws/Config.asmx/All_Get
[2019-11-08 12:59:14] ---- FROM  ::1 (WinNT)
[2019-11-08 12:59:14] ---- BROWSER:  Chrome 78.0 (Mozilla/5.0 (Windows NT 10.0; Win64; x64) AppleWebKit/537.36 (KHTML, like Gecko) Chrome/78.0.3904.87 Safari/537.36)
[2019-11-08 12:59:14] ---- CONTENT: {data : "<?xml version='1.0' encoding='utf-8' ?><Request ID='20191108125914704'><General><Token>21111141252224224017000011333853</Token></General><Data></Data></Request>"}
[2019-11-08 12:59:14] 200 - OK - application/json
[2019-11-08 12:59:14] REQUEST POST - https://localhost:8082/public/ws/Economics.asmx/messaggi_summary
[2019-11-08 12:59:14] ---- FROM  ::1 (WinNT)
[2019-11-08 12:59:14] ---- BROWSER:  Chrome 78.0 (Mozilla/5.0 (Windows NT 10.0; Win64; x64) AppleWebKit/537.36 (KHTML, like Gecko) Chrome/78.0.3904.87 Safari/537.36)
[2019-11-08 12:59:14] ---- CONTENT: {data : "<?xml version='1.0' encoding='utf-8' ?><Request ID='20191108125914736'><General><Token>21111141252224224017000011333853</Token></General><Data></Data></Request>"}
[2019-11-08 12:59:14] 200 - OK - application/json
[2019-11-08 12:59:14] REQUEST POST - https://localhost:8082/public/ws/Config.asmx/All_Get
[2019-11-08 12:59:14] ---- FROM  ::1 (WinNT)
[2019-11-08 12:59:14] ---- BROWSER:  Chrome 78.0 (Mozilla/5.0 (Windows NT 10.0; Win64; x64) AppleWebKit/537.36 (KHTML, like Gecko) Chrome/78.0.3904.87 Safari/537.36)
[2019-11-08 12:59:14] ---- CONTENT: {data : "<?xml version='1.0' encoding='utf-8' ?><Request ID='20191108125914816'><General><Token>21111141252224224017000011333853</Token></General><Data></Data></Request>"}
[2019-11-08 12:59:14] 200 - OK - application/json
[2019-11-08 12:59:14] REQUEST GET - https://localhost:8082/public/ws/Resources.ashx/xml-economics/21111141252224224017000011333853
[2019-11-08 12:59:14] ---- FROM  ::1 (WinNT)
[2019-11-08 12:59:14] ---- BROWSER:  Chrome 78.0 (Mozilla/5.0 (Windows NT 10.0; Win64; x64) AppleWebKit/537.36 (KHTML, like Gecko) Chrome/78.0.3904.87 Safari/537.36)
[2019-11-08 12:59:14] 200 - OK - text/xml
[2019-11-08 12:59:19] REQUEST POST - https://localhost:8082/public/ws/Config.asmx/All_Get
[2019-11-08 12:59:19] ---- FROM  ::1 (WinNT)
[2019-11-08 12:59:19] ---- BROWSER:  Chrome 78.0 (Mozilla/5.0 (Windows NT 10.0; Win64; x64) AppleWebKit/537.36 (KHTML, like Gecko) Chrome/78.0.3904.87 Safari/537.36)
[2019-11-08 12:59:19] ---- CONTENT: {data : "<?xml version='1.0' encoding='utf-8' ?><Request ID='2019110812591978'><General><Token>21111141252224224017000011333853</Token></General><Data></Data></Request>"}
[2019-11-08 12:59:19] 200 - OK - application/json
[2019-11-08 13:00:30] REQUEST GET - https://localhost:8082/economics/ricavi
[2019-11-08 13:00:30] ---- FROM  ::1 (WinNT)
[2019-11-08 13:00:30] ---- BROWSER:  Chrome 78.0 (Mozilla/5.0 (Windows NT 10.0; Win64; x64) AppleWebKit/537.36 (KHTML, like Gecko) Chrome/78.0.3904.87 Safari/537.36)
[2019-11-08 13:00:30] 200 - OK - text/html
[2019-11-08 13:00:31] REQUEST POST - https://localhost:8082/public/ws/Ricavi.asmx/Ricavo_Get
[2019-11-08 13:00:31] ---- FROM  ::1 (WinNT)
[2019-11-08 13:00:31] ---- BROWSER:  Chrome 78.0 (Mozilla/5.0 (Windows NT 10.0; Win64; x64) AppleWebKit/537.36 (KHTML, like Gecko) Chrome/78.0.3904.87 Safari/537.36)
[2019-11-08 13:00:31] ---- CONTENT: {data : "<?xml version='1.0' encoding='utf-8' ?><Request ID='2019110813003167'><General><Token>21111141252224224017000011333853</Token></General><Data></Data></Request>"}
[2019-11-08 13:00:31] 200 - OK - application/json
[2019-11-08 13:00:31] REQUEST GET - https://localhost:8082/public/ws/Resources.ashx/xml-economics/21111141252224224017000011333853
[2019-11-08 13:00:31] ---- FROM  ::1 (WinNT)
[2019-11-08 13:00:31] ---- BROWSER:  Chrome 78.0 (Mozilla/5.0 (Windows NT 10.0; Win64; x64) AppleWebKit/537.36 (KHTML, like Gecko) Chrome/78.0.3904.87 Safari/537.36)
[2019-11-08 13:00:31] REQUEST POST - https://localhost:8082/public/ws/Config.asmx/All_Get
[2019-11-08 13:00:31] ---- FROM  ::1 (WinNT)
[2019-11-08 13:00:31] ---- BROWSER:  Chrome 78.0 (Mozilla/5.0 (Windows NT 10.0; Win64; x64) AppleWebKit/537.36 (KHTML, like Gecko) Chrome/78.0.3904.87 Safari/537.36)
[2019-11-08 13:00:31] ---- CONTENT: {data : "<?xml version='1.0' encoding='utf-8' ?><Request ID='20191108130031152'><General><Token>21111141252224224017000011333853</Token></General><Data></Data></Request>"}
[2019-11-08 13:00:31] 200 - OK - application/json
[2019-11-08 13:00:31] 200 - OK - text/xml
[2019-11-08 13:00:31] REQUEST POST - https://localhost:8082/public/ws/Economics.asmx/messaggi_summary
[2019-11-08 13:00:31] ---- FROM  ::1 (WinNT)
[2019-11-08 13:00:31] ---- BROWSER:  Chrome 78.0 (Mozilla/5.0 (Windows NT 10.0; Win64; x64) AppleWebKit/537.36 (KHTML, like Gecko) Chrome/78.0.3904.87 Safari/537.36)
[2019-11-08 13:00:31] ---- CONTENT: {data : "<?xml version='1.0' encoding='utf-8' ?><Request ID='20191108130031191'><General><Token>21111141252224224017000011333853</Token></General><Data></Data></Request>"}
[2019-11-08 13:00:31] 200 - OK - application/json
[2019-11-08 13:00:31] REQUEST POST - https://localhost:8082/public/ws/Config.asmx/All_Get
[2019-11-08 13:00:31] ---- FROM  ::1 (WinNT)
[2019-11-08 13:00:31] ---- BROWSER:  Chrome 78.0 (Mozilla/5.0 (Windows NT 10.0; Win64; x64) AppleWebKit/537.36 (KHTML, like Gecko) Chrome/78.0.3904.87 Safari/537.36)
[2019-11-08 13:00:31] ---- CONTENT: {data : "<?xml version='1.0' encoding='utf-8' ?><Request ID='20191108130031561'><General><Token>21111141252224224017000011333853</Token></General><Data></Data></Request>"}
[2019-11-08 13:00:31] 200 - OK - application/json
[2019-11-08 13:00:31] REQUEST POST - https://localhost:8082/public/ws/Config.asmx/All_Get
[2019-11-08 13:00:31] ---- FROM  ::1 (WinNT)
[2019-11-08 13:00:31] ---- BROWSER:  Chrome 78.0 (Mozilla/5.0 (Windows NT 10.0; Win64; x64) AppleWebKit/537.36 (KHTML, like Gecko) Chrome/78.0.3904.87 Safari/537.36)
[2019-11-08 13:00:31] ---- CONTENT: {data : "<?xml version='1.0' encoding='utf-8' ?><Request ID='20191108130031681'><General><Token>21111141252224224017000011333853</Token></General><Data></Data></Request>"}
[2019-11-08 13:00:31] 200 - OK - application/json
[2019-11-08 13:01:23] REQUEST GET - https://localhost:8082/economics/costi-esterni
[2019-11-08 13:01:23] ---- FROM  ::1 (WinNT)
[2019-11-08 13:01:23] ---- BROWSER:  Chrome 78.0 (Mozilla/5.0 (Windows NT 10.0; Win64; x64) AppleWebKit/537.36 (KHTML, like Gecko) Chrome/78.0.3904.87 Safari/537.36)
[2019-11-08 13:01:23] 200 - OK - text/html
[2019-11-08 13:01:23] REQUEST POST - https://localhost:8082/public/ws/Ricavi.asmx/CostiEsterniMagazzino_Get
[2019-11-08 13:01:23] ---- FROM  ::1 (WinNT)
[2019-11-08 13:01:23] ---- BROWSER:  Chrome 78.0 (Mozilla/5.0 (Windows NT 10.0; Win64; x64) AppleWebKit/537.36 (KHTML, like Gecko) Chrome/78.0.3904.87 Safari/537.36)
[2019-11-08 13:01:23] ---- CONTENT: {data : "<?xml version='1.0' encoding='utf-8' ?><Request ID='20191108130123685'><General><Token>21111141252224224017000011333853</Token></General><Data></Data></Request>"}
[2019-11-08 13:01:23] 200 - OK - application/json
[2019-11-08 13:01:23] REQUEST GET - https://localhost:8082/public/ws/Resources.ashx/xml-economics/21111141252224224017000011333853
[2019-11-08 13:01:23] ---- FROM  ::1 (WinNT)
[2019-11-08 13:01:23] ---- BROWSER:  Chrome 78.0 (Mozilla/5.0 (Windows NT 10.0; Win64; x64) AppleWebKit/537.36 (KHTML, like Gecko) Chrome/78.0.3904.87 Safari/537.36)
[2019-11-08 13:01:23] REQUEST POST - https://localhost:8082/public/ws/Config.asmx/All_Get
[2019-11-08 13:01:23] ---- FROM  ::1 (WinNT)
[2019-11-08 13:01:23] ---- BROWSER:  Chrome 78.0 (Mozilla/5.0 (Windows NT 10.0; Win64; x64) AppleWebKit/537.36 (KHTML, like Gecko) Chrome/78.0.3904.87 Safari/537.36)
[2019-11-08 13:01:23] ---- CONTENT: {data : "<?xml version='1.0' encoding='utf-8' ?><Request ID='20191108130123787'><General><Token>21111141252224224017000011333853</Token></General><Data></Data></Request>"}
[2019-11-08 13:01:23] 200 - OK - text/xml
[2019-11-08 13:01:23] 200 - OK - application/json
[2019-11-08 13:01:23] REQUEST POST - https://localhost:8082/public/ws/Economics.asmx/messaggi_summary
[2019-11-08 13:01:23] ---- FROM  ::1 (WinNT)
[2019-11-08 13:01:23] ---- BROWSER:  Chrome 78.0 (Mozilla/5.0 (Windows NT 10.0; Win64; x64) AppleWebKit/537.36 (KHTML, like Gecko) Chrome/78.0.3904.87 Safari/537.36)
[2019-11-08 13:01:23] ---- CONTENT: {data : "<?xml version='1.0' encoding='utf-8' ?><Request ID='20191108130123822'><General><Token>21111141252224224017000011333853</Token></General><Data></Data></Request>"}
[2019-11-08 13:01:23] 200 - OK - application/json
[2019-11-08 13:01:28] REQUEST POST - https://localhost:8082/public/ws/Config.asmx/All_Get
[2019-11-08 13:01:28] ---- FROM  ::1 (WinNT)
[2019-11-08 13:01:28] ---- BROWSER:  Chrome 78.0 (Mozilla/5.0 (Windows NT 10.0; Win64; x64) AppleWebKit/537.36 (KHTML, like Gecko) Chrome/78.0.3904.87 Safari/537.36)
[2019-11-08 13:01:28] ---- CONTENT: {data : "<?xml version='1.0' encoding='utf-8' ?><Request ID='2019110813012885'><General><Token>21111141252224224017000011333853</Token></General><Data></Data></Request>"}
[2019-11-08 13:01:28] 200 - OK - application/json
[2019-11-08 13:01:28] REQUEST POST - https://localhost:8082/public/ws/Config.asmx/All_Get
[2019-11-08 13:01:28] ---- FROM  ::1 (WinNT)
[2019-11-08 13:01:28] ---- BROWSER:  Chrome 78.0 (Mozilla/5.0 (Windows NT 10.0; Win64; x64) AppleWebKit/537.36 (KHTML, like Gecko) Chrome/78.0.3904.87 Safari/537.36)
[2019-11-08 13:01:28] ---- CONTENT: {data : "<?xml version='1.0' encoding='utf-8' ?><Request ID='20191108130128287'><General><Token>21111141252224224017000011333853</Token></General><Data></Data></Request>"}
[2019-11-08 13:01:28] 200 - OK - application/json
[2019-11-08 13:04:04] REQUEST POST - https://localhost:8082/public/ws/Ricavi.asmx/CostiEsterniMagazzino_Set
[2019-11-08 13:04:04] ---- FROM  ::1 (WinNT)
[2019-11-08 13:04:04] ---- BROWSER:  Chrome 78.0 (Mozilla/5.0 (Windows NT 10.0; Win64; x64) AppleWebKit/537.36 (KHTML, like Gecko) Chrome/78.0.3904.87 Safari/537.36)
[2019-11-08 13:04:04] ---- CONTENT: {data : "<?xml version='1.0' encoding='utf-8'?><Request ID='20191108130404660'><General><Token>21111141252224224017000011333853</Token></General><Data><Anni><Anno ID='1'><P1><Acquisti_PF_PercPrezzoUnitario>30000</Acquisti_PF_PercPrezzoUnitario><Magazzino_PF_Giorni>30000</Magazzino_PF_Giorni></P1><P2><Acquisti_PF_PercPrezzoUnitario>25000</Acquisti_PF_PercPrezzoUnitario><Magazzino_PF_Giorni>30000</Magazzino_PF_Giorni></P2><P3><Acquisti_PF_PercPrezzoUnitario>20000</Acquisti_PF_PercPrezzoUnitario><Magazzino_PF_Giorni>45000</Magazzino_PF_Giorni></P3><P4><Acquisti_PF_PercPrezzoUnitario>22000</Acquisti_PF_PercPrezzoUnitario><Magazzino_PF_Giorni>45000</Magazzino_PF_Giorni></P4><P5><Acquisti_PF_PercPrezzoUnitario>0</Acquisti_PF_PercPrezzoUnitario><Magazzino_PF_Giorni>0</Magazzino_PF_Giorni></P5><MP01><Acquisti_MP_PrezzoUnitario>110000</Acquisti_MP_PrezzoUnitario><Acquisti_MP_Quantita>1500000</Acquisti_MP_Quantita><Magazzino_MP_Giorni>25000</Magazzino_MP_Giorni></MP01><MP02><Acquisti_MP_PrezzoUnitario>14000</Acquisti_MP_PrezzoUnitario><Acquisti_MP_Quantita>500000</Acquisti_MP_Quantita><Magazzino_MP_Giorni>25000</Magazzino_MP_Giorni></MP02><MP03><Acquisti_MP_PrezzoUnitario>50000</Acquisti_MP_PrezzoUnitario><Acquisti_MP_Quantita>450000</Acquisti_MP_Quantita><Magazzino_MP_Giorni>25000</Magazzino_MP_Giorni></MP03><MP04><Acquisti_MP_PrezzoUnitario>150000</Acquisti_MP_PrezzoUnitario><Acquisti_MP_Quantita>400000</Acquisti_MP_Quantita><Magazzino_MP_Giorni>25000</Magazzino_MP_Giorni></MP04><MP05><Acquisti_MP_PrezzoUnitario>0</Acquisti_MP_PrezzoUnitario><Acquisti_MP_Quantita>0</Acquisti_MP_Quantita><Magazzino_MP_Giorni>0</Magazzino_MP_Giorni></MP05><MP06><Acquisti_MP_PrezzoUnitario>0</Acquisti_MP_PrezzoUnitario><Acquisti_MP_Quantita>0</Acquisti_MP_Quantita><Magazzino_MP_Giorni>0</Magazzino_MP_Giorni></MP06><MP07><Acquisti_MP_PrezzoUnitario>0</Acquisti_MP_PrezzoUnitario><Acquisti_MP_Quantita>0</Acquisti_MP_Quantita><Magazzino_MP_Giorni>0</Magazzino_MP_Giorni></MP07><MP08><Acquisti_MP_PrezzoUnitario>0</Acquisti_MP_PrezzoUnitario><Acquisti_MP_Quantita>0</Acquisti_MP_Quantita><Magazzino_MP_Giorni>0</Magazzino_MP_Giorni></MP08><MP09><Acquisti_MP_PrezzoUnitario>0</Acquisti_MP_PrezzoUnitario><Acquisti_MP_Quantita>0</Acquisti_MP_Quantita><Magazzino_MP_Giorni>0</Magazzino_MP_Giorni></MP09><MP10><Acquisti_MP_PrezzoUnitario>0</Acquisti_MP_PrezzoUnitario><Acquisti_MP_Quantita>0</Acquisti_MP_Quantita><Magazzino_MP_Giorni>0</Magazzino_MP_Giorni></MP10></Anno><Anno ID='2'><P1><Acquisti_PF_PercPrezzoUnitario>30000</Acquisti_PF_PercPrezzoUnitario><Magazzino_PF_Giorni>30000</Magazzino_PF_Giorni></P1><P2><Acquisti_PF_PercPrezzoUnitario>25000</Acquisti_PF_PercPrezzoUnitario><Magazzino_PF_Giorni>30000</Magazzino_PF_Giorni></P2><P3><Acquisti_PF_PercPrezzoUnitario>20000</Acquisti_PF_PercPrezzoUnitario><Magazzino_PF_Giorni>45000</Magazzino_PF_Giorni></P3><P4><Acquisti_PF_PercPrezzoUnitario>22000</Acquisti_PF_PercPrezzoUnitario><Magazzino_PF_Giorni>45000</Magazzino_PF_Giorni></P4><P5><Acquisti_PF_PercPrezzoUnitario>0</Acquisti_PF_PercPrezzoUnitario><Magazzino_PF_Giorni>0</Magazzino_PF_Giorni></P5><MP01><Acquisti_MP_PrezzoUnitario>110000</Acquisti_MP_PrezzoUnitario><Acquisti_MP_Quantita>1500000</Acquisti_MP_Quantita><Magazzino_MP_Giorni>25000</Magazzino_MP_Giorni></MP01><MP02><Acquisti_MP_PrezzoUnitario>14000</Acquisti_MP_PrezzoUnitario><Acquisti_MP_Quantita>500000</Acquisti_MP_Quantita><Magazzino_MP_Giorni>25000</Magazzino_MP_Giorni></MP02><MP03><Acquisti_MP_PrezzoUnitario>50000</Acquisti_MP_PrezzoUnitario><Acquisti_MP_Quantita>450000</Acquisti_MP_Quantita><Magazzino_MP_Giorni>25000</Magazzino_MP_Giorni></MP03><MP04><Acquisti_MP_PrezzoUnitario>150000</Acquisti_MP_PrezzoUnitario><Acquisti_MP_Quantita>400000</Acquisti_MP_Quantita><Magazzino_MP_Giorni>25000</Magazzino_MP_Giorni></MP04><MP05><Acquisti_MP_PrezzoUnitario>0</Acquisti_MP_PrezzoUnitario><Acquisti_MP_Quantita>0</Acquisti_MP_Quantita><Magazzino_MP_Giorni>0</Magazzino_MP_Giorni></MP05><MP06><Acquisti_MP_PrezzoUnitario>0</Acquisti_MP_PrezzoUnitario><Acquisti_MP_Quantita>0</Acquisti_MP_Quantita><Magazzino_MP_Giorni>0</Magazzino_MP_Giorni></MP06><MP07><Acquisti_MP_PrezzoUnitario>0</Acquisti_MP_PrezzoUnitario><Acquisti_MP_Quantita>0</Acquisti_MP_Quantita><Magazzino_MP_Giorni>0</Magazzino_MP_Giorni></MP07><MP08><Acquisti_MP_PrezzoUnitario>0</Acquisti_MP_PrezzoUnitario><Acquisti_MP_Quantita>0</Acquisti_MP_Quantita><Magazzino_MP_Giorni>0</Magazzino_MP_Giorni></MP08><MP09><Acquisti_MP_PrezzoUnitario>0</Acquisti_MP_PrezzoUnitario><Acquisti_MP_Quantita>0</Acquisti_MP_Quantita><Magazzino_MP_Giorni>0</Magazzino_MP_Giorni></MP09><MP10><Acquisti_MP_PrezzoUnitario>0</Acquisti_MP_PrezzoUnitario><Acquisti_MP_Quantita>0</Acquisti_MP_Quantita><Magazzino_MP_Giorni>0</Magazzino_MP_Giorni></MP10></Anno><Anno ID='3'><P1><Acquisti_PF_PercPrezzoUnitario>30000</Acquisti_PF_PercPrezzoUnitario><Magazzino_PF_Giorni>30000</Magazzino_PF_Giorni></P1><P2><Acquisti_PF_PercPrezzoUnitario>25000</Acquisti_PF_PercPrezzoUnitario><Magazzino_PF_Giorni>30000</Magazzino_PF_Giorni></P2><P3><Acquisti_PF_PercPrezzoUnitario>20000</Acquisti_PF_PercPrezzoUnitario><Magazzino_PF_Giorni>45000</Magazzino_PF_Giorni></P3><P4><Acquisti_PF_PercPrezzoUnitario>22000</Acquisti_PF_PercPrezzoUnitario><Magazzino_PF_Giorni>45000</Magazzino_PF_Giorni></P4><P5><Acquisti_PF_PercPrezzoUnitario>0</Acquisti_PF_PercPrezzoUnitario><Magazzino_PF_Giorni>0</Magazzino_PF_Giorni></P5><MP01><Acquisti_MP_PrezzoUnitario>110000</Acquisti_MP_PrezzoUnitario><Acquisti_MP_Quantita>1500000</Acquisti_MP_Quantita><Magazzino_MP_Giorni>25000</Magazzino_MP_Giorni></MP01><MP02><Acquisti_MP_PrezzoUnitario>14000</Acquisti_MP_PrezzoUnitario><Acquisti_MP_Quantita>500000</Acquisti_MP_Quantita><Magazzino_MP_Giorni>25000</Magazzino_MP_Giorni></MP02><MP03><Acquisti_MP_PrezzoUnitario>60000</Acquisti_MP_PrezzoUnitario><Acquisti_MP_Quantita>450000</Acquisti_MP_Quantita><Magazzino_MP_Giorni>25000</Magazzino_MP_Giorni></MP03><MP04><Acquisti_MP_PrezzoUnitario>150000</Acquisti_MP_PrezzoUnitario><Acquisti_MP_Quantita>400000</Acquisti_MP_Quantita><Magazzino_MP_Giorni>25000</Magazzino_MP_Giorni></MP04><MP05><Acquisti_MP_PrezzoUnitario>0</Acquisti_MP_PrezzoUnitario><Acquisti_MP_Quantita>0</Acquisti_MP_Quantita><Magazzino_MP_Giorni>0</Magazzino_MP_Giorni></MP05><MP06><Acquisti_MP_PrezzoUnitario>0</Acquisti_MP_PrezzoUnitario><Acquisti_MP_Quantita>0</Acquisti_MP_Quantita><Magazzino_MP_Giorni>0</Magazzino_MP_Giorni></MP06><MP07><Acquisti_MP_PrezzoUnitario>0</Acquisti_MP_PrezzoUnitario><Acquisti_MP_Quantita>0</Acquisti_MP_Quantita><Magazzino_MP_Giorni>0</Magazzino_MP_Giorni></MP07><MP08><Acquisti_MP_PrezzoUnitario>0</Acquisti_MP_PrezzoUnitario><Acquisti_MP_Quantita>0</Acquisti_MP_Quantita><Magazzino_MP_Giorni>0</Magazzino_MP_Giorni></MP08><MP09><Acquisti_MP_PrezzoUnitario>0</Acquisti_MP_PrezzoUnitario><Acquisti_MP_Quantita>0</Acquisti_MP_Quantita><Magazzino_MP_Giorni>0</Magazzino_MP_Giorni></MP09><MP10><Acquisti_MP_PrezzoUnitario>0</Acquisti_MP_PrezzoUnitario><Acquisti_MP_Quantita>0</Acquisti_MP_Quantita><Magazzino_MP_Giorni>0</Magazzino_MP_Giorni></MP10></Anno><Anno ID='4'><P1><Acquisti_PF_PercPrezzoUnitario>30000</Acquisti_PF_PercPrezzoUnitario><Magazzino_PF_Giorni>30000</Magazzino_PF_Giorni></P1><P2><Acquisti_PF_PercPrezzoUnitario>25000</Acquisti_PF_PercPrezzoUnitario><Magazzino_PF_Giorni>30000</Magazzino_PF_Giorni></P2><P3><Acquisti_PF_PercPrezzoUnitario>20000</Acquisti_PF_PercPrezzoUnitario><Magazzino_PF_Giorni>45000</Magazzino_PF_Giorni></P3><P4><Acquisti_PF_PercPrezzoUnitario>22000</Acquisti_PF_PercPrezzoUnitario><Magazzino_PF_Giorni>45000</Magazzino_PF_Giorni></P4><P5><Acquisti_PF_PercPrezzoUnitario>0</Acquisti_PF_PercPrezzoUnitario><Magazzino_PF_Giorni>0</Magazzino_PF_Giorni></P5><MP01><Acquisti_MP_PrezzoUnitario>130000</Acquisti_MP_PrezzoUnitario><Acquisti_MP_Quantita>1500000</Acquisti_MP_Quantita><Magazzino_MP_Giorni>25000</Magazzino_MP_Giorni></MP01><MP02><Acquisti_MP_PrezzoUnitario>16000</Acquisti_MP_PrezzoUnitario><Acquisti_MP_Quantita>500000</Acquisti_MP_Quantita><Magazzino_MP_Giorni>25000</Magazzino_MP_Giorni></MP02><MP03><Acquisti_MP_PrezzoUnitario>60000</Acquisti_MP_PrezzoUnitario><Acquisti_MP_Quantita>450000</Acquisti_MP_Quantita><Magazzino_MP_Giorni>25000</Magazzino_MP_Giorni></MP03><MP04><Acquisti_MP_PrezzoUnitario>150000</Acquisti_MP_PrezzoUnitario><Acquisti_MP_Quantita>400000</Acquisti_MP_Quantita><Magazzino_MP_Giorni>25000</Magazzino_MP_Giorni></MP04><MP05><Acquisti_MP_PrezzoUnitario>0</Acquisti_MP_PrezzoUnitario><Acquisti_MP_Quantita>0</Acquisti_MP_Quantita><Magazzino_MP_Giorni>0</Magazzino_MP_Giorni></MP05><MP06><Acquisti_MP_PrezzoUnitario>0</Acquisti_MP_PrezzoUnitario><Acquisti_MP_Quantita>0</Acquisti_MP_Quantita><Magazzino_MP_Giorni>0</Magazzino_MP_Giorni></MP06><MP07><Acquisti_MP_PrezzoUnitario>0</Acquisti_MP_PrezzoUnitario><Acquisti_MP_Quantita>0</Acquisti_MP_Quantita><Magazzino_MP_Giorni>0</Magazzino_MP_Giorni></MP07><MP08><Acquisti_MP_PrezzoUnitario>0</Acquisti_MP_PrezzoUnitario><Acquisti_MP_Quantita>0</Acquisti_MP_Quantita><Magazzino_MP_Giorni>0</Magazzino_MP_Giorni></MP08><MP09><Acquisti_MP_PrezzoUnitario>0</Acquisti_MP_PrezzoUnitario><Acquisti_MP_Quantita>0</Acquisti_MP_Quantita><Magazzino_MP_Giorni>0</Magazzino_MP_Giorni></MP09><MP10><Acquisti_MP_PrezzoUnitario>0</Acquisti_MP_PrezzoUnitario><Acquisti_MP_Quantita>0</Acquisti_MP_Quantita><Magazzino_MP_Giorni>0</Magazzino_MP_Giorni></MP10></Anno><Anno ID='5'><P1><Acquisti_PF_PercPrezzoUnitario>30000</Acquisti_PF_PercPrezzoUnitario><Magazzino_PF_Giorni>30000</Magazzino_PF_Giorni></P1><P2><Acquisti_PF_PercPrezzoUnitario>25000</Acquisti_PF_PercPrezzoUnitario><Magazzino_PF_Giorni>30000</Magazzino_PF_Giorni></P2><P3><Acquisti_PF_PercPrezzoUnitario>20000</Acquisti_PF_PercPrezzoUnitario><Magazzino_PF_Giorni>45000</Magazzino_PF_Giorni></P3><P4><Acquisti_PF_PercPrezzoUnitario>22000</Acquisti_PF_PercPrezzoUnitario><Magazzino_PF_Giorni>45000</Magazzino_PF_Giorni></P4><P5><Acquisti_PF_PercPrezzoUnitario>0</Acquisti_PF_PercPrezzoUnitario><Magazzino_PF_Giorni>0</Magazzino_PF_Giorni></P5><MP01><Acquisti_MP_PrezzoUnitario>150000</Acquisti_MP_PrezzoUnitario><Acquisti_MP_Quantita>1500000</Acquisti_MP_Quantita><Magazzino_MP_Giorni>25000</Magazzino_MP_Giorni></MP01><MP02><Acquisti_MP_PrezzoUnitario>18000</Acquisti_MP_PrezzoUnitario><Acquisti_MP_Quantita>500000</Acquisti_MP_Quantita><Magazzino_MP_Giorni>25000</Magazzino_MP_Giorni></MP02><MP03><Acquisti_MP_PrezzoUnitario>60000</Acquisti_MP_PrezzoUnitario><Acquisti_MP_Quantita>450000</Acquisti_MP_Quantita><Magazzino_MP_Giorni>25000</Magazzino_MP_Giorni></MP03><MP04><Acquisti_MP_PrezzoUnitario>150000</Acquisti_MP_PrezzoUnitario><Acquisti_MP_Quantita>400000</Acquisti_MP_Quantita><Magazzino_MP_Giorni>25000</Magazzino_MP_Giorni></MP04><MP05><Acquisti_MP_PrezzoUnitario>0</Acquisti_MP_PrezzoUnitario><Acquisti_MP_Quantita>0</Acquisti_MP_Quantita><Magazzino_MP_Giorni>0</Magazzino_MP_Giorni></MP05><MP06><Acquisti_MP_PrezzoUnitario>0</Acquisti_MP_PrezzoUnitario><Acquisti_MP_Quantita>0</Acquisti_MP_Quantita><Magazzino_MP_Giorni>0</Magazzino_MP_Giorni></MP06><MP07><Acquisti_MP_PrezzoUnitario>0</Acquisti_MP_PrezzoUnitario><Acquisti_MP_Quantita>0</Acquisti_MP_Quantita><Magazzino_MP_Giorni>0</Magazzino_MP_Giorni></MP07><MP08><Acquisti_MP_PrezzoUnitario>0</Acquisti_MP_PrezzoUnitario><Acquisti_MP_Quantita>0</Acquisti_MP_Quantita><Magazzino_MP_Giorni>0</Magazzino_MP_Giorni></MP08><MP09><Acquisti_MP_PrezzoUnitario>0</Acquisti_MP_PrezzoUnitario><Acquisti_MP_Quantita>0</Acquisti_MP_Quantita><Magazzino_MP_Giorni>0</Magazzino_MP_Giorni></MP09><MP10><Acquisti_MP_PrezzoUnitario>0</Acquisti_MP_PrezzoUnitario><Acquisti_MP_Quantita>0</Acquisti_MP_Quantita><Magazzino_MP_Giorni>0</Magazzino_MP_Giorni></MP10></Anno></Anni></Data></Request>"}
[2019-11-08 13:04:05] 200 - OK - application/json
[2019-11-08 13:04:05] REQUEST POST - https://localhost:8082/public/ws/Economics.asmx/messaggi_summary
[2019-11-08 13:04:05] ---- FROM  ::1 (WinNT)
[2019-11-08 13:04:05] ---- BROWSER:  Chrome 78.0 (Mozilla/5.0 (Windows NT 10.0; Win64; x64) AppleWebKit/537.36 (KHTML, like Gecko) Chrome/78.0.3904.87 Safari/537.36)
[2019-11-08 13:04:05] ---- CONTENT: {data : "<?xml version='1.0' encoding='utf-8' ?><Request ID='20191108130405247'><General><Token>21111141252224224017000011333853</Token></General><Data></Data></Request>"}
[2019-11-08 13:04:05] 200 - OK - application/json
[2019-11-08 13:04:05] REQUEST POST - https://localhost:8082/public/ws/Config.asmx/All_Get
[2019-11-08 13:04:05] ---- FROM  ::1 (WinNT)
[2019-11-08 13:04:05] ---- BROWSER:  Chrome 78.0 (Mozilla/5.0 (Windows NT 10.0; Win64; x64) AppleWebKit/537.36 (KHTML, like Gecko) Chrome/78.0.3904.87 Safari/537.36)
[2019-11-08 13:04:05] ---- CONTENT: {data : "<?xml version='1.0' encoding='utf-8' ?><Request ID='20191108130405335'><General><Token>21111141252224224017000011333853</Token></General><Data></Data></Request>"}
[2019-11-08 13:04:05] 200 - OK - application/json
[2019-11-08 13:04:11] REQUEST GET - https://localhost:8082/economics/costi-variabili
[2019-11-08 13:04:11] ---- FROM  ::1 (WinNT)
[2019-11-08 13:04:11] ---- BROWSER:  Chrome 78.0 (Mozilla/5.0 (Windows NT 10.0; Win64; x64) AppleWebKit/537.36 (KHTML, like Gecko) Chrome/78.0.3904.87 Safari/537.36)
[2019-11-08 13:04:11] 200 - OK - text/html
[2019-11-08 13:04:11] REQUEST POST - https://localhost:8082/public/ws/CostiVariabili.asmx/Get
[2019-11-08 13:04:11] ---- FROM  ::1 (WinNT)
[2019-11-08 13:04:11] ---- BROWSER:  Chrome 78.0 (Mozilla/5.0 (Windows NT 10.0; Win64; x64) AppleWebKit/537.36 (KHTML, like Gecko) Chrome/78.0.3904.87 Safari/537.36)
[2019-11-08 13:04:11] ---- CONTENT: {data : "<?xml version='1.0' encoding='utf-8' ?><Request ID='20191108130411629'><General><Token>21111141252224224017000011333853</Token></General><Data></Data></Request>"}
[2019-11-08 13:04:11] 200 - OK - application/json
[2019-11-08 13:04:11] REQUEST POST - https://localhost:8082/public/ws/Config.asmx/All_Get
[2019-11-08 13:04:11] ---- FROM  ::1 (WinNT)
[2019-11-08 13:04:11] ---- BROWSER:  Chrome 78.0 (Mozilla/5.0 (Windows NT 10.0; Win64; x64) AppleWebKit/537.36 (KHTML, like Gecko) Chrome/78.0.3904.87 Safari/537.36)
[2019-11-08 13:04:11] ---- CONTENT: {data : "<?xml version='1.0' encoding='utf-8' ?><Request ID='20191108130411863'><General><Token>21111141252224224017000011333853</Token></General><Data></Data></Request>"}
[2019-11-08 13:04:11] 200 - OK - application/json
[2019-11-08 13:04:11] REQUEST POST - https://localhost:8082/public/ws/Economics.asmx/messaggi_summary
[2019-11-08 13:04:11] ---- FROM  ::1 (WinNT)
[2019-11-08 13:04:11] ---- BROWSER:  Chrome 78.0 (Mozilla/5.0 (Windows NT 10.0; Win64; x64) AppleWebKit/537.36 (KHTML, like Gecko) Chrome/78.0.3904.87 Safari/537.36)
[2019-11-08 13:04:11] ---- CONTENT: {data : "<?xml version='1.0' encoding='utf-8' ?><Request ID='20191108130411891'><General><Token>21111141252224224017000011333853</Token></General><Data></Data></Request>"}
[2019-11-08 13:04:11] 200 - OK - application/json
[2019-11-08 13:04:11] REQUEST POST - https://localhost:8082/public/ws/Config.asmx/All_Get
[2019-11-08 13:04:11] ---- FROM  ::1 (WinNT)
[2019-11-08 13:04:11] ---- BROWSER:  Chrome 78.0 (Mozilla/5.0 (Windows NT 10.0; Win64; x64) AppleWebKit/537.36 (KHTML, like Gecko) Chrome/78.0.3904.87 Safari/537.36)
[2019-11-08 13:04:11] ---- CONTENT: {data : "<?xml version='1.0' encoding='utf-8' ?><Request ID='20191108130411936'><General><Token>21111141252224224017000011333853</Token></General><Data></Data></Request>"}
[2019-11-08 13:04:12] 200 - OK - application/json
[2019-11-08 13:04:12] REQUEST GET - https://localhost:8082/public/ws/Resources.ashx/xml-economics/21111141252224224017000011333853
[2019-11-08 13:04:12] ---- FROM  ::1 (WinNT)
[2019-11-08 13:04:12] ---- BROWSER:  Chrome 78.0 (Mozilla/5.0 (Windows NT 10.0; Win64; x64) AppleWebKit/537.36 (KHTML, like Gecko) Chrome/78.0.3904.87 Safari/537.36)
[2019-11-08 13:04:12] 200 - OK - text/xml
[2019-11-08 13:04:12] REQUEST POST - https://localhost:8082/public/ws/Config.asmx/All_Get
[2019-11-08 13:04:12] ---- FROM  ::1 (WinNT)
[2019-11-08 13:04:12] ---- BROWSER:  Chrome 78.0 (Mozilla/5.0 (Windows NT 10.0; Win64; x64) AppleWebKit/537.36 (KHTML, like Gecko) Chrome/78.0.3904.87 Safari/537.36)
[2019-11-08 13:04:12] ---- CONTENT: {data : "<?xml version='1.0' encoding='utf-8' ?><Request ID='20191108130412387'><General><Token>21111141252224224017000011333853</Token></General><Data></Data></Request>"}
[2019-11-08 13:04:12] 200 - OK - application/json
[2019-11-08 13:04:58] REQUEST GET - https://localhost:8082/economics/costi-interni
[2019-11-08 13:04:58] ---- FROM  ::1 (WinNT)
[2019-11-08 13:04:58] ---- BROWSER:  Chrome 78.0 (Mozilla/5.0 (Windows NT 10.0; Win64; x64) AppleWebKit/537.36 (KHTML, like Gecko) Chrome/78.0.3904.87 Safari/537.36)
[2019-11-08 13:04:58] 200 - OK - text/html
[2019-11-08 13:04:59] REQUEST POST - https://localhost:8082/public/ws/CostiInterni.asmx/Get
[2019-11-08 13:04:59] ---- FROM  ::1 (WinNT)
[2019-11-08 13:04:59] ---- BROWSER:  Chrome 78.0 (Mozilla/5.0 (Windows NT 10.0; Win64; x64) AppleWebKit/537.36 (KHTML, like Gecko) Chrome/78.0.3904.87 Safari/537.36)
[2019-11-08 13:04:59] ---- CONTENT: {data : "<?xml version='1.0' encoding='utf-8' ?><Request ID='20191108130459343'><General><Token>21111141252224224017000011333853</Token></General><Data></Data></Request>"}
[2019-11-08 13:04:59] 200 - OK - application/json
[2019-11-08 13:04:59] REQUEST POST - https://localhost:8082/public/ws/Config.asmx/All_Get
[2019-11-08 13:04:59] ---- FROM  ::1 (WinNT)
[2019-11-08 13:04:59] ---- BROWSER:  Chrome 78.0 (Mozilla/5.0 (Windows NT 10.0; Win64; x64) AppleWebKit/537.36 (KHTML, like Gecko) Chrome/78.0.3904.87 Safari/537.36)
[2019-11-08 13:04:59] ---- CONTENT: {data : "<?xml version='1.0' encoding='utf-8' ?><Request ID='20191108130459551'><General><Token>21111141252224224017000011333853</Token></General><Data></Data></Request>"}
[2019-11-08 13:04:59] 200 - OK - application/json
[2019-11-08 13:04:59] REQUEST POST - https://localhost:8082/public/ws/Economics.asmx/messaggi_summary
[2019-11-08 13:04:59] ---- FROM  ::1 (WinNT)
[2019-11-08 13:04:59] ---- BROWSER:  Chrome 78.0 (Mozilla/5.0 (Windows NT 10.0; Win64; x64) AppleWebKit/537.36 (KHTML, like Gecko) Chrome/78.0.3904.87 Safari/537.36)
[2019-11-08 13:04:59] ---- CONTENT: {data : "<?xml version='1.0' encoding='utf-8' ?><Request ID='20191108130459578'><General><Token>21111141252224224017000011333853</Token></General><Data></Data></Request>"}
[2019-11-08 13:04:59] 200 - OK - application/json
[2019-11-08 13:04:59] REQUEST GET - https://localhost:8082/public/ws/Resources.ashx/xml-economics/21111141252224224017000011333853
[2019-11-08 13:04:59] ---- FROM  ::1 (WinNT)
[2019-11-08 13:04:59] ---- BROWSER:  Chrome 78.0 (Mozilla/5.0 (Windows NT 10.0; Win64; x64) AppleWebKit/537.36 (KHTML, like Gecko) Chrome/78.0.3904.87 Safari/537.36)
[2019-11-08 13:04:59] REQUEST POST - https://localhost:8082/public/ws/Config.asmx/All_Get
[2019-11-08 13:04:59] ---- FROM  ::1 (WinNT)
[2019-11-08 13:04:59] ---- BROWSER:  Chrome 78.0 (Mozilla/5.0 (Windows NT 10.0; Win64; x64) AppleWebKit/537.36 (KHTML, like Gecko) Chrome/78.0.3904.87 Safari/537.36)
[2019-11-08 13:04:59] ---- CONTENT: {data : "<?xml version='1.0' encoding='utf-8' ?><Request ID='20191108130459634'><General><Token>21111141252224224017000011333853</Token></General><Data></Data></Request>"}
[2019-11-08 13:04:59] 200 - OK - text/xml
[2019-11-08 13:04:59] 200 - OK - application/json
[2019-11-08 13:05:00] REQUEST POST - https://localhost:8082/public/ws/Config.asmx/All_Get
[2019-11-08 13:05:00] ---- FROM  ::1 (WinNT)
[2019-11-08 13:05:00] ---- BROWSER:  Chrome 78.0 (Mozilla/5.0 (Windows NT 10.0; Win64; x64) AppleWebKit/537.36 (KHTML, like Gecko) Chrome/78.0.3904.87 Safari/537.36)
[2019-11-08 13:05:00] ---- CONTENT: {data : "<?xml version='1.0' encoding='utf-8' ?><Request ID='20191108130500576'><General><Token>21111141252224224017000011333853</Token></General><Data></Data></Request>"}
[2019-11-08 13:05:00] 200 - OK - application/json
