[2019-08-20 11:11:35] REQUEST GET - https://localhost:8082/home/welcome
[2019-08-20 11:11:35] ---- FROM  ::1 (WinNT)
[2019-08-20 11:11:35] ---- BROWSER:  Firefox 68.0 (Mozilla/5.0 (Windows NT 10.0; Win64; x64; rv:68.0) Gecko/20100101 Firefox/68.0)
[2019-08-20 11:11:35] 200 - OK - text/html
[2019-08-20 11:11:35] REQUEST POST - https://localhost:8082/public/ws/Config.asmx/Economics_Get
[2019-08-20 11:11:35] ---- FROM  ::1 (WinNT)
[2019-08-20 11:11:35] ---- BROWSER:  Firefox 68.0 (Mozilla/5.0 (Windows NT 10.0; Win64; x64; rv:68.0) Gecko/20100101 Firefox/68.0)
[2019-08-20 11:11:35] ---- CONTENT: {data : "<?xml version='1.0' encoding='utf-8' ?><Request ID='20190820111135559'><General><Token>61111131252223224013000011333653</Token></General><Data></Data></Request>"}
[2019-08-20 11:11:35] 200 - OK - application/json
[2019-08-20 11:11:35] REQUEST POST - https://localhost:8082/public/ws/Config.asmx/All_Get
[2019-08-20 11:11:35] ---- FROM  ::1 (WinNT)
[2019-08-20 11:11:35] ---- BROWSER:  Firefox 68.0 (Mozilla/5.0 (Windows NT 10.0; Win64; x64; rv:68.0) Gecko/20100101 Firefox/68.0)
[2019-08-20 11:11:35] ---- CONTENT: {data : "<?xml version='1.0' encoding='utf-8' ?><Request ID='20190820111135871'><General><Token>61111131252223224013000011333653</Token></General><Data></Data></Request>"}
[2019-08-20 11:11:35] REQUEST POST - https://localhost:8082/public/ws/Economics.asmx/messaggi_summary
[2019-08-20 11:11:35] ---- FROM  ::1 (WinNT)
[2019-08-20 11:11:35] ---- BROWSER:  Firefox 68.0 (Mozilla/5.0 (Windows NT 10.0; Win64; x64; rv:68.0) Gecko/20100101 Firefox/68.0)
[2019-08-20 11:11:35] ---- CONTENT: {data : "<?xml version='1.0' encoding='utf-8' ?><Request ID='20190820111135912'><General><Token>61111131252223224013000011333653</Token></General><Data></Data></Request>"}
[2019-08-20 11:11:35] 200 - OK - application/json
[2019-08-20 11:11:36] 200 - OK - application/json
[2019-08-20 11:11:36] REQUEST POST - https://localhost:8082/public/ws/Config.asmx/All_Get
[2019-08-20 11:11:36] ---- FROM  ::1 (WinNT)
[2019-08-20 11:11:36] ---- BROWSER:  Firefox 68.0 (Mozilla/5.0 (Windows NT 10.0; Win64; x64; rv:68.0) Gecko/20100101 Firefox/68.0)
[2019-08-20 11:11:36] ---- CONTENT: {data : "<?xml version='1.0' encoding='utf-8' ?><Request ID='2019082011113617'><General><Token>61111131252223224013000011333653</Token></General><Data></Data></Request>"}
[2019-08-20 11:11:36] 200 - OK - application/json
[2019-08-20 11:11:36] REQUEST POST - https://localhost:8082/public/ws/Config.asmx/All_Get
[2019-08-20 11:11:36] ---- FROM  ::1 (WinNT)
[2019-08-20 11:11:36] ---- BROWSER:  Firefox 68.0 (Mozilla/5.0 (Windows NT 10.0; Win64; x64; rv:68.0) Gecko/20100101 Firefox/68.0)
[2019-08-20 11:11:36] ---- CONTENT: {data : "<?xml version='1.0' encoding='utf-8' ?><Request ID='2019082011113631'><General><Token>61111131252223224013000011333653</Token></General><Data></Data></Request>"}
[2019-08-20 11:11:36] 200 - OK - application/json
[2019-08-20 11:12:04] REQUEST GET - https://localhost:8082/home/welcome
[2019-08-20 11:12:04] ---- FROM  ::1 (WinNT)
[2019-08-20 11:12:04] ---- BROWSER:  Firefox 68.0 (Mozilla/5.0 (Windows NT 10.0; Win64; x64; rv:68.0) Gecko/20100101 Firefox/68.0)
[2019-08-20 11:12:04] 200 - OK - text/html
[2019-08-20 11:12:04] REQUEST POST - https://localhost:8082/public/ws/Config.asmx/Economics_Get
[2019-08-20 11:12:04] ---- FROM  ::1 (WinNT)
[2019-08-20 11:12:04] ---- BROWSER:  Firefox 68.0 (Mozilla/5.0 (Windows NT 10.0; Win64; x64; rv:68.0) Gecko/20100101 Firefox/68.0)
[2019-08-20 11:12:04] ---- CONTENT: {data : "<?xml version='1.0' encoding='utf-8' ?><Request ID='20190820111204736'><General><Token>61111131252223224013000011333653</Token></General><Data></Data></Request>"}
[2019-08-20 11:12:04] 200 - OK - application/json
[2019-08-20 11:12:04] REQUEST POST - https://localhost:8082/public/ws/Config.asmx/All_Get
[2019-08-20 11:12:04] ---- FROM  ::1 (WinNT)
[2019-08-20 11:12:04] ---- BROWSER:  Firefox 68.0 (Mozilla/5.0 (Windows NT 10.0; Win64; x64; rv:68.0) Gecko/20100101 Firefox/68.0)
[2019-08-20 11:12:04] ---- CONTENT: {data : "<?xml version='1.0' encoding='utf-8' ?><Request ID='20190820111204812'><General><Token>61111131252223224013000011333653</Token></General><Data></Data></Request>"}
[2019-08-20 11:12:04] 200 - OK - application/json
[2019-08-20 11:12:04] REQUEST POST - https://localhost:8082/public/ws/Economics.asmx/messaggi_summary
[2019-08-20 11:12:04] ---- FROM  ::1 (WinNT)
[2019-08-20 11:12:04] ---- BROWSER:  Firefox 68.0 (Mozilla/5.0 (Windows NT 10.0; Win64; x64; rv:68.0) Gecko/20100101 Firefox/68.0)
[2019-08-20 11:12:04] ---- CONTENT: {data : "<?xml version='1.0' encoding='utf-8' ?><Request ID='20190820111204845'><General><Token>61111131252223224013000011333653</Token></General><Data></Data></Request>"}
[2019-08-20 11:12:04] 200 - OK - application/json
[2019-08-20 11:12:04] REQUEST POST - https://localhost:8082/public/ws/Config.asmx/All_Get
[2019-08-20 11:12:04] ---- FROM  ::1 (WinNT)
[2019-08-20 11:12:04] ---- BROWSER:  Firefox 68.0 (Mozilla/5.0 (Windows NT 10.0; Win64; x64; rv:68.0) Gecko/20100101 Firefox/68.0)
[2019-08-20 11:12:04] ---- CONTENT: {data : "<?xml version='1.0' encoding='utf-8' ?><Request ID='20190820111204896'><General><Token>61111131252223224013000011333653</Token></General><Data></Data></Request>"}
[2019-08-20 11:12:04] 200 - OK - application/json
[2019-08-20 11:12:04] REQUEST POST - https://localhost:8082/public/ws/Config.asmx/All_Get
[2019-08-20 11:12:04] ---- FROM  ::1 (WinNT)
[2019-08-20 11:12:04] ---- BROWSER:  Firefox 68.0 (Mozilla/5.0 (Windows NT 10.0; Win64; x64; rv:68.0) Gecko/20100101 Firefox/68.0)
[2019-08-20 11:12:04] ---- CONTENT: {data : "<?xml version='1.0' encoding='utf-8' ?><Request ID='20190820111204958'><General><Token>61111131252223224013000011333653</Token></General><Data></Data></Request>"}
[2019-08-20 11:12:04] 200 - OK - application/json
[2019-08-20 11:13:06] REQUEST GET - https://localhost:8082/home/welcome
[2019-08-20 11:13:06] ---- FROM  ::1 (WinNT)
[2019-08-20 11:13:06] ---- BROWSER:  Firefox 68.0 (Mozilla/5.0 (Windows NT 10.0; Win64; x64; rv:68.0) Gecko/20100101 Firefox/68.0)
[2019-08-20 11:13:06] 200 - OK - text/html
[2019-08-20 11:13:06] REQUEST POST - https://localhost:8082/public/ws/Config.asmx/Economics_Get
[2019-08-20 11:13:06] ---- FROM  ::1 (WinNT)
[2019-08-20 11:13:06] ---- BROWSER:  Firefox 68.0 (Mozilla/5.0 (Windows NT 10.0; Win64; x64; rv:68.0) Gecko/20100101 Firefox/68.0)
[2019-08-20 11:13:06] ---- CONTENT: {data : "<?xml version='1.0' encoding='utf-8' ?><Request ID='20190820111306752'><General><Token>61111131252223224013000011333653</Token></General><Data></Data></Request>"}
[2019-08-20 11:13:06] 200 - OK - application/json
[2019-08-20 11:13:06] REQUEST POST - https://localhost:8082/public/ws/Config.asmx/All_Get
[2019-08-20 11:13:06] ---- FROM  ::1 (WinNT)
[2019-08-20 11:13:06] ---- BROWSER:  Firefox 68.0 (Mozilla/5.0 (Windows NT 10.0; Win64; x64; rv:68.0) Gecko/20100101 Firefox/68.0)
[2019-08-20 11:13:06] ---- CONTENT: {data : "<?xml version='1.0' encoding='utf-8' ?><Request ID='20190820111306838'><General><Token>61111131252223224013000011333653</Token></General><Data></Data></Request>"}
[2019-08-20 11:13:06] 200 - OK - application/json
[2019-08-20 11:13:06] REQUEST POST - https://localhost:8082/public/ws/Economics.asmx/messaggi_summary
[2019-08-20 11:13:06] ---- FROM  ::1 (WinNT)
[2019-08-20 11:13:06] ---- BROWSER:  Firefox 68.0 (Mozilla/5.0 (Windows NT 10.0; Win64; x64; rv:68.0) Gecko/20100101 Firefox/68.0)
[2019-08-20 11:13:06] ---- CONTENT: {data : "<?xml version='1.0' encoding='utf-8' ?><Request ID='20190820111306890'><General><Token>61111131252223224013000011333653</Token></General><Data></Data></Request>"}
[2019-08-20 11:13:06] 200 - OK - application/json
[2019-08-20 11:13:06] REQUEST POST - https://localhost:8082/public/ws/Config.asmx/All_Get
[2019-08-20 11:13:06] ---- FROM  ::1 (WinNT)
[2019-08-20 11:13:06] ---- BROWSER:  Firefox 68.0 (Mozilla/5.0 (Windows NT 10.0; Win64; x64; rv:68.0) Gecko/20100101 Firefox/68.0)
[2019-08-20 11:13:06] ---- CONTENT: {data : "<?xml version='1.0' encoding='utf-8' ?><Request ID='20190820111306976'><General><Token>61111131252223224013000011333653</Token></General><Data></Data></Request>"}
[2019-08-20 11:13:07] 200 - OK - application/json
[2019-08-20 11:13:07] REQUEST POST - https://localhost:8082/public/ws/Config.asmx/All_Get
[2019-08-20 11:13:07] ---- FROM  ::1 (WinNT)
[2019-08-20 11:13:07] ---- BROWSER:  Firefox 68.0 (Mozilla/5.0 (Windows NT 10.0; Win64; x64; rv:68.0) Gecko/20100101 Firefox/68.0)
[2019-08-20 11:13:07] ---- CONTENT: {data : "<?xml version='1.0' encoding='utf-8' ?><Request ID='2019082011130727'><General><Token>61111131252223224013000011333653</Token></General><Data></Data></Request>"}
[2019-08-20 11:13:07] 200 - OK - application/json
[2019-08-20 11:13:36] REQUEST GET - https://localhost:8082/home/welcome
[2019-08-20 11:13:36] ---- FROM  ::1 (WinNT)
[2019-08-20 11:13:36] ---- BROWSER:  Firefox 68.0 (Mozilla/5.0 (Windows NT 10.0; Win64; x64; rv:68.0) Gecko/20100101 Firefox/68.0)
[2019-08-20 11:13:36] 200 - OK - text/html
[2019-08-20 11:13:36] REQUEST POST - https://localhost:8082/public/ws/Config.asmx/Economics_Get
[2019-08-20 11:13:36] ---- FROM  ::1 (WinNT)
[2019-08-20 11:13:36] ---- BROWSER:  Firefox 68.0 (Mozilla/5.0 (Windows NT 10.0; Win64; x64; rv:68.0) Gecko/20100101 Firefox/68.0)
[2019-08-20 11:13:36] ---- CONTENT: {data : "<?xml version='1.0' encoding='utf-8' ?><Request ID='20190820111336751'><General><Token>61111131252223224013000011333653</Token></General><Data></Data></Request>"}
[2019-08-20 11:13:36] 200 - OK - application/json
[2019-08-20 11:13:36] REQUEST POST - https://localhost:8082/public/ws/Config.asmx/All_Get
[2019-08-20 11:13:36] ---- FROM  ::1 (WinNT)
[2019-08-20 11:13:36] ---- BROWSER:  Firefox 68.0 (Mozilla/5.0 (Windows NT 10.0; Win64; x64; rv:68.0) Gecko/20100101 Firefox/68.0)
[2019-08-20 11:13:36] ---- CONTENT: {data : "<?xml version='1.0' encoding='utf-8' ?><Request ID='20190820111336812'><General><Token>61111131252223224013000011333653</Token></General><Data></Data></Request>"}
[2019-08-20 11:13:36] 200 - OK - application/json
[2019-08-20 11:13:36] REQUEST POST - https://localhost:8082/public/ws/Economics.asmx/messaggi_summary
[2019-08-20 11:13:36] ---- FROM  ::1 (WinNT)
[2019-08-20 11:13:36] ---- BROWSER:  Firefox 68.0 (Mozilla/5.0 (Windows NT 10.0; Win64; x64; rv:68.0) Gecko/20100101 Firefox/68.0)
[2019-08-20 11:13:36] ---- CONTENT: {data : "<?xml version='1.0' encoding='utf-8' ?><Request ID='20190820111336832'><General><Token>61111131252223224013000011333653</Token></General><Data></Data></Request>"}
[2019-08-20 11:13:36] 200 - OK - application/json
[2019-08-20 11:13:36] REQUEST POST - https://localhost:8082/public/ws/Config.asmx/All_Get
[2019-08-20 11:13:36] ---- FROM  ::1 (WinNT)
[2019-08-20 11:13:36] ---- BROWSER:  Firefox 68.0 (Mozilla/5.0 (Windows NT 10.0; Win64; x64; rv:68.0) Gecko/20100101 Firefox/68.0)
[2019-08-20 11:13:36] ---- CONTENT: {data : "<?xml version='1.0' encoding='utf-8' ?><Request ID='20190820111336877'><General><Token>61111131252223224013000011333653</Token></General><Data></Data></Request>"}
[2019-08-20 11:13:36] 200 - OK - application/json
[2019-08-20 11:13:36] REQUEST POST - https://localhost:8082/public/ws/Config.asmx/All_Get
[2019-08-20 11:13:36] ---- FROM  ::1 (WinNT)
[2019-08-20 11:13:36] ---- BROWSER:  Firefox 68.0 (Mozilla/5.0 (Windows NT 10.0; Win64; x64; rv:68.0) Gecko/20100101 Firefox/68.0)
[2019-08-20 11:13:36] ---- CONTENT: {data : "<?xml version='1.0' encoding='utf-8' ?><Request ID='20190820111336928'><General><Token>61111131252223224013000011333653</Token></General><Data></Data></Request>"}
[2019-08-20 11:13:36] 200 - OK - application/json
[2019-08-20 11:16:46] REQUEST GET - https://localhost:8082/home/welcome
[2019-08-20 11:16:46] ---- FROM  ::1 (WinNT)
[2019-08-20 11:16:46] ---- BROWSER:  Firefox 68.0 (Mozilla/5.0 (Windows NT 10.0; Win64; x64; rv:68.0) Gecko/20100101 Firefox/68.0)
[2019-08-20 11:16:46] 200 - OK - text/html
[2019-08-20 11:16:47] REQUEST POST - https://localhost:8082/public/ws/Config.asmx/Economics_Get
[2019-08-20 11:16:47] ---- FROM  ::1 (WinNT)
[2019-08-20 11:16:47] ---- BROWSER:  Firefox 68.0 (Mozilla/5.0 (Windows NT 10.0; Win64; x64; rv:68.0) Gecko/20100101 Firefox/68.0)
[2019-08-20 11:16:47] ---- CONTENT: {data : "<?xml version='1.0' encoding='utf-8' ?><Request ID='20190820111647188'><General><Token>61111131252223224013000011333653</Token></General><Data></Data></Request>"}
[2019-08-20 11:16:47] 200 - OK - application/json
[2019-08-20 11:16:47] REQUEST POST - https://localhost:8082/public/ws/Config.asmx/All_Get
[2019-08-20 11:16:47] ---- FROM  ::1 (WinNT)
[2019-08-20 11:16:47] ---- BROWSER:  Firefox 68.0 (Mozilla/5.0 (Windows NT 10.0; Win64; x64; rv:68.0) Gecko/20100101 Firefox/68.0)
[2019-08-20 11:16:47] ---- CONTENT: {data : "<?xml version='1.0' encoding='utf-8' ?><Request ID='20190820111647258'><General><Token>61111131252223224013000011333653</Token></General><Data></Data></Request>"}
[2019-08-20 11:16:47] 200 - OK - application/json
[2019-08-20 11:16:47] REQUEST POST - https://localhost:8082/public/ws/Economics.asmx/messaggi_summary
[2019-08-20 11:16:47] ---- FROM  ::1 (WinNT)
[2019-08-20 11:16:47] ---- BROWSER:  Firefox 68.0 (Mozilla/5.0 (Windows NT 10.0; Win64; x64; rv:68.0) Gecko/20100101 Firefox/68.0)
[2019-08-20 11:16:47] ---- CONTENT: {data : "<?xml version='1.0' encoding='utf-8' ?><Request ID='20190820111647286'><General><Token>61111131252223224013000011333653</Token></General><Data></Data></Request>"}
[2019-08-20 11:16:47] 200 - OK - application/json
[2019-08-20 11:16:47] REQUEST POST - https://localhost:8082/public/ws/Config.asmx/All_Get
[2019-08-20 11:16:47] ---- FROM  ::1 (WinNT)
[2019-08-20 11:16:47] ---- BROWSER:  Firefox 68.0 (Mozilla/5.0 (Windows NT 10.0; Win64; x64; rv:68.0) Gecko/20100101 Firefox/68.0)
[2019-08-20 11:16:47] ---- CONTENT: {data : "<?xml version='1.0' encoding='utf-8' ?><Request ID='20190820111647343'><General><Token>61111131252223224013000011333653</Token></General><Data></Data></Request>"}
[2019-08-20 11:16:47] 200 - OK - application/json
[2019-08-20 11:16:47] REQUEST POST - https://localhost:8082/public/ws/Config.asmx/All_Get
[2019-08-20 11:16:47] ---- FROM  ::1 (WinNT)
[2019-08-20 11:16:47] ---- BROWSER:  Firefox 68.0 (Mozilla/5.0 (Windows NT 10.0; Win64; x64; rv:68.0) Gecko/20100101 Firefox/68.0)
[2019-08-20 11:16:47] ---- CONTENT: {data : "<?xml version='1.0' encoding='utf-8' ?><Request ID='20190820111647420'><General><Token>61111131252223224013000011333653</Token></General><Data></Data></Request>"}
[2019-08-20 11:16:47] 200 - OK - application/json
[2019-08-20 11:19:41] REQUEST GET - https://localhost:8082/home/welcome
[2019-08-20 11:19:41] ---- FROM  ::1 (WinNT)
[2019-08-20 11:19:41] ---- BROWSER:  Firefox 68.0 (Mozilla/5.0 (Windows NT 10.0; Win64; x64; rv:68.0) Gecko/20100101 Firefox/68.0)
[2019-08-20 11:19:41] 200 - OK - text/html
[2019-08-20 11:19:42] REQUEST POST - https://localhost:8082/public/ws/Config.asmx/Economics_Get
[2019-08-20 11:19:42] ---- FROM  ::1 (WinNT)
[2019-08-20 11:19:42] ---- BROWSER:  Firefox 68.0 (Mozilla/5.0 (Windows NT 10.0; Win64; x64; rv:68.0) Gecko/20100101 Firefox/68.0)
[2019-08-20 11:19:42] ---- CONTENT: {data : "<?xml version='1.0' encoding='utf-8' ?><Request ID='20190820111942153'><General><Token>61111131252223224013000011333653</Token></General><Data></Data></Request>"}
[2019-08-20 11:19:42] 200 - OK - application/json
[2019-08-20 11:19:42] REQUEST POST - https://localhost:8082/public/ws/Config.asmx/All_Get
[2019-08-20 11:19:42] ---- FROM  ::1 (WinNT)
[2019-08-20 11:19:42] ---- BROWSER:  Firefox 68.0 (Mozilla/5.0 (Windows NT 10.0; Win64; x64; rv:68.0) Gecko/20100101 Firefox/68.0)
[2019-08-20 11:19:42] ---- CONTENT: {data : "<?xml version='1.0' encoding='utf-8' ?><Request ID='20190820111942231'><General><Token>61111131252223224013000011333653</Token></General><Data></Data></Request>"}
[2019-08-20 11:19:42] 200 - OK - application/json
[2019-08-20 11:19:42] REQUEST POST - https://localhost:8082/public/ws/Economics.asmx/messaggi_summary
[2019-08-20 11:19:42] ---- FROM  ::1 (WinNT)
[2019-08-20 11:19:42] ---- BROWSER:  Firefox 68.0 (Mozilla/5.0 (Windows NT 10.0; Win64; x64; rv:68.0) Gecko/20100101 Firefox/68.0)
[2019-08-20 11:19:42] ---- CONTENT: {data : "<?xml version='1.0' encoding='utf-8' ?><Request ID='20190820111942267'><General><Token>61111131252223224013000011333653</Token></General><Data></Data></Request>"}
[2019-08-20 11:19:42] 200 - OK - application/json
[2019-08-20 11:19:42] REQUEST POST - https://localhost:8082/public/ws/Config.asmx/All_Get
[2019-08-20 11:19:42] ---- FROM  ::1 (WinNT)
[2019-08-20 11:19:42] ---- BROWSER:  Firefox 68.0 (Mozilla/5.0 (Windows NT 10.0; Win64; x64; rv:68.0) Gecko/20100101 Firefox/68.0)
[2019-08-20 11:19:42] ---- CONTENT: {data : "<?xml version='1.0' encoding='utf-8' ?><Request ID='20190820111942317'><General><Token>61111131252223224013000011333653</Token></General><Data></Data></Request>"}
[2019-08-20 11:19:42] 200 - OK - application/json
[2019-08-20 11:19:42] REQUEST POST - https://localhost:8082/public/ws/Config.asmx/All_Get
[2019-08-20 11:19:42] ---- FROM  ::1 (WinNT)
[2019-08-20 11:19:42] ---- BROWSER:  Firefox 68.0 (Mozilla/5.0 (Windows NT 10.0; Win64; x64; rv:68.0) Gecko/20100101 Firefox/68.0)
[2019-08-20 11:19:42] ---- CONTENT: {data : "<?xml version='1.0' encoding='utf-8' ?><Request ID='20190820111942369'><General><Token>61111131252223224013000011333653</Token></General><Data></Data></Request>"}
[2019-08-20 11:19:42] 200 - OK - application/json
[2019-08-20 11:19:45] REQUEST GET - https://localhost:8082/home/welcome
[2019-08-20 11:19:45] ---- FROM  ::1 (WinNT)
[2019-08-20 11:19:45] ---- BROWSER:  Firefox 68.0 (Mozilla/5.0 (Windows NT 10.0; Win64; x64; rv:68.0) Gecko/20100101 Firefox/68.0)
[2019-08-20 11:19:45] 200 - OK - text/html
[2019-08-20 11:19:46] REQUEST POST - https://localhost:8082/public/ws/Config.asmx/Economics_Get
[2019-08-20 11:19:46] ---- FROM  ::1 (WinNT)
[2019-08-20 11:19:46] ---- BROWSER:  Firefox 68.0 (Mozilla/5.0 (Windows NT 10.0; Win64; x64; rv:68.0) Gecko/20100101 Firefox/68.0)
[2019-08-20 11:19:46] ---- CONTENT: {data : "<?xml version='1.0' encoding='utf-8' ?><Request ID='20190820111946223'><General><Token>61111131252223224013000011333653</Token></General><Data></Data></Request>"}
[2019-08-20 11:19:46] 200 - OK - application/json
[2019-08-20 11:19:46] REQUEST POST - https://localhost:8082/public/ws/Config.asmx/All_Get
[2019-08-20 11:19:46] ---- FROM  ::1 (WinNT)
[2019-08-20 11:19:46] ---- BROWSER:  Firefox 68.0 (Mozilla/5.0 (Windows NT 10.0; Win64; x64; rv:68.0) Gecko/20100101 Firefox/68.0)
[2019-08-20 11:19:46] ---- CONTENT: {data : "<?xml version='1.0' encoding='utf-8' ?><Request ID='20190820111946289'><General><Token>61111131252223224013000011333653</Token></General><Data></Data></Request>"}
[2019-08-20 11:19:46] 200 - OK - application/json
[2019-08-20 11:19:46] REQUEST POST - https://localhost:8082/public/ws/Economics.asmx/messaggi_summary
[2019-08-20 11:19:46] ---- FROM  ::1 (WinNT)
[2019-08-20 11:19:46] ---- BROWSER:  Firefox 68.0 (Mozilla/5.0 (Windows NT 10.0; Win64; x64; rv:68.0) Gecko/20100101 Firefox/68.0)
[2019-08-20 11:19:46] ---- CONTENT: {data : "<?xml version='1.0' encoding='utf-8' ?><Request ID='20190820111946315'><General><Token>61111131252223224013000011333653</Token></General><Data></Data></Request>"}
[2019-08-20 11:19:46] 200 - OK - application/json
[2019-08-20 11:19:46] REQUEST POST - https://localhost:8082/public/ws/Config.asmx/All_Get
[2019-08-20 11:19:46] ---- FROM  ::1 (WinNT)
[2019-08-20 11:19:46] ---- BROWSER:  Firefox 68.0 (Mozilla/5.0 (Windows NT 10.0; Win64; x64; rv:68.0) Gecko/20100101 Firefox/68.0)
[2019-08-20 11:19:46] ---- CONTENT: {data : "<?xml version='1.0' encoding='utf-8' ?><Request ID='20190820111946365'><General><Token>61111131252223224013000011333653</Token></General><Data></Data></Request>"}
[2019-08-20 11:19:46] 200 - OK - application/json
[2019-08-20 11:19:46] REQUEST POST - https://localhost:8082/public/ws/Config.asmx/All_Get
[2019-08-20 11:19:46] ---- FROM  ::1 (WinNT)
[2019-08-20 11:19:46] ---- BROWSER:  Firefox 68.0 (Mozilla/5.0 (Windows NT 10.0; Win64; x64; rv:68.0) Gecko/20100101 Firefox/68.0)
[2019-08-20 11:19:46] ---- CONTENT: {data : "<?xml version='1.0' encoding='utf-8' ?><Request ID='20190820111946419'><General><Token>61111131252223224013000011333653</Token></General><Data></Data></Request>"}
[2019-08-20 11:19:46] 200 - OK - application/json
[2019-08-20 11:22:29] REQUEST GET - https://localhost:8082/home/welcome
[2019-08-20 11:22:29] ---- FROM  ::1 (WinNT)
[2019-08-20 11:22:29] ---- BROWSER:  Firefox 68.0 (Mozilla/5.0 (Windows NT 10.0; Win64; x64; rv:68.0) Gecko/20100101 Firefox/68.0)
[2019-08-20 11:22:29] 200 - OK - text/html
[2019-08-20 11:22:30] REQUEST POST - https://localhost:8082/public/ws/Config.asmx/Economics_Get
[2019-08-20 11:22:30] ---- FROM  ::1 (WinNT)
[2019-08-20 11:22:30] ---- BROWSER:  Firefox 68.0 (Mozilla/5.0 (Windows NT 10.0; Win64; x64; rv:68.0) Gecko/20100101 Firefox/68.0)
[2019-08-20 11:22:30] ---- CONTENT: {data : "<?xml version='1.0' encoding='utf-8' ?><Request ID='20190820112230359'><General><Token>61111131252223224013000011333653</Token></General><Data></Data></Request>"}
[2019-08-20 11:22:30] 200 - OK - application/json
[2019-08-20 11:22:30] REQUEST POST - https://localhost:8082/public/ws/Config.asmx/All_Get
[2019-08-20 11:22:30] ---- FROM  ::1 (WinNT)
[2019-08-20 11:22:30] ---- BROWSER:  Firefox 68.0 (Mozilla/5.0 (Windows NT 10.0; Win64; x64; rv:68.0) Gecko/20100101 Firefox/68.0)
[2019-08-20 11:22:30] ---- CONTENT: {data : "<?xml version='1.0' encoding='utf-8' ?><Request ID='20190820112230442'><General><Token>61111131252223224013000011333653</Token></General><Data></Data></Request>"}
[2019-08-20 11:22:30] 200 - OK - application/json
[2019-08-20 11:22:30] REQUEST POST - https://localhost:8082/public/ws/Economics.asmx/messaggi_summary
[2019-08-20 11:22:30] ---- FROM  ::1 (WinNT)
[2019-08-20 11:22:30] ---- BROWSER:  Firefox 68.0 (Mozilla/5.0 (Windows NT 10.0; Win64; x64; rv:68.0) Gecko/20100101 Firefox/68.0)
[2019-08-20 11:22:30] ---- CONTENT: {data : "<?xml version='1.0' encoding='utf-8' ?><Request ID='20190820112230477'><General><Token>61111131252223224013000011333653</Token></General><Data></Data></Request>"}
[2019-08-20 11:22:30] 200 - OK - application/json
[2019-08-20 11:22:30] REQUEST POST - https://localhost:8082/public/ws/Config.asmx/All_Get
[2019-08-20 11:22:30] ---- FROM  ::1 (WinNT)
[2019-08-20 11:22:30] ---- BROWSER:  Firefox 68.0 (Mozilla/5.0 (Windows NT 10.0; Win64; x64; rv:68.0) Gecko/20100101 Firefox/68.0)
[2019-08-20 11:22:30] ---- CONTENT: {data : "<?xml version='1.0' encoding='utf-8' ?><Request ID='20190820112230538'><General><Token>61111131252223224013000011333653</Token></General><Data></Data></Request>"}
[2019-08-20 11:22:30] 200 - OK - application/json
[2019-08-20 11:22:30] REQUEST POST - https://localhost:8082/public/ws/Config.asmx/All_Get
[2019-08-20 11:22:30] ---- FROM  ::1 (WinNT)
[2019-08-20 11:22:30] ---- BROWSER:  Firefox 68.0 (Mozilla/5.0 (Windows NT 10.0; Win64; x64; rv:68.0) Gecko/20100101 Firefox/68.0)
[2019-08-20 11:22:30] ---- CONTENT: {data : "<?xml version='1.0' encoding='utf-8' ?><Request ID='20190820112230594'><General><Token>61111131252223224013000011333653</Token></General><Data></Data></Request>"}
[2019-08-20 11:22:30] 200 - OK - application/json
[2019-08-20 11:23:21] REQUEST GET - https://localhost:8082/home/welcome
[2019-08-20 11:23:21] ---- FROM  ::1 (WinNT)
[2019-08-20 11:23:21] ---- BROWSER:  Firefox 68.0 (Mozilla/5.0 (Windows NT 10.0; Win64; x64; rv:68.0) Gecko/20100101 Firefox/68.0)
[2019-08-20 11:23:21] 200 - OK - text/html
[2019-08-20 11:23:23] REQUEST POST - https://localhost:8082/public/ws/Config.asmx/Economics_Get
[2019-08-20 11:23:23] ---- FROM  ::1 (WinNT)
[2019-08-20 11:23:23] ---- BROWSER:  Firefox 68.0 (Mozilla/5.0 (Windows NT 10.0; Win64; x64; rv:68.0) Gecko/20100101 Firefox/68.0)
[2019-08-20 11:23:23] ---- CONTENT: {data : "<?xml version='1.0' encoding='utf-8' ?><Request ID='20190820112323567'><General><Token>61111131252223224013000011333653</Token></General><Data></Data></Request>"}
[2019-08-20 11:23:23] 200 - OK - application/json
[2019-08-20 11:23:23] REQUEST POST - https://localhost:8082/public/ws/Config.asmx/All_Get
[2019-08-20 11:23:23] ---- FROM  ::1 (WinNT)
[2019-08-20 11:23:23] ---- BROWSER:  Firefox 68.0 (Mozilla/5.0 (Windows NT 10.0; Win64; x64; rv:68.0) Gecko/20100101 Firefox/68.0)
[2019-08-20 11:23:23] ---- CONTENT: {data : "<?xml version='1.0' encoding='utf-8' ?><Request ID='20190820112323626'><General><Token>61111131252223224013000011333653</Token></General><Data></Data></Request>"}
[2019-08-20 11:23:23] 200 - OK - application/json
[2019-08-20 11:23:23] REQUEST POST - https://localhost:8082/public/ws/Economics.asmx/messaggi_summary
[2019-08-20 11:23:23] ---- FROM  ::1 (WinNT)
[2019-08-20 11:23:23] ---- BROWSER:  Firefox 68.0 (Mozilla/5.0 (Windows NT 10.0; Win64; x64; rv:68.0) Gecko/20100101 Firefox/68.0)
[2019-08-20 11:23:23] ---- CONTENT: {data : "<?xml version='1.0' encoding='utf-8' ?><Request ID='20190820112323661'><General><Token>61111131252223224013000011333653</Token></General><Data></Data></Request>"}
[2019-08-20 11:23:23] 200 - OK - application/json
[2019-08-20 11:23:23] REQUEST POST - https://localhost:8082/public/ws/Config.asmx/All_Get
[2019-08-20 11:23:23] ---- FROM  ::1 (WinNT)
[2019-08-20 11:23:23] ---- BROWSER:  Firefox 68.0 (Mozilla/5.0 (Windows NT 10.0; Win64; x64; rv:68.0) Gecko/20100101 Firefox/68.0)
[2019-08-20 11:23:23] ---- CONTENT: {data : "<?xml version='1.0' encoding='utf-8' ?><Request ID='20190820112323774'><General><Token>61111131252223224013000011333653</Token></General><Data></Data></Request>"}
[2019-08-20 11:23:23] 200 - OK - application/json
[2019-08-20 11:23:25] REQUEST POST - https://localhost:8082/public/ws/Config.asmx/All_Get
[2019-08-20 11:23:25] ---- FROM  ::1 (WinNT)
[2019-08-20 11:23:25] ---- BROWSER:  Firefox 68.0 (Mozilla/5.0 (Windows NT 10.0; Win64; x64; rv:68.0) Gecko/20100101 Firefox/68.0)
[2019-08-20 11:23:25] ---- CONTENT: {data : "<?xml version='1.0' encoding='utf-8' ?><Request ID='20190820112324464'><General><Token>61111131252223224013000011333653</Token></General><Data></Data></Request>"}
[2019-08-20 11:23:25] 200 - OK - application/json
[2019-08-20 11:23:55] REQUEST GET - https://localhost:8082/home/welcome
[2019-08-20 11:23:55] ---- FROM  ::1 (WinNT)
[2019-08-20 11:23:55] ---- BROWSER:  Firefox 68.0 (Mozilla/5.0 (Windows NT 10.0; Win64; x64; rv:68.0) Gecko/20100101 Firefox/68.0)
[2019-08-20 11:23:55] 200 - OK - text/html
[2019-08-20 11:23:55] REQUEST POST - https://localhost:8082/public/ws/Config.asmx/Economics_Get
[2019-08-20 11:23:55] ---- FROM  ::1 (WinNT)
[2019-08-20 11:23:55] ---- BROWSER:  Firefox 68.0 (Mozilla/5.0 (Windows NT 10.0; Win64; x64; rv:68.0) Gecko/20100101 Firefox/68.0)
[2019-08-20 11:23:55] ---- CONTENT: {data : "<?xml version='1.0' encoding='utf-8' ?><Request ID='20190820112355858'><General><Token>61111131252223224013000011333653</Token></General><Data></Data></Request>"}
[2019-08-20 11:23:55] 200 - OK - application/json
[2019-08-20 11:23:56] REQUEST POST - https://localhost:8082/public/ws/Config.asmx/All_Get
[2019-08-20 11:23:56] ---- FROM  ::1 (WinNT)
[2019-08-20 11:23:56] ---- BROWSER:  Firefox 68.0 (Mozilla/5.0 (Windows NT 10.0; Win64; x64; rv:68.0) Gecko/20100101 Firefox/68.0)
[2019-08-20 11:23:56] ---- CONTENT: {data : "<?xml version='1.0' encoding='utf-8' ?><Request ID='20190820112355970'><General><Token>61111131252223224013000011333653</Token></General><Data></Data></Request>"}
[2019-08-20 11:23:56] 200 - OK - application/json
[2019-08-20 11:23:56] REQUEST POST - https://localhost:8082/public/ws/Economics.asmx/messaggi_summary
[2019-08-20 11:23:56] ---- FROM  ::1 (WinNT)
[2019-08-20 11:23:56] ---- BROWSER:  Firefox 68.0 (Mozilla/5.0 (Windows NT 10.0; Win64; x64; rv:68.0) Gecko/20100101 Firefox/68.0)
[2019-08-20 11:23:56] ---- CONTENT: {data : "<?xml version='1.0' encoding='utf-8' ?><Request ID='2019082011235629'><General><Token>61111131252223224013000011333653</Token></General><Data></Data></Request>"}
[2019-08-20 11:23:56] 200 - OK - application/json
[2019-08-20 11:23:56] REQUEST POST - https://localhost:8082/public/ws/Config.asmx/All_Get
[2019-08-20 11:23:56] ---- FROM  ::1 (WinNT)
[2019-08-20 11:23:56] ---- BROWSER:  Firefox 68.0 (Mozilla/5.0 (Windows NT 10.0; Win64; x64; rv:68.0) Gecko/20100101 Firefox/68.0)
[2019-08-20 11:23:56] ---- CONTENT: {data : "<?xml version='1.0' encoding='utf-8' ?><Request ID='2019082011235678'><General><Token>61111131252223224013000011333653</Token></General><Data></Data></Request>"}
[2019-08-20 11:23:56] 200 - OK - application/json
[2019-08-20 11:23:56] REQUEST POST - https://localhost:8082/public/ws/Config.asmx/All_Get
[2019-08-20 11:23:56] ---- FROM  ::1 (WinNT)
[2019-08-20 11:23:56] ---- BROWSER:  Firefox 68.0 (Mozilla/5.0 (Windows NT 10.0; Win64; x64; rv:68.0) Gecko/20100101 Firefox/68.0)
[2019-08-20 11:23:56] ---- CONTENT: {data : "<?xml version='1.0' encoding='utf-8' ?><Request ID='20190820112356217'><General><Token>61111131252223224013000011333653</Token></General><Data></Data></Request>"}
[2019-08-20 11:23:56] 200 - OK - application/json
[2019-08-20 11:24:04] REQUEST GET - https://localhost:8082/home/welcome
[2019-08-20 11:24:04] ---- FROM  ::1 (WinNT)
[2019-08-20 11:24:04] ---- BROWSER:  Firefox 68.0 (Mozilla/5.0 (Windows NT 10.0; Win64; x64; rv:68.0) Gecko/20100101 Firefox/68.0)
[2019-08-20 11:24:04] 200 - OK - text/html
[2019-08-20 11:24:05] REQUEST POST - https://localhost:8082/public/ws/Config.asmx/Economics_Get
[2019-08-20 11:24:05] ---- FROM  ::1 (WinNT)
[2019-08-20 11:24:05] ---- BROWSER:  Firefox 68.0 (Mozilla/5.0 (Windows NT 10.0; Win64; x64; rv:68.0) Gecko/20100101 Firefox/68.0)
[2019-08-20 11:24:05] ---- CONTENT: {data : "<?xml version='1.0' encoding='utf-8' ?><Request ID='2019082011240529'><General><Token>61111131252223224013000011333653</Token></General><Data></Data></Request>"}
[2019-08-20 11:24:05] 200 - OK - application/json
[2019-08-20 11:24:05] REQUEST POST - https://localhost:8082/public/ws/Config.asmx/All_Get
[2019-08-20 11:24:05] ---- FROM  ::1 (WinNT)
[2019-08-20 11:24:05] ---- BROWSER:  Firefox 68.0 (Mozilla/5.0 (Windows NT 10.0; Win64; x64; rv:68.0) Gecko/20100101 Firefox/68.0)
[2019-08-20 11:24:05] ---- CONTENT: {data : "<?xml version='1.0' encoding='utf-8' ?><Request ID='20190820112405133'><General><Token>61111131252223224013000011333653</Token></General><Data></Data></Request>"}
[2019-08-20 11:24:05] 200 - OK - application/json
[2019-08-20 11:24:05] REQUEST POST - https://localhost:8082/public/ws/Economics.asmx/messaggi_summary
[2019-08-20 11:24:05] ---- FROM  ::1 (WinNT)
[2019-08-20 11:24:05] ---- BROWSER:  Firefox 68.0 (Mozilla/5.0 (Windows NT 10.0; Win64; x64; rv:68.0) Gecko/20100101 Firefox/68.0)
[2019-08-20 11:24:05] ---- CONTENT: {data : "<?xml version='1.0' encoding='utf-8' ?><Request ID='20190820112405167'><General><Token>61111131252223224013000011333653</Token></General><Data></Data></Request>"}
[2019-08-20 11:24:05] 200 - OK - application/json
[2019-08-20 11:24:05] REQUEST POST - https://localhost:8082/public/ws/Config.asmx/All_Get
[2019-08-20 11:24:05] ---- FROM  ::1 (WinNT)
[2019-08-20 11:24:05] ---- BROWSER:  Firefox 68.0 (Mozilla/5.0 (Windows NT 10.0; Win64; x64; rv:68.0) Gecko/20100101 Firefox/68.0)
[2019-08-20 11:24:05] ---- CONTENT: {data : "<?xml version='1.0' encoding='utf-8' ?><Request ID='20190820112405236'><General><Token>61111131252223224013000011333653</Token></General><Data></Data></Request>"}
[2019-08-20 11:24:05] 200 - OK - application/json
[2019-08-20 11:24:05] REQUEST POST - https://localhost:8082/public/ws/Config.asmx/All_Get
[2019-08-20 11:24:05] ---- FROM  ::1 (WinNT)
[2019-08-20 11:24:05] ---- BROWSER:  Firefox 68.0 (Mozilla/5.0 (Windows NT 10.0; Win64; x64; rv:68.0) Gecko/20100101 Firefox/68.0)
[2019-08-20 11:24:05] ---- CONTENT: {data : "<?xml version='1.0' encoding='utf-8' ?><Request ID='20190820112405292'><General><Token>61111131252223224013000011333653</Token></General><Data></Data></Request>"}
[2019-08-20 11:24:05] 200 - OK - application/json
[2019-08-20 11:24:35] REQUEST GET - https://localhost:8082/home/welcome
[2019-08-20 11:24:35] ---- FROM  ::1 (WinNT)
[2019-08-20 11:24:35] ---- BROWSER:  Firefox 68.0 (Mozilla/5.0 (Windows NT 10.0; Win64; x64; rv:68.0) Gecko/20100101 Firefox/68.0)
[2019-08-20 11:24:35] 200 - OK - text/html
[2019-08-20 11:24:36] REQUEST POST - https://localhost:8082/public/ws/Config.asmx/Economics_Get
[2019-08-20 11:24:36] ---- FROM  ::1 (WinNT)
[2019-08-20 11:24:36] ---- BROWSER:  Firefox 68.0 (Mozilla/5.0 (Windows NT 10.0; Win64; x64; rv:68.0) Gecko/20100101 Firefox/68.0)
[2019-08-20 11:24:36] ---- CONTENT: {data : "<?xml version='1.0' encoding='utf-8' ?><Request ID='20190820112436610'><General><Token>61111131252223224013000011333653</Token></General><Data></Data></Request>"}
[2019-08-20 11:24:36] 200 - OK - application/json
[2019-08-20 11:24:36] REQUEST POST - https://localhost:8082/public/ws/Config.asmx/All_Get
[2019-08-20 11:24:36] ---- FROM  ::1 (WinNT)
[2019-08-20 11:24:36] ---- BROWSER:  Firefox 68.0 (Mozilla/5.0 (Windows NT 10.0; Win64; x64; rv:68.0) Gecko/20100101 Firefox/68.0)
[2019-08-20 11:24:36] ---- CONTENT: {data : "<?xml version='1.0' encoding='utf-8' ?><Request ID='20190820112436732'><General><Token>61111131252223224013000011333653</Token></General><Data></Data></Request>"}
[2019-08-20 11:24:36] 200 - OK - application/json
[2019-08-20 11:24:36] REQUEST POST - https://localhost:8082/public/ws/Economics.asmx/messaggi_summary
[2019-08-20 11:24:36] ---- FROM  ::1 (WinNT)
[2019-08-20 11:24:36] ---- BROWSER:  Firefox 68.0 (Mozilla/5.0 (Windows NT 10.0; Win64; x64; rv:68.0) Gecko/20100101 Firefox/68.0)
[2019-08-20 11:24:36] ---- CONTENT: {data : "<?xml version='1.0' encoding='utf-8' ?><Request ID='20190820112436764'><General><Token>61111131252223224013000011333653</Token></General><Data></Data></Request>"}
[2019-08-20 11:24:36] 200 - OK - application/json
[2019-08-20 11:24:36] REQUEST POST - https://localhost:8082/public/ws/Config.asmx/All_Get
[2019-08-20 11:24:36] ---- FROM  ::1 (WinNT)
[2019-08-20 11:24:36] ---- BROWSER:  Firefox 68.0 (Mozilla/5.0 (Windows NT 10.0; Win64; x64; rv:68.0) Gecko/20100101 Firefox/68.0)
[2019-08-20 11:24:36] ---- CONTENT: {data : "<?xml version='1.0' encoding='utf-8' ?><Request ID='20190820112436855'><General><Token>61111131252223224013000011333653</Token></General><Data></Data></Request>"}
[2019-08-20 11:24:36] 200 - OK - application/json
[2019-08-20 11:24:36] REQUEST POST - https://localhost:8082/public/ws/Config.asmx/All_Get
[2019-08-20 11:24:36] ---- FROM  ::1 (WinNT)
[2019-08-20 11:24:36] ---- BROWSER:  Firefox 68.0 (Mozilla/5.0 (Windows NT 10.0; Win64; x64; rv:68.0) Gecko/20100101 Firefox/68.0)
[2019-08-20 11:24:36] ---- CONTENT: {data : "<?xml version='1.0' encoding='utf-8' ?><Request ID='20190820112436899'><General><Token>61111131252223224013000011333653</Token></General><Data></Data></Request>"}
[2019-08-20 11:24:36] 200 - OK - application/json
[2019-08-20 11:25:56] REQUEST GET - https://localhost:8082/home/welcome
[2019-08-20 11:25:56] ---- FROM  ::1 (WinNT)
[2019-08-20 11:25:56] ---- BROWSER:  Firefox 68.0 (Mozilla/5.0 (Windows NT 10.0; Win64; x64; rv:68.0) Gecko/20100101 Firefox/68.0)
[2019-08-20 11:25:56] 200 - OK - text/html
[2019-08-20 11:25:56] REQUEST POST - https://localhost:8082/public/ws/Config.asmx/Economics_Get
[2019-08-20 11:25:56] ---- FROM  ::1 (WinNT)
[2019-08-20 11:25:56] ---- BROWSER:  Firefox 68.0 (Mozilla/5.0 (Windows NT 10.0; Win64; x64; rv:68.0) Gecko/20100101 Firefox/68.0)
[2019-08-20 11:25:56] ---- CONTENT: {data : "<?xml version='1.0' encoding='utf-8' ?><Request ID='20190820112556766'><General><Token>61111131252223224013000011333653</Token></General><Data></Data></Request>"}
[2019-08-20 11:25:56] 200 - OK - application/json
[2019-08-20 11:25:56] REQUEST POST - https://localhost:8082/public/ws/Config.asmx/All_Get
[2019-08-20 11:25:56] ---- FROM  ::1 (WinNT)
[2019-08-20 11:25:56] ---- BROWSER:  Firefox 68.0 (Mozilla/5.0 (Windows NT 10.0; Win64; x64; rv:68.0) Gecko/20100101 Firefox/68.0)
[2019-08-20 11:25:56] ---- CONTENT: {data : "<?xml version='1.0' encoding='utf-8' ?><Request ID='20190820112556831'><General><Token>61111131252223224013000011333653</Token></General><Data></Data></Request>"}
[2019-08-20 11:25:56] 200 - OK - application/json
[2019-08-20 11:25:56] REQUEST POST - https://localhost:8082/public/ws/Economics.asmx/messaggi_summary
[2019-08-20 11:25:56] ---- FROM  ::1 (WinNT)
[2019-08-20 11:25:56] ---- BROWSER:  Firefox 68.0 (Mozilla/5.0 (Windows NT 10.0; Win64; x64; rv:68.0) Gecko/20100101 Firefox/68.0)
[2019-08-20 11:25:56] ---- CONTENT: {data : "<?xml version='1.0' encoding='utf-8' ?><Request ID='20190820112556858'><General><Token>61111131252223224013000011333653</Token></General><Data></Data></Request>"}
[2019-08-20 11:25:56] 200 - OK - application/json
[2019-08-20 11:25:56] REQUEST POST - https://localhost:8082/public/ws/Config.asmx/All_Get
[2019-08-20 11:25:56] ---- FROM  ::1 (WinNT)
[2019-08-20 11:25:56] ---- BROWSER:  Firefox 68.0 (Mozilla/5.0 (Windows NT 10.0; Win64; x64; rv:68.0) Gecko/20100101 Firefox/68.0)
[2019-08-20 11:25:56] ---- CONTENT: {data : "<?xml version='1.0' encoding='utf-8' ?><Request ID='20190820112556907'><General><Token>61111131252223224013000011333653</Token></General><Data></Data></Request>"}
[2019-08-20 11:25:56] 200 - OK - application/json
[2019-08-20 11:25:56] REQUEST POST - https://localhost:8082/public/ws/Config.asmx/All_Get
[2019-08-20 11:25:56] ---- FROM  ::1 (WinNT)
[2019-08-20 11:25:56] ---- BROWSER:  Firefox 68.0 (Mozilla/5.0 (Windows NT 10.0; Win64; x64; rv:68.0) Gecko/20100101 Firefox/68.0)
[2019-08-20 11:25:56] ---- CONTENT: {data : "<?xml version='1.0' encoding='utf-8' ?><Request ID='20190820112556958'><General><Token>61111131252223224013000011333653</Token></General><Data></Data></Request>"}
[2019-08-20 11:25:56] 200 - OK - application/json
[2019-08-20 11:28:48] REQUEST GET - https://localhost:8082/home/welcome
[2019-08-20 11:28:48] ---- FROM  ::1 (WinNT)
[2019-08-20 11:28:48] ---- BROWSER:  Firefox 68.0 (Mozilla/5.0 (Windows NT 10.0; Win64; x64; rv:68.0) Gecko/20100101 Firefox/68.0)
[2019-08-20 11:28:48] 200 - OK - text/html
[2019-08-20 11:28:48] REQUEST POST - https://localhost:8082/public/ws/Config.asmx/Economics_Get
[2019-08-20 11:28:48] ---- FROM  ::1 (WinNT)
[2019-08-20 11:28:48] ---- BROWSER:  Firefox 68.0 (Mozilla/5.0 (Windows NT 10.0; Win64; x64; rv:68.0) Gecko/20100101 Firefox/68.0)
[2019-08-20 11:28:48] ---- CONTENT: {data : "<?xml version='1.0' encoding='utf-8' ?><Request ID='20190820112848759'><General><Token>61111131252223224013000011333653</Token></General><Data></Data></Request>"}
[2019-08-20 11:28:48] 200 - OK - application/json
[2019-08-20 11:28:48] REQUEST POST - https://localhost:8082/public/ws/Config.asmx/All_Get
[2019-08-20 11:28:48] ---- FROM  ::1 (WinNT)
[2019-08-20 11:28:48] ---- BROWSER:  Firefox 68.0 (Mozilla/5.0 (Windows NT 10.0; Win64; x64; rv:68.0) Gecko/20100101 Firefox/68.0)
[2019-08-20 11:28:48] ---- CONTENT: {data : "<?xml version='1.0' encoding='utf-8' ?><Request ID='20190820112848829'><General><Token>61111131252223224013000011333653</Token></General><Data></Data></Request>"}
[2019-08-20 11:28:48] 200 - OK - application/json
[2019-08-20 11:28:48] REQUEST POST - https://localhost:8082/public/ws/Economics.asmx/messaggi_summary
[2019-08-20 11:28:48] ---- FROM  ::1 (WinNT)
[2019-08-20 11:28:48] ---- BROWSER:  Firefox 68.0 (Mozilla/5.0 (Windows NT 10.0; Win64; x64; rv:68.0) Gecko/20100101 Firefox/68.0)
[2019-08-20 11:28:48] ---- CONTENT: {data : "<?xml version='1.0' encoding='utf-8' ?><Request ID='20190820112848860'><General><Token>61111131252223224013000011333653</Token></General><Data></Data></Request>"}
[2019-08-20 11:28:48] 200 - OK - application/json
[2019-08-20 11:28:48] REQUEST POST - https://localhost:8082/public/ws/Config.asmx/All_Get
[2019-08-20 11:28:48] ---- FROM  ::1 (WinNT)
[2019-08-20 11:28:48] ---- BROWSER:  Firefox 68.0 (Mozilla/5.0 (Windows NT 10.0; Win64; x64; rv:68.0) Gecko/20100101 Firefox/68.0)
[2019-08-20 11:28:48] ---- CONTENT: {data : "<?xml version='1.0' encoding='utf-8' ?><Request ID='20190820112848907'><General><Token>61111131252223224013000011333653</Token></General><Data></Data></Request>"}
[2019-08-20 11:28:48] 200 - OK - application/json
[2019-08-20 11:28:48] REQUEST POST - https://localhost:8082/public/ws/Config.asmx/All_Get
[2019-08-20 11:28:48] ---- FROM  ::1 (WinNT)
[2019-08-20 11:28:48] ---- BROWSER:  Firefox 68.0 (Mozilla/5.0 (Windows NT 10.0; Win64; x64; rv:68.0) Gecko/20100101 Firefox/68.0)
[2019-08-20 11:28:48] ---- CONTENT: {data : "<?xml version='1.0' encoding='utf-8' ?><Request ID='20190820112848962'><General><Token>61111131252223224013000011333653</Token></General><Data></Data></Request>"}
[2019-08-20 11:28:48] 200 - OK - application/json
[2019-08-20 11:29:46] REQUEST GET - https://localhost:8082/home/welcome
[2019-08-20 11:29:46] ---- FROM  ::1 (WinNT)
[2019-08-20 11:29:47] ---- BROWSER:  Firefox 68.0 (Mozilla/5.0 (Windows NT 10.0; Win64; x64; rv:68.0) Gecko/20100101 Firefox/68.0)
[2019-08-20 11:29:47] 200 - OK - text/html
[2019-08-20 11:29:47] REQUEST POST - https://localhost:8082/public/ws/Config.asmx/Economics_Get
[2019-08-20 11:29:47] ---- FROM  ::1 (WinNT)
[2019-08-20 11:29:47] ---- BROWSER:  Firefox 68.0 (Mozilla/5.0 (Windows NT 10.0; Win64; x64; rv:68.0) Gecko/20100101 Firefox/68.0)
[2019-08-20 11:29:47] ---- CONTENT: {data : "<?xml version='1.0' encoding='utf-8' ?><Request ID='20190820112947528'><General><Token>61111131252223224013000011333653</Token></General><Data></Data></Request>"}
[2019-08-20 11:29:47] 200 - OK - application/json
[2019-08-20 11:29:47] REQUEST POST - https://localhost:8082/public/ws/Config.asmx/All_Get
[2019-08-20 11:29:47] ---- FROM  ::1 (WinNT)
[2019-08-20 11:29:47] ---- BROWSER:  Firefox 68.0 (Mozilla/5.0 (Windows NT 10.0; Win64; x64; rv:68.0) Gecko/20100101 Firefox/68.0)
[2019-08-20 11:29:47] ---- CONTENT: {data : "<?xml version='1.0' encoding='utf-8' ?><Request ID='20190820112947609'><General><Token>61111131252223224013000011333653</Token></General><Data></Data></Request>"}
[2019-08-20 11:29:47] 200 - OK - application/json
[2019-08-20 11:29:47] REQUEST POST - https://localhost:8082/public/ws/Economics.asmx/messaggi_summary
[2019-08-20 11:29:47] ---- FROM  ::1 (WinNT)
[2019-08-20 11:29:47] ---- BROWSER:  Firefox 68.0 (Mozilla/5.0 (Windows NT 10.0; Win64; x64; rv:68.0) Gecko/20100101 Firefox/68.0)
[2019-08-20 11:29:47] ---- CONTENT: {data : "<?xml version='1.0' encoding='utf-8' ?><Request ID='20190820112947640'><General><Token>61111131252223224013000011333653</Token></General><Data></Data></Request>"}
[2019-08-20 11:29:47] 200 - OK - application/json
[2019-08-20 11:29:47] REQUEST POST - https://localhost:8082/public/ws/Config.asmx/All_Get
[2019-08-20 11:29:47] ---- FROM  ::1 (WinNT)
[2019-08-20 11:29:47] ---- BROWSER:  Firefox 68.0 (Mozilla/5.0 (Windows NT 10.0; Win64; x64; rv:68.0) Gecko/20100101 Firefox/68.0)
[2019-08-20 11:29:47] ---- CONTENT: {data : "<?xml version='1.0' encoding='utf-8' ?><Request ID='20190820112947682'><General><Token>61111131252223224013000011333653</Token></General><Data></Data></Request>"}
[2019-08-20 11:29:47] 200 - OK - application/json
[2019-08-20 11:29:47] REQUEST POST - https://localhost:8082/public/ws/Config.asmx/All_Get
[2019-08-20 11:29:47] ---- FROM  ::1 (WinNT)
[2019-08-20 11:29:47] ---- BROWSER:  Firefox 68.0 (Mozilla/5.0 (Windows NT 10.0; Win64; x64; rv:68.0) Gecko/20100101 Firefox/68.0)
[2019-08-20 11:29:47] ---- CONTENT: {data : "<?xml version='1.0' encoding='utf-8' ?><Request ID='20190820112947734'><General><Token>61111131252223224013000011333653</Token></General><Data></Data></Request>"}
[2019-08-20 11:29:47] 200 - OK - application/json
[2019-08-20 11:32:20] REQUEST GET - https://localhost:8082/home/welcome
[2019-08-20 11:32:20] ---- FROM  ::1 (WinNT)
[2019-08-20 11:32:20] ---- BROWSER:  Firefox 68.0 (Mozilla/5.0 (Windows NT 10.0; Win64; x64; rv:68.0) Gecko/20100101 Firefox/68.0)
[2019-08-20 11:32:20] 200 - OK - text/html
[2019-08-20 11:32:20] REQUEST POST - https://localhost:8082/public/ws/Config.asmx/Economics_Get
[2019-08-20 11:32:20] ---- FROM  ::1 (WinNT)
[2019-08-20 11:32:20] ---- BROWSER:  Firefox 68.0 (Mozilla/5.0 (Windows NT 10.0; Win64; x64; rv:68.0) Gecko/20100101 Firefox/68.0)
[2019-08-20 11:32:20] ---- CONTENT: {data : "<?xml version='1.0' encoding='utf-8' ?><Request ID='20190820113220687'><General><Token>61111131252223224013000011333653</Token></General><Data></Data></Request>"}
[2019-08-20 11:32:20] 200 - OK - application/json
[2019-08-20 11:32:20] REQUEST POST - https://localhost:8082/public/ws/Config.asmx/All_Get
[2019-08-20 11:32:20] ---- FROM  ::1 (WinNT)
[2019-08-20 11:32:20] ---- BROWSER:  Firefox 68.0 (Mozilla/5.0 (Windows NT 10.0; Win64; x64; rv:68.0) Gecko/20100101 Firefox/68.0)
[2019-08-20 11:32:20] ---- CONTENT: {data : "<?xml version='1.0' encoding='utf-8' ?><Request ID='20190820113220766'><General><Token>61111131252223224013000011333653</Token></General><Data></Data></Request>"}
[2019-08-20 11:32:20] 200 - OK - application/json
[2019-08-20 11:32:20] REQUEST POST - https://localhost:8082/public/ws/Economics.asmx/messaggi_summary
[2019-08-20 11:32:20] ---- FROM  ::1 (WinNT)
[2019-08-20 11:32:20] ---- BROWSER:  Firefox 68.0 (Mozilla/5.0 (Windows NT 10.0; Win64; x64; rv:68.0) Gecko/20100101 Firefox/68.0)
[2019-08-20 11:32:20] ---- CONTENT: {data : "<?xml version='1.0' encoding='utf-8' ?><Request ID='20190820113220798'><General><Token>61111131252223224013000011333653</Token></General><Data></Data></Request>"}
[2019-08-20 11:32:20] 200 - OK - application/json
[2019-08-20 11:32:20] REQUEST POST - https://localhost:8082/public/ws/Config.asmx/All_Get
[2019-08-20 11:32:20] ---- FROM  ::1 (WinNT)
[2019-08-20 11:32:20] ---- BROWSER:  Firefox 68.0 (Mozilla/5.0 (Windows NT 10.0; Win64; x64; rv:68.0) Gecko/20100101 Firefox/68.0)
[2019-08-20 11:32:20] ---- CONTENT: {data : "<?xml version='1.0' encoding='utf-8' ?><Request ID='20190820113220857'><General><Token>61111131252223224013000011333653</Token></General><Data></Data></Request>"}
[2019-08-20 11:32:20] 200 - OK - application/json
[2019-08-20 11:32:20] REQUEST POST - https://localhost:8082/public/ws/Config.asmx/All_Get
[2019-08-20 11:32:20] ---- FROM  ::1 (WinNT)
[2019-08-20 11:32:20] ---- BROWSER:  Firefox 68.0 (Mozilla/5.0 (Windows NT 10.0; Win64; x64; rv:68.0) Gecko/20100101 Firefox/68.0)
[2019-08-20 11:32:20] ---- CONTENT: {data : "<?xml version='1.0' encoding='utf-8' ?><Request ID='20190820113220925'><General><Token>61111131252223224013000011333653</Token></General><Data></Data></Request>"}
[2019-08-20 11:32:20] 200 - OK - application/json
[2019-08-20 11:35:07] REQUEST GET - https://localhost:8082/home/welcome
[2019-08-20 11:35:07] ---- FROM  ::1 (WinNT)
[2019-08-20 11:35:07] ---- BROWSER:  Firefox 68.0 (Mozilla/5.0 (Windows NT 10.0; Win64; x64; rv:68.0) Gecko/20100101 Firefox/68.0)
[2019-08-20 11:35:07] 200 - OK - text/html
[2019-08-20 11:35:08] REQUEST POST - https://localhost:8082/public/ws/Config.asmx/Economics_Get
[2019-08-20 11:35:08] ---- FROM  ::1 (WinNT)
[2019-08-20 11:35:08] ---- BROWSER:  Firefox 68.0 (Mozilla/5.0 (Windows NT 10.0; Win64; x64; rv:68.0) Gecko/20100101 Firefox/68.0)
[2019-08-20 11:35:08] ---- CONTENT: {data : "<?xml version='1.0' encoding='utf-8' ?><Request ID='20190820113508549'><General><Token>61111131252223224013000011333653</Token></General><Data></Data></Request>"}
[2019-08-20 11:35:08] 200 - OK - application/json
[2019-08-20 11:35:08] REQUEST POST - https://localhost:8082/public/ws/Config.asmx/All_Get
[2019-08-20 11:35:08] ---- FROM  ::1 (WinNT)
[2019-08-20 11:35:08] ---- BROWSER:  Firefox 68.0 (Mozilla/5.0 (Windows NT 10.0; Win64; x64; rv:68.0) Gecko/20100101 Firefox/68.0)
[2019-08-20 11:35:08] ---- CONTENT: {data : "<?xml version='1.0' encoding='utf-8' ?><Request ID='20190820113508712'><General><Token>61111131252223224013000011333653</Token></General><Data></Data></Request>"}
[2019-08-20 11:35:08] REQUEST POST - https://localhost:8082/public/ws/Economics.asmx/messaggi_summary
[2019-08-20 11:35:08] ---- FROM  ::1 (WinNT)
[2019-08-20 11:35:08] ---- BROWSER:  Firefox 68.0 (Mozilla/5.0 (Windows NT 10.0; Win64; x64; rv:68.0) Gecko/20100101 Firefox/68.0)
[2019-08-20 11:35:08] ---- CONTENT: {data : "<?xml version='1.0' encoding='utf-8' ?><Request ID='20190820113508732'><General><Token>61111131252223224013000011333653</Token></General><Data></Data></Request>"}
[2019-08-20 11:35:08] 200 - OK - application/json
[2019-08-20 11:35:08] 200 - OK - application/json
[2019-08-20 11:35:08] REQUEST POST - https://localhost:8082/public/ws/Config.asmx/All_Get
[2019-08-20 11:35:08] ---- FROM  ::1 (WinNT)
[2019-08-20 11:35:08] ---- BROWSER:  Firefox 68.0 (Mozilla/5.0 (Windows NT 10.0; Win64; x64; rv:68.0) Gecko/20100101 Firefox/68.0)
[2019-08-20 11:35:08] ---- CONTENT: {data : "<?xml version='1.0' encoding='utf-8' ?><Request ID='20190820113508854'><General><Token>61111131252223224013000011333653</Token></General><Data></Data></Request>"}
[2019-08-20 11:35:08] 200 - OK - application/json
[2019-08-20 11:35:09] REQUEST POST - https://localhost:8082/public/ws/Config.asmx/All_Get
[2019-08-20 11:35:09] ---- FROM  ::1 (WinNT)
[2019-08-20 11:35:09] ---- BROWSER:  Firefox 68.0 (Mozilla/5.0 (Windows NT 10.0; Win64; x64; rv:68.0) Gecko/20100101 Firefox/68.0)
[2019-08-20 11:35:09] ---- CONTENT: {data : "<?xml version='1.0' encoding='utf-8' ?><Request ID='20190820113508985'><General><Token>61111131252223224013000011333653</Token></General><Data></Data></Request>"}
[2019-08-20 11:35:09] 200 - OK - application/json
[2019-08-20 11:35:31] REQUEST GET - https://localhost:8082/home/welcome
[2019-08-20 11:35:31] ---- FROM  ::1 (WinNT)
[2019-08-20 11:35:31] ---- BROWSER:  Firefox 68.0 (Mozilla/5.0 (Windows NT 10.0; Win64; x64; rv:68.0) Gecko/20100101 Firefox/68.0)
[2019-08-20 11:35:31] 200 - OK - text/html
[2019-08-20 11:35:33] REQUEST POST - https://localhost:8082/public/ws/Config.asmx/Economics_Get
[2019-08-20 11:35:33] ---- FROM  ::1 (WinNT)
[2019-08-20 11:35:33] ---- BROWSER:  Firefox 68.0 (Mozilla/5.0 (Windows NT 10.0; Win64; x64; rv:68.0) Gecko/20100101 Firefox/68.0)
[2019-08-20 11:35:33] ---- CONTENT: {data : "<?xml version='1.0' encoding='utf-8' ?><Request ID='20190820113533288'><General><Token>61111131252223224013000011333653</Token></General><Data></Data></Request>"}
[2019-08-20 11:35:33] 200 - OK - application/json
[2019-08-20 11:35:33] REQUEST POST - https://localhost:8082/public/ws/Config.asmx/All_Get
[2019-08-20 11:35:33] ---- FROM  ::1 (WinNT)
[2019-08-20 11:35:33] ---- BROWSER:  Firefox 68.0 (Mozilla/5.0 (Windows NT 10.0; Win64; x64; rv:68.0) Gecko/20100101 Firefox/68.0)
[2019-08-20 11:35:33] ---- CONTENT: {data : "<?xml version='1.0' encoding='utf-8' ?><Request ID='20190820113533405'><General><Token>61111131252223224013000011333653</Token></General><Data></Data></Request>"}
[2019-08-20 11:35:33] REQUEST POST - https://localhost:8082/public/ws/Economics.asmx/messaggi_summary
[2019-08-20 11:35:33] ---- FROM  ::1 (WinNT)
[2019-08-20 11:35:33] ---- BROWSER:  Firefox 68.0 (Mozilla/5.0 (Windows NT 10.0; Win64; x64; rv:68.0) Gecko/20100101 Firefox/68.0)
[2019-08-20 11:35:33] ---- CONTENT: {data : "<?xml version='1.0' encoding='utf-8' ?><Request ID='20190820113533427'><General><Token>61111131252223224013000011333653</Token></General><Data></Data></Request>"}
[2019-08-20 11:35:33] 200 - OK - application/json
[2019-08-20 11:35:33] 200 - OK - application/json
[2019-08-20 11:35:33] REQUEST POST - https://localhost:8082/public/ws/Config.asmx/All_Get
[2019-08-20 11:35:33] ---- FROM  ::1 (WinNT)
[2019-08-20 11:35:33] ---- BROWSER:  Firefox 68.0 (Mozilla/5.0 (Windows NT 10.0; Win64; x64; rv:68.0) Gecko/20100101 Firefox/68.0)
[2019-08-20 11:35:33] ---- CONTENT: {data : "<?xml version='1.0' encoding='utf-8' ?><Request ID='20190820113533541'><General><Token>61111131252223224013000011333653</Token></General><Data></Data></Request>"}
[2019-08-20 11:35:33] 200 - OK - application/json
[2019-08-20 11:35:33] REQUEST POST - https://localhost:8082/public/ws/Config.asmx/All_Get
[2019-08-20 11:35:33] ---- FROM  ::1 (WinNT)
[2019-08-20 11:35:33] ---- BROWSER:  Firefox 68.0 (Mozilla/5.0 (Windows NT 10.0; Win64; x64; rv:68.0) Gecko/20100101 Firefox/68.0)
[2019-08-20 11:35:33] ---- CONTENT: {data : "<?xml version='1.0' encoding='utf-8' ?><Request ID='20190820113533619'><General><Token>61111131252223224013000011333653</Token></General><Data></Data></Request>"}
[2019-08-20 11:35:33] 200 - OK - application/json
[2019-08-20 11:36:01] REQUEST GET - https://localhost:8082/home/welcome
[2019-08-20 11:36:01] ---- FROM  ::1 (WinNT)
[2019-08-20 11:36:01] ---- BROWSER:  Firefox 68.0 (Mozilla/5.0 (Windows NT 10.0; Win64; x64; rv:68.0) Gecko/20100101 Firefox/68.0)
[2019-08-20 11:36:01] 200 - OK - text/html
[2019-08-20 11:36:02] REQUEST POST - https://localhost:8082/public/ws/Config.asmx/Economics_Get
[2019-08-20 11:36:02] ---- FROM  ::1 (WinNT)
[2019-08-20 11:36:02] ---- BROWSER:  Firefox 68.0 (Mozilla/5.0 (Windows NT 10.0; Win64; x64; rv:68.0) Gecko/20100101 Firefox/68.0)
[2019-08-20 11:36:02] ---- CONTENT: {data : "<?xml version='1.0' encoding='utf-8' ?><Request ID='20190820113602586'><General><Token>61111131252223224013000011333653</Token></General><Data></Data></Request>"}
[2019-08-20 11:36:02] 200 - OK - application/json
[2019-08-20 11:36:02] REQUEST POST - https://localhost:8082/public/ws/Config.asmx/All_Get
[2019-08-20 11:36:02] ---- FROM  ::1 (WinNT)
[2019-08-20 11:36:02] ---- BROWSER:  Firefox 68.0 (Mozilla/5.0 (Windows NT 10.0; Win64; x64; rv:68.0) Gecko/20100101 Firefox/68.0)
[2019-08-20 11:36:02] ---- CONTENT: {data : "<?xml version='1.0' encoding='utf-8' ?><Request ID='20190820113602753'><General><Token>61111131252223224013000011333653</Token></General><Data></Data></Request>"}
[2019-08-20 11:36:02] 200 - OK - application/json
[2019-08-20 11:36:02] REQUEST POST - https://localhost:8082/public/ws/Economics.asmx/messaggi_summary
[2019-08-20 11:36:02] ---- FROM  ::1 (WinNT)
[2019-08-20 11:36:02] ---- BROWSER:  Firefox 68.0 (Mozilla/5.0 (Windows NT 10.0; Win64; x64; rv:68.0) Gecko/20100101 Firefox/68.0)
[2019-08-20 11:36:02] ---- CONTENT: {data : "<?xml version='1.0' encoding='utf-8' ?><Request ID='20190820113602789'><General><Token>61111131252223224013000011333653</Token></General><Data></Data></Request>"}
[2019-08-20 11:36:02] 200 - OK - application/json
[2019-08-20 11:36:02] REQUEST POST - https://localhost:8082/public/ws/Config.asmx/All_Get
[2019-08-20 11:36:02] ---- FROM  ::1 (WinNT)
[2019-08-20 11:36:02] ---- BROWSER:  Firefox 68.0 (Mozilla/5.0 (Windows NT 10.0; Win64; x64; rv:68.0) Gecko/20100101 Firefox/68.0)
[2019-08-20 11:36:02] ---- CONTENT: {data : "<?xml version='1.0' encoding='utf-8' ?><Request ID='20190820113602908'><General><Token>61111131252223224013000011333653</Token></General><Data></Data></Request>"}
[2019-08-20 11:36:02] 200 - OK - application/json
[2019-08-20 11:36:03] REQUEST POST - https://localhost:8082/public/ws/Config.asmx/All_Get
[2019-08-20 11:36:03] ---- FROM  ::1 (WinNT)
[2019-08-20 11:36:03] ---- BROWSER:  Firefox 68.0 (Mozilla/5.0 (Windows NT 10.0; Win64; x64; rv:68.0) Gecko/20100101 Firefox/68.0)
[2019-08-20 11:36:03] ---- CONTENT: {data : "<?xml version='1.0' encoding='utf-8' ?><Request ID='20190820113602981'><General><Token>61111131252223224013000011333653</Token></General><Data></Data></Request>"}
[2019-08-20 11:36:03] 200 - OK - application/json
[2019-08-20 11:36:10] REQUEST GET - https://localhost:8082/home/welcome
[2019-08-20 11:36:10] ---- FROM  ::1 (WinNT)
[2019-08-20 11:36:10] ---- BROWSER:  Firefox 68.0 (Mozilla/5.0 (Windows NT 10.0; Win64; x64; rv:68.0) Gecko/20100101 Firefox/68.0)
[2019-08-20 11:36:10] 200 - OK - text/html
[2019-08-20 11:36:11] REQUEST POST - https://localhost:8082/public/ws/Config.asmx/Economics_Get
[2019-08-20 11:36:11] ---- FROM  ::1 (WinNT)
[2019-08-20 11:36:11] ---- BROWSER:  Firefox 68.0 (Mozilla/5.0 (Windows NT 10.0; Win64; x64; rv:68.0) Gecko/20100101 Firefox/68.0)
[2019-08-20 11:36:11] ---- CONTENT: {data : "<?xml version='1.0' encoding='utf-8' ?><Request ID='20190820113611435'><General><Token>61111131252223224013000011333653</Token></General><Data></Data></Request>"}
[2019-08-20 11:36:11] 200 - OK - application/json
[2019-08-20 11:36:11] REQUEST POST - https://localhost:8082/public/ws/Config.asmx/All_Get
[2019-08-20 11:36:11] ---- FROM  ::1 (WinNT)
[2019-08-20 11:36:11] ---- BROWSER:  Firefox 68.0 (Mozilla/5.0 (Windows NT 10.0; Win64; x64; rv:68.0) Gecko/20100101 Firefox/68.0)
[2019-08-20 11:36:11] ---- CONTENT: {data : "<?xml version='1.0' encoding='utf-8' ?><Request ID='20190820113611541'><General><Token>61111131252223224013000011333653</Token></General><Data></Data></Request>"}
[2019-08-20 11:36:11] 200 - OK - application/json
[2019-08-20 11:36:11] REQUEST POST - https://localhost:8082/public/ws/Economics.asmx/messaggi_summary
[2019-08-20 11:36:11] ---- FROM  ::1 (WinNT)
[2019-08-20 11:36:11] ---- BROWSER:  Firefox 68.0 (Mozilla/5.0 (Windows NT 10.0; Win64; x64; rv:68.0) Gecko/20100101 Firefox/68.0)
[2019-08-20 11:36:11] ---- CONTENT: {data : "<?xml version='1.0' encoding='utf-8' ?><Request ID='20190820113611570'><General><Token>61111131252223224013000011333653</Token></General><Data></Data></Request>"}
[2019-08-20 11:36:11] 200 - OK - application/json
[2019-08-20 11:36:11] REQUEST POST - https://localhost:8082/public/ws/Config.asmx/All_Get
[2019-08-20 11:36:11] ---- FROM  ::1 (WinNT)
[2019-08-20 11:36:11] ---- BROWSER:  Firefox 68.0 (Mozilla/5.0 (Windows NT 10.0; Win64; x64; rv:68.0) Gecko/20100101 Firefox/68.0)
[2019-08-20 11:36:11] ---- CONTENT: {data : "<?xml version='1.0' encoding='utf-8' ?><Request ID='20190820113611647'><General><Token>61111131252223224013000011333653</Token></General><Data></Data></Request>"}
[2019-08-20 11:36:11] 200 - OK - application/json
[2019-08-20 11:36:11] REQUEST POST - https://localhost:8082/public/ws/Config.asmx/All_Get
[2019-08-20 11:36:11] ---- FROM  ::1 (WinNT)
[2019-08-20 11:36:11] ---- BROWSER:  Firefox 68.0 (Mozilla/5.0 (Windows NT 10.0; Win64; x64; rv:68.0) Gecko/20100101 Firefox/68.0)
[2019-08-20 11:36:11] ---- CONTENT: {data : "<?xml version='1.0' encoding='utf-8' ?><Request ID='20190820113611686'><General><Token>61111131252223224013000011333653</Token></General><Data></Data></Request>"}
[2019-08-20 11:36:11] 200 - OK - application/json
[2019-08-20 11:45:48] REQUEST GET - https://localhost:8082/home/welcome
[2019-08-20 11:45:48] ---- FROM  ::1 (WinNT)
[2019-08-20 11:45:48] ---- BROWSER:  Firefox 68.0 (Mozilla/5.0 (Windows NT 10.0; Win64; x64; rv:68.0) Gecko/20100101 Firefox/68.0)
[2019-08-20 11:45:48] 200 - OK - text/html
[2019-08-20 11:45:48] REQUEST POST - https://localhost:8082/public/ws/Config.asmx/Economics_Get
[2019-08-20 11:45:48] ---- FROM  ::1 (WinNT)
[2019-08-20 11:45:48] ---- BROWSER:  Firefox 68.0 (Mozilla/5.0 (Windows NT 10.0; Win64; x64; rv:68.0) Gecko/20100101 Firefox/68.0)
[2019-08-20 11:45:48] ---- CONTENT: {data : "<?xml version='1.0' encoding='utf-8' ?><Request ID='20190820114548956'><General><Token>61111131252223224013000011333653</Token></General><Data></Data></Request>"}
[2019-08-20 11:45:49] 200 - OK - application/json
[2019-08-20 11:45:49] REQUEST POST - https://localhost:8082/public/ws/Config.asmx/All_Get
[2019-08-20 11:45:49] ---- FROM  ::1 (WinNT)
[2019-08-20 11:45:49] ---- BROWSER:  Firefox 68.0 (Mozilla/5.0 (Windows NT 10.0; Win64; x64; rv:68.0) Gecko/20100101 Firefox/68.0)
[2019-08-20 11:45:49] ---- CONTENT: {data : "<?xml version='1.0' encoding='utf-8' ?><Request ID='2019082011454986'><General><Token>61111131252223224013000011333653</Token></General><Data></Data></Request>"}
[2019-08-20 11:45:49] REQUEST POST - https://localhost:8082/public/ws/Economics.asmx/messaggi_summary
[2019-08-20 11:45:49] ---- FROM  ::1 (WinNT)
[2019-08-20 11:45:49] ---- BROWSER:  Firefox 68.0 (Mozilla/5.0 (Windows NT 10.0; Win64; x64; rv:68.0) Gecko/20100101 Firefox/68.0)
[2019-08-20 11:45:49] ---- CONTENT: {data : "<?xml version='1.0' encoding='utf-8' ?><Request ID='20190820114549123'><General><Token>61111131252223224013000011333653</Token></General><Data></Data></Request>"}
[2019-08-20 11:45:49] 200 - OK - application/json
[2019-08-20 11:45:49] 200 - OK - application/json
[2019-08-20 11:45:49] REQUEST POST - https://localhost:8082/public/ws/Config.asmx/All_Get
[2019-08-20 11:45:49] ---- FROM  ::1 (WinNT)
[2019-08-20 11:45:49] ---- BROWSER:  Firefox 68.0 (Mozilla/5.0 (Windows NT 10.0; Win64; x64; rv:68.0) Gecko/20100101 Firefox/68.0)
[2019-08-20 11:45:49] ---- CONTENT: {data : "<?xml version='1.0' encoding='utf-8' ?><Request ID='20190820114549225'><General><Token>61111131252223224013000011333653</Token></General><Data></Data></Request>"}
[2019-08-20 11:45:49] 200 - OK - application/json
[2019-08-20 11:45:49] REQUEST POST - https://localhost:8082/public/ws/Config.asmx/All_Get
[2019-08-20 11:45:49] ---- FROM  ::1 (WinNT)
[2019-08-20 11:45:49] ---- BROWSER:  Firefox 68.0 (Mozilla/5.0 (Windows NT 10.0; Win64; x64; rv:68.0) Gecko/20100101 Firefox/68.0)
[2019-08-20 11:45:49] ---- CONTENT: {data : "<?xml version='1.0' encoding='utf-8' ?><Request ID='20190820114549370'><General><Token>61111131252223224013000011333653</Token></General><Data></Data></Request>"}
[2019-08-20 11:45:49] 200 - OK - application/json
[2019-08-20 11:45:54] REQUEST GET - https://localhost:8082/home/welcome
[2019-08-20 11:45:54] ---- FROM  ::1 (WinNT)
[2019-08-20 11:45:54] ---- BROWSER:  Firefox 68.0 (Mozilla/5.0 (Windows NT 10.0; Win64; x64; rv:68.0) Gecko/20100101 Firefox/68.0)
[2019-08-20 11:45:54] 200 - OK - text/html
[2019-08-20 11:45:54] REQUEST POST - https://localhost:8082/public/ws/Config.asmx/Economics_Get
[2019-08-20 11:45:54] ---- FROM  ::1 (WinNT)
[2019-08-20 11:45:54] ---- BROWSER:  Firefox 68.0 (Mozilla/5.0 (Windows NT 10.0; Win64; x64; rv:68.0) Gecko/20100101 Firefox/68.0)
[2019-08-20 11:45:54] ---- CONTENT: {data : "<?xml version='1.0' encoding='utf-8' ?><Request ID='20190820114554812'><General><Token>61111131252223224013000011333653</Token></General><Data></Data></Request>"}
[2019-08-20 11:45:54] 200 - OK - application/json
[2019-08-20 11:45:54] REQUEST POST - https://localhost:8082/public/ws/Config.asmx/All_Get
[2019-08-20 11:45:54] ---- FROM  ::1 (WinNT)
[2019-08-20 11:45:54] ---- BROWSER:  Firefox 68.0 (Mozilla/5.0 (Windows NT 10.0; Win64; x64; rv:68.0) Gecko/20100101 Firefox/68.0)
[2019-08-20 11:45:54] ---- CONTENT: {data : "<?xml version='1.0' encoding='utf-8' ?><Request ID='20190820114554902'><General><Token>61111131252223224013000011333653</Token></General><Data></Data></Request>"}
[2019-08-20 11:45:54] 200 - OK - application/json
[2019-08-20 11:45:54] REQUEST POST - https://localhost:8082/public/ws/Economics.asmx/messaggi_summary
[2019-08-20 11:45:54] ---- FROM  ::1 (WinNT)
[2019-08-20 11:45:54] ---- BROWSER:  Firefox 68.0 (Mozilla/5.0 (Windows NT 10.0; Win64; x64; rv:68.0) Gecko/20100101 Firefox/68.0)
[2019-08-20 11:45:54] ---- CONTENT: {data : "<?xml version='1.0' encoding='utf-8' ?><Request ID='20190820114554938'><General><Token>61111131252223224013000011333653</Token></General><Data></Data></Request>"}
[2019-08-20 11:45:54] 200 - OK - application/json
[2019-08-20 11:45:54] REQUEST POST - https://localhost:8082/public/ws/Config.asmx/All_Get
[2019-08-20 11:45:54] ---- FROM  ::1 (WinNT)
[2019-08-20 11:45:54] ---- BROWSER:  Firefox 68.0 (Mozilla/5.0 (Windows NT 10.0; Win64; x64; rv:68.0) Gecko/20100101 Firefox/68.0)
[2019-08-20 11:45:54] ---- CONTENT: {data : "<?xml version='1.0' encoding='utf-8' ?><Request ID='20190820114554989'><General><Token>61111131252223224013000011333653</Token></General><Data></Data></Request>"}
[2019-08-20 11:45:55] 200 - OK - application/json
[2019-08-20 11:45:55] REQUEST POST - https://localhost:8082/public/ws/Config.asmx/All_Get
[2019-08-20 11:45:55] ---- FROM  ::1 (WinNT)
[2019-08-20 11:45:55] ---- BROWSER:  Firefox 68.0 (Mozilla/5.0 (Windows NT 10.0; Win64; x64; rv:68.0) Gecko/20100101 Firefox/68.0)
[2019-08-20 11:45:55] ---- CONTENT: {data : "<?xml version='1.0' encoding='utf-8' ?><Request ID='2019082011455539'><General><Token>61111131252223224013000011333653</Token></General><Data></Data></Request>"}
[2019-08-20 11:45:55] 200 - OK - application/json
[2019-08-20 11:46:02] REQUEST GET - https://localhost:8082/home/welcome
[2019-08-20 11:46:02] ---- FROM  ::1 (WinNT)
[2019-08-20 11:46:02] ---- BROWSER:  Firefox 68.0 (Mozilla/5.0 (Windows NT 10.0; Win64; x64; rv:68.0) Gecko/20100101 Firefox/68.0)
[2019-08-20 11:46:02] 200 - OK - text/html
[2019-08-20 11:46:03] REQUEST POST - https://localhost:8082/public/ws/Config.asmx/Economics_Get
[2019-08-20 11:46:03] ---- FROM  ::1 (WinNT)
[2019-08-20 11:46:03] ---- BROWSER:  Firefox 68.0 (Mozilla/5.0 (Windows NT 10.0; Win64; x64; rv:68.0) Gecko/20100101 Firefox/68.0)
[2019-08-20 11:46:03] ---- CONTENT: {data : "<?xml version='1.0' encoding='utf-8' ?><Request ID='20190820114603233'><General><Token>61111131252223224013000011333653</Token></General><Data></Data></Request>"}
[2019-08-20 11:46:03] 200 - OK - application/json
[2019-08-20 11:46:03] REQUEST POST - https://localhost:8082/public/ws/Config.asmx/All_Get
[2019-08-20 11:46:03] ---- FROM  ::1 (WinNT)
[2019-08-20 11:46:03] ---- BROWSER:  Firefox 68.0 (Mozilla/5.0 (Windows NT 10.0; Win64; x64; rv:68.0) Gecko/20100101 Firefox/68.0)
[2019-08-20 11:46:03] ---- CONTENT: {data : "<?xml version='1.0' encoding='utf-8' ?><Request ID='20190820114603326'><General><Token>61111131252223224013000011333653</Token></General><Data></Data></Request>"}
[2019-08-20 11:46:03] 200 - OK - application/json
[2019-08-20 11:46:03] REQUEST POST - https://localhost:8082/public/ws/Economics.asmx/messaggi_summary
[2019-08-20 11:46:03] ---- FROM  ::1 (WinNT)
[2019-08-20 11:46:03] ---- BROWSER:  Firefox 68.0 (Mozilla/5.0 (Windows NT 10.0; Win64; x64; rv:68.0) Gecko/20100101 Firefox/68.0)
[2019-08-20 11:46:03] ---- CONTENT: {data : "<?xml version='1.0' encoding='utf-8' ?><Request ID='20190820114603361'><General><Token>61111131252223224013000011333653</Token></General><Data></Data></Request>"}
[2019-08-20 11:46:03] 200 - OK - application/json
[2019-08-20 11:46:03] REQUEST POST - https://localhost:8082/public/ws/Config.asmx/All_Get
[2019-08-20 11:46:03] ---- FROM  ::1 (WinNT)
[2019-08-20 11:46:03] ---- BROWSER:  Firefox 68.0 (Mozilla/5.0 (Windows NT 10.0; Win64; x64; rv:68.0) Gecko/20100101 Firefox/68.0)
[2019-08-20 11:46:03] ---- CONTENT: {data : "<?xml version='1.0' encoding='utf-8' ?><Request ID='20190820114603417'><General><Token>61111131252223224013000011333653</Token></General><Data></Data></Request>"}
[2019-08-20 11:46:03] 200 - OK - application/json
[2019-08-20 11:46:03] REQUEST POST - https://localhost:8082/public/ws/Config.asmx/All_Get
[2019-08-20 11:46:03] ---- FROM  ::1 (WinNT)
[2019-08-20 11:46:03] ---- BROWSER:  Firefox 68.0 (Mozilla/5.0 (Windows NT 10.0; Win64; x64; rv:68.0) Gecko/20100101 Firefox/68.0)
[2019-08-20 11:46:03] ---- CONTENT: {data : "<?xml version='1.0' encoding='utf-8' ?><Request ID='20190820114603459'><General><Token>61111131252223224013000011333653</Token></General><Data></Data></Request>"}
[2019-08-20 11:46:03] 200 - OK - application/json
[2019-08-20 11:46:09] REQUEST GET - https://localhost:8082/home/welcome
[2019-08-20 11:46:09] ---- FROM  ::1 (WinNT)
[2019-08-20 11:46:09] ---- BROWSER:  Firefox 68.0 (Mozilla/5.0 (Windows NT 10.0; Win64; x64; rv:68.0) Gecko/20100101 Firefox/68.0)
[2019-08-20 11:46:09] 200 - OK - text/html
[2019-08-20 11:46:10] REQUEST POST - https://localhost:8082/public/ws/Config.asmx/Economics_Get
[2019-08-20 11:46:10] ---- FROM  ::1 (WinNT)
[2019-08-20 11:46:10] ---- BROWSER:  Firefox 68.0 (Mozilla/5.0 (Windows NT 10.0; Win64; x64; rv:68.0) Gecko/20100101 Firefox/68.0)
[2019-08-20 11:46:10] ---- CONTENT: {data : "<?xml version='1.0' encoding='utf-8' ?><Request ID='20190820114610504'><General><Token>61111131252223224013000011333653</Token></General><Data></Data></Request>"}
[2019-08-20 11:46:10] 200 - OK - application/json
[2019-08-20 11:46:10] REQUEST POST - https://localhost:8082/public/ws/Config.asmx/All_Get
[2019-08-20 11:46:10] ---- FROM  ::1 (WinNT)
[2019-08-20 11:46:10] ---- BROWSER:  Firefox 68.0 (Mozilla/5.0 (Windows NT 10.0; Win64; x64; rv:68.0) Gecko/20100101 Firefox/68.0)
[2019-08-20 11:46:10] ---- CONTENT: {data : "<?xml version='1.0' encoding='utf-8' ?><Request ID='20190820114610583'><General><Token>61111131252223224013000011333653</Token></General><Data></Data></Request>"}
[2019-08-20 11:46:10] 200 - OK - application/json
[2019-08-20 11:46:10] REQUEST POST - https://localhost:8082/public/ws/Economics.asmx/messaggi_summary
[2019-08-20 11:46:10] ---- FROM  ::1 (WinNT)
[2019-08-20 11:46:10] ---- BROWSER:  Firefox 68.0 (Mozilla/5.0 (Windows NT 10.0; Win64; x64; rv:68.0) Gecko/20100101 Firefox/68.0)
[2019-08-20 11:46:10] ---- CONTENT: {data : "<?xml version='1.0' encoding='utf-8' ?><Request ID='20190820114610617'><General><Token>61111131252223224013000011333653</Token></General><Data></Data></Request>"}
[2019-08-20 11:46:10] 200 - OK - application/json
[2019-08-20 11:46:10] REQUEST POST - https://localhost:8082/public/ws/Config.asmx/All_Get
[2019-08-20 11:46:10] ---- FROM  ::1 (WinNT)
[2019-08-20 11:46:10] ---- BROWSER:  Firefox 68.0 (Mozilla/5.0 (Windows NT 10.0; Win64; x64; rv:68.0) Gecko/20100101 Firefox/68.0)
[2019-08-20 11:46:10] ---- CONTENT: {data : "<?xml version='1.0' encoding='utf-8' ?><Request ID='20190820114610677'><General><Token>61111131252223224013000011333653</Token></General><Data></Data></Request>"}
[2019-08-20 11:46:10] 200 - OK - application/json
[2019-08-20 11:46:10] REQUEST POST - https://localhost:8082/public/ws/Config.asmx/All_Get
[2019-08-20 11:46:10] ---- FROM  ::1 (WinNT)
[2019-08-20 11:46:10] ---- BROWSER:  Firefox 68.0 (Mozilla/5.0 (Windows NT 10.0; Win64; x64; rv:68.0) Gecko/20100101 Firefox/68.0)
[2019-08-20 11:46:10] ---- CONTENT: {data : "<?xml version='1.0' encoding='utf-8' ?><Request ID='20190820114610725'><General><Token>61111131252223224013000011333653</Token></General><Data></Data></Request>"}
[2019-08-20 11:46:10] 200 - OK - application/json
[2019-08-20 11:54:13] REQUEST GET - https://localhost:8082/home/welcome
[2019-08-20 11:54:13] ---- FROM  ::1 (WinNT)
[2019-08-20 11:54:13] ---- BROWSER:  Firefox 68.0 (Mozilla/5.0 (Windows NT 10.0; Win64; x64; rv:68.0) Gecko/20100101 Firefox/68.0)
[2019-08-20 11:54:13] 200 - OK - text/html
[2019-08-20 11:54:15] REQUEST POST - https://localhost:8082/public/ws/Config.asmx/Economics_Get
[2019-08-20 11:54:15] ---- FROM  ::1 (WinNT)
[2019-08-20 11:54:15] ---- BROWSER:  Firefox 68.0 (Mozilla/5.0 (Windows NT 10.0; Win64; x64; rv:68.0) Gecko/20100101 Firefox/68.0)
[2019-08-20 11:54:15] ---- CONTENT: {data : "<?xml version='1.0' encoding='utf-8' ?><Request ID='20190820115414325'><General><Token>61111131252223224013000011333653</Token></General><Data></Data></Request>"}
[2019-08-20 11:54:15] 200 - OK - application/json
[2019-08-20 11:54:15] REQUEST POST - https://localhost:8082/public/ws/Config.asmx/All_Get
[2019-08-20 11:54:15] ---- FROM  ::1 (WinNT)
[2019-08-20 11:54:15] ---- BROWSER:  Firefox 68.0 (Mozilla/5.0 (Windows NT 10.0; Win64; x64; rv:68.0) Gecko/20100101 Firefox/68.0)
[2019-08-20 11:54:15] ---- CONTENT: {data : "<?xml version='1.0' encoding='utf-8' ?><Request ID='20190820115415416'><General><Token>61111131252223224013000011333653</Token></General><Data></Data></Request>"}
[2019-08-20 11:54:15] 200 - OK - application/json
[2019-08-20 11:54:15] REQUEST POST - https://localhost:8082/public/ws/Economics.asmx/messaggi_summary
[2019-08-20 11:54:15] ---- FROM  ::1 (WinNT)
[2019-08-20 11:54:15] ---- BROWSER:  Firefox 68.0 (Mozilla/5.0 (Windows NT 10.0; Win64; x64; rv:68.0) Gecko/20100101 Firefox/68.0)
[2019-08-20 11:54:15] ---- CONTENT: {data : "<?xml version='1.0' encoding='utf-8' ?><Request ID='20190820115415445'><General><Token>61111131252223224013000011333653</Token></General><Data></Data></Request>"}
[2019-08-20 11:54:15] 200 - OK - application/json
[2019-08-20 11:54:15] REQUEST POST - https://localhost:8082/public/ws/Config.asmx/All_Get
[2019-08-20 11:54:15] ---- FROM  ::1 (WinNT)
[2019-08-20 11:54:15] ---- BROWSER:  Firefox 68.0 (Mozilla/5.0 (Windows NT 10.0; Win64; x64; rv:68.0) Gecko/20100101 Firefox/68.0)
[2019-08-20 11:54:15] ---- CONTENT: {data : "<?xml version='1.0' encoding='utf-8' ?><Request ID='20190820115415490'><General><Token>61111131252223224013000011333653</Token></General><Data></Data></Request>"}
[2019-08-20 11:54:15] 200 - OK - application/json
[2019-08-20 11:54:15] REQUEST POST - https://localhost:8082/public/ws/Config.asmx/All_Get
[2019-08-20 11:54:15] ---- FROM  ::1 (WinNT)
[2019-08-20 11:54:15] ---- BROWSER:  Firefox 68.0 (Mozilla/5.0 (Windows NT 10.0; Win64; x64; rv:68.0) Gecko/20100101 Firefox/68.0)
[2019-08-20 11:54:15] ---- CONTENT: {data : "<?xml version='1.0' encoding='utf-8' ?><Request ID='20190820115415569'><General><Token>61111131252223224013000011333653</Token></General><Data></Data></Request>"}
[2019-08-20 11:54:15] 200 - OK - application/json
[2019-08-20 11:54:27] REQUEST GET - https://localhost:8082/home/welcome
[2019-08-20 11:54:27] ---- FROM  ::1 (WinNT)
[2019-08-20 11:54:27] ---- BROWSER:  Firefox 68.0 (Mozilla/5.0 (Windows NT 10.0; Win64; x64; rv:68.0) Gecko/20100101 Firefox/68.0)
[2019-08-20 11:54:27] 200 - OK - text/html
[2019-08-20 11:54:27] REQUEST POST - https://localhost:8082/public/ws/Config.asmx/Economics_Get
[2019-08-20 11:54:27] ---- FROM  ::1 (WinNT)
[2019-08-20 11:54:27] ---- BROWSER:  Firefox 68.0 (Mozilla/5.0 (Windows NT 10.0; Win64; x64; rv:68.0) Gecko/20100101 Firefox/68.0)
[2019-08-20 11:54:27] ---- CONTENT: {data : "<?xml version='1.0' encoding='utf-8' ?><Request ID='20190820115427905'><General><Token>61111131252223224013000011333653</Token></General><Data></Data></Request>"}
[2019-08-20 11:54:27] 200 - OK - application/json
[2019-08-20 11:54:27] REQUEST POST - https://localhost:8082/public/ws/Config.asmx/All_Get
[2019-08-20 11:54:27] ---- FROM  ::1 (WinNT)
[2019-08-20 11:54:27] ---- BROWSER:  Firefox 68.0 (Mozilla/5.0 (Windows NT 10.0; Win64; x64; rv:68.0) Gecko/20100101 Firefox/68.0)
[2019-08-20 11:54:27] ---- CONTENT: {data : "<?xml version='1.0' encoding='utf-8' ?><Request ID='20190820115427971'><General><Token>61111131252223224013000011333653</Token></General><Data></Data></Request>"}
[2019-08-20 11:54:28] 200 - OK - application/json
[2019-08-20 11:54:28] REQUEST POST - https://localhost:8082/public/ws/Economics.asmx/messaggi_summary
[2019-08-20 11:54:28] ---- FROM  ::1 (WinNT)
[2019-08-20 11:54:28] ---- BROWSER:  Firefox 68.0 (Mozilla/5.0 (Windows NT 10.0; Win64; x64; rv:68.0) Gecko/20100101 Firefox/68.0)
[2019-08-20 11:54:28] ---- CONTENT: {data : "<?xml version='1.0' encoding='utf-8' ?><Request ID='20190820115427998'><General><Token>61111131252223224013000011333653</Token></General><Data></Data></Request>"}
[2019-08-20 11:54:28] 200 - OK - application/json
[2019-08-20 11:54:28] REQUEST POST - https://localhost:8082/public/ws/Config.asmx/All_Get
[2019-08-20 11:54:28] ---- FROM  ::1 (WinNT)
[2019-08-20 11:54:28] ---- BROWSER:  Firefox 68.0 (Mozilla/5.0 (Windows NT 10.0; Win64; x64; rv:68.0) Gecko/20100101 Firefox/68.0)
[2019-08-20 11:54:28] ---- CONTENT: {data : "<?xml version='1.0' encoding='utf-8' ?><Request ID='2019082011542851'><General><Token>61111131252223224013000011333653</Token></General><Data></Data></Request>"}
[2019-08-20 11:54:28] 200 - OK - application/json
[2019-08-20 11:54:28] REQUEST POST - https://localhost:8082/public/ws/Config.asmx/All_Get
[2019-08-20 11:54:28] ---- FROM  ::1 (WinNT)
[2019-08-20 11:54:28] ---- BROWSER:  Firefox 68.0 (Mozilla/5.0 (Windows NT 10.0; Win64; x64; rv:68.0) Gecko/20100101 Firefox/68.0)
[2019-08-20 11:54:28] ---- CONTENT: {data : "<?xml version='1.0' encoding='utf-8' ?><Request ID='20190820115428110'><General><Token>61111131252223224013000011333653</Token></General><Data></Data></Request>"}
[2019-08-20 11:54:28] 200 - OK - application/json
