[2019-09-06 10:38:02] 200 - OK - text/xml
[2019-09-06 10:38:02] REQUEST GET - https://localhost:8082/public/ws/Resources.ashx/xml-qa
[2019-09-06 10:38:02] ---- FROM  ::1 (WinNT)
[2019-09-06 10:38:02] ---- BROWSER:  Chrome 76.0 (Mozilla/5.0 (Windows NT 10.0; Win64; x64) AppleWebKit/537.36 (KHTML, like Gecko) Chrome/76.0.3809.132 Safari/537.36)
[2019-09-06 10:38:02] 200 - OK - text/xml
[2019-09-06 10:38:02] REQUEST GET - https://localhost:8082/public/ws/Resources.ashx/xml-qa
[2019-09-06 10:38:02] ---- FROM  ::1 (WinNT)
[2019-09-06 10:38:02] ---- BROWSER:  Chrome 76.0 (Mozilla/5.0 (Windows NT 10.0; Win64; x64) AppleWebKit/537.36 (KHTML, like Gecko) Chrome/76.0.3809.132 Safari/537.36)
[2019-09-06 10:38:02] 200 - OK - text/xml
[2019-09-06 10:38:02] REQUEST GET - https://localhost:8082/public/ws/Resources.ashx/xml-qa
[2019-09-06 10:38:02] ---- FROM  ::1 (WinNT)
[2019-09-06 10:38:02] ---- BROWSER:  Chrome 76.0 (Mozilla/5.0 (Windows NT 10.0; Win64; x64) AppleWebKit/537.36 (KHTML, like Gecko) Chrome/76.0.3809.132 Safari/537.36)
[2019-09-06 10:38:02] 200 - OK - text/xml
[2019-09-06 10:38:02] REQUEST GET - https://localhost:8082/public/ws/Resources.ashx/xml-qa
[2019-09-06 10:38:02] ---- FROM  ::1 (WinNT)
[2019-09-06 10:38:02] ---- BROWSER:  Chrome 76.0 (Mozilla/5.0 (Windows NT 10.0; Win64; x64) AppleWebKit/537.36 (KHTML, like Gecko) Chrome/76.0.3809.132 Safari/537.36)
[2019-09-06 10:38:02] 200 - OK - text/xml
[2019-09-06 10:38:02] REQUEST GET - https://localhost:8082/public/ws/Resources.ashx/xml-qa
[2019-09-06 10:38:02] ---- FROM  ::1 (WinNT)
[2019-09-06 10:38:02] ---- BROWSER:  Chrome 76.0 (Mozilla/5.0 (Windows NT 10.0; Win64; x64) AppleWebKit/537.36 (KHTML, like Gecko) Chrome/76.0.3809.132 Safari/537.36)
[2019-09-06 10:38:02] 200 - OK - text/xml
[2019-09-06 10:38:02] REQUEST GET - https://localhost:8082/public/ws/Resources.ashx/xml-qa
[2019-09-06 10:38:02] ---- FROM  ::1 (WinNT)
[2019-09-06 10:38:02] ---- BROWSER:  Chrome 76.0 (Mozilla/5.0 (Windows NT 10.0; Win64; x64) AppleWebKit/537.36 (KHTML, like Gecko) Chrome/76.0.3809.132 Safari/537.36)
[2019-09-06 10:38:02] 200 - OK - text/xml
[2019-09-06 10:38:02] REQUEST GET - https://localhost:8082/public/ws/Resources.ashx/xml-qa
[2019-09-06 10:38:02] ---- FROM  ::1 (WinNT)
[2019-09-06 10:38:02] ---- BROWSER:  Chrome 76.0 (Mozilla/5.0 (Windows NT 10.0; Win64; x64) AppleWebKit/537.36 (KHTML, like Gecko) Chrome/76.0.3809.132 Safari/537.36)
[2019-09-06 10:38:02] 200 - OK - text/xml
[2019-09-06 10:38:02] REQUEST GET - https://localhost:8082/public/ws/Resources.ashx/xml-qa
[2019-09-06 10:38:02] ---- FROM  ::1 (WinNT)
[2019-09-06 10:38:02] ---- BROWSER:  Chrome 76.0 (Mozilla/5.0 (Windows NT 10.0; Win64; x64) AppleWebKit/537.36 (KHTML, like Gecko) Chrome/76.0.3809.132 Safari/537.36)
[2019-09-06 10:38:02] 200 - OK - text/xml
[2019-09-06 10:38:02] REQUEST GET - https://localhost:8082/public/ws/Resources.ashx/xml-qa
[2019-09-06 10:38:02] ---- FROM  ::1 (WinNT)
[2019-09-06 10:38:02] ---- BROWSER:  Chrome 76.0 (Mozilla/5.0 (Windows NT 10.0; Win64; x64) AppleWebKit/537.36 (KHTML, like Gecko) Chrome/76.0.3809.132 Safari/537.36)
[2019-09-06 10:38:02] 200 - OK - text/xml
[2019-09-06 10:38:02] REQUEST GET - https://localhost:8082/public/ws/Resources.ashx/xml-qa
[2019-09-06 10:38:02] ---- FROM  ::1 (WinNT)
[2019-09-06 10:38:02] ---- BROWSER:  Chrome 76.0 (Mozilla/5.0 (Windows NT 10.0; Win64; x64) AppleWebKit/537.36 (KHTML, like Gecko) Chrome/76.0.3809.132 Safari/537.36)
[2019-09-06 10:38:02] 200 - OK - text/xml
[2019-09-06 10:38:02] REQUEST GET - https://localhost:8082/public/ws/Resources.ashx/xml-qa
[2019-09-06 10:38:02] ---- FROM  ::1 (WinNT)
[2019-09-06 10:38:02] ---- BROWSER:  Chrome 76.0 (Mozilla/5.0 (Windows NT 10.0; Win64; x64) AppleWebKit/537.36 (KHTML, like Gecko) Chrome/76.0.3809.132 Safari/537.36)
[2019-09-06 10:38:02] 200 - OK - text/xml
[2019-09-06 10:38:02] REQUEST GET - https://localhost:8082/public/ws/Resources.ashx/xml-qa
[2019-09-06 10:38:02] ---- FROM  ::1 (WinNT)
[2019-09-06 10:38:02] ---- BROWSER:  Chrome 76.0 (Mozilla/5.0 (Windows NT 10.0; Win64; x64) AppleWebKit/537.36 (KHTML, like Gecko) Chrome/76.0.3809.132 Safari/537.36)
[2019-09-06 10:38:02] 200 - OK - text/xml
[2019-09-06 10:38:02] REQUEST GET - https://localhost:8082/public/ws/Resources.ashx/xml-qa
[2019-09-06 10:38:02] ---- FROM  ::1 (WinNT)
[2019-09-06 10:38:02] ---- BROWSER:  Chrome 76.0 (Mozilla/5.0 (Windows NT 10.0; Win64; x64) AppleWebKit/537.36 (KHTML, like Gecko) Chrome/76.0.3809.132 Safari/537.36)
[2019-09-06 10:38:02] 200 - OK - text/xml
[2019-09-06 10:38:04] REQUEST GET - https://localhost:8082/economics/costi-esterni
[2019-09-06 10:38:04] ---- FROM  ::1 (WinNT)
[2019-09-06 10:38:04] ---- BROWSER:  Chrome 76.0 (Mozilla/5.0 (Windows NT 10.0; Win64; x64) AppleWebKit/537.36 (KHTML, like Gecko) Chrome/76.0.3809.132 Safari/537.36)
[2019-09-06 10:38:05] 200 - OK - text/html
[2019-09-06 10:38:05] REQUEST POST - https://localhost:8082/public/ws/Ricavi.asmx/CostiEsterniMagazzino_Get
[2019-09-06 10:38:05] ---- FROM  ::1 (WinNT)
[2019-09-06 10:38:05] ---- BROWSER:  Chrome 76.0 (Mozilla/5.0 (Windows NT 10.0; Win64; x64) AppleWebKit/537.36 (KHTML, like Gecko) Chrome/76.0.3809.132 Safari/537.36)
[2019-09-06 10:38:05] ---- CONTENT: {data : "<?xml version='1.0' encoding='utf-8' ?><Request ID='20190906103805469'><General><Token>61111131252223224013000011333653</Token></General><Data></Data></Request>"}
[2019-09-06 10:38:05] 200 - OK - application/json
[2019-09-06 10:38:05] REQUEST POST - https://localhost:8082/public/ws/Config.asmx/All_Get
[2019-09-06 10:38:05] ---- FROM  ::1 (WinNT)
[2019-09-06 10:38:05] ---- BROWSER:  Chrome 76.0 (Mozilla/5.0 (Windows NT 10.0; Win64; x64) AppleWebKit/537.36 (KHTML, like Gecko) Chrome/76.0.3809.132 Safari/537.36)
[2019-09-06 10:38:05] ---- CONTENT: {data : "<?xml version='1.0' encoding='utf-8' ?><Request ID='20190906103805619'><General><Token>61111131252223224013000011333653</Token></General><Data></Data></Request>"}
[2019-09-06 10:38:05] 200 - OK - application/json
[2019-09-06 10:38:05] REQUEST POST - https://localhost:8082/public/ws/Economics.asmx/messaggi_summary
[2019-09-06 10:38:05] ---- FROM  ::1 (WinNT)
[2019-09-06 10:38:05] ---- BROWSER:  Chrome 76.0 (Mozilla/5.0 (Windows NT 10.0; Win64; x64) AppleWebKit/537.36 (KHTML, like Gecko) Chrome/76.0.3809.132 Safari/537.36)
[2019-09-06 10:38:05] ---- CONTENT: {data : "<?xml version='1.0' encoding='utf-8' ?><Request ID='20190906103805652'><General><Token>61111131252223224013000011333653</Token></General><Data></Data></Request>"}
[2019-09-06 10:38:05] 200 - OK - application/json
[2019-09-06 10:38:05] REQUEST GET - https://localhost:8082/public/ws/Resources.ashx/xml-economics/61111131252223224013000011333653
[2019-09-06 10:38:05] ---- FROM  ::1 (WinNT)
[2019-09-06 10:38:05] ---- BROWSER:  Chrome 76.0 (Mozilla/5.0 (Windows NT 10.0; Win64; x64) AppleWebKit/537.36 (KHTML, like Gecko) Chrome/76.0.3809.132 Safari/537.36)
[2019-09-06 10:38:05] REQUEST POST - https://localhost:8082/public/ws/Config.asmx/All_Get
[2019-09-06 10:38:05] ---- FROM  ::1 (WinNT)
[2019-09-06 10:38:05] ---- BROWSER:  Chrome 76.0 (Mozilla/5.0 (Windows NT 10.0; Win64; x64) AppleWebKit/537.36 (KHTML, like Gecko) Chrome/76.0.3809.132 Safari/537.36)
[2019-09-06 10:38:05] ---- CONTENT: {data : "<?xml version='1.0' encoding='utf-8' ?><Request ID='20190906103805705'><General><Token>61111131252223224013000011333653</Token></General><Data></Data></Request>"}
[2019-09-06 10:38:05] 200 - OK - application/json
[2019-09-06 10:38:05] 200 - OK - text/xml
[2019-09-06 10:38:08] REQUEST POST - https://localhost:8082/public/ws/Config.asmx/All_Get
[2019-09-06 10:38:08] ---- FROM  ::1 (WinNT)
[2019-09-06 10:38:08] ---- BROWSER:  Chrome 76.0 (Mozilla/5.0 (Windows NT 10.0; Win64; x64) AppleWebKit/537.36 (KHTML, like Gecko) Chrome/76.0.3809.132 Safari/537.36)
[2019-09-06 10:38:08] ---- CONTENT: {data : "<?xml version='1.0' encoding='utf-8' ?><Request ID='2019090610380848'><General><Token>61111131252223224013000011333653</Token></General><Data></Data></Request>"}
[2019-09-06 10:38:08] 200 - OK - application/json
[2019-09-06 10:38:15] REQUEST GET - https://localhost:8082/economics/costi-variabili
[2019-09-06 10:38:16] ---- FROM  ::1 (WinNT)
[2019-09-06 10:38:16] ---- BROWSER:  Chrome 76.0 (Mozilla/5.0 (Windows NT 10.0; Win64; x64) AppleWebKit/537.36 (KHTML, like Gecko) Chrome/76.0.3809.132 Safari/537.36)
[2019-09-06 10:38:16] 200 - OK - text/html
[2019-09-06 10:38:16] REQUEST POST - https://localhost:8082/public/ws/CostiVariabili.asmx/Get
[2019-09-06 10:38:16] ---- FROM  ::1 (WinNT)
[2019-09-06 10:38:16] ---- BROWSER:  Chrome 76.0 (Mozilla/5.0 (Windows NT 10.0; Win64; x64) AppleWebKit/537.36 (KHTML, like Gecko) Chrome/76.0.3809.132 Safari/537.36)
[2019-09-06 10:38:16] ---- CONTENT: {data : "<?xml version='1.0' encoding='utf-8' ?><Request ID='20190906103816495'><General><Token>61111131252223224013000011333653</Token></General><Data></Data></Request>"}
[2019-09-06 10:38:18] 200 - OK - application/json
[2019-09-06 10:38:18] REQUEST POST - https://localhost:8082/public/ws/Config.asmx/All_Get
[2019-09-06 10:38:18] ---- FROM  ::1 (WinNT)
[2019-09-06 10:38:18] ---- BROWSER:  Chrome 76.0 (Mozilla/5.0 (Windows NT 10.0; Win64; x64) AppleWebKit/537.36 (KHTML, like Gecko) Chrome/76.0.3809.132 Safari/537.36)
[2019-09-06 10:38:18] ---- CONTENT: {data : "<?xml version='1.0' encoding='utf-8' ?><Request ID='20190906103818657'><General><Token>61111131252223224013000011333653</Token></General><Data></Data></Request>"}
[2019-09-06 10:38:18] 200 - OK - application/json
[2019-09-06 10:38:18] REQUEST POST - https://localhost:8082/public/ws/Economics.asmx/messaggi_summary
[2019-09-06 10:38:18] ---- FROM  ::1 (WinNT)
[2019-09-06 10:38:18] ---- BROWSER:  Chrome 76.0 (Mozilla/5.0 (Windows NT 10.0; Win64; x64) AppleWebKit/537.36 (KHTML, like Gecko) Chrome/76.0.3809.132 Safari/537.36)
[2019-09-06 10:38:18] ---- CONTENT: {data : "<?xml version='1.0' encoding='utf-8' ?><Request ID='20190906103818704'><General><Token>61111131252223224013000011333653</Token></General><Data></Data></Request>"}
[2019-09-06 10:38:18] 200 - OK - application/json
[2019-09-06 10:38:18] REQUEST GET - https://localhost:8082/public/ws/Resources.ashx/xml-economics/61111131252223224013000011333653
[2019-09-06 10:38:18] ---- FROM  ::1 (WinNT)
[2019-09-06 10:38:18] ---- BROWSER:  Chrome 76.0 (Mozilla/5.0 (Windows NT 10.0; Win64; x64) AppleWebKit/537.36 (KHTML, like Gecko) Chrome/76.0.3809.132 Safari/537.36)
[2019-09-06 10:38:18] REQUEST POST - https://localhost:8082/public/ws/Config.asmx/All_Get
[2019-09-06 10:38:18] ---- FROM  ::1 (WinNT)
[2019-09-06 10:38:18] ---- BROWSER:  Chrome 76.0 (Mozilla/5.0 (Windows NT 10.0; Win64; x64) AppleWebKit/537.36 (KHTML, like Gecko) Chrome/76.0.3809.132 Safari/537.36)
[2019-09-06 10:38:18] ---- CONTENT: {data : "<?xml version='1.0' encoding='utf-8' ?><Request ID='20190906103818750'><General><Token>61111131252223224013000011333653</Token></General><Data></Data></Request>"}
[2019-09-06 10:38:18] 200 - OK - application/json
[2019-09-06 10:38:18] 200 - OK - text/xml
[2019-09-06 10:38:18] REQUEST POST - https://localhost:8082/public/ws/Config.asmx/All_Get
[2019-09-06 10:38:18] ---- FROM  ::1 (WinNT)
[2019-09-06 10:38:18] ---- BROWSER:  Chrome 76.0 (Mozilla/5.0 (Windows NT 10.0; Win64; x64) AppleWebKit/537.36 (KHTML, like Gecko) Chrome/76.0.3809.132 Safari/537.36)
[2019-09-06 10:38:18] ---- CONTENT: {data : "<?xml version='1.0' encoding='utf-8' ?><Request ID='20190906103818974'><General><Token>61111131252223224013000011333653</Token></General><Data></Data></Request>"}
[2019-09-06 10:38:18] 200 - OK - application/json
[2019-09-06 10:38:24] REQUEST GET - https://localhost:8082/economics/costi-interni
[2019-09-06 10:38:24] ---- FROM  ::1 (WinNT)
[2019-09-06 10:38:24] ---- BROWSER:  Chrome 76.0 (Mozilla/5.0 (Windows NT 10.0; Win64; x64) AppleWebKit/537.36 (KHTML, like Gecko) Chrome/76.0.3809.132 Safari/537.36)
[2019-09-06 10:38:24] 200 - OK - text/html
[2019-09-06 10:38:25] REQUEST POST - https://localhost:8082/public/ws/CostiInterni.asmx/Get
[2019-09-06 10:38:25] ---- FROM  ::1 (WinNT)
[2019-09-06 10:38:25] ---- BROWSER:  Chrome 76.0 (Mozilla/5.0 (Windows NT 10.0; Win64; x64) AppleWebKit/537.36 (KHTML, like Gecko) Chrome/76.0.3809.132 Safari/537.36)
[2019-09-06 10:38:25] ---- CONTENT: {data : "<?xml version='1.0' encoding='utf-8' ?><Request ID='20190906103825480'><General><Token>61111131252223224013000011333653</Token></General><Data></Data></Request>"}
[2019-09-06 10:38:25] 200 - OK - application/json
[2019-09-06 10:38:25] REQUEST POST - https://localhost:8082/public/ws/Config.asmx/All_Get
[2019-09-06 10:38:25] ---- FROM  ::1 (WinNT)
[2019-09-06 10:38:25] ---- BROWSER:  Chrome 76.0 (Mozilla/5.0 (Windows NT 10.0; Win64; x64) AppleWebKit/537.36 (KHTML, like Gecko) Chrome/76.0.3809.132 Safari/537.36)
[2019-09-06 10:38:25] ---- CONTENT: {data : "<?xml version='1.0' encoding='utf-8' ?><Request ID='20190906103825640'><General><Token>61111131252223224013000011333653</Token></General><Data></Data></Request>"}
[2019-09-06 10:38:25] 200 - OK - application/json
[2019-09-06 10:38:25] REQUEST POST - https://localhost:8082/public/ws/Economics.asmx/messaggi_summary
[2019-09-06 10:38:25] ---- FROM  ::1 (WinNT)
[2019-09-06 10:38:25] ---- BROWSER:  Chrome 76.0 (Mozilla/5.0 (Windows NT 10.0; Win64; x64) AppleWebKit/537.36 (KHTML, like Gecko) Chrome/76.0.3809.132 Safari/537.36)
[2019-09-06 10:38:25] ---- CONTENT: {data : "<?xml version='1.0' encoding='utf-8' ?><Request ID='20190906103825681'><General><Token>61111131252223224013000011333653</Token></General><Data></Data></Request>"}
[2019-09-06 10:38:25] 200 - OK - application/json
[2019-09-06 10:38:25] REQUEST GET - https://localhost:8082/public/ws/Resources.ashx/xml-economics/61111131252223224013000011333653
[2019-09-06 10:38:25] ---- FROM  ::1 (WinNT)
[2019-09-06 10:38:25] ---- BROWSER:  Chrome 76.0 (Mozilla/5.0 (Windows NT 10.0; Win64; x64) AppleWebKit/537.36 (KHTML, like Gecko) Chrome/76.0.3809.132 Safari/537.36)
[2019-09-06 10:38:25] REQUEST POST - https://localhost:8082/public/ws/Config.asmx/All_Get
[2019-09-06 10:38:25] ---- FROM  ::1 (WinNT)
[2019-09-06 10:38:25] ---- BROWSER:  Chrome 76.0 (Mozilla/5.0 (Windows NT 10.0; Win64; x64) AppleWebKit/537.36 (KHTML, like Gecko) Chrome/76.0.3809.132 Safari/537.36)
[2019-09-06 10:38:25] ---- CONTENT: {data : "<?xml version='1.0' encoding='utf-8' ?><Request ID='20190906103825725'><General><Token>61111131252223224013000011333653</Token></General><Data></Data></Request>"}
[2019-09-06 10:38:25] 200 - OK - application/json
[2019-09-06 10:38:25] 200 - OK - text/xml
[2019-09-06 10:38:26] REQUEST POST - https://localhost:8082/public/ws/Config.asmx/All_Get
[2019-09-06 10:38:26] ---- FROM  ::1 (WinNT)
[2019-09-06 10:38:26] ---- BROWSER:  Chrome 76.0 (Mozilla/5.0 (Windows NT 10.0; Win64; x64) AppleWebKit/537.36 (KHTML, like Gecko) Chrome/76.0.3809.132 Safari/537.36)
[2019-09-06 10:38:26] ---- CONTENT: {data : "<?xml version='1.0' encoding='utf-8' ?><Request ID='20190906103826301'><General><Token>61111131252223224013000011333653</Token></General><Data></Data></Request>"}
[2019-09-06 10:38:26] 200 - OK - application/json
[2019-09-06 10:41:00] REQUEST GET - https://localhost:8082/public/aspx/Home.aspx?Token=61111131252223224013000011333653&TokenApiRest=eyJ0eXAiOiJKV1QiLCJhbGciOiJIUzI1NiJ9.eyJpc3MiOiJodHRwczpcL1wvd3d3cy5kZXYteWVhcC5pdCIsImlhdCI6MTU0MjI5NDMyMSwibmJmIjoxNTQyMjk0MzIxLCJleHAiOjE1NDI4OTkxMjEsImRhdGEiOnsidXNlciI6eyJpZCI6IjQ0In19fQ.RCP5OeoGASxAyBw1MbMD4BFJAcDM5JIXqYXKBALZcJI&Logo=https://localhost:8082/scratch/pl_logo.png&Title=Business Plan Test nr. 2
[2019-09-06 10:41:01] ---- FROM  ::1 (WinNT)
[2019-09-06 10:41:01] ---- BROWSER:  Chrome 76.0 (Mozilla/5.0 (Windows NT 10.0; Win64; x64) AppleWebKit/537.36 (KHTML, like Gecko) Chrome/76.0.3809.132 Safari/537.36)
[2019-09-06 10:41:01] 302 - Found - text/html
[2019-09-06 10:41:01] REQUEST GET - https://localhost:8082/home/welcome?Token=61111131252223224013000011333653&TokenApiRest=eyJ0eXAiOiJKV1QiLCJhbGciOiJIUzI1NiJ9.eyJpc3MiOiJodHRwczpcL1wvd3d3cy5kZXYteWVhcC5pdCIsImlhdCI6MTU0MjI5NDMyMSwibmJmIjoxNTQyMjk0MzIxLCJleHAiOjE1NDI4OTkxMjEsImRhdGEiOnsidXNlciI6eyJpZCI6IjQ0In19fQ.RCP5OeoGASxAyBw1MbMD4BFJAcDM5JIXqYXKBALZcJI&Logo=https://localhost:8082/scratch/pl_logo.png&Title=Business Plan Test nr. 2
[2019-09-06 10:41:01] ---- FROM  ::1 (WinNT)
[2019-09-06 10:41:01] ---- BROWSER:  Chrome 76.0 (Mozilla/5.0 (Windows NT 10.0; Win64; x64) AppleWebKit/537.36 (KHTML, like Gecko) Chrome/76.0.3809.132 Safari/537.36)
[2019-09-06 10:41:01] 200 - OK - text/html
[2019-09-06 10:41:03] REQUEST POST - https://localhost:8082/public/ws/General.asmx/Set
[2019-09-06 10:41:03] ---- FROM  ::1 (WinNT)
[2019-09-06 10:41:03] ---- BROWSER:  Chrome 76.0 (Mozilla/5.0 (Windows NT 10.0; Win64; x64) AppleWebKit/537.36 (KHTML, like Gecko) Chrome/76.0.3809.132 Safari/537.36)
[2019-09-06 10:41:03] ---- CONTENT: {data : "<?xml version='1.0' encoding='utf-8' ?><Request ID='20190906104103122'><General><Token>61111131252223224013000011333653</Token></General><Data><Nome>Business Plan Test nr. 2</Nome><Logo>https%3A%2F%2Flocalhost%3A8082%2Fscratch%2Fpl_logo.png</Logo></Data></Request>"}
[2019-09-06 10:41:03] 200 - OK - application/json
[2019-09-06 10:41:03] REQUEST POST - https://localhost:8082/public/ws/Config.asmx/Economics_Get
[2019-09-06 10:41:03] ---- FROM  ::1 (WinNT)
[2019-09-06 10:41:03] ---- BROWSER:  Chrome 76.0 (Mozilla/5.0 (Windows NT 10.0; Win64; x64) AppleWebKit/537.36 (KHTML, like Gecko) Chrome/76.0.3809.132 Safari/537.36)
[2019-09-06 10:41:03] ---- CONTENT: {data : "<?xml version='1.0' encoding='utf-8' ?><Request ID='20190906104103237'><General><Token>61111131252223224013000011333653</Token></General><Data></Data></Request>"}
[2019-09-06 10:41:03] 200 - OK - application/json
[2019-09-06 10:41:03] REQUEST POST - https://localhost:8082/public/ws/Config.asmx/All_Get
[2019-09-06 10:41:03] ---- FROM  ::1 (WinNT)
[2019-09-06 10:41:03] ---- BROWSER:  Chrome 76.0 (Mozilla/5.0 (Windows NT 10.0; Win64; x64) AppleWebKit/537.36 (KHTML, like Gecko) Chrome/76.0.3809.132 Safari/537.36)
[2019-09-06 10:41:03] ---- CONTENT: {data : "<?xml version='1.0' encoding='utf-8' ?><Request ID='20190906104103471'><General><Token>61111131252223224013000011333653</Token></General><Data></Data></Request>"}
[2019-09-06 10:41:03] 200 - OK - application/json
[2019-09-06 10:41:03] REQUEST POST - https://localhost:8082/public/ws/Economics.asmx/messaggi_summary
[2019-09-06 10:41:03] ---- FROM  ::1 (WinNT)
[2019-09-06 10:41:03] ---- BROWSER:  Chrome 76.0 (Mozilla/5.0 (Windows NT 10.0; Win64; x64) AppleWebKit/537.36 (KHTML, like Gecko) Chrome/76.0.3809.132 Safari/537.36)
[2019-09-06 10:41:03] ---- CONTENT: {data : "<?xml version='1.0' encoding='utf-8' ?><Request ID='20190906104103709'><General><Token>61111131252223224013000011333653</Token></General><Data></Data></Request>"}
[2019-09-06 10:41:03] 200 - OK - application/json
[2019-09-06 10:41:03] REQUEST POST - https://localhost:8082/public/ws/Config.asmx/All_Get
[2019-09-06 10:41:03] ---- FROM  ::1 (WinNT)
[2019-09-06 10:41:03] ---- BROWSER:  Chrome 76.0 (Mozilla/5.0 (Windows NT 10.0; Win64; x64) AppleWebKit/537.36 (KHTML, like Gecko) Chrome/76.0.3809.132 Safari/537.36)
[2019-09-06 10:41:03] ---- CONTENT: {data : "<?xml version='1.0' encoding='utf-8' ?><Request ID='20190906104103733'><General><Token>61111131252223224013000011333653</Token></General><Data></Data></Request>"}
[2019-09-06 10:41:03] REQUEST POST - https://localhost:8082/public/ws/Config.asmx/All_Get
[2019-09-06 10:41:03] ---- FROM  ::1 (WinNT)
[2019-09-06 10:41:03] ---- BROWSER:  Chrome 76.0 (Mozilla/5.0 (Windows NT 10.0; Win64; x64) AppleWebKit/537.36 (KHTML, like Gecko) Chrome/76.0.3809.132 Safari/537.36)
[2019-09-06 10:41:03] ---- CONTENT: {data : "<?xml version='1.0' encoding='utf-8' ?><Request ID='20190906104103750'><General><Token>61111131252223224013000011333653</Token></General><Data></Data></Request>"}
[2019-09-06 10:41:03] 200 - OK - application/json
[2019-09-06 10:41:03] 200 - OK - application/json
[2019-09-06 10:41:06] REQUEST GET - https://localhost:8082/settings/settings
[2019-09-06 10:41:06] ---- FROM  ::1 (WinNT)
[2019-09-06 10:41:06] ---- BROWSER:  Chrome 76.0 (Mozilla/5.0 (Windows NT 10.0; Win64; x64) AppleWebKit/537.36 (KHTML, like Gecko) Chrome/76.0.3809.132 Safari/537.36)
[2019-09-06 10:41:06] 200 - OK - text/html
[2019-09-06 10:41:06] REQUEST POST - https://localhost:8082/public/ws/Config.asmx/General_Get
[2019-09-06 10:41:06] ---- FROM  ::1 (WinNT)
[2019-09-06 10:41:06] ---- BROWSER:  Chrome 76.0 (Mozilla/5.0 (Windows NT 10.0; Win64; x64) AppleWebKit/537.36 (KHTML, like Gecko) Chrome/76.0.3809.132 Safari/537.36)
[2019-09-06 10:41:06] ---- CONTENT: {data : "<?xml version='1.0' encoding='utf-8' ?><Request ID='20190906104106981'><General><Token>61111131252223224013000011333653</Token></General><Data></Data></Request>"}
[2019-09-06 10:41:06] 200 - OK - application/json
[2019-09-06 10:41:07] REQUEST POST - https://localhost:8082/public/ws/Config.asmx/All_Get
[2019-09-06 10:41:07] ---- FROM  ::1 (WinNT)
[2019-09-06 10:41:07] ---- BROWSER:  Chrome 76.0 (Mozilla/5.0 (Windows NT 10.0; Win64; x64) AppleWebKit/537.36 (KHTML, like Gecko) Chrome/76.0.3809.132 Safari/537.36)
[2019-09-06 10:41:07] ---- CONTENT: {data : "<?xml version='1.0' encoding='utf-8' ?><Request ID='2019090610410719'><General><Token>61111131252223224013000011333653</Token></General><Data></Data></Request>"}
[2019-09-06 10:41:07] 200 - OK - application/json
[2019-09-06 10:41:07] REQUEST POST - https://localhost:8082/public/ws/Economics.asmx/messaggi_summary
[2019-09-06 10:41:07] ---- FROM  ::1 (WinNT)
[2019-09-06 10:41:07] ---- BROWSER:  Chrome 76.0 (Mozilla/5.0 (Windows NT 10.0; Win64; x64) AppleWebKit/537.36 (KHTML, like Gecko) Chrome/76.0.3809.132 Safari/537.36)
[2019-09-06 10:41:07] ---- CONTENT: {data : "<?xml version='1.0' encoding='utf-8' ?><Request ID='2019090610410754'><General><Token>61111131252223224013000011333653</Token></General><Data></Data></Request>"}
[2019-09-06 10:41:07] 200 - OK - application/json
[2019-09-06 10:41:07] REQUEST POST - https://localhost:8082/public/ws/Config.asmx/All_Get
[2019-09-06 10:41:07] ---- FROM  ::1 (WinNT)
[2019-09-06 10:41:07] ---- BROWSER:  Chrome 76.0 (Mozilla/5.0 (Windows NT 10.0; Win64; x64) AppleWebKit/537.36 (KHTML, like Gecko) Chrome/76.0.3809.132 Safari/537.36)
[2019-09-06 10:41:07] ---- CONTENT: {data : "<?xml version='1.0' encoding='utf-8' ?><Request ID='2019090610410787'><General><Token>61111131252223224013000011333653</Token></General><Data></Data></Request>"}
[2019-09-06 10:41:07] 200 - OK - application/json
[2019-09-06 10:41:07] REQUEST POST - https://localhost:8082/public/ws/Config.asmx/All_Get
[2019-09-06 10:41:07] ---- FROM  ::1 (WinNT)
[2019-09-06 10:41:07] ---- BROWSER:  Chrome 76.0 (Mozilla/5.0 (Windows NT 10.0; Win64; x64) AppleWebKit/537.36 (KHTML, like Gecko) Chrome/76.0.3809.132 Safari/537.36)
[2019-09-06 10:41:07] ---- CONTENT: {data : "<?xml version='1.0' encoding='utf-8' ?><Request ID='20190906104107291'><General><Token>61111131252223224013000011333653</Token></General><Data></Data></Request>"}
[2019-09-06 10:41:07] 200 - OK - application/json
[2019-09-06 10:41:07] REQUEST GET - https://localhost:8082/public/ws/Resources.ashx/xml-general
[2019-09-06 10:41:07] ---- FROM  ::1 (WinNT)
[2019-09-06 10:41:07] ---- BROWSER:  Chrome 76.0 (Mozilla/5.0 (Windows NT 10.0; Win64; x64) AppleWebKit/537.36 (KHTML, like Gecko) Chrome/76.0.3809.132 Safari/537.36)
[2019-09-06 10:41:07] 200 - OK - text/xml
[2019-09-06 10:41:07] REQUEST GET - https://localhost:8082/public/ws/Resources.ashx/xml-general
[2019-09-06 10:41:07] ---- FROM  ::1 (WinNT)
[2019-09-06 10:41:07] ---- BROWSER:  Chrome 76.0 (Mozilla/5.0 (Windows NT 10.0; Win64; x64) AppleWebKit/537.36 (KHTML, like Gecko) Chrome/76.0.3809.132 Safari/537.36)
[2019-09-06 10:41:07] 200 - OK - text/xml
[2019-09-06 10:44:20] REQUEST GET - https://localhost:8082/public/aspx/Home.aspx?Token=61111131252223224013000011333653&TokenApiRest=eyJ0eXAiOiJKV1QiLCJhbGciOiJIUzI1NiJ9.eyJpc3MiOiJodHRwczpcL1wvd3d3cy5kZXYteWVhcC5pdCIsImlhdCI6MTU0MjI5NDMyMSwibmJmIjoxNTQyMjk0MzIxLCJleHAiOjE1NDI4OTkxMjEsImRhdGEiOnsidXNlciI6eyJpZCI6IjQ0In19fQ.RCP5OeoGASxAyBw1MbMD4BFJAcDM5JIXqYXKBALZcJI&Logo=https://localhost:8082/scratch/pl_logo.png&Title=Business Plan Test nr. 2
[2019-09-06 10:44:21] ---- FROM  ::1 (WinNT)
[2019-09-06 10:44:21] ---- BROWSER:  Chrome 76.0 (Mozilla/5.0 (Windows NT 10.0; Win64; x64) AppleWebKit/537.36 (KHTML, like Gecko) Chrome/76.0.3809.132 Safari/537.36)
[2019-09-06 10:44:21] 302 - Found - text/html
[2019-09-06 10:44:22] REQUEST GET - https://localhost:8082/home/welcome?Token=61111131252223224013000011333653&TokenApiRest=eyJ0eXAiOiJKV1QiLCJhbGciOiJIUzI1NiJ9.eyJpc3MiOiJodHRwczpcL1wvd3d3cy5kZXYteWVhcC5pdCIsImlhdCI6MTU0MjI5NDMyMSwibmJmIjoxNTQyMjk0MzIxLCJleHAiOjE1NDI4OTkxMjEsImRhdGEiOnsidXNlciI6eyJpZCI6IjQ0In19fQ.RCP5OeoGASxAyBw1MbMD4BFJAcDM5JIXqYXKBALZcJI&Logo=https://localhost:8082/scratch/pl_logo.png&Title=Business Plan Test nr. 2
[2019-09-06 10:44:22] ---- FROM  ::1 (WinNT)
[2019-09-06 10:44:22] ---- BROWSER:  Chrome 76.0 (Mozilla/5.0 (Windows NT 10.0; Win64; x64) AppleWebKit/537.36 (KHTML, like Gecko) Chrome/76.0.3809.132 Safari/537.36)
[2019-09-06 10:44:22] 200 - OK - text/html
[2019-09-06 10:44:22] REQUEST POST - https://localhost:8082/public/ws/General.asmx/Set
[2019-09-06 10:44:22] ---- FROM  ::1 (WinNT)
[2019-09-06 10:44:22] ---- BROWSER:  Chrome 76.0 (Mozilla/5.0 (Windows NT 10.0; Win64; x64) AppleWebKit/537.36 (KHTML, like Gecko) Chrome/76.0.3809.132 Safari/537.36)
[2019-09-06 10:44:22] ---- CONTENT: {data : "<?xml version='1.0' encoding='utf-8' ?><Request ID='20190906104422629'><General><Token>61111131252223224013000011333653</Token></General><Data><Nome>Business Plan Test nr. 2</Nome><Logo>https%3A%2F%2Flocalhost%3A8082%2Fscratch%2Fpl_logo.png</Logo></Data></Request>"}
[2019-09-06 10:44:22] 200 - OK - application/json
[2019-09-06 10:44:22] REQUEST POST - https://localhost:8082/public/ws/Config.asmx/Economics_Get
[2019-09-06 10:44:22] ---- FROM  ::1 (WinNT)
[2019-09-06 10:44:22] ---- BROWSER:  Chrome 76.0 (Mozilla/5.0 (Windows NT 10.0; Win64; x64) AppleWebKit/537.36 (KHTML, like Gecko) Chrome/76.0.3809.132 Safari/537.36)
[2019-09-06 10:44:22] ---- CONTENT: {data : "<?xml version='1.0' encoding='utf-8' ?><Request ID='20190906104422665'><General><Token>61111131252223224013000011333653</Token></General><Data></Data></Request>"}
[2019-09-06 10:44:22] 200 - OK - application/json
[2019-09-06 10:44:22] REQUEST POST - https://localhost:8082/public/ws/Config.asmx/All_Get
[2019-09-06 10:44:22] ---- FROM  ::1 (WinNT)
[2019-09-06 10:44:22] ---- BROWSER:  Chrome 76.0 (Mozilla/5.0 (Windows NT 10.0; Win64; x64) AppleWebKit/537.36 (KHTML, like Gecko) Chrome/76.0.3809.132 Safari/537.36)
[2019-09-06 10:44:22] ---- CONTENT: {data : "<?xml version='1.0' encoding='utf-8' ?><Request ID='20190906104422721'><General><Token>61111131252223224013000011333653</Token></General><Data></Data></Request>"}
[2019-09-06 10:44:22] 200 - OK - application/json
[2019-09-06 10:44:22] REQUEST POST - https://localhost:8082/public/ws/Economics.asmx/messaggi_summary
[2019-09-06 10:44:22] ---- FROM  ::1 (WinNT)
[2019-09-06 10:44:22] ---- BROWSER:  Chrome 76.0 (Mozilla/5.0 (Windows NT 10.0; Win64; x64) AppleWebKit/537.36 (KHTML, like Gecko) Chrome/76.0.3809.132 Safari/537.36)
[2019-09-06 10:44:22] ---- CONTENT: {data : "<?xml version='1.0' encoding='utf-8' ?><Request ID='20190906104422778'><General><Token>61111131252223224013000011333653</Token></General><Data></Data></Request>"}
[2019-09-06 10:44:22] 200 - OK - application/json
[2019-09-06 10:44:23] REQUEST POST - https://localhost:8082/public/ws/Config.asmx/All_Get
[2019-09-06 10:44:23] ---- FROM  ::1 (WinNT)
[2019-09-06 10:44:23] ---- BROWSER:  Chrome 76.0 (Mozilla/5.0 (Windows NT 10.0; Win64; x64) AppleWebKit/537.36 (KHTML, like Gecko) Chrome/76.0.3809.132 Safari/537.36)
[2019-09-06 10:44:23] ---- CONTENT: {data : "<?xml version='1.0' encoding='utf-8' ?><Request ID='20190906104422916'><General><Token>61111131252223224013000011333653</Token></General><Data></Data></Request>"}
[2019-09-06 10:44:23] REQUEST POST - https://localhost:8082/public/ws/Config.asmx/All_Get
[2019-09-06 10:44:23] ---- FROM  ::1 (WinNT)
[2019-09-06 10:44:23] ---- BROWSER:  Chrome 76.0 (Mozilla/5.0 (Windows NT 10.0; Win64; x64) AppleWebKit/537.36 (KHTML, like Gecko) Chrome/76.0.3809.132 Safari/537.36)
[2019-09-06 10:44:23] ---- CONTENT: {data : "<?xml version='1.0' encoding='utf-8' ?><Request ID='2019090610442359'><General><Token>61111131252223224013000011333653</Token></General><Data></Data></Request>"}
[2019-09-06 10:44:23] 200 - OK - application/json
[2019-09-06 10:44:23] 200 - OK - application/json
[2019-09-06 10:44:37] REQUEST GET - https://localhost:8082/public/aspx/Home.aspx?Token=21111141252224224017000011333853&TokenApiRest=eyJ0eXAiOiJKV1QiLCJhbGciOiJIUzI1NiJ9.eyJpc3MiOiJodHRwczpcL1wvd3d3cy5kZXYteWVhcC5pdCIsImlhdCI6MTU0MjI5NDMyMSwibmJmIjoxNTQyMjk0MzIxLCJleHAiOjE1NDI4OTkxMjEsImRhdGEiOnsidXNlciI6eyJpZCI6IjQ0In19fQ.RCP5OeoGASxAyBw1MbMD4BFJAcDM5JIXqYXKBALZcJI&Logo=https://localhost:8082/scratch/pl_logo.png&Title=Business Plan Test nr. 3
[2019-09-06 10:44:37] ---- FROM  ::1 (WinNT)
[2019-09-06 10:44:39] ---- BROWSER:  Chrome 76.0 (Mozilla/5.0 (Windows NT 10.0; Win64; x64) AppleWebKit/537.36 (KHTML, like Gecko) Chrome/76.0.3809.132 Safari/537.36)
[2019-09-06 10:44:39] 302 - Found - text/html
[2019-09-06 10:44:39] REQUEST GET - https://localhost:8082/home/welcome?Token=21111141252224224017000011333853&TokenApiRest=eyJ0eXAiOiJKV1QiLCJhbGciOiJIUzI1NiJ9.eyJpc3MiOiJodHRwczpcL1wvd3d3cy5kZXYteWVhcC5pdCIsImlhdCI6MTU0MjI5NDMyMSwibmJmIjoxNTQyMjk0MzIxLCJleHAiOjE1NDI4OTkxMjEsImRhdGEiOnsidXNlciI6eyJpZCI6IjQ0In19fQ.RCP5OeoGASxAyBw1MbMD4BFJAcDM5JIXqYXKBALZcJI&Logo=https://localhost:8082/scratch/pl_logo.png&Title=Business Plan Test nr. 3
[2019-09-06 10:44:39] ---- FROM  ::1 (WinNT)
[2019-09-06 10:44:39] ---- BROWSER:  Chrome 76.0 (Mozilla/5.0 (Windows NT 10.0; Win64; x64) AppleWebKit/537.36 (KHTML, like Gecko) Chrome/76.0.3809.132 Safari/537.36)
[2019-09-06 10:44:39] 200 - OK - text/html
[2019-09-06 10:44:39] REQUEST POST - https://localhost:8082/public/ws/General.asmx/Set
[2019-09-06 10:44:39] ---- FROM  ::1 (WinNT)
[2019-09-06 10:44:39] ---- BROWSER:  Chrome 76.0 (Mozilla/5.0 (Windows NT 10.0; Win64; x64) AppleWebKit/537.36 (KHTML, like Gecko) Chrome/76.0.3809.132 Safari/537.36)
[2019-09-06 10:44:39] ---- CONTENT: {data : "<?xml version='1.0' encoding='utf-8' ?><Request ID='20190906104439585'><General><Token>21111141252224224017000011333853</Token></General><Data><Nome>Business Plan Test nr. 3</Nome><Logo>https%3A%2F%2Flocalhost%3A8082%2Fscratch%2Fpl_logo.png</Logo></Data></Request>"}
[2019-09-06 10:44:39] 200 - OK - application/json
[2019-09-06 10:44:39] REQUEST POST - https://localhost:8082/public/ws/Config.asmx/Economics_Get
[2019-09-06 10:44:39] ---- FROM  ::1 (WinNT)
[2019-09-06 10:44:39] ---- BROWSER:  Chrome 76.0 (Mozilla/5.0 (Windows NT 10.0; Win64; x64) AppleWebKit/537.36 (KHTML, like Gecko) Chrome/76.0.3809.132 Safari/537.36)
[2019-09-06 10:44:39] ---- CONTENT: {data : "<?xml version='1.0' encoding='utf-8' ?><Request ID='20190906104439695'><General><Token>21111141252224224017000011333853</Token></General><Data></Data></Request>"}
[2019-09-06 10:44:39] 200 - OK - application/json
[2019-09-06 10:44:39] REQUEST POST - https://localhost:8082/public/ws/Config.asmx/All_Get
[2019-09-06 10:44:39] ---- FROM  ::1 (WinNT)
[2019-09-06 10:44:39] ---- BROWSER:  Chrome 76.0 (Mozilla/5.0 (Windows NT 10.0; Win64; x64) AppleWebKit/537.36 (KHTML, like Gecko) Chrome/76.0.3809.132 Safari/537.36)
[2019-09-06 10:44:39] ---- CONTENT: {data : "<?xml version='1.0' encoding='utf-8' ?><Request ID='20190906104439942'><General><Token>21111141252224224017000011333853</Token></General><Data></Data></Request>"}
[2019-09-06 10:44:40] REQUEST POST - https://localhost:8082/public/ws/Economics.asmx/messaggi_summary
[2019-09-06 10:44:40] ---- FROM  ::1 (WinNT)
[2019-09-06 10:44:40] ---- BROWSER:  Chrome 76.0 (Mozilla/5.0 (Windows NT 10.0; Win64; x64) AppleWebKit/537.36 (KHTML, like Gecko) Chrome/76.0.3809.132 Safari/537.36)
[2019-09-06 10:44:40] ---- CONTENT: {data : "<?xml version='1.0' encoding='utf-8' ?><Request ID='20190906104439967'><General><Token>21111141252224224017000011333853</Token></General><Data></Data></Request>"}
[2019-09-06 10:44:40] REQUEST POST - https://localhost:8082/public/ws/Config.asmx/All_Get
[2019-09-06 10:44:40] ---- FROM  ::1 (WinNT)
[2019-09-06 10:44:40] ---- BROWSER:  Chrome 76.0 (Mozilla/5.0 (Windows NT 10.0; Win64; x64) AppleWebKit/537.36 (KHTML, like Gecko) Chrome/76.0.3809.132 Safari/537.36)
[2019-09-06 10:44:40] ---- CONTENT: {data : "<?xml version='1.0' encoding='utf-8' ?><Request ID='20190906104440133'><General><Token>21111141252224224017000011333853</Token></General><Data></Data></Request>"}
[2019-09-06 10:44:40] 200 - OK - application/json
[2019-09-06 10:44:40] 200 - OK - application/json
[2019-09-06 10:44:40] REQUEST POST - https://localhost:8082/public/ws/Config.asmx/All_Get
[2019-09-06 10:44:40] ---- FROM  ::1 (WinNT)
[2019-09-06 10:44:40] ---- BROWSER:  Chrome 76.0 (Mozilla/5.0 (Windows NT 10.0; Win64; x64) AppleWebKit/537.36 (KHTML, like Gecko) Chrome/76.0.3809.132 Safari/537.36)
[2019-09-06 10:44:40] ---- CONTENT: {data : "<?xml version='1.0' encoding='utf-8' ?><Request ID='20190906104440481'><General><Token>21111141252224224017000011333853</Token></General><Data></Data></Request>"}
[2019-09-06 10:44:40] 200 - OK - application/json
[2019-09-06 10:44:40] 200 - OK - application/json
[2019-09-06 10:44:46] REQUEST GET - https://localhost:8082/public/aspx/Home.aspx?Token=61111131252223224013000011333653&TokenApiRest=eyJ0eXAiOiJKV1QiLCJhbGciOiJIUzI1NiJ9.eyJpc3MiOiJodHRwczpcL1wvd3d3cy5kZXYteWVhcC5pdCIsImlhdCI6MTU0MjI5NDMyMSwibmJmIjoxNTQyMjk0MzIxLCJleHAiOjE1NDI4OTkxMjEsImRhdGEiOnsidXNlciI6eyJpZCI6IjQ0In19fQ.RCP5OeoGASxAyBw1MbMD4BFJAcDM5JIXqYXKBALZcJI&Logo=https://localhost:8082/scratch/pl_logo.png&Title=Business Plan Test nr. 2
[2019-09-06 10:44:46] ---- FROM  ::1 (WinNT)
[2019-09-06 10:44:47] ---- BROWSER:  Chrome 76.0 (Mozilla/5.0 (Windows NT 10.0; Win64; x64) AppleWebKit/537.36 (KHTML, like Gecko) Chrome/76.0.3809.132 Safari/537.36)
[2019-09-06 10:44:47] 302 - Found - text/html
[2019-09-06 10:44:47] REQUEST GET - https://localhost:8082/home/welcome?Token=61111131252223224013000011333653&TokenApiRest=eyJ0eXAiOiJKV1QiLCJhbGciOiJIUzI1NiJ9.eyJpc3MiOiJodHRwczpcL1wvd3d3cy5kZXYteWVhcC5pdCIsImlhdCI6MTU0MjI5NDMyMSwibmJmIjoxNTQyMjk0MzIxLCJleHAiOjE1NDI4OTkxMjEsImRhdGEiOnsidXNlciI6eyJpZCI6IjQ0In19fQ.RCP5OeoGASxAyBw1MbMD4BFJAcDM5JIXqYXKBALZcJI&Logo=https://localhost:8082/scratch/pl_logo.png&Title=Business Plan Test nr. 2
[2019-09-06 10:44:47] ---- FROM  ::1 (WinNT)
[2019-09-06 10:44:47] ---- BROWSER:  Chrome 76.0 (Mozilla/5.0 (Windows NT 10.0; Win64; x64) AppleWebKit/537.36 (KHTML, like Gecko) Chrome/76.0.3809.132 Safari/537.36)
[2019-09-06 10:44:47] 200 - OK - text/html
[2019-09-06 10:44:48] REQUEST POST - https://localhost:8082/public/ws/General.asmx/Set
[2019-09-06 10:44:48] ---- FROM  ::1 (WinNT)
[2019-09-06 10:44:48] ---- BROWSER:  Chrome 76.0 (Mozilla/5.0 (Windows NT 10.0; Win64; x64) AppleWebKit/537.36 (KHTML, like Gecko) Chrome/76.0.3809.132 Safari/537.36)
[2019-09-06 10:44:48] ---- CONTENT: {data : "<?xml version='1.0' encoding='utf-8' ?><Request ID='20190906104448140'><General><Token>61111131252223224013000011333653</Token></General><Data><Nome>Business Plan Test nr. 2</Nome><Logo>https%3A%2F%2Flocalhost%3A8082%2Fscratch%2Fpl_logo.png</Logo></Data></Request>"}
[2019-09-06 10:44:48] 200 - OK - application/json
[2019-09-06 10:44:48] REQUEST POST - https://localhost:8082/public/ws/Config.asmx/Economics_Get
[2019-09-06 10:44:48] ---- FROM  ::1 (WinNT)
[2019-09-06 10:44:48] ---- BROWSER:  Chrome 76.0 (Mozilla/5.0 (Windows NT 10.0; Win64; x64) AppleWebKit/537.36 (KHTML, like Gecko) Chrome/76.0.3809.132 Safari/537.36)
[2019-09-06 10:44:48] ---- CONTENT: {data : "<?xml version='1.0' encoding='utf-8' ?><Request ID='20190906104448169'><General><Token>61111131252223224013000011333653</Token></General><Data></Data></Request>"}
[2019-09-06 10:44:48] 200 - OK - application/json
[2019-09-06 10:44:48] REQUEST POST - https://localhost:8082/public/ws/Config.asmx/All_Get
[2019-09-06 10:44:48] ---- FROM  ::1 (WinNT)
[2019-09-06 10:44:48] ---- BROWSER:  Chrome 76.0 (Mozilla/5.0 (Windows NT 10.0; Win64; x64) AppleWebKit/537.36 (KHTML, like Gecko) Chrome/76.0.3809.132 Safari/537.36)
[2019-09-06 10:44:48] ---- CONTENT: {data : "<?xml version='1.0' encoding='utf-8' ?><Request ID='20190906104448277'><General><Token>61111131252223224013000011333653</Token></General><Data></Data></Request>"}
[2019-09-06 10:44:48] 200 - OK - application/json
[2019-09-06 10:44:48] REQUEST POST - https://localhost:8082/public/ws/Economics.asmx/messaggi_summary
[2019-09-06 10:44:48] ---- FROM  ::1 (WinNT)
[2019-09-06 10:44:48] ---- BROWSER:  Chrome 76.0 (Mozilla/5.0 (Windows NT 10.0; Win64; x64) AppleWebKit/537.36 (KHTML, like Gecko) Chrome/76.0.3809.132 Safari/537.36)
[2019-09-06 10:44:48] ---- CONTENT: {data : "<?xml version='1.0' encoding='utf-8' ?><Request ID='20190906104448314'><General><Token>61111131252223224013000011333653</Token></General><Data></Data></Request>"}
[2019-09-06 10:44:48] 200 - OK - application/json
[2019-09-06 10:44:48] REQUEST POST - https://localhost:8082/public/ws/Config.asmx/All_Get
[2019-09-06 10:44:48] ---- FROM  ::1 (WinNT)
[2019-09-06 10:44:48] ---- BROWSER:  Chrome 76.0 (Mozilla/5.0 (Windows NT 10.0; Win64; x64) AppleWebKit/537.36 (KHTML, like Gecko) Chrome/76.0.3809.132 Safari/537.36)
[2019-09-06 10:44:48] ---- CONTENT: {data : "<?xml version='1.0' encoding='utf-8' ?><Request ID='20190906104448361'><General><Token>61111131252223224013000011333653</Token></General><Data></Data></Request>"}
[2019-09-06 10:44:48] 200 - OK - application/json
[2019-09-06 10:44:48] REQUEST POST - https://localhost:8082/public/ws/Config.asmx/All_Get
[2019-09-06 10:44:48] ---- FROM  ::1 (WinNT)
[2019-09-06 10:44:48] ---- BROWSER:  Chrome 76.0 (Mozilla/5.0 (Windows NT 10.0; Win64; x64) AppleWebKit/537.36 (KHTML, like Gecko) Chrome/76.0.3809.132 Safari/537.36)
[2019-09-06 10:44:48] ---- CONTENT: {data : "<?xml version='1.0' encoding='utf-8' ?><Request ID='20190906104448442'><General><Token>61111131252223224013000011333653</Token></General><Data></Data></Request>"}
[2019-09-06 10:44:48] 200 - OK - application/json
[2019-09-06 10:58:34] REQUEST GET - https://localhost:8082/public/aspx/Home.aspx?Token=61111131252223224013000011333653&TokenApiRest=eyJ0eXAiOiJKV1QiLCJhbGciOiJIUzI1NiJ9.eyJpc3MiOiJodHRwczpcL1wvd3d3cy5kZXYteWVhcC5pdCIsImlhdCI6MTU0MjI5NDMyMSwibmJmIjoxNTQyMjk0MzIxLCJleHAiOjE1NDI4OTkxMjEsImRhdGEiOnsidXNlciI6eyJpZCI6IjQ0In19fQ.RCP5OeoGASxAyBw1MbMD4BFJAcDM5JIXqYXKBALZcJI&Logo=https://localhost:8082/scratch/pl_logo.png&Title=Business Plan Test nr. 2
[2019-09-06 10:58:36] ---- FROM  ::1 (WinNT)
[2019-09-06 10:58:36] ---- BROWSER:  Chrome 76.0 (Mozilla/5.0 (Windows NT 10.0; Win64; x64) AppleWebKit/537.36 (KHTML, like Gecko) Chrome/76.0.3809.132 Safari/537.36)
[2019-09-06 10:58:36] 302 - Found - text/html
[2019-09-06 10:58:36] REQUEST GET - https://localhost:8082/home/welcome?Token=61111131252223224013000011333653&TokenApiRest=eyJ0eXAiOiJKV1QiLCJhbGciOiJIUzI1NiJ9.eyJpc3MiOiJodHRwczpcL1wvd3d3cy5kZXYteWVhcC5pdCIsImlhdCI6MTU0MjI5NDMyMSwibmJmIjoxNTQyMjk0MzIxLCJleHAiOjE1NDI4OTkxMjEsImRhdGEiOnsidXNlciI6eyJpZCI6IjQ0In19fQ.RCP5OeoGASxAyBw1MbMD4BFJAcDM5JIXqYXKBALZcJI&Logo=https://localhost:8082/scratch/pl_logo.png&Title=Business Plan Test nr. 2
[2019-09-06 10:58:36] ---- FROM  ::1 (WinNT)
[2019-09-06 10:58:36] ---- BROWSER:  Chrome 76.0 (Mozilla/5.0 (Windows NT 10.0; Win64; x64) AppleWebKit/537.36 (KHTML, like Gecko) Chrome/76.0.3809.132 Safari/537.36)
[2019-09-06 10:58:36] 200 - OK - text/html
[2019-09-06 10:58:36] REQUEST POST - https://localhost:8082/public/ws/General.asmx/Set
[2019-09-06 10:58:36] ---- FROM  ::1 (WinNT)
[2019-09-06 10:58:36] ---- BROWSER:  Chrome 76.0 (Mozilla/5.0 (Windows NT 10.0; Win64; x64) AppleWebKit/537.36 (KHTML, like Gecko) Chrome/76.0.3809.132 Safari/537.36)
[2019-09-06 10:58:36] ---- CONTENT: {data : "<?xml version='1.0' encoding='utf-8' ?><Request ID='20190906105836631'><General><Token>61111131252223224013000011333653</Token></General><Data><Nome>Business Plan Test nr. 2</Nome><Logo>https%3A%2F%2Flocalhost%3A8082%2Fscratch%2Fpl_logo.png</Logo></Data></Request>"}
[2019-09-06 10:58:36] 200 - OK - application/json
[2019-09-06 10:58:36] REQUEST POST - https://localhost:8082/public/ws/Config.asmx/Economics_Get
[2019-09-06 10:58:36] ---- FROM  ::1 (WinNT)
[2019-09-06 10:58:36] ---- BROWSER:  Chrome 76.0 (Mozilla/5.0 (Windows NT 10.0; Win64; x64) AppleWebKit/537.36 (KHTML, like Gecko) Chrome/76.0.3809.132 Safari/537.36)
[2019-09-06 10:58:36] ---- CONTENT: {data : "<?xml version='1.0' encoding='utf-8' ?><Request ID='20190906105836674'><General><Token>61111131252223224013000011333653</Token></General><Data></Data></Request>"}
[2019-09-06 10:58:36] 200 - OK - application/json
[2019-09-06 10:58:36] REQUEST POST - https://localhost:8082/public/ws/Config.asmx/All_Get
[2019-09-06 10:58:36] ---- FROM  ::1 (WinNT)
[2019-09-06 10:58:36] ---- BROWSER:  Chrome 76.0 (Mozilla/5.0 (Windows NT 10.0; Win64; x64) AppleWebKit/537.36 (KHTML, like Gecko) Chrome/76.0.3809.132 Safari/537.36)
[2019-09-06 10:58:36] ---- CONTENT: {data : "<?xml version='1.0' encoding='utf-8' ?><Request ID='20190906105836706'><General><Token>61111131252223224013000011333653</Token></General><Data></Data></Request>"}
[2019-09-06 10:58:36] 200 - OK - application/json
[2019-09-06 10:58:36] REQUEST POST - https://localhost:8082/public/ws/Economics.asmx/messaggi_summary
[2019-09-06 10:58:36] ---- FROM  ::1 (WinNT)
[2019-09-06 10:58:36] ---- BROWSER:  Chrome 76.0 (Mozilla/5.0 (Windows NT 10.0; Win64; x64) AppleWebKit/537.36 (KHTML, like Gecko) Chrome/76.0.3809.132 Safari/537.36)
[2019-09-06 10:58:36] ---- CONTENT: {data : "<?xml version='1.0' encoding='utf-8' ?><Request ID='20190906105836768'><General><Token>61111131252223224013000011333653</Token></General><Data></Data></Request>"}
[2019-09-06 10:58:36] 200 - OK - application/json
[2019-09-06 10:58:36] REQUEST POST - https://localhost:8082/public/ws/Config.asmx/All_Get
[2019-09-06 10:58:36] ---- FROM  ::1 (WinNT)
[2019-09-06 10:58:37] ---- BROWSER:  Chrome 76.0 (Mozilla/5.0 (Windows NT 10.0; Win64; x64) AppleWebKit/537.36 (KHTML, like Gecko) Chrome/76.0.3809.132 Safari/537.36)
[2019-09-06 10:58:37] ---- CONTENT: {data : "<?xml version='1.0' encoding='utf-8' ?><Request ID='20190906105836896'><General><Token>61111131252223224013000011333653</Token></General><Data></Data></Request>"}
[2019-09-06 10:58:37] REQUEST POST - https://localhost:8082/public/ws/Config.asmx/All_Get
[2019-09-06 10:58:37] ---- FROM  ::1 (WinNT)
[2019-09-06 10:58:37] ---- BROWSER:  Chrome 76.0 (Mozilla/5.0 (Windows NT 10.0; Win64; x64) AppleWebKit/537.36 (KHTML, like Gecko) Chrome/76.0.3809.132 Safari/537.36)
[2019-09-06 10:58:37] 200 - OK - application/json
[2019-09-06 10:58:37] ---- CONTENT: {data : "<?xml version='1.0' encoding='utf-8' ?><Request ID='20190906105836963'><General><Token>61111131252223224013000011333653</Token></General><Data></Data></Request>"}
[2019-09-06 10:58:37] 200 - OK - application/json
[2019-09-06 10:58:48] REQUEST GET - https://localhost:8082/public/aspx/Home.aspx?Token=61111131252223224013000011333653&TokenApiRest=eyJ0eXAiOiJKV1QiLCJhbGciOiJIUzI1NiJ9.eyJpc3MiOiJodHRwczpcL1wvd3d3cy5kZXYteWVhcC5pdCIsImlhdCI6MTU0MjI5NDMyMSwibmJmIjoxNTQyMjk0MzIxLCJleHAiOjE1NDI4OTkxMjEsImRhdGEiOnsidXNlciI6eyJpZCI6IjQ0In19fQ.RCP5OeoGASxAyBw1MbMD4BFJAcDM5JIXqYXKBALZcJI&Logo=https://localhost:8082/scratch/pl_logo.png&Title=Business Plan Test nr. 2
[2019-09-06 10:58:48] ---- FROM  ::1 (WinNT)
[2019-09-06 10:58:48] ---- BROWSER:  Chrome 76.0 (Mozilla/5.0 (Windows NT 10.0; Win64; x64) AppleWebKit/537.36 (KHTML, like Gecko) Chrome/76.0.3809.132 Safari/537.36)
[2019-09-06 10:58:48] 302 - Found - text/html
[2019-09-06 10:58:48] REQUEST GET - https://localhost:8082/home/welcome?Token=61111131252223224013000011333653&TokenApiRest=eyJ0eXAiOiJKV1QiLCJhbGciOiJIUzI1NiJ9.eyJpc3MiOiJodHRwczpcL1wvd3d3cy5kZXYteWVhcC5pdCIsImlhdCI6MTU0MjI5NDMyMSwibmJmIjoxNTQyMjk0MzIxLCJleHAiOjE1NDI4OTkxMjEsImRhdGEiOnsidXNlciI6eyJpZCI6IjQ0In19fQ.RCP5OeoGASxAyBw1MbMD4BFJAcDM5JIXqYXKBALZcJI&Logo=https://localhost:8082/scratch/pl_logo.png&Title=Business Plan Test nr. 2
[2019-09-06 10:58:48] ---- FROM  ::1 (WinNT)
[2019-09-06 10:58:48] ---- BROWSER:  Chrome 76.0 (Mozilla/5.0 (Windows NT 10.0; Win64; x64) AppleWebKit/537.36 (KHTML, like Gecko) Chrome/76.0.3809.132 Safari/537.36)
[2019-09-06 10:58:48] 200 - OK - text/html
[2019-09-06 10:58:49] REQUEST POST - https://localhost:8082/public/ws/General.asmx/Set
[2019-09-06 10:58:49] ---- FROM  ::1 (WinNT)
[2019-09-06 10:58:49] ---- BROWSER:  Chrome 76.0 (Mozilla/5.0 (Windows NT 10.0; Win64; x64) AppleWebKit/537.36 (KHTML, like Gecko) Chrome/76.0.3809.132 Safari/537.36)
[2019-09-06 10:58:49] ---- CONTENT: {data : "<?xml version='1.0' encoding='utf-8' ?><Request ID='20190906105849243'><General><Token>61111131252223224013000011333653</Token></General><Data><Nome>Business Plan Test nr. 2</Nome><Logo>https%3A%2F%2Flocalhost%3A8082%2Fscratch%2Fpl_logo.png</Logo></Data></Request>"}
[2019-09-06 10:58:49] 200 - OK - application/json
[2019-09-06 10:58:49] REQUEST POST - https://localhost:8082/public/ws/Config.asmx/Economics_Get
[2019-09-06 10:58:49] ---- FROM  ::1 (WinNT)
[2019-09-06 10:58:49] ---- BROWSER:  Chrome 76.0 (Mozilla/5.0 (Windows NT 10.0; Win64; x64) AppleWebKit/537.36 (KHTML, like Gecko) Chrome/76.0.3809.132 Safari/537.36)
[2019-09-06 10:58:49] ---- CONTENT: {data : "<?xml version='1.0' encoding='utf-8' ?><Request ID='20190906105849306'><General><Token>61111131252223224013000011333653</Token></General><Data></Data></Request>"}
[2019-09-06 10:58:49] 200 - OK - application/json
[2019-09-06 10:58:49] REQUEST POST - https://localhost:8082/public/ws/Config.asmx/All_Get
[2019-09-06 10:58:49] ---- FROM  ::1 (WinNT)
[2019-09-06 10:58:49] ---- BROWSER:  Chrome 76.0 (Mozilla/5.0 (Windows NT 10.0; Win64; x64) AppleWebKit/537.36 (KHTML, like Gecko) Chrome/76.0.3809.132 Safari/537.36)
[2019-09-06 10:58:49] ---- CONTENT: {data : "<?xml version='1.0' encoding='utf-8' ?><Request ID='20190906105849379'><General><Token>61111131252223224013000011333653</Token></General><Data></Data></Request>"}
[2019-09-06 10:58:49] REQUEST POST - https://localhost:8082/public/ws/Economics.asmx/messaggi_summary
[2019-09-06 10:58:49] ---- FROM  ::1 (WinNT)
[2019-09-06 10:58:49] ---- BROWSER:  Chrome 76.0 (Mozilla/5.0 (Windows NT 10.0; Win64; x64) AppleWebKit/537.36 (KHTML, like Gecko) Chrome/76.0.3809.132 Safari/537.36)
[2019-09-06 10:58:49] ---- CONTENT: {data : "<?xml version='1.0' encoding='utf-8' ?><Request ID='20190906105849426'><General><Token>61111131252223224013000011333653</Token></General><Data></Data></Request>"}
[2019-09-06 10:58:49] 200 - OK - application/json
[2019-09-06 10:58:49] 200 - OK - application/json
[2019-09-06 10:58:49] REQUEST POST - https://localhost:8082/public/ws/Config.asmx/All_Get
[2019-09-06 10:58:49] ---- FROM  ::1 (WinNT)
[2019-09-06 10:58:49] ---- BROWSER:  Chrome 76.0 (Mozilla/5.0 (Windows NT 10.0; Win64; x64) AppleWebKit/537.36 (KHTML, like Gecko) Chrome/76.0.3809.132 Safari/537.36)
[2019-09-06 10:58:49] REQUEST POST - https://localhost:8082/public/ws/Config.asmx/All_Get
[2019-09-06 10:58:49] ---- FROM  ::1 (WinNT)
[2019-09-06 10:58:49] ---- BROWSER:  Chrome 76.0 (Mozilla/5.0 (Windows NT 10.0; Win64; x64) AppleWebKit/537.36 (KHTML, like Gecko) Chrome/76.0.3809.132 Safari/537.36)
[2019-09-06 10:58:49] ---- CONTENT: {data : "<?xml version='1.0' encoding='utf-8' ?><Request ID='20190906105849628'><General><Token>61111131252223224013000011333653</Token></General><Data></Data></Request>"}
[2019-09-06 10:58:49] ---- CONTENT: {data : "<?xml version='1.0' encoding='utf-8' ?><Request ID='20190906105849607'><General><Token>61111131252223224013000011333653</Token></General><Data></Data></Request>"}
[2019-09-06 10:58:49] 200 - OK - application/json
[2019-09-06 10:58:49] 200 - OK - application/json
[2019-09-06 11:00:28] REQUEST GET - https://localhost:8082/public/aspx/Home.aspx?Token=61111131252223224013000011333653&TokenApiRest=eyJ0eXAiOiJKV1QiLCJhbGciOiJIUzI1NiJ9.eyJpc3MiOiJodHRwczpcL1wvd3d3cy5kZXYteWVhcC5pdCIsImlhdCI6MTU0MjI5NDMyMSwibmJmIjoxNTQyMjk0MzIxLCJleHAiOjE1NDI4OTkxMjEsImRhdGEiOnsidXNlciI6eyJpZCI6IjQ0In19fQ.RCP5OeoGASxAyBw1MbMD4BFJAcDM5JIXqYXKBALZcJI&Logo=https://localhost:8082/scratch/pl_logo.png&Title=Business Plan Test nr. 2
[2019-09-06 11:00:28] ---- FROM  ::1 (WinNT)
[2019-09-06 11:00:28] ---- BROWSER:  Chrome 76.0 (Mozilla/5.0 (Windows NT 10.0; Win64; x64) AppleWebKit/537.36 (KHTML, like Gecko) Chrome/76.0.3809.132 Safari/537.36)
[2019-09-06 11:00:28] 302 - Found - text/html
[2019-09-06 11:00:28] REQUEST GET - https://localhost:8082/home/welcome?Token=61111131252223224013000011333653&TokenApiRest=eyJ0eXAiOiJKV1QiLCJhbGciOiJIUzI1NiJ9.eyJpc3MiOiJodHRwczpcL1wvd3d3cy5kZXYteWVhcC5pdCIsImlhdCI6MTU0MjI5NDMyMSwibmJmIjoxNTQyMjk0MzIxLCJleHAiOjE1NDI4OTkxMjEsImRhdGEiOnsidXNlciI6eyJpZCI6IjQ0In19fQ.RCP5OeoGASxAyBw1MbMD4BFJAcDM5JIXqYXKBALZcJI&Logo=https://localhost:8082/scratch/pl_logo.png&Title=Business Plan Test nr. 2
[2019-09-06 11:00:28] ---- FROM  ::1 (WinNT)
[2019-09-06 11:00:28] ---- BROWSER:  Chrome 76.0 (Mozilla/5.0 (Windows NT 10.0; Win64; x64) AppleWebKit/537.36 (KHTML, like Gecko) Chrome/76.0.3809.132 Safari/537.36)
[2019-09-06 11:00:28] 200 - OK - text/html
[2019-09-06 11:00:28] REQUEST POST - https://localhost:8082/public/ws/General.asmx/Set
[2019-09-06 11:00:28] ---- FROM  ::1 (WinNT)
[2019-09-06 11:00:28] ---- BROWSER:  Chrome 76.0 (Mozilla/5.0 (Windows NT 10.0; Win64; x64) AppleWebKit/537.36 (KHTML, like Gecko) Chrome/76.0.3809.132 Safari/537.36)
[2019-09-06 11:00:28] ---- CONTENT: {data : "<?xml version='1.0' encoding='utf-8' ?><Request ID='20190906110028666'><General><Token>61111131252223224013000011333653</Token></General><Data><Nome>Business Plan Test nr. 2</Nome><Logo>https%3A%2F%2Flocalhost%3A8082%2Fscratch%2Fpl_logo.png</Logo></Data></Request>"}
[2019-09-06 11:00:28] 200 - OK - application/json
[2019-09-06 11:00:28] REQUEST POST - https://localhost:8082/public/ws/Config.asmx/Economics_Get
[2019-09-06 11:00:28] ---- FROM  ::1 (WinNT)
[2019-09-06 11:00:28] ---- BROWSER:  Chrome 76.0 (Mozilla/5.0 (Windows NT 10.0; Win64; x64) AppleWebKit/537.36 (KHTML, like Gecko) Chrome/76.0.3809.132 Safari/537.36)
[2019-09-06 11:00:28] ---- CONTENT: {data : "<?xml version='1.0' encoding='utf-8' ?><Request ID='20190906110028695'><General><Token>61111131252223224013000011333653</Token></General><Data></Data></Request>"}
[2019-09-06 11:00:28] 200 - OK - application/json
[2019-09-06 11:00:28] REQUEST POST - https://localhost:8082/public/ws/Config.asmx/All_Get
[2019-09-06 11:00:28] ---- FROM  ::1 (WinNT)
[2019-09-06 11:00:28] ---- BROWSER:  Chrome 76.0 (Mozilla/5.0 (Windows NT 10.0; Win64; x64) AppleWebKit/537.36 (KHTML, like Gecko) Chrome/76.0.3809.132 Safari/537.36)
[2019-09-06 11:00:28] ---- CONTENT: {data : "<?xml version='1.0' encoding='utf-8' ?><Request ID='20190906110028741'><General><Token>61111131252223224013000011333653</Token></General><Data></Data></Request>"}
[2019-09-06 11:00:28] 200 - OK - application/json
[2019-09-06 11:00:28] REQUEST POST - https://localhost:8082/public/ws/Economics.asmx/messaggi_summary
[2019-09-06 11:00:28] ---- FROM  ::1 (WinNT)
[2019-09-06 11:00:28] ---- BROWSER:  Chrome 76.0 (Mozilla/5.0 (Windows NT 10.0; Win64; x64) AppleWebKit/537.36 (KHTML, like Gecko) Chrome/76.0.3809.132 Safari/537.36)
[2019-09-06 11:00:28] ---- CONTENT: {data : "<?xml version='1.0' encoding='utf-8' ?><Request ID='20190906110028773'><General><Token>61111131252223224013000011333653</Token></General><Data></Data></Request>"}
[2019-09-06 11:00:28] 200 - OK - application/json
[2019-09-06 11:00:28] REQUEST POST - https://localhost:8082/public/ws/Config.asmx/All_Get
[2019-09-06 11:00:28] ---- FROM  ::1 (WinNT)
[2019-09-06 11:00:28] ---- BROWSER:  Chrome 76.0 (Mozilla/5.0 (Windows NT 10.0; Win64; x64) AppleWebKit/537.36 (KHTML, like Gecko) Chrome/76.0.3809.132 Safari/537.36)
[2019-09-06 11:00:28] ---- CONTENT: {data : "<?xml version='1.0' encoding='utf-8' ?><Request ID='20190906110028814'><General><Token>61111131252223224013000011333653</Token></General><Data></Data></Request>"}
[2019-09-06 11:00:28] 200 - OK - application/json
[2019-09-06 11:00:28] REQUEST POST - https://localhost:8082/public/ws/Config.asmx/All_Get
[2019-09-06 11:00:28] ---- FROM  ::1 (WinNT)
[2019-09-06 11:00:28] ---- BROWSER:  Chrome 76.0 (Mozilla/5.0 (Windows NT 10.0; Win64; x64) AppleWebKit/537.36 (KHTML, like Gecko) Chrome/76.0.3809.132 Safari/537.36)
[2019-09-06 11:00:28] ---- CONTENT: {data : "<?xml version='1.0' encoding='utf-8' ?><Request ID='20190906110028920'><General><Token>61111131252223224013000011333653</Token></General><Data></Data></Request>"}
[2019-09-06 11:00:28] 200 - OK - application/json
[2019-09-06 11:00:31] REQUEST GET - https://localhost:8082/public/aspx/Home.aspx?Token=21111141252224224017000011333853&TokenApiRest=eyJ0eXAiOiJKV1QiLCJhbGciOiJIUzI1NiJ9.eyJpc3MiOiJodHRwczpcL1wvd3d3cy5kZXYteWVhcC5pdCIsImlhdCI6MTU0MjI5NDMyMSwibmJmIjoxNTQyMjk0MzIxLCJleHAiOjE1NDI4OTkxMjEsImRhdGEiOnsidXNlciI6eyJpZCI6IjQ0In19fQ.RCP5OeoGASxAyBw1MbMD4BFJAcDM5JIXqYXKBALZcJI&Logo=https://localhost:8082/scratch/pl_logo.png&Title=Business Plan Test nr. 3
[2019-09-06 11:00:31] ---- FROM  ::1 (WinNT)
[2019-09-06 11:00:31] ---- BROWSER:  Chrome 76.0 (Mozilla/5.0 (Windows NT 10.0; Win64; x64) AppleWebKit/537.36 (KHTML, like Gecko) Chrome/76.0.3809.132 Safari/537.36)
[2019-09-06 11:00:32] 302 - Found - text/html
[2019-09-06 11:00:32] REQUEST GET - https://localhost:8082/home/welcome?Token=21111141252224224017000011333853&TokenApiRest=eyJ0eXAiOiJKV1QiLCJhbGciOiJIUzI1NiJ9.eyJpc3MiOiJodHRwczpcL1wvd3d3cy5kZXYteWVhcC5pdCIsImlhdCI6MTU0MjI5NDMyMSwibmJmIjoxNTQyMjk0MzIxLCJleHAiOjE1NDI4OTkxMjEsImRhdGEiOnsidXNlciI6eyJpZCI6IjQ0In19fQ.RCP5OeoGASxAyBw1MbMD4BFJAcDM5JIXqYXKBALZcJI&Logo=https://localhost:8082/scratch/pl_logo.png&Title=Business Plan Test nr. 3
[2019-09-06 11:00:32] ---- FROM  ::1 (WinNT)
[2019-09-06 11:00:32] ---- BROWSER:  Chrome 76.0 (Mozilla/5.0 (Windows NT 10.0; Win64; x64) AppleWebKit/537.36 (KHTML, like Gecko) Chrome/76.0.3809.132 Safari/537.36)
[2019-09-06 11:00:32] 200 - OK - text/html
[2019-09-06 11:00:32] REQUEST POST - https://localhost:8082/public/ws/General.asmx/Set
[2019-09-06 11:00:32] ---- FROM  ::1 (WinNT)
[2019-09-06 11:00:32] ---- BROWSER:  Chrome 76.0 (Mozilla/5.0 (Windows NT 10.0; Win64; x64) AppleWebKit/537.36 (KHTML, like Gecko) Chrome/76.0.3809.132 Safari/537.36)
[2019-09-06 11:00:32] ---- CONTENT: {data : "<?xml version='1.0' encoding='utf-8' ?><Request ID='20190906110032524'><General><Token>21111141252224224017000011333853</Token></General><Data><Nome>Business Plan Test nr. 3</Nome><Logo>https%3A%2F%2Flocalhost%3A8082%2Fscratch%2Fpl_logo.png</Logo></Data></Request>"}
[2019-09-06 11:00:32] 200 - OK - application/json
[2019-09-06 11:00:32] REQUEST POST - https://localhost:8082/public/ws/Config.asmx/Economics_Get
[2019-09-06 11:00:32] ---- FROM  ::1 (WinNT)
[2019-09-06 11:00:32] ---- BROWSER:  Chrome 76.0 (Mozilla/5.0 (Windows NT 10.0; Win64; x64) AppleWebKit/537.36 (KHTML, like Gecko) Chrome/76.0.3809.132 Safari/537.36)
[2019-09-06 11:00:32] ---- CONTENT: {data : "<?xml version='1.0' encoding='utf-8' ?><Request ID='20190906110032650'><General><Token>21111141252224224017000011333853</Token></General><Data></Data></Request>"}
[2019-09-06 11:00:32] 200 - OK - application/json
[2019-09-06 11:00:32] REQUEST POST - https://localhost:8082/public/ws/Config.asmx/All_Get
[2019-09-06 11:00:32] ---- FROM  ::1 (WinNT)
[2019-09-06 11:00:32] ---- BROWSER:  Chrome 76.0 (Mozilla/5.0 (Windows NT 10.0; Win64; x64) AppleWebKit/537.36 (KHTML, like Gecko) Chrome/76.0.3809.132 Safari/537.36)
[2019-09-06 11:00:32] ---- CONTENT: {data : "<?xml version='1.0' encoding='utf-8' ?><Request ID='20190906110032936'><General><Token>21111141252224224017000011333853</Token></General><Data></Data></Request>"}
[2019-09-06 11:00:33] REQUEST POST - https://localhost:8082/public/ws/Economics.asmx/messaggi_summary
[2019-09-06 11:00:33] ---- FROM  ::1 (WinNT)
[2019-09-06 11:00:33] ---- BROWSER:  Chrome 76.0 (Mozilla/5.0 (Windows NT 10.0; Win64; x64) AppleWebKit/537.36 (KHTML, like Gecko) Chrome/76.0.3809.132 Safari/537.36)
[2019-09-06 11:00:33] REQUEST POST - https://localhost:8082/public/ws/Config.asmx/All_Get
[2019-09-06 11:00:33] ---- CONTENT: {data : "<?xml version='1.0' encoding='utf-8' ?><Request ID='20190906110032973'><General><Token>21111141252224224017000011333853</Token></General><Data></Data></Request>"}
[2019-09-06 11:00:33] ---- FROM  ::1 (WinNT)
[2019-09-06 11:00:33] ---- BROWSER:  Chrome 76.0 (Mozilla/5.0 (Windows NT 10.0; Win64; x64) AppleWebKit/537.36 (KHTML, like Gecko) Chrome/76.0.3809.132 Safari/537.36)
[2019-09-06 11:00:33] ---- CONTENT: {data : "<?xml version='1.0' encoding='utf-8' ?><Request ID='2019090611003363'><General><Token>21111141252224224017000011333853</Token></General><Data></Data></Request>"}
[2019-09-06 11:00:33] 200 - OK - application/json
[2019-09-06 11:00:33] 200 - OK - application/json
[2019-09-06 11:00:33] REQUEST POST - https://localhost:8082/public/ws/Config.asmx/All_Get
[2019-09-06 11:00:33] ---- FROM  ::1 (WinNT)
[2019-09-06 11:00:33] ---- BROWSER:  Chrome 76.0 (Mozilla/5.0 (Windows NT 10.0; Win64; x64) AppleWebKit/537.36 (KHTML, like Gecko) Chrome/76.0.3809.132 Safari/537.36)
[2019-09-06 11:00:33] ---- CONTENT: {data : "<?xml version='1.0' encoding='utf-8' ?><Request ID='20190906110033426'><General><Token>21111141252224224017000011333853</Token></General><Data></Data></Request>"}
[2019-09-06 11:00:33] 200 - OK - application/json
[2019-09-06 11:00:33] 200 - OK - application/json
[2019-09-06 11:00:35] REQUEST GET - https://localhost:8082/public/aspx/Home.aspx?Token=51111151252225224014000011334053&TokenApiRest=eyJ0eXAiOiJKV1QiLCJhbGciOiJIUzI1NiJ9.eyJpc3MiOiJodHRwczpcL1wvd3d3cy5kZXYteWVhcC5pdCIsImlhdCI6MTU0MjI5NDMyMSwibmJmIjoxNTQyMjk0MzIxLCJleHAiOjE1NDI4OTkxMjEsImRhdGEiOnsidXNlciI6eyJpZCI6IjQ0In19fQ.RCP5OeoGASxAyBw1MbMD4BFJAcDM5JIXqYXKBALZcJI&Logo=https://localhost:8082/scratch/pl_logo.png&Title=Business Plan Test nr. 4
[2019-09-06 11:00:35] ---- FROM  ::1 (WinNT)
[2019-09-06 11:00:35] ---- BROWSER:  Chrome 76.0 (Mozilla/5.0 (Windows NT 10.0; Win64; x64) AppleWebKit/537.36 (KHTML, like Gecko) Chrome/76.0.3809.132 Safari/537.36)
[2019-09-06 11:00:35] 302 - Found - text/html
[2019-09-06 11:00:35] REQUEST GET - https://localhost:8082/home/welcome?Token=51111151252225224014000011334053&TokenApiRest=eyJ0eXAiOiJKV1QiLCJhbGciOiJIUzI1NiJ9.eyJpc3MiOiJodHRwczpcL1wvd3d3cy5kZXYteWVhcC5pdCIsImlhdCI6MTU0MjI5NDMyMSwibmJmIjoxNTQyMjk0MzIxLCJleHAiOjE1NDI4OTkxMjEsImRhdGEiOnsidXNlciI6eyJpZCI6IjQ0In19fQ.RCP5OeoGASxAyBw1MbMD4BFJAcDM5JIXqYXKBALZcJI&Logo=https://localhost:8082/scratch/pl_logo.png&Title=Business Plan Test nr. 4
[2019-09-06 11:00:35] ---- FROM  ::1 (WinNT)
[2019-09-06 11:00:35] ---- BROWSER:  Chrome 76.0 (Mozilla/5.0 (Windows NT 10.0; Win64; x64) AppleWebKit/537.36 (KHTML, like Gecko) Chrome/76.0.3809.132 Safari/537.36)
[2019-09-06 11:00:35] 200 - OK - text/html
[2019-09-06 11:00:36] REQUEST POST - https://localhost:8082/public/ws/General.asmx/Set
[2019-09-06 11:00:36] ---- FROM  ::1 (WinNT)
[2019-09-06 11:00:36] ---- BROWSER:  Chrome 76.0 (Mozilla/5.0 (Windows NT 10.0; Win64; x64) AppleWebKit/537.36 (KHTML, like Gecko) Chrome/76.0.3809.132 Safari/537.36)
[2019-09-06 11:00:36] ---- CONTENT: {data : "<?xml version='1.0' encoding='utf-8' ?><Request ID='20190906110036195'><General><Token>51111151252225224014000011334053</Token></General><Data><Nome>Business Plan Test nr. 4</Nome><Logo>https%3A%2F%2Flocalhost%3A8082%2Fscratch%2Fpl_logo.png</Logo></Data></Request>"}
[2019-09-06 11:00:36] 200 - OK - application/json
[2019-09-06 11:00:36] REQUEST POST - https://localhost:8082/public/ws/Config.asmx/Economics_Get
[2019-09-06 11:00:36] ---- FROM  ::1 (WinNT)
[2019-09-06 11:00:36] ---- BROWSER:  Chrome 76.0 (Mozilla/5.0 (Windows NT 10.0; Win64; x64) AppleWebKit/537.36 (KHTML, like Gecko) Chrome/76.0.3809.132 Safari/537.36)
[2019-09-06 11:00:36] ---- CONTENT: {data : "<?xml version='1.0' encoding='utf-8' ?><Request ID='20190906110036302'><General><Token>51111151252225224014000011334053</Token></General><Data></Data></Request>"}
[2019-09-06 11:00:36] 200 - OK - application/json
[2019-09-06 11:00:36] REQUEST POST - https://localhost:8082/public/ws/Config.asmx/All_Get
[2019-09-06 11:00:36] ---- FROM  ::1 (WinNT)
[2019-09-06 11:00:36] ---- BROWSER:  Chrome 76.0 (Mozilla/5.0 (Windows NT 10.0; Win64; x64) AppleWebKit/537.36 (KHTML, like Gecko) Chrome/76.0.3809.132 Safari/537.36)
[2019-09-06 11:00:36] ---- CONTENT: {data : "<?xml version='1.0' encoding='utf-8' ?><Request ID='20190906110036508'><General><Token>51111151252225224014000011334053</Token></General><Data></Data></Request>"}
[2019-09-06 11:00:36] REQUEST POST - https://localhost:8082/public/ws/Economics.asmx/messaggi_summary
[2019-09-06 11:00:36] ---- FROM  ::1 (WinNT)
[2019-09-06 11:00:36] ---- BROWSER:  Chrome 76.0 (Mozilla/5.0 (Windows NT 10.0; Win64; x64) AppleWebKit/537.36 (KHTML, like Gecko) Chrome/76.0.3809.132 Safari/537.36)
[2019-09-06 11:00:36] ---- CONTENT: {data : "<?xml version='1.0' encoding='utf-8' ?><Request ID='20190906110036536'><General><Token>51111151252225224014000011334053</Token></General><Data></Data></Request>"}
[2019-09-06 11:00:36] REQUEST POST - https://localhost:8082/public/ws/Config.asmx/All_Get
[2019-09-06 11:00:36] ---- FROM  ::1 (WinNT)
[2019-09-06 11:00:36] ---- BROWSER:  Chrome 76.0 (Mozilla/5.0 (Windows NT 10.0; Win64; x64) AppleWebKit/537.36 (KHTML, like Gecko) Chrome/76.0.3809.132 Safari/537.36)
[2019-09-06 11:00:36] ---- CONTENT: {data : "<?xml version='1.0' encoding='utf-8' ?><Request ID='20190906110036598'><General><Token>51111151252225224014000011334053</Token></General><Data></Data></Request>"}
[2019-09-06 11:00:36] 200 - OK - application/json
[2019-09-06 11:00:36] REQUEST POST - https://localhost:8082/public/ws/Config.asmx/All_Get
[2019-09-06 11:00:36] ---- FROM  ::1 (WinNT)
[2019-09-06 11:00:36] 200 - OK - application/json
[2019-09-06 11:00:37] ---- BROWSER:  Chrome 76.0 (Mozilla/5.0 (Windows NT 10.0; Win64; x64) AppleWebKit/537.36 (KHTML, like Gecko) Chrome/76.0.3809.132 Safari/537.36)
[2019-09-06 11:00:37] ---- CONTENT: {data : "<?xml version='1.0' encoding='utf-8' ?><Request ID='20190906110036928'><General><Token>51111151252225224014000011334053</Token></General><Data></Data></Request>"}
[2019-09-06 11:00:37] 200 - OK - application/json
[2019-09-06 11:00:37] 200 - OK - application/json
[2019-09-06 11:01:14] REQUEST GET - https://localhost:8082/public/aspx/Home.aspx?Token=61111131252223224013000011333653&TokenApiRest=eyJ0eXAiOiJKV1QiLCJhbGciOiJIUzI1NiJ9.eyJpc3MiOiJodHRwczpcL1wvd3d3cy5kZXYteWVhcC5pdCIsImlhdCI6MTU0MjI5NDMyMSwibmJmIjoxNTQyMjk0MzIxLCJleHAiOjE1NDI4OTkxMjEsImRhdGEiOnsidXNlciI6eyJpZCI6IjQ0In19fQ.RCP5OeoGASxAyBw1MbMD4BFJAcDM5JIXqYXKBALZcJI&Logo=https://localhost:8082/scratch/pl_logo.png&Title=Business Plan Test nr. 2
[2019-09-06 11:01:14] ---- FROM  ::1 (WinNT)
[2019-09-06 11:01:14] ---- BROWSER:  Chrome 76.0 (Mozilla/5.0 (Windows NT 10.0; Win64; x64) AppleWebKit/537.36 (KHTML, like Gecko) Chrome/76.0.3809.132 Safari/537.36)
[2019-09-06 11:01:14] 302 - Found - text/html
[2019-09-06 11:01:14] REQUEST GET - https://localhost:8082/home/welcome?Token=61111131252223224013000011333653&TokenApiRest=eyJ0eXAiOiJKV1QiLCJhbGciOiJIUzI1NiJ9.eyJpc3MiOiJodHRwczpcL1wvd3d3cy5kZXYteWVhcC5pdCIsImlhdCI6MTU0MjI5NDMyMSwibmJmIjoxNTQyMjk0MzIxLCJleHAiOjE1NDI4OTkxMjEsImRhdGEiOnsidXNlciI6eyJpZCI6IjQ0In19fQ.RCP5OeoGASxAyBw1MbMD4BFJAcDM5JIXqYXKBALZcJI&Logo=https://localhost:8082/scratch/pl_logo.png&Title=Business Plan Test nr. 2
[2019-09-06 11:01:14] ---- FROM  ::1 (WinNT)
[2019-09-06 11:01:14] ---- BROWSER:  Chrome 76.0 (Mozilla/5.0 (Windows NT 10.0; Win64; x64) AppleWebKit/537.36 (KHTML, like Gecko) Chrome/76.0.3809.132 Safari/537.36)
[2019-09-06 11:01:14] 200 - OK - text/html
[2019-09-06 11:01:16] REQUEST POST - https://localhost:8082/public/ws/General.asmx/Set
[2019-09-06 11:01:16] ---- FROM  ::1 (WinNT)
[2019-09-06 11:01:16] ---- BROWSER:  Chrome 76.0 (Mozilla/5.0 (Windows NT 10.0; Win64; x64) AppleWebKit/537.36 (KHTML, like Gecko) Chrome/76.0.3809.132 Safari/537.36)
[2019-09-06 11:01:16] ---- CONTENT: {data : "<?xml version='1.0' encoding='utf-8' ?><Request ID='20190906110116620'><General><Token>61111131252223224013000011333653</Token></General><Data><Nome>Business Plan Test nr. 2</Nome><Logo>https%3A%2F%2Flocalhost%3A8082%2Fscratch%2Fpl_logo.png</Logo></Data></Request>"}
[2019-09-06 11:01:16] 200 - OK - application/json
[2019-09-06 11:01:16] REQUEST POST - https://localhost:8082/public/ws/Config.asmx/Economics_Get
[2019-09-06 11:01:16] ---- FROM  ::1 (WinNT)
[2019-09-06 11:01:16] ---- BROWSER:  Chrome 76.0 (Mozilla/5.0 (Windows NT 10.0; Win64; x64) AppleWebKit/537.36 (KHTML, like Gecko) Chrome/76.0.3809.132 Safari/537.36)
[2019-09-06 11:01:16] ---- CONTENT: {data : "<?xml version='1.0' encoding='utf-8' ?><Request ID='20190906110116647'><General><Token>61111131252223224013000011333653</Token></General><Data></Data></Request>"}
[2019-09-06 11:01:16] 200 - OK - application/json
[2019-09-06 11:01:17] REQUEST POST - https://localhost:8082/public/ws/Config.asmx/All_Get
[2019-09-06 11:01:17] ---- FROM  ::1 (WinNT)
[2019-09-06 11:01:17] ---- BROWSER:  Chrome 76.0 (Mozilla/5.0 (Windows NT 10.0; Win64; x64) AppleWebKit/537.36 (KHTML, like Gecko) Chrome/76.0.3809.132 Safari/537.36)
[2019-09-06 11:01:17] ---- CONTENT: {data : "<?xml version='1.0' encoding='utf-8' ?><Request ID='20190906110117282'><General><Token>61111131252223224013000011333653</Token></General><Data></Data></Request>"}
[2019-09-06 11:01:17] 200 - OK - application/json
[2019-09-06 11:01:17] REQUEST POST - https://localhost:8082/public/ws/Economics.asmx/messaggi_summary
[2019-09-06 11:01:17] ---- FROM  ::1 (WinNT)
[2019-09-06 11:01:17] ---- BROWSER:  Chrome 76.0 (Mozilla/5.0 (Windows NT 10.0; Win64; x64) AppleWebKit/537.36 (KHTML, like Gecko) Chrome/76.0.3809.132 Safari/537.36)
[2019-09-06 11:01:17] ---- CONTENT: {data : "<?xml version='1.0' encoding='utf-8' ?><Request ID='20190906110117576'><General><Token>61111131252223224013000011333653</Token></General><Data></Data></Request>"}
[2019-09-06 11:01:17] 200 - OK - application/json
[2019-09-06 11:01:17] REQUEST POST - https://localhost:8082/public/ws/Config.asmx/All_Get
[2019-09-06 11:01:17] ---- FROM  ::1 (WinNT)
[2019-09-06 11:01:17] ---- BROWSER:  Chrome 76.0 (Mozilla/5.0 (Windows NT 10.0; Win64; x64) AppleWebKit/537.36 (KHTML, like Gecko) Chrome/76.0.3809.132 Safari/537.36)
[2019-09-06 11:01:17] ---- CONTENT: {data : "<?xml version='1.0' encoding='utf-8' ?><Request ID='20190906110117600'><General><Token>61111131252223224013000011333653</Token></General><Data></Data></Request>"}
[2019-09-06 11:01:17] 200 - OK - application/json
[2019-09-06 11:01:17] REQUEST POST - https://localhost:8082/public/ws/Config.asmx/All_Get
[2019-09-06 11:01:17] ---- FROM  ::1 (WinNT)
[2019-09-06 11:01:17] ---- BROWSER:  Chrome 76.0 (Mozilla/5.0 (Windows NT 10.0; Win64; x64) AppleWebKit/537.36 (KHTML, like Gecko) Chrome/76.0.3809.132 Safari/537.36)
[2019-09-06 11:01:17] ---- CONTENT: {data : "<?xml version='1.0' encoding='utf-8' ?><Request ID='20190906110117731'><General><Token>61111131252223224013000011333653</Token></General><Data></Data></Request>"}
[2019-09-06 11:01:17] 200 - OK - application/json
[2019-09-06 11:01:19] REQUEST GET - https://localhost:8082/public/aspx/Home.aspx?Token=51111151252225224014000011334053&TokenApiRest=eyJ0eXAiOiJKV1QiLCJhbGciOiJIUzI1NiJ9.eyJpc3MiOiJodHRwczpcL1wvd3d3cy5kZXYteWVhcC5pdCIsImlhdCI6MTU0MjI5NDMyMSwibmJmIjoxNTQyMjk0MzIxLCJleHAiOjE1NDI4OTkxMjEsImRhdGEiOnsidXNlciI6eyJpZCI6IjQ0In19fQ.RCP5OeoGASxAyBw1MbMD4BFJAcDM5JIXqYXKBALZcJI&Logo=https://localhost:8082/scratch/pl_logo.png&Title=Business Plan Test nr. 4
[2019-09-06 11:01:19] ---- FROM  ::1 (WinNT)
[2019-09-06 11:01:19] ---- BROWSER:  Chrome 76.0 (Mozilla/5.0 (Windows NT 10.0; Win64; x64) AppleWebKit/537.36 (KHTML, like Gecko) Chrome/76.0.3809.132 Safari/537.36)
[2019-09-06 11:01:19] 302 - Found - text/html
[2019-09-06 11:01:19] REQUEST GET - https://localhost:8082/home/welcome?Token=51111151252225224014000011334053&TokenApiRest=eyJ0eXAiOiJKV1QiLCJhbGciOiJIUzI1NiJ9.eyJpc3MiOiJodHRwczpcL1wvd3d3cy5kZXYteWVhcC5pdCIsImlhdCI6MTU0MjI5NDMyMSwibmJmIjoxNTQyMjk0MzIxLCJleHAiOjE1NDI4OTkxMjEsImRhdGEiOnsidXNlciI6eyJpZCI6IjQ0In19fQ.RCP5OeoGASxAyBw1MbMD4BFJAcDM5JIXqYXKBALZcJI&Logo=https://localhost:8082/scratch/pl_logo.png&Title=Business Plan Test nr. 4
[2019-09-06 11:01:19] ---- FROM  ::1 (WinNT)
[2019-09-06 11:01:19] ---- BROWSER:  Chrome 76.0 (Mozilla/5.0 (Windows NT 10.0; Win64; x64) AppleWebKit/537.36 (KHTML, like Gecko) Chrome/76.0.3809.132 Safari/537.36)
[2019-09-06 11:01:19] 200 - OK - text/html
[2019-09-06 11:01:20] REQUEST POST - https://localhost:8082/public/ws/General.asmx/Set
[2019-09-06 11:01:20] ---- FROM  ::1 (WinNT)
[2019-09-06 11:01:20] ---- BROWSER:  Chrome 76.0 (Mozilla/5.0 (Windows NT 10.0; Win64; x64) AppleWebKit/537.36 (KHTML, like Gecko) Chrome/76.0.3809.132 Safari/537.36)
[2019-09-06 11:01:20] ---- CONTENT: {data : "<?xml version='1.0' encoding='utf-8' ?><Request ID='20190906110120386'><General><Token>51111151252225224014000011334053</Token></General><Data><Nome>Business Plan Test nr. 4</Nome><Logo>https%3A%2F%2Flocalhost%3A8082%2Fscratch%2Fpl_logo.png</Logo></Data></Request>"}
[2019-09-06 11:01:20] 200 - OK - application/json
[2019-09-06 11:01:20] REQUEST POST - https://localhost:8082/public/ws/Config.asmx/Economics_Get
[2019-09-06 11:01:20] ---- FROM  ::1 (WinNT)
[2019-09-06 11:01:20] ---- BROWSER:  Chrome 76.0 (Mozilla/5.0 (Windows NT 10.0; Win64; x64) AppleWebKit/537.36 (KHTML, like Gecko) Chrome/76.0.3809.132 Safari/537.36)
[2019-09-06 11:01:20] ---- CONTENT: {data : "<?xml version='1.0' encoding='utf-8' ?><Request ID='20190906110120487'><General><Token>51111151252225224014000011334053</Token></General><Data></Data></Request>"}
[2019-09-06 11:01:20] 200 - OK - application/json
[2019-09-06 11:01:20] REQUEST POST - https://localhost:8082/public/ws/Config.asmx/All_Get
[2019-09-06 11:01:20] ---- FROM  ::1 (WinNT)
[2019-09-06 11:01:20] ---- BROWSER:  Chrome 76.0 (Mozilla/5.0 (Windows NT 10.0; Win64; x64) AppleWebKit/537.36 (KHTML, like Gecko) Chrome/76.0.3809.132 Safari/537.36)
[2019-09-06 11:01:20] ---- CONTENT: {data : "<?xml version='1.0' encoding='utf-8' ?><Request ID='20190906110120715'><General><Token>51111151252225224014000011334053</Token></General><Data></Data></Request>"}
[2019-09-06 11:01:20] REQUEST POST - https://localhost:8082/public/ws/Economics.asmx/messaggi_summary
[2019-09-06 11:01:20] ---- FROM  ::1 (WinNT)
[2019-09-06 11:01:20] ---- BROWSER:  Chrome 76.0 (Mozilla/5.0 (Windows NT 10.0; Win64; x64) AppleWebKit/537.36 (KHTML, like Gecko) Chrome/76.0.3809.132 Safari/537.36)
[2019-09-06 11:01:20] ---- CONTENT: {data : "<?xml version='1.0' encoding='utf-8' ?><Request ID='20190906110120745'><General><Token>51111151252225224014000011334053</Token></General><Data></Data></Request>"}
[2019-09-06 11:01:20] REQUEST POST - https://localhost:8082/public/ws/Config.asmx/All_Get
[2019-09-06 11:01:20] ---- FROM  ::1 (WinNT)
[2019-09-06 11:01:20] ---- BROWSER:  Chrome 76.0 (Mozilla/5.0 (Windows NT 10.0; Win64; x64) AppleWebKit/537.36 (KHTML, like Gecko) Chrome/76.0.3809.132 Safari/537.36)
[2019-09-06 11:01:20] ---- CONTENT: {data : "<?xml version='1.0' encoding='utf-8' ?><Request ID='20190906110120795'><General><Token>51111151252225224014000011334053</Token></General><Data></Data></Request>"}
[2019-09-06 11:01:21] 200 - OK - application/json
[2019-09-06 11:01:21] REQUEST POST - https://localhost:8082/public/ws/Config.asmx/All_Get
[2019-09-06 11:01:21] 200 - OK - application/json
[2019-09-06 11:01:21] ---- FROM  ::1 (WinNT)
[2019-09-06 11:01:21] ---- BROWSER:  Chrome 76.0 (Mozilla/5.0 (Windows NT 10.0; Win64; x64) AppleWebKit/537.36 (KHTML, like Gecko) Chrome/76.0.3809.132 Safari/537.36)
[2019-09-06 11:01:21] ---- CONTENT: {data : "<?xml version='1.0' encoding='utf-8' ?><Request ID='2019090611012126'><General><Token>51111151252225224014000011334053</Token></General><Data></Data></Request>"}
[2019-09-06 11:01:21] 200 - OK - application/json
[2019-09-06 11:01:21] 200 - OK - application/json
