[2019-08-27 10:36:03] REQUEST GET - https://localhost:8082/public/aspx/Home.aspx?Token=61111131252223224013000011333653&TokenApiRest=eyJ0eXAiOiJKV1QiLCJhbGciOiJIUzI1NiJ9.eyJpc3MiOiJodHRwczpcL1wvd3d3cy5kZXYteWVhcC5pdCIsImlhdCI6MTU0MjI5NDMyMSwibmJmIjoxNTQyMjk0MzIxLCJleHAiOjE1NDI4OTkxMjEsImRhdGEiOnsidXNlciI6eyJpZCI6IjQ0In19fQ.RCP5OeoGASxAyBw1MbMD4BFJAcDM5JIXqYXKBALZcJI&Logo=https://localhost:8082/scratch/pl_logo.png&Title=Business Plan Test nr. 2
[2019-08-27 10:36:03] ---- FROM  ::1 (WinNT)
[2019-08-27 10:36:03] ---- BROWSER:  Chrome 76.0 (Mozilla/5.0 (Windows NT 10.0; Win64; x64) AppleWebKit/537.36 (KHTML, like Gecko) Chrome/76.0.3809.100 Safari/537.36)
[2019-08-27 10:36:07] 302 - Found - text/html
[2019-08-27 10:36:07] REQUEST GET - https://localhost:8082/home/welcome?Token=61111131252223224013000011333653&TokenApiRest=eyJ0eXAiOiJKV1QiLCJhbGciOiJIUzI1NiJ9.eyJpc3MiOiJodHRwczpcL1wvd3d3cy5kZXYteWVhcC5pdCIsImlhdCI6MTU0MjI5NDMyMSwibmJmIjoxNTQyMjk0MzIxLCJleHAiOjE1NDI4OTkxMjEsImRhdGEiOnsidXNlciI6eyJpZCI6IjQ0In19fQ.RCP5OeoGASxAyBw1MbMD4BFJAcDM5JIXqYXKBALZcJI&Logo=https://localhost:8082/scratch/pl_logo.png&Title=Business Plan Test nr. 2
[2019-08-27 10:36:07] ---- FROM  ::1 (WinNT)
[2019-08-27 10:36:07] ---- BROWSER:  Chrome 76.0 (Mozilla/5.0 (Windows NT 10.0; Win64; x64) AppleWebKit/537.36 (KHTML, like Gecko) Chrome/76.0.3809.100 Safari/537.36)
[2019-08-27 10:36:08] 200 - OK - text/html
[2019-08-27 10:36:11] REQUEST POST - https://localhost:8082/public/ws/General.asmx/Set
[2019-08-27 10:36:11] ---- FROM  ::1 (WinNT)
[2019-08-27 10:36:11] ---- BROWSER:  Chrome 76.0 (Mozilla/5.0 (Windows NT 10.0; Win64; x64) AppleWebKit/537.36 (KHTML, like Gecko) Chrome/76.0.3809.100 Safari/537.36)
[2019-08-27 10:36:11] ---- CONTENT: {data : "<?xml version='1.0' encoding='utf-8' ?><Request ID='20190827103611281'><General><Token>61111131252223224013000011333653</Token></General><Data><Nome>Business Plan Test nr. 2</Nome><Logo>https%3A%2F%2Flocalhost%3A8082%2Fscratch%2Fpl_logo.png</Logo></Data></Request>"}
[2019-08-27 10:36:11] 200 - OK - application/json
[2019-08-27 10:36:11] REQUEST POST - https://localhost:8082/public/ws/Config.asmx/Economics_Get
[2019-08-27 10:36:11] ---- FROM  ::1 (WinNT)
[2019-08-27 10:36:11] ---- BROWSER:  Chrome 76.0 (Mozilla/5.0 (Windows NT 10.0; Win64; x64) AppleWebKit/537.36 (KHTML, like Gecko) Chrome/76.0.3809.100 Safari/537.36)
[2019-08-27 10:36:11] ---- CONTENT: {data : "<?xml version='1.0' encoding='utf-8' ?><Request ID='20190827103611631'><General><Token>61111131252223224013000011333653</Token></General><Data></Data></Request>"}
[2019-08-27 10:36:11] 200 - OK - application/json
[2019-08-27 10:36:15] REQUEST POST - https://localhost:8082/public/ws/Config.asmx/All_Get
[2019-08-27 10:36:15] ---- FROM  ::1 (WinNT)
[2019-08-27 10:36:15] ---- BROWSER:  Chrome 76.0 (Mozilla/5.0 (Windows NT 10.0; Win64; x64) AppleWebKit/537.36 (KHTML, like Gecko) Chrome/76.0.3809.100 Safari/537.36)
[2019-08-27 10:36:15] ---- CONTENT: {data : "<?xml version='1.0' encoding='utf-8' ?><Request ID='20190827103615219'><General><Token>61111131252223224013000011333653</Token></General><Data></Data></Request>"}
[2019-08-27 10:36:15] REQUEST POST - https://localhost:8082/public/ws/Economics.asmx/messaggi_summary
[2019-08-27 10:36:15] ---- FROM  ::1 (WinNT)
[2019-08-27 10:36:15] ---- BROWSER:  Chrome 76.0 (Mozilla/5.0 (Windows NT 10.0; Win64; x64) AppleWebKit/537.36 (KHTML, like Gecko) Chrome/76.0.3809.100 Safari/537.36)
[2019-08-27 10:36:15] ---- CONTENT: {data : "<?xml version='1.0' encoding='utf-8' ?><Request ID='20190827103615747'><General><Token>61111131252223224013000011333653</Token></General><Data></Data></Request>"}
[2019-08-27 10:36:15] 200 - OK - application/json
[2019-08-27 10:36:15] 200 - OK - application/json
[2019-08-27 10:36:15] REQUEST POST - https://localhost:8082/public/ws/Config.asmx/All_Get
[2019-08-27 10:36:15] ---- FROM  ::1 (WinNT)
[2019-08-27 10:36:15] ---- BROWSER:  Chrome 76.0 (Mozilla/5.0 (Windows NT 10.0; Win64; x64) AppleWebKit/537.36 (KHTML, like Gecko) Chrome/76.0.3809.100 Safari/537.36)
[2019-08-27 10:36:15] ---- CONTENT: {data : "<?xml version='1.0' encoding='utf-8' ?><Request ID='20190827103615919'><General><Token>61111131252223224013000011333653</Token></General><Data></Data></Request>"}
[2019-08-27 10:36:15] 200 - OK - application/json
[2019-08-27 10:36:16] REQUEST POST - https://localhost:8082/public/ws/Config.asmx/All_Get
[2019-08-27 10:36:16] ---- FROM  ::1 (WinNT)
[2019-08-27 10:36:16] ---- BROWSER:  Chrome 76.0 (Mozilla/5.0 (Windows NT 10.0; Win64; x64) AppleWebKit/537.36 (KHTML, like Gecko) Chrome/76.0.3809.100 Safari/537.36)
[2019-08-27 10:36:16] ---- CONTENT: {data : "<?xml version='1.0' encoding='utf-8' ?><Request ID='20190827103615957'><General><Token>61111131252223224013000011333653</Token></General><Data></Data></Request>"}
[2019-08-27 10:36:16] 200 - OK - application/json
[2019-08-27 10:51:52] REQUEST GET - https://localhost:8082/public/aspx/Home.aspx?Token=61111131252223224013000011333653&TokenApiRest=eyJ0eXAiOiJKV1QiLCJhbGciOiJIUzI1NiJ9.eyJpc3MiOiJodHRwczpcL1wvd3d3cy5kZXYteWVhcC5pdCIsImlhdCI6MTU0MjI5NDMyMSwibmJmIjoxNTQyMjk0MzIxLCJleHAiOjE1NDI4OTkxMjEsImRhdGEiOnsidXNlciI6eyJpZCI6IjQ0In19fQ.RCP5OeoGASxAyBw1MbMD4BFJAcDM5JIXqYXKBALZcJI&Logo=https://localhost:8082/scratch/pl_logo.png&Title=Business Plan Test nr. 2
[2019-08-27 10:51:52] ---- FROM  ::1 (WinNT)
[2019-08-27 10:51:52] ---- BROWSER:  Chrome 76.0 (Mozilla/5.0 (Windows NT 10.0; Win64; x64) AppleWebKit/537.36 (KHTML, like Gecko) Chrome/76.0.3809.100 Safari/537.36)
[2019-08-27 10:51:52] 302 - Found - text/html
[2019-08-27 10:51:52] REQUEST GET - https://localhost:8082/home/welcome?Token=61111131252223224013000011333653&TokenApiRest=eyJ0eXAiOiJKV1QiLCJhbGciOiJIUzI1NiJ9.eyJpc3MiOiJodHRwczpcL1wvd3d3cy5kZXYteWVhcC5pdCIsImlhdCI6MTU0MjI5NDMyMSwibmJmIjoxNTQyMjk0MzIxLCJleHAiOjE1NDI4OTkxMjEsImRhdGEiOnsidXNlciI6eyJpZCI6IjQ0In19fQ.RCP5OeoGASxAyBw1MbMD4BFJAcDM5JIXqYXKBALZcJI&Logo=https://localhost:8082/scratch/pl_logo.png&Title=Business Plan Test nr. 2
[2019-08-27 10:51:52] ---- FROM  ::1 (WinNT)
[2019-08-27 10:51:52] ---- BROWSER:  Chrome 76.0 (Mozilla/5.0 (Windows NT 10.0; Win64; x64) AppleWebKit/537.36 (KHTML, like Gecko) Chrome/76.0.3809.100 Safari/537.36)
[2019-08-27 10:51:52] 200 - OK - text/html
[2019-08-27 10:51:54] REQUEST POST - https://localhost:8082/public/ws/General.asmx/Set
[2019-08-27 10:51:54] ---- FROM  ::1 (WinNT)
[2019-08-27 10:51:54] ---- BROWSER:  Chrome 76.0 (Mozilla/5.0 (Windows NT 10.0; Win64; x64) AppleWebKit/537.36 (KHTML, like Gecko) Chrome/76.0.3809.100 Safari/537.36)
[2019-08-27 10:51:54] ---- CONTENT: {data : "<?xml version='1.0' encoding='utf-8' ?><Request ID='2019082710515454'><General><Token>61111131252223224013000011333653</Token></General><Data><Nome>Business Plan Test nr. 2</Nome><Logo>https%3A%2F%2Flocalhost%3A8082%2Fscratch%2Fpl_logo.png</Logo></Data></Request>"}
[2019-08-27 10:51:54] 200 - OK - application/json
[2019-08-27 10:51:54] REQUEST POST - https://localhost:8082/public/ws/Config.asmx/Economics_Get
[2019-08-27 10:51:54] ---- FROM  ::1 (WinNT)
[2019-08-27 10:51:54] ---- BROWSER:  Chrome 76.0 (Mozilla/5.0 (Windows NT 10.0; Win64; x64) AppleWebKit/537.36 (KHTML, like Gecko) Chrome/76.0.3809.100 Safari/537.36)
[2019-08-27 10:51:54] ---- CONTENT: {data : "<?xml version='1.0' encoding='utf-8' ?><Request ID='20190827105154137'><General><Token>61111131252223224013000011333653</Token></General><Data></Data></Request>"}
[2019-08-27 10:51:54] 200 - OK - application/json
[2019-08-27 10:51:56] REQUEST POST - https://localhost:8082/public/ws/Config.asmx/All_Get
[2019-08-27 10:51:56] ---- FROM  ::1 (WinNT)
[2019-08-27 10:51:56] ---- BROWSER:  Chrome 76.0 (Mozilla/5.0 (Windows NT 10.0; Win64; x64) AppleWebKit/537.36 (KHTML, like Gecko) Chrome/76.0.3809.100 Safari/537.36)
[2019-08-27 10:51:56] ---- CONTENT: {data : "<?xml version='1.0' encoding='utf-8' ?><Request ID='20190827105156853'><General><Token>61111131252223224013000011333653</Token></General><Data></Data></Request>"}
[2019-08-27 10:51:56] 200 - OK - application/json
[2019-08-27 10:51:57] REQUEST POST - https://localhost:8082/public/ws/Economics.asmx/messaggi_summary
[2019-08-27 10:51:57] ---- FROM  ::1 (WinNT)
[2019-08-27 10:51:57] ---- BROWSER:  Chrome 76.0 (Mozilla/5.0 (Windows NT 10.0; Win64; x64) AppleWebKit/537.36 (KHTML, like Gecko) Chrome/76.0.3809.100 Safari/537.36)
[2019-08-27 10:51:57] ---- CONTENT: {data : "<?xml version='1.0' encoding='utf-8' ?><Request ID='20190827105157571'><General><Token>61111131252223224013000011333653</Token></General><Data></Data></Request>"}
[2019-08-27 10:51:57] 200 - OK - application/json
[2019-08-27 10:51:57] REQUEST POST - https://localhost:8082/public/ws/Config.asmx/All_Get
[2019-08-27 10:51:57] ---- FROM  ::1 (WinNT)
[2019-08-27 10:51:57] ---- BROWSER:  Chrome 76.0 (Mozilla/5.0 (Windows NT 10.0; Win64; x64) AppleWebKit/537.36 (KHTML, like Gecko) Chrome/76.0.3809.100 Safari/537.36)
[2019-08-27 10:51:57] REQUEST POST - https://localhost:8082/public/ws/Config.asmx/All_Get
[2019-08-27 10:51:57] ---- FROM  ::1 (WinNT)
[2019-08-27 10:51:57] ---- BROWSER:  Chrome 76.0 (Mozilla/5.0 (Windows NT 10.0; Win64; x64) AppleWebKit/537.36 (KHTML, like Gecko) Chrome/76.0.3809.100 Safari/537.36)
[2019-08-27 10:51:57] ---- CONTENT: {data : "<?xml version='1.0' encoding='utf-8' ?><Request ID='20190827105157730'><General><Token>61111131252223224013000011333653</Token></General><Data></Data></Request>"}
[2019-08-27 10:51:57] ---- CONTENT: {data : "<?xml version='1.0' encoding='utf-8' ?><Request ID='20190827105157681'><General><Token>61111131252223224013000011333653</Token></General><Data></Data></Request>"}
[2019-08-27 10:51:57] 200 - OK - application/json
[2019-08-27 10:51:57] 200 - OK - application/json
[2019-08-27 10:52:30] REQUEST GET - https://localhost:8082/economics/impostazioni
[2019-08-27 10:52:30] ---- FROM  ::1 (WinNT)
[2019-08-27 10:52:30] ---- BROWSER:  Chrome 76.0 (Mozilla/5.0 (Windows NT 10.0; Win64; x64) AppleWebKit/537.36 (KHTML, like Gecko) Chrome/76.0.3809.100 Safari/537.36)
[2019-08-27 10:52:30] 200 - OK - text/html
[2019-08-27 10:52:31] REQUEST POST - https://localhost:8082/public/ws/Config.asmx/Economics_Get
[2019-08-27 10:52:31] ---- FROM  ::1 (WinNT)
[2019-08-27 10:52:31] ---- BROWSER:  Chrome 76.0 (Mozilla/5.0 (Windows NT 10.0; Win64; x64) AppleWebKit/537.36 (KHTML, like Gecko) Chrome/76.0.3809.100 Safari/537.36)
[2019-08-27 10:52:31] ---- CONTENT: {data : "<?xml version='1.0' encoding='utf-8' ?><Request ID='20190827105231435'><General><Token>61111131252223224013000011333653</Token></General><Data></Data></Request>"}
[2019-08-27 10:52:31] 200 - OK - application/json
[2019-08-27 10:52:34] REQUEST POST - https://localhost:8082/public/ws/Config.asmx/All_Get
[2019-08-27 10:52:34] ---- FROM  ::1 (WinNT)
[2019-08-27 10:52:34] ---- BROWSER:  Chrome 76.0 (Mozilla/5.0 (Windows NT 10.0; Win64; x64) AppleWebKit/537.36 (KHTML, like Gecko) Chrome/76.0.3809.100 Safari/537.36)
[2019-08-27 10:52:34] ---- CONTENT: {data : "<?xml version='1.0' encoding='utf-8' ?><Request ID='2019082710523470'><General><Token>61111131252223224013000011333653</Token></General><Data></Data></Request>"}
[2019-08-27 10:52:34] 200 - OK - application/json
[2019-08-27 10:52:38] REQUEST POST - https://localhost:8082/public/ws/Economics.asmx/messaggi_summary
[2019-08-27 10:52:38] ---- FROM  ::1 (WinNT)
[2019-08-27 10:52:38] ---- BROWSER:  Chrome 76.0 (Mozilla/5.0 (Windows NT 10.0; Win64; x64) AppleWebKit/537.36 (KHTML, like Gecko) Chrome/76.0.3809.100 Safari/537.36)
[2019-08-27 10:52:38] ---- CONTENT: {data : "<?xml version='1.0' encoding='utf-8' ?><Request ID='20190827105238391'><General><Token>61111131252223224013000011333653</Token></General><Data></Data></Request>"}
[2019-08-27 10:52:38] 200 - OK - application/json
[2019-08-27 10:52:38] REQUEST POST - https://localhost:8082/public/ws/Config.asmx/All_Get
[2019-08-27 10:52:38] ---- FROM  ::1 (WinNT)
[2019-08-27 10:52:38] ---- BROWSER:  Chrome 76.0 (Mozilla/5.0 (Windows NT 10.0; Win64; x64) AppleWebKit/537.36 (KHTML, like Gecko) Chrome/76.0.3809.100 Safari/537.36)
[2019-08-27 10:52:38] ---- CONTENT: {data : "<?xml version='1.0' encoding='utf-8' ?><Request ID='20190827105238507'><General><Token>61111131252223224013000011333653</Token></General><Data></Data></Request>"}
[2019-08-27 10:52:38] 200 - OK - application/json
[2019-08-27 10:52:38] REQUEST POST - https://localhost:8082/public/ws/Config.asmx/All_Get
[2019-08-27 10:52:38] ---- FROM  ::1 (WinNT)
[2019-08-27 10:52:38] ---- BROWSER:  Chrome 76.0 (Mozilla/5.0 (Windows NT 10.0; Win64; x64) AppleWebKit/537.36 (KHTML, like Gecko) Chrome/76.0.3809.100 Safari/537.36)
[2019-08-27 10:52:38] ---- CONTENT: {data : "<?xml version='1.0' encoding='utf-8' ?><Request ID='20190827105238714'><General><Token>61111131252223224013000011333653</Token></General><Data></Data></Request>"}
[2019-08-27 10:52:38] 200 - OK - application/json
[2019-08-27 10:52:54] REQUEST GET - https://localhost:8082/economics/iva
[2019-08-27 10:52:54] ---- FROM  ::1 (WinNT)
[2019-08-27 10:52:54] ---- BROWSER:  Chrome 76.0 (Mozilla/5.0 (Windows NT 10.0; Win64; x64) AppleWebKit/537.36 (KHTML, like Gecko) Chrome/76.0.3809.100 Safari/537.36)
[2019-08-27 10:52:54] 200 - OK - text/html
[2019-08-27 10:52:55] REQUEST POST - https://localhost:8082/public/ws/Iva.asmx/Get
[2019-08-27 10:52:55] ---- FROM  ::1 (WinNT)
[2019-08-27 10:52:55] ---- BROWSER:  Chrome 76.0 (Mozilla/5.0 (Windows NT 10.0; Win64; x64) AppleWebKit/537.36 (KHTML, like Gecko) Chrome/76.0.3809.100 Safari/537.36)
[2019-08-27 10:52:55] ---- CONTENT: {data : "<?xml version='1.0' encoding='utf-8' ?><Request ID='20190827105255117'><General><Token>61111131252223224013000011333653</Token></General><Data></Data></Request>"}
[2019-08-27 10:52:56] 200 - OK - application/json
[2019-08-27 10:53:02] REQUEST GET - https://localhost:8082/public/ws/Resources.ashx/xml-economics/61111131252223224013000011333653
[2019-08-27 10:53:02] ---- FROM  ::1 (WinNT)
[2019-08-27 10:53:02] ---- BROWSER:  Chrome 76.0 (Mozilla/5.0 (Windows NT 10.0; Win64; x64) AppleWebKit/537.36 (KHTML, like Gecko) Chrome/76.0.3809.100 Safari/537.36)
[2019-08-27 10:53:02] REQUEST POST - https://localhost:8082/public/ws/Config.asmx/All_Get
[2019-08-27 10:53:02] ---- FROM  ::1 (WinNT)
[2019-08-27 10:53:02] ---- BROWSER:  Chrome 76.0 (Mozilla/5.0 (Windows NT 10.0; Win64; x64) AppleWebKit/537.36 (KHTML, like Gecko) Chrome/76.0.3809.100 Safari/537.36)
[2019-08-27 10:53:02] ---- CONTENT: {data : "<?xml version='1.0' encoding='utf-8' ?><Request ID='20190827105302802'><General><Token>61111131252223224013000011333653</Token></General><Data></Data></Request>"}
[2019-08-27 10:53:02] 200 - OK - application/json
[2019-08-27 10:53:02] REQUEST POST - https://localhost:8082/public/ws/Economics.asmx/messaggi_summary
[2019-08-27 10:53:02] ---- FROM  ::1 (WinNT)
[2019-08-27 10:53:02] ---- BROWSER:  Chrome 76.0 (Mozilla/5.0 (Windows NT 10.0; Win64; x64) AppleWebKit/537.36 (KHTML, like Gecko) Chrome/76.0.3809.100 Safari/537.36)
[2019-08-27 10:53:02] ---- CONTENT: {data : "<?xml version='1.0' encoding='utf-8' ?><Request ID='20190827105302845'><General><Token>61111131252223224013000011333653</Token></General><Data></Data></Request>"}
[2019-08-27 10:53:02] 200 - OK - text/xml
[2019-08-27 10:53:02] 200 - OK - application/json
[2019-08-27 10:53:03] REQUEST POST - https://localhost:8082/public/ws/Config.asmx/All_Get
[2019-08-27 10:53:03] ---- FROM  ::1 (WinNT)
[2019-08-27 10:53:03] ---- BROWSER:  Chrome 76.0 (Mozilla/5.0 (Windows NT 10.0; Win64; x64) AppleWebKit/537.36 (KHTML, like Gecko) Chrome/76.0.3809.100 Safari/537.36)
[2019-08-27 10:53:03] ---- CONTENT: {data : "<?xml version='1.0' encoding='utf-8' ?><Request ID='20190827105303302'><General><Token>61111131252223224013000011333653</Token></General><Data></Data></Request>"}
[2019-08-27 10:53:03] 200 - OK - application/json
[2019-08-27 10:53:03] REQUEST POST - https://localhost:8082/public/ws/Config.asmx/All_Get
[2019-08-27 10:53:03] ---- FROM  ::1 (WinNT)
[2019-08-27 10:53:03] ---- BROWSER:  Chrome 76.0 (Mozilla/5.0 (Windows NT 10.0; Win64; x64) AppleWebKit/537.36 (KHTML, like Gecko) Chrome/76.0.3809.100 Safari/537.36)
[2019-08-27 10:53:03] ---- CONTENT: {data : "<?xml version='1.0' encoding='utf-8' ?><Request ID='20190827105303510'><General><Token>61111131252223224013000011333653</Token></General><Data></Data></Request>"}
[2019-08-27 10:53:03] 200 - OK - application/json
[2019-08-27 10:53:50] REQUEST GET - https://localhost:8082/economics/ricavi
[2019-08-27 10:53:50] ---- FROM  ::1 (WinNT)
[2019-08-27 10:53:50] ---- BROWSER:  Chrome 76.0 (Mozilla/5.0 (Windows NT 10.0; Win64; x64) AppleWebKit/537.36 (KHTML, like Gecko) Chrome/76.0.3809.100 Safari/537.36)
[2019-08-27 10:53:50] 200 - OK - text/html
[2019-08-27 10:53:51] REQUEST POST - https://localhost:8082/public/ws/Ricavi.asmx/Ricavo_Get
[2019-08-27 10:53:51] ---- FROM  ::1 (WinNT)
[2019-08-27 10:53:51] ---- BROWSER:  Chrome 76.0 (Mozilla/5.0 (Windows NT 10.0; Win64; x64) AppleWebKit/537.36 (KHTML, like Gecko) Chrome/76.0.3809.100 Safari/537.36)
[2019-08-27 10:53:51] ---- CONTENT: {data : "<?xml version='1.0' encoding='utf-8' ?><Request ID='20190827105351544'><General><Token>61111131252223224013000011333653</Token></General><Data></Data></Request>"}
[2019-08-27 10:53:51] 200 - OK - application/json
[2019-08-27 10:53:51] REQUEST POST - https://localhost:8082/public/ws/Config.asmx/All_Get
[2019-08-27 10:53:51] ---- FROM  ::1 (WinNT)
[2019-08-27 10:53:51] ---- BROWSER:  Chrome 76.0 (Mozilla/5.0 (Windows NT 10.0; Win64; x64) AppleWebKit/537.36 (KHTML, like Gecko) Chrome/76.0.3809.100 Safari/537.36)
[2019-08-27 10:53:51] ---- CONTENT: {data : "<?xml version='1.0' encoding='utf-8' ?><Request ID='20190827105351708'><General><Token>61111131252223224013000011333653</Token></General><Data></Data></Request>"}
[2019-08-27 10:53:51] 200 - OK - application/json
[2019-08-27 10:53:51] REQUEST POST - https://localhost:8082/public/ws/Economics.asmx/messaggi_summary
[2019-08-27 10:53:51] ---- FROM  ::1 (WinNT)
[2019-08-27 10:53:51] ---- BROWSER:  Chrome 76.0 (Mozilla/5.0 (Windows NT 10.0; Win64; x64) AppleWebKit/537.36 (KHTML, like Gecko) Chrome/76.0.3809.100 Safari/537.36)
[2019-08-27 10:53:51] ---- CONTENT: {data : "<?xml version='1.0' encoding='utf-8' ?><Request ID='20190827105351750'><General><Token>61111131252223224013000011333653</Token></General><Data></Data></Request>"}
[2019-08-27 10:53:51] 200 - OK - application/json
[2019-08-27 10:53:51] REQUEST GET - https://localhost:8082/public/ws/Resources.ashx/xml-economics/61111131252223224013000011333653
[2019-08-27 10:53:51] ---- FROM  ::1 (WinNT)
[2019-08-27 10:53:51] ---- BROWSER:  Chrome 76.0 (Mozilla/5.0 (Windows NT 10.0; Win64; x64) AppleWebKit/537.36 (KHTML, like Gecko) Chrome/76.0.3809.100 Safari/537.36)
[2019-08-27 10:53:51] REQUEST POST - https://localhost:8082/public/ws/Config.asmx/All_Get
[2019-08-27 10:53:51] ---- FROM  ::1 (WinNT)
[2019-08-27 10:53:51] ---- BROWSER:  Chrome 76.0 (Mozilla/5.0 (Windows NT 10.0; Win64; x64) AppleWebKit/537.36 (KHTML, like Gecko) Chrome/76.0.3809.100 Safari/537.36)
[2019-08-27 10:53:51] ---- CONTENT: {data : "<?xml version='1.0' encoding='utf-8' ?><Request ID='20190827105351894'><General><Token>61111131252223224013000011333653</Token></General><Data></Data></Request>"}
[2019-08-27 10:53:51] 200 - OK - text/xml
[2019-08-27 10:53:51] 200 - OK - application/json
[2019-08-27 10:53:52] REQUEST POST - https://localhost:8082/public/ws/Config.asmx/All_Get
[2019-08-27 10:53:52] ---- FROM  ::1 (WinNT)
[2019-08-27 10:53:52] ---- BROWSER:  Chrome 76.0 (Mozilla/5.0 (Windows NT 10.0; Win64; x64) AppleWebKit/537.36 (KHTML, like Gecko) Chrome/76.0.3809.100 Safari/537.36)
[2019-08-27 10:53:52] ---- CONTENT: {data : "<?xml version='1.0' encoding='utf-8' ?><Request ID='20190827105352442'><General><Token>61111131252223224013000011333653</Token></General><Data></Data></Request>"}
[2019-08-27 10:53:52] 200 - OK - application/json
[2019-08-27 10:59:48] REQUEST GET - https://localhost:8082/economics/messaggi
[2019-08-27 10:59:48] ---- FROM  ::1 (WinNT)
[2019-08-27 10:59:48] ---- BROWSER:  Chrome 76.0 (Mozilla/5.0 (Windows NT 10.0; Win64; x64) AppleWebKit/537.36 (KHTML, like Gecko) Chrome/76.0.3809.100 Safari/537.36)
[2019-08-27 10:59:48] 200 - OK - text/html
[2019-08-27 10:59:50] REQUEST POST - https://localhost:8082/public/ws/Economics.asmx/messaggi
[2019-08-27 10:59:50] ---- FROM  ::1 (WinNT)
[2019-08-27 10:59:50] ---- BROWSER:  Chrome 76.0 (Mozilla/5.0 (Windows NT 10.0; Win64; x64) AppleWebKit/537.36 (KHTML, like Gecko) Chrome/76.0.3809.100 Safari/537.36)
[2019-08-27 10:59:50] ---- CONTENT: {data : "<?xml version='1.0' encoding='utf-8' ?><Request ID='20190827105950462'><General><Token>61111131252223224013000011333653</Token></General><Data></Data></Request>"}
[2019-08-27 10:59:50] 200 - OK - application/json
[2019-08-27 10:59:50] REQUEST POST - https://localhost:8082/public/ws/Config.asmx/All_Get
[2019-08-27 10:59:50] ---- FROM  ::1 (WinNT)
[2019-08-27 10:59:50] ---- BROWSER:  Chrome 76.0 (Mozilla/5.0 (Windows NT 10.0; Win64; x64) AppleWebKit/537.36 (KHTML, like Gecko) Chrome/76.0.3809.100 Safari/537.36)
[2019-08-27 10:59:50] ---- CONTENT: {data : "<?xml version='1.0' encoding='utf-8' ?><Request ID='20190827105950679'><General><Token>61111131252223224013000011333653</Token></General><Data></Data></Request>"}
[2019-08-27 10:59:50] 200 - OK - application/json
[2019-08-27 10:59:50] REQUEST GET - https://localhost:8082/public/ws/Resources.ashx/xml-economics/61111131252223224013000011333653
[2019-08-27 10:59:50] ---- FROM  ::1 (WinNT)
[2019-08-27 10:59:50] ---- BROWSER:  Chrome 76.0 (Mozilla/5.0 (Windows NT 10.0; Win64; x64) AppleWebKit/537.36 (KHTML, like Gecko) Chrome/76.0.3809.100 Safari/537.36)
[2019-08-27 10:59:50] REQUEST POST - https://localhost:8082/public/ws/Economics.asmx/messaggi_summary
[2019-08-27 10:59:50] ---- FROM  ::1 (WinNT)
[2019-08-27 10:59:50] ---- BROWSER:  Chrome 76.0 (Mozilla/5.0 (Windows NT 10.0; Win64; x64) AppleWebKit/537.36 (KHTML, like Gecko) Chrome/76.0.3809.100 Safari/537.36)
[2019-08-27 10:59:50] ---- CONTENT: {data : "<?xml version='1.0' encoding='utf-8' ?><Request ID='20190827105950786'><General><Token>61111131252223224013000011333653</Token></General><Data></Data></Request>"}
[2019-08-27 10:59:50] 200 - OK - application/json
[2019-08-27 10:59:50] 200 - OK - text/xml
[2019-08-27 10:59:50] REQUEST POST - https://localhost:8082/public/ws/Config.asmx/All_Get
[2019-08-27 10:59:50] ---- FROM  ::1 (WinNT)
[2019-08-27 10:59:51] ---- BROWSER:  Chrome 76.0 (Mozilla/5.0 (Windows NT 10.0; Win64; x64) AppleWebKit/537.36 (KHTML, like Gecko) Chrome/76.0.3809.100 Safari/537.36)
[2019-08-27 10:59:51] ---- CONTENT: {data : "<?xml version='1.0' encoding='utf-8' ?><Request ID='20190827105950970'><General><Token>61111131252223224013000011333653</Token></General><Data></Data></Request>"}
[2019-08-27 10:59:51] 200 - OK - application/json
[2019-08-27 10:59:51] REQUEST POST - https://localhost:8082/public/ws/Config.asmx/All_Get
[2019-08-27 10:59:51] ---- FROM  ::1 (WinNT)
[2019-08-27 10:59:51] ---- BROWSER:  Chrome 76.0 (Mozilla/5.0 (Windows NT 10.0; Win64; x64) AppleWebKit/537.36 (KHTML, like Gecko) Chrome/76.0.3809.100 Safari/537.36)
[2019-08-27 10:59:51] ---- CONTENT: {data : "<?xml version='1.0' encoding='utf-8' ?><Request ID='20190827105951141'><General><Token>61111131252223224013000011333653</Token></General><Data></Data></Request>"}
[2019-08-27 10:59:51] 200 - OK - application/json
[2019-08-27 11:13:09] REQUEST GET - https://localhost:8082/public/aspx/Home.aspx?Token=61111131252223224013000011333653&TokenApiRest=eyJ0eXAiOiJKV1QiLCJhbGciOiJIUzI1NiJ9.eyJpc3MiOiJodHRwczpcL1wvd3d3cy5kZXYteWVhcC5pdCIsImlhdCI6MTU0MjI5NDMyMSwibmJmIjoxNTQyMjk0MzIxLCJleHAiOjE1NDI4OTkxMjEsImRhdGEiOnsidXNlciI6eyJpZCI6IjQ0In19fQ.RCP5OeoGASxAyBw1MbMD4BFJAcDM5JIXqYXKBALZcJI&Logo=https://localhost:8082/scratch/pl_logo.png&Title=Business Plan Test nr. 2
[2019-08-27 11:13:09] ---- FROM  ::1 (WinNT)
[2019-08-27 11:13:09] ---- BROWSER:  Chrome 76.0 (Mozilla/5.0 (Windows NT 10.0; Win64; x64) AppleWebKit/537.36 (KHTML, like Gecko) Chrome/76.0.3809.100 Safari/537.36)
[2019-08-27 11:13:09] 302 - Found - text/html
[2019-08-27 11:13:09] REQUEST GET - https://localhost:8082/home/welcome?Token=61111131252223224013000011333653&TokenApiRest=eyJ0eXAiOiJKV1QiLCJhbGciOiJIUzI1NiJ9.eyJpc3MiOiJodHRwczpcL1wvd3d3cy5kZXYteWVhcC5pdCIsImlhdCI6MTU0MjI5NDMyMSwibmJmIjoxNTQyMjk0MzIxLCJleHAiOjE1NDI4OTkxMjEsImRhdGEiOnsidXNlciI6eyJpZCI6IjQ0In19fQ.RCP5OeoGASxAyBw1MbMD4BFJAcDM5JIXqYXKBALZcJI&Logo=https://localhost:8082/scratch/pl_logo.png&Title=Business Plan Test nr. 2
[2019-08-27 11:13:09] ---- FROM  ::1 (WinNT)
[2019-08-27 11:13:09] ---- BROWSER:  Chrome 76.0 (Mozilla/5.0 (Windows NT 10.0; Win64; x64) AppleWebKit/537.36 (KHTML, like Gecko) Chrome/76.0.3809.100 Safari/537.36)
[2019-08-27 11:13:09] 200 - OK - text/html
[2019-08-27 11:13:10] REQUEST POST - https://localhost:8082/public/ws/General.asmx/Set
[2019-08-27 11:13:10] ---- FROM  ::1 (WinNT)
[2019-08-27 11:13:10] ---- BROWSER:  Chrome 76.0 (Mozilla/5.0 (Windows NT 10.0; Win64; x64) AppleWebKit/537.36 (KHTML, like Gecko) Chrome/76.0.3809.100 Safari/537.36)
[2019-08-27 11:13:10] ---- CONTENT: {data : "<?xml version='1.0' encoding='utf-8' ?><Request ID='20190827111310345'><General><Token>61111131252223224013000011333653</Token></General><Data><Nome>Business Plan Test nr. 2</Nome><Logo>https%3A%2F%2Flocalhost%3A8082%2Fscratch%2Fpl_logo.png</Logo></Data></Request>"}
[2019-08-27 11:13:10] 200 - OK - application/json
[2019-08-27 11:13:10] REQUEST POST - https://localhost:8082/public/ws/Config.asmx/Economics_Get
[2019-08-27 11:13:10] ---- FROM  ::1 (WinNT)
[2019-08-27 11:13:10] ---- BROWSER:  Chrome 76.0 (Mozilla/5.0 (Windows NT 10.0; Win64; x64) AppleWebKit/537.36 (KHTML, like Gecko) Chrome/76.0.3809.100 Safari/537.36)
[2019-08-27 11:13:10] ---- CONTENT: {data : "<?xml version='1.0' encoding='utf-8' ?><Request ID='20190827111310389'><General><Token>61111131252223224013000011333653</Token></General><Data></Data></Request>"}
[2019-08-27 11:13:10] 200 - OK - application/json
[2019-08-27 11:13:10] REQUEST POST - https://localhost:8082/public/ws/Config.asmx/All_Get
[2019-08-27 11:13:10] ---- FROM  ::1 (WinNT)
[2019-08-27 11:13:10] ---- BROWSER:  Chrome 76.0 (Mozilla/5.0 (Windows NT 10.0; Win64; x64) AppleWebKit/537.36 (KHTML, like Gecko) Chrome/76.0.3809.100 Safari/537.36)
[2019-08-27 11:13:10] ---- CONTENT: {data : "<?xml version='1.0' encoding='utf-8' ?><Request ID='20190827111310495'><General><Token>61111131252223224013000011333653</Token></General><Data></Data></Request>"}
[2019-08-27 11:13:10] 200 - OK - application/json
[2019-08-27 11:13:10] REQUEST POST - https://localhost:8082/public/ws/Economics.asmx/messaggi_summary
[2019-08-27 11:13:10] ---- FROM  ::1 (WinNT)
[2019-08-27 11:13:10] ---- BROWSER:  Chrome 76.0 (Mozilla/5.0 (Windows NT 10.0; Win64; x64) AppleWebKit/537.36 (KHTML, like Gecko) Chrome/76.0.3809.100 Safari/537.36)
[2019-08-27 11:13:10] ---- CONTENT: {data : "<?xml version='1.0' encoding='utf-8' ?><Request ID='20190827111310591'><General><Token>61111131252223224013000011333653</Token></General><Data></Data></Request>"}
[2019-08-27 11:13:10] REQUEST POST - https://localhost:8082/public/ws/Config.asmx/All_Get
[2019-08-27 11:13:10] ---- FROM  ::1 (WinNT)
[2019-08-27 11:13:10] ---- BROWSER:  Chrome 76.0 (Mozilla/5.0 (Windows NT 10.0; Win64; x64) AppleWebKit/537.36 (KHTML, like Gecko) Chrome/76.0.3809.100 Safari/537.36)
[2019-08-27 11:13:10] ---- CONTENT: {data : "<?xml version='1.0' encoding='utf-8' ?><Request ID='20190827111310696'><General><Token>61111131252223224013000011333653</Token></General><Data></Data></Request>"}
[2019-08-27 11:13:10] 200 - OK - application/json
[2019-08-27 11:13:10] 200 - OK - application/json
[2019-08-27 11:13:10] REQUEST POST - https://localhost:8082/public/ws/Config.asmx/All_Get
[2019-08-27 11:13:10] ---- FROM  ::1 (WinNT)
[2019-08-27 11:13:10] ---- BROWSER:  Chrome 76.0 (Mozilla/5.0 (Windows NT 10.0; Win64; x64) AppleWebKit/537.36 (KHTML, like Gecko) Chrome/76.0.3809.100 Safari/537.36)
[2019-08-27 11:13:10] ---- CONTENT: {data : "<?xml version='1.0' encoding='utf-8' ?><Request ID='20190827111310810'><General><Token>61111131252223224013000011333653</Token></General><Data></Data></Request>"}
[2019-08-27 11:13:10] 200 - OK - application/json
[2019-08-27 11:32:32] REQUEST GET - https://localhost:8082/public/aspx/Home.aspx?Token=61111131252223224013000011333653&TokenApiRest=eyJ0eXAiOiJKV1QiLCJhbGciOiJIUzI1NiJ9.eyJpc3MiOiJodHRwczpcL1wvd3d3cy5kZXYteWVhcC5pdCIsImlhdCI6MTU0MjI5NDMyMSwibmJmIjoxNTQyMjk0MzIxLCJleHAiOjE1NDI4OTkxMjEsImRhdGEiOnsidXNlciI6eyJpZCI6IjQ0In19fQ.RCP5OeoGASxAyBw1MbMD4BFJAcDM5JIXqYXKBALZcJI&Logo=https://localhost:8082/scratch/pl_logo.png&Title=Business Plan Test nr. 2
[2019-08-27 11:32:32] ---- FROM  ::1 (WinNT)
[2019-08-27 11:32:32] ---- BROWSER:  Chrome 76.0 (Mozilla/5.0 (Windows NT 10.0; Win64; x64) AppleWebKit/537.36 (KHTML, like Gecko) Chrome/76.0.3809.100 Safari/537.36)
[2019-08-27 11:32:32] 302 - Found - text/html
[2019-08-27 11:32:32] REQUEST GET - https://localhost:8082/home/welcome?Token=61111131252223224013000011333653&TokenApiRest=eyJ0eXAiOiJKV1QiLCJhbGciOiJIUzI1NiJ9.eyJpc3MiOiJodHRwczpcL1wvd3d3cy5kZXYteWVhcC5pdCIsImlhdCI6MTU0MjI5NDMyMSwibmJmIjoxNTQyMjk0MzIxLCJleHAiOjE1NDI4OTkxMjEsImRhdGEiOnsidXNlciI6eyJpZCI6IjQ0In19fQ.RCP5OeoGASxAyBw1MbMD4BFJAcDM5JIXqYXKBALZcJI&Logo=https://localhost:8082/scratch/pl_logo.png&Title=Business Plan Test nr. 2
[2019-08-27 11:32:32] ---- FROM  ::1 (WinNT)
[2019-08-27 11:32:32] ---- BROWSER:  Chrome 76.0 (Mozilla/5.0 (Windows NT 10.0; Win64; x64) AppleWebKit/537.36 (KHTML, like Gecko) Chrome/76.0.3809.100 Safari/537.36)
[2019-08-27 11:32:32] 200 - OK - text/html
[2019-08-27 11:32:34] REQUEST POST - https://localhost:8082/public/ws/General.asmx/Set
[2019-08-27 11:32:34] ---- FROM  ::1 (WinNT)
[2019-08-27 11:32:34] ---- BROWSER:  Chrome 76.0 (Mozilla/5.0 (Windows NT 10.0; Win64; x64) AppleWebKit/537.36 (KHTML, like Gecko) Chrome/76.0.3809.100 Safari/537.36)
[2019-08-27 11:32:34] ---- CONTENT: {data : "<?xml version='1.0' encoding='utf-8' ?><Request ID='20190827113234606'><General><Token>61111131252223224013000011333653</Token></General><Data><Nome>Business Plan Test nr. 2</Nome><Logo>https%3A%2F%2Flocalhost%3A8082%2Fscratch%2Fpl_logo.png</Logo></Data></Request>"}
[2019-08-27 11:32:34] 200 - OK - application/json
[2019-08-27 11:32:34] REQUEST POST - https://localhost:8082/public/ws/Config.asmx/Economics_Get
[2019-08-27 11:32:34] ---- FROM  ::1 (WinNT)
[2019-08-27 11:32:34] ---- BROWSER:  Chrome 76.0 (Mozilla/5.0 (Windows NT 10.0; Win64; x64) AppleWebKit/537.36 (KHTML, like Gecko) Chrome/76.0.3809.100 Safari/537.36)
[2019-08-27 11:32:34] ---- CONTENT: {data : "<?xml version='1.0' encoding='utf-8' ?><Request ID='20190827113234675'><General><Token>61111131252223224013000011333653</Token></General><Data></Data></Request>"}
[2019-08-27 11:32:34] 200 - OK - application/json
[2019-08-27 11:32:34] REQUEST POST - https://localhost:8082/public/ws/Config.asmx/All_Get
[2019-08-27 11:32:34] ---- FROM  ::1 (WinNT)
[2019-08-27 11:32:34] ---- BROWSER:  Chrome 76.0 (Mozilla/5.0 (Windows NT 10.0; Win64; x64) AppleWebKit/537.36 (KHTML, like Gecko) Chrome/76.0.3809.100 Safari/537.36)
[2019-08-27 11:32:34] ---- CONTENT: {data : "<?xml version='1.0' encoding='utf-8' ?><Request ID='20190827113234795'><General><Token>61111131252223224013000011333653</Token></General><Data></Data></Request>"}
[2019-08-27 11:32:34] 200 - OK - application/json
[2019-08-27 11:32:34] REQUEST POST - https://localhost:8082/public/ws/Economics.asmx/messaggi_summary
[2019-08-27 11:32:34] ---- FROM  ::1 (WinNT)
[2019-08-27 11:32:34] ---- BROWSER:  Chrome 76.0 (Mozilla/5.0 (Windows NT 10.0; Win64; x64) AppleWebKit/537.36 (KHTML, like Gecko) Chrome/76.0.3809.100 Safari/537.36)
[2019-08-27 11:32:34] ---- CONTENT: {data : "<?xml version='1.0' encoding='utf-8' ?><Request ID='20190827113234875'><General><Token>61111131252223224013000011333653</Token></General><Data></Data></Request>"}
[2019-08-27 11:32:35] 200 - OK - application/json
[2019-08-27 11:32:35] REQUEST POST - https://localhost:8082/public/ws/Config.asmx/All_Get
[2019-08-27 11:32:35] ---- FROM  ::1 (WinNT)
[2019-08-27 11:32:35] ---- BROWSER:  Chrome 76.0 (Mozilla/5.0 (Windows NT 10.0; Win64; x64) AppleWebKit/537.36 (KHTML, like Gecko) Chrome/76.0.3809.100 Safari/537.36)
[2019-08-27 11:32:35] ---- CONTENT: {data : "<?xml version='1.0' encoding='utf-8' ?><Request ID='2019082711323568'><General><Token>61111131252223224013000011333653</Token></General><Data></Data></Request>"}
[2019-08-27 11:32:35] REQUEST POST - https://localhost:8082/public/ws/Config.asmx/All_Get
[2019-08-27 11:32:35] ---- FROM  ::1 (WinNT)
[2019-08-27 11:32:35] ---- BROWSER:  Chrome 76.0 (Mozilla/5.0 (Windows NT 10.0; Win64; x64) AppleWebKit/537.36 (KHTML, like Gecko) Chrome/76.0.3809.100 Safari/537.36)
[2019-08-27 11:32:35] ---- CONTENT: {data : "<?xml version='1.0' encoding='utf-8' ?><Request ID='2019082711323584'><General><Token>61111131252223224013000011333653</Token></General><Data></Data></Request>"}
[2019-08-27 11:32:35] 200 - OK - application/json
[2019-08-27 11:32:35] 200 - OK - application/json
[2019-08-27 11:35:06] REQUEST GET - https://localhost:8082/economics/impostazioni
[2019-08-27 11:35:06] ---- FROM  ::1 (WinNT)
[2019-08-27 11:35:06] ---- BROWSER:  Chrome 76.0 (Mozilla/5.0 (Windows NT 10.0; Win64; x64) AppleWebKit/537.36 (KHTML, like Gecko) Chrome/76.0.3809.100 Safari/537.36)
[2019-08-27 11:35:06] 200 - OK - text/html
[2019-08-27 11:35:10] REQUEST POST - https://localhost:8082/public/ws/Config.asmx/Economics_Get
[2019-08-27 11:35:10] ---- FROM  ::1 (WinNT)
[2019-08-27 11:35:10] ---- BROWSER:  Chrome 76.0 (Mozilla/5.0 (Windows NT 10.0; Win64; x64) AppleWebKit/537.36 (KHTML, like Gecko) Chrome/76.0.3809.100 Safari/537.36)
[2019-08-27 11:35:10] ---- CONTENT: {data : "<?xml version='1.0' encoding='utf-8' ?><Request ID='20190827113510178'><General><Token>61111131252223224013000011333653</Token></General><Data></Data></Request>"}
[2019-08-27 11:35:10] 200 - OK - application/json
[2019-08-27 11:35:10] REQUEST POST - https://localhost:8082/public/ws/Config.asmx/All_Get
[2019-08-27 11:35:10] ---- FROM  ::1 (WinNT)
[2019-08-27 11:35:10] ---- BROWSER:  Chrome 76.0 (Mozilla/5.0 (Windows NT 10.0; Win64; x64) AppleWebKit/537.36 (KHTML, like Gecko) Chrome/76.0.3809.100 Safari/537.36)
[2019-08-27 11:35:10] ---- CONTENT: {data : "<?xml version='1.0' encoding='utf-8' ?><Request ID='20190827113510325'><General><Token>61111131252223224013000011333653</Token></General><Data></Data></Request>"}
[2019-08-27 11:35:10] 200 - OK - application/json
[2019-08-27 11:35:10] REQUEST POST - https://localhost:8082/public/ws/Economics.asmx/messaggi_summary
[2019-08-27 11:35:10] ---- FROM  ::1 (WinNT)
[2019-08-27 11:35:10] ---- BROWSER:  Chrome 76.0 (Mozilla/5.0 (Windows NT 10.0; Win64; x64) AppleWebKit/537.36 (KHTML, like Gecko) Chrome/76.0.3809.100 Safari/537.36)
[2019-08-27 11:35:11] ---- CONTENT: {data : "<?xml version='1.0' encoding='utf-8' ?><Request ID='20190827113510515'><General><Token>61111131252223224013000011333653</Token></General><Data></Data></Request>"}
[2019-08-27 11:35:11] 200 - OK - application/json
[2019-08-27 11:35:11] REQUEST POST - https://localhost:8082/public/ws/Config.asmx/All_Get
[2019-08-27 11:35:11] ---- FROM  ::1 (WinNT)
[2019-08-27 11:35:11] ---- BROWSER:  Chrome 76.0 (Mozilla/5.0 (Windows NT 10.0; Win64; x64) AppleWebKit/537.36 (KHTML, like Gecko) Chrome/76.0.3809.100 Safari/537.36)
[2019-08-27 11:35:11] REQUEST POST - https://localhost:8082/public/ws/Config.asmx/All_Get
[2019-08-27 11:35:11] ---- FROM  ::1 (WinNT)
[2019-08-27 11:35:11] ---- BROWSER:  Chrome 76.0 (Mozilla/5.0 (Windows NT 10.0; Win64; x64) AppleWebKit/537.36 (KHTML, like Gecko) Chrome/76.0.3809.100 Safari/537.36)
[2019-08-27 11:35:11] ---- CONTENT: {data : "<?xml version='1.0' encoding='utf-8' ?><Request ID='20190827113511126'><General><Token>61111131252223224013000011333653</Token></General><Data></Data></Request>"}
[2019-08-27 11:35:11] ---- CONTENT: {data : "<?xml version='1.0' encoding='utf-8' ?><Request ID='2019082711351148'><General><Token>61111131252223224013000011333653</Token></General><Data></Data></Request>"}
[2019-08-27 11:35:11] 200 - OK - application/json
[2019-08-27 11:35:11] 200 - OK - application/json
[2019-08-27 11:35:52] REQUEST GET - https://localhost:8082/public/aspx/Home.aspx?Token=61111131252223224013000011333653&TokenApiRest=eyJ0eXAiOiJKV1QiLCJhbGciOiJIUzI1NiJ9.eyJpc3MiOiJodHRwczpcL1wvd3d3cy5kZXYteWVhcC5pdCIsImlhdCI6MTU0MjI5NDMyMSwibmJmIjoxNTQyMjk0MzIxLCJleHAiOjE1NDI4OTkxMjEsImRhdGEiOnsidXNlciI6eyJpZCI6IjQ0In19fQ.RCP5OeoGASxAyBw1MbMD4BFJAcDM5JIXqYXKBALZcJI&Logo=https://localhost:8082/scratch/pl_logo.png&Title=Business Plan Test nr. 2
[2019-08-27 11:35:52] ---- FROM  ::1 (WinNT)
[2019-08-27 11:35:52] ---- BROWSER:  Chrome 76.0 (Mozilla/5.0 (Windows NT 10.0; Win64; x64) AppleWebKit/537.36 (KHTML, like Gecko) Chrome/76.0.3809.100 Safari/537.36)
[2019-08-27 11:35:52] 302 - Found - text/html
[2019-08-27 11:35:52] REQUEST GET - https://localhost:8082/home/welcome?Token=61111131252223224013000011333653&TokenApiRest=eyJ0eXAiOiJKV1QiLCJhbGciOiJIUzI1NiJ9.eyJpc3MiOiJodHRwczpcL1wvd3d3cy5kZXYteWVhcC5pdCIsImlhdCI6MTU0MjI5NDMyMSwibmJmIjoxNTQyMjk0MzIxLCJleHAiOjE1NDI4OTkxMjEsImRhdGEiOnsidXNlciI6eyJpZCI6IjQ0In19fQ.RCP5OeoGASxAyBw1MbMD4BFJAcDM5JIXqYXKBALZcJI&Logo=https://localhost:8082/scratch/pl_logo.png&Title=Business Plan Test nr. 2
[2019-08-27 11:35:52] ---- FROM  ::1 (WinNT)
[2019-08-27 11:35:52] ---- BROWSER:  Chrome 76.0 (Mozilla/5.0 (Windows NT 10.0; Win64; x64) AppleWebKit/537.36 (KHTML, like Gecko) Chrome/76.0.3809.100 Safari/537.36)
[2019-08-27 11:35:52] 200 - OK - text/html
[2019-08-27 11:35:55] REQUEST POST - https://localhost:8082/public/ws/General.asmx/Set
[2019-08-27 11:35:55] ---- FROM  ::1 (WinNT)
[2019-08-27 11:35:55] ---- BROWSER:  Chrome 76.0 (Mozilla/5.0 (Windows NT 10.0; Win64; x64) AppleWebKit/537.36 (KHTML, like Gecko) Chrome/76.0.3809.100 Safari/537.36)
[2019-08-27 11:35:55] ---- CONTENT: {data : "<?xml version='1.0' encoding='utf-8' ?><Request ID='2019082711355578'><General><Token>61111131252223224013000011333653</Token></General><Data><Nome>Business Plan Test nr. 2</Nome><Logo>https%3A%2F%2Flocalhost%3A8082%2Fscratch%2Fpl_logo.png</Logo></Data></Request>"}
[2019-08-27 11:35:55] 200 - OK - application/json
[2019-08-27 11:35:55] REQUEST POST - https://localhost:8082/public/ws/Config.asmx/Economics_Get
[2019-08-27 11:35:55] ---- FROM  ::1 (WinNT)
[2019-08-27 11:35:55] ---- BROWSER:  Chrome 76.0 (Mozilla/5.0 (Windows NT 10.0; Win64; x64) AppleWebKit/537.36 (KHTML, like Gecko) Chrome/76.0.3809.100 Safari/537.36)
[2019-08-27 11:35:55] ---- CONTENT: {data : "<?xml version='1.0' encoding='utf-8' ?><Request ID='20190827113555169'><General><Token>61111131252223224013000011333653</Token></General><Data></Data></Request>"}
[2019-08-27 11:35:55] 200 - OK - application/json
[2019-08-27 11:35:55] REQUEST POST - https://localhost:8082/public/ws/Config.asmx/All_Get
[2019-08-27 11:35:55] ---- FROM  ::1 (WinNT)
[2019-08-27 11:35:55] ---- BROWSER:  Chrome 76.0 (Mozilla/5.0 (Windows NT 10.0; Win64; x64) AppleWebKit/537.36 (KHTML, like Gecko) Chrome/76.0.3809.100 Safari/537.36)
[2019-08-27 11:35:55] ---- CONTENT: {data : "<?xml version='1.0' encoding='utf-8' ?><Request ID='20190827113555269'><General><Token>61111131252223224013000011333653</Token></General><Data></Data></Request>"}
[2019-08-27 11:35:55] 200 - OK - application/json
[2019-08-27 11:35:55] REQUEST POST - https://localhost:8082/public/ws/Economics.asmx/messaggi_summary
[2019-08-27 11:35:55] ---- FROM  ::1 (WinNT)
[2019-08-27 11:35:55] ---- BROWSER:  Chrome 76.0 (Mozilla/5.0 (Windows NT 10.0; Win64; x64) AppleWebKit/537.36 (KHTML, like Gecko) Chrome/76.0.3809.100 Safari/537.36)
[2019-08-27 11:35:55] ---- CONTENT: {data : "<?xml version='1.0' encoding='utf-8' ?><Request ID='20190827113555297'><General><Token>61111131252223224013000011333653</Token></General><Data></Data></Request>"}
[2019-08-27 11:35:55] 200 - OK - application/json
[2019-08-27 11:35:55] REQUEST POST - https://localhost:8082/public/ws/Config.asmx/All_Get
[2019-08-27 11:35:55] ---- FROM  ::1 (WinNT)
[2019-08-27 11:35:55] ---- BROWSER:  Chrome 76.0 (Mozilla/5.0 (Windows NT 10.0; Win64; x64) AppleWebKit/537.36 (KHTML, like Gecko) Chrome/76.0.3809.100 Safari/537.36)
[2019-08-27 11:35:55] ---- CONTENT: {data : "<?xml version='1.0' encoding='utf-8' ?><Request ID='20190827113555782'><General><Token>61111131252223224013000011333653</Token></General><Data></Data></Request>"}
[2019-08-27 11:35:55] REQUEST POST - https://localhost:8082/public/ws/Config.asmx/All_Get
[2019-08-27 11:35:55] ---- FROM  ::1 (WinNT)
[2019-08-27 11:35:55] ---- BROWSER:  Chrome 76.0 (Mozilla/5.0 (Windows NT 10.0; Win64; x64) AppleWebKit/537.36 (KHTML, like Gecko) Chrome/76.0.3809.100 Safari/537.36)
[2019-08-27 11:35:55] ---- CONTENT: {data : "<?xml version='1.0' encoding='utf-8' ?><Request ID='20190827113555834'><General><Token>61111131252223224013000011333653</Token></General><Data></Data></Request>"}
[2019-08-27 11:35:55] 200 - OK - application/json
[2019-08-27 11:35:55] 200 - OK - application/json
[2019-08-27 11:41:26] REQUEST GET - https://localhost:8082/public/aspx/Home.aspx?Token=61111131252223224013000011333653&TokenApiRest=eyJ0eXAiOiJKV1QiLCJhbGciOiJIUzI1NiJ9.eyJpc3MiOiJodHRwczpcL1wvd3d3cy5kZXYteWVhcC5pdCIsImlhdCI6MTU0MjI5NDMyMSwibmJmIjoxNTQyMjk0MzIxLCJleHAiOjE1NDI4OTkxMjEsImRhdGEiOnsidXNlciI6eyJpZCI6IjQ0In19fQ.RCP5OeoGASxAyBw1MbMD4BFJAcDM5JIXqYXKBALZcJI&Logo=https://localhost:8082/scratch/pl_logo.png&Title=Business Plan Test nr. 2
[2019-08-27 11:41:26] ---- FROM  ::1 (WinNT)
[2019-08-27 11:41:26] ---- BROWSER:  Chrome 76.0 (Mozilla/5.0 (Windows NT 10.0; Win64; x64) AppleWebKit/537.36 (KHTML, like Gecko) Chrome/76.0.3809.100 Safari/537.36)
[2019-08-27 11:41:26] 302 - Found - text/html
[2019-08-27 11:41:26] REQUEST GET - https://localhost:8082/home/welcome?Token=61111131252223224013000011333653&TokenApiRest=eyJ0eXAiOiJKV1QiLCJhbGciOiJIUzI1NiJ9.eyJpc3MiOiJodHRwczpcL1wvd3d3cy5kZXYteWVhcC5pdCIsImlhdCI6MTU0MjI5NDMyMSwibmJmIjoxNTQyMjk0MzIxLCJleHAiOjE1NDI4OTkxMjEsImRhdGEiOnsidXNlciI6eyJpZCI6IjQ0In19fQ.RCP5OeoGASxAyBw1MbMD4BFJAcDM5JIXqYXKBALZcJI&Logo=https://localhost:8082/scratch/pl_logo.png&Title=Business Plan Test nr. 2
[2019-08-27 11:41:26] ---- FROM  ::1 (WinNT)
[2019-08-27 11:41:26] ---- BROWSER:  Chrome 76.0 (Mozilla/5.0 (Windows NT 10.0; Win64; x64) AppleWebKit/537.36 (KHTML, like Gecko) Chrome/76.0.3809.100 Safari/537.36)
[2019-08-27 11:41:27] 200 - OK - text/html
[2019-08-27 11:41:28] REQUEST POST - https://localhost:8082/public/ws/General.asmx/Set
[2019-08-27 11:41:28] ---- FROM  ::1 (WinNT)
[2019-08-27 11:41:28] ---- BROWSER:  Chrome 76.0 (Mozilla/5.0 (Windows NT 10.0; Win64; x64) AppleWebKit/537.36 (KHTML, like Gecko) Chrome/76.0.3809.100 Safari/537.36)
[2019-08-27 11:41:28] ---- CONTENT: {data : "<?xml version='1.0' encoding='utf-8' ?><Request ID='20190827114128143'><General><Token>61111131252223224013000011333653</Token></General><Data><Nome>Business Plan Test nr. 2</Nome><Logo>https%3A%2F%2Flocalhost%3A8082%2Fscratch%2Fpl_logo.png</Logo></Data></Request>"}
[2019-08-27 11:41:28] 200 - OK - application/json
[2019-08-27 11:41:28] REQUEST POST - https://localhost:8082/public/ws/Config.asmx/Economics_Get
[2019-08-27 11:41:28] ---- FROM  ::1 (WinNT)
[2019-08-27 11:41:28] ---- BROWSER:  Chrome 76.0 (Mozilla/5.0 (Windows NT 10.0; Win64; x64) AppleWebKit/537.36 (KHTML, like Gecko) Chrome/76.0.3809.100 Safari/537.36)
[2019-08-27 11:41:28] ---- CONTENT: {data : "<?xml version='1.0' encoding='utf-8' ?><Request ID='20190827114128204'><General><Token>61111131252223224013000011333653</Token></General><Data></Data></Request>"}
[2019-08-27 11:41:28] 200 - OK - application/json
[2019-08-27 11:41:30] REQUEST POST - https://localhost:8082/public/ws/Config.asmx/All_Get
[2019-08-27 11:41:30] ---- FROM  ::1 (WinNT)
[2019-08-27 11:41:30] ---- BROWSER:  Chrome 76.0 (Mozilla/5.0 (Windows NT 10.0; Win64; x64) AppleWebKit/537.36 (KHTML, like Gecko) Chrome/76.0.3809.100 Safari/537.36)
[2019-08-27 11:41:30] ---- CONTENT: {data : "<?xml version='1.0' encoding='utf-8' ?><Request ID='20190827114130327'><General><Token>61111131252223224013000011333653</Token></General><Data></Data></Request>"}
[2019-08-27 11:41:30] 200 - OK - application/json
[2019-08-27 11:41:30] REQUEST POST - https://localhost:8082/public/ws/Economics.asmx/messaggi_summary
[2019-08-27 11:41:30] ---- FROM  ::1 (WinNT)
[2019-08-27 11:41:30] ---- BROWSER:  Chrome 76.0 (Mozilla/5.0 (Windows NT 10.0; Win64; x64) AppleWebKit/537.36 (KHTML, like Gecko) Chrome/76.0.3809.100 Safari/537.36)
[2019-08-27 11:41:30] ---- CONTENT: {data : "<?xml version='1.0' encoding='utf-8' ?><Request ID='20190827114130582'><General><Token>61111131252223224013000011333653</Token></General><Data></Data></Request>"}
[2019-08-27 11:41:30] 200 - OK - application/json
[2019-08-27 11:41:30] REQUEST POST - https://localhost:8082/public/ws/Config.asmx/All_Get
[2019-08-27 11:41:30] ---- FROM  ::1 (WinNT)
[2019-08-27 11:41:30] ---- BROWSER:  Chrome 76.0 (Mozilla/5.0 (Windows NT 10.0; Win64; x64) AppleWebKit/537.36 (KHTML, like Gecko) Chrome/76.0.3809.100 Safari/537.36)
[2019-08-27 11:41:30] ---- CONTENT: {data : "<?xml version='1.0' encoding='utf-8' ?><Request ID='20190827114130633'><General><Token>61111131252223224013000011333653</Token></General><Data></Data></Request>"}
[2019-08-27 11:41:30] 200 - OK - application/json
[2019-08-27 11:41:30] REQUEST POST - https://localhost:8082/public/ws/Config.asmx/All_Get
[2019-08-27 11:41:30] ---- FROM  ::1 (WinNT)
[2019-08-27 11:41:30] ---- BROWSER:  Chrome 76.0 (Mozilla/5.0 (Windows NT 10.0; Win64; x64) AppleWebKit/537.36 (KHTML, like Gecko) Chrome/76.0.3809.100 Safari/537.36)
[2019-08-27 11:41:30] ---- CONTENT: {data : "<?xml version='1.0' encoding='utf-8' ?><Request ID='20190827114130714'><General><Token>61111131252223224013000011333653</Token></General><Data></Data></Request>"}
[2019-08-27 11:41:30] 200 - OK - application/json
[2019-08-27 11:58:26] REQUEST GET - https://localhost:8082/economics/impostazioni
[2019-08-27 11:58:26] ---- FROM  ::1 (WinNT)
[2019-08-27 11:58:26] ---- BROWSER:  Chrome 76.0 (Mozilla/5.0 (Windows NT 10.0; Win64; x64) AppleWebKit/537.36 (KHTML, like Gecko) Chrome/76.0.3809.100 Safari/537.36)
[2019-08-27 11:58:26] 200 - OK - text/html
[2019-08-27 11:58:28] REQUEST POST - https://localhost:8082/public/ws/Config.asmx/Economics_Get
[2019-08-27 11:58:28] ---- FROM  ::1 (WinNT)
[2019-08-27 11:58:28] ---- BROWSER:  Chrome 76.0 (Mozilla/5.0 (Windows NT 10.0; Win64; x64) AppleWebKit/537.36 (KHTML, like Gecko) Chrome/76.0.3809.100 Safari/537.36)
[2019-08-27 11:58:28] ---- CONTENT: {data : "<?xml version='1.0' encoding='utf-8' ?><Request ID='20190827115828573'><General><Token>61111131252223224013000011333653</Token></General><Data></Data></Request>"}
[2019-08-27 11:58:28] 200 - OK - application/json
[2019-08-27 11:58:32] REQUEST POST - https://localhost:8082/public/ws/Config.asmx/All_Get
[2019-08-27 11:58:32] ---- FROM  ::1 (WinNT)
[2019-08-27 11:58:32] ---- BROWSER:  Chrome 76.0 (Mozilla/5.0 (Windows NT 10.0; Win64; x64) AppleWebKit/537.36 (KHTML, like Gecko) Chrome/76.0.3809.100 Safari/537.36)
[2019-08-27 11:58:32] ---- CONTENT: {data : "<?xml version='1.0' encoding='utf-8' ?><Request ID='20190827115832109'><General><Token>61111131252223224013000011333653</Token></General><Data></Data></Request>"}
[2019-08-27 11:58:32] 200 - OK - application/json
[2019-08-27 11:58:32] REQUEST POST - https://localhost:8082/public/ws/Economics.asmx/messaggi_summary
[2019-08-27 11:58:32] ---- FROM  ::1 (WinNT)
[2019-08-27 11:58:32] ---- BROWSER:  Chrome 76.0 (Mozilla/5.0 (Windows NT 10.0; Win64; x64) AppleWebKit/537.36 (KHTML, like Gecko) Chrome/76.0.3809.100 Safari/537.36)
[2019-08-27 11:58:32] ---- CONTENT: {data : "<?xml version='1.0' encoding='utf-8' ?><Request ID='20190827115832606'><General><Token>61111131252223224013000011333653</Token></General><Data></Data></Request>"}
[2019-08-27 11:58:32] 200 - OK - application/json
[2019-08-27 11:58:32] REQUEST POST - https://localhost:8082/public/ws/Config.asmx/All_Get
[2019-08-27 11:58:32] ---- FROM  ::1 (WinNT)
[2019-08-27 11:58:32] ---- BROWSER:  Chrome 76.0 (Mozilla/5.0 (Windows NT 10.0; Win64; x64) AppleWebKit/537.36 (KHTML, like Gecko) Chrome/76.0.3809.100 Safari/537.36)
[2019-08-27 11:58:32] ---- CONTENT: {data : "<?xml version='1.0' encoding='utf-8' ?><Request ID='20190827115832673'><General><Token>61111131252223224013000011333653</Token></General><Data></Data></Request>"}
[2019-08-27 11:58:32] 200 - OK - application/json
[2019-08-27 11:58:32] REQUEST POST - https://localhost:8082/public/ws/Config.asmx/All_Get
[2019-08-27 11:58:32] ---- FROM  ::1 (WinNT)
[2019-08-27 11:58:32] ---- BROWSER:  Chrome 76.0 (Mozilla/5.0 (Windows NT 10.0; Win64; x64) AppleWebKit/537.36 (KHTML, like Gecko) Chrome/76.0.3809.100 Safari/537.36)
[2019-08-27 11:58:32] ---- CONTENT: {data : "<?xml version='1.0' encoding='utf-8' ?><Request ID='20190827115832720'><General><Token>61111131252223224013000011333653</Token></General><Data></Data></Request>"}
[2019-08-27 11:58:32] 200 - OK - application/json
[2019-08-27 11:59:06] REQUEST GET - https://localhost:8082/public/aspx/Home.aspx?Token=61111131252223224013000011333653&TokenApiRest=eyJ0eXAiOiJKV1QiLCJhbGciOiJIUzI1NiJ9.eyJpc3MiOiJodHRwczpcL1wvd3d3cy5kZXYteWVhcC5pdCIsImlhdCI6MTU0MjI5NDMyMSwibmJmIjoxNTQyMjk0MzIxLCJleHAiOjE1NDI4OTkxMjEsImRhdGEiOnsidXNlciI6eyJpZCI6IjQ0In19fQ.RCP5OeoGASxAyBw1MbMD4BFJAcDM5JIXqYXKBALZcJI&Logo=https://localhost:8082/scratch/pl_logo.png&Title=Business Plan Test nr. 2
[2019-08-27 11:59:06] ---- FROM  ::1 (WinNT)
[2019-08-27 11:59:06] ---- BROWSER:  Chrome 76.0 (Mozilla/5.0 (Windows NT 10.0; Win64; x64) AppleWebKit/537.36 (KHTML, like Gecko) Chrome/76.0.3809.100 Safari/537.36)
[2019-08-27 11:59:06] 302 - Found - text/html
[2019-08-27 11:59:06] REQUEST GET - https://localhost:8082/home/welcome?Token=61111131252223224013000011333653&TokenApiRest=eyJ0eXAiOiJKV1QiLCJhbGciOiJIUzI1NiJ9.eyJpc3MiOiJodHRwczpcL1wvd3d3cy5kZXYteWVhcC5pdCIsImlhdCI6MTU0MjI5NDMyMSwibmJmIjoxNTQyMjk0MzIxLCJleHAiOjE1NDI4OTkxMjEsImRhdGEiOnsidXNlciI6eyJpZCI6IjQ0In19fQ.RCP5OeoGASxAyBw1MbMD4BFJAcDM5JIXqYXKBALZcJI&Logo=https://localhost:8082/scratch/pl_logo.png&Title=Business Plan Test nr. 2
[2019-08-27 11:59:06] ---- FROM  ::1 (WinNT)
[2019-08-27 11:59:06] ---- BROWSER:  Chrome 76.0 (Mozilla/5.0 (Windows NT 10.0; Win64; x64) AppleWebKit/537.36 (KHTML, like Gecko) Chrome/76.0.3809.100 Safari/537.36)
[2019-08-27 11:59:06] 200 - OK - text/html
[2019-08-27 11:59:07] REQUEST POST - https://localhost:8082/public/ws/General.asmx/Set
[2019-08-27 11:59:07] ---- FROM  ::1 (WinNT)
[2019-08-27 11:59:07] ---- BROWSER:  Chrome 76.0 (Mozilla/5.0 (Windows NT 10.0; Win64; x64) AppleWebKit/537.36 (KHTML, like Gecko) Chrome/76.0.3809.100 Safari/537.36)
[2019-08-27 11:59:07] ---- CONTENT: {data : "<?xml version='1.0' encoding='utf-8' ?><Request ID='20190827115907502'><General><Token>61111131252223224013000011333653</Token></General><Data><Nome>Business Plan Test nr. 2</Nome><Logo>https%3A%2F%2Flocalhost%3A8082%2Fscratch%2Fpl_logo.png</Logo></Data></Request>"}
[2019-08-27 11:59:07] 200 - OK - application/json
[2019-08-27 11:59:07] REQUEST POST - https://localhost:8082/public/ws/Config.asmx/Economics_Get
[2019-08-27 11:59:07] ---- FROM  ::1 (WinNT)
[2019-08-27 11:59:07] ---- BROWSER:  Chrome 76.0 (Mozilla/5.0 (Windows NT 10.0; Win64; x64) AppleWebKit/537.36 (KHTML, like Gecko) Chrome/76.0.3809.100 Safari/537.36)
[2019-08-27 11:59:07] ---- CONTENT: {data : "<?xml version='1.0' encoding='utf-8' ?><Request ID='20190827115907527'><General><Token>61111131252223224013000011333653</Token></General><Data></Data></Request>"}
[2019-08-27 11:59:07] 200 - OK - application/json
[2019-08-27 11:59:11] REQUEST POST - https://localhost:8082/public/ws/Config.asmx/All_Get
[2019-08-27 11:59:11] ---- FROM  ::1 (WinNT)
[2019-08-27 11:59:11] ---- BROWSER:  Chrome 76.0 (Mozilla/5.0 (Windows NT 10.0; Win64; x64) AppleWebKit/537.36 (KHTML, like Gecko) Chrome/76.0.3809.100 Safari/537.36)
[2019-08-27 11:59:11] ---- CONTENT: {data : "<?xml version='1.0' encoding='utf-8' ?><Request ID='2019082711591186'><General><Token>61111131252223224013000011333653</Token></General><Data></Data></Request>"}
[2019-08-27 11:59:11] REQUEST POST - https://localhost:8082/public/ws/Economics.asmx/messaggi_summary
[2019-08-27 11:59:11] 200 - OK - application/json
[2019-08-27 11:59:11] ---- FROM  ::1 (WinNT)
[2019-08-27 11:59:11] ---- BROWSER:  Chrome 76.0 (Mozilla/5.0 (Windows NT 10.0; Win64; x64) AppleWebKit/537.36 (KHTML, like Gecko) Chrome/76.0.3809.100 Safari/537.36)
[2019-08-27 11:59:11] ---- CONTENT: {data : "<?xml version='1.0' encoding='utf-8' ?><Request ID='20190827115911114'><General><Token>61111131252223224013000011333653</Token></General><Data></Data></Request>"}
[2019-08-27 11:59:11] 200 - OK - application/json
[2019-08-27 11:59:11] REQUEST POST - https://localhost:8082/public/ws/Config.asmx/All_Get
[2019-08-27 11:59:11] ---- FROM  ::1 (WinNT)
[2019-08-27 11:59:11] ---- BROWSER:  Chrome 76.0 (Mozilla/5.0 (Windows NT 10.0; Win64; x64) AppleWebKit/537.36 (KHTML, like Gecko) Chrome/76.0.3809.100 Safari/537.36)
[2019-08-27 11:59:11] ---- CONTENT: {data : "<?xml version='1.0' encoding='utf-8' ?><Request ID='20190827115911245'><General><Token>61111131252223224013000011333653</Token></General><Data></Data></Request>"}
[2019-08-27 11:59:11] 200 - OK - application/json
[2019-08-27 11:59:11] REQUEST POST - https://localhost:8082/public/ws/Config.asmx/All_Get
[2019-08-27 11:59:11] ---- FROM  ::1 (WinNT)
[2019-08-27 11:59:11] ---- BROWSER:  Chrome 76.0 (Mozilla/5.0 (Windows NT 10.0; Win64; x64) AppleWebKit/537.36 (KHTML, like Gecko) Chrome/76.0.3809.100 Safari/537.36)
[2019-08-27 11:59:11] ---- CONTENT: {data : "<?xml version='1.0' encoding='utf-8' ?><Request ID='20190827115911447'><General><Token>61111131252223224013000011333653</Token></General><Data></Data></Request>"}
[2019-08-27 11:59:11] 200 - OK - application/json
[2019-08-27 11:59:44] REQUEST GET - https://localhost:8082/economics/impostazioni
[2019-08-27 11:59:44] ---- FROM  ::1 (WinNT)
[2019-08-27 11:59:44] ---- BROWSER:  Chrome 76.0 (Mozilla/5.0 (Windows NT 10.0; Win64; x64) AppleWebKit/537.36 (KHTML, like Gecko) Chrome/76.0.3809.100 Safari/537.36)
[2019-08-27 11:59:44] 200 - OK - text/html
[2019-08-27 11:59:45] REQUEST POST - https://localhost:8082/public/ws/Config.asmx/Economics_Get
[2019-08-27 11:59:45] ---- FROM  ::1 (WinNT)
[2019-08-27 11:59:45] ---- BROWSER:  Chrome 76.0 (Mozilla/5.0 (Windows NT 10.0; Win64; x64) AppleWebKit/537.36 (KHTML, like Gecko) Chrome/76.0.3809.100 Safari/537.36)
[2019-08-27 11:59:45] ---- CONTENT: {data : "<?xml version='1.0' encoding='utf-8' ?><Request ID='20190827115945140'><General><Token>61111131252223224013000011333653</Token></General><Data></Data></Request>"}
[2019-08-27 11:59:45] 200 - OK - application/json
[2019-08-27 11:59:47] REQUEST POST - https://localhost:8082/public/ws/Config.asmx/All_Get
[2019-08-27 11:59:47] ---- FROM  ::1 (WinNT)
[2019-08-27 11:59:47] ---- BROWSER:  Chrome 76.0 (Mozilla/5.0 (Windows NT 10.0; Win64; x64) AppleWebKit/537.36 (KHTML, like Gecko) Chrome/76.0.3809.100 Safari/537.36)
[2019-08-27 11:59:47] ---- CONTENT: {data : "<?xml version='1.0' encoding='utf-8' ?><Request ID='20190827115947308'><General><Token>61111131252223224013000011333653</Token></General><Data></Data></Request>"}
[2019-08-27 11:59:47] 200 - OK - application/json
[2019-08-27 11:59:47] REQUEST POST - https://localhost:8082/public/ws/Config.asmx/All_Get
[2019-08-27 11:59:47] ---- FROM  ::1 (WinNT)
[2019-08-27 11:59:47] ---- BROWSER:  Chrome 76.0 (Mozilla/5.0 (Windows NT 10.0; Win64; x64) AppleWebKit/537.36 (KHTML, like Gecko) Chrome/76.0.3809.100 Safari/537.36)
[2019-08-27 11:59:47] ---- CONTENT: {data : "<?xml version='1.0' encoding='utf-8' ?><Request ID='20190827115947566'><General><Token>61111131252223224013000011333653</Token></General><Data></Data></Request>"}
[2019-08-27 11:59:47] 200 - OK - application/json
[2019-08-27 11:59:47] REQUEST POST - https://localhost:8082/public/ws/Economics.asmx/messaggi_summary
[2019-08-27 11:59:47] ---- FROM  ::1 (WinNT)
[2019-08-27 11:59:47] ---- BROWSER:  Chrome 76.0 (Mozilla/5.0 (Windows NT 10.0; Win64; x64) AppleWebKit/537.36 (KHTML, like Gecko) Chrome/76.0.3809.100 Safari/537.36)
[2019-08-27 11:59:47] ---- CONTENT: {data : "<?xml version='1.0' encoding='utf-8' ?><Request ID='20190827115947598'><General><Token>61111131252223224013000011333653</Token></General><Data></Data></Request>"}
[2019-08-27 11:59:47] 200 - OK - application/json
[2019-08-27 11:59:47] REQUEST POST - https://localhost:8082/public/ws/Config.asmx/All_Get
[2019-08-27 11:59:47] ---- FROM  ::1 (WinNT)
[2019-08-27 11:59:47] ---- BROWSER:  Chrome 76.0 (Mozilla/5.0 (Windows NT 10.0; Win64; x64) AppleWebKit/537.36 (KHTML, like Gecko) Chrome/76.0.3809.100 Safari/537.36)
[2019-08-27 11:59:47] ---- CONTENT: {data : "<?xml version='1.0' encoding='utf-8' ?><Request ID='20190827115947663'><General><Token>61111131252223224013000011333653</Token></General><Data></Data></Request>"}
[2019-08-27 11:59:47] 200 - OK - application/json
[2019-08-27 12:00:23] REQUEST POST - https://localhost:8082/public/ws/Config.asmx/Economics_Set
[2019-08-27 12:00:23] ---- FROM  ::1 (WinNT)
[2019-08-27 12:00:23] ---- BROWSER:  Chrome 76.0 (Mozilla/5.0 (Windows NT 10.0; Win64; x64) AppleWebKit/537.36 (KHTML, like Gecko) Chrome/76.0.3809.100 Safari/537.36)
[2019-08-27 12:00:23] ---- CONTENT: {data : "<?xml version='1.0' encoding='utf-8' ?><Request ID='20190827120023196'><General><Token>61111131252223224013000011333653</Token></General><Data><NumAnni>3000</NumAnni><AnnoInizio>2018000</AnnoInizio><UtilizzoAnnoPrec>1</UtilizzoAnnoPrec><N_Prodotti>4000</N_Prodotti><P1>FEE%20AGENZIA</P1><P2>RICARICA</P2><P3>FEE%20MEDIA</P3><P4>CONSULENZA%2FALTRO</P4><P5></P5><N_MateriePrime>4000</N_MateriePrime><M01></M01><M02></M02><M03></M03><M04></M04><M05></M05><M06></M06><M07></M07><M08></M08><M09></M09><M10></M10><GiorniIncassoClienti>56000</GiorniIncassoClienti><GiorniPagamentoCostiVar_Prod>0</GiorniPagamentoCostiVar_Prod><GiorniPagamentoCostiVar_Comm>60000</GiorniPagamentoCostiVar_Comm><GiorniPagamentoCostiEsterni_PF>0</GiorniPagamentoCostiEsterni_PF><GiorniPagamentoCostiEsterni_MP>0</GiorniPagamentoCostiEsterni_MP><GiorniPagamentoMkgtComm>60000</GiorniPagamentoMkgtComm><PercTFR>100000</PercTFR><IvaDefault>30000</IvaDefault></Data></Request>"}
[2019-08-27 12:00:23] 200 - OK - application/json
[2019-08-27 12:00:28] REQUEST POST - https://localhost:8082/public/ws/Economics.asmx/messaggi_summary
[2019-08-27 12:00:28] ---- FROM  ::1 (WinNT)
[2019-08-27 12:00:28] ---- BROWSER:  Chrome 76.0 (Mozilla/5.0 (Windows NT 10.0; Win64; x64) AppleWebKit/537.36 (KHTML, like Gecko) Chrome/76.0.3809.100 Safari/537.36)
[2019-08-27 12:00:28] ---- CONTENT: {data : "<?xml version='1.0' encoding='utf-8' ?><Request ID='2019082712002818'><General><Token>61111131252223224013000011333653</Token></General><Data></Data></Request>"}
[2019-08-27 12:00:28] 200 - OK - application/json
[2019-08-27 12:00:28] REQUEST POST - https://localhost:8082/public/ws/Config.asmx/All_Get
[2019-08-27 12:00:28] ---- FROM  ::1 (WinNT)
[2019-08-27 12:00:28] ---- BROWSER:  Chrome 76.0 (Mozilla/5.0 (Windows NT 10.0; Win64; x64) AppleWebKit/537.36 (KHTML, like Gecko) Chrome/76.0.3809.100 Safari/537.36)
[2019-08-27 12:00:28] ---- CONTENT: {data : "<?xml version='1.0' encoding='utf-8' ?><Request ID='2019082712002869'><General><Token>61111131252223224013000011333653</Token></General><Data></Data></Request>"}
[2019-08-27 12:00:28] 200 - OK - application/json
[2019-08-27 12:00:28] REQUEST POST - https://localhost:8082/public/ws/Config.asmx/All_Get
[2019-08-27 12:00:28] ---- FROM  ::1 (WinNT)
[2019-08-27 12:00:28] ---- BROWSER:  Chrome 76.0 (Mozilla/5.0 (Windows NT 10.0; Win64; x64) AppleWebKit/537.36 (KHTML, like Gecko) Chrome/76.0.3809.100 Safari/537.36)
[2019-08-27 12:00:28] ---- CONTENT: {data : "<?xml version='1.0' encoding='utf-8' ?><Request ID='20190827120028107'><General><Token>61111131252223224013000011333653</Token></General><Data></Data></Request>"}
[2019-08-27 12:00:28] 200 - OK - application/json
[2019-08-27 12:02:04] REQUEST GET - https://localhost:8082/qa/qualitativa
[2019-08-27 12:02:04] ---- FROM  ::1 (WinNT)
[2019-08-27 12:02:04] ---- BROWSER:  Chrome 76.0 (Mozilla/5.0 (Windows NT 10.0; Win64; x64) AppleWebKit/537.36 (KHTML, like Gecko) Chrome/76.0.3809.100 Safari/537.36)
[2019-08-27 12:02:04] 200 - OK - text/html
[2019-08-27 12:02:05] REQUEST POST - https://localhost:8082/public/ws/QAnalysis.asmx/Get
[2019-08-27 12:02:05] ---- FROM  ::1 (WinNT)
[2019-08-27 12:02:05] ---- BROWSER:  Chrome 76.0 (Mozilla/5.0 (Windows NT 10.0; Win64; x64) AppleWebKit/537.36 (KHTML, like Gecko) Chrome/76.0.3809.100 Safari/537.36)
[2019-08-27 12:02:05] ---- CONTENT: {data : "<?xml version='1.0' encoding='utf-8' ?><Request ID='20190827120205984'><General><Token>61111131252223224013000011333653</Token></General><Data></Data></Request>"}
[2019-08-27 12:02:06] 200 - OK - application/json
[2019-08-27 12:02:08] REQUEST POST - https://localhost:8082/public/ws/Config.asmx/All_Get
[2019-08-27 12:02:08] ---- FROM  ::1 (WinNT)
[2019-08-27 12:02:08] ---- BROWSER:  Chrome 76.0 (Mozilla/5.0 (Windows NT 10.0; Win64; x64) AppleWebKit/537.36 (KHTML, like Gecko) Chrome/76.0.3809.100 Safari/537.36)
[2019-08-27 12:02:08] ---- CONTENT: {data : "<?xml version='1.0' encoding='utf-8' ?><Request ID='20190827120208285'><General><Token>61111131252223224013000011333653</Token></General><Data></Data></Request>"}
[2019-08-27 12:02:08] 200 - OK - application/json
[2019-08-27 12:02:08] REQUEST POST - https://localhost:8082/public/ws/Economics.asmx/messaggi_summary
[2019-08-27 12:02:08] ---- FROM  ::1 (WinNT)
[2019-08-27 12:02:08] ---- BROWSER:  Chrome 76.0 (Mozilla/5.0 (Windows NT 10.0; Win64; x64) AppleWebKit/537.36 (KHTML, like Gecko) Chrome/76.0.3809.100 Safari/537.36)
[2019-08-27 12:02:08] ---- CONTENT: {data : "<?xml version='1.0' encoding='utf-8' ?><Request ID='20190827120208315'><General><Token>61111131252223224013000011333653</Token></General><Data></Data></Request>"}
[2019-08-27 12:02:08] 200 - OK - application/json
[2019-08-27 12:02:08] REQUEST POST - https://localhost:8082/public/ws/Config.asmx/All_Get
[2019-08-27 12:02:08] ---- FROM  ::1 (WinNT)
[2019-08-27 12:02:08] ---- BROWSER:  Chrome 76.0 (Mozilla/5.0 (Windows NT 10.0; Win64; x64) AppleWebKit/537.36 (KHTML, like Gecko) Chrome/76.0.3809.100 Safari/537.36)
[2019-08-27 12:02:08] ---- CONTENT: {data : "<?xml version='1.0' encoding='utf-8' ?><Request ID='20190827120208392'><General><Token>61111131252223224013000011333653</Token></General><Data></Data></Request>"}
[2019-08-27 12:02:08] 200 - OK - application/json
[2019-08-27 12:02:08] REQUEST GET - https://localhost:8082/public/ws/Resources.ashx/xml-qa
[2019-08-27 12:02:08] ---- FROM  ::1 (WinNT)
[2019-08-27 12:02:08] ---- BROWSER:  Chrome 76.0 (Mozilla/5.0 (Windows NT 10.0; Win64; x64) AppleWebKit/537.36 (KHTML, like Gecko) Chrome/76.0.3809.100 Safari/537.36)
[2019-08-27 12:02:08] REQUEST GET - https://localhost:8082/public/ws/Resources.ashx/xml-qa
[2019-08-27 12:02:08] ---- FROM  ::1 (WinNT)
[2019-08-27 12:02:08] REQUEST GET - https://localhost:8082/public/ws/Resources.ashx/xml-qa
[2019-08-27 12:02:08] REQUEST GET - https://localhost:8082/public/ws/Resources.ashx/xml-qa
[2019-08-27 12:02:08] REQUEST GET - https://localhost:8082/public/ws/Resources.ashx/xml-qa
[2019-08-27 12:02:08] ---- FROM  ::1 (WinNT)
[2019-08-27 12:02:08] ---- BROWSER:  Chrome 76.0 (Mozilla/5.0 (Windows NT 10.0; Win64; x64) AppleWebKit/537.36 (KHTML, like Gecko) Chrome/76.0.3809.100 Safari/537.36)
[2019-08-27 12:02:08] ---- FROM  ::1 (WinNT)
[2019-08-27 12:02:08] 200 - OK - text/xml
[2019-08-27 12:02:08] ---- BROWSER:  Chrome 76.0 (Mozilla/5.0 (Windows NT 10.0; Win64; x64) AppleWebKit/537.36 (KHTML, like Gecko) Chrome/76.0.3809.100 Safari/537.36)
[2019-08-27 12:02:08] ---- FROM  ::1 (WinNT)
[2019-08-27 12:02:08] ---- BROWSER:  Chrome 76.0 (Mozilla/5.0 (Windows NT 10.0; Win64; x64) AppleWebKit/537.36 (KHTML, like Gecko) Chrome/76.0.3809.100 Safari/537.36)
[2019-08-27 12:02:08] ---- BROWSER:  Chrome 76.0 (Mozilla/5.0 (Windows NT 10.0; Win64; x64) AppleWebKit/537.36 (KHTML, like Gecko) Chrome/76.0.3809.100 Safari/537.36)
[2019-08-27 12:02:08] 200 - OK - text/xml
[2019-08-27 12:02:08] 200 - OK - text/xml
[2019-08-27 12:02:08] REQUEST GET - https://localhost:8082/public/ws/Resources.ashx/xml-qa
[2019-08-27 12:02:08] REQUEST GET - https://localhost:8082/public/ws/Resources.ashx/xml-qa
[2019-08-27 12:02:08] ---- FROM  ::1 (WinNT)
[2019-08-27 12:02:08] ---- FROM  ::1 (WinNT)
[2019-08-27 12:02:08] ---- BROWSER:  Chrome 76.0 (Mozilla/5.0 (Windows NT 10.0; Win64; x64) AppleWebKit/537.36 (KHTML, like Gecko) Chrome/76.0.3809.100 Safari/537.36)
[2019-08-27 12:02:08] 200 - OK - text/xml
[2019-08-27 12:02:08] 200 - OK - text/xml
[2019-08-27 12:02:08] REQUEST GET - https://localhost:8082/public/ws/Resources.ashx/xml-qa
[2019-08-27 12:02:08] ---- FROM  ::1 (WinNT)
[2019-08-27 12:02:08] ---- BROWSER:  Chrome 76.0 (Mozilla/5.0 (Windows NT 10.0; Win64; x64) AppleWebKit/537.36 (KHTML, like Gecko) Chrome/76.0.3809.100 Safari/537.36)
[2019-08-27 12:02:08] ---- BROWSER:  Chrome 76.0 (Mozilla/5.0 (Windows NT 10.0; Win64; x64) AppleWebKit/537.36 (KHTML, like Gecko) Chrome/76.0.3809.100 Safari/537.36)
[2019-08-27 12:02:08] REQUEST GET - https://localhost:8082/public/ws/Resources.ashx/xml-qa
[2019-08-27 12:02:08] ---- FROM  ::1 (WinNT)
[2019-08-27 12:02:08] ---- BROWSER:  Chrome 76.0 (Mozilla/5.0 (Windows NT 10.0; Win64; x64) AppleWebKit/537.36 (KHTML, like Gecko) Chrome/76.0.3809.100 Safari/537.36)
[2019-08-27 12:02:08] REQUEST GET - https://localhost:8082/public/ws/Resources.ashx/xml-qa
[2019-08-27 12:02:08] 200 - OK - text/xml
[2019-08-27 12:02:08] 200 - OK - text/xml
[2019-08-27 12:02:08] 200 - OK - text/xml
[2019-08-27 12:02:08] 200 - OK - text/xml
[2019-08-27 12:02:08] REQUEST GET - https://localhost:8082/public/ws/Resources.ashx/xml-qa
[2019-08-27 12:02:08] ---- FROM  ::1 (WinNT)
[2019-08-27 12:02:08] REQUEST GET - https://localhost:8082/public/ws/Resources.ashx/xml-qa
[2019-08-27 12:02:08] REQUEST GET - https://localhost:8082/public/ws/Resources.ashx/xml-qa
[2019-08-27 12:02:08] ---- FROM  ::1 (WinNT)
[2019-08-27 12:02:08] ---- BROWSER:  Chrome 76.0 (Mozilla/5.0 (Windows NT 10.0; Win64; x64) AppleWebKit/537.36 (KHTML, like Gecko) Chrome/76.0.3809.100 Safari/537.36)
[2019-08-27 12:02:08] REQUEST GET - https://localhost:8082/public/ws/Resources.ashx/xml-qa
[2019-08-27 12:02:08] ---- FROM  ::1 (WinNT)
[2019-08-27 12:02:08] ---- BROWSER:  Chrome 76.0 (Mozilla/5.0 (Windows NT 10.0; Win64; x64) AppleWebKit/537.36 (KHTML, like Gecko) Chrome/76.0.3809.100 Safari/537.36)
[2019-08-27 12:02:08] ---- FROM  ::1 (WinNT)
[2019-08-27 12:02:08] 200 - OK - text/xml
[2019-08-27 12:02:08] ---- BROWSER:  Chrome 76.0 (Mozilla/5.0 (Windows NT 10.0; Win64; x64) AppleWebKit/537.36 (KHTML, like Gecko) Chrome/76.0.3809.100 Safari/537.36)
[2019-08-27 12:02:08] ---- FROM  ::1 (WinNT)
[2019-08-27 12:02:08] ---- BROWSER:  Chrome 76.0 (Mozilla/5.0 (Windows NT 10.0; Win64; x64) AppleWebKit/537.36 (KHTML, like Gecko) Chrome/76.0.3809.100 Safari/537.36)
[2019-08-27 12:02:09] 200 - OK - text/xml
[2019-08-27 12:02:09] REQUEST GET - https://localhost:8082/public/ws/Resources.ashx/xml-qa
[2019-08-27 12:02:09] ---- FROM  ::1 (WinNT)
[2019-08-27 12:02:09] ---- BROWSER:  Chrome 76.0 (Mozilla/5.0 (Windows NT 10.0; Win64; x64) AppleWebKit/537.36 (KHTML, like Gecko) Chrome/76.0.3809.100 Safari/537.36)
[2019-08-27 12:02:09] ---- BROWSER:  Chrome 76.0 (Mozilla/5.0 (Windows NT 10.0; Win64; x64) AppleWebKit/537.36 (KHTML, like Gecko) Chrome/76.0.3809.100 Safari/537.36)
[2019-08-27 12:02:09] 200 - OK - text/xml
[2019-08-27 12:02:09] REQUEST GET - https://localhost:8082/public/ws/Resources.ashx/xml-qa
[2019-08-27 12:02:09] ---- FROM  ::1 (WinNT)
[2019-08-27 12:02:08] 200 - OK - text/xml
[2019-08-27 12:02:09] 200 - OK - text/xml
[2019-08-27 12:02:09] 200 - OK - text/xml
[2019-08-27 12:02:09] REQUEST GET - https://localhost:8082/public/ws/Resources.ashx/xml-qa
[2019-08-27 12:02:09] REQUEST GET - https://localhost:8082/public/ws/Resources.ashx/xml-qa
[2019-08-27 12:02:09] ---- BROWSER:  Chrome 76.0 (Mozilla/5.0 (Windows NT 10.0; Win64; x64) AppleWebKit/537.36 (KHTML, like Gecko) Chrome/76.0.3809.100 Safari/537.36)
[2019-08-27 12:02:09] ---- FROM  ::1 (WinNT)
[2019-08-27 12:02:09] ---- BROWSER:  Chrome 76.0 (Mozilla/5.0 (Windows NT 10.0; Win64; x64) AppleWebKit/537.36 (KHTML, like Gecko) Chrome/76.0.3809.100 Safari/537.36)
[2019-08-27 12:02:09] REQUEST GET - https://localhost:8082/public/ws/Resources.ashx/xml-qa
[2019-08-27 12:02:09] REQUEST GET - https://localhost:8082/public/ws/Resources.ashx/xml-qa
[2019-08-27 12:02:09] ---- FROM  ::1 (WinNT)
[2019-08-27 12:02:09] ---- FROM  ::1 (WinNT)
[2019-08-27 12:02:09] 200 - OK - text/xml
[2019-08-27 12:02:09] ---- BROWSER:  Chrome 76.0 (Mozilla/5.0 (Windows NT 10.0; Win64; x64) AppleWebKit/537.36 (KHTML, like Gecko) Chrome/76.0.3809.100 Safari/537.36)
[2019-08-27 12:02:09] REQUEST GET - https://localhost:8082/public/ws/Resources.ashx/xml-qa
[2019-08-27 12:02:09] 200 - OK - text/xml
[2019-08-27 12:02:09] ---- FROM  ::1 (WinNT)
[2019-08-27 12:02:09] 200 - OK - text/xml
[2019-08-27 12:02:09] ---- FROM  ::1 (WinNT)
[2019-08-27 12:02:09] REQUEST GET - https://localhost:8082/public/ws/Resources.ashx/xml-qa
[2019-08-27 12:02:09] ---- FROM  ::1 (WinNT)
[2019-08-27 12:02:09] ---- BROWSER:  Chrome 76.0 (Mozilla/5.0 (Windows NT 10.0; Win64; x64) AppleWebKit/537.36 (KHTML, like Gecko) Chrome/76.0.3809.100 Safari/537.36)
[2019-08-27 12:02:09] ---- BROWSER:  Chrome 76.0 (Mozilla/5.0 (Windows NT 10.0; Win64; x64) AppleWebKit/537.36 (KHTML, like Gecko) Chrome/76.0.3809.100 Safari/537.36)
[2019-08-27 12:02:09] REQUEST GET - https://localhost:8082/public/ws/Resources.ashx/xml-qa
[2019-08-27 12:02:09] REQUEST GET - https://localhost:8082/public/ws/Resources.ashx/xml-qa
[2019-08-27 12:02:09] ---- FROM  ::1 (WinNT)
[2019-08-27 12:02:09] ---- BROWSER:  Chrome 76.0 (Mozilla/5.0 (Windows NT 10.0; Win64; x64) AppleWebKit/537.36 (KHTML, like Gecko) Chrome/76.0.3809.100 Safari/537.36)
[2019-08-27 12:02:09] ---- FROM  ::1 (WinNT)
[2019-08-27 12:02:09] ---- BROWSER:  Chrome 76.0 (Mozilla/5.0 (Windows NT 10.0; Win64; x64) AppleWebKit/537.36 (KHTML, like Gecko) Chrome/76.0.3809.100 Safari/537.36)
[2019-08-27 12:02:09] 200 - OK - text/xml
[2019-08-27 12:02:09] 200 - OK - text/xml
[2019-08-27 12:02:09] 200 - OK - text/xml
[2019-08-27 12:02:09] REQUEST GET - https://localhost:8082/public/ws/Resources.ashx/xml-qa
[2019-08-27 12:02:09] ---- BROWSER:  Chrome 76.0 (Mozilla/5.0 (Windows NT 10.0; Win64; x64) AppleWebKit/537.36 (KHTML, like Gecko) Chrome/76.0.3809.100 Safari/537.36)
[2019-08-27 12:02:09] 200 - OK - text/xml
[2019-08-27 12:02:09] ---- FROM  ::1 (WinNT)
[2019-08-27 12:02:09] ---- BROWSER:  Chrome 76.0 (Mozilla/5.0 (Windows NT 10.0; Win64; x64) AppleWebKit/537.36 (KHTML, like Gecko) Chrome/76.0.3809.100 Safari/537.36)
[2019-08-27 12:02:09] ---- BROWSER:  Chrome 76.0 (Mozilla/5.0 (Windows NT 10.0; Win64; x64) AppleWebKit/537.36 (KHTML, like Gecko) Chrome/76.0.3809.100 Safari/537.36)
[2019-08-27 12:02:09] REQUEST GET - https://localhost:8082/public/ws/Resources.ashx/xml-qa
[2019-08-27 12:02:09] REQUEST GET - https://localhost:8082/public/ws/Resources.ashx/xml-qa
[2019-08-27 12:02:09] ---- FROM  ::1 (WinNT)
[2019-08-27 12:02:09] ---- BROWSER:  Chrome 76.0 (Mozilla/5.0 (Windows NT 10.0; Win64; x64) AppleWebKit/537.36 (KHTML, like Gecko) Chrome/76.0.3809.100 Safari/537.36)
[2019-08-27 12:02:09] 200 - OK - text/xml
[2019-08-27 12:02:09] 200 - OK - text/xml
[2019-08-27 12:02:09] REQUEST GET - https://localhost:8082/public/ws/Resources.ashx/xml-qa
[2019-08-27 12:02:09] ---- FROM  ::1 (WinNT)
[2019-08-27 12:02:09] 200 - OK - text/xml
[2019-08-27 12:02:09] REQUEST GET - https://localhost:8082/public/ws/Resources.ashx/xml-qa
[2019-08-27 12:02:09] ---- FROM  ::1 (WinNT)
[2019-08-27 12:02:09] REQUEST GET - https://localhost:8082/public/ws/Resources.ashx/xml-qa
[2019-08-27 12:02:09] ---- FROM  ::1 (WinNT)
[2019-08-27 12:02:09] REQUEST GET - https://localhost:8082/public/ws/Resources.ashx/xml-qa
[2019-08-27 12:02:09] 200 - OK - text/xml
[2019-08-27 12:02:09] ---- BROWSER:  Chrome 76.0 (Mozilla/5.0 (Windows NT 10.0; Win64; x64) AppleWebKit/537.36 (KHTML, like Gecko) Chrome/76.0.3809.100 Safari/537.36)
[2019-08-27 12:02:09] 200 - OK - text/xml
[2019-08-27 12:02:09] REQUEST GET - https://localhost:8082/public/ws/Resources.ashx/xml-qa
[2019-08-27 12:02:09] ---- FROM  ::1 (WinNT)
[2019-08-27 12:02:09] ---- BROWSER:  Chrome 76.0 (Mozilla/5.0 (Windows NT 10.0; Win64; x64) AppleWebKit/537.36 (KHTML, like Gecko) Chrome/76.0.3809.100 Safari/537.36)
[2019-08-27 12:02:09] ---- FROM  ::1 (WinNT)
[2019-08-27 12:02:09] REQUEST GET - https://localhost:8082/public/ws/Resources.ashx/xml-qa
[2019-08-27 12:02:09] ---- FROM  ::1 (WinNT)
[2019-08-27 12:02:09] ---- BROWSER:  Chrome 76.0 (Mozilla/5.0 (Windows NT 10.0; Win64; x64) AppleWebKit/537.36 (KHTML, like Gecko) Chrome/76.0.3809.100 Safari/537.36)
[2019-08-27 12:02:09] ---- FROM  ::1 (WinNT)
[2019-08-27 12:02:09] ---- BROWSER:  Chrome 76.0 (Mozilla/5.0 (Windows NT 10.0; Win64; x64) AppleWebKit/537.36 (KHTML, like Gecko) Chrome/76.0.3809.100 Safari/537.36)
[2019-08-27 12:02:09] ---- BROWSER:  Chrome 76.0 (Mozilla/5.0 (Windows NT 10.0; Win64; x64) AppleWebKit/537.36 (KHTML, like Gecko) Chrome/76.0.3809.100 Safari/537.36)
[2019-08-27 12:02:09] ---- BROWSER:  Chrome 76.0 (Mozilla/5.0 (Windows NT 10.0; Win64; x64) AppleWebKit/537.36 (KHTML, like Gecko) Chrome/76.0.3809.100 Safari/537.36)
[2019-08-27 12:02:09] 200 - OK - text/xml
[2019-08-27 12:02:09] ---- BROWSER:  Chrome 76.0 (Mozilla/5.0 (Windows NT 10.0; Win64; x64) AppleWebKit/537.36 (KHTML, like Gecko) Chrome/76.0.3809.100 Safari/537.36)
[2019-08-27 12:02:09] 200 - OK - text/xml
[2019-08-27 12:02:09] 200 - OK - text/xml
[2019-08-27 12:02:09] REQUEST GET - https://localhost:8082/public/ws/Resources.ashx/xml-qa
[2019-08-27 12:02:09] ---- FROM  ::1 (WinNT)
[2019-08-27 12:02:09] 200 - OK - text/xml
[2019-08-27 12:02:09] ---- BROWSER:  Chrome 76.0 (Mozilla/5.0 (Windows NT 10.0; Win64; x64) AppleWebKit/537.36 (KHTML, like Gecko) Chrome/76.0.3809.100 Safari/537.36)
[2019-08-27 12:02:09] REQUEST GET - https://localhost:8082/public/ws/Resources.ashx/xml-qa
[2019-08-27 12:02:09] ---- FROM  ::1 (WinNT)
[2019-08-27 12:02:09] REQUEST POST - https://localhost:8082/public/ws/Config.asmx/All_Get
[2019-08-27 12:02:09] 200 - OK - text/xml
[2019-08-27 12:02:09] ---- BROWSER:  Chrome 76.0 (Mozilla/5.0 (Windows NT 10.0; Win64; x64) AppleWebKit/537.36 (KHTML, like Gecko) Chrome/76.0.3809.100 Safari/537.36)
[2019-08-27 12:02:09] 200 - OK - text/xml
[2019-08-27 12:02:09] 200 - OK - text/xml
[2019-08-27 12:02:09] 200 - OK - text/xml
[2019-08-27 12:02:09] ---- FROM  ::1 (WinNT)
[2019-08-27 12:02:09] ---- BROWSER:  Chrome 76.0 (Mozilla/5.0 (Windows NT 10.0; Win64; x64) AppleWebKit/537.36 (KHTML, like Gecko) Chrome/76.0.3809.100 Safari/537.36)
[2019-08-27 12:02:09] ---- CONTENT: {data : "<?xml version='1.0' encoding='utf-8' ?><Request ID='20190827120208977'><General><Token>61111131252223224013000011333653</Token></General><Data></Data></Request>"}
[2019-08-27 12:02:09] 200 - OK - application/json
[2019-08-27 12:11:25] REQUEST GET - https://localhost:8082/qa/qualitativa
[2019-08-27 12:11:25] ---- FROM  ::1 (WinNT)
[2019-08-27 12:11:25] ---- BROWSER:  Chrome 76.0 (Mozilla/5.0 (Windows NT 10.0; Win64; x64) AppleWebKit/537.36 (KHTML, like Gecko) Chrome/76.0.3809.100 Safari/537.36)
[2019-08-27 12:11:25] 200 - OK - text/html
[2019-08-27 12:11:27] REQUEST POST - https://localhost:8082/public/ws/QAnalysis.asmx/Get
[2019-08-27 12:11:27] ---- FROM  ::1 (WinNT)
[2019-08-27 12:11:27] ---- BROWSER:  Chrome 76.0 (Mozilla/5.0 (Windows NT 10.0; Win64; x64) AppleWebKit/537.36 (KHTML, like Gecko) Chrome/76.0.3809.100 Safari/537.36)
[2019-08-27 12:11:27] ---- CONTENT: {data : "<?xml version='1.0' encoding='utf-8' ?><Request ID='20190827121127403'><General><Token>61111131252223224013000011333653</Token></General><Data></Data></Request>"}
[2019-08-27 12:11:27] 200 - OK - application/json
[2019-08-27 12:11:29] REQUEST POST - https://localhost:8082/public/ws/Config.asmx/All_Get
[2019-08-27 12:11:29] ---- FROM  ::1 (WinNT)
[2019-08-27 12:11:29] ---- BROWSER:  Chrome 76.0 (Mozilla/5.0 (Windows NT 10.0; Win64; x64) AppleWebKit/537.36 (KHTML, like Gecko) Chrome/76.0.3809.100 Safari/537.36)
[2019-08-27 12:11:29] ---- CONTENT: {data : "<?xml version='1.0' encoding='utf-8' ?><Request ID='20190827121129238'><General><Token>61111131252223224013000011333653</Token></General><Data></Data></Request>"}
[2019-08-27 12:11:29] 200 - OK - application/json
[2019-08-27 12:11:29] REQUEST GET - https://localhost:8082/public/ws/Resources.ashx/xml-qa
[2019-08-27 12:11:29] ---- FROM  ::1 (WinNT)
[2019-08-27 12:11:29] ---- BROWSER:  Chrome 76.0 (Mozilla/5.0 (Windows NT 10.0; Win64; x64) AppleWebKit/537.36 (KHTML, like Gecko) Chrome/76.0.3809.100 Safari/537.36)
[2019-08-27 12:11:29] REQUEST GET - https://localhost:8082/public/ws/Resources.ashx/xml-qa
[2019-08-27 12:11:29] REQUEST GET - https://localhost:8082/public/ws/Resources.ashx/xml-qa
[2019-08-27 12:11:29] REQUEST GET - https://localhost:8082/public/ws/Resources.ashx/xml-qa
[2019-08-27 12:11:29] REQUEST GET - https://localhost:8082/public/ws/Resources.ashx/xml-qa
[2019-08-27 12:11:29] ---- FROM  ::1 (WinNT)
[2019-08-27 12:11:29] ---- FROM  ::1 (WinNT)
[2019-08-27 12:11:29] ---- FROM  ::1 (WinNT)
[2019-08-27 12:11:29] 200 - OK - text/xml
[2019-08-27 12:11:29] ---- FROM  ::1 (WinNT)
[2019-08-27 12:11:29] ---- BROWSER:  Chrome 76.0 (Mozilla/5.0 (Windows NT 10.0; Win64; x64) AppleWebKit/537.36 (KHTML, like Gecko) Chrome/76.0.3809.100 Safari/537.36)
[2019-08-27 12:11:29] ---- BROWSER:  Chrome 76.0 (Mozilla/5.0 (Windows NT 10.0; Win64; x64) AppleWebKit/537.36 (KHTML, like Gecko) Chrome/76.0.3809.100 Safari/537.36)
[2019-08-27 12:11:29] ---- BROWSER:  Chrome 76.0 (Mozilla/5.0 (Windows NT 10.0; Win64; x64) AppleWebKit/537.36 (KHTML, like Gecko) Chrome/76.0.3809.100 Safari/537.36)
[2019-08-27 12:11:29] 200 - OK - text/xml
[2019-08-27 12:11:29] REQUEST GET - https://localhost:8082/public/ws/Resources.ashx/xml-qa
[2019-08-27 12:11:29] ---- FROM  ::1 (WinNT)
[2019-08-27 12:11:29] ---- BROWSER:  Chrome 76.0 (Mozilla/5.0 (Windows NT 10.0; Win64; x64) AppleWebKit/537.36 (KHTML, like Gecko) Chrome/76.0.3809.100 Safari/537.36)
[2019-08-27 12:11:29] 200 - OK - text/xml
[2019-08-27 12:11:29] 200 - OK - text/xml
[2019-08-27 12:11:29] REQUEST GET - https://localhost:8082/public/ws/Resources.ashx/xml-qa
[2019-08-27 12:11:29] REQUEST GET - https://localhost:8082/public/ws/Resources.ashx/xml-qa
[2019-08-27 12:11:29] ---- BROWSER:  Chrome 76.0 (Mozilla/5.0 (Windows NT 10.0; Win64; x64) AppleWebKit/537.36 (KHTML, like Gecko) Chrome/76.0.3809.100 Safari/537.36)
[2019-08-27 12:11:29] REQUEST GET - https://localhost:8082/public/ws/Resources.ashx/xml-qa
[2019-08-27 12:11:29] REQUEST GET - https://localhost:8082/public/ws/Resources.ashx/xml-qa
[2019-08-27 12:11:29] 200 - OK - text/xml
[2019-08-27 12:11:29] REQUEST GET - https://localhost:8082/public/ws/Resources.ashx/xml-qa
[2019-08-27 12:11:29] ---- FROM  ::1 (WinNT)
[2019-08-27 12:11:29] 200 - OK - text/xml
[2019-08-27 12:11:29] ---- FROM  ::1 (WinNT)
[2019-08-27 12:11:30] ---- FROM  ::1 (WinNT)
[2019-08-27 12:11:29] ---- FROM  ::1 (WinNT)
[2019-08-27 12:11:30] ---- BROWSER:  Chrome 76.0 (Mozilla/5.0 (Windows NT 10.0; Win64; x64) AppleWebKit/537.36 (KHTML, like Gecko) Chrome/76.0.3809.100 Safari/537.36)
[2019-08-27 12:11:29] ---- FROM  ::1 (WinNT)
[2019-08-27 12:11:30] ---- BROWSER:  Chrome 76.0 (Mozilla/5.0 (Windows NT 10.0; Win64; x64) AppleWebKit/537.36 (KHTML, like Gecko) Chrome/76.0.3809.100 Safari/537.36)
[2019-08-27 12:11:30] ---- BROWSER:  Chrome 76.0 (Mozilla/5.0 (Windows NT 10.0; Win64; x64) AppleWebKit/537.36 (KHTML, like Gecko) Chrome/76.0.3809.100 Safari/537.36)
[2019-08-27 12:11:30] ---- BROWSER:  Chrome 76.0 (Mozilla/5.0 (Windows NT 10.0; Win64; x64) AppleWebKit/537.36 (KHTML, like Gecko) Chrome/76.0.3809.100 Safari/537.36)
[2019-08-27 12:11:30] REQUEST GET - https://localhost:8082/public/ws/Resources.ashx/xml-qa
[2019-08-27 12:11:30] 200 - OK - text/xml
[2019-08-27 12:11:30] ---- BROWSER:  Chrome 76.0 (Mozilla/5.0 (Windows NT 10.0; Win64; x64) AppleWebKit/537.36 (KHTML, like Gecko) Chrome/76.0.3809.100 Safari/537.36)
[2019-08-27 12:11:30] 200 - OK - text/xml
[2019-08-27 12:11:29] REQUEST GET - https://localhost:8082/public/ws/Resources.ashx/xml-qa
[2019-08-27 12:11:30] 200 - OK - text/xml
[2019-08-27 12:11:30] REQUEST GET - https://localhost:8082/public/ws/Resources.ashx/xml-qa
[2019-08-27 12:11:30] ---- FROM  ::1 (WinNT)
[2019-08-27 12:11:30] 200 - OK - text/xml
[2019-08-27 12:11:30] 200 - OK - text/xml
[2019-08-27 12:11:30] REQUEST GET - https://localhost:8082/public/ws/Resources.ashx/xml-qa
[2019-08-27 12:11:30] ---- FROM  ::1 (WinNT)
[2019-08-27 12:11:30] REQUEST GET - https://localhost:8082/public/ws/Resources.ashx/xml-qa
[2019-08-27 12:11:30] ---- FROM  ::1 (WinNT)
[2019-08-27 12:11:30] REQUEST GET - https://localhost:8082/public/ws/Resources.ashx/xml-qa
[2019-08-27 12:11:30] REQUEST GET - https://localhost:8082/public/ws/Resources.ashx/xml-qa
[2019-08-27 12:11:30] ---- FROM  ::1 (WinNT)
[2019-08-27 12:11:30] ---- BROWSER:  Chrome 76.0 (Mozilla/5.0 (Windows NT 10.0; Win64; x64) AppleWebKit/537.36 (KHTML, like Gecko) Chrome/76.0.3809.100 Safari/537.36)
[2019-08-27 12:11:30] ---- BROWSER:  Chrome 76.0 (Mozilla/5.0 (Windows NT 10.0; Win64; x64) AppleWebKit/537.36 (KHTML, like Gecko) Chrome/76.0.3809.100 Safari/537.36)
[2019-08-27 12:11:30] ---- FROM  ::1 (WinNT)
[2019-08-27 12:11:30] ---- FROM  ::1 (WinNT)
[2019-08-27 12:11:30] ---- BROWSER:  Chrome 76.0 (Mozilla/5.0 (Windows NT 10.0; Win64; x64) AppleWebKit/537.36 (KHTML, like Gecko) Chrome/76.0.3809.100 Safari/537.36)
[2019-08-27 12:11:30] ---- FROM  ::1 (WinNT)
[2019-08-27 12:11:30] ---- BROWSER:  Chrome 76.0 (Mozilla/5.0 (Windows NT 10.0; Win64; x64) AppleWebKit/537.36 (KHTML, like Gecko) Chrome/76.0.3809.100 Safari/537.36)
[2019-08-27 12:11:30] ---- BROWSER:  Chrome 76.0 (Mozilla/5.0 (Windows NT 10.0; Win64; x64) AppleWebKit/537.36 (KHTML, like Gecko) Chrome/76.0.3809.100 Safari/537.36)
[2019-08-27 12:11:30] ---- BROWSER:  Chrome 76.0 (Mozilla/5.0 (Windows NT 10.0; Win64; x64) AppleWebKit/537.36 (KHTML, like Gecko) Chrome/76.0.3809.100 Safari/537.36)
[2019-08-27 12:11:30] REQUEST GET - https://localhost:8082/public/ws/Resources.ashx/xml-qa
[2019-08-27 12:11:30] ---- BROWSER:  Chrome 76.0 (Mozilla/5.0 (Windows NT 10.0; Win64; x64) AppleWebKit/537.36 (KHTML, like Gecko) Chrome/76.0.3809.100 Safari/537.36)
[2019-08-27 12:11:30] 200 - OK - text/xml
[2019-08-27 12:11:30] 200 - OK - text/xml
[2019-08-27 12:11:30] 200 - OK - text/xml
[2019-08-27 12:11:30] 200 - OK - text/xml
[2019-08-27 12:11:30] 200 - OK - text/xml
[2019-08-27 12:11:30] 200 - OK - text/xml
[2019-08-27 12:11:30] 200 - OK - text/xml
[2019-08-27 12:11:30] REQUEST GET - https://localhost:8082/public/ws/Resources.ashx/xml-qa
[2019-08-27 12:11:30] REQUEST GET - https://localhost:8082/public/ws/Resources.ashx/xml-qa
[2019-08-27 12:11:30] ---- FROM  ::1 (WinNT)
[2019-08-27 12:11:30] REQUEST GET - https://localhost:8082/public/ws/Resources.ashx/xml-qa
[2019-08-27 12:11:30] REQUEST GET - https://localhost:8082/public/ws/Resources.ashx/xml-qa
[2019-08-27 12:11:29] REQUEST GET - https://localhost:8082/public/ws/Resources.ashx/xml-qa
[2019-08-27 12:11:30] ---- FROM  ::1 (WinNT)
[2019-08-27 12:11:30] REQUEST POST - https://localhost:8082/public/ws/Economics.asmx/messaggi_summary
[2019-08-27 12:11:30] REQUEST GET - https://localhost:8082/public/ws/Resources.ashx/xml-qa
[2019-08-27 12:11:30] ---- FROM  ::1 (WinNT)
[2019-08-27 12:11:30] ---- FROM  ::1 (WinNT)
[2019-08-27 12:11:30] ---- FROM  ::1 (WinNT)
[2019-08-27 12:11:30] REQUEST GET - https://localhost:8082/public/ws/Resources.ashx/xml-qa
[2019-08-27 12:11:30] ---- BROWSER:  Chrome 76.0 (Mozilla/5.0 (Windows NT 10.0; Win64; x64) AppleWebKit/537.36 (KHTML, like Gecko) Chrome/76.0.3809.100 Safari/537.36)
[2019-08-27 12:11:30] ---- BROWSER:  Chrome 76.0 (Mozilla/5.0 (Windows NT 10.0; Win64; x64) AppleWebKit/537.36 (KHTML, like Gecko) Chrome/76.0.3809.100 Safari/537.36)
[2019-08-27 12:11:30] ---- FROM  ::1 (WinNT)
[2019-08-27 12:11:30] ---- BROWSER:  Chrome 76.0 (Mozilla/5.0 (Windows NT 10.0; Win64; x64) AppleWebKit/537.36 (KHTML, like Gecko) Chrome/76.0.3809.100 Safari/537.36)
[2019-08-27 12:11:30] ---- BROWSER:  Chrome 76.0 (Mozilla/5.0 (Windows NT 10.0; Win64; x64) AppleWebKit/537.36 (KHTML, like Gecko) Chrome/76.0.3809.100 Safari/537.36)
[2019-08-27 12:11:30] ---- FROM  ::1 (WinNT)
[2019-08-27 12:11:30] 200 - OK - text/xml
[2019-08-27 12:11:30] ---- BROWSER:  Chrome 76.0 (Mozilla/5.0 (Windows NT 10.0; Win64; x64) AppleWebKit/537.36 (KHTML, like Gecko) Chrome/76.0.3809.100 Safari/537.36)
[2019-08-27 12:11:30] 200 - OK - text/xml
[2019-08-27 12:11:30] ---- BROWSER:  Chrome 76.0 (Mozilla/5.0 (Windows NT 10.0; Win64; x64) AppleWebKit/537.36 (KHTML, like Gecko) Chrome/76.0.3809.100 Safari/537.36)
[2019-08-27 12:11:30] ---- FROM  ::1 (WinNT)
[2019-08-27 12:11:30] 200 - OK - text/xml
[2019-08-27 12:11:30] REQUEST GET - https://localhost:8082/public/ws/Resources.ashx/xml-qa
[2019-08-27 12:11:30] 200 - OK - text/xml
[2019-08-27 12:11:30] REQUEST GET - https://localhost:8082/public/ws/Resources.ashx/xml-qa
[2019-08-27 12:11:30] ---- BROWSER:  Chrome 76.0 (Mozilla/5.0 (Windows NT 10.0; Win64; x64) AppleWebKit/537.36 (KHTML, like Gecko) Chrome/76.0.3809.100 Safari/537.36)
[2019-08-27 12:11:30] REQUEST GET - https://localhost:8082/public/ws/Resources.ashx/xml-qa
[2019-08-27 12:11:30] ---- FROM  ::1 (WinNT)
[2019-08-27 12:11:30] 200 - OK - text/xml
[2019-08-27 12:11:30] ---- FROM  ::1 (WinNT)
[2019-08-27 12:11:30] REQUEST GET - https://localhost:8082/public/ws/Resources.ashx/xml-qa
[2019-08-27 12:11:30] ---- FROM  ::1 (WinNT)
[2019-08-27 12:11:30] ---- BROWSER:  Chrome 76.0 (Mozilla/5.0 (Windows NT 10.0; Win64; x64) AppleWebKit/537.36 (KHTML, like Gecko) Chrome/76.0.3809.100 Safari/537.36)
[2019-08-27 12:11:30] ---- BROWSER:  Chrome 76.0 (Mozilla/5.0 (Windows NT 10.0; Win64; x64) AppleWebKit/537.36 (KHTML, like Gecko) Chrome/76.0.3809.100 Safari/537.36)
[2019-08-27 12:11:30] REQUEST GET - https://localhost:8082/public/ws/Resources.ashx/xml-qa
[2019-08-27 12:11:30] ---- BROWSER:  Chrome 76.0 (Mozilla/5.0 (Windows NT 10.0; Win64; x64) AppleWebKit/537.36 (KHTML, like Gecko) Chrome/76.0.3809.100 Safari/537.36)
[2019-08-27 12:11:30] ---- FROM  ::1 (WinNT)
[2019-08-27 12:11:30] ---- CONTENT: {data : "<?xml version='1.0' encoding='utf-8' ?><Request ID='20190827121129649'><General><Token>61111131252223224013000011333653</Token></General><Data></Data></Request>"}
[2019-08-27 12:11:30] 200 - OK - text/xml
[2019-08-27 12:11:30] 200 - OK - text/xml
[2019-08-27 12:11:30] ---- FROM  ::1 (WinNT)
[2019-08-27 12:11:30] 200 - OK - text/xml
[2019-08-27 12:11:30] ---- BROWSER:  Chrome 76.0 (Mozilla/5.0 (Windows NT 10.0; Win64; x64) AppleWebKit/537.36 (KHTML, like Gecko) Chrome/76.0.3809.100 Safari/537.36)
[2019-08-27 12:11:30] ---- BROWSER:  Chrome 76.0 (Mozilla/5.0 (Windows NT 10.0; Win64; x64) AppleWebKit/537.36 (KHTML, like Gecko) Chrome/76.0.3809.100 Safari/537.36)
[2019-08-27 12:11:30] REQUEST GET - https://localhost:8082/public/ws/Resources.ashx/xml-qa
[2019-08-27 12:11:30] REQUEST GET - https://localhost:8082/public/ws/Resources.ashx/xml-qa
[2019-08-27 12:11:30] ---- BROWSER:  Chrome 76.0 (Mozilla/5.0 (Windows NT 10.0; Win64; x64) AppleWebKit/537.36 (KHTML, like Gecko) Chrome/76.0.3809.100 Safari/537.36)
[2019-08-27 12:11:30] REQUEST GET - https://localhost:8082/public/ws/Resources.ashx/xml-qa
[2019-08-27 12:11:30] 200 - OK - text/xml
[2019-08-27 12:11:30] ---- FROM  ::1 (WinNT)
[2019-08-27 12:11:30] 200 - OK - application/json
[2019-08-27 12:11:30] 200 - OK - text/xml
[2019-08-27 12:11:30] 200 - OK - text/xml
[2019-08-27 12:11:30] ---- FROM  ::1 (WinNT)
[2019-08-27 12:11:30] 200 - OK - text/xml
[2019-08-27 12:11:30] REQUEST POST - https://localhost:8082/public/ws/Config.asmx/All_Get
[2019-08-27 12:11:30] ---- FROM  ::1 (WinNT)
[2019-08-27 12:11:30] ---- BROWSER:  Chrome 76.0 (Mozilla/5.0 (Windows NT 10.0; Win64; x64) AppleWebKit/537.36 (KHTML, like Gecko) Chrome/76.0.3809.100 Safari/537.36)
[2019-08-27 12:11:31] ---- BROWSER:  Chrome 76.0 (Mozilla/5.0 (Windows NT 10.0; Win64; x64) AppleWebKit/537.36 (KHTML, like Gecko) Chrome/76.0.3809.100 Safari/537.36)
[2019-08-27 12:11:30] ---- FROM  ::1 (WinNT)
[2019-08-27 12:11:31] ---- FROM  ::1 (WinNT)
[2019-08-27 12:11:31] ---- BROWSER:  Chrome 76.0 (Mozilla/5.0 (Windows NT 10.0; Win64; x64) AppleWebKit/537.36 (KHTML, like Gecko) Chrome/76.0.3809.100 Safari/537.36)
[2019-08-27 12:11:29] REQUEST GET - https://localhost:8082/public/ws/Resources.ashx/xml-qa
[2019-08-27 12:11:31] 200 - OK - text/xml
[2019-08-27 12:11:31] 200 - OK - text/xml
[2019-08-27 12:11:31] REQUEST POST - https://localhost:8082/public/ws/Config.asmx/All_Get
[2019-08-27 12:11:31] ---- BROWSER:  Chrome 76.0 (Mozilla/5.0 (Windows NT 10.0; Win64; x64) AppleWebKit/537.36 (KHTML, like Gecko) Chrome/76.0.3809.100 Safari/537.36)
[2019-08-27 12:11:31] 200 - OK - text/xml
[2019-08-27 12:11:31] ---- BROWSER:  Chrome 76.0 (Mozilla/5.0 (Windows NT 10.0; Win64; x64) AppleWebKit/537.36 (KHTML, like Gecko) Chrome/76.0.3809.100 Safari/537.36)
[2019-08-27 12:11:31] ---- FROM  ::1 (WinNT)
[2019-08-27 12:11:31] ---- FROM  ::1 (WinNT)
[2019-08-27 12:11:31] ---- BROWSER:  Chrome 76.0 (Mozilla/5.0 (Windows NT 10.0; Win64; x64) AppleWebKit/537.36 (KHTML, like Gecko) Chrome/76.0.3809.100 Safari/537.36)
[2019-08-27 12:11:31] ---- CONTENT: {data : "<?xml version='1.0' encoding='utf-8' ?><Request ID='20190827121129706'><General><Token>61111131252223224013000011333653</Token></General><Data></Data></Request>"}
[2019-08-27 12:11:31] ---- BROWSER:  Chrome 76.0 (Mozilla/5.0 (Windows NT 10.0; Win64; x64) AppleWebKit/537.36 (KHTML, like Gecko) Chrome/76.0.3809.100 Safari/537.36)
[2019-08-27 12:11:31] ---- CONTENT: {data : "<?xml version='1.0' encoding='utf-8' ?><Request ID='2019082712113137'><General><Token>61111131252223224013000011333653</Token></General><Data></Data></Request>"}
[2019-08-27 12:11:31] 200 - OK - application/json
[2019-08-27 12:11:31] 200 - OK - text/xml
[2019-08-27 12:11:31] 200 - OK - text/xml
[2019-08-27 12:11:31] 200 - OK - application/json
[2019-08-27 12:33:06] REQUEST GET - https://localhost:8082/public/aspx/Home.aspx?Token=61111131252223224013000011333653&TokenApiRest=eyJ0eXAiOiJKV1QiLCJhbGciOiJIUzI1NiJ9.eyJpc3MiOiJodHRwczpcL1wvd3d3cy5kZXYteWVhcC5pdCIsImlhdCI6MTU0MjI5NDMyMSwibmJmIjoxNTQyMjk0MzIxLCJleHAiOjE1NDI4OTkxMjEsImRhdGEiOnsidXNlciI6eyJpZCI6IjQ0In19fQ.RCP5OeoGASxAyBw1MbMD4BFJAcDM5JIXqYXKBALZcJI&Logo=https://localhost:8082/scratch/pl_logo.png&Title=Business Plan Test nr. 2
[2019-08-27 12:33:06] ---- FROM  ::1 (WinNT)
[2019-08-27 12:33:06] ---- BROWSER:  Chrome 76.0 (Mozilla/5.0 (Windows NT 10.0; Win64; x64) AppleWebKit/537.36 (KHTML, like Gecko) Chrome/76.0.3809.100 Safari/537.36)
[2019-08-27 12:33:06] 302 - Found - text/html
[2019-08-27 12:33:06] REQUEST GET - https://localhost:8082/home/welcome?Token=61111131252223224013000011333653&TokenApiRest=eyJ0eXAiOiJKV1QiLCJhbGciOiJIUzI1NiJ9.eyJpc3MiOiJodHRwczpcL1wvd3d3cy5kZXYteWVhcC5pdCIsImlhdCI6MTU0MjI5NDMyMSwibmJmIjoxNTQyMjk0MzIxLCJleHAiOjE1NDI4OTkxMjEsImRhdGEiOnsidXNlciI6eyJpZCI6IjQ0In19fQ.RCP5OeoGASxAyBw1MbMD4BFJAcDM5JIXqYXKBALZcJI&Logo=https://localhost:8082/scratch/pl_logo.png&Title=Business Plan Test nr. 2
[2019-08-27 12:33:06] ---- FROM  ::1 (WinNT)
[2019-08-27 12:33:06] ---- BROWSER:  Chrome 76.0 (Mozilla/5.0 (Windows NT 10.0; Win64; x64) AppleWebKit/537.36 (KHTML, like Gecko) Chrome/76.0.3809.100 Safari/537.36)
[2019-08-27 12:33:06] 200 - OK - text/html
[2019-08-27 12:33:08] REQUEST POST - https://localhost:8082/public/ws/General.asmx/Set
[2019-08-27 12:33:08] ---- FROM  ::1 (WinNT)
[2019-08-27 12:33:08] ---- BROWSER:  Chrome 76.0 (Mozilla/5.0 (Windows NT 10.0; Win64; x64) AppleWebKit/537.36 (KHTML, like Gecko) Chrome/76.0.3809.100 Safari/537.36)
[2019-08-27 12:33:08] ---- CONTENT: {data : "<?xml version='1.0' encoding='utf-8' ?><Request ID='20190827123308583'><General><Token>61111131252223224013000011333653</Token></General><Data><Nome>Business Plan Test nr. 2</Nome><Logo>https%3A%2F%2Flocalhost%3A8082%2Fscratch%2Fpl_logo.png</Logo></Data></Request>"}
[2019-08-27 12:33:08] 200 - OK - application/json
[2019-08-27 12:33:08] REQUEST POST - https://localhost:8082/public/ws/Config.asmx/Economics_Get
[2019-08-27 12:33:08] ---- FROM  ::1 (WinNT)
[2019-08-27 12:33:08] ---- BROWSER:  Chrome 76.0 (Mozilla/5.0 (Windows NT 10.0; Win64; x64) AppleWebKit/537.36 (KHTML, like Gecko) Chrome/76.0.3809.100 Safari/537.36)
[2019-08-27 12:33:08] ---- CONTENT: {data : "<?xml version='1.0' encoding='utf-8' ?><Request ID='20190827123308763'><General><Token>61111131252223224013000011333653</Token></General><Data></Data></Request>"}
[2019-08-27 12:33:08] 200 - OK - application/json
[2019-08-27 12:34:25] REQUEST POST - https://localhost:8082/public/ws/Config.asmx/All_Get
[2019-08-27 12:34:25] ---- FROM  ::1 (WinNT)
[2019-08-27 12:34:25] ---- BROWSER:  Chrome 76.0 (Mozilla/5.0 (Windows NT 10.0; Win64; x64) AppleWebKit/537.36 (KHTML, like Gecko) Chrome/76.0.3809.100 Safari/537.36)
[2019-08-27 12:34:25] ---- CONTENT: {data : "<?xml version='1.0' encoding='utf-8' ?><Request ID='20190827123425524'><General><Token>61111131252223224013000011333653</Token></General><Data></Data></Request>"}
[2019-08-27 12:34:25] REQUEST POST - https://localhost:8082/public/ws/Economics.asmx/messaggi_summary
[2019-08-27 12:34:25] ---- FROM  ::1 (WinNT)
[2019-08-27 12:34:25] ---- BROWSER:  Chrome 76.0 (Mozilla/5.0 (Windows NT 10.0; Win64; x64) AppleWebKit/537.36 (KHTML, like Gecko) Chrome/76.0.3809.100 Safari/537.36)
[2019-08-27 12:34:25] ---- CONTENT: {data : "<?xml version='1.0' encoding='utf-8' ?><Request ID='20190827123425616'><General><Token>61111131252223224013000011333653</Token></General><Data></Data></Request>"}
[2019-08-27 12:34:25] REQUEST POST - https://localhost:8082/public/ws/Config.asmx/All_Get
[2019-08-27 12:34:25] 200 - OK - application/json
[2019-08-27 12:34:26] ---- FROM  ::1 (WinNT)
[2019-08-27 12:34:26] ---- BROWSER:  Chrome 76.0 (Mozilla/5.0 (Windows NT 10.0; Win64; x64) AppleWebKit/537.36 (KHTML, like Gecko) Chrome/76.0.3809.100 Safari/537.36)
[2019-08-27 12:34:26] ---- CONTENT: {data : "<?xml version='1.0' encoding='utf-8' ?><Request ID='20190827123425899'><General><Token>61111131252223224013000011333653</Token></General><Data></Data></Request>"}
[2019-08-27 12:34:26] 200 - OK - application/json
[2019-08-27 12:34:26] 200 - OK - application/json
[2019-08-27 12:34:26] REQUEST POST - https://localhost:8082/public/ws/Config.asmx/All_Get
[2019-08-27 12:34:26] ---- FROM  ::1 (WinNT)
[2019-08-27 12:34:26] ---- BROWSER:  Chrome 76.0 (Mozilla/5.0 (Windows NT 10.0; Win64; x64) AppleWebKit/537.36 (KHTML, like Gecko) Chrome/76.0.3809.100 Safari/537.36)
[2019-08-27 12:34:26] ---- CONTENT: {data : "<?xml version='1.0' encoding='utf-8' ?><Request ID='20190827123426101'><General><Token>61111131252223224013000011333653</Token></General><Data></Data></Request>"}
[2019-08-27 12:34:26] 200 - OK - application/json
[2019-08-27 12:35:23] REQUEST GET - https://localhost:8082/settings/settings
[2019-08-27 12:35:23] ---- FROM  ::1 (WinNT)
[2019-08-27 12:35:23] ---- BROWSER:  Chrome 76.0 (Mozilla/5.0 (Windows NT 10.0; Win64; x64) AppleWebKit/537.36 (KHTML, like Gecko) Chrome/76.0.3809.100 Safari/537.36)
[2019-08-27 12:35:23] 200 - OK - text/html
[2019-08-27 12:35:25] REQUEST POST - https://localhost:8082/public/ws/Config.asmx/General_Get
[2019-08-27 12:35:25] ---- FROM  ::1 (WinNT)
[2019-08-27 12:35:25] ---- BROWSER:  Chrome 76.0 (Mozilla/5.0 (Windows NT 10.0; Win64; x64) AppleWebKit/537.36 (KHTML, like Gecko) Chrome/76.0.3809.100 Safari/537.36)
[2019-08-27 12:35:25] ---- CONTENT: {data : "<?xml version='1.0' encoding='utf-8' ?><Request ID='20190827123525737'><General><Token>61111131252223224013000011333653</Token></General><Data></Data></Request>"}
[2019-08-27 12:35:25] 200 - OK - application/json
[2019-08-27 12:50:06] REQUEST GET - https://localhost:8082/public/aspx/Home.aspx?Token=61111131252223224013000011333653&TokenApiRest=eyJ0eXAiOiJKV1QiLCJhbGciOiJIUzI1NiJ9.eyJpc3MiOiJodHRwczpcL1wvd3d3cy5kZXYteWVhcC5pdCIsImlhdCI6MTU0MjI5NDMyMSwibmJmIjoxNTQyMjk0MzIxLCJleHAiOjE1NDI4OTkxMjEsImRhdGEiOnsidXNlciI6eyJpZCI6IjQ0In19fQ.RCP5OeoGASxAyBw1MbMD4BFJAcDM5JIXqYXKBALZcJI&Logo=https://localhost:8082/scratch/pl_logo.png&Title=Business Plan Test nr. 2
[2019-08-27 12:50:06] ---- FROM  ::1 (WinNT)
[2019-08-27 12:50:06] ---- BROWSER:  Chrome 76.0 (Mozilla/5.0 (Windows NT 10.0; Win64; x64) AppleWebKit/537.36 (KHTML, like Gecko) Chrome/76.0.3809.100 Safari/537.36)
[2019-08-27 12:50:06] 302 - Found - text/html
[2019-08-27 12:50:06] REQUEST GET - https://localhost:8082/home/welcome?Token=61111131252223224013000011333653&TokenApiRest=eyJ0eXAiOiJKV1QiLCJhbGciOiJIUzI1NiJ9.eyJpc3MiOiJodHRwczpcL1wvd3d3cy5kZXYteWVhcC5pdCIsImlhdCI6MTU0MjI5NDMyMSwibmJmIjoxNTQyMjk0MzIxLCJleHAiOjE1NDI4OTkxMjEsImRhdGEiOnsidXNlciI6eyJpZCI6IjQ0In19fQ.RCP5OeoGASxAyBw1MbMD4BFJAcDM5JIXqYXKBALZcJI&Logo=https://localhost:8082/scratch/pl_logo.png&Title=Business Plan Test nr. 2
[2019-08-27 12:50:06] ---- FROM  ::1 (WinNT)
[2019-08-27 12:50:06] ---- BROWSER:  Chrome 76.0 (Mozilla/5.0 (Windows NT 10.0; Win64; x64) AppleWebKit/537.36 (KHTML, like Gecko) Chrome/76.0.3809.100 Safari/537.36)
[2019-08-27 12:50:06] 200 - OK - text/html
[2019-08-27 12:50:08] REQUEST POST - https://localhost:8082/public/ws/General.asmx/Set
[2019-08-27 12:50:08] ---- FROM  ::1 (WinNT)
[2019-08-27 12:50:08] ---- BROWSER:  Chrome 76.0 (Mozilla/5.0 (Windows NT 10.0; Win64; x64) AppleWebKit/537.36 (KHTML, like Gecko) Chrome/76.0.3809.100 Safari/537.36)
[2019-08-27 12:50:08] ---- CONTENT: {data : "<?xml version='1.0' encoding='utf-8' ?><Request ID='20190827125008792'><General><Token>61111131252223224013000011333653</Token></General><Data><Nome>Business Plan Test nr. 2</Nome><Logo>https%3A%2F%2Flocalhost%3A8082%2Fscratch%2Fpl_logo.png</Logo></Data></Request>"}
[2019-08-27 12:50:08] 200 - OK - application/json
[2019-08-27 12:50:08] REQUEST POST - https://localhost:8082/public/ws/Config.asmx/Economics_Get
[2019-08-27 12:50:08] ---- FROM  ::1 (WinNT)
[2019-08-27 12:50:08] ---- BROWSER:  Chrome 76.0 (Mozilla/5.0 (Windows NT 10.0; Win64; x64) AppleWebKit/537.36 (KHTML, like Gecko) Chrome/76.0.3809.100 Safari/537.36)
[2019-08-27 12:50:08] ---- CONTENT: {data : "<?xml version='1.0' encoding='utf-8' ?><Request ID='20190827125008927'><General><Token>61111131252223224013000011333653</Token></General><Data></Data></Request>"}
