[2019-09-03 16:51:11] REQUEST GET - https://localhost:8082/public/aspx/Home.aspx?Token=61111131252223224013000011333653&TokenApiRest=eyJ0eXAiOiJKV1QiLCJhbGciOiJIUzI1NiJ9.eyJpc3MiOiJodHRwczpcL1wvd3d3cy5kZXYteWVhcC5pdCIsImlhdCI6MTU0MjI5NDMyMSwibmJmIjoxNTQyMjk0MzIxLCJleHAiOjE1NDI4OTkxMjEsImRhdGEiOnsidXNlciI6eyJpZCI6IjQ0In19fQ.RCP5OeoGASxAyBw1MbMD4BFJAcDM5JIXqYXKBALZcJI&Logo=https://localhost:8082/scratch/pl_logo.png&Title=Business Plan Test nr. 2
[2019-09-03 16:51:11] ---- FROM  ::1 (WinNT)
[2019-09-03 16:51:11] ---- BROWSER:  Chrome 76.0 (Mozilla/5.0 (Windows NT 10.0; Win64; x64) AppleWebKit/537.36 (KHTML, like Gecko) Chrome/76.0.3809.132 Safari/537.36)
[2019-09-03 16:51:11] 302 - Found - text/html
[2019-09-03 16:51:11] REQUEST GET - https://localhost:8082/home/welcome?Token=61111131252223224013000011333653&TokenApiRest=eyJ0eXAiOiJKV1QiLCJhbGciOiJIUzI1NiJ9.eyJpc3MiOiJodHRwczpcL1wvd3d3cy5kZXYteWVhcC5pdCIsImlhdCI6MTU0MjI5NDMyMSwibmJmIjoxNTQyMjk0MzIxLCJleHAiOjE1NDI4OTkxMjEsImRhdGEiOnsidXNlciI6eyJpZCI6IjQ0In19fQ.RCP5OeoGASxAyBw1MbMD4BFJAcDM5JIXqYXKBALZcJI&Logo=https://localhost:8082/scratch/pl_logo.png&Title=Business Plan Test nr. 2
[2019-09-03 16:51:11] ---- FROM  ::1 (WinNT)
[2019-09-03 16:51:11] ---- BROWSER:  Chrome 76.0 (Mozilla/5.0 (Windows NT 10.0; Win64; x64) AppleWebKit/537.36 (KHTML, like Gecko) Chrome/76.0.3809.132 Safari/537.36)
[2019-09-03 16:51:12] 200 - OK - text/html
[2019-09-03 16:51:12] REQUEST POST - https://localhost:8082/public/ws/General.asmx/Set
[2019-09-03 16:51:12] ---- FROM  ::1 (WinNT)
[2019-09-03 16:51:12] ---- BROWSER:  Chrome 76.0 (Mozilla/5.0 (Windows NT 10.0; Win64; x64) AppleWebKit/537.36 (KHTML, like Gecko) Chrome/76.0.3809.132 Safari/537.36)
[2019-09-03 16:51:12] ---- CONTENT: {data : "<?xml version='1.0' encoding='utf-8' ?><Request ID='20190903165112511'><General><Token>61111131252223224013000011333653</Token></General><Data><Nome>Business Plan Test nr. 2</Nome><Logo>https%3A%2F%2Flocalhost%3A8082%2Fscratch%2Fpl_logo.png</Logo></Data></Request>"}
[2019-09-03 16:51:12] 200 - OK - application/json
[2019-09-03 16:51:12] REQUEST POST - https://localhost:8082/public/ws/Config.asmx/Economics_Get
[2019-09-03 16:51:12] ---- FROM  ::1 (WinNT)
[2019-09-03 16:51:12] ---- BROWSER:  Chrome 76.0 (Mozilla/5.0 (Windows NT 10.0; Win64; x64) AppleWebKit/537.36 (KHTML, like Gecko) Chrome/76.0.3809.132 Safari/537.36)
[2019-09-03 16:51:12] ---- CONTENT: {data : "<?xml version='1.0' encoding='utf-8' ?><Request ID='20190903165112796'><General><Token>61111131252223224013000011333653</Token></General><Data></Data></Request>"}
[2019-09-03 16:51:12] 200 - OK - application/json
[2019-09-03 16:51:12] REQUEST POST - https://localhost:8082/public/ws/Config.asmx/All_Get
[2019-09-03 16:51:12] ---- FROM  ::1 (WinNT)
[2019-09-03 16:51:12] ---- BROWSER:  Chrome 76.0 (Mozilla/5.0 (Windows NT 10.0; Win64; x64) AppleWebKit/537.36 (KHTML, like Gecko) Chrome/76.0.3809.132 Safari/537.36)
[2019-09-03 16:51:12] ---- CONTENT: {data : "<?xml version='1.0' encoding='utf-8' ?><Request ID='20190903165112905'><General><Token>61111131252223224013000011333653</Token></General><Data></Data></Request>"}
[2019-09-03 16:51:12] REQUEST POST - https://localhost:8082/public/ws/Economics.asmx/messaggi_summary
[2019-09-03 16:51:12] ---- FROM  ::1 (WinNT)
[2019-09-03 16:51:12] ---- BROWSER:  Chrome 76.0 (Mozilla/5.0 (Windows NT 10.0; Win64; x64) AppleWebKit/537.36 (KHTML, like Gecko) Chrome/76.0.3809.132 Safari/537.36)
[2019-09-03 16:51:12] ---- CONTENT: {data : "<?xml version='1.0' encoding='utf-8' ?><Request ID='20190903165112982'><General><Token>61111131252223224013000011333653</Token></General><Data></Data></Request>"}
[2019-09-03 16:51:13] 200 - OK - application/json
[2019-09-03 16:51:13] 200 - OK - application/json
[2019-09-03 16:51:13] REQUEST POST - https://localhost:8082/public/ws/Config.asmx/All_Get
[2019-09-03 16:51:13] ---- FROM  ::1 (WinNT)
[2019-09-03 16:51:13] ---- BROWSER:  Chrome 76.0 (Mozilla/5.0 (Windows NT 10.0; Win64; x64) AppleWebKit/537.36 (KHTML, like Gecko) Chrome/76.0.3809.132 Safari/537.36)
[2019-09-03 16:51:13] ---- CONTENT: {data : "<?xml version='1.0' encoding='utf-8' ?><Request ID='2019090316511394'><General><Token>61111131252223224013000011333653</Token></General><Data></Data></Request>"}
[2019-09-03 16:51:13] 200 - OK - application/json
[2019-09-03 16:51:13] REQUEST POST - https://localhost:8082/public/ws/Config.asmx/All_Get
[2019-09-03 16:51:13] ---- FROM  ::1 (WinNT)
[2019-09-03 16:51:13] ---- BROWSER:  Chrome 76.0 (Mozilla/5.0 (Windows NT 10.0; Win64; x64) AppleWebKit/537.36 (KHTML, like Gecko) Chrome/76.0.3809.132 Safari/537.36)
[2019-09-03 16:51:13] ---- CONTENT: {data : "<?xml version='1.0' encoding='utf-8' ?><Request ID='20190903165113166'><General><Token>61111131252223224013000011333653</Token></General><Data></Data></Request>"}
[2019-09-03 16:51:13] 200 - OK - application/json
