[2019-07-29 09:11:17] REQUEST GET - https://localhost:8082/public/aspx/Home.aspx?Token=61111131252223224013000011333653&TokenApiRest=eyJ0eXAiOiJKV1QiLCJhbGciOiJIUzI1NiJ9.eyJpc3MiOiJodHRwczpcL1wvd3d3cy5kZXYteWVhcC5pdCIsImlhdCI6MTU0MjI5NDMyMSwibmJmIjoxNTQyMjk0MzIxLCJleHAiOjE1NDI4OTkxMjEsImRhdGEiOnsidXNlciI6eyJpZCI6IjQ0In19fQ.RCP5OeoGASxAyBw1MbMD4BFJAcDM5JIXqYXKBALZcJI&Logo=https://localhost:8082/scratch/pl_logo.png&Title=Business Plan Test nr. 2
[2019-07-29 09:11:17] ---- FROM  ::1 (WinNT)
[2019-07-29 09:11:17] ---- BROWSER:  Chrome 75.0 (Mozilla/5.0 (Windows NT 10.0; Win64; x64) AppleWebKit/537.36 (KHTML, like Gecko) Chrome/75.0.3770.142 Safari/537.36)
[2019-07-29 09:11:27] 302 - Found - text/html
[2019-07-29 09:11:27] REQUEST GET - https://localhost:8082/home/welcome?Token=61111131252223224013000011333653&TokenApiRest=eyJ0eXAiOiJKV1QiLCJhbGciOiJIUzI1NiJ9.eyJpc3MiOiJodHRwczpcL1wvd3d3cy5kZXYteWVhcC5pdCIsImlhdCI6MTU0MjI5NDMyMSwibmJmIjoxNTQyMjk0MzIxLCJleHAiOjE1NDI4OTkxMjEsImRhdGEiOnsidXNlciI6eyJpZCI6IjQ0In19fQ.RCP5OeoGASxAyBw1MbMD4BFJAcDM5JIXqYXKBALZcJI&Logo=https://localhost:8082/scratch/pl_logo.png&Title=Business Plan Test nr. 2
[2019-07-29 09:11:27] ---- FROM  ::1 (WinNT)
[2019-07-29 09:11:27] ---- BROWSER:  Chrome 75.0 (Mozilla/5.0 (Windows NT 10.0; Win64; x64) AppleWebKit/537.36 (KHTML, like Gecko) Chrome/75.0.3770.142 Safari/537.36)
[2019-07-29 09:11:27] 200 - OK - text/html
[2019-07-29 09:12:04] REQUEST POST - https://localhost:8082/public/ws/General.asmx/Set
[2019-07-29 09:12:04] ---- FROM  ::1 (WinNT)
[2019-07-29 09:12:04] ---- BROWSER:  Chrome 75.0 (Mozilla/5.0 (Windows NT 10.0; Win64; x64) AppleWebKit/537.36 (KHTML, like Gecko) Chrome/75.0.3770.142 Safari/537.36)
[2019-07-29 09:12:04] ---- CONTENT: {data : "<?xml version='1.0' encoding='utf-8' ?><Request ID='20190729091204867'><General><Token>61111131252223224013000011333653</Token></General><Data><Nome>Business Plan Test nr. 2</Nome><Logo>https%3A%2F%2Flocalhost%3A8082%2Fscratch%2Fpl_logo.png</Logo></Data></Request>"}
[2019-07-29 09:12:05] 200 - OK - application/json
[2019-07-29 09:12:05] REQUEST POST - https://localhost:8082/public/ws/Config.asmx/Economics_Get
[2019-07-29 09:12:05] ---- FROM  ::1 (WinNT)
[2019-07-29 09:12:05] ---- BROWSER:  Chrome 75.0 (Mozilla/5.0 (Windows NT 10.0; Win64; x64) AppleWebKit/537.36 (KHTML, like Gecko) Chrome/75.0.3770.142 Safari/537.36)
[2019-07-29 09:12:05] ---- CONTENT: {data : "<?xml version='1.0' encoding='utf-8' ?><Request ID='20190729091205352'><General><Token>61111131252223224013000011333653</Token></General><Data></Data></Request>"}
[2019-07-29 09:12:05] 200 - OK - application/json
[2019-07-29 09:12:05] REQUEST POST - https://localhost:8082/public/ws/Config.asmx/All_Get
[2019-07-29 09:12:05] ---- FROM  ::1 (WinNT)
[2019-07-29 09:12:05] ---- BROWSER:  Chrome 75.0 (Mozilla/5.0 (Windows NT 10.0; Win64; x64) AppleWebKit/537.36 (KHTML, like Gecko) Chrome/75.0.3770.142 Safari/537.36)
[2019-07-29 09:12:05] ---- CONTENT: {data : "<?xml version='1.0' encoding='utf-8' ?><Request ID='20190729091205710'><General><Token>61111131252223224013000011333653</Token></General><Data></Data></Request>"}
[2019-07-29 09:12:05] REQUEST POST - https://localhost:8082/public/ws/Economics.asmx/messaggi_summary
[2019-07-29 09:12:05] ---- FROM  ::1 (WinNT)
[2019-07-29 09:12:05] ---- BROWSER:  Chrome 75.0 (Mozilla/5.0 (Windows NT 10.0; Win64; x64) AppleWebKit/537.36 (KHTML, like Gecko) Chrome/75.0.3770.142 Safari/537.36)
[2019-07-29 09:12:05] ---- CONTENT: {data : "<?xml version='1.0' encoding='utf-8' ?><Request ID='20190729091205840'><General><Token>61111131252223224013000011333653</Token></General><Data></Data></Request>"}
[2019-07-29 09:12:06] 200 - OK - application/json
[2019-07-29 09:12:06] 200 - OK - application/json
[2019-07-29 09:12:06] REQUEST POST - https://localhost:8082/public/ws/Config.asmx/All_Get
[2019-07-29 09:12:06] ---- FROM  ::1 (WinNT)
[2019-07-29 09:12:06] ---- BROWSER:  Chrome 75.0 (Mozilla/5.0 (Windows NT 10.0; Win64; x64) AppleWebKit/537.36 (KHTML, like Gecko) Chrome/75.0.3770.142 Safari/537.36)
[2019-07-29 09:12:06] ---- CONTENT: {data : "<?xml version='1.0' encoding='utf-8' ?><Request ID='2019072909120697'><General><Token>61111131252223224013000011333653</Token></General><Data></Data></Request>"}
[2019-07-29 09:12:06] REQUEST POST - https://localhost:8082/public/ws/Config.asmx/All_Get
[2019-07-29 09:12:06] ---- FROM  ::1 (WinNT)
[2019-07-29 09:12:06] ---- BROWSER:  Chrome 75.0 (Mozilla/5.0 (Windows NT 10.0; Win64; x64) AppleWebKit/537.36 (KHTML, like Gecko) Chrome/75.0.3770.142 Safari/537.36)
[2019-07-29 09:12:06] ---- CONTENT: {data : "<?xml version='1.0' encoding='utf-8' ?><Request ID='20190729091206164'><General><Token>61111131252223224013000011333653</Token></General><Data></Data></Request>"}
[2019-07-29 09:12:06] 200 - OK - application/json
[2019-07-29 09:12:06] 200 - OK - application/json
[2019-07-29 09:12:28] REQUEST GET - https://localhost:8082/economics/anno-precedente-conferma
[2019-07-29 09:12:28] ---- FROM  ::1 (WinNT)
[2019-07-29 09:12:28] ---- BROWSER:  Chrome 75.0 (Mozilla/5.0 (Windows NT 10.0; Win64; x64) AppleWebKit/537.36 (KHTML, like Gecko) Chrome/75.0.3770.142 Safari/537.36)
[2019-07-29 09:12:28] 200 - OK - text/html
[2019-07-29 09:12:36] REQUEST POST - https://localhost:8082/public/ws/AnnoPrec.asmx/Valutazione
[2019-07-29 09:12:36] ---- FROM  ::1 (WinNT)
[2019-07-29 09:12:36] ---- BROWSER:  Chrome 75.0 (Mozilla/5.0 (Windows NT 10.0; Win64; x64) AppleWebKit/537.36 (KHTML, like Gecko) Chrome/75.0.3770.142 Safari/537.36)
[2019-07-29 09:12:36] ---- CONTENT: {data : "<?xml version='1.0' encoding='utf-8' ?><Request ID='20190729091236317'><General><Token>61111131252223224013000011333653</Token></General><Data></Data></Request>"}
[2019-07-29 09:12:36] 200 - OK - application/json
[2019-07-29 09:12:37] REQUEST POST - https://localhost:8082/public/ws/Config.asmx/All_Get
[2019-07-29 09:12:37] ---- FROM  ::1 (WinNT)
[2019-07-29 09:12:37] ---- BROWSER:  Chrome 75.0 (Mozilla/5.0 (Windows NT 10.0; Win64; x64) AppleWebKit/537.36 (KHTML, like Gecko) Chrome/75.0.3770.142 Safari/537.36)
[2019-07-29 09:12:37] ---- CONTENT: {data : "<?xml version='1.0' encoding='utf-8' ?><Request ID='20190729091236709'><General><Token>61111131252223224013000011333653</Token></General><Data></Data></Request>"}
[2019-07-29 09:12:37] 200 - OK - application/json
[2019-07-29 09:12:37] REQUEST POST - https://localhost:8082/public/ws/Economics.asmx/messaggi_summary
[2019-07-29 09:12:37] ---- FROM  ::1 (WinNT)
[2019-07-29 09:12:37] ---- BROWSER:  Chrome 75.0 (Mozilla/5.0 (Windows NT 10.0; Win64; x64) AppleWebKit/537.36 (KHTML, like Gecko) Chrome/75.0.3770.142 Safari/537.36)
[2019-07-29 09:12:37] ---- CONTENT: {data : "<?xml version='1.0' encoding='utf-8' ?><Request ID='20190729091236891'><General><Token>61111131252223224013000011333653</Token></General><Data></Data></Request>"}
[2019-07-29 09:12:37] 200 - OK - application/json
[2019-07-29 09:12:37] REQUEST GET - https://localhost:8082/public/ws/Resources.ashx/xml-economics/61111131252223224013000011333653
[2019-07-29 09:12:37] ---- FROM  ::1 (WinNT)
[2019-07-29 09:12:37] ---- BROWSER:  Chrome 75.0 (Mozilla/5.0 (Windows NT 10.0; Win64; x64) AppleWebKit/537.36 (KHTML, like Gecko) Chrome/75.0.3770.142 Safari/537.36)
[2019-07-29 09:12:37] 200 - OK - text/xml
[2019-07-29 09:12:37] REQUEST POST - https://localhost:8082/public/ws/Config.asmx/All_Get
[2019-07-29 09:12:37] ---- FROM  ::1 (WinNT)
[2019-07-29 09:12:37] ---- BROWSER:  Chrome 75.0 (Mozilla/5.0 (Windows NT 10.0; Win64; x64) AppleWebKit/537.36 (KHTML, like Gecko) Chrome/75.0.3770.142 Safari/537.36)
[2019-07-29 09:12:37] ---- CONTENT: {data : "<?xml version='1.0' encoding='utf-8' ?><Request ID='2019072909123716'><General><Token>61111131252223224013000011333653</Token></General><Data></Data></Request>"}
[2019-07-29 09:12:37] 200 - OK - application/json
[2019-07-29 09:12:37] REQUEST POST - https://localhost:8082/public/ws/Config.asmx/All_Get
[2019-07-29 09:12:37] ---- FROM  ::1 (WinNT)
[2019-07-29 09:12:37] ---- BROWSER:  Chrome 75.0 (Mozilla/5.0 (Windows NT 10.0; Win64; x64) AppleWebKit/537.36 (KHTML, like Gecko) Chrome/75.0.3770.142 Safari/537.36)
[2019-07-29 09:12:37] ---- CONTENT: {data : "<?xml version='1.0' encoding='utf-8' ?><Request ID='20190729091237389'><General><Token>61111131252223224013000011333653</Token></General><Data></Data></Request>"}
[2019-07-29 09:12:37] 200 - OK - application/json
[2019-07-29 09:13:09] REQUEST GET - https://localhost:8082/economics/anno-precedente-prospetto
[2019-07-29 09:13:09] ---- FROM  ::1 (WinNT)
[2019-07-29 09:13:09] ---- BROWSER:  Chrome 75.0 (Mozilla/5.0 (Windows NT 10.0; Win64; x64) AppleWebKit/537.36 (KHTML, like Gecko) Chrome/75.0.3770.142 Safari/537.36)
[2019-07-29 09:13:09] 200 - OK - text/html
[2019-07-29 09:13:13] REQUEST POST - https://localhost:8082/public/ws/AnnoPrec.asmx/Get
[2019-07-29 09:13:13] ---- FROM  ::1 (WinNT)
[2019-07-29 09:13:13] ---- BROWSER:  Chrome 75.0 (Mozilla/5.0 (Windows NT 10.0; Win64; x64) AppleWebKit/537.36 (KHTML, like Gecko) Chrome/75.0.3770.142 Safari/537.36)
[2019-07-29 09:13:13] ---- CONTENT: {data : "<?xml version='1.0' encoding='utf-8' ?><Request ID='20190729091313862'><General><Token>61111131252223224013000011333653</Token></General><Data></Data></Request>"}
[2019-07-29 09:13:14] 200 - OK - application/json
[2019-07-29 09:13:14] REQUEST POST - https://localhost:8082/public/ws/Config.asmx/All_Get
[2019-07-29 09:13:14] ---- FROM  ::1 (WinNT)
[2019-07-29 09:13:14] ---- BROWSER:  Chrome 75.0 (Mozilla/5.0 (Windows NT 10.0; Win64; x64) AppleWebKit/537.36 (KHTML, like Gecko) Chrome/75.0.3770.142 Safari/537.36)
[2019-07-29 09:13:14] ---- CONTENT: {data : "<?xml version='1.0' encoding='utf-8' ?><Request ID='20190729091314142'><General><Token>61111131252223224013000011333653</Token></General><Data></Data></Request>"}
[2019-07-29 09:13:14] REQUEST POST - https://localhost:8082/public/ws/Economics.asmx/messaggi_summary
[2019-07-29 09:13:14] ---- FROM  ::1 (WinNT)
[2019-07-29 09:13:14] ---- BROWSER:  Chrome 75.0 (Mozilla/5.0 (Windows NT 10.0; Win64; x64) AppleWebKit/537.36 (KHTML, like Gecko) Chrome/75.0.3770.142 Safari/537.36)
[2019-07-29 09:13:14] ---- CONTENT: {data : "<?xml version='1.0' encoding='utf-8' ?><Request ID='20190729091314195'><General><Token>61111131252223224013000011333653</Token></General><Data></Data></Request>"}
[2019-07-29 09:13:14] 200 - OK - application/json
[2019-07-29 09:13:14] REQUEST GET - https://localhost:8082/public/ws/Resources.ashx/xml-economics/61111131252223224013000011333653
[2019-07-29 09:13:14] ---- FROM  ::1 (WinNT)
[2019-07-29 09:13:14] ---- BROWSER:  Chrome 75.0 (Mozilla/5.0 (Windows NT 10.0; Win64; x64) AppleWebKit/537.36 (KHTML, like Gecko) Chrome/75.0.3770.142 Safari/537.36)
[2019-07-29 09:13:14] 200 - OK - application/json
[2019-07-29 09:13:14] 200 - OK - text/xml
[2019-07-29 09:13:14] REQUEST POST - https://localhost:8082/public/ws/Config.asmx/All_Get
[2019-07-29 09:13:14] ---- FROM  ::1 (WinNT)
[2019-07-29 09:13:14] ---- BROWSER:  Chrome 75.0 (Mozilla/5.0 (Windows NT 10.0; Win64; x64) AppleWebKit/537.36 (KHTML, like Gecko) Chrome/75.0.3770.142 Safari/537.36)
[2019-07-29 09:13:14] ---- CONTENT: {data : "<?xml version='1.0' encoding='utf-8' ?><Request ID='20190729091314477'><General><Token>61111131252223224013000011333653</Token></General><Data></Data></Request>"}
[2019-07-29 09:13:14] 200 - OK - application/json
[2019-07-29 09:13:15] REQUEST POST - https://localhost:8082/public/ws/Config.asmx/All_Get
[2019-07-29 09:13:15] ---- FROM  ::1 (WinNT)
[2019-07-29 09:13:15] ---- BROWSER:  Chrome 75.0 (Mozilla/5.0 (Windows NT 10.0; Win64; x64) AppleWebKit/537.36 (KHTML, like Gecko) Chrome/75.0.3770.142 Safari/537.36)
[2019-07-29 09:13:15] ---- CONTENT: {data : "<?xml version='1.0' encoding='utf-8' ?><Request ID='20190729091315383'><General><Token>61111131252223224013000011333653</Token></General><Data></Data></Request>"}
[2019-07-29 09:13:15] 200 - OK - application/json
[2019-07-29 09:13:38] REQUEST GET - https://localhost:8082/economics/anno-precedente-conferma
[2019-07-29 09:13:38] ---- FROM  ::1 (WinNT)
[2019-07-29 09:13:38] ---- BROWSER:  Chrome 75.0 (Mozilla/5.0 (Windows NT 10.0; Win64; x64) AppleWebKit/537.36 (KHTML, like Gecko) Chrome/75.0.3770.142 Safari/537.36)
[2019-07-29 09:13:38] 200 - OK - text/html
[2019-07-29 09:13:47] REQUEST POST - https://localhost:8082/public/ws/AnnoPrec.asmx/Valutazione
[2019-07-29 09:13:47] ---- FROM  ::1 (WinNT)
[2019-07-29 09:13:47] ---- BROWSER:  Chrome 75.0 (Mozilla/5.0 (Windows NT 10.0; Win64; x64) AppleWebKit/537.36 (KHTML, like Gecko) Chrome/75.0.3770.142 Safari/537.36)
[2019-07-29 09:13:47] ---- CONTENT: {data : "<?xml version='1.0' encoding='utf-8' ?><Request ID='20190729091347568'><General><Token>61111131252223224013000011333653</Token></General><Data></Data></Request>"}
[2019-07-29 09:13:47] 200 - OK - application/json
[2019-07-29 09:13:47] REQUEST POST - https://localhost:8082/public/ws/Config.asmx/All_Get
[2019-07-29 09:13:47] ---- FROM  ::1 (WinNT)
[2019-07-29 09:13:47] ---- BROWSER:  Chrome 75.0 (Mozilla/5.0 (Windows NT 10.0; Win64; x64) AppleWebKit/537.36 (KHTML, like Gecko) Chrome/75.0.3770.142 Safari/537.36)
[2019-07-29 09:13:47] ---- CONTENT: {data : "<?xml version='1.0' encoding='utf-8' ?><Request ID='20190729091347822'><General><Token>61111131252223224013000011333653</Token></General><Data></Data></Request>"}
[2019-07-29 09:13:47] 200 - OK - application/json
[2019-07-29 09:13:51] REQUEST POST - https://localhost:8082/public/ws/Economics.asmx/messaggi_summary
[2019-07-29 09:13:51] ---- FROM  ::1 (WinNT)
[2019-07-29 09:13:51] ---- BROWSER:  Chrome 75.0 (Mozilla/5.0 (Windows NT 10.0; Win64; x64) AppleWebKit/537.36 (KHTML, like Gecko) Chrome/75.0.3770.142 Safari/537.36)
[2019-07-29 09:13:51] ---- CONTENT: {data : "<?xml version='1.0' encoding='utf-8' ?><Request ID='20190729091351138'><General><Token>61111131252223224013000011333653</Token></General><Data></Data></Request>"}
[2019-07-29 09:13:51] 200 - OK - application/json
[2019-07-29 09:13:51] REQUEST POST - https://localhost:8082/public/ws/Config.asmx/All_Get
[2019-07-29 09:13:51] ---- FROM  ::1 (WinNT)
[2019-07-29 09:13:51] ---- BROWSER:  Chrome 75.0 (Mozilla/5.0 (Windows NT 10.0; Win64; x64) AppleWebKit/537.36 (KHTML, like Gecko) Chrome/75.0.3770.142 Safari/537.36)
[2019-07-29 09:13:51] ---- CONTENT: {data : "<?xml version='1.0' encoding='utf-8' ?><Request ID='20190729091351214'><General><Token>61111131252223224013000011333653</Token></General><Data></Data></Request>"}
[2019-07-29 09:13:51] REQUEST GET - https://localhost:8082/public/ws/Resources.ashx/xml-economics/61111131252223224013000011333653
[2019-07-29 09:13:51] ---- FROM  ::1 (WinNT)
[2019-07-29 09:13:51] ---- BROWSER:  Chrome 75.0 (Mozilla/5.0 (Windows NT 10.0; Win64; x64) AppleWebKit/537.36 (KHTML, like Gecko) Chrome/75.0.3770.142 Safari/537.36)
[2019-07-29 09:13:51] 200 - OK - application/json
[2019-07-29 09:13:51] 200 - OK - text/xml
[2019-07-29 09:13:51] REQUEST POST - https://localhost:8082/public/ws/Config.asmx/All_Get
[2019-07-29 09:13:51] ---- FROM  ::1 (WinNT)
[2019-07-29 09:13:51] ---- BROWSER:  Chrome 75.0 (Mozilla/5.0 (Windows NT 10.0; Win64; x64) AppleWebKit/537.36 (KHTML, like Gecko) Chrome/75.0.3770.142 Safari/537.36)
[2019-07-29 09:13:51] ---- CONTENT: {data : "<?xml version='1.0' encoding='utf-8' ?><Request ID='20190729091351650'><General><Token>61111131252223224013000011333653</Token></General><Data></Data></Request>"}
[2019-07-29 09:13:51] 200 - OK - application/json
[2019-07-29 09:17:31] REQUEST GET - https://localhost:8082/public/aspx/Home.aspx?Token=61111131252223224013000011333653&TokenApiRest=eyJ0eXAiOiJKV1QiLCJhbGciOiJIUzI1NiJ9.eyJpc3MiOiJodHRwczpcL1wvd3d3cy5kZXYteWVhcC5pdCIsImlhdCI6MTU0MjI5NDMyMSwibmJmIjoxNTQyMjk0MzIxLCJleHAiOjE1NDI4OTkxMjEsImRhdGEiOnsidXNlciI6eyJpZCI6IjQ0In19fQ.RCP5OeoGASxAyBw1MbMD4BFJAcDM5JIXqYXKBALZcJI&Logo=https://localhost:8082/scratch/pl_logo.png&Title=Business Plan Test nr. 2
[2019-07-29 09:17:31] ---- FROM  ::1 (WinNT)
[2019-07-29 09:17:31] ---- BROWSER:  Chrome 75.0 (Mozilla/5.0 (Windows NT 10.0; Win64; x64) AppleWebKit/537.36 (KHTML, like Gecko) Chrome/75.0.3770.142 Safari/537.36)
[2019-07-29 09:17:31] 302 - Found - text/html
[2019-07-29 09:17:31] REQUEST GET - https://localhost:8082/home/welcome?Token=61111131252223224013000011333653&TokenApiRest=eyJ0eXAiOiJKV1QiLCJhbGciOiJIUzI1NiJ9.eyJpc3MiOiJodHRwczpcL1wvd3d3cy5kZXYteWVhcC5pdCIsImlhdCI6MTU0MjI5NDMyMSwibmJmIjoxNTQyMjk0MzIxLCJleHAiOjE1NDI4OTkxMjEsImRhdGEiOnsidXNlciI6eyJpZCI6IjQ0In19fQ.RCP5OeoGASxAyBw1MbMD4BFJAcDM5JIXqYXKBALZcJI&Logo=https://localhost:8082/scratch/pl_logo.png&Title=Business Plan Test nr. 2
[2019-07-29 09:17:31] ---- FROM  ::1 (WinNT)
[2019-07-29 09:17:31] ---- BROWSER:  Chrome 75.0 (Mozilla/5.0 (Windows NT 10.0; Win64; x64) AppleWebKit/537.36 (KHTML, like Gecko) Chrome/75.0.3770.142 Safari/537.36)
[2019-07-29 09:17:31] 200 - OK - text/html
[2019-07-29 09:17:37] REQUEST POST - https://localhost:8082/public/ws/General.asmx/Set
[2019-07-29 09:17:37] ---- FROM  ::1 (WinNT)
[2019-07-29 09:17:37] ---- BROWSER:  Chrome 75.0 (Mozilla/5.0 (Windows NT 10.0; Win64; x64) AppleWebKit/537.36 (KHTML, like Gecko) Chrome/75.0.3770.142 Safari/537.36)
[2019-07-29 09:17:37] ---- CONTENT: {data : "<?xml version='1.0' encoding='utf-8' ?><Request ID='201907290917377'><General><Token>61111131252223224013000011333653</Token></General><Data><Nome>Business Plan Test nr. 2</Nome><Logo>https%3A%2F%2Flocalhost%3A8082%2Fscratch%2Fpl_logo.png</Logo></Data></Request>"}
[2019-07-29 09:17:37] 200 - OK - application/json
[2019-07-29 09:17:37] REQUEST POST - https://localhost:8082/public/ws/Config.asmx/Economics_Get
[2019-07-29 09:17:37] ---- FROM  ::1 (WinNT)
[2019-07-29 09:17:37] ---- BROWSER:  Chrome 75.0 (Mozilla/5.0 (Windows NT 10.0; Win64; x64) AppleWebKit/537.36 (KHTML, like Gecko) Chrome/75.0.3770.142 Safari/537.36)
[2019-07-29 09:17:37] ---- CONTENT: {data : "<?xml version='1.0' encoding='utf-8' ?><Request ID='2019072909173736'><General><Token>61111131252223224013000011333653</Token></General><Data></Data></Request>"}
[2019-07-29 09:17:37] 200 - OK - application/json
[2019-07-29 09:17:37] REQUEST POST - https://localhost:8082/public/ws/Config.asmx/All_Get
[2019-07-29 09:17:37] ---- FROM  ::1 (WinNT)
[2019-07-29 09:17:37] ---- BROWSER:  Chrome 75.0 (Mozilla/5.0 (Windows NT 10.0; Win64; x64) AppleWebKit/537.36 (KHTML, like Gecko) Chrome/75.0.3770.142 Safari/537.36)
[2019-07-29 09:17:37] ---- CONTENT: {data : "<?xml version='1.0' encoding='utf-8' ?><Request ID='20190729091737263'><General><Token>61111131252223224013000011333653</Token></General><Data></Data></Request>"}
[2019-07-29 09:17:37] REQUEST POST - https://localhost:8082/public/ws/Economics.asmx/messaggi_summary
[2019-07-29 09:17:37] ---- FROM  ::1 (WinNT)
[2019-07-29 09:17:37] ---- BROWSER:  Chrome 75.0 (Mozilla/5.0 (Windows NT 10.0; Win64; x64) AppleWebKit/537.36 (KHTML, like Gecko) Chrome/75.0.3770.142 Safari/537.36)
[2019-07-29 09:17:37] ---- CONTENT: {data : "<?xml version='1.0' encoding='utf-8' ?><Request ID='20190729091737319'><General><Token>61111131252223224013000011333653</Token></General><Data></Data></Request>"}
[2019-07-29 09:17:37] 200 - OK - application/json
[2019-07-29 09:17:37] 200 - OK - application/json
[2019-07-29 09:17:37] REQUEST POST - https://localhost:8082/public/ws/Config.asmx/All_Get
[2019-07-29 09:17:37] ---- FROM  ::1 (WinNT)
[2019-07-29 09:17:37] ---- BROWSER:  Chrome 75.0 (Mozilla/5.0 (Windows NT 10.0; Win64; x64) AppleWebKit/537.36 (KHTML, like Gecko) Chrome/75.0.3770.142 Safari/537.36)
[2019-07-29 09:17:37] ---- CONTENT: {data : "<?xml version='1.0' encoding='utf-8' ?><Request ID='20190729091737441'><General><Token>61111131252223224013000011333653</Token></General><Data></Data></Request>"}
[2019-07-29 09:17:37] REQUEST POST - https://localhost:8082/public/ws/Config.asmx/All_Get
[2019-07-29 09:17:37] ---- FROM  ::1 (WinNT)
[2019-07-29 09:17:37] ---- BROWSER:  Chrome 75.0 (Mozilla/5.0 (Windows NT 10.0; Win64; x64) AppleWebKit/537.36 (KHTML, like Gecko) Chrome/75.0.3770.142 Safari/537.36)
[2019-07-29 09:17:37] ---- CONTENT: {data : "<?xml version='1.0' encoding='utf-8' ?><Request ID='20190729091737538'><General><Token>61111131252223224013000011333653</Token></General><Data></Data></Request>"}
[2019-07-29 09:17:37] 200 - OK - application/json
[2019-07-29 09:17:37] 200 - OK - application/json
[2019-07-29 09:17:52] REQUEST GET - https://localhost:8082/economics/anno-precedente-conferma
[2019-07-29 09:17:52] ---- FROM  ::1 (WinNT)
[2019-07-29 09:17:52] ---- BROWSER:  Chrome 75.0 (Mozilla/5.0 (Windows NT 10.0; Win64; x64) AppleWebKit/537.36 (KHTML, like Gecko) Chrome/75.0.3770.142 Safari/537.36)
[2019-07-29 09:17:52] 200 - OK - text/html
[2019-07-29 09:17:57] REQUEST POST - https://localhost:8082/public/ws/AnnoPrec.asmx/Valutazione
[2019-07-29 09:17:57] ---- FROM  ::1 (WinNT)
[2019-07-29 09:17:57] ---- BROWSER:  Chrome 75.0 (Mozilla/5.0 (Windows NT 10.0; Win64; x64) AppleWebKit/537.36 (KHTML, like Gecko) Chrome/75.0.3770.142 Safari/537.36)
[2019-07-29 09:17:57] ---- CONTENT: {data : "<?xml version='1.0' encoding='utf-8' ?><Request ID='20190729091757978'><General><Token>61111131252223224013000011333653</Token></General><Data></Data></Request>"}
[2019-07-29 09:17:58] 200 - OK - application/json
[2019-07-29 09:17:58] REQUEST POST - https://localhost:8082/public/ws/Config.asmx/All_Get
[2019-07-29 09:17:58] ---- FROM  ::1 (WinNT)
[2019-07-29 09:17:58] ---- BROWSER:  Chrome 75.0 (Mozilla/5.0 (Windows NT 10.0; Win64; x64) AppleWebKit/537.36 (KHTML, like Gecko) Chrome/75.0.3770.142 Safari/537.36)
[2019-07-29 09:17:58] ---- CONTENT: {data : "<?xml version='1.0' encoding='utf-8' ?><Request ID='2019072909175836'><General><Token>61111131252223224013000011333653</Token></General><Data></Data></Request>"}
[2019-07-29 09:17:58] 200 - OK - application/json
[2019-07-29 09:17:58] REQUEST POST - https://localhost:8082/public/ws/Economics.asmx/messaggi_summary
[2019-07-29 09:17:58] ---- FROM  ::1 (WinNT)
[2019-07-29 09:17:58] ---- BROWSER:  Chrome 75.0 (Mozilla/5.0 (Windows NT 10.0; Win64; x64) AppleWebKit/537.36 (KHTML, like Gecko) Chrome/75.0.3770.142 Safari/537.36)
[2019-07-29 09:17:58] ---- CONTENT: {data : "<?xml version='1.0' encoding='utf-8' ?><Request ID='20190729091758184'><General><Token>61111131252223224013000011333653</Token></General><Data></Data></Request>"}
[2019-07-29 09:17:58] 200 - OK - application/json
[2019-07-29 09:17:58] REQUEST POST - https://localhost:8082/public/ws/Config.asmx/All_Get
[2019-07-29 09:17:58] ---- FROM  ::1 (WinNT)
[2019-07-29 09:17:58] ---- BROWSER:  Chrome 75.0 (Mozilla/5.0 (Windows NT 10.0; Win64; x64) AppleWebKit/537.36 (KHTML, like Gecko) Chrome/75.0.3770.142 Safari/537.36)
[2019-07-29 09:17:58] ---- CONTENT: {data : "<?xml version='1.0' encoding='utf-8' ?><Request ID='20190729091758259'><General><Token>61111131252223224013000011333653</Token></General><Data></Data></Request>"}
[2019-07-29 09:17:58] REQUEST GET - https://localhost:8082/public/ws/Resources.ashx/xml-economics/61111131252223224013000011333653
[2019-07-29 09:17:58] ---- FROM  ::1 (WinNT)
[2019-07-29 09:17:58] ---- BROWSER:  Chrome 75.0 (Mozilla/5.0 (Windows NT 10.0; Win64; x64) AppleWebKit/537.36 (KHTML, like Gecko) Chrome/75.0.3770.142 Safari/537.36)
[2019-07-29 09:17:58] 200 - OK - application/json
[2019-07-29 09:17:58] 200 - OK - text/xml
[2019-07-29 09:17:58] REQUEST POST - https://localhost:8082/public/ws/Config.asmx/All_Get
[2019-07-29 09:17:58] ---- FROM  ::1 (WinNT)
[2019-07-29 09:17:58] ---- BROWSER:  Chrome 75.0 (Mozilla/5.0 (Windows NT 10.0; Win64; x64) AppleWebKit/537.36 (KHTML, like Gecko) Chrome/75.0.3770.142 Safari/537.36)
[2019-07-29 09:17:58] ---- CONTENT: {data : "<?xml version='1.0' encoding='utf-8' ?><Request ID='20190729091758680'><General><Token>61111131252223224013000011333653</Token></General><Data></Data></Request>"}
[2019-07-29 09:17:58] 200 - OK - application/json
[2019-07-29 09:18:22] REQUEST GET - https://localhost:8082/economics/anno-precedente-conferma
[2019-07-29 09:18:22] ---- FROM  ::1 (WinNT)
[2019-07-29 09:18:22] ---- BROWSER:  Chrome 75.0 (Mozilla/5.0 (Windows NT 10.0; Win64; x64) AppleWebKit/537.36 (KHTML, like Gecko) Chrome/75.0.3770.142 Safari/537.36)
[2019-07-29 09:18:22] 200 - OK - text/html
[2019-07-29 09:18:22] REQUEST POST - https://localhost:8082/public/ws/AnnoPrec.asmx/Valutazione
[2019-07-29 09:18:22] ---- FROM  ::1 (WinNT)
[2019-07-29 09:18:22] ---- BROWSER:  Chrome 75.0 (Mozilla/5.0 (Windows NT 10.0; Win64; x64) AppleWebKit/537.36 (KHTML, like Gecko) Chrome/75.0.3770.142 Safari/537.36)
[2019-07-29 09:18:22] ---- CONTENT: {data : "<?xml version='1.0' encoding='utf-8' ?><Request ID='20190729091822797'><General><Token>61111131252223224013000011333653</Token></General><Data></Data></Request>"}
[2019-07-29 09:18:22] 200 - OK - application/json
[2019-07-29 09:18:22] REQUEST GET - https://localhost:8082/public/ws/Resources.ashx/xml-economics/61111131252223224013000011333653
[2019-07-29 09:18:22] ---- FROM  ::1 (WinNT)
[2019-07-29 09:18:22] ---- BROWSER:  Chrome 75.0 (Mozilla/5.0 (Windows NT 10.0; Win64; x64) AppleWebKit/537.36 (KHTML, like Gecko) Chrome/75.0.3770.142 Safari/537.36)
[2019-07-29 09:18:22] REQUEST POST - https://localhost:8082/public/ws/Config.asmx/All_Get
[2019-07-29 09:18:22] ---- FROM  ::1 (WinNT)
[2019-07-29 09:18:22] ---- BROWSER:  Chrome 75.0 (Mozilla/5.0 (Windows NT 10.0; Win64; x64) AppleWebKit/537.36 (KHTML, like Gecko) Chrome/75.0.3770.142 Safari/537.36)
[2019-07-29 09:18:22] ---- CONTENT: {data : "<?xml version='1.0' encoding='utf-8' ?><Request ID='20190729091822845'><General><Token>61111131252223224013000011333653</Token></General><Data></Data></Request>"}
[2019-07-29 09:18:22] REQUEST POST - https://localhost:8082/public/ws/Economics.asmx/messaggi_summary
[2019-07-29 09:18:22] ---- FROM  ::1 (WinNT)
[2019-07-29 09:18:22] ---- BROWSER:  Chrome 75.0 (Mozilla/5.0 (Windows NT 10.0; Win64; x64) AppleWebKit/537.36 (KHTML, like Gecko) Chrome/75.0.3770.142 Safari/537.36)
[2019-07-29 09:18:22] ---- CONTENT: {data : "<?xml version='1.0' encoding='utf-8' ?><Request ID='20190729091822900'><General><Token>61111131252223224013000011333653</Token></General><Data></Data></Request>"}
[2019-07-29 09:18:22] 200 - OK - application/json
[2019-07-29 09:18:22] 200 - OK - text/xml
[2019-07-29 09:18:22] 200 - OK - application/json
[2019-07-29 09:18:23] REQUEST POST - https://localhost:8082/public/ws/Config.asmx/All_Get
[2019-07-29 09:18:23] ---- FROM  ::1 (WinNT)
[2019-07-29 09:18:23] ---- BROWSER:  Chrome 75.0 (Mozilla/5.0 (Windows NT 10.0; Win64; x64) AppleWebKit/537.36 (KHTML, like Gecko) Chrome/75.0.3770.142 Safari/537.36)
[2019-07-29 09:18:23] ---- CONTENT: {data : "<?xml version='1.0' encoding='utf-8' ?><Request ID='20190729091823133'><General><Token>61111131252223224013000011333653</Token></General><Data></Data></Request>"}
[2019-07-29 09:18:23] 200 - OK - application/json
[2019-07-29 09:18:23] REQUEST POST - https://localhost:8082/public/ws/Config.asmx/All_Get
[2019-07-29 09:18:23] ---- FROM  ::1 (WinNT)
[2019-07-29 09:18:23] ---- BROWSER:  Chrome 75.0 (Mozilla/5.0 (Windows NT 10.0; Win64; x64) AppleWebKit/537.36 (KHTML, like Gecko) Chrome/75.0.3770.142 Safari/537.36)
[2019-07-29 09:18:23] ---- CONTENT: {data : "<?xml version='1.0' encoding='utf-8' ?><Request ID='20190729091823317'><General><Token>61111131252223224013000011333653</Token></General><Data></Data></Request>"}
[2019-07-29 09:18:23] 200 - OK - application/json
[2019-07-29 09:18:23] REQUEST GET - https://localhost:8082/economics/anno-precedente-prospetto
[2019-07-29 09:18:23] ---- FROM  ::1 (WinNT)
[2019-07-29 09:18:23] ---- BROWSER:  Chrome 75.0 (Mozilla/5.0 (Windows NT 10.0; Win64; x64) AppleWebKit/537.36 (KHTML, like Gecko) Chrome/75.0.3770.142 Safari/537.36)
[2019-07-29 09:18:23] 200 - OK - text/html
[2019-07-29 09:18:24] REQUEST POST - https://localhost:8082/public/ws/AnnoPrec.asmx/Get
[2019-07-29 09:18:24] ---- FROM  ::1 (WinNT)
[2019-07-29 09:18:24] ---- BROWSER:  Chrome 75.0 (Mozilla/5.0 (Windows NT 10.0; Win64; x64) AppleWebKit/537.36 (KHTML, like Gecko) Chrome/75.0.3770.142 Safari/537.36)
[2019-07-29 09:18:24] ---- CONTENT: {data : "<?xml version='1.0' encoding='utf-8' ?><Request ID='20190729091824357'><General><Token>61111131252223224013000011333653</Token></General><Data></Data></Request>"}
[2019-07-29 09:18:24] 200 - OK - application/json
[2019-07-29 09:18:24] REQUEST POST - https://localhost:8082/public/ws/Config.asmx/All_Get
[2019-07-29 09:18:24] ---- FROM  ::1 (WinNT)
[2019-07-29 09:18:24] ---- BROWSER:  Chrome 75.0 (Mozilla/5.0 (Windows NT 10.0; Win64; x64) AppleWebKit/537.36 (KHTML, like Gecko) Chrome/75.0.3770.142 Safari/537.36)
[2019-07-29 09:18:24] ---- CONTENT: {data : "<?xml version='1.0' encoding='utf-8' ?><Request ID='20190729091824424'><General><Token>61111131252223224013000011333653</Token></General><Data></Data></Request>"}
[2019-07-29 09:18:24] 200 - OK - application/json
[2019-07-29 09:18:24] REQUEST POST - https://localhost:8082/public/ws/Economics.asmx/messaggi_summary
[2019-07-29 09:18:24] ---- FROM  ::1 (WinNT)
[2019-07-29 09:18:24] ---- BROWSER:  Chrome 75.0 (Mozilla/5.0 (Windows NT 10.0; Win64; x64) AppleWebKit/537.36 (KHTML, like Gecko) Chrome/75.0.3770.142 Safari/537.36)
[2019-07-29 09:18:24] ---- CONTENT: {data : "<?xml version='1.0' encoding='utf-8' ?><Request ID='20190729091824579'><General><Token>61111131252223224013000011333653</Token></General><Data></Data></Request>"}
[2019-07-29 09:18:24] 200 - OK - application/json
[2019-07-29 09:18:24] REQUEST GET - https://localhost:8082/public/ws/Resources.ashx/xml-economics/61111131252223224013000011333653
[2019-07-29 09:18:24] ---- FROM  ::1 (WinNT)
[2019-07-29 09:18:24] ---- BROWSER:  Chrome 75.0 (Mozilla/5.0 (Windows NT 10.0; Win64; x64) AppleWebKit/537.36 (KHTML, like Gecko) Chrome/75.0.3770.142 Safari/537.36)
[2019-07-29 09:18:24] 200 - OK - text/xml
[2019-07-29 09:18:25] REQUEST POST - https://localhost:8082/public/ws/Config.asmx/All_Get
[2019-07-29 09:18:25] ---- FROM  ::1 (WinNT)
[2019-07-29 09:18:25] ---- BROWSER:  Chrome 75.0 (Mozilla/5.0 (Windows NT 10.0; Win64; x64) AppleWebKit/537.36 (KHTML, like Gecko) Chrome/75.0.3770.142 Safari/537.36)
[2019-07-29 09:18:25] ---- CONTENT: {data : "<?xml version='1.0' encoding='utf-8' ?><Request ID='20190729091825363'><General><Token>61111131252223224013000011333653</Token></General><Data></Data></Request>"}
[2019-07-29 09:18:25] 200 - OK - application/json
[2019-07-29 09:18:25] REQUEST POST - https://localhost:8082/public/ws/Config.asmx/All_Get
[2019-07-29 09:18:25] ---- FROM  ::1 (WinNT)
[2019-07-29 09:18:25] ---- BROWSER:  Chrome 75.0 (Mozilla/5.0 (Windows NT 10.0; Win64; x64) AppleWebKit/537.36 (KHTML, like Gecko) Chrome/75.0.3770.142 Safari/537.36)
[2019-07-29 09:18:25] ---- CONTENT: {data : "<?xml version='1.0' encoding='utf-8' ?><Request ID='20190729091825475'><General><Token>61111131252223224013000011333653</Token></General><Data></Data></Request>"}
[2019-07-29 09:18:25] 200 - OK - application/json
