[2019-09-10 11:48:20] REQUEST POST - https://localhost:8082/public/aspx/Home.aspx
[2019-09-10 11:48:20] ---- FROM  ::1 (WinNT)
[2019-09-10 11:48:20] ---- BROWSER:  Chrome 76.0 (Mozilla/5.0 (Windows NT 10.0; Win64; x64) AppleWebKit/537.36 (KHTML, like Gecko) Chrome/76.0.3809.132 Safari/537.36)
[2019-09-10 11:48:20] ---- CONTENT: Token%3D61111131252223224013000011333653%26TokenApiRest%3DeyJ0eXAiOiJKV1QiLCJhbGciOiJIUzI1NiJ9.eyJpc3MiOiJodHRwczpcL1wvd3d3cy5kZXYteWVhcC5pdCIsImlhdCI6MTU0MjI5NDMyMSwibmJmIjoxNTQyMjk0MzIxLCJleHAiOjE1NDI4OTkxMjEsImRhdGEiOnsidXNlciI6eyJpZCI6IjQ0In19fQ.RCP5OeoGASxAyBw1MbMD4BFJAcDM5JIXqYXKBALZcJI%26Logo%3Dhttps%3A%2F%2Flocalhost%3A8082%2Fscratch%2Fpl_logo.png%26Title%3DBusiness+Plan+Test+nr.+2=
[2019-09-10 11:48:28] 302 - Found - text/html
[2019-09-10 11:48:29] REQUEST GET - https://localhost:8082/home/welcome
[2019-09-10 11:48:29] ---- FROM  ::1 (WinNT)
[2019-09-10 11:48:29] ---- BROWSER:  Chrome 76.0 (Mozilla/5.0 (Windows NT 10.0; Win64; x64) AppleWebKit/537.36 (KHTML, like Gecko) Chrome/76.0.3809.132 Safari/537.36)
[2019-09-10 11:48:31] 200 - OK - text/html
[2019-09-10 11:48:36] REQUEST POST - https://localhost:8082/public/ws/Config.asmx/Economics_Get
[2019-09-10 11:48:36] ---- FROM  ::1 (WinNT)
[2019-09-10 11:48:36] ---- BROWSER:  Chrome 76.0 (Mozilla/5.0 (Windows NT 10.0; Win64; x64) AppleWebKit/537.36 (KHTML, like Gecko) Chrome/76.0.3809.132 Safari/537.36)
[2019-09-10 11:48:36] ---- CONTENT: {data : "<?xml version='1.0' encoding='utf-8' ?><Request ID='20190910114834143'><General><Token>undefined</Token></General><Data></Data></Request>"}
[2019-09-10 11:48:48] 200 - OK - application/json
[2019-09-10 11:48:49] REQUEST POST - https://localhost:8082/public/ws/Config.asmx/All_Get
[2019-09-10 11:48:49] ---- FROM  ::1 (WinNT)
[2019-09-10 11:48:50] REQUEST POST - https://localhost:8082/public/ws/Economics.asmx/messaggi_summary
[2019-09-10 11:48:50] ---- FROM  ::1 (WinNT)
[2019-09-10 11:48:50] ---- BROWSER:  Chrome 76.0 (Mozilla/5.0 (Windows NT 10.0; Win64; x64) AppleWebKit/537.36 (KHTML, like Gecko) Chrome/76.0.3809.132 Safari/537.36)
[2019-09-10 11:48:50] ---- CONTENT: {data : "<?xml version='1.0' encoding='utf-8' ?><Request ID='20190910114848431'><General><Token>undefined</Token></General><Data></Data></Request>"}
[2019-09-10 11:48:50] ---- BROWSER:  Chrome 76.0 (Mozilla/5.0 (Windows NT 10.0; Win64; x64) AppleWebKit/537.36 (KHTML, like Gecko) Chrome/76.0.3809.132 Safari/537.36)
[2019-09-10 11:48:50] ---- CONTENT: {data : "<?xml version='1.0' encoding='utf-8' ?><Request ID='20190910114848224'><General><Token>undefined</Token></General><Data></Data></Request>"}
[2019-09-10 11:48:50] REQUEST POST - https://localhost:8082/public/ws/Config.asmx/All_Get
[2019-09-10 11:48:50] ---- FROM  ::1 (WinNT)
[2019-09-10 11:48:50] ---- BROWSER:  Chrome 76.0 (Mozilla/5.0 (Windows NT 10.0; Win64; x64) AppleWebKit/537.36 (KHTML, like Gecko) Chrome/76.0.3809.132 Safari/537.36)
[2019-09-10 11:48:50] ---- CONTENT: {data : "<?xml version='1.0' encoding='utf-8' ?><Request ID='20190910114848898'><General><Token>undefined</Token></General><Data></Data></Request>"}
[2019-09-10 11:48:52] 200 - OK - application/json
[2019-09-10 11:48:52] 200 - OK - application/json
[2019-09-10 11:48:52] 200 - OK - application/json
[2019-09-10 11:48:52] REQUEST POST - https://localhost:8082/public/ws/Config.asmx/All_Get
[2019-09-10 11:48:52] ---- FROM  ::1 (WinNT)
[2019-09-10 11:48:52] ---- BROWSER:  Chrome 76.0 (Mozilla/5.0 (Windows NT 10.0; Win64; x64) AppleWebKit/537.36 (KHTML, like Gecko) Chrome/76.0.3809.132 Safari/537.36)
[2019-09-10 11:48:52] ---- CONTENT: {data : "<?xml version='1.0' encoding='utf-8' ?><Request ID='20190910114852662'><General><Token>undefined</Token></General><Data></Data></Request>"}
[2019-09-10 11:48:53] 200 - OK - application/json
