[2020-01-27 15:36:56] REQUEST GET - https://localhost:8082/home/welcome
[2020-01-27 15:36:56] ---- FROM  ::1 (WinNT)
[2020-01-27 15:36:56] ---- BROWSER:  Firefox 72.0 (Mozilla/5.0 (Windows NT 10.0; Win64; x64; rv:72.0) Gecko/20100101 Firefox/72.0)
[2020-01-27 15:36:56] 200 - OK - text/html
[2020-01-27 15:36:59] REQUEST POST - https://localhost:8082/public/ws/General.asmx/Set
[2020-01-27 15:36:59] ---- FROM  ::1 (WinNT)
[2020-01-27 15:36:59] ---- BROWSER:  Firefox 72.0 (Mozilla/5.0 (Windows NT 10.0; Win64; x64; rv:72.0) Gecko/20100101 Firefox/72.0)
[2020-01-27 15:36:59] ---- CONTENT: {data : "<?xml version='1.0' encoding='utf-8' ?><Request ID='20200127153659841'><General><Token>11111121252221224308000011333382</Token></General><Data><Nome>Business Plan Test nr. 1</Nome><Logo>https%3A%2F%2Flocalhost%3A8082%2Fscratch%2Fpl_logo.png</Logo></Data></Request>"}
[2020-01-27 15:37:00] 200 - OK - application/json
[2020-01-27 15:37:00] REQUEST POST - https://localhost:8082/public/ws/Config.asmx/Economics_Get
[2020-01-27 15:37:00] ---- FROM  ::1 (WinNT)
[2020-01-27 15:37:00] ---- BROWSER:  Firefox 72.0 (Mozilla/5.0 (Windows NT 10.0; Win64; x64; rv:72.0) Gecko/20100101 Firefox/72.0)
[2020-01-27 15:37:00] ---- CONTENT: {data : "<?xml version='1.0' encoding='utf-8' ?><Request ID='20200127153700153'><General><Token>11111121252221224308000011333382</Token></General><Data></Data></Request>"}
[2020-01-27 15:37:00] 200 - OK - application/json
[2020-01-27 15:37:00] REQUEST POST - https://localhost:8082/public/ws/Economics.asmx/messaggi_summary
[2020-01-27 15:37:00] ---- FROM  ::1 (WinNT)
[2020-01-27 15:37:00] ---- BROWSER:  Firefox 72.0 (Mozilla/5.0 (Windows NT 10.0; Win64; x64; rv:72.0) Gecko/20100101 Firefox/72.0)
[2020-01-27 15:37:00] ---- CONTENT: {data : "<?xml version='1.0' encoding='utf-8' ?><Request ID='20200127153700338'><General><Token>11111121252221224308000011333382</Token></General><Data></Data></Request>"}
[2020-01-27 15:37:00] 200 - OK - application/json
[2020-01-27 15:37:00] REQUEST POST - https://localhost:8082/public/ws/Config.asmx/All_Get
[2020-01-27 15:37:00] ---- FROM  ::1 (WinNT)
[2020-01-27 15:37:00] ---- BROWSER:  Firefox 72.0 (Mozilla/5.0 (Windows NT 10.0; Win64; x64; rv:72.0) Gecko/20100101 Firefox/72.0)
[2020-01-27 15:37:00] ---- CONTENT: {data : "<?xml version='1.0' encoding='utf-8' ?><Request ID='20200127153700469'><General><Token>11111121252221224308000011333382</Token></General><Data></Data></Request>"}
[2020-01-27 15:37:00] REQUEST POST - https://localhost:8082/public/ws/Config.asmx/All_Get
[2020-01-27 15:37:00] ---- FROM  ::1 (WinNT)
[2020-01-27 15:37:00] ---- BROWSER:  Firefox 72.0 (Mozilla/5.0 (Windows NT 10.0; Win64; x64; rv:72.0) Gecko/20100101 Firefox/72.0)
[2020-01-27 15:37:00] ---- CONTENT: {data : "<?xml version='1.0' encoding='utf-8' ?><Request ID='20200127153700490'><General><Token>11111121252221224308000011333382</Token></General><Data></Data></Request>"}
[2020-01-27 15:37:00] REQUEST POST - https://localhost:8082/public/ws/Config.asmx/All_Get
[2020-01-27 15:37:00] ---- FROM  ::1 (WinNT)
[2020-01-27 15:37:00] ---- BROWSER:  Firefox 72.0 (Mozilla/5.0 (Windows NT 10.0; Win64; x64; rv:72.0) Gecko/20100101 Firefox/72.0)
[2020-01-27 15:37:00] ---- CONTENT: {data : "<?xml version='1.0' encoding='utf-8' ?><Request ID='20200127153700548'><General><Token>11111121252221224308000011333382</Token></General><Data></Data></Request>"}
[2020-01-27 15:37:00] 200 - OK - application/json
[2020-01-27 15:37:00] 200 - OK - application/json
[2020-01-27 15:37:00] 200 - OK - application/json
