[2020-02-26 16:03:26] REQUEST POST - https://localhost:8082/public/ws/config.asmx/General_Get
[2020-02-26 16:03:26] ---- FROM  ::1 (Unknown)
[2020-02-26 16:03:26] ---- BROWSER:  Unknown 0.0 ()
[2020-02-26 16:03:26] ---- CONTENT: data=<?xml version='1.0' encoding='utf-8' ?><Request ID='20200226160318662'><General><Token>41111111252222224015000011333353</Token></General><Data></Data></Request>
[2020-02-26 16:03:28] 200 - OK - text/xml; charset=utf-8
[2020-02-26 16:07:44] REQUEST POST - https://localhost:8082/public/ws/config.asmx/General_Get
[2020-02-26 16:07:44] ---- FROM  ::1 (Unknown)
[2020-02-26 16:07:44] ---- BROWSER:  Unknown 0.0 ()
[2020-02-26 16:07:44] ---- CONTENT: data=<?xml version='1.0' encoding='utf-8' ?><Request ID='20200226160743442'><General><Token>41111111252222224015000011333353</Token></General><Data></Data></Request>
[2020-02-26 16:07:45] 200 - OK - text/xml; charset=utf-8
[2020-02-26 16:11:32] REQUEST POST - https://localhost:8082/public/ws/config.asmx/General_Get
[2020-02-26 16:11:32] ---- FROM  ::1 (Unknown)
[2020-02-26 16:11:32] ---- BROWSER:  Unknown 0.0 ()
[2020-02-26 16:11:32] ---- CONTENT: data=<?xml version='1.0' encoding='utf-8' ?><Request ID='2020022616113137'><General><Token>41111111252222224015000011333353</Token></General><Data></Data></Request>
[2020-02-26 16:11:32] 200 - OK - text/xml; charset=utf-8
[2020-02-26 16:25:11] REQUEST POST - https://localhost:8082/public/ws/config.asmx/General_Get
[2020-02-26 16:25:11] ---- FROM  ::1 (Unknown)
[2020-02-26 16:25:11] ---- BROWSER:  Unknown 0.0 ()
[2020-02-26 16:25:11] ---- CONTENT: data=<?xml version='1.0' encoding='utf-8' ?><Request ID='20200226162509830'><General><Token>41111111252222224015000011333353</Token></General><Data></Data></Request>
[2020-02-26 16:25:11] 200 - OK - text/xml; charset=utf-8
[2020-02-26 16:30:41] REQUEST POST - https://localhost:8082/public/ws/config.asmx/General_Get
[2020-02-26 16:30:41] ---- FROM  ::1 (Unknown)
[2020-02-26 16:30:41] ---- BROWSER:  Unknown 0.0 ()
[2020-02-26 16:30:41] ---- CONTENT: data=<?xml version='1.0' encoding='utf-8' ?><Request ID='20200226163039649'><General><Token>41111111252222224015000011333353</Token></General><Data></Data></Request>
[2020-02-26 16:30:41] 200 - OK - text/xml; charset=utf-8
[2020-02-26 16:31:48] REQUEST POST - https://localhost:8082/public/ws/config.asmx/General_Get
[2020-02-26 16:31:48] ---- FROM  ::1 (Unknown)
[2020-02-26 16:31:48] ---- BROWSER:  Unknown 0.0 ()
[2020-02-26 16:31:48] ---- CONTENT: data=<?xml version='1.0' encoding='utf-8' ?><Request ID='2020022616314686'><General><Token>41111111252222224015000011333353</Token></General><Data></Data></Request>
[2020-02-26 16:31:48] 200 - OK - text/xml; charset=utf-8
[2020-02-26 16:39:32] REQUEST POST - https://localhost:8082/public/ws/config.asmx/General_Get
[2020-02-26 16:39:32] ---- FROM  ::1 (Unknown)
[2020-02-26 16:39:32] ---- BROWSER:  Unknown 0.0 ()
[2020-02-26 16:39:32] ---- CONTENT: data=<?xml version='1.0' encoding='utf-8' ?><Request ID='20200226163930882'><General><Token>41111111252222224015000011333353</Token></General><Data></Data></Request>
[2020-02-26 16:39:32] 200 - OK - text/xml; charset=utf-8
