[2020-01-21 17:09:42] REQUEST POST - https://localhost:8082/public/aspx/Home.aspx
[2020-01-21 17:09:42] ---- FROM  ::1 (WinNT)
[2020-01-21 17:09:42] ---- BROWSER:  Firefox 72.0 (Mozilla/5.0 (Windows NT 10.0; Win64; x64; rv:72.0) Gecko/20100101 Firefox/72.0)
[2020-01-21 17:09:42] ---- CONTENT: Token%3D11111121252221224308000011333382%26TokenApiRest%3DeyJ0eXAiOiJKV1QiLCJhbGciOiJIUzI1NiJ9.eyJpc3MiOiJodHRwczpcL1wvd3d3cy5kZXYteWVhcC5pdCIsImlhdCI6MTU0MjI5NDMyMSwibmJmIjoxNTQyMjk0MzIxLCJleHAiOjE1NDI4OTkxMjEsImRhdGEiOnsidXNlciI6eyJpZCI6IjQ0In19fQ.RCP5OeoGASxAyBw1MbMD4BFJAcDM5JIXqYXKBALZcJI%26Logo%3Dhttps%3A%2F%2Flocalhost%3A8082%2Fscratch%2Fpl_logo.png%26Title%3DBusiness+Plan+Test+nr.+1%26isODC%3D1=
[2020-01-21 17:09:49] 302 - Found - text/html
[2020-01-21 17:09:49] REQUEST GET - https://localhost:8082/home/welcome
[2020-01-21 17:09:49] ---- FROM  ::1 (WinNT)
[2020-01-21 17:09:49] ---- BROWSER:  Firefox 72.0 (Mozilla/5.0 (Windows NT 10.0; Win64; x64; rv:72.0) Gecko/20100101 Firefox/72.0)
[2020-01-21 17:09:51] 200 - OK - text/html
[2020-01-21 17:09:52] REQUEST POST - https://localhost:8082/public/ws/General.asmx/Set
[2020-01-21 17:09:52] ---- FROM  ::1 (WinNT)
[2020-01-21 17:09:52] ---- BROWSER:  Firefox 72.0 (Mozilla/5.0 (Windows NT 10.0; Win64; x64; rv:72.0) Gecko/20100101 Firefox/72.0)
[2020-01-21 17:09:52] ---- CONTENT: {data : "<?xml version='1.0' encoding='utf-8' ?><Request ID='20200121170952585'><General><Token>11111121252221224308000011333382</Token></General><Data><Nome>Business Plan Test nr. 1</Nome><Logo>https%3A%2F%2Flocalhost%3A8082%2Fscratch%2Fpl_logo.png</Logo></Data></Request>"}
[2020-01-21 17:09:52] 200 - OK - application/json
[2020-01-21 17:09:52] REQUEST POST - https://localhost:8082/public/ws/Config.asmx/Economics_Get
[2020-01-21 17:09:52] ---- FROM  ::1 (WinNT)
[2020-01-21 17:09:52] ---- BROWSER:  Firefox 72.0 (Mozilla/5.0 (Windows NT 10.0; Win64; x64; rv:72.0) Gecko/20100101 Firefox/72.0)
[2020-01-21 17:09:52] ---- CONTENT: {data : "<?xml version='1.0' encoding='utf-8' ?><Request ID='20200121170952845'><General><Token>11111121252221224308000011333382</Token></General><Data></Data></Request>"}
[2020-01-21 17:09:52] 200 - OK - application/json
[2020-01-21 17:09:53] REQUEST POST - https://localhost:8082/public/ws/Config.asmx/All_Get
[2020-01-21 17:09:53] ---- FROM  ::1 (WinNT)
[2020-01-21 17:09:53] ---- BROWSER:  Firefox 72.0 (Mozilla/5.0 (Windows NT 10.0; Win64; x64; rv:72.0) Gecko/20100101 Firefox/72.0)
[2020-01-21 17:09:53] ---- CONTENT: {data : "<?xml version='1.0' encoding='utf-8' ?><Request ID='20200121170953115'><General><Token>11111121252221224308000011333382</Token></General><Data></Data></Request>"}
[2020-01-21 17:09:53] REQUEST POST - https://localhost:8082/public/ws/Economics.asmx/messaggi_summary
[2020-01-21 17:09:53] ---- FROM  ::1 (WinNT)
[2020-01-21 17:09:53] ---- BROWSER:  Firefox 72.0 (Mozilla/5.0 (Windows NT 10.0; Win64; x64; rv:72.0) Gecko/20100101 Firefox/72.0)
[2020-01-21 17:09:53] ---- CONTENT: {data : "<?xml version='1.0' encoding='utf-8' ?><Request ID='20200121170953155'><General><Token>11111121252221224308000011333382</Token></General><Data></Data></Request>"}
[2020-01-21 17:09:53] 200 - OK - application/json
[2020-01-21 17:09:53] 200 - OK - application/json
[2020-01-21 17:09:53] REQUEST POST - https://localhost:8082/public/ws/Config.asmx/All_Get
[2020-01-21 17:09:53] ---- FROM  ::1 (WinNT)
[2020-01-21 17:09:53] ---- BROWSER:  Firefox 72.0 (Mozilla/5.0 (Windows NT 10.0; Win64; x64; rv:72.0) Gecko/20100101 Firefox/72.0)
[2020-01-21 17:09:53] ---- CONTENT: {data : "<?xml version='1.0' encoding='utf-8' ?><Request ID='20200121170953390'><General><Token>11111121252221224308000011333382</Token></General><Data></Data></Request>"}
[2020-01-21 17:09:53] 200 - OK - application/json
[2020-01-21 17:09:54] REQUEST POST - https://localhost:8082/public/ws/Config.asmx/All_Get
[2020-01-21 17:09:54] ---- FROM  ::1 (WinNT)
[2020-01-21 17:09:54] ---- BROWSER:  Firefox 72.0 (Mozilla/5.0 (Windows NT 10.0; Win64; x64; rv:72.0) Gecko/20100101 Firefox/72.0)
[2020-01-21 17:09:54] ---- CONTENT: {data : "<?xml version='1.0' encoding='utf-8' ?><Request ID='20200121170954409'><General><Token>11111121252221224308000011333382</Token></General><Data></Data></Request>"}
[2020-01-21 17:09:54] 200 - OK - application/json
[2020-01-21 17:09:57] REQUEST POST - https://localhost:8082/public/ws/Reports.asmx/Economics
[2020-01-21 17:09:57] ---- FROM  ::1 (WinNT)
[2020-01-21 17:09:57] ---- BROWSER:  Firefox 72.0 (Mozilla/5.0 (Windows NT 10.0; Win64; x64; rv:72.0) Gecko/20100101 Firefox/72.0)
[2020-01-21 17:09:57] ---- CONTENT: {data : "<?xml version='1.0' encoding='utf-8' ?><Request ID='20200121170957652'><General><Token>11111121252221224308000011333382</Token></General><Data></Data></Request>"}
[2020-01-21 17:10:08] 200 - OK - application/json
