[2020-01-27 16:46:11] REQUEST POST - https://localhost:8082/public/aspx/Home.aspx
[2020-01-27 16:46:11] ---- FROM  ::1 (WinNT)
[2020-01-27 16:46:11] ---- BROWSER:  Firefox 72.0 (Mozilla/5.0 (Windows NT 10.0; Win64; x64; rv:72.0) Gecko/20100101 Firefox/72.0)
[2020-01-27 16:46:11] ---- CONTENT: Token%3D11111121252221224308000011333382%26TokenApiRest%3DeyJ0eXAiOiJKV1QiLCJhbGciOiJIUzI1NiJ9.eyJpc3MiOiJodHRwczpcL1wvd3d3cy5kZXYteWVhcC5pdCIsImlhdCI6MTU0MjI5NDMyMSwibmJmIjoxNTQyMjk0MzIxLCJleHAiOjE1NDI4OTkxMjEsImRhdGEiOnsidXNlciI6eyJpZCI6IjQ0In19fQ.RCP5OeoGASxAyBw1MbMD4BFJAcDM5JIXqYXKBALZcJI%26Logo%3Dhttps%3A%2F%2Flocalhost%3A8082%2Fscratch%2Fpl_logo.png%26Title%3DBusiness+Plan+Test+nr.+1%26isODC%3D1%26ruolo%3D0=
[2020-01-27 16:46:11] 302 - Found - text/html
[2020-01-27 16:46:11] REQUEST GET - https://localhost:8082/home/welcome
[2020-01-27 16:46:11] ---- FROM  ::1 (WinNT)
[2020-01-27 16:46:11] ---- BROWSER:  Firefox 72.0 (Mozilla/5.0 (Windows NT 10.0; Win64; x64; rv:72.0) Gecko/20100101 Firefox/72.0)
[2020-01-27 16:46:11] 200 - OK - text/html
[2020-01-27 16:46:13] REQUEST POST - https://localhost:8082/public/ws/General.asmx/Set
[2020-01-27 16:46:13] ---- FROM  ::1 (WinNT)
[2020-01-27 16:46:13] ---- BROWSER:  Firefox 72.0 (Mozilla/5.0 (Windows NT 10.0; Win64; x64; rv:72.0) Gecko/20100101 Firefox/72.0)
[2020-01-27 16:46:13] ---- CONTENT: {data : "<?xml version='1.0' encoding='utf-8' ?><Request ID='2020012716461399'><General><Token>11111121252221224308000011333382</Token></General><Data><Nome>Business Plan Test nr. 1</Nome><Logo>https%3A%2F%2Flocalhost%3A8082%2Fscratch%2Fpl_logo.png</Logo></Data></Request>"}
[2020-01-27 16:46:13] 200 - OK - application/json
[2020-01-27 16:46:14] REQUEST POST - https://localhost:8082/public/ws/Config.asmx/Economics_Get
[2020-01-27 16:46:14] ---- FROM  ::1 (WinNT)
[2020-01-27 16:46:14] ---- BROWSER:  Firefox 72.0 (Mozilla/5.0 (Windows NT 10.0; Win64; x64; rv:72.0) Gecko/20100101 Firefox/72.0)
[2020-01-27 16:46:14] ---- CONTENT: {data : "<?xml version='1.0' encoding='utf-8' ?><Request ID='20200127164613997'><General><Token>11111121252221224308000011333382</Token></General><Data></Data></Request>"}
[2020-01-27 16:46:14] 200 - OK - application/json
[2020-01-27 16:46:14] REQUEST POST - https://localhost:8082/public/ws/Config.asmx/All_Get
[2020-01-27 16:46:14] ---- FROM  ::1 (WinNT)
[2020-01-27 16:46:14] ---- BROWSER:  Firefox 72.0 (Mozilla/5.0 (Windows NT 10.0; Win64; x64; rv:72.0) Gecko/20100101 Firefox/72.0)
[2020-01-27 16:46:14] REQUEST POST - https://localhost:8082/public/ws/Economics.asmx/messaggi_summary
[2020-01-27 16:46:14] ---- FROM  ::1 (WinNT)
[2020-01-27 16:46:14] ---- BROWSER:  Firefox 72.0 (Mozilla/5.0 (Windows NT 10.0; Win64; x64; rv:72.0) Gecko/20100101 Firefox/72.0)
[2020-01-27 16:46:14] ---- CONTENT: {data : "<?xml version='1.0' encoding='utf-8' ?><Request ID='20200127164614853'><General><Token>11111121252221224308000011333382</Token></General><Data></Data></Request>"}
[2020-01-27 16:46:14] ---- CONTENT: {data : "<?xml version='1.0' encoding='utf-8' ?><Request ID='20200127164614800'><General><Token>11111121252221224308000011333382</Token></General><Data></Data></Request>"}
[2020-01-27 16:46:15] REQUEST POST - https://localhost:8082/public/ws/Config.asmx/All_Get
[2020-01-27 16:46:15] ---- FROM  ::1 (WinNT)
[2020-01-27 16:46:15] ---- BROWSER:  Firefox 72.0 (Mozilla/5.0 (Windows NT 10.0; Win64; x64; rv:72.0) Gecko/20100101 Firefox/72.0)
[2020-01-27 16:46:15] ---- CONTENT: {data : "<?xml version='1.0' encoding='utf-8' ?><Request ID='2020012716461543'><General><Token>11111121252221224308000011333382</Token></General><Data></Data></Request>"}
[2020-01-27 16:46:15] 200 - OK - application/json
[2020-01-27 16:46:15] 200 - OK - application/json
[2020-01-27 16:46:15] REQUEST POST - https://localhost:8082/public/ws/Config.asmx/All_Get
[2020-01-27 16:46:15] ---- FROM  ::1 (WinNT)
[2020-01-27 16:46:15] ---- BROWSER:  Firefox 72.0 (Mozilla/5.0 (Windows NT 10.0; Win64; x64; rv:72.0) Gecko/20100101 Firefox/72.0)
[2020-01-27 16:46:15] 200 - OK - application/json
[2020-01-27 16:46:15] ---- CONTENT: {data : "<?xml version='1.0' encoding='utf-8' ?><Request ID='20200127164615448'><General><Token>11111121252221224308000011333382</Token></General><Data></Data></Request>"}
[2020-01-27 16:46:15] 200 - OK - application/json
[2020-01-27 16:46:19] REQUEST POST - https://localhost:8082/public/ws/Reports.asmx/Economics
[2020-01-27 16:46:19] ---- FROM  ::1 (WinNT)
[2020-01-27 16:46:19] ---- BROWSER:  Firefox 72.0 (Mozilla/5.0 (Windows NT 10.0; Win64; x64; rv:72.0) Gecko/20100101 Firefox/72.0)
[2020-01-27 16:46:19] ---- CONTENT: {data : "<?xml version='1.0' encoding='utf-8' ?><Request ID='20200127164619721'><General><Token>11111121252221224308000011333382</Token></General><Data><Format>5</Format></Data></Request>"}
[2020-01-27 16:46:54] 200 - OK - application/json
[2020-01-27 16:48:57] REQUEST POST - https://localhost:8082/public/aspx/Home.aspx
[2020-01-27 16:48:57] ---- FROM  ::1 (WinNT)
[2020-01-27 16:48:57] ---- BROWSER:  Firefox 72.0 (Mozilla/5.0 (Windows NT 10.0; Win64; x64; rv:72.0) Gecko/20100101 Firefox/72.0)
[2020-01-27 16:48:57] ---- CONTENT: Token%3D11111121252221224308000011333382%26TokenApiRest%3DeyJ0eXAiOiJKV1QiLCJhbGciOiJIUzI1NiJ9.eyJpc3MiOiJodHRwczpcL1wvd3d3cy5kZXYteWVhcC5pdCIsImlhdCI6MTU0MjI5NDMyMSwibmJmIjoxNTQyMjk0MzIxLCJleHAiOjE1NDI4OTkxMjEsImRhdGEiOnsidXNlciI6eyJpZCI6IjQ0In19fQ.RCP5OeoGASxAyBw1MbMD4BFJAcDM5JIXqYXKBALZcJI%26Logo%3Dhttps%3A%2F%2Flocalhost%3A8082%2Fscratch%2Fpl_logo.png%26Title%3DBusiness+Plan+Test+nr.+1%26isODC%3D1%26ruolo%3D0=
[2020-01-27 16:48:57] 302 - Found - text/html
[2020-01-27 16:48:57] REQUEST GET - https://localhost:8082/home/welcome
[2020-01-27 16:48:57] ---- FROM  ::1 (WinNT)
[2020-01-27 16:48:57] ---- BROWSER:  Firefox 72.0 (Mozilla/5.0 (Windows NT 10.0; Win64; x64; rv:72.0) Gecko/20100101 Firefox/72.0)
[2020-01-27 16:48:57] 200 - OK - text/html
[2020-01-27 16:48:57] REQUEST POST - https://localhost:8082/public/ws/General.asmx/Set
[2020-01-27 16:48:58] ---- FROM  ::1 (WinNT)
[2020-01-27 16:48:58] ---- BROWSER:  Firefox 72.0 (Mozilla/5.0 (Windows NT 10.0; Win64; x64; rv:72.0) Gecko/20100101 Firefox/72.0)
[2020-01-27 16:48:58] ---- CONTENT: {data : "<?xml version='1.0' encoding='utf-8' ?><Request ID='20200127164857943'><General><Token>11111121252221224308000011333382</Token></General><Data><Nome>Business Plan Test nr. 1</Nome><Logo>https%3A%2F%2Flocalhost%3A8082%2Fscratch%2Fpl_logo.png</Logo></Data></Request>"}
[2020-01-27 16:48:58] 200 - OK - application/json
[2020-01-27 16:48:58] REQUEST POST - https://localhost:8082/public/ws/Config.asmx/Economics_Get
[2020-01-27 16:48:58] ---- FROM  ::1 (WinNT)
[2020-01-27 16:48:58] ---- BROWSER:  Firefox 72.0 (Mozilla/5.0 (Windows NT 10.0; Win64; x64; rv:72.0) Gecko/20100101 Firefox/72.0)
[2020-01-27 16:48:58] ---- CONTENT: {data : "<?xml version='1.0' encoding='utf-8' ?><Request ID='2020012716485843'><General><Token>11111121252221224308000011333382</Token></General><Data></Data></Request>"}
[2020-01-27 16:48:58] 200 - OK - application/json
[2020-01-27 16:48:58] REQUEST POST - https://localhost:8082/public/ws/Config.asmx/All_Get
[2020-01-27 16:48:58] ---- FROM  ::1 (WinNT)
[2020-01-27 16:48:58] ---- BROWSER:  Firefox 72.0 (Mozilla/5.0 (Windows NT 10.0; Win64; x64; rv:72.0) Gecko/20100101 Firefox/72.0)
[2020-01-27 16:48:58] ---- CONTENT: {data : "<?xml version='1.0' encoding='utf-8' ?><Request ID='20200127164858150'><General><Token>11111121252221224308000011333382</Token></General><Data></Data></Request>"}
[2020-01-27 16:48:58] REQUEST POST - https://localhost:8082/public/ws/Economics.asmx/messaggi_summary
[2020-01-27 16:48:58] ---- FROM  ::1 (WinNT)
[2020-01-27 16:48:58] ---- BROWSER:  Firefox 72.0 (Mozilla/5.0 (Windows NT 10.0; Win64; x64; rv:72.0) Gecko/20100101 Firefox/72.0)
[2020-01-27 16:48:58] ---- CONTENT: {data : "<?xml version='1.0' encoding='utf-8' ?><Request ID='20200127164858209'><General><Token>11111121252221224308000011333382</Token></General><Data></Data></Request>"}
[2020-01-27 16:48:58] 200 - OK - application/json
[2020-01-27 16:48:58] REQUEST POST - https://localhost:8082/public/ws/Config.asmx/All_Get
[2020-01-27 16:48:58] ---- FROM  ::1 (WinNT)
[2020-01-27 16:48:58] ---- BROWSER:  Firefox 72.0 (Mozilla/5.0 (Windows NT 10.0; Win64; x64; rv:72.0) Gecko/20100101 Firefox/72.0)
[2020-01-27 16:48:58] 200 - OK - application/json
[2020-01-27 16:48:58] ---- CONTENT: {data : "<?xml version='1.0' encoding='utf-8' ?><Request ID='20200127164858334'><General><Token>11111121252221224308000011333382</Token></General><Data></Data></Request>"}
[2020-01-27 16:48:58] REQUEST POST - https://localhost:8082/public/ws/Config.asmx/All_Get
[2020-01-27 16:48:58] ---- FROM  ::1 (WinNT)
[2020-01-27 16:48:58] 200 - OK - application/json
[2020-01-27 16:48:58] ---- BROWSER:  Firefox 72.0 (Mozilla/5.0 (Windows NT 10.0; Win64; x64; rv:72.0) Gecko/20100101 Firefox/72.0)
[2020-01-27 16:48:58] ---- CONTENT: {data : "<?xml version='1.0' encoding='utf-8' ?><Request ID='20200127164858499'><General><Token>11111121252221224308000011333382</Token></General><Data></Data></Request>"}
[2020-01-27 16:48:58] 200 - OK - application/json
[2020-01-27 16:49:21] REQUEST POST - https://localhost:8082/public/ws/Reports.asmx/Economics
[2020-01-27 16:49:21] ---- FROM  ::1 (WinNT)
[2020-01-27 16:49:21] ---- BROWSER:  Firefox 72.0 (Mozilla/5.0 (Windows NT 10.0; Win64; x64; rv:72.0) Gecko/20100101 Firefox/72.0)
[2020-01-27 16:49:21] ---- CONTENT: {data : "<?xml version='1.0' encoding='utf-8' ?><Request ID='20200127164921182'><General><Token>11111121252221224308000011333382</Token></General><Data><Format>5</Format></Data></Request>"}
[2020-01-27 16:49:42] 200 - OK - application/json
[2020-01-27 16:51:32] REQUEST GET - https://localhost:8082/home/welcome
[2020-01-27 16:51:32] ---- FROM  ::1 (WinNT)
[2020-01-27 16:51:32] ---- BROWSER:  Firefox 72.0 (Mozilla/5.0 (Windows NT 10.0; Win64; x64; rv:72.0) Gecko/20100101 Firefox/72.0)
[2020-01-27 16:51:32] 200 - OK - text/html
[2020-01-27 16:51:33] REQUEST POST - https://localhost:8082/public/ws/General.asmx/Set
[2020-01-27 16:51:33] ---- FROM  ::1 (WinNT)
[2020-01-27 16:51:33] ---- BROWSER:  Firefox 72.0 (Mozilla/5.0 (Windows NT 10.0; Win64; x64; rv:72.0) Gecko/20100101 Firefox/72.0)
[2020-01-27 16:51:33] ---- CONTENT: {data : "<?xml version='1.0' encoding='utf-8' ?><Request ID='20200127165133508'><General><Token>11111121252221224308000011333382</Token></General><Data><Nome>Business Plan Test nr. 1</Nome><Logo>https%3A%2F%2Flocalhost%3A8082%2Fscratch%2Fpl_logo.png</Logo></Data></Request>"}
[2020-01-27 16:51:33] 200 - OK - application/json
[2020-01-27 16:51:33] REQUEST POST - https://localhost:8082/public/ws/Config.asmx/Economics_Get
[2020-01-27 16:51:33] ---- FROM  ::1 (WinNT)
[2020-01-27 16:51:33] ---- BROWSER:  Firefox 72.0 (Mozilla/5.0 (Windows NT 10.0; Win64; x64; rv:72.0) Gecko/20100101 Firefox/72.0)
[2020-01-27 16:51:33] ---- CONTENT: {data : "<?xml version='1.0' encoding='utf-8' ?><Request ID='20200127165133532'><General><Token>11111121252221224308000011333382</Token></General><Data></Data></Request>"}
[2020-01-27 16:51:33] 200 - OK - application/json
[2020-01-27 16:51:33] REQUEST POST - https://localhost:8082/public/ws/Config.asmx/All_Get
[2020-01-27 16:51:33] ---- FROM  ::1 (WinNT)
[2020-01-27 16:51:33] ---- BROWSER:  Firefox 72.0 (Mozilla/5.0 (Windows NT 10.0; Win64; x64; rv:72.0) Gecko/20100101 Firefox/72.0)
[2020-01-27 16:51:33] ---- CONTENT: {data : "<?xml version='1.0' encoding='utf-8' ?><Request ID='20200127165133591'><General><Token>11111121252221224308000011333382</Token></General><Data></Data></Request>"}
[2020-01-27 16:51:33] 200 - OK - application/json
[2020-01-27 16:51:33] REQUEST POST - https://localhost:8082/public/ws/Economics.asmx/messaggi_summary
[2020-01-27 16:51:33] ---- FROM  ::1 (WinNT)
[2020-01-27 16:51:33] ---- BROWSER:  Firefox 72.0 (Mozilla/5.0 (Windows NT 10.0; Win64; x64; rv:72.0) Gecko/20100101 Firefox/72.0)
[2020-01-27 16:51:33] ---- CONTENT: {data : "<?xml version='1.0' encoding='utf-8' ?><Request ID='20200127165133647'><General><Token>11111121252221224308000011333382</Token></General><Data></Data></Request>"}
[2020-01-27 16:51:33] 200 - OK - application/json
[2020-01-27 16:51:33] REQUEST POST - https://localhost:8082/public/ws/Config.asmx/All_Get
[2020-01-27 16:51:33] ---- FROM  ::1 (WinNT)
[2020-01-27 16:51:33] ---- BROWSER:  Firefox 72.0 (Mozilla/5.0 (Windows NT 10.0; Win64; x64; rv:72.0) Gecko/20100101 Firefox/72.0)
[2020-01-27 16:51:33] ---- CONTENT: {data : "<?xml version='1.0' encoding='utf-8' ?><Request ID='20200127165133696'><General><Token>11111121252221224308000011333382</Token></General><Data></Data></Request>"}
[2020-01-27 16:51:33] 200 - OK - application/json
[2020-01-27 16:51:33] REQUEST POST - https://localhost:8082/public/ws/Config.asmx/All_Get
[2020-01-27 16:51:33] ---- FROM  ::1 (WinNT)
[2020-01-27 16:51:33] ---- BROWSER:  Firefox 72.0 (Mozilla/5.0 (Windows NT 10.0; Win64; x64; rv:72.0) Gecko/20100101 Firefox/72.0)
[2020-01-27 16:51:33] ---- CONTENT: {data : "<?xml version='1.0' encoding='utf-8' ?><Request ID='20200127165133766'><General><Token>11111121252221224308000011333382</Token></General><Data></Data></Request>"}
[2020-01-27 16:51:33] 200 - OK - application/json
[2020-01-27 16:51:38] REQUEST GET - https://localhost:8082/home/welcome
[2020-01-27 16:51:38] ---- FROM  ::1 (WinNT)
[2020-01-27 16:51:38] ---- BROWSER:  Firefox 72.0 (Mozilla/5.0 (Windows NT 10.0; Win64; x64; rv:72.0) Gecko/20100101 Firefox/72.0)
[2020-01-27 16:51:38] 200 - OK - text/html
[2020-01-27 16:51:38] REQUEST POST - https://localhost:8082/public/ws/General.asmx/Set
[2020-01-27 16:51:38] ---- FROM  ::1 (WinNT)
[2020-01-27 16:51:38] ---- BROWSER:  Firefox 72.0 (Mozilla/5.0 (Windows NT 10.0; Win64; x64; rv:72.0) Gecko/20100101 Firefox/72.0)
[2020-01-27 16:51:38] ---- CONTENT: {data : "<?xml version='1.0' encoding='utf-8' ?><Request ID='20200127165138714'><General><Token>11111121252221224308000011333382</Token></General><Data><Nome>Business Plan Test nr. 1</Nome><Logo>https%3A%2F%2Flocalhost%3A8082%2Fscratch%2Fpl_logo.png</Logo></Data></Request>"}
[2020-01-27 16:51:38] 200 - OK - application/json
[2020-01-27 16:51:38] REQUEST POST - https://localhost:8082/public/ws/Config.asmx/Economics_Get
[2020-01-27 16:51:38] ---- FROM  ::1 (WinNT)
[2020-01-27 16:51:38] ---- BROWSER:  Firefox 72.0 (Mozilla/5.0 (Windows NT 10.0; Win64; x64; rv:72.0) Gecko/20100101 Firefox/72.0)
[2020-01-27 16:51:38] ---- CONTENT: {data : "<?xml version='1.0' encoding='utf-8' ?><Request ID='20200127165138731'><General><Token>11111121252221224308000011333382</Token></General><Data></Data></Request>"}
[2020-01-27 16:51:38] 200 - OK - application/json
[2020-01-27 16:51:38] REQUEST POST - https://localhost:8082/public/ws/Config.asmx/All_Get
[2020-01-27 16:51:38] ---- FROM  ::1 (WinNT)
[2020-01-27 16:51:38] ---- BROWSER:  Firefox 72.0 (Mozilla/5.0 (Windows NT 10.0; Win64; x64; rv:72.0) Gecko/20100101 Firefox/72.0)
[2020-01-27 16:51:38] ---- CONTENT: {data : "<?xml version='1.0' encoding='utf-8' ?><Request ID='20200127165138790'><General><Token>11111121252221224308000011333382</Token></General><Data></Data></Request>"}
[2020-01-27 16:51:38] 200 - OK - application/json
[2020-01-27 16:51:38] REQUEST POST - https://localhost:8082/public/ws/Economics.asmx/messaggi_summary
[2020-01-27 16:51:38] ---- FROM  ::1 (WinNT)
[2020-01-27 16:51:38] ---- BROWSER:  Firefox 72.0 (Mozilla/5.0 (Windows NT 10.0; Win64; x64; rv:72.0) Gecko/20100101 Firefox/72.0)
[2020-01-27 16:51:38] ---- CONTENT: {data : "<?xml version='1.0' encoding='utf-8' ?><Request ID='20200127165138834'><General><Token>11111121252221224308000011333382</Token></General><Data></Data></Request>"}
[2020-01-27 16:51:38] 200 - OK - application/json
[2020-01-27 16:51:38] REQUEST POST - https://localhost:8082/public/ws/Config.asmx/All_Get
[2020-01-27 16:51:38] ---- FROM  ::1 (WinNT)
[2020-01-27 16:51:38] ---- BROWSER:  Firefox 72.0 (Mozilla/5.0 (Windows NT 10.0; Win64; x64; rv:72.0) Gecko/20100101 Firefox/72.0)
[2020-01-27 16:51:38] ---- CONTENT: {data : "<?xml version='1.0' encoding='utf-8' ?><Request ID='20200127165138881'><General><Token>11111121252221224308000011333382</Token></General><Data></Data></Request>"}
[2020-01-27 16:51:38] 200 - OK - application/json
[2020-01-27 16:51:38] REQUEST POST - https://localhost:8082/public/ws/Config.asmx/All_Get
[2020-01-27 16:51:38] ---- FROM  ::1 (WinNT)
[2020-01-27 16:51:38] ---- BROWSER:  Firefox 72.0 (Mozilla/5.0 (Windows NT 10.0; Win64; x64; rv:72.0) Gecko/20100101 Firefox/72.0)
[2020-01-27 16:51:38] ---- CONTENT: {data : "<?xml version='1.0' encoding='utf-8' ?><Request ID='20200127165138946'><General><Token>11111121252221224308000011333382</Token></General><Data></Data></Request>"}
[2020-01-27 16:51:38] 200 - OK - application/json
[2020-01-27 16:51:52] REQUEST POST - https://localhost:8082/public/aspx/Home.aspx
[2020-01-27 16:51:52] ---- FROM  ::1 (WinNT)
[2020-01-27 16:51:52] ---- BROWSER:  Firefox 72.0 (Mozilla/5.0 (Windows NT 10.0; Win64; x64; rv:72.0) Gecko/20100101 Firefox/72.0)
[2020-01-27 16:51:52] ---- CONTENT: Token%3D11111121252221224308000011333382%26TokenApiRest%3DeyJ0eXAiOiJKV1QiLCJhbGciOiJIUzI1NiJ9.eyJpc3MiOiJodHRwczpcL1wvd3d3cy5kZXYteWVhcC5pdCIsImlhdCI6MTU0MjI5NDMyMSwibmJmIjoxNTQyMjk0MzIxLCJleHAiOjE1NDI4OTkxMjEsImRhdGEiOnsidXNlciI6eyJpZCI6IjQ0In19fQ.RCP5OeoGASxAyBw1MbMD4BFJAcDM5JIXqYXKBALZcJI%26Logo%3Dhttps%3A%2F%2Flocalhost%3A8082%2Fscratch%2Fpl_logo.png%26Title%3DBusiness+Plan+Test+nr.+1%26isODC%3D1%26ruolo%3D0=
[2020-01-27 16:51:52] 302 - Found - text/html
[2020-01-27 16:51:52] REQUEST GET - https://localhost:8082/home/welcome
[2020-01-27 16:51:52] ---- FROM  ::1 (WinNT)
[2020-01-27 16:51:52] ---- BROWSER:  Firefox 72.0 (Mozilla/5.0 (Windows NT 10.0; Win64; x64; rv:72.0) Gecko/20100101 Firefox/72.0)
[2020-01-27 16:51:52] 200 - OK - text/html
[2020-01-27 16:51:53] REQUEST POST - https://localhost:8082/public/ws/General.asmx/Set
[2020-01-27 16:51:53] ---- FROM  ::1 (WinNT)
[2020-01-27 16:51:53] ---- BROWSER:  Firefox 72.0 (Mozilla/5.0 (Windows NT 10.0; Win64; x64; rv:72.0) Gecko/20100101 Firefox/72.0)
[2020-01-27 16:51:53] ---- CONTENT: {data : "<?xml version='1.0' encoding='utf-8' ?><Request ID='20200127165153509'><General><Token>11111121252221224308000011333382</Token></General><Data><Nome>Business Plan Test nr. 1</Nome><Logo>https%3A%2F%2Flocalhost%3A8082%2Fscratch%2Fpl_logo.png</Logo></Data></Request>"}
[2020-01-27 16:51:53] 200 - OK - application/json
[2020-01-27 16:51:53] REQUEST POST - https://localhost:8082/public/ws/Config.asmx/Economics_Get
[2020-01-27 16:51:53] ---- FROM  ::1 (WinNT)
[2020-01-27 16:51:53] ---- BROWSER:  Firefox 72.0 (Mozilla/5.0 (Windows NT 10.0; Win64; x64; rv:72.0) Gecko/20100101 Firefox/72.0)
[2020-01-27 16:51:53] ---- CONTENT: {data : "<?xml version='1.0' encoding='utf-8' ?><Request ID='20200127165153544'><General><Token>11111121252221224308000011333382</Token></General><Data></Data></Request>"}
[2020-01-27 16:51:53] 200 - OK - application/json
[2020-01-27 16:51:53] REQUEST POST - https://localhost:8082/public/ws/Config.asmx/All_Get
[2020-01-27 16:51:53] ---- FROM  ::1 (WinNT)
[2020-01-27 16:51:53] ---- BROWSER:  Firefox 72.0 (Mozilla/5.0 (Windows NT 10.0; Win64; x64; rv:72.0) Gecko/20100101 Firefox/72.0)
[2020-01-27 16:51:53] ---- CONTENT: {data : "<?xml version='1.0' encoding='utf-8' ?><Request ID='20200127165153666'><General><Token>11111121252221224308000011333382</Token></General><Data></Data></Request>"}
[2020-01-27 16:51:53] REQUEST POST - https://localhost:8082/public/ws/Economics.asmx/messaggi_summary
[2020-01-27 16:51:53] ---- FROM  ::1 (WinNT)
[2020-01-27 16:51:53] ---- BROWSER:  Firefox 72.0 (Mozilla/5.0 (Windows NT 10.0; Win64; x64; rv:72.0) Gecko/20100101 Firefox/72.0)
[2020-01-27 16:51:53] ---- CONTENT: {data : "<?xml version='1.0' encoding='utf-8' ?><Request ID='20200127165153727'><General><Token>11111121252221224308000011333382</Token></General><Data></Data></Request>"}
[2020-01-27 16:51:53] 200 - OK - application/json
[2020-01-27 16:51:53] REQUEST POST - https://localhost:8082/public/ws/Config.asmx/All_Get
[2020-01-27 16:51:53] ---- FROM  ::1 (WinNT)
[2020-01-27 16:51:53] ---- BROWSER:  Firefox 72.0 (Mozilla/5.0 (Windows NT 10.0; Win64; x64; rv:72.0) Gecko/20100101 Firefox/72.0)
[2020-01-27 16:51:53] ---- CONTENT: {data : "<?xml version='1.0' encoding='utf-8' ?><Request ID='20200127165153858'><General><Token>11111121252221224308000011333382</Token></General><Data></Data></Request>"}
[2020-01-27 16:51:53] 200 - OK - application/json
[2020-01-27 16:51:53] REQUEST POST - https://localhost:8082/public/ws/Config.asmx/All_Get
[2020-01-27 16:51:54] ---- FROM  ::1 (WinNT)
[2020-01-27 16:51:54] ---- BROWSER:  Firefox 72.0 (Mozilla/5.0 (Windows NT 10.0; Win64; x64; rv:72.0) Gecko/20100101 Firefox/72.0)
[2020-01-27 16:51:54] ---- CONTENT: {data : "<?xml version='1.0' encoding='utf-8' ?><Request ID='20200127165153944'><General><Token>11111121252221224308000011333382</Token></General><Data></Data></Request>"}
[2020-01-27 16:51:53] 200 - OK - application/json
[2020-01-27 16:51:54] 200 - OK - application/json
[2020-01-27 16:53:00] REQUEST GET - https://localhost:8082/home/welcome
[2020-01-27 16:53:00] ---- FROM  ::1 (WinNT)
[2020-01-27 16:53:00] ---- BROWSER:  Firefox 72.0 (Mozilla/5.0 (Windows NT 10.0; Win64; x64; rv:72.0) Gecko/20100101 Firefox/72.0)
[2020-01-27 16:53:00] 302 - Found - text/html
[2020-01-27 16:53:01] REQUEST GET - https://localhost:8082/public/aspx/Home.aspx?ReturnUrl=%2fhome%2fwelcome
[2020-01-27 16:53:01] ---- FROM  ::1 (WinNT)
[2020-01-27 16:53:01] ---- BROWSER:  Firefox 72.0 (Mozilla/5.0 (Windows NT 10.0; Win64; x64; rv:72.0) Gecko/20100101 Firefox/72.0)
[2020-01-27 16:53:01] 200 - OK - text/html
[2020-01-27 16:58:17] REQUEST POST - https://localhost:8082/public/ws/Reports.asmx/Economics
[2020-01-27 16:58:17] ---- FROM  ::1 (WinNT)
[2020-01-27 16:58:17] ---- BROWSER:  Firefox 72.0 (Mozilla/5.0 (Windows NT 10.0; Win64; x64; rv:72.0) Gecko/20100101 Firefox/72.0)
[2020-01-27 16:58:17] ---- CONTENT: {data : "<?xml version='1.0' encoding='utf-8' ?><Request ID='20200127165817414'><General><Token>11111121252221224308000011333382</Token></General><Data><Format>5</Format></Data></Request>"}
[2020-01-27 16:58:34] 200 - OK - application/json
[2020-01-27 17:06:55] REQUEST POST - https://localhost:8082/public/aspx/Home.aspx
[2020-01-27 17:06:55] ---- FROM  ::1 (WinNT)
[2020-01-27 17:06:55] ---- BROWSER:  Firefox 72.0 (Mozilla/5.0 (Windows NT 10.0; Win64; x64; rv:72.0) Gecko/20100101 Firefox/72.0)
[2020-01-27 17:06:55] ---- CONTENT: Token%3D11111121252221224308000011333382%26TokenApiRest%3DeyJ0eXAiOiJKV1QiLCJhbGciOiJIUzI1NiJ9.eyJpc3MiOiJodHRwczpcL1wvd3d3cy5kZXYteWVhcC5pdCIsImlhdCI6MTU0MjI5NDMyMSwibmJmIjoxNTQyMjk0MzIxLCJleHAiOjE1NDI4OTkxMjEsImRhdGEiOnsidXNlciI6eyJpZCI6IjQ0In19fQ.RCP5OeoGASxAyBw1MbMD4BFJAcDM5JIXqYXKBALZcJI%26Logo%3Dhttps%3A%2F%2Flocalhost%3A8082%2Fscratch%2Fpl_logo.png%26Title%3DBusiness+Plan+Test+nr.+1%26isODC%3D1%26ruolo%3D0=
[2020-01-27 17:06:55] 302 - Found - text/html
[2020-01-27 17:06:55] REQUEST GET - https://localhost:8082/home/welcome
[2020-01-27 17:06:55] ---- FROM  ::1 (WinNT)
[2020-01-27 17:06:55] ---- BROWSER:  Firefox 72.0 (Mozilla/5.0 (Windows NT 10.0; Win64; x64; rv:72.0) Gecko/20100101 Firefox/72.0)
[2020-01-27 17:06:55] 200 - OK - text/html
[2020-01-27 17:06:56] REQUEST POST - https://localhost:8082/public/ws/General.asmx/Set
[2020-01-27 17:06:56] ---- FROM  ::1 (WinNT)
[2020-01-27 17:06:56] ---- BROWSER:  Firefox 72.0 (Mozilla/5.0 (Windows NT 10.0; Win64; x64; rv:72.0) Gecko/20100101 Firefox/72.0)
[2020-01-27 17:06:56] ---- CONTENT: {data : "<?xml version='1.0' encoding='utf-8' ?><Request ID='20200127170656475'><General><Token>11111121252221224308000011333382</Token></General><Data><Nome>Business Plan Test nr. 1</Nome><Logo>https%3A%2F%2Flocalhost%3A8082%2Fscratch%2Fpl_logo.png</Logo></Data></Request>"}
[2020-01-27 17:06:56] 200 - OK - application/json
[2020-01-27 17:06:56] REQUEST POST - https://localhost:8082/public/ws/Config.asmx/Economics_Get
[2020-01-27 17:06:56] ---- FROM  ::1 (WinNT)
[2020-01-27 17:06:56] ---- BROWSER:  Firefox 72.0 (Mozilla/5.0 (Windows NT 10.0; Win64; x64; rv:72.0) Gecko/20100101 Firefox/72.0)
[2020-01-27 17:06:56] ---- CONTENT: {data : "<?xml version='1.0' encoding='utf-8' ?><Request ID='20200127170656542'><General><Token>11111121252221224308000011333382</Token></General><Data></Data></Request>"}
[2020-01-27 17:06:56] 200 - OK - application/json
[2020-01-27 17:06:56] REQUEST POST - https://localhost:8082/public/ws/Economics.asmx/messaggi_summary
[2020-01-27 17:06:56] ---- FROM  ::1 (WinNT)
[2020-01-27 17:06:56] ---- BROWSER:  Firefox 72.0 (Mozilla/5.0 (Windows NT 10.0; Win64; x64; rv:72.0) Gecko/20100101 Firefox/72.0)
[2020-01-27 17:06:56] ---- CONTENT: {data : "<?xml version='1.0' encoding='utf-8' ?><Request ID='20200127170656687'><General><Token>11111121252221224308000011333382</Token></General><Data></Data></Request>"}
[2020-01-27 17:06:56] REQUEST POST - https://localhost:8082/public/ws/Config.asmx/All_Get
[2020-01-27 17:06:56] ---- FROM  ::1 (WinNT)
[2020-01-27 17:06:56] ---- BROWSER:  Firefox 72.0 (Mozilla/5.0 (Windows NT 10.0; Win64; x64; rv:72.0) Gecko/20100101 Firefox/72.0)
[2020-01-27 17:06:56] ---- CONTENT: {data : "<?xml version='1.0' encoding='utf-8' ?><Request ID='20200127170656725'><General><Token>11111121252221224308000011333382</Token></General><Data></Data></Request>"}
[2020-01-27 17:06:56] REQUEST POST - https://localhost:8082/public/ws/Config.asmx/All_Get
[2020-01-27 17:06:56] ---- FROM  ::1 (WinNT)
[2020-01-27 17:06:56] ---- BROWSER:  Firefox 72.0 (Mozilla/5.0 (Windows NT 10.0; Win64; x64; rv:72.0) Gecko/20100101 Firefox/72.0)
[2020-01-27 17:06:56] 200 - OK - application/json
[2020-01-27 17:06:56] ---- CONTENT: {data : "<?xml version='1.0' encoding='utf-8' ?><Request ID='20200127170656844'><General><Token>11111121252221224308000011333382</Token></General><Data></Data></Request>"}
[2020-01-27 17:06:56] REQUEST POST - https://localhost:8082/public/ws/Config.asmx/All_Get
[2020-01-27 17:06:57] ---- FROM  ::1 (WinNT)
[2020-01-27 17:06:57] ---- BROWSER:  Firefox 72.0 (Mozilla/5.0 (Windows NT 10.0; Win64; x64; rv:72.0) Gecko/20100101 Firefox/72.0)
[2020-01-27 17:06:57] ---- CONTENT: {data : "<?xml version='1.0' encoding='utf-8' ?><Request ID='20200127170656907'><General><Token>11111121252221224308000011333382</Token></General><Data></Data></Request>"}
[2020-01-27 17:06:57] 200 - OK - application/json
[2020-01-27 17:06:57] 200 - OK - application/json
[2020-01-27 17:06:57] 200 - OK - application/json
[2020-01-27 17:07:09] REQUEST POST - https://localhost:8082/public/ws/Reports.asmx/Economics
[2020-01-27 17:07:09] ---- FROM  ::1 (WinNT)
[2020-01-27 17:07:09] ---- BROWSER:  Firefox 72.0 (Mozilla/5.0 (Windows NT 10.0; Win64; x64; rv:72.0) Gecko/20100101 Firefox/72.0)
[2020-01-27 17:07:09] ---- CONTENT: {data : "<?xml version='1.0' encoding='utf-8' ?><Request ID='20200127170709342'><General><Token>11111121252221224308000011333382</Token></General><Data><Format>5</Format></Data></Request>"}
[2020-01-27 17:07:33] 200 - OK - application/json
