[2020-01-22 12:24:24] REQUEST POST - https://localhost:8082/public/aspx/Home.aspx
[2020-01-22 12:24:24] ---- FROM  ::1 (WinNT)
[2020-01-22 12:24:24] ---- BROWSER:  Firefox 72.0 (Mozilla/5.0 (Windows NT 10.0; Win64; x64; rv:72.0) Gecko/20100101 Firefox/72.0)
[2020-01-22 12:24:24] ---- CONTENT: Token%3D80000158550000504101069722711663%26TokenApiRest%3DeyJ0eXAiOiJKV1QiLCJhbGciOiJIUzI1NiJ9.eyJpc3MiOiJodHRwczpcL1wvd3d3cy5kZXYteWVhcC5pdCIsImlhdCI6MTU3OTUyOTM3OSwibmJmIjoxNTc5NTI5Mzc5LCJleHAiOjE1ODAxMzQxNzksImRhdGEiOnsidXNlciI6eyJpZCI6IjQ1In19fQ.goBBAlantjnBMzma3UUFj2M9xJuuzNy1gnUkPWggnxU%26Logo%3Dhttps%3A%2F%2Fwwws.dev-yeap.it%2Fwp-content%2Fuploads%2F2018%2F09%2FPL-Logo2015.jpg%26Title%3DBusiness+Plane+Rinominato%26isODC%3D0=
[2020-01-22 12:24:24] 302 - Found - text/html
[2020-01-22 12:24:24] REQUEST GET - https://localhost:8082/home/welcome
[2020-01-22 12:24:24] ---- FROM  ::1 (WinNT)
[2020-01-22 12:24:24] ---- BROWSER:  Firefox 72.0 (Mozilla/5.0 (Windows NT 10.0; Win64; x64; rv:72.0) Gecko/20100101 Firefox/72.0)
[2020-01-22 12:24:24] 200 - OK - text/html
[2020-01-22 12:24:24] REQUEST POST - https://localhost:8082/public/ws/General.asmx/Set
[2020-01-22 12:24:24] ---- FROM  ::1 (WinNT)
[2020-01-22 12:24:24] ---- BROWSER:  Firefox 72.0 (Mozilla/5.0 (Windows NT 10.0; Win64; x64; rv:72.0) Gecko/20100101 Firefox/72.0)
[2020-01-22 12:24:24] ---- CONTENT: {data : "<?xml version='1.0' encoding='utf-8' ?><Request ID='20200122122424977'><General><Token>80000158550000504101069722711663</Token></General><Data><Nome>Business Plane Rinominato</Nome><Logo>https%3A%2F%2Fwwws.dev-yeap.it%2Fwp-content%2Fuploads%2F2018%2F09%2FPL-Logo2015.jpg</Logo></Data></Request>"}
[2020-01-22 12:24:25] 200 - OK - application/json
[2020-01-22 12:24:25] REQUEST POST - https://localhost:8082/public/ws/Config.asmx/Economics_Get
[2020-01-22 12:24:25] ---- FROM  ::1 (WinNT)
[2020-01-22 12:24:25] ---- BROWSER:  Firefox 72.0 (Mozilla/5.0 (Windows NT 10.0; Win64; x64; rv:72.0) Gecko/20100101 Firefox/72.0)
[2020-01-22 12:24:25] ---- CONTENT: {data : "<?xml version='1.0' encoding='utf-8' ?><Request ID='20200122122425566'><General><Token>80000158550000504101069722711663</Token></General><Data></Data></Request>"}
[2020-01-22 12:24:25] 200 - OK - application/json
[2020-01-22 12:24:25] REQUEST POST - https://localhost:8082/public/ws/Config.asmx/All_Get
[2020-01-22 12:24:25] ---- FROM  ::1 (WinNT)
[2020-01-22 12:24:25] ---- BROWSER:  Firefox 72.0 (Mozilla/5.0 (Windows NT 10.0; Win64; x64; rv:72.0) Gecko/20100101 Firefox/72.0)
[2020-01-22 12:24:25] ---- CONTENT: {data : "<?xml version='1.0' encoding='utf-8' ?><Request ID='20200122122425898'><General><Token>80000158550000504101069722711663</Token></General><Data></Data></Request>"}
[2020-01-22 12:24:25] REQUEST POST - https://localhost:8082/public/ws/Economics.asmx/messaggi_summary
[2020-01-22 12:24:25] ---- FROM  ::1 (WinNT)
[2020-01-22 12:24:25] ---- BROWSER:  Firefox 72.0 (Mozilla/5.0 (Windows NT 10.0; Win64; x64; rv:72.0) Gecko/20100101 Firefox/72.0)
[2020-01-22 12:24:25] ---- CONTENT: {data : "<?xml version='1.0' encoding='utf-8' ?><Request ID='20200122122425946'><General><Token>80000158550000504101069722711663</Token></General><Data></Data></Request>"}
[2020-01-22 12:24:26] REQUEST POST - https://localhost:8082/public/ws/Config.asmx/All_Get
[2020-01-22 12:24:26] ---- FROM  ::1 (WinNT)
[2020-01-22 12:24:26] ---- BROWSER:  Firefox 72.0 (Mozilla/5.0 (Windows NT 10.0; Win64; x64; rv:72.0) Gecko/20100101 Firefox/72.0)
[2020-01-22 12:24:26] ---- CONTENT: {data : "<?xml version='1.0' encoding='utf-8' ?><Request ID='2020012212242684'><General><Token>80000158550000504101069722711663</Token></General><Data></Data></Request>"}
[2020-01-22 12:24:26] 200 - OK - application/json
[2020-01-22 12:24:26] 200 - OK - application/json
[2020-01-22 12:24:26] 200 - OK - application/json
[2020-01-22 12:24:26] REQUEST POST - https://localhost:8082/public/ws/Config.asmx/All_Get
[2020-01-22 12:24:26] ---- FROM  ::1 (WinNT)
[2020-01-22 12:24:26] ---- BROWSER:  Firefox 72.0 (Mozilla/5.0 (Windows NT 10.0; Win64; x64; rv:72.0) Gecko/20100101 Firefox/72.0)
[2020-01-22 12:24:26] ---- CONTENT: {data : "<?xml version='1.0' encoding='utf-8' ?><Request ID='20200122122426337'><General><Token>80000158550000504101069722711663</Token></General><Data></Data></Request>"}
[2020-01-22 12:24:26] 200 - OK - application/json
[2020-01-22 12:24:28] REQUEST POST - https://localhost:8082/public/ws/Reports.asmx/Economics
[2020-01-22 12:24:28] ---- FROM  ::1 (WinNT)
[2020-01-22 12:24:28] ---- BROWSER:  Firefox 72.0 (Mozilla/5.0 (Windows NT 10.0; Win64; x64; rv:72.0) Gecko/20100101 Firefox/72.0)
[2020-01-22 12:24:28] ---- CONTENT: {data : "<?xml version='1.0' encoding='utf-8' ?><Request ID='20200122122428500'><General><Token>80000158550000504101069722711663</Token></General><Data></Data></Request>"}
[2020-01-22 12:24:53] 200 - OK - application/json
[2020-01-22 12:25:31] REQUEST POST - https://localhost:8082/public/aspx/Home.aspx
[2020-01-22 12:25:31] ---- FROM  ::1 (WinNT)
[2020-01-22 12:25:31] ---- BROWSER:  Firefox 72.0 (Mozilla/5.0 (Windows NT 10.0; Win64; x64; rv:72.0) Gecko/20100101 Firefox/72.0)
[2020-01-22 12:25:31] ---- CONTENT: Token%3D11111121252221224308000011333382%26TokenApiRest%3DeyJ0eXAiOiJKV1QiLCJhbGciOiJIUzI1NiJ9.eyJpc3MiOiJodHRwczpcL1wvd3d3cy5kZXYteWVhcC5pdCIsImlhdCI6MTU0MjI5NDMyMSwibmJmIjoxNTQyMjk0MzIxLCJleHAiOjE1NDI4OTkxMjEsImRhdGEiOnsidXNlciI6eyJpZCI6IjQ0In19fQ.RCP5OeoGASxAyBw1MbMD4BFJAcDM5JIXqYXKBALZcJI%26Logo%3Dhttps%3A%2F%2Flocalhost%3A8082%2Fscratch%2Fpl_logo.png%26Title%3DBusiness+Plan+Test+nr.+1%26isODC%3D1=
[2020-01-22 12:25:31] 302 - Found - text/html
[2020-01-22 12:25:31] REQUEST GET - https://localhost:8082/home/welcome
[2020-01-22 12:25:31] ---- FROM  ::1 (WinNT)
[2020-01-22 12:25:31] ---- BROWSER:  Firefox 72.0 (Mozilla/5.0 (Windows NT 10.0; Win64; x64; rv:72.0) Gecko/20100101 Firefox/72.0)
[2020-01-22 12:25:31] 200 - OK - text/html
[2020-01-22 12:25:32] REQUEST POST - https://localhost:8082/public/ws/General.asmx/Set
[2020-01-22 12:25:32] ---- FROM  ::1 (WinNT)
[2020-01-22 12:25:32] ---- BROWSER:  Firefox 72.0 (Mozilla/5.0 (Windows NT 10.0; Win64; x64; rv:72.0) Gecko/20100101 Firefox/72.0)
[2020-01-22 12:25:32] ---- CONTENT: {data : "<?xml version='1.0' encoding='utf-8' ?><Request ID='2020012212253290'><General><Token>11111121252221224308000011333382</Token></General><Data><Nome>Business Plan Test nr. 1</Nome><Logo>https%3A%2F%2Flocalhost%3A8082%2Fscratch%2Fpl_logo.png</Logo></Data></Request>"}
[2020-01-22 12:25:32] 200 - OK - application/json
[2020-01-22 12:25:32] REQUEST POST - https://localhost:8082/public/ws/Config.asmx/Economics_Get
[2020-01-22 12:25:32] ---- FROM  ::1 (WinNT)
[2020-01-22 12:25:32] ---- BROWSER:  Firefox 72.0 (Mozilla/5.0 (Windows NT 10.0; Win64; x64; rv:72.0) Gecko/20100101 Firefox/72.0)
[2020-01-22 12:25:32] ---- CONTENT: {data : "<?xml version='1.0' encoding='utf-8' ?><Request ID='20200122122532134'><General><Token>11111121252221224308000011333382</Token></General><Data></Data></Request>"}
[2020-01-22 12:25:32] 200 - OK - application/json
[2020-01-22 12:25:32] REQUEST POST - https://localhost:8082/public/ws/Config.asmx/All_Get
[2020-01-22 12:25:32] ---- FROM  ::1 (WinNT)
[2020-01-22 12:25:32] ---- BROWSER:  Firefox 72.0 (Mozilla/5.0 (Windows NT 10.0; Win64; x64; rv:72.0) Gecko/20100101 Firefox/72.0)
[2020-01-22 12:25:32] ---- CONTENT: {data : "<?xml version='1.0' encoding='utf-8' ?><Request ID='20200122122532285'><General><Token>11111121252221224308000011333382</Token></General><Data></Data></Request>"}
[2020-01-22 12:25:32] REQUEST POST - https://localhost:8082/public/ws/Economics.asmx/messaggi_summary
[2020-01-22 12:25:32] ---- FROM  ::1 (WinNT)
[2020-01-22 12:25:32] ---- BROWSER:  Firefox 72.0 (Mozilla/5.0 (Windows NT 10.0; Win64; x64; rv:72.0) Gecko/20100101 Firefox/72.0)
[2020-01-22 12:25:32] ---- CONTENT: {data : "<?xml version='1.0' encoding='utf-8' ?><Request ID='20200122122532345'><General><Token>11111121252221224308000011333382</Token></General><Data></Data></Request>"}
[2020-01-22 12:25:32] REQUEST POST - https://localhost:8082/public/ws/Config.asmx/All_Get
[2020-01-22 12:25:32] ---- FROM  ::1 (WinNT)
[2020-01-22 12:25:32] ---- BROWSER:  Firefox 72.0 (Mozilla/5.0 (Windows NT 10.0; Win64; x64; rv:72.0) Gecko/20100101 Firefox/72.0)
[2020-01-22 12:25:32] ---- CONTENT: {data : "<?xml version='1.0' encoding='utf-8' ?><Request ID='20200122122532468'><General><Token>11111121252221224308000011333382</Token></General><Data></Data></Request>"}
[2020-01-22 12:25:32] 200 - OK - application/json
[2020-01-22 12:25:32] 200 - OK - application/json
[2020-01-22 12:25:32] REQUEST POST - https://localhost:8082/public/ws/Config.asmx/All_Get
[2020-01-22 12:25:32] ---- FROM  ::1 (WinNT)
[2020-01-22 12:25:32] ---- BROWSER:  Firefox 72.0 (Mozilla/5.0 (Windows NT 10.0; Win64; x64; rv:72.0) Gecko/20100101 Firefox/72.0)
[2020-01-22 12:25:32] ---- CONTENT: {data : "<?xml version='1.0' encoding='utf-8' ?><Request ID='20200122122532529'><General><Token>11111121252221224308000011333382</Token></General><Data></Data></Request>"}
[2020-01-22 12:25:32] 200 - OK - application/json
[2020-01-22 12:25:32] 200 - OK - application/json
[2020-01-22 12:25:36] REQUEST GET - https://localhost:8082/home/welcome
[2020-01-22 12:25:36] ---- FROM  ::1 (WinNT)
[2020-01-22 12:25:36] ---- BROWSER:  Firefox 72.0 (Mozilla/5.0 (Windows NT 10.0; Win64; x64; rv:72.0) Gecko/20100101 Firefox/72.0)
[2020-01-22 12:25:36] 302 - Found - text/html
[2020-01-22 12:25:36] REQUEST GET - https://localhost:8082/public/aspx/Home.aspx?ReturnUrl=%2fhome%2fwelcome
[2020-01-22 12:25:36] ---- FROM  ::1 (WinNT)
[2020-01-22 12:25:36] ---- BROWSER:  Firefox 72.0 (Mozilla/5.0 (Windows NT 10.0; Win64; x64; rv:72.0) Gecko/20100101 Firefox/72.0)
[2020-01-22 12:25:36] 200 - OK - text/html
[2020-01-22 12:25:38] REQUEST POST - https://localhost:8082/public/ws/Reports.asmx/Economics
[2020-01-22 12:25:38] ---- FROM  ::1 (WinNT)
[2020-01-22 12:25:38] ---- BROWSER:  Firefox 72.0 (Mozilla/5.0 (Windows NT 10.0; Win64; x64; rv:72.0) Gecko/20100101 Firefox/72.0)
[2020-01-22 12:25:38] ---- CONTENT: {data : "<?xml version='1.0' encoding='utf-8' ?><Request ID='20200122122538324'><General><Token>11111121252221224308000011333382</Token></General><Data></Data></Request>"}
[2020-01-22 12:25:52] 200 - OK - application/json
[2020-01-22 12:32:46] REQUEST POST - https://localhost:8082/public/ws/Reports.asmx/Economics
[2020-01-22 12:32:46] ---- FROM  ::1 (WinNT)
[2020-01-22 12:32:46] ---- BROWSER:  Firefox 72.0 (Mozilla/5.0 (Windows NT 10.0; Win64; x64; rv:72.0) Gecko/20100101 Firefox/72.0)
[2020-01-22 12:32:46] ---- CONTENT: {data : "<?xml version='1.0' encoding='utf-8' ?><Request ID='20200122123246540'><General><Token>11111121252221224308000011333382</Token></General><Data></Data></Request>"}
[2020-01-22 12:32:59] 200 - OK - application/json
