[2020-01-28 10:57:04] REQUEST POST - https://localhost:8082/public/aspx/Home.aspx
[2020-01-28 10:57:04] ---- FROM  ::1 (WinNT)
[2020-01-28 10:57:04] ---- BROWSER:  Firefox 72.0 (Mozilla/5.0 (Windows NT 10.0; Win64; x64; rv:72.0) Gecko/20100101 Firefox/72.0)
[2020-01-28 10:57:04] ---- CONTENT: Token%3D11111121252221224308000011333382%26TokenApiRest%3DeyJ0eXAiOiJKV1QiLCJhbGciOiJIUzI1NiJ9.eyJpc3MiOiJodHRwczpcL1wvd3d3cy5kZXYteWVhcC5pdCIsImlhdCI6MTU0MjI5NDMyMSwibmJmIjoxNTQyMjk0MzIxLCJleHAiOjE1NDI4OTkxMjEsImRhdGEiOnsidXNlciI6eyJpZCI6IjQ0In19fQ.RCP5OeoGASxAyBw1MbMD4BFJAcDM5JIXqYXKBALZcJI%26Logo%3Dhttps%3A%2F%2Flocalhost%3A8082%2Fscratch%2Fpl_logo.png%26Title%3DBusiness+Plan+Test+nr.+1%26isODC%3D1%26ruolo%3D0%26trial_expired%3Dfalse=
[2020-01-28 10:57:23] 302 - Found - text/html
[2020-01-28 10:57:23] REQUEST GET - https://localhost:8082/home/welcome
[2020-01-28 10:57:23] ---- FROM  ::1 (WinNT)
[2020-01-28 10:57:23] ---- BROWSER:  Firefox 72.0 (Mozilla/5.0 (Windows NT 10.0; Win64; x64; rv:72.0) Gecko/20100101 Firefox/72.0)
[2020-01-28 10:57:27] 200 - OK - text/html
[2020-01-28 10:57:30] REQUEST POST - https://localhost:8082/public/ws/General.asmx/Set
[2020-01-28 10:57:30] ---- FROM  ::1 (WinNT)
[2020-01-28 10:57:30] ---- BROWSER:  Firefox 72.0 (Mozilla/5.0 (Windows NT 10.0; Win64; x64; rv:72.0) Gecko/20100101 Firefox/72.0)
[2020-01-28 10:57:30] ---- CONTENT: {data : "<?xml version='1.0' encoding='utf-8' ?><Request ID='20200128105730505'><General><Token>11111121252221224308000011333382</Token></General><Data><Nome>Business Plan Test nr. 1</Nome><Logo>https%3A%2F%2Flocalhost%3A8082%2Fscratch%2Fpl_logo.png</Logo></Data></Request>"}
[2020-01-28 10:57:31] 200 - OK - application/json
[2020-01-28 10:57:32] REQUEST POST - https://localhost:8082/public/ws/Config.asmx/Economics_Get
[2020-01-28 10:57:32] ---- FROM  ::1 (WinNT)
[2020-01-28 10:57:32] ---- BROWSER:  Firefox 72.0 (Mozilla/5.0 (Windows NT 10.0; Win64; x64; rv:72.0) Gecko/20100101 Firefox/72.0)
[2020-01-28 10:57:32] ---- CONTENT: {data : "<?xml version='1.0' encoding='utf-8' ?><Request ID='2020012810573224'><General><Token>11111121252221224308000011333382</Token></General><Data></Data></Request>"}
[2020-01-28 10:57:33] 200 - OK - application/json
[2020-01-28 10:57:34] REQUEST POST - https://localhost:8082/public/ws/Config.asmx/All_Get
[2020-01-28 10:57:34] ---- FROM  ::1 (WinNT)
[2020-01-28 10:57:34] ---- BROWSER:  Firefox 72.0 (Mozilla/5.0 (Windows NT 10.0; Win64; x64; rv:72.0) Gecko/20100101 Firefox/72.0)
[2020-01-28 10:57:34] ---- CONTENT: {data : "<?xml version='1.0' encoding='utf-8' ?><Request ID='2020012810573477'><General><Token>11111121252221224308000011333382</Token></General><Data></Data></Request>"}
[2020-01-28 10:57:34] REQUEST POST - https://localhost:8082/public/ws/Economics.asmx/messaggi_summary
[2020-01-28 10:57:34] ---- FROM  ::1 (WinNT)
[2020-01-28 10:57:34] ---- BROWSER:  Firefox 72.0 (Mozilla/5.0 (Windows NT 10.0; Win64; x64; rv:72.0) Gecko/20100101 Firefox/72.0)
[2020-01-28 10:57:34] ---- CONTENT: {data : "<?xml version='1.0' encoding='utf-8' ?><Request ID='20200128105734313'><General><Token>11111121252221224308000011333382</Token></General><Data></Data></Request>"}
[2020-01-28 10:57:34] REQUEST POST - https://localhost:8082/public/ws/Config.asmx/All_Get
[2020-01-28 10:57:34] ---- FROM  ::1 (WinNT)
[2020-01-28 10:57:35] ---- BROWSER:  Firefox 72.0 (Mozilla/5.0 (Windows NT 10.0; Win64; x64; rv:72.0) Gecko/20100101 Firefox/72.0)
[2020-01-28 10:57:35] ---- CONTENT: {data : "<?xml version='1.0' encoding='utf-8' ?><Request ID='20200128105734875'><General><Token>11111121252221224308000011333382</Token></General><Data></Data></Request>"}
[2020-01-28 10:57:35] 200 - OK - application/json
[2020-01-28 10:57:35] 200 - OK - application/json
[2020-01-28 10:57:36] 200 - OK - application/json
[2020-01-28 10:57:36] REQUEST POST - https://localhost:8082/public/ws/Config.asmx/All_Get
[2020-01-28 10:57:36] ---- FROM  ::1 (WinNT)
[2020-01-28 10:57:36] ---- BROWSER:  Firefox 72.0 (Mozilla/5.0 (Windows NT 10.0; Win64; x64; rv:72.0) Gecko/20100101 Firefox/72.0)
[2020-01-28 10:57:36] ---- CONTENT: {data : "<?xml version='1.0' encoding='utf-8' ?><Request ID='20200128105736184'><General><Token>11111121252221224308000011333382</Token></General><Data></Data></Request>"}
[2020-01-28 10:57:36] 200 - OK - application/json
[2020-01-28 10:57:46] REQUEST POST - https://localhost:8082/public/ws/Reports.asmx/Economics
[2020-01-28 10:57:46] ---- FROM  ::1 (WinNT)
[2020-01-28 10:57:46] ---- BROWSER:  Firefox 72.0 (Mozilla/5.0 (Windows NT 10.0; Win64; x64; rv:72.0) Gecko/20100101 Firefox/72.0)
[2020-01-28 10:57:46] ---- CONTENT: {data : "<?xml version='1.0' encoding='utf-8' ?><Request ID='2020012810574670'><General><Token>11111121252221224308000011333382</Token></General><Data><Format>5</Format></Data></Request>"}
[2020-01-28 10:58:40] 200 - OK - application/json
[2020-01-28 11:00:54] REQUEST GET - https://localhost:8082/economics/impostazioni
[2020-01-28 11:00:54] ---- FROM  ::1 (WinNT)
[2020-01-28 11:00:54] ---- BROWSER:  Firefox 72.0 (Mozilla/5.0 (Windows NT 10.0; Win64; x64; rv:72.0) Gecko/20100101 Firefox/72.0)
[2020-01-28 11:00:54] 200 - OK - text/html
[2020-01-28 11:00:55] REQUEST POST - https://localhost:8082/public/ws/Config.asmx/Economics_Get
[2020-01-28 11:00:55] ---- FROM  ::1 (WinNT)
[2020-01-28 11:00:55] ---- BROWSER:  Firefox 72.0 (Mozilla/5.0 (Windows NT 10.0; Win64; x64; rv:72.0) Gecko/20100101 Firefox/72.0)
[2020-01-28 11:00:55] ---- CONTENT: {data : "<?xml version='1.0' encoding='utf-8' ?><Request ID='20200128110055517'><General><Token>11111121252221224308000011333382</Token></General><Data></Data></Request>"}
[2020-01-28 11:00:55] 200 - OK - application/json
[2020-01-28 11:00:55] REQUEST POST - https://localhost:8082/public/ws/Config.asmx/All_Get
[2020-01-28 11:00:55] ---- FROM  ::1 (WinNT)
[2020-01-28 11:00:55] ---- BROWSER:  Firefox 72.0 (Mozilla/5.0 (Windows NT 10.0; Win64; x64; rv:72.0) Gecko/20100101 Firefox/72.0)
[2020-01-28 11:00:55] ---- CONTENT: {data : "<?xml version='1.0' encoding='utf-8' ?><Request ID='20200128110055574'><General><Token>11111121252221224308000011333382</Token></General><Data></Data></Request>"}
[2020-01-28 11:00:55] REQUEST POST - https://localhost:8082/public/ws/Economics.asmx/messaggi_summary
[2020-01-28 11:00:55] 200 - OK - application/json
[2020-01-28 11:00:55] ---- FROM  ::1 (WinNT)
[2020-01-28 11:00:55] ---- BROWSER:  Firefox 72.0 (Mozilla/5.0 (Windows NT 10.0; Win64; x64; rv:72.0) Gecko/20100101 Firefox/72.0)
[2020-01-28 11:00:55] ---- CONTENT: {data : "<?xml version='1.0' encoding='utf-8' ?><Request ID='20200128110055627'><General><Token>11111121252221224308000011333382</Token></General><Data></Data></Request>"}
[2020-01-28 11:00:55] 200 - OK - application/json
[2020-01-28 11:00:55] REQUEST POST - https://localhost:8082/public/ws/Config.asmx/All_Get
[2020-01-28 11:00:55] ---- FROM  ::1 (WinNT)
[2020-01-28 11:00:55] ---- BROWSER:  Firefox 72.0 (Mozilla/5.0 (Windows NT 10.0; Win64; x64; rv:72.0) Gecko/20100101 Firefox/72.0)
[2020-01-28 11:00:55] ---- CONTENT: {data : "<?xml version='1.0' encoding='utf-8' ?><Request ID='20200128110055788'><General><Token>11111121252221224308000011333382</Token></General><Data></Data></Request>"}
[2020-01-28 11:00:55] REQUEST POST - https://localhost:8082/public/ws/Config.asmx/All_Get
[2020-01-28 11:00:55] ---- FROM  ::1 (WinNT)
[2020-01-28 11:00:55] ---- BROWSER:  Firefox 72.0 (Mozilla/5.0 (Windows NT 10.0; Win64; x64; rv:72.0) Gecko/20100101 Firefox/72.0)
[2020-01-28 11:00:55] ---- CONTENT: {data : "<?xml version='1.0' encoding='utf-8' ?><Request ID='20200128110055844'><General><Token>11111121252221224308000011333382</Token></General><Data></Data></Request>"}
[2020-01-28 11:00:55] 200 - OK - application/json
[2020-01-28 11:00:56] 200 - OK - application/json
