[2020-01-17 16:51:33] REQUEST POST - https://localhost:8082/public/aspx/Home.aspx
[2020-01-17 16:51:33] ---- FROM  ::1 (WinNT)
[2020-01-17 16:51:33] ---- BROWSER:  Firefox 72.0 (Mozilla/5.0 (Windows NT 10.0; Win64; x64; rv:72.0) Gecko/20100101 Firefox/72.0)
[2020-01-17 16:51:33] ---- CONTENT: Token%3D11111121252221224308000011333382%26TokenApiRest%3DeyJ0eXAiOiJKV1QiLCJhbGciOiJIUzI1NiJ9.eyJpc3MiOiJodHRwczpcL1wvd3d3cy5kZXYteWVhcC5pdCIsImlhdCI6MTU0MjI5NDMyMSwibmJmIjoxNTQyMjk0MzIxLCJleHAiOjE1NDI4OTkxMjEsImRhdGEiOnsidXNlciI6eyJpZCI6IjQ0In19fQ.RCP5OeoGASxAyBw1MbMD4BFJAcDM5JIXqYXKBALZcJI%26Logo%3Dhttps%3A%2F%2Flocalhost%3A8082%2Fscratch%2Fpl_logo.png%26Title%3DBusiness+Plan+Test+nr.+1%26isODC%3D1=
[2020-01-17 16:51:35] 302 - Found - text/html
[2020-01-17 16:51:35] REQUEST GET - https://localhost:8082/home/welcome
[2020-01-17 16:51:35] ---- FROM  ::1 (WinNT)
[2020-01-17 16:51:35] ---- BROWSER:  Firefox 72.0 (Mozilla/5.0 (Windows NT 10.0; Win64; x64; rv:72.0) Gecko/20100101 Firefox/72.0)
[2020-01-17 16:51:36] 200 - OK - text/html
[2020-01-17 16:51:37] REQUEST POST - https://localhost:8082/public/ws/General.asmx/Set
[2020-01-17 16:51:37] ---- FROM  ::1 (WinNT)
[2020-01-17 16:51:37] ---- BROWSER:  Firefox 72.0 (Mozilla/5.0 (Windows NT 10.0; Win64; x64; rv:72.0) Gecko/20100101 Firefox/72.0)
[2020-01-17 16:51:37] ---- CONTENT: {data : "<?xml version='1.0' encoding='utf-8' ?><Request ID='20200117165137459'><General><Token>11111121252221224308000011333382</Token></General><Data><Nome>Business Plan Test nr. 1</Nome><Logo>https%3A%2F%2Flocalhost%3A8082%2Fscratch%2Fpl_logo.png</Logo></Data></Request>"}
[2020-01-17 16:51:37] 200 - OK - application/json
[2020-01-17 16:51:37] REQUEST POST - https://localhost:8082/public/ws/Config.asmx/Economics_Get
[2020-01-17 16:51:37] ---- FROM  ::1 (WinNT)
[2020-01-17 16:51:37] ---- BROWSER:  Firefox 72.0 (Mozilla/5.0 (Windows NT 10.0; Win64; x64; rv:72.0) Gecko/20100101 Firefox/72.0)
[2020-01-17 16:51:37] ---- CONTENT: {data : "<?xml version='1.0' encoding='utf-8' ?><Request ID='20200117165137714'><General><Token>11111121252221224308000011333382</Token></General><Data></Data></Request>"}
[2020-01-17 16:51:37] 200 - OK - application/json
[2020-01-17 16:51:38] REQUEST POST - https://localhost:8082/public/ws/Config.asmx/All_Get
[2020-01-17 16:51:38] ---- FROM  ::1 (WinNT)
[2020-01-17 16:51:38] ---- BROWSER:  Firefox 72.0 (Mozilla/5.0 (Windows NT 10.0; Win64; x64; rv:72.0) Gecko/20100101 Firefox/72.0)
[2020-01-17 16:51:38] ---- CONTENT: {data : "<?xml version='1.0' encoding='utf-8' ?><Request ID='20200117165138147'><General><Token>11111121252221224308000011333382</Token></General><Data></Data></Request>"}
[2020-01-17 16:51:38] REQUEST POST - https://localhost:8082/public/ws/Economics.asmx/messaggi_summary
[2020-01-17 16:51:38] ---- FROM  ::1 (WinNT)
[2020-01-17 16:51:38] ---- BROWSER:  Firefox 72.0 (Mozilla/5.0 (Windows NT 10.0; Win64; x64; rv:72.0) Gecko/20100101 Firefox/72.0)
[2020-01-17 16:51:38] ---- CONTENT: {data : "<?xml version='1.0' encoding='utf-8' ?><Request ID='20200117165138182'><General><Token>11111121252221224308000011333382</Token></General><Data></Data></Request>"}
[2020-01-17 16:51:38] REQUEST POST - https://localhost:8082/public/ws/Config.asmx/All_Get
[2020-01-17 16:51:38] ---- FROM  ::1 (WinNT)
[2020-01-17 16:51:38] ---- BROWSER:  Firefox 72.0 (Mozilla/5.0 (Windows NT 10.0; Win64; x64; rv:72.0) Gecko/20100101 Firefox/72.0)
[2020-01-17 16:51:38] ---- CONTENT: {data : "<?xml version='1.0' encoding='utf-8' ?><Request ID='20200117165138365'><General><Token>11111121252221224308000011333382</Token></General><Data></Data></Request>"}
[2020-01-17 16:51:38] 200 - OK - application/json
[2020-01-17 16:51:38] REQUEST POST - https://localhost:8082/public/ws/Config.asmx/All_Get
[2020-01-17 16:51:38] ---- FROM  ::1 (WinNT)
[2020-01-17 16:51:38] ---- BROWSER:  Firefox 72.0 (Mozilla/5.0 (Windows NT 10.0; Win64; x64; rv:72.0) Gecko/20100101 Firefox/72.0)
[2020-01-17 16:51:38] ---- CONTENT: {data : "<?xml version='1.0' encoding='utf-8' ?><Request ID='20200117165138478'><General><Token>11111121252221224308000011333382</Token></General><Data></Data></Request>"}
[2020-01-17 16:51:38] 200 - OK - application/json
[2020-01-17 16:51:38] 200 - OK - application/json
[2020-01-17 16:51:38] 200 - OK - application/json
[2020-01-17 16:51:56] REQUEST POST - https://localhost:8082/public/ws/Reports.asmx/Economics
[2020-01-17 16:51:56] ---- FROM  ::1 (WinNT)
[2020-01-17 16:51:56] ---- BROWSER:  Firefox 72.0 (Mozilla/5.0 (Windows NT 10.0; Win64; x64; rv:72.0) Gecko/20100101 Firefox/72.0)
[2020-01-17 16:51:56] ---- CONTENT: {data : "<?xml version='1.0' encoding='utf-8' ?><Request ID='20200117165156532'><General><Token>11111121252221224308000011333382</Token></General><Data></Data></Request>"}
[2020-01-17 16:52:15] 200 - OK - application/json
