[2020-01-20 14:31:24] REQUEST GET - https://localhost:8082/home/welcome
[2020-01-20 14:31:24] ---- FROM  ::1 (WinNT)
[2020-01-20 14:31:24] ---- BROWSER:  Firefox 72.0 (Mozilla/5.0 (Windows NT 10.0; Win64; x64; rv:72.0) Gecko/20100101 Firefox/72.0)
[2020-01-20 14:31:24] 302 - Found - text/html
[2020-01-20 14:31:24] REQUEST GET - https://localhost:8082/public/aspx/Home.aspx?ReturnUrl=%2fhome%2fwelcome
[2020-01-20 14:31:24] ---- FROM  ::1 (WinNT)
[2020-01-20 14:31:24] ---- BROWSER:  Firefox 72.0 (Mozilla/5.0 (Windows NT 10.0; Win64; x64; rv:72.0) Gecko/20100101 Firefox/72.0)
[2020-01-20 14:31:24] 200 - OK - text/html
[2020-01-20 14:31:36] REQUEST GET - https://localhost:8082/public/aspx/Home.aspx
[2020-01-20 14:31:36] ---- FROM  ::1 (WinNT)
[2020-01-20 14:31:36] ---- BROWSER:  Firefox 72.0 (Mozilla/5.0 (Windows NT 10.0; Win64; x64; rv:72.0) Gecko/20100101 Firefox/72.0)
[2020-01-20 14:31:36] 200 - OK - text/html
[2020-01-20 14:31:44] REQUEST GET - https://localhost:8082/public/aspx/Home.aspx
[2020-01-20 14:31:44] ---- FROM  ::1 (WinNT)
[2020-01-20 14:31:44] ---- BROWSER:  Firefox 72.0 (Mozilla/5.0 (Windows NT 10.0; Win64; x64; rv:72.0) Gecko/20100101 Firefox/72.0)
[2020-01-20 14:31:44] 200 - OK - text/html
[2020-01-20 14:31:56] REQUEST GET - https://localhost:8082/public/aspx/Home.aspx
[2020-01-20 14:31:56] ---- FROM  ::1 (WinNT)
[2020-01-20 14:31:56] ---- BROWSER:  Firefox 72.0 (Mozilla/5.0 (Windows NT 10.0; Win64; x64; rv:72.0) Gecko/20100101 Firefox/72.0)
[2020-01-20 14:31:56] 200 - OK - text/html
[2020-01-20 14:32:40] REQUEST GET - https://localhost:8082/public/aspx/Home.aspx
[2020-01-20 14:32:40] ---- FROM  ::1 (WinNT)
[2020-01-20 14:32:40] ---- BROWSER:  Firefox 72.0 (Mozilla/5.0 (Windows NT 10.0; Win64; x64; rv:72.0) Gecko/20100101 Firefox/72.0)
[2020-01-20 14:32:40] 200 - OK - text/html
