[2020-02-19 09:50:24] REQUEST POST - https://localhost:8082/public/aspx/Home.aspx
[2020-02-19 09:50:24] ---- FROM  ::1 (WinNT)
[2020-02-19 09:50:24] ---- BROWSER:  Firefox 73.0 (Mozilla/5.0 (Windows NT 10.0; Win64; x64; rv:73.0) Gecko/20100101 Firefox/73.0)
[2020-02-19 09:50:24] ---- CONTENT: Token%3D11111121252221224308000011333382%26TokenApiRest%3DeyJ0eXAiOiJKV1QiLCJhbGciOiJIUzI1NiJ9.eyJpc3MiOiJodHRwczpcL1wvd3d3cy5kZXYteWVhcC5pdCIsImlhdCI6MTU0MjI5NDMyMSwibmJmIjoxNTQyMjk0MzIxLCJleHAiOjE1NDI4OTkxMjEsImRhdGEiOnsidXNlciI6eyJpZCI6IjQ0In19fQ.RCP5OeoGASxAyBw1MbMD4BFJAcDM5JIXqYXKBALZcJI%26Logo%3Dhttps%3A%2F%2Flocalhost%3A8082%2Fscratch%2Fpl_logo.png%26Title%3DDitta%2520Rossi%2520%2526%2520Verdi%26isODC%3D1%26ruolo%3D0%26trial_expired%3Dfalse=
[2020-02-19 09:50:31] 302 - Found - text/html
[2020-02-19 09:50:31] REQUEST GET - https://localhost:8082/home/welcome
[2020-02-19 09:50:31] ---- FROM  ::1 (WinNT)
[2020-02-19 09:50:31] ---- BROWSER:  Firefox 73.0 (Mozilla/5.0 (Windows NT 10.0; Win64; x64; rv:73.0) Gecko/20100101 Firefox/73.0)
[2020-02-19 09:50:33] 200 - OK - text/html
[2020-02-19 09:50:35] REQUEST POST - https://localhost:8082/public/ws/General.asmx/Set
[2020-02-19 09:50:35] ---- FROM  ::1 (WinNT)
[2020-02-19 09:50:35] ---- BROWSER:  Firefox 73.0 (Mozilla/5.0 (Windows NT 10.0; Win64; x64; rv:73.0) Gecko/20100101 Firefox/73.0)
[2020-02-19 09:50:35] ---- CONTENT: {data : "<?xml version='1.0' encoding='utf-8' ?><Request ID='20200219095035107'><General><Token>11111121252221224308000011333382</Token></General><Data><Nome>Ditta%20Rossi%20%26%20Verdi</Nome><Logo>https%3A%2F%2Flocalhost%3A8082%2Fscratch%2Fpl_logo.png</Logo></Data></Request>"}
[2020-02-19 09:50:37] 200 - OK - application/json
[2020-02-19 09:50:37] REQUEST POST - https://localhost:8082/public/ws/Config.asmx/Economics_Get
[2020-02-19 09:50:37] ---- FROM  ::1 (WinNT)
[2020-02-19 09:50:37] ---- BROWSER:  Firefox 73.0 (Mozilla/5.0 (Windows NT 10.0; Win64; x64; rv:73.0) Gecko/20100101 Firefox/73.0)
[2020-02-19 09:50:37] ---- CONTENT: {data : "<?xml version='1.0' encoding='utf-8' ?><Request ID='20200219095037325'><General><Token>11111121252221224308000011333382</Token></General><Data></Data></Request>"}
[2020-02-19 09:50:37] 200 - OK - application/json
[2020-02-19 09:50:37] REQUEST POST - https://localhost:8082/public/ws/Config.asmx/All_Get
[2020-02-19 09:50:37] ---- FROM  ::1 (WinNT)
[2020-02-19 09:50:37] ---- BROWSER:  Firefox 73.0 (Mozilla/5.0 (Windows NT 10.0; Win64; x64; rv:73.0) Gecko/20100101 Firefox/73.0)
[2020-02-19 09:50:37] ---- CONTENT: {data : "<?xml version='1.0' encoding='utf-8' ?><Request ID='20200219095037622'><General><Token>11111121252221224308000011333382</Token></General><Data></Data></Request>"}
[2020-02-19 09:50:37] REQUEST POST - https://localhost:8082/public/ws/Economics.asmx/messaggi_summary
[2020-02-19 09:50:37] ---- FROM  ::1 (WinNT)
[2020-02-19 09:50:37] ---- BROWSER:  Firefox 73.0 (Mozilla/5.0 (Windows NT 10.0; Win64; x64; rv:73.0) Gecko/20100101 Firefox/73.0)
[2020-02-19 09:50:37] ---- CONTENT: {data : "<?xml version='1.0' encoding='utf-8' ?><Request ID='20200219095037684'><General><Token>11111121252221224308000011333382</Token></General><Data></Data></Request>"}
[2020-02-19 09:50:37] REQUEST POST - https://localhost:8082/public/ws/Config.asmx/All_Get
[2020-02-19 09:50:37] ---- FROM  ::1 (WinNT)
[2020-02-19 09:50:37] ---- BROWSER:  Firefox 73.0 (Mozilla/5.0 (Windows NT 10.0; Win64; x64; rv:73.0) Gecko/20100101 Firefox/73.0)
[2020-02-19 09:50:37] ---- CONTENT: {data : "<?xml version='1.0' encoding='utf-8' ?><Request ID='20200219095037855'><General><Token>11111121252221224308000011333382</Token></General><Data></Data></Request>"}
[2020-02-19 09:50:38] 200 - OK - application/json
[2020-02-19 09:50:38] REQUEST POST - https://localhost:8082/public/ws/Config.asmx/All_Get
[2020-02-19 09:50:38] ---- FROM  ::1 (WinNT)
[2020-02-19 09:50:38] ---- BROWSER:  Firefox 73.0 (Mozilla/5.0 (Windows NT 10.0; Win64; x64; rv:73.0) Gecko/20100101 Firefox/73.0)
[2020-02-19 09:50:38] ---- CONTENT: {data : "<?xml version='1.0' encoding='utf-8' ?><Request ID='20200219095038142'><General><Token>11111121252221224308000011333382</Token></General><Data></Data></Request>"}
[2020-02-19 09:50:38] 200 - OK - application/json
[2020-02-19 09:50:38] 200 - OK - application/json
[2020-02-19 09:50:38] 200 - OK - application/json
[2020-02-19 09:50:57] REQUEST GET - https://localhost:8082/settings/settings
[2020-02-19 09:50:57] ---- FROM  ::1 (WinNT)
[2020-02-19 09:50:57] ---- BROWSER:  Firefox 73.0 (Mozilla/5.0 (Windows NT 10.0; Win64; x64; rv:73.0) Gecko/20100101 Firefox/73.0)
[2020-02-19 09:50:57] 200 - OK - text/html
[2020-02-19 09:50:58] REQUEST POST - https://localhost:8082/public/ws/Config.asmx/General_Get
[2020-02-19 09:50:58] ---- FROM  ::1 (WinNT)
[2020-02-19 09:50:58] ---- BROWSER:  Firefox 73.0 (Mozilla/5.0 (Windows NT 10.0; Win64; x64; rv:73.0) Gecko/20100101 Firefox/73.0)
[2020-02-19 09:50:58] ---- CONTENT: {data : "<?xml version='1.0' encoding='utf-8' ?><Request ID='20200219095058396'><General><Token>11111121252221224308000011333382</Token></General><Data></Data></Request>"}
[2020-02-19 09:50:58] 200 - OK - application/json
[2020-02-19 09:50:58] REQUEST POST - https://localhost:8082/public/ws/Config.asmx/All_Get
[2020-02-19 09:50:58] ---- FROM  ::1 (WinNT)
[2020-02-19 09:50:58] ---- BROWSER:  Firefox 73.0 (Mozilla/5.0 (Windows NT 10.0; Win64; x64; rv:73.0) Gecko/20100101 Firefox/73.0)
[2020-02-19 09:50:58] ---- CONTENT: {data : "<?xml version='1.0' encoding='utf-8' ?><Request ID='20200219095058593'><General><Token>11111121252221224308000011333382</Token></General><Data></Data></Request>"}
[2020-02-19 09:50:58] 200 - OK - application/json
[2020-02-19 09:50:58] REQUEST POST - https://localhost:8082/public/ws/Economics.asmx/messaggi_summary
[2020-02-19 09:50:58] ---- FROM  ::1 (WinNT)
[2020-02-19 09:50:58] ---- BROWSER:  Firefox 73.0 (Mozilla/5.0 (Windows NT 10.0; Win64; x64; rv:73.0) Gecko/20100101 Firefox/73.0)
[2020-02-19 09:50:58] ---- CONTENT: {data : "<?xml version='1.0' encoding='utf-8' ?><Request ID='20200219095058655'><General><Token>11111121252221224308000011333382</Token></General><Data></Data></Request>"}
[2020-02-19 09:50:58] 200 - OK - application/json
[2020-02-19 09:50:58] REQUEST POST - https://localhost:8082/public/ws/Config.asmx/All_Get
[2020-02-19 09:50:58] ---- FROM  ::1 (WinNT)
[2020-02-19 09:50:58] ---- BROWSER:  Firefox 73.0 (Mozilla/5.0 (Windows NT 10.0; Win64; x64; rv:73.0) Gecko/20100101 Firefox/73.0)
[2020-02-19 09:50:58] ---- CONTENT: {data : "<?xml version='1.0' encoding='utf-8' ?><Request ID='20200219095058758'><General><Token>11111121252221224308000011333382</Token></General><Data></Data></Request>"}
[2020-02-19 09:50:58] 200 - OK - application/json
[2020-02-19 09:50:58] REQUEST POST - https://localhost:8082/public/ws/Config.asmx/All_Get
[2020-02-19 09:50:58] ---- FROM  ::1 (WinNT)
[2020-02-19 09:50:58] ---- BROWSER:  Firefox 73.0 (Mozilla/5.0 (Windows NT 10.0; Win64; x64; rv:73.0) Gecko/20100101 Firefox/73.0)
[2020-02-19 09:50:58] ---- CONTENT: {data : "<?xml version='1.0' encoding='utf-8' ?><Request ID='20200219095058952'><General><Token>11111121252221224308000011333382</Token></General><Data></Data></Request>"}
[2020-02-19 09:50:59] REQUEST GET - https://localhost:8082/public/ws/Resources.ashx/xml-general
[2020-02-19 09:50:59] ---- FROM  ::1 (WinNT)
[2020-02-19 09:50:59] ---- BROWSER:  Firefox 73.0 (Mozilla/5.0 (Windows NT 10.0; Win64; x64; rv:73.0) Gecko/20100101 Firefox/73.0)
[2020-02-19 09:50:59] REQUEST GET - https://localhost:8082/public/ws/Resources.ashx/xml-general
[2020-02-19 09:50:59] ---- FROM  ::1 (WinNT)
[2020-02-19 09:50:59] ---- BROWSER:  Firefox 73.0 (Mozilla/5.0 (Windows NT 10.0; Win64; x64; rv:73.0) Gecko/20100101 Firefox/73.0)
[2020-02-19 09:50:59] 200 - OK - application/json
[2020-02-19 09:50:59] 200 - OK - text/xml
[2020-02-19 09:50:59] 200 - OK - text/xml
[2020-02-19 09:51:06] REQUEST GET - https://localhost:8082/qa/qualitativa
[2020-02-19 09:51:06] ---- FROM  ::1 (WinNT)
[2020-02-19 09:51:06] ---- BROWSER:  Firefox 73.0 (Mozilla/5.0 (Windows NT 10.0; Win64; x64; rv:73.0) Gecko/20100101 Firefox/73.0)
[2020-02-19 09:51:06] 200 - OK - text/html
[2020-02-19 09:51:07] REQUEST POST - https://localhost:8082/public/ws/QAnalysis.asmx/Get
[2020-02-19 09:51:07] ---- FROM  ::1 (WinNT)
[2020-02-19 09:51:07] ---- BROWSER:  Firefox 73.0 (Mozilla/5.0 (Windows NT 10.0; Win64; x64; rv:73.0) Gecko/20100101 Firefox/73.0)
[2020-02-19 09:51:07] ---- CONTENT: {data : "<?xml version='1.0' encoding='utf-8' ?><Request ID='20200219095107269'><General><Token>11111121252221224308000011333382</Token></General><Data></Data></Request>"}
[2020-02-19 09:51:07] 200 - OK - application/json
[2020-02-19 09:51:07] REQUEST POST - https://localhost:8082/public/ws/Config.asmx/All_Get
[2020-02-19 09:51:07] ---- FROM  ::1 (WinNT)
[2020-02-19 09:51:07] ---- BROWSER:  Firefox 73.0 (Mozilla/5.0 (Windows NT 10.0; Win64; x64; rv:73.0) Gecko/20100101 Firefox/73.0)
[2020-02-19 09:51:07] ---- CONTENT: {data : "<?xml version='1.0' encoding='utf-8' ?><Request ID='20200219095107474'><General><Token>11111121252221224308000011333382</Token></General><Data></Data></Request>"}
[2020-02-19 09:51:07] REQUEST POST - https://localhost:8082/public/ws/Economics.asmx/messaggi_summary
[2020-02-19 09:51:07] ---- FROM  ::1 (WinNT)
[2020-02-19 09:51:07] ---- BROWSER:  Firefox 73.0 (Mozilla/5.0 (Windows NT 10.0; Win64; x64; rv:73.0) Gecko/20100101 Firefox/73.0)
[2020-02-19 09:51:07] ---- CONTENT: {data : "<?xml version='1.0' encoding='utf-8' ?><Request ID='20200219095107533'><General><Token>11111121252221224308000011333382</Token></General><Data></Data></Request>"}
[2020-02-19 09:51:07] 200 - OK - application/json
[2020-02-19 09:51:07] 200 - OK - application/json
[2020-02-19 09:51:07] REQUEST POST - https://localhost:8082/public/ws/Config.asmx/All_Get
[2020-02-19 09:51:07] ---- FROM  ::1 (WinNT)
[2020-02-19 09:51:07] ---- BROWSER:  Firefox 73.0 (Mozilla/5.0 (Windows NT 10.0; Win64; x64; rv:73.0) Gecko/20100101 Firefox/73.0)
[2020-02-19 09:51:07] ---- CONTENT: {data : "<?xml version='1.0' encoding='utf-8' ?><Request ID='20200219095107613'><General><Token>11111121252221224308000011333382</Token></General><Data></Data></Request>"}
[2020-02-19 09:51:07] 200 - OK - application/json
[2020-02-19 09:51:07] REQUEST POST - https://localhost:8082/public/ws/Config.asmx/All_Get
[2020-02-19 09:51:07] ---- FROM  ::1 (WinNT)
[2020-02-19 09:51:07] ---- BROWSER:  Firefox 73.0 (Mozilla/5.0 (Windows NT 10.0; Win64; x64; rv:73.0) Gecko/20100101 Firefox/73.0)
[2020-02-19 09:51:07] ---- CONTENT: {data : "<?xml version='1.0' encoding='utf-8' ?><Request ID='20200219095107728'><General><Token>11111121252221224308000011333382</Token></General><Data></Data></Request>"}
[2020-02-19 09:51:07] REQUEST GET - https://localhost:8082/public/ws/Resources.ashx/xml-qa
[2020-02-19 09:51:07] ---- FROM  ::1 (WinNT)
[2020-02-19 09:51:07] ---- BROWSER:  Firefox 73.0 (Mozilla/5.0 (Windows NT 10.0; Win64; x64; rv:73.0) Gecko/20100101 Firefox/73.0)
[2020-02-19 09:51:07] REQUEST GET - https://localhost:8082/public/ws/Resources.ashx/xml-qa
[2020-02-19 09:51:07] ---- FROM  ::1 (WinNT)
[2020-02-19 09:51:07] REQUEST GET - https://localhost:8082/public/ws/Resources.ashx/xml-qa
[2020-02-19 09:51:07] ---- FROM  ::1 (WinNT)
[2020-02-19 09:51:07] 200 - OK - application/json
[2020-02-19 09:51:07] ---- BROWSER:  Firefox 73.0 (Mozilla/5.0 (Windows NT 10.0; Win64; x64; rv:73.0) Gecko/20100101 Firefox/73.0)
[2020-02-19 09:51:07] 200 - OK - text/xml
[2020-02-19 09:51:07] ---- BROWSER:  Firefox 73.0 (Mozilla/5.0 (Windows NT 10.0; Win64; x64; rv:73.0) Gecko/20100101 Firefox/73.0)
[2020-02-19 09:51:07] REQUEST GET - https://localhost:8082/public/ws/Resources.ashx/xml-qa
[2020-02-19 09:51:07] ---- FROM  ::1 (WinNT)
[2020-02-19 09:51:07] ---- BROWSER:  Firefox 73.0 (Mozilla/5.0 (Windows NT 10.0; Win64; x64; rv:73.0) Gecko/20100101 Firefox/73.0)
[2020-02-19 09:51:07] REQUEST GET - https://localhost:8082/public/ws/Resources.ashx/xml-qa
[2020-02-19 09:51:07] 200 - OK - text/xml
[2020-02-19 09:51:07] ---- FROM  ::1 (WinNT)
[2020-02-19 09:51:07] ---- BROWSER:  Firefox 73.0 (Mozilla/5.0 (Windows NT 10.0; Win64; x64; rv:73.0) Gecko/20100101 Firefox/73.0)
[2020-02-19 09:51:07] REQUEST GET - https://localhost:8082/public/ws/Resources.ashx/xml-qa
[2020-02-19 09:51:07] 200 - OK - text/xml
[2020-02-19 09:51:07] ---- FROM  ::1 (WinNT)
[2020-02-19 09:51:07] ---- BROWSER:  Firefox 73.0 (Mozilla/5.0 (Windows NT 10.0; Win64; x64; rv:73.0) Gecko/20100101 Firefox/73.0)
[2020-02-19 09:51:07] 200 - OK - text/xml
[2020-02-19 09:51:07] REQUEST GET - https://localhost:8082/public/ws/Resources.ashx/xml-qa
[2020-02-19 09:51:08] ---- FROM  ::1 (WinNT)
[2020-02-19 09:51:07] 200 - OK - text/xml
[2020-02-19 09:51:07] 200 - OK - text/xml
[2020-02-19 09:51:08] REQUEST GET - https://localhost:8082/public/ws/Resources.ashx/xml-qa
[2020-02-19 09:51:08] ---- FROM  ::1 (WinNT)
[2020-02-19 09:51:08] ---- BROWSER:  Firefox 73.0 (Mozilla/5.0 (Windows NT 10.0; Win64; x64; rv:73.0) Gecko/20100101 Firefox/73.0)
[2020-02-19 09:51:08] REQUEST GET - https://localhost:8082/public/ws/Resources.ashx/xml-qa
[2020-02-19 09:51:08] ---- FROM  ::1 (WinNT)
[2020-02-19 09:51:08] ---- BROWSER:  Firefox 73.0 (Mozilla/5.0 (Windows NT 10.0; Win64; x64; rv:73.0) Gecko/20100101 Firefox/73.0)
[2020-02-19 09:51:08] ---- BROWSER:  Firefox 73.0 (Mozilla/5.0 (Windows NT 10.0; Win64; x64; rv:73.0) Gecko/20100101 Firefox/73.0)
[2020-02-19 09:51:07] REQUEST GET - https://localhost:8082/public/ws/Resources.ashx/xml-qa
[2020-02-19 09:51:08] ---- FROM  ::1 (WinNT)
[2020-02-19 09:51:08] 200 - OK - text/xml
[2020-02-19 09:51:08] ---- BROWSER:  Firefox 73.0 (Mozilla/5.0 (Windows NT 10.0; Win64; x64; rv:73.0) Gecko/20100101 Firefox/73.0)
[2020-02-19 09:51:08] 200 - OK - text/xml
[2020-02-19 09:51:08] REQUEST GET - https://localhost:8082/public/ws/Resources.ashx/xml-qa
[2020-02-19 09:51:08] ---- FROM  ::1 (WinNT)
[2020-02-19 09:51:08] 200 - OK - text/xml
[2020-02-19 09:51:08] REQUEST GET - https://localhost:8082/public/ws/Resources.ashx/xml-qa
[2020-02-19 09:51:08] ---- FROM  ::1 (WinNT)
[2020-02-19 09:51:08] ---- BROWSER:  Firefox 73.0 (Mozilla/5.0 (Windows NT 10.0; Win64; x64; rv:73.0) Gecko/20100101 Firefox/73.0)
[2020-02-19 09:51:08] REQUEST GET - https://localhost:8082/public/ws/Resources.ashx/xml-qa
[2020-02-19 09:51:08] ---- FROM  ::1 (WinNT)
[2020-02-19 09:51:08] ---- BROWSER:  Firefox 73.0 (Mozilla/5.0 (Windows NT 10.0; Win64; x64; rv:73.0) Gecko/20100101 Firefox/73.0)
[2020-02-19 09:51:08] ---- BROWSER:  Firefox 73.0 (Mozilla/5.0 (Windows NT 10.0; Win64; x64; rv:73.0) Gecko/20100101 Firefox/73.0)
[2020-02-19 09:51:08] 200 - OK - text/xml
[2020-02-19 09:51:08] REQUEST GET - https://localhost:8082/public/ws/Resources.ashx/xml-qa
[2020-02-19 09:51:08] ---- FROM  ::1 (WinNT)
[2020-02-19 09:51:08] ---- BROWSER:  Firefox 73.0 (Mozilla/5.0 (Windows NT 10.0; Win64; x64; rv:73.0) Gecko/20100101 Firefox/73.0)
[2020-02-19 09:51:08] 200 - OK - text/xml
[2020-02-19 09:51:08] 200 - OK - text/xml
[2020-02-19 09:51:08] REQUEST GET - https://localhost:8082/public/ws/Resources.ashx/xml-qa
[2020-02-19 09:51:08] ---- FROM  ::1 (WinNT)
[2020-02-19 09:51:08] ---- BROWSER:  Firefox 73.0 (Mozilla/5.0 (Windows NT 10.0; Win64; x64; rv:73.0) Gecko/20100101 Firefox/73.0)
[2020-02-19 09:51:08] 200 - OK - text/xml
[2020-02-19 09:51:08] REQUEST GET - https://localhost:8082/public/ws/Resources.ashx/xml-qa
[2020-02-19 09:51:08] ---- FROM  ::1 (WinNT)
[2020-02-19 09:51:08] ---- BROWSER:  Firefox 73.0 (Mozilla/5.0 (Windows NT 10.0; Win64; x64; rv:73.0) Gecko/20100101 Firefox/73.0)
[2020-02-19 09:51:08] 200 - OK - text/xml
[2020-02-19 09:51:08] 200 - OK - text/xml
[2020-02-19 09:51:08] REQUEST GET - https://localhost:8082/public/ws/Resources.ashx/xml-qa
[2020-02-19 09:51:08] ---- FROM  ::1 (WinNT)
[2020-02-19 09:51:08] 200 - OK - text/xml
[2020-02-19 09:51:08] ---- BROWSER:  Firefox 73.0 (Mozilla/5.0 (Windows NT 10.0; Win64; x64; rv:73.0) Gecko/20100101 Firefox/73.0)
[2020-02-19 09:51:08] REQUEST GET - https://localhost:8082/public/ws/Resources.ashx/xml-qa
[2020-02-19 09:51:08] ---- FROM  ::1 (WinNT)
[2020-02-19 09:51:08] ---- BROWSER:  Firefox 73.0 (Mozilla/5.0 (Windows NT 10.0; Win64; x64; rv:73.0) Gecko/20100101 Firefox/73.0)
[2020-02-19 09:51:08] REQUEST GET - https://localhost:8082/public/ws/Resources.ashx/xml-qa
[2020-02-19 09:51:08] ---- FROM  ::1 (WinNT)
[2020-02-19 09:51:08] REQUEST GET - https://localhost:8082/public/ws/Resources.ashx/xml-qa
[2020-02-19 09:51:08] 200 - OK - text/xml
[2020-02-19 09:51:08] ---- BROWSER:  Firefox 73.0 (Mozilla/5.0 (Windows NT 10.0; Win64; x64; rv:73.0) Gecko/20100101 Firefox/73.0)
[2020-02-19 09:51:08] 200 - OK - text/xml
[2020-02-19 09:51:08] REQUEST GET - https://localhost:8082/public/ws/Resources.ashx/xml-qa
[2020-02-19 09:51:08] ---- FROM  ::1 (WinNT)
[2020-02-19 09:51:08] ---- BROWSER:  Firefox 73.0 (Mozilla/5.0 (Windows NT 10.0; Win64; x64; rv:73.0) Gecko/20100101 Firefox/73.0)
[2020-02-19 09:51:08] 200 - OK - text/xml
[2020-02-19 09:51:08] ---- FROM  ::1 (WinNT)
[2020-02-19 09:51:08] REQUEST GET - https://localhost:8082/public/ws/Resources.ashx/xml-qa
[2020-02-19 09:51:08] ---- FROM  ::1 (WinNT)
[2020-02-19 09:51:08] ---- BROWSER:  Firefox 73.0 (Mozilla/5.0 (Windows NT 10.0; Win64; x64; rv:73.0) Gecko/20100101 Firefox/73.0)
[2020-02-19 09:51:08] 200 - OK - text/xml
[2020-02-19 09:51:08] ---- BROWSER:  Firefox 73.0 (Mozilla/5.0 (Windows NT 10.0; Win64; x64; rv:73.0) Gecko/20100101 Firefox/73.0)
[2020-02-19 09:51:08] REQUEST GET - https://localhost:8082/public/ws/Resources.ashx/xml-qa
[2020-02-19 09:51:08] ---- FROM  ::1 (WinNT)
[2020-02-19 09:51:08] REQUEST GET - https://localhost:8082/public/ws/Resources.ashx/xml-qa
[2020-02-19 09:51:08] ---- FROM  ::1 (WinNT)
[2020-02-19 09:51:08] ---- BROWSER:  Firefox 73.0 (Mozilla/5.0 (Windows NT 10.0; Win64; x64; rv:73.0) Gecko/20100101 Firefox/73.0)
[2020-02-19 09:51:08] 200 - OK - text/xml
[2020-02-19 09:51:08] REQUEST GET - https://localhost:8082/public/ws/Resources.ashx/xml-qa
[2020-02-19 09:51:08] 200 - OK - text/xml
[2020-02-19 09:51:08] 200 - OK - text/xml
[2020-02-19 09:51:08] REQUEST GET - https://localhost:8082/public/ws/Resources.ashx/xml-qa
[2020-02-19 09:51:08] REQUEST GET - https://localhost:8082/public/ws/Resources.ashx/xml-qa
[2020-02-19 09:51:08] ---- FROM  ::1 (WinNT)
[2020-02-19 09:51:08] ---- BROWSER:  Firefox 73.0 (Mozilla/5.0 (Windows NT 10.0; Win64; x64; rv:73.0) Gecko/20100101 Firefox/73.0)
[2020-02-19 09:51:08] ---- BROWSER:  Firefox 73.0 (Mozilla/5.0 (Windows NT 10.0; Win64; x64; rv:73.0) Gecko/20100101 Firefox/73.0)
[2020-02-19 09:51:08] ---- FROM  ::1 (WinNT)
[2020-02-19 09:51:08] ---- BROWSER:  Firefox 73.0 (Mozilla/5.0 (Windows NT 10.0; Win64; x64; rv:73.0) Gecko/20100101 Firefox/73.0)
[2020-02-19 09:51:08] 200 - OK - text/xml
[2020-02-19 09:51:08] 200 - OK - text/xml
[2020-02-19 09:51:08] REQUEST GET - https://localhost:8082/public/ws/Resources.ashx/xml-qa
[2020-02-19 09:51:08] ---- FROM  ::1 (WinNT)
[2020-02-19 09:51:08] ---- FROM  ::1 (WinNT)
[2020-02-19 09:51:08] ---- BROWSER:  Firefox 73.0 (Mozilla/5.0 (Windows NT 10.0; Win64; x64; rv:73.0) Gecko/20100101 Firefox/73.0)
[2020-02-19 09:51:08] ---- BROWSER:  Firefox 73.0 (Mozilla/5.0 (Windows NT 10.0; Win64; x64; rv:73.0) Gecko/20100101 Firefox/73.0)
[2020-02-19 09:51:08] 200 - OK - text/xml
[2020-02-19 09:51:08] REQUEST GET - https://localhost:8082/public/ws/Resources.ashx/xml-qa
[2020-02-19 09:51:08] ---- FROM  ::1 (WinNT)
[2020-02-19 09:51:08] ---- BROWSER:  Firefox 73.0 (Mozilla/5.0 (Windows NT 10.0; Win64; x64; rv:73.0) Gecko/20100101 Firefox/73.0)
[2020-02-19 09:51:08] 200 - OK - text/xml
[2020-02-19 09:51:08] 200 - OK - text/xml
[2020-02-19 09:51:08] 200 - OK - text/xml
[2020-02-19 09:51:08] REQUEST GET - https://localhost:8082/public/ws/Resources.ashx/xml-qa
[2020-02-19 09:51:08] ---- FROM  ::1 (WinNT)
[2020-02-19 09:51:08] REQUEST GET - https://localhost:8082/public/ws/Resources.ashx/xml-qa
[2020-02-19 09:51:08] ---- FROM  ::1 (WinNT)
[2020-02-19 09:51:08] ---- BROWSER:  Firefox 73.0 (Mozilla/5.0 (Windows NT 10.0; Win64; x64; rv:73.0) Gecko/20100101 Firefox/73.0)
[2020-02-19 09:51:08] ---- BROWSER:  Firefox 73.0 (Mozilla/5.0 (Windows NT 10.0; Win64; x64; rv:73.0) Gecko/20100101 Firefox/73.0)
[2020-02-19 09:51:08] REQUEST GET - https://localhost:8082/public/ws/Resources.ashx/xml-qa
[2020-02-19 09:51:08] ---- FROM  ::1 (WinNT)
[2020-02-19 09:51:08] ---- BROWSER:  Firefox 73.0 (Mozilla/5.0 (Windows NT 10.0; Win64; x64; rv:73.0) Gecko/20100101 Firefox/73.0)
[2020-02-19 09:51:08] 200 - OK - text/xml
[2020-02-19 09:51:08] 200 - OK - text/xml
[2020-02-19 09:51:08] 200 - OK - text/xml
[2020-02-19 09:51:08] REQUEST GET - https://localhost:8082/public/ws/Resources.ashx/xml-qa
[2020-02-19 09:51:08] REQUEST GET - https://localhost:8082/public/ws/Resources.ashx/xml-qa
[2020-02-19 09:51:08] ---- FROM  ::1 (WinNT)
[2020-02-19 09:51:08] ---- FROM  ::1 (WinNT)
[2020-02-19 09:51:08] ---- BROWSER:  Firefox 73.0 (Mozilla/5.0 (Windows NT 10.0; Win64; x64; rv:73.0) Gecko/20100101 Firefox/73.0)
[2020-02-19 09:51:08] REQUEST GET - https://localhost:8082/public/ws/Resources.ashx/xml-qa
[2020-02-19 09:51:08] ---- FROM  ::1 (WinNT)
[2020-02-19 09:51:08] ---- BROWSER:  Firefox 73.0 (Mozilla/5.0 (Windows NT 10.0; Win64; x64; rv:73.0) Gecko/20100101 Firefox/73.0)
[2020-02-19 09:51:08] 200 - OK - text/xml
[2020-02-19 09:51:08] ---- BROWSER:  Firefox 73.0 (Mozilla/5.0 (Windows NT 10.0; Win64; x64; rv:73.0) Gecko/20100101 Firefox/73.0)
[2020-02-19 09:51:08] 200 - OK - text/xml
[2020-02-19 09:51:08] 200 - OK - text/xml
[2020-02-19 09:51:27] REQUEST GET - https://localhost:8082/economics/impostazioni
[2020-02-19 09:51:27] ---- FROM  ::1 (WinNT)
[2020-02-19 09:51:27] ---- BROWSER:  Firefox 73.0 (Mozilla/5.0 (Windows NT 10.0; Win64; x64; rv:73.0) Gecko/20100101 Firefox/73.0)
[2020-02-19 09:51:27] 200 - OK - text/html
[2020-02-19 09:51:29] REQUEST POST - https://localhost:8082/public/ws/Config.asmx/Economics_Get
[2020-02-19 09:51:29] ---- FROM  ::1 (WinNT)
[2020-02-19 09:51:29] ---- BROWSER:  Firefox 73.0 (Mozilla/5.0 (Windows NT 10.0; Win64; x64; rv:73.0) Gecko/20100101 Firefox/73.0)
[2020-02-19 09:51:29] ---- CONTENT: {data : "<?xml version='1.0' encoding='utf-8' ?><Request ID='20200219095129472'><General><Token>11111121252221224308000011333382</Token></General><Data></Data></Request>"}
[2020-02-19 09:51:29] 200 - OK - application/json
[2020-02-19 09:51:29] REQUEST POST - https://localhost:8082/public/ws/Config.asmx/All_Get
[2020-02-19 09:51:29] ---- FROM  ::1 (WinNT)
[2020-02-19 09:51:29] ---- BROWSER:  Firefox 73.0 (Mozilla/5.0 (Windows NT 10.0; Win64; x64; rv:73.0) Gecko/20100101 Firefox/73.0)
[2020-02-19 09:51:29] ---- CONTENT: {data : "<?xml version='1.0' encoding='utf-8' ?><Request ID='20200219095129528'><General><Token>11111121252221224308000011333382</Token></General><Data></Data></Request>"}
[2020-02-19 09:51:29] REQUEST POST - https://localhost:8082/public/ws/Economics.asmx/messaggi_summary
[2020-02-19 09:51:29] ---- FROM  ::1 (WinNT)
[2020-02-19 09:51:29] ---- BROWSER:  Firefox 73.0 (Mozilla/5.0 (Windows NT 10.0; Win64; x64; rv:73.0) Gecko/20100101 Firefox/73.0)
[2020-02-19 09:51:29] ---- CONTENT: {data : "<?xml version='1.0' encoding='utf-8' ?><Request ID='20200219095129571'><General><Token>11111121252221224308000011333382</Token></General><Data></Data></Request>"}
[2020-02-19 09:51:29] 200 - OK - application/json
[2020-02-19 09:51:29] 200 - OK - application/json
[2020-02-19 09:51:29] REQUEST POST - https://localhost:8082/public/ws/Config.asmx/All_Get
[2020-02-19 09:51:29] ---- FROM  ::1 (WinNT)
[2020-02-19 09:51:29] ---- BROWSER:  Firefox 73.0 (Mozilla/5.0 (Windows NT 10.0; Win64; x64; rv:73.0) Gecko/20100101 Firefox/73.0)
[2020-02-19 09:51:29] ---- CONTENT: {data : "<?xml version='1.0' encoding='utf-8' ?><Request ID='20200219095129680'><General><Token>11111121252221224308000011333382</Token></General><Data></Data></Request>"}
[2020-02-19 09:51:29] 200 - OK - application/json
[2020-02-19 09:51:29] REQUEST POST - https://localhost:8082/public/ws/Config.asmx/All_Get
[2020-02-19 09:51:29] ---- FROM  ::1 (WinNT)
[2020-02-19 09:51:29] ---- BROWSER:  Firefox 73.0 (Mozilla/5.0 (Windows NT 10.0; Win64; x64; rv:73.0) Gecko/20100101 Firefox/73.0)
[2020-02-19 09:51:29] ---- CONTENT: {data : "<?xml version='1.0' encoding='utf-8' ?><Request ID='20200219095129835'><General><Token>11111121252221224308000011333382</Token></General><Data></Data></Request>"}
[2020-02-19 09:51:29] 200 - OK - application/json
[2020-02-19 09:51:41] REQUEST GET - https://localhost:8082/economics/iva
[2020-02-19 09:51:41] ---- FROM  ::1 (WinNT)
[2020-02-19 09:51:41] ---- BROWSER:  Firefox 73.0 (Mozilla/5.0 (Windows NT 10.0; Win64; x64; rv:73.0) Gecko/20100101 Firefox/73.0)
[2020-02-19 09:51:41] 200 - OK - text/html
[2020-02-19 09:51:41] REQUEST POST - https://localhost:8082/public/ws/Iva.asmx/Get
[2020-02-19 09:51:41] ---- FROM  ::1 (WinNT)
[2020-02-19 09:51:41] ---- BROWSER:  Firefox 73.0 (Mozilla/5.0 (Windows NT 10.0; Win64; x64; rv:73.0) Gecko/20100101 Firefox/73.0)
[2020-02-19 09:51:41] ---- CONTENT: {data : "<?xml version='1.0' encoding='utf-8' ?><Request ID='20200219095141934'><General><Token>11111121252221224308000011333382</Token></General><Data></Data></Request>"}
[2020-02-19 09:51:43] 200 - OK - application/json
[2020-02-19 09:51:43] REQUEST POST - https://localhost:8082/public/ws/Config.asmx/All_Get
[2020-02-19 09:51:43] ---- FROM  ::1 (WinNT)
[2020-02-19 09:51:43] ---- BROWSER:  Firefox 73.0 (Mozilla/5.0 (Windows NT 10.0; Win64; x64; rv:73.0) Gecko/20100101 Firefox/73.0)
[2020-02-19 09:51:43] ---- CONTENT: {data : "<?xml version='1.0' encoding='utf-8' ?><Request ID='20200219095143407'><General><Token>11111121252221224308000011333382</Token></General><Data></Data></Request>"}
[2020-02-19 09:51:43] REQUEST POST - https://localhost:8082/public/ws/Economics.asmx/messaggi_summary
[2020-02-19 09:51:43] ---- FROM  ::1 (WinNT)
[2020-02-19 09:51:43] ---- BROWSER:  Firefox 73.0 (Mozilla/5.0 (Windows NT 10.0; Win64; x64; rv:73.0) Gecko/20100101 Firefox/73.0)
[2020-02-19 09:51:43] ---- CONTENT: {data : "<?xml version='1.0' encoding='utf-8' ?><Request ID='20200219095143446'><General><Token>11111121252221224308000011333382</Token></General><Data></Data></Request>"}
[2020-02-19 09:51:43] REQUEST GET - https://localhost:8082/public/ws/Resources.ashx/xml-economics/11111121252221224308000011333382
[2020-02-19 09:51:43] ---- FROM  ::1 (WinNT)
[2020-02-19 09:51:43] ---- BROWSER:  Firefox 73.0 (Mozilla/5.0 (Windows NT 10.0; Win64; x64; rv:73.0) Gecko/20100101 Firefox/73.0)
[2020-02-19 09:51:43] 200 - OK - application/json
[2020-02-19 09:51:43] 200 - OK - application/json
[2020-02-19 09:51:43] REQUEST POST - https://localhost:8082/public/ws/Config.asmx/All_Get
[2020-02-19 09:51:43] ---- FROM  ::1 (WinNT)
[2020-02-19 09:51:43] ---- BROWSER:  Firefox 73.0 (Mozilla/5.0 (Windows NT 10.0; Win64; x64; rv:73.0) Gecko/20100101 Firefox/73.0)
[2020-02-19 09:51:43] ---- CONTENT: {data : "<?xml version='1.0' encoding='utf-8' ?><Request ID='20200219095143547'><General><Token>11111121252221224308000011333382</Token></General><Data></Data></Request>"}
[2020-02-19 09:51:43] 200 - OK - application/json
[2020-02-19 09:51:43] 200 - OK - text/xml
[2020-02-19 09:51:43] REQUEST POST - https://localhost:8082/public/ws/Config.asmx/All_Get
[2020-02-19 09:51:43] ---- FROM  ::1 (WinNT)
[2020-02-19 09:51:43] ---- BROWSER:  Firefox 73.0 (Mozilla/5.0 (Windows NT 10.0; Win64; x64; rv:73.0) Gecko/20100101 Firefox/73.0)
[2020-02-19 09:51:43] ---- CONTENT: {data : "<?xml version='1.0' encoding='utf-8' ?><Request ID='20200219095143891'><General><Token>11111121252221224308000011333382</Token></General><Data></Data></Request>"}
[2020-02-19 09:51:43] 200 - OK - application/json
[2020-02-19 09:52:03] REQUEST GET - https://localhost:8082/economics/ricavi
[2020-02-19 09:52:03] ---- FROM  ::1 (WinNT)
[2020-02-19 09:52:03] ---- BROWSER:  Firefox 73.0 (Mozilla/5.0 (Windows NT 10.0; Win64; x64; rv:73.0) Gecko/20100101 Firefox/73.0)
[2020-02-19 09:52:03] 200 - OK - text/html
[2020-02-19 09:52:04] REQUEST POST - https://localhost:8082/public/ws/Ricavi.asmx/Ricavo_Get
[2020-02-19 09:52:04] ---- FROM  ::1 (WinNT)
[2020-02-19 09:52:04] ---- BROWSER:  Firefox 73.0 (Mozilla/5.0 (Windows NT 10.0; Win64; x64; rv:73.0) Gecko/20100101 Firefox/73.0)
[2020-02-19 09:52:04] ---- CONTENT: {data : "<?xml version='1.0' encoding='utf-8' ?><Request ID='20200219095204103'><General><Token>11111121252221224308000011333382</Token></General><Data></Data></Request>"}
[2020-02-19 09:52:04] 200 - OK - application/json
[2020-02-19 09:52:04] REQUEST POST - https://localhost:8082/public/ws/Config.asmx/All_Get
[2020-02-19 09:52:04] ---- FROM  ::1 (WinNT)
[2020-02-19 09:52:04] ---- BROWSER:  Firefox 73.0 (Mozilla/5.0 (Windows NT 10.0; Win64; x64; rv:73.0) Gecko/20100101 Firefox/73.0)
[2020-02-19 09:52:04] ---- CONTENT: {data : "<?xml version='1.0' encoding='utf-8' ?><Request ID='20200219095204238'><General><Token>11111121252221224308000011333382</Token></General><Data></Data></Request>"}
[2020-02-19 09:52:04] REQUEST POST - https://localhost:8082/public/ws/Economics.asmx/messaggi_summary
[2020-02-19 09:52:04] ---- FROM  ::1 (WinNT)
[2020-02-19 09:52:04] ---- BROWSER:  Firefox 73.0 (Mozilla/5.0 (Windows NT 10.0; Win64; x64; rv:73.0) Gecko/20100101 Firefox/73.0)
[2020-02-19 09:52:04] ---- CONTENT: {data : "<?xml version='1.0' encoding='utf-8' ?><Request ID='20200219095204300'><General><Token>11111121252221224308000011333382</Token></General><Data></Data></Request>"}
[2020-02-19 09:52:04] REQUEST GET - https://localhost:8082/public/ws/Resources.ashx/xml-economics/11111121252221224308000011333382
[2020-02-19 09:52:04] 200 - OK - application/json
[2020-02-19 09:52:04] ---- FROM  ::1 (WinNT)
[2020-02-19 09:52:04] ---- BROWSER:  Firefox 73.0 (Mozilla/5.0 (Windows NT 10.0; Win64; x64; rv:73.0) Gecko/20100101 Firefox/73.0)
[2020-02-19 09:52:04] 200 - OK - application/json
[2020-02-19 09:52:04] REQUEST POST - https://localhost:8082/public/ws/Config.asmx/All_Get
[2020-02-19 09:52:04] 200 - OK - text/xml
[2020-02-19 09:52:04] ---- FROM  ::1 (WinNT)
[2020-02-19 09:52:04] ---- BROWSER:  Firefox 73.0 (Mozilla/5.0 (Windows NT 10.0; Win64; x64; rv:73.0) Gecko/20100101 Firefox/73.0)
[2020-02-19 09:52:04] ---- CONTENT: {data : "<?xml version='1.0' encoding='utf-8' ?><Request ID='20200219095204411'><General><Token>11111121252221224308000011333382</Token></General><Data></Data></Request>"}
[2020-02-19 09:52:04] 200 - OK - application/json
[2020-02-19 09:52:04] REQUEST POST - https://localhost:8082/public/ws/Config.asmx/All_Get
[2020-02-19 09:52:04] ---- FROM  ::1 (WinNT)
[2020-02-19 09:52:04] ---- BROWSER:  Firefox 73.0 (Mozilla/5.0 (Windows NT 10.0; Win64; x64; rv:73.0) Gecko/20100101 Firefox/73.0)
[2020-02-19 09:52:04] ---- CONTENT: {data : "<?xml version='1.0' encoding='utf-8' ?><Request ID='20200219095204929'><General><Token>11111121252221224308000011333382</Token></General><Data></Data></Request>"}
[2020-02-19 09:52:04] 200 - OK - application/json
[2020-02-19 09:52:14] REQUEST GET - https://localhost:8082/economics/costi-esterni
[2020-02-19 09:52:14] ---- FROM  ::1 (WinNT)
[2020-02-19 09:52:14] ---- BROWSER:  Firefox 73.0 (Mozilla/5.0 (Windows NT 10.0; Win64; x64; rv:73.0) Gecko/20100101 Firefox/73.0)
[2020-02-19 09:52:14] 200 - OK - text/html
[2020-02-19 09:52:14] REQUEST POST - https://localhost:8082/public/ws/Ricavi.asmx/CostiEsterniMagazzino_Get
[2020-02-19 09:52:14] ---- FROM  ::1 (WinNT)
[2020-02-19 09:52:14] ---- BROWSER:  Firefox 73.0 (Mozilla/5.0 (Windows NT 10.0; Win64; x64; rv:73.0) Gecko/20100101 Firefox/73.0)
[2020-02-19 09:52:14] ---- CONTENT: {data : "<?xml version='1.0' encoding='utf-8' ?><Request ID='20200219095214673'><General><Token>11111121252221224308000011333382</Token></General><Data></Data></Request>"}
[2020-02-19 09:52:14] 200 - OK - application/json
[2020-02-19 09:52:14] REQUEST POST - https://localhost:8082/public/ws/Config.asmx/All_Get
[2020-02-19 09:52:14] ---- FROM  ::1 (WinNT)
[2020-02-19 09:52:14] ---- BROWSER:  Firefox 73.0 (Mozilla/5.0 (Windows NT 10.0; Win64; x64; rv:73.0) Gecko/20100101 Firefox/73.0)
[2020-02-19 09:52:14] ---- CONTENT: {data : "<?xml version='1.0' encoding='utf-8' ?><Request ID='20200219095214842'><General><Token>11111121252221224308000011333382</Token></General><Data></Data></Request>"}
[2020-02-19 09:52:14] REQUEST POST - https://localhost:8082/public/ws/Economics.asmx/messaggi_summary
[2020-02-19 09:52:14] ---- FROM  ::1 (WinNT)
[2020-02-19 09:52:14] ---- BROWSER:  Firefox 73.0 (Mozilla/5.0 (Windows NT 10.0; Win64; x64; rv:73.0) Gecko/20100101 Firefox/73.0)
[2020-02-19 09:52:14] REQUEST GET - https://localhost:8082/public/ws/Resources.ashx/xml-economics/11111121252221224308000011333382
[2020-02-19 09:52:14] ---- FROM  ::1 (WinNT)
[2020-02-19 09:52:14] ---- BROWSER:  Firefox 73.0 (Mozilla/5.0 (Windows NT 10.0; Win64; x64; rv:73.0) Gecko/20100101 Firefox/73.0)
[2020-02-19 09:52:14] ---- CONTENT: {data : "<?xml version='1.0' encoding='utf-8' ?><Request ID='20200219095214884'><General><Token>11111121252221224308000011333382</Token></General><Data></Data></Request>"}
[2020-02-19 09:52:14] 200 - OK - application/json
[2020-02-19 09:52:14] 200 - OK - application/json
[2020-02-19 09:52:14] 200 - OK - text/xml
[2020-02-19 09:52:15] REQUEST POST - https://localhost:8082/public/ws/Config.asmx/All_Get
[2020-02-19 09:52:15] ---- FROM  ::1 (WinNT)
[2020-02-19 09:52:15] ---- BROWSER:  Firefox 73.0 (Mozilla/5.0 (Windows NT 10.0; Win64; x64; rv:73.0) Gecko/20100101 Firefox/73.0)
[2020-02-19 09:52:15] ---- CONTENT: {data : "<?xml version='1.0' encoding='utf-8' ?><Request ID='202002190952152'><General><Token>11111121252221224308000011333382</Token></General><Data></Data></Request>"}
[2020-02-19 09:52:15] 200 - OK - application/json
[2020-02-19 09:52:18] REQUEST POST - https://localhost:8082/public/ws/Config.asmx/All_Get
[2020-02-19 09:52:18] ---- FROM  ::1 (WinNT)
[2020-02-19 09:52:18] ---- BROWSER:  Firefox 73.0 (Mozilla/5.0 (Windows NT 10.0; Win64; x64; rv:73.0) Gecko/20100101 Firefox/73.0)
[2020-02-19 09:52:18] ---- CONTENT: {data : "<?xml version='1.0' encoding='utf-8' ?><Request ID='20200219095218228'><General><Token>11111121252221224308000011333382</Token></General><Data></Data></Request>"}
[2020-02-19 09:52:18] 200 - OK - application/json
[2020-02-19 09:52:50] REQUEST GET - https://localhost:8082/economics/costi-variabili
[2020-02-19 09:52:50] ---- FROM  ::1 (WinNT)
[2020-02-19 09:52:50] ---- BROWSER:  Firefox 73.0 (Mozilla/5.0 (Windows NT 10.0; Win64; x64; rv:73.0) Gecko/20100101 Firefox/73.0)
[2020-02-19 09:52:50] 200 - OK - text/html
[2020-02-19 09:52:50] REQUEST POST - https://localhost:8082/public/ws/CostiVariabili.asmx/Get
[2020-02-19 09:52:50] ---- FROM  ::1 (WinNT)
[2020-02-19 09:52:50] ---- BROWSER:  Firefox 73.0 (Mozilla/5.0 (Windows NT 10.0; Win64; x64; rv:73.0) Gecko/20100101 Firefox/73.0)
[2020-02-19 09:52:50] ---- CONTENT: {data : "<?xml version='1.0' encoding='utf-8' ?><Request ID='20200219095250649'><General><Token>11111121252221224308000011333382</Token></General><Data></Data></Request>"}
[2020-02-19 09:52:50] 200 - OK - application/json
[2020-02-19 09:52:50] REQUEST POST - https://localhost:8082/public/ws/Config.asmx/All_Get
[2020-02-19 09:52:50] ---- FROM  ::1 (WinNT)
[2020-02-19 09:52:50] ---- BROWSER:  Firefox 73.0 (Mozilla/5.0 (Windows NT 10.0; Win64; x64; rv:73.0) Gecko/20100101 Firefox/73.0)
[2020-02-19 09:52:50] ---- CONTENT: {data : "<?xml version='1.0' encoding='utf-8' ?><Request ID='20200219095250783'><General><Token>11111121252221224308000011333382</Token></General><Data></Data></Request>"}
[2020-02-19 09:52:50] REQUEST POST - https://localhost:8082/public/ws/Economics.asmx/messaggi_summary
[2020-02-19 09:52:50] ---- FROM  ::1 (WinNT)
[2020-02-19 09:52:50] ---- BROWSER:  Firefox 73.0 (Mozilla/5.0 (Windows NT 10.0; Win64; x64; rv:73.0) Gecko/20100101 Firefox/73.0)
[2020-02-19 09:52:50] ---- CONTENT: {data : "<?xml version='1.0' encoding='utf-8' ?><Request ID='20200219095250835'><General><Token>11111121252221224308000011333382</Token></General><Data></Data></Request>"}
[2020-02-19 09:52:50] 200 - OK - application/json
[2020-02-19 09:52:50] 200 - OK - application/json
[2020-02-19 09:52:50] REQUEST GET - https://localhost:8082/public/ws/Resources.ashx/xml-economics/11111121252221224308000011333382
[2020-02-19 09:52:50] ---- FROM  ::1 (WinNT)
[2020-02-19 09:52:50] ---- BROWSER:  Firefox 73.0 (Mozilla/5.0 (Windows NT 10.0; Win64; x64; rv:73.0) Gecko/20100101 Firefox/73.0)
[2020-02-19 09:52:50] 200 - OK - text/xml
[2020-02-19 09:52:50] REQUEST POST - https://localhost:8082/public/ws/Config.asmx/All_Get
[2020-02-19 09:52:50] ---- FROM  ::1 (WinNT)
[2020-02-19 09:52:50] ---- BROWSER:  Firefox 73.0 (Mozilla/5.0 (Windows NT 10.0; Win64; x64; rv:73.0) Gecko/20100101 Firefox/73.0)
[2020-02-19 09:52:50] ---- CONTENT: {data : "<?xml version='1.0' encoding='utf-8' ?><Request ID='20200219095250920'><General><Token>11111121252221224308000011333382</Token></General><Data></Data></Request>"}
[2020-02-19 09:52:51] 200 - OK - application/json
[2020-02-19 09:52:51] REQUEST POST - https://localhost:8082/public/ws/Config.asmx/All_Get
[2020-02-19 09:52:51] ---- FROM  ::1 (WinNT)
[2020-02-19 09:52:51] ---- BROWSER:  Firefox 73.0 (Mozilla/5.0 (Windows NT 10.0; Win64; x64; rv:73.0) Gecko/20100101 Firefox/73.0)
[2020-02-19 09:52:51] ---- CONTENT: {data : "<?xml version='1.0' encoding='utf-8' ?><Request ID='20200219095251313'><General><Token>11111121252221224308000011333382</Token></General><Data></Data></Request>"}
[2020-02-19 09:52:51] 200 - OK - application/json
[2020-02-19 09:52:57] REQUEST GET - https://localhost:8082/economics/costi-interni
[2020-02-19 09:52:57] ---- FROM  ::1 (WinNT)
[2020-02-19 09:52:57] ---- BROWSER:  Firefox 73.0 (Mozilla/5.0 (Windows NT 10.0; Win64; x64; rv:73.0) Gecko/20100101 Firefox/73.0)
[2020-02-19 09:52:57] 200 - OK - text/html
[2020-02-19 09:52:57] REQUEST POST - https://localhost:8082/public/ws/CostiInterni.asmx/Get
[2020-02-19 09:52:57] ---- FROM  ::1 (WinNT)
[2020-02-19 09:52:57] ---- BROWSER:  Firefox 73.0 (Mozilla/5.0 (Windows NT 10.0; Win64; x64; rv:73.0) Gecko/20100101 Firefox/73.0)
[2020-02-19 09:52:57] ---- CONTENT: {data : "<?xml version='1.0' encoding='utf-8' ?><Request ID='20200219095257960'><General><Token>11111121252221224308000011333382</Token></General><Data></Data></Request>"}
[2020-02-19 09:52:58] 200 - OK - application/json
[2020-02-19 09:52:58] REQUEST POST - https://localhost:8082/public/ws/Config.asmx/All_Get
[2020-02-19 09:52:58] ---- FROM  ::1 (WinNT)
[2020-02-19 09:52:58] ---- BROWSER:  Firefox 73.0 (Mozilla/5.0 (Windows NT 10.0; Win64; x64; rv:73.0) Gecko/20100101 Firefox/73.0)
[2020-02-19 09:52:58] ---- CONTENT: {data : "<?xml version='1.0' encoding='utf-8' ?><Request ID='2020021909525897'><General><Token>11111121252221224308000011333382</Token></General><Data></Data></Request>"}
[2020-02-19 09:52:58] REQUEST POST - https://localhost:8082/public/ws/Economics.asmx/messaggi_summary
[2020-02-19 09:52:58] ---- FROM  ::1 (WinNT)
[2020-02-19 09:52:58] ---- BROWSER:  Firefox 73.0 (Mozilla/5.0 (Windows NT 10.0; Win64; x64; rv:73.0) Gecko/20100101 Firefox/73.0)
[2020-02-19 09:52:58] ---- CONTENT: {data : "<?xml version='1.0' encoding='utf-8' ?><Request ID='20200219095258151'><General><Token>11111121252221224308000011333382</Token></General><Data></Data></Request>"}
[2020-02-19 09:52:58] 200 - OK - application/json
[2020-02-19 09:52:58] 200 - OK - application/json
[2020-02-19 09:52:58] REQUEST GET - https://localhost:8082/public/ws/Resources.ashx/xml-economics/11111121252221224308000011333382
[2020-02-19 09:52:58] ---- FROM  ::1 (WinNT)
[2020-02-19 09:52:58] ---- BROWSER:  Firefox 73.0 (Mozilla/5.0 (Windows NT 10.0; Win64; x64; rv:73.0) Gecko/20100101 Firefox/73.0)
[2020-02-19 09:52:58] 200 - OK - text/xml
[2020-02-19 09:52:58] REQUEST POST - https://localhost:8082/public/ws/Config.asmx/All_Get
[2020-02-19 09:52:58] ---- FROM  ::1 (WinNT)
[2020-02-19 09:52:58] ---- BROWSER:  Firefox 73.0 (Mozilla/5.0 (Windows NT 10.0; Win64; x64; rv:73.0) Gecko/20100101 Firefox/73.0)
[2020-02-19 09:52:58] ---- CONTENT: {data : "<?xml version='1.0' encoding='utf-8' ?><Request ID='20200219095258234'><General><Token>11111121252221224308000011333382</Token></General><Data></Data></Request>"}
[2020-02-19 09:52:58] 200 - OK - application/json
[2020-02-19 09:52:58] REQUEST POST - https://localhost:8082/public/ws/Config.asmx/All_Get
[2020-02-19 09:52:58] ---- FROM  ::1 (WinNT)
[2020-02-19 09:52:58] ---- BROWSER:  Firefox 73.0 (Mozilla/5.0 (Windows NT 10.0; Win64; x64; rv:73.0) Gecko/20100101 Firefox/73.0)
[2020-02-19 09:52:58] ---- CONTENT: {data : "<?xml version='1.0' encoding='utf-8' ?><Request ID='20200219095258989'><General><Token>11111121252221224308000011333382</Token></General><Data></Data></Request>"}
[2020-02-19 09:52:59] 200 - OK - application/json
[2020-02-19 09:53:17] REQUEST GET - https://localhost:8082/qa/qualitativa
[2020-02-19 09:53:17] ---- FROM  ::1 (WinNT)
[2020-02-19 09:53:17] ---- BROWSER:  Firefox 73.0 (Mozilla/5.0 (Windows NT 10.0; Win64; x64; rv:73.0) Gecko/20100101 Firefox/73.0)
[2020-02-19 09:53:17] 200 - OK - text/html
[2020-02-19 09:53:17] REQUEST POST - https://localhost:8082/public/ws/QAnalysis.asmx/Get
[2020-02-19 09:53:17] ---- FROM  ::1 (WinNT)
[2020-02-19 09:53:17] ---- BROWSER:  Firefox 73.0 (Mozilla/5.0 (Windows NT 10.0; Win64; x64; rv:73.0) Gecko/20100101 Firefox/73.0)
[2020-02-19 09:53:17] ---- CONTENT: {data : "<?xml version='1.0' encoding='utf-8' ?><Request ID='20200219095317577'><General><Token>11111121252221224308000011333382</Token></General><Data></Data></Request>"}
[2020-02-19 09:53:17] 200 - OK - application/json
[2020-02-19 09:53:17] REQUEST POST - https://localhost:8082/public/ws/Config.asmx/All_Get
[2020-02-19 09:53:17] ---- FROM  ::1 (WinNT)
[2020-02-19 09:53:17] ---- BROWSER:  Firefox 73.0 (Mozilla/5.0 (Windows NT 10.0; Win64; x64; rv:73.0) Gecko/20100101 Firefox/73.0)
[2020-02-19 09:53:17] ---- CONTENT: {data : "<?xml version='1.0' encoding='utf-8' ?><Request ID='20200219095317709'><General><Token>11111121252221224308000011333382</Token></General><Data></Data></Request>"}
[2020-02-19 09:53:17] REQUEST POST - https://localhost:8082/public/ws/Economics.asmx/messaggi_summary
[2020-02-19 09:53:17] ---- FROM  ::1 (WinNT)
[2020-02-19 09:53:17] ---- BROWSER:  Firefox 73.0 (Mozilla/5.0 (Windows NT 10.0; Win64; x64; rv:73.0) Gecko/20100101 Firefox/73.0)
[2020-02-19 09:53:17] ---- CONTENT: {data : "<?xml version='1.0' encoding='utf-8' ?><Request ID='20200219095317758'><General><Token>11111121252221224308000011333382</Token></General><Data></Data></Request>"}
[2020-02-19 09:53:17] 200 - OK - application/json
[2020-02-19 09:53:17] 200 - OK - application/json
[2020-02-19 09:53:17] REQUEST POST - https://localhost:8082/public/ws/Config.asmx/All_Get
[2020-02-19 09:53:17] REQUEST POST - https://localhost:8082/public/ws/Config.asmx/All_Get
[2020-02-19 09:53:17] ---- FROM  ::1 (WinNT)
[2020-02-19 09:53:17] ---- BROWSER:  Firefox 73.0 (Mozilla/5.0 (Windows NT 10.0; Win64; x64; rv:73.0) Gecko/20100101 Firefox/73.0)
[2020-02-19 09:53:17] ---- CONTENT: {data : "<?xml version='1.0' encoding='utf-8' ?><Request ID='20200219095317879'><General><Token>11111121252221224308000011333382</Token></General><Data></Data></Request>"}
[2020-02-19 09:53:17] ---- FROM  ::1 (WinNT)
[2020-02-19 09:53:17] ---- BROWSER:  Firefox 73.0 (Mozilla/5.0 (Windows NT 10.0; Win64; x64; rv:73.0) Gecko/20100101 Firefox/73.0)
[2020-02-19 09:53:17] ---- CONTENT: {data : "<?xml version='1.0' encoding='utf-8' ?><Request ID='20200219095317875'><General><Token>11111121252221224308000011333382</Token></General><Data></Data></Request>"}
[2020-02-19 09:53:18] REQUEST GET - https://localhost:8082/public/ws/Resources.ashx/xml-qa
[2020-02-19 09:53:18] REQUEST GET - https://localhost:8082/public/ws/Resources.ashx/xml-qa
[2020-02-19 09:53:18] 200 - OK - application/json
[2020-02-19 09:53:18] REQUEST GET - https://localhost:8082/public/ws/Resources.ashx/xml-qa
[2020-02-19 09:53:18] REQUEST GET - https://localhost:8082/public/ws/Resources.ashx/xml-qa
[2020-02-19 09:53:18] REQUEST GET - https://localhost:8082/public/ws/Resources.ashx/xml-qa
[2020-02-19 09:53:18] ---- FROM  ::1 (WinNT)
[2020-02-19 09:53:18] REQUEST GET - https://localhost:8082/public/ws/Resources.ashx/xml-qa
[2020-02-19 09:53:18] 200 - OK - application/json
[2020-02-19 09:53:18] REQUEST GET - https://localhost:8082/public/ws/Resources.ashx/xml-qa
[2020-02-19 09:53:18] ---- FROM  ::1 (WinNT)
[2020-02-19 09:53:18] ---- FROM  ::1 (WinNT)
[2020-02-19 09:53:18] ---- BROWSER:  Firefox 73.0 (Mozilla/5.0 (Windows NT 10.0; Win64; x64; rv:73.0) Gecko/20100101 Firefox/73.0)
[2020-02-19 09:53:18] ---- FROM  ::1 (WinNT)
[2020-02-19 09:53:18] ---- FROM  ::1 (WinNT)
[2020-02-19 09:53:18] ---- BROWSER:  Firefox 73.0 (Mozilla/5.0 (Windows NT 10.0; Win64; x64; rv:73.0) Gecko/20100101 Firefox/73.0)
[2020-02-19 09:53:18] REQUEST GET - https://localhost:8082/public/ws/Resources.ashx/xml-qa
[2020-02-19 09:53:18] ---- BROWSER:  Firefox 73.0 (Mozilla/5.0 (Windows NT 10.0; Win64; x64; rv:73.0) Gecko/20100101 Firefox/73.0)
[2020-02-19 09:53:18] ---- BROWSER:  Firefox 73.0 (Mozilla/5.0 (Windows NT 10.0; Win64; x64; rv:73.0) Gecko/20100101 Firefox/73.0)
[2020-02-19 09:53:18] 200 - OK - text/xml
[2020-02-19 09:53:18] ---- FROM  ::1 (WinNT)
[2020-02-19 09:53:18] 200 - OK - text/xml
[2020-02-19 09:53:18] ---- BROWSER:  Firefox 73.0 (Mozilla/5.0 (Windows NT 10.0; Win64; x64; rv:73.0) Gecko/20100101 Firefox/73.0)
[2020-02-19 09:53:18] ---- FROM  ::1 (WinNT)
[2020-02-19 09:53:18] REQUEST GET - https://localhost:8082/public/ws/Resources.ashx/xml-qa
[2020-02-19 09:53:18] 200 - OK - text/xml
[2020-02-19 09:53:18] 200 - OK - text/xml
[2020-02-19 09:53:18] REQUEST GET - https://localhost:8082/public/ws/Resources.ashx/xml-qa
[2020-02-19 09:53:18] 200 - OK - text/xml
[2020-02-19 09:53:18] ---- FROM  ::1 (WinNT)
[2020-02-19 09:53:18] REQUEST GET - https://localhost:8082/public/ws/Resources.ashx/xml-qa
[2020-02-19 09:53:18] REQUEST GET - https://localhost:8082/public/ws/Resources.ashx/xml-qa
[2020-02-19 09:53:18] ---- BROWSER:  Firefox 73.0 (Mozilla/5.0 (Windows NT 10.0; Win64; x64; rv:73.0) Gecko/20100101 Firefox/73.0)
[2020-02-19 09:53:18] ---- FROM  ::1 (WinNT)
[2020-02-19 09:53:18] ---- BROWSER:  Firefox 73.0 (Mozilla/5.0 (Windows NT 10.0; Win64; x64; rv:73.0) Gecko/20100101 Firefox/73.0)
[2020-02-19 09:53:18] ---- FROM  ::1 (WinNT)
[2020-02-19 09:53:18] ---- FROM  ::1 (WinNT)
[2020-02-19 09:53:18] REQUEST GET - https://localhost:8082/public/ws/Resources.ashx/xml-qa
[2020-02-19 09:53:18] 200 - OK - text/xml
[2020-02-19 09:53:18] 200 - OK - text/xml
[2020-02-19 09:53:18] ---- BROWSER:  Firefox 73.0 (Mozilla/5.0 (Windows NT 10.0; Win64; x64; rv:73.0) Gecko/20100101 Firefox/73.0)
[2020-02-19 09:53:18] ---- BROWSER:  Firefox 73.0 (Mozilla/5.0 (Windows NT 10.0; Win64; x64; rv:73.0) Gecko/20100101 Firefox/73.0)
[2020-02-19 09:53:18] ---- FROM  ::1 (WinNT)
[2020-02-19 09:53:18] ---- BROWSER:  Firefox 73.0 (Mozilla/5.0 (Windows NT 10.0; Win64; x64; rv:73.0) Gecko/20100101 Firefox/73.0)
[2020-02-19 09:53:18] REQUEST GET - https://localhost:8082/public/ws/Resources.ashx/xml-qa
[2020-02-19 09:53:18] REQUEST GET - https://localhost:8082/public/ws/Resources.ashx/xml-qa
[2020-02-19 09:53:18] 200 - OK - text/xml
[2020-02-19 09:53:18] 200 - OK - text/xml
[2020-02-19 09:53:18] ---- BROWSER:  Firefox 73.0 (Mozilla/5.0 (Windows NT 10.0; Win64; x64; rv:73.0) Gecko/20100101 Firefox/73.0)
[2020-02-19 09:53:18] 200 - OK - text/xml
[2020-02-19 09:53:18] ---- FROM  ::1 (WinNT)
[2020-02-19 09:53:18] ---- FROM  ::1 (WinNT)
[2020-02-19 09:53:18] REQUEST GET - https://localhost:8082/public/ws/Resources.ashx/xml-qa
[2020-02-19 09:53:18] REQUEST GET - https://localhost:8082/public/ws/Resources.ashx/xml-qa
[2020-02-19 09:53:18] REQUEST GET - https://localhost:8082/public/ws/Resources.ashx/xml-qa
[2020-02-19 09:53:18] ---- BROWSER:  Firefox 73.0 (Mozilla/5.0 (Windows NT 10.0; Win64; x64; rv:73.0) Gecko/20100101 Firefox/73.0)
[2020-02-19 09:53:18] 200 - OK - text/xml
[2020-02-19 09:53:18] ---- BROWSER:  Firefox 73.0 (Mozilla/5.0 (Windows NT 10.0; Win64; x64; rv:73.0) Gecko/20100101 Firefox/73.0)
[2020-02-19 09:53:18] ---- FROM  ::1 (WinNT)
[2020-02-19 09:53:18] ---- FROM  ::1 (WinNT)
[2020-02-19 09:53:18] ---- FROM  ::1 (WinNT)
[2020-02-19 09:53:18] 200 - OK - text/xml
[2020-02-19 09:53:18] REQUEST GET - https://localhost:8082/public/ws/Resources.ashx/xml-qa
[2020-02-19 09:53:18] 200 - OK - text/xml
[2020-02-19 09:53:18] ---- BROWSER:  Firefox 73.0 (Mozilla/5.0 (Windows NT 10.0; Win64; x64; rv:73.0) Gecko/20100101 Firefox/73.0)
[2020-02-19 09:53:18] ---- BROWSER:  Firefox 73.0 (Mozilla/5.0 (Windows NT 10.0; Win64; x64; rv:73.0) Gecko/20100101 Firefox/73.0)
[2020-02-19 09:53:18] ---- BROWSER:  Firefox 73.0 (Mozilla/5.0 (Windows NT 10.0; Win64; x64; rv:73.0) Gecko/20100101 Firefox/73.0)
[2020-02-19 09:53:18] REQUEST GET - https://localhost:8082/public/ws/Resources.ashx/xml-qa
[2020-02-19 09:53:18] REQUEST GET - https://localhost:8082/public/ws/Resources.ashx/xml-qa
[2020-02-19 09:53:18] 200 - OK - text/xml
[2020-02-19 09:53:18] 200 - OK - text/xml
[2020-02-19 09:53:18] 200 - OK - text/xml
[2020-02-19 09:53:18] ---- FROM  ::1 (WinNT)
[2020-02-19 09:53:18] ---- FROM  ::1 (WinNT)
[2020-02-19 09:53:18] REQUEST GET - https://localhost:8082/public/ws/Resources.ashx/xml-qa
[2020-02-19 09:53:18] REQUEST GET - https://localhost:8082/public/ws/Resources.ashx/xml-qa
[2020-02-19 09:53:18] REQUEST GET - https://localhost:8082/public/ws/Resources.ashx/xml-qa
[2020-02-19 09:53:18] ---- BROWSER:  Firefox 73.0 (Mozilla/5.0 (Windows NT 10.0; Win64; x64; rv:73.0) Gecko/20100101 Firefox/73.0)
[2020-02-19 09:53:18] ---- FROM  ::1 (WinNT)
[2020-02-19 09:53:18] ---- BROWSER:  Firefox 73.0 (Mozilla/5.0 (Windows NT 10.0; Win64; x64; rv:73.0) Gecko/20100101 Firefox/73.0)
[2020-02-19 09:53:18] ---- FROM  ::1 (WinNT)
[2020-02-19 09:53:18] ---- FROM  ::1 (WinNT)
[2020-02-19 09:53:18] ---- FROM  ::1 (WinNT)
[2020-02-19 09:53:18] ---- BROWSER:  Firefox 73.0 (Mozilla/5.0 (Windows NT 10.0; Win64; x64; rv:73.0) Gecko/20100101 Firefox/73.0)
[2020-02-19 09:53:18] 200 - OK - text/xml
[2020-02-19 09:53:18] ---- BROWSER:  Firefox 73.0 (Mozilla/5.0 (Windows NT 10.0; Win64; x64; rv:73.0) Gecko/20100101 Firefox/73.0)
[2020-02-19 09:53:18] 200 - OK - text/xml
[2020-02-19 09:53:18] ---- BROWSER:  Firefox 73.0 (Mozilla/5.0 (Windows NT 10.0; Win64; x64; rv:73.0) Gecko/20100101 Firefox/73.0)
[2020-02-19 09:53:18] ---- BROWSER:  Firefox 73.0 (Mozilla/5.0 (Windows NT 10.0; Win64; x64; rv:73.0) Gecko/20100101 Firefox/73.0)
[2020-02-19 09:53:18] REQUEST GET - https://localhost:8082/public/ws/Resources.ashx/xml-qa
[2020-02-19 09:53:18] 200 - OK - text/xml
[2020-02-19 09:53:18] REQUEST GET - https://localhost:8082/public/ws/Resources.ashx/xml-qa
[2020-02-19 09:53:18] 200 - OK - text/xml
[2020-02-19 09:53:18] 200 - OK - text/xml
[2020-02-19 09:53:18] ---- FROM  ::1 (WinNT)
[2020-02-19 09:53:18] 200 - OK - text/xml
[2020-02-19 09:53:18] REQUEST GET - https://localhost:8082/public/ws/Resources.ashx/xml-qa
[2020-02-19 09:53:18] ---- FROM  ::1 (WinNT)
[2020-02-19 09:53:18] REQUEST GET - https://localhost:8082/public/ws/Resources.ashx/xml-qa
[2020-02-19 09:53:18] REQUEST GET - https://localhost:8082/public/ws/Resources.ashx/xml-qa
[2020-02-19 09:53:18] ---- BROWSER:  Firefox 73.0 (Mozilla/5.0 (Windows NT 10.0; Win64; x64; rv:73.0) Gecko/20100101 Firefox/73.0)
[2020-02-19 09:53:18] REQUEST GET - https://localhost:8082/public/ws/Resources.ashx/xml-qa
[2020-02-19 09:53:18] ---- FROM  ::1 (WinNT)
[2020-02-19 09:53:18] ---- FROM  ::1 (WinNT)
[2020-02-19 09:53:18] ---- FROM  ::1 (WinNT)
[2020-02-19 09:53:18] 200 - OK - text/xml
[2020-02-19 09:53:18] ---- FROM  ::1 (WinNT)
[2020-02-19 09:53:18] ---- BROWSER:  Firefox 73.0 (Mozilla/5.0 (Windows NT 10.0; Win64; x64; rv:73.0) Gecko/20100101 Firefox/73.0)
[2020-02-19 09:53:18] ---- BROWSER:  Firefox 73.0 (Mozilla/5.0 (Windows NT 10.0; Win64; x64; rv:73.0) Gecko/20100101 Firefox/73.0)
[2020-02-19 09:53:18] ---- BROWSER:  Firefox 73.0 (Mozilla/5.0 (Windows NT 10.0; Win64; x64; rv:73.0) Gecko/20100101 Firefox/73.0)
[2020-02-19 09:53:18] ---- BROWSER:  Firefox 73.0 (Mozilla/5.0 (Windows NT 10.0; Win64; x64; rv:73.0) Gecko/20100101 Firefox/73.0)
[2020-02-19 09:53:18] ---- BROWSER:  Firefox 73.0 (Mozilla/5.0 (Windows NT 10.0; Win64; x64; rv:73.0) Gecko/20100101 Firefox/73.0)
[2020-02-19 09:53:18] REQUEST GET - https://localhost:8082/public/ws/Resources.ashx/xml-qa
[2020-02-19 09:53:18] 200 - OK - text/xml
[2020-02-19 09:53:18] 200 - OK - text/xml
[2020-02-19 09:53:18] 200 - OK - text/xml
[2020-02-19 09:53:18] 200 - OK - text/xml
[2020-02-19 09:53:18] 200 - OK - text/xml
[2020-02-19 09:53:18] REQUEST GET - https://localhost:8082/public/ws/Resources.ashx/xml-qa
[2020-02-19 09:53:18] ---- BROWSER:  Firefox 73.0 (Mozilla/5.0 (Windows NT 10.0; Win64; x64; rv:73.0) Gecko/20100101 Firefox/73.0)
[2020-02-19 09:53:18] ---- FROM  ::1 (WinNT)
[2020-02-19 09:53:18] REQUEST GET - https://localhost:8082/public/ws/Resources.ashx/xml-qa
[2020-02-19 09:53:18] REQUEST GET - https://localhost:8082/public/ws/Resources.ashx/xml-qa
[2020-02-19 09:53:18] ---- FROM  ::1 (WinNT)
[2020-02-19 09:53:18] REQUEST GET - https://localhost:8082/public/ws/Resources.ashx/xml-qa
[2020-02-19 09:53:18] ---- FROM  ::1 (WinNT)
[2020-02-19 09:53:18] ---- FROM  ::1 (WinNT)
[2020-02-19 09:53:18] ---- FROM  ::1 (WinNT)
[2020-02-19 09:53:18] ---- BROWSER:  Firefox 73.0 (Mozilla/5.0 (Windows NT 10.0; Win64; x64; rv:73.0) Gecko/20100101 Firefox/73.0)
[2020-02-19 09:53:18] ---- FROM  ::1 (WinNT)
[2020-02-19 09:53:18] ---- BROWSER:  Firefox 73.0 (Mozilla/5.0 (Windows NT 10.0; Win64; x64; rv:73.0) Gecko/20100101 Firefox/73.0)
[2020-02-19 09:53:18] ---- BROWSER:  Firefox 73.0 (Mozilla/5.0 (Windows NT 10.0; Win64; x64; rv:73.0) Gecko/20100101 Firefox/73.0)
[2020-02-19 09:53:18] ---- BROWSER:  Firefox 73.0 (Mozilla/5.0 (Windows NT 10.0; Win64; x64; rv:73.0) Gecko/20100101 Firefox/73.0)
[2020-02-19 09:53:18] ---- BROWSER:  Firefox 73.0 (Mozilla/5.0 (Windows NT 10.0; Win64; x64; rv:73.0) Gecko/20100101 Firefox/73.0)
[2020-02-19 09:53:18] 200 - OK - text/xml
[2020-02-19 09:53:18] ---- BROWSER:  Firefox 73.0 (Mozilla/5.0 (Windows NT 10.0; Win64; x64; rv:73.0) Gecko/20100101 Firefox/73.0)
[2020-02-19 09:53:18] 200 - OK - text/xml
[2020-02-19 09:53:18] 200 - OK - text/xml
[2020-02-19 09:53:18] 200 - OK - text/xml
[2020-02-19 09:53:18] 200 - OK - text/xml
[2020-02-19 09:53:18] 200 - OK - text/xml
[2020-02-19 09:53:18] 200 - OK - text/xml
[2020-02-19 09:53:22] REQUEST GET - https://localhost:8082/economics/ricavi
[2020-02-19 09:53:22] ---- FROM  ::1 (WinNT)
[2020-02-19 09:53:22] ---- BROWSER:  Firefox 73.0 (Mozilla/5.0 (Windows NT 10.0; Win64; x64; rv:73.0) Gecko/20100101 Firefox/73.0)
[2020-02-19 09:53:22] 200 - OK - text/html
[2020-02-19 09:53:22] REQUEST POST - https://localhost:8082/public/ws/Ricavi.asmx/Ricavo_Get
[2020-02-19 09:53:22] ---- FROM  ::1 (WinNT)
[2020-02-19 09:53:22] ---- BROWSER:  Firefox 73.0 (Mozilla/5.0 (Windows NT 10.0; Win64; x64; rv:73.0) Gecko/20100101 Firefox/73.0)
[2020-02-19 09:53:22] ---- CONTENT: {data : "<?xml version='1.0' encoding='utf-8' ?><Request ID='20200219095322825'><General><Token>11111121252221224308000011333382</Token></General><Data></Data></Request>"}
[2020-02-19 09:53:22] 200 - OK - application/json
[2020-02-19 09:53:22] REQUEST GET - https://localhost:8082/public/ws/Resources.ashx/xml-economics/11111121252221224308000011333382
[2020-02-19 09:53:22] ---- FROM  ::1 (WinNT)
[2020-02-19 09:53:22] ---- BROWSER:  Firefox 73.0 (Mozilla/5.0 (Windows NT 10.0; Win64; x64; rv:73.0) Gecko/20100101 Firefox/73.0)
[2020-02-19 09:53:22] REQUEST POST - https://localhost:8082/public/ws/Config.asmx/All_Get
[2020-02-19 09:53:22] ---- FROM  ::1 (WinNT)
[2020-02-19 09:53:22] ---- BROWSER:  Firefox 73.0 (Mozilla/5.0 (Windows NT 10.0; Win64; x64; rv:73.0) Gecko/20100101 Firefox/73.0)
[2020-02-19 09:53:22] ---- CONTENT: {data : "<?xml version='1.0' encoding='utf-8' ?><Request ID='20200219095322923'><General><Token>11111121252221224308000011333382</Token></General><Data></Data></Request>"}
[2020-02-19 09:53:22] 200 - OK - text/xml
[2020-02-19 09:53:23] REQUEST POST - https://localhost:8082/public/ws/Economics.asmx/messaggi_summary
[2020-02-19 09:53:23] ---- FROM  ::1 (WinNT)
[2020-02-19 09:53:23] ---- BROWSER:  Firefox 73.0 (Mozilla/5.0 (Windows NT 10.0; Win64; x64; rv:73.0) Gecko/20100101 Firefox/73.0)
[2020-02-19 09:53:23] ---- CONTENT: {data : "<?xml version='1.0' encoding='utf-8' ?><Request ID='20200219095322985'><General><Token>11111121252221224308000011333382</Token></General><Data></Data></Request>"}
[2020-02-19 09:53:23] 200 - OK - application/json
[2020-02-19 09:53:23] 200 - OK - application/json
[2020-02-19 09:53:23] REQUEST POST - https://localhost:8082/public/ws/Config.asmx/All_Get
[2020-02-19 09:53:23] ---- FROM  ::1 (WinNT)
[2020-02-19 09:53:23] ---- BROWSER:  Firefox 73.0 (Mozilla/5.0 (Windows NT 10.0; Win64; x64; rv:73.0) Gecko/20100101 Firefox/73.0)
[2020-02-19 09:53:23] ---- CONTENT: {data : "<?xml version='1.0' encoding='utf-8' ?><Request ID='20200219095323450'><General><Token>11111121252221224308000011333382</Token></General><Data></Data></Request>"}
[2020-02-19 09:53:23] REQUEST POST - https://localhost:8082/public/ws/Config.asmx/All_Get
[2020-02-19 09:53:23] ---- FROM  ::1 (WinNT)
[2020-02-19 09:53:23] ---- BROWSER:  Firefox 73.0 (Mozilla/5.0 (Windows NT 10.0; Win64; x64; rv:73.0) Gecko/20100101 Firefox/73.0)
[2020-02-19 09:53:23] ---- CONTENT: {data : "<?xml version='1.0' encoding='utf-8' ?><Request ID='20200219095323546'><General><Token>11111121252221224308000011333382</Token></General><Data></Data></Request>"}
[2020-02-19 09:53:23] 200 - OK - application/json
[2020-02-19 09:53:23] 200 - OK - application/json
[2020-02-19 09:53:31] REQUEST GET - https://localhost:8082/economics/costi-esterni
[2020-02-19 09:53:31] ---- FROM  ::1 (WinNT)
[2020-02-19 09:53:31] ---- BROWSER:  Firefox 73.0 (Mozilla/5.0 (Windows NT 10.0; Win64; x64; rv:73.0) Gecko/20100101 Firefox/73.0)
[2020-02-19 09:53:31] 200 - OK - text/html
[2020-02-19 09:53:32] REQUEST POST - https://localhost:8082/public/ws/Ricavi.asmx/CostiEsterniMagazzino_Get
[2020-02-19 09:53:32] ---- FROM  ::1 (WinNT)
[2020-02-19 09:53:32] ---- BROWSER:  Firefox 73.0 (Mozilla/5.0 (Windows NT 10.0; Win64; x64; rv:73.0) Gecko/20100101 Firefox/73.0)
[2020-02-19 09:53:32] ---- CONTENT: {data : "<?xml version='1.0' encoding='utf-8' ?><Request ID='20200219095332220'><General><Token>11111121252221224308000011333382</Token></General><Data></Data></Request>"}
[2020-02-19 09:53:32] 200 - OK - application/json
[2020-02-19 09:53:32] REQUEST POST - https://localhost:8082/public/ws/Config.asmx/All_Get
[2020-02-19 09:53:32] ---- FROM  ::1 (WinNT)
[2020-02-19 09:53:32] ---- BROWSER:  Firefox 73.0 (Mozilla/5.0 (Windows NT 10.0; Win64; x64; rv:73.0) Gecko/20100101 Firefox/73.0)
[2020-02-19 09:53:32] ---- CONTENT: {data : "<?xml version='1.0' encoding='utf-8' ?><Request ID='20200219095332305'><General><Token>11111121252221224308000011333382</Token></General><Data></Data></Request>"}
[2020-02-19 09:53:32] REQUEST POST - https://localhost:8082/public/ws/Economics.asmx/messaggi_summary
[2020-02-19 09:53:32] REQUEST GET - https://localhost:8082/public/ws/Resources.ashx/xml-economics/11111121252221224308000011333382
[2020-02-19 09:53:32] ---- FROM  ::1 (WinNT)
[2020-02-19 09:53:32] ---- BROWSER:  Firefox 73.0 (Mozilla/5.0 (Windows NT 10.0; Win64; x64; rv:73.0) Gecko/20100101 Firefox/73.0)
[2020-02-19 09:53:32] ---- CONTENT: {data : "<?xml version='1.0' encoding='utf-8' ?><Request ID='20200219095332386'><General><Token>11111121252221224308000011333382</Token></General><Data></Data></Request>"}
[2020-02-19 09:53:32] ---- FROM  ::1 (WinNT)
[2020-02-19 09:53:32] ---- BROWSER:  Firefox 73.0 (Mozilla/5.0 (Windows NT 10.0; Win64; x64; rv:73.0) Gecko/20100101 Firefox/73.0)
[2020-02-19 09:53:32] 200 - OK - application/json
[2020-02-19 09:53:32] 200 - OK - application/json
[2020-02-19 09:53:32] 200 - OK - text/xml
[2020-02-19 09:53:32] REQUEST POST - https://localhost:8082/public/ws/Config.asmx/All_Get
[2020-02-19 09:53:32] ---- FROM  ::1 (WinNT)
[2020-02-19 09:53:32] ---- BROWSER:  Firefox 73.0 (Mozilla/5.0 (Windows NT 10.0; Win64; x64; rv:73.0) Gecko/20100101 Firefox/73.0)
[2020-02-19 09:53:32] ---- CONTENT: {data : "<?xml version='1.0' encoding='utf-8' ?><Request ID='20200219095332490'><General><Token>11111121252221224308000011333382</Token></General><Data></Data></Request>"}
[2020-02-19 09:53:32] 200 - OK - application/json
[2020-02-19 09:53:35] REQUEST POST - https://localhost:8082/public/ws/Config.asmx/All_Get
[2020-02-19 09:53:35] ---- FROM  ::1 (WinNT)
[2020-02-19 09:53:35] ---- BROWSER:  Firefox 73.0 (Mozilla/5.0 (Windows NT 10.0; Win64; x64; rv:73.0) Gecko/20100101 Firefox/73.0)
[2020-02-19 09:53:35] ---- CONTENT: {data : "<?xml version='1.0' encoding='utf-8' ?><Request ID='20200219095335699'><General><Token>11111121252221224308000011333382</Token></General><Data></Data></Request>"}
[2020-02-19 09:53:35] 200 - OK - application/json
[2020-02-19 09:55:14] REQUEST GET - https://localhost:8082/economics/costi-esterni
[2020-02-19 09:55:14] ---- FROM  ::1 (WinNT)
[2020-02-19 09:55:14] ---- BROWSER:  Firefox 73.0 (Mozilla/5.0 (Windows NT 10.0; Win64; x64; rv:73.0) Gecko/20100101 Firefox/73.0)
[2020-02-19 09:55:14] 302 - Found - text/html
[2020-02-19 09:55:14] REQUEST GET - https://localhost:8082/public/aspx/Home.aspx?ReturnUrl=%2feconomics%2fcosti-esterni
[2020-02-19 09:55:14] ---- FROM  ::1 (WinNT)
[2020-02-19 09:55:14] ---- BROWSER:  Firefox 73.0 (Mozilla/5.0 (Windows NT 10.0; Win64; x64; rv:73.0) Gecko/20100101 Firefox/73.0)
[2020-02-19 09:55:14] 200 - OK - text/html
[2020-02-19 10:08:44] REQUEST GET - https://localhost:8082/economics/costi-variabili
[2020-02-19 10:08:44] ---- FROM  ::1 (WinNT)
[2020-02-19 10:08:44] ---- BROWSER:  Firefox 73.0 (Mozilla/5.0 (Windows NT 10.0; Win64; x64; rv:73.0) Gecko/20100101 Firefox/73.0)
[2020-02-19 10:08:44] 200 - OK - text/html
[2020-02-19 10:08:45] REQUEST POST - https://localhost:8082/public/ws/CostiVariabili.asmx/Get
[2020-02-19 10:08:45] ---- FROM  ::1 (WinNT)
[2020-02-19 10:08:45] ---- BROWSER:  Firefox 73.0 (Mozilla/5.0 (Windows NT 10.0; Win64; x64; rv:73.0) Gecko/20100101 Firefox/73.0)
[2020-02-19 10:08:45] ---- CONTENT: {data : "<?xml version='1.0' encoding='utf-8' ?><Request ID='2020021910084515'><General><Token>11111121252221224308000011333382</Token></General><Data></Data></Request>"}
[2020-02-19 10:08:45] 200 - OK - application/json
[2020-02-19 10:08:45] REQUEST GET - https://localhost:8082/public/ws/Resources.ashx/xml-economics/11111121252221224308000011333382
[2020-02-19 10:08:45] ---- FROM  ::1 (WinNT)
[2020-02-19 10:08:45] ---- BROWSER:  Firefox 73.0 (Mozilla/5.0 (Windows NT 10.0; Win64; x64; rv:73.0) Gecko/20100101 Firefox/73.0)
[2020-02-19 10:08:45] REQUEST POST - https://localhost:8082/public/ws/Config.asmx/All_Get
[2020-02-19 10:08:45] ---- FROM  ::1 (WinNT)
[2020-02-19 10:08:45] ---- BROWSER:  Firefox 73.0 (Mozilla/5.0 (Windows NT 10.0; Win64; x64; rv:73.0) Gecko/20100101 Firefox/73.0)
[2020-02-19 10:08:45] ---- CONTENT: {data : "<?xml version='1.0' encoding='utf-8' ?><Request ID='20200219100845140'><General><Token>11111121252221224308000011333382</Token></General><Data></Data></Request>"}
[2020-02-19 10:08:45] 200 - OK - text/xml
[2020-02-19 10:08:45] 200 - OK - application/json
[2020-02-19 10:08:45] REQUEST POST - https://localhost:8082/public/ws/Economics.asmx/messaggi_summary
[2020-02-19 10:08:45] ---- FROM  ::1 (WinNT)
[2020-02-19 10:08:45] ---- BROWSER:  Firefox 73.0 (Mozilla/5.0 (Windows NT 10.0; Win64; x64; rv:73.0) Gecko/20100101 Firefox/73.0)
[2020-02-19 10:08:45] ---- CONTENT: {data : "<?xml version='1.0' encoding='utf-8' ?><Request ID='20200219100845205'><General><Token>11111121252221224308000011333382</Token></General><Data></Data></Request>"}
[2020-02-19 10:08:45] 200 - OK - application/json
[2020-02-19 10:08:45] REQUEST POST - https://localhost:8082/public/ws/Config.asmx/All_Get
[2020-02-19 10:08:45] ---- FROM  ::1 (WinNT)
[2020-02-19 10:08:45] ---- BROWSER:  Firefox 73.0 (Mozilla/5.0 (Windows NT 10.0; Win64; x64; rv:73.0) Gecko/20100101 Firefox/73.0)
[2020-02-19 10:08:45] ---- CONTENT: {data : "<?xml version='1.0' encoding='utf-8' ?><Request ID='20200219100845652'><General><Token>11111121252221224308000011333382</Token></General><Data></Data></Request>"}
[2020-02-19 10:08:45] 200 - OK - application/json
[2020-02-19 10:08:45] REQUEST POST - https://localhost:8082/public/ws/Config.asmx/All_Get
[2020-02-19 10:08:45] ---- FROM  ::1 (WinNT)
[2020-02-19 10:08:45] ---- BROWSER:  Firefox 73.0 (Mozilla/5.0 (Windows NT 10.0; Win64; x64; rv:73.0) Gecko/20100101 Firefox/73.0)
[2020-02-19 10:08:45] ---- CONTENT: {data : "<?xml version='1.0' encoding='utf-8' ?><Request ID='20200219100845789'><General><Token>11111121252221224308000011333382</Token></General><Data></Data></Request>"}
[2020-02-19 10:08:45] 200 - OK - application/json
[2020-02-19 10:09:26] REQUEST GET - https://localhost:8082/economics/costi-interni
[2020-02-19 10:09:26] ---- FROM  ::1 (WinNT)
[2020-02-19 10:09:26] ---- BROWSER:  Firefox 73.0 (Mozilla/5.0 (Windows NT 10.0; Win64; x64; rv:73.0) Gecko/20100101 Firefox/73.0)
[2020-02-19 10:09:26] 200 - OK - text/html
[2020-02-19 10:09:27] REQUEST POST - https://localhost:8082/public/ws/CostiInterni.asmx/Get
[2020-02-19 10:09:27] ---- FROM  ::1 (WinNT)
[2020-02-19 10:09:27] ---- BROWSER:  Firefox 73.0 (Mozilla/5.0 (Windows NT 10.0; Win64; x64; rv:73.0) Gecko/20100101 Firefox/73.0)
[2020-02-19 10:09:27] ---- CONTENT: {data : "<?xml version='1.0' encoding='utf-8' ?><Request ID='20200219100927362'><General><Token>11111121252221224308000011333382</Token></General><Data></Data></Request>"}
[2020-02-19 10:09:27] 200 - OK - application/json
[2020-02-19 10:09:27] REQUEST GET - https://localhost:8082/public/ws/Resources.ashx/xml-economics/11111121252221224308000011333382
[2020-02-19 10:09:27] ---- FROM  ::1 (WinNT)
[2020-02-19 10:09:27] ---- BROWSER:  Firefox 73.0 (Mozilla/5.0 (Windows NT 10.0; Win64; x64; rv:73.0) Gecko/20100101 Firefox/73.0)
[2020-02-19 10:09:27] REQUEST POST - https://localhost:8082/public/ws/Config.asmx/All_Get
[2020-02-19 10:09:27] ---- FROM  ::1 (WinNT)
[2020-02-19 10:09:27] ---- BROWSER:  Firefox 73.0 (Mozilla/5.0 (Windows NT 10.0; Win64; x64; rv:73.0) Gecko/20100101 Firefox/73.0)
[2020-02-19 10:09:27] ---- CONTENT: {data : "<?xml version='1.0' encoding='utf-8' ?><Request ID='20200219100927476'><General><Token>11111121252221224308000011333382</Token></General><Data></Data></Request>"}
[2020-02-19 10:09:27] REQUEST POST - https://localhost:8082/public/ws/Economics.asmx/messaggi_summary
[2020-02-19 10:09:27] ---- FROM  ::1 (WinNT)
[2020-02-19 10:09:27] ---- BROWSER:  Firefox 73.0 (Mozilla/5.0 (Windows NT 10.0; Win64; x64; rv:73.0) Gecko/20100101 Firefox/73.0)
[2020-02-19 10:09:27] ---- CONTENT: {data : "<?xml version='1.0' encoding='utf-8' ?><Request ID='20200219100927530'><General><Token>11111121252221224308000011333382</Token></General><Data></Data></Request>"}
[2020-02-19 10:09:27] 200 - OK - application/json
[2020-02-19 10:09:27] 200 - OK - text/xml
[2020-02-19 10:09:27] 200 - OK - application/json
[2020-02-19 10:09:28] REQUEST POST - https://localhost:8082/public/ws/Config.asmx/All_Get
[2020-02-19 10:09:28] ---- FROM  ::1 (WinNT)
[2020-02-19 10:09:28] ---- BROWSER:  Firefox 73.0 (Mozilla/5.0 (Windows NT 10.0; Win64; x64; rv:73.0) Gecko/20100101 Firefox/73.0)
[2020-02-19 10:09:28] ---- CONTENT: {data : "<?xml version='1.0' encoding='utf-8' ?><Request ID='20200219100928151'><General><Token>11111121252221224308000011333382</Token></General><Data></Data></Request>"}
[2020-02-19 10:09:28] 200 - OK - application/json
[2020-02-19 10:09:28] REQUEST POST - https://localhost:8082/public/ws/Config.asmx/All_Get
[2020-02-19 10:09:28] ---- FROM  ::1 (WinNT)
[2020-02-19 10:09:28] ---- BROWSER:  Firefox 73.0 (Mozilla/5.0 (Windows NT 10.0; Win64; x64; rv:73.0) Gecko/20100101 Firefox/73.0)
[2020-02-19 10:09:28] ---- CONTENT: {data : "<?xml version='1.0' encoding='utf-8' ?><Request ID='20200219100928247'><General><Token>11111121252221224308000011333382</Token></General><Data></Data></Request>"}
[2020-02-19 10:09:28] 200 - OK - application/json
[2020-02-19 10:09:55] REQUEST GET - https://localhost:8082/economics/risorse-umane
[2020-02-19 10:09:55] ---- FROM  ::1 (WinNT)
[2020-02-19 10:09:55] ---- BROWSER:  Firefox 73.0 (Mozilla/5.0 (Windows NT 10.0; Win64; x64; rv:73.0) Gecko/20100101 Firefox/73.0)
[2020-02-19 10:09:55] 200 - OK - text/html
[2020-02-19 10:09:56] REQUEST POST - https://localhost:8082/public/ws/Hr.asmx/Get
[2020-02-19 10:09:56] ---- FROM  ::1 (WinNT)
[2020-02-19 10:09:56] ---- BROWSER:  Firefox 73.0 (Mozilla/5.0 (Windows NT 10.0; Win64; x64; rv:73.0) Gecko/20100101 Firefox/73.0)
[2020-02-19 10:09:56] ---- CONTENT: {data : "<?xml version='1.0' encoding='utf-8' ?><Request ID='2020021910095671'><General><Token>11111121252221224308000011333382</Token></General><Data></Data></Request>"}
[2020-02-19 10:09:56] 200 - OK - application/json
[2020-02-19 10:09:56] REQUEST POST - https://localhost:8082/public/ws/Config.asmx/All_Get
[2020-02-19 10:09:56] ---- FROM  ::1 (WinNT)
[2020-02-19 10:09:56] ---- BROWSER:  Firefox 73.0 (Mozilla/5.0 (Windows NT 10.0; Win64; x64; rv:73.0) Gecko/20100101 Firefox/73.0)
[2020-02-19 10:09:56] ---- CONTENT: {data : "<?xml version='1.0' encoding='utf-8' ?><Request ID='20200219100956191'><General><Token>11111121252221224308000011333382</Token></General><Data></Data></Request>"}
[2020-02-19 10:09:56] REQUEST POST - https://localhost:8082/public/ws/Economics.asmx/messaggi_summary
[2020-02-19 10:09:56] ---- FROM  ::1 (WinNT)
[2020-02-19 10:09:56] ---- BROWSER:  Firefox 73.0 (Mozilla/5.0 (Windows NT 10.0; Win64; x64; rv:73.0) Gecko/20100101 Firefox/73.0)
[2020-02-19 10:09:56] ---- CONTENT: {data : "<?xml version='1.0' encoding='utf-8' ?><Request ID='20200219100956253'><General><Token>11111121252221224308000011333382</Token></General><Data></Data></Request>"}
[2020-02-19 10:09:56] 200 - OK - application/json
[2020-02-19 10:09:56] 200 - OK - application/json
[2020-02-19 10:09:56] REQUEST GET - https://localhost:8082/public/ws/Resources.ashx/xml-economics/11111121252221224308000011333382
[2020-02-19 10:09:56] ---- FROM  ::1 (WinNT)
[2020-02-19 10:09:56] ---- BROWSER:  Firefox 73.0 (Mozilla/5.0 (Windows NT 10.0; Win64; x64; rv:73.0) Gecko/20100101 Firefox/73.0)
[2020-02-19 10:09:56] 200 - OK - text/xml
[2020-02-19 10:09:56] REQUEST POST - https://localhost:8082/public/ws/Config.asmx/All_Get
[2020-02-19 10:09:56] ---- FROM  ::1 (WinNT)
[2020-02-19 10:09:56] ---- BROWSER:  Firefox 73.0 (Mozilla/5.0 (Windows NT 10.0; Win64; x64; rv:73.0) Gecko/20100101 Firefox/73.0)
[2020-02-19 10:09:56] ---- CONTENT: {data : "<?xml version='1.0' encoding='utf-8' ?><Request ID='20200219100956351'><General><Token>11111121252221224308000011333382</Token></General><Data></Data></Request>"}
[2020-02-19 10:09:56] 200 - OK - application/json
[2020-02-19 10:09:56] REQUEST POST - https://localhost:8082/public/ws/Config.asmx/All_Get
[2020-02-19 10:09:56] ---- FROM  ::1 (WinNT)
[2020-02-19 10:09:56] ---- BROWSER:  Firefox 73.0 (Mozilla/5.0 (Windows NT 10.0; Win64; x64; rv:73.0) Gecko/20100101 Firefox/73.0)
[2020-02-19 10:09:56] ---- CONTENT: {data : "<?xml version='1.0' encoding='utf-8' ?><Request ID='20200219100956680'><General><Token>11111121252221224308000011333382</Token></General><Data></Data></Request>"}
[2020-02-19 10:09:56] 200 - OK - application/json
[2020-02-19 10:10:20] REQUEST GET - https://localhost:8082/economics/costi-variabili
[2020-02-19 10:10:20] ---- FROM  ::1 (WinNT)
[2020-02-19 10:10:20] ---- BROWSER:  Firefox 73.0 (Mozilla/5.0 (Windows NT 10.0; Win64; x64; rv:73.0) Gecko/20100101 Firefox/73.0)
[2020-02-19 10:10:20] 302 - Found - text/html
[2020-02-19 10:10:20] REQUEST GET - https://localhost:8082/public/aspx/Home.aspx?ReturnUrl=%2feconomics%2fcosti-variabili
[2020-02-19 10:10:20] ---- FROM  ::1 (WinNT)
[2020-02-19 10:10:20] ---- BROWSER:  Firefox 73.0 (Mozilla/5.0 (Windows NT 10.0; Win64; x64; rv:73.0) Gecko/20100101 Firefox/73.0)
[2020-02-19 10:10:20] 200 - OK - text/html
[2020-02-19 10:10:24] REQUEST GET - https://localhost:8082/economics/gestione-straordinaria
[2020-02-19 10:10:24] ---- FROM  ::1 (WinNT)
[2020-02-19 10:10:24] ---- BROWSER:  Firefox 73.0 (Mozilla/5.0 (Windows NT 10.0; Win64; x64; rv:73.0) Gecko/20100101 Firefox/73.0)
[2020-02-19 10:10:24] 200 - OK - text/html
[2020-02-19 10:10:24] REQUEST POST - https://localhost:8082/public/ws/GestioneStraordinaria.asmx/Get
[2020-02-19 10:10:24] ---- FROM  ::1 (WinNT)
[2020-02-19 10:10:24] ---- BROWSER:  Firefox 73.0 (Mozilla/5.0 (Windows NT 10.0; Win64; x64; rv:73.0) Gecko/20100101 Firefox/73.0)
[2020-02-19 10:10:24] ---- CONTENT: {data : "<?xml version='1.0' encoding='utf-8' ?><Request ID='20200219101024736'><General><Token>11111121252221224308000011333382</Token></General><Data></Data></Request>"}
[2020-02-19 10:10:24] 200 - OK - application/json
[2020-02-19 10:10:24] REQUEST POST - https://localhost:8082/public/ws/Config.asmx/All_Get
[2020-02-19 10:10:24] ---- FROM  ::1 (WinNT)
[2020-02-19 10:10:24] ---- BROWSER:  Firefox 73.0 (Mozilla/5.0 (Windows NT 10.0; Win64; x64; rv:73.0) Gecko/20100101 Firefox/73.0)
[2020-02-19 10:10:24] ---- CONTENT: {data : "<?xml version='1.0' encoding='utf-8' ?><Request ID='20200219101024892'><General><Token>11111121252221224308000011333382</Token></General><Data></Data></Request>"}
[2020-02-19 10:10:24] REQUEST POST - https://localhost:8082/public/ws/Economics.asmx/messaggi_summary
[2020-02-19 10:10:25] ---- FROM  ::1 (WinNT)
[2020-02-19 10:10:25] ---- BROWSER:  Firefox 73.0 (Mozilla/5.0 (Windows NT 10.0; Win64; x64; rv:73.0) Gecko/20100101 Firefox/73.0)
[2020-02-19 10:10:24] 200 - OK - application/json
[2020-02-19 10:10:24] REQUEST GET - https://localhost:8082/public/ws/Resources.ashx/xml-economics/11111121252221224308000011333382
[2020-02-19 10:10:25] ---- FROM  ::1 (WinNT)
[2020-02-19 10:10:25] ---- BROWSER:  Firefox 73.0 (Mozilla/5.0 (Windows NT 10.0; Win64; x64; rv:73.0) Gecko/20100101 Firefox/73.0)
[2020-02-19 10:10:25] ---- CONTENT: {data : "<?xml version='1.0' encoding='utf-8' ?><Request ID='20200219101024940'><General><Token>11111121252221224308000011333382</Token></General><Data></Data></Request>"}
[2020-02-19 10:10:25] 200 - OK - application/json
[2020-02-19 10:10:25] 200 - OK - text/xml
[2020-02-19 10:10:25] REQUEST POST - https://localhost:8082/public/ws/Config.asmx/All_Get
[2020-02-19 10:10:25] ---- FROM  ::1 (WinNT)
[2020-02-19 10:10:25] ---- BROWSER:  Firefox 73.0 (Mozilla/5.0 (Windows NT 10.0; Win64; x64; rv:73.0) Gecko/20100101 Firefox/73.0)
[2020-02-19 10:10:25] ---- CONTENT: {data : "<?xml version='1.0' encoding='utf-8' ?><Request ID='2020021910102599'><General><Token>11111121252221224308000011333382</Token></General><Data></Data></Request>"}
[2020-02-19 10:10:25] 200 - OK - application/json
[2020-02-19 10:10:25] REQUEST POST - https://localhost:8082/public/ws/Config.asmx/All_Get
[2020-02-19 10:10:25] ---- FROM  ::1 (WinNT)
[2020-02-19 10:10:25] ---- BROWSER:  Firefox 73.0 (Mozilla/5.0 (Windows NT 10.0; Win64; x64; rv:73.0) Gecko/20100101 Firefox/73.0)
[2020-02-19 10:10:25] ---- CONTENT: {data : "<?xml version='1.0' encoding='utf-8' ?><Request ID='20200219101025733'><General><Token>11111121252221224308000011333382</Token></General><Data></Data></Request>"}
[2020-02-19 10:10:25] 200 - OK - application/json
[2020-02-19 10:10:44] REQUEST GET - https://localhost:8082/economics/materiali
[2020-02-19 10:10:44] ---- FROM  ::1 (WinNT)
[2020-02-19 10:10:44] ---- BROWSER:  Firefox 73.0 (Mozilla/5.0 (Windows NT 10.0; Win64; x64; rv:73.0) Gecko/20100101 Firefox/73.0)
[2020-02-19 10:10:44] 200 - OK - text/html
[2020-02-19 10:10:45] REQUEST POST - https://localhost:8082/public/ws/Capex.asmx/Imm_Materiali_Get
[2020-02-19 10:10:45] ---- FROM  ::1 (WinNT)
[2020-02-19 10:10:45] ---- BROWSER:  Firefox 73.0 (Mozilla/5.0 (Windows NT 10.0; Win64; x64; rv:73.0) Gecko/20100101 Firefox/73.0)
[2020-02-19 10:10:45] ---- CONTENT: {data : "<?xml version='1.0' encoding='utf-8' ?><Request ID='2020021910104521'><General><Token>11111121252221224308000011333382</Token></General><Data></Data></Request>"}
[2020-02-19 10:10:46] 200 - OK - application/json
[2020-02-19 10:10:46] REQUEST POST - https://localhost:8082/public/ws/Config.asmx/All_Get
[2020-02-19 10:10:46] ---- FROM  ::1 (WinNT)
[2020-02-19 10:10:46] ---- BROWSER:  Firefox 73.0 (Mozilla/5.0 (Windows NT 10.0; Win64; x64; rv:73.0) Gecko/20100101 Firefox/73.0)
[2020-02-19 10:10:46] ---- CONTENT: {data : "<?xml version='1.0' encoding='utf-8' ?><Request ID='20200219101046274'><General><Token>11111121252221224308000011333382</Token></General><Data></Data></Request>"}
[2020-02-19 10:10:46] REQUEST POST - https://localhost:8082/public/ws/Economics.asmx/messaggi_summary
[2020-02-19 10:10:46] ---- FROM  ::1 (WinNT)
[2020-02-19 10:10:46] ---- BROWSER:  Firefox 73.0 (Mozilla/5.0 (Windows NT 10.0; Win64; x64; rv:73.0) Gecko/20100101 Firefox/73.0)
[2020-02-19 10:10:46] ---- CONTENT: {data : "<?xml version='1.0' encoding='utf-8' ?><Request ID='20200219101046321'><General><Token>11111121252221224308000011333382</Token></General><Data></Data></Request>"}
[2020-02-19 10:10:46] 200 - OK - application/json
[2020-02-19 10:10:46] 200 - OK - application/json
[2020-02-19 10:10:46] REQUEST GET - https://localhost:8082/public/ws/Resources.ashx/xml-economics/11111121252221224308000011333382
[2020-02-19 10:10:46] ---- FROM  ::1 (WinNT)
[2020-02-19 10:10:46] ---- BROWSER:  Firefox 73.0 (Mozilla/5.0 (Windows NT 10.0; Win64; x64; rv:73.0) Gecko/20100101 Firefox/73.0)
[2020-02-19 10:10:46] REQUEST POST - https://localhost:8082/public/ws/Config.asmx/All_Get
[2020-02-19 10:10:46] ---- FROM  ::1 (WinNT)
[2020-02-19 10:10:46] ---- BROWSER:  Firefox 73.0 (Mozilla/5.0 (Windows NT 10.0; Win64; x64; rv:73.0) Gecko/20100101 Firefox/73.0)
[2020-02-19 10:10:46] ---- CONTENT: {data : "<?xml version='1.0' encoding='utf-8' ?><Request ID='20200219101046415'><General><Token>11111121252221224308000011333382</Token></General><Data></Data></Request>"}
[2020-02-19 10:10:46] 200 - OK - text/xml
[2020-02-19 10:10:46] 200 - OK - application/json
[2020-02-19 10:10:48] REQUEST POST - https://localhost:8082/public/ws/Config.asmx/All_Get
[2020-02-19 10:10:48] ---- FROM  ::1 (WinNT)
[2020-02-19 10:10:48] ---- BROWSER:  Firefox 73.0 (Mozilla/5.0 (Windows NT 10.0; Win64; x64; rv:73.0) Gecko/20100101 Firefox/73.0)
[2020-02-19 10:10:48] ---- CONTENT: {data : "<?xml version='1.0' encoding='utf-8' ?><Request ID='20200219101048471'><General><Token>11111121252221224308000011333382</Token></General><Data></Data></Request>"}
[2020-02-19 10:10:48] 200 - OK - application/json
[2020-02-19 10:11:23] REQUEST GET - https://localhost:8082/economics/immateriali
[2020-02-19 10:11:23] ---- FROM  ::1 (WinNT)
[2020-02-19 10:11:23] ---- BROWSER:  Firefox 73.0 (Mozilla/5.0 (Windows NT 10.0; Win64; x64; rv:73.0) Gecko/20100101 Firefox/73.0)
[2020-02-19 10:11:23] 200 - OK - text/html
[2020-02-19 10:11:24] REQUEST POST - https://localhost:8082/public/ws/Capex.asmx/Imm_Immateriali_Get
[2020-02-19 10:11:24] ---- FROM  ::1 (WinNT)
[2020-02-19 10:11:24] ---- BROWSER:  Firefox 73.0 (Mozilla/5.0 (Windows NT 10.0; Win64; x64; rv:73.0) Gecko/20100101 Firefox/73.0)
[2020-02-19 10:11:24] ---- CONTENT: {data : "<?xml version='1.0' encoding='utf-8' ?><Request ID='20200219101124298'><General><Token>11111121252221224308000011333382</Token></General><Data></Data></Request>"}
[2020-02-19 10:11:25] 200 - OK - application/json
[2020-02-19 10:11:25] REQUEST POST - https://localhost:8082/public/ws/Config.asmx/All_Get
[2020-02-19 10:11:25] ---- FROM  ::1 (WinNT)
[2020-02-19 10:11:25] ---- BROWSER:  Firefox 73.0 (Mozilla/5.0 (Windows NT 10.0; Win64; x64; rv:73.0) Gecko/20100101 Firefox/73.0)
[2020-02-19 10:11:25] ---- CONTENT: {data : "<?xml version='1.0' encoding='utf-8' ?><Request ID='20200219101125755'><General><Token>11111121252221224308000011333382</Token></General><Data></Data></Request>"}
[2020-02-19 10:11:25] REQUEST POST - https://localhost:8082/public/ws/Economics.asmx/messaggi_summary
[2020-02-19 10:11:25] ---- FROM  ::1 (WinNT)
[2020-02-19 10:11:25] ---- BROWSER:  Firefox 73.0 (Mozilla/5.0 (Windows NT 10.0; Win64; x64; rv:73.0) Gecko/20100101 Firefox/73.0)
[2020-02-19 10:11:25] ---- CONTENT: {data : "<?xml version='1.0' encoding='utf-8' ?><Request ID='20200219101125806'><General><Token>11111121252221224308000011333382</Token></General><Data></Data></Request>"}
[2020-02-19 10:11:25] 200 - OK - application/json
[2020-02-19 10:11:25] 200 - OK - application/json
[2020-02-19 10:11:25] REQUEST GET - https://localhost:8082/public/ws/Resources.ashx/xml-economics/11111121252221224308000011333382
[2020-02-19 10:11:25] ---- FROM  ::1 (WinNT)
[2020-02-19 10:11:25] ---- BROWSER:  Firefox 73.0 (Mozilla/5.0 (Windows NT 10.0; Win64; x64; rv:73.0) Gecko/20100101 Firefox/73.0)
[2020-02-19 10:11:25] REQUEST POST - https://localhost:8082/public/ws/Config.asmx/All_Get
[2020-02-19 10:11:25] ---- FROM  ::1 (WinNT)
[2020-02-19 10:11:25] 200 - OK - text/xml
[2020-02-19 10:11:25] ---- BROWSER:  Firefox 73.0 (Mozilla/5.0 (Windows NT 10.0; Win64; x64; rv:73.0) Gecko/20100101 Firefox/73.0)
[2020-02-19 10:11:25] ---- CONTENT: {data : "<?xml version='1.0' encoding='utf-8' ?><Request ID='20200219101125939'><General><Token>11111121252221224308000011333382</Token></General><Data></Data></Request>"}
[2020-02-19 10:11:26] 200 - OK - application/json
[2020-02-19 10:11:27] REQUEST POST - https://localhost:8082/public/ws/Config.asmx/All_Get
[2020-02-19 10:11:27] ---- FROM  ::1 (WinNT)
[2020-02-19 10:11:27] ---- BROWSER:  Firefox 73.0 (Mozilla/5.0 (Windows NT 10.0; Win64; x64; rv:73.0) Gecko/20100101 Firefox/73.0)
[2020-02-19 10:11:27] ---- CONTENT: {data : "<?xml version='1.0' encoding='utf-8' ?><Request ID='20200219101127526'><General><Token>11111121252221224308000011333382</Token></General><Data></Data></Request>"}
[2020-02-19 10:11:27] 200 - OK - application/json
[2020-02-19 10:20:58] REQUEST POST - https://localhost:8082/public/ws/Reports.asmx/Economics
[2020-02-19 10:20:58] ---- FROM  ::1 (WinNT)
[2020-02-19 10:20:58] ---- BROWSER:  Firefox 73.0 (Mozilla/5.0 (Windows NT 10.0; Win64; x64; rv:73.0) Gecko/20100101 Firefox/73.0)
[2020-02-19 10:20:58] ---- CONTENT: {data : "<?xml version='1.0' encoding='utf-8' ?><Request ID='20200219102058218'><General><Token>11111121252221224308000011333382</Token></General><Data><Format>5</Format></Data></Request>"}
[2020-02-19 10:21:23] 200 - OK - application/json
[2020-02-19 10:23:07] REQUEST GET - https://localhost:8082/economics/ricavi
[2020-02-19 10:23:07] ---- FROM  ::1 (WinNT)
[2020-02-19 10:23:07] ---- BROWSER:  Firefox 73.0 (Mozilla/5.0 (Windows NT 10.0; Win64; x64; rv:73.0) Gecko/20100101 Firefox/73.0)
[2020-02-19 10:23:07] 200 - OK - text/html
[2020-02-19 10:23:08] REQUEST POST - https://localhost:8082/public/ws/Ricavi.asmx/Ricavo_Get
[2020-02-19 10:23:08] ---- FROM  ::1 (WinNT)
[2020-02-19 10:23:08] ---- BROWSER:  Firefox 73.0 (Mozilla/5.0 (Windows NT 10.0; Win64; x64; rv:73.0) Gecko/20100101 Firefox/73.0)
[2020-02-19 10:23:08] ---- CONTENT: {data : "<?xml version='1.0' encoding='utf-8' ?><Request ID='20200219102308206'><General><Token>11111121252221224308000011333382</Token></General><Data></Data></Request>"}
[2020-02-19 10:23:08] 200 - OK - application/json
[2020-02-19 10:23:08] REQUEST GET - https://localhost:8082/public/ws/Resources.ashx/xml-economics/11111121252221224308000011333382
[2020-02-19 10:23:08] ---- FROM  ::1 (WinNT)
[2020-02-19 10:23:08] ---- BROWSER:  Firefox 73.0 (Mozilla/5.0 (Windows NT 10.0; Win64; x64; rv:73.0) Gecko/20100101 Firefox/73.0)
[2020-02-19 10:23:08] REQUEST POST - https://localhost:8082/public/ws/Config.asmx/All_Get
[2020-02-19 10:23:08] ---- FROM  ::1 (WinNT)
[2020-02-19 10:23:08] ---- BROWSER:  Firefox 73.0 (Mozilla/5.0 (Windows NT 10.0; Win64; x64; rv:73.0) Gecko/20100101 Firefox/73.0)
[2020-02-19 10:23:08] ---- CONTENT: {data : "<?xml version='1.0' encoding='utf-8' ?><Request ID='20200219102308309'><General><Token>11111121252221224308000011333382</Token></General><Data></Data></Request>"}
[2020-02-19 10:23:08] REQUEST POST - https://localhost:8082/public/ws/Economics.asmx/messaggi_summary
[2020-02-19 10:23:08] ---- FROM  ::1 (WinNT)
[2020-02-19 10:23:08] ---- BROWSER:  Firefox 73.0 (Mozilla/5.0 (Windows NT 10.0; Win64; x64; rv:73.0) Gecko/20100101 Firefox/73.0)
[2020-02-19 10:23:08] ---- CONTENT: {data : "<?xml version='1.0' encoding='utf-8' ?><Request ID='20200219102308354'><General><Token>11111121252221224308000011333382</Token></General><Data></Data></Request>"}
[2020-02-19 10:23:08] 200 - OK - text/xml
[2020-02-19 10:23:08] 200 - OK - application/json
[2020-02-19 10:23:08] 200 - OK - application/json
[2020-02-19 10:23:08] REQUEST POST - https://localhost:8082/public/ws/Config.asmx/All_Get
[2020-02-19 10:23:08] ---- FROM  ::1 (WinNT)
[2020-02-19 10:23:08] ---- BROWSER:  Firefox 73.0 (Mozilla/5.0 (Windows NT 10.0; Win64; x64; rv:73.0) Gecko/20100101 Firefox/73.0)
[2020-02-19 10:23:08] ---- CONTENT: {data : "<?xml version='1.0' encoding='utf-8' ?><Request ID='20200219102308883'><General><Token>11111121252221224308000011333382</Token></General><Data></Data></Request>"}
[2020-02-19 10:23:08] REQUEST POST - https://localhost:8082/public/ws/Config.asmx/All_Get
[2020-02-19 10:23:08] ---- FROM  ::1 (WinNT)
[2020-02-19 10:23:08] ---- BROWSER:  Firefox 73.0 (Mozilla/5.0 (Windows NT 10.0; Win64; x64; rv:73.0) Gecko/20100101 Firefox/73.0)
[2020-02-19 10:23:08] ---- CONTENT: {data : "<?xml version='1.0' encoding='utf-8' ?><Request ID='20200219102308930'><General><Token>11111121252221224308000011333382</Token></General><Data></Data></Request>"}
[2020-02-19 10:23:08] 200 - OK - application/json
[2020-02-19 10:23:08] 200 - OK - application/json
[2020-02-19 10:23:23] REQUEST GET - https://localhost:8082/economics/costi-esterni
[2020-02-19 10:23:23] ---- FROM  ::1 (WinNT)
[2020-02-19 10:23:23] ---- BROWSER:  Firefox 73.0 (Mozilla/5.0 (Windows NT 10.0; Win64; x64; rv:73.0) Gecko/20100101 Firefox/73.0)
[2020-02-19 10:23:23] 200 - OK - text/html
[2020-02-19 10:23:24] REQUEST POST - https://localhost:8082/public/ws/Ricavi.asmx/CostiEsterniMagazzino_Get
[2020-02-19 10:23:24] ---- FROM  ::1 (WinNT)
[2020-02-19 10:23:24] ---- BROWSER:  Firefox 73.0 (Mozilla/5.0 (Windows NT 10.0; Win64; x64; rv:73.0) Gecko/20100101 Firefox/73.0)
[2020-02-19 10:23:24] ---- CONTENT: {data : "<?xml version='1.0' encoding='utf-8' ?><Request ID='20200219102324261'><General><Token>11111121252221224308000011333382</Token></General><Data></Data></Request>"}
[2020-02-19 10:23:24] 200 - OK - application/json
[2020-02-19 10:23:25] REQUEST GET - https://localhost:8082/public/ws/Resources.ashx/xml-economics/11111121252221224308000011333382
[2020-02-19 10:23:25] ---- FROM  ::1 (WinNT)
[2020-02-19 10:23:25] ---- BROWSER:  Firefox 73.0 (Mozilla/5.0 (Windows NT 10.0; Win64; x64; rv:73.0) Gecko/20100101 Firefox/73.0)
[2020-02-19 10:23:25] REQUEST POST - https://localhost:8082/public/ws/Config.asmx/All_Get
[2020-02-19 10:23:25] ---- FROM  ::1 (WinNT)
[2020-02-19 10:23:25] ---- BROWSER:  Firefox 73.0 (Mozilla/5.0 (Windows NT 10.0; Win64; x64; rv:73.0) Gecko/20100101 Firefox/73.0)
[2020-02-19 10:23:25] ---- CONTENT: {data : "<?xml version='1.0' encoding='utf-8' ?><Request ID='2020021910232558'><General><Token>11111121252221224308000011333382</Token></General><Data></Data></Request>"}
[2020-02-19 10:23:25] 200 - OK - text/xml
[2020-02-19 10:23:25] REQUEST POST - https://localhost:8082/public/ws/Economics.asmx/messaggi_summary
[2020-02-19 10:23:25] ---- FROM  ::1 (WinNT)
[2020-02-19 10:23:25] ---- BROWSER:  Firefox 73.0 (Mozilla/5.0 (Windows NT 10.0; Win64; x64; rv:73.0) Gecko/20100101 Firefox/73.0)
[2020-02-19 10:23:25] ---- CONTENT: {data : "<?xml version='1.0' encoding='utf-8' ?><Request ID='20200219102325117'><General><Token>11111121252221224308000011333382</Token></General><Data></Data></Request>"}
[2020-02-19 10:23:25] 200 - OK - application/json
[2020-02-19 10:23:25] 200 - OK - application/json
[2020-02-19 10:23:28] REQUEST POST - https://localhost:8082/public/ws/Config.asmx/All_Get
[2020-02-19 10:23:28] ---- FROM  ::1 (WinNT)
[2020-02-19 10:23:28] ---- BROWSER:  Firefox 73.0 (Mozilla/5.0 (Windows NT 10.0; Win64; x64; rv:73.0) Gecko/20100101 Firefox/73.0)
[2020-02-19 10:23:28] ---- CONTENT: {data : "<?xml version='1.0' encoding='utf-8' ?><Request ID='20200219102328331'><General><Token>11111121252221224308000011333382</Token></General><Data></Data></Request>"}
[2020-02-19 10:23:28] 200 - OK - application/json
[2020-02-19 10:23:28] REQUEST POST - https://localhost:8082/public/ws/Config.asmx/All_Get
[2020-02-19 10:23:28] ---- FROM  ::1 (WinNT)
[2020-02-19 10:23:28] ---- BROWSER:  Firefox 73.0 (Mozilla/5.0 (Windows NT 10.0; Win64; x64; rv:73.0) Gecko/20100101 Firefox/73.0)
[2020-02-19 10:23:28] ---- CONTENT: {data : "<?xml version='1.0' encoding='utf-8' ?><Request ID='20200219102328542'><General><Token>11111121252221224308000011333382</Token></General><Data></Data></Request>"}
[2020-02-19 10:23:28] 200 - OK - application/json
[2020-02-19 10:25:38] REQUEST POST - https://localhost:8082/public/ws/Reports.asmx/Economics
[2020-02-19 10:25:38] ---- FROM  ::1 (WinNT)
[2020-02-19 10:25:38] ---- BROWSER:  Firefox 73.0 (Mozilla/5.0 (Windows NT 10.0; Win64; x64; rv:73.0) Gecko/20100101 Firefox/73.0)
[2020-02-19 10:25:38] ---- CONTENT: {data : "<?xml version='1.0' encoding='utf-8' ?><Request ID='2020021910253819'><General><Token>11111121252221224308000011333382</Token></General><Data><Format>5</Format></Data></Request>"}
[2020-02-19 10:25:45] 200 - OK - application/json
[2020-02-19 10:31:10] REQUEST POST - https://localhost:8082/public/aspx/Home.aspx
[2020-02-19 10:31:10] ---- FROM  ::1 (WinNT)
[2020-02-19 10:31:10] ---- BROWSER:  Firefox 73.0 (Mozilla/5.0 (Windows NT 10.0; Win64; x64; rv:73.0) Gecko/20100101 Firefox/73.0)
[2020-02-19 10:31:10] ---- CONTENT: Token%3D10000175810000508208491522981846%26TokenApiRest%3DeyJ0eXAiOiJKV1QiLCJhbGciOiJIUzI1NiJ9.eyJpc3MiOiJodHRwczpcL1wvd3d3cy5kZXYteWVhcC5pdCIsImlhdCI6MTU4MTkzNzQ2NywibmJmIjoxNTgxOTM3NDY3LCJleHAiOjE1ODI1NDIyNjcsImRhdGEiOnsidXNlciI6eyJpZCI6IjQ1In19fQ.wLGct67jmKQHC09BxBLqJW_AkuKhdRzwnnUjrhsDPLA%26Logo%3D%26Title%3DBusiness+Plane+Rinominato%26isODC%3D0%26ruolo%3D0%26trial_expired%3Dfalse=
[2020-02-19 10:31:10] 302 - Found - text/html
[2020-02-19 10:31:10] REQUEST GET - https://localhost:8082/home/welcome
[2020-02-19 10:31:10] ---- FROM  ::1 (WinNT)
[2020-02-19 10:31:10] ---- BROWSER:  Firefox 73.0 (Mozilla/5.0 (Windows NT 10.0; Win64; x64; rv:73.0) Gecko/20100101 Firefox/73.0)
[2020-02-19 10:31:10] 200 - OK - text/html
[2020-02-19 10:31:10] REQUEST POST - https://localhost:8082/public/ws/General.asmx/Set
[2020-02-19 10:31:10] ---- FROM  ::1 (WinNT)
[2020-02-19 10:31:10] ---- BROWSER:  Firefox 73.0 (Mozilla/5.0 (Windows NT 10.0; Win64; x64; rv:73.0) Gecko/20100101 Firefox/73.0)
[2020-02-19 10:31:10] ---- CONTENT: {data : "<?xml version='1.0' encoding='utf-8' ?><Request ID='20200219103110555'><General><Token>10000175810000508208491522981846</Token></General><Data><Nome>Business Plane Rinominato</Nome><Logo></Logo></Data></Request>"}
[2020-02-19 10:31:10] 200 - OK - application/json
[2020-02-19 10:31:10] REQUEST POST - https://localhost:8082/public/ws/Config.asmx/Economics_Get
[2020-02-19 10:31:10] ---- FROM  ::1 (WinNT)
[2020-02-19 10:31:10] ---- BROWSER:  Firefox 73.0 (Mozilla/5.0 (Windows NT 10.0; Win64; x64; rv:73.0) Gecko/20100101 Firefox/73.0)
[2020-02-19 10:31:10] ---- CONTENT: {data : "<?xml version='1.0' encoding='utf-8' ?><Request ID='20200219103110602'><General><Token>10000175810000508208491522981846</Token></General><Data></Data></Request>"}
[2020-02-19 10:31:10] 200 - OK - application/json
[2020-02-19 10:31:10] REQUEST POST - https://localhost:8082/public/ws/Config.asmx/All_Get
[2020-02-19 10:31:10] ---- FROM  ::1 (WinNT)
[2020-02-19 10:31:10] ---- BROWSER:  Firefox 73.0 (Mozilla/5.0 (Windows NT 10.0; Win64; x64; rv:73.0) Gecko/20100101 Firefox/73.0)
[2020-02-19 10:31:10] ---- CONTENT: {data : "<?xml version='1.0' encoding='utf-8' ?><Request ID='20200219103110744'><General><Token>10000175810000508208491522981846</Token></General><Data></Data></Request>"}
[2020-02-19 10:31:10] REQUEST POST - https://localhost:8082/public/ws/Economics.asmx/messaggi_summary
[2020-02-19 10:31:10] ---- FROM  ::1 (WinNT)
[2020-02-19 10:31:10] ---- BROWSER:  Firefox 73.0 (Mozilla/5.0 (Windows NT 10.0; Win64; x64; rv:73.0) Gecko/20100101 Firefox/73.0)
[2020-02-19 10:31:10] ---- CONTENT: {data : "<?xml version='1.0' encoding='utf-8' ?><Request ID='20200219103110790'><General><Token>10000175810000508208491522981846</Token></General><Data></Data></Request>"}
[2020-02-19 10:31:10] 200 - OK - application/json
[2020-02-19 10:31:10] 200 - OK - application/json
[2020-02-19 10:31:10] REQUEST POST - https://localhost:8082/public/ws/Config.asmx/All_Get
[2020-02-19 10:31:10] ---- FROM  ::1 (WinNT)
[2020-02-19 10:31:10] ---- BROWSER:  Firefox 73.0 (Mozilla/5.0 (Windows NT 10.0; Win64; x64; rv:73.0) Gecko/20100101 Firefox/73.0)
[2020-02-19 10:31:10] ---- CONTENT: {data : "<?xml version='1.0' encoding='utf-8' ?><Request ID='20200219103110871'><General><Token>10000175810000508208491522981846</Token></General><Data></Data></Request>"}
[2020-02-19 10:31:10] REQUEST POST - https://localhost:8082/public/ws/Config.asmx/All_Get
[2020-02-19 10:31:10] ---- FROM  ::1 (WinNT)
[2020-02-19 10:31:10] ---- BROWSER:  Firefox 73.0 (Mozilla/5.0 (Windows NT 10.0; Win64; x64; rv:73.0) Gecko/20100101 Firefox/73.0)
[2020-02-19 10:31:10] ---- CONTENT: {data : "<?xml version='1.0' encoding='utf-8' ?><Request ID='20200219103110921'><General><Token>10000175810000508208491522981846</Token></General><Data></Data></Request>"}
[2020-02-19 10:31:10] 200 - OK - application/json
[2020-02-19 10:31:11] 200 - OK - application/json
[2020-02-19 10:31:14] REQUEST POST - https://localhost:8082/public/ws/Reports.asmx/Economics
[2020-02-19 10:31:14] ---- FROM  ::1 (WinNT)
[2020-02-19 10:31:14] ---- BROWSER:  Firefox 73.0 (Mozilla/5.0 (Windows NT 10.0; Win64; x64; rv:73.0) Gecko/20100101 Firefox/73.0)
[2020-02-19 10:31:14] ---- CONTENT: {data : "<?xml version='1.0' encoding='utf-8' ?><Request ID='20200219103114369'><General><Token>10000175810000508208491522981846</Token></General><Data><Format>5</Format></Data></Request>"}
[2020-02-19 10:31:20] 200 - OK - application/json
[2020-02-19 10:38:58] REQUEST POST - https://localhost:8082/public/aspx/Home.aspx
[2020-02-19 10:38:58] ---- FROM  ::1 (WinNT)
[2020-02-19 10:38:58] ---- BROWSER:  Firefox 73.0 (Mozilla/5.0 (Windows NT 10.0; Win64; x64; rv:73.0) Gecko/20100101 Firefox/73.0)
[2020-02-19 10:38:58] ---- CONTENT: Token%3D11111121252221224308000011333382%26TokenApiRest%3DeyJ0eXAiOiJKV1QiLCJhbGciOiJIUzI1NiJ9.eyJpc3MiOiJodHRwczpcL1wvd3d3cy5kZXYteWVhcC5pdCIsImlhdCI6MTU0MjI5NDMyMSwibmJmIjoxNTQyMjk0MzIxLCJleHAiOjE1NDI4OTkxMjEsImRhdGEiOnsidXNlciI6eyJpZCI6IjQ0In19fQ.RCP5OeoGASxAyBw1MbMD4BFJAcDM5JIXqYXKBALZcJI%26Logo%3Dhttps%3A%2F%2Flocalhost%3A8082%2Fscratch%2Fpl_logo.png%26Title%3DDitta%2520Rossi%2520%2526%2520Verdi%26isODC%3D1%26ruolo%3D0%26trial_expired%3Dfalse=
[2020-02-19 10:38:58] 302 - Found - text/html
[2020-02-19 10:38:59] REQUEST GET - https://localhost:8082/home/welcome
[2020-02-19 10:38:59] ---- FROM  ::1 (WinNT)
[2020-02-19 10:38:59] ---- BROWSER:  Firefox 73.0 (Mozilla/5.0 (Windows NT 10.0; Win64; x64; rv:73.0) Gecko/20100101 Firefox/73.0)
[2020-02-19 10:38:59] 200 - OK - text/html
[2020-02-19 10:38:59] REQUEST POST - https://localhost:8082/public/ws/General.asmx/Set
[2020-02-19 10:38:59] ---- FROM  ::1 (WinNT)
[2020-02-19 10:38:59] ---- BROWSER:  Firefox 73.0 (Mozilla/5.0 (Windows NT 10.0; Win64; x64; rv:73.0) Gecko/20100101 Firefox/73.0)
[2020-02-19 10:38:59] ---- CONTENT: {data : "<?xml version='1.0' encoding='utf-8' ?><Request ID='20200219103859468'><General><Token>11111121252221224308000011333382</Token></General><Data><Nome>Ditta%20Rossi%20%26%20Verdi</Nome><Logo>https%3A%2F%2Flocalhost%3A8082%2Fscratch%2Fpl_logo.png</Logo></Data></Request>"}
[2020-02-19 10:38:59] 200 - OK - application/json
[2020-02-19 10:38:59] REQUEST POST - https://localhost:8082/public/ws/Config.asmx/Economics_Get
[2020-02-19 10:38:59] ---- FROM  ::1 (WinNT)
[2020-02-19 10:38:59] ---- BROWSER:  Firefox 73.0 (Mozilla/5.0 (Windows NT 10.0; Win64; x64; rv:73.0) Gecko/20100101 Firefox/73.0)
[2020-02-19 10:38:59] ---- CONTENT: {data : "<?xml version='1.0' encoding='utf-8' ?><Request ID='20200219103859503'><General><Token>11111121252221224308000011333382</Token></General><Data></Data></Request>"}
[2020-02-19 10:38:59] 200 - OK - application/json
[2020-02-19 10:38:59] REQUEST POST - https://localhost:8082/public/ws/Config.asmx/All_Get
[2020-02-19 10:38:59] ---- FROM  ::1 (WinNT)
[2020-02-19 10:38:59] ---- BROWSER:  Firefox 73.0 (Mozilla/5.0 (Windows NT 10.0; Win64; x64; rv:73.0) Gecko/20100101 Firefox/73.0)
[2020-02-19 10:38:59] ---- CONTENT: {data : "<?xml version='1.0' encoding='utf-8' ?><Request ID='20200219103859581'><General><Token>11111121252221224308000011333382</Token></General><Data></Data></Request>"}
[2020-02-19 10:38:59] REQUEST POST - https://localhost:8082/public/ws/Economics.asmx/messaggi_summary
[2020-02-19 10:38:59] ---- FROM  ::1 (WinNT)
[2020-02-19 10:38:59] ---- BROWSER:  Firefox 73.0 (Mozilla/5.0 (Windows NT 10.0; Win64; x64; rv:73.0) Gecko/20100101 Firefox/73.0)
[2020-02-19 10:38:59] ---- CONTENT: {data : "<?xml version='1.0' encoding='utf-8' ?><Request ID='20200219103859630'><General><Token>11111121252221224308000011333382</Token></General><Data></Data></Request>"}
[2020-02-19 10:38:59] 200 - OK - application/json
[2020-02-19 10:38:59] 200 - OK - application/json
[2020-02-19 10:38:59] REQUEST POST - https://localhost:8082/public/ws/Config.asmx/All_Get
[2020-02-19 10:38:59] ---- FROM  ::1 (WinNT)
[2020-02-19 10:38:59] ---- BROWSER:  Firefox 73.0 (Mozilla/5.0 (Windows NT 10.0; Win64; x64; rv:73.0) Gecko/20100101 Firefox/73.0)
[2020-02-19 10:38:59] ---- CONTENT: {data : "<?xml version='1.0' encoding='utf-8' ?><Request ID='20200219103859733'><General><Token>11111121252221224308000011333382</Token></General><Data></Data></Request>"}
[2020-02-19 10:38:59] REQUEST POST - https://localhost:8082/public/ws/Config.asmx/All_Get
[2020-02-19 10:38:59] ---- FROM  ::1 (WinNT)
[2020-02-19 10:38:59] ---- BROWSER:  Firefox 73.0 (Mozilla/5.0 (Windows NT 10.0; Win64; x64; rv:73.0) Gecko/20100101 Firefox/73.0)
[2020-02-19 10:38:59] ---- CONTENT: {data : "<?xml version='1.0' encoding='utf-8' ?><Request ID='20200219103859764'><General><Token>11111121252221224308000011333382</Token></General><Data></Data></Request>"}
