[2020-02-19 14:46:52] REQUEST POST - https://localhost:8082/public/aspx/Home.aspx
[2020-02-19 14:46:52] ---- FROM  ::1 (WinNT)
[2020-02-19 14:46:52] ---- BROWSER:  Firefox 73.0 (Mozilla/5.0 (Windows NT 10.0; Win64; x64; rv:73.0) Gecko/20100101 Firefox/73.0)
[2020-02-19 14:46:52] ---- CONTENT: Token%3D11111121252221224308000011333382%26TokenApiRest%3DeyJ0eXAiOiJKV1QiLCJhbGciOiJIUzI1NiJ9.eyJpc3MiOiJodHRwczpcL1wvd3d3cy5kZXYteWVhcC5pdCIsImlhdCI6MTU0MjI5NDMyMSwibmJmIjoxNTQyMjk0MzIxLCJleHAiOjE1NDI4OTkxMjEsImRhdGEiOnsidXNlciI6eyJpZCI6IjQ0In19fQ.RCP5OeoGASxAyBw1MbMD4BFJAcDM5JIXqYXKBALZcJI%26Logo%3Dhttps%3A%2F%2Flocalhost%3A8082%2Fscratch%2Fpl_logo.png%26Title%3DDitta%2520Rossi%2520%2526%2520Verdi%26isODC%3D1%26ruolo%3D0%26trial_expired%3Dfalse=
[2020-02-19 14:47:01] 302 - Found - text/html
[2020-02-19 14:47:01] REQUEST GET - https://localhost:8082/home/welcome
[2020-02-19 14:47:01] ---- FROM  ::1 (WinNT)
[2020-02-19 14:47:01] ---- BROWSER:  Firefox 73.0 (Mozilla/5.0 (Windows NT 10.0; Win64; x64; rv:73.0) Gecko/20100101 Firefox/73.0)
[2020-02-19 14:47:02] 200 - OK - text/html
[2020-02-19 14:47:03] REQUEST POST - https://localhost:8082/public/ws/General.asmx/Set
[2020-02-19 14:47:03] ---- FROM  ::1 (WinNT)
[2020-02-19 14:47:03] ---- BROWSER:  Firefox 73.0 (Mozilla/5.0 (Windows NT 10.0; Win64; x64; rv:73.0) Gecko/20100101 Firefox/73.0)
[2020-02-19 14:47:03] ---- CONTENT: {data : "<?xml version='1.0' encoding='utf-8' ?><Request ID='20200219144703944'><General><Token>11111121252221224308000011333382</Token></General><Data><Nome>Ditta%20Rossi%20%26%20Verdi</Nome><Logo>https%3A%2F%2Flocalhost%3A8082%2Fscratch%2Fpl_logo.png</Logo></Data></Request>"}
[2020-02-19 14:47:06] 200 - OK - application/json
[2020-02-19 14:47:06] REQUEST POST - https://localhost:8082/public/ws/Config.asmx/Economics_Get
[2020-02-19 14:47:06] ---- FROM  ::1 (WinNT)
[2020-02-19 14:47:06] ---- BROWSER:  Firefox 73.0 (Mozilla/5.0 (Windows NT 10.0; Win64; x64; rv:73.0) Gecko/20100101 Firefox/73.0)
[2020-02-19 14:47:06] ---- CONTENT: {data : "<?xml version='1.0' encoding='utf-8' ?><Request ID='20200219144706119'><General><Token>11111121252221224308000011333382</Token></General><Data></Data></Request>"}
[2020-02-19 14:47:06] 200 - OK - application/json
[2020-02-19 14:47:06] REQUEST POST - https://localhost:8082/public/ws/Config.asmx/All_Get
[2020-02-19 14:47:06] ---- FROM  ::1 (WinNT)
[2020-02-19 14:47:06] ---- BROWSER:  Firefox 73.0 (Mozilla/5.0 (Windows NT 10.0; Win64; x64; rv:73.0) Gecko/20100101 Firefox/73.0)
[2020-02-19 14:47:06] ---- CONTENT: {data : "<?xml version='1.0' encoding='utf-8' ?><Request ID='20200219144706415'><General><Token>11111121252221224308000011333382</Token></General><Data></Data></Request>"}
[2020-02-19 14:47:06] REQUEST POST - https://localhost:8082/public/ws/Economics.asmx/messaggi_summary
[2020-02-19 14:47:06] ---- FROM  ::1 (WinNT)
[2020-02-19 14:47:06] ---- BROWSER:  Firefox 73.0 (Mozilla/5.0 (Windows NT 10.0; Win64; x64; rv:73.0) Gecko/20100101 Firefox/73.0)
[2020-02-19 14:47:06] ---- CONTENT: {data : "<?xml version='1.0' encoding='utf-8' ?><Request ID='20200219144706487'><General><Token>11111121252221224308000011333382</Token></General><Data></Data></Request>"}
[2020-02-19 14:47:06] REQUEST POST - https://localhost:8082/public/ws/Config.asmx/All_Get
[2020-02-19 14:47:06] ---- FROM  ::1 (WinNT)
[2020-02-19 14:47:06] ---- BROWSER:  Firefox 73.0 (Mozilla/5.0 (Windows NT 10.0; Win64; x64; rv:73.0) Gecko/20100101 Firefox/73.0)
[2020-02-19 14:47:06] ---- CONTENT: {data : "<?xml version='1.0' encoding='utf-8' ?><Request ID='20200219144706697'><General><Token>11111121252221224308000011333382</Token></General><Data></Data></Request>"}
[2020-02-19 14:47:06] 200 - OK - application/json
[2020-02-19 14:47:06] 200 - OK - application/json
[2020-02-19 14:47:06] REQUEST POST - https://localhost:8082/public/ws/Config.asmx/All_Get
[2020-02-19 14:47:06] 200 - OK - application/json
[2020-02-19 14:47:06] ---- FROM  ::1 (WinNT)
[2020-02-19 14:47:06] ---- BROWSER:  Firefox 73.0 (Mozilla/5.0 (Windows NT 10.0; Win64; x64; rv:73.0) Gecko/20100101 Firefox/73.0)
[2020-02-19 14:47:06] ---- CONTENT: {data : "<?xml version='1.0' encoding='utf-8' ?><Request ID='20200219144706949'><General><Token>11111121252221224308000011333382</Token></General><Data></Data></Request>"}
[2020-02-19 14:47:07] 200 - OK - application/json
[2020-02-19 14:47:11] REQUEST POST - https://localhost:8082/public/ws/Reports.asmx/Economics
[2020-02-19 14:47:11] ---- FROM  ::1 (WinNT)
[2020-02-19 14:47:11] ---- BROWSER:  Firefox 73.0 (Mozilla/5.0 (Windows NT 10.0; Win64; x64; rv:73.0) Gecko/20100101 Firefox/73.0)
[2020-02-19 14:47:11] ---- CONTENT: {data : "<?xml version='1.0' encoding='utf-8' ?><Request ID='20200219144711324'><General><Token>11111121252221224308000011333382</Token></General><Data><Format>5</Format></Data></Request>"}
[2020-02-19 14:47:28] 200 - OK - application/json
[2020-02-19 14:48:09] REQUEST GET - https://localhost:8082/economics/anno-precedente-insert
[2020-02-19 14:48:09] ---- FROM  ::1 (WinNT)
[2020-02-19 14:48:09] ---- BROWSER:  Firefox 73.0 (Mozilla/5.0 (Windows NT 10.0; Win64; x64; rv:73.0) Gecko/20100101 Firefox/73.0)
[2020-02-19 14:48:09] 200 - OK - text/html
[2020-02-19 14:48:10] REQUEST POST - https://localhost:8082/public/ws/AnnoPrec.asmx/Get
[2020-02-19 14:48:10] ---- FROM  ::1 (WinNT)
[2020-02-19 14:48:10] ---- BROWSER:  Firefox 73.0 (Mozilla/5.0 (Windows NT 10.0; Win64; x64; rv:73.0) Gecko/20100101 Firefox/73.0)
[2020-02-19 14:48:10] ---- CONTENT: {data : "<?xml version='1.0' encoding='utf-8' ?><Request ID='20200219144810624'><General><Token>11111121252221224308000011333382</Token></General><Data></Data></Request>"}
[2020-02-19 14:48:10] 200 - OK - application/json
[2020-02-19 14:48:10] REQUEST POST - https://localhost:8082/public/ws/Config.asmx/All_Get
[2020-02-19 14:48:10] ---- FROM  ::1 (WinNT)
[2020-02-19 14:48:10] ---- BROWSER:  Firefox 73.0 (Mozilla/5.0 (Windows NT 10.0; Win64; x64; rv:73.0) Gecko/20100101 Firefox/73.0)
[2020-02-19 14:48:10] ---- CONTENT: {data : "<?xml version='1.0' encoding='utf-8' ?><Request ID='20200219144810976'><General><Token>11111121252221224308000011333382</Token></General><Data></Data></Request>"}
[2020-02-19 14:48:11] REQUEST POST - https://localhost:8082/public/ws/Economics.asmx/messaggi_summary
[2020-02-19 14:48:11] ---- FROM  ::1 (WinNT)
[2020-02-19 14:48:11] ---- BROWSER:  Firefox 73.0 (Mozilla/5.0 (Windows NT 10.0; Win64; x64; rv:73.0) Gecko/20100101 Firefox/73.0)
[2020-02-19 14:48:11] ---- CONTENT: {data : "<?xml version='1.0' encoding='utf-8' ?><Request ID='2020021914481154'><General><Token>11111121252221224308000011333382</Token></General><Data></Data></Request>"}
[2020-02-19 14:48:11] REQUEST GET - https://localhost:8082/public/ws/Resources.ashx/xml-economics/11111121252221224308000011333382
[2020-02-19 14:48:11] ---- FROM  ::1 (WinNT)
[2020-02-19 14:48:11] ---- BROWSER:  Firefox 73.0 (Mozilla/5.0 (Windows NT 10.0; Win64; x64; rv:73.0) Gecko/20100101 Firefox/73.0)
[2020-02-19 14:48:11] 200 - OK - application/json
[2020-02-19 14:48:11] 200 - OK - application/json
[2020-02-19 14:48:11] 200 - OK - text/xml
[2020-02-19 14:48:11] REQUEST POST - https://localhost:8082/public/ws/Config.asmx/All_Get
[2020-02-19 14:48:11] ---- FROM  ::1 (WinNT)
[2020-02-19 14:48:11] ---- BROWSER:  Firefox 73.0 (Mozilla/5.0 (Windows NT 10.0; Win64; x64; rv:73.0) Gecko/20100101 Firefox/73.0)
[2020-02-19 14:48:11] ---- CONTENT: {data : "<?xml version='1.0' encoding='utf-8' ?><Request ID='20200219144811207'><General><Token>11111121252221224308000011333382</Token></General><Data></Data></Request>"}
[2020-02-19 14:48:11] 200 - OK - application/json
[2020-02-19 14:48:12] REQUEST POST - https://localhost:8082/public/ws/Config.asmx/All_Get
[2020-02-19 14:48:12] ---- FROM  ::1 (WinNT)
[2020-02-19 14:48:12] ---- BROWSER:  Firefox 73.0 (Mozilla/5.0 (Windows NT 10.0; Win64; x64; rv:73.0) Gecko/20100101 Firefox/73.0)
[2020-02-19 14:48:12] ---- CONTENT: {data : "<?xml version='1.0' encoding='utf-8' ?><Request ID='20200219144812114'><General><Token>11111121252221224308000011333382</Token></General><Data></Data></Request>"}
[2020-02-19 14:48:12] 200 - OK - application/json
