[2020-03-17 09:19:17] REQUEST POST - https://localhost:8082/public/aspx/Home.aspx
[2020-03-17 09:19:17] ---- FROM  ::1 (WinNT)
[2020-03-17 09:19:17] ---- BROWSER:  Firefox 74.0 (Mozilla/5.0 (Windows NT 10.0; Win64; x64; rv:74.0) Gecko/20100101 Firefox/74.0)
[2020-03-17 09:19:17] ---- CONTENT: Token%3D11111121252221224308000011333382%26TokenApiRest%3DeyJ0eXAiOiJKV1QiLCJhbGciOiJIUzI1NiJ9.eyJpc3MiOiJodHRwczpcL1wvd3d3cy5kZXYteWVhcC5pdCIsImlhdCI6MTU0MjI5NDMyMSwibmJmIjoxNTQyMjk0MzIxLCJleHAiOjE1NDI4OTkxMjEsImRhdGEiOnsidXNlciI6eyJpZCI6IjQ0In19fQ.RCP5OeoGASxAyBw1MbMD4BFJAcDM5JIXqYXKBALZcJI%26Logo%3Dhttps%3A%2F%2Flocalhost%3A8082%2Fscratch%2Fpl_logo.png%26Title%3DDitta%2520Rossi%2520%2526%2520Verdi%26isODC%3D1%26ruolo%3D0%26trial_expired%3Dfalse=
[2020-03-17 09:19:28] 302 - Found - text/html
[2020-03-17 09:19:28] REQUEST GET - https://localhost:8082/home/welcome
[2020-03-17 09:19:28] ---- FROM  ::1 (WinNT)
[2020-03-17 09:19:28] ---- BROWSER:  Firefox 74.0 (Mozilla/5.0 (Windows NT 10.0; Win64; x64; rv:74.0) Gecko/20100101 Firefox/74.0)
[2020-03-17 09:19:31] 200 - OK - text/html
[2020-03-17 09:19:33] REQUEST POST - https://localhost:8082/public/ws/General.asmx/Set
[2020-03-17 09:19:33] ---- FROM  ::1 (WinNT)
[2020-03-17 09:19:33] ---- BROWSER:  Firefox 74.0 (Mozilla/5.0 (Windows NT 10.0; Win64; x64; rv:74.0) Gecko/20100101 Firefox/74.0)
[2020-03-17 09:19:33] ---- CONTENT: {data : "<?xml version='1.0' encoding='utf-8' ?><Request ID='20200317091933382'><General><Token>11111121252221224308000011333382</Token></General><Data><Nome>Ditta%20Rossi%20%26%20Verdi</Nome><Logo>https%3A%2F%2Flocalhost%3A8082%2Fscratch%2Fpl_logo.png</Logo></Data></Request>"}
[2020-03-17 09:19:36] 200 - OK - application/json
[2020-03-17 09:19:36] REQUEST POST - https://localhost:8082/public/ws/Config.asmx/Economics_Get
[2020-03-17 09:19:36] ---- FROM  ::1 (WinNT)
[2020-03-17 09:19:36] ---- BROWSER:  Firefox 74.0 (Mozilla/5.0 (Windows NT 10.0; Win64; x64; rv:74.0) Gecko/20100101 Firefox/74.0)
[2020-03-17 09:19:36] ---- CONTENT: {data : "<?xml version='1.0' encoding='utf-8' ?><Request ID='20200317091936816'><General><Token>11111121252221224308000011333382</Token></General><Data></Data></Request>"}
[2020-03-17 09:19:37] 200 - OK - application/json
[2020-03-17 09:19:37] REQUEST POST - https://localhost:8082/public/ws/Config.asmx/All_Get
[2020-03-17 09:19:37] REQUEST POST - https://localhost:8082/public/ws/Economics.asmx/messaggi_summary
[2020-03-17 09:19:37] ---- FROM  ::1 (WinNT)
[2020-03-17 09:19:37] ---- BROWSER:  Firefox 74.0 (Mozilla/5.0 (Windows NT 10.0; Win64; x64; rv:74.0) Gecko/20100101 Firefox/74.0)
[2020-03-17 09:19:37] ---- CONTENT: {data : "<?xml version='1.0' encoding='utf-8' ?><Request ID='20200317091937365'><General><Token>11111121252221224308000011333382</Token></General><Data></Data></Request>"}
[2020-03-17 09:19:37] ---- FROM  ::1 (WinNT)
[2020-03-17 09:19:37] ---- BROWSER:  Firefox 74.0 (Mozilla/5.0 (Windows NT 10.0; Win64; x64; rv:74.0) Gecko/20100101 Firefox/74.0)
[2020-03-17 09:19:37] ---- CONTENT: {data : "<?xml version='1.0' encoding='utf-8' ?><Request ID='20200317091937291'><General><Token>11111121252221224308000011333382</Token></General><Data></Data></Request>"}
[2020-03-17 09:19:37] REQUEST POST - https://localhost:8082/public/ws/Config.asmx/All_Get
[2020-03-17 09:19:37] ---- FROM  ::1 (WinNT)
[2020-03-17 09:19:37] ---- BROWSER:  Firefox 74.0 (Mozilla/5.0 (Windows NT 10.0; Win64; x64; rv:74.0) Gecko/20100101 Firefox/74.0)
[2020-03-17 09:19:37] ---- CONTENT: {data : "<?xml version='1.0' encoding='utf-8' ?><Request ID='20200317091937839'><General><Token>11111121252221224308000011333382</Token></General><Data></Data></Request>"}
[2020-03-17 09:19:38] 200 - OK - application/json
[2020-03-17 09:19:38] 200 - OK - application/json
[2020-03-17 09:19:38] 200 - OK - application/json
[2020-03-17 09:19:38] REQUEST POST - https://localhost:8082/public/ws/Config.asmx/All_Get
[2020-03-17 09:19:38] ---- FROM  ::1 (WinNT)
[2020-03-17 09:19:38] ---- BROWSER:  Firefox 74.0 (Mozilla/5.0 (Windows NT 10.0; Win64; x64; rv:74.0) Gecko/20100101 Firefox/74.0)
[2020-03-17 09:19:38] ---- CONTENT: {data : "<?xml version='1.0' encoding='utf-8' ?><Request ID='20200317091938507'><General><Token>11111121252221224308000011333382</Token></General><Data></Data></Request>"}
[2020-03-17 09:19:38] 200 - OK - application/json
[2020-03-17 09:21:05] REQUEST POST - https://localhost:8082/public/ws/config.asmx/General_Get
[2020-03-17 09:21:05] ---- FROM  ::1 (Unknown)
[2020-03-17 09:21:05] ---- BROWSER:  Unknown 0.0 ()
[2020-03-17 09:21:05] ---- CONTENT: {data : "<?xml version='1.0' encoding='utf-8' ?><Request ID='20200317092103722'><General><Token>41111111252222224015000011333353</Token></General><Data></Data></Request>"}
[2020-03-17 09:21:05] 200 - OK - application/json
[2020-03-17 09:21:44] REQUEST POST - https://localhost:8082/public/ws/config.asmx/General_Get
[2020-03-17 09:21:44] ---- FROM  ::1 (Unknown)
[2020-03-17 09:21:44] ---- BROWSER:  Unknown 0.0 ()
[2020-03-17 09:21:44] ---- CONTENT: {data : "<?xml version='1.0' encoding='utf-8' ?><Request ID='20200317092141558'><General><Token>41111111252222224015000011333353</Token></General><Data></Data></Request>"}
[2020-03-17 09:21:44] 200 - OK - application/json
[2020-03-17 09:22:14] REQUEST POST - https://localhost:8082/public/ws/config.asmx/General_Get
[2020-03-17 09:22:14] ---- FROM  ::1 (Unknown)
[2020-03-17 09:22:14] ---- BROWSER:  Unknown 0.0 ()
[2020-03-17 09:22:14] ---- CONTENT: {data : "<?xml version='1.0' encoding='utf-8' ?><Request ID='20200317092214694'><General><Token>41111111252222224015000011333353</Token></General><Data></Data></Request>"}
[2020-03-17 09:22:14] 200 - OK - application/json
[2020-03-17 09:23:42] REQUEST POST - https://localhost:8082/public/ws/config.asmx/General_Get
[2020-03-17 09:23:42] ---- FROM  ::1 (Unknown)
[2020-03-17 09:23:42] ---- BROWSER:  Unknown 0.0 ()
[2020-03-17 09:23:42] ---- CONTENT: {data : "<?xml version='1.0' encoding='utf-8' ?><Request ID='20200317092342500'><General><Token>41111111252222224015000011333353</Token></General><Data></Data></Request>"}
[2020-03-17 09:23:42] 200 - OK - application/json
[2020-03-17 09:25:19] REQUEST POST - https://localhost:8082/public/ws/config.asmx/General_Get
[2020-03-17 09:25:19] ---- FROM  ::1 (Unknown)
[2020-03-17 09:25:19] ---- BROWSER:  Unknown 0.0 ()
[2020-03-17 09:25:19] ---- CONTENT: {data : "<?xml version='1.0' encoding='utf-8' ?><Request ID='20200317092519252'><General><Token>41111111252222224015000011333353</Token></General><Data></Data></Request>"}
[2020-03-17 09:25:19] 200 - OK - application/json
