[2020-01-21 09:30:44] REQUEST POST - https://localhost:8082/public/aspx/Home.aspx
[2020-01-21 09:30:44] ---- FROM  ::1 (WinNT)
[2020-01-21 09:30:44] ---- BROWSER:  Firefox 72.0 (Mozilla/5.0 (Windows NT 10.0; Win64; x64; rv:72.0) Gecko/20100101 Firefox/72.0)
[2020-01-21 09:30:44] ---- CONTENT: Token%3D11111121252221224308000011333382%26TokenApiRest%3DeyJ0eXAiOiJKV1QiLCJhbGciOiJIUzI1NiJ9.eyJpc3MiOiJodHRwczpcL1wvd3d3cy5kZXYteWVhcC5pdCIsImlhdCI6MTU0MjI5NDMyMSwibmJmIjoxNTQyMjk0MzIxLCJleHAiOjE1NDI4OTkxMjEsImRhdGEiOnsidXNlciI6eyJpZCI6IjQ0In19fQ.RCP5OeoGASxAyBw1MbMD4BFJAcDM5JIXqYXKBALZcJI%26Logo%3Dhttps%3A%2F%2Flocalhost%3A8082%2Fscratch%2Fpl_logo.png%26Title%3DBusiness+Plan+Test+nr.+1%26isODC%3D1=
[2020-01-21 09:30:47] 302 - Found - text/html
[2020-01-21 09:30:47] REQUEST GET - https://localhost:8082/home/welcome
[2020-01-21 09:30:47] ---- FROM  ::1 (WinNT)
[2020-01-21 09:30:47] ---- BROWSER:  Firefox 72.0 (Mozilla/5.0 (Windows NT 10.0; Win64; x64; rv:72.0) Gecko/20100101 Firefox/72.0)
[2020-01-21 09:30:51] 200 - OK - text/html
[2020-01-21 09:30:52] REQUEST POST - https://localhost:8082/public/ws/General.asmx/Set
[2020-01-21 09:30:52] ---- FROM  ::1 (WinNT)
[2020-01-21 09:30:52] ---- BROWSER:  Firefox 72.0 (Mozilla/5.0 (Windows NT 10.0; Win64; x64; rv:72.0) Gecko/20100101 Firefox/72.0)
[2020-01-21 09:30:52] ---- CONTENT: {data : "<?xml version='1.0' encoding='utf-8' ?><Request ID='20200121093052220'><General><Token>11111121252221224308000011333382</Token></General><Data><Nome>Business Plan Test nr. 1</Nome><Logo>https%3A%2F%2Flocalhost%3A8082%2Fscratch%2Fpl_logo.png</Logo></Data></Request>"}
[2020-01-21 09:30:52] 200 - OK - application/json
[2020-01-21 09:30:52] REQUEST POST - https://localhost:8082/public/ws/Config.asmx/Economics_Get
[2020-01-21 09:30:52] ---- FROM  ::1 (WinNT)
[2020-01-21 09:30:52] ---- BROWSER:  Firefox 72.0 (Mozilla/5.0 (Windows NT 10.0; Win64; x64; rv:72.0) Gecko/20100101 Firefox/72.0)
[2020-01-21 09:30:52] ---- CONTENT: {data : "<?xml version='1.0' encoding='utf-8' ?><Request ID='20200121093052711'><General><Token>11111121252221224308000011333382</Token></General><Data></Data></Request>"}
[2020-01-21 09:30:52] 200 - OK - application/json
[2020-01-21 09:30:53] REQUEST POST - https://localhost:8082/public/ws/Config.asmx/All_Get
[2020-01-21 09:30:53] ---- FROM  ::1 (WinNT)
[2020-01-21 09:30:53] ---- BROWSER:  Firefox 72.0 (Mozilla/5.0 (Windows NT 10.0; Win64; x64; rv:72.0) Gecko/20100101 Firefox/72.0)
[2020-01-21 09:30:53] ---- CONTENT: {data : "<?xml version='1.0' encoding='utf-8' ?><Request ID='2020012109305325'><General><Token>11111121252221224308000011333382</Token></General><Data></Data></Request>"}
[2020-01-21 09:30:53] REQUEST POST - https://localhost:8082/public/ws/Economics.asmx/messaggi_summary
[2020-01-21 09:30:53] ---- FROM  ::1 (WinNT)
[2020-01-21 09:30:53] ---- BROWSER:  Firefox 72.0 (Mozilla/5.0 (Windows NT 10.0; Win64; x64; rv:72.0) Gecko/20100101 Firefox/72.0)
[2020-01-21 09:30:53] ---- CONTENT: {data : "<?xml version='1.0' encoding='utf-8' ?><Request ID='2020012109305374'><General><Token>11111121252221224308000011333382</Token></General><Data></Data></Request>"}
[2020-01-21 09:30:53] REQUEST POST - https://localhost:8082/public/ws/Config.asmx/All_Get
[2020-01-21 09:30:53] ---- FROM  ::1 (WinNT)
[2020-01-21 09:30:53] ---- BROWSER:  Firefox 72.0 (Mozilla/5.0 (Windows NT 10.0; Win64; x64; rv:72.0) Gecko/20100101 Firefox/72.0)
[2020-01-21 09:30:53] ---- CONTENT: {data : "<?xml version='1.0' encoding='utf-8' ?><Request ID='20200121093053270'><General><Token>11111121252221224308000011333382</Token></General><Data></Data></Request>"}
[2020-01-21 09:30:53] 200 - OK - application/json
[2020-01-21 09:30:53] 200 - OK - application/json
[2020-01-21 09:30:53] 200 - OK - application/json
[2020-01-21 09:30:53] REQUEST POST - https://localhost:8082/public/ws/Config.asmx/All_Get
[2020-01-21 09:30:53] ---- FROM  ::1 (WinNT)
[2020-01-21 09:30:53] ---- BROWSER:  Firefox 72.0 (Mozilla/5.0 (Windows NT 10.0; Win64; x64; rv:72.0) Gecko/20100101 Firefox/72.0)
[2020-01-21 09:30:53] ---- CONTENT: {data : "<?xml version='1.0' encoding='utf-8' ?><Request ID='20200121093053572'><General><Token>11111121252221224308000011333382</Token></General><Data></Data></Request>"}
[2020-01-21 09:30:53] 200 - OK - application/json
[2020-01-21 09:31:28] REQUEST GET - https://localhost:8082/economics/ricavi
[2020-01-21 09:31:28] ---- FROM  ::1 (WinNT)
[2020-01-21 09:31:28] ---- BROWSER:  Firefox 72.0 (Mozilla/5.0 (Windows NT 10.0; Win64; x64; rv:72.0) Gecko/20100101 Firefox/72.0)
[2020-01-21 09:31:28] 200 - OK - text/html
[2020-01-21 09:31:29] REQUEST POST - https://localhost:8082/public/ws/Ricavi.asmx/Ricavo_Get
[2020-01-21 09:31:29] ---- FROM  ::1 (WinNT)
[2020-01-21 09:31:29] ---- BROWSER:  Firefox 72.0 (Mozilla/5.0 (Windows NT 10.0; Win64; x64; rv:72.0) Gecko/20100101 Firefox/72.0)
[2020-01-21 09:31:29] ---- CONTENT: {data : "<?xml version='1.0' encoding='utf-8' ?><Request ID='20200121093129353'><General><Token>11111121252221224308000011333382</Token></General><Data></Data></Request>"}
[2020-01-21 09:31:29] 200 - OK - application/json
[2020-01-21 09:31:29] REQUEST POST - https://localhost:8082/public/ws/Config.asmx/All_Get
[2020-01-21 09:31:29] ---- FROM  ::1 (WinNT)
[2020-01-21 09:31:29] ---- BROWSER:  Firefox 72.0 (Mozilla/5.0 (Windows NT 10.0; Win64; x64; rv:72.0) Gecko/20100101 Firefox/72.0)
[2020-01-21 09:31:29] ---- CONTENT: {data : "<?xml version='1.0' encoding='utf-8' ?><Request ID='20200121093129684'><General><Token>11111121252221224308000011333382</Token></General><Data></Data></Request>"}
[2020-01-21 09:31:29] REQUEST POST - https://localhost:8082/public/ws/Economics.asmx/messaggi_summary
[2020-01-21 09:31:29] ---- FROM  ::1 (WinNT)
[2020-01-21 09:31:29] ---- BROWSER:  Firefox 72.0 (Mozilla/5.0 (Windows NT 10.0; Win64; x64; rv:72.0) Gecko/20100101 Firefox/72.0)
[2020-01-21 09:31:29] ---- CONTENT: {data : "<?xml version='1.0' encoding='utf-8' ?><Request ID='20200121093129728'><General><Token>11111121252221224308000011333382</Token></General><Data></Data></Request>"}
[2020-01-21 09:31:29] REQUEST GET - https://localhost:8082/public/ws/Resources.ashx/xml-economics/11111121252221224308000011333382
[2020-01-21 09:31:29] 200 - OK - application/json
[2020-01-21 09:31:29] ---- FROM  ::1 (WinNT)
[2020-01-21 09:31:29] ---- BROWSER:  Firefox 72.0 (Mozilla/5.0 (Windows NT 10.0; Win64; x64; rv:72.0) Gecko/20100101 Firefox/72.0)
[2020-01-21 09:31:29] 200 - OK - application/json
[2020-01-21 09:31:29] REQUEST POST - https://localhost:8082/public/ws/Config.asmx/All_Get
[2020-01-21 09:31:29] ---- FROM  ::1 (WinNT)
[2020-01-21 09:31:29] ---- BROWSER:  Firefox 72.0 (Mozilla/5.0 (Windows NT 10.0; Win64; x64; rv:72.0) Gecko/20100101 Firefox/72.0)
[2020-01-21 09:31:29] ---- CONTENT: {data : "<?xml version='1.0' encoding='utf-8' ?><Request ID='20200121093129857'><General><Token>11111121252221224308000011333382</Token></General><Data></Data></Request>"}
[2020-01-21 09:31:29] 200 - OK - application/json
[2020-01-21 09:31:29] 200 - OK - text/xml
[2020-01-21 09:31:30] REQUEST POST - https://localhost:8082/public/ws/Config.asmx/All_Get
[2020-01-21 09:31:30] ---- FROM  ::1 (WinNT)
[2020-01-21 09:31:30] ---- BROWSER:  Firefox 72.0 (Mozilla/5.0 (Windows NT 10.0; Win64; x64; rv:72.0) Gecko/20100101 Firefox/72.0)
[2020-01-21 09:31:30] ---- CONTENT: {data : "<?xml version='1.0' encoding='utf-8' ?><Request ID='20200121093130442'><General><Token>11111121252221224308000011333382</Token></General><Data></Data></Request>"}
[2020-01-21 09:31:30] 200 - OK - application/json
[2020-01-21 09:51:16] REQUEST GET - https://localhost:8082/economics/finanziarie
[2020-01-21 09:51:16] ---- FROM  ::1 (WinNT)
[2020-01-21 09:51:17] ---- BROWSER:  Firefox 72.0 (Mozilla/5.0 (Windows NT 10.0; Win64; x64; rv:72.0) Gecko/20100101 Firefox/72.0)
[2020-01-21 09:51:17] 200 - OK - text/html
[2020-01-21 09:51:20] REQUEST POST - https://localhost:8082/public/ws/Capex.asmx/Imm_Finanziarie_Get
[2020-01-21 09:51:20] ---- FROM  ::1 (WinNT)
[2020-01-21 09:51:20] ---- BROWSER:  Firefox 72.0 (Mozilla/5.0 (Windows NT 10.0; Win64; x64; rv:72.0) Gecko/20100101 Firefox/72.0)
[2020-01-21 09:51:20] ---- CONTENT: {data : "<?xml version='1.0' encoding='utf-8' ?><Request ID='20200121095120686'><General><Token>11111121252221224308000011333382</Token></General><Data></Data></Request>"}
[2020-01-21 09:51:22] 200 - OK - application/json
[2020-01-21 09:51:23] REQUEST POST - https://localhost:8082/public/ws/Config.asmx/All_Get
[2020-01-21 09:51:23] ---- FROM  ::1 (WinNT)
[2020-01-21 09:51:23] ---- BROWSER:  Firefox 72.0 (Mozilla/5.0 (Windows NT 10.0; Win64; x64; rv:72.0) Gecko/20100101 Firefox/72.0)
[2020-01-21 09:51:23] ---- CONTENT: {data : "<?xml version='1.0' encoding='utf-8' ?><Request ID='20200121095123264'><General><Token>11111121252221224308000011333382</Token></General><Data></Data></Request>"}
[2020-01-21 09:51:23] REQUEST POST - https://localhost:8082/public/ws/Economics.asmx/messaggi_summary
[2020-01-21 09:51:23] ---- FROM  ::1 (WinNT)
[2020-01-21 09:51:23] ---- BROWSER:  Firefox 72.0 (Mozilla/5.0 (Windows NT 10.0; Win64; x64; rv:72.0) Gecko/20100101 Firefox/72.0)
[2020-01-21 09:51:23] ---- CONTENT: {data : "<?xml version='1.0' encoding='utf-8' ?><Request ID='20200121095123321'><General><Token>11111121252221224308000011333382</Token></General><Data></Data></Request>"}
[2020-01-21 09:51:23] 200 - OK - application/json
[2020-01-21 09:51:23] 200 - OK - application/json
[2020-01-21 09:51:23] REQUEST GET - https://localhost:8082/public/ws/Resources.ashx/xml-economics/11111121252221224308000011333382
[2020-01-21 09:51:23] ---- FROM  ::1 (WinNT)
[2020-01-21 09:51:23] ---- BROWSER:  Firefox 72.0 (Mozilla/5.0 (Windows NT 10.0; Win64; x64; rv:72.0) Gecko/20100101 Firefox/72.0)
[2020-01-21 09:51:23] 200 - OK - text/xml
[2020-01-21 09:51:24] REQUEST POST - https://localhost:8082/public/ws/Config.asmx/All_Get
[2020-01-21 09:51:24] ---- FROM  ::1 (WinNT)
[2020-01-21 09:51:24] ---- BROWSER:  Firefox 72.0 (Mozilla/5.0 (Windows NT 10.0; Win64; x64; rv:72.0) Gecko/20100101 Firefox/72.0)
[2020-01-21 09:51:24] ---- CONTENT: {data : "<?xml version='1.0' encoding='utf-8' ?><Request ID='20200121095124598'><General><Token>11111121252221224308000011333382</Token></General><Data></Data></Request>"}
[2020-01-21 09:51:24] 200 - OK - application/json
[2020-01-21 09:51:25] REQUEST POST - https://localhost:8082/public/ws/Config.asmx/All_Get
[2020-01-21 09:51:25] ---- FROM  ::1 (WinNT)
[2020-01-21 09:51:25] ---- BROWSER:  Firefox 72.0 (Mozilla/5.0 (Windows NT 10.0; Win64; x64; rv:72.0) Gecko/20100101 Firefox/72.0)
[2020-01-21 09:51:25] ---- CONTENT: {data : "<?xml version='1.0' encoding='utf-8' ?><Request ID='20200121095125919'><General><Token>11111121252221224308000011333382</Token></General><Data></Data></Request>"}
[2020-01-21 09:51:26] 200 - OK - application/json
[2020-01-21 10:02:45] REQUEST GET - https://localhost:8082/economics/gestione-straordinaria
[2020-01-21 10:02:45] ---- FROM  ::1 (WinNT)
[2020-01-21 10:02:45] ---- BROWSER:  Firefox 72.0 (Mozilla/5.0 (Windows NT 10.0; Win64; x64; rv:72.0) Gecko/20100101 Firefox/72.0)
[2020-01-21 10:02:45] 200 - OK - text/html
[2020-01-21 10:02:46] REQUEST POST - https://localhost:8082/public/ws/GestioneStraordinaria.asmx/Get
[2020-01-21 10:02:46] ---- FROM  ::1 (WinNT)
[2020-01-21 10:02:46] ---- BROWSER:  Firefox 72.0 (Mozilla/5.0 (Windows NT 10.0; Win64; x64; rv:72.0) Gecko/20100101 Firefox/72.0)
[2020-01-21 10:02:46] ---- CONTENT: {data : "<?xml version='1.0' encoding='utf-8' ?><Request ID='2020012110024698'><General><Token>11111121252221224308000011333382</Token></General><Data></Data></Request>"}
[2020-01-21 10:02:46] 200 - OK - application/json
[2020-01-21 10:02:46] REQUEST POST - https://localhost:8082/public/ws/Config.asmx/All_Get
[2020-01-21 10:02:46] ---- FROM  ::1 (WinNT)
[2020-01-21 10:02:46] ---- BROWSER:  Firefox 72.0 (Mozilla/5.0 (Windows NT 10.0; Win64; x64; rv:72.0) Gecko/20100101 Firefox/72.0)
[2020-01-21 10:02:46] ---- CONTENT: {data : "<?xml version='1.0' encoding='utf-8' ?><Request ID='20200121100246317'><General><Token>11111121252221224308000011333382</Token></General><Data></Data></Request>"}
[2020-01-21 10:02:46] REQUEST POST - https://localhost:8082/public/ws/Economics.asmx/messaggi_summary
[2020-01-21 10:02:46] ---- FROM  ::1 (WinNT)
[2020-01-21 10:02:46] ---- BROWSER:  Firefox 72.0 (Mozilla/5.0 (Windows NT 10.0; Win64; x64; rv:72.0) Gecko/20100101 Firefox/72.0)
[2020-01-21 10:02:46] 200 - OK - application/json
[2020-01-21 10:02:46] ---- CONTENT: {data : "<?xml version='1.0' encoding='utf-8' ?><Request ID='20200121100246372'><General><Token>11111121252221224308000011333382</Token></General><Data></Data></Request>"}
[2020-01-21 10:02:46] 200 - OK - application/json
[2020-01-21 10:02:46] REQUEST GET - https://localhost:8082/public/ws/Resources.ashx/xml-economics/11111121252221224308000011333382
[2020-01-21 10:02:46] ---- FROM  ::1 (WinNT)
[2020-01-21 10:02:46] ---- BROWSER:  Firefox 72.0 (Mozilla/5.0 (Windows NT 10.0; Win64; x64; rv:72.0) Gecko/20100101 Firefox/72.0)
[2020-01-21 10:02:46] 200 - OK - text/xml
[2020-01-21 10:02:46] REQUEST POST - https://localhost:8082/public/ws/Config.asmx/All_Get
[2020-01-21 10:02:46] ---- FROM  ::1 (WinNT)
[2020-01-21 10:02:46] ---- BROWSER:  Firefox 72.0 (Mozilla/5.0 (Windows NT 10.0; Win64; x64; rv:72.0) Gecko/20100101 Firefox/72.0)
[2020-01-21 10:02:46] ---- CONTENT: {data : "<?xml version='1.0' encoding='utf-8' ?><Request ID='20200121100246591'><General><Token>11111121252221224308000011333382</Token></General><Data></Data></Request>"}
[2020-01-21 10:02:46] 200 - OK - application/json
[2020-01-21 10:02:47] REQUEST POST - https://localhost:8082/public/ws/Config.asmx/All_Get
[2020-01-21 10:02:47] ---- FROM  ::1 (WinNT)
[2020-01-21 10:02:47] ---- BROWSER:  Firefox 72.0 (Mozilla/5.0 (Windows NT 10.0; Win64; x64; rv:72.0) Gecko/20100101 Firefox/72.0)
[2020-01-21 10:02:47] ---- CONTENT: {data : "<?xml version='1.0' encoding='utf-8' ?><Request ID='20200121100247368'><General><Token>11111121252221224308000011333382</Token></General><Data></Data></Request>"}
[2020-01-21 10:02:47] 200 - OK - application/json
[2020-01-21 10:10:00] REQUEST GET - https://localhost:8082/economics/anno-precedente-insert
[2020-01-21 10:10:00] ---- FROM  ::1 (WinNT)
[2020-01-21 10:10:00] ---- BROWSER:  Firefox 72.0 (Mozilla/5.0 (Windows NT 10.0; Win64; x64; rv:72.0) Gecko/20100101 Firefox/72.0)
[2020-01-21 10:10:00] 200 - OK - text/html
[2020-01-21 10:10:01] REQUEST POST - https://localhost:8082/public/ws/AnnoPrec.asmx/Get
[2020-01-21 10:10:01] ---- FROM  ::1 (WinNT)
[2020-01-21 10:10:01] ---- BROWSER:  Firefox 72.0 (Mozilla/5.0 (Windows NT 10.0; Win64; x64; rv:72.0) Gecko/20100101 Firefox/72.0)
[2020-01-21 10:10:01] ---- CONTENT: {data : "<?xml version='1.0' encoding='utf-8' ?><Request ID='20200121101001261'><General><Token>11111121252221224308000011333382</Token></General><Data></Data></Request>"}
[2020-01-21 10:10:01] 200 - OK - application/json
[2020-01-21 10:10:01] REQUEST POST - https://localhost:8082/public/ws/Config.asmx/All_Get
[2020-01-21 10:10:01] ---- FROM  ::1 (WinNT)
[2020-01-21 10:10:01] ---- BROWSER:  Firefox 72.0 (Mozilla/5.0 (Windows NT 10.0; Win64; x64; rv:72.0) Gecko/20100101 Firefox/72.0)
[2020-01-21 10:10:01] ---- CONTENT: {data : "<?xml version='1.0' encoding='utf-8' ?><Request ID='20200121101001770'><General><Token>11111121252221224308000011333382</Token></General><Data></Data></Request>"}
[2020-01-21 10:10:01] REQUEST POST - https://localhost:8082/public/ws/Economics.asmx/messaggi_summary
[2020-01-21 10:10:01] ---- FROM  ::1 (WinNT)
[2020-01-21 10:10:01] ---- BROWSER:  Firefox 72.0 (Mozilla/5.0 (Windows NT 10.0; Win64; x64; rv:72.0) Gecko/20100101 Firefox/72.0)
[2020-01-21 10:10:01] ---- CONTENT: {data : "<?xml version='1.0' encoding='utf-8' ?><Request ID='20200121101001823'><General><Token>11111121252221224308000011333382</Token></General><Data></Data></Request>"}
[2020-01-21 10:10:01] 200 - OK - application/json
[2020-01-21 10:10:01] 200 - OK - application/json
[2020-01-21 10:10:01] REQUEST GET - https://localhost:8082/public/ws/Resources.ashx/xml-economics/11111121252221224308000011333382
[2020-01-21 10:10:01] ---- FROM  ::1 (WinNT)
[2020-01-21 10:10:01] ---- BROWSER:  Firefox 72.0 (Mozilla/5.0 (Windows NT 10.0; Win64; x64; rv:72.0) Gecko/20100101 Firefox/72.0)
[2020-01-21 10:10:02] 200 - OK - text/xml
[2020-01-21 10:10:02] REQUEST POST - https://localhost:8082/public/ws/Config.asmx/All_Get
[2020-01-21 10:10:02] ---- FROM  ::1 (WinNT)
[2020-01-21 10:10:02] ---- BROWSER:  Firefox 72.0 (Mozilla/5.0 (Windows NT 10.0; Win64; x64; rv:72.0) Gecko/20100101 Firefox/72.0)
[2020-01-21 10:10:02] ---- CONTENT: {data : "<?xml version='1.0' encoding='utf-8' ?><Request ID='2020012110100272'><General><Token>11111121252221224308000011333382</Token></General><Data></Data></Request>"}
[2020-01-21 10:10:02] 200 - OK - application/json
[2020-01-21 10:10:02] REQUEST POST - https://localhost:8082/public/ws/Config.asmx/All_Get
[2020-01-21 10:10:02] ---- FROM  ::1 (WinNT)
[2020-01-21 10:10:02] ---- BROWSER:  Firefox 72.0 (Mozilla/5.0 (Windows NT 10.0; Win64; x64; rv:72.0) Gecko/20100101 Firefox/72.0)
[2020-01-21 10:10:02] ---- CONTENT: {data : "<?xml version='1.0' encoding='utf-8' ?><Request ID='20200121101002927'><General><Token>11111121252221224308000011333382</Token></General><Data></Data></Request>"}
[2020-01-21 10:10:03] 200 - OK - application/json
[2020-01-21 10:15:15] REQUEST GET - https://localhost:8082/qa/qualitativa
[2020-01-21 10:15:15] ---- FROM  ::1 (WinNT)
[2020-01-21 10:15:15] ---- BROWSER:  Firefox 72.0 (Mozilla/5.0 (Windows NT 10.0; Win64; x64; rv:72.0) Gecko/20100101 Firefox/72.0)
[2020-01-21 10:15:15] 200 - OK - text/html
[2020-01-21 10:15:16] REQUEST POST - https://localhost:8082/public/ws/QAnalysis.asmx/Get
[2020-01-21 10:15:16] ---- FROM  ::1 (WinNT)
[2020-01-21 10:15:16] ---- BROWSER:  Firefox 72.0 (Mozilla/5.0 (Windows NT 10.0; Win64; x64; rv:72.0) Gecko/20100101 Firefox/72.0)
[2020-01-21 10:15:16] ---- CONTENT: {data : "<?xml version='1.0' encoding='utf-8' ?><Request ID='20200121101516440'><General><Token>11111121252221224308000011333382</Token></General><Data></Data></Request>"}
[2020-01-21 10:15:16] 200 - OK - application/json
[2020-01-21 10:15:16] REQUEST POST - https://localhost:8082/public/ws/Config.asmx/All_Get
[2020-01-21 10:15:16] ---- FROM  ::1 (WinNT)
[2020-01-21 10:15:16] ---- BROWSER:  Firefox 72.0 (Mozilla/5.0 (Windows NT 10.0; Win64; x64; rv:72.0) Gecko/20100101 Firefox/72.0)
[2020-01-21 10:15:16] ---- CONTENT: {data : "<?xml version='1.0' encoding='utf-8' ?><Request ID='20200121101516615'><General><Token>11111121252221224308000011333382</Token></General><Data></Data></Request>"}
[2020-01-21 10:15:16] 200 - OK - application/json
[2020-01-21 10:15:16] REQUEST POST - https://localhost:8082/public/ws/Economics.asmx/messaggi_summary
[2020-01-21 10:15:16] ---- FROM  ::1 (WinNT)
[2020-01-21 10:15:16] ---- BROWSER:  Firefox 72.0 (Mozilla/5.0 (Windows NT 10.0; Win64; x64; rv:72.0) Gecko/20100101 Firefox/72.0)
[2020-01-21 10:15:16] ---- CONTENT: {data : "<?xml version='1.0' encoding='utf-8' ?><Request ID='20200121101516682'><General><Token>11111121252221224308000011333382</Token></General><Data></Data></Request>"}
[2020-01-21 10:15:16] 200 - OK - application/json
[2020-01-21 10:15:16] REQUEST POST - https://localhost:8082/public/ws/Config.asmx/All_Get
[2020-01-21 10:15:16] ---- FROM  ::1 (WinNT)
[2020-01-21 10:15:16] ---- BROWSER:  Firefox 72.0 (Mozilla/5.0 (Windows NT 10.0; Win64; x64; rv:72.0) Gecko/20100101 Firefox/72.0)
[2020-01-21 10:15:16] ---- CONTENT: {data : "<?xml version='1.0' encoding='utf-8' ?><Request ID='20200121101516918'><General><Token>11111121252221224308000011333382</Token></General><Data></Data></Request>"}
[2020-01-21 10:15:17] 200 - OK - application/json
[2020-01-21 10:15:17] REQUEST POST - https://localhost:8082/public/ws/Config.asmx/All_Get
[2020-01-21 10:15:17] ---- FROM  ::1 (WinNT)
[2020-01-21 10:15:17] ---- BROWSER:  Firefox 72.0 (Mozilla/5.0 (Windows NT 10.0; Win64; x64; rv:72.0) Gecko/20100101 Firefox/72.0)
[2020-01-21 10:15:17] ---- CONTENT: {data : "<?xml version='1.0' encoding='utf-8' ?><Request ID='2020012110151717'><General><Token>11111121252221224308000011333382</Token></General><Data></Data></Request>"}
[2020-01-21 10:15:17] 200 - OK - application/json
[2020-01-21 10:15:17] REQUEST GET - https://localhost:8082/public/ws/Resources.ashx/xml-qa
[2020-01-21 10:15:17] ---- FROM  ::1 (WinNT)
[2020-01-21 10:15:17] REQUEST GET - https://localhost:8082/public/ws/Resources.ashx/xml-qa
[2020-01-21 10:15:17] REQUEST GET - https://localhost:8082/public/ws/Resources.ashx/xml-qa
[2020-01-21 10:15:17] REQUEST GET - https://localhost:8082/public/ws/Resources.ashx/xml-qa
[2020-01-21 10:15:17] ---- BROWSER:  Firefox 72.0 (Mozilla/5.0 (Windows NT 10.0; Win64; x64; rv:72.0) Gecko/20100101 Firefox/72.0)
[2020-01-21 10:15:17] ---- FROM  ::1 (WinNT)
[2020-01-21 10:15:17] ---- FROM  ::1 (WinNT)
[2020-01-21 10:15:17] ---- FROM  ::1 (WinNT)
[2020-01-21 10:15:17] 200 - OK - text/xml
[2020-01-21 10:15:17] ---- BROWSER:  Firefox 72.0 (Mozilla/5.0 (Windows NT 10.0; Win64; x64; rv:72.0) Gecko/20100101 Firefox/72.0)
[2020-01-21 10:15:17] ---- BROWSER:  Firefox 72.0 (Mozilla/5.0 (Windows NT 10.0; Win64; x64; rv:72.0) Gecko/20100101 Firefox/72.0)
[2020-01-21 10:15:17] ---- BROWSER:  Firefox 72.0 (Mozilla/5.0 (Windows NT 10.0; Win64; x64; rv:72.0) Gecko/20100101 Firefox/72.0)
[2020-01-21 10:15:17] REQUEST GET - https://localhost:8082/public/ws/Resources.ashx/xml-qa
[2020-01-21 10:15:17] ---- FROM  ::1 (WinNT)
[2020-01-21 10:15:17] 200 - OK - text/xml
[2020-01-21 10:15:17] 200 - OK - text/xml
[2020-01-21 10:15:17] 200 - OK - text/xml
[2020-01-21 10:15:17] REQUEST GET - https://localhost:8082/public/ws/Resources.ashx/xml-qa
[2020-01-21 10:15:17] ---- BROWSER:  Firefox 72.0 (Mozilla/5.0 (Windows NT 10.0; Win64; x64; rv:72.0) Gecko/20100101 Firefox/72.0)
[2020-01-21 10:15:17] REQUEST GET - https://localhost:8082/public/ws/Resources.ashx/xml-qa
[2020-01-21 10:15:17] REQUEST GET - https://localhost:8082/public/ws/Resources.ashx/xml-qa
[2020-01-21 10:15:17] REQUEST GET - https://localhost:8082/public/ws/Resources.ashx/xml-qa
[2020-01-21 10:15:17] ---- FROM  ::1 (WinNT)
[2020-01-21 10:15:17] 200 - OK - text/xml
[2020-01-21 10:15:17] ---- FROM  ::1 (WinNT)
[2020-01-21 10:15:17] ---- FROM  ::1 (WinNT)
[2020-01-21 10:15:17] ---- FROM  ::1 (WinNT)
[2020-01-21 10:15:17] ---- BROWSER:  Firefox 72.0 (Mozilla/5.0 (Windows NT 10.0; Win64; x64; rv:72.0) Gecko/20100101 Firefox/72.0)
[2020-01-21 10:15:17] REQUEST GET - https://localhost:8082/public/ws/Resources.ashx/xml-qa
[2020-01-21 10:15:17] ---- BROWSER:  Firefox 72.0 (Mozilla/5.0 (Windows NT 10.0; Win64; x64; rv:72.0) Gecko/20100101 Firefox/72.0)
[2020-01-21 10:15:17] ---- BROWSER:  Firefox 72.0 (Mozilla/5.0 (Windows NT 10.0; Win64; x64; rv:72.0) Gecko/20100101 Firefox/72.0)
[2020-01-21 10:15:17] ---- BROWSER:  Firefox 72.0 (Mozilla/5.0 (Windows NT 10.0; Win64; x64; rv:72.0) Gecko/20100101 Firefox/72.0)
[2020-01-21 10:15:17] 200 - OK - text/xml
[2020-01-21 10:15:17] ---- FROM  ::1 (WinNT)
[2020-01-21 10:15:17] 200 - OK - text/xml
[2020-01-21 10:15:17] 200 - OK - text/xml
[2020-01-21 10:15:17] REQUEST GET - https://localhost:8082/public/ws/Resources.ashx/xml-qa
[2020-01-21 10:15:17] ---- BROWSER:  Firefox 72.0 (Mozilla/5.0 (Windows NT 10.0; Win64; x64; rv:72.0) Gecko/20100101 Firefox/72.0)
[2020-01-21 10:15:17] 200 - OK - text/xml
[2020-01-21 10:15:17] REQUEST GET - https://localhost:8082/public/ws/Resources.ashx/xml-qa
[2020-01-21 10:15:17] REQUEST GET - https://localhost:8082/public/ws/Resources.ashx/xml-qa
[2020-01-21 10:15:17] ---- FROM  ::1 (WinNT)
[2020-01-21 10:15:17] ---- BROWSER:  Firefox 72.0 (Mozilla/5.0 (Windows NT 10.0; Win64; x64; rv:72.0) Gecko/20100101 Firefox/72.0)
[2020-01-21 10:15:17] 200 - OK - text/xml
[2020-01-21 10:15:17] ---- FROM  ::1 (WinNT)
[2020-01-21 10:15:17] ---- FROM  ::1 (WinNT)
[2020-01-21 10:15:17] ---- BROWSER:  Firefox 72.0 (Mozilla/5.0 (Windows NT 10.0; Win64; x64; rv:72.0) Gecko/20100101 Firefox/72.0)
[2020-01-21 10:15:17] REQUEST GET - https://localhost:8082/public/ws/Resources.ashx/xml-qa
[2020-01-21 10:15:17] ---- BROWSER:  Firefox 72.0 (Mozilla/5.0 (Windows NT 10.0; Win64; x64; rv:72.0) Gecko/20100101 Firefox/72.0)
[2020-01-21 10:15:17] 200 - OK - text/xml
[2020-01-21 10:15:17] 200 - OK - text/xml
[2020-01-21 10:15:17] 200 - OK - text/xml
[2020-01-21 10:15:17] REQUEST GET - https://localhost:8082/public/ws/Resources.ashx/xml-qa
[2020-01-21 10:15:17] ---- FROM  ::1 (WinNT)
[2020-01-21 10:15:17] ---- BROWSER:  Firefox 72.0 (Mozilla/5.0 (Windows NT 10.0; Win64; x64; rv:72.0) Gecko/20100101 Firefox/72.0)
[2020-01-21 10:15:17] REQUEST GET - https://localhost:8082/public/ws/Resources.ashx/xml-qa
[2020-01-21 10:15:17] REQUEST GET - https://localhost:8082/public/ws/Resources.ashx/xml-qa
[2020-01-21 10:15:17] ---- FROM  ::1 (WinNT)
[2020-01-21 10:15:17] ---- BROWSER:  Firefox 72.0 (Mozilla/5.0 (Windows NT 10.0; Win64; x64; rv:72.0) Gecko/20100101 Firefox/72.0)
[2020-01-21 10:15:17] 200 - OK - text/xml
[2020-01-21 10:15:17] ---- FROM  ::1 (WinNT)
[2020-01-21 10:15:17] REQUEST GET - https://localhost:8082/public/ws/Resources.ashx/xml-qa
[2020-01-21 10:15:17] ---- FROM  ::1 (WinNT)
[2020-01-21 10:15:17] ---- BROWSER:  Firefox 72.0 (Mozilla/5.0 (Windows NT 10.0; Win64; x64; rv:72.0) Gecko/20100101 Firefox/72.0)
[2020-01-21 10:15:17] 200 - OK - text/xml
[2020-01-21 10:15:17] ---- BROWSER:  Firefox 72.0 (Mozilla/5.0 (Windows NT 10.0; Win64; x64; rv:72.0) Gecko/20100101 Firefox/72.0)
[2020-01-21 10:15:17] ---- FROM  ::1 (WinNT)
[2020-01-21 10:15:17] REQUEST GET - https://localhost:8082/public/ws/Resources.ashx/xml-qa
[2020-01-21 10:15:17] ---- FROM  ::1 (WinNT)
[2020-01-21 10:15:17] 200 - OK - text/xml
[2020-01-21 10:15:17] ---- BROWSER:  Firefox 72.0 (Mozilla/5.0 (Windows NT 10.0; Win64; x64; rv:72.0) Gecko/20100101 Firefox/72.0)
[2020-01-21 10:15:17] 200 - OK - text/xml
[2020-01-21 10:15:17] REQUEST GET - https://localhost:8082/public/ws/Resources.ashx/xml-qa
[2020-01-21 10:15:17] ---- BROWSER:  Firefox 72.0 (Mozilla/5.0 (Windows NT 10.0; Win64; x64; rv:72.0) Gecko/20100101 Firefox/72.0)
[2020-01-21 10:15:17] REQUEST GET - https://localhost:8082/public/ws/Resources.ashx/xml-qa
[2020-01-21 10:15:17] 200 - OK - text/xml
[2020-01-21 10:15:17] ---- FROM  ::1 (WinNT)
[2020-01-21 10:15:17] REQUEST GET - https://localhost:8082/public/ws/Resources.ashx/xml-qa
[2020-01-21 10:15:17] 200 - OK - text/xml
[2020-01-21 10:15:17] ---- FROM  ::1 (WinNT)
[2020-01-21 10:15:17] REQUEST GET - https://localhost:8082/public/ws/Resources.ashx/xml-qa
[2020-01-21 10:15:17] ---- BROWSER:  Firefox 72.0 (Mozilla/5.0 (Windows NT 10.0; Win64; x64; rv:72.0) Gecko/20100101 Firefox/72.0)
[2020-01-21 10:15:17] ---- FROM  ::1 (WinNT)
[2020-01-21 10:15:17] REQUEST GET - https://localhost:8082/public/ws/Resources.ashx/xml-qa
[2020-01-21 10:15:17] ---- BROWSER:  Firefox 72.0 (Mozilla/5.0 (Windows NT 10.0; Win64; x64; rv:72.0) Gecko/20100101 Firefox/72.0)
[2020-01-21 10:15:17] ---- FROM  ::1 (WinNT)
[2020-01-21 10:15:18] ---- BROWSER:  Firefox 72.0 (Mozilla/5.0 (Windows NT 10.0; Win64; x64; rv:72.0) Gecko/20100101 Firefox/72.0)
[2020-01-21 10:15:17] 200 - OK - text/xml
[2020-01-21 10:15:17] ---- BROWSER:  Firefox 72.0 (Mozilla/5.0 (Windows NT 10.0; Win64; x64; rv:72.0) Gecko/20100101 Firefox/72.0)
[2020-01-21 10:15:18] ---- FROM  ::1 (WinNT)
[2020-01-21 10:15:18] 200 - OK - text/xml
[2020-01-21 10:15:18] 200 - OK - text/xml
[2020-01-21 10:15:18] REQUEST GET - https://localhost:8082/public/ws/Resources.ashx/xml-qa
[2020-01-21 10:15:18] 200 - OK - text/xml
[2020-01-21 10:15:18] ---- BROWSER:  Firefox 72.0 (Mozilla/5.0 (Windows NT 10.0; Win64; x64; rv:72.0) Gecko/20100101 Firefox/72.0)
[2020-01-21 10:15:18] REQUEST GET - https://localhost:8082/public/ws/Resources.ashx/xml-qa
[2020-01-21 10:15:18] ---- FROM  ::1 (WinNT)
[2020-01-21 10:15:18] ---- FROM  ::1 (WinNT)
[2020-01-21 10:15:18] REQUEST GET - https://localhost:8082/public/ws/Resources.ashx/xml-qa
[2020-01-21 10:15:18] 200 - OK - text/xml
[2020-01-21 10:15:18] REQUEST GET - https://localhost:8082/public/ws/Resources.ashx/xml-qa
[2020-01-21 10:15:18] REQUEST GET - https://localhost:8082/public/ws/Resources.ashx/xml-qa
[2020-01-21 10:15:18] ---- BROWSER:  Firefox 72.0 (Mozilla/5.0 (Windows NT 10.0; Win64; x64; rv:72.0) Gecko/20100101 Firefox/72.0)
[2020-01-21 10:15:18] ---- BROWSER:  Firefox 72.0 (Mozilla/5.0 (Windows NT 10.0; Win64; x64; rv:72.0) Gecko/20100101 Firefox/72.0)
[2020-01-21 10:15:18] ---- FROM  ::1 (WinNT)
[2020-01-21 10:15:18] ---- FROM  ::1 (WinNT)
[2020-01-21 10:15:18] ---- FROM  ::1 (WinNT)
[2020-01-21 10:15:18] 200 - OK - text/xml
[2020-01-21 10:15:18] ---- BROWSER:  Firefox 72.0 (Mozilla/5.0 (Windows NT 10.0; Win64; x64; rv:72.0) Gecko/20100101 Firefox/72.0)
[2020-01-21 10:15:18] 200 - OK - text/xml
[2020-01-21 10:15:18] ---- BROWSER:  Firefox 72.0 (Mozilla/5.0 (Windows NT 10.0; Win64; x64; rv:72.0) Gecko/20100101 Firefox/72.0)
[2020-01-21 10:15:18] ---- BROWSER:  Firefox 72.0 (Mozilla/5.0 (Windows NT 10.0; Win64; x64; rv:72.0) Gecko/20100101 Firefox/72.0)
[2020-01-21 10:15:18] REQUEST GET - https://localhost:8082/public/ws/Resources.ashx/xml-qa
[2020-01-21 10:15:18] ---- FROM  ::1 (WinNT)
[2020-01-21 10:15:18] REQUEST GET - https://localhost:8082/public/ws/Resources.ashx/xml-qa
[2020-01-21 10:15:18] 200 - OK - text/xml
[2020-01-21 10:15:18] 200 - OK - text/xml
[2020-01-21 10:15:18] 200 - OK - text/xml
[2020-01-21 10:15:18] REQUEST GET - https://localhost:8082/public/ws/Resources.ashx/xml-qa
[2020-01-21 10:15:18] ---- BROWSER:  Firefox 72.0 (Mozilla/5.0 (Windows NT 10.0; Win64; x64; rv:72.0) Gecko/20100101 Firefox/72.0)
[2020-01-21 10:15:18] ---- FROM  ::1 (WinNT)
[2020-01-21 10:15:18] REQUEST GET - https://localhost:8082/public/ws/Resources.ashx/xml-qa
[2020-01-21 10:15:18] ---- FROM  ::1 (WinNT)
[2020-01-21 10:15:18] REQUEST GET - https://localhost:8082/public/ws/Resources.ashx/xml-qa
[2020-01-21 10:15:18] 200 - OK - text/xml
[2020-01-21 10:15:18] ---- BROWSER:  Firefox 72.0 (Mozilla/5.0 (Windows NT 10.0; Win64; x64; rv:72.0) Gecko/20100101 Firefox/72.0)
[2020-01-21 10:15:18] ---- FROM  ::1 (WinNT)
[2020-01-21 10:15:18] ---- FROM  ::1 (WinNT)
[2020-01-21 10:15:18] ---- BROWSER:  Firefox 72.0 (Mozilla/5.0 (Windows NT 10.0; Win64; x64; rv:72.0) Gecko/20100101 Firefox/72.0)
[2020-01-21 10:15:18] REQUEST GET - https://localhost:8082/public/ws/Resources.ashx/xml-qa
[2020-01-21 10:15:18] 200 - OK - text/xml
[2020-01-21 10:15:18] ---- BROWSER:  Firefox 72.0 (Mozilla/5.0 (Windows NT 10.0; Win64; x64; rv:72.0) Gecko/20100101 Firefox/72.0)
[2020-01-21 10:15:18] ---- BROWSER:  Firefox 72.0 (Mozilla/5.0 (Windows NT 10.0; Win64; x64; rv:72.0) Gecko/20100101 Firefox/72.0)
[2020-01-21 10:15:18] 200 - OK - text/xml
[2020-01-21 10:15:18] ---- FROM  ::1 (WinNT)
[2020-01-21 10:15:18] ---- BROWSER:  Firefox 72.0 (Mozilla/5.0 (Windows NT 10.0; Win64; x64; rv:72.0) Gecko/20100101 Firefox/72.0)
[2020-01-21 10:15:18] 200 - OK - text/xml
[2020-01-21 10:15:18] 200 - OK - text/xml
[2020-01-21 10:15:18] 200 - OK - text/xml
[2020-01-21 10:15:19] REQUEST POST - https://localhost:8082/public/ws/Reports.asmx/Economics
[2020-01-21 10:15:19] ---- FROM  ::1 (WinNT)
[2020-01-21 10:15:19] ---- BROWSER:  Firefox 72.0 (Mozilla/5.0 (Windows NT 10.0; Win64; x64; rv:72.0) Gecko/20100101 Firefox/72.0)
[2020-01-21 10:15:19] ---- CONTENT: {data : "<?xml version='1.0' encoding='utf-8' ?><Request ID='20200121101519284'><General><Token>11111121252221224308000011333382</Token></General><Data></Data></Request>"}
[2020-01-21 10:15:24] 200 - OK - application/json
