[2019-09-05 15:05:52] REQUEST GET - https://localhost:8082/public/aspx/Home.aspx?Token=61111131252223224013000011333653&TokenApiRest=eyJ0eXAiOiJKV1QiLCJhbGciOiJIUzI1NiJ9.eyJpc3MiOiJodHRwczpcL1wvd3d3cy5kZXYteWVhcC5pdCIsImlhdCI6MTU0MjI5NDMyMSwibmJmIjoxNTQyMjk0MzIxLCJleHAiOjE1NDI4OTkxMjEsImRhdGEiOnsidXNlciI6eyJpZCI6IjQ0In19fQ.RCP5OeoGASxAyBw1MbMD4BFJAcDM5JIXqYXKBALZcJI&Logo=https://localhost:8082/scratch/pl_logo.png&Title=Business Plan Test nr. 2
[2019-09-05 15:05:52] ---- FROM  ::1 (WinNT)
[2019-09-05 15:05:52] ---- BROWSER:  Chrome 76.0 (Mozilla/5.0 (Windows NT 10.0; Win64; x64) AppleWebKit/537.36 (KHTML, like Gecko) Chrome/76.0.3809.132 Safari/537.36)
[2019-09-05 15:05:58] 302 - Found - text/html
[2019-09-05 15:05:58] REQUEST GET - https://localhost:8082/home/welcome?Token=61111131252223224013000011333653&TokenApiRest=eyJ0eXAiOiJKV1QiLCJhbGciOiJIUzI1NiJ9.eyJpc3MiOiJodHRwczpcL1wvd3d3cy5kZXYteWVhcC5pdCIsImlhdCI6MTU0MjI5NDMyMSwibmJmIjoxNTQyMjk0MzIxLCJleHAiOjE1NDI4OTkxMjEsImRhdGEiOnsidXNlciI6eyJpZCI6IjQ0In19fQ.RCP5OeoGASxAyBw1MbMD4BFJAcDM5JIXqYXKBALZcJI&Logo=https://localhost:8082/scratch/pl_logo.png&Title=Business Plan Test nr. 2
[2019-09-05 15:05:58] ---- FROM  ::1 (WinNT)
[2019-09-05 15:05:58] ---- BROWSER:  Chrome 76.0 (Mozilla/5.0 (Windows NT 10.0; Win64; x64) AppleWebKit/537.36 (KHTML, like Gecko) Chrome/76.0.3809.132 Safari/537.36)
[2019-09-05 15:05:59] 200 - OK - text/html
[2019-09-05 15:06:01] REQUEST POST - https://localhost:8082/public/ws/General.asmx/Set
[2019-09-05 15:06:01] ---- FROM  ::1 (WinNT)
[2019-09-05 15:06:01] ---- BROWSER:  Chrome 76.0 (Mozilla/5.0 (Windows NT 10.0; Win64; x64) AppleWebKit/537.36 (KHTML, like Gecko) Chrome/76.0.3809.132 Safari/537.36)
[2019-09-05 15:06:01] ---- CONTENT: {data : "<?xml version='1.0' encoding='utf-8' ?><Request ID='20190905150601186'><General><Token>61111131252223224013000011333653</Token></General><Data><Nome>Business Plan Test nr. 2</Nome><Logo>https%3A%2F%2Flocalhost%3A8082%2Fscratch%2Fpl_logo.png</Logo></Data></Request>"}
[2019-09-05 15:06:01] 200 - OK - application/json
[2019-09-05 15:06:01] REQUEST POST - https://localhost:8082/public/ws/Config.asmx/Economics_Get
[2019-09-05 15:06:01] ---- FROM  ::1 (WinNT)
[2019-09-05 15:06:01] ---- BROWSER:  Chrome 76.0 (Mozilla/5.0 (Windows NT 10.0; Win64; x64) AppleWebKit/537.36 (KHTML, like Gecko) Chrome/76.0.3809.132 Safari/537.36)
[2019-09-05 15:06:01] ---- CONTENT: {data : "<?xml version='1.0' encoding='utf-8' ?><Request ID='20190905150601831'><General><Token>61111131252223224013000011333653</Token></General><Data></Data></Request>"}
[2019-09-05 15:06:02] 200 - OK - application/json
[2019-09-05 15:06:04] REQUEST POST - https://localhost:8082/public/ws/Config.asmx/All_Get
[2019-09-05 15:06:04] ---- FROM  ::1 (WinNT)
[2019-09-05 15:06:04] ---- BROWSER:  Chrome 76.0 (Mozilla/5.0 (Windows NT 10.0; Win64; x64) AppleWebKit/537.36 (KHTML, like Gecko) Chrome/76.0.3809.132 Safari/537.36)
[2019-09-05 15:06:04] ---- CONTENT: {data : "<?xml version='1.0' encoding='utf-8' ?><Request ID='20190905150604537'><General><Token>61111131252223224013000011333653</Token></General><Data></Data></Request>"}
[2019-09-05 15:06:04] 200 - OK - application/json
[2019-09-05 15:06:05] REQUEST POST - https://localhost:8082/public/ws/Config.asmx/All_Get
[2019-09-05 15:06:05] ---- FROM  ::1 (WinNT)
[2019-09-05 15:06:05] ---- BROWSER:  Chrome 76.0 (Mozilla/5.0 (Windows NT 10.0; Win64; x64) AppleWebKit/537.36 (KHTML, like Gecko) Chrome/76.0.3809.132 Safari/537.36)
[2019-09-05 15:06:05] ---- CONTENT: {data : "<?xml version='1.0' encoding='utf-8' ?><Request ID='20190905150605264'><General><Token>61111131252223224013000011333653</Token></General><Data></Data></Request>"}
[2019-09-05 15:06:05] 200 - OK - application/json
[2019-09-05 15:06:05] REQUEST POST - https://localhost:8082/public/ws/Economics.asmx/messaggi_summary
[2019-09-05 15:06:05] ---- FROM  ::1 (WinNT)
[2019-09-05 15:06:05] ---- BROWSER:  Chrome 76.0 (Mozilla/5.0 (Windows NT 10.0; Win64; x64) AppleWebKit/537.36 (KHTML, like Gecko) Chrome/76.0.3809.132 Safari/537.36)
[2019-09-05 15:06:05] ---- CONTENT: {data : "<?xml version='1.0' encoding='utf-8' ?><Request ID='20190905150605390'><General><Token>61111131252223224013000011333653</Token></General><Data></Data></Request>"}
[2019-09-05 15:06:05] 200 - OK - application/json
[2019-09-05 15:06:05] REQUEST POST - https://localhost:8082/public/ws/Config.asmx/All_Get
[2019-09-05 15:06:05] ---- FROM  ::1 (WinNT)
[2019-09-05 15:06:05] ---- BROWSER:  Chrome 76.0 (Mozilla/5.0 (Windows NT 10.0; Win64; x64) AppleWebKit/537.36 (KHTML, like Gecko) Chrome/76.0.3809.132 Safari/537.36)
[2019-09-05 15:06:05] ---- CONTENT: {data : "<?xml version='1.0' encoding='utf-8' ?><Request ID='20190905150605572'><General><Token>61111131252223224013000011333653</Token></General><Data></Data></Request>"}
[2019-09-05 15:06:05] 200 - OK - application/json
[2019-09-05 15:06:07] REQUEST GET - https://localhost:8082/settings/settings
[2019-09-05 15:06:07] ---- FROM  ::1 (WinNT)
[2019-09-05 15:06:07] ---- BROWSER:  Chrome 76.0 (Mozilla/5.0 (Windows NT 10.0; Win64; x64) AppleWebKit/537.36 (KHTML, like Gecko) Chrome/76.0.3809.132 Safari/537.36)
[2019-09-05 15:06:07] 200 - OK - text/html
[2019-09-05 15:06:09] REQUEST POST - https://localhost:8082/public/ws/Config.asmx/General_Get
[2019-09-05 15:06:09] ---- FROM  ::1 (WinNT)
[2019-09-05 15:06:09] ---- BROWSER:  Chrome 76.0 (Mozilla/5.0 (Windows NT 10.0; Win64; x64) AppleWebKit/537.36 (KHTML, like Gecko) Chrome/76.0.3809.132 Safari/537.36)
[2019-09-05 15:06:09] ---- CONTENT: {data : "<?xml version='1.0' encoding='utf-8' ?><Request ID='20190905150609125'><General><Token>61111131252223224013000011333653</Token></General><Data></Data></Request>"}
[2019-09-05 15:06:09] 200 - OK - application/json
[2019-09-05 15:06:11] REQUEST POST - https://localhost:8082/public/ws/Config.asmx/All_Get
[2019-09-05 15:06:11] ---- FROM  ::1 (WinNT)
[2019-09-05 15:06:11] ---- BROWSER:  Chrome 76.0 (Mozilla/5.0 (Windows NT 10.0; Win64; x64) AppleWebKit/537.36 (KHTML, like Gecko) Chrome/76.0.3809.132 Safari/537.36)
[2019-09-05 15:06:11] ---- CONTENT: {data : "<?xml version='1.0' encoding='utf-8' ?><Request ID='20190905150611288'><General><Token>61111131252223224013000011333653</Token></General><Data></Data></Request>"}
[2019-09-05 15:06:11] 200 - OK - application/json
[2019-09-05 15:06:11] REQUEST POST - https://localhost:8082/public/ws/Economics.asmx/messaggi_summary
[2019-09-05 15:06:11] ---- FROM  ::1 (WinNT)
[2019-09-05 15:06:11] ---- BROWSER:  Chrome 76.0 (Mozilla/5.0 (Windows NT 10.0; Win64; x64) AppleWebKit/537.36 (KHTML, like Gecko) Chrome/76.0.3809.132 Safari/537.36)
[2019-09-05 15:06:11] ---- CONTENT: {data : "<?xml version='1.0' encoding='utf-8' ?><Request ID='20190905150611388'><General><Token>61111131252223224013000011333653</Token></General><Data></Data></Request>"}
[2019-09-05 15:06:11] 200 - OK - application/json
[2019-09-05 15:06:11] REQUEST POST - https://localhost:8082/public/ws/Config.asmx/All_Get
[2019-09-05 15:06:11] ---- FROM  ::1 (WinNT)
[2019-09-05 15:06:11] ---- BROWSER:  Chrome 76.0 (Mozilla/5.0 (Windows NT 10.0; Win64; x64) AppleWebKit/537.36 (KHTML, like Gecko) Chrome/76.0.3809.132 Safari/537.36)
[2019-09-05 15:06:11] ---- CONTENT: {data : "<?xml version='1.0' encoding='utf-8' ?><Request ID='20190905150611669'><General><Token>61111131252223224013000011333653</Token></General><Data></Data></Request>"}
[2019-09-05 15:06:11] 200 - OK - application/json
[2019-09-05 15:06:12] REQUEST POST - https://localhost:8082/public/ws/Config.asmx/All_Get
[2019-09-05 15:06:12] ---- FROM  ::1 (WinNT)
[2019-09-05 15:06:12] ---- BROWSER:  Chrome 76.0 (Mozilla/5.0 (Windows NT 10.0; Win64; x64) AppleWebKit/537.36 (KHTML, like Gecko) Chrome/76.0.3809.132 Safari/537.36)
[2019-09-05 15:06:14] ---- CONTENT: {data : "<?xml version='1.0' encoding='utf-8' ?><Request ID='2019090515061223'><General><Token>61111131252223224013000011333653</Token></General><Data></Data></Request>"}
[2019-09-05 15:06:14] REQUEST GET - https://localhost:8082/public/ws/Resources.ashx/xml-general
[2019-09-05 15:06:14] ---- FROM  ::1 (WinNT)
[2019-09-05 15:06:14] REQUEST GET - https://localhost:8082/public/ws/Resources.ashx/xml-general
[2019-09-05 15:06:14] ---- FROM  ::1 (WinNT)
[2019-09-05 15:06:14] ---- BROWSER:  Chrome 76.0 (Mozilla/5.0 (Windows NT 10.0; Win64; x64) AppleWebKit/537.36 (KHTML, like Gecko) Chrome/76.0.3809.132 Safari/537.36)
[2019-09-05 15:06:14] ---- BROWSER:  Chrome 76.0 (Mozilla/5.0 (Windows NT 10.0; Win64; x64) AppleWebKit/537.36 (KHTML, like Gecko) Chrome/76.0.3809.132 Safari/537.36)
[2019-09-05 15:06:14] 200 - OK - application/json
[2019-09-05 15:06:14] 200 - OK - text/xml
[2019-09-05 15:06:14] 200 - OK - text/xml
[2019-09-05 15:06:28] REQUEST GET - https://localhost:8082/settings/settings
[2019-09-05 15:06:28] ---- FROM  ::1 (WinNT)
[2019-09-05 15:06:28] ---- BROWSER:  Chrome 76.0 (Mozilla/5.0 (Windows NT 10.0; Win64; x64) AppleWebKit/537.36 (KHTML, like Gecko) Chrome/76.0.3809.132 Safari/537.36)
[2019-09-05 15:06:28] 200 - OK - text/html
[2019-09-05 15:06:29] REQUEST POST - https://localhost:8082/public/ws/Config.asmx/General_Get
[2019-09-05 15:06:29] ---- FROM  ::1 (WinNT)
[2019-09-05 15:06:29] ---- BROWSER:  Chrome 76.0 (Mozilla/5.0 (Windows NT 10.0; Win64; x64) AppleWebKit/537.36 (KHTML, like Gecko) Chrome/76.0.3809.132 Safari/537.36)
[2019-09-05 15:06:29] ---- CONTENT: {data : "<?xml version='1.0' encoding='utf-8' ?><Request ID='20190905150629432'><General><Token>61111131252223224013000011333653</Token></General><Data></Data></Request>"}
[2019-09-05 15:06:29] 200 - OK - application/json
[2019-09-05 15:06:29] REQUEST POST - https://localhost:8082/public/ws/Config.asmx/All_Get
[2019-09-05 15:06:29] ---- FROM  ::1 (WinNT)
[2019-09-05 15:06:29] ---- BROWSER:  Chrome 76.0 (Mozilla/5.0 (Windows NT 10.0; Win64; x64) AppleWebKit/537.36 (KHTML, like Gecko) Chrome/76.0.3809.132 Safari/537.36)
[2019-09-05 15:06:29] ---- CONTENT: {data : "<?xml version='1.0' encoding='utf-8' ?><Request ID='20190905150629490'><General><Token>61111131252223224013000011333653</Token></General><Data></Data></Request>"}
[2019-09-05 15:06:29] 200 - OK - application/json
[2019-09-05 15:06:29] REQUEST POST - https://localhost:8082/public/ws/Economics.asmx/messaggi_summary
[2019-09-05 15:06:29] ---- FROM  ::1 (WinNT)
[2019-09-05 15:06:29] ---- BROWSER:  Chrome 76.0 (Mozilla/5.0 (Windows NT 10.0; Win64; x64) AppleWebKit/537.36 (KHTML, like Gecko) Chrome/76.0.3809.132 Safari/537.36)
[2019-09-05 15:06:29] ---- CONTENT: {data : "<?xml version='1.0' encoding='utf-8' ?><Request ID='20190905150629523'><General><Token>61111131252223224013000011333653</Token></General><Data></Data></Request>"}
[2019-09-05 15:06:29] 200 - OK - application/json
[2019-09-05 15:06:29] REQUEST POST - https://localhost:8082/public/ws/Config.asmx/All_Get
[2019-09-05 15:06:29] ---- FROM  ::1 (WinNT)
[2019-09-05 15:06:29] ---- BROWSER:  Chrome 76.0 (Mozilla/5.0 (Windows NT 10.0; Win64; x64) AppleWebKit/537.36 (KHTML, like Gecko) Chrome/76.0.3809.132 Safari/537.36)
[2019-09-05 15:06:29] ---- CONTENT: {data : "<?xml version='1.0' encoding='utf-8' ?><Request ID='20190905150629680'><General><Token>61111131252223224013000011333653</Token></General><Data></Data></Request>"}
[2019-09-05 15:06:29] REQUEST GET - https://localhost:8082/public/ws/Resources.ashx/xml-general
[2019-09-05 15:06:29] ---- FROM  ::1 (WinNT)
[2019-09-05 15:06:29] ---- BROWSER:  Chrome 76.0 (Mozilla/5.0 (Windows NT 10.0; Win64; x64) AppleWebKit/537.36 (KHTML, like Gecko) Chrome/76.0.3809.132 Safari/537.36)
[2019-09-05 15:06:29] 200 - OK - text/xml
[2019-09-05 15:06:29] 200 - OK - application/json
[2019-09-05 15:06:29] REQUEST GET - https://localhost:8082/public/ws/Resources.ashx/xml-general
[2019-09-05 15:06:29] ---- FROM  ::1 (WinNT)
[2019-09-05 15:06:29] ---- BROWSER:  Chrome 76.0 (Mozilla/5.0 (Windows NT 10.0; Win64; x64) AppleWebKit/537.36 (KHTML, like Gecko) Chrome/76.0.3809.132 Safari/537.36)
[2019-09-05 15:06:29] 200 - OK - text/xml
[2019-09-05 15:06:29] REQUEST POST - https://localhost:8082/public/ws/Config.asmx/All_Get
[2019-09-05 15:06:29] ---- FROM  ::1 (WinNT)
[2019-09-05 15:06:29] ---- BROWSER:  Chrome 76.0 (Mozilla/5.0 (Windows NT 10.0; Win64; x64) AppleWebKit/537.36 (KHTML, like Gecko) Chrome/76.0.3809.132 Safari/537.36)
[2019-09-05 15:06:29] ---- CONTENT: {data : "<?xml version='1.0' encoding='utf-8' ?><Request ID='20190905150629933'><General><Token>61111131252223224013000011333653</Token></General><Data></Data></Request>"}
[2019-09-05 15:06:29] 200 - OK - application/json
[2019-09-05 15:07:54] REQUEST GET - https://localhost:8082/public/aspx/Home.aspx?Token=61111131252223224013000011333653&TokenApiRest=eyJ0eXAiOiJKV1QiLCJhbGciOiJIUzI1NiJ9.eyJpc3MiOiJodHRwczpcL1wvd3d3cy5kZXYteWVhcC5pdCIsImlhdCI6MTU0MjI5NDMyMSwibmJmIjoxNTQyMjk0MzIxLCJleHAiOjE1NDI4OTkxMjEsImRhdGEiOnsidXNlciI6eyJpZCI6IjQ0In19fQ.RCP5OeoGASxAyBw1MbMD4BFJAcDM5JIXqYXKBALZcJI&Logo=https://localhost:8082/scratch/pl_logo.png&Title=Business Plan Test nr. 2
[2019-09-05 15:07:54] ---- FROM  ::1 (WinNT)
[2019-09-05 15:07:54] ---- BROWSER:  Chrome 76.0 (Mozilla/5.0 (Windows NT 10.0; Win64; x64) AppleWebKit/537.36 (KHTML, like Gecko) Chrome/76.0.3809.132 Safari/537.36)
[2019-09-05 15:07:54] 302 - Found - text/html
[2019-09-05 15:07:54] REQUEST GET - https://localhost:8082/home/welcome?Token=61111131252223224013000011333653&TokenApiRest=eyJ0eXAiOiJKV1QiLCJhbGciOiJIUzI1NiJ9.eyJpc3MiOiJodHRwczpcL1wvd3d3cy5kZXYteWVhcC5pdCIsImlhdCI6MTU0MjI5NDMyMSwibmJmIjoxNTQyMjk0MzIxLCJleHAiOjE1NDI4OTkxMjEsImRhdGEiOnsidXNlciI6eyJpZCI6IjQ0In19fQ.RCP5OeoGASxAyBw1MbMD4BFJAcDM5JIXqYXKBALZcJI&Logo=https://localhost:8082/scratch/pl_logo.png&Title=Business Plan Test nr. 2
[2019-09-05 15:07:54] ---- FROM  ::1 (WinNT)
[2019-09-05 15:07:54] ---- BROWSER:  Chrome 76.0 (Mozilla/5.0 (Windows NT 10.0; Win64; x64) AppleWebKit/537.36 (KHTML, like Gecko) Chrome/76.0.3809.132 Safari/537.36)
[2019-09-05 15:07:54] 200 - OK - text/html
[2019-09-05 15:07:55] REQUEST POST - https://localhost:8082/public/ws/General.asmx/Set
[2019-09-05 15:07:55] ---- FROM  ::1 (WinNT)
[2019-09-05 15:07:55] ---- BROWSER:  Chrome 76.0 (Mozilla/5.0 (Windows NT 10.0; Win64; x64) AppleWebKit/537.36 (KHTML, like Gecko) Chrome/76.0.3809.132 Safari/537.36)
[2019-09-05 15:07:55] ---- CONTENT: {data : "<?xml version='1.0' encoding='utf-8' ?><Request ID='20190905150755912'><General><Token>61111131252223224013000011333653</Token></General><Data><Nome>Business Plan Test nr. 2</Nome><Logo>https%3A%2F%2Flocalhost%3A8082%2Fscratch%2Fpl_logo.png</Logo></Data></Request>"}
[2019-09-05 15:07:55] 200 - OK - application/json
[2019-09-05 15:07:55] REQUEST POST - https://localhost:8082/public/ws/Config.asmx/Economics_Get
[2019-09-05 15:07:55] ---- FROM  ::1 (WinNT)
[2019-09-05 15:07:55] ---- BROWSER:  Chrome 76.0 (Mozilla/5.0 (Windows NT 10.0; Win64; x64) AppleWebKit/537.36 (KHTML, like Gecko) Chrome/76.0.3809.132 Safari/537.36)
[2019-09-05 15:07:55] ---- CONTENT: {data : "<?xml version='1.0' encoding='utf-8' ?><Request ID='20190905150755956'><General><Token>61111131252223224013000011333653</Token></General><Data></Data></Request>"}
[2019-09-05 15:07:55] 200 - OK - application/json
[2019-09-05 15:07:57] REQUEST POST - https://localhost:8082/public/ws/Config.asmx/All_Get
[2019-09-05 15:07:57] ---- FROM  ::1 (WinNT)
[2019-09-05 15:07:57] ---- BROWSER:  Chrome 76.0 (Mozilla/5.0 (Windows NT 10.0; Win64; x64) AppleWebKit/537.36 (KHTML, like Gecko) Chrome/76.0.3809.132 Safari/537.36)
[2019-09-05 15:07:57] ---- CONTENT: {data : "<?xml version='1.0' encoding='utf-8' ?><Request ID='20190905150757805'><General><Token>61111131252223224013000011333653</Token></General><Data></Data></Request>"}
[2019-09-05 15:07:57] 200 - OK - application/json
[2019-09-05 15:07:58] REQUEST POST - https://localhost:8082/public/ws/Economics.asmx/messaggi_summary
[2019-09-05 15:07:58] ---- FROM  ::1 (WinNT)
[2019-09-05 15:07:58] ---- BROWSER:  Chrome 76.0 (Mozilla/5.0 (Windows NT 10.0; Win64; x64) AppleWebKit/537.36 (KHTML, like Gecko) Chrome/76.0.3809.132 Safari/537.36)
[2019-09-05 15:07:58] ---- CONTENT: {data : "<?xml version='1.0' encoding='utf-8' ?><Request ID='20190905150758604'><General><Token>61111131252223224013000011333653</Token></General><Data></Data></Request>"}
[2019-09-05 15:07:58] REQUEST POST - https://localhost:8082/public/ws/Config.asmx/All_Get
[2019-09-05 15:07:58] ---- FROM  ::1 (WinNT)
[2019-09-05 15:07:58] ---- BROWSER:  Chrome 76.0 (Mozilla/5.0 (Windows NT 10.0; Win64; x64) AppleWebKit/537.36 (KHTML, like Gecko) Chrome/76.0.3809.132 Safari/537.36)
[2019-09-05 15:07:58] ---- CONTENT: {data : "<?xml version='1.0' encoding='utf-8' ?><Request ID='20190905150758818'><General><Token>61111131252223224013000011333653</Token></General><Data></Data></Request>"}
[2019-09-05 15:07:58] 200 - OK - application/json
[2019-09-05 15:07:58] 200 - OK - application/json
[2019-09-05 15:07:58] REQUEST POST - https://localhost:8082/public/ws/Config.asmx/All_Get
[2019-09-05 15:07:58] ---- FROM  ::1 (WinNT)
[2019-09-05 15:07:58] ---- BROWSER:  Chrome 76.0 (Mozilla/5.0 (Windows NT 10.0; Win64; x64) AppleWebKit/537.36 (KHTML, like Gecko) Chrome/76.0.3809.132 Safari/537.36)
[2019-09-05 15:07:58] ---- CONTENT: {data : "<?xml version='1.0' encoding='utf-8' ?><Request ID='20190905150758926'><General><Token>61111131252223224013000011333653</Token></General><Data></Data></Request>"}
[2019-09-05 15:07:58] 200 - OK - application/json
[2019-09-05 15:08:04] REQUEST GET - https://localhost:8082/settings/settings
[2019-09-05 15:08:04] ---- FROM  ::1 (WinNT)
[2019-09-05 15:08:04] ---- BROWSER:  Chrome 76.0 (Mozilla/5.0 (Windows NT 10.0; Win64; x64) AppleWebKit/537.36 (KHTML, like Gecko) Chrome/76.0.3809.132 Safari/537.36)
[2019-09-05 15:08:04] 200 - OK - text/html
[2019-09-05 15:08:06] REQUEST POST - https://localhost:8082/public/ws/Config.asmx/General_Get
[2019-09-05 15:08:06] ---- FROM  ::1 (WinNT)
[2019-09-05 15:08:06] ---- BROWSER:  Chrome 76.0 (Mozilla/5.0 (Windows NT 10.0; Win64; x64) AppleWebKit/537.36 (KHTML, like Gecko) Chrome/76.0.3809.132 Safari/537.36)
[2019-09-05 15:08:06] ---- CONTENT: {data : "<?xml version='1.0' encoding='utf-8' ?><Request ID='20190905150806128'><General><Token>61111131252223224013000011333653</Token></General><Data></Data></Request>"}
[2019-09-05 15:08:06] 200 - OK - application/json
[2019-09-05 15:08:08] REQUEST POST - https://localhost:8082/public/ws/Config.asmx/All_Get
[2019-09-05 15:08:08] ---- FROM  ::1 (WinNT)
[2019-09-05 15:08:08] ---- BROWSER:  Chrome 76.0 (Mozilla/5.0 (Windows NT 10.0; Win64; x64) AppleWebKit/537.36 (KHTML, like Gecko) Chrome/76.0.3809.132 Safari/537.36)
[2019-09-05 15:08:08] ---- CONTENT: {data : "<?xml version='1.0' encoding='utf-8' ?><Request ID='20190905150808280'><General><Token>61111131252223224013000011333653</Token></General><Data></Data></Request>"}
[2019-09-05 15:08:08] 200 - OK - application/json
[2019-09-05 15:08:08] REQUEST POST - https://localhost:8082/public/ws/Economics.asmx/messaggi_summary
[2019-09-05 15:08:08] ---- FROM  ::1 (WinNT)
[2019-09-05 15:08:08] ---- BROWSER:  Chrome 76.0 (Mozilla/5.0 (Windows NT 10.0; Win64; x64) AppleWebKit/537.36 (KHTML, like Gecko) Chrome/76.0.3809.132 Safari/537.36)
[2019-09-05 15:08:08] ---- CONTENT: {data : "<?xml version='1.0' encoding='utf-8' ?><Request ID='20190905150808377'><General><Token>61111131252223224013000011333653</Token></General><Data></Data></Request>"}
[2019-09-05 15:08:08] 200 - OK - application/json
[2019-09-05 15:08:08] REQUEST POST - https://localhost:8082/public/ws/Config.asmx/All_Get
[2019-09-05 15:08:08] ---- FROM  ::1 (WinNT)
[2019-09-05 15:08:08] ---- BROWSER:  Chrome 76.0 (Mozilla/5.0 (Windows NT 10.0; Win64; x64) AppleWebKit/537.36 (KHTML, like Gecko) Chrome/76.0.3809.132 Safari/537.36)
[2019-09-05 15:08:08] ---- CONTENT: {data : "<?xml version='1.0' encoding='utf-8' ?><Request ID='20190905150808479'><General><Token>61111131252223224013000011333653</Token></General><Data></Data></Request>"}
[2019-09-05 15:08:08] 200 - OK - application/json
[2019-09-05 15:08:08] REQUEST POST - https://localhost:8082/public/ws/Config.asmx/All_Get
[2019-09-05 15:08:08] ---- FROM  ::1 (WinNT)
[2019-09-05 15:08:10] ---- BROWSER:  Chrome 76.0 (Mozilla/5.0 (Windows NT 10.0; Win64; x64) AppleWebKit/537.36 (KHTML, like Gecko) Chrome/76.0.3809.132 Safari/537.36)
[2019-09-05 15:08:10] ---- CONTENT: {data : "<?xml version='1.0' encoding='utf-8' ?><Request ID='20190905150808681'><General><Token>61111131252223224013000011333653</Token></General><Data></Data></Request>"}
[2019-09-05 15:08:10] REQUEST GET - https://localhost:8082/public/ws/Resources.ashx/xml-general
[2019-09-05 15:08:10] ---- FROM  ::1 (WinNT)
[2019-09-05 15:08:10] REQUEST GET - https://localhost:8082/public/ws/Resources.ashx/xml-general
[2019-09-05 15:08:10] ---- FROM  ::1 (WinNT)
[2019-09-05 15:08:10] ---- BROWSER:  Chrome 76.0 (Mozilla/5.0 (Windows NT 10.0; Win64; x64) AppleWebKit/537.36 (KHTML, like Gecko) Chrome/76.0.3809.132 Safari/537.36)
[2019-09-05 15:08:10] 200 - OK - text/xml
[2019-09-05 15:08:10] ---- BROWSER:  Chrome 76.0 (Mozilla/5.0 (Windows NT 10.0; Win64; x64) AppleWebKit/537.36 (KHTML, like Gecko) Chrome/76.0.3809.132 Safari/537.36)
[2019-09-05 15:08:10] 200 - OK - application/json
[2019-09-05 15:08:10] 200 - OK - text/xml
[2019-09-05 15:09:15] REQUEST GET - https://localhost:8082/public/aspx/Home.aspx?Token=61111131252223224013000011333653&TokenApiRest=eyJ0eXAiOiJKV1QiLCJhbGciOiJIUzI1NiJ9.eyJpc3MiOiJodHRwczpcL1wvd3d3cy5kZXYteWVhcC5pdCIsImlhdCI6MTU0MjI5NDMyMSwibmJmIjoxNTQyMjk0MzIxLCJleHAiOjE1NDI4OTkxMjEsImRhdGEiOnsidXNlciI6eyJpZCI6IjQ0In19fQ.RCP5OeoGASxAyBw1MbMD4BFJAcDM5JIXqYXKBALZcJI&Logo=https://localhost:8082/scratch/pl_logo.png&Title=Business Plan Test nr. 2
[2019-09-05 15:09:15] ---- FROM  ::1 (WinNT)
[2019-09-05 15:09:15] ---- BROWSER:  Chrome 76.0 (Mozilla/5.0 (Windows NT 10.0; Win64; x64) AppleWebKit/537.36 (KHTML, like Gecko) Chrome/76.0.3809.132 Safari/537.36)
[2019-09-05 15:09:15] 302 - Found - text/html
[2019-09-05 15:09:15] REQUEST GET - https://localhost:8082/home/welcome?Token=61111131252223224013000011333653&TokenApiRest=eyJ0eXAiOiJKV1QiLCJhbGciOiJIUzI1NiJ9.eyJpc3MiOiJodHRwczpcL1wvd3d3cy5kZXYteWVhcC5pdCIsImlhdCI6MTU0MjI5NDMyMSwibmJmIjoxNTQyMjk0MzIxLCJleHAiOjE1NDI4OTkxMjEsImRhdGEiOnsidXNlciI6eyJpZCI6IjQ0In19fQ.RCP5OeoGASxAyBw1MbMD4BFJAcDM5JIXqYXKBALZcJI&Logo=https://localhost:8082/scratch/pl_logo.png&Title=Business Plan Test nr. 2
[2019-09-05 15:09:15] ---- FROM  ::1 (WinNT)
[2019-09-05 15:09:15] ---- BROWSER:  Chrome 76.0 (Mozilla/5.0 (Windows NT 10.0; Win64; x64) AppleWebKit/537.36 (KHTML, like Gecko) Chrome/76.0.3809.132 Safari/537.36)
[2019-09-05 15:09:15] 200 - OK - text/html
[2019-09-05 15:09:17] REQUEST POST - https://localhost:8082/public/ws/General.asmx/Set
[2019-09-05 15:09:17] ---- FROM  ::1 (WinNT)
[2019-09-05 15:09:17] ---- BROWSER:  Chrome 76.0 (Mozilla/5.0 (Windows NT 10.0; Win64; x64) AppleWebKit/537.36 (KHTML, like Gecko) Chrome/76.0.3809.132 Safari/537.36)
[2019-09-05 15:09:17] ---- CONTENT: {data : "<?xml version='1.0' encoding='utf-8' ?><Request ID='20190905150917185'><General><Token>61111131252223224013000011333653</Token></General><Data><Nome>Business Plan Test nr. 2</Nome><Logo>https%3A%2F%2Flocalhost%3A8082%2Fscratch%2Fpl_logo.png</Logo></Data></Request>"}
[2019-09-05 15:09:17] 200 - OK - application/json
[2019-09-05 15:09:17] REQUEST POST - https://localhost:8082/public/ws/Config.asmx/Economics_Get
[2019-09-05 15:09:17] ---- FROM  ::1 (WinNT)
[2019-09-05 15:09:17] ---- BROWSER:  Chrome 76.0 (Mozilla/5.0 (Windows NT 10.0; Win64; x64) AppleWebKit/537.36 (KHTML, like Gecko) Chrome/76.0.3809.132 Safari/537.36)
[2019-09-05 15:09:17] ---- CONTENT: {data : "<?xml version='1.0' encoding='utf-8' ?><Request ID='20190905150917218'><General><Token>61111131252223224013000011333653</Token></General><Data></Data></Request>"}
[2019-09-05 15:09:17] 200 - OK - application/json
[2019-09-05 15:09:19] REQUEST POST - https://localhost:8082/public/ws/Config.asmx/All_Get
[2019-09-05 15:09:19] ---- FROM  ::1 (WinNT)
[2019-09-05 15:09:19] ---- BROWSER:  Chrome 76.0 (Mozilla/5.0 (Windows NT 10.0; Win64; x64) AppleWebKit/537.36 (KHTML, like Gecko) Chrome/76.0.3809.132 Safari/537.36)
[2019-09-05 15:09:19] ---- CONTENT: {data : "<?xml version='1.0' encoding='utf-8' ?><Request ID='2019090515091955'><General><Token>61111131252223224013000011333653</Token></General><Data></Data></Request>"}
[2019-09-05 15:09:19] 200 - OK - application/json
[2019-09-05 15:09:19] REQUEST POST - https://localhost:8082/public/ws/Economics.asmx/messaggi_summary
[2019-09-05 15:09:19] ---- FROM  ::1 (WinNT)
[2019-09-05 15:09:19] ---- BROWSER:  Chrome 76.0 (Mozilla/5.0 (Windows NT 10.0; Win64; x64) AppleWebKit/537.36 (KHTML, like Gecko) Chrome/76.0.3809.132 Safari/537.36)
[2019-09-05 15:09:19] ---- CONTENT: {data : "<?xml version='1.0' encoding='utf-8' ?><Request ID='20190905150919221'><General><Token>61111131252223224013000011333653</Token></General><Data></Data></Request>"}
[2019-09-05 15:09:19] 200 - OK - application/json
[2019-09-05 15:09:19] REQUEST POST - https://localhost:8082/public/ws/Config.asmx/All_Get
[2019-09-05 15:09:19] ---- FROM  ::1 (WinNT)
[2019-09-05 15:09:19] ---- BROWSER:  Chrome 76.0 (Mozilla/5.0 (Windows NT 10.0; Win64; x64) AppleWebKit/537.36 (KHTML, like Gecko) Chrome/76.0.3809.132 Safari/537.36)
[2019-09-05 15:09:19] REQUEST POST - https://localhost:8082/public/ws/Config.asmx/All_Get
[2019-09-05 15:09:19] ---- FROM  ::1 (WinNT)
[2019-09-05 15:09:19] ---- CONTENT: {data : "<?xml version='1.0' encoding='utf-8' ?><Request ID='20190905150919413'><General><Token>61111131252223224013000011333653</Token></General><Data></Data></Request>"}
[2019-09-05 15:09:19] ---- BROWSER:  Chrome 76.0 (Mozilla/5.0 (Windows NT 10.0; Win64; x64) AppleWebKit/537.36 (KHTML, like Gecko) Chrome/76.0.3809.132 Safari/537.36)
[2019-09-05 15:09:19] ---- CONTENT: {data : "<?xml version='1.0' encoding='utf-8' ?><Request ID='20190905150919519'><General><Token>61111131252223224013000011333653</Token></General><Data></Data></Request>"}
[2019-09-05 15:09:19] 200 - OK - application/json
[2019-09-05 15:09:19] 200 - OK - application/json
[2019-09-05 15:09:22] REQUEST GET - https://localhost:8082/settings/settings
[2019-09-05 15:09:22] ---- FROM  ::1 (WinNT)
[2019-09-05 15:09:22] ---- BROWSER:  Chrome 76.0 (Mozilla/5.0 (Windows NT 10.0; Win64; x64) AppleWebKit/537.36 (KHTML, like Gecko) Chrome/76.0.3809.132 Safari/537.36)
[2019-09-05 15:09:22] 200 - OK - text/html
[2019-09-05 15:09:23] REQUEST POST - https://localhost:8082/public/ws/Config.asmx/General_Get
[2019-09-05 15:09:23] ---- FROM  ::1 (WinNT)
[2019-09-05 15:09:23] ---- BROWSER:  Chrome 76.0 (Mozilla/5.0 (Windows NT 10.0; Win64; x64) AppleWebKit/537.36 (KHTML, like Gecko) Chrome/76.0.3809.132 Safari/537.36)
[2019-09-05 15:09:23] ---- CONTENT: {data : "<?xml version='1.0' encoding='utf-8' ?><Request ID='20190905150923165'><General><Token>61111131252223224013000011333653</Token></General><Data></Data></Request>"}
[2019-09-05 15:09:23] 200 - OK - application/json
[2019-09-05 15:09:23] REQUEST POST - https://localhost:8082/public/ws/Config.asmx/All_Get
[2019-09-05 15:09:23] ---- FROM  ::1 (WinNT)
[2019-09-05 15:09:23] ---- BROWSER:  Chrome 76.0 (Mozilla/5.0 (Windows NT 10.0; Win64; x64) AppleWebKit/537.36 (KHTML, like Gecko) Chrome/76.0.3809.132 Safari/537.36)
[2019-09-05 15:09:23] ---- CONTENT: {data : "<?xml version='1.0' encoding='utf-8' ?><Request ID='20190905150923226'><General><Token>61111131252223224013000011333653</Token></General><Data></Data></Request>"}
[2019-09-05 15:09:23] 200 - OK - application/json
[2019-09-05 15:09:23] REQUEST POST - https://localhost:8082/public/ws/Economics.asmx/messaggi_summary
[2019-09-05 15:09:23] ---- FROM  ::1 (WinNT)
[2019-09-05 15:09:23] ---- BROWSER:  Chrome 76.0 (Mozilla/5.0 (Windows NT 10.0; Win64; x64) AppleWebKit/537.36 (KHTML, like Gecko) Chrome/76.0.3809.132 Safari/537.36)
[2019-09-05 15:09:23] ---- CONTENT: {data : "<?xml version='1.0' encoding='utf-8' ?><Request ID='20190905150923252'><General><Token>61111131252223224013000011333653</Token></General><Data></Data></Request>"}
[2019-09-05 15:09:23] 200 - OK - application/json
[2019-09-05 15:09:23] REQUEST POST - https://localhost:8082/public/ws/Config.asmx/All_Get
[2019-09-05 15:09:23] ---- FROM  ::1 (WinNT)
[2019-09-05 15:09:23] ---- BROWSER:  Chrome 76.0 (Mozilla/5.0 (Windows NT 10.0; Win64; x64) AppleWebKit/537.36 (KHTML, like Gecko) Chrome/76.0.3809.132 Safari/537.36)
[2019-09-05 15:09:23] ---- CONTENT: {data : "<?xml version='1.0' encoding='utf-8' ?><Request ID='20190905150923403'><General><Token>61111131252223224013000011333653</Token></General><Data></Data></Request>"}
[2019-09-05 15:09:23] REQUEST GET - https://localhost:8082/public/ws/Resources.ashx/xml-general
[2019-09-05 15:09:23] ---- FROM  ::1 (WinNT)
[2019-09-05 15:09:23] ---- BROWSER:  Chrome 76.0 (Mozilla/5.0 (Windows NT 10.0; Win64; x64) AppleWebKit/537.36 (KHTML, like Gecko) Chrome/76.0.3809.132 Safari/537.36)
[2019-09-05 15:09:23] 200 - OK - text/xml
[2019-09-05 15:09:23] 200 - OK - application/json
[2019-09-05 15:09:23] REQUEST GET - https://localhost:8082/public/ws/Resources.ashx/xml-general
[2019-09-05 15:09:23] ---- FROM  ::1 (WinNT)
[2019-09-05 15:09:23] ---- BROWSER:  Chrome 76.0 (Mozilla/5.0 (Windows NT 10.0; Win64; x64) AppleWebKit/537.36 (KHTML, like Gecko) Chrome/76.0.3809.132 Safari/537.36)
[2019-09-05 15:09:23] 200 - OK - text/xml
[2019-09-05 15:09:23] REQUEST POST - https://localhost:8082/public/ws/Config.asmx/All_Get
[2019-09-05 15:09:23] ---- FROM  ::1 (WinNT)
[2019-09-05 15:09:23] ---- BROWSER:  Chrome 76.0 (Mozilla/5.0 (Windows NT 10.0; Win64; x64) AppleWebKit/537.36 (KHTML, like Gecko) Chrome/76.0.3809.132 Safari/537.36)
[2019-09-05 15:09:23] ---- CONTENT: {data : "<?xml version='1.0' encoding='utf-8' ?><Request ID='20190905150923936'><General><Token>61111131252223224013000011333653</Token></General><Data></Data></Request>"}
[2019-09-05 15:09:23] 200 - OK - application/json
[2019-09-05 15:10:19] REQUEST GET - https://localhost:8082/public/aspx/Home.aspx?Token=61111131252223224013000011333653&TokenApiRest=eyJ0eXAiOiJKV1QiLCJhbGciOiJIUzI1NiJ9.eyJpc3MiOiJodHRwczpcL1wvd3d3cy5kZXYteWVhcC5pdCIsImlhdCI6MTU0MjI5NDMyMSwibmJmIjoxNTQyMjk0MzIxLCJleHAiOjE1NDI4OTkxMjEsImRhdGEiOnsidXNlciI6eyJpZCI6IjQ0In19fQ.RCP5OeoGASxAyBw1MbMD4BFJAcDM5JIXqYXKBALZcJI&Logo=https://localhost:8082/scratch/pl_logo.png&Title=Business Plan Test nr. 2
[2019-09-05 15:10:19] ---- FROM  ::1 (WinNT)
[2019-09-05 15:10:19] ---- BROWSER:  Chrome 76.0 (Mozilla/5.0 (Windows NT 10.0; Win64; x64) AppleWebKit/537.36 (KHTML, like Gecko) Chrome/76.0.3809.132 Safari/537.36)
[2019-09-05 15:10:19] 302 - Found - text/html
[2019-09-05 15:10:19] REQUEST GET - https://localhost:8082/home/welcome?Token=61111131252223224013000011333653&TokenApiRest=eyJ0eXAiOiJKV1QiLCJhbGciOiJIUzI1NiJ9.eyJpc3MiOiJodHRwczpcL1wvd3d3cy5kZXYteWVhcC5pdCIsImlhdCI6MTU0MjI5NDMyMSwibmJmIjoxNTQyMjk0MzIxLCJleHAiOjE1NDI4OTkxMjEsImRhdGEiOnsidXNlciI6eyJpZCI6IjQ0In19fQ.RCP5OeoGASxAyBw1MbMD4BFJAcDM5JIXqYXKBALZcJI&Logo=https://localhost:8082/scratch/pl_logo.png&Title=Business Plan Test nr. 2
[2019-09-05 15:10:19] ---- FROM  ::1 (WinNT)
[2019-09-05 15:10:19] ---- BROWSER:  Chrome 76.0 (Mozilla/5.0 (Windows NT 10.0; Win64; x64) AppleWebKit/537.36 (KHTML, like Gecko) Chrome/76.0.3809.132 Safari/537.36)
[2019-09-05 15:10:20] 200 - OK - text/html
[2019-09-05 15:10:23] REQUEST POST - https://localhost:8082/public/ws/General.asmx/Set
[2019-09-05 15:10:23] ---- FROM  ::1 (WinNT)
[2019-09-05 15:10:23] ---- BROWSER:  Chrome 76.0 (Mozilla/5.0 (Windows NT 10.0; Win64; x64) AppleWebKit/537.36 (KHTML, like Gecko) Chrome/76.0.3809.132 Safari/537.36)
[2019-09-05 15:10:23] ---- CONTENT: {data : "<?xml version='1.0' encoding='utf-8' ?><Request ID='20190905151023692'><General><Token>61111131252223224013000011333653</Token></General><Data><Nome>Business Plan Test nr. 2</Nome><Logo>https%3A%2F%2Flocalhost%3A8082%2Fscratch%2Fpl_logo.png</Logo></Data></Request>"}
[2019-09-05 15:10:23] 200 - OK - application/json
[2019-09-05 15:10:23] REQUEST POST - https://localhost:8082/public/ws/Config.asmx/Economics_Get
[2019-09-05 15:10:23] ---- FROM  ::1 (WinNT)
[2019-09-05 15:10:23] ---- BROWSER:  Chrome 76.0 (Mozilla/5.0 (Windows NT 10.0; Win64; x64) AppleWebKit/537.36 (KHTML, like Gecko) Chrome/76.0.3809.132 Safari/537.36)
[2019-09-05 15:10:23] ---- CONTENT: {data : "<?xml version='1.0' encoding='utf-8' ?><Request ID='20190905151023791'><General><Token>61111131252223224013000011333653</Token></General><Data></Data></Request>"}
[2019-09-05 15:10:23] 200 - OK - application/json
[2019-09-05 15:10:25] REQUEST POST - https://localhost:8082/public/ws/Config.asmx/All_Get
[2019-09-05 15:10:25] ---- FROM  ::1 (WinNT)
[2019-09-05 15:10:25] ---- BROWSER:  Chrome 76.0 (Mozilla/5.0 (Windows NT 10.0; Win64; x64) AppleWebKit/537.36 (KHTML, like Gecko) Chrome/76.0.3809.132 Safari/537.36)
[2019-09-05 15:10:25] ---- CONTENT: {data : "<?xml version='1.0' encoding='utf-8' ?><Request ID='20190905151025664'><General><Token>61111131252223224013000011333653</Token></General><Data></Data></Request>"}
[2019-09-05 15:10:25] 200 - OK - application/json
[2019-09-05 15:10:25] REQUEST POST - https://localhost:8082/public/ws/Config.asmx/All_Get
[2019-09-05 15:10:25] ---- FROM  ::1 (WinNT)
[2019-09-05 15:10:25] ---- BROWSER:  Chrome 76.0 (Mozilla/5.0 (Windows NT 10.0; Win64; x64) AppleWebKit/537.36 (KHTML, like Gecko) Chrome/76.0.3809.132 Safari/537.36)
[2019-09-05 15:10:25] ---- CONTENT: {data : "<?xml version='1.0' encoding='utf-8' ?><Request ID='20190905151025822'><General><Token>61111131252223224013000011333653</Token></General><Data></Data></Request>"}
[2019-09-05 15:10:25] 200 - OK - application/json
[2019-09-05 15:10:27] REQUEST POST - https://localhost:8082/public/ws/Economics.asmx/messaggi_summary
[2019-09-05 15:10:27] ---- FROM  ::1 (WinNT)
[2019-09-05 15:10:27] ---- BROWSER:  Chrome 76.0 (Mozilla/5.0 (Windows NT 10.0; Win64; x64) AppleWebKit/537.36 (KHTML, like Gecko) Chrome/76.0.3809.132 Safari/537.36)
[2019-09-05 15:10:27] ---- CONTENT: {data : "<?xml version='1.0' encoding='utf-8' ?><Request ID='20190905151027670'><General><Token>61111131252223224013000011333653</Token></General><Data></Data></Request>"}
[2019-09-05 15:10:27] 200 - OK - application/json
[2019-09-05 15:10:27] REQUEST POST - https://localhost:8082/public/ws/Config.asmx/All_Get
[2019-09-05 15:10:27] ---- FROM  ::1 (WinNT)
[2019-09-05 15:10:27] ---- BROWSER:  Chrome 76.0 (Mozilla/5.0 (Windows NT 10.0; Win64; x64) AppleWebKit/537.36 (KHTML, like Gecko) Chrome/76.0.3809.132 Safari/537.36)
[2019-09-05 15:10:27] ---- CONTENT: {data : "<?xml version='1.0' encoding='utf-8' ?><Request ID='20190905151027724'><General><Token>61111131252223224013000011333653</Token></General><Data></Data></Request>"}
[2019-09-05 15:10:27] 200 - OK - application/json
[2019-09-05 15:10:31] REQUEST GET - https://localhost:8082/settings/settings
[2019-09-05 15:10:31] ---- FROM  ::1 (WinNT)
[2019-09-05 15:10:31] ---- BROWSER:  Chrome 76.0 (Mozilla/5.0 (Windows NT 10.0; Win64; x64) AppleWebKit/537.36 (KHTML, like Gecko) Chrome/76.0.3809.132 Safari/537.36)
[2019-09-05 15:10:32] 200 - OK - text/html
[2019-09-05 15:10:32] REQUEST POST - https://localhost:8082/public/ws/Config.asmx/General_Get
[2019-09-05 15:10:32] ---- FROM  ::1 (WinNT)
[2019-09-05 15:10:32] ---- BROWSER:  Chrome 76.0 (Mozilla/5.0 (Windows NT 10.0; Win64; x64) AppleWebKit/537.36 (KHTML, like Gecko) Chrome/76.0.3809.132 Safari/537.36)
[2019-09-05 15:10:32] ---- CONTENT: {data : "<?xml version='1.0' encoding='utf-8' ?><Request ID='20190905151032752'><General><Token>61111131252223224013000011333653</Token></General><Data></Data></Request>"}
[2019-09-05 15:10:32] 200 - OK - application/json
[2019-09-05 15:10:32] REQUEST POST - https://localhost:8082/public/ws/Config.asmx/All_Get
[2019-09-05 15:10:32] ---- FROM  ::1 (WinNT)
[2019-09-05 15:10:32] ---- BROWSER:  Chrome 76.0 (Mozilla/5.0 (Windows NT 10.0; Win64; x64) AppleWebKit/537.36 (KHTML, like Gecko) Chrome/76.0.3809.132 Safari/537.36)
[2019-09-05 15:10:32] ---- CONTENT: {data : "<?xml version='1.0' encoding='utf-8' ?><Request ID='20190905151032844'><General><Token>61111131252223224013000011333653</Token></General><Data></Data></Request>"}
[2019-09-05 15:10:32] 200 - OK - application/json
[2019-09-05 15:10:32] REQUEST POST - https://localhost:8082/public/ws/Economics.asmx/messaggi_summary
[2019-09-05 15:10:32] ---- FROM  ::1 (WinNT)
[2019-09-05 15:10:33] ---- BROWSER:  Chrome 76.0 (Mozilla/5.0 (Windows NT 10.0; Win64; x64) AppleWebKit/537.36 (KHTML, like Gecko) Chrome/76.0.3809.132 Safari/537.36)
[2019-09-05 15:10:33] ---- CONTENT: {data : "<?xml version='1.0' encoding='utf-8' ?><Request ID='20190905151032899'><General><Token>61111131252223224013000011333653</Token></General><Data></Data></Request>"}
[2019-09-05 15:10:33] 200 - OK - application/json
[2019-09-05 15:10:33] REQUEST POST - https://localhost:8082/public/ws/Config.asmx/All_Get
[2019-09-05 15:10:33] ---- FROM  ::1 (WinNT)
[2019-09-05 15:10:33] ---- BROWSER:  Chrome 76.0 (Mozilla/5.0 (Windows NT 10.0; Win64; x64) AppleWebKit/537.36 (KHTML, like Gecko) Chrome/76.0.3809.132 Safari/537.36)
[2019-09-05 15:10:33] ---- CONTENT: {data : "<?xml version='1.0' encoding='utf-8' ?><Request ID='2019090515103370'><General><Token>61111131252223224013000011333653</Token></General><Data></Data></Request>"}
[2019-09-05 15:10:33] 200 - OK - application/json
[2019-09-05 15:10:33] REQUEST POST - https://localhost:8082/public/ws/Config.asmx/All_Get
[2019-09-05 15:10:33] ---- FROM  ::1 (WinNT)
[2019-09-05 15:10:33] ---- BROWSER:  Chrome 76.0 (Mozilla/5.0 (Windows NT 10.0; Win64; x64) AppleWebKit/537.36 (KHTML, like Gecko) Chrome/76.0.3809.132 Safari/537.36)
[2019-09-05 15:10:33] ---- CONTENT: {data : "<?xml version='1.0' encoding='utf-8' ?><Request ID='20190905151033171'><General><Token>61111131252223224013000011333653</Token></General><Data></Data></Request>"}
[2019-09-05 15:10:33] 200 - OK - application/json
[2019-09-05 15:10:33] REQUEST GET - https://localhost:8082/public/ws/Resources.ashx/xml-general
[2019-09-05 15:10:33] ---- FROM  ::1 (WinNT)
[2019-09-05 15:10:33] ---- BROWSER:  Chrome 76.0 (Mozilla/5.0 (Windows NT 10.0; Win64; x64) AppleWebKit/537.36 (KHTML, like Gecko) Chrome/76.0.3809.132 Safari/537.36)
[2019-09-05 15:10:33] 200 - OK - text/xml
[2019-09-05 15:10:33] REQUEST GET - https://localhost:8082/public/ws/Resources.ashx/xml-general
[2019-09-05 15:10:33] ---- FROM  ::1 (WinNT)
[2019-09-05 15:10:33] ---- BROWSER:  Chrome 76.0 (Mozilla/5.0 (Windows NT 10.0; Win64; x64) AppleWebKit/537.36 (KHTML, like Gecko) Chrome/76.0.3809.132 Safari/537.36)
[2019-09-05 15:10:33] 200 - OK - text/xml
[2019-09-05 15:11:11] REQUEST GET - https://localhost:8082/public/aspx/Home.aspx?Token=61111131252223224013000011333653&TokenApiRest=eyJ0eXAiOiJKV1QiLCJhbGciOiJIUzI1NiJ9.eyJpc3MiOiJodHRwczpcL1wvd3d3cy5kZXYteWVhcC5pdCIsImlhdCI6MTU0MjI5NDMyMSwibmJmIjoxNTQyMjk0MzIxLCJleHAiOjE1NDI4OTkxMjEsImRhdGEiOnsidXNlciI6eyJpZCI6IjQ0In19fQ.RCP5OeoGASxAyBw1MbMD4BFJAcDM5JIXqYXKBALZcJI&Logo=https://localhost:8082/scratch/pl_logo.png&Title=Business Plan Test nr. 2
[2019-09-05 15:11:11] ---- FROM  ::1 (WinNT)
[2019-09-05 15:11:11] ---- BROWSER:  Chrome 76.0 (Mozilla/5.0 (Windows NT 10.0; Win64; x64) AppleWebKit/537.36 (KHTML, like Gecko) Chrome/76.0.3809.132 Safari/537.36)
[2019-09-05 15:11:11] 302 - Found - text/html
[2019-09-05 15:11:11] REQUEST GET - https://localhost:8082/home/welcome?Token=61111131252223224013000011333653&TokenApiRest=eyJ0eXAiOiJKV1QiLCJhbGciOiJIUzI1NiJ9.eyJpc3MiOiJodHRwczpcL1wvd3d3cy5kZXYteWVhcC5pdCIsImlhdCI6MTU0MjI5NDMyMSwibmJmIjoxNTQyMjk0MzIxLCJleHAiOjE1NDI4OTkxMjEsImRhdGEiOnsidXNlciI6eyJpZCI6IjQ0In19fQ.RCP5OeoGASxAyBw1MbMD4BFJAcDM5JIXqYXKBALZcJI&Logo=https://localhost:8082/scratch/pl_logo.png&Title=Business Plan Test nr. 2
[2019-09-05 15:11:11] ---- FROM  ::1 (WinNT)
[2019-09-05 15:11:11] ---- BROWSER:  Chrome 76.0 (Mozilla/5.0 (Windows NT 10.0; Win64; x64) AppleWebKit/537.36 (KHTML, like Gecko) Chrome/76.0.3809.132 Safari/537.36)
[2019-09-05 15:11:11] 200 - OK - text/html
[2019-09-05 15:11:13] REQUEST POST - https://localhost:8082/public/ws/General.asmx/Set
[2019-09-05 15:11:13] ---- FROM  ::1 (WinNT)
[2019-09-05 15:11:13] ---- BROWSER:  Chrome 76.0 (Mozilla/5.0 (Windows NT 10.0; Win64; x64) AppleWebKit/537.36 (KHTML, like Gecko) Chrome/76.0.3809.132 Safari/537.36)
[2019-09-05 15:11:13] ---- CONTENT: {data : "<?xml version='1.0' encoding='utf-8' ?><Request ID='20190905151113471'><General><Token>61111131252223224013000011333653</Token></General><Data><Nome>Business Plan Test nr. 2</Nome><Logo>https%3A%2F%2Flocalhost%3A8082%2Fscratch%2Fpl_logo.png</Logo></Data></Request>"}
[2019-09-05 15:11:13] 200 - OK - application/json
[2019-09-05 15:11:13] REQUEST POST - https://localhost:8082/public/ws/Config.asmx/Economics_Get
[2019-09-05 15:11:13] ---- FROM  ::1 (WinNT)
[2019-09-05 15:11:13] ---- BROWSER:  Chrome 76.0 (Mozilla/5.0 (Windows NT 10.0; Win64; x64) AppleWebKit/537.36 (KHTML, like Gecko) Chrome/76.0.3809.132 Safari/537.36)
[2019-09-05 15:11:13] ---- CONTENT: {data : "<?xml version='1.0' encoding='utf-8' ?><Request ID='20190905151113501'><General><Token>61111131252223224013000011333653</Token></General><Data></Data></Request>"}
[2019-09-05 15:11:13] 200 - OK - application/json
[2019-09-05 15:11:16] REQUEST POST - https://localhost:8082/public/ws/Config.asmx/All_Get
[2019-09-05 15:11:16] ---- FROM  ::1 (WinNT)
[2019-09-05 15:11:16] ---- BROWSER:  Chrome 76.0 (Mozilla/5.0 (Windows NT 10.0; Win64; x64) AppleWebKit/537.36 (KHTML, like Gecko) Chrome/76.0.3809.132 Safari/537.36)
[2019-09-05 15:11:16] ---- CONTENT: {data : "<?xml version='1.0' encoding='utf-8' ?><Request ID='2019090515111630'><General><Token>61111131252223224013000011333653</Token></General><Data></Data></Request>"}
[2019-09-05 15:11:16] 200 - OK - application/json
[2019-09-05 15:11:16] REQUEST POST - https://localhost:8082/public/ws/Economics.asmx/messaggi_summary
[2019-09-05 15:11:16] ---- FROM  ::1 (WinNT)
[2019-09-05 15:11:16] ---- BROWSER:  Chrome 76.0 (Mozilla/5.0 (Windows NT 10.0; Win64; x64) AppleWebKit/537.36 (KHTML, like Gecko) Chrome/76.0.3809.132 Safari/537.36)
[2019-09-05 15:11:16] ---- CONTENT: {data : "<?xml version='1.0' encoding='utf-8' ?><Request ID='20190905151116307'><General><Token>61111131252223224013000011333653</Token></General><Data></Data></Request>"}
[2019-09-05 15:11:16] REQUEST POST - https://localhost:8082/public/ws/Config.asmx/All_Get
[2019-09-05 15:11:16] ---- FROM  ::1 (WinNT)
[2019-09-05 15:11:16] ---- BROWSER:  Chrome 76.0 (Mozilla/5.0 (Windows NT 10.0; Win64; x64) AppleWebKit/537.36 (KHTML, like Gecko) Chrome/76.0.3809.132 Safari/537.36)
[2019-09-05 15:11:16] ---- CONTENT: {data : "<?xml version='1.0' encoding='utf-8' ?><Request ID='20190905151116413'><General><Token>61111131252223224013000011333653</Token></General><Data></Data></Request>"}
[2019-09-05 15:11:16] 200 - OK - application/json
[2019-09-05 15:11:16] 200 - OK - application/json
[2019-09-05 15:11:16] REQUEST POST - https://localhost:8082/public/ws/Config.asmx/All_Get
[2019-09-05 15:11:16] ---- FROM  ::1 (WinNT)
[2019-09-05 15:11:16] ---- BROWSER:  Chrome 76.0 (Mozilla/5.0 (Windows NT 10.0; Win64; x64) AppleWebKit/537.36 (KHTML, like Gecko) Chrome/76.0.3809.132 Safari/537.36)
[2019-09-05 15:11:16] ---- CONTENT: {data : "<?xml version='1.0' encoding='utf-8' ?><Request ID='20190905151116550'><General><Token>61111131252223224013000011333653</Token></General><Data></Data></Request>"}
[2019-09-05 15:11:16] 200 - OK - application/json
[2019-09-05 15:11:19] REQUEST GET - https://localhost:8082/settings/settings
[2019-09-05 15:11:19] ---- FROM  ::1 (WinNT)
[2019-09-05 15:11:19] ---- BROWSER:  Chrome 76.0 (Mozilla/5.0 (Windows NT 10.0; Win64; x64) AppleWebKit/537.36 (KHTML, like Gecko) Chrome/76.0.3809.132 Safari/537.36)
[2019-09-05 15:11:19] 200 - OK - text/html
[2019-09-05 15:11:19] REQUEST POST - https://localhost:8082/public/ws/Config.asmx/General_Get
[2019-09-05 15:11:19] ---- FROM  ::1 (WinNT)
[2019-09-05 15:11:19] ---- BROWSER:  Chrome 76.0 (Mozilla/5.0 (Windows NT 10.0; Win64; x64) AppleWebKit/537.36 (KHTML, like Gecko) Chrome/76.0.3809.132 Safari/537.36)
[2019-09-05 15:11:19] ---- CONTENT: {data : "<?xml version='1.0' encoding='utf-8' ?><Request ID='20190905151119904'><General><Token>61111131252223224013000011333653</Token></General><Data></Data></Request>"}
[2019-09-05 15:11:19] 200 - OK - application/json
[2019-09-05 15:11:20] REQUEST POST - https://localhost:8082/public/ws/Config.asmx/All_Get
[2019-09-05 15:11:20] ---- FROM  ::1 (WinNT)
[2019-09-05 15:11:20] ---- BROWSER:  Chrome 76.0 (Mozilla/5.0 (Windows NT 10.0; Win64; x64) AppleWebKit/537.36 (KHTML, like Gecko) Chrome/76.0.3809.132 Safari/537.36)
[2019-09-05 15:11:20] ---- CONTENT: {data : "<?xml version='1.0' encoding='utf-8' ?><Request ID='2019090515112042'><General><Token>61111131252223224013000011333653</Token></General><Data></Data></Request>"}
[2019-09-05 15:11:20] 200 - OK - application/json
[2019-09-05 15:11:20] REQUEST POST - https://localhost:8082/public/ws/Economics.asmx/messaggi_summary
[2019-09-05 15:11:20] ---- FROM  ::1 (WinNT)
[2019-09-05 15:11:20] ---- BROWSER:  Chrome 76.0 (Mozilla/5.0 (Windows NT 10.0; Win64; x64) AppleWebKit/537.36 (KHTML, like Gecko) Chrome/76.0.3809.132 Safari/537.36)
[2019-09-05 15:11:20] ---- CONTENT: {data : "<?xml version='1.0' encoding='utf-8' ?><Request ID='2019090515112070'><General><Token>61111131252223224013000011333653</Token></General><Data></Data></Request>"}
[2019-09-05 15:11:20] 200 - OK - application/json
[2019-09-05 15:11:20] REQUEST POST - https://localhost:8082/public/ws/Config.asmx/All_Get
[2019-09-05 15:11:20] ---- FROM  ::1 (WinNT)
[2019-09-05 15:11:20] ---- BROWSER:  Chrome 76.0 (Mozilla/5.0 (Windows NT 10.0; Win64; x64) AppleWebKit/537.36 (KHTML, like Gecko) Chrome/76.0.3809.132 Safari/537.36)
[2019-09-05 15:11:20] ---- CONTENT: {data : "<?xml version='1.0' encoding='utf-8' ?><Request ID='20190905151120204'><General><Token>61111131252223224013000011333653</Token></General><Data></Data></Request>"}
[2019-09-05 15:11:20] REQUEST GET - https://localhost:8082/public/ws/Resources.ashx/xml-general
[2019-09-05 15:11:20] ---- FROM  ::1 (WinNT)
[2019-09-05 15:11:20] ---- BROWSER:  Chrome 76.0 (Mozilla/5.0 (Windows NT 10.0; Win64; x64) AppleWebKit/537.36 (KHTML, like Gecko) Chrome/76.0.3809.132 Safari/537.36)
[2019-09-05 15:11:20] 200 - OK - text/xml
[2019-09-05 15:11:20] 200 - OK - application/json
[2019-09-05 15:11:20] REQUEST GET - https://localhost:8082/public/ws/Resources.ashx/xml-general
[2019-09-05 15:11:20] ---- FROM  ::1 (WinNT)
[2019-09-05 15:11:20] ---- BROWSER:  Chrome 76.0 (Mozilla/5.0 (Windows NT 10.0; Win64; x64) AppleWebKit/537.36 (KHTML, like Gecko) Chrome/76.0.3809.132 Safari/537.36)
[2019-09-05 15:11:20] 200 - OK - text/xml
[2019-09-05 15:11:20] REQUEST POST - https://localhost:8082/public/ws/Config.asmx/All_Get
[2019-09-05 15:11:20] ---- FROM  ::1 (WinNT)
[2019-09-05 15:11:20] ---- BROWSER:  Chrome 76.0 (Mozilla/5.0 (Windows NT 10.0; Win64; x64) AppleWebKit/537.36 (KHTML, like Gecko) Chrome/76.0.3809.132 Safari/537.36)
[2019-09-05 15:11:20] ---- CONTENT: {data : "<?xml version='1.0' encoding='utf-8' ?><Request ID='20190905151120629'><General><Token>61111131252223224013000011333653</Token></General><Data></Data></Request>"}
[2019-09-05 15:11:20] 200 - OK - application/json
[2019-09-05 15:12:13] REQUEST GET - https://localhost:8082/public/aspx/Home.aspx?Token=61111131252223224013000011333653&TokenApiRest=eyJ0eXAiOiJKV1QiLCJhbGciOiJIUzI1NiJ9.eyJpc3MiOiJodHRwczpcL1wvd3d3cy5kZXYteWVhcC5pdCIsImlhdCI6MTU0MjI5NDMyMSwibmJmIjoxNTQyMjk0MzIxLCJleHAiOjE1NDI4OTkxMjEsImRhdGEiOnsidXNlciI6eyJpZCI6IjQ0In19fQ.RCP5OeoGASxAyBw1MbMD4BFJAcDM5JIXqYXKBALZcJI&Logo=https://localhost:8082/scratch/pl_logo.png&Title=Business Plan Test nr. 2
[2019-09-05 15:12:13] ---- FROM  ::1 (WinNT)
[2019-09-05 15:12:13] ---- BROWSER:  Chrome 76.0 (Mozilla/5.0 (Windows NT 10.0; Win64; x64) AppleWebKit/537.36 (KHTML, like Gecko) Chrome/76.0.3809.132 Safari/537.36)
[2019-09-05 15:12:13] 302 - Found - text/html
[2019-09-05 15:12:13] REQUEST GET - https://localhost:8082/home/welcome?Token=61111131252223224013000011333653&TokenApiRest=eyJ0eXAiOiJKV1QiLCJhbGciOiJIUzI1NiJ9.eyJpc3MiOiJodHRwczpcL1wvd3d3cy5kZXYteWVhcC5pdCIsImlhdCI6MTU0MjI5NDMyMSwibmJmIjoxNTQyMjk0MzIxLCJleHAiOjE1NDI4OTkxMjEsImRhdGEiOnsidXNlciI6eyJpZCI6IjQ0In19fQ.RCP5OeoGASxAyBw1MbMD4BFJAcDM5JIXqYXKBALZcJI&Logo=https://localhost:8082/scratch/pl_logo.png&Title=Business Plan Test nr. 2
[2019-09-05 15:12:13] ---- FROM  ::1 (WinNT)
[2019-09-05 15:12:13] ---- BROWSER:  Chrome 76.0 (Mozilla/5.0 (Windows NT 10.0; Win64; x64) AppleWebKit/537.36 (KHTML, like Gecko) Chrome/76.0.3809.132 Safari/537.36)
[2019-09-05 15:12:13] 200 - OK - text/html
[2019-09-05 15:12:16] REQUEST POST - https://localhost:8082/public/ws/General.asmx/Set
[2019-09-05 15:12:16] ---- FROM  ::1 (WinNT)
[2019-09-05 15:12:16] ---- BROWSER:  Chrome 76.0 (Mozilla/5.0 (Windows NT 10.0; Win64; x64) AppleWebKit/537.36 (KHTML, like Gecko) Chrome/76.0.3809.132 Safari/537.36)
[2019-09-05 15:12:16] ---- CONTENT: {data : "<?xml version='1.0' encoding='utf-8' ?><Request ID='20190905151216116'><General><Token>61111131252223224013000011333653</Token></General><Data><Nome>Business Plan Test nr. 2</Nome><Logo>https%3A%2F%2Flocalhost%3A8082%2Fscratch%2Fpl_logo.png</Logo></Data></Request>"}
[2019-09-05 15:12:16] 200 - OK - application/json
[2019-09-05 15:12:16] REQUEST POST - https://localhost:8082/public/ws/Config.asmx/Economics_Get
[2019-09-05 15:12:16] ---- FROM  ::1 (WinNT)
[2019-09-05 15:12:16] ---- BROWSER:  Chrome 76.0 (Mozilla/5.0 (Windows NT 10.0; Win64; x64) AppleWebKit/537.36 (KHTML, like Gecko) Chrome/76.0.3809.132 Safari/537.36)
[2019-09-05 15:12:16] ---- CONTENT: {data : "<?xml version='1.0' encoding='utf-8' ?><Request ID='20190905151216158'><General><Token>61111131252223224013000011333653</Token></General><Data></Data></Request>"}
[2019-09-05 15:12:16] 200 - OK - application/json
[2019-09-05 15:13:16] REQUEST POST - https://localhost:8082/public/ws/Config.asmx/All_Get
[2019-09-05 15:13:16] ---- FROM  ::1 (WinNT)
[2019-09-05 15:13:16] ---- BROWSER:  Chrome 76.0 (Mozilla/5.0 (Windows NT 10.0; Win64; x64) AppleWebKit/537.36 (KHTML, like Gecko) Chrome/76.0.3809.132 Safari/537.36)
[2019-09-05 15:13:16] ---- CONTENT: {data : "<?xml version='1.0' encoding='utf-8' ?><Request ID='20190905151316316'><General><Token>61111131252223224013000011333653</Token></General><Data></Data></Request>"}
[2019-09-05 15:13:16] 200 - OK - application/json
[2019-09-05 15:13:16] REQUEST POST - https://localhost:8082/public/ws/Economics.asmx/messaggi_summary
[2019-09-05 15:13:16] ---- FROM  ::1 (WinNT)
[2019-09-05 15:13:16] ---- BROWSER:  Chrome 76.0 (Mozilla/5.0 (Windows NT 10.0; Win64; x64) AppleWebKit/537.36 (KHTML, like Gecko) Chrome/76.0.3809.132 Safari/537.36)
[2019-09-05 15:13:16] ---- CONTENT: {data : "<?xml version='1.0' encoding='utf-8' ?><Request ID='20190905151316651'><General><Token>61111131252223224013000011333653</Token></General><Data></Data></Request>"}
[2019-09-05 15:13:16] REQUEST POST - https://localhost:8082/public/ws/Config.asmx/All_Get
[2019-09-05 15:13:16] ---- FROM  ::1 (WinNT)
[2019-09-05 15:13:16] ---- BROWSER:  Chrome 76.0 (Mozilla/5.0 (Windows NT 10.0; Win64; x64) AppleWebKit/537.36 (KHTML, like Gecko) Chrome/76.0.3809.132 Safari/537.36)
[2019-09-05 15:13:16] ---- CONTENT: {data : "<?xml version='1.0' encoding='utf-8' ?><Request ID='20190905151316726'><General><Token>61111131252223224013000011333653</Token></General><Data></Data></Request>"}
[2019-09-05 15:13:16] 200 - OK - application/json
[2019-09-05 15:13:16] 200 - OK - application/json
[2019-09-05 15:13:16] REQUEST POST - https://localhost:8082/public/ws/Config.asmx/All_Get
[2019-09-05 15:13:16] ---- FROM  ::1 (WinNT)
[2019-09-05 15:13:16] ---- BROWSER:  Chrome 76.0 (Mozilla/5.0 (Windows NT 10.0; Win64; x64) AppleWebKit/537.36 (KHTML, like Gecko) Chrome/76.0.3809.132 Safari/537.36)
[2019-09-05 15:13:16] ---- CONTENT: {data : "<?xml version='1.0' encoding='utf-8' ?><Request ID='20190905151316855'><General><Token>61111131252223224013000011333653</Token></General><Data></Data></Request>"}
[2019-09-05 15:13:16] 200 - OK - application/json
[2019-09-05 15:13:21] REQUEST GET - https://localhost:8082/settings/settings
[2019-09-05 15:13:21] ---- FROM  ::1 (WinNT)
[2019-09-05 15:13:21] ---- BROWSER:  Chrome 76.0 (Mozilla/5.0 (Windows NT 10.0; Win64; x64) AppleWebKit/537.36 (KHTML, like Gecko) Chrome/76.0.3809.132 Safari/537.36)
[2019-09-05 15:13:21] 200 - OK - text/html
[2019-09-05 15:13:22] REQUEST POST - https://localhost:8082/public/ws/Config.asmx/General_Get
[2019-09-05 15:13:22] ---- FROM  ::1 (WinNT)
[2019-09-05 15:13:22] ---- BROWSER:  Chrome 76.0 (Mozilla/5.0 (Windows NT 10.0; Win64; x64) AppleWebKit/537.36 (KHTML, like Gecko) Chrome/76.0.3809.132 Safari/537.36)
[2019-09-05 15:13:22] ---- CONTENT: {data : "<?xml version='1.0' encoding='utf-8' ?><Request ID='2019090515132266'><General><Token>61111131252223224013000011333653</Token></General><Data></Data></Request>"}
[2019-09-05 15:13:22] 200 - OK - application/json
[2019-09-05 15:13:22] REQUEST POST - https://localhost:8082/public/ws/Config.asmx/All_Get
[2019-09-05 15:13:22] ---- FROM  ::1 (WinNT)
[2019-09-05 15:13:22] ---- BROWSER:  Chrome 76.0 (Mozilla/5.0 (Windows NT 10.0; Win64; x64) AppleWebKit/537.36 (KHTML, like Gecko) Chrome/76.0.3809.132 Safari/537.36)
[2019-09-05 15:13:22] ---- CONTENT: {data : "<?xml version='1.0' encoding='utf-8' ?><Request ID='20190905151322171'><General><Token>61111131252223224013000011333653</Token></General><Data></Data></Request>"}
[2019-09-05 15:13:22] 200 - OK - application/json
[2019-09-05 15:13:22] REQUEST POST - https://localhost:8082/public/ws/Economics.asmx/messaggi_summary
[2019-09-05 15:13:22] ---- FROM  ::1 (WinNT)
[2019-09-05 15:13:22] ---- BROWSER:  Chrome 76.0 (Mozilla/5.0 (Windows NT 10.0; Win64; x64) AppleWebKit/537.36 (KHTML, like Gecko) Chrome/76.0.3809.132 Safari/537.36)
[2019-09-05 15:13:22] ---- CONTENT: {data : "<?xml version='1.0' encoding='utf-8' ?><Request ID='20190905151322210'><General><Token>61111131252223224013000011333653</Token></General><Data></Data></Request>"}
[2019-09-05 15:13:22] 200 - OK - application/json
[2019-09-05 15:13:22] REQUEST POST - https://localhost:8082/public/ws/Config.asmx/All_Get
[2019-09-05 15:13:22] ---- FROM  ::1 (WinNT)
[2019-09-05 15:13:22] ---- BROWSER:  Chrome 76.0 (Mozilla/5.0 (Windows NT 10.0; Win64; x64) AppleWebKit/537.36 (KHTML, like Gecko) Chrome/76.0.3809.132 Safari/537.36)
[2019-09-05 15:13:22] ---- CONTENT: {data : "<?xml version='1.0' encoding='utf-8' ?><Request ID='20190905151322316'><General><Token>61111131252223224013000011333653</Token></General><Data></Data></Request>"}
[2019-09-05 15:13:22] 200 - OK - application/json
[2019-09-05 15:13:22] REQUEST GET - https://localhost:8082/public/ws/Resources.ashx/xml-general
[2019-09-05 15:13:22] ---- FROM  ::1 (WinNT)
[2019-09-05 15:13:22] ---- BROWSER:  Chrome 76.0 (Mozilla/5.0 (Windows NT 10.0; Win64; x64) AppleWebKit/537.36 (KHTML, like Gecko) Chrome/76.0.3809.132 Safari/537.36)
[2019-09-05 15:13:22] 200 - OK - text/xml
[2019-09-05 15:13:22] REQUEST GET - https://localhost:8082/public/ws/Resources.ashx/xml-general
[2019-09-05 15:13:22] ---- FROM  ::1 (WinNT)
[2019-09-05 15:13:22] ---- BROWSER:  Chrome 76.0 (Mozilla/5.0 (Windows NT 10.0; Win64; x64) AppleWebKit/537.36 (KHTML, like Gecko) Chrome/76.0.3809.132 Safari/537.36)
[2019-09-05 15:13:22] 200 - OK - text/xml
[2019-09-05 15:13:22] REQUEST POST - https://localhost:8082/public/ws/Config.asmx/All_Get
[2019-09-05 15:13:22] ---- FROM  ::1 (WinNT)
[2019-09-05 15:13:22] ---- BROWSER:  Chrome 76.0 (Mozilla/5.0 (Windows NT 10.0; Win64; x64) AppleWebKit/537.36 (KHTML, like Gecko) Chrome/76.0.3809.132 Safari/537.36)
[2019-09-05 15:13:22] ---- CONTENT: {data : "<?xml version='1.0' encoding='utf-8' ?><Request ID='20190905151322564'><General><Token>61111131252223224013000011333653</Token></General><Data></Data></Request>"}
[2019-09-05 15:13:22] 200 - OK - application/json
[2019-09-05 15:15:50] REQUEST GET - https://localhost:8082/public/aspx/Home.aspx?Token=61111131252223224013000011333653&TokenApiRest=eyJ0eXAiOiJKV1QiLCJhbGciOiJIUzI1NiJ9.eyJpc3MiOiJodHRwczpcL1wvd3d3cy5kZXYteWVhcC5pdCIsImlhdCI6MTU0MjI5NDMyMSwibmJmIjoxNTQyMjk0MzIxLCJleHAiOjE1NDI4OTkxMjEsImRhdGEiOnsidXNlciI6eyJpZCI6IjQ0In19fQ.RCP5OeoGASxAyBw1MbMD4BFJAcDM5JIXqYXKBALZcJI&Logo=https://localhost:8082/scratch/pl_logo.png&Title=Business Plan Test nr. 2
[2019-09-05 15:15:50] ---- FROM  ::1 (WinNT)
[2019-09-05 15:15:50] ---- BROWSER:  Chrome 76.0 (Mozilla/5.0 (Windows NT 10.0; Win64; x64) AppleWebKit/537.36 (KHTML, like Gecko) Chrome/76.0.3809.132 Safari/537.36)
[2019-09-05 15:15:50] 302 - Found - text/html
[2019-09-05 15:15:50] REQUEST GET - https://localhost:8082/home/welcome?Token=61111131252223224013000011333653&TokenApiRest=eyJ0eXAiOiJKV1QiLCJhbGciOiJIUzI1NiJ9.eyJpc3MiOiJodHRwczpcL1wvd3d3cy5kZXYteWVhcC5pdCIsImlhdCI6MTU0MjI5NDMyMSwibmJmIjoxNTQyMjk0MzIxLCJleHAiOjE1NDI4OTkxMjEsImRhdGEiOnsidXNlciI6eyJpZCI6IjQ0In19fQ.RCP5OeoGASxAyBw1MbMD4BFJAcDM5JIXqYXKBALZcJI&Logo=https://localhost:8082/scratch/pl_logo.png&Title=Business Plan Test nr. 2
[2019-09-05 15:15:50] ---- FROM  ::1 (WinNT)
[2019-09-05 15:15:50] ---- BROWSER:  Chrome 76.0 (Mozilla/5.0 (Windows NT 10.0; Win64; x64) AppleWebKit/537.36 (KHTML, like Gecko) Chrome/76.0.3809.132 Safari/537.36)
[2019-09-05 15:15:50] 200 - OK - text/html
[2019-09-05 15:15:51] REQUEST POST - https://localhost:8082/public/ws/General.asmx/Set
[2019-09-05 15:15:51] ---- FROM  ::1 (WinNT)
[2019-09-05 15:15:51] ---- BROWSER:  Chrome 76.0 (Mozilla/5.0 (Windows NT 10.0; Win64; x64) AppleWebKit/537.36 (KHTML, like Gecko) Chrome/76.0.3809.132 Safari/537.36)
[2019-09-05 15:15:51] ---- CONTENT: {data : "<?xml version='1.0' encoding='utf-8' ?><Request ID='20190905151551336'><General><Token>61111131252223224013000011333653</Token></General><Data><Nome>Business Plan Test nr. 2</Nome><Logo>https%3A%2F%2Flocalhost%3A8082%2Fscratch%2Fpl_logo.png</Logo></Data></Request>"}
[2019-09-05 15:15:51] 200 - OK - application/json
[2019-09-05 15:15:51] REQUEST POST - https://localhost:8082/public/ws/Config.asmx/Economics_Get
[2019-09-05 15:15:51] ---- FROM  ::1 (WinNT)
[2019-09-05 15:15:51] ---- BROWSER:  Chrome 76.0 (Mozilla/5.0 (Windows NT 10.0; Win64; x64) AppleWebKit/537.36 (KHTML, like Gecko) Chrome/76.0.3809.132 Safari/537.36)
[2019-09-05 15:15:51] ---- CONTENT: {data : "<?xml version='1.0' encoding='utf-8' ?><Request ID='20190905151551439'><General><Token>61111131252223224013000011333653</Token></General><Data></Data></Request>"}
[2019-09-05 15:15:51] 200 - OK - application/json
[2019-09-05 15:15:53] REQUEST POST - https://localhost:8082/public/ws/Config.asmx/All_Get
[2019-09-05 15:15:53] ---- FROM  ::1 (WinNT)
[2019-09-05 15:15:53] ---- BROWSER:  Chrome 76.0 (Mozilla/5.0 (Windows NT 10.0; Win64; x64) AppleWebKit/537.36 (KHTML, like Gecko) Chrome/76.0.3809.132 Safari/537.36)
[2019-09-05 15:15:53] ---- CONTENT: {data : "<?xml version='1.0' encoding='utf-8' ?><Request ID='2019090515155375'><General><Token>61111131252223224013000011333653</Token></General><Data></Data></Request>"}
[2019-09-05 15:15:53] 200 - OK - application/json
[2019-09-05 15:15:53] REQUEST POST - https://localhost:8082/public/ws/Economics.asmx/messaggi_summary
[2019-09-05 15:15:53] ---- FROM  ::1 (WinNT)
[2019-09-05 15:15:53] ---- BROWSER:  Chrome 76.0 (Mozilla/5.0 (Windows NT 10.0; Win64; x64) AppleWebKit/537.36 (KHTML, like Gecko) Chrome/76.0.3809.132 Safari/537.36)
[2019-09-05 15:15:53] ---- CONTENT: {data : "<?xml version='1.0' encoding='utf-8' ?><Request ID='20190905151553223'><General><Token>61111131252223224013000011333653</Token></General><Data></Data></Request>"}
[2019-09-05 15:15:53] 200 - OK - application/json
[2019-09-05 15:15:53] REQUEST POST - https://localhost:8082/public/ws/Config.asmx/All_Get
[2019-09-05 15:15:53] ---- FROM  ::1 (WinNT)
[2019-09-05 15:15:53] ---- BROWSER:  Chrome 76.0 (Mozilla/5.0 (Windows NT 10.0; Win64; x64) AppleWebKit/537.36 (KHTML, like Gecko) Chrome/76.0.3809.132 Safari/537.36)
[2019-09-05 15:15:53] ---- CONTENT: {data : "<?xml version='1.0' encoding='utf-8' ?><Request ID='20190905151553370'><General><Token>61111131252223224013000011333653</Token></General><Data></Data></Request>"}
[2019-09-05 15:15:53] REQUEST POST - https://localhost:8082/public/ws/Config.asmx/All_Get
[2019-09-05 15:15:53] ---- FROM  ::1 (WinNT)
[2019-09-05 15:15:53] ---- BROWSER:  Chrome 76.0 (Mozilla/5.0 (Windows NT 10.0; Win64; x64) AppleWebKit/537.36 (KHTML, like Gecko) Chrome/76.0.3809.132 Safari/537.36)
[2019-09-05 15:15:53] ---- CONTENT: {data : "<?xml version='1.0' encoding='utf-8' ?><Request ID='20190905151553484'><General><Token>61111131252223224013000011333653</Token></General><Data></Data></Request>"}
[2019-09-05 15:15:53] 200 - OK - application/json
[2019-09-05 15:15:53] 200 - OK - application/json
[2019-09-05 15:15:56] REQUEST GET - https://localhost:8082/settings/settings
[2019-09-05 15:15:56] ---- FROM  ::1 (WinNT)
[2019-09-05 15:15:56] ---- BROWSER:  Chrome 76.0 (Mozilla/5.0 (Windows NT 10.0; Win64; x64) AppleWebKit/537.36 (KHTML, like Gecko) Chrome/76.0.3809.132 Safari/537.36)
[2019-09-05 15:15:56] 200 - OK - text/html
[2019-09-05 15:15:57] REQUEST POST - https://localhost:8082/public/ws/Config.asmx/General_Get
[2019-09-05 15:15:57] ---- FROM  ::1 (WinNT)
[2019-09-05 15:15:57] ---- BROWSER:  Chrome 76.0 (Mozilla/5.0 (Windows NT 10.0; Win64; x64) AppleWebKit/537.36 (KHTML, like Gecko) Chrome/76.0.3809.132 Safari/537.36)
[2019-09-05 15:15:57] ---- CONTENT: {data : "<?xml version='1.0' encoding='utf-8' ?><Request ID='20190905151557387'><General><Token>61111131252223224013000011333653</Token></General><Data></Data></Request>"}
[2019-09-05 15:15:57] 200 - OK - application/json
[2019-09-05 15:15:57] REQUEST POST - https://localhost:8082/public/ws/Config.asmx/All_Get
[2019-09-05 15:15:57] ---- FROM  ::1 (WinNT)
[2019-09-05 15:15:57] ---- BROWSER:  Chrome 76.0 (Mozilla/5.0 (Windows NT 10.0; Win64; x64) AppleWebKit/537.36 (KHTML, like Gecko) Chrome/76.0.3809.132 Safari/537.36)
[2019-09-05 15:15:57] ---- CONTENT: {data : "<?xml version='1.0' encoding='utf-8' ?><Request ID='20190905151557455'><General><Token>61111131252223224013000011333653</Token></General><Data></Data></Request>"}
[2019-09-05 15:15:57] 200 - OK - application/json
[2019-09-05 15:15:57] REQUEST POST - https://localhost:8082/public/ws/Economics.asmx/messaggi_summary
[2019-09-05 15:15:57] ---- FROM  ::1 (WinNT)
[2019-09-05 15:15:57] ---- BROWSER:  Chrome 76.0 (Mozilla/5.0 (Windows NT 10.0; Win64; x64) AppleWebKit/537.36 (KHTML, like Gecko) Chrome/76.0.3809.132 Safari/537.36)
[2019-09-05 15:15:57] ---- CONTENT: {data : "<?xml version='1.0' encoding='utf-8' ?><Request ID='20190905151557488'><General><Token>61111131252223224013000011333653</Token></General><Data></Data></Request>"}
[2019-09-05 15:15:57] 200 - OK - application/json
[2019-09-05 15:15:57] REQUEST POST - https://localhost:8082/public/ws/Config.asmx/All_Get
[2019-09-05 15:15:57] ---- FROM  ::1 (WinNT)
[2019-09-05 15:15:57] ---- BROWSER:  Chrome 76.0 (Mozilla/5.0 (Windows NT 10.0; Win64; x64) AppleWebKit/537.36 (KHTML, like Gecko) Chrome/76.0.3809.132 Safari/537.36)
[2019-09-05 15:15:57] ---- CONTENT: {data : "<?xml version='1.0' encoding='utf-8' ?><Request ID='20190905151557652'><General><Token>61111131252223224013000011333653</Token></General><Data></Data></Request>"}
[2019-09-05 15:15:57] 200 - OK - application/json
[2019-09-05 15:15:57] REQUEST GET - https://localhost:8082/public/ws/Resources.ashx/xml-general
[2019-09-05 15:15:57] ---- FROM  ::1 (WinNT)
[2019-09-05 15:15:57] ---- BROWSER:  Chrome 76.0 (Mozilla/5.0 (Windows NT 10.0; Win64; x64) AppleWebKit/537.36 (KHTML, like Gecko) Chrome/76.0.3809.132 Safari/537.36)
[2019-09-05 15:15:57] 200 - OK - text/xml
[2019-09-05 15:15:57] REQUEST GET - https://localhost:8082/public/ws/Resources.ashx/xml-general
[2019-09-05 15:15:57] ---- FROM  ::1 (WinNT)
[2019-09-05 15:15:57] ---- BROWSER:  Chrome 76.0 (Mozilla/5.0 (Windows NT 10.0; Win64; x64) AppleWebKit/537.36 (KHTML, like Gecko) Chrome/76.0.3809.132 Safari/537.36)
[2019-09-05 15:15:57] 200 - OK - text/xml
[2019-09-05 15:15:57] REQUEST POST - https://localhost:8082/public/ws/Config.asmx/All_Get
[2019-09-05 15:15:57] ---- FROM  ::1 (WinNT)
[2019-09-05 15:15:57] ---- BROWSER:  Chrome 76.0 (Mozilla/5.0 (Windows NT 10.0; Win64; x64) AppleWebKit/537.36 (KHTML, like Gecko) Chrome/76.0.3809.132 Safari/537.36)
[2019-09-05 15:15:57] ---- CONTENT: {data : "<?xml version='1.0' encoding='utf-8' ?><Request ID='20190905151557924'><General><Token>61111131252223224013000011333653</Token></General><Data></Data></Request>"}
[2019-09-05 15:15:57] 200 - OK - application/json
[2019-09-05 15:16:58] REQUEST GET - https://localhost:8082/public/aspx/Home.aspx?Token=61111131252223224013000011333653&TokenApiRest=eyJ0eXAiOiJKV1QiLCJhbGciOiJIUzI1NiJ9.eyJpc3MiOiJodHRwczpcL1wvd3d3cy5kZXYteWVhcC5pdCIsImlhdCI6MTU0MjI5NDMyMSwibmJmIjoxNTQyMjk0MzIxLCJleHAiOjE1NDI4OTkxMjEsImRhdGEiOnsidXNlciI6eyJpZCI6IjQ0In19fQ.RCP5OeoGASxAyBw1MbMD4BFJAcDM5JIXqYXKBALZcJI&Logo=https://localhost:8082/scratch/pl_logo.png&Title=Business Plan Test nr. 2
[2019-09-05 15:16:58] ---- FROM  ::1 (WinNT)
[2019-09-05 15:16:58] ---- BROWSER:  Chrome 76.0 (Mozilla/5.0 (Windows NT 10.0; Win64; x64) AppleWebKit/537.36 (KHTML, like Gecko) Chrome/76.0.3809.132 Safari/537.36)
[2019-09-05 15:16:58] 302 - Found - text/html
[2019-09-05 15:16:58] REQUEST GET - https://localhost:8082/home/welcome?Token=61111131252223224013000011333653&TokenApiRest=eyJ0eXAiOiJKV1QiLCJhbGciOiJIUzI1NiJ9.eyJpc3MiOiJodHRwczpcL1wvd3d3cy5kZXYteWVhcC5pdCIsImlhdCI6MTU0MjI5NDMyMSwibmJmIjoxNTQyMjk0MzIxLCJleHAiOjE1NDI4OTkxMjEsImRhdGEiOnsidXNlciI6eyJpZCI6IjQ0In19fQ.RCP5OeoGASxAyBw1MbMD4BFJAcDM5JIXqYXKBALZcJI&Logo=https://localhost:8082/scratch/pl_logo.png&Title=Business Plan Test nr. 2
[2019-09-05 15:16:58] ---- FROM  ::1 (WinNT)
[2019-09-05 15:16:58] ---- BROWSER:  Chrome 76.0 (Mozilla/5.0 (Windows NT 10.0; Win64; x64) AppleWebKit/537.36 (KHTML, like Gecko) Chrome/76.0.3809.132 Safari/537.36)
[2019-09-05 15:16:58] 200 - OK - text/html
[2019-09-05 15:17:01] REQUEST POST - https://localhost:8082/public/ws/General.asmx/Set
[2019-09-05 15:17:01] ---- FROM  ::1 (WinNT)
[2019-09-05 15:17:01] ---- BROWSER:  Chrome 76.0 (Mozilla/5.0 (Windows NT 10.0; Win64; x64) AppleWebKit/537.36 (KHTML, like Gecko) Chrome/76.0.3809.132 Safari/537.36)
[2019-09-05 15:17:01] ---- CONTENT: {data : "<?xml version='1.0' encoding='utf-8' ?><Request ID='20190905151701117'><General><Token>61111131252223224013000011333653</Token></General><Data><Nome>Business Plan Test nr. 2</Nome><Logo>https%3A%2F%2Flocalhost%3A8082%2Fscratch%2Fpl_logo.png</Logo></Data></Request>"}
[2019-09-05 15:17:01] 200 - OK - application/json
[2019-09-05 15:17:01] REQUEST POST - https://localhost:8082/public/ws/Config.asmx/Economics_Get
[2019-09-05 15:17:01] ---- FROM  ::1 (WinNT)
[2019-09-05 15:17:01] ---- BROWSER:  Chrome 76.0 (Mozilla/5.0 (Windows NT 10.0; Win64; x64) AppleWebKit/537.36 (KHTML, like Gecko) Chrome/76.0.3809.132 Safari/537.36)
[2019-09-05 15:17:01] ---- CONTENT: {data : "<?xml version='1.0' encoding='utf-8' ?><Request ID='20190905151701187'><General><Token>61111131252223224013000011333653</Token></General><Data></Data></Request>"}
[2019-09-05 15:17:01] 200 - OK - application/json
[2019-09-05 15:17:03] REQUEST POST - https://localhost:8082/public/ws/Config.asmx/All_Get
[2019-09-05 15:17:03] ---- FROM  ::1 (WinNT)
[2019-09-05 15:17:03] ---- BROWSER:  Chrome 76.0 (Mozilla/5.0 (Windows NT 10.0; Win64; x64) AppleWebKit/537.36 (KHTML, like Gecko) Chrome/76.0.3809.132 Safari/537.36)
[2019-09-05 15:17:03] ---- CONTENT: {data : "<?xml version='1.0' encoding='utf-8' ?><Request ID='20190905151703757'><General><Token>61111131252223224013000011333653</Token></General><Data></Data></Request>"}
[2019-09-05 15:17:03] 200 - OK - application/json
[2019-09-05 15:17:03] REQUEST POST - https://localhost:8082/public/ws/Economics.asmx/messaggi_summary
[2019-09-05 15:17:03] ---- FROM  ::1 (WinNT)
[2019-09-05 15:17:03] ---- BROWSER:  Chrome 76.0 (Mozilla/5.0 (Windows NT 10.0; Win64; x64) AppleWebKit/537.36 (KHTML, like Gecko) Chrome/76.0.3809.132 Safari/537.36)
[2019-09-05 15:17:03] ---- CONTENT: {data : "<?xml version='1.0' encoding='utf-8' ?><Request ID='20190905151703911'><General><Token>61111131252223224013000011333653</Token></General><Data></Data></Request>"}
[2019-09-05 15:17:03] 200 - OK - application/json
[2019-09-05 15:17:04] REQUEST POST - https://localhost:8082/public/ws/Config.asmx/All_Get
[2019-09-05 15:17:04] ---- FROM  ::1 (WinNT)
[2019-09-05 15:17:04] ---- BROWSER:  Chrome 76.0 (Mozilla/5.0 (Windows NT 10.0; Win64; x64) AppleWebKit/537.36 (KHTML, like Gecko) Chrome/76.0.3809.132 Safari/537.36)
[2019-09-05 15:17:04] ---- CONTENT: {data : "<?xml version='1.0' encoding='utf-8' ?><Request ID='2019090515170432'><General><Token>61111131252223224013000011333653</Token></General><Data></Data></Request>"}
[2019-09-05 15:17:04] 200 - OK - application/json
[2019-09-05 15:17:04] REQUEST POST - https://localhost:8082/public/ws/Config.asmx/All_Get
[2019-09-05 15:17:04] ---- FROM  ::1 (WinNT)
[2019-09-05 15:17:04] ---- BROWSER:  Chrome 76.0 (Mozilla/5.0 (Windows NT 10.0; Win64; x64) AppleWebKit/537.36 (KHTML, like Gecko) Chrome/76.0.3809.132 Safari/537.36)
[2019-09-05 15:17:04] ---- CONTENT: {data : "<?xml version='1.0' encoding='utf-8' ?><Request ID='20190905151704156'><General><Token>61111131252223224013000011333653</Token></General><Data></Data></Request>"}
[2019-09-05 15:17:04] 200 - OK - application/json
[2019-09-05 15:17:07] REQUEST GET - https://localhost:8082/settings/settings
[2019-09-05 15:17:07] ---- FROM  ::1 (WinNT)
[2019-09-05 15:17:07] ---- BROWSER:  Chrome 76.0 (Mozilla/5.0 (Windows NT 10.0; Win64; x64) AppleWebKit/537.36 (KHTML, like Gecko) Chrome/76.0.3809.132 Safari/537.36)
[2019-09-05 15:17:07] 200 - OK - text/html
[2019-09-05 15:17:09] REQUEST POST - https://localhost:8082/public/ws/Config.asmx/General_Get
[2019-09-05 15:17:09] ---- FROM  ::1 (WinNT)
[2019-09-05 15:17:09] ---- BROWSER:  Chrome 76.0 (Mozilla/5.0 (Windows NT 10.0; Win64; x64) AppleWebKit/537.36 (KHTML, like Gecko) Chrome/76.0.3809.132 Safari/537.36)
[2019-09-05 15:17:09] ---- CONTENT: {data : "<?xml version='1.0' encoding='utf-8' ?><Request ID='2019090515170944'><General><Token>61111131252223224013000011333653</Token></General><Data></Data></Request>"}
[2019-09-05 15:17:09] 200 - OK - application/json
[2019-09-05 15:17:09] REQUEST POST - https://localhost:8082/public/ws/Config.asmx/All_Get
[2019-09-05 15:17:09] ---- FROM  ::1 (WinNT)
[2019-09-05 15:17:09] ---- BROWSER:  Chrome 76.0 (Mozilla/5.0 (Windows NT 10.0; Win64; x64) AppleWebKit/537.36 (KHTML, like Gecko) Chrome/76.0.3809.132 Safari/537.36)
[2019-09-05 15:17:09] ---- CONTENT: {data : "<?xml version='1.0' encoding='utf-8' ?><Request ID='20190905151709147'><General><Token>61111131252223224013000011333653</Token></General><Data></Data></Request>"}
[2019-09-05 15:17:09] 200 - OK - application/json
[2019-09-05 15:17:09] REQUEST POST - https://localhost:8082/public/ws/Economics.asmx/messaggi_summary
[2019-09-05 15:17:09] ---- FROM  ::1 (WinNT)
[2019-09-05 15:17:09] ---- BROWSER:  Chrome 76.0 (Mozilla/5.0 (Windows NT 10.0; Win64; x64) AppleWebKit/537.36 (KHTML, like Gecko) Chrome/76.0.3809.132 Safari/537.36)
[2019-09-05 15:17:09] ---- CONTENT: {data : "<?xml version='1.0' encoding='utf-8' ?><Request ID='20190905151709182'><General><Token>61111131252223224013000011333653</Token></General><Data></Data></Request>"}
[2019-09-05 15:17:09] 200 - OK - application/json
[2019-09-05 15:17:09] REQUEST POST - https://localhost:8082/public/ws/Config.asmx/All_Get
[2019-09-05 15:17:09] ---- FROM  ::1 (WinNT)
[2019-09-05 15:17:09] ---- BROWSER:  Chrome 76.0 (Mozilla/5.0 (Windows NT 10.0; Win64; x64) AppleWebKit/537.36 (KHTML, like Gecko) Chrome/76.0.3809.132 Safari/537.36)
[2019-09-05 15:17:09] ---- CONTENT: {data : "<?xml version='1.0' encoding='utf-8' ?><Request ID='20190905151709331'><General><Token>61111131252223224013000011333653</Token></General><Data></Data></Request>"}
[2019-09-05 15:17:09] 200 - OK - application/json
[2019-09-05 15:17:09] REQUEST POST - https://localhost:8082/public/ws/Config.asmx/All_Get
[2019-09-05 15:17:09] ---- FROM  ::1 (WinNT)
[2019-09-05 15:17:09] ---- BROWSER:  Chrome 76.0 (Mozilla/5.0 (Windows NT 10.0; Win64; x64) AppleWebKit/537.36 (KHTML, like Gecko) Chrome/76.0.3809.132 Safari/537.36)
[2019-09-05 15:17:09] ---- CONTENT: {data : "<?xml version='1.0' encoding='utf-8' ?><Request ID='20190905151709501'><General><Token>61111131252223224013000011333653</Token></General><Data></Data></Request>"}
[2019-09-05 15:17:09] 200 - OK - application/json
[2019-09-05 15:17:09] REQUEST GET - https://localhost:8082/public/ws/Resources.ashx/xml-general
[2019-09-05 15:17:09] ---- FROM  ::1 (WinNT)
[2019-09-05 15:17:09] ---- BROWSER:  Chrome 76.0 (Mozilla/5.0 (Windows NT 10.0; Win64; x64) AppleWebKit/537.36 (KHTML, like Gecko) Chrome/76.0.3809.132 Safari/537.36)
[2019-09-05 15:17:09] 200 - OK - text/xml
[2019-09-05 15:17:09] REQUEST GET - https://localhost:8082/public/ws/Resources.ashx/xml-general
[2019-09-05 15:17:09] ---- FROM  ::1 (WinNT)
[2019-09-05 15:17:09] ---- BROWSER:  Chrome 76.0 (Mozilla/5.0 (Windows NT 10.0; Win64; x64) AppleWebKit/537.36 (KHTML, like Gecko) Chrome/76.0.3809.132 Safari/537.36)
[2019-09-05 15:17:09] 200 - OK - text/xml
[2019-09-05 15:17:10] REQUEST GET - https://localhost:8082/settings/settings
[2019-09-05 15:17:10] ---- FROM  ::1 (WinNT)
[2019-09-05 15:17:10] ---- BROWSER:  Chrome 76.0 (Mozilla/5.0 (Windows NT 10.0; Win64; x64) AppleWebKit/537.36 (KHTML, like Gecko) Chrome/76.0.3809.132 Safari/537.36)
[2019-09-05 15:17:10] 200 - OK - text/html
[2019-09-05 15:17:11] REQUEST POST - https://localhost:8082/public/ws/Config.asmx/General_Get
[2019-09-05 15:17:11] ---- FROM  ::1 (WinNT)
[2019-09-05 15:17:11] ---- BROWSER:  Chrome 76.0 (Mozilla/5.0 (Windows NT 10.0; Win64; x64) AppleWebKit/537.36 (KHTML, like Gecko) Chrome/76.0.3809.132 Safari/537.36)
[2019-09-05 15:17:11] ---- CONTENT: {data : "<?xml version='1.0' encoding='utf-8' ?><Request ID='20190905151711871'><General><Token>61111131252223224013000011333653</Token></General><Data></Data></Request>"}
[2019-09-05 15:17:11] 200 - OK - application/json
[2019-09-05 15:17:11] REQUEST POST - https://localhost:8082/public/ws/Config.asmx/All_Get
[2019-09-05 15:17:11] ---- FROM  ::1 (WinNT)
[2019-09-05 15:17:11] ---- BROWSER:  Chrome 76.0 (Mozilla/5.0 (Windows NT 10.0; Win64; x64) AppleWebKit/537.36 (KHTML, like Gecko) Chrome/76.0.3809.132 Safari/537.36)
[2019-09-05 15:17:11] ---- CONTENT: {data : "<?xml version='1.0' encoding='utf-8' ?><Request ID='20190905151711935'><General><Token>61111131252223224013000011333653</Token></General><Data></Data></Request>"}
[2019-09-05 15:17:11] 200 - OK - application/json
[2019-09-05 15:17:11] REQUEST POST - https://localhost:8082/public/ws/Economics.asmx/messaggi_summary
[2019-09-05 15:17:11] ---- FROM  ::1 (WinNT)
[2019-09-05 15:17:11] ---- BROWSER:  Chrome 76.0 (Mozilla/5.0 (Windows NT 10.0; Win64; x64) AppleWebKit/537.36 (KHTML, like Gecko) Chrome/76.0.3809.132 Safari/537.36)
[2019-09-05 15:17:11] ---- CONTENT: {data : "<?xml version='1.0' encoding='utf-8' ?><Request ID='20190905151711968'><General><Token>61111131252223224013000011333653</Token></General><Data></Data></Request>"}
[2019-09-05 15:17:11] 200 - OK - application/json
[2019-09-05 15:17:12] REQUEST POST - https://localhost:8082/public/ws/Config.asmx/All_Get
[2019-09-05 15:17:12] ---- FROM  ::1 (WinNT)
[2019-09-05 15:17:12] ---- BROWSER:  Chrome 76.0 (Mozilla/5.0 (Windows NT 10.0; Win64; x64) AppleWebKit/537.36 (KHTML, like Gecko) Chrome/76.0.3809.132 Safari/537.36)
[2019-09-05 15:17:12] ---- CONTENT: {data : "<?xml version='1.0' encoding='utf-8' ?><Request ID='2019090515171225'><General><Token>61111131252223224013000011333653</Token></General><Data></Data></Request>"}
[2019-09-05 15:17:12] 200 - OK - application/json
[2019-09-05 15:17:12] REQUEST POST - https://localhost:8082/public/ws/Config.asmx/All_Get
[2019-09-05 15:17:12] ---- FROM  ::1 (WinNT)
[2019-09-05 15:17:12] ---- BROWSER:  Chrome 76.0 (Mozilla/5.0 (Windows NT 10.0; Win64; x64) AppleWebKit/537.36 (KHTML, like Gecko) Chrome/76.0.3809.132 Safari/537.36)
[2019-09-05 15:17:12] ---- CONTENT: {data : "<?xml version='1.0' encoding='utf-8' ?><Request ID='2019090515171296'><General><Token>61111131252223224013000011333653</Token></General><Data></Data></Request>"}
[2019-09-05 15:17:12] REQUEST GET - https://localhost:8082/public/ws/Resources.ashx/xml-general
[2019-09-05 15:17:12] ---- FROM  ::1 (WinNT)
[2019-09-05 15:17:12] ---- BROWSER:  Chrome 76.0 (Mozilla/5.0 (Windows NT 10.0; Win64; x64) AppleWebKit/537.36 (KHTML, like Gecko) Chrome/76.0.3809.132 Safari/537.36)
[2019-09-05 15:17:12] 200 - OK - text/xml
[2019-09-05 15:17:12] 200 - OK - application/json
[2019-09-05 15:17:12] REQUEST GET - https://localhost:8082/public/ws/Resources.ashx/xml-general
[2019-09-05 15:17:12] ---- FROM  ::1 (WinNT)
[2019-09-05 15:17:12] ---- BROWSER:  Chrome 76.0 (Mozilla/5.0 (Windows NT 10.0; Win64; x64) AppleWebKit/537.36 (KHTML, like Gecko) Chrome/76.0.3809.132 Safari/537.36)
[2019-09-05 15:17:12] 200 - OK - text/xml
[2019-09-05 15:18:12] REQUEST GET - https://localhost:8082/settings/settings
[2019-09-05 15:18:12] ---- FROM  ::1 (WinNT)
[2019-09-05 15:18:12] ---- BROWSER:  Chrome 76.0 (Mozilla/5.0 (Windows NT 10.0; Win64; x64) AppleWebKit/537.36 (KHTML, like Gecko) Chrome/76.0.3809.132 Safari/537.36)
[2019-09-05 15:18:12] 200 - OK - text/html
[2019-09-05 15:18:14] REQUEST POST - https://localhost:8082/public/ws/Config.asmx/General_Get
[2019-09-05 15:18:14] ---- FROM  ::1 (WinNT)
[2019-09-05 15:18:14] ---- BROWSER:  Chrome 76.0 (Mozilla/5.0 (Windows NT 10.0; Win64; x64) AppleWebKit/537.36 (KHTML, like Gecko) Chrome/76.0.3809.132 Safari/537.36)
[2019-09-05 15:18:14] ---- CONTENT: {data : "<?xml version='1.0' encoding='utf-8' ?><Request ID='20190905151814897'><General><Token>61111131252223224013000011333653</Token></General><Data></Data></Request>"}
[2019-09-05 15:18:14] 200 - OK - application/json
[2019-09-05 15:18:16] REQUEST POST - https://localhost:8082/public/ws/Config.asmx/All_Get
[2019-09-05 15:18:16] ---- FROM  ::1 (WinNT)
[2019-09-05 15:18:16] ---- BROWSER:  Chrome 76.0 (Mozilla/5.0 (Windows NT 10.0; Win64; x64) AppleWebKit/537.36 (KHTML, like Gecko) Chrome/76.0.3809.132 Safari/537.36)
[2019-09-05 15:18:16] ---- CONTENT: {data : "<?xml version='1.0' encoding='utf-8' ?><Request ID='20190905151816763'><General><Token>61111131252223224013000011333653</Token></General><Data></Data></Request>"}
[2019-09-05 15:18:16] 200 - OK - application/json
[2019-09-05 15:18:17] REQUEST POST - https://localhost:8082/public/ws/Config.asmx/All_Get
[2019-09-05 15:18:17] ---- FROM  ::1 (WinNT)
[2019-09-05 15:18:17] ---- BROWSER:  Chrome 76.0 (Mozilla/5.0 (Windows NT 10.0; Win64; x64) AppleWebKit/537.36 (KHTML, like Gecko) Chrome/76.0.3809.132 Safari/537.36)
[2019-09-05 15:18:17] ---- CONTENT: {data : "<?xml version='1.0' encoding='utf-8' ?><Request ID='2019090515181757'><General><Token>61111131252223224013000011333653</Token></General><Data></Data></Request>"}
[2019-09-05 15:18:17] 200 - OK - application/json
[2019-09-05 15:18:17] REQUEST GET - https://localhost:8082/public/ws/Resources.ashx/xml-general
[2019-09-05 15:18:17] ---- FROM  ::1 (WinNT)
[2019-09-05 15:18:17] ---- BROWSER:  Chrome 76.0 (Mozilla/5.0 (Windows NT 10.0; Win64; x64) AppleWebKit/537.36 (KHTML, like Gecko) Chrome/76.0.3809.132 Safari/537.36)
[2019-09-05 15:18:17] REQUEST GET - https://localhost:8082/public/ws/Resources.ashx/xml-general
[2019-09-05 15:18:17] ---- FROM  ::1 (WinNT)
[2019-09-05 15:18:17] ---- BROWSER:  Chrome 76.0 (Mozilla/5.0 (Windows NT 10.0; Win64; x64) AppleWebKit/537.36 (KHTML, like Gecko) Chrome/76.0.3809.132 Safari/537.36)
[2019-09-05 15:18:17] 200 - OK - text/xml
[2019-09-05 15:18:17] 200 - OK - text/xml
[2019-09-05 15:18:17] REQUEST POST - https://localhost:8082/public/ws/Economics.asmx/messaggi_summary
[2019-09-05 15:18:17] ---- FROM  ::1 (WinNT)
[2019-09-05 15:18:17] ---- BROWSER:  Chrome 76.0 (Mozilla/5.0 (Windows NT 10.0; Win64; x64) AppleWebKit/537.36 (KHTML, like Gecko) Chrome/76.0.3809.132 Safari/537.36)
[2019-09-05 15:18:17] ---- CONTENT: {data : "<?xml version='1.0' encoding='utf-8' ?><Request ID='20190905151817735'><General><Token>61111131252223224013000011333653</Token></General><Data></Data></Request>"}
[2019-09-05 15:18:17] 200 - OK - application/json
[2019-09-05 15:18:17] REQUEST POST - https://localhost:8082/public/ws/Config.asmx/All_Get
[2019-09-05 15:18:17] ---- FROM  ::1 (WinNT)
[2019-09-05 15:18:17] ---- BROWSER:  Chrome 76.0 (Mozilla/5.0 (Windows NT 10.0; Win64; x64) AppleWebKit/537.36 (KHTML, like Gecko) Chrome/76.0.3809.132 Safari/537.36)
[2019-09-05 15:18:17] ---- CONTENT: {data : "<?xml version='1.0' encoding='utf-8' ?><Request ID='20190905151817888'><General><Token>61111131252223224013000011333653</Token></General><Data></Data></Request>"}
[2019-09-05 15:18:17] 200 - OK - application/json
[2019-09-05 15:18:21] REQUEST GET - https://localhost:8082/settings/settings
[2019-09-05 15:18:21] ---- FROM  ::1 (WinNT)
[2019-09-05 15:18:21] ---- BROWSER:  Chrome 76.0 (Mozilla/5.0 (Windows NT 10.0; Win64; x64) AppleWebKit/537.36 (KHTML, like Gecko) Chrome/76.0.3809.132 Safari/537.36)
[2019-09-05 15:18:21] 200 - OK - text/html
[2019-09-05 15:18:21] REQUEST POST - https://localhost:8082/public/ws/Config.asmx/General_Get
[2019-09-05 15:18:21] ---- FROM  ::1 (WinNT)
[2019-09-05 15:18:21] ---- BROWSER:  Chrome 76.0 (Mozilla/5.0 (Windows NT 10.0; Win64; x64) AppleWebKit/537.36 (KHTML, like Gecko) Chrome/76.0.3809.132 Safari/537.36)
[2019-09-05 15:18:21] ---- CONTENT: {data : "<?xml version='1.0' encoding='utf-8' ?><Request ID='20190905151821670'><General><Token>61111131252223224013000011333653</Token></General><Data></Data></Request>"}
[2019-09-05 15:18:21] 200 - OK - application/json
[2019-09-05 15:18:21] REQUEST POST - https://localhost:8082/public/ws/Economics.asmx/messaggi_summary
[2019-09-05 15:18:21] ---- FROM  ::1 (WinNT)
[2019-09-05 15:18:21] ---- BROWSER:  Chrome 76.0 (Mozilla/5.0 (Windows NT 10.0; Win64; x64) AppleWebKit/537.36 (KHTML, like Gecko) Chrome/76.0.3809.132 Safari/537.36)
[2019-09-05 15:18:21] ---- CONTENT: {data : "<?xml version='1.0' encoding='utf-8' ?><Request ID='20190905151821780'><General><Token>61111131252223224013000011333653</Token></General><Data></Data></Request>"}
[2019-09-05 15:18:21] 200 - OK - application/json
[2019-09-05 15:18:21] REQUEST POST - https://localhost:8082/public/ws/Config.asmx/All_Get
[2019-09-05 15:18:21] ---- FROM  ::1 (WinNT)
[2019-09-05 15:18:21] ---- BROWSER:  Chrome 76.0 (Mozilla/5.0 (Windows NT 10.0; Win64; x64) AppleWebKit/537.36 (KHTML, like Gecko) Chrome/76.0.3809.132 Safari/537.36)
[2019-09-05 15:18:21] ---- CONTENT: {data : "<?xml version='1.0' encoding='utf-8' ?><Request ID='20190905151821794'><General><Token>61111131252223224013000011333653</Token></General><Data></Data></Request>"}
[2019-09-05 15:18:21] 200 - OK - application/json
[2019-09-05 15:18:21] REQUEST POST - https://localhost:8082/public/ws/Config.asmx/All_Get
[2019-09-05 15:18:21] ---- FROM  ::1 (WinNT)
[2019-09-05 15:18:21] ---- BROWSER:  Chrome 76.0 (Mozilla/5.0 (Windows NT 10.0; Win64; x64) AppleWebKit/537.36 (KHTML, like Gecko) Chrome/76.0.3809.132 Safari/537.36)
[2019-09-05 15:18:21] ---- CONTENT: {data : "<?xml version='1.0' encoding='utf-8' ?><Request ID='20190905151821900'><General><Token>61111131252223224013000011333653</Token></General><Data></Data></Request>"}
[2019-09-05 15:18:21] 200 - OK - application/json
[2019-09-05 15:18:22] REQUEST POST - https://localhost:8082/public/ws/Config.asmx/All_Get
[2019-09-05 15:18:22] ---- FROM  ::1 (WinNT)
[2019-09-05 15:18:22] ---- BROWSER:  Chrome 76.0 (Mozilla/5.0 (Windows NT 10.0; Win64; x64) AppleWebKit/537.36 (KHTML, like Gecko) Chrome/76.0.3809.132 Safari/537.36)
[2019-09-05 15:18:22] ---- CONTENT: {data : "<?xml version='1.0' encoding='utf-8' ?><Request ID='20190905151821998'><General><Token>61111131252223224013000011333653</Token></General><Data></Data></Request>"}
[2019-09-05 15:18:22] REQUEST GET - https://localhost:8082/public/ws/Resources.ashx/xml-general
[2019-09-05 15:18:22] ---- FROM  ::1 (WinNT)
[2019-09-05 15:18:22] ---- BROWSER:  Chrome 76.0 (Mozilla/5.0 (Windows NT 10.0; Win64; x64) AppleWebKit/537.36 (KHTML, like Gecko) Chrome/76.0.3809.132 Safari/537.36)
[2019-09-05 15:18:22] 200 - OK - text/xml
[2019-09-05 15:18:22] 200 - OK - application/json
[2019-09-05 15:18:22] REQUEST GET - https://localhost:8082/public/ws/Resources.ashx/xml-general
[2019-09-05 15:18:22] ---- FROM  ::1 (WinNT)
[2019-09-05 15:18:22] ---- BROWSER:  Chrome 76.0 (Mozilla/5.0 (Windows NT 10.0; Win64; x64) AppleWebKit/537.36 (KHTML, like Gecko) Chrome/76.0.3809.132 Safari/537.36)
[2019-09-05 15:18:22] 200 - OK - text/xml
[2019-09-05 15:21:56] REQUEST GET - https://localhost:8082/public/aspx/Home.aspx?Token=61111131252223224013000011333653&TokenApiRest=eyJ0eXAiOiJKV1QiLCJhbGciOiJIUzI1NiJ9.eyJpc3MiOiJodHRwczpcL1wvd3d3cy5kZXYteWVhcC5pdCIsImlhdCI6MTU0MjI5NDMyMSwibmJmIjoxNTQyMjk0MzIxLCJleHAiOjE1NDI4OTkxMjEsImRhdGEiOnsidXNlciI6eyJpZCI6IjQ0In19fQ.RCP5OeoGASxAyBw1MbMD4BFJAcDM5JIXqYXKBALZcJI&Logo=https://localhost:8082/scratch/pl_logo.png&Title=Business Plan Test nr. 2
[2019-09-05 15:21:56] ---- FROM  ::1 (WinNT)
[2019-09-05 15:21:56] ---- BROWSER:  Chrome 76.0 (Mozilla/5.0 (Windows NT 10.0; Win64; x64) AppleWebKit/537.36 (KHTML, like Gecko) Chrome/76.0.3809.132 Safari/537.36)
[2019-09-05 15:21:56] 302 - Found - text/html
[2019-09-05 15:21:56] REQUEST GET - https://localhost:8082/home/welcome?Token=61111131252223224013000011333653&TokenApiRest=eyJ0eXAiOiJKV1QiLCJhbGciOiJIUzI1NiJ9.eyJpc3MiOiJodHRwczpcL1wvd3d3cy5kZXYteWVhcC5pdCIsImlhdCI6MTU0MjI5NDMyMSwibmJmIjoxNTQyMjk0MzIxLCJleHAiOjE1NDI4OTkxMjEsImRhdGEiOnsidXNlciI6eyJpZCI6IjQ0In19fQ.RCP5OeoGASxAyBw1MbMD4BFJAcDM5JIXqYXKBALZcJI&Logo=https://localhost:8082/scratch/pl_logo.png&Title=Business Plan Test nr. 2
[2019-09-05 15:21:56] ---- FROM  ::1 (WinNT)
[2019-09-05 15:21:56] ---- BROWSER:  Chrome 76.0 (Mozilla/5.0 (Windows NT 10.0; Win64; x64) AppleWebKit/537.36 (KHTML, like Gecko) Chrome/76.0.3809.132 Safari/537.36)
[2019-09-05 15:21:56] 200 - OK - text/html
[2019-09-05 15:22:01] REQUEST POST - https://localhost:8082/public/ws/General.asmx/Set
[2019-09-05 15:22:01] ---- FROM  ::1 (WinNT)
[2019-09-05 15:22:01] ---- BROWSER:  Chrome 76.0 (Mozilla/5.0 (Windows NT 10.0; Win64; x64) AppleWebKit/537.36 (KHTML, like Gecko) Chrome/76.0.3809.132 Safari/537.36)
[2019-09-05 15:22:01] ---- CONTENT: {data : "<?xml version='1.0' encoding='utf-8' ?><Request ID='20190905152201773'><General><Token>61111131252223224013000011333653</Token></General><Data><Nome>Business Plan Test nr. 2</Nome><Logo>https%3A%2F%2Flocalhost%3A8082%2Fscratch%2Fpl_logo.png</Logo></Data></Request>"}
[2019-09-05 15:22:01] 200 - OK - application/json
[2019-09-05 15:22:01] REQUEST POST - https://localhost:8082/public/ws/Config.asmx/Economics_Get
[2019-09-05 15:22:01] ---- FROM  ::1 (WinNT)
[2019-09-05 15:22:01] ---- BROWSER:  Chrome 76.0 (Mozilla/5.0 (Windows NT 10.0; Win64; x64) AppleWebKit/537.36 (KHTML, like Gecko) Chrome/76.0.3809.132 Safari/537.36)
[2019-09-05 15:22:01] ---- CONTENT: {data : "<?xml version='1.0' encoding='utf-8' ?><Request ID='20190905152201895'><General><Token>61111131252223224013000011333653</Token></General><Data></Data></Request>"}
[2019-09-05 15:22:01] 200 - OK - application/json
[2019-09-05 15:22:03] REQUEST POST - https://localhost:8082/public/ws/Config.asmx/All_Get
[2019-09-05 15:22:03] ---- FROM  ::1 (WinNT)
[2019-09-05 15:22:03] ---- BROWSER:  Chrome 76.0 (Mozilla/5.0 (Windows NT 10.0; Win64; x64) AppleWebKit/537.36 (KHTML, like Gecko) Chrome/76.0.3809.132 Safari/537.36)
[2019-09-05 15:22:03] ---- CONTENT: {data : "<?xml version='1.0' encoding='utf-8' ?><Request ID='20190905152203835'><General><Token>61111131252223224013000011333653</Token></General><Data></Data></Request>"}
[2019-09-05 15:22:03] 200 - OK - application/json
[2019-09-05 15:22:03] REQUEST POST - https://localhost:8082/public/ws/Economics.asmx/messaggi_summary
[2019-09-05 15:22:03] ---- FROM  ::1 (WinNT)
[2019-09-05 15:22:03] ---- BROWSER:  Chrome 76.0 (Mozilla/5.0 (Windows NT 10.0; Win64; x64) AppleWebKit/537.36 (KHTML, like Gecko) Chrome/76.0.3809.132 Safari/537.36)
[2019-09-05 15:22:03] ---- CONTENT: {data : "<?xml version='1.0' encoding='utf-8' ?><Request ID='20190905152203939'><General><Token>61111131252223224013000011333653</Token></General><Data></Data></Request>"}
[2019-09-05 15:22:03] 200 - OK - application/json
[2019-09-05 15:22:04] REQUEST POST - https://localhost:8082/public/ws/Config.asmx/All_Get
[2019-09-05 15:22:04] ---- FROM  ::1 (WinNT)
[2019-09-05 15:22:04] ---- BROWSER:  Chrome 76.0 (Mozilla/5.0 (Windows NT 10.0; Win64; x64) AppleWebKit/537.36 (KHTML, like Gecko) Chrome/76.0.3809.132 Safari/537.36)
[2019-09-05 15:22:04] ---- CONTENT: {data : "<?xml version='1.0' encoding='utf-8' ?><Request ID='2019090515220455'><General><Token>61111131252223224013000011333653</Token></General><Data></Data></Request>"}
[2019-09-05 15:22:04] 200 - OK - application/json
[2019-09-05 15:22:04] REQUEST POST - https://localhost:8082/public/ws/Config.asmx/All_Get
[2019-09-05 15:22:04] ---- FROM  ::1 (WinNT)
[2019-09-05 15:22:04] ---- BROWSER:  Chrome 76.0 (Mozilla/5.0 (Windows NT 10.0; Win64; x64) AppleWebKit/537.36 (KHTML, like Gecko) Chrome/76.0.3809.132 Safari/537.36)
[2019-09-05 15:22:04] ---- CONTENT: {data : "<?xml version='1.0' encoding='utf-8' ?><Request ID='20190905152204215'><General><Token>61111131252223224013000011333653</Token></General><Data></Data></Request>"}
[2019-09-05 15:22:04] 200 - OK - application/json
[2019-09-05 15:22:09] REQUEST GET - https://localhost:8082/settings/settings
[2019-09-05 15:22:09] ---- FROM  ::1 (WinNT)
[2019-09-05 15:22:09] ---- BROWSER:  Chrome 76.0 (Mozilla/5.0 (Windows NT 10.0; Win64; x64) AppleWebKit/537.36 (KHTML, like Gecko) Chrome/76.0.3809.132 Safari/537.36)
[2019-09-05 15:22:09] 200 - OK - text/html
[2019-09-05 15:22:12] REQUEST POST - https://localhost:8082/public/ws/Config.asmx/General_Get
[2019-09-05 15:22:12] ---- FROM  ::1 (WinNT)
[2019-09-05 15:22:12] ---- BROWSER:  Chrome 76.0 (Mozilla/5.0 (Windows NT 10.0; Win64; x64) AppleWebKit/537.36 (KHTML, like Gecko) Chrome/76.0.3809.132 Safari/537.36)
[2019-09-05 15:22:12] ---- CONTENT: {data : "<?xml version='1.0' encoding='utf-8' ?><Request ID='20190905152212847'><General><Token>61111131252223224013000011333653</Token></General><Data></Data></Request>"}
[2019-09-05 15:22:12] 200 - OK - application/json
[2019-09-05 15:22:15] REQUEST POST - https://localhost:8082/public/ws/Config.asmx/All_Get
[2019-09-05 15:22:15] ---- FROM  ::1 (WinNT)
[2019-09-05 15:22:15] ---- BROWSER:  Chrome 76.0 (Mozilla/5.0 (Windows NT 10.0; Win64; x64) AppleWebKit/537.36 (KHTML, like Gecko) Chrome/76.0.3809.132 Safari/537.36)
[2019-09-05 15:22:15] ---- CONTENT: {data : "<?xml version='1.0' encoding='utf-8' ?><Request ID='20190905152215221'><General><Token>61111131252223224013000011333653</Token></General><Data></Data></Request>"}
[2019-09-05 15:22:15] 200 - OK - application/json
[2019-09-05 15:22:15] REQUEST POST - https://localhost:8082/public/ws/Economics.asmx/messaggi_summary
[2019-09-05 15:22:15] ---- FROM  ::1 (WinNT)
[2019-09-05 15:22:15] ---- BROWSER:  Chrome 76.0 (Mozilla/5.0 (Windows NT 10.0; Win64; x64) AppleWebKit/537.36 (KHTML, like Gecko) Chrome/76.0.3809.132 Safari/537.36)
[2019-09-05 15:22:15] ---- CONTENT: {data : "<?xml version='1.0' encoding='utf-8' ?><Request ID='20190905152215507'><General><Token>61111131252223224013000011333653</Token></General><Data></Data></Request>"}
[2019-09-05 15:22:15] 200 - OK - application/json
[2019-09-05 15:22:15] REQUEST POST - https://localhost:8082/public/ws/Config.asmx/All_Get
[2019-09-05 15:22:15] ---- FROM  ::1 (WinNT)
[2019-09-05 15:22:15] ---- BROWSER:  Chrome 76.0 (Mozilla/5.0 (Windows NT 10.0; Win64; x64) AppleWebKit/537.36 (KHTML, like Gecko) Chrome/76.0.3809.132 Safari/537.36)
[2019-09-05 15:22:15] ---- CONTENT: {data : "<?xml version='1.0' encoding='utf-8' ?><Request ID='20190905152215601'><General><Token>61111131252223224013000011333653</Token></General><Data></Data></Request>"}
[2019-09-05 15:22:15] REQUEST POST - https://localhost:8082/public/ws/Config.asmx/All_Get
[2019-09-05 15:22:15] ---- FROM  ::1 (WinNT)
[2019-09-05 15:22:15] ---- BROWSER:  Chrome 76.0 (Mozilla/5.0 (Windows NT 10.0; Win64; x64) AppleWebKit/537.36 (KHTML, like Gecko) Chrome/76.0.3809.132 Safari/537.36)
[2019-09-05 15:22:15] ---- CONTENT: {data : "<?xml version='1.0' encoding='utf-8' ?><Request ID='20190905152215700'><General><Token>61111131252223224013000011333653</Token></General><Data></Data></Request>"}
[2019-09-05 15:22:15] REQUEST GET - https://localhost:8082/public/ws/Resources.ashx/xml-general
[2019-09-05 15:22:15] 200 - OK - application/json
[2019-09-05 15:22:15] ---- FROM  ::1 (WinNT)
[2019-09-05 15:22:15] ---- BROWSER:  Chrome 76.0 (Mozilla/5.0 (Windows NT 10.0; Win64; x64) AppleWebKit/537.36 (KHTML, like Gecko) Chrome/76.0.3809.132 Safari/537.36)
[2019-09-05 15:22:15] REQUEST GET - https://localhost:8082/public/ws/Resources.ashx/xml-general
[2019-09-05 15:22:15] ---- FROM  ::1 (WinNT)
[2019-09-05 15:22:15] ---- BROWSER:  Chrome 76.0 (Mozilla/5.0 (Windows NT 10.0; Win64; x64) AppleWebKit/537.36 (KHTML, like Gecko) Chrome/76.0.3809.132 Safari/537.36)
[2019-09-05 15:22:15] 200 - OK - text/xml
[2019-09-05 15:22:15] 200 - OK - application/json
[2019-09-05 15:22:15] 200 - OK - text/xml
[2019-09-05 15:22:18] REQUEST GET - https://localhost:8082/settings/settings
[2019-09-05 15:22:18] ---- FROM  ::1 (WinNT)
[2019-09-05 15:22:18] ---- BROWSER:  Chrome 76.0 (Mozilla/5.0 (Windows NT 10.0; Win64; x64) AppleWebKit/537.36 (KHTML, like Gecko) Chrome/76.0.3809.132 Safari/537.36)
[2019-09-05 15:22:18] 200 - OK - text/html
[2019-09-05 15:22:19] REQUEST POST - https://localhost:8082/public/ws/Config.asmx/General_Get
[2019-09-05 15:22:19] ---- FROM  ::1 (WinNT)
[2019-09-05 15:22:19] ---- BROWSER:  Chrome 76.0 (Mozilla/5.0 (Windows NT 10.0; Win64; x64) AppleWebKit/537.36 (KHTML, like Gecko) Chrome/76.0.3809.132 Safari/537.36)
[2019-09-05 15:22:19] ---- CONTENT: {data : "<?xml version='1.0' encoding='utf-8' ?><Request ID='20190905152219159'><General><Token>61111131252223224013000011333653</Token></General><Data></Data></Request>"}
[2019-09-05 15:22:19] 200 - OK - application/json
[2019-09-05 15:22:19] REQUEST POST - https://localhost:8082/public/ws/Economics.asmx/messaggi_summary
[2019-09-05 15:22:19] ---- FROM  ::1 (WinNT)
[2019-09-05 15:22:19] ---- BROWSER:  Chrome 76.0 (Mozilla/5.0 (Windows NT 10.0; Win64; x64) AppleWebKit/537.36 (KHTML, like Gecko) Chrome/76.0.3809.132 Safari/537.36)
[2019-09-05 15:22:19] ---- CONTENT: {data : "<?xml version='1.0' encoding='utf-8' ?><Request ID='20190905152219238'><General><Token>61111131252223224013000011333653</Token></General><Data></Data></Request>"}
[2019-09-05 15:22:19] 200 - OK - application/json
[2019-09-05 15:22:19] REQUEST POST - https://localhost:8082/public/ws/Config.asmx/All_Get
[2019-09-05 15:22:19] ---- FROM  ::1 (WinNT)
[2019-09-05 15:22:19] ---- BROWSER:  Chrome 76.0 (Mozilla/5.0 (Windows NT 10.0; Win64; x64) AppleWebKit/537.36 (KHTML, like Gecko) Chrome/76.0.3809.132 Safari/537.36)
[2019-09-05 15:22:19] ---- CONTENT: {data : "<?xml version='1.0' encoding='utf-8' ?><Request ID='20190905152219265'><General><Token>61111131252223224013000011333653</Token></General><Data></Data></Request>"}
[2019-09-05 15:22:19] 200 - OK - application/json
[2019-09-05 15:22:19] REQUEST POST - https://localhost:8082/public/ws/Config.asmx/All_Get
[2019-09-05 15:22:19] ---- FROM  ::1 (WinNT)
[2019-09-05 15:22:19] ---- BROWSER:  Chrome 76.0 (Mozilla/5.0 (Windows NT 10.0; Win64; x64) AppleWebKit/537.36 (KHTML, like Gecko) Chrome/76.0.3809.132 Safari/537.36)
[2019-09-05 15:22:19] ---- CONTENT: {data : "<?xml version='1.0' encoding='utf-8' ?><Request ID='20190905152219417'><General><Token>61111131252223224013000011333653</Token></General><Data></Data></Request>"}
[2019-09-05 15:22:19] REQUEST GET - https://localhost:8082/public/ws/Resources.ashx/xml-general
[2019-09-05 15:22:19] ---- FROM  ::1 (WinNT)
[2019-09-05 15:22:19] ---- BROWSER:  Chrome 76.0 (Mozilla/5.0 (Windows NT 10.0; Win64; x64) AppleWebKit/537.36 (KHTML, like Gecko) Chrome/76.0.3809.132 Safari/537.36)
[2019-09-05 15:22:19] 200 - OK - application/json
[2019-09-05 15:22:19] 200 - OK - text/xml
[2019-09-05 15:22:19] REQUEST GET - https://localhost:8082/public/ws/Resources.ashx/xml-general
[2019-09-05 15:22:19] ---- FROM  ::1 (WinNT)
[2019-09-05 15:22:19] ---- BROWSER:  Chrome 76.0 (Mozilla/5.0 (Windows NT 10.0; Win64; x64) AppleWebKit/537.36 (KHTML, like Gecko) Chrome/76.0.3809.132 Safari/537.36)
[2019-09-05 15:22:19] 200 - OK - text/xml
[2019-09-05 15:22:19] REQUEST POST - https://localhost:8082/public/ws/Config.asmx/All_Get
[2019-09-05 15:22:19] ---- FROM  ::1 (WinNT)
[2019-09-05 15:22:19] ---- BROWSER:  Chrome 76.0 (Mozilla/5.0 (Windows NT 10.0; Win64; x64) AppleWebKit/537.36 (KHTML, like Gecko) Chrome/76.0.3809.132 Safari/537.36)
[2019-09-05 15:22:19] ---- CONTENT: {data : "<?xml version='1.0' encoding='utf-8' ?><Request ID='20190905152219507'><General><Token>61111131252223224013000011333653</Token></General><Data></Data></Request>"}
[2019-09-05 15:22:19] 200 - OK - application/json
[2019-09-05 15:25:23] REQUEST GET - https://localhost:8082/public/aspx/Home.aspx?Token=61111131252223224013000011333653&TokenApiRest=eyJ0eXAiOiJKV1QiLCJhbGciOiJIUzI1NiJ9.eyJpc3MiOiJodHRwczpcL1wvd3d3cy5kZXYteWVhcC5pdCIsImlhdCI6MTU0MjI5NDMyMSwibmJmIjoxNTQyMjk0MzIxLCJleHAiOjE1NDI4OTkxMjEsImRhdGEiOnsidXNlciI6eyJpZCI6IjQ0In19fQ.RCP5OeoGASxAyBw1MbMD4BFJAcDM5JIXqYXKBALZcJI&Logo=https://localhost:8082/scratch/pl_logo.png&Title=Business Plan Test nr. 2
[2019-09-05 15:25:23] ---- FROM  ::1 (WinNT)
[2019-09-05 15:25:23] ---- BROWSER:  Chrome 76.0 (Mozilla/5.0 (Windows NT 10.0; Win64; x64) AppleWebKit/537.36 (KHTML, like Gecko) Chrome/76.0.3809.132 Safari/537.36)
[2019-09-05 15:25:23] 302 - Found - text/html
[2019-09-05 15:25:23] REQUEST GET - https://localhost:8082/home/welcome?Token=61111131252223224013000011333653&TokenApiRest=eyJ0eXAiOiJKV1QiLCJhbGciOiJIUzI1NiJ9.eyJpc3MiOiJodHRwczpcL1wvd3d3cy5kZXYteWVhcC5pdCIsImlhdCI6MTU0MjI5NDMyMSwibmJmIjoxNTQyMjk0MzIxLCJleHAiOjE1NDI4OTkxMjEsImRhdGEiOnsidXNlciI6eyJpZCI6IjQ0In19fQ.RCP5OeoGASxAyBw1MbMD4BFJAcDM5JIXqYXKBALZcJI&Logo=https://localhost:8082/scratch/pl_logo.png&Title=Business Plan Test nr. 2
[2019-09-05 15:25:23] ---- FROM  ::1 (WinNT)
[2019-09-05 15:25:23] ---- BROWSER:  Chrome 76.0 (Mozilla/5.0 (Windows NT 10.0; Win64; x64) AppleWebKit/537.36 (KHTML, like Gecko) Chrome/76.0.3809.132 Safari/537.36)
[2019-09-05 15:25:23] 200 - OK - text/html
