[2019-07-30 16:22:05] REQUEST POST - https://localhost:8082/public/ws/AnnoPrec.asmx/Set
[2019-07-30 16:22:05] ---- FROM  ::1 (WinNT)
[2019-07-30 16:22:05] ---- BROWSER:  Chrome 75.0 (Mozilla/5.0 (Windows NT 10.0; Win64; x64) AppleWebKit/537.36 (KHTML, like Gecko) Chrome/75.0.3770.142 Safari/537.36)
[2019-07-30 16:22:05] ---- CONTENT: {data : "<?xml version='1.0' encoding='utf-8'?><Request ID='20190730162204735'><General><Token>61111131252223224013000011333653</Token></General><Data><Anni><Anno ID='1'><CreditiDebitiSoci><AP_CreditiSociMedio>17888000</AP_CreditiSociMedio><AP_DebitiSociMedio>0</AP_DebitiSociMedio></CreditiDebitiSoci><CreditiDebitiMedio><AP_CreditiMedioLungo>103917000</AP_CreditiMedioLungo><AP_DebitiMedioLungo>40146000</AP_DebitiMedioLungo></CreditiDebitiMedio></Anno><Anno ID='2'><CreditiDebitiSoci><AP_CreditiSociMedio>0</AP_CreditiSociMedio><AP_DebitiSociMedio>0</AP_DebitiSociMedio></CreditiDebitiSoci><CreditiDebitiMedio><AP_CreditiMedioLungo>0</AP_CreditiMedioLungo><AP_DebitiMedioLungo>0</AP_DebitiMedioLungo></CreditiDebitiMedio></Anno><Anno ID='3'><CreditiDebitiSoci><AP_CreditiSociMedio>10000000</AP_CreditiSociMedio><AP_DebitiSociMedio>0</AP_DebitiSociMedio></CreditiDebitiSoci><CreditiDebitiMedio><AP_CreditiMedioLungo>0</AP_CreditiMedioLungo><AP_DebitiMedioLungo>0</AP_DebitiMedioLungo></CreditiDebitiMedio></Anno></Anni><Liquidita><AP_Liquidita>59933000</AP_Liquidita><AP_Capitale>50000000</AP_Capitale><AP_Riserve>9788000</AP_Riserve><AP_Utile>38171000</AP_Utile><AP_NuovoUtile>49658000</AP_NuovoUtile></Liquidita><Rimanenze><AP_RimanenzePF>0</AP_RimanenzePF><AP_RimanenzeMP>0</AP_RimanenzeMP></Rimanenze><CreditiDebitiBreve><AP_CreditiSociBreve>0</AP_CreditiSociBreve><AP_DebitiSociBreve>0</AP_DebitiSociBreve><AP_CreditiComm>222711000</AP_CreditiComm><AP_DebitiComm>89136000</AP_DebitiComm><AP_AltriCrediti>0</AP_AltriCrediti><AP_AltriDebiti>0</AP_AltriDebiti><AP_CreditoIVA>4077000</AP_CreditoIVA><AP_CreditiTributari>0</AP_CreditiTributari><AP_DebitiTributari>0</AP_DebitiTributari></CreditiDebitiBreve><Tfr><AP_Tfr>101564000</AP_Tfr><AP_AltriFondi>15339000</AP_AltriFondi></Tfr><ImmFinanziarie_Partecipazioni><AP_Partecipazioni>27155000</AP_Partecipazioni></ImmFinanziarie_Partecipazioni><FinanziamentiBreve><AP_F_FinanziamentiABreve>13603000</AP_F_FinanziamentiABreve></FinanziamentiBreve><ImmMateriali><Investimento ID='1'><AP_IM_ValoreResiduo>0</AP_IM_ValoreResiduo><AP_IM_AmmortamentoAnnuale>0</AP_IM_AmmortamentoAnnuale><AP_IM_Iperammortamento>0</AP_IM_Iperammortamento></Investimento><Investimento ID='2'><AP_IM_ValoreResiduo>0</AP_IM_ValoreResiduo><AP_IM_AmmortamentoAnnuale>0</AP_IM_AmmortamentoAnnuale><AP_IM_Iperammortamento>0</AP_IM_Iperammortamento></Investimento><Investimento ID='3'><AP_IM_ValoreResiduo>0</AP_IM_ValoreResiduo><AP_IM_AmmortamentoAnnuale>0</AP_IM_AmmortamentoAnnuale><AP_IM_Iperammortamento>0</AP_IM_Iperammortamento></Investimento><Investimento ID='4'><AP_IM_ValoreResiduo>0</AP_IM_ValoreResiduo><AP_IM_AmmortamentoAnnuale>0</AP_IM_AmmortamentoAnnuale><AP_IM_Iperammortamento>0</AP_IM_Iperammortamento></Investimento></ImmMateriali><ImmImmateriali><Investimento ID='1'><AP_II_ValoreResiduo>19287000</AP_II_ValoreResiduo><AP_II_AmmortamentoAnnuale>2896000</AP_II_AmmortamentoAnnuale></Investimento><Investimento ID='2'><AP_II_ValoreResiduo>0</AP_II_ValoreResiduo><AP_II_AmmortamentoAnnuale>0</AP_II_AmmortamentoAnnuale></Investimento><Investimento ID='3'><AP_II_ValoreResiduo>0</AP_II_ValoreResiduo><AP_II_AmmortamentoAnnuale>0</AP_II_AmmortamentoAnnuale></Investimento><Investimento ID='4'><AP_II_ValoreResiduo>0</AP_II_ValoreResiduo><AP_II_AmmortamentoAnnuale>0</AP_II_AmmortamentoAnnuale></Investimento></ImmImmateriali><ImmFinanziarie_Titoli><Titolo ID='1'><AP_IF_Valore>345000000</AP_IF_Valore><AP_IF_AnniResidui>5000</AP_IF_AnniResidui><AP_IF_InteressiPerc>0</AP_IF_InteressiPerc><AP_IF_Interessi>0</AP_IF_Interessi></Titolo><Titolo ID='2'><AP_IF_Valore>0</AP_IF_Valore><AP_IF_AnniResidui>0</AP_IF_AnniResidui><AP_IF_InteressiPerc>0</AP_IF_InteressiPerc><AP_IF_Interessi>0</AP_IF_Interessi></Titolo><Titolo ID='3'><AP_IF_Valore>0</AP_IF_Valore><AP_IF_AnniResidui>0</AP_IF_AnniResidui><AP_IF_InteressiPerc>0</AP_IF_InteressiPerc><AP_IF_Interessi>0</AP_IF_Interessi></Titolo><Titolo ID='4'><AP_IF_Valore>0</AP_IF_Valore><AP_IF_AnniResidui>0</AP_IF_AnniResidui><AP_IF_InteressiPerc>0</AP_IF_InteressiPerc><AP_IF_Interessi>0</AP_IF_Interessi></Titolo></ImmFinanziarie_Titoli><Finanziamenti><Finanziamento ID='1'><AP_F_DebitoMedio>275166000</AP_F_DebitoMedio><AP_F_DebitoABreve>122854000</AP_F_DebitoABreve><AP_F_InteressiPerc>3000</AP_F_InteressiPerc></Finanziamento><Finanziamento ID='2'><AP_F_DebitoMedio>0</AP_F_DebitoMedio><AP_F_DebitoABreve>0</AP_F_DebitoABreve><AP_F_InteressiPerc>0</AP_F_InteressiPerc></Finanziamento><Finanziamento ID='3'><AP_F_DebitoMedio>0</AP_F_DebitoMedio><AP_F_DebitoABreve>0</AP_F_DebitoABreve><AP_F_InteressiPerc>0</AP_F_InteressiPerc></Finanziamento><Finanziamento ID='4'><AP_F_DebitoMedio>0</AP_F_DebitoMedio><AP_F_DebitoABreve>0</AP_F_DebitoABreve><AP_F_InteressiPerc>0</AP_F_InteressiPerc></Finanziamento></Finanziamenti></Data></Request>"}
[2019-07-30 16:22:05] 200 - OK - application/json
[2019-07-30 16:22:05] REQUEST POST - https://localhost:8082/public/ws/Economics.asmx/messaggi_summary
[2019-07-30 16:22:05] ---- FROM  ::1 (WinNT)
[2019-07-30 16:22:05] ---- BROWSER:  Chrome 75.0 (Mozilla/5.0 (Windows NT 10.0; Win64; x64) AppleWebKit/537.36 (KHTML, like Gecko) Chrome/75.0.3770.142 Safari/537.36)
[2019-07-30 16:22:05] ---- CONTENT: {data : "<?xml version='1.0' encoding='utf-8' ?><Request ID='20190730162205734'><General><Token>61111131252223224013000011333653</Token></General><Data></Data></Request>"}
[2019-07-30 16:22:05] 200 - OK - application/json
[2019-07-30 16:22:05] REQUEST POST - https://localhost:8082/public/ws/Config.asmx/All_Get
[2019-07-30 16:22:05] ---- FROM  ::1 (WinNT)
[2019-07-30 16:22:05] ---- BROWSER:  Chrome 75.0 (Mozilla/5.0 (Windows NT 10.0; Win64; x64) AppleWebKit/537.36 (KHTML, like Gecko) Chrome/75.0.3770.142 Safari/537.36)
[2019-07-30 16:22:05] ---- CONTENT: {data : "<?xml version='1.0' encoding='utf-8' ?><Request ID='20190730162205820'><General><Token>61111131252223224013000011333653</Token></General><Data></Data></Request>"}
[2019-07-30 16:22:05] 200 - OK - application/json
[2019-07-30 16:22:17] REQUEST POST - https://localhost:8082/public/ws/AnnoPrec.asmx/Set
[2019-07-30 16:22:17] ---- FROM  ::1 (WinNT)
[2019-07-30 16:22:17] ---- BROWSER:  Chrome 75.0 (Mozilla/5.0 (Windows NT 10.0; Win64; x64) AppleWebKit/537.36 (KHTML, like Gecko) Chrome/75.0.3770.142 Safari/537.36)
[2019-07-30 16:22:17] ---- CONTENT: {data : "<?xml version='1.0' encoding='utf-8'?><Request ID='20190730162217302'><General><Token>61111131252223224013000011333653</Token></General><Data><Anni><Anno ID='1'><CreditiDebitiSoci><AP_CreditiSociMedio>17888000</AP_CreditiSociMedio><AP_DebitiSociMedio>0</AP_DebitiSociMedio></CreditiDebitiSoci><CreditiDebitiMedio><AP_CreditiMedioLungo>103917000</AP_CreditiMedioLungo><AP_DebitiMedioLungo>40146000</AP_DebitiMedioLungo></CreditiDebitiMedio></Anno><Anno ID='2'><CreditiDebitiSoci><AP_CreditiSociMedio>0</AP_CreditiSociMedio><AP_DebitiSociMedio>0</AP_DebitiSociMedio></CreditiDebitiSoci><CreditiDebitiMedio><AP_CreditiMedioLungo>0</AP_CreditiMedioLungo><AP_DebitiMedioLungo>0</AP_DebitiMedioLungo></CreditiDebitiMedio></Anno><Anno ID='3'><CreditiDebitiSoci><AP_CreditiSociMedio>10000000</AP_CreditiSociMedio><AP_DebitiSociMedio>0</AP_DebitiSociMedio></CreditiDebitiSoci><CreditiDebitiMedio><AP_CreditiMedioLungo>0</AP_CreditiMedioLungo><AP_DebitiMedioLungo>0</AP_DebitiMedioLungo></CreditiDebitiMedio></Anno></Anni><Liquidita><AP_Liquidita>59933000</AP_Liquidita><AP_Capitale>50000000</AP_Capitale><AP_Riserve>9788000</AP_Riserve><AP_Utile>38171000</AP_Utile><AP_NuovoUtile>49658000</AP_NuovoUtile></Liquidita><Rimanenze><AP_RimanenzePF>0</AP_RimanenzePF><AP_RimanenzeMP>0</AP_RimanenzeMP></Rimanenze><CreditiDebitiBreve><AP_CreditiSociBreve>0</AP_CreditiSociBreve><AP_DebitiSociBreve>0</AP_DebitiSociBreve><AP_CreditiComm>222711000</AP_CreditiComm><AP_DebitiComm>89136000</AP_DebitiComm><AP_AltriCrediti>0</AP_AltriCrediti><AP_AltriDebiti>0</AP_AltriDebiti><AP_CreditoIVA>4077000</AP_CreditoIVA><AP_CreditiTributari>0</AP_CreditiTributari><AP_DebitiTributari>0</AP_DebitiTributari></CreditiDebitiBreve><Tfr><AP_Tfr>101564000</AP_Tfr><AP_AltriFondi>15339000</AP_AltriFondi></Tfr><ImmFinanziarie_Partecipazioni><AP_Partecipazioni>27155000</AP_Partecipazioni></ImmFinanziarie_Partecipazioni><FinanziamentiBreve><AP_F_FinanziamentiABreve>13603000</AP_F_FinanziamentiABreve></FinanziamentiBreve><ImmMateriali><Investimento ID='1'><AP_IM_ValoreResiduo>0</AP_IM_ValoreResiduo><AP_IM_AmmortamentoAnnuale>0</AP_IM_AmmortamentoAnnuale><AP_IM_Iperammortamento>0</AP_IM_Iperammortamento></Investimento><Investimento ID='2'><AP_IM_ValoreResiduo>0</AP_IM_ValoreResiduo><AP_IM_AmmortamentoAnnuale>0</AP_IM_AmmortamentoAnnuale><AP_IM_Iperammortamento>0</AP_IM_Iperammortamento></Investimento><Investimento ID='3'><AP_IM_ValoreResiduo>0</AP_IM_ValoreResiduo><AP_IM_AmmortamentoAnnuale>0</AP_IM_AmmortamentoAnnuale><AP_IM_Iperammortamento>0</AP_IM_Iperammortamento></Investimento><Investimento ID='4'><AP_IM_ValoreResiduo>0</AP_IM_ValoreResiduo><AP_IM_AmmortamentoAnnuale>0</AP_IM_AmmortamentoAnnuale><AP_IM_Iperammortamento>0</AP_IM_Iperammortamento></Investimento></ImmMateriali><ImmImmateriali><Investimento ID='1'><AP_II_ValoreResiduo>19287000</AP_II_ValoreResiduo><AP_II_AmmortamentoAnnuale>2896000</AP_II_AmmortamentoAnnuale></Investimento><Investimento ID='2'><AP_II_ValoreResiduo>0</AP_II_ValoreResiduo><AP_II_AmmortamentoAnnuale>0</AP_II_AmmortamentoAnnuale></Investimento><Investimento ID='3'><AP_II_ValoreResiduo>0</AP_II_ValoreResiduo><AP_II_AmmortamentoAnnuale>0</AP_II_AmmortamentoAnnuale></Investimento><Investimento ID='4'><AP_II_ValoreResiduo>0</AP_II_ValoreResiduo><AP_II_AmmortamentoAnnuale>0</AP_II_AmmortamentoAnnuale></Investimento></ImmImmateriali><ImmFinanziarie_Titoli><Titolo ID='1'><AP_IF_Valore>345000000</AP_IF_Valore><AP_IF_AnniResidui>5000</AP_IF_AnniResidui><AP_IF_InteressiPerc>0</AP_IF_InteressiPerc><AP_IF_Interessi>0</AP_IF_Interessi></Titolo><Titolo ID='2'><AP_IF_Valore>0</AP_IF_Valore><AP_IF_AnniResidui>0</AP_IF_AnniResidui><AP_IF_InteressiPerc>0</AP_IF_InteressiPerc><AP_IF_Interessi>0</AP_IF_Interessi></Titolo><Titolo ID='3'><AP_IF_Valore>0</AP_IF_Valore><AP_IF_AnniResidui>0</AP_IF_AnniResidui><AP_IF_InteressiPerc>0</AP_IF_InteressiPerc><AP_IF_Interessi>0</AP_IF_Interessi></Titolo><Titolo ID='4'><AP_IF_Valore>0</AP_IF_Valore><AP_IF_AnniResidui>0</AP_IF_AnniResidui><AP_IF_InteressiPerc>0</AP_IF_InteressiPerc><AP_IF_Interessi>0</AP_IF_Interessi></Titolo></ImmFinanziarie_Titoli><Finanziamenti><Finanziamento ID='1'><AP_F_DebitoMedio>275166000</AP_F_DebitoMedio><AP_F_DebitoABreve>122854000</AP_F_DebitoABreve><AP_F_InteressiPerc>3000</AP_F_InteressiPerc></Finanziamento><Finanziamento ID='2'><AP_F_DebitoMedio>0</AP_F_DebitoMedio><AP_F_DebitoABreve>0</AP_F_DebitoABreve><AP_F_InteressiPerc>0</AP_F_InteressiPerc></Finanziamento><Finanziamento ID='3'><AP_F_DebitoMedio>0</AP_F_DebitoMedio><AP_F_DebitoABreve>0</AP_F_DebitoABreve><AP_F_InteressiPerc>0</AP_F_InteressiPerc></Finanziamento><Finanziamento ID='4'><AP_F_DebitoMedio>0</AP_F_DebitoMedio><AP_F_DebitoABreve>0</AP_F_DebitoABreve><AP_F_InteressiPerc>0</AP_F_InteressiPerc></Finanziamento></Finanziamenti></Data></Request>"}
[2019-07-30 16:22:17] 200 - OK - application/json
[2019-07-30 16:22:17] REQUEST POST - https://localhost:8082/public/ws/Economics.asmx/PreCompileAnnoPrec
[2019-07-30 16:22:17] ---- FROM  ::1 (WinNT)
[2019-07-30 16:22:17] ---- BROWSER:  Chrome 75.0 (Mozilla/5.0 (Windows NT 10.0; Win64; x64) AppleWebKit/537.36 (KHTML, like Gecko) Chrome/75.0.3770.142 Safari/537.36)
[2019-07-30 16:22:17] ---- CONTENT: {data : "<?xml version='1.0' encoding='utf-8' ?><Request ID='20190730162217384'><General><Token>61111131252223224013000011333653</Token></General><Data></Data></Request>"}
[2019-07-30 16:22:17] 200 - OK - application/json
[2019-07-30 16:22:17] REQUEST POST - https://localhost:8082/public/ws/AnnoPrec.asmx/Get
[2019-07-30 16:22:17] ---- FROM  ::1 (WinNT)
[2019-07-30 16:22:17] ---- BROWSER:  Chrome 75.0 (Mozilla/5.0 (Windows NT 10.0; Win64; x64) AppleWebKit/537.36 (KHTML, like Gecko) Chrome/75.0.3770.142 Safari/537.36)
[2019-07-30 16:22:17] ---- CONTENT: {data : "<?xml version='1.0' encoding='utf-8' ?><Request ID='20190730162217566'><General><Token>61111131252223224013000011333653</Token></General><Data></Data></Request>"}
[2019-07-30 16:22:17] 200 - OK - application/json
[2019-07-30 16:22:17] REQUEST POST - https://localhost:8082/public/ws/Config.asmx/All_Get
[2019-07-30 16:22:17] ---- FROM  ::1 (WinNT)
[2019-07-30 16:22:17] ---- BROWSER:  Chrome 75.0 (Mozilla/5.0 (Windows NT 10.0; Win64; x64) AppleWebKit/537.36 (KHTML, like Gecko) Chrome/75.0.3770.142 Safari/537.36)
[2019-07-30 16:22:17] ---- CONTENT: {data : "<?xml version='1.0' encoding='utf-8' ?><Request ID='20190730162217747'><General><Token>61111131252223224013000011333653</Token></General><Data></Data></Request>"}
[2019-07-30 16:22:17] 200 - OK - application/json
[2019-07-30 16:22:17] REQUEST POST - https://localhost:8082/public/ws/Economics.asmx/messaggi_summary
[2019-07-30 16:22:17] ---- FROM  ::1 (WinNT)
[2019-07-30 16:22:17] ---- BROWSER:  Chrome 75.0 (Mozilla/5.0 (Windows NT 10.0; Win64; x64) AppleWebKit/537.36 (KHTML, like Gecko) Chrome/75.0.3770.142 Safari/537.36)
[2019-07-30 16:22:17] ---- CONTENT: {data : "<?xml version='1.0' encoding='utf-8' ?><Request ID='20190730162217800'><General><Token>61111131252223224013000011333653</Token></General><Data></Data></Request>"}
[2019-07-30 16:22:17] 200 - OK - application/json
[2019-07-30 16:22:17] REQUEST GET - https://localhost:8082/public/ws/Resources.ashx/xml-economics/61111131252223224013000011333653
[2019-07-30 16:22:17] ---- FROM  ::1 (WinNT)
[2019-07-30 16:22:17] ---- BROWSER:  Chrome 75.0 (Mozilla/5.0 (Windows NT 10.0; Win64; x64) AppleWebKit/537.36 (KHTML, like Gecko) Chrome/75.0.3770.142 Safari/537.36)
[2019-07-30 16:22:17] REQUEST POST - https://localhost:8082/public/ws/Config.asmx/All_Get
[2019-07-30 16:22:17] ---- FROM  ::1 (WinNT)
[2019-07-30 16:22:17] ---- BROWSER:  Chrome 75.0 (Mozilla/5.0 (Windows NT 10.0; Win64; x64) AppleWebKit/537.36 (KHTML, like Gecko) Chrome/75.0.3770.142 Safari/537.36)
[2019-07-30 16:22:17] ---- CONTENT: {data : "<?xml version='1.0' encoding='utf-8' ?><Request ID='20190730162217864'><General><Token>61111131252223224013000011333653</Token></General><Data></Data></Request>"}
[2019-07-30 16:22:17] 200 - OK - text/xml
[2019-07-30 16:22:17] 200 - OK - application/json
[2019-07-30 16:22:18] REQUEST POST - https://localhost:8082/public/ws/Config.asmx/All_Get
[2019-07-30 16:22:18] ---- FROM  ::1 (WinNT)
[2019-07-30 16:22:18] ---- BROWSER:  Chrome 75.0 (Mozilla/5.0 (Windows NT 10.0; Win64; x64) AppleWebKit/537.36 (KHTML, like Gecko) Chrome/75.0.3770.142 Safari/537.36)
[2019-07-30 16:22:18] ---- CONTENT: {data : "<?xml version='1.0' encoding='utf-8' ?><Request ID='20190730162218642'><General><Token>61111131252223224013000011333653</Token></General><Data></Data></Request>"}
[2019-07-30 16:22:18] 200 - OK - application/json
[2019-07-30 16:22:26] REQUEST GET - https://localhost:8082/economics/anno-precedente-prospetto
[2019-07-30 16:22:26] ---- FROM  ::1 (WinNT)
[2019-07-30 16:22:26] ---- BROWSER:  Chrome 75.0 (Mozilla/5.0 (Windows NT 10.0; Win64; x64) AppleWebKit/537.36 (KHTML, like Gecko) Chrome/75.0.3770.142 Safari/537.36)
[2019-07-30 16:22:26] 302 - Found - text/html
[2019-07-30 16:22:26] REQUEST GET - https://localhost:8082/public/aspx/Home.aspx?ReturnUrl=%2feconomics%2fanno-precedente-prospetto
[2019-07-30 16:22:26] ---- FROM  ::1 (WinNT)
[2019-07-30 16:22:26] ---- BROWSER:  Chrome 75.0 (Mozilla/5.0 (Windows NT 10.0; Win64; x64) AppleWebKit/537.36 (KHTML, like Gecko) Chrome/75.0.3770.142 Safari/537.36)
[2019-07-30 16:22:26] 200 - OK - text/html
[2019-07-30 16:22:35] REQUEST GET - https://localhost:8082/economics/anno-precedente-insert
[2019-07-30 16:22:35] ---- FROM  ::1 (WinNT)
[2019-07-30 16:22:35] ---- BROWSER:  Chrome 75.0 (Mozilla/5.0 (Windows NT 10.0; Win64; x64) AppleWebKit/537.36 (KHTML, like Gecko) Chrome/75.0.3770.142 Safari/537.36)
[2019-07-30 16:22:35] 302 - Found - text/html
[2019-07-30 16:22:35] REQUEST GET - https://localhost:8082/public/aspx/Home.aspx?ReturnUrl=%2feconomics%2fanno-precedente-insert
[2019-07-30 16:22:35] ---- FROM  ::1 (WinNT)
[2019-07-30 16:22:35] ---- BROWSER:  Chrome 75.0 (Mozilla/5.0 (Windows NT 10.0; Win64; x64) AppleWebKit/537.36 (KHTML, like Gecko) Chrome/75.0.3770.142 Safari/537.36)
[2019-07-30 16:22:35] 200 - OK - text/html
[2019-07-30 16:22:38] REQUEST GET - https://localhost:8082/public/aspx/Home.aspx?ReturnUrl=%2feconomics%2fanno-precedente-prospetto
[2019-07-30 16:22:38] ---- FROM  ::1 (WinNT)
[2019-07-30 16:22:38] ---- BROWSER:  Chrome 75.0 (Mozilla/5.0 (Windows NT 10.0; Win64; x64) AppleWebKit/537.36 (KHTML, like Gecko) Chrome/75.0.3770.142 Safari/537.36)
[2019-07-30 16:22:38] 200 - OK - text/html
[2019-07-30 16:22:42] REQUEST GET - https://localhost:8082/public/aspx/Home.aspx?Token=61111131252223224013000011333653&TokenApiRest=eyJ0eXAiOiJKV1QiLCJhbGciOiJIUzI1NiJ9.eyJpc3MiOiJodHRwczpcL1wvd3d3cy5kZXYteWVhcC5pdCIsImlhdCI6MTU0MjI5NDMyMSwibmJmIjoxNTQyMjk0MzIxLCJleHAiOjE1NDI4OTkxMjEsImRhdGEiOnsidXNlciI6eyJpZCI6IjQ0In19fQ.RCP5OeoGASxAyBw1MbMD4BFJAcDM5JIXqYXKBALZcJI&Logo=https://localhost:8082/scratch/pl_logo.png&Title=Business Plan Test nr. 2
[2019-07-30 16:22:42] ---- FROM  ::1 (WinNT)
[2019-07-30 16:22:42] ---- BROWSER:  Chrome 75.0 (Mozilla/5.0 (Windows NT 10.0; Win64; x64) AppleWebKit/537.36 (KHTML, like Gecko) Chrome/75.0.3770.142 Safari/537.36)
[2019-07-30 16:22:42] 302 - Found - text/html
[2019-07-30 16:22:42] REQUEST GET - https://localhost:8082/home/welcome?Token=61111131252223224013000011333653&TokenApiRest=eyJ0eXAiOiJKV1QiLCJhbGciOiJIUzI1NiJ9.eyJpc3MiOiJodHRwczpcL1wvd3d3cy5kZXYteWVhcC5pdCIsImlhdCI6MTU0MjI5NDMyMSwibmJmIjoxNTQyMjk0MzIxLCJleHAiOjE1NDI4OTkxMjEsImRhdGEiOnsidXNlciI6eyJpZCI6IjQ0In19fQ.RCP5OeoGASxAyBw1MbMD4BFJAcDM5JIXqYXKBALZcJI&Logo=https://localhost:8082/scratch/pl_logo.png&Title=Business Plan Test nr. 2
[2019-07-30 16:22:42] ---- FROM  ::1 (WinNT)
[2019-07-30 16:22:42] ---- BROWSER:  Chrome 75.0 (Mozilla/5.0 (Windows NT 10.0; Win64; x64) AppleWebKit/537.36 (KHTML, like Gecko) Chrome/75.0.3770.142 Safari/537.36)
[2019-07-30 16:22:42] 200 - OK - text/html
[2019-07-30 16:22:43] REQUEST POST - https://localhost:8082/public/ws/General.asmx/Set
[2019-07-30 16:22:43] ---- FROM  ::1 (WinNT)
[2019-07-30 16:22:43] ---- BROWSER:  Chrome 75.0 (Mozilla/5.0 (Windows NT 10.0; Win64; x64) AppleWebKit/537.36 (KHTML, like Gecko) Chrome/75.0.3770.142 Safari/537.36)
[2019-07-30 16:22:43] ---- CONTENT: {data : "<?xml version='1.0' encoding='utf-8' ?><Request ID='20190730162243257'><General><Token>61111131252223224013000011333653</Token></General><Data><Nome>Business Plan Test nr. 2</Nome><Logo>https%3A%2F%2Flocalhost%3A8082%2Fscratch%2Fpl_logo.png</Logo></Data></Request>"}
[2019-07-30 16:22:43] 200 - OK - application/json
[2019-07-30 16:22:43] REQUEST POST - https://localhost:8082/public/ws/Config.asmx/Economics_Get
[2019-07-30 16:22:43] ---- FROM  ::1 (WinNT)
[2019-07-30 16:22:43] ---- BROWSER:  Chrome 75.0 (Mozilla/5.0 (Windows NT 10.0; Win64; x64) AppleWebKit/537.36 (KHTML, like Gecko) Chrome/75.0.3770.142 Safari/537.36)
[2019-07-30 16:22:43] ---- CONTENT: {data : "<?xml version='1.0' encoding='utf-8' ?><Request ID='20190730162243300'><General><Token>61111131252223224013000011333653</Token></General><Data></Data></Request>"}
[2019-07-30 16:22:43] 200 - OK - application/json
[2019-07-30 16:22:43] REQUEST POST - https://localhost:8082/public/ws/Config.asmx/All_Get
[2019-07-30 16:22:43] ---- FROM  ::1 (WinNT)
[2019-07-30 16:22:43] ---- BROWSER:  Chrome 75.0 (Mozilla/5.0 (Windows NT 10.0; Win64; x64) AppleWebKit/537.36 (KHTML, like Gecko) Chrome/75.0.3770.142 Safari/537.36)
[2019-07-30 16:22:43] ---- CONTENT: {data : "<?xml version='1.0' encoding='utf-8' ?><Request ID='20190730162243382'><General><Token>61111131252223224013000011333653</Token></General><Data></Data></Request>"}
[2019-07-30 16:22:43] 200 - OK - application/json
[2019-07-30 16:22:43] REQUEST POST - https://localhost:8082/public/ws/Economics.asmx/messaggi_summary
[2019-07-30 16:22:43] ---- FROM  ::1 (WinNT)
[2019-07-30 16:22:43] ---- BROWSER:  Chrome 75.0 (Mozilla/5.0 (Windows NT 10.0; Win64; x64) AppleWebKit/537.36 (KHTML, like Gecko) Chrome/75.0.3770.142 Safari/537.36)
[2019-07-30 16:22:43] ---- CONTENT: {data : "<?xml version='1.0' encoding='utf-8' ?><Request ID='20190730162243399'><General><Token>61111131252223224013000011333653</Token></General><Data></Data></Request>"}
[2019-07-30 16:22:43] 200 - OK - application/json
[2019-07-30 16:22:43] REQUEST POST - https://localhost:8082/public/ws/Config.asmx/All_Get
[2019-07-30 16:22:43] ---- FROM  ::1 (WinNT)
[2019-07-30 16:22:43] ---- BROWSER:  Chrome 75.0 (Mozilla/5.0 (Windows NT 10.0; Win64; x64) AppleWebKit/537.36 (KHTML, like Gecko) Chrome/75.0.3770.142 Safari/537.36)
[2019-07-30 16:22:43] ---- CONTENT: {data : "<?xml version='1.0' encoding='utf-8' ?><Request ID='20190730162243430'><General><Token>61111131252223224013000011333653</Token></General><Data></Data></Request>"}
[2019-07-30 16:22:43] 200 - OK - application/json
[2019-07-30 16:22:43] REQUEST POST - https://localhost:8082/public/ws/Config.asmx/All_Get
[2019-07-30 16:22:43] ---- FROM  ::1 (WinNT)
[2019-07-30 16:22:43] ---- BROWSER:  Chrome 75.0 (Mozilla/5.0 (Windows NT 10.0; Win64; x64) AppleWebKit/537.36 (KHTML, like Gecko) Chrome/75.0.3770.142 Safari/537.36)
[2019-07-30 16:22:43] ---- CONTENT: {data : "<?xml version='1.0' encoding='utf-8' ?><Request ID='20190730162243530'><General><Token>61111131252223224013000011333653</Token></General><Data></Data></Request>"}
[2019-07-30 16:22:43] 200 - OK - application/json
[2019-07-30 16:22:58] REQUEST GET - https://localhost:8082/economics/anno-precedente-prospetto
[2019-07-30 16:22:58] ---- FROM  ::1 (WinNT)
[2019-07-30 16:22:58] ---- BROWSER:  Chrome 75.0 (Mozilla/5.0 (Windows NT 10.0; Win64; x64) AppleWebKit/537.36 (KHTML, like Gecko) Chrome/75.0.3770.142 Safari/537.36)
[2019-07-30 16:22:58] 200 - OK - text/html
[2019-07-30 16:22:59] REQUEST POST - https://localhost:8082/public/ws/AnnoPrec.asmx/Get
[2019-07-30 16:22:59] ---- FROM  ::1 (WinNT)
[2019-07-30 16:22:59] ---- BROWSER:  Chrome 75.0 (Mozilla/5.0 (Windows NT 10.0; Win64; x64) AppleWebKit/537.36 (KHTML, like Gecko) Chrome/75.0.3770.142 Safari/537.36)
[2019-07-30 16:22:59] ---- CONTENT: {data : "<?xml version='1.0' encoding='utf-8' ?><Request ID='20190730162259840'><General><Token>61111131252223224013000011333653</Token></General><Data></Data></Request>"}
[2019-07-30 16:22:59] 200 - OK - application/json
[2019-07-30 16:22:59] REQUEST POST - https://localhost:8082/public/ws/Config.asmx/All_Get
[2019-07-30 16:22:59] ---- FROM  ::1 (WinNT)
[2019-07-30 16:22:59] ---- BROWSER:  Chrome 75.0 (Mozilla/5.0 (Windows NT 10.0; Win64; x64) AppleWebKit/537.36 (KHTML, like Gecko) Chrome/75.0.3770.142 Safari/537.36)
[2019-07-30 16:22:59] ---- CONTENT: {data : "<?xml version='1.0' encoding='utf-8' ?><Request ID='20190730162259889'><General><Token>61111131252223224013000011333653</Token></General><Data></Data></Request>"}
[2019-07-30 16:22:59] 200 - OK - application/json
[2019-07-30 16:22:59] REQUEST POST - https://localhost:8082/public/ws/Economics.asmx/messaggi_summary
[2019-07-30 16:22:59] ---- FROM  ::1 (WinNT)
[2019-07-30 16:22:59] ---- BROWSER:  Chrome 75.0 (Mozilla/5.0 (Windows NT 10.0; Win64; x64) AppleWebKit/537.36 (KHTML, like Gecko) Chrome/75.0.3770.142 Safari/537.36)
[2019-07-30 16:22:59] ---- CONTENT: {data : "<?xml version='1.0' encoding='utf-8' ?><Request ID='20190730162259916'><General><Token>61111131252223224013000011333653</Token></General><Data></Data></Request>"}
[2019-07-30 16:22:59] 200 - OK - application/json
[2019-07-30 16:22:59] REQUEST GET - https://localhost:8082/public/ws/Resources.ashx/xml-economics/61111131252223224013000011333653
[2019-07-30 16:22:59] ---- FROM  ::1 (WinNT)
[2019-07-30 16:22:59] ---- BROWSER:  Chrome 75.0 (Mozilla/5.0 (Windows NT 10.0; Win64; x64) AppleWebKit/537.36 (KHTML, like Gecko) Chrome/75.0.3770.142 Safari/537.36)
[2019-07-30 16:22:59] 200 - OK - text/xml
[2019-07-30 16:22:59] REQUEST POST - https://localhost:8082/public/ws/Config.asmx/All_Get
[2019-07-30 16:22:59] ---- FROM  ::1 (WinNT)
[2019-07-30 16:22:59] ---- BROWSER:  Chrome 75.0 (Mozilla/5.0 (Windows NT 10.0; Win64; x64) AppleWebKit/537.36 (KHTML, like Gecko) Chrome/75.0.3770.142 Safari/537.36)
[2019-07-30 16:22:59] ---- CONTENT: {data : "<?xml version='1.0' encoding='utf-8' ?><Request ID='20190730162259981'><General><Token>61111131252223224013000011333653</Token></General><Data></Data></Request>"}
[2019-07-30 16:23:00] 200 - OK - application/json
[2019-07-30 16:23:00] REQUEST POST - https://localhost:8082/public/ws/Config.asmx/All_Get
[2019-07-30 16:23:00] ---- FROM  ::1 (WinNT)
[2019-07-30 16:23:00] ---- BROWSER:  Chrome 75.0 (Mozilla/5.0 (Windows NT 10.0; Win64; x64) AppleWebKit/537.36 (KHTML, like Gecko) Chrome/75.0.3770.142 Safari/537.36)
[2019-07-30 16:23:00] ---- CONTENT: {data : "<?xml version='1.0' encoding='utf-8' ?><Request ID='20190730162300538'><General><Token>61111131252223224013000011333653</Token></General><Data></Data></Request>"}
[2019-07-30 16:23:00] 200 - OK - application/json
[2019-07-30 16:23:20] REQUEST POST - https://localhost:8082/public/ws/AnnoPrec.asmx/Set
[2019-07-30 16:23:20] ---- FROM  ::1 (WinNT)
[2019-07-30 16:23:20] ---- BROWSER:  Chrome 75.0 (Mozilla/5.0 (Windows NT 10.0; Win64; x64) AppleWebKit/537.36 (KHTML, like Gecko) Chrome/75.0.3770.142 Safari/537.36)
[2019-07-30 16:23:20] ---- CONTENT: {data : "<?xml version='1.0' encoding='utf-8'?><Request ID='20190730162320409'><General><Token>61111131252223224013000011333653</Token></General><Data><Anni><Anno ID='1'/><Anno ID='2'/><Anno ID='3'/></Anni></Data></Request>"}
[2019-07-30 16:23:20] 200 - OK - application/json
[2019-07-30 16:23:20] REQUEST POST - https://localhost:8082/public/ws/Economics.asmx/Compile
[2019-07-30 16:23:20] ---- FROM  ::1 (WinNT)
[2019-07-30 16:23:20] ---- BROWSER:  Chrome 75.0 (Mozilla/5.0 (Windows NT 10.0; Win64; x64) AppleWebKit/537.36 (KHTML, like Gecko) Chrome/75.0.3770.142 Safari/537.36)
[2019-07-30 16:23:20] ---- CONTENT: {data : "<?xml version='1.0' encoding='utf-8' ?><Request ID='20190730162320533'><General><Token>61111131252223224013000011333653</Token></General><Data></Data></Request>"}
[2019-07-30 16:23:22] 200 - OK - application/json
[2019-07-30 16:23:22] REQUEST POST - https://localhost:8082/public/ws/AnnoPrec.asmx/Get
[2019-07-30 16:23:22] ---- FROM  ::1 (WinNT)
[2019-07-30 16:23:22] ---- BROWSER:  Chrome 75.0 (Mozilla/5.0 (Windows NT 10.0; Win64; x64) AppleWebKit/537.36 (KHTML, like Gecko) Chrome/75.0.3770.142 Safari/537.36)
[2019-07-30 16:23:22] ---- CONTENT: {data : "<?xml version='1.0' encoding='utf-8' ?><Request ID='2019073016232251'><General><Token>61111131252223224013000011333653</Token></General><Data></Data></Request>"}
[2019-07-30 16:23:22] 200 - OK - application/json
[2019-07-30 16:23:22] REQUEST POST - https://localhost:8082/public/ws/Config.asmx/All_Get
[2019-07-30 16:23:22] ---- FROM  ::1 (WinNT)
[2019-07-30 16:23:22] ---- BROWSER:  Chrome 75.0 (Mozilla/5.0 (Windows NT 10.0; Win64; x64) AppleWebKit/537.36 (KHTML, like Gecko) Chrome/75.0.3770.142 Safari/537.36)
[2019-07-30 16:23:22] ---- CONTENT: {data : "<?xml version='1.0' encoding='utf-8' ?><Request ID='2019073016232295'><General><Token>61111131252223224013000011333653</Token></General><Data></Data></Request>"}
[2019-07-30 16:23:22] 200 - OK - application/json
[2019-07-30 16:23:22] REQUEST POST - https://localhost:8082/public/ws/Economics.asmx/messaggi_summary
[2019-07-30 16:23:22] ---- FROM  ::1 (WinNT)
[2019-07-30 16:23:22] ---- BROWSER:  Chrome 75.0 (Mozilla/5.0 (Windows NT 10.0; Win64; x64) AppleWebKit/537.36 (KHTML, like Gecko) Chrome/75.0.3770.142 Safari/537.36)
[2019-07-30 16:23:22] ---- CONTENT: {data : "<?xml version='1.0' encoding='utf-8' ?><Request ID='20190730162322196'><General><Token>61111131252223224013000011333653</Token></General><Data></Data></Request>"}
[2019-07-30 16:23:22] 200 - OK - application/json
[2019-07-30 16:23:22] REQUEST POST - https://localhost:8082/public/ws/Config.asmx/All_Get
[2019-07-30 16:23:22] ---- FROM  ::1 (WinNT)
[2019-07-30 16:23:22] ---- BROWSER:  Chrome 75.0 (Mozilla/5.0 (Windows NT 10.0; Win64; x64) AppleWebKit/537.36 (KHTML, like Gecko) Chrome/75.0.3770.142 Safari/537.36)
[2019-07-30 16:23:22] ---- CONTENT: {data : "<?xml version='1.0' encoding='utf-8' ?><Request ID='20190730162322219'><General><Token>61111131252223224013000011333653</Token></General><Data></Data></Request>"}
[2019-07-30 16:23:22] REQUEST GET - https://localhost:8082/public/ws/Resources.ashx/xml-economics/61111131252223224013000011333653
[2019-07-30 16:23:22] ---- FROM  ::1 (WinNT)
[2019-07-30 16:23:22] ---- BROWSER:  Chrome 75.0 (Mozilla/5.0 (Windows NT 10.0; Win64; x64) AppleWebKit/537.36 (KHTML, like Gecko) Chrome/75.0.3770.142 Safari/537.36)
[2019-07-30 16:23:22] 200 - OK - application/json
[2019-07-30 16:23:22] 200 - OK - text/xml
[2019-07-30 16:23:23] REQUEST POST - https://localhost:8082/public/ws/Config.asmx/All_Get
[2019-07-30 16:23:23] ---- FROM  ::1 (WinNT)
[2019-07-30 16:23:23] ---- BROWSER:  Chrome 75.0 (Mozilla/5.0 (Windows NT 10.0; Win64; x64) AppleWebKit/537.36 (KHTML, like Gecko) Chrome/75.0.3770.142 Safari/537.36)
[2019-07-30 16:23:23] ---- CONTENT: {data : "<?xml version='1.0' encoding='utf-8' ?><Request ID='2019073016232392'><General><Token>61111131252223224013000011333653</Token></General><Data></Data></Request>"}
[2019-07-30 16:23:23] 200 - OK - application/json
[2019-07-30 16:23:38] REQUEST GET - https://localhost:8082/economics/anno-precedente-conferma
[2019-07-30 16:23:38] ---- FROM  ::1 (WinNT)
[2019-07-30 16:23:38] ---- BROWSER:  Chrome 75.0 (Mozilla/5.0 (Windows NT 10.0; Win64; x64) AppleWebKit/537.36 (KHTML, like Gecko) Chrome/75.0.3770.142 Safari/537.36)
[2019-07-30 16:23:38] 200 - OK - text/html
[2019-07-30 16:23:38] REQUEST POST - https://localhost:8082/public/ws/AnnoPrec.asmx/Valutazione
[2019-07-30 16:23:38] ---- FROM  ::1 (WinNT)
[2019-07-30 16:23:38] ---- BROWSER:  Chrome 75.0 (Mozilla/5.0 (Windows NT 10.0; Win64; x64) AppleWebKit/537.36 (KHTML, like Gecko) Chrome/75.0.3770.142 Safari/537.36)
[2019-07-30 16:23:38] ---- CONTENT: {data : "<?xml version='1.0' encoding='utf-8' ?><Request ID='20190730162338496'><General><Token>61111131252223224013000011333653</Token></General><Data></Data></Request>"}
[2019-07-30 16:23:38] 200 - OK - application/json
[2019-07-30 16:23:38] REQUEST POST - https://localhost:8082/public/ws/Config.asmx/All_Get
[2019-07-30 16:23:38] ---- FROM  ::1 (WinNT)
[2019-07-30 16:23:38] ---- BROWSER:  Chrome 75.0 (Mozilla/5.0 (Windows NT 10.0; Win64; x64) AppleWebKit/537.36 (KHTML, like Gecko) Chrome/75.0.3770.142 Safari/537.36)
[2019-07-30 16:23:38] ---- CONTENT: {data : "<?xml version='1.0' encoding='utf-8' ?><Request ID='20190730162338568'><General><Token>61111131252223224013000011333653</Token></General><Data></Data></Request>"}
[2019-07-30 16:23:38] 200 - OK - application/json
[2019-07-30 16:23:38] REQUEST POST - https://localhost:8082/public/ws/Economics.asmx/messaggi_summary
[2019-07-30 16:23:38] ---- FROM  ::1 (WinNT)
[2019-07-30 16:23:38] ---- BROWSER:  Chrome 75.0 (Mozilla/5.0 (Windows NT 10.0; Win64; x64) AppleWebKit/537.36 (KHTML, like Gecko) Chrome/75.0.3770.142 Safari/537.36)
[2019-07-30 16:23:38] ---- CONTENT: {data : "<?xml version='1.0' encoding='utf-8' ?><Request ID='20190730162338607'><General><Token>61111131252223224013000011333653</Token></General><Data></Data></Request>"}
[2019-07-30 16:23:38] 200 - OK - application/json
[2019-07-30 16:23:38] REQUEST GET - https://localhost:8082/public/ws/Resources.ashx/xml-economics/61111131252223224013000011333653
[2019-07-30 16:23:38] ---- FROM  ::1 (WinNT)
[2019-07-30 16:23:38] ---- BROWSER:  Chrome 75.0 (Mozilla/5.0 (Windows NT 10.0; Win64; x64) AppleWebKit/537.36 (KHTML, like Gecko) Chrome/75.0.3770.142 Safari/537.36)
[2019-07-30 16:23:38] 200 - OK - text/xml
[2019-07-30 16:23:38] REQUEST POST - https://localhost:8082/public/ws/Config.asmx/All_Get
[2019-07-30 16:23:38] ---- FROM  ::1 (WinNT)
[2019-07-30 16:23:38] ---- BROWSER:  Chrome 75.0 (Mozilla/5.0 (Windows NT 10.0; Win64; x64) AppleWebKit/537.36 (KHTML, like Gecko) Chrome/75.0.3770.142 Safari/537.36)
[2019-07-30 16:23:38] ---- CONTENT: {data : "<?xml version='1.0' encoding='utf-8' ?><Request ID='20190730162338771'><General><Token>61111131252223224013000011333653</Token></General><Data></Data></Request>"}
[2019-07-30 16:23:38] 200 - OK - application/json
[2019-07-30 16:23:38] REQUEST POST - https://localhost:8082/public/ws/Config.asmx/All_Get
[2019-07-30 16:23:38] ---- FROM  ::1 (WinNT)
[2019-07-30 16:23:38] ---- BROWSER:  Chrome 75.0 (Mozilla/5.0 (Windows NT 10.0; Win64; x64) AppleWebKit/537.36 (KHTML, like Gecko) Chrome/75.0.3770.142 Safari/537.36)
[2019-07-30 16:23:38] ---- CONTENT: {data : "<?xml version='1.0' encoding='utf-8' ?><Request ID='20190730162338914'><General><Token>61111131252223224013000011333653</Token></General><Data></Data></Request>"}
[2019-07-30 16:23:38] 200 - OK - application/json
[2019-07-30 16:24:07] REQUEST GET - https://localhost:8082/economics/anno-precedente-prospetto
[2019-07-30 16:24:07] ---- FROM  ::1 (WinNT)
[2019-07-30 16:24:07] ---- BROWSER:  Chrome 75.0 (Mozilla/5.0 (Windows NT 10.0; Win64; x64) AppleWebKit/537.36 (KHTML, like Gecko) Chrome/75.0.3770.142 Safari/537.36)
[2019-07-30 16:24:07] 200 - OK - text/html
[2019-07-30 16:24:08] REQUEST POST - https://localhost:8082/public/ws/AnnoPrec.asmx/Get
[2019-07-30 16:24:08] ---- FROM  ::1 (WinNT)
[2019-07-30 16:24:08] ---- BROWSER:  Chrome 75.0 (Mozilla/5.0 (Windows NT 10.0; Win64; x64) AppleWebKit/537.36 (KHTML, like Gecko) Chrome/75.0.3770.142 Safari/537.36)
[2019-07-30 16:24:08] ---- CONTENT: {data : "<?xml version='1.0' encoding='utf-8' ?><Request ID='20190730162408940'><General><Token>61111131252223224013000011333653</Token></General><Data></Data></Request>"}
[2019-07-30 16:24:08] 200 - OK - application/json
[2019-07-30 16:24:08] REQUEST POST - https://localhost:8082/public/ws/Config.asmx/All_Get
[2019-07-30 16:24:08] ---- FROM  ::1 (WinNT)
[2019-07-30 16:24:08] ---- BROWSER:  Chrome 75.0 (Mozilla/5.0 (Windows NT 10.0; Win64; x64) AppleWebKit/537.36 (KHTML, like Gecko) Chrome/75.0.3770.142 Safari/537.36)
[2019-07-30 16:24:08] ---- CONTENT: {data : "<?xml version='1.0' encoding='utf-8' ?><Request ID='20190730162408983'><General><Token>61111131252223224013000011333653</Token></General><Data></Data></Request>"}
[2019-07-30 16:24:08] 200 - OK - application/json
[2019-07-30 16:24:09] REQUEST POST - https://localhost:8082/public/ws/Economics.asmx/messaggi_summary
[2019-07-30 16:24:09] ---- FROM  ::1 (WinNT)
[2019-07-30 16:24:09] ---- BROWSER:  Chrome 75.0 (Mozilla/5.0 (Windows NT 10.0; Win64; x64) AppleWebKit/537.36 (KHTML, like Gecko) Chrome/75.0.3770.142 Safari/537.36)
[2019-07-30 16:24:09] ---- CONTENT: {data : "<?xml version='1.0' encoding='utf-8' ?><Request ID='2019073016240913'><General><Token>61111131252223224013000011333653</Token></General><Data></Data></Request>"}
[2019-07-30 16:24:09] 200 - OK - application/json
[2019-07-30 16:24:09] REQUEST POST - https://localhost:8082/public/ws/Config.asmx/All_Get
[2019-07-30 16:24:09] ---- FROM  ::1 (WinNT)
[2019-07-30 16:24:09] ---- BROWSER:  Chrome 75.0 (Mozilla/5.0 (Windows NT 10.0; Win64; x64) AppleWebKit/537.36 (KHTML, like Gecko) Chrome/75.0.3770.142 Safari/537.36)
[2019-07-30 16:24:09] ---- CONTENT: {data : "<?xml version='1.0' encoding='utf-8' ?><Request ID='2019073016240940'><General><Token>61111131252223224013000011333653</Token></General><Data></Data></Request>"}
[2019-07-30 16:24:09] 200 - OK - application/json
[2019-07-30 16:24:09] REQUEST GET - https://localhost:8082/public/ws/Resources.ashx/xml-economics/61111131252223224013000011333653
[2019-07-30 16:24:09] ---- FROM  ::1 (WinNT)
[2019-07-30 16:24:09] ---- BROWSER:  Chrome 75.0 (Mozilla/5.0 (Windows NT 10.0; Win64; x64) AppleWebKit/537.36 (KHTML, like Gecko) Chrome/75.0.3770.142 Safari/537.36)
[2019-07-30 16:24:09] 200 - OK - text/xml
[2019-07-30 16:24:09] REQUEST POST - https://localhost:8082/public/ws/Config.asmx/All_Get
[2019-07-30 16:24:09] ---- FROM  ::1 (WinNT)
[2019-07-30 16:24:09] ---- BROWSER:  Chrome 75.0 (Mozilla/5.0 (Windows NT 10.0; Win64; x64) AppleWebKit/537.36 (KHTML, like Gecko) Chrome/75.0.3770.142 Safari/537.36)
[2019-07-30 16:24:09] ---- CONTENT: {data : "<?xml version='1.0' encoding='utf-8' ?><Request ID='20190730162409961'><General><Token>61111131252223224013000011333653</Token></General><Data></Data></Request>"}
[2019-07-30 16:24:09] 200 - OK - application/json
[2019-07-30 16:29:03] REQUEST GET - https://localhost:8082/economics/conto-economico
[2019-07-30 16:29:03] ---- FROM  ::1 (WinNT)
[2019-07-30 16:29:03] ---- BROWSER:  Chrome 75.0 (Mozilla/5.0 (Windows NT 10.0; Win64; x64) AppleWebKit/537.36 (KHTML, like Gecko) Chrome/75.0.3770.142 Safari/537.36)
[2019-07-30 16:29:03] 200 - OK - text/html
[2019-07-30 16:29:04] REQUEST POST - https://localhost:8082/public/ws/Economics.asmx/ContoEconomico
[2019-07-30 16:29:04] ---- FROM  ::1 (WinNT)
[2019-07-30 16:29:04] ---- BROWSER:  Chrome 75.0 (Mozilla/5.0 (Windows NT 10.0; Win64; x64) AppleWebKit/537.36 (KHTML, like Gecko) Chrome/75.0.3770.142 Safari/537.36)
[2019-07-30 16:29:04] ---- CONTENT: {data : "<?xml version='1.0' encoding='utf-8' ?><Request ID='20190730162904377'><General><Token>61111131252223224013000011333653</Token></General><Data></Data></Request>"}
[2019-07-30 16:29:04] 200 - OK - application/json
[2019-07-30 16:29:04] REQUEST POST - https://localhost:8082/public/ws/Config.asmx/All_Get
[2019-07-30 16:29:04] ---- FROM  ::1 (WinNT)
[2019-07-30 16:29:04] ---- BROWSER:  Chrome 75.0 (Mozilla/5.0 (Windows NT 10.0; Win64; x64) AppleWebKit/537.36 (KHTML, like Gecko) Chrome/75.0.3770.142 Safari/537.36)
[2019-07-30 16:29:04] ---- CONTENT: {data : "<?xml version='1.0' encoding='utf-8' ?><Request ID='20190730162904512'><General><Token>61111131252223224013000011333653</Token></General><Data></Data></Request>"}
[2019-07-30 16:29:04] 200 - OK - application/json
[2019-07-30 16:29:04] REQUEST GET - https://localhost:8082/public/ws/Resources.ashx/xml-economics/61111131252223224013000011333653
[2019-07-30 16:29:04] ---- FROM  ::1 (WinNT)
[2019-07-30 16:29:04] ---- BROWSER:  Chrome 75.0 (Mozilla/5.0 (Windows NT 10.0; Win64; x64) AppleWebKit/537.36 (KHTML, like Gecko) Chrome/75.0.3770.142 Safari/537.36)
[2019-07-30 16:29:04] 200 - OK - text/xml
[2019-07-30 16:29:04] REQUEST POST - https://localhost:8082/public/ws/Economics.asmx/messaggi_summary
[2019-07-30 16:29:04] ---- FROM  ::1 (WinNT)
[2019-07-30 16:29:04] ---- BROWSER:  Chrome 75.0 (Mozilla/5.0 (Windows NT 10.0; Win64; x64) AppleWebKit/537.36 (KHTML, like Gecko) Chrome/75.0.3770.142 Safari/537.36)
[2019-07-30 16:29:04] ---- CONTENT: {data : "<?xml version='1.0' encoding='utf-8' ?><Request ID='20190730162904771'><General><Token>61111131252223224013000011333653</Token></General><Data></Data></Request>"}
[2019-07-30 16:29:04] 200 - OK - application/json
[2019-07-30 16:29:05] REQUEST POST - https://localhost:8082/public/ws/Config.asmx/All_Get
[2019-07-30 16:29:05] ---- FROM  ::1 (WinNT)
[2019-07-30 16:29:05] ---- BROWSER:  Chrome 75.0 (Mozilla/5.0 (Windows NT 10.0; Win64; x64) AppleWebKit/537.36 (KHTML, like Gecko) Chrome/75.0.3770.142 Safari/537.36)
[2019-07-30 16:29:05] ---- CONTENT: {data : "<?xml version='1.0' encoding='utf-8' ?><Request ID='20190730162905322'><General><Token>61111131252223224013000011333653</Token></General><Data></Data></Request>"}
[2019-07-30 16:29:05] 200 - OK - application/json
[2019-07-30 16:29:06] REQUEST POST - https://localhost:8082/public/ws/Config.asmx/All_Get
[2019-07-30 16:29:06] ---- FROM  ::1 (WinNT)
[2019-07-30 16:29:06] ---- BROWSER:  Chrome 75.0 (Mozilla/5.0 (Windows NT 10.0; Win64; x64) AppleWebKit/537.36 (KHTML, like Gecko) Chrome/75.0.3770.142 Safari/537.36)
[2019-07-30 16:29:06] ---- CONTENT: {data : "<?xml version='1.0' encoding='utf-8' ?><Request ID='201907301629064'><General><Token>61111131252223224013000011333653</Token></General><Data></Data></Request>"}
[2019-07-30 16:29:06] 200 - OK - application/json
[2019-07-30 16:29:16] REQUEST GET - https://localhost:8082/economics/rendiconto-finanziario
[2019-07-30 16:29:16] ---- FROM  ::1 (WinNT)
[2019-07-30 16:29:16] ---- BROWSER:  Chrome 75.0 (Mozilla/5.0 (Windows NT 10.0; Win64; x64) AppleWebKit/537.36 (KHTML, like Gecko) Chrome/75.0.3770.142 Safari/537.36)
[2019-07-30 16:29:16] 200 - OK - text/html
[2019-07-30 16:29:17] REQUEST POST - https://localhost:8082/public/ws/Economics.asmx/RendicontoFinanziario
[2019-07-30 16:29:17] ---- FROM  ::1 (WinNT)
[2019-07-30 16:29:17] ---- BROWSER:  Chrome 75.0 (Mozilla/5.0 (Windows NT 10.0; Win64; x64) AppleWebKit/537.36 (KHTML, like Gecko) Chrome/75.0.3770.142 Safari/537.36)
[2019-07-30 16:29:17] ---- CONTENT: {data : "<?xml version='1.0' encoding='utf-8' ?><Request ID='20190730162917140'><General><Token>61111131252223224013000011333653</Token></General><Data></Data></Request>"}
[2019-07-30 16:29:17] 200 - OK - application/json
[2019-07-30 16:29:17] REQUEST POST - https://localhost:8082/public/ws/Config.asmx/All_Get
[2019-07-30 16:29:17] ---- FROM  ::1 (WinNT)
[2019-07-30 16:29:17] ---- BROWSER:  Chrome 75.0 (Mozilla/5.0 (Windows NT 10.0; Win64; x64) AppleWebKit/537.36 (KHTML, like Gecko) Chrome/75.0.3770.142 Safari/537.36)
[2019-07-30 16:29:17] ---- CONTENT: {data : "<?xml version='1.0' encoding='utf-8' ?><Request ID='20190730162917230'><General><Token>61111131252223224013000011333653</Token></General><Data></Data></Request>"}
[2019-07-30 16:29:17] 200 - OK - application/json
[2019-07-30 16:29:17] REQUEST POST - https://localhost:8082/public/ws/Economics.asmx/messaggi_summary
[2019-07-30 16:29:17] ---- FROM  ::1 (WinNT)
[2019-07-30 16:29:17] ---- BROWSER:  Chrome 75.0 (Mozilla/5.0 (Windows NT 10.0; Win64; x64) AppleWebKit/537.36 (KHTML, like Gecko) Chrome/75.0.3770.142 Safari/537.36)
[2019-07-30 16:29:17] ---- CONTENT: {data : "<?xml version='1.0' encoding='utf-8' ?><Request ID='20190730162917313'><General><Token>61111131252223224013000011333653</Token></General><Data></Data></Request>"}
[2019-07-30 16:29:17] 200 - OK - application/json
[2019-07-30 16:29:17] REQUEST POST - https://localhost:8082/public/ws/Config.asmx/All_Get
[2019-07-30 16:29:17] ---- FROM  ::1 (WinNT)
[2019-07-30 16:29:17] ---- BROWSER:  Chrome 75.0 (Mozilla/5.0 (Windows NT 10.0; Win64; x64) AppleWebKit/537.36 (KHTML, like Gecko) Chrome/75.0.3770.142 Safari/537.36)
[2019-07-30 16:29:17] ---- CONTENT: {data : "<?xml version='1.0' encoding='utf-8' ?><Request ID='20190730162917335'><General><Token>61111131252223224013000011333653</Token></General><Data></Data></Request>"}
[2019-07-30 16:29:17] 200 - OK - application/json
[2019-07-30 16:29:17] REQUEST GET - https://localhost:8082/public/ws/Resources.ashx/xml-economics/61111131252223224013000011333653
[2019-07-30 16:29:17] ---- FROM  ::1 (WinNT)
[2019-07-30 16:29:17] ---- BROWSER:  Chrome 75.0 (Mozilla/5.0 (Windows NT 10.0; Win64; x64) AppleWebKit/537.36 (KHTML, like Gecko) Chrome/75.0.3770.142 Safari/537.36)
[2019-07-30 16:29:17] 200 - OK - text/xml
[2019-07-30 16:29:17] REQUEST POST - https://localhost:8082/public/ws/Config.asmx/All_Get
[2019-07-30 16:29:17] ---- FROM  ::1 (WinNT)
[2019-07-30 16:29:17] ---- BROWSER:  Chrome 75.0 (Mozilla/5.0 (Windows NT 10.0; Win64; x64) AppleWebKit/537.36 (KHTML, like Gecko) Chrome/75.0.3770.142 Safari/537.36)
[2019-07-30 16:29:17] ---- CONTENT: {data : "<?xml version='1.0' encoding='utf-8' ?><Request ID='20190730162917888'><General><Token>61111131252223224013000011333653</Token></General><Data></Data></Request>"}
[2019-07-30 16:29:17] 200 - OK - application/json
[2019-07-30 16:29:19] REQUEST GET - https://localhost:8082/economics/fonti-finanziarie
[2019-07-30 16:29:19] ---- FROM  ::1 (WinNT)
[2019-07-30 16:29:19] ---- BROWSER:  Chrome 75.0 (Mozilla/5.0 (Windows NT 10.0; Win64; x64) AppleWebKit/537.36 (KHTML, like Gecko) Chrome/75.0.3770.142 Safari/537.36)
[2019-07-30 16:29:19] 200 - OK - text/html
[2019-07-30 16:29:19] REQUEST POST - https://localhost:8082/public/ws/Economics.asmx/FontiFinanziarie
[2019-07-30 16:29:19] ---- FROM  ::1 (WinNT)
[2019-07-30 16:29:19] ---- BROWSER:  Chrome 75.0 (Mozilla/5.0 (Windows NT 10.0; Win64; x64) AppleWebKit/537.36 (KHTML, like Gecko) Chrome/75.0.3770.142 Safari/537.36)
[2019-07-30 16:29:19] ---- CONTENT: {data : "<?xml version='1.0' encoding='utf-8' ?><Request ID='20190730162919720'><General><Token>61111131252223224013000011333653</Token></General><Data></Data></Request>"}
[2019-07-30 16:29:19] 200 - OK - application/json
[2019-07-30 16:29:19] REQUEST POST - https://localhost:8082/public/ws/Config.asmx/All_Get
[2019-07-30 16:29:19] ---- FROM  ::1 (WinNT)
[2019-07-30 16:29:19] ---- BROWSER:  Chrome 75.0 (Mozilla/5.0 (Windows NT 10.0; Win64; x64) AppleWebKit/537.36 (KHTML, like Gecko) Chrome/75.0.3770.142 Safari/537.36)
[2019-07-30 16:29:19] ---- CONTENT: {data : "<?xml version='1.0' encoding='utf-8' ?><Request ID='20190730162919785'><General><Token>61111131252223224013000011333653</Token></General><Data></Data></Request>"}
[2019-07-30 16:29:19] 200 - OK - application/json
[2019-07-30 16:29:19] REQUEST GET - https://localhost:8082/public/ws/Resources.ashx/xml-economics/61111131252223224013000011333653
[2019-07-30 16:29:19] ---- FROM  ::1 (WinNT)
[2019-07-30 16:29:19] ---- BROWSER:  Chrome 75.0 (Mozilla/5.0 (Windows NT 10.0; Win64; x64) AppleWebKit/537.36 (KHTML, like Gecko) Chrome/75.0.3770.142 Safari/537.36)
[2019-07-30 16:29:19] 200 - OK - text/xml
[2019-07-30 16:29:19] REQUEST POST - https://localhost:8082/public/ws/Economics.asmx/messaggi_summary
[2019-07-30 16:29:19] ---- FROM  ::1 (WinNT)
[2019-07-30 16:29:19] ---- BROWSER:  Chrome 75.0 (Mozilla/5.0 (Windows NT 10.0; Win64; x64) AppleWebKit/537.36 (KHTML, like Gecko) Chrome/75.0.3770.142 Safari/537.36)
[2019-07-30 16:29:19] ---- CONTENT: {data : "<?xml version='1.0' encoding='utf-8' ?><Request ID='20190730162919837'><General><Token>61111131252223224013000011333653</Token></General><Data></Data></Request>"}
[2019-07-30 16:29:19] 200 - OK - application/json
[2019-07-30 16:29:19] REQUEST POST - https://localhost:8082/public/ws/Config.asmx/All_Get
[2019-07-30 16:29:19] ---- FROM  ::1 (WinNT)
[2019-07-30 16:29:19] ---- BROWSER:  Chrome 75.0 (Mozilla/5.0 (Windows NT 10.0; Win64; x64) AppleWebKit/537.36 (KHTML, like Gecko) Chrome/75.0.3770.142 Safari/537.36)
[2019-07-30 16:29:19] ---- CONTENT: {data : "<?xml version='1.0' encoding='utf-8' ?><Request ID='20190730162919960'><General><Token>61111131252223224013000011333653</Token></General><Data></Data></Request>"}
[2019-07-30 16:29:19] 200 - OK - application/json
[2019-07-30 16:29:20] REQUEST POST - https://localhost:8082/public/ws/Config.asmx/All_Get
[2019-07-30 16:29:20] ---- FROM  ::1 (WinNT)
[2019-07-30 16:29:20] ---- BROWSER:  Chrome 75.0 (Mozilla/5.0 (Windows NT 10.0; Win64; x64) AppleWebKit/537.36 (KHTML, like Gecko) Chrome/75.0.3770.142 Safari/537.36)
[2019-07-30 16:29:20] ---- CONTENT: {data : "<?xml version='1.0' encoding='utf-8' ?><Request ID='2019073016292048'><General><Token>61111131252223224013000011333653</Token></General><Data></Data></Request>"}
[2019-07-30 16:29:20] 200 - OK - application/json
[2019-07-30 16:42:02] REQUEST GET - https://localhost:8082/economics/costi-interni
[2019-07-30 16:42:02] ---- FROM  ::1 (WinNT)
[2019-07-30 16:42:02] ---- BROWSER:  Chrome 75.0 (Mozilla/5.0 (Windows NT 10.0; Win64; x64) AppleWebKit/537.36 (KHTML, like Gecko) Chrome/75.0.3770.142 Safari/537.36)
[2019-07-30 16:42:02] 200 - OK - text/html
[2019-07-30 16:42:03] REQUEST POST - https://localhost:8082/public/ws/CostiInterni.asmx/Get
[2019-07-30 16:42:03] ---- FROM  ::1 (WinNT)
[2019-07-30 16:42:03] ---- BROWSER:  Chrome 75.0 (Mozilla/5.0 (Windows NT 10.0; Win64; x64) AppleWebKit/537.36 (KHTML, like Gecko) Chrome/75.0.3770.142 Safari/537.36)
[2019-07-30 16:42:03] ---- CONTENT: {data : "<?xml version='1.0' encoding='utf-8' ?><Request ID='20190730164203110'><General><Token>61111131252223224013000011333653</Token></General><Data></Data></Request>"}
[2019-07-30 16:42:03] 200 - OK - application/json
[2019-07-30 16:42:03] REQUEST POST - https://localhost:8082/public/ws/Config.asmx/All_Get
[2019-07-30 16:42:03] ---- FROM  ::1 (WinNT)
[2019-07-30 16:42:03] ---- BROWSER:  Chrome 75.0 (Mozilla/5.0 (Windows NT 10.0; Win64; x64) AppleWebKit/537.36 (KHTML, like Gecko) Chrome/75.0.3770.142 Safari/537.36)
[2019-07-30 16:42:03] ---- CONTENT: {data : "<?xml version='1.0' encoding='utf-8' ?><Request ID='20190730164203247'><General><Token>61111131252223224013000011333653</Token></General><Data></Data></Request>"}
[2019-07-30 16:42:03] REQUEST GET - https://localhost:8082/public/ws/Resources.ashx/xml-economics/61111131252223224013000011333653
[2019-07-30 16:42:03] ---- FROM  ::1 (WinNT)
[2019-07-30 16:42:03] ---- BROWSER:  Chrome 75.0 (Mozilla/5.0 (Windows NT 10.0; Win64; x64) AppleWebKit/537.36 (KHTML, like Gecko) Chrome/75.0.3770.142 Safari/537.36)
[2019-07-30 16:42:03] 200 - OK - application/json
[2019-07-30 16:42:03] 200 - OK - text/xml
[2019-07-30 16:42:03] REQUEST POST - https://localhost:8082/public/ws/Economics.asmx/messaggi_summary
[2019-07-30 16:42:03] ---- FROM  ::1 (WinNT)
[2019-07-30 16:42:03] ---- BROWSER:  Chrome 75.0 (Mozilla/5.0 (Windows NT 10.0; Win64; x64) AppleWebKit/537.36 (KHTML, like Gecko) Chrome/75.0.3770.142 Safari/537.36)
[2019-07-30 16:42:03] ---- CONTENT: {data : "<?xml version='1.0' encoding='utf-8' ?><Request ID='20190730164203284'><General><Token>61111131252223224013000011333653</Token></General><Data></Data></Request>"}
[2019-07-30 16:42:03] 200 - OK - application/json
[2019-07-30 16:42:03] REQUEST POST - https://localhost:8082/public/ws/Config.asmx/All_Get
[2019-07-30 16:42:03] ---- FROM  ::1 (WinNT)
[2019-07-30 16:42:03] ---- BROWSER:  Chrome 75.0 (Mozilla/5.0 (Windows NT 10.0; Win64; x64) AppleWebKit/537.36 (KHTML, like Gecko) Chrome/75.0.3770.142 Safari/537.36)
[2019-07-30 16:42:03] ---- CONTENT: {data : "<?xml version='1.0' encoding='utf-8' ?><Request ID='20190730164203770'><General><Token>61111131252223224013000011333653</Token></General><Data></Data></Request>"}
[2019-07-30 16:42:03] 200 - OK - application/json
[2019-07-30 16:42:03] REQUEST POST - https://localhost:8082/public/ws/Config.asmx/All_Get
[2019-07-30 16:42:03] ---- FROM  ::1 (WinNT)
[2019-07-30 16:42:03] ---- BROWSER:  Chrome 75.0 (Mozilla/5.0 (Windows NT 10.0; Win64; x64) AppleWebKit/537.36 (KHTML, like Gecko) Chrome/75.0.3770.142 Safari/537.36)
[2019-07-30 16:42:03] ---- CONTENT: {data : "<?xml version='1.0' encoding='utf-8' ?><Request ID='20190730164203923'><General><Token>61111131252223224013000011333653</Token></General><Data></Data></Request>"}
[2019-07-30 16:42:03] 200 - OK - application/json
[2019-07-30 16:42:06] REQUEST POST - https://localhost:8082/public/ws/CostiInterni.asmx/Set
[2019-07-30 16:42:06] ---- FROM  ::1 (WinNT)
[2019-07-30 16:42:06] ---- BROWSER:  Chrome 75.0 (Mozilla/5.0 (Windows NT 10.0; Win64; x64) AppleWebKit/537.36 (KHTML, like Gecko) Chrome/75.0.3770.142 Safari/537.36)
[2019-07-30 16:42:06] ---- CONTENT: {data : "<?xml version='1.0' encoding='utf-8'?><Request ID='20190730164206578'><General><Token>61111131252223224013000011333653</Token></General><Data><Anni><Anno ID='1'><CostiMarketing><PercIva>22000</PercIva><CostoNetto>20004000</CostoNetto></CostiMarketing><CostiComunicazione><PercIva>22000</PercIva><CostoNetto>10008000</CostoNetto></CostiComunicazione><CostiStruttura><PercIva>22000</PercIva><CostoNetto>133008000</CostoNetto></CostiStruttura><CostiInfrastrutture><PercIva>22000</PercIva><CostoNetto>5004000</CostoNetto></CostiInfrastrutture><CostiAmministrativi><PercIva>22000</PercIva><CostoNetto>35004000</CostoNetto></CostiAmministrativi><CostiAltri><PercIva>22000</PercIva><CostoNetto>0</CostoNetto></CostiAltri></Anno><Anno ID='2'><CostiMarketing><PercIva>22000</PercIva><CostoNetto>20004000</CostoNetto></CostiMarketing><CostiComunicazione><PercIva>22000</PercIva><CostoNetto>10008000</CostoNetto></CostiComunicazione><CostiStruttura><PercIva>22000</PercIva><CostoNetto>133008000</CostoNetto></CostiStruttura><CostiInfrastrutture><PercIva>22000</PercIva><CostoNetto>10008000</CostoNetto></CostiInfrastrutture><CostiAmministrativi><PercIva>22000</PercIva><CostoNetto>35004000</CostoNetto></CostiAmministrativi><CostiAltri><PercIva>22000</PercIva><CostoNetto>0</CostoNetto></CostiAltri></Anno><Anno ID='3'><CostiMarketing><PercIva>22000</PercIva><CostoNetto>20004000</CostoNetto></CostiMarketing><CostiComunicazione><PercIva>22000</PercIva><CostoNetto>10008000</CostoNetto></CostiComunicazione><CostiStruttura><PercIva>22000</PercIva><CostoNetto>133008000</CostoNetto></CostiStruttura><CostiInfrastrutture><PercIva>22000</PercIva><CostoNetto>12504000</CostoNetto></CostiInfrastrutture><CostiAmministrativi><PercIva>22000</PercIva><CostoNetto>35004000</CostoNetto></CostiAmministrativi><CostiAltri><PercIva>22000</PercIva><CostoNetto>0</CostoNetto></CostiAltri></Anno></Anni></Data></Request>"}
[2019-07-30 16:42:06] 200 - OK - application/json
[2019-07-30 16:42:06] REQUEST POST - https://localhost:8082/public/ws/Economics.asmx/messaggi_summary
[2019-07-30 16:42:06] ---- FROM  ::1 (WinNT)
[2019-07-30 16:42:06] ---- BROWSER:  Chrome 75.0 (Mozilla/5.0 (Windows NT 10.0; Win64; x64) AppleWebKit/537.36 (KHTML, like Gecko) Chrome/75.0.3770.142 Safari/537.36)
[2019-07-30 16:42:06] ---- CONTENT: {data : "<?xml version='1.0' encoding='utf-8' ?><Request ID='20190730164206801'><General><Token>61111131252223224013000011333653</Token></General><Data></Data></Request>"}
[2019-07-30 16:42:06] 200 - OK - application/json
[2019-07-30 16:42:06] REQUEST POST - https://localhost:8082/public/ws/Config.asmx/All_Get
[2019-07-30 16:42:06] ---- FROM  ::1 (WinNT)
[2019-07-30 16:42:06] ---- BROWSER:  Chrome 75.0 (Mozilla/5.0 (Windows NT 10.0; Win64; x64) AppleWebKit/537.36 (KHTML, like Gecko) Chrome/75.0.3770.142 Safari/537.36)
[2019-07-30 16:42:06] ---- CONTENT: {data : "<?xml version='1.0' encoding='utf-8' ?><Request ID='20190730164206825'><General><Token>61111131252223224013000011333653</Token></General><Data></Data></Request>"}
[2019-07-30 16:42:06] 200 - OK - application/json
[2019-07-30 16:43:14] REQUEST GET - https://localhost:8082/public/aspx/Home.aspx?Token=61111131252223224013000011333653&TokenApiRest=eyJ0eXAiOiJKV1QiLCJhbGciOiJIUzI1NiJ9.eyJpc3MiOiJodHRwczpcL1wvd3d3cy5kZXYteWVhcC5pdCIsImlhdCI6MTU0MjI5NDMyMSwibmJmIjoxNTQyMjk0MzIxLCJleHAiOjE1NDI4OTkxMjEsImRhdGEiOnsidXNlciI6eyJpZCI6IjQ0In19fQ.RCP5OeoGASxAyBw1MbMD4BFJAcDM5JIXqYXKBALZcJI&Logo=https://localhost:8082/scratch/pl_logo.png&Title=Business Plan Test nr. 2
[2019-07-30 16:43:14] ---- FROM  ::1 (WinNT)
[2019-07-30 16:43:14] ---- BROWSER:  Chrome 75.0 (Mozilla/5.0 (Windows NT 10.0; Win64; x64) AppleWebKit/537.36 (KHTML, like Gecko) Chrome/75.0.3770.142 Safari/537.36)
[2019-07-30 16:43:14] 302 - Found - text/html
[2019-07-30 16:43:14] REQUEST GET - https://localhost:8082/home/welcome?Token=61111131252223224013000011333653&TokenApiRest=eyJ0eXAiOiJKV1QiLCJhbGciOiJIUzI1NiJ9.eyJpc3MiOiJodHRwczpcL1wvd3d3cy5kZXYteWVhcC5pdCIsImlhdCI6MTU0MjI5NDMyMSwibmJmIjoxNTQyMjk0MzIxLCJleHAiOjE1NDI4OTkxMjEsImRhdGEiOnsidXNlciI6eyJpZCI6IjQ0In19fQ.RCP5OeoGASxAyBw1MbMD4BFJAcDM5JIXqYXKBALZcJI&Logo=https://localhost:8082/scratch/pl_logo.png&Title=Business Plan Test nr. 2
[2019-07-30 16:43:14] ---- FROM  ::1 (WinNT)
[2019-07-30 16:43:14] ---- BROWSER:  Chrome 75.0 (Mozilla/5.0 (Windows NT 10.0; Win64; x64) AppleWebKit/537.36 (KHTML, like Gecko) Chrome/75.0.3770.142 Safari/537.36)
[2019-07-30 16:43:14] 200 - OK - text/html
[2019-07-30 16:43:15] REQUEST POST - https://localhost:8082/public/ws/General.asmx/Set
[2019-07-30 16:43:15] ---- FROM  ::1 (WinNT)
[2019-07-30 16:43:15] ---- BROWSER:  Chrome 75.0 (Mozilla/5.0 (Windows NT 10.0; Win64; x64) AppleWebKit/537.36 (KHTML, like Gecko) Chrome/75.0.3770.142 Safari/537.36)
[2019-07-30 16:43:15] ---- CONTENT: {data : "<?xml version='1.0' encoding='utf-8' ?><Request ID='20190730164315443'><General><Token>61111131252223224013000011333653</Token></General><Data><Nome>Business Plan Test nr. 2</Nome><Logo>https%3A%2F%2Flocalhost%3A8082%2Fscratch%2Fpl_logo.png</Logo></Data></Request>"}
[2019-07-30 16:43:15] 200 - OK - application/json
[2019-07-30 16:43:15] REQUEST POST - https://localhost:8082/public/ws/Config.asmx/Economics_Get
[2019-07-30 16:43:15] ---- FROM  ::1 (WinNT)
[2019-07-30 16:43:15] ---- BROWSER:  Chrome 75.0 (Mozilla/5.0 (Windows NT 10.0; Win64; x64) AppleWebKit/537.36 (KHTML, like Gecko) Chrome/75.0.3770.142 Safari/537.36)
[2019-07-30 16:43:15] ---- CONTENT: {data : "<?xml version='1.0' encoding='utf-8' ?><Request ID='20190730164315586'><General><Token>61111131252223224013000011333653</Token></General><Data></Data></Request>"}
[2019-07-30 16:43:15] 200 - OK - application/json
[2019-07-30 16:43:15] REQUEST POST - https://localhost:8082/public/ws/Config.asmx/All_Get
[2019-07-30 16:43:15] ---- FROM  ::1 (WinNT)
[2019-07-30 16:43:15] ---- BROWSER:  Chrome 75.0 (Mozilla/5.0 (Windows NT 10.0; Win64; x64) AppleWebKit/537.36 (KHTML, like Gecko) Chrome/75.0.3770.142 Safari/537.36)
[2019-07-30 16:43:15] ---- CONTENT: {data : "<?xml version='1.0' encoding='utf-8' ?><Request ID='20190730164315714'><General><Token>61111131252223224013000011333653</Token></General><Data></Data></Request>"}
[2019-07-30 16:43:15] 200 - OK - application/json
[2019-07-30 16:43:15] REQUEST POST - https://localhost:8082/public/ws/Economics.asmx/messaggi_summary
[2019-07-30 16:43:15] ---- FROM  ::1 (WinNT)
[2019-07-30 16:43:15] ---- BROWSER:  Chrome 75.0 (Mozilla/5.0 (Windows NT 10.0; Win64; x64) AppleWebKit/537.36 (KHTML, like Gecko) Chrome/75.0.3770.142 Safari/537.36)
[2019-07-30 16:43:15] ---- CONTENT: {data : "<?xml version='1.0' encoding='utf-8' ?><Request ID='20190730164315790'><General><Token>61111131252223224013000011333653</Token></General><Data></Data></Request>"}
[2019-07-30 16:43:15] 200 - OK - application/json
[2019-07-30 16:43:15] REQUEST POST - https://localhost:8082/public/ws/Config.asmx/All_Get
[2019-07-30 16:43:15] ---- FROM  ::1 (WinNT)
[2019-07-30 16:43:15] ---- BROWSER:  Chrome 75.0 (Mozilla/5.0 (Windows NT 10.0; Win64; x64) AppleWebKit/537.36 (KHTML, like Gecko) Chrome/75.0.3770.142 Safari/537.36)
[2019-07-30 16:43:15] ---- CONTENT: {data : "<?xml version='1.0' encoding='utf-8' ?><Request ID='20190730164315883'><General><Token>61111131252223224013000011333653</Token></General><Data></Data></Request>"}
[2019-07-30 16:43:15] 200 - OK - application/json
[2019-07-30 16:43:16] REQUEST POST - https://localhost:8082/public/ws/Config.asmx/All_Get
[2019-07-30 16:43:16] ---- FROM  ::1 (WinNT)
[2019-07-30 16:43:16] ---- BROWSER:  Chrome 75.0 (Mozilla/5.0 (Windows NT 10.0; Win64; x64) AppleWebKit/537.36 (KHTML, like Gecko) Chrome/75.0.3770.142 Safari/537.36)
[2019-07-30 16:43:16] ---- CONTENT: {data : "<?xml version='1.0' encoding='utf-8' ?><Request ID='2019073016431681'><General><Token>61111131252223224013000011333653</Token></General><Data></Data></Request>"}
[2019-07-30 16:43:16] 200 - OK - application/json
[2019-07-30 16:43:26] REQUEST GET - https://localhost:8082/economics/costi-interni
[2019-07-30 16:43:26] ---- FROM  ::1 (WinNT)
[2019-07-30 16:43:26] ---- BROWSER:  Chrome 75.0 (Mozilla/5.0 (Windows NT 10.0; Win64; x64) AppleWebKit/537.36 (KHTML, like Gecko) Chrome/75.0.3770.142 Safari/537.36)
[2019-07-30 16:43:26] 200 - OK - text/html
[2019-07-30 16:43:27] REQUEST POST - https://localhost:8082/public/ws/CostiInterni.asmx/Get
[2019-07-30 16:43:27] ---- FROM  ::1 (WinNT)
[2019-07-30 16:43:27] ---- BROWSER:  Chrome 75.0 (Mozilla/5.0 (Windows NT 10.0; Win64; x64) AppleWebKit/537.36 (KHTML, like Gecko) Chrome/75.0.3770.142 Safari/537.36)
[2019-07-30 16:43:27] ---- CONTENT: {data : "<?xml version='1.0' encoding='utf-8' ?><Request ID='20190730164327380'><General><Token>61111131252223224013000011333653</Token></General><Data></Data></Request>"}
[2019-07-30 16:43:27] 200 - OK - application/json
[2019-07-30 16:43:27] REQUEST POST - https://localhost:8082/public/ws/Config.asmx/All_Get
[2019-07-30 16:43:27] ---- FROM  ::1 (WinNT)
[2019-07-30 16:43:27] ---- BROWSER:  Chrome 75.0 (Mozilla/5.0 (Windows NT 10.0; Win64; x64) AppleWebKit/537.36 (KHTML, like Gecko) Chrome/75.0.3770.142 Safari/537.36)
[2019-07-30 16:43:27] ---- CONTENT: {data : "<?xml version='1.0' encoding='utf-8' ?><Request ID='20190730164327461'><General><Token>61111131252223224013000011333653</Token></General><Data></Data></Request>"}
[2019-07-30 16:43:27] REQUEST GET - https://localhost:8082/public/ws/Resources.ashx/xml-economics/61111131252223224013000011333653
[2019-07-30 16:43:27] ---- FROM  ::1 (WinNT)
[2019-07-30 16:43:27] ---- BROWSER:  Chrome 75.0 (Mozilla/5.0 (Windows NT 10.0; Win64; x64) AppleWebKit/537.36 (KHTML, like Gecko) Chrome/75.0.3770.142 Safari/537.36)
[2019-07-30 16:43:27] 200 - OK - application/json
[2019-07-30 16:43:27] REQUEST POST - https://localhost:8082/public/ws/Economics.asmx/messaggi_summary
[2019-07-30 16:43:27] ---- FROM  ::1 (WinNT)
[2019-07-30 16:43:27] ---- BROWSER:  Chrome 75.0 (Mozilla/5.0 (Windows NT 10.0; Win64; x64) AppleWebKit/537.36 (KHTML, like Gecko) Chrome/75.0.3770.142 Safari/537.36)
[2019-07-30 16:43:27] ---- CONTENT: {data : "<?xml version='1.0' encoding='utf-8' ?><Request ID='20190730164327522'><General><Token>61111131252223224013000011333653</Token></General><Data></Data></Request>"}
[2019-07-30 16:43:27] 200 - OK - text/xml
[2019-07-30 16:43:27] 200 - OK - application/json
[2019-07-30 16:43:27] REQUEST POST - https://localhost:8082/public/ws/Config.asmx/All_Get
[2019-07-30 16:43:27] ---- FROM  ::1 (WinNT)
[2019-07-30 16:43:27] ---- BROWSER:  Chrome 75.0 (Mozilla/5.0 (Windows NT 10.0; Win64; x64) AppleWebKit/537.36 (KHTML, like Gecko) Chrome/75.0.3770.142 Safari/537.36)
[2019-07-30 16:43:27] ---- CONTENT: {data : "<?xml version='1.0' encoding='utf-8' ?><Request ID='20190730164327599'><General><Token>61111131252223224013000011333653</Token></General><Data></Data></Request>"}
[2019-07-30 16:43:27] 200 - OK - application/json
[2019-07-30 16:43:28] REQUEST POST - https://localhost:8082/public/ws/Config.asmx/All_Get
[2019-07-30 16:43:28] ---- FROM  ::1 (WinNT)
[2019-07-30 16:43:28] ---- BROWSER:  Chrome 75.0 (Mozilla/5.0 (Windows NT 10.0; Win64; x64) AppleWebKit/537.36 (KHTML, like Gecko) Chrome/75.0.3770.142 Safari/537.36)
[2019-07-30 16:43:28] ---- CONTENT: {data : "<?xml version='1.0' encoding='utf-8' ?><Request ID='20190730164328295'><General><Token>61111131252223224013000011333653</Token></General><Data></Data></Request>"}
[2019-07-30 16:43:28] 200 - OK - application/json
[2019-07-30 16:43:34] REQUEST POST - https://localhost:8082/public/ws/CostiInterni.asmx/Set
[2019-07-30 16:43:34] ---- FROM  ::1 (WinNT)
[2019-07-30 16:43:34] ---- BROWSER:  Chrome 75.0 (Mozilla/5.0 (Windows NT 10.0; Win64; x64) AppleWebKit/537.36 (KHTML, like Gecko) Chrome/75.0.3770.142 Safari/537.36)
[2019-07-30 16:43:34] ---- CONTENT: {data : "<?xml version='1.0' encoding='utf-8'?><Request ID='20190730164334286'><General><Token>61111131252223224013000011333653</Token></General><Data><Anni><Anno ID='1'><CostiMarketing><PercIva>22000</PercIva><CostoNetto>20004000</CostoNetto></CostiMarketing><CostiComunicazione><PercIva>22000</PercIva><CostoNetto>10008000</CostoNetto></CostiComunicazione><CostiStruttura><PercIva>22000</PercIva><CostoNetto>133008000</CostoNetto></CostiStruttura><CostiInfrastrutture><PercIva>22000</PercIva><CostoNetto>5004000</CostoNetto></CostiInfrastrutture><CostiAmministrativi><PercIva>22000</PercIva><CostoNetto>35004000</CostoNetto></CostiAmministrativi><CostiAltri><PercIva>22000</PercIva><CostoNetto>0</CostoNetto></CostiAltri></Anno><Anno ID='2'><CostiMarketing><PercIva>22000</PercIva><CostoNetto>20004000</CostoNetto></CostiMarketing><CostiComunicazione><PercIva>22000</PercIva><CostoNetto>10008000</CostoNetto></CostiComunicazione><CostiStruttura><PercIva>22000</PercIva><CostoNetto>133008000</CostoNetto></CostiStruttura><CostiInfrastrutture><PercIva>22000</PercIva><CostoNetto>10008000</CostoNetto></CostiInfrastrutture><CostiAmministrativi><PercIva>22000</PercIva><CostoNetto>35004000</CostoNetto></CostiAmministrativi><CostiAltri><PercIva>22000</PercIva><CostoNetto>0</CostoNetto></CostiAltri></Anno><Anno ID='3'><CostiMarketing><PercIva>22000</PercIva><CostoNetto>20004000</CostoNetto></CostiMarketing><CostiComunicazione><PercIva>22000</PercIva><CostoNetto>10008000</CostoNetto></CostiComunicazione><CostiStruttura><PercIva>22000</PercIva><CostoNetto>133008000</CostoNetto></CostiStruttura><CostiInfrastrutture><PercIva>22000</PercIva><CostoNetto>12504000</CostoNetto></CostiInfrastrutture><CostiAmministrativi><PercIva>22000</PercIva><CostoNetto>35004000</CostoNetto></CostiAmministrativi><CostiAltri><PercIva>22000</PercIva><CostoNetto>0</CostoNetto></CostiAltri></Anno></Anni></Data></Request>"}
[2019-07-30 16:43:34] 200 - OK - application/json
[2019-07-30 16:43:34] REQUEST POST - https://localhost:8082/public/ws/Economics.asmx/messaggi_summary
[2019-07-30 16:43:34] ---- FROM  ::1 (WinNT)
[2019-07-30 16:43:34] ---- BROWSER:  Chrome 75.0 (Mozilla/5.0 (Windows NT 10.0; Win64; x64) AppleWebKit/537.36 (KHTML, like Gecko) Chrome/75.0.3770.142 Safari/537.36)
[2019-07-30 16:43:34] ---- CONTENT: {data : "<?xml version='1.0' encoding='utf-8' ?><Request ID='20190730164334399'><General><Token>61111131252223224013000011333653</Token></General><Data></Data></Request>"}
[2019-07-30 16:43:34] 200 - OK - application/json
[2019-07-30 16:43:34] REQUEST POST - https://localhost:8082/public/ws/Config.asmx/All_Get
[2019-07-30 16:43:34] ---- FROM  ::1 (WinNT)
[2019-07-30 16:43:34] ---- BROWSER:  Chrome 75.0 (Mozilla/5.0 (Windows NT 10.0; Win64; x64) AppleWebKit/537.36 (KHTML, like Gecko) Chrome/75.0.3770.142 Safari/537.36)
[2019-07-30 16:43:34] ---- CONTENT: {data : "<?xml version='1.0' encoding='utf-8' ?><Request ID='20190730164334462'><General><Token>61111131252223224013000011333653</Token></General><Data></Data></Request>"}
[2019-07-30 16:43:34] 200 - OK - application/json
[2019-07-30 16:43:47] REQUEST GET - https://localhost:8082/economics/anno-precedente-insert
[2019-07-30 16:43:47] ---- FROM  ::1 (WinNT)
[2019-07-30 16:43:47] ---- BROWSER:  Chrome 75.0 (Mozilla/5.0 (Windows NT 10.0; Win64; x64) AppleWebKit/537.36 (KHTML, like Gecko) Chrome/75.0.3770.142 Safari/537.36)
[2019-07-30 16:43:47] 200 - OK - text/html
[2019-07-30 16:43:48] REQUEST POST - https://localhost:8082/public/ws/AnnoPrec.asmx/Get
[2019-07-30 16:43:48] ---- FROM  ::1 (WinNT)
[2019-07-30 16:43:48] ---- BROWSER:  Chrome 75.0 (Mozilla/5.0 (Windows NT 10.0; Win64; x64) AppleWebKit/537.36 (KHTML, like Gecko) Chrome/75.0.3770.142 Safari/537.36)
[2019-07-30 16:43:48] ---- CONTENT: {data : "<?xml version='1.0' encoding='utf-8' ?><Request ID='20190730164348384'><General><Token>61111131252223224013000011333653</Token></General><Data></Data></Request>"}
[2019-07-30 16:43:48] 200 - OK - application/json
[2019-07-30 16:43:48] REQUEST POST - https://localhost:8082/public/ws/Economics.asmx/messaggi_summary
[2019-07-30 16:43:48] ---- FROM  ::1 (WinNT)
[2019-07-30 16:43:48] ---- BROWSER:  Chrome 75.0 (Mozilla/5.0 (Windows NT 10.0; Win64; x64) AppleWebKit/537.36 (KHTML, like Gecko) Chrome/75.0.3770.142 Safari/537.36)
[2019-07-30 16:43:48] ---- CONTENT: {data : "<?xml version='1.0' encoding='utf-8' ?><Request ID='20190730164348482'><General><Token>61111131252223224013000011333653</Token></General><Data></Data></Request>"}
[2019-07-30 16:43:48] 200 - OK - application/json
[2019-07-30 16:43:48] REQUEST POST - https://localhost:8082/public/ws/Config.asmx/All_Get
[2019-07-30 16:43:48] ---- FROM  ::1 (WinNT)
[2019-07-30 16:43:48] ---- BROWSER:  Chrome 75.0 (Mozilla/5.0 (Windows NT 10.0; Win64; x64) AppleWebKit/537.36 (KHTML, like Gecko) Chrome/75.0.3770.142 Safari/537.36)
[2019-07-30 16:43:48] ---- CONTENT: {data : "<?xml version='1.0' encoding='utf-8' ?><Request ID='20190730164348504'><General><Token>61111131252223224013000011333653</Token></General><Data></Data></Request>"}
[2019-07-30 16:43:48] REQUEST GET - https://localhost:8082/public/ws/Resources.ashx/xml-economics/61111131252223224013000011333653
[2019-07-30 16:43:48] ---- FROM  ::1 (WinNT)
[2019-07-30 16:43:48] ---- BROWSER:  Chrome 75.0 (Mozilla/5.0 (Windows NT 10.0; Win64; x64) AppleWebKit/537.36 (KHTML, like Gecko) Chrome/75.0.3770.142 Safari/537.36)
[2019-07-30 16:43:48] 200 - OK - application/json
[2019-07-30 16:43:48] 200 - OK - text/xml
[2019-07-30 16:43:48] REQUEST POST - https://localhost:8082/public/ws/Config.asmx/All_Get
[2019-07-30 16:43:48] ---- FROM  ::1 (WinNT)
[2019-07-30 16:43:48] ---- BROWSER:  Chrome 75.0 (Mozilla/5.0 (Windows NT 10.0; Win64; x64) AppleWebKit/537.36 (KHTML, like Gecko) Chrome/75.0.3770.142 Safari/537.36)
[2019-07-30 16:43:48] ---- CONTENT: {data : "<?xml version='1.0' encoding='utf-8' ?><Request ID='20190730164348593'><General><Token>61111131252223224013000011333653</Token></General><Data></Data></Request>"}
[2019-07-30 16:43:48] 200 - OK - application/json
[2019-07-30 16:43:49] REQUEST POST - https://localhost:8082/public/ws/Config.asmx/All_Get
[2019-07-30 16:43:49] ---- FROM  ::1 (WinNT)
[2019-07-30 16:43:49] ---- BROWSER:  Chrome 75.0 (Mozilla/5.0 (Windows NT 10.0; Win64; x64) AppleWebKit/537.36 (KHTML, like Gecko) Chrome/75.0.3770.142 Safari/537.36)
[2019-07-30 16:43:49] ---- CONTENT: {data : "<?xml version='1.0' encoding='utf-8' ?><Request ID='20190730164349188'><General><Token>61111131252223224013000011333653</Token></General><Data></Data></Request>"}
[2019-07-30 16:43:49] 200 - OK - application/json
[2019-07-30 16:43:56] REQUEST POST - https://localhost:8082/public/ws/AnnoPrec.asmx/Set
[2019-07-30 16:43:56] ---- FROM  ::1 (WinNT)
[2019-07-30 16:43:56] ---- BROWSER:  Chrome 75.0 (Mozilla/5.0 (Windows NT 10.0; Win64; x64) AppleWebKit/537.36 (KHTML, like Gecko) Chrome/75.0.3770.142 Safari/537.36)
[2019-07-30 16:43:56] ---- CONTENT: {data : "<?xml version='1.0' encoding='utf-8'?><Request ID='20190730164356453'><General><Token>61111131252223224013000011333653</Token></General><Data><Anni><Anno ID='1'><CreditiDebitiSoci><AP_CreditiSociMedio>17888000</AP_CreditiSociMedio><AP_DebitiSociMedio>0</AP_DebitiSociMedio></CreditiDebitiSoci><CreditiDebitiMedio><AP_CreditiMedioLungo>103917000</AP_CreditiMedioLungo><AP_DebitiMedioLungo>40146000</AP_DebitiMedioLungo></CreditiDebitiMedio></Anno><Anno ID='2'><CreditiDebitiSoci><AP_CreditiSociMedio>0</AP_CreditiSociMedio><AP_DebitiSociMedio>0</AP_DebitiSociMedio></CreditiDebitiSoci><CreditiDebitiMedio><AP_CreditiMedioLungo>0</AP_CreditiMedioLungo><AP_DebitiMedioLungo>0</AP_DebitiMedioLungo></CreditiDebitiMedio></Anno><Anno ID='3'><CreditiDebitiSoci><AP_CreditiSociMedio>10000000</AP_CreditiSociMedio><AP_DebitiSociMedio>0</AP_DebitiSociMedio></CreditiDebitiSoci><CreditiDebitiMedio><AP_CreditiMedioLungo>0</AP_CreditiMedioLungo><AP_DebitiMedioLungo>0</AP_DebitiMedioLungo></CreditiDebitiMedio></Anno></Anni><Liquidita><AP_Liquidita>59933000</AP_Liquidita><AP_Capitale>50000000</AP_Capitale><AP_Riserve>9788000</AP_Riserve><AP_Utile>38171000</AP_Utile><AP_NuovoUtile>49658000</AP_NuovoUtile></Liquidita><Rimanenze><AP_RimanenzePF>0</AP_RimanenzePF><AP_RimanenzeMP>0</AP_RimanenzeMP></Rimanenze><CreditiDebitiBreve><AP_CreditiSociBreve>0</AP_CreditiSociBreve><AP_DebitiSociBreve>0</AP_DebitiSociBreve><AP_CreditiComm>222711000</AP_CreditiComm><AP_DebitiComm>89136000</AP_DebitiComm><AP_AltriCrediti>0</AP_AltriCrediti><AP_AltriDebiti>0</AP_AltriDebiti><AP_CreditoIVA>4077000</AP_CreditoIVA><AP_CreditiTributari>0</AP_CreditiTributari><AP_DebitiTributari>0</AP_DebitiTributari></CreditiDebitiBreve><Tfr><AP_Tfr>101564000</AP_Tfr><AP_AltriFondi>15339000</AP_AltriFondi></Tfr><ImmFinanziarie_Partecipazioni><AP_Partecipazioni>27155000</AP_Partecipazioni></ImmFinanziarie_Partecipazioni><FinanziamentiBreve><AP_F_FinanziamentiABreve>13603000</AP_F_FinanziamentiABreve></FinanziamentiBreve><ImmMateriali><Investimento ID='1'><AP_IM_ValoreResiduo>0</AP_IM_ValoreResiduo><AP_IM_AmmortamentoAnnuale>0</AP_IM_AmmortamentoAnnuale><AP_IM_Iperammortamento>0</AP_IM_Iperammortamento></Investimento><Investimento ID='2'><AP_IM_ValoreResiduo>0</AP_IM_ValoreResiduo><AP_IM_AmmortamentoAnnuale>0</AP_IM_AmmortamentoAnnuale><AP_IM_Iperammortamento>0</AP_IM_Iperammortamento></Investimento><Investimento ID='3'><AP_IM_ValoreResiduo>0</AP_IM_ValoreResiduo><AP_IM_AmmortamentoAnnuale>0</AP_IM_AmmortamentoAnnuale><AP_IM_Iperammortamento>0</AP_IM_Iperammortamento></Investimento><Investimento ID='4'><AP_IM_ValoreResiduo>0</AP_IM_ValoreResiduo><AP_IM_AmmortamentoAnnuale>0</AP_IM_AmmortamentoAnnuale><AP_IM_Iperammortamento>0</AP_IM_Iperammortamento></Investimento></ImmMateriali><ImmImmateriali><Investimento ID='1'><AP_II_ValoreResiduo>19287000</AP_II_ValoreResiduo><AP_II_AmmortamentoAnnuale>2896000</AP_II_AmmortamentoAnnuale></Investimento><Investimento ID='2'><AP_II_ValoreResiduo>0</AP_II_ValoreResiduo><AP_II_AmmortamentoAnnuale>0</AP_II_AmmortamentoAnnuale></Investimento><Investimento ID='3'><AP_II_ValoreResiduo>0</AP_II_ValoreResiduo><AP_II_AmmortamentoAnnuale>0</AP_II_AmmortamentoAnnuale></Investimento><Investimento ID='4'><AP_II_ValoreResiduo>0</AP_II_ValoreResiduo><AP_II_AmmortamentoAnnuale>0</AP_II_AmmortamentoAnnuale></Investimento></ImmImmateriali><ImmFinanziarie_Titoli><Titolo ID='1'><AP_IF_Valore>345000000</AP_IF_Valore><AP_IF_AnniResidui>5000</AP_IF_AnniResidui><AP_IF_InteressiPerc>0</AP_IF_InteressiPerc><AP_IF_Interessi>0</AP_IF_Interessi></Titolo><Titolo ID='2'><AP_IF_Valore>0</AP_IF_Valore><AP_IF_AnniResidui>0</AP_IF_AnniResidui><AP_IF_InteressiPerc>0</AP_IF_InteressiPerc><AP_IF_Interessi>0</AP_IF_Interessi></Titolo><Titolo ID='3'><AP_IF_Valore>0</AP_IF_Valore><AP_IF_AnniResidui>0</AP_IF_AnniResidui><AP_IF_InteressiPerc>0</AP_IF_InteressiPerc><AP_IF_Interessi>0</AP_IF_Interessi></Titolo><Titolo ID='4'><AP_IF_Valore>0</AP_IF_Valore><AP_IF_AnniResidui>0</AP_IF_AnniResidui><AP_IF_InteressiPerc>0</AP_IF_InteressiPerc><AP_IF_Interessi>0</AP_IF_Interessi></Titolo></ImmFinanziarie_Titoli><Finanziamenti><Finanziamento ID='1'><AP_F_DebitoMedio>275166000</AP_F_DebitoMedio><AP_F_DebitoABreve>122854000</AP_F_DebitoABreve><AP_F_InteressiPerc>3000</AP_F_InteressiPerc></Finanziamento><Finanziamento ID='2'><AP_F_DebitoMedio>0</AP_F_DebitoMedio><AP_F_DebitoABreve>0</AP_F_DebitoABreve><AP_F_InteressiPerc>0</AP_F_InteressiPerc></Finanziamento><Finanziamento ID='3'><AP_F_DebitoMedio>0</AP_F_DebitoMedio><AP_F_DebitoABreve>0</AP_F_DebitoABreve><AP_F_InteressiPerc>0</AP_F_InteressiPerc></Finanziamento><Finanziamento ID='4'><AP_F_DebitoMedio>0</AP_F_DebitoMedio><AP_F_DebitoABreve>0</AP_F_DebitoABreve><AP_F_InteressiPerc>0</AP_F_InteressiPerc></Finanziamento></Finanziamenti></Data></Request>"}
[2019-07-30 16:43:56] 200 - OK - application/json
[2019-07-30 16:43:56] REQUEST POST - https://localhost:8082/public/ws/Economics.asmx/messaggi_summary
[2019-07-30 16:43:56] ---- FROM  ::1 (WinNT)
[2019-07-30 16:43:56] ---- BROWSER:  Chrome 75.0 (Mozilla/5.0 (Windows NT 10.0; Win64; x64) AppleWebKit/537.36 (KHTML, like Gecko) Chrome/75.0.3770.142 Safari/537.36)
[2019-07-30 16:43:56] ---- CONTENT: {data : "<?xml version='1.0' encoding='utf-8' ?><Request ID='20190730164356635'><General><Token>61111131252223224013000011333653</Token></General><Data></Data></Request>"}
[2019-07-30 16:43:56] 200 - OK - application/json
[2019-07-30 16:43:56] REQUEST POST - https://localhost:8082/public/ws/Config.asmx/All_Get
[2019-07-30 16:43:56] ---- FROM  ::1 (WinNT)
[2019-07-30 16:43:56] ---- BROWSER:  Chrome 75.0 (Mozilla/5.0 (Windows NT 10.0; Win64; x64) AppleWebKit/537.36 (KHTML, like Gecko) Chrome/75.0.3770.142 Safari/537.36)
[2019-07-30 16:43:56] ---- CONTENT: {data : "<?xml version='1.0' encoding='utf-8' ?><Request ID='20190730164356689'><General><Token>61111131252223224013000011333653</Token></General><Data></Data></Request>"}
[2019-07-30 16:43:56] 200 - OK - application/json
[2019-07-30 16:44:18] REQUEST POST - https://localhost:8082/public/ws/AnnoPrec.asmx/Set
[2019-07-30 16:44:18] ---- FROM  ::1 (WinNT)
[2019-07-30 16:44:18] ---- BROWSER:  Chrome 75.0 (Mozilla/5.0 (Windows NT 10.0; Win64; x64) AppleWebKit/537.36 (KHTML, like Gecko) Chrome/75.0.3770.142 Safari/537.36)
[2019-07-30 16:44:18] ---- CONTENT: {data : "<?xml version='1.0' encoding='utf-8'?><Request ID='20190730164418278'><General><Token>61111131252223224013000011333653</Token></General><Data><Anni><Anno ID='1'><CreditiDebitiSoci><AP_CreditiSociMedio>17888000</AP_CreditiSociMedio><AP_DebitiSociMedio>0</AP_DebitiSociMedio></CreditiDebitiSoci><CreditiDebitiMedio><AP_CreditiMedioLungo>103917000</AP_CreditiMedioLungo><AP_DebitiMedioLungo>40146000</AP_DebitiMedioLungo></CreditiDebitiMedio></Anno><Anno ID='2'><CreditiDebitiSoci><AP_CreditiSociMedio>0</AP_CreditiSociMedio><AP_DebitiSociMedio>0</AP_DebitiSociMedio></CreditiDebitiSoci><CreditiDebitiMedio><AP_CreditiMedioLungo>0</AP_CreditiMedioLungo><AP_DebitiMedioLungo>0</AP_DebitiMedioLungo></CreditiDebitiMedio></Anno><Anno ID='3'><CreditiDebitiSoci><AP_CreditiSociMedio>10000000</AP_CreditiSociMedio><AP_DebitiSociMedio>0</AP_DebitiSociMedio></CreditiDebitiSoci><CreditiDebitiMedio><AP_CreditiMedioLungo>0</AP_CreditiMedioLungo><AP_DebitiMedioLungo>0</AP_DebitiMedioLungo></CreditiDebitiMedio></Anno></Anni><Liquidita><AP_Liquidita>59933000</AP_Liquidita><AP_Capitale>50000000</AP_Capitale><AP_Riserve>9788000</AP_Riserve><AP_Utile>38171000</AP_Utile><AP_NuovoUtile>49658000</AP_NuovoUtile></Liquidita><Rimanenze><AP_RimanenzePF>0</AP_RimanenzePF><AP_RimanenzeMP>0</AP_RimanenzeMP></Rimanenze><CreditiDebitiBreve><AP_CreditiSociBreve>0</AP_CreditiSociBreve><AP_DebitiSociBreve>0</AP_DebitiSociBreve><AP_CreditiComm>222711000</AP_CreditiComm><AP_DebitiComm>89136000</AP_DebitiComm><AP_AltriCrediti>0</AP_AltriCrediti><AP_AltriDebiti>0</AP_AltriDebiti><AP_CreditoIVA>4077000</AP_CreditoIVA><AP_CreditiTributari>0</AP_CreditiTributari><AP_DebitiTributari>0</AP_DebitiTributari></CreditiDebitiBreve><Tfr><AP_Tfr>101564000</AP_Tfr><AP_AltriFondi>15339000</AP_AltriFondi></Tfr><ImmFinanziarie_Partecipazioni><AP_Partecipazioni>27155000</AP_Partecipazioni></ImmFinanziarie_Partecipazioni><FinanziamentiBreve><AP_F_FinanziamentiABreve>13603000</AP_F_FinanziamentiABreve></FinanziamentiBreve><ImmMateriali><Investimento ID='1'><AP_IM_ValoreResiduo>0</AP_IM_ValoreResiduo><AP_IM_AmmortamentoAnnuale>0</AP_IM_AmmortamentoAnnuale><AP_IM_Iperammortamento>0</AP_IM_Iperammortamento></Investimento><Investimento ID='2'><AP_IM_ValoreResiduo>0</AP_IM_ValoreResiduo><AP_IM_AmmortamentoAnnuale>0</AP_IM_AmmortamentoAnnuale><AP_IM_Iperammortamento>0</AP_IM_Iperammortamento></Investimento><Investimento ID='3'><AP_IM_ValoreResiduo>0</AP_IM_ValoreResiduo><AP_IM_AmmortamentoAnnuale>0</AP_IM_AmmortamentoAnnuale><AP_IM_Iperammortamento>0</AP_IM_Iperammortamento></Investimento><Investimento ID='4'><AP_IM_ValoreResiduo>0</AP_IM_ValoreResiduo><AP_IM_AmmortamentoAnnuale>0</AP_IM_AmmortamentoAnnuale><AP_IM_Iperammortamento>0</AP_IM_Iperammortamento></Investimento></ImmMateriali><ImmImmateriali><Investimento ID='1'><AP_II_ValoreResiduo>19287000</AP_II_ValoreResiduo><AP_II_AmmortamentoAnnuale>2896000</AP_II_AmmortamentoAnnuale></Investimento><Investimento ID='2'><AP_II_ValoreResiduo>0</AP_II_ValoreResiduo><AP_II_AmmortamentoAnnuale>0</AP_II_AmmortamentoAnnuale></Investimento><Investimento ID='3'><AP_II_ValoreResiduo>0</AP_II_ValoreResiduo><AP_II_AmmortamentoAnnuale>0</AP_II_AmmortamentoAnnuale></Investimento><Investimento ID='4'><AP_II_ValoreResiduo>0</AP_II_ValoreResiduo><AP_II_AmmortamentoAnnuale>0</AP_II_AmmortamentoAnnuale></Investimento></ImmImmateriali><ImmFinanziarie_Titoli><Titolo ID='1'><AP_IF_Valore>345000000</AP_IF_Valore><AP_IF_AnniResidui>5000</AP_IF_AnniResidui><AP_IF_InteressiPerc>0</AP_IF_InteressiPerc><AP_IF_Interessi>0</AP_IF_Interessi></Titolo><Titolo ID='2'><AP_IF_Valore>0</AP_IF_Valore><AP_IF_AnniResidui>0</AP_IF_AnniResidui><AP_IF_InteressiPerc>0</AP_IF_InteressiPerc><AP_IF_Interessi>0</AP_IF_Interessi></Titolo><Titolo ID='3'><AP_IF_Valore>0</AP_IF_Valore><AP_IF_AnniResidui>0</AP_IF_AnniResidui><AP_IF_InteressiPerc>0</AP_IF_InteressiPerc><AP_IF_Interessi>0</AP_IF_Interessi></Titolo><Titolo ID='4'><AP_IF_Valore>0</AP_IF_Valore><AP_IF_AnniResidui>0</AP_IF_AnniResidui><AP_IF_InteressiPerc>0</AP_IF_InteressiPerc><AP_IF_Interessi>0</AP_IF_Interessi></Titolo></ImmFinanziarie_Titoli><Finanziamenti><Finanziamento ID='1'><AP_F_DebitoMedio>275166000</AP_F_DebitoMedio><AP_F_DebitoABreve>122854000</AP_F_DebitoABreve><AP_F_InteressiPerc>3000</AP_F_InteressiPerc></Finanziamento><Finanziamento ID='2'><AP_F_DebitoMedio>0</AP_F_DebitoMedio><AP_F_DebitoABreve>0</AP_F_DebitoABreve><AP_F_InteressiPerc>0</AP_F_InteressiPerc></Finanziamento><Finanziamento ID='3'><AP_F_DebitoMedio>0</AP_F_DebitoMedio><AP_F_DebitoABreve>0</AP_F_DebitoABreve><AP_F_InteressiPerc>0</AP_F_InteressiPerc></Finanziamento><Finanziamento ID='4'><AP_F_DebitoMedio>0</AP_F_DebitoMedio><AP_F_DebitoABreve>0</AP_F_DebitoABreve><AP_F_InteressiPerc>0</AP_F_InteressiPerc></Finanziamento></Finanziamenti></Data></Request>"}
[2019-07-30 16:44:18] 200 - OK - application/json
[2019-07-30 16:44:18] REQUEST POST - https://localhost:8082/public/ws/Economics.asmx/messaggi_summary
[2019-07-30 16:44:18] ---- FROM  ::1 (WinNT)
[2019-07-30 16:44:18] ---- BROWSER:  Chrome 75.0 (Mozilla/5.0 (Windows NT 10.0; Win64; x64) AppleWebKit/537.36 (KHTML, like Gecko) Chrome/75.0.3770.142 Safari/537.36)
[2019-07-30 16:44:18] ---- CONTENT: {data : "<?xml version='1.0' encoding='utf-8' ?><Request ID='20190730164418399'><General><Token>61111131252223224013000011333653</Token></General><Data></Data></Request>"}
[2019-07-30 16:44:18] 200 - OK - application/json
[2019-07-30 16:44:18] REQUEST POST - https://localhost:8082/public/ws/Config.asmx/All_Get
[2019-07-30 16:44:18] ---- FROM  ::1 (WinNT)
[2019-07-30 16:44:18] ---- BROWSER:  Chrome 75.0 (Mozilla/5.0 (Windows NT 10.0; Win64; x64) AppleWebKit/537.36 (KHTML, like Gecko) Chrome/75.0.3770.142 Safari/537.36)
[2019-07-30 16:44:18] ---- CONTENT: {data : "<?xml version='1.0' encoding='utf-8' ?><Request ID='20190730164418456'><General><Token>61111131252223224013000011333653</Token></General><Data></Data></Request>"}
[2019-07-30 16:44:18] 200 - OK - application/json
[2019-07-30 16:44:54] REQUEST POST - https://localhost:8082/public/ws/AnnoPrec.asmx/Set
[2019-07-30 16:44:54] ---- FROM  ::1 (WinNT)
[2019-07-30 16:44:54] ---- BROWSER:  Chrome 75.0 (Mozilla/5.0 (Windows NT 10.0; Win64; x64) AppleWebKit/537.36 (KHTML, like Gecko) Chrome/75.0.3770.142 Safari/537.36)
[2019-07-30 16:44:54] ---- CONTENT: {data : "<?xml version='1.0' encoding='utf-8'?><Request ID='20190730164454429'><General><Token>61111131252223224013000011333653</Token></General><Data><Anni><Anno ID='1'><CreditiDebitiSoci><AP_CreditiSociMedio>17888000</AP_CreditiSociMedio><AP_DebitiSociMedio>0</AP_DebitiSociMedio></CreditiDebitiSoci><CreditiDebitiMedio><AP_CreditiMedioLungo>103917000</AP_CreditiMedioLungo><AP_DebitiMedioLungo>40146000</AP_DebitiMedioLungo></CreditiDebitiMedio></Anno><Anno ID='2'><CreditiDebitiSoci><AP_CreditiSociMedio>0</AP_CreditiSociMedio><AP_DebitiSociMedio>0</AP_DebitiSociMedio></CreditiDebitiSoci><CreditiDebitiMedio><AP_CreditiMedioLungo>0</AP_CreditiMedioLungo><AP_DebitiMedioLungo>0</AP_DebitiMedioLungo></CreditiDebitiMedio></Anno><Anno ID='3'><CreditiDebitiSoci><AP_CreditiSociMedio>10000000</AP_CreditiSociMedio><AP_DebitiSociMedio>0</AP_DebitiSociMedio></CreditiDebitiSoci><CreditiDebitiMedio><AP_CreditiMedioLungo>0</AP_CreditiMedioLungo><AP_DebitiMedioLungo>0</AP_DebitiMedioLungo></CreditiDebitiMedio></Anno></Anni><Liquidita><AP_Liquidita>59933000</AP_Liquidita><AP_Capitale>50000000</AP_Capitale><AP_Riserve>9788000</AP_Riserve><AP_Utile>38171000</AP_Utile><AP_NuovoUtile>49658000</AP_NuovoUtile></Liquidita><Rimanenze><AP_RimanenzePF>0</AP_RimanenzePF><AP_RimanenzeMP>0</AP_RimanenzeMP></Rimanenze><CreditiDebitiBreve><AP_CreditiSociBreve>0</AP_CreditiSociBreve><AP_DebitiSociBreve>0</AP_DebitiSociBreve><AP_CreditiComm>222711000</AP_CreditiComm><AP_DebitiComm>89136000</AP_DebitiComm><AP_AltriCrediti>0</AP_AltriCrediti><AP_AltriDebiti>0</AP_AltriDebiti><AP_CreditoIVA>4077000</AP_CreditoIVA><AP_CreditiTributari>0</AP_CreditiTributari><AP_DebitiTributari>0</AP_DebitiTributari></CreditiDebitiBreve><Tfr><AP_Tfr>101564000</AP_Tfr><AP_AltriFondi>15339000</AP_AltriFondi></Tfr><ImmFinanziarie_Partecipazioni><AP_Partecipazioni>27155000</AP_Partecipazioni></ImmFinanziarie_Partecipazioni><FinanziamentiBreve><AP_F_FinanziamentiABreve>13603000</AP_F_FinanziamentiABreve></FinanziamentiBreve><ImmMateriali><Investimento ID='1'><AP_IM_ValoreResiduo>0</AP_IM_ValoreResiduo><AP_IM_AmmortamentoAnnuale>0</AP_IM_AmmortamentoAnnuale><AP_IM_Iperammortamento>0</AP_IM_Iperammortamento></Investimento><Investimento ID='2'><AP_IM_ValoreResiduo>0</AP_IM_ValoreResiduo><AP_IM_AmmortamentoAnnuale>0</AP_IM_AmmortamentoAnnuale><AP_IM_Iperammortamento>0</AP_IM_Iperammortamento></Investimento><Investimento ID='3'><AP_IM_ValoreResiduo>0</AP_IM_ValoreResiduo><AP_IM_AmmortamentoAnnuale>0</AP_IM_AmmortamentoAnnuale><AP_IM_Iperammortamento>0</AP_IM_Iperammortamento></Investimento><Investimento ID='4'><AP_IM_ValoreResiduo>0</AP_IM_ValoreResiduo><AP_IM_AmmortamentoAnnuale>0</AP_IM_AmmortamentoAnnuale><AP_IM_Iperammortamento>0</AP_IM_Iperammortamento></Investimento></ImmMateriali><ImmImmateriali><Investimento ID='1'><AP_II_ValoreResiduo>19287000</AP_II_ValoreResiduo><AP_II_AmmortamentoAnnuale>2896000</AP_II_AmmortamentoAnnuale></Investimento><Investimento ID='2'><AP_II_ValoreResiduo>0</AP_II_ValoreResiduo><AP_II_AmmortamentoAnnuale>0</AP_II_AmmortamentoAnnuale></Investimento><Investimento ID='3'><AP_II_ValoreResiduo>0</AP_II_ValoreResiduo><AP_II_AmmortamentoAnnuale>0</AP_II_AmmortamentoAnnuale></Investimento><Investimento ID='4'><AP_II_ValoreResiduo>0</AP_II_ValoreResiduo><AP_II_AmmortamentoAnnuale>0</AP_II_AmmortamentoAnnuale></Investimento></ImmImmateriali><ImmFinanziarie_Titoli><Titolo ID='1'><AP_IF_Valore>345000000</AP_IF_Valore><AP_IF_AnniResidui>5000</AP_IF_AnniResidui><AP_IF_InteressiPerc>0</AP_IF_InteressiPerc><AP_IF_Interessi>0</AP_IF_Interessi></Titolo><Titolo ID='2'><AP_IF_Valore>0</AP_IF_Valore><AP_IF_AnniResidui>0</AP_IF_AnniResidui><AP_IF_InteressiPerc>0</AP_IF_InteressiPerc><AP_IF_Interessi>0</AP_IF_Interessi></Titolo><Titolo ID='3'><AP_IF_Valore>0</AP_IF_Valore><AP_IF_AnniResidui>0</AP_IF_AnniResidui><AP_IF_InteressiPerc>0</AP_IF_InteressiPerc><AP_IF_Interessi>0</AP_IF_Interessi></Titolo><Titolo ID='4'><AP_IF_Valore>0</AP_IF_Valore><AP_IF_AnniResidui>0</AP_IF_AnniResidui><AP_IF_InteressiPerc>0</AP_IF_InteressiPerc><AP_IF_Interessi>0</AP_IF_Interessi></Titolo></ImmFinanziarie_Titoli><Finanziamenti><Finanziamento ID='1'><AP_F_DebitoMedio>275166000</AP_F_DebitoMedio><AP_F_DebitoABreve>122854000</AP_F_DebitoABreve><AP_F_InteressiPerc>3000</AP_F_InteressiPerc></Finanziamento><Finanziamento ID='2'><AP_F_DebitoMedio>0</AP_F_DebitoMedio><AP_F_DebitoABreve>0</AP_F_DebitoABreve><AP_F_InteressiPerc>0</AP_F_InteressiPerc></Finanziamento><Finanziamento ID='3'><AP_F_DebitoMedio>0</AP_F_DebitoMedio><AP_F_DebitoABreve>0</AP_F_DebitoABreve><AP_F_InteressiPerc>0</AP_F_InteressiPerc></Finanziamento><Finanziamento ID='4'><AP_F_DebitoMedio>0</AP_F_DebitoMedio><AP_F_DebitoABreve>0</AP_F_DebitoABreve><AP_F_InteressiPerc>0</AP_F_InteressiPerc></Finanziamento></Finanziamenti></Data></Request>"}
[2019-07-30 16:44:54] 200 - OK - application/json
[2019-07-30 16:44:54] REQUEST POST - https://localhost:8082/public/ws/Economics.asmx/messaggi_summary
[2019-07-30 16:44:54] ---- FROM  ::1 (WinNT)
[2019-07-30 16:44:54] ---- BROWSER:  Chrome 75.0 (Mozilla/5.0 (Windows NT 10.0; Win64; x64) AppleWebKit/537.36 (KHTML, like Gecko) Chrome/75.0.3770.142 Safari/537.36)
[2019-07-30 16:44:54] ---- CONTENT: {data : "<?xml version='1.0' encoding='utf-8' ?><Request ID='20190730164454580'><General><Token>61111131252223224013000011333653</Token></General><Data></Data></Request>"}
[2019-07-30 16:44:54] 200 - OK - application/json
[2019-07-30 16:44:54] REQUEST POST - https://localhost:8082/public/ws/Config.asmx/All_Get
[2019-07-30 16:44:54] ---- FROM  ::1 (WinNT)
[2019-07-30 16:44:54] ---- BROWSER:  Chrome 75.0 (Mozilla/5.0 (Windows NT 10.0; Win64; x64) AppleWebKit/537.36 (KHTML, like Gecko) Chrome/75.0.3770.142 Safari/537.36)
[2019-07-30 16:44:54] ---- CONTENT: {data : "<?xml version='1.0' encoding='utf-8' ?><Request ID='20190730164454635'><General><Token>61111131252223224013000011333653</Token></General><Data></Data></Request>"}
[2019-07-30 16:44:54] 200 - OK - application/json
[2019-07-30 16:45:33] REQUEST GET - https://localhost:8082/economics/iva
[2019-07-30 16:45:33] ---- FROM  ::1 (WinNT)
[2019-07-30 16:45:33] ---- BROWSER:  Chrome 75.0 (Mozilla/5.0 (Windows NT 10.0; Win64; x64) AppleWebKit/537.36 (KHTML, like Gecko) Chrome/75.0.3770.142 Safari/537.36)
[2019-07-30 16:45:33] 200 - OK - text/html
[2019-07-30 16:45:35] REQUEST POST - https://localhost:8082/public/ws/Iva.asmx/Get
[2019-07-30 16:45:35] ---- FROM  ::1 (WinNT)
[2019-07-30 16:45:35] ---- BROWSER:  Chrome 75.0 (Mozilla/5.0 (Windows NT 10.0; Win64; x64) AppleWebKit/537.36 (KHTML, like Gecko) Chrome/75.0.3770.142 Safari/537.36)
[2019-07-30 16:45:35] ---- CONTENT: {data : "<?xml version='1.0' encoding='utf-8' ?><Request ID='20190730164535143'><General><Token>61111131252223224013000011333653</Token></General><Data></Data></Request>"}
[2019-07-30 16:45:36] 200 - OK - application/json
[2019-07-30 16:45:36] REQUEST POST - https://localhost:8082/public/ws/Economics.asmx/messaggi_summary
[2019-07-30 16:45:36] ---- FROM  ::1 (WinNT)
[2019-07-30 16:45:36] ---- BROWSER:  Chrome 75.0 (Mozilla/5.0 (Windows NT 10.0; Win64; x64) AppleWebKit/537.36 (KHTML, like Gecko) Chrome/75.0.3770.142 Safari/537.36)
[2019-07-30 16:45:36] ---- CONTENT: {data : "<?xml version='1.0' encoding='utf-8' ?><Request ID='20190730164536355'><General><Token>61111131252223224013000011333653</Token></General><Data></Data></Request>"}
[2019-07-30 16:45:36] 200 - OK - application/json
[2019-07-30 16:45:36] REQUEST POST - https://localhost:8082/public/ws/Config.asmx/All_Get
[2019-07-30 16:45:36] ---- FROM  ::1 (WinNT)
[2019-07-30 16:45:36] ---- BROWSER:  Chrome 75.0 (Mozilla/5.0 (Windows NT 10.0; Win64; x64) AppleWebKit/537.36 (KHTML, like Gecko) Chrome/75.0.3770.142 Safari/537.36)
[2019-07-30 16:45:36] ---- CONTENT: {data : "<?xml version='1.0' encoding='utf-8' ?><Request ID='20190730164536383'><General><Token>61111131252223224013000011333653</Token></General><Data></Data></Request>"}
[2019-07-30 16:45:36] REQUEST GET - https://localhost:8082/public/ws/Resources.ashx/xml-economics/61111131252223224013000011333653
[2019-07-30 16:45:36] ---- FROM  ::1 (WinNT)
[2019-07-30 16:45:36] ---- BROWSER:  Chrome 75.0 (Mozilla/5.0 (Windows NT 10.0; Win64; x64) AppleWebKit/537.36 (KHTML, like Gecko) Chrome/75.0.3770.142 Safari/537.36)
[2019-07-30 16:45:36] 200 - OK - application/json
[2019-07-30 16:45:36] 200 - OK - text/xml
[2019-07-30 16:45:36] REQUEST POST - https://localhost:8082/public/ws/Config.asmx/All_Get
[2019-07-30 16:45:36] ---- FROM  ::1 (WinNT)
[2019-07-30 16:45:36] ---- BROWSER:  Chrome 75.0 (Mozilla/5.0 (Windows NT 10.0; Win64; x64) AppleWebKit/537.36 (KHTML, like Gecko) Chrome/75.0.3770.142 Safari/537.36)
[2019-07-30 16:45:36] ---- CONTENT: {data : "<?xml version='1.0' encoding='utf-8' ?><Request ID='20190730164536454'><General><Token>61111131252223224013000011333653</Token></General><Data></Data></Request>"}
[2019-07-30 16:45:36] 200 - OK - application/json
[2019-07-30 16:45:37] REQUEST POST - https://localhost:8082/public/ws/Config.asmx/All_Get
[2019-07-30 16:45:37] ---- FROM  ::1 (WinNT)
[2019-07-30 16:45:37] ---- BROWSER:  Chrome 75.0 (Mozilla/5.0 (Windows NT 10.0; Win64; x64) AppleWebKit/537.36 (KHTML, like Gecko) Chrome/75.0.3770.142 Safari/537.36)
[2019-07-30 16:45:37] ---- CONTENT: {data : "<?xml version='1.0' encoding='utf-8' ?><Request ID='20190730164536999'><General><Token>61111131252223224013000011333653</Token></General><Data></Data></Request>"}
[2019-07-30 16:45:37] 200 - OK - application/json
[2019-07-30 16:45:46] REQUEST POST - https://localhost:8082/public/ws/Iva.asmx/Set
[2019-07-30 16:45:46] ---- FROM  ::1 (WinNT)
[2019-07-30 16:45:46] ---- BROWSER:  Chrome 75.0 (Mozilla/5.0 (Windows NT 10.0; Win64; x64) AppleWebKit/537.36 (KHTML, like Gecko) Chrome/75.0.3770.142 Safari/537.36)
[2019-07-30 16:45:46] ---- CONTENT: {data : "<?xml version='1.0' encoding='utf-8'?><Request ID='20190730164546509'><General><Token>61111131252223224013000011333653</Token></General><Data><Anni><Anno ID='1'><Ricavi>22000</Ricavi><Acquisti>22000</Acquisti><CI_VarComm>22000</CI_VarComm><CI_VarProd>22000</CI_VarProd><CI_Marketing>22000</CI_Marketing><CI_Comunicazione>22000</CI_Comunicazione><CI_Struttura>22000</CI_Struttura><CI_Infrastrutture>22000</CI_Infrastrutture><CI_Amministrativi>22000</CI_Amministrativi><CI_Altri>22000</CI_Altri><IMat_1>22000</IMat_1><IMat_2>22000</IMat_2><IMat_3>22000</IMat_3><IMat_4>22000</IMat_4><IImmat_1>22000</IImmat_1><IImmat_2>22000</IImmat_2><IImmat_3>22000</IImmat_3><IImmat_4>22000</IImmat_4></Anno><Anno ID='2'><Ricavi>22000</Ricavi><Acquisti>22000</Acquisti><CI_VarComm>22000</CI_VarComm><CI_VarProd>22000</CI_VarProd><CI_Marketing>22000</CI_Marketing><CI_Comunicazione>22000</CI_Comunicazione><CI_Struttura>22000</CI_Struttura><CI_Infrastrutture>22000</CI_Infrastrutture><CI_Amministrativi>22000</CI_Amministrativi><CI_Altri>22000</CI_Altri><IMat_1>22000</IMat_1><IMat_2>22000</IMat_2><IMat_3>22000</IMat_3><IMat_4>22000</IMat_4><IImmat_1>22000</IImmat_1><IImmat_2>22000</IImmat_2><IImmat_3>22000</IImmat_3><IImmat_4>22000</IImmat_4></Anno><Anno ID='3'><Ricavi>22000</Ricavi><Acquisti>22000</Acquisti><CI_VarComm>22000</CI_VarComm><CI_VarProd>22000</CI_VarProd><CI_Marketing>22000</CI_Marketing><CI_Comunicazione>22000</CI_Comunicazione><CI_Struttura>22000</CI_Struttura><CI_Infrastrutture>22000</CI_Infrastrutture><CI_Amministrativi>22000</CI_Amministrativi><CI_Altri>22000</CI_Altri><IMat_1>22000</IMat_1><IMat_2>22000</IMat_2><IMat_3>22000</IMat_3><IMat_4>22000</IMat_4><IImmat_1>22000</IImmat_1><IImmat_2>22000</IImmat_2><IImmat_3>22000</IImmat_3><IImmat_4>22000</IImmat_4></Anno></Anni></Data></Request>"}
[2019-07-30 16:45:48] 200 - OK - application/json
[2019-07-30 16:45:50] REQUEST POST - https://localhost:8082/public/ws/Economics.asmx/PreCompile
[2019-07-30 16:45:50] ---- FROM  ::1 (WinNT)
[2019-07-30 16:45:50] ---- BROWSER:  Chrome 75.0 (Mozilla/5.0 (Windows NT 10.0; Win64; x64) AppleWebKit/537.36 (KHTML, like Gecko) Chrome/75.0.3770.142 Safari/537.36)
[2019-07-30 16:45:50] ---- CONTENT: {data : "<?xml version='1.0' encoding='utf-8' ?><Request ID='20190730164550218'><General><Token>61111131252223224013000011333653</Token></General><Data></Data></Request>"}
[2019-07-30 16:46:03] 200 - OK - application/json
[2019-07-30 16:46:03] REQUEST POST - https://localhost:8082/public/ws/Iva.asmx/Get
[2019-07-30 16:46:03] ---- FROM  ::1 (WinNT)
[2019-07-30 16:46:03] ---- BROWSER:  Chrome 75.0 (Mozilla/5.0 (Windows NT 10.0; Win64; x64) AppleWebKit/537.36 (KHTML, like Gecko) Chrome/75.0.3770.142 Safari/537.36)
[2019-07-30 16:46:03] ---- CONTENT: {data : "<?xml version='1.0' encoding='utf-8' ?><Request ID='20190730164603335'><General><Token>61111131252223224013000011333653</Token></General><Data></Data></Request>"}
[2019-07-30 16:46:04] 200 - OK - application/json
[2019-07-30 16:46:04] REQUEST POST - https://localhost:8082/public/ws/Economics.asmx/messaggi_summary
[2019-07-30 16:46:04] ---- FROM  ::1 (WinNT)
[2019-07-30 16:46:04] ---- BROWSER:  Chrome 75.0 (Mozilla/5.0 (Windows NT 10.0; Win64; x64) AppleWebKit/537.36 (KHTML, like Gecko) Chrome/75.0.3770.142 Safari/537.36)
[2019-07-30 16:46:04] ---- CONTENT: {data : "<?xml version='1.0' encoding='utf-8' ?><Request ID='20190730164604616'><General><Token>61111131252223224013000011333653</Token></General><Data></Data></Request>"}
[2019-07-30 16:46:04] 200 - OK - application/json
[2019-07-30 16:46:04] REQUEST POST - https://localhost:8082/public/ws/Config.asmx/All_Get
[2019-07-30 16:46:04] ---- FROM  ::1 (WinNT)
[2019-07-30 16:46:04] ---- BROWSER:  Chrome 75.0 (Mozilla/5.0 (Windows NT 10.0; Win64; x64) AppleWebKit/537.36 (KHTML, like Gecko) Chrome/75.0.3770.142 Safari/537.36)
[2019-07-30 16:46:04] ---- CONTENT: {data : "<?xml version='1.0' encoding='utf-8' ?><Request ID='20190730164604649'><General><Token>61111131252223224013000011333653</Token></General><Data></Data></Request>"}
[2019-07-30 16:46:04] REQUEST GET - https://localhost:8082/public/ws/Resources.ashx/xml-economics/61111131252223224013000011333653
[2019-07-30 16:46:04] ---- FROM  ::1 (WinNT)
[2019-07-30 16:46:04] ---- BROWSER:  Chrome 75.0 (Mozilla/5.0 (Windows NT 10.0; Win64; x64) AppleWebKit/537.36 (KHTML, like Gecko) Chrome/75.0.3770.142 Safari/537.36)
[2019-07-30 16:46:04] 200 - OK - application/json
[2019-07-30 16:46:04] 200 - OK - text/xml
[2019-07-30 16:46:04] REQUEST POST - https://localhost:8082/public/ws/Config.asmx/All_Get
[2019-07-30 16:46:04] ---- FROM  ::1 (WinNT)
[2019-07-30 16:46:04] ---- BROWSER:  Chrome 75.0 (Mozilla/5.0 (Windows NT 10.0; Win64; x64) AppleWebKit/537.36 (KHTML, like Gecko) Chrome/75.0.3770.142 Safari/537.36)
[2019-07-30 16:46:04] ---- CONTENT: {data : "<?xml version='1.0' encoding='utf-8' ?><Request ID='20190730164604728'><General><Token>61111131252223224013000011333653</Token></General><Data></Data></Request>"}
[2019-07-30 16:46:04] 200 - OK - application/json
[2019-07-30 16:46:05] REQUEST POST - https://localhost:8082/public/ws/Config.asmx/All_Get
[2019-07-30 16:46:05] ---- FROM  ::1 (WinNT)
[2019-07-30 16:46:05] ---- BROWSER:  Chrome 75.0 (Mozilla/5.0 (Windows NT 10.0; Win64; x64) AppleWebKit/537.36 (KHTML, like Gecko) Chrome/75.0.3770.142 Safari/537.36)
[2019-07-30 16:46:05] ---- CONTENT: {data : "<?xml version='1.0' encoding='utf-8' ?><Request ID='20190730164605260'><General><Token>61111131252223224013000011333653</Token></General><Data></Data></Request>"}
[2019-07-30 16:46:05] 200 - OK - application/json
[2019-07-30 16:46:15] REQUEST GET - https://localhost:8082/economics/anno-precedente-insert
[2019-07-30 16:46:15] ---- FROM  ::1 (WinNT)
[2019-07-30 16:46:15] ---- BROWSER:  Chrome 75.0 (Mozilla/5.0 (Windows NT 10.0; Win64; x64) AppleWebKit/537.36 (KHTML, like Gecko) Chrome/75.0.3770.142 Safari/537.36)
[2019-07-30 16:46:15] 200 - OK - text/html
[2019-07-30 16:46:17] REQUEST POST - https://localhost:8082/public/ws/AnnoPrec.asmx/Get
[2019-07-30 16:46:17] ---- FROM  ::1 (WinNT)
[2019-07-30 16:46:17] ---- BROWSER:  Chrome 75.0 (Mozilla/5.0 (Windows NT 10.0; Win64; x64) AppleWebKit/537.36 (KHTML, like Gecko) Chrome/75.0.3770.142 Safari/537.36)
[2019-07-30 16:46:17] ---- CONTENT: {data : "<?xml version='1.0' encoding='utf-8' ?><Request ID='20190730164617222'><General><Token>61111131252223224013000011333653</Token></General><Data></Data></Request>"}
