[2019-11-27 11:26:07] REQUEST GET - https://localhost:8082/controllo/forecast
[2019-11-27 11:26:07] ---- FROM  ::1 (WinNT)
[2019-11-27 11:26:07] ---- BROWSER:  Chrome 78.0 (Mozilla/5.0 (Windows NT 10.0; Win64; x64) AppleWebKit/537.36 (KHTML, like Gecko) Chrome/78.0.3904.108 Safari/537.36)
[2019-11-27 11:26:07] 302 - Found - text/html
[2019-11-27 11:26:07] REQUEST GET - https://localhost:8082/public/aspx/Home.aspx?ReturnUrl=%2fcontrollo%2fforecast
[2019-11-27 11:26:07] ---- FROM  ::1 (WinNT)
[2019-11-27 11:26:07] ---- BROWSER:  Chrome 78.0 (Mozilla/5.0 (Windows NT 10.0; Win64; x64) AppleWebKit/537.36 (KHTML, like Gecko) Chrome/78.0.3904.108 Safari/537.36)
[2019-11-27 11:26:07] 200 - OK - text/html
[2019-11-27 11:26:29] REQUEST POST - https://localhost:8082/public/aspx/Home.aspx
[2019-11-27 11:26:29] ---- FROM  ::1 (WinNT)
[2019-11-27 11:26:29] ---- BROWSER:  Chrome 78.0 (Mozilla/5.0 (Windows NT 10.0; Win64; x64) AppleWebKit/537.36 (KHTML, like Gecko) Chrome/78.0.3904.108 Safari/537.36)
[2019-11-27 11:26:29] ---- CONTENT: Token%3D51111151252225224304000011334082%26TokenApiRest%3DeyJ0eXAiOiJKV1QiLCJhbGciOiJIUzI1NiJ9.eyJpc3MiOiJodHRwczpcL1wvd3d3cy5kZXYteWVhcC5pdCIsImlhdCI6MTU0MjI5NDMyMSwibmJmIjoxNTQyMjk0MzIxLCJleHAiOjE1NDI4OTkxMjEsImRhdGEiOnsidXNlciI6eyJpZCI6IjQ0In19fQ.RCP5OeoGASxAyBw1MbMD4BFJAcDM5JIXqYXKBALZcJI%26Logo%3Dhttps%3A%2F%2Flocalhost%3A8082%2Fscratch%2Fpl_logo.png%26Title%3DBusiness+Plan+Test+nr.+4=
[2019-11-27 11:26:29] 302 - Found - text/html
[2019-11-27 11:26:29] REQUEST GET - https://localhost:8082/home/welcome
[2019-11-27 11:26:29] ---- FROM  ::1 (WinNT)
[2019-11-27 11:26:29] ---- BROWSER:  Chrome 78.0 (Mozilla/5.0 (Windows NT 10.0; Win64; x64) AppleWebKit/537.36 (KHTML, like Gecko) Chrome/78.0.3904.108 Safari/537.36)
[2019-11-27 11:26:29] 200 - OK - text/html
[2019-11-27 11:26:30] REQUEST POST - https://localhost:8082/public/ws/General.asmx/Set
[2019-11-27 11:26:30] ---- FROM  ::1 (WinNT)
[2019-11-27 11:26:30] ---- BROWSER:  Chrome 78.0 (Mozilla/5.0 (Windows NT 10.0; Win64; x64) AppleWebKit/537.36 (KHTML, like Gecko) Chrome/78.0.3904.108 Safari/537.36)
[2019-11-27 11:26:30] ---- CONTENT: {data : "<?xml version='1.0' encoding='utf-8' ?><Request ID='20191127112630954'><General><Token>51111151252225224304000011334082</Token></General><Data><Nome>Business Plan Test nr. 4</Nome><Logo>https%3A%2F%2Flocalhost%3A8082%2Fscratch%2Fpl_logo.png</Logo></Data></Request>"}
[2019-11-27 11:26:31] 200 - OK - application/json
[2019-11-27 11:26:31] REQUEST POST - https://localhost:8082/public/ws/Config.asmx/Economics_Get
[2019-11-27 11:26:31] ---- FROM  ::1 (WinNT)
[2019-11-27 11:26:31] ---- BROWSER:  Chrome 78.0 (Mozilla/5.0 (Windows NT 10.0; Win64; x64) AppleWebKit/537.36 (KHTML, like Gecko) Chrome/78.0.3904.108 Safari/537.36)
[2019-11-27 11:26:31] ---- CONTENT: {data : "<?xml version='1.0' encoding='utf-8' ?><Request ID='20191127112631303'><General><Token>51111151252225224304000011334082</Token></General><Data></Data></Request>"}
[2019-11-27 11:26:31] 200 - OK - application/json
[2019-11-27 11:26:31] REQUEST POST - https://localhost:8082/public/ws/Config.asmx/All_Get
[2019-11-27 11:26:31] ---- FROM  ::1 (WinNT)
[2019-11-27 11:26:31] ---- BROWSER:  Chrome 78.0 (Mozilla/5.0 (Windows NT 10.0; Win64; x64) AppleWebKit/537.36 (KHTML, like Gecko) Chrome/78.0.3904.108 Safari/537.36)
[2019-11-27 11:26:31] ---- CONTENT: {data : "<?xml version='1.0' encoding='utf-8' ?><Request ID='20191127112631503'><General><Token>51111151252225224304000011334082</Token></General><Data></Data></Request>"}
[2019-11-27 11:26:31] REQUEST POST - https://localhost:8082/public/ws/Economics.asmx/messaggi_summary
[2019-11-27 11:26:31] ---- FROM  ::1 (WinNT)
[2019-11-27 11:26:31] ---- BROWSER:  Chrome 78.0 (Mozilla/5.0 (Windows NT 10.0; Win64; x64) AppleWebKit/537.36 (KHTML, like Gecko) Chrome/78.0.3904.108 Safari/537.36)
[2019-11-27 11:26:31] ---- CONTENT: {data : "<?xml version='1.0' encoding='utf-8' ?><Request ID='20191127112631576'><General><Token>51111151252225224304000011334082</Token></General><Data></Data></Request>"}
[2019-11-27 11:26:31] 200 - OK - application/json
[2019-11-27 11:26:31] 200 - OK - application/json
[2019-11-27 11:26:31] REQUEST POST - https://localhost:8082/public/ws/Config.asmx/All_Get
[2019-11-27 11:26:31] ---- FROM  ::1 (WinNT)
[2019-11-27 11:26:31] ---- BROWSER:  Chrome 78.0 (Mozilla/5.0 (Windows NT 10.0; Win64; x64) AppleWebKit/537.36 (KHTML, like Gecko) Chrome/78.0.3904.108 Safari/537.36)
[2019-11-27 11:26:31] ---- CONTENT: {data : "<?xml version='1.0' encoding='utf-8' ?><Request ID='20191127112631708'><General><Token>51111151252225224304000011334082</Token></General><Data></Data></Request>"}
[2019-11-27 11:26:31] 200 - OK - application/json
[2019-11-27 11:26:31] REQUEST POST - https://localhost:8082/public/ws/Config.asmx/All_Get
[2019-11-27 11:26:31] ---- FROM  ::1 (WinNT)
[2019-11-27 11:26:31] ---- BROWSER:  Chrome 78.0 (Mozilla/5.0 (Windows NT 10.0; Win64; x64) AppleWebKit/537.36 (KHTML, like Gecko) Chrome/78.0.3904.108 Safari/537.36)
[2019-11-27 11:26:31] ---- CONTENT: {data : "<?xml version='1.0' encoding='utf-8' ?><Request ID='20191127112631800'><General><Token>51111151252225224304000011334082</Token></General><Data></Data></Request>"}
[2019-11-27 11:26:31] 200 - OK - application/json
[2019-11-27 11:26:35] REQUEST GET - https://localhost:8082/controllo/forecast
[2019-11-27 11:26:35] ---- FROM  ::1 (WinNT)
[2019-11-27 11:26:35] ---- BROWSER:  Chrome 78.0 (Mozilla/5.0 (Windows NT 10.0; Win64; x64) AppleWebKit/537.36 (KHTML, like Gecko) Chrome/78.0.3904.108 Safari/537.36)
[2019-11-27 11:26:35] 200 - OK - text/html
[2019-11-27 11:26:36] REQUEST POST - https://localhost:8082/public/ws/CDG.asmx/Get
[2019-11-27 11:26:36] ---- FROM  ::1 (WinNT)
[2019-11-27 11:26:36] ---- BROWSER:  Chrome 78.0 (Mozilla/5.0 (Windows NT 10.0; Win64; x64) AppleWebKit/537.36 (KHTML, like Gecko) Chrome/78.0.3904.108 Safari/537.36)
[2019-11-27 11:26:36] ---- CONTENT: {data : "<?xml version='1.0' encoding='utf-8' ?><Request ID='20191127112636551'><General><Token>51111151252225224304000011334082</Token></General><Data></Data></Request>"}
[2019-11-27 11:26:36] 200 - OK - application/json
[2019-11-27 11:26:36] REQUEST GET - https://localhost:8082/public/ws/Resources.ashx/xml-economics/51111151252225224304000011334082
[2019-11-27 11:26:36] ---- FROM  ::1 (WinNT)
[2019-11-27 11:26:36] ---- BROWSER:  Chrome 78.0 (Mozilla/5.0 (Windows NT 10.0; Win64; x64) AppleWebKit/537.36 (KHTML, like Gecko) Chrome/78.0.3904.108 Safari/537.36)
[2019-11-27 11:26:36] 200 - OK - text/xml
[2019-11-27 11:26:36] REQUEST POST - https://localhost:8082/public/ws/Economics.asmx/messaggi_summary
[2019-11-27 11:26:36] ---- FROM  ::1 (WinNT)
[2019-11-27 11:26:36] ---- BROWSER:  Chrome 78.0 (Mozilla/5.0 (Windows NT 10.0; Win64; x64) AppleWebKit/537.36 (KHTML, like Gecko) Chrome/78.0.3904.108 Safari/537.36)
[2019-11-27 11:26:36] ---- CONTENT: {data : "<?xml version='1.0' encoding='utf-8' ?><Request ID='20191127112636702'><General><Token>51111151252225224304000011334082</Token></General><Data></Data></Request>"}
[2019-11-27 11:26:36] 200 - OK - application/json
[2019-11-27 11:26:36] REQUEST POST - https://localhost:8082/public/ws/Config.asmx/All_Get
[2019-11-27 11:26:36] ---- FROM  ::1 (WinNT)
[2019-11-27 11:26:36] ---- BROWSER:  Chrome 78.0 (Mozilla/5.0 (Windows NT 10.0; Win64; x64) AppleWebKit/537.36 (KHTML, like Gecko) Chrome/78.0.3904.108 Safari/537.36)
[2019-11-27 11:26:36] ---- CONTENT: {data : "<?xml version='1.0' encoding='utf-8' ?><Request ID='20191127112636770'><General><Token>51111151252225224304000011334082</Token></General><Data></Data></Request>"}
[2019-11-27 11:26:36] 200 - OK - application/json
[2019-11-27 11:26:36] REQUEST POST - https://localhost:8082/public/ws/CDG.asmx/BPData
[2019-11-27 11:26:36] ---- FROM  ::1 (WinNT)
[2019-11-27 11:26:36] ---- BROWSER:  Chrome 78.0 (Mozilla/5.0 (Windows NT 10.0; Win64; x64) AppleWebKit/537.36 (KHTML, like Gecko) Chrome/78.0.3904.108 Safari/537.36)
[2019-11-27 11:26:36] ---- CONTENT: {data : "<?xml version='1.0' encoding='utf-8' ?><Request ID='20191127112636845'><General><Token>51111151252225224304000011334082</Token></General><Data></Data></Request>"}
[2019-11-27 11:26:36] REQUEST POST - https://localhost:8082/public/ws/CDG.asmx/Scenario1
[2019-11-27 11:26:36] ---- FROM  ::1 (WinNT)
[2019-11-27 11:26:36] ---- BROWSER:  Chrome 78.0 (Mozilla/5.0 (Windows NT 10.0; Win64; x64) AppleWebKit/537.36 (KHTML, like Gecko) Chrome/78.0.3904.108 Safari/537.36)
[2019-11-27 11:26:36] ---- CONTENT: {data : "<?xml version='1.0' encoding='utf-8' ?><Request ID='20191127112636837'><General><Token>51111151252225224304000011334082</Token></General><Data></Data></Request>"}
[2019-11-27 11:26:36] REQUEST POST - https://localhost:8082/public/ws/CDG.asmx/Scenario2
[2019-11-27 11:26:36] ---- FROM  ::1 (WinNT)
[2019-11-27 11:26:36] ---- BROWSER:  Chrome 78.0 (Mozilla/5.0 (Windows NT 10.0; Win64; x64) AppleWebKit/537.36 (KHTML, like Gecko) Chrome/78.0.3904.108 Safari/537.36)
[2019-11-27 11:26:36] ---- CONTENT: {data : "<?xml version='1.0' encoding='utf-8' ?><Request ID='20191127112636840'><General><Token>51111151252225224304000011334082</Token></General><Data></Data></Request>"}
[2019-11-27 11:26:36] REQUEST POST - https://localhost:8082/public/ws/CDG.asmx/Scenario3
[2019-11-27 11:26:36] ---- FROM  ::1 (WinNT)
[2019-11-27 11:26:36] ---- BROWSER:  Chrome 78.0 (Mozilla/5.0 (Windows NT 10.0; Win64; x64) AppleWebKit/537.36 (KHTML, like Gecko) Chrome/78.0.3904.108 Safari/537.36)
[2019-11-27 11:26:36] ---- CONTENT: {data : "<?xml version='1.0' encoding='utf-8' ?><Request ID='20191127112636843'><General><Token>51111151252225224304000011334082</Token></General><Data></Data></Request>"}
[2019-11-27 11:26:37] REQUEST POST - https://localhost:8082/public/ws/Config.asmx/All_Get
[2019-11-27 11:26:37] ---- FROM  ::1 (WinNT)
[2019-11-27 11:26:37] ---- BROWSER:  Chrome 78.0 (Mozilla/5.0 (Windows NT 10.0; Win64; x64) AppleWebKit/537.36 (KHTML, like Gecko) Chrome/78.0.3904.108 Safari/537.36)
[2019-11-27 11:26:37] ---- CONTENT: {data : "<?xml version='1.0' encoding='utf-8' ?><Request ID='20191127112636926'><General><Token>51111151252225224304000011334082</Token></General><Data></Data></Request>"}
[2019-11-27 11:26:37] 200 - OK - application/json
[2019-11-27 11:26:37] 200 - OK - application/json
[2019-11-27 11:26:37] 200 - OK - application/json
[2019-11-27 11:26:37] 200 - OK - application/json
[2019-11-27 11:26:37] 200 - OK - application/json
[2019-11-27 11:26:38] REQUEST POST - https://localhost:8082/public/ws/CDG.asmx/Get
[2019-11-27 11:26:38] ---- FROM  ::1 (WinNT)
[2019-11-27 11:26:38] ---- BROWSER:  Chrome 78.0 (Mozilla/5.0 (Windows NT 10.0; Win64; x64) AppleWebKit/537.36 (KHTML, like Gecko) Chrome/78.0.3904.108 Safari/537.36)
[2019-11-27 11:26:38] ---- CONTENT: {data : "<?xml version='1.0' encoding='utf-8' ?><Request ID='20191127112638235'><General><Token>51111151252225224304000011334082</Token></General><Data></Data></Request>"}
[2019-11-27 11:26:38] REQUEST POST - https://localhost:8082/public/ws/CDG.asmx/Get
[2019-11-27 11:26:38] ---- FROM  ::1 (WinNT)
[2019-11-27 11:26:38] ---- BROWSER:  Chrome 78.0 (Mozilla/5.0 (Windows NT 10.0; Win64; x64) AppleWebKit/537.36 (KHTML, like Gecko) Chrome/78.0.3904.108 Safari/537.36)
[2019-11-27 11:26:38] ---- CONTENT: {data : "<?xml version='1.0' encoding='utf-8' ?><Request ID='20191127112638249'><General><Token>51111151252225224304000011334082</Token></General><Data></Data></Request>"}
[2019-11-27 11:26:38] 200 - OK - application/json
[2019-11-27 11:26:38] 200 - OK - application/json
