[2019-12-04 17:43:30] REQUEST GET - https://localhost:8082/economics/messaggi
[2019-12-04 17:43:30] ---- FROM  ::1 (WinNT)
[2019-12-04 17:43:30] ---- BROWSER:  Chrome 78.0 (Mozilla/5.0 (Windows NT 10.0; Win64; x64) AppleWebKit/537.36 (KHTML, like Gecko) Chrome/78.0.3904.108 Safari/537.36)
[2019-12-04 17:43:30] 302 - Found - text/html
[2019-12-04 17:43:30] REQUEST GET - https://localhost:8082/public/aspx/Home.aspx?ReturnUrl=%2feconomics%2fmessaggi
[2019-12-04 17:43:30] ---- FROM  ::1 (WinNT)
[2019-12-04 17:43:30] ---- BROWSER:  Chrome 78.0 (Mozilla/5.0 (Windows NT 10.0; Win64; x64) AppleWebKit/537.36 (KHTML, like Gecko) Chrome/78.0.3904.108 Safari/537.36)
[2019-12-04 17:43:30] 200 - OK - text/html
[2019-12-04 17:43:32] REQUEST GET - https://localhost:8082/public/aspx/Home.aspx?ReturnUrl=%2feconomics%2fmessaggi
[2019-12-04 17:43:32] ---- FROM  ::1 (WinNT)
[2019-12-04 17:43:32] ---- BROWSER:  Chrome 78.0 (Mozilla/5.0 (Windows NT 10.0; Win64; x64) AppleWebKit/537.36 (KHTML, like Gecko) Chrome/78.0.3904.108 Safari/537.36)
[2019-12-04 17:43:32] 200 - OK - text/html
[2019-12-04 17:43:33] REQUEST GET - https://localhost:8082/public/aspx/Home.aspx?ReturnUrl=%2feconomics%2fmessaggi
[2019-12-04 17:43:33] ---- FROM  ::1 (WinNT)
[2019-12-04 17:43:33] ---- BROWSER:  Chrome 78.0 (Mozilla/5.0 (Windows NT 10.0; Win64; x64) AppleWebKit/537.36 (KHTML, like Gecko) Chrome/78.0.3904.108 Safari/537.36)
[2019-12-04 17:43:33] 200 - OK - text/html
[2019-12-04 17:43:33] REQUEST GET - https://localhost:8082/public/aspx/Home.aspx?ReturnUrl=%2feconomics%2fmessaggi
[2019-12-04 17:43:33] ---- FROM  ::1 (WinNT)
[2019-12-04 17:43:33] ---- BROWSER:  Chrome 78.0 (Mozilla/5.0 (Windows NT 10.0; Win64; x64) AppleWebKit/537.36 (KHTML, like Gecko) Chrome/78.0.3904.108 Safari/537.36)
[2019-12-04 17:43:33] 200 - OK - text/html
[2019-12-04 17:43:36] REQUEST GET - https://localhost:8082/public/aspx/Home.aspx?ReturnUrl=%2feconomics%2fmessaggi
[2019-12-04 17:43:36] ---- FROM  ::1 (WinNT)
[2019-12-04 17:43:36] ---- BROWSER:  Chrome 78.0 (Mozilla/5.0 (Windows NT 10.0; Win64; x64) AppleWebKit/537.36 (KHTML, like Gecko) Chrome/78.0.3904.108 Safari/537.36)
[2019-12-04 17:43:36] 200 - OK - text/html
[2019-12-04 17:45:24] REQUEST POST - https://localhost:8082/public/aspx/Home.aspx
[2019-12-04 17:45:24] ---- FROM  ::1 (WinNT)
[2019-12-04 17:45:24] ---- BROWSER:  Chrome 78.0 (Mozilla/5.0 (Windows NT 10.0; Win64; x64) AppleWebKit/537.36 (KHTML, like Gecko) Chrome/78.0.3904.108 Safari/537.36)
[2019-12-04 17:45:24] ---- CONTENT: Token%3D61111131252223224013000011333653%26TokenApiRest%3DeyJ0eXAiOiJKV1QiLCJhbGciOiJIUzI1NiJ9.eyJpc3MiOiJodHRwczpcL1wvd3d3cy5kZXYteWVhcC5pdCIsImlhdCI6MTU0MjI5NDMyMSwibmJmIjoxNTQyMjk0MzIxLCJleHAiOjE1NDI4OTkxMjEsImRhdGEiOnsidXNlciI6eyJpZCI6IjQ0In19fQ.RCP5OeoGASxAyBw1MbMD4BFJAcDM5JIXqYXKBALZcJI%26Logo%3Dhttps%3A%2F%2Flocalhost%3A8082%2Fscratch%2Fpl_logo.png%26Title%3DBusiness+Plan+Test+nr.+2=
[2019-12-04 17:45:24] 302 - Found - text/html
[2019-12-04 17:45:24] REQUEST GET - https://localhost:8082/home/welcome
[2019-12-04 17:45:24] ---- FROM  ::1 (WinNT)
[2019-12-04 17:45:24] ---- BROWSER:  Chrome 78.0 (Mozilla/5.0 (Windows NT 10.0; Win64; x64) AppleWebKit/537.36 (KHTML, like Gecko) Chrome/78.0.3904.108 Safari/537.36)
[2019-12-04 17:45:24] 200 - OK - text/html
[2019-12-04 17:45:25] REQUEST POST - https://localhost:8082/public/ws/General.asmx/Set
[2019-12-04 17:45:25] ---- FROM  ::1 (WinNT)
[2019-12-04 17:45:25] ---- BROWSER:  Chrome 78.0 (Mozilla/5.0 (Windows NT 10.0; Win64; x64) AppleWebKit/537.36 (KHTML, like Gecko) Chrome/78.0.3904.108 Safari/537.36)
[2019-12-04 17:45:25] ---- CONTENT: {data : "<?xml version='1.0' encoding='utf-8' ?><Request ID='20191204174525130'><General><Token>61111131252223224013000011333653</Token></General><Data><Nome>Business Plan Test nr. 2</Nome><Logo>https%3A%2F%2Flocalhost%3A8082%2Fscratch%2Fpl_logo.png</Logo></Data></Request>"}
[2019-12-04 17:45:25] 200 - OK - application/json
[2019-12-04 17:45:25] REQUEST POST - https://localhost:8082/public/ws/Config.asmx/Economics_Get
[2019-12-04 17:45:25] ---- FROM  ::1 (WinNT)
[2019-12-04 17:45:25] ---- BROWSER:  Chrome 78.0 (Mozilla/5.0 (Windows NT 10.0; Win64; x64) AppleWebKit/537.36 (KHTML, like Gecko) Chrome/78.0.3904.108 Safari/537.36)
[2019-12-04 17:45:25] ---- CONTENT: {data : "<?xml version='1.0' encoding='utf-8' ?><Request ID='20191204174525350'><General><Token>61111131252223224013000011333653</Token></General><Data></Data></Request>"}
[2019-12-04 17:45:25] 200 - OK - application/json
[2019-12-04 17:45:27] REQUEST POST - https://localhost:8082/public/aspx/Home.aspx
[2019-12-04 17:45:27] ---- FROM  ::1 (WinNT)
[2019-12-04 17:45:27] ---- BROWSER:  Chrome 78.0 (Mozilla/5.0 (Windows NT 10.0; Win64; x64) AppleWebKit/537.36 (KHTML, like Gecko) Chrome/78.0.3904.108 Safari/537.36)
[2019-12-04 17:45:27] ---- CONTENT: Token%3D11111121252221224308000011333382%26TokenApiRest%3DeyJ0eXAiOiJKV1QiLCJhbGciOiJIUzI1NiJ9.eyJpc3MiOiJodHRwczpcL1wvd3d3cy5kZXYteWVhcC5pdCIsImlhdCI6MTU0MjI5NDMyMSwibmJmIjoxNTQyMjk0MzIxLCJleHAiOjE1NDI4OTkxMjEsImRhdGEiOnsidXNlciI6eyJpZCI6IjQ0In19fQ.RCP5OeoGASxAyBw1MbMD4BFJAcDM5JIXqYXKBALZcJI%26Logo%3Dhttps%3A%2F%2Flocalhost%3A8082%2Fscratch%2Fpl_logo.png%26Title%3DBusiness+Plan+Test+nr.+1=
[2019-12-04 17:45:27] 302 - Found - text/html
[2019-12-04 17:45:27] REQUEST GET - https://localhost:8082/home/welcome
[2019-12-04 17:45:27] ---- FROM  ::1 (WinNT)
[2019-12-04 17:45:27] ---- BROWSER:  Chrome 78.0 (Mozilla/5.0 (Windows NT 10.0; Win64; x64) AppleWebKit/537.36 (KHTML, like Gecko) Chrome/78.0.3904.108 Safari/537.36)
[2019-12-04 17:45:27] 200 - OK - text/html
[2019-12-04 17:45:27] REQUEST POST - https://localhost:8082/public/ws/General.asmx/Set
[2019-12-04 17:45:27] ---- FROM  ::1 (WinNT)
[2019-12-04 17:45:27] ---- BROWSER:  Chrome 78.0 (Mozilla/5.0 (Windows NT 10.0; Win64; x64) AppleWebKit/537.36 (KHTML, like Gecko) Chrome/78.0.3904.108 Safari/537.36)
[2019-12-04 17:45:27] ---- CONTENT: {data : "<?xml version='1.0' encoding='utf-8' ?><Request ID='20191204174527739'><General><Token>11111121252221224308000011333382</Token></General><Data><Nome>Business Plan Test nr. 1</Nome><Logo>https%3A%2F%2Flocalhost%3A8082%2Fscratch%2Fpl_logo.png</Logo></Data></Request>"}
[2019-12-04 17:45:27] 200 - OK - application/json
[2019-12-04 17:45:27] REQUEST POST - https://localhost:8082/public/ws/Config.asmx/Economics_Get
[2019-12-04 17:45:27] ---- FROM  ::1 (WinNT)
[2019-12-04 17:45:27] ---- BROWSER:  Chrome 78.0 (Mozilla/5.0 (Windows NT 10.0; Win64; x64) AppleWebKit/537.36 (KHTML, like Gecko) Chrome/78.0.3904.108 Safari/537.36)
[2019-12-04 17:45:27] ---- CONTENT: {data : "<?xml version='1.0' encoding='utf-8' ?><Request ID='20191204174527758'><General><Token>11111121252221224308000011333382</Token></General><Data></Data></Request>"}
[2019-12-04 17:45:27] 200 - OK - application/json
[2019-12-04 17:45:27] REQUEST POST - https://localhost:8082/public/ws/Config.asmx/All_Get
[2019-12-04 17:45:27] ---- FROM  ::1 (WinNT)
[2019-12-04 17:45:27] ---- BROWSER:  Chrome 78.0 (Mozilla/5.0 (Windows NT 10.0; Win64; x64) AppleWebKit/537.36 (KHTML, like Gecko) Chrome/78.0.3904.108 Safari/537.36)
[2019-12-04 17:45:27] ---- CONTENT: {data : "<?xml version='1.0' encoding='utf-8' ?><Request ID='20191204174527831'><General><Token>11111121252221224308000011333382</Token></General><Data></Data></Request>"}
[2019-12-04 17:45:27] REQUEST POST - https://localhost:8082/public/ws/Economics.asmx/messaggi_summary
[2019-12-04 17:45:27] ---- FROM  ::1 (WinNT)
[2019-12-04 17:45:27] ---- BROWSER:  Chrome 78.0 (Mozilla/5.0 (Windows NT 10.0; Win64; x64) AppleWebKit/537.36 (KHTML, like Gecko) Chrome/78.0.3904.108 Safari/537.36)
[2019-12-04 17:45:27] ---- CONTENT: {data : "<?xml version='1.0' encoding='utf-8' ?><Request ID='20191204174527895'><General><Token>11111121252221224308000011333382</Token></General><Data></Data></Request>"}
[2019-12-04 17:45:27] 200 - OK - application/json
[2019-12-04 17:45:27] 200 - OK - application/json
[2019-12-04 17:45:28] REQUEST POST - https://localhost:8082/public/ws/Config.asmx/All_Get
[2019-12-04 17:45:28] ---- FROM  ::1 (WinNT)
[2019-12-04 17:45:28] ---- BROWSER:  Chrome 78.0 (Mozilla/5.0 (Windows NT 10.0; Win64; x64) AppleWebKit/537.36 (KHTML, like Gecko) Chrome/78.0.3904.108 Safari/537.36)
[2019-12-04 17:45:28] ---- CONTENT: {data : "<?xml version='1.0' encoding='utf-8' ?><Request ID='201912041745286'><General><Token>11111121252221224308000011333382</Token></General><Data></Data></Request>"}
[2019-12-04 17:45:28] 200 - OK - application/json
[2019-12-04 17:45:28] REQUEST POST - https://localhost:8082/public/ws/Config.asmx/All_Get
[2019-12-04 17:45:28] ---- FROM  ::1 (WinNT)
[2019-12-04 17:45:28] ---- BROWSER:  Chrome 78.0 (Mozilla/5.0 (Windows NT 10.0; Win64; x64) AppleWebKit/537.36 (KHTML, like Gecko) Chrome/78.0.3904.108 Safari/537.36)
[2019-12-04 17:45:28] ---- CONTENT: {data : "<?xml version='1.0' encoding='utf-8' ?><Request ID='2019120417452821'><General><Token>11111121252221224308000011333382</Token></General><Data></Data></Request>"}
[2019-12-04 17:45:28] 200 - OK - application/json
[2019-12-04 17:46:38] REQUEST GET - https://localhost:8082/economics/fonti-finanziarie
[2019-12-04 17:46:38] ---- FROM  ::1 (WinNT)
[2019-12-04 17:46:38] ---- BROWSER:  Chrome 78.0 (Mozilla/5.0 (Windows NT 10.0; Win64; x64) AppleWebKit/537.36 (KHTML, like Gecko) Chrome/78.0.3904.108 Safari/537.36)
[2019-12-04 17:46:38] 200 - OK - text/html
[2019-12-04 17:46:39] REQUEST POST - https://localhost:8082/public/ws/Economics.asmx/FontiFinanziarie
[2019-12-04 17:46:39] ---- FROM  ::1 (WinNT)
[2019-12-04 17:46:39] ---- BROWSER:  Chrome 78.0 (Mozilla/5.0 (Windows NT 10.0; Win64; x64) AppleWebKit/537.36 (KHTML, like Gecko) Chrome/78.0.3904.108 Safari/537.36)
[2019-12-04 17:46:39] ---- CONTENT: {data : "<?xml version='1.0' encoding='utf-8' ?><Request ID='20191204174639142'><General><Token>11111121252221224308000011333382</Token></General><Data></Data></Request>"}
[2019-12-04 17:46:39] 200 - OK - application/json
[2019-12-04 17:46:39] REQUEST POST - https://localhost:8082/public/ws/Economics.asmx/messaggi_summary
[2019-12-04 17:46:39] ---- FROM  ::1 (WinNT)
[2019-12-04 17:46:39] ---- BROWSER:  Chrome 78.0 (Mozilla/5.0 (Windows NT 10.0; Win64; x64) AppleWebKit/537.36 (KHTML, like Gecko) Chrome/78.0.3904.108 Safari/537.36)
[2019-12-04 17:46:39] ---- CONTENT: {data : "<?xml version='1.0' encoding='utf-8' ?><Request ID='20191204174639249'><General><Token>11111121252221224308000011333382</Token></General><Data></Data></Request>"}
[2019-12-04 17:46:39] 200 - OK - application/json
[2019-12-04 17:46:39] REQUEST POST - https://localhost:8082/public/ws/Config.asmx/All_Get
[2019-12-04 17:46:39] ---- FROM  ::1 (WinNT)
[2019-12-04 17:46:39] ---- BROWSER:  Chrome 78.0 (Mozilla/5.0 (Windows NT 10.0; Win64; x64) AppleWebKit/537.36 (KHTML, like Gecko) Chrome/78.0.3904.108 Safari/537.36)
[2019-12-04 17:46:39] ---- CONTENT: {data : "<?xml version='1.0' encoding='utf-8' ?><Request ID='20191204174639273'><General><Token>11111121252221224308000011333382</Token></General><Data></Data></Request>"}
[2019-12-04 17:46:39] REQUEST GET - https://localhost:8082/public/ws/Resources.ashx/xml-economics/11111121252221224308000011333382
[2019-12-04 17:46:39] ---- FROM  ::1 (WinNT)
[2019-12-04 17:46:39] ---- BROWSER:  Chrome 78.0 (Mozilla/5.0 (Windows NT 10.0; Win64; x64) AppleWebKit/537.36 (KHTML, like Gecko) Chrome/78.0.3904.108 Safari/537.36)
[2019-12-04 17:46:39] 200 - OK - application/json
[2019-12-04 17:46:39] 200 - OK - text/xml
[2019-12-04 17:46:39] REQUEST POST - https://localhost:8082/public/ws/Config.asmx/All_Get
[2019-12-04 17:46:39] ---- FROM  ::1 (WinNT)
[2019-12-04 17:46:39] ---- BROWSER:  Chrome 78.0 (Mozilla/5.0 (Windows NT 10.0; Win64; x64) AppleWebKit/537.36 (KHTML, like Gecko) Chrome/78.0.3904.108 Safari/537.36)
[2019-12-04 17:46:39] ---- CONTENT: {data : "<?xml version='1.0' encoding='utf-8' ?><Request ID='20191204174639320'><General><Token>11111121252221224308000011333382</Token></General><Data></Data></Request>"}
[2019-12-04 17:46:39] 200 - OK - application/json
[2019-12-04 17:46:39] REQUEST POST - https://localhost:8082/public/ws/Config.asmx/All_Get
[2019-12-04 17:46:39] ---- FROM  ::1 (WinNT)
[2019-12-04 17:46:39] ---- BROWSER:  Chrome 78.0 (Mozilla/5.0 (Windows NT 10.0; Win64; x64) AppleWebKit/537.36 (KHTML, like Gecko) Chrome/78.0.3904.108 Safari/537.36)
[2019-12-04 17:46:39] ---- CONTENT: {data : "<?xml version='1.0' encoding='utf-8' ?><Request ID='20191204174639542'><General><Token>11111121252221224308000011333382</Token></General><Data></Data></Request>"}
[2019-12-04 17:46:39] 200 - OK - application/json
