[2019-09-04 09:44:15] REQUEST GET - https://localhost:8082/public/aspx/Home.aspx?Token=61111131252223224013000011333653&TokenApiRest=eyJ0eXAiOiJKV1QiLCJhbGciOiJIUzI1NiJ9.eyJpc3MiOiJodHRwczpcL1wvd3d3cy5kZXYteWVhcC5pdCIsImlhdCI6MTU0MjI5NDMyMSwibmJmIjoxNTQyMjk0MzIxLCJleHAiOjE1NDI4OTkxMjEsImRhdGEiOnsidXNlciI6eyJpZCI6IjQ0In19fQ.RCP5OeoGASxAyBw1MbMD4BFJAcDM5JIXqYXKBALZcJI&Logo=https://localhost:8082/scratch/pl_logo.png&Title=Business Plan Test nr. 2
[2019-09-04 09:44:15] ---- FROM  ::1 (WinNT)
[2019-09-04 09:44:15] ---- BROWSER:  Chrome 76.0 (Mozilla/5.0 (Windows NT 10.0; Win64; x64) AppleWebKit/537.36 (KHTML, like Gecko) Chrome/76.0.3809.132 Safari/537.36)
[2019-09-04 09:44:20] 302 - Found - text/html
[2019-09-04 09:44:20] REQUEST GET - https://localhost:8082/home/welcome?Token=61111131252223224013000011333653&TokenApiRest=eyJ0eXAiOiJKV1QiLCJhbGciOiJIUzI1NiJ9.eyJpc3MiOiJodHRwczpcL1wvd3d3cy5kZXYteWVhcC5pdCIsImlhdCI6MTU0MjI5NDMyMSwibmJmIjoxNTQyMjk0MzIxLCJleHAiOjE1NDI4OTkxMjEsImRhdGEiOnsidXNlciI6eyJpZCI6IjQ0In19fQ.RCP5OeoGASxAyBw1MbMD4BFJAcDM5JIXqYXKBALZcJI&Logo=https://localhost:8082/scratch/pl_logo.png&Title=Business Plan Test nr. 2
[2019-09-04 09:44:20] ---- FROM  ::1 (WinNT)
[2019-09-04 09:44:20] ---- BROWSER:  Chrome 76.0 (Mozilla/5.0 (Windows NT 10.0; Win64; x64) AppleWebKit/537.36 (KHTML, like Gecko) Chrome/76.0.3809.132 Safari/537.36)
[2019-09-04 09:44:21] 200 - OK - text/html
[2019-09-04 09:44:22] REQUEST POST - https://localhost:8082/public/ws/General.asmx/Set
[2019-09-04 09:44:22] ---- FROM  ::1 (WinNT)
[2019-09-04 09:44:22] ---- BROWSER:  Chrome 76.0 (Mozilla/5.0 (Windows NT 10.0; Win64; x64) AppleWebKit/537.36 (KHTML, like Gecko) Chrome/76.0.3809.132 Safari/537.36)
[2019-09-04 09:44:22] ---- CONTENT: {data : "<?xml version='1.0' encoding='utf-8' ?><Request ID='20190904094422868'><General><Token>61111131252223224013000011333653</Token></General><Data><Nome>Business Plan Test nr. 2</Nome><Logo>https%3A%2F%2Flocalhost%3A8082%2Fscratch%2Fpl_logo.png</Logo></Data></Request>"}
[2019-09-04 09:44:23] 200 - OK - application/json
[2019-09-04 09:44:23] REQUEST POST - https://localhost:8082/public/ws/Config.asmx/Economics_Get
[2019-09-04 09:44:23] ---- FROM  ::1 (WinNT)
[2019-09-04 09:44:23] ---- BROWSER:  Chrome 76.0 (Mozilla/5.0 (Windows NT 10.0; Win64; x64) AppleWebKit/537.36 (KHTML, like Gecko) Chrome/76.0.3809.132 Safari/537.36)
[2019-09-04 09:44:23] ---- CONTENT: {data : "<?xml version='1.0' encoding='utf-8' ?><Request ID='20190904094423261'><General><Token>61111131252223224013000011333653</Token></General><Data></Data></Request>"}
[2019-09-04 09:44:23] 200 - OK - application/json
[2019-09-04 09:44:26] REQUEST POST - https://localhost:8082/public/ws/Config.asmx/All_Get
[2019-09-04 09:44:26] ---- FROM  ::1 (WinNT)
[2019-09-04 09:44:26] ---- BROWSER:  Chrome 76.0 (Mozilla/5.0 (Windows NT 10.0; Win64; x64) AppleWebKit/537.36 (KHTML, like Gecko) Chrome/76.0.3809.132 Safari/537.36)
[2019-09-04 09:44:26] ---- CONTENT: {data : "<?xml version='1.0' encoding='utf-8' ?><Request ID='20190904094426131'><General><Token>61111131252223224013000011333653</Token></General><Data></Data></Request>"}
[2019-09-04 09:44:26] REQUEST POST - https://localhost:8082/public/ws/Economics.asmx/messaggi_summary
[2019-09-04 09:44:26] REQUEST POST - https://localhost:8082/public/ws/Config.asmx/All_Get
[2019-09-04 09:44:26] ---- FROM  ::1 (WinNT)
[2019-09-04 09:44:26] ---- FROM  ::1 (WinNT)
[2019-09-04 09:44:26] ---- BROWSER:  Chrome 76.0 (Mozilla/5.0 (Windows NT 10.0; Win64; x64) AppleWebKit/537.36 (KHTML, like Gecko) Chrome/76.0.3809.132 Safari/537.36)
[2019-09-04 09:44:26] ---- CONTENT: {data : "<?xml version='1.0' encoding='utf-8' ?><Request ID='20190904094426397'><General><Token>61111131252223224013000011333653</Token></General><Data></Data></Request>"}
[2019-09-04 09:44:26] ---- BROWSER:  Chrome 76.0 (Mozilla/5.0 (Windows NT 10.0; Win64; x64) AppleWebKit/537.36 (KHTML, like Gecko) Chrome/76.0.3809.132 Safari/537.36)
[2019-09-04 09:44:27] ---- CONTENT: {data : "<?xml version='1.0' encoding='utf-8' ?><Request ID='20190904094426540'><General><Token>61111131252223224013000011333653</Token></General><Data></Data></Request>"}
[2019-09-04 09:44:27] 200 - OK - application/json
[2019-09-04 09:44:27] 200 - OK - application/json
[2019-09-04 09:44:27] 200 - OK - application/json
[2019-09-04 09:44:27] REQUEST POST - https://localhost:8082/public/ws/Config.asmx/All_Get
[2019-09-04 09:44:27] ---- FROM  ::1 (WinNT)
[2019-09-04 09:44:27] ---- BROWSER:  Chrome 76.0 (Mozilla/5.0 (Windows NT 10.0; Win64; x64) AppleWebKit/537.36 (KHTML, like Gecko) Chrome/76.0.3809.132 Safari/537.36)
[2019-09-04 09:44:27] ---- CONTENT: {data : "<?xml version='1.0' encoding='utf-8' ?><Request ID='20190904094427663'><General><Token>61111131252223224013000011333653</Token></General><Data></Data></Request>"}
[2019-09-04 09:44:27] 200 - OK - application/json
[2019-09-04 09:44:37] REQUEST GET - https://localhost:8082/economics/ricavi
[2019-09-04 09:44:37] ---- FROM  ::1 (WinNT)
[2019-09-04 09:44:37] ---- BROWSER:  Chrome 76.0 (Mozilla/5.0 (Windows NT 10.0; Win64; x64) AppleWebKit/537.36 (KHTML, like Gecko) Chrome/76.0.3809.132 Safari/537.36)
[2019-09-04 09:44:37] 200 - OK - text/html
[2019-09-04 09:44:39] REQUEST POST - https://localhost:8082/public/ws/Ricavi.asmx/Ricavo_Get
[2019-09-04 09:44:39] ---- FROM  ::1 (WinNT)
[2019-09-04 09:44:39] ---- BROWSER:  Chrome 76.0 (Mozilla/5.0 (Windows NT 10.0; Win64; x64) AppleWebKit/537.36 (KHTML, like Gecko) Chrome/76.0.3809.132 Safari/537.36)
[2019-09-04 09:44:39] ---- CONTENT: {data : "<?xml version='1.0' encoding='utf-8' ?><Request ID='2019090409443916'><General><Token>61111131252223224013000011333653</Token></General><Data></Data></Request>"}
[2019-09-04 09:44:39] 200 - OK - application/json
[2019-09-04 09:44:40] REQUEST POST - https://localhost:8082/public/ws/Config.asmx/All_Get
[2019-09-04 09:44:40] ---- FROM  ::1 (WinNT)
[2019-09-04 09:44:40] ---- BROWSER:  Chrome 76.0 (Mozilla/5.0 (Windows NT 10.0; Win64; x64) AppleWebKit/537.36 (KHTML, like Gecko) Chrome/76.0.3809.132 Safari/537.36)
[2019-09-04 09:44:40] ---- CONTENT: {data : "<?xml version='1.0' encoding='utf-8' ?><Request ID='20190904094440515'><General><Token>61111131252223224013000011333653</Token></General><Data></Data></Request>"}
[2019-09-04 09:44:40] 200 - OK - application/json
[2019-09-04 09:44:40] REQUEST GET - https://localhost:8082/public/ws/Resources.ashx/xml-economics/61111131252223224013000011333653
[2019-09-04 09:44:40] ---- FROM  ::1 (WinNT)
[2019-09-04 09:44:40] ---- BROWSER:  Chrome 76.0 (Mozilla/5.0 (Windows NT 10.0; Win64; x64) AppleWebKit/537.36 (KHTML, like Gecko) Chrome/76.0.3809.132 Safari/537.36)
[2019-09-04 09:44:40] 200 - OK - text/xml
[2019-09-04 09:44:40] REQUEST POST - https://localhost:8082/public/ws/Economics.asmx/messaggi_summary
[2019-09-04 09:44:40] ---- FROM  ::1 (WinNT)
[2019-09-04 09:44:40] ---- BROWSER:  Chrome 76.0 (Mozilla/5.0 (Windows NT 10.0; Win64; x64) AppleWebKit/537.36 (KHTML, like Gecko) Chrome/76.0.3809.132 Safari/537.36)
[2019-09-04 09:44:40] ---- CONTENT: {data : "<?xml version='1.0' encoding='utf-8' ?><Request ID='20190904094440663'><General><Token>61111131252223224013000011333653</Token></General><Data></Data></Request>"}
[2019-09-04 09:44:40] 200 - OK - application/json
[2019-09-04 09:44:41] REQUEST POST - https://localhost:8082/public/ws/Config.asmx/All_Get
[2019-09-04 09:44:41] ---- FROM  ::1 (WinNT)
[2019-09-04 09:44:41] ---- BROWSER:  Chrome 76.0 (Mozilla/5.0 (Windows NT 10.0; Win64; x64) AppleWebKit/537.36 (KHTML, like Gecko) Chrome/76.0.3809.132 Safari/537.36)
[2019-09-04 09:44:41] ---- CONTENT: {data : "<?xml version='1.0' encoding='utf-8' ?><Request ID='20190904094441254'><General><Token>61111131252223224013000011333653</Token></General><Data></Data></Request>"}
[2019-09-04 09:44:41] 200 - OK - application/json
[2019-09-04 09:44:41] REQUEST POST - https://localhost:8082/public/ws/Config.asmx/All_Get
[2019-09-04 09:44:41] ---- FROM  ::1 (WinNT)
[2019-09-04 09:44:41] ---- BROWSER:  Chrome 76.0 (Mozilla/5.0 (Windows NT 10.0; Win64; x64) AppleWebKit/537.36 (KHTML, like Gecko) Chrome/76.0.3809.132 Safari/537.36)
[2019-09-04 09:44:41] ---- CONTENT: {data : "<?xml version='1.0' encoding='utf-8' ?><Request ID='20190904094441661'><General><Token>61111131252223224013000011333653</Token></General><Data></Data></Request>"}
[2019-09-04 09:44:41] 200 - OK - application/json
[2019-09-04 09:46:02] REQUEST GET - https://localhost:8082/public/aspx/Home.aspx?Token=61111131252223224013000011333653&TokenApiRest=eyJ0eXAiOiJKV1QiLCJhbGciOiJIUzI1NiJ9.eyJpc3MiOiJodHRwczpcL1wvd3d3cy5kZXYteWVhcC5pdCIsImlhdCI6MTU0MjI5NDMyMSwibmJmIjoxNTQyMjk0MzIxLCJleHAiOjE1NDI4OTkxMjEsImRhdGEiOnsidXNlciI6eyJpZCI6IjQ0In19fQ.RCP5OeoGASxAyBw1MbMD4BFJAcDM5JIXqYXKBALZcJI&Logo=https://localhost:8082/scratch/pl_logo.png&Title=Business Plan Test nr. 2
[2019-09-04 09:46:02] ---- FROM  ::1 (WinNT)
[2019-09-04 09:46:02] ---- BROWSER:  Chrome 76.0 (Mozilla/5.0 (Windows NT 10.0; Win64; x64) AppleWebKit/537.36 (KHTML, like Gecko) Chrome/76.0.3809.132 Safari/537.36)
[2019-09-04 09:46:02] 302 - Found - text/html
[2019-09-04 09:46:02] REQUEST GET - https://localhost:8082/home/welcome?Token=61111131252223224013000011333653&TokenApiRest=eyJ0eXAiOiJKV1QiLCJhbGciOiJIUzI1NiJ9.eyJpc3MiOiJodHRwczpcL1wvd3d3cy5kZXYteWVhcC5pdCIsImlhdCI6MTU0MjI5NDMyMSwibmJmIjoxNTQyMjk0MzIxLCJleHAiOjE1NDI4OTkxMjEsImRhdGEiOnsidXNlciI6eyJpZCI6IjQ0In19fQ.RCP5OeoGASxAyBw1MbMD4BFJAcDM5JIXqYXKBALZcJI&Logo=https://localhost:8082/scratch/pl_logo.png&Title=Business Plan Test nr. 2
[2019-09-04 09:46:02] ---- FROM  ::1 (WinNT)
[2019-09-04 09:46:02] ---- BROWSER:  Chrome 76.0 (Mozilla/5.0 (Windows NT 10.0; Win64; x64) AppleWebKit/537.36 (KHTML, like Gecko) Chrome/76.0.3809.132 Safari/537.36)
[2019-09-04 09:46:02] 200 - OK - text/html
[2019-09-04 09:46:03] REQUEST POST - https://localhost:8082/public/ws/General.asmx/Set
[2019-09-04 09:46:03] ---- FROM  ::1 (WinNT)
[2019-09-04 09:46:03] ---- BROWSER:  Chrome 76.0 (Mozilla/5.0 (Windows NT 10.0; Win64; x64) AppleWebKit/537.36 (KHTML, like Gecko) Chrome/76.0.3809.132 Safari/537.36)
[2019-09-04 09:46:03] ---- CONTENT: {data : "<?xml version='1.0' encoding='utf-8' ?><Request ID='20190904094603570'><General><Token>61111131252223224013000011333653</Token></General><Data><Nome>Business Plan Test nr. 2</Nome><Logo>https%3A%2F%2Flocalhost%3A8082%2Fscratch%2Fpl_logo.png</Logo></Data></Request>"}
[2019-09-04 09:46:03] 200 - OK - application/json
[2019-09-04 09:46:03] REQUEST POST - https://localhost:8082/public/ws/Config.asmx/Economics_Get
[2019-09-04 09:46:03] ---- FROM  ::1 (WinNT)
[2019-09-04 09:46:03] ---- BROWSER:  Chrome 76.0 (Mozilla/5.0 (Windows NT 10.0; Win64; x64) AppleWebKit/537.36 (KHTML, like Gecko) Chrome/76.0.3809.132 Safari/537.36)
[2019-09-04 09:46:03] ---- CONTENT: {data : "<?xml version='1.0' encoding='utf-8' ?><Request ID='20190904094603707'><General><Token>61111131252223224013000011333653</Token></General><Data></Data></Request>"}
[2019-09-04 09:46:03] 200 - OK - application/json
[2019-09-04 09:46:05] REQUEST POST - https://localhost:8082/public/ws/Config.asmx/All_Get
[2019-09-04 09:46:05] ---- FROM  ::1 (WinNT)
[2019-09-04 09:46:05] ---- BROWSER:  Chrome 76.0 (Mozilla/5.0 (Windows NT 10.0; Win64; x64) AppleWebKit/537.36 (KHTML, like Gecko) Chrome/76.0.3809.132 Safari/537.36)
[2019-09-04 09:46:05] ---- CONTENT: {data : "<?xml version='1.0' encoding='utf-8' ?><Request ID='20190904094605964'><General><Token>61111131252223224013000011333653</Token></General><Data></Data></Request>"}
[2019-09-04 09:46:05] 200 - OK - application/json
[2019-09-04 09:46:06] REQUEST POST - https://localhost:8082/public/ws/Config.asmx/All_Get
[2019-09-04 09:46:06] ---- FROM  ::1 (WinNT)
[2019-09-04 09:46:06] ---- BROWSER:  Chrome 76.0 (Mozilla/5.0 (Windows NT 10.0; Win64; x64) AppleWebKit/537.36 (KHTML, like Gecko) Chrome/76.0.3809.132 Safari/537.36)
[2019-09-04 09:46:06] ---- CONTENT: {data : "<?xml version='1.0' encoding='utf-8' ?><Request ID='20190904094606170'><General><Token>61111131252223224013000011333653</Token></General><Data></Data></Request>"}
[2019-09-04 09:46:06] 200 - OK - application/json
[2019-09-04 09:46:06] REQUEST POST - https://localhost:8082/public/ws/Economics.asmx/messaggi_summary
[2019-09-04 09:46:06] ---- FROM  ::1 (WinNT)
[2019-09-04 09:46:06] ---- BROWSER:  Chrome 76.0 (Mozilla/5.0 (Windows NT 10.0; Win64; x64) AppleWebKit/537.36 (KHTML, like Gecko) Chrome/76.0.3809.132 Safari/537.36)
[2019-09-04 09:46:06] ---- CONTENT: {data : "<?xml version='1.0' encoding='utf-8' ?><Request ID='20190904094606426'><General><Token>61111131252223224013000011333653</Token></General><Data></Data></Request>"}
[2019-09-04 09:46:06] 200 - OK - application/json
[2019-09-04 09:46:06] REQUEST POST - https://localhost:8082/public/ws/Config.asmx/All_Get
[2019-09-04 09:46:06] ---- FROM  ::1 (WinNT)
[2019-09-04 09:46:06] ---- BROWSER:  Chrome 76.0 (Mozilla/5.0 (Windows NT 10.0; Win64; x64) AppleWebKit/537.36 (KHTML, like Gecko) Chrome/76.0.3809.132 Safari/537.36)
[2019-09-04 09:46:06] ---- CONTENT: {data : "<?xml version='1.0' encoding='utf-8' ?><Request ID='20190904094606502'><General><Token>61111131252223224013000011333653</Token></General><Data></Data></Request>"}
[2019-09-04 09:46:06] 200 - OK - application/json
[2019-09-04 09:46:11] REQUEST GET - https://localhost:8082/economics/ricavi
[2019-09-04 09:46:11] ---- FROM  ::1 (WinNT)
[2019-09-04 09:46:11] ---- BROWSER:  Chrome 76.0 (Mozilla/5.0 (Windows NT 10.0; Win64; x64) AppleWebKit/537.36 (KHTML, like Gecko) Chrome/76.0.3809.132 Safari/537.36)
[2019-09-04 09:46:11] 200 - OK - text/html
[2019-09-04 09:46:12] REQUEST POST - https://localhost:8082/public/ws/Ricavi.asmx/Ricavo_Get
[2019-09-04 09:46:12] ---- FROM  ::1 (WinNT)
[2019-09-04 09:46:12] ---- BROWSER:  Chrome 76.0 (Mozilla/5.0 (Windows NT 10.0; Win64; x64) AppleWebKit/537.36 (KHTML, like Gecko) Chrome/76.0.3809.132 Safari/537.36)
[2019-09-04 09:46:12] ---- CONTENT: {data : "<?xml version='1.0' encoding='utf-8' ?><Request ID='20190904094612195'><General><Token>61111131252223224013000011333653</Token></General><Data></Data></Request>"}
[2019-09-04 09:46:12] 200 - OK - application/json
[2019-09-04 09:46:13] REQUEST POST - https://localhost:8082/public/ws/Config.asmx/All_Get
[2019-09-04 09:46:13] ---- FROM  ::1 (WinNT)
[2019-09-04 09:46:14] ---- BROWSER:  Chrome 76.0 (Mozilla/5.0 (Windows NT 10.0; Win64; x64) AppleWebKit/537.36 (KHTML, like Gecko) Chrome/76.0.3809.132 Safari/537.36)
[2019-09-04 09:46:14] ---- CONTENT: {data : "<?xml version='1.0' encoding='utf-8' ?><Request ID='20190904094613904'><General><Token>61111131252223224013000011333653</Token></General><Data></Data></Request>"}
[2019-09-04 09:46:13] REQUEST GET - https://localhost:8082/public/ws/Resources.ashx/xml-economics/61111131252223224013000011333653
[2019-09-04 09:46:14] REQUEST POST - https://localhost:8082/public/ws/Economics.asmx/messaggi_summary
[2019-09-04 09:46:14] 200 - OK - application/json
[2019-09-04 09:46:14] ---- FROM  ::1 (WinNT)
[2019-09-04 09:46:14] ---- BROWSER:  Chrome 76.0 (Mozilla/5.0 (Windows NT 10.0; Win64; x64) AppleWebKit/537.36 (KHTML, like Gecko) Chrome/76.0.3809.132 Safari/537.36)
[2019-09-04 09:46:14] ---- FROM  ::1 (WinNT)
[2019-09-04 09:46:14] ---- BROWSER:  Chrome 76.0 (Mozilla/5.0 (Windows NT 10.0; Win64; x64) AppleWebKit/537.36 (KHTML, like Gecko) Chrome/76.0.3809.132 Safari/537.36)
[2019-09-04 09:46:14] ---- CONTENT: {data : "<?xml version='1.0' encoding='utf-8' ?><Request ID='2019090409461429'><General><Token>61111131252223224013000011333653</Token></General><Data></Data></Request>"}
[2019-09-04 09:46:14] 200 - OK - text/xml
[2019-09-04 09:46:14] 200 - OK - application/json
[2019-09-04 09:46:15] REQUEST POST - https://localhost:8082/public/ws/Config.asmx/All_Get
[2019-09-04 09:46:15] ---- FROM  ::1 (WinNT)
[2019-09-04 09:46:15] ---- BROWSER:  Chrome 76.0 (Mozilla/5.0 (Windows NT 10.0; Win64; x64) AppleWebKit/537.36 (KHTML, like Gecko) Chrome/76.0.3809.132 Safari/537.36)
[2019-09-04 09:46:15] ---- CONTENT: {data : "<?xml version='1.0' encoding='utf-8' ?><Request ID='20190904094615394'><General><Token>61111131252223224013000011333653</Token></General><Data></Data></Request>"}
[2019-09-04 09:46:15] 200 - OK - application/json
[2019-09-04 09:46:15] REQUEST POST - https://localhost:8082/public/ws/Config.asmx/All_Get
[2019-09-04 09:46:15] ---- FROM  ::1 (WinNT)
[2019-09-04 09:46:15] ---- BROWSER:  Chrome 76.0 (Mozilla/5.0 (Windows NT 10.0; Win64; x64) AppleWebKit/537.36 (KHTML, like Gecko) Chrome/76.0.3809.132 Safari/537.36)
[2019-09-04 09:46:15] ---- CONTENT: {data : "<?xml version='1.0' encoding='utf-8' ?><Request ID='20190904094615741'><General><Token>61111131252223224013000011333653</Token></General><Data></Data></Request>"}
[2019-09-04 09:46:15] 200 - OK - application/json
[2019-09-04 09:58:21] REQUEST GET - https://localhost:8082/public/aspx/Home.aspx?Token=61111131252223224013000011333653&TokenApiRest=eyJ0eXAiOiJKV1QiLCJhbGciOiJIUzI1NiJ9.eyJpc3MiOiJodHRwczpcL1wvd3d3cy5kZXYteWVhcC5pdCIsImlhdCI6MTU0MjI5NDMyMSwibmJmIjoxNTQyMjk0MzIxLCJleHAiOjE1NDI4OTkxMjEsImRhdGEiOnsidXNlciI6eyJpZCI6IjQ0In19fQ.RCP5OeoGASxAyBw1MbMD4BFJAcDM5JIXqYXKBALZcJI&Logo=https://localhost:8082/scratch/pl_logo.png&Title=Business Plan Test nr. 2
[2019-09-04 09:58:21] ---- FROM  ::1 (WinNT)
[2019-09-04 09:58:21] ---- BROWSER:  Chrome 76.0 (Mozilla/5.0 (Windows NT 10.0; Win64; x64) AppleWebKit/537.36 (KHTML, like Gecko) Chrome/76.0.3809.132 Safari/537.36)
[2019-09-04 09:58:21] 302 - Found - text/html
[2019-09-04 09:58:21] REQUEST GET - https://localhost:8082/home/welcome?Token=61111131252223224013000011333653&TokenApiRest=eyJ0eXAiOiJKV1QiLCJhbGciOiJIUzI1NiJ9.eyJpc3MiOiJodHRwczpcL1wvd3d3cy5kZXYteWVhcC5pdCIsImlhdCI6MTU0MjI5NDMyMSwibmJmIjoxNTQyMjk0MzIxLCJleHAiOjE1NDI4OTkxMjEsImRhdGEiOnsidXNlciI6eyJpZCI6IjQ0In19fQ.RCP5OeoGASxAyBw1MbMD4BFJAcDM5JIXqYXKBALZcJI&Logo=https://localhost:8082/scratch/pl_logo.png&Title=Business Plan Test nr. 2
[2019-09-04 09:58:21] ---- FROM  ::1 (WinNT)
[2019-09-04 09:58:21] ---- BROWSER:  Chrome 76.0 (Mozilla/5.0 (Windows NT 10.0; Win64; x64) AppleWebKit/537.36 (KHTML, like Gecko) Chrome/76.0.3809.132 Safari/537.36)
[2019-09-04 09:58:21] 200 - OK - text/html
[2019-09-04 09:58:23] REQUEST POST - https://localhost:8082/public/ws/General.asmx/Set
[2019-09-04 09:58:23] ---- FROM  ::1 (WinNT)
[2019-09-04 09:58:23] ---- BROWSER:  Chrome 76.0 (Mozilla/5.0 (Windows NT 10.0; Win64; x64) AppleWebKit/537.36 (KHTML, like Gecko) Chrome/76.0.3809.132 Safari/537.36)
[2019-09-04 09:58:23] ---- CONTENT: {data : "<?xml version='1.0' encoding='utf-8' ?><Request ID='20190904095823785'><General><Token>61111131252223224013000011333653</Token></General><Data><Nome>Business Plan Test nr. 2</Nome><Logo>https%3A%2F%2Flocalhost%3A8082%2Fscratch%2Fpl_logo.png</Logo></Data></Request>"}
[2019-09-04 09:58:23] 200 - OK - application/json
[2019-09-04 09:58:23] REQUEST POST - https://localhost:8082/public/ws/Config.asmx/Economics_Get
[2019-09-04 09:58:23] ---- FROM  ::1 (WinNT)
[2019-09-04 09:58:23] ---- BROWSER:  Chrome 76.0 (Mozilla/5.0 (Windows NT 10.0; Win64; x64) AppleWebKit/537.36 (KHTML, like Gecko) Chrome/76.0.3809.132 Safari/537.36)
[2019-09-04 09:58:23] ---- CONTENT: {data : "<?xml version='1.0' encoding='utf-8' ?><Request ID='20190904095823833'><General><Token>61111131252223224013000011333653</Token></General><Data></Data></Request>"}
[2019-09-04 09:58:23] 200 - OK - application/json
[2019-09-04 10:00:08] REQUEST POST - https://localhost:8082/public/ws/Config.asmx/All_Get
[2019-09-04 10:00:08] ---- FROM  ::1 (WinNT)
[2019-09-04 10:00:08] ---- BROWSER:  Chrome 76.0 (Mozilla/5.0 (Windows NT 10.0; Win64; x64) AppleWebKit/537.36 (KHTML, like Gecko) Chrome/76.0.3809.132 Safari/537.36)
[2019-09-04 10:00:08] ---- CONTENT: {data : "<?xml version='1.0' encoding='utf-8' ?><Request ID='201909041000083'><General><Token>61111131252223224013000011333653</Token></General><Data></Data></Request>"}
[2019-09-04 10:00:08] 200 - OK - application/json
[2019-09-04 10:00:08] REQUEST POST - https://localhost:8082/public/ws/Economics.asmx/messaggi_summary
[2019-09-04 10:00:08] ---- FROM  ::1 (WinNT)
[2019-09-04 10:00:08] ---- BROWSER:  Chrome 76.0 (Mozilla/5.0 (Windows NT 10.0; Win64; x64) AppleWebKit/537.36 (KHTML, like Gecko) Chrome/76.0.3809.132 Safari/537.36)
[2019-09-04 10:00:08] ---- CONTENT: {data : "<?xml version='1.0' encoding='utf-8' ?><Request ID='20190904100008537'><General><Token>61111131252223224013000011333653</Token></General><Data></Data></Request>"}
[2019-09-04 10:00:08] 200 - OK - application/json
[2019-09-04 10:00:08] REQUEST POST - https://localhost:8082/public/ws/Config.asmx/All_Get
[2019-09-04 10:00:08] ---- FROM  ::1 (WinNT)
[2019-09-04 10:00:08] ---- BROWSER:  Chrome 76.0 (Mozilla/5.0 (Windows NT 10.0; Win64; x64) AppleWebKit/537.36 (KHTML, like Gecko) Chrome/76.0.3809.132 Safari/537.36)
[2019-09-04 10:00:08] ---- CONTENT: {data : "<?xml version='1.0' encoding='utf-8' ?><Request ID='20190904100008608'><General><Token>61111131252223224013000011333653</Token></General><Data></Data></Request>"}
[2019-09-04 10:00:08] 200 - OK - application/json
[2019-09-04 10:00:09] REQUEST POST - https://localhost:8082/public/ws/Config.asmx/All_Get
[2019-09-04 10:00:09] ---- FROM  ::1 (WinNT)
[2019-09-04 10:00:09] ---- BROWSER:  Chrome 76.0 (Mozilla/5.0 (Windows NT 10.0; Win64; x64) AppleWebKit/537.36 (KHTML, like Gecko) Chrome/76.0.3809.132 Safari/537.36)
[2019-09-04 10:00:09] ---- CONTENT: {data : "<?xml version='1.0' encoding='utf-8' ?><Request ID='20190904100009757'><General><Token>61111131252223224013000011333653</Token></General><Data></Data></Request>"}
[2019-09-04 10:00:09] 200 - OK - application/json
[2019-09-04 10:00:12] REQUEST GET - https://localhost:8082/economics/ricavi
[2019-09-04 10:00:12] ---- FROM  ::1 (WinNT)
[2019-09-04 10:00:12] ---- BROWSER:  Chrome 76.0 (Mozilla/5.0 (Windows NT 10.0; Win64; x64) AppleWebKit/537.36 (KHTML, like Gecko) Chrome/76.0.3809.132 Safari/537.36)
[2019-09-04 10:00:12] 200 - OK - text/html
[2019-09-04 10:00:17] REQUEST POST - https://localhost:8082/public/ws/Ricavi.asmx/Ricavo_Get
[2019-09-04 10:00:17] ---- FROM  ::1 (WinNT)
[2019-09-04 10:00:17] ---- BROWSER:  Chrome 76.0 (Mozilla/5.0 (Windows NT 10.0; Win64; x64) AppleWebKit/537.36 (KHTML, like Gecko) Chrome/76.0.3809.132 Safari/537.36)
[2019-09-04 10:00:17] ---- CONTENT: {data : "<?xml version='1.0' encoding='utf-8' ?><Request ID='20190904100017111'><General><Token>61111131252223224013000011333653</Token></General><Data></Data></Request>"}
[2019-09-04 10:00:17] 200 - OK - application/json
[2019-09-04 10:00:18] REQUEST POST - https://localhost:8082/public/ws/Config.asmx/All_Get
[2019-09-04 10:00:18] ---- FROM  ::1 (WinNT)
[2019-09-04 10:00:18] ---- BROWSER:  Chrome 76.0 (Mozilla/5.0 (Windows NT 10.0; Win64; x64) AppleWebKit/537.36 (KHTML, like Gecko) Chrome/76.0.3809.132 Safari/537.36)
[2019-09-04 10:00:18] ---- CONTENT: {data : "<?xml version='1.0' encoding='utf-8' ?><Request ID='20190904100018857'><General><Token>61111131252223224013000011333653</Token></General><Data></Data></Request>"}
[2019-09-04 10:00:18] 200 - OK - application/json
[2019-09-04 10:00:18] REQUEST POST - https://localhost:8082/public/ws/Economics.asmx/messaggi_summary
[2019-09-04 10:00:19] ---- FROM  ::1 (WinNT)
[2019-09-04 10:00:19] ---- BROWSER:  Chrome 76.0 (Mozilla/5.0 (Windows NT 10.0; Win64; x64) AppleWebKit/537.36 (KHTML, like Gecko) Chrome/76.0.3809.132 Safari/537.36)
[2019-09-04 10:00:19] ---- CONTENT: {data : "<?xml version='1.0' encoding='utf-8' ?><Request ID='20190904100018928'><General><Token>61111131252223224013000011333653</Token></General><Data></Data></Request>"}
[2019-09-04 10:00:19] REQUEST GET - https://localhost:8082/public/ws/Resources.ashx/xml-economics/61111131252223224013000011333653
[2019-09-04 10:00:19] ---- FROM  ::1 (WinNT)
[2019-09-04 10:00:19] ---- BROWSER:  Chrome 76.0 (Mozilla/5.0 (Windows NT 10.0; Win64; x64) AppleWebKit/537.36 (KHTML, like Gecko) Chrome/76.0.3809.132 Safari/537.36)
[2019-09-04 10:00:19] 200 - OK - application/json
[2019-09-04 10:00:19] 200 - OK - text/xml
[2019-09-04 10:00:19] REQUEST POST - https://localhost:8082/public/ws/Config.asmx/All_Get
[2019-09-04 10:00:19] ---- FROM  ::1 (WinNT)
[2019-09-04 10:00:19] ---- BROWSER:  Chrome 76.0 (Mozilla/5.0 (Windows NT 10.0; Win64; x64) AppleWebKit/537.36 (KHTML, like Gecko) Chrome/76.0.3809.132 Safari/537.36)
[2019-09-04 10:00:19] ---- CONTENT: {data : "<?xml version='1.0' encoding='utf-8' ?><Request ID='20190904100019306'><General><Token>61111131252223224013000011333653</Token></General><Data></Data></Request>"}
[2019-09-04 10:00:19] 200 - OK - application/json
[2019-09-04 10:00:19] REQUEST POST - https://localhost:8082/public/ws/Config.asmx/All_Get
[2019-09-04 10:00:19] ---- FROM  ::1 (WinNT)
[2019-09-04 10:00:19] ---- BROWSER:  Chrome 76.0 (Mozilla/5.0 (Windows NT 10.0; Win64; x64) AppleWebKit/537.36 (KHTML, like Gecko) Chrome/76.0.3809.132 Safari/537.36)
[2019-09-04 10:00:19] ---- CONTENT: {data : "<?xml version='1.0' encoding='utf-8' ?><Request ID='20190904100019939'><General><Token>61111131252223224013000011333653</Token></General><Data></Data></Request>"}
[2019-09-04 10:00:19] 200 - OK - application/json
[2019-09-04 10:00:57] REQUEST GET - https://localhost:8082/public/aspx/Home.aspx?Token=61111131252223224013000011333653&TokenApiRest=eyJ0eXAiOiJKV1QiLCJhbGciOiJIUzI1NiJ9.eyJpc3MiOiJodHRwczpcL1wvd3d3cy5kZXYteWVhcC5pdCIsImlhdCI6MTU0MjI5NDMyMSwibmJmIjoxNTQyMjk0MzIxLCJleHAiOjE1NDI4OTkxMjEsImRhdGEiOnsidXNlciI6eyJpZCI6IjQ0In19fQ.RCP5OeoGASxAyBw1MbMD4BFJAcDM5JIXqYXKBALZcJI&Logo=https://localhost:8082/scratch/pl_logo.png&Title=Business Plan Test nr. 2
[2019-09-04 10:00:57] ---- FROM  ::1 (WinNT)
[2019-09-04 10:00:57] ---- BROWSER:  Chrome 76.0 (Mozilla/5.0 (Windows NT 10.0; Win64; x64) AppleWebKit/537.36 (KHTML, like Gecko) Chrome/76.0.3809.132 Safari/537.36)
[2019-09-04 10:00:57] 302 - Found - text/html
[2019-09-04 10:00:57] REQUEST GET - https://localhost:8082/home/welcome?Token=61111131252223224013000011333653&TokenApiRest=eyJ0eXAiOiJKV1QiLCJhbGciOiJIUzI1NiJ9.eyJpc3MiOiJodHRwczpcL1wvd3d3cy5kZXYteWVhcC5pdCIsImlhdCI6MTU0MjI5NDMyMSwibmJmIjoxNTQyMjk0MzIxLCJleHAiOjE1NDI4OTkxMjEsImRhdGEiOnsidXNlciI6eyJpZCI6IjQ0In19fQ.RCP5OeoGASxAyBw1MbMD4BFJAcDM5JIXqYXKBALZcJI&Logo=https://localhost:8082/scratch/pl_logo.png&Title=Business Plan Test nr. 2
[2019-09-04 10:00:57] ---- FROM  ::1 (WinNT)
[2019-09-04 10:00:57] ---- BROWSER:  Chrome 76.0 (Mozilla/5.0 (Windows NT 10.0; Win64; x64) AppleWebKit/537.36 (KHTML, like Gecko) Chrome/76.0.3809.132 Safari/537.36)
[2019-09-04 10:00:57] 200 - OK - text/html
[2019-09-04 10:00:58] REQUEST POST - https://localhost:8082/public/ws/General.asmx/Set
[2019-09-04 10:00:58] ---- FROM  ::1 (WinNT)
[2019-09-04 10:00:58] ---- BROWSER:  Chrome 76.0 (Mozilla/5.0 (Windows NT 10.0; Win64; x64) AppleWebKit/537.36 (KHTML, like Gecko) Chrome/76.0.3809.132 Safari/537.36)
[2019-09-04 10:00:58] ---- CONTENT: {data : "<?xml version='1.0' encoding='utf-8' ?><Request ID='20190904100058694'><General><Token>61111131252223224013000011333653</Token></General><Data><Nome>Business Plan Test nr. 2</Nome><Logo>https%3A%2F%2Flocalhost%3A8082%2Fscratch%2Fpl_logo.png</Logo></Data></Request>"}
[2019-09-04 10:00:58] 200 - OK - application/json
[2019-09-04 10:00:58] REQUEST POST - https://localhost:8082/public/ws/Config.asmx/Economics_Get
[2019-09-04 10:00:58] ---- FROM  ::1 (WinNT)
[2019-09-04 10:00:58] ---- BROWSER:  Chrome 76.0 (Mozilla/5.0 (Windows NT 10.0; Win64; x64) AppleWebKit/537.36 (KHTML, like Gecko) Chrome/76.0.3809.132 Safari/537.36)
[2019-09-04 10:00:58] ---- CONTENT: {data : "<?xml version='1.0' encoding='utf-8' ?><Request ID='20190904100058765'><General><Token>61111131252223224013000011333653</Token></General><Data></Data></Request>"}
[2019-09-04 10:00:58] 200 - OK - application/json
[2019-09-04 10:01:00] REQUEST POST - https://localhost:8082/public/ws/Config.asmx/All_Get
[2019-09-04 10:01:00] ---- FROM  ::1 (WinNT)
[2019-09-04 10:01:00] ---- BROWSER:  Chrome 76.0 (Mozilla/5.0 (Windows NT 10.0; Win64; x64) AppleWebKit/537.36 (KHTML, like Gecko) Chrome/76.0.3809.132 Safari/537.36)
[2019-09-04 10:01:00] ---- CONTENT: {data : "<?xml version='1.0' encoding='utf-8' ?><Request ID='20190904100100577'><General><Token>61111131252223224013000011333653</Token></General><Data></Data></Request>"}
[2019-09-04 10:01:00] 200 - OK - application/json
[2019-09-04 10:01:00] REQUEST POST - https://localhost:8082/public/ws/Economics.asmx/messaggi_summary
[2019-09-04 10:01:00] ---- FROM  ::1 (WinNT)
[2019-09-04 10:01:00] ---- BROWSER:  Chrome 76.0 (Mozilla/5.0 (Windows NT 10.0; Win64; x64) AppleWebKit/537.36 (KHTML, like Gecko) Chrome/76.0.3809.132 Safari/537.36)
[2019-09-04 10:01:00] ---- CONTENT: {data : "<?xml version='1.0' encoding='utf-8' ?><Request ID='20190904100100748'><General><Token>61111131252223224013000011333653</Token></General><Data></Data></Request>"}
[2019-09-04 10:01:00] REQUEST POST - https://localhost:8082/public/ws/Config.asmx/All_Get
[2019-09-04 10:01:00] ---- FROM  ::1 (WinNT)
[2019-09-04 10:01:00] ---- BROWSER:  Chrome 76.0 (Mozilla/5.0 (Windows NT 10.0; Win64; x64) AppleWebKit/537.36 (KHTML, like Gecko) Chrome/76.0.3809.132 Safari/537.36)
[2019-09-04 10:01:00] ---- CONTENT: {data : "<?xml version='1.0' encoding='utf-8' ?><Request ID='20190904100100770'><General><Token>61111131252223224013000011333653</Token></General><Data></Data></Request>"}
[2019-09-04 10:01:00] 200 - OK - application/json
[2019-09-04 10:01:00] 200 - OK - application/json
[2019-09-04 10:01:00] REQUEST POST - https://localhost:8082/public/ws/Config.asmx/All_Get
[2019-09-04 10:01:00] ---- FROM  ::1 (WinNT)
[2019-09-04 10:01:00] ---- BROWSER:  Chrome 76.0 (Mozilla/5.0 (Windows NT 10.0; Win64; x64) AppleWebKit/537.36 (KHTML, like Gecko) Chrome/76.0.3809.132 Safari/537.36)
[2019-09-04 10:01:00] ---- CONTENT: {data : "<?xml version='1.0' encoding='utf-8' ?><Request ID='20190904100100835'><General><Token>61111131252223224013000011333653</Token></General><Data></Data></Request>"}
[2019-09-04 10:01:00] 200 - OK - application/json
[2019-09-04 10:01:06] REQUEST GET - https://localhost:8082/economics/ricavi
[2019-09-04 10:01:06] ---- FROM  ::1 (WinNT)
[2019-09-04 10:01:06] ---- BROWSER:  Chrome 76.0 (Mozilla/5.0 (Windows NT 10.0; Win64; x64) AppleWebKit/537.36 (KHTML, like Gecko) Chrome/76.0.3809.132 Safari/537.36)
[2019-09-04 10:01:06] 200 - OK - text/html
[2019-09-04 10:01:07] REQUEST POST - https://localhost:8082/public/ws/Ricavi.asmx/Ricavo_Get
[2019-09-04 10:01:07] ---- FROM  ::1 (WinNT)
[2019-09-04 10:01:07] ---- BROWSER:  Chrome 76.0 (Mozilla/5.0 (Windows NT 10.0; Win64; x64) AppleWebKit/537.36 (KHTML, like Gecko) Chrome/76.0.3809.132 Safari/537.36)
[2019-09-04 10:01:07] ---- CONTENT: {data : "<?xml version='1.0' encoding='utf-8' ?><Request ID='20190904100107658'><General><Token>61111131252223224013000011333653</Token></General><Data></Data></Request>"}
[2019-09-04 10:01:07] 200 - OK - application/json
[2019-09-04 10:01:08] REQUEST POST - https://localhost:8082/public/ws/Config.asmx/All_Get
[2019-09-04 10:01:08] ---- FROM  ::1 (WinNT)
[2019-09-04 10:01:08] ---- BROWSER:  Chrome 76.0 (Mozilla/5.0 (Windows NT 10.0; Win64; x64) AppleWebKit/537.36 (KHTML, like Gecko) Chrome/76.0.3809.132 Safari/537.36)
[2019-09-04 10:01:09] ---- CONTENT: {data : "<?xml version='1.0' encoding='utf-8' ?><Request ID='20190904100108969'><General><Token>61111131252223224013000011333653</Token></General><Data></Data></Request>"}
[2019-09-04 10:01:09] 200 - OK - application/json
[2019-09-04 10:01:09] REQUEST GET - https://localhost:8082/public/ws/Resources.ashx/xml-economics/61111131252223224013000011333653
[2019-09-04 10:01:09] ---- FROM  ::1 (WinNT)
[2019-09-04 10:01:09] ---- BROWSER:  Chrome 76.0 (Mozilla/5.0 (Windows NT 10.0; Win64; x64) AppleWebKit/537.36 (KHTML, like Gecko) Chrome/76.0.3809.132 Safari/537.36)
[2019-09-04 10:01:09] 200 - OK - text/xml
[2019-09-04 10:01:09] REQUEST POST - https://localhost:8082/public/ws/Economics.asmx/messaggi_summary
[2019-09-04 10:01:09] ---- FROM  ::1 (WinNT)
[2019-09-04 10:01:09] ---- BROWSER:  Chrome 76.0 (Mozilla/5.0 (Windows NT 10.0; Win64; x64) AppleWebKit/537.36 (KHTML, like Gecko) Chrome/76.0.3809.132 Safari/537.36)
[2019-09-04 10:01:09] ---- CONTENT: {data : "<?xml version='1.0' encoding='utf-8' ?><Request ID='20190904100109183'><General><Token>61111131252223224013000011333653</Token></General><Data></Data></Request>"}
[2019-09-04 10:01:09] 200 - OK - application/json
[2019-09-04 10:01:10] REQUEST POST - https://localhost:8082/public/ws/Config.asmx/All_Get
[2019-09-04 10:01:10] ---- FROM  ::1 (WinNT)
[2019-09-04 10:01:10] ---- BROWSER:  Chrome 76.0 (Mozilla/5.0 (Windows NT 10.0; Win64; x64) AppleWebKit/537.36 (KHTML, like Gecko) Chrome/76.0.3809.132 Safari/537.36)
[2019-09-04 10:01:10] ---- CONTENT: {data : "<?xml version='1.0' encoding='utf-8' ?><Request ID='2019090410011063'><General><Token>61111131252223224013000011333653</Token></General><Data></Data></Request>"}
[2019-09-04 10:01:10] 200 - OK - application/json
[2019-09-04 10:01:10] REQUEST POST - https://localhost:8082/public/ws/Config.asmx/All_Get
[2019-09-04 10:01:10] ---- FROM  ::1 (WinNT)
[2019-09-04 10:01:10] ---- BROWSER:  Chrome 76.0 (Mozilla/5.0 (Windows NT 10.0; Win64; x64) AppleWebKit/537.36 (KHTML, like Gecko) Chrome/76.0.3809.132 Safari/537.36)
[2019-09-04 10:01:10] ---- CONTENT: {data : "<?xml version='1.0' encoding='utf-8' ?><Request ID='20190904100110386'><General><Token>61111131252223224013000011333653</Token></General><Data></Data></Request>"}
[2019-09-04 10:01:10] 200 - OK - application/json
