[2019-09-04 10:07:29] REQUEST GET - https://localhost:8082/public/aspx/Home.aspx?Token=61111131252223224013000011333653&TokenApiRest=eyJ0eXAiOiJKV1QiLCJhbGciOiJIUzI1NiJ9.eyJpc3MiOiJodHRwczpcL1wvd3d3cy5kZXYteWVhcC5pdCIsImlhdCI6MTU0MjI5NDMyMSwibmJmIjoxNTQyMjk0MzIxLCJleHAiOjE1NDI4OTkxMjEsImRhdGEiOnsidXNlciI6eyJpZCI6IjQ0In19fQ.RCP5OeoGASxAyBw1MbMD4BFJAcDM5JIXqYXKBALZcJI&Logo=https://localhost:8082/scratch/pl_logo.png&Title=Business Plan Test nr. 2
[2019-09-04 10:07:29] ---- FROM  ::1 (WinNT)
[2019-09-04 10:07:29] ---- BROWSER:  Chrome 76.0 (Mozilla/5.0 (Windows NT 10.0; Win64; x64) AppleWebKit/537.36 (KHTML, like Gecko) Chrome/76.0.3809.132 Safari/537.36)
[2019-09-04 10:07:29] 302 - Found - text/html
[2019-09-04 10:07:29] REQUEST GET - https://localhost:8082/home/welcome?Token=61111131252223224013000011333653&TokenApiRest=eyJ0eXAiOiJKV1QiLCJhbGciOiJIUzI1NiJ9.eyJpc3MiOiJodHRwczpcL1wvd3d3cy5kZXYteWVhcC5pdCIsImlhdCI6MTU0MjI5NDMyMSwibmJmIjoxNTQyMjk0MzIxLCJleHAiOjE1NDI4OTkxMjEsImRhdGEiOnsidXNlciI6eyJpZCI6IjQ0In19fQ.RCP5OeoGASxAyBw1MbMD4BFJAcDM5JIXqYXKBALZcJI&Logo=https://localhost:8082/scratch/pl_logo.png&Title=Business Plan Test nr. 2
[2019-09-04 10:07:29] ---- FROM  ::1 (WinNT)
[2019-09-04 10:07:29] ---- BROWSER:  Chrome 76.0 (Mozilla/5.0 (Windows NT 10.0; Win64; x64) AppleWebKit/537.36 (KHTML, like Gecko) Chrome/76.0.3809.132 Safari/537.36)
[2019-09-04 10:07:30] 200 - OK - text/html
[2019-09-04 10:07:31] REQUEST POST - https://localhost:8082/public/ws/General.asmx/Set
[2019-09-04 10:07:31] ---- FROM  ::1 (WinNT)
[2019-09-04 10:07:31] ---- BROWSER:  Chrome 76.0 (Mozilla/5.0 (Windows NT 10.0; Win64; x64) AppleWebKit/537.36 (KHTML, like Gecko) Chrome/76.0.3809.132 Safari/537.36)
[2019-09-04 10:07:31] ---- CONTENT: {data : "<?xml version='1.0' encoding='utf-8' ?><Request ID='20190904100731754'><General><Token>61111131252223224013000011333653</Token></General><Data><Nome>Business Plan Test nr. 2</Nome><Logo>https%3A%2F%2Flocalhost%3A8082%2Fscratch%2Fpl_logo.png</Logo></Data></Request>"}
[2019-09-04 10:07:32] 200 - OK - application/json
[2019-09-04 10:07:32] REQUEST POST - https://localhost:8082/public/ws/Config.asmx/Economics_Get
[2019-09-04 10:07:32] ---- FROM  ::1 (WinNT)
[2019-09-04 10:07:32] ---- BROWSER:  Chrome 76.0 (Mozilla/5.0 (Windows NT 10.0; Win64; x64) AppleWebKit/537.36 (KHTML, like Gecko) Chrome/76.0.3809.132 Safari/537.36)
[2019-09-04 10:07:32] ---- CONTENT: {data : "<?xml version='1.0' encoding='utf-8' ?><Request ID='20190904100732172'><General><Token>61111131252223224013000011333653</Token></General><Data></Data></Request>"}
[2019-09-04 10:07:32] 200 - OK - application/json
[2019-09-04 10:07:36] REQUEST POST - https://localhost:8082/public/ws/Config.asmx/All_Get
[2019-09-04 10:07:36] REQUEST POST - https://localhost:8082/public/ws/Economics.asmx/messaggi_summary
[2019-09-04 10:07:36] ---- FROM  ::1 (WinNT)
[2019-09-04 10:07:36] ---- BROWSER:  Chrome 76.0 (Mozilla/5.0 (Windows NT 10.0; Win64; x64) AppleWebKit/537.36 (KHTML, like Gecko) Chrome/76.0.3809.132 Safari/537.36)
[2019-09-04 10:07:36] ---- CONTENT: {data : "<?xml version='1.0' encoding='utf-8' ?><Request ID='20190904100736198'><General><Token>61111131252223224013000011333653</Token></General><Data></Data></Request>"}
[2019-09-04 10:07:36] ---- FROM  ::1 (WinNT)
[2019-09-04 10:07:36] ---- BROWSER:  Chrome 76.0 (Mozilla/5.0 (Windows NT 10.0; Win64; x64) AppleWebKit/537.36 (KHTML, like Gecko) Chrome/76.0.3809.132 Safari/537.36)
[2019-09-04 10:07:36] ---- CONTENT: {data : "<?xml version='1.0' encoding='utf-8' ?><Request ID='2019090410073691'><General><Token>61111131252223224013000011333653</Token></General><Data></Data></Request>"}
[2019-09-04 10:07:36] REQUEST POST - https://localhost:8082/public/ws/Config.asmx/All_Get
[2019-09-04 10:07:36] ---- FROM  ::1 (WinNT)
[2019-09-04 10:07:36] ---- BROWSER:  Chrome 76.0 (Mozilla/5.0 (Windows NT 10.0; Win64; x64) AppleWebKit/537.36 (KHTML, like Gecko) Chrome/76.0.3809.132 Safari/537.36)
[2019-09-04 10:07:36] ---- CONTENT: {data : "<?xml version='1.0' encoding='utf-8' ?><Request ID='20190904100736464'><General><Token>61111131252223224013000011333653</Token></General><Data></Data></Request>"}
[2019-09-04 10:07:36] 200 - OK - application/json
[2019-09-04 10:07:36] 200 - OK - application/json
[2019-09-04 10:07:36] 200 - OK - application/json
[2019-09-04 10:07:36] REQUEST POST - https://localhost:8082/public/ws/Config.asmx/All_Get
[2019-09-04 10:07:36] ---- FROM  ::1 (WinNT)
[2019-09-04 10:07:36] ---- BROWSER:  Chrome 76.0 (Mozilla/5.0 (Windows NT 10.0; Win64; x64) AppleWebKit/537.36 (KHTML, like Gecko) Chrome/76.0.3809.132 Safari/537.36)
[2019-09-04 10:07:36] ---- CONTENT: {data : "<?xml version='1.0' encoding='utf-8' ?><Request ID='20190904100736655'><General><Token>61111131252223224013000011333653</Token></General><Data></Data></Request>"}
[2019-09-04 10:07:36] 200 - OK - application/json
[2019-09-04 10:07:38] REQUEST GET - https://localhost:8082/economics/ricavi
[2019-09-04 10:07:38] ---- FROM  ::1 (WinNT)
[2019-09-04 10:07:38] ---- BROWSER:  Chrome 76.0 (Mozilla/5.0 (Windows NT 10.0; Win64; x64) AppleWebKit/537.36 (KHTML, like Gecko) Chrome/76.0.3809.132 Safari/537.36)
[2019-09-04 10:07:38] 200 - OK - text/html
[2019-09-04 10:07:39] REQUEST POST - https://localhost:8082/public/ws/Ricavi.asmx/Ricavo_Get
[2019-09-04 10:07:39] ---- FROM  ::1 (WinNT)
[2019-09-04 10:07:39] ---- BROWSER:  Chrome 76.0 (Mozilla/5.0 (Windows NT 10.0; Win64; x64) AppleWebKit/537.36 (KHTML, like Gecko) Chrome/76.0.3809.132 Safari/537.36)
[2019-09-04 10:07:39] ---- CONTENT: {data : "<?xml version='1.0' encoding='utf-8' ?><Request ID='20190904100739909'><General><Token>61111131252223224013000011333653</Token></General><Data></Data></Request>"}
[2019-09-04 10:07:40] 200 - OK - application/json
[2019-09-04 10:07:41] REQUEST POST - https://localhost:8082/public/ws/Config.asmx/All_Get
[2019-09-04 10:07:41] ---- FROM  ::1 (WinNT)
[2019-09-04 10:07:41] ---- BROWSER:  Chrome 76.0 (Mozilla/5.0 (Windows NT 10.0; Win64; x64) AppleWebKit/537.36 (KHTML, like Gecko) Chrome/76.0.3809.132 Safari/537.36)
[2019-09-04 10:07:41] ---- CONTENT: {data : "<?xml version='1.0' encoding='utf-8' ?><Request ID='20190904100741729'><General><Token>61111131252223224013000011333653</Token></General><Data></Data></Request>"}
[2019-09-04 10:07:41] 200 - OK - application/json
[2019-09-04 10:07:41] REQUEST GET - https://localhost:8082/public/ws/Resources.ashx/xml-economics/61111131252223224013000011333653
[2019-09-04 10:07:41] ---- FROM  ::1 (WinNT)
[2019-09-04 10:07:41] ---- BROWSER:  Chrome 76.0 (Mozilla/5.0 (Windows NT 10.0; Win64; x64) AppleWebKit/537.36 (KHTML, like Gecko) Chrome/76.0.3809.132 Safari/537.36)
[2019-09-04 10:07:41] 200 - OK - text/xml
[2019-09-04 10:07:41] REQUEST POST - https://localhost:8082/public/ws/Economics.asmx/messaggi_summary
[2019-09-04 10:07:41] ---- FROM  ::1 (WinNT)
[2019-09-04 10:07:41] ---- BROWSER:  Chrome 76.0 (Mozilla/5.0 (Windows NT 10.0; Win64; x64) AppleWebKit/537.36 (KHTML, like Gecko) Chrome/76.0.3809.132 Safari/537.36)
[2019-09-04 10:07:41] ---- CONTENT: {data : "<?xml version='1.0' encoding='utf-8' ?><Request ID='20190904100741880'><General><Token>61111131252223224013000011333653</Token></General><Data></Data></Request>"}
[2019-09-04 10:07:41] 200 - OK - application/json
[2019-09-04 10:07:42] REQUEST POST - https://localhost:8082/public/ws/Config.asmx/All_Get
[2019-09-04 10:07:42] ---- FROM  ::1 (WinNT)
[2019-09-04 10:07:42] ---- BROWSER:  Chrome 76.0 (Mozilla/5.0 (Windows NT 10.0; Win64; x64) AppleWebKit/537.36 (KHTML, like Gecko) Chrome/76.0.3809.132 Safari/537.36)
[2019-09-04 10:07:42] ---- CONTENT: {data : "<?xml version='1.0' encoding='utf-8' ?><Request ID='20190904100742500'><General><Token>61111131252223224013000011333653</Token></General><Data></Data></Request>"}
[2019-09-04 10:07:42] 200 - OK - application/json
[2019-09-04 10:07:42] REQUEST POST - https://localhost:8082/public/ws/Config.asmx/All_Get
[2019-09-04 10:07:42] ---- FROM  ::1 (WinNT)
[2019-09-04 10:07:42] ---- BROWSER:  Chrome 76.0 (Mozilla/5.0 (Windows NT 10.0; Win64; x64) AppleWebKit/537.36 (KHTML, like Gecko) Chrome/76.0.3809.132 Safari/537.36)
[2019-09-04 10:07:42] ---- CONTENT: {data : "<?xml version='1.0' encoding='utf-8' ?><Request ID='20190904100742660'><General><Token>61111131252223224013000011333653</Token></General><Data></Data></Request>"}
[2019-09-04 10:07:42] 200 - OK - application/json
[2019-09-04 10:13:31] REQUEST GET - https://localhost:8082/public/aspx/Home.aspx?Token=61111131252223224013000011333653&TokenApiRest=eyJ0eXAiOiJKV1QiLCJhbGciOiJIUzI1NiJ9.eyJpc3MiOiJodHRwczpcL1wvd3d3cy5kZXYteWVhcC5pdCIsImlhdCI6MTU0MjI5NDMyMSwibmJmIjoxNTQyMjk0MzIxLCJleHAiOjE1NDI4OTkxMjEsImRhdGEiOnsidXNlciI6eyJpZCI6IjQ0In19fQ.RCP5OeoGASxAyBw1MbMD4BFJAcDM5JIXqYXKBALZcJI&Logo=https://localhost:8082/scratch/pl_logo.png&Title=Business Plan Test nr. 2
[2019-09-04 10:13:31] ---- FROM  ::1 (WinNT)
[2019-09-04 10:13:31] ---- BROWSER:  Chrome 76.0 (Mozilla/5.0 (Windows NT 10.0; Win64; x64) AppleWebKit/537.36 (KHTML, like Gecko) Chrome/76.0.3809.132 Safari/537.36)
[2019-09-04 10:13:31] 302 - Found - text/html
[2019-09-04 10:13:31] REQUEST GET - https://localhost:8082/home/welcome?Token=61111131252223224013000011333653&TokenApiRest=eyJ0eXAiOiJKV1QiLCJhbGciOiJIUzI1NiJ9.eyJpc3MiOiJodHRwczpcL1wvd3d3cy5kZXYteWVhcC5pdCIsImlhdCI6MTU0MjI5NDMyMSwibmJmIjoxNTQyMjk0MzIxLCJleHAiOjE1NDI4OTkxMjEsImRhdGEiOnsidXNlciI6eyJpZCI6IjQ0In19fQ.RCP5OeoGASxAyBw1MbMD4BFJAcDM5JIXqYXKBALZcJI&Logo=https://localhost:8082/scratch/pl_logo.png&Title=Business Plan Test nr. 2
[2019-09-04 10:13:31] ---- FROM  ::1 (WinNT)
[2019-09-04 10:13:31] ---- BROWSER:  Chrome 76.0 (Mozilla/5.0 (Windows NT 10.0; Win64; x64) AppleWebKit/537.36 (KHTML, like Gecko) Chrome/76.0.3809.132 Safari/537.36)
[2019-09-04 10:13:31] 200 - OK - text/html
[2019-09-04 10:13:34] REQUEST POST - https://localhost:8082/public/ws/General.asmx/Set
[2019-09-04 10:13:34] ---- FROM  ::1 (WinNT)
[2019-09-04 10:13:34] ---- BROWSER:  Chrome 76.0 (Mozilla/5.0 (Windows NT 10.0; Win64; x64) AppleWebKit/537.36 (KHTML, like Gecko) Chrome/76.0.3809.132 Safari/537.36)
[2019-09-04 10:13:34] ---- CONTENT: {data : "<?xml version='1.0' encoding='utf-8' ?><Request ID='20190904101334246'><General><Token>61111131252223224013000011333653</Token></General><Data><Nome>Business Plan Test nr. 2</Nome><Logo>https%3A%2F%2Flocalhost%3A8082%2Fscratch%2Fpl_logo.png</Logo></Data></Request>"}
[2019-09-04 10:13:34] 200 - OK - application/json
[2019-09-04 10:13:34] REQUEST POST - https://localhost:8082/public/ws/Config.asmx/Economics_Get
[2019-09-04 10:13:34] ---- FROM  ::1 (WinNT)
[2019-09-04 10:13:34] ---- BROWSER:  Chrome 76.0 (Mozilla/5.0 (Windows NT 10.0; Win64; x64) AppleWebKit/537.36 (KHTML, like Gecko) Chrome/76.0.3809.132 Safari/537.36)
[2019-09-04 10:13:34] ---- CONTENT: {data : "<?xml version='1.0' encoding='utf-8' ?><Request ID='20190904101334676'><General><Token>61111131252223224013000011333653</Token></General><Data></Data></Request>"}
[2019-09-04 10:13:34] 200 - OK - application/json
[2019-09-04 10:13:36] REQUEST POST - https://localhost:8082/public/ws/Config.asmx/All_Get
[2019-09-04 10:13:36] ---- FROM  ::1 (WinNT)
[2019-09-04 10:13:36] ---- BROWSER:  Chrome 76.0 (Mozilla/5.0 (Windows NT 10.0; Win64; x64) AppleWebKit/537.36 (KHTML, like Gecko) Chrome/76.0.3809.132 Safari/537.36)
[2019-09-04 10:13:37] ---- CONTENT: {data : "<?xml version='1.0' encoding='utf-8' ?><Request ID='20190904101336806'><General><Token>61111131252223224013000011333653</Token></General><Data></Data></Request>"}
[2019-09-04 10:13:37] REQUEST POST - https://localhost:8082/public/ws/Economics.asmx/messaggi_summary
[2019-09-04 10:13:37] ---- FROM  ::1 (WinNT)
[2019-09-04 10:13:37] ---- BROWSER:  Chrome 76.0 (Mozilla/5.0 (Windows NT 10.0; Win64; x64) AppleWebKit/537.36 (KHTML, like Gecko) Chrome/76.0.3809.132 Safari/537.36)
[2019-09-04 10:13:37] ---- CONTENT: {data : "<?xml version='1.0' encoding='utf-8' ?><Request ID='20190904101336979'><General><Token>61111131252223224013000011333653</Token></General><Data></Data></Request>"}
[2019-09-04 10:13:37] 200 - OK - application/json
[2019-09-04 10:13:37] REQUEST POST - https://localhost:8082/public/ws/Config.asmx/All_Get
[2019-09-04 10:13:37] ---- FROM  ::1 (WinNT)
[2019-09-04 10:13:37] ---- BROWSER:  Chrome 76.0 (Mozilla/5.0 (Windows NT 10.0; Win64; x64) AppleWebKit/537.36 (KHTML, like Gecko) Chrome/76.0.3809.132 Safari/537.36)
[2019-09-04 10:13:37] ---- CONTENT: {data : "<?xml version='1.0' encoding='utf-8' ?><Request ID='20190904101337228'><General><Token>61111131252223224013000011333653</Token></General><Data></Data></Request>"}
[2019-09-04 10:13:37] 200 - OK - application/json
[2019-09-04 10:13:37] 200 - OK - application/json
[2019-09-04 10:13:37] REQUEST POST - https://localhost:8082/public/ws/Config.asmx/All_Get
[2019-09-04 10:13:37] ---- FROM  ::1 (WinNT)
[2019-09-04 10:13:37] ---- BROWSER:  Chrome 76.0 (Mozilla/5.0 (Windows NT 10.0; Win64; x64) AppleWebKit/537.36 (KHTML, like Gecko) Chrome/76.0.3809.132 Safari/537.36)
[2019-09-04 10:13:37] ---- CONTENT: {data : "<?xml version='1.0' encoding='utf-8' ?><Request ID='20190904101337344'><General><Token>61111131252223224013000011333653</Token></General><Data></Data></Request>"}
[2019-09-04 10:13:37] 200 - OK - application/json
[2019-09-04 10:13:49] REQUEST GET - https://localhost:8082/economics/ricavi
[2019-09-04 10:13:49] ---- FROM  ::1 (WinNT)
[2019-09-04 10:13:49] ---- BROWSER:  Chrome 76.0 (Mozilla/5.0 (Windows NT 10.0; Win64; x64) AppleWebKit/537.36 (KHTML, like Gecko) Chrome/76.0.3809.132 Safari/537.36)
[2019-09-04 10:13:49] 200 - OK - text/html
[2019-09-04 10:13:51] REQUEST POST - https://localhost:8082/public/ws/Ricavi.asmx/Ricavo_Get
[2019-09-04 10:13:51] ---- FROM  ::1 (WinNT)
[2019-09-04 10:13:51] ---- BROWSER:  Chrome 76.0 (Mozilla/5.0 (Windows NT 10.0; Win64; x64) AppleWebKit/537.36 (KHTML, like Gecko) Chrome/76.0.3809.132 Safari/537.36)
[2019-09-04 10:13:51] ---- CONTENT: {data : "<?xml version='1.0' encoding='utf-8' ?><Request ID='20190904101351202'><General><Token>61111131252223224013000011333653</Token></General><Data></Data></Request>"}
[2019-09-04 10:13:51] 200 - OK - application/json
[2019-09-04 10:13:55] REQUEST POST - https://localhost:8082/public/ws/Config.asmx/All_Get
[2019-09-04 10:13:55] ---- FROM  ::1 (WinNT)
[2019-09-04 10:13:55] ---- BROWSER:  Chrome 76.0 (Mozilla/5.0 (Windows NT 10.0; Win64; x64) AppleWebKit/537.36 (KHTML, like Gecko) Chrome/76.0.3809.132 Safari/537.36)
[2019-09-04 10:13:55] ---- CONTENT: {data : "<?xml version='1.0' encoding='utf-8' ?><Request ID='20190904101355509'><General><Token>61111131252223224013000011333653</Token></General><Data></Data></Request>"}
[2019-09-04 10:13:55] 200 - OK - application/json
[2019-09-04 10:13:55] REQUEST GET - https://localhost:8082/public/ws/Resources.ashx/xml-economics/61111131252223224013000011333653
[2019-09-04 10:13:55] ---- FROM  ::1 (WinNT)
[2019-09-04 10:13:55] ---- BROWSER:  Chrome 76.0 (Mozilla/5.0 (Windows NT 10.0; Win64; x64) AppleWebKit/537.36 (KHTML, like Gecko) Chrome/76.0.3809.132 Safari/537.36)
[2019-09-04 10:13:55] 200 - OK - text/xml
[2019-09-04 10:13:55] REQUEST POST - https://localhost:8082/public/ws/Economics.asmx/messaggi_summary
[2019-09-04 10:13:55] ---- FROM  ::1 (WinNT)
[2019-09-04 10:13:55] ---- BROWSER:  Chrome 76.0 (Mozilla/5.0 (Windows NT 10.0; Win64; x64) AppleWebKit/537.36 (KHTML, like Gecko) Chrome/76.0.3809.132 Safari/537.36)
[2019-09-04 10:13:55] ---- CONTENT: {data : "<?xml version='1.0' encoding='utf-8' ?><Request ID='20190904101355727'><General><Token>61111131252223224013000011333653</Token></General><Data></Data></Request>"}
[2019-09-04 10:13:55] 200 - OK - application/json
[2019-09-04 10:13:56] REQUEST POST - https://localhost:8082/public/ws/Config.asmx/All_Get
[2019-09-04 10:13:56] ---- FROM  ::1 (WinNT)
[2019-09-04 10:13:56] ---- BROWSER:  Chrome 76.0 (Mozilla/5.0 (Windows NT 10.0; Win64; x64) AppleWebKit/537.36 (KHTML, like Gecko) Chrome/76.0.3809.132 Safari/537.36)
[2019-09-04 10:13:56] ---- CONTENT: {data : "<?xml version='1.0' encoding='utf-8' ?><Request ID='20190904101356321'><General><Token>61111131252223224013000011333653</Token></General><Data></Data></Request>"}
[2019-09-04 10:13:56] 200 - OK - application/json
[2019-09-04 10:13:56] REQUEST POST - https://localhost:8082/public/ws/Config.asmx/All_Get
[2019-09-04 10:13:57] ---- FROM  ::1 (WinNT)
[2019-09-04 10:13:57] ---- BROWSER:  Chrome 76.0 (Mozilla/5.0 (Windows NT 10.0; Win64; x64) AppleWebKit/537.36 (KHTML, like Gecko) Chrome/76.0.3809.132 Safari/537.36)
[2019-09-04 10:13:57] ---- CONTENT: {data : "<?xml version='1.0' encoding='utf-8' ?><Request ID='20190904101356931'><General><Token>61111131252223224013000011333653</Token></General><Data></Data></Request>"}
[2019-09-04 10:13:57] 200 - OK - application/json
[2019-09-04 10:17:06] REQUEST GET - https://localhost:8082/public/aspx/Home.aspx?Token=61111131252223224013000011333653&TokenApiRest=eyJ0eXAiOiJKV1QiLCJhbGciOiJIUzI1NiJ9.eyJpc3MiOiJodHRwczpcL1wvd3d3cy5kZXYteWVhcC5pdCIsImlhdCI6MTU0MjI5NDMyMSwibmJmIjoxNTQyMjk0MzIxLCJleHAiOjE1NDI4OTkxMjEsImRhdGEiOnsidXNlciI6eyJpZCI6IjQ0In19fQ.RCP5OeoGASxAyBw1MbMD4BFJAcDM5JIXqYXKBALZcJI&Logo=https://localhost:8082/scratch/pl_logo.png&Title=Business Plan Test nr. 2
[2019-09-04 10:17:06] ---- FROM  ::1 (WinNT)
[2019-09-04 10:17:06] ---- BROWSER:  Chrome 76.0 (Mozilla/5.0 (Windows NT 10.0; Win64; x64) AppleWebKit/537.36 (KHTML, like Gecko) Chrome/76.0.3809.132 Safari/537.36)
[2019-09-04 10:17:06] 302 - Found - text/html
[2019-09-04 10:17:06] REQUEST GET - https://localhost:8082/home/welcome?Token=61111131252223224013000011333653&TokenApiRest=eyJ0eXAiOiJKV1QiLCJhbGciOiJIUzI1NiJ9.eyJpc3MiOiJodHRwczpcL1wvd3d3cy5kZXYteWVhcC5pdCIsImlhdCI6MTU0MjI5NDMyMSwibmJmIjoxNTQyMjk0MzIxLCJleHAiOjE1NDI4OTkxMjEsImRhdGEiOnsidXNlciI6eyJpZCI6IjQ0In19fQ.RCP5OeoGASxAyBw1MbMD4BFJAcDM5JIXqYXKBALZcJI&Logo=https://localhost:8082/scratch/pl_logo.png&Title=Business Plan Test nr. 2
[2019-09-04 10:17:06] ---- FROM  ::1 (WinNT)
[2019-09-04 10:17:06] ---- BROWSER:  Chrome 76.0 (Mozilla/5.0 (Windows NT 10.0; Win64; x64) AppleWebKit/537.36 (KHTML, like Gecko) Chrome/76.0.3809.132 Safari/537.36)
[2019-09-04 10:17:06] 200 - OK - text/html
[2019-09-04 10:17:08] REQUEST POST - https://localhost:8082/public/ws/General.asmx/Set
[2019-09-04 10:17:08] ---- FROM  ::1 (WinNT)
[2019-09-04 10:17:08] ---- BROWSER:  Chrome 76.0 (Mozilla/5.0 (Windows NT 10.0; Win64; x64) AppleWebKit/537.36 (KHTML, like Gecko) Chrome/76.0.3809.132 Safari/537.36)
[2019-09-04 10:17:08] ---- CONTENT: {data : "<?xml version='1.0' encoding='utf-8' ?><Request ID='20190904101708112'><General><Token>61111131252223224013000011333653</Token></General><Data><Nome>Business Plan Test nr. 2</Nome><Logo>https%3A%2F%2Flocalhost%3A8082%2Fscratch%2Fpl_logo.png</Logo></Data></Request>"}
[2019-09-04 10:17:08] 200 - OK - application/json
[2019-09-04 10:17:08] REQUEST POST - https://localhost:8082/public/ws/Config.asmx/Economics_Get
[2019-09-04 10:17:08] ---- FROM  ::1 (WinNT)
[2019-09-04 10:17:08] ---- BROWSER:  Chrome 76.0 (Mozilla/5.0 (Windows NT 10.0; Win64; x64) AppleWebKit/537.36 (KHTML, like Gecko) Chrome/76.0.3809.132 Safari/537.36)
[2019-09-04 10:17:08] ---- CONTENT: {data : "<?xml version='1.0' encoding='utf-8' ?><Request ID='20190904101708149'><General><Token>61111131252223224013000011333653</Token></General><Data></Data></Request>"}
[2019-09-04 10:17:08] 200 - OK - application/json
[2019-09-04 10:17:09] REQUEST POST - https://localhost:8082/public/ws/Config.asmx/All_Get
[2019-09-04 10:17:09] ---- FROM  ::1 (WinNT)
[2019-09-04 10:17:09] ---- BROWSER:  Chrome 76.0 (Mozilla/5.0 (Windows NT 10.0; Win64; x64) AppleWebKit/537.36 (KHTML, like Gecko) Chrome/76.0.3809.132 Safari/537.36)
[2019-09-04 10:17:09] ---- CONTENT: {data : "<?xml version='1.0' encoding='utf-8' ?><Request ID='20190904101709746'><General><Token>61111131252223224013000011333653</Token></General><Data></Data></Request>"}
[2019-09-04 10:17:09] 200 - OK - application/json
[2019-09-04 10:17:09] REQUEST POST - https://localhost:8082/public/ws/Economics.asmx/messaggi_summary
[2019-09-04 10:17:09] ---- FROM  ::1 (WinNT)
[2019-09-04 10:17:10] ---- BROWSER:  Chrome 76.0 (Mozilla/5.0 (Windows NT 10.0; Win64; x64) AppleWebKit/537.36 (KHTML, like Gecko) Chrome/76.0.3809.132 Safari/537.36)
[2019-09-04 10:17:10] ---- CONTENT: {data : "<?xml version='1.0' encoding='utf-8' ?><Request ID='20190904101709921'><General><Token>61111131252223224013000011333653</Token></General><Data></Data></Request>"}
[2019-09-04 10:17:10] 200 - OK - application/json
[2019-09-04 10:17:10] REQUEST POST - https://localhost:8082/public/ws/Config.asmx/All_Get
[2019-09-04 10:17:10] ---- FROM  ::1 (WinNT)
[2019-09-04 10:17:10] ---- BROWSER:  Chrome 76.0 (Mozilla/5.0 (Windows NT 10.0; Win64; x64) AppleWebKit/537.36 (KHTML, like Gecko) Chrome/76.0.3809.132 Safari/537.36)
[2019-09-04 10:17:10] ---- CONTENT: {data : "<?xml version='1.0' encoding='utf-8' ?><Request ID='20190904101710100'><General><Token>61111131252223224013000011333653</Token></General><Data></Data></Request>"}
[2019-09-04 10:17:10] REQUEST POST - https://localhost:8082/public/ws/Config.asmx/All_Get
[2019-09-04 10:17:10] ---- FROM  ::1 (WinNT)
[2019-09-04 10:17:10] ---- BROWSER:  Chrome 76.0 (Mozilla/5.0 (Windows NT 10.0; Win64; x64) AppleWebKit/537.36 (KHTML, like Gecko) Chrome/76.0.3809.132 Safari/537.36)
[2019-09-04 10:17:10] ---- CONTENT: {data : "<?xml version='1.0' encoding='utf-8' ?><Request ID='20190904101710116'><General><Token>61111131252223224013000011333653</Token></General><Data></Data></Request>"}
[2019-09-04 10:17:10] 200 - OK - application/json
[2019-09-04 10:17:10] 200 - OK - application/json
[2019-09-04 10:17:13] REQUEST GET - https://localhost:8082/economics/ricavi
[2019-09-04 10:17:13] ---- FROM  ::1 (WinNT)
[2019-09-04 10:17:13] ---- BROWSER:  Chrome 76.0 (Mozilla/5.0 (Windows NT 10.0; Win64; x64) AppleWebKit/537.36 (KHTML, like Gecko) Chrome/76.0.3809.132 Safari/537.36)
[2019-09-04 10:17:13] 200 - OK - text/html
[2019-09-04 10:17:15] REQUEST POST - https://localhost:8082/public/ws/Ricavi.asmx/Ricavo_Get
[2019-09-04 10:17:15] ---- FROM  ::1 (WinNT)
[2019-09-04 10:17:15] ---- BROWSER:  Chrome 76.0 (Mozilla/5.0 (Windows NT 10.0; Win64; x64) AppleWebKit/537.36 (KHTML, like Gecko) Chrome/76.0.3809.132 Safari/537.36)
[2019-09-04 10:17:15] ---- CONTENT: {data : "<?xml version='1.0' encoding='utf-8' ?><Request ID='20190904101715158'><General><Token>61111131252223224013000011333653</Token></General><Data></Data></Request>"}
[2019-09-04 10:17:15] 200 - OK - application/json
[2019-09-04 10:17:16] REQUEST POST - https://localhost:8082/public/ws/Economics.asmx/messaggi_summary
[2019-09-04 10:17:16] ---- FROM  ::1 (WinNT)
[2019-09-04 10:17:16] ---- BROWSER:  Chrome 76.0 (Mozilla/5.0 (Windows NT 10.0; Win64; x64) AppleWebKit/537.36 (KHTML, like Gecko) Chrome/76.0.3809.132 Safari/537.36)
[2019-09-04 10:17:16] ---- CONTENT: {data : "<?xml version='1.0' encoding='utf-8' ?><Request ID='20190904101716844'><General><Token>61111131252223224013000011333653</Token></General><Data></Data></Request>"}
[2019-09-04 10:17:16] 200 - OK - application/json
[2019-09-04 10:17:16] REQUEST GET - https://localhost:8082/public/ws/Resources.ashx/xml-economics/61111131252223224013000011333653
[2019-09-04 10:17:16] ---- FROM  ::1 (WinNT)
[2019-09-04 10:17:16] ---- BROWSER:  Chrome 76.0 (Mozilla/5.0 (Windows NT 10.0; Win64; x64) AppleWebKit/537.36 (KHTML, like Gecko) Chrome/76.0.3809.132 Safari/537.36)
[2019-09-04 10:17:16] REQUEST POST - https://localhost:8082/public/ws/Config.asmx/All_Get
[2019-09-04 10:17:17] ---- FROM  ::1 (WinNT)
[2019-09-04 10:17:17] ---- BROWSER:  Chrome 76.0 (Mozilla/5.0 (Windows NT 10.0; Win64; x64) AppleWebKit/537.36 (KHTML, like Gecko) Chrome/76.0.3809.132 Safari/537.36)
[2019-09-04 10:17:17] REQUEST POST - https://localhost:8082/public/ws/Config.asmx/All_Get
[2019-09-04 10:17:17] 200 - OK - text/xml
[2019-09-04 10:17:17] ---- FROM  ::1 (WinNT)
[2019-09-04 10:17:17] ---- BROWSER:  Chrome 76.0 (Mozilla/5.0 (Windows NT 10.0; Win64; x64) AppleWebKit/537.36 (KHTML, like Gecko) Chrome/76.0.3809.132 Safari/537.36)
[2019-09-04 10:17:17] ---- CONTENT: {data : "<?xml version='1.0' encoding='utf-8' ?><Request ID='20190904101716957'><General><Token>61111131252223224013000011333653</Token></General><Data></Data></Request>"}
[2019-09-04 10:17:17] ---- CONTENT: {data : "<?xml version='1.0' encoding='utf-8' ?><Request ID='20190904101716892'><General><Token>61111131252223224013000011333653</Token></General><Data></Data></Request>"}
[2019-09-04 10:17:17] 200 - OK - application/json
[2019-09-04 10:17:17] 200 - OK - application/json
[2019-09-04 10:17:17] REQUEST POST - https://localhost:8082/public/ws/Config.asmx/All_Get
[2019-09-04 10:17:17] ---- FROM  ::1 (WinNT)
[2019-09-04 10:17:17] ---- BROWSER:  Chrome 76.0 (Mozilla/5.0 (Windows NT 10.0; Win64; x64) AppleWebKit/537.36 (KHTML, like Gecko) Chrome/76.0.3809.132 Safari/537.36)
[2019-09-04 10:17:17] ---- CONTENT: {data : "<?xml version='1.0' encoding='utf-8' ?><Request ID='20190904101717681'><General><Token>61111131252223224013000011333653</Token></General><Data></Data></Request>"}
[2019-09-04 10:17:17] 200 - OK - application/json
[2019-09-04 10:19:11] REQUEST GET - https://localhost:8082/public/aspx/Home.aspx?Token=61111131252223224013000011333653&TokenApiRest=eyJ0eXAiOiJKV1QiLCJhbGciOiJIUzI1NiJ9.eyJpc3MiOiJodHRwczpcL1wvd3d3cy5kZXYteWVhcC5pdCIsImlhdCI6MTU0MjI5NDMyMSwibmJmIjoxNTQyMjk0MzIxLCJleHAiOjE1NDI4OTkxMjEsImRhdGEiOnsidXNlciI6eyJpZCI6IjQ0In19fQ.RCP5OeoGASxAyBw1MbMD4BFJAcDM5JIXqYXKBALZcJI&Logo=https://localhost:8082/scratch/pl_logo.png&Title=Business Plan Test nr. 2
[2019-09-04 10:19:11] ---- FROM  ::1 (WinNT)
[2019-09-04 10:19:11] ---- BROWSER:  Chrome 76.0 (Mozilla/5.0 (Windows NT 10.0; Win64; x64) AppleWebKit/537.36 (KHTML, like Gecko) Chrome/76.0.3809.132 Safari/537.36)
[2019-09-04 10:19:11] 302 - Found - text/html
[2019-09-04 10:19:11] REQUEST GET - https://localhost:8082/home/welcome?Token=61111131252223224013000011333653&TokenApiRest=eyJ0eXAiOiJKV1QiLCJhbGciOiJIUzI1NiJ9.eyJpc3MiOiJodHRwczpcL1wvd3d3cy5kZXYteWVhcC5pdCIsImlhdCI6MTU0MjI5NDMyMSwibmJmIjoxNTQyMjk0MzIxLCJleHAiOjE1NDI4OTkxMjEsImRhdGEiOnsidXNlciI6eyJpZCI6IjQ0In19fQ.RCP5OeoGASxAyBw1MbMD4BFJAcDM5JIXqYXKBALZcJI&Logo=https://localhost:8082/scratch/pl_logo.png&Title=Business Plan Test nr. 2
[2019-09-04 10:19:11] ---- FROM  ::1 (WinNT)
[2019-09-04 10:19:11] ---- BROWSER:  Chrome 76.0 (Mozilla/5.0 (Windows NT 10.0; Win64; x64) AppleWebKit/537.36 (KHTML, like Gecko) Chrome/76.0.3809.132 Safari/537.36)
[2019-09-04 10:19:11] 200 - OK - text/html
[2019-09-04 10:19:13] REQUEST POST - https://localhost:8082/public/ws/General.asmx/Set
[2019-09-04 10:19:13] ---- FROM  ::1 (WinNT)
[2019-09-04 10:19:13] ---- BROWSER:  Chrome 76.0 (Mozilla/5.0 (Windows NT 10.0; Win64; x64) AppleWebKit/537.36 (KHTML, like Gecko) Chrome/76.0.3809.132 Safari/537.36)
[2019-09-04 10:19:13] ---- CONTENT: {data : "<?xml version='1.0' encoding='utf-8' ?><Request ID='20190904101913457'><General><Token>61111131252223224013000011333653</Token></General><Data><Nome>Business Plan Test nr. 2</Nome><Logo>https%3A%2F%2Flocalhost%3A8082%2Fscratch%2Fpl_logo.png</Logo></Data></Request>"}
[2019-09-04 10:19:13] 200 - OK - application/json
[2019-09-04 10:19:13] REQUEST POST - https://localhost:8082/public/ws/Config.asmx/Economics_Get
[2019-09-04 10:19:13] ---- FROM  ::1 (WinNT)
[2019-09-04 10:19:13] ---- BROWSER:  Chrome 76.0 (Mozilla/5.0 (Windows NT 10.0; Win64; x64) AppleWebKit/537.36 (KHTML, like Gecko) Chrome/76.0.3809.132 Safari/537.36)
[2019-09-04 10:19:13] ---- CONTENT: {data : "<?xml version='1.0' encoding='utf-8' ?><Request ID='20190904101913511'><General><Token>61111131252223224013000011333653</Token></General><Data></Data></Request>"}
[2019-09-04 10:19:13] 200 - OK - application/json
[2019-09-04 10:19:16] REQUEST POST - https://localhost:8082/public/ws/Config.asmx/All_Get
[2019-09-04 10:19:16] ---- FROM  ::1 (WinNT)
[2019-09-04 10:19:16] ---- BROWSER:  Chrome 76.0 (Mozilla/5.0 (Windows NT 10.0; Win64; x64) AppleWebKit/537.36 (KHTML, like Gecko) Chrome/76.0.3809.132 Safari/537.36)
[2019-09-04 10:19:16] ---- CONTENT: {data : "<?xml version='1.0' encoding='utf-8' ?><Request ID='20190904101916260'><General><Token>61111131252223224013000011333653</Token></General><Data></Data></Request>"}
[2019-09-04 10:19:16] 200 - OK - application/json
[2019-09-04 10:19:16] REQUEST POST - https://localhost:8082/public/ws/Economics.asmx/messaggi_summary
[2019-09-04 10:19:16] ---- FROM  ::1 (WinNT)
[2019-09-04 10:19:16] ---- BROWSER:  Chrome 76.0 (Mozilla/5.0 (Windows NT 10.0; Win64; x64) AppleWebKit/537.36 (KHTML, like Gecko) Chrome/76.0.3809.132 Safari/537.36)
[2019-09-04 10:19:16] ---- CONTENT: {data : "<?xml version='1.0' encoding='utf-8' ?><Request ID='20190904101916431'><General><Token>61111131252223224013000011333653</Token></General><Data></Data></Request>"}
[2019-09-04 10:19:16] 200 - OK - application/json
[2019-09-04 10:19:16] REQUEST POST - https://localhost:8082/public/ws/Config.asmx/All_Get
[2019-09-04 10:19:16] ---- FROM  ::1 (WinNT)
[2019-09-04 10:19:16] ---- BROWSER:  Chrome 76.0 (Mozilla/5.0 (Windows NT 10.0; Win64; x64) AppleWebKit/537.36 (KHTML, like Gecko) Chrome/76.0.3809.132 Safari/537.36)
[2019-09-04 10:19:16] ---- CONTENT: {data : "<?xml version='1.0' encoding='utf-8' ?><Request ID='20190904101916559'><General><Token>61111131252223224013000011333653</Token></General><Data></Data></Request>"}
[2019-09-04 10:19:16] REQUEST POST - https://localhost:8082/public/ws/Config.asmx/All_Get
[2019-09-04 10:19:16] ---- FROM  ::1 (WinNT)
[2019-09-04 10:19:16] ---- BROWSER:  Chrome 76.0 (Mozilla/5.0 (Windows NT 10.0; Win64; x64) AppleWebKit/537.36 (KHTML, like Gecko) Chrome/76.0.3809.132 Safari/537.36)
[2019-09-04 10:19:16] ---- CONTENT: {data : "<?xml version='1.0' encoding='utf-8' ?><Request ID='20190904101916596'><General><Token>61111131252223224013000011333653</Token></General><Data></Data></Request>"}
[2019-09-04 10:19:16] 200 - OK - application/json
[2019-09-04 10:19:16] 200 - OK - application/json
[2019-09-04 10:19:21] REQUEST GET - https://localhost:8082/economics/ricavi
[2019-09-04 10:19:21] ---- FROM  ::1 (WinNT)
[2019-09-04 10:19:21] ---- BROWSER:  Chrome 76.0 (Mozilla/5.0 (Windows NT 10.0; Win64; x64) AppleWebKit/537.36 (KHTML, like Gecko) Chrome/76.0.3809.132 Safari/537.36)
[2019-09-04 10:19:21] 200 - OK - text/html
[2019-09-04 10:19:25] REQUEST POST - https://localhost:8082/public/ws/Ricavi.asmx/Ricavo_Get
[2019-09-04 10:19:25] ---- FROM  ::1 (WinNT)
[2019-09-04 10:19:25] ---- BROWSER:  Chrome 76.0 (Mozilla/5.0 (Windows NT 10.0; Win64; x64) AppleWebKit/537.36 (KHTML, like Gecko) Chrome/76.0.3809.132 Safari/537.36)
[2019-09-04 10:19:25] ---- CONTENT: {data : "<?xml version='1.0' encoding='utf-8' ?><Request ID='20190904101925422'><General><Token>61111131252223224013000011333653</Token></General><Data></Data></Request>"}
[2019-09-04 10:19:25] 200 - OK - application/json
[2019-09-04 10:19:27] REQUEST POST - https://localhost:8082/public/ws/Config.asmx/All_Get
[2019-09-04 10:19:27] ---- FROM  ::1 (WinNT)
[2019-09-04 10:19:27] ---- BROWSER:  Chrome 76.0 (Mozilla/5.0 (Windows NT 10.0; Win64; x64) AppleWebKit/537.36 (KHTML, like Gecko) Chrome/76.0.3809.132 Safari/537.36)
[2019-09-04 10:19:27] ---- CONTENT: {data : "<?xml version='1.0' encoding='utf-8' ?><Request ID='2019090410192764'><General><Token>61111131252223224013000011333653</Token></General><Data></Data></Request>"}
[2019-09-04 10:19:27] 200 - OK - application/json
[2019-09-04 10:19:27] REQUEST POST - https://localhost:8082/public/ws/Economics.asmx/messaggi_summary
[2019-09-04 10:19:27] ---- FROM  ::1 (WinNT)
[2019-09-04 10:19:27] ---- BROWSER:  Chrome 76.0 (Mozilla/5.0 (Windows NT 10.0; Win64; x64) AppleWebKit/537.36 (KHTML, like Gecko) Chrome/76.0.3809.132 Safari/537.36)
[2019-09-04 10:19:27] ---- CONTENT: {data : "<?xml version='1.0' encoding='utf-8' ?><Request ID='20190904101927261'><General><Token>61111131252223224013000011333653</Token></General><Data></Data></Request>"}
[2019-09-04 10:19:27] REQUEST GET - https://localhost:8082/public/ws/Resources.ashx/xml-economics/61111131252223224013000011333653
[2019-09-04 10:19:27] ---- FROM  ::1 (WinNT)
[2019-09-04 10:19:27] ---- BROWSER:  Chrome 76.0 (Mozilla/5.0 (Windows NT 10.0; Win64; x64) AppleWebKit/537.36 (KHTML, like Gecko) Chrome/76.0.3809.132 Safari/537.36)
[2019-09-04 10:19:27] 200 - OK - application/json
[2019-09-04 10:19:27] 200 - OK - text/xml
[2019-09-04 10:19:27] REQUEST POST - https://localhost:8082/public/ws/Config.asmx/All_Get
[2019-09-04 10:19:27] ---- FROM  ::1 (WinNT)
[2019-09-04 10:19:27] ---- BROWSER:  Chrome 76.0 (Mozilla/5.0 (Windows NT 10.0; Win64; x64) AppleWebKit/537.36 (KHTML, like Gecko) Chrome/76.0.3809.132 Safari/537.36)
[2019-09-04 10:19:27] ---- CONTENT: {data : "<?xml version='1.0' encoding='utf-8' ?><Request ID='20190904101927465'><General><Token>61111131252223224013000011333653</Token></General><Data></Data></Request>"}
[2019-09-04 10:19:27] 200 - OK - application/json
[2019-09-04 10:19:28] REQUEST POST - https://localhost:8082/public/ws/Config.asmx/All_Get
[2019-09-04 10:19:28] ---- FROM  ::1 (WinNT)
[2019-09-04 10:19:28] ---- BROWSER:  Chrome 76.0 (Mozilla/5.0 (Windows NT 10.0; Win64; x64) AppleWebKit/537.36 (KHTML, like Gecko) Chrome/76.0.3809.132 Safari/537.36)
[2019-09-04 10:19:28] ---- CONTENT: {data : "<?xml version='1.0' encoding='utf-8' ?><Request ID='20190904101928330'><General><Token>61111131252223224013000011333653</Token></General><Data></Data></Request>"}
[2019-09-04 10:19:28] 200 - OK - application/json
[2019-09-04 10:39:39] REQUEST GET - https://localhost:8082/public/aspx/Home.aspx?Token=61111131252223224013000011333653&TokenApiRest=eyJ0eXAiOiJKV1QiLCJhbGciOiJIUzI1NiJ9.eyJpc3MiOiJodHRwczpcL1wvd3d3cy5kZXYteWVhcC5pdCIsImlhdCI6MTU0MjI5NDMyMSwibmJmIjoxNTQyMjk0MzIxLCJleHAiOjE1NDI4OTkxMjEsImRhdGEiOnsidXNlciI6eyJpZCI6IjQ0In19fQ.RCP5OeoGASxAyBw1MbMD4BFJAcDM5JIXqYXKBALZcJI&Logo=https://localhost:8082/scratch/pl_logo.png&Title=Business Plan Test nr. 2
[2019-09-04 10:39:39] ---- FROM  ::1 (WinNT)
[2019-09-04 10:39:39] ---- BROWSER:  Chrome 76.0 (Mozilla/5.0 (Windows NT 10.0; Win64; x64) AppleWebKit/537.36 (KHTML, like Gecko) Chrome/76.0.3809.132 Safari/537.36)
[2019-09-04 10:39:39] 302 - Found - text/html
[2019-09-04 10:39:39] REQUEST GET - https://localhost:8082/home/welcome?Token=61111131252223224013000011333653&TokenApiRest=eyJ0eXAiOiJKV1QiLCJhbGciOiJIUzI1NiJ9.eyJpc3MiOiJodHRwczpcL1wvd3d3cy5kZXYteWVhcC5pdCIsImlhdCI6MTU0MjI5NDMyMSwibmJmIjoxNTQyMjk0MzIxLCJleHAiOjE1NDI4OTkxMjEsImRhdGEiOnsidXNlciI6eyJpZCI6IjQ0In19fQ.RCP5OeoGASxAyBw1MbMD4BFJAcDM5JIXqYXKBALZcJI&Logo=https://localhost:8082/scratch/pl_logo.png&Title=Business Plan Test nr. 2
[2019-09-04 10:39:39] ---- FROM  ::1 (WinNT)
[2019-09-04 10:39:39] ---- BROWSER:  Chrome 76.0 (Mozilla/5.0 (Windows NT 10.0; Win64; x64) AppleWebKit/537.36 (KHTML, like Gecko) Chrome/76.0.3809.132 Safari/537.36)
[2019-09-04 10:39:39] 200 - OK - text/html
[2019-09-04 10:39:40] REQUEST POST - https://localhost:8082/public/ws/General.asmx/Set
[2019-09-04 10:39:40] ---- FROM  ::1 (WinNT)
[2019-09-04 10:39:40] ---- BROWSER:  Chrome 76.0 (Mozilla/5.0 (Windows NT 10.0; Win64; x64) AppleWebKit/537.36 (KHTML, like Gecko) Chrome/76.0.3809.132 Safari/537.36)
[2019-09-04 10:39:40] ---- CONTENT: {data : "<?xml version='1.0' encoding='utf-8' ?><Request ID='201909041039408'><General><Token>61111131252223224013000011333653</Token></General><Data><Nome>Business Plan Test nr. 2</Nome><Logo>https%3A%2F%2Flocalhost%3A8082%2Fscratch%2Fpl_logo.png</Logo></Data></Request>"}
[2019-09-04 10:39:40] 200 - OK - application/json
[2019-09-04 10:39:40] REQUEST POST - https://localhost:8082/public/ws/Config.asmx/Economics_Get
[2019-09-04 10:39:40] ---- FROM  ::1 (WinNT)
[2019-09-04 10:39:40] ---- BROWSER:  Chrome 76.0 (Mozilla/5.0 (Windows NT 10.0; Win64; x64) AppleWebKit/537.36 (KHTML, like Gecko) Chrome/76.0.3809.132 Safari/537.36)
[2019-09-04 10:39:40] ---- CONTENT: {data : "<?xml version='1.0' encoding='utf-8' ?><Request ID='20190904103940128'><General><Token>61111131252223224013000011333653</Token></General><Data></Data></Request>"}
[2019-09-04 10:39:40] 200 - OK - application/json
[2019-09-04 10:39:42] REQUEST POST - https://localhost:8082/public/ws/Config.asmx/All_Get
[2019-09-04 10:39:42] ---- FROM  ::1 (WinNT)
[2019-09-04 10:39:42] ---- BROWSER:  Chrome 76.0 (Mozilla/5.0 (Windows NT 10.0; Win64; x64) AppleWebKit/537.36 (KHTML, like Gecko) Chrome/76.0.3809.132 Safari/537.36)
[2019-09-04 10:39:42] ---- CONTENT: {data : "<?xml version='1.0' encoding='utf-8' ?><Request ID='2019090410394285'><General><Token>61111131252223224013000011333653</Token></General><Data></Data></Request>"}
[2019-09-04 10:39:42] 200 - OK - application/json
[2019-09-04 10:39:42] REQUEST POST - https://localhost:8082/public/ws/Economics.asmx/messaggi_summary
[2019-09-04 10:39:42] ---- FROM  ::1 (WinNT)
[2019-09-04 10:39:42] ---- BROWSER:  Chrome 76.0 (Mozilla/5.0 (Windows NT 10.0; Win64; x64) AppleWebKit/537.36 (KHTML, like Gecko) Chrome/76.0.3809.132 Safari/537.36)
[2019-09-04 10:39:42] ---- CONTENT: {data : "<?xml version='1.0' encoding='utf-8' ?><Request ID='20190904103942243'><General><Token>61111131252223224013000011333653</Token></General><Data></Data></Request>"}
[2019-09-04 10:39:42] 200 - OK - application/json
[2019-09-04 10:39:42] REQUEST POST - https://localhost:8082/public/ws/Config.asmx/All_Get
[2019-09-04 10:39:42] ---- FROM  ::1 (WinNT)
[2019-09-04 10:39:42] ---- BROWSER:  Chrome 76.0 (Mozilla/5.0 (Windows NT 10.0; Win64; x64) AppleWebKit/537.36 (KHTML, like Gecko) Chrome/76.0.3809.132 Safari/537.36)
[2019-09-04 10:39:42] ---- CONTENT: {data : "<?xml version='1.0' encoding='utf-8' ?><Request ID='20190904103942378'><General><Token>61111131252223224013000011333653</Token></General><Data></Data></Request>"}
[2019-09-04 10:39:42] REQUEST POST - https://localhost:8082/public/ws/Config.asmx/All_Get
[2019-09-04 10:39:42] ---- FROM  ::1 (WinNT)
[2019-09-04 10:39:42] ---- BROWSER:  Chrome 76.0 (Mozilla/5.0 (Windows NT 10.0; Win64; x64) AppleWebKit/537.36 (KHTML, like Gecko) Chrome/76.0.3809.132 Safari/537.36)
[2019-09-04 10:39:42] ---- CONTENT: {data : "<?xml version='1.0' encoding='utf-8' ?><Request ID='20190904103942442'><General><Token>61111131252223224013000011333653</Token></General><Data></Data></Request>"}
[2019-09-04 10:39:42] 200 - OK - application/json
[2019-09-04 10:39:42] 200 - OK - application/json
[2019-09-04 10:39:53] REQUEST GET - https://localhost:8082/economics/ricavi
[2019-09-04 10:39:53] ---- FROM  ::1 (WinNT)
[2019-09-04 10:39:53] ---- BROWSER:  Chrome 76.0 (Mozilla/5.0 (Windows NT 10.0; Win64; x64) AppleWebKit/537.36 (KHTML, like Gecko) Chrome/76.0.3809.132 Safari/537.36)
[2019-09-04 10:39:53] 200 - OK - text/html
[2019-09-04 10:39:54] REQUEST POST - https://localhost:8082/public/ws/Ricavi.asmx/Ricavo_Get
[2019-09-04 10:39:54] ---- FROM  ::1 (WinNT)
[2019-09-04 10:39:54] ---- BROWSER:  Chrome 76.0 (Mozilla/5.0 (Windows NT 10.0; Win64; x64) AppleWebKit/537.36 (KHTML, like Gecko) Chrome/76.0.3809.132 Safari/537.36)
[2019-09-04 10:39:54] ---- CONTENT: {data : "<?xml version='1.0' encoding='utf-8' ?><Request ID='20190904103954393'><General><Token>61111131252223224013000011333653</Token></General><Data></Data></Request>"}
[2019-09-04 10:39:54] 200 - OK - application/json
[2019-09-04 10:39:56] REQUEST POST - https://localhost:8082/public/ws/Config.asmx/All_Get
[2019-09-04 10:39:56] ---- FROM  ::1 (WinNT)
[2019-09-04 10:39:56] ---- BROWSER:  Chrome 76.0 (Mozilla/5.0 (Windows NT 10.0; Win64; x64) AppleWebKit/537.36 (KHTML, like Gecko) Chrome/76.0.3809.132 Safari/537.36)
[2019-09-04 10:39:56] ---- CONTENT: {data : "<?xml version='1.0' encoding='utf-8' ?><Request ID='20190904103956366'><General><Token>61111131252223224013000011333653</Token></General><Data></Data></Request>"}
[2019-09-04 10:39:56] 200 - OK - application/json
[2019-09-04 10:39:56] REQUEST GET - https://localhost:8082/public/ws/Resources.ashx/xml-economics/61111131252223224013000011333653
[2019-09-04 10:39:56] ---- FROM  ::1 (WinNT)
[2019-09-04 10:39:56] ---- BROWSER:  Chrome 76.0 (Mozilla/5.0 (Windows NT 10.0; Win64; x64) AppleWebKit/537.36 (KHTML, like Gecko) Chrome/76.0.3809.132 Safari/537.36)
[2019-09-04 10:39:56] 200 - OK - text/xml
[2019-09-04 10:39:56] REQUEST POST - https://localhost:8082/public/ws/Economics.asmx/messaggi_summary
[2019-09-04 10:39:56] ---- FROM  ::1 (WinNT)
[2019-09-04 10:39:56] ---- BROWSER:  Chrome 76.0 (Mozilla/5.0 (Windows NT 10.0; Win64; x64) AppleWebKit/537.36 (KHTML, like Gecko) Chrome/76.0.3809.132 Safari/537.36)
[2019-09-04 10:39:56] ---- CONTENT: {data : "<?xml version='1.0' encoding='utf-8' ?><Request ID='20190904103956490'><General><Token>61111131252223224013000011333653</Token></General><Data></Data></Request>"}
[2019-09-04 10:39:56] 200 - OK - application/json
[2019-09-04 10:39:56] REQUEST POST - https://localhost:8082/public/ws/Config.asmx/All_Get
[2019-09-04 10:39:56] ---- FROM  ::1 (WinNT)
[2019-09-04 10:39:56] ---- BROWSER:  Chrome 76.0 (Mozilla/5.0 (Windows NT 10.0; Win64; x64) AppleWebKit/537.36 (KHTML, like Gecko) Chrome/76.0.3809.132 Safari/537.36)
[2019-09-04 10:39:56] ---- CONTENT: {data : "<?xml version='1.0' encoding='utf-8' ?><Request ID='20190904103956912'><General><Token>61111131252223224013000011333653</Token></General><Data></Data></Request>"}
[2019-09-04 10:39:57] 200 - OK - application/json
[2019-09-04 10:39:57] REQUEST POST - https://localhost:8082/public/ws/Config.asmx/All_Get
[2019-09-04 10:39:57] ---- FROM  ::1 (WinNT)
[2019-09-04 10:39:57] ---- BROWSER:  Chrome 76.0 (Mozilla/5.0 (Windows NT 10.0; Win64; x64) AppleWebKit/537.36 (KHTML, like Gecko) Chrome/76.0.3809.132 Safari/537.36)
[2019-09-04 10:39:57] ---- CONTENT: {data : "<?xml version='1.0' encoding='utf-8' ?><Request ID='20190904103957238'><General><Token>61111131252223224013000011333653</Token></General><Data></Data></Request>"}
[2019-09-04 10:39:57] 200 - OK - application/json
[2019-09-04 10:40:47] REQUEST GET - https://localhost:8082/economics/costi-esterni
[2019-09-04 10:40:47] ---- FROM  ::1 (WinNT)
[2019-09-04 10:40:47] ---- BROWSER:  Chrome 76.0 (Mozilla/5.0 (Windows NT 10.0; Win64; x64) AppleWebKit/537.36 (KHTML, like Gecko) Chrome/76.0.3809.132 Safari/537.36)
[2019-09-04 10:40:47] 200 - OK - text/html
[2019-09-04 10:40:48] REQUEST POST - https://localhost:8082/public/ws/Ricavi.asmx/CostiEsterniMagazzino_Get
[2019-09-04 10:40:48] ---- FROM  ::1 (WinNT)
[2019-09-04 10:40:48] ---- BROWSER:  Chrome 76.0 (Mozilla/5.0 (Windows NT 10.0; Win64; x64) AppleWebKit/537.36 (KHTML, like Gecko) Chrome/76.0.3809.132 Safari/537.36)
[2019-09-04 10:40:48] ---- CONTENT: {data : "<?xml version='1.0' encoding='utf-8' ?><Request ID='20190904104048662'><General><Token>61111131252223224013000011333653</Token></General><Data></Data></Request>"}
[2019-09-04 10:40:48] 200 - OK - application/json
[2019-09-04 10:40:51] REQUEST POST - https://localhost:8082/public/ws/Config.asmx/All_Get
[2019-09-04 10:40:51] ---- FROM  ::1 (WinNT)
[2019-09-04 10:40:51] ---- BROWSER:  Chrome 76.0 (Mozilla/5.0 (Windows NT 10.0; Win64; x64) AppleWebKit/537.36 (KHTML, like Gecko) Chrome/76.0.3809.132 Safari/537.36)
[2019-09-04 10:40:51] ---- CONTENT: {data : "<?xml version='1.0' encoding='utf-8' ?><Request ID='20190904104051545'><General><Token>61111131252223224013000011333653</Token></General><Data></Data></Request>"}
[2019-09-04 10:40:51] 200 - OK - application/json
[2019-09-04 10:40:51] REQUEST GET - https://localhost:8082/public/ws/Resources.ashx/xml-economics/61111131252223224013000011333653
[2019-09-04 10:40:51] ---- FROM  ::1 (WinNT)
[2019-09-04 10:40:51] ---- BROWSER:  Chrome 76.0 (Mozilla/5.0 (Windows NT 10.0; Win64; x64) AppleWebKit/537.36 (KHTML, like Gecko) Chrome/76.0.3809.132 Safari/537.36)
[2019-09-04 10:40:51] 200 - OK - text/xml
[2019-09-04 10:40:54] REQUEST POST - https://localhost:8082/public/ws/Economics.asmx/messaggi_summary
[2019-09-04 10:40:54] ---- FROM  ::1 (WinNT)
[2019-09-04 10:40:54] ---- BROWSER:  Chrome 76.0 (Mozilla/5.0 (Windows NT 10.0; Win64; x64) AppleWebKit/537.36 (KHTML, like Gecko) Chrome/76.0.3809.132 Safari/537.36)
[2019-09-04 10:40:54] ---- CONTENT: {data : "<?xml version='1.0' encoding='utf-8' ?><Request ID='20190904104054619'><General><Token>61111131252223224013000011333653</Token></General><Data></Data></Request>"}
[2019-09-04 10:40:54] 200 - OK - application/json
[2019-09-04 10:40:54] REQUEST POST - https://localhost:8082/public/ws/Config.asmx/All_Get
[2019-09-04 10:40:54] ---- FROM  ::1 (WinNT)
[2019-09-04 10:40:54] ---- BROWSER:  Chrome 76.0 (Mozilla/5.0 (Windows NT 10.0; Win64; x64) AppleWebKit/537.36 (KHTML, like Gecko) Chrome/76.0.3809.132 Safari/537.36)
[2019-09-04 10:40:54] ---- CONTENT: {data : "<?xml version='1.0' encoding='utf-8' ?><Request ID='20190904104054728'><General><Token>61111131252223224013000011333653</Token></General><Data></Data></Request>"}
[2019-09-04 10:40:54] 200 - OK - application/json
[2019-09-04 10:40:55] REQUEST POST - https://localhost:8082/public/ws/Config.asmx/All_Get
[2019-09-04 10:40:55] ---- FROM  ::1 (WinNT)
[2019-09-04 10:40:55] ---- BROWSER:  Chrome 76.0 (Mozilla/5.0 (Windows NT 10.0; Win64; x64) AppleWebKit/537.36 (KHTML, like Gecko) Chrome/76.0.3809.132 Safari/537.36)
[2019-09-04 10:40:55] ---- CONTENT: {data : "<?xml version='1.0' encoding='utf-8' ?><Request ID='201909041040558'><General><Token>61111131252223224013000011333653</Token></General><Data></Data></Request>"}
[2019-09-04 10:40:55] 200 - OK - application/json
[2019-09-04 10:41:37] REQUEST GET - https://localhost:8082/economics/ricavi
[2019-09-04 10:41:37] ---- FROM  ::1 (WinNT)
[2019-09-04 10:41:37] ---- BROWSER:  Chrome 76.0 (Mozilla/5.0 (Windows NT 10.0; Win64; x64) AppleWebKit/537.36 (KHTML, like Gecko) Chrome/76.0.3809.132 Safari/537.36)
[2019-09-04 10:41:37] 200 - OK - text/html
[2019-09-04 10:41:38] REQUEST POST - https://localhost:8082/public/ws/Ricavi.asmx/Ricavo_Get
[2019-09-04 10:41:38] ---- FROM  ::1 (WinNT)
[2019-09-04 10:41:38] ---- BROWSER:  Chrome 76.0 (Mozilla/5.0 (Windows NT 10.0; Win64; x64) AppleWebKit/537.36 (KHTML, like Gecko) Chrome/76.0.3809.132 Safari/537.36)
[2019-09-04 10:41:38] ---- CONTENT: {data : "<?xml version='1.0' encoding='utf-8' ?><Request ID='20190904104138756'><General><Token>61111131252223224013000011333653</Token></General><Data></Data></Request>"}
[2019-09-04 10:41:38] 200 - OK - application/json
[2019-09-04 10:41:39] REQUEST POST - https://localhost:8082/public/ws/Config.asmx/All_Get
[2019-09-04 10:41:39] ---- FROM  ::1 (WinNT)
[2019-09-04 10:41:39] ---- BROWSER:  Chrome 76.0 (Mozilla/5.0 (Windows NT 10.0; Win64; x64) AppleWebKit/537.36 (KHTML, like Gecko) Chrome/76.0.3809.132 Safari/537.36)
[2019-09-04 10:41:39] ---- CONTENT: {data : "<?xml version='1.0' encoding='utf-8' ?><Request ID='20190904104139580'><General><Token>61111131252223224013000011333653</Token></General><Data></Data></Request>"}
[2019-09-04 10:41:39] 200 - OK - application/json
[2019-09-04 10:41:39] REQUEST GET - https://localhost:8082/public/ws/Resources.ashx/xml-economics/61111131252223224013000011333653
[2019-09-04 10:41:39] ---- FROM  ::1 (WinNT)
[2019-09-04 10:41:39] ---- BROWSER:  Chrome 76.0 (Mozilla/5.0 (Windows NT 10.0; Win64; x64) AppleWebKit/537.36 (KHTML, like Gecko) Chrome/76.0.3809.132 Safari/537.36)
[2019-09-04 10:41:39] 200 - OK - text/xml
[2019-09-04 10:41:39] REQUEST POST - https://localhost:8082/public/ws/Economics.asmx/messaggi_summary
[2019-09-04 10:41:39] ---- FROM  ::1 (WinNT)
[2019-09-04 10:41:39] ---- BROWSER:  Chrome 76.0 (Mozilla/5.0 (Windows NT 10.0; Win64; x64) AppleWebKit/537.36 (KHTML, like Gecko) Chrome/76.0.3809.132 Safari/537.36)
[2019-09-04 10:41:39] ---- CONTENT: {data : "<?xml version='1.0' encoding='utf-8' ?><Request ID='20190904104139688'><General><Token>61111131252223224013000011333653</Token></General><Data></Data></Request>"}
[2019-09-04 10:41:39] 200 - OK - application/json
[2019-09-04 10:41:40] REQUEST POST - https://localhost:8082/public/ws/Config.asmx/All_Get
[2019-09-04 10:41:40] ---- FROM  ::1 (WinNT)
[2019-09-04 10:41:40] ---- BROWSER:  Chrome 76.0 (Mozilla/5.0 (Windows NT 10.0; Win64; x64) AppleWebKit/537.36 (KHTML, like Gecko) Chrome/76.0.3809.132 Safari/537.36)
[2019-09-04 10:41:40] ---- CONTENT: {data : "<?xml version='1.0' encoding='utf-8' ?><Request ID='20190904104140314'><General><Token>61111131252223224013000011333653</Token></General><Data></Data></Request>"}
[2019-09-04 10:41:40] 200 - OK - application/json
[2019-09-04 10:41:40] REQUEST POST - https://localhost:8082/public/ws/Config.asmx/All_Get
[2019-09-04 10:41:40] ---- FROM  ::1 (WinNT)
[2019-09-04 10:41:40] ---- BROWSER:  Chrome 76.0 (Mozilla/5.0 (Windows NT 10.0; Win64; x64) AppleWebKit/537.36 (KHTML, like Gecko) Chrome/76.0.3809.132 Safari/537.36)
[2019-09-04 10:41:40] ---- CONTENT: {data : "<?xml version='1.0' encoding='utf-8' ?><Request ID='20190904104140649'><General><Token>61111131252223224013000011333653</Token></General><Data></Data></Request>"}
[2019-09-04 10:41:40] 200 - OK - application/json
[2019-09-04 10:47:40] REQUEST GET - https://localhost:8082/public/aspx/Home.aspx?Token=61111131252223224013000011333653&TokenApiRest=eyJ0eXAiOiJKV1QiLCJhbGciOiJIUzI1NiJ9.eyJpc3MiOiJodHRwczpcL1wvd3d3cy5kZXYteWVhcC5pdCIsImlhdCI6MTU0MjI5NDMyMSwibmJmIjoxNTQyMjk0MzIxLCJleHAiOjE1NDI4OTkxMjEsImRhdGEiOnsidXNlciI6eyJpZCI6IjQ0In19fQ.RCP5OeoGASxAyBw1MbMD4BFJAcDM5JIXqYXKBALZcJI&Logo=https://localhost:8082/scratch/pl_logo.png&Title=Business Plan Test nr. 2
[2019-09-04 10:47:40] ---- FROM  ::1 (WinNT)
[2019-09-04 10:47:40] ---- BROWSER:  Chrome 76.0 (Mozilla/5.0 (Windows NT 10.0; Win64; x64) AppleWebKit/537.36 (KHTML, like Gecko) Chrome/76.0.3809.132 Safari/537.36)
[2019-09-04 10:47:40] 302 - Found - text/html
[2019-09-04 10:47:40] REQUEST GET - https://localhost:8082/home/welcome?Token=61111131252223224013000011333653&TokenApiRest=eyJ0eXAiOiJKV1QiLCJhbGciOiJIUzI1NiJ9.eyJpc3MiOiJodHRwczpcL1wvd3d3cy5kZXYteWVhcC5pdCIsImlhdCI6MTU0MjI5NDMyMSwibmJmIjoxNTQyMjk0MzIxLCJleHAiOjE1NDI4OTkxMjEsImRhdGEiOnsidXNlciI6eyJpZCI6IjQ0In19fQ.RCP5OeoGASxAyBw1MbMD4BFJAcDM5JIXqYXKBALZcJI&Logo=https://localhost:8082/scratch/pl_logo.png&Title=Business Plan Test nr. 2
[2019-09-04 10:47:40] ---- FROM  ::1 (WinNT)
[2019-09-04 10:47:40] ---- BROWSER:  Chrome 76.0 (Mozilla/5.0 (Windows NT 10.0; Win64; x64) AppleWebKit/537.36 (KHTML, like Gecko) Chrome/76.0.3809.132 Safari/537.36)
[2019-09-04 10:47:40] 200 - OK - text/html
[2019-09-04 10:47:43] REQUEST POST - https://localhost:8082/public/ws/General.asmx/Set
[2019-09-04 10:47:43] ---- FROM  ::1 (WinNT)
[2019-09-04 10:47:43] ---- BROWSER:  Chrome 76.0 (Mozilla/5.0 (Windows NT 10.0; Win64; x64) AppleWebKit/537.36 (KHTML, like Gecko) Chrome/76.0.3809.132 Safari/537.36)
[2019-09-04 10:47:43] ---- CONTENT: {data : "<?xml version='1.0' encoding='utf-8' ?><Request ID='20190904104743899'><General><Token>61111131252223224013000011333653</Token></General><Data><Nome>Business Plan Test nr. 2</Nome><Logo>https%3A%2F%2Flocalhost%3A8082%2Fscratch%2Fpl_logo.png</Logo></Data></Request>"}
[2019-09-04 10:47:44] 200 - OK - application/json
[2019-09-04 10:47:44] REQUEST POST - https://localhost:8082/public/ws/Config.asmx/Economics_Get
[2019-09-04 10:47:44] ---- FROM  ::1 (WinNT)
[2019-09-04 10:47:44] ---- BROWSER:  Chrome 76.0 (Mozilla/5.0 (Windows NT 10.0; Win64; x64) AppleWebKit/537.36 (KHTML, like Gecko) Chrome/76.0.3809.132 Safari/537.36)
[2019-09-04 10:47:44] ---- CONTENT: {data : "<?xml version='1.0' encoding='utf-8' ?><Request ID='2019090410474423'><General><Token>61111131252223224013000011333653</Token></General><Data></Data></Request>"}
[2019-09-04 10:47:44] 200 - OK - application/json
[2019-09-04 10:47:45] REQUEST POST - https://localhost:8082/public/ws/Config.asmx/All_Get
[2019-09-04 10:47:45] ---- FROM  ::1 (WinNT)
[2019-09-04 10:47:45] ---- BROWSER:  Chrome 76.0 (Mozilla/5.0 (Windows NT 10.0; Win64; x64) AppleWebKit/537.36 (KHTML, like Gecko) Chrome/76.0.3809.132 Safari/537.36)
[2019-09-04 10:47:45] ---- CONTENT: {data : "<?xml version='1.0' encoding='utf-8' ?><Request ID='20190904104745740'><General><Token>61111131252223224013000011333653</Token></General><Data></Data></Request>"}
[2019-09-04 10:47:45] 200 - OK - application/json
[2019-09-04 10:47:46] REQUEST POST - https://localhost:8082/public/ws/Economics.asmx/messaggi_summary
[2019-09-04 10:47:46] ---- FROM  ::1 (WinNT)
[2019-09-04 10:47:46] ---- BROWSER:  Chrome 76.0 (Mozilla/5.0 (Windows NT 10.0; Win64; x64) AppleWebKit/537.36 (KHTML, like Gecko) Chrome/76.0.3809.132 Safari/537.36)
[2019-09-04 10:47:46] ---- CONTENT: {data : "<?xml version='1.0' encoding='utf-8' ?><Request ID='20190904104745971'><General><Token>61111131252223224013000011333653</Token></General><Data></Data></Request>"}
[2019-09-04 10:47:46] REQUEST POST - https://localhost:8082/public/ws/Config.asmx/All_Get
[2019-09-04 10:47:46] ---- FROM  ::1 (WinNT)
[2019-09-04 10:47:46] 200 - OK - application/json
[2019-09-04 10:47:46] ---- BROWSER:  Chrome 76.0 (Mozilla/5.0 (Windows NT 10.0; Win64; x64) AppleWebKit/537.36 (KHTML, like Gecko) Chrome/76.0.3809.132 Safari/537.36)
[2019-09-04 10:47:46] ---- CONTENT: {data : "<?xml version='1.0' encoding='utf-8' ?><Request ID='2019090410474635'><General><Token>61111131252223224013000011333653</Token></General><Data></Data></Request>"}
[2019-09-04 10:47:46] 200 - OK - application/json
[2019-09-04 10:47:46] REQUEST POST - https://localhost:8082/public/ws/Config.asmx/All_Get
[2019-09-04 10:47:46] ---- FROM  ::1 (WinNT)
[2019-09-04 10:47:46] ---- BROWSER:  Chrome 76.0 (Mozilla/5.0 (Windows NT 10.0; Win64; x64) AppleWebKit/537.36 (KHTML, like Gecko) Chrome/76.0.3809.132 Safari/537.36)
[2019-09-04 10:47:46] ---- CONTENT: {data : "<?xml version='1.0' encoding='utf-8' ?><Request ID='20190904104746129'><General><Token>61111131252223224013000011333653</Token></General><Data></Data></Request>"}
[2019-09-04 10:47:46] 200 - OK - application/json
[2019-09-04 10:47:50] REQUEST GET - https://localhost:8082/economics/impostazioni
[2019-09-04 10:47:50] ---- FROM  ::1 (WinNT)
[2019-09-04 10:47:50] ---- BROWSER:  Chrome 76.0 (Mozilla/5.0 (Windows NT 10.0; Win64; x64) AppleWebKit/537.36 (KHTML, like Gecko) Chrome/76.0.3809.132 Safari/537.36)
[2019-09-04 10:47:50] 200 - OK - text/html
[2019-09-04 10:47:51] REQUEST POST - https://localhost:8082/public/ws/Config.asmx/Economics_Get
[2019-09-04 10:47:51] ---- FROM  ::1 (WinNT)
[2019-09-04 10:47:51] ---- BROWSER:  Chrome 76.0 (Mozilla/5.0 (Windows NT 10.0; Win64; x64) AppleWebKit/537.36 (KHTML, like Gecko) Chrome/76.0.3809.132 Safari/537.36)
[2019-09-04 10:47:51] ---- CONTENT: {data : "<?xml version='1.0' encoding='utf-8' ?><Request ID='20190904104751875'><General><Token>61111131252223224013000011333653</Token></General><Data></Data></Request>"}
[2019-09-04 10:47:51] 200 - OK - application/json
[2019-09-04 10:47:52] REQUEST POST - https://localhost:8082/public/ws/Config.asmx/All_Get
[2019-09-04 10:47:52] ---- FROM  ::1 (WinNT)
[2019-09-04 10:47:52] ---- BROWSER:  Chrome 76.0 (Mozilla/5.0 (Windows NT 10.0; Win64; x64) AppleWebKit/537.36 (KHTML, like Gecko) Chrome/76.0.3809.132 Safari/537.36)
[2019-09-04 10:47:52] ---- CONTENT: {data : "<?xml version='1.0' encoding='utf-8' ?><Request ID='20190904104752731'><General><Token>61111131252223224013000011333653</Token></General><Data></Data></Request>"}
[2019-09-04 10:47:52] 200 - OK - application/json
[2019-09-04 10:47:52] REQUEST POST - https://localhost:8082/public/ws/Economics.asmx/messaggi_summary
[2019-09-04 10:47:52] ---- FROM  ::1 (WinNT)
[2019-09-04 10:47:52] ---- BROWSER:  Chrome 76.0 (Mozilla/5.0 (Windows NT 10.0; Win64; x64) AppleWebKit/537.36 (KHTML, like Gecko) Chrome/76.0.3809.132 Safari/537.36)
[2019-09-04 10:47:52] ---- CONTENT: {data : "<?xml version='1.0' encoding='utf-8' ?><Request ID='20190904104752935'><General><Token>61111131252223224013000011333653</Token></General><Data></Data></Request>"}
[2019-09-04 10:47:52] 200 - OK - application/json
[2019-09-04 10:47:53] REQUEST POST - https://localhost:8082/public/ws/Config.asmx/All_Get
[2019-09-04 10:47:53] ---- FROM  ::1 (WinNT)
[2019-09-04 10:47:53] ---- BROWSER:  Chrome 76.0 (Mozilla/5.0 (Windows NT 10.0; Win64; x64) AppleWebKit/537.36 (KHTML, like Gecko) Chrome/76.0.3809.132 Safari/537.36)
[2019-09-04 10:47:53] ---- CONTENT: {data : "<?xml version='1.0' encoding='utf-8' ?><Request ID='2019090410475391'><General><Token>61111131252223224013000011333653</Token></General><Data></Data></Request>"}
[2019-09-04 10:47:53] REQUEST POST - https://localhost:8082/public/ws/Config.asmx/All_Get
[2019-09-04 10:47:53] ---- FROM  ::1 (WinNT)
[2019-09-04 10:47:53] ---- BROWSER:  Chrome 76.0 (Mozilla/5.0 (Windows NT 10.0; Win64; x64) AppleWebKit/537.36 (KHTML, like Gecko) Chrome/76.0.3809.132 Safari/537.36)
[2019-09-04 10:47:53] ---- CONTENT: {data : "<?xml version='1.0' encoding='utf-8' ?><Request ID='20190904104753254'><General><Token>61111131252223224013000011333653</Token></General><Data></Data></Request>"}
[2019-09-04 10:47:53] 200 - OK - application/json
[2019-09-04 10:47:53] 200 - OK - application/json
[2019-09-04 10:48:09] REQUEST GET - https://localhost:8082/economics/ricavi
[2019-09-04 10:48:09] ---- FROM  ::1 (WinNT)
[2019-09-04 10:48:09] ---- BROWSER:  Chrome 76.0 (Mozilla/5.0 (Windows NT 10.0; Win64; x64) AppleWebKit/537.36 (KHTML, like Gecko) Chrome/76.0.3809.132 Safari/537.36)
[2019-09-04 10:48:09] 200 - OK - text/html
[2019-09-04 10:48:11] REQUEST POST - https://localhost:8082/public/ws/Ricavi.asmx/Ricavo_Get
[2019-09-04 10:48:11] ---- FROM  ::1 (WinNT)
[2019-09-04 10:48:11] ---- BROWSER:  Chrome 76.0 (Mozilla/5.0 (Windows NT 10.0; Win64; x64) AppleWebKit/537.36 (KHTML, like Gecko) Chrome/76.0.3809.132 Safari/537.36)
[2019-09-04 10:48:11] ---- CONTENT: {data : "<?xml version='1.0' encoding='utf-8' ?><Request ID='20190904104811906'><General><Token>61111131252223224013000011333653</Token></General><Data></Data></Request>"}
[2019-09-04 10:48:11] 200 - OK - application/json
[2019-09-04 10:48:12] REQUEST POST - https://localhost:8082/public/ws/Config.asmx/All_Get
[2019-09-04 10:48:12] ---- FROM  ::1 (WinNT)
[2019-09-04 10:48:13] ---- BROWSER:  Chrome 76.0 (Mozilla/5.0 (Windows NT 10.0; Win64; x64) AppleWebKit/537.36 (KHTML, like Gecko) Chrome/76.0.3809.132 Safari/537.36)
[2019-09-04 10:48:13] ---- CONTENT: {data : "<?xml version='1.0' encoding='utf-8' ?><Request ID='20190904104812973'><General><Token>61111131252223224013000011333653</Token></General><Data></Data></Request>"}
[2019-09-04 10:48:13] 200 - OK - application/json
[2019-09-04 10:48:13] REQUEST POST - https://localhost:8082/public/ws/Economics.asmx/messaggi_summary
[2019-09-04 10:48:13] ---- FROM  ::1 (WinNT)
[2019-09-04 10:48:13] ---- BROWSER:  Chrome 76.0 (Mozilla/5.0 (Windows NT 10.0; Win64; x64) AppleWebKit/537.36 (KHTML, like Gecko) Chrome/76.0.3809.132 Safari/537.36)
[2019-09-04 10:48:13] ---- CONTENT: {data : "<?xml version='1.0' encoding='utf-8' ?><Request ID='2019090410481388'><General><Token>61111131252223224013000011333653</Token></General><Data></Data></Request>"}
[2019-09-04 10:48:13] 200 - OK - application/json
[2019-09-04 10:48:13] REQUEST GET - https://localhost:8082/public/ws/Resources.ashx/xml-economics/61111131252223224013000011333653
[2019-09-04 10:48:13] ---- FROM  ::1 (WinNT)
[2019-09-04 10:48:13] ---- BROWSER:  Chrome 76.0 (Mozilla/5.0 (Windows NT 10.0; Win64; x64) AppleWebKit/537.36 (KHTML, like Gecko) Chrome/76.0.3809.132 Safari/537.36)
[2019-09-04 10:48:13] 200 - OK - text/xml
[2019-09-04 10:48:13] REQUEST POST - https://localhost:8082/public/ws/Config.asmx/All_Get
[2019-09-04 10:48:13] ---- FROM  ::1 (WinNT)
[2019-09-04 10:48:13] ---- BROWSER:  Chrome 76.0 (Mozilla/5.0 (Windows NT 10.0; Win64; x64) AppleWebKit/537.36 (KHTML, like Gecko) Chrome/76.0.3809.132 Safari/537.36)
[2019-09-04 10:48:13] ---- CONTENT: {data : "<?xml version='1.0' encoding='utf-8' ?><Request ID='20190904104813235'><General><Token>61111131252223224013000011333653</Token></General><Data></Data></Request>"}
[2019-09-04 10:48:13] 200 - OK - application/json
[2019-09-04 10:48:14] REQUEST POST - https://localhost:8082/public/ws/Config.asmx/All_Get
[2019-09-04 10:48:14] ---- FROM  ::1 (WinNT)
[2019-09-04 10:48:14] ---- BROWSER:  Chrome 76.0 (Mozilla/5.0 (Windows NT 10.0; Win64; x64) AppleWebKit/537.36 (KHTML, like Gecko) Chrome/76.0.3809.132 Safari/537.36)
[2019-09-04 10:48:14] ---- CONTENT: {data : "<?xml version='1.0' encoding='utf-8' ?><Request ID='20190904104814289'><General><Token>61111131252223224013000011333653</Token></General><Data></Data></Request>"}
[2019-09-04 10:48:14] 200 - OK - application/json
[2019-09-04 10:51:58] REQUEST GET - https://localhost:8082/public/aspx/Home.aspx?Token=61111131252223224013000011333653&TokenApiRest=eyJ0eXAiOiJKV1QiLCJhbGciOiJIUzI1NiJ9.eyJpc3MiOiJodHRwczpcL1wvd3d3cy5kZXYteWVhcC5pdCIsImlhdCI6MTU0MjI5NDMyMSwibmJmIjoxNTQyMjk0MzIxLCJleHAiOjE1NDI4OTkxMjEsImRhdGEiOnsidXNlciI6eyJpZCI6IjQ0In19fQ.RCP5OeoGASxAyBw1MbMD4BFJAcDM5JIXqYXKBALZcJI&Logo=https://localhost:8082/scratch/pl_logo.png&Title=Business Plan Test nr. 2
[2019-09-04 10:51:58] ---- FROM  ::1 (WinNT)
[2019-09-04 10:51:58] ---- BROWSER:  Chrome 76.0 (Mozilla/5.0 (Windows NT 10.0; Win64; x64) AppleWebKit/537.36 (KHTML, like Gecko) Chrome/76.0.3809.132 Safari/537.36)
[2019-09-04 10:51:59] 302 - Found - text/html
[2019-09-04 10:51:59] REQUEST GET - https://localhost:8082/home/welcome?Token=61111131252223224013000011333653&TokenApiRest=eyJ0eXAiOiJKV1QiLCJhbGciOiJIUzI1NiJ9.eyJpc3MiOiJodHRwczpcL1wvd3d3cy5kZXYteWVhcC5pdCIsImlhdCI6MTU0MjI5NDMyMSwibmJmIjoxNTQyMjk0MzIxLCJleHAiOjE1NDI4OTkxMjEsImRhdGEiOnsidXNlciI6eyJpZCI6IjQ0In19fQ.RCP5OeoGASxAyBw1MbMD4BFJAcDM5JIXqYXKBALZcJI&Logo=https://localhost:8082/scratch/pl_logo.png&Title=Business Plan Test nr. 2
[2019-09-04 10:51:59] ---- FROM  ::1 (WinNT)
[2019-09-04 10:51:59] ---- BROWSER:  Chrome 76.0 (Mozilla/5.0 (Windows NT 10.0; Win64; x64) AppleWebKit/537.36 (KHTML, like Gecko) Chrome/76.0.3809.132 Safari/537.36)
[2019-09-04 10:51:59] 200 - OK - text/html
[2019-09-04 10:52:00] REQUEST POST - https://localhost:8082/public/ws/General.asmx/Set
[2019-09-04 10:52:00] ---- FROM  ::1 (WinNT)
[2019-09-04 10:52:00] ---- BROWSER:  Chrome 76.0 (Mozilla/5.0 (Windows NT 10.0; Win64; x64) AppleWebKit/537.36 (KHTML, like Gecko) Chrome/76.0.3809.132 Safari/537.36)
[2019-09-04 10:52:00] ---- CONTENT: {data : "<?xml version='1.0' encoding='utf-8' ?><Request ID='20190904105200535'><General><Token>61111131252223224013000011333653</Token></General><Data><Nome>Business Plan Test nr. 2</Nome><Logo>https%3A%2F%2Flocalhost%3A8082%2Fscratch%2Fpl_logo.png</Logo></Data></Request>"}
[2019-09-04 10:52:00] 200 - OK - application/json
[2019-09-04 10:52:00] REQUEST POST - https://localhost:8082/public/ws/Config.asmx/Economics_Get
[2019-09-04 10:52:00] ---- FROM  ::1 (WinNT)
[2019-09-04 10:52:00] ---- BROWSER:  Chrome 76.0 (Mozilla/5.0 (Windows NT 10.0; Win64; x64) AppleWebKit/537.36 (KHTML, like Gecko) Chrome/76.0.3809.132 Safari/537.36)
[2019-09-04 10:52:00] ---- CONTENT: {data : "<?xml version='1.0' encoding='utf-8' ?><Request ID='20190904105200597'><General><Token>61111131252223224013000011333653</Token></General><Data></Data></Request>"}
[2019-09-04 10:52:00] 200 - OK - application/json
[2019-09-04 10:52:02] REQUEST POST - https://localhost:8082/public/ws/Config.asmx/All_Get
[2019-09-04 10:52:02] ---- FROM  ::1 (WinNT)
[2019-09-04 10:52:02] ---- BROWSER:  Chrome 76.0 (Mozilla/5.0 (Windows NT 10.0; Win64; x64) AppleWebKit/537.36 (KHTML, like Gecko) Chrome/76.0.3809.132 Safari/537.36)
[2019-09-04 10:52:02] ---- CONTENT: {data : "<?xml version='1.0' encoding='utf-8' ?><Request ID='20190904105202471'><General><Token>61111131252223224013000011333653</Token></General><Data></Data></Request>"}
[2019-09-04 10:52:02] 200 - OK - application/json
[2019-09-04 10:52:02] REQUEST POST - https://localhost:8082/public/ws/Economics.asmx/messaggi_summary
[2019-09-04 10:52:02] ---- FROM  ::1 (WinNT)
[2019-09-04 10:52:02] ---- BROWSER:  Chrome 76.0 (Mozilla/5.0 (Windows NT 10.0; Win64; x64) AppleWebKit/537.36 (KHTML, like Gecko) Chrome/76.0.3809.132 Safari/537.36)
[2019-09-04 10:52:02] REQUEST POST - https://localhost:8082/public/ws/Config.asmx/All_Get
[2019-09-04 10:52:02] ---- FROM  ::1 (WinNT)
[2019-09-04 10:52:02] ---- CONTENT: {data : "<?xml version='1.0' encoding='utf-8' ?><Request ID='20190904105202750'><General><Token>61111131252223224013000011333653</Token></General><Data></Data></Request>"}
[2019-09-04 10:52:02] ---- BROWSER:  Chrome 76.0 (Mozilla/5.0 (Windows NT 10.0; Win64; x64) AppleWebKit/537.36 (KHTML, like Gecko) Chrome/76.0.3809.132 Safari/537.36)
[2019-09-04 10:52:03] ---- CONTENT: {data : "<?xml version='1.0' encoding='utf-8' ?><Request ID='20190904105202867'><General><Token>61111131252223224013000011333653</Token></General><Data></Data></Request>"}
[2019-09-04 10:52:03] 200 - OK - application/json
[2019-09-04 10:52:03] 200 - OK - application/json
[2019-09-04 10:52:03] REQUEST POST - https://localhost:8082/public/ws/Config.asmx/All_Get
[2019-09-04 10:52:03] ---- FROM  ::1 (WinNT)
[2019-09-04 10:52:03] ---- BROWSER:  Chrome 76.0 (Mozilla/5.0 (Windows NT 10.0; Win64; x64) AppleWebKit/537.36 (KHTML, like Gecko) Chrome/76.0.3809.132 Safari/537.36)
[2019-09-04 10:52:03] ---- CONTENT: {data : "<?xml version='1.0' encoding='utf-8' ?><Request ID='2019090410520385'><General><Token>61111131252223224013000011333653</Token></General><Data></Data></Request>"}
[2019-09-04 10:52:03] 200 - OK - application/json
[2019-09-04 10:52:07] REQUEST GET - https://localhost:8082/economics/costi-interni
[2019-09-04 10:52:07] ---- FROM  ::1 (WinNT)
[2019-09-04 10:52:07] ---- BROWSER:  Chrome 76.0 (Mozilla/5.0 (Windows NT 10.0; Win64; x64) AppleWebKit/537.36 (KHTML, like Gecko) Chrome/76.0.3809.132 Safari/537.36)
[2019-09-04 10:52:07] 200 - OK - text/html
[2019-09-04 10:52:08] REQUEST POST - https://localhost:8082/public/ws/CostiInterni.asmx/Get
[2019-09-04 10:52:08] ---- FROM  ::1 (WinNT)
[2019-09-04 10:52:08] ---- BROWSER:  Chrome 76.0 (Mozilla/5.0 (Windows NT 10.0; Win64; x64) AppleWebKit/537.36 (KHTML, like Gecko) Chrome/76.0.3809.132 Safari/537.36)
[2019-09-04 10:52:08] ---- CONTENT: {data : "<?xml version='1.0' encoding='utf-8' ?><Request ID='20190904105208672'><General><Token>61111131252223224013000011333653</Token></General><Data></Data></Request>"}
[2019-09-04 10:52:09] 200 - OK - application/json
[2019-09-04 10:52:10] REQUEST POST - https://localhost:8082/public/ws/Config.asmx/All_Get
[2019-09-04 10:52:10] ---- FROM  ::1 (WinNT)
[2019-09-04 10:52:10] ---- BROWSER:  Chrome 76.0 (Mozilla/5.0 (Windows NT 10.0; Win64; x64) AppleWebKit/537.36 (KHTML, like Gecko) Chrome/76.0.3809.132 Safari/537.36)
[2019-09-04 10:52:10] ---- CONTENT: {data : "<?xml version='1.0' encoding='utf-8' ?><Request ID='20190904105210357'><General><Token>61111131252223224013000011333653</Token></General><Data></Data></Request>"}
[2019-09-04 10:52:10] 200 - OK - application/json
[2019-09-04 10:52:10] REQUEST POST - https://localhost:8082/public/ws/Economics.asmx/messaggi_summary
[2019-09-04 10:52:10] ---- FROM  ::1 (WinNT)
[2019-09-04 10:52:10] ---- BROWSER:  Chrome 76.0 (Mozilla/5.0 (Windows NT 10.0; Win64; x64) AppleWebKit/537.36 (KHTML, like Gecko) Chrome/76.0.3809.132 Safari/537.36)
[2019-09-04 10:52:10] ---- CONTENT: {data : "<?xml version='1.0' encoding='utf-8' ?><Request ID='20190904105210521'><General><Token>61111131252223224013000011333653</Token></General><Data></Data></Request>"}
[2019-09-04 10:52:10] 200 - OK - application/json
[2019-09-04 10:52:10] REQUEST GET - https://localhost:8082/public/ws/Resources.ashx/xml-economics/61111131252223224013000011333653
[2019-09-04 10:52:10] ---- FROM  ::1 (WinNT)
[2019-09-04 10:52:10] ---- BROWSER:  Chrome 76.0 (Mozilla/5.0 (Windows NT 10.0; Win64; x64) AppleWebKit/537.36 (KHTML, like Gecko) Chrome/76.0.3809.132 Safari/537.36)
[2019-09-04 10:52:10] 200 - OK - text/xml
[2019-09-04 10:52:10] REQUEST POST - https://localhost:8082/public/ws/Config.asmx/All_Get
[2019-09-04 10:52:10] ---- FROM  ::1 (WinNT)
[2019-09-04 10:52:10] ---- BROWSER:  Chrome 76.0 (Mozilla/5.0 (Windows NT 10.0; Win64; x64) AppleWebKit/537.36 (KHTML, like Gecko) Chrome/76.0.3809.132 Safari/537.36)
[2019-09-04 10:52:10] ---- CONTENT: {data : "<?xml version='1.0' encoding='utf-8' ?><Request ID='20190904105210617'><General><Token>61111131252223224013000011333653</Token></General><Data></Data></Request>"}
[2019-09-04 10:52:10] 200 - OK - application/json
[2019-09-04 10:52:12] REQUEST POST - https://localhost:8082/public/ws/Config.asmx/All_Get
[2019-09-04 10:52:12] ---- FROM  ::1 (WinNT)
[2019-09-04 10:52:12] ---- BROWSER:  Chrome 76.0 (Mozilla/5.0 (Windows NT 10.0; Win64; x64) AppleWebKit/537.36 (KHTML, like Gecko) Chrome/76.0.3809.132 Safari/537.36)
[2019-09-04 10:52:12] ---- CONTENT: {data : "<?xml version='1.0' encoding='utf-8' ?><Request ID='2019090410521293'><General><Token>61111131252223224013000011333653</Token></General><Data></Data></Request>"}
[2019-09-04 10:52:12] 200 - OK - application/json
[2019-09-04 10:52:29] REQUEST GET - https://localhost:8082/economics/ricavi
[2019-09-04 10:52:29] ---- FROM  ::1 (WinNT)
[2019-09-04 10:52:29] ---- BROWSER:  Chrome 76.0 (Mozilla/5.0 (Windows NT 10.0; Win64; x64) AppleWebKit/537.36 (KHTML, like Gecko) Chrome/76.0.3809.132 Safari/537.36)
[2019-09-04 10:52:29] 200 - OK - text/html
[2019-09-04 10:52:29] REQUEST POST - https://localhost:8082/public/ws/Ricavi.asmx/Ricavo_Get
[2019-09-04 10:52:29] ---- FROM  ::1 (WinNT)
[2019-09-04 10:52:29] ---- BROWSER:  Chrome 76.0 (Mozilla/5.0 (Windows NT 10.0; Win64; x64) AppleWebKit/537.36 (KHTML, like Gecko) Chrome/76.0.3809.132 Safari/537.36)
[2019-09-04 10:52:29] ---- CONTENT: {data : "<?xml version='1.0' encoding='utf-8' ?><Request ID='20190904105229974'><General><Token>61111131252223224013000011333653</Token></General><Data></Data></Request>"}
[2019-09-04 10:52:30] 200 - OK - application/json
[2019-09-04 10:52:30] REQUEST POST - https://localhost:8082/public/ws/Config.asmx/All_Get
[2019-09-04 10:52:30] ---- FROM  ::1 (WinNT)
[2019-09-04 10:52:30] ---- BROWSER:  Chrome 76.0 (Mozilla/5.0 (Windows NT 10.0; Win64; x64) AppleWebKit/537.36 (KHTML, like Gecko) Chrome/76.0.3809.132 Safari/537.36)
[2019-09-04 10:52:30] ---- CONTENT: {data : "<?xml version='1.0' encoding='utf-8' ?><Request ID='20190904105230856'><General><Token>61111131252223224013000011333653</Token></General><Data></Data></Request>"}
[2019-09-04 10:52:30] 200 - OK - application/json
[2019-09-04 10:52:31] REQUEST POST - https://localhost:8082/public/ws/Economics.asmx/messaggi_summary
[2019-09-04 10:52:31] ---- FROM  ::1 (WinNT)
[2019-09-04 10:52:31] ---- BROWSER:  Chrome 76.0 (Mozilla/5.0 (Windows NT 10.0; Win64; x64) AppleWebKit/537.36 (KHTML, like Gecko) Chrome/76.0.3809.132 Safari/537.36)
[2019-09-04 10:52:31] ---- CONTENT: {data : "<?xml version='1.0' encoding='utf-8' ?><Request ID='2019090410523121'><General><Token>61111131252223224013000011333653</Token></General><Data></Data></Request>"}
[2019-09-04 10:52:31] REQUEST GET - https://localhost:8082/public/ws/Resources.ashx/xml-economics/61111131252223224013000011333653
[2019-09-04 10:52:31] ---- FROM  ::1 (WinNT)
[2019-09-04 10:52:31] ---- BROWSER:  Chrome 76.0 (Mozilla/5.0 (Windows NT 10.0; Win64; x64) AppleWebKit/537.36 (KHTML, like Gecko) Chrome/76.0.3809.132 Safari/537.36)
[2019-09-04 10:52:31] 200 - OK - application/json
[2019-09-04 10:52:31] 200 - OK - text/xml
[2019-09-04 10:52:31] REQUEST POST - https://localhost:8082/public/ws/Config.asmx/All_Get
[2019-09-04 10:52:31] ---- FROM  ::1 (WinNT)
[2019-09-04 10:52:31] ---- BROWSER:  Chrome 76.0 (Mozilla/5.0 (Windows NT 10.0; Win64; x64) AppleWebKit/537.36 (KHTML, like Gecko) Chrome/76.0.3809.132 Safari/537.36)
[2019-09-04 10:52:31] ---- CONTENT: {data : "<?xml version='1.0' encoding='utf-8' ?><Request ID='20190904105231216'><General><Token>61111131252223224013000011333653</Token></General><Data></Data></Request>"}
[2019-09-04 10:52:31] 200 - OK - application/json
[2019-09-04 10:52:32] REQUEST POST - https://localhost:8082/public/ws/Config.asmx/All_Get
[2019-09-04 10:52:32] ---- FROM  ::1 (WinNT)
[2019-09-04 10:52:32] ---- BROWSER:  Chrome 76.0 (Mozilla/5.0 (Windows NT 10.0; Win64; x64) AppleWebKit/537.36 (KHTML, like Gecko) Chrome/76.0.3809.132 Safari/537.36)
[2019-09-04 10:52:32] ---- CONTENT: {data : "<?xml version='1.0' encoding='utf-8' ?><Request ID='2019090410523244'><General><Token>61111131252223224013000011333653</Token></General><Data></Data></Request>"}
[2019-09-04 10:52:32] 200 - OK - application/json
[2019-09-04 10:58:49] REQUEST GET - https://localhost:8082/public/aspx/Home.aspx?Token=61111131252223224013000011333653&TokenApiRest=eyJ0eXAiOiJKV1QiLCJhbGciOiJIUzI1NiJ9.eyJpc3MiOiJodHRwczpcL1wvd3d3cy5kZXYteWVhcC5pdCIsImlhdCI6MTU0MjI5NDMyMSwibmJmIjoxNTQyMjk0MzIxLCJleHAiOjE1NDI4OTkxMjEsImRhdGEiOnsidXNlciI6eyJpZCI6IjQ0In19fQ.RCP5OeoGASxAyBw1MbMD4BFJAcDM5JIXqYXKBALZcJI&Logo=https://localhost:8082/scratch/pl_logo.png&Title=Business Plan Test nr. 2
[2019-09-04 10:58:49] ---- FROM  ::1 (WinNT)
[2019-09-04 10:58:49] ---- BROWSER:  Chrome 76.0 (Mozilla/5.0 (Windows NT 10.0; Win64; x64) AppleWebKit/537.36 (KHTML, like Gecko) Chrome/76.0.3809.132 Safari/537.36)
[2019-09-04 10:58:49] 302 - Found - text/html
[2019-09-04 10:58:49] REQUEST GET - https://localhost:8082/home/welcome?Token=61111131252223224013000011333653&TokenApiRest=eyJ0eXAiOiJKV1QiLCJhbGciOiJIUzI1NiJ9.eyJpc3MiOiJodHRwczpcL1wvd3d3cy5kZXYteWVhcC5pdCIsImlhdCI6MTU0MjI5NDMyMSwibmJmIjoxNTQyMjk0MzIxLCJleHAiOjE1NDI4OTkxMjEsImRhdGEiOnsidXNlciI6eyJpZCI6IjQ0In19fQ.RCP5OeoGASxAyBw1MbMD4BFJAcDM5JIXqYXKBALZcJI&Logo=https://localhost:8082/scratch/pl_logo.png&Title=Business Plan Test nr. 2
[2019-09-04 10:58:49] ---- FROM  ::1 (WinNT)
[2019-09-04 10:58:49] ---- BROWSER:  Chrome 76.0 (Mozilla/5.0 (Windows NT 10.0; Win64; x64) AppleWebKit/537.36 (KHTML, like Gecko) Chrome/76.0.3809.132 Safari/537.36)
[2019-09-04 10:58:49] 200 - OK - text/html
[2019-09-04 10:58:50] REQUEST POST - https://localhost:8082/public/ws/General.asmx/Set
[2019-09-04 10:58:50] ---- FROM  ::1 (WinNT)
[2019-09-04 10:58:50] ---- BROWSER:  Chrome 76.0 (Mozilla/5.0 (Windows NT 10.0; Win64; x64) AppleWebKit/537.36 (KHTML, like Gecko) Chrome/76.0.3809.132 Safari/537.36)
[2019-09-04 10:58:50] ---- CONTENT: {data : "<?xml version='1.0' encoding='utf-8' ?><Request ID='20190904105850797'><General><Token>61111131252223224013000011333653</Token></General><Data><Nome>Business Plan Test nr. 2</Nome><Logo>https%3A%2F%2Flocalhost%3A8082%2Fscratch%2Fpl_logo.png</Logo></Data></Request>"}
[2019-09-04 10:58:50] 200 - OK - application/json
[2019-09-04 10:58:50] REQUEST POST - https://localhost:8082/public/ws/Config.asmx/Economics_Get
[2019-09-04 10:58:50] ---- FROM  ::1 (WinNT)
[2019-09-04 10:58:51] ---- BROWSER:  Chrome 76.0 (Mozilla/5.0 (Windows NT 10.0; Win64; x64) AppleWebKit/537.36 (KHTML, like Gecko) Chrome/76.0.3809.132 Safari/537.36)
[2019-09-04 10:58:51] ---- CONTENT: {data : "<?xml version='1.0' encoding='utf-8' ?><Request ID='20190904105850935'><General><Token>61111131252223224013000011333653</Token></General><Data></Data></Request>"}
[2019-09-04 10:58:51] 200 - OK - application/json
[2019-09-04 10:58:52] REQUEST POST - https://localhost:8082/public/ws/Config.asmx/All_Get
[2019-09-04 10:58:52] ---- FROM  ::1 (WinNT)
[2019-09-04 10:58:52] ---- BROWSER:  Chrome 76.0 (Mozilla/5.0 (Windows NT 10.0; Win64; x64) AppleWebKit/537.36 (KHTML, like Gecko) Chrome/76.0.3809.132 Safari/537.36)
[2019-09-04 10:58:52] ---- CONTENT: {data : "<?xml version='1.0' encoding='utf-8' ?><Request ID='20190904105852823'><General><Token>61111131252223224013000011333653</Token></General><Data></Data></Request>"}
[2019-09-04 10:58:52] 200 - OK - application/json
[2019-09-04 10:58:53] REQUEST POST - https://localhost:8082/public/ws/Economics.asmx/messaggi_summary
[2019-09-04 10:58:53] ---- FROM  ::1 (WinNT)
[2019-09-04 10:58:53] ---- BROWSER:  Chrome 76.0 (Mozilla/5.0 (Windows NT 10.0; Win64; x64) AppleWebKit/537.36 (KHTML, like Gecko) Chrome/76.0.3809.132 Safari/537.36)
[2019-09-04 10:58:53] ---- CONTENT: {data : "<?xml version='1.0' encoding='utf-8' ?><Request ID='2019090410585362'><General><Token>61111131252223224013000011333653</Token></General><Data></Data></Request>"}
[2019-09-04 10:58:53] 200 - OK - application/json
[2019-09-04 10:58:53] REQUEST POST - https://localhost:8082/public/ws/Config.asmx/All_Get
[2019-09-04 10:58:53] ---- FROM  ::1 (WinNT)
[2019-09-04 10:58:53] ---- BROWSER:  Chrome 76.0 (Mozilla/5.0 (Windows NT 10.0; Win64; x64) AppleWebKit/537.36 (KHTML, like Gecko) Chrome/76.0.3809.132 Safari/537.36)
[2019-09-04 10:58:53] ---- CONTENT: {data : "<?xml version='1.0' encoding='utf-8' ?><Request ID='20190904105853164'><General><Token>61111131252223224013000011333653</Token></General><Data></Data></Request>"}
[2019-09-04 10:58:53] REQUEST POST - https://localhost:8082/public/ws/Config.asmx/All_Get
[2019-09-04 10:58:53] ---- FROM  ::1 (WinNT)
[2019-09-04 10:58:53] ---- BROWSER:  Chrome 76.0 (Mozilla/5.0 (Windows NT 10.0; Win64; x64) AppleWebKit/537.36 (KHTML, like Gecko) Chrome/76.0.3809.132 Safari/537.36)
[2019-09-04 10:58:53] ---- CONTENT: {data : "<?xml version='1.0' encoding='utf-8' ?><Request ID='20190904105853207'><General><Token>61111131252223224013000011333653</Token></General><Data></Data></Request>"}
[2019-09-04 10:58:53] 200 - OK - application/json
[2019-09-04 10:58:53] 200 - OK - application/json
[2019-09-04 10:59:02] REQUEST GET - https://localhost:8082/economics/gestione-straordinaria
[2019-09-04 10:59:02] ---- FROM  ::1 (WinNT)
[2019-09-04 10:59:02] ---- BROWSER:  Chrome 76.0 (Mozilla/5.0 (Windows NT 10.0; Win64; x64) AppleWebKit/537.36 (KHTML, like Gecko) Chrome/76.0.3809.132 Safari/537.36)
[2019-09-04 10:59:02] 200 - OK - text/html
[2019-09-04 10:59:03] REQUEST POST - https://localhost:8082/public/ws/GestioneStraordinaria.asmx/Get
[2019-09-04 10:59:03] ---- FROM  ::1 (WinNT)
[2019-09-04 10:59:03] ---- BROWSER:  Chrome 76.0 (Mozilla/5.0 (Windows NT 10.0; Win64; x64) AppleWebKit/537.36 (KHTML, like Gecko) Chrome/76.0.3809.132 Safari/537.36)
[2019-09-04 10:59:03] ---- CONTENT: {data : "<?xml version='1.0' encoding='utf-8' ?><Request ID='20190904105903698'><General><Token>61111131252223224013000011333653</Token></General><Data></Data></Request>"}
[2019-09-04 10:59:03] 200 - OK - application/json
[2019-09-04 10:59:05] REQUEST POST - https://localhost:8082/public/ws/Config.asmx/All_Get
[2019-09-04 10:59:05] ---- FROM  ::1 (WinNT)
[2019-09-04 10:59:05] ---- BROWSER:  Chrome 76.0 (Mozilla/5.0 (Windows NT 10.0; Win64; x64) AppleWebKit/537.36 (KHTML, like Gecko) Chrome/76.0.3809.132 Safari/537.36)
[2019-09-04 10:59:05] ---- CONTENT: {data : "<?xml version='1.0' encoding='utf-8' ?><Request ID='201909041059052'><General><Token>61111131252223224013000011333653</Token></General><Data></Data></Request>"}
[2019-09-04 10:59:05] REQUEST GET - https://localhost:8082/public/ws/Resources.ashx/xml-economics/61111131252223224013000011333653
[2019-09-04 10:59:05] ---- FROM  ::1 (WinNT)
[2019-09-04 10:59:05] ---- BROWSER:  Chrome 76.0 (Mozilla/5.0 (Windows NT 10.0; Win64; x64) AppleWebKit/537.36 (KHTML, like Gecko) Chrome/76.0.3809.132 Safari/537.36)
[2019-09-04 10:59:05] 200 - OK - application/json
[2019-09-04 10:59:05] REQUEST POST - https://localhost:8082/public/ws/Economics.asmx/messaggi_summary
[2019-09-04 10:59:05] ---- FROM  ::1 (WinNT)
[2019-09-04 10:59:05] ---- BROWSER:  Chrome 76.0 (Mozilla/5.0 (Windows NT 10.0; Win64; x64) AppleWebKit/537.36 (KHTML, like Gecko) Chrome/76.0.3809.132 Safari/537.36)
[2019-09-04 10:59:05] ---- CONTENT: {data : "<?xml version='1.0' encoding='utf-8' ?><Request ID='20190904105905100'><General><Token>61111131252223224013000011333653</Token></General><Data></Data></Request>"}
[2019-09-04 10:59:05] 200 - OK - text/xml
[2019-09-04 10:59:05] 200 - OK - application/json
[2019-09-04 10:59:06] REQUEST POST - https://localhost:8082/public/ws/Config.asmx/All_Get
[2019-09-04 10:59:06] ---- FROM  ::1 (WinNT)
[2019-09-04 10:59:06] ---- BROWSER:  Chrome 76.0 (Mozilla/5.0 (Windows NT 10.0; Win64; x64) AppleWebKit/537.36 (KHTML, like Gecko) Chrome/76.0.3809.132 Safari/537.36)
[2019-09-04 10:59:06] ---- CONTENT: {data : "<?xml version='1.0' encoding='utf-8' ?><Request ID='20190904105905929'><General><Token>61111131252223224013000011333653</Token></General><Data></Data></Request>"}
[2019-09-04 10:59:06] 200 - OK - application/json
[2019-09-04 10:59:06] REQUEST POST - https://localhost:8082/public/ws/Config.asmx/All_Get
[2019-09-04 10:59:06] ---- FROM  ::1 (WinNT)
[2019-09-04 10:59:06] ---- BROWSER:  Chrome 76.0 (Mozilla/5.0 (Windows NT 10.0; Win64; x64) AppleWebKit/537.36 (KHTML, like Gecko) Chrome/76.0.3809.132 Safari/537.36)
[2019-09-04 10:59:06] ---- CONTENT: {data : "<?xml version='1.0' encoding='utf-8' ?><Request ID='20190904105906561'><General><Token>61111131252223224013000011333653</Token></General><Data></Data></Request>"}
[2019-09-04 10:59:06] 200 - OK - application/json
[2019-09-04 10:59:46] REQUEST GET - https://localhost:8082/economics/ricavi
[2019-09-04 10:59:46] ---- FROM  ::1 (WinNT)
[2019-09-04 10:59:46] ---- BROWSER:  Chrome 76.0 (Mozilla/5.0 (Windows NT 10.0; Win64; x64) AppleWebKit/537.36 (KHTML, like Gecko) Chrome/76.0.3809.132 Safari/537.36)
[2019-09-04 10:59:46] 200 - OK - text/html
[2019-09-04 10:59:47] REQUEST POST - https://localhost:8082/public/ws/Ricavi.asmx/Ricavo_Get
[2019-09-04 10:59:47] ---- FROM  ::1 (WinNT)
[2019-09-04 10:59:47] ---- BROWSER:  Chrome 76.0 (Mozilla/5.0 (Windows NT 10.0; Win64; x64) AppleWebKit/537.36 (KHTML, like Gecko) Chrome/76.0.3809.132 Safari/537.36)
[2019-09-04 10:59:47] ---- CONTENT: {data : "<?xml version='1.0' encoding='utf-8' ?><Request ID='20190904105947617'><General><Token>61111131252223224013000011333653</Token></General><Data></Data></Request>"}
[2019-09-04 10:59:47] 200 - OK - application/json
[2019-09-04 10:59:49] REQUEST POST - https://localhost:8082/public/ws/Config.asmx/All_Get
[2019-09-04 10:59:49] ---- FROM  ::1 (WinNT)
[2019-09-04 10:59:49] ---- BROWSER:  Chrome 76.0 (Mozilla/5.0 (Windows NT 10.0; Win64; x64) AppleWebKit/537.36 (KHTML, like Gecko) Chrome/76.0.3809.132 Safari/537.36)
[2019-09-04 10:59:49] ---- CONTENT: {data : "<?xml version='1.0' encoding='utf-8' ?><Request ID='20190904105949466'><General><Token>61111131252223224013000011333653</Token></General><Data></Data></Request>"}
[2019-09-04 10:59:49] REQUEST GET - https://localhost:8082/public/ws/Resources.ashx/xml-economics/61111131252223224013000011333653
[2019-09-04 10:59:49] ---- FROM  ::1 (WinNT)
[2019-09-04 10:59:49] ---- BROWSER:  Chrome 76.0 (Mozilla/5.0 (Windows NT 10.0; Win64; x64) AppleWebKit/537.36 (KHTML, like Gecko) Chrome/76.0.3809.132 Safari/537.36)
[2019-09-04 10:59:49] 200 - OK - application/json
[2019-09-04 10:59:49] 200 - OK - text/xml
[2019-09-04 10:59:49] REQUEST POST - https://localhost:8082/public/ws/Economics.asmx/messaggi_summary
[2019-09-04 10:59:50] ---- FROM  ::1 (WinNT)
[2019-09-04 10:59:50] ---- BROWSER:  Chrome 76.0 (Mozilla/5.0 (Windows NT 10.0; Win64; x64) AppleWebKit/537.36 (KHTML, like Gecko) Chrome/76.0.3809.132 Safari/537.36)
[2019-09-04 10:59:50] ---- CONTENT: {data : "<?xml version='1.0' encoding='utf-8' ?><Request ID='20190904105949981'><General><Token>61111131252223224013000011333653</Token></General><Data></Data></Request>"}
[2019-09-04 10:59:50] 200 - OK - application/json
[2019-09-04 10:59:50] REQUEST POST - https://localhost:8082/public/ws/Config.asmx/All_Get
[2019-09-04 10:59:50] ---- FROM  ::1 (WinNT)
[2019-09-04 10:59:50] ---- BROWSER:  Chrome 76.0 (Mozilla/5.0 (Windows NT 10.0; Win64; x64) AppleWebKit/537.36 (KHTML, like Gecko) Chrome/76.0.3809.132 Safari/537.36)
[2019-09-04 10:59:50] ---- CONTENT: {data : "<?xml version='1.0' encoding='utf-8' ?><Request ID='20190904105950101'><General><Token>61111131252223224013000011333653</Token></General><Data></Data></Request>"}
[2019-09-04 10:59:50] 200 - OK - application/json
[2019-09-04 10:59:50] REQUEST POST - https://localhost:8082/public/ws/Config.asmx/All_Get
[2019-09-04 10:59:50] ---- FROM  ::1 (WinNT)
[2019-09-04 10:59:50] ---- BROWSER:  Chrome 76.0 (Mozilla/5.0 (Windows NT 10.0; Win64; x64) AppleWebKit/537.36 (KHTML, like Gecko) Chrome/76.0.3809.132 Safari/537.36)
[2019-09-04 10:59:50] ---- CONTENT: {data : "<?xml version='1.0' encoding='utf-8' ?><Request ID='20190904105950572'><General><Token>61111131252223224013000011333653</Token></General><Data></Data></Request>"}
[2019-09-04 10:59:50] 200 - OK - application/json
[2019-09-04 11:03:49] REQUEST GET - https://localhost:8082/public/aspx/Home.aspx?Token=61111131252223224013000011333653&TokenApiRest=eyJ0eXAiOiJKV1QiLCJhbGciOiJIUzI1NiJ9.eyJpc3MiOiJodHRwczpcL1wvd3d3cy5kZXYteWVhcC5pdCIsImlhdCI6MTU0MjI5NDMyMSwibmJmIjoxNTQyMjk0MzIxLCJleHAiOjE1NDI4OTkxMjEsImRhdGEiOnsidXNlciI6eyJpZCI6IjQ0In19fQ.RCP5OeoGASxAyBw1MbMD4BFJAcDM5JIXqYXKBALZcJI&Logo=https://localhost:8082/scratch/pl_logo.png&Title=Business Plan Test nr. 2
[2019-09-04 11:03:49] ---- FROM  ::1 (WinNT)
[2019-09-04 11:03:49] ---- BROWSER:  Chrome 76.0 (Mozilla/5.0 (Windows NT 10.0; Win64; x64) AppleWebKit/537.36 (KHTML, like Gecko) Chrome/76.0.3809.132 Safari/537.36)
[2019-09-04 11:03:50] 302 - Found - text/html
[2019-09-04 11:03:50] REQUEST GET - https://localhost:8082/home/welcome?Token=61111131252223224013000011333653&TokenApiRest=eyJ0eXAiOiJKV1QiLCJhbGciOiJIUzI1NiJ9.eyJpc3MiOiJodHRwczpcL1wvd3d3cy5kZXYteWVhcC5pdCIsImlhdCI6MTU0MjI5NDMyMSwibmJmIjoxNTQyMjk0MzIxLCJleHAiOjE1NDI4OTkxMjEsImRhdGEiOnsidXNlciI6eyJpZCI6IjQ0In19fQ.RCP5OeoGASxAyBw1MbMD4BFJAcDM5JIXqYXKBALZcJI&Logo=https://localhost:8082/scratch/pl_logo.png&Title=Business Plan Test nr. 2
[2019-09-04 11:03:50] ---- FROM  ::1 (WinNT)
[2019-09-04 11:03:50] ---- BROWSER:  Chrome 76.0 (Mozilla/5.0 (Windows NT 10.0; Win64; x64) AppleWebKit/537.36 (KHTML, like Gecko) Chrome/76.0.3809.132 Safari/537.36)
[2019-09-04 11:03:50] 200 - OK - text/html
[2019-09-04 11:03:51] REQUEST POST - https://localhost:8082/public/ws/General.asmx/Set
[2019-09-04 11:03:51] ---- FROM  ::1 (WinNT)
[2019-09-04 11:03:51] ---- BROWSER:  Chrome 76.0 (Mozilla/5.0 (Windows NT 10.0; Win64; x64) AppleWebKit/537.36 (KHTML, like Gecko) Chrome/76.0.3809.132 Safari/537.36)
[2019-09-04 11:03:51] ---- CONTENT: {data : "<?xml version='1.0' encoding='utf-8' ?><Request ID='20190904110351299'><General><Token>61111131252223224013000011333653</Token></General><Data><Nome>Business Plan Test nr. 2</Nome><Logo>https%3A%2F%2Flocalhost%3A8082%2Fscratch%2Fpl_logo.png</Logo></Data></Request>"}
[2019-09-04 11:03:51] 200 - OK - application/json
[2019-09-04 11:03:51] REQUEST POST - https://localhost:8082/public/ws/Config.asmx/Economics_Get
[2019-09-04 11:03:51] ---- FROM  ::1 (WinNT)
[2019-09-04 11:03:51] ---- BROWSER:  Chrome 76.0 (Mozilla/5.0 (Windows NT 10.0; Win64; x64) AppleWebKit/537.36 (KHTML, like Gecko) Chrome/76.0.3809.132 Safari/537.36)
[2019-09-04 11:03:51] ---- CONTENT: {data : "<?xml version='1.0' encoding='utf-8' ?><Request ID='20190904110351349'><General><Token>61111131252223224013000011333653</Token></General><Data></Data></Request>"}
[2019-09-04 11:03:51] 200 - OK - application/json
[2019-09-04 11:03:54] REQUEST POST - https://localhost:8082/public/ws/Config.asmx/All_Get
[2019-09-04 11:03:54] ---- FROM  ::1 (WinNT)
[2019-09-04 11:03:54] ---- BROWSER:  Chrome 76.0 (Mozilla/5.0 (Windows NT 10.0; Win64; x64) AppleWebKit/537.36 (KHTML, like Gecko) Chrome/76.0.3809.132 Safari/537.36)
[2019-09-04 11:03:54] ---- CONTENT: {data : "<?xml version='1.0' encoding='utf-8' ?><Request ID='2019090411035494'><General><Token>61111131252223224013000011333653</Token></General><Data></Data></Request>"}
[2019-09-04 11:03:54] 200 - OK - application/json
[2019-09-04 11:03:54] REQUEST POST - https://localhost:8082/public/ws/Config.asmx/All_Get
[2019-09-04 11:03:54] ---- FROM  ::1 (WinNT)
[2019-09-04 11:03:54] ---- BROWSER:  Chrome 76.0 (Mozilla/5.0 (Windows NT 10.0; Win64; x64) AppleWebKit/537.36 (KHTML, like Gecko) Chrome/76.0.3809.132 Safari/537.36)
[2019-09-04 11:03:54] ---- CONTENT: {data : "<?xml version='1.0' encoding='utf-8' ?><Request ID='20190904110354248'><General><Token>61111131252223224013000011333653</Token></General><Data></Data></Request>"}
[2019-09-04 11:03:54] 200 - OK - application/json
[2019-09-04 11:03:54] REQUEST POST - https://localhost:8082/public/ws/Economics.asmx/messaggi_summary
[2019-09-04 11:03:54] ---- FROM  ::1 (WinNT)
[2019-09-04 11:03:54] ---- BROWSER:  Chrome 76.0 (Mozilla/5.0 (Windows NT 10.0; Win64; x64) AppleWebKit/537.36 (KHTML, like Gecko) Chrome/76.0.3809.132 Safari/537.36)
[2019-09-04 11:03:54] ---- CONTENT: {data : "<?xml version='1.0' encoding='utf-8' ?><Request ID='20190904110354336'><General><Token>61111131252223224013000011333653</Token></General><Data></Data></Request>"}
[2019-09-04 11:03:54] 200 - OK - application/json
[2019-09-04 11:03:54] REQUEST POST - https://localhost:8082/public/ws/Config.asmx/All_Get
[2019-09-04 11:03:54] ---- FROM  ::1 (WinNT)
[2019-09-04 11:03:54] ---- BROWSER:  Chrome 76.0 (Mozilla/5.0 (Windows NT 10.0; Win64; x64) AppleWebKit/537.36 (KHTML, like Gecko) Chrome/76.0.3809.132 Safari/537.36)
[2019-09-04 11:03:54] ---- CONTENT: {data : "<?xml version='1.0' encoding='utf-8' ?><Request ID='20190904110354437'><General><Token>61111131252223224013000011333653</Token></General><Data></Data></Request>"}
[2019-09-04 11:03:54] 200 - OK - application/json
[2019-09-04 11:04:02] REQUEST GET - https://localhost:8082/economics/gestione-straordinaria
[2019-09-04 11:04:02] ---- FROM  ::1 (WinNT)
[2019-09-04 11:04:02] ---- BROWSER:  Chrome 76.0 (Mozilla/5.0 (Windows NT 10.0; Win64; x64) AppleWebKit/537.36 (KHTML, like Gecko) Chrome/76.0.3809.132 Safari/537.36)
[2019-09-04 11:04:02] 200 - OK - text/html
[2019-09-04 11:04:03] REQUEST POST - https://localhost:8082/public/ws/GestioneStraordinaria.asmx/Get
[2019-09-04 11:04:03] ---- FROM  ::1 (WinNT)
[2019-09-04 11:04:03] ---- BROWSER:  Chrome 76.0 (Mozilla/5.0 (Windows NT 10.0; Win64; x64) AppleWebKit/537.36 (KHTML, like Gecko) Chrome/76.0.3809.132 Safari/537.36)
[2019-09-04 11:04:03] ---- CONTENT: {data : "<?xml version='1.0' encoding='utf-8' ?><Request ID='20190904110403898'><General><Token>61111131252223224013000011333653</Token></General><Data></Data></Request>"}
[2019-09-04 11:04:03] 200 - OK - application/json
[2019-09-04 11:04:05] REQUEST POST - https://localhost:8082/public/ws/Config.asmx/All_Get
[2019-09-04 11:04:05] ---- FROM  ::1 (WinNT)
[2019-09-04 11:04:05] ---- BROWSER:  Chrome 76.0 (Mozilla/5.0 (Windows NT 10.0; Win64; x64) AppleWebKit/537.36 (KHTML, like Gecko) Chrome/76.0.3809.132 Safari/537.36)
[2019-09-04 11:04:05] REQUEST GET - https://localhost:8082/public/ws/Resources.ashx/xml-economics/61111131252223224013000011333653
[2019-09-04 11:04:05] REQUEST POST - https://localhost:8082/public/ws/Economics.asmx/messaggi_summary
[2019-09-04 11:04:05] ---- FROM  ::1 (WinNT)
[2019-09-04 11:04:05] ---- CONTENT: {data : "<?xml version='1.0' encoding='utf-8' ?><Request ID='20190904110405223'><General><Token>61111131252223224013000011333653</Token></General><Data></Data></Request>"}
[2019-09-04 11:04:05] ---- FROM  ::1 (WinNT)
[2019-09-04 11:04:05] ---- BROWSER:  Chrome 76.0 (Mozilla/5.0 (Windows NT 10.0; Win64; x64) AppleWebKit/537.36 (KHTML, like Gecko) Chrome/76.0.3809.132 Safari/537.36)
[2019-09-04 11:04:05] ---- BROWSER:  Chrome 76.0 (Mozilla/5.0 (Windows NT 10.0; Win64; x64) AppleWebKit/537.36 (KHTML, like Gecko) Chrome/76.0.3809.132 Safari/537.36)
[2019-09-04 11:04:05] ---- CONTENT: {data : "<?xml version='1.0' encoding='utf-8' ?><Request ID='20190904110405339'><General><Token>61111131252223224013000011333653</Token></General><Data></Data></Request>"}
[2019-09-04 11:04:05] 200 - OK - application/json
[2019-09-04 11:04:05] 200 - OK - application/json
[2019-09-04 11:04:05] 200 - OK - text/xml
[2019-09-04 11:04:05] REQUEST POST - https://localhost:8082/public/ws/Config.asmx/All_Get
[2019-09-04 11:04:05] ---- FROM  ::1 (WinNT)
[2019-09-04 11:04:05] ---- BROWSER:  Chrome 76.0 (Mozilla/5.0 (Windows NT 10.0; Win64; x64) AppleWebKit/537.36 (KHTML, like Gecko) Chrome/76.0.3809.132 Safari/537.36)
[2019-09-04 11:04:05] ---- CONTENT: {data : "<?xml version='1.0' encoding='utf-8' ?><Request ID='20190904110405648'><General><Token>61111131252223224013000011333653</Token></General><Data></Data></Request>"}
[2019-09-04 11:04:05] 200 - OK - application/json
[2019-09-04 11:04:06] REQUEST POST - https://localhost:8082/public/ws/Config.asmx/All_Get
[2019-09-04 11:04:06] ---- FROM  ::1 (WinNT)
[2019-09-04 11:04:06] ---- BROWSER:  Chrome 76.0 (Mozilla/5.0 (Windows NT 10.0; Win64; x64) AppleWebKit/537.36 (KHTML, like Gecko) Chrome/76.0.3809.132 Safari/537.36)
[2019-09-04 11:04:06] ---- CONTENT: {data : "<?xml version='1.0' encoding='utf-8' ?><Request ID='20190904110406668'><General><Token>61111131252223224013000011333653</Token></General><Data></Data></Request>"}
[2019-09-04 11:04:06] 200 - OK - application/json
[2019-09-04 11:04:40] REQUEST GET - https://localhost:8082/economics/ricavi
[2019-09-04 11:04:40] ---- FROM  ::1 (WinNT)
[2019-09-04 11:04:40] ---- BROWSER:  Chrome 76.0 (Mozilla/5.0 (Windows NT 10.0; Win64; x64) AppleWebKit/537.36 (KHTML, like Gecko) Chrome/76.0.3809.132 Safari/537.36)
[2019-09-04 11:04:40] 200 - OK - text/html
[2019-09-04 11:04:41] REQUEST POST - https://localhost:8082/public/ws/Ricavi.asmx/Ricavo_Get
[2019-09-04 11:04:41] ---- FROM  ::1 (WinNT)
[2019-09-04 11:04:41] ---- BROWSER:  Chrome 76.0 (Mozilla/5.0 (Windows NT 10.0; Win64; x64) AppleWebKit/537.36 (KHTML, like Gecko) Chrome/76.0.3809.132 Safari/537.36)
[2019-09-04 11:04:41] ---- CONTENT: {data : "<?xml version='1.0' encoding='utf-8' ?><Request ID='20190904110441930'><General><Token>61111131252223224013000011333653</Token></General><Data></Data></Request>"}
[2019-09-04 11:04:42] 200 - OK - application/json
[2019-09-04 11:04:43] REQUEST POST - https://localhost:8082/public/ws/Config.asmx/All_Get
[2019-09-04 11:04:43] ---- FROM  ::1 (WinNT)
[2019-09-04 11:04:43] ---- BROWSER:  Chrome 76.0 (Mozilla/5.0 (Windows NT 10.0; Win64; x64) AppleWebKit/537.36 (KHTML, like Gecko) Chrome/76.0.3809.132 Safari/537.36)
[2019-09-04 11:04:43] ---- CONTENT: {data : "<?xml version='1.0' encoding='utf-8' ?><Request ID='201909041104439'><General><Token>61111131252223224013000011333653</Token></General><Data></Data></Request>"}
[2019-09-04 11:04:43] 200 - OK - application/json
[2019-09-04 11:04:43] REQUEST GET - https://localhost:8082/public/ws/Resources.ashx/xml-economics/61111131252223224013000011333653
[2019-09-04 11:04:43] ---- FROM  ::1 (WinNT)
[2019-09-04 11:04:43] ---- BROWSER:  Chrome 76.0 (Mozilla/5.0 (Windows NT 10.0; Win64; x64) AppleWebKit/537.36 (KHTML, like Gecko) Chrome/76.0.3809.132 Safari/537.36)
[2019-09-04 11:04:43] 200 - OK - text/xml
[2019-09-04 11:04:43] REQUEST POST - https://localhost:8082/public/ws/Economics.asmx/messaggi_summary
[2019-09-04 11:04:43] ---- FROM  ::1 (WinNT)
[2019-09-04 11:04:43] ---- BROWSER:  Chrome 76.0 (Mozilla/5.0 (Windows NT 10.0; Win64; x64) AppleWebKit/537.36 (KHTML, like Gecko) Chrome/76.0.3809.132 Safari/537.36)
[2019-09-04 11:04:43] ---- CONTENT: {data : "<?xml version='1.0' encoding='utf-8' ?><Request ID='20190904110443189'><General><Token>61111131252223224013000011333653</Token></General><Data></Data></Request>"}
[2019-09-04 11:04:43] 200 - OK - application/json
[2019-09-04 11:04:43] REQUEST POST - https://localhost:8082/public/ws/Config.asmx/All_Get
[2019-09-04 11:04:43] ---- FROM  ::1 (WinNT)
[2019-09-04 11:04:44] ---- BROWSER:  Chrome 76.0 (Mozilla/5.0 (Windows NT 10.0; Win64; x64) AppleWebKit/537.36 (KHTML, like Gecko) Chrome/76.0.3809.132 Safari/537.36)
[2019-09-04 11:04:44] ---- CONTENT: {data : "<?xml version='1.0' encoding='utf-8' ?><Request ID='20190904110443830'><General><Token>61111131252223224013000011333653</Token></General><Data></Data></Request>"}
[2019-09-04 11:04:44] REQUEST POST - https://localhost:8082/public/ws/Config.asmx/All_Get
[2019-09-04 11:04:44] ---- FROM  ::1 (WinNT)
[2019-09-04 11:04:44] ---- BROWSER:  Chrome 76.0 (Mozilla/5.0 (Windows NT 10.0; Win64; x64) AppleWebKit/537.36 (KHTML, like Gecko) Chrome/76.0.3809.132 Safari/537.36)
[2019-09-04 11:04:44] ---- CONTENT: {data : "<?xml version='1.0' encoding='utf-8' ?><Request ID='20190904110444137'><General><Token>61111131252223224013000011333653</Token></General><Data></Data></Request>"}
[2019-09-04 11:04:44] 200 - OK - application/json
[2019-09-04 11:04:44] 200 - OK - application/json
[2019-09-04 11:05:09] REQUEST GET - https://localhost:8082/economics/gestione-straordinaria
[2019-09-04 11:05:09] ---- FROM  ::1 (WinNT)
[2019-09-04 11:05:09] ---- BROWSER:  Chrome 76.0 (Mozilla/5.0 (Windows NT 10.0; Win64; x64) AppleWebKit/537.36 (KHTML, like Gecko) Chrome/76.0.3809.132 Safari/537.36)
[2019-09-04 11:05:09] 200 - OK - text/html
[2019-09-04 11:05:10] REQUEST POST - https://localhost:8082/public/ws/GestioneStraordinaria.asmx/Get
[2019-09-04 11:05:10] ---- FROM  ::1 (WinNT)
[2019-09-04 11:05:10] ---- BROWSER:  Chrome 76.0 (Mozilla/5.0 (Windows NT 10.0; Win64; x64) AppleWebKit/537.36 (KHTML, like Gecko) Chrome/76.0.3809.132 Safari/537.36)
[2019-09-04 11:05:10] ---- CONTENT: {data : "<?xml version='1.0' encoding='utf-8' ?><Request ID='20190904110510875'><General><Token>61111131252223224013000011333653</Token></General><Data></Data></Request>"}
[2019-09-04 11:05:10] 200 - OK - application/json
[2019-09-04 11:05:11] REQUEST POST - https://localhost:8082/public/ws/Config.asmx/All_Get
[2019-09-04 11:05:11] ---- FROM  ::1 (WinNT)
[2019-09-04 11:05:11] REQUEST GET - https://localhost:8082/public/ws/Resources.ashx/xml-economics/61111131252223224013000011333653
[2019-09-04 11:05:12] ---- FROM  ::1 (WinNT)
[2019-09-04 11:05:12] REQUEST POST - https://localhost:8082/public/ws/Economics.asmx/messaggi_summary
[2019-09-04 11:05:12] ---- BROWSER:  Chrome 76.0 (Mozilla/5.0 (Windows NT 10.0; Win64; x64) AppleWebKit/537.36 (KHTML, like Gecko) Chrome/76.0.3809.132 Safari/537.36)
[2019-09-04 11:05:12] ---- CONTENT: {data : "<?xml version='1.0' encoding='utf-8' ?><Request ID='20190904110511761'><General><Token>61111131252223224013000011333653</Token></General><Data></Data></Request>"}
[2019-09-04 11:05:12] ---- BROWSER:  Chrome 76.0 (Mozilla/5.0 (Windows NT 10.0; Win64; x64) AppleWebKit/537.36 (KHTML, like Gecko) Chrome/76.0.3809.132 Safari/537.36)
[2019-09-04 11:05:12] ---- FROM  ::1 (WinNT)
[2019-09-04 11:05:12] ---- BROWSER:  Chrome 76.0 (Mozilla/5.0 (Windows NT 10.0; Win64; x64) AppleWebKit/537.36 (KHTML, like Gecko) Chrome/76.0.3809.132 Safari/537.36)
[2019-09-04 11:05:12] ---- CONTENT: {data : "<?xml version='1.0' encoding='utf-8' ?><Request ID='20190904110511877'><General><Token>61111131252223224013000011333653</Token></General><Data></Data></Request>"}
[2019-09-04 11:05:12] 200 - OK - application/json
[2019-09-04 11:05:12] 200 - OK - text/xml
[2019-09-04 11:05:12] 200 - OK - application/json
[2019-09-04 11:05:12] REQUEST POST - https://localhost:8082/public/ws/Config.asmx/All_Get
[2019-09-04 11:05:12] ---- FROM  ::1 (WinNT)
[2019-09-04 11:05:12] ---- BROWSER:  Chrome 76.0 (Mozilla/5.0 (Windows NT 10.0; Win64; x64) AppleWebKit/537.36 (KHTML, like Gecko) Chrome/76.0.3809.132 Safari/537.36)
