[2019-09-09 15:01:11] REQUEST POST - https://localhost:8082/public/aspx/Home.aspx
[2019-09-09 15:01:11] ---- FROM  ::1 (WinNT)
[2019-09-09 15:01:11] ---- BROWSER:  Chrome 76.0 (Mozilla/5.0 (Windows NT 10.0; Win64; x64) AppleWebKit/537.36 (KHTML, like Gecko) Chrome/76.0.3809.132 Safari/537.36)
[2019-09-09 15:01:11] ---- CONTENT: Token%3D61111131252223224013000011333653%26TokenApiRest%3DeyJ0eXAiOiJKV1QiLCJhbGciOiJIUzI1NiJ9.eyJpc3MiOiJodHRwczpcL1wvd3d3cy5kZXYteWVhcC5pdCIsImlhdCI6MTU0MjI5NDMyMSwibmJmIjoxNTQyMjk0MzIxLCJleHAiOjE1NDI4OTkxMjEsImRhdGEiOnsidXNlciI6eyJpZCI6IjQ0In19fQ.RCP5OeoGASxAyBw1MbMD4BFJAcDM5JIXqYXKBALZcJI%26Logo%3Dhttps%3A%2F%2Flocalhost%3A8082%2Fscratch%2Fpl_logo.png%26Title%3DBusiness+Plan+Test+nr.+2=
[2019-09-09 15:01:14] 302 - Found - text/html
[2019-09-09 15:01:14] REQUEST GET - https://localhost:8082/home/welcome
[2019-09-09 15:01:14] ---- FROM  ::1 (WinNT)
[2019-09-09 15:01:14] ---- BROWSER:  Chrome 76.0 (Mozilla/5.0 (Windows NT 10.0; Win64; x64) AppleWebKit/537.36 (KHTML, like Gecko) Chrome/76.0.3809.132 Safari/537.36)
[2019-09-09 15:03:06] 200 - OK - text/html
[2019-09-09 15:03:45] REQUEST POST - https://localhost:8082/public/ws/Config.asmx/Economics_Get
[2019-09-09 15:03:45] ---- FROM  ::1 (WinNT)
[2019-09-09 15:03:46] ---- BROWSER:  Chrome 76.0 (Mozilla/5.0 (Windows NT 10.0; Win64; x64) AppleWebKit/537.36 (KHTML, like Gecko) Chrome/76.0.3809.132 Safari/537.36)
[2019-09-09 15:03:49] ---- CONTENT: {data : "<?xml version='1.0' encoding='utf-8' ?><Request ID='20190909150344813'><General><Token>undefined</Token></General><Data></Data></Request>"}
[2019-09-09 15:06:20] 200 - OK - application/json
[2019-09-09 15:06:20] REQUEST POST - https://localhost:8082/public/ws/Config.asmx/All_Get
[2019-09-09 15:06:20] ---- FROM  ::1 (WinNT)
[2019-09-09 15:06:20] ---- BROWSER:  Chrome 76.0 (Mozilla/5.0 (Windows NT 10.0; Win64; x64) AppleWebKit/537.36 (KHTML, like Gecko) Chrome/76.0.3809.132 Safari/537.36)
[2019-09-09 15:06:20] ---- CONTENT: {data : "<?xml version='1.0' encoding='utf-8' ?><Request ID='20190909150620789'><General><Token>undefined</Token></General><Data></Data></Request>"}
[2019-09-09 15:06:21] REQUEST POST - https://localhost:8082/public/ws/Economics.asmx/messaggi_summary
[2019-09-09 15:06:21] REQUEST POST - https://localhost:8082/public/ws/Config.asmx/All_Get
[2019-09-09 15:06:21] ---- FROM  ::1 (WinNT)
[2019-09-09 15:06:21] ---- BROWSER:  Chrome 76.0 (Mozilla/5.0 (Windows NT 10.0; Win64; x64) AppleWebKit/537.36 (KHTML, like Gecko) Chrome/76.0.3809.132 Safari/537.36)
[2019-09-09 15:06:21] ---- FROM  ::1 (WinNT)
[2019-09-09 15:06:21] ---- BROWSER:  Chrome 76.0 (Mozilla/5.0 (Windows NT 10.0; Win64; x64) AppleWebKit/537.36 (KHTML, like Gecko) Chrome/76.0.3809.132 Safari/537.36)
[2019-09-09 15:06:21] ---- CONTENT: {data : "<?xml version='1.0' encoding='utf-8' ?><Request ID='20190909150620893'><General><Token>undefined</Token></General><Data></Data></Request>"}
[2019-09-09 15:06:21] ---- CONTENT: {data : "<?xml version='1.0' encoding='utf-8' ?><Request ID='20190909150621208'><General><Token>undefined</Token></General><Data></Data></Request>"}
[2019-09-09 15:06:25] 200 - OK - application/json
[2019-09-09 15:06:25] 200 - OK - application/json
[2019-09-09 15:06:25] 200 - OK - application/json
[2019-09-09 15:06:25] REQUEST POST - https://localhost:8082/public/ws/Config.asmx/All_Get
[2019-09-09 15:06:25] ---- FROM  ::1 (WinNT)
[2019-09-09 15:06:25] ---- BROWSER:  Chrome 76.0 (Mozilla/5.0 (Windows NT 10.0; Win64; x64) AppleWebKit/537.36 (KHTML, like Gecko) Chrome/76.0.3809.132 Safari/537.36)
[2019-09-09 15:06:25] ---- CONTENT: {data : "<?xml version='1.0' encoding='utf-8' ?><Request ID='20190909150625736'><General><Token>undefined</Token></General><Data></Data></Request>"}
[2019-09-09 15:06:26] 200 - OK - application/json
[2019-09-09 15:06:36] REQUEST POST - https://localhost:8082/public/aspx/Home.aspx
[2019-09-09 15:06:36] ---- FROM  ::1 (WinNT)
[2019-09-09 15:06:36] ---- BROWSER:  Chrome 76.0 (Mozilla/5.0 (Windows NT 10.0; Win64; x64) AppleWebKit/537.36 (KHTML, like Gecko) Chrome/76.0.3809.132 Safari/537.36)
[2019-09-09 15:06:36] ---- CONTENT: Token%3D61111131252223224013000011333653%26TokenApiRest%3DeyJ0eXAiOiJKV1QiLCJhbGciOiJIUzI1NiJ9.eyJpc3MiOiJodHRwczpcL1wvd3d3cy5kZXYteWVhcC5pdCIsImlhdCI6MTU0MjI5NDMyMSwibmJmIjoxNTQyMjk0MzIxLCJleHAiOjE1NDI4OTkxMjEsImRhdGEiOnsidXNlciI6eyJpZCI6IjQ0In19fQ.RCP5OeoGASxAyBw1MbMD4BFJAcDM5JIXqYXKBALZcJI%26Logo%3Dhttps%3A%2F%2Flocalhost%3A8082%2Fscratch%2Fpl_logo.png%26Title%3DBusiness+Plan+Test+nr.+2=
[2019-09-09 15:06:39] 302 - Found - text/html
[2019-09-09 15:06:39] REQUEST GET - https://localhost:8082/home/welcome
[2019-09-09 15:06:39] ---- FROM  ::1 (WinNT)
[2019-09-09 15:06:39] ---- BROWSER:  Chrome 76.0 (Mozilla/5.0 (Windows NT 10.0; Win64; x64) AppleWebKit/537.36 (KHTML, like Gecko) Chrome/76.0.3809.132 Safari/537.36)
[2019-09-09 15:06:56] 200 - OK - text/html
[2019-09-09 15:07:06] REQUEST POST - https://localhost:8082/public/ws/Config.asmx/Economics_Get
[2019-09-09 15:07:06] ---- FROM  ::1 (WinNT)
[2019-09-09 15:07:06] ---- BROWSER:  Chrome 76.0 (Mozilla/5.0 (Windows NT 10.0; Win64; x64) AppleWebKit/537.36 (KHTML, like Gecko) Chrome/76.0.3809.132 Safari/537.36)
[2019-09-09 15:07:06] ---- CONTENT: {data : "<?xml version='1.0' encoding='utf-8' ?><Request ID='20190909150700359'><General><Token>undefined</Token></General><Data></Data></Request>"}
[2019-09-09 15:12:18] 200 - OK - application/json
[2019-09-09 15:12:22] REQUEST POST - https://localhost:8082/public/ws/Economics.asmx/messaggi_summary
[2019-09-09 15:12:26] ---- FROM  ::1 (WinNT)
[2019-09-09 15:12:26] ---- BROWSER:  Chrome 76.0 (Mozilla/5.0 (Windows NT 10.0; Win64; x64) AppleWebKit/537.36 (KHTML, like Gecko) Chrome/76.0.3809.132 Safari/537.36)
[2019-09-09 15:12:26] REQUEST POST - https://localhost:8082/public/ws/Config.asmx/All_Get
[2019-09-09 15:12:26] REQUEST POST - https://localhost:8082/public/ws/Config.asmx/All_Get
[2019-09-09 15:12:26] ---- FROM  ::1 (WinNT)
[2019-09-09 15:12:26] ---- CONTENT: {data : "<?xml version='1.0' encoding='utf-8' ?><Request ID='20190909151218717'><General><Token>undefined</Token></General><Data></Data></Request>"}
[2019-09-09 15:12:26] ---- BROWSER:  Chrome 76.0 (Mozilla/5.0 (Windows NT 10.0; Win64; x64) AppleWebKit/537.36 (KHTML, like Gecko) Chrome/76.0.3809.132 Safari/537.36)
[2019-09-09 15:12:26] ---- CONTENT: {data : "<?xml version='1.0' encoding='utf-8' ?><Request ID='20190909151219223'><General><Token>undefined</Token></General><Data></Data></Request>"}
[2019-09-09 15:12:26] ---- FROM  ::1 (WinNT)
[2019-09-09 15:12:27] 200 - OK - application/json
[2019-09-09 15:12:30] ---- BROWSER:  Chrome 76.0 (Mozilla/5.0 (Windows NT 10.0; Win64; x64) AppleWebKit/537.36 (KHTML, like Gecko) Chrome/76.0.3809.132 Safari/537.36)
[2019-09-09 15:12:30] 200 - OK - application/json
[2019-09-09 15:12:30] ---- CONTENT: {data : "<?xml version='1.0' encoding='utf-8' ?><Request ID='20190909151218792'><General><Token>undefined</Token></General><Data></Data></Request>"}
[2019-09-09 15:12:31] REQUEST POST - https://localhost:8082/public/ws/Config.asmx/All_Get
[2019-09-09 15:12:31] ---- FROM  ::1 (WinNT)
[2019-09-09 15:12:31] ---- BROWSER:  Chrome 76.0 (Mozilla/5.0 (Windows NT 10.0; Win64; x64) AppleWebKit/537.36 (KHTML, like Gecko) Chrome/76.0.3809.132 Safari/537.36)
[2019-09-09 15:12:31] ---- CONTENT: {data : "<?xml version='1.0' encoding='utf-8' ?><Request ID='20190909151230481'><General><Token>undefined</Token></General><Data></Data></Request>"}
[2019-09-09 15:12:31] 200 - OK - application/json
[2019-09-09 15:12:32] 200 - OK - application/json
[2019-09-09 15:12:41] REQUEST POST - https://localhost:8082/public/aspx/Home.aspx
[2019-09-09 15:12:41] ---- FROM  ::1 (WinNT)
[2019-09-09 15:12:41] ---- BROWSER:  Chrome 76.0 (Mozilla/5.0 (Windows NT 10.0; Win64; x64) AppleWebKit/537.36 (KHTML, like Gecko) Chrome/76.0.3809.132 Safari/537.36)
[2019-09-09 15:12:41] ---- CONTENT: Token%3D61111131252223224013000011333653%26TokenApiRest%3DeyJ0eXAiOiJKV1QiLCJhbGciOiJIUzI1NiJ9.eyJpc3MiOiJodHRwczpcL1wvd3d3cy5kZXYteWVhcC5pdCIsImlhdCI6MTU0MjI5NDMyMSwibmJmIjoxNTQyMjk0MzIxLCJleHAiOjE1NDI4OTkxMjEsImRhdGEiOnsidXNlciI6eyJpZCI6IjQ0In19fQ.RCP5OeoGASxAyBw1MbMD4BFJAcDM5JIXqYXKBALZcJI%26Logo%3Dhttps%3A%2F%2Flocalhost%3A8082%2Fscratch%2Fpl_logo.png%26Title%3DBusiness+Plan+Test+nr.+2=
[2019-09-09 15:12:59] 302 - Found - text/html
[2019-09-09 15:12:59] REQUEST GET - https://localhost:8082/home/welcome
[2019-09-09 15:12:59] ---- FROM  ::1 (WinNT)
[2019-09-09 15:12:59] ---- BROWSER:  Chrome 76.0 (Mozilla/5.0 (Windows NT 10.0; Win64; x64) AppleWebKit/537.36 (KHTML, like Gecko) Chrome/76.0.3809.132 Safari/537.36)
[2019-09-09 15:12:59] 200 - OK - text/html
