[2019-07-29 17:12:10] REQUEST GET - https://localhost:8082/public/aspx/Home.aspx?Token=61111131252223224013000011333653&TokenApiRest=eyJ0eXAiOiJKV1QiLCJhbGciOiJIUzI1NiJ9.eyJpc3MiOiJodHRwczpcL1wvd3d3cy5kZXYteWVhcC5pdCIsImlhdCI6MTU0MjI5NDMyMSwibmJmIjoxNTQyMjk0MzIxLCJleHAiOjE1NDI4OTkxMjEsImRhdGEiOnsidXNlciI6eyJpZCI6IjQ0In19fQ.RCP5OeoGASxAyBw1MbMD4BFJAcDM5JIXqYXKBALZcJI&Logo=https://localhost:8082/scratch/pl_logo.png&Title=Business Plan Test nr. 2
[2019-07-29 17:12:10] ---- FROM  ::1 (WinNT)
[2019-07-29 17:12:10] ---- BROWSER:  Chrome 75.0 (Mozilla/5.0 (Windows NT 10.0; Win64; x64) AppleWebKit/537.36 (KHTML, like Gecko) Chrome/75.0.3770.142 Safari/537.36)
[2019-07-29 17:12:18] 302 - Found - text/html
[2019-07-29 17:12:18] REQUEST GET - https://localhost:8082/home/welcome?Token=61111131252223224013000011333653&TokenApiRest=eyJ0eXAiOiJKV1QiLCJhbGciOiJIUzI1NiJ9.eyJpc3MiOiJodHRwczpcL1wvd3d3cy5kZXYteWVhcC5pdCIsImlhdCI6MTU0MjI5NDMyMSwibmJmIjoxNTQyMjk0MzIxLCJleHAiOjE1NDI4OTkxMjEsImRhdGEiOnsidXNlciI6eyJpZCI6IjQ0In19fQ.RCP5OeoGASxAyBw1MbMD4BFJAcDM5JIXqYXKBALZcJI&Logo=https://localhost:8082/scratch/pl_logo.png&Title=Business Plan Test nr. 2
[2019-07-29 17:12:18] ---- FROM  ::1 (WinNT)
[2019-07-29 17:12:18] ---- BROWSER:  Chrome 75.0 (Mozilla/5.0 (Windows NT 10.0; Win64; x64) AppleWebKit/537.36 (KHTML, like Gecko) Chrome/75.0.3770.142 Safari/537.36)
[2019-07-29 17:12:19] 200 - OK - text/html
[2019-07-29 17:12:22] REQUEST POST - https://localhost:8082/public/ws/General.asmx/Set
[2019-07-29 17:12:22] ---- FROM  ::1 (WinNT)
[2019-07-29 17:12:22] ---- BROWSER:  Chrome 75.0 (Mozilla/5.0 (Windows NT 10.0; Win64; x64) AppleWebKit/537.36 (KHTML, like Gecko) Chrome/75.0.3770.142 Safari/537.36)
[2019-07-29 17:12:22] ---- CONTENT: {data : "<?xml version='1.0' encoding='utf-8' ?><Request ID='20190729171222264'><General><Token>61111131252223224013000011333653</Token></General><Data><Nome>Business Plan Test nr. 2</Nome><Logo>https%3A%2F%2Flocalhost%3A8082%2Fscratch%2Fpl_logo.png</Logo></Data></Request>"}
[2019-07-29 17:12:22] 200 - OK - application/json
[2019-07-29 17:12:22] REQUEST POST - https://localhost:8082/public/ws/Config.asmx/Economics_Get
[2019-07-29 17:12:22] ---- FROM  ::1 (WinNT)
[2019-07-29 17:12:22] ---- BROWSER:  Chrome 75.0 (Mozilla/5.0 (Windows NT 10.0; Win64; x64) AppleWebKit/537.36 (KHTML, like Gecko) Chrome/75.0.3770.142 Safari/537.36)
[2019-07-29 17:12:22] ---- CONTENT: {data : "<?xml version='1.0' encoding='utf-8' ?><Request ID='20190729171222684'><General><Token>61111131252223224013000011333653</Token></General><Data></Data></Request>"}
[2019-07-29 17:12:22] 200 - OK - application/json
[2019-07-29 17:12:23] REQUEST POST - https://localhost:8082/public/ws/Config.asmx/All_Get
[2019-07-29 17:12:23] ---- FROM  ::1 (WinNT)
[2019-07-29 17:12:23] ---- BROWSER:  Chrome 75.0 (Mozilla/5.0 (Windows NT 10.0; Win64; x64) AppleWebKit/537.36 (KHTML, like Gecko) Chrome/75.0.3770.142 Safari/537.36)
[2019-07-29 17:12:23] ---- CONTENT: {data : "<?xml version='1.0' encoding='utf-8' ?><Request ID='201907291712234'><General><Token>61111131252223224013000011333653</Token></General><Data></Data></Request>"}
[2019-07-29 17:12:23] REQUEST POST - https://localhost:8082/public/ws/Economics.asmx/messaggi_summary
[2019-07-29 17:12:23] ---- FROM  ::1 (WinNT)
[2019-07-29 17:12:23] ---- BROWSER:  Chrome 75.0 (Mozilla/5.0 (Windows NT 10.0; Win64; x64) AppleWebKit/537.36 (KHTML, like Gecko) Chrome/75.0.3770.142 Safari/537.36)
[2019-07-29 17:12:23] ---- CONTENT: {data : "<?xml version='1.0' encoding='utf-8' ?><Request ID='2019072917122389'><General><Token>61111131252223224013000011333653</Token></General><Data></Data></Request>"}
[2019-07-29 17:12:23] REQUEST POST - https://localhost:8082/public/ws/Config.asmx/All_Get
[2019-07-29 17:12:23] ---- FROM  ::1 (WinNT)
[2019-07-29 17:12:23] ---- BROWSER:  Chrome 75.0 (Mozilla/5.0 (Windows NT 10.0; Win64; x64) AppleWebKit/537.36 (KHTML, like Gecko) Chrome/75.0.3770.142 Safari/537.36)
[2019-07-29 17:12:23] ---- CONTENT: {data : "<?xml version='1.0' encoding='utf-8' ?><Request ID='20190729171223342'><General><Token>61111131252223224013000011333653</Token></General><Data></Data></Request>"}
[2019-07-29 17:12:23] 200 - OK - application/json
[2019-07-29 17:12:23] 200 - OK - application/json
[2019-07-29 17:12:23] 200 - OK - application/json
[2019-07-29 17:12:23] REQUEST POST - https://localhost:8082/public/ws/Config.asmx/All_Get
[2019-07-29 17:12:23] ---- FROM  ::1 (WinNT)
[2019-07-29 17:12:23] ---- BROWSER:  Chrome 75.0 (Mozilla/5.0 (Windows NT 10.0; Win64; x64) AppleWebKit/537.36 (KHTML, like Gecko) Chrome/75.0.3770.142 Safari/537.36)
[2019-07-29 17:12:23] ---- CONTENT: {data : "<?xml version='1.0' encoding='utf-8' ?><Request ID='20190729171223658'><General><Token>61111131252223224013000011333653</Token></General><Data></Data></Request>"}
[2019-07-29 17:12:26] 200 - OK - application/json
[2019-07-29 17:12:34] REQUEST GET - https://localhost:8082/economics/anno-precedente-conferma
[2019-07-29 17:12:34] ---- FROM  ::1 (WinNT)
[2019-07-29 17:12:34] ---- BROWSER:  Chrome 75.0 (Mozilla/5.0 (Windows NT 10.0; Win64; x64) AppleWebKit/537.36 (KHTML, like Gecko) Chrome/75.0.3770.142 Safari/537.36)
[2019-07-29 17:12:34] 200 - OK - text/html
[2019-07-29 17:12:36] REQUEST POST - https://localhost:8082/public/ws/AnnoPrec.asmx/Valutazione
[2019-07-29 17:12:36] ---- FROM  ::1 (WinNT)
[2019-07-29 17:12:36] ---- BROWSER:  Chrome 75.0 (Mozilla/5.0 (Windows NT 10.0; Win64; x64) AppleWebKit/537.36 (KHTML, like Gecko) Chrome/75.0.3770.142 Safari/537.36)
[2019-07-29 17:12:36] ---- CONTENT: {data : "<?xml version='1.0' encoding='utf-8' ?><Request ID='20190729171236766'><General><Token>61111131252223224013000011333653</Token></General><Data></Data></Request>"}
[2019-07-29 17:12:39] 200 - OK - application/json
[2019-07-29 17:12:39] REQUEST POST - https://localhost:8082/public/ws/Config.asmx/All_Get
[2019-07-29 17:12:39] ---- FROM  ::1 (WinNT)
[2019-07-29 17:12:39] ---- BROWSER:  Chrome 75.0 (Mozilla/5.0 (Windows NT 10.0; Win64; x64) AppleWebKit/537.36 (KHTML, like Gecko) Chrome/75.0.3770.142 Safari/537.36)
[2019-07-29 17:12:39] ---- CONTENT: {data : "<?xml version='1.0' encoding='utf-8' ?><Request ID='20190729171239541'><General><Token>61111131252223224013000011333653</Token></General><Data></Data></Request>"}
[2019-07-29 17:12:39] 200 - OK - application/json
[2019-07-29 17:12:39] REQUEST POST - https://localhost:8082/public/ws/Economics.asmx/messaggi_summary
[2019-07-29 17:12:39] ---- FROM  ::1 (WinNT)
[2019-07-29 17:12:39] ---- BROWSER:  Chrome 75.0 (Mozilla/5.0 (Windows NT 10.0; Win64; x64) AppleWebKit/537.36 (KHTML, like Gecko) Chrome/75.0.3770.142 Safari/537.36)
[2019-07-29 17:12:39] ---- CONTENT: {data : "<?xml version='1.0' encoding='utf-8' ?><Request ID='20190729171239647'><General><Token>61111131252223224013000011333653</Token></General><Data></Data></Request>"}
[2019-07-29 17:12:39] REQUEST GET - https://localhost:8082/public/ws/Resources.ashx/xml-economics/61111131252223224013000011333653
[2019-07-29 17:12:39] ---- FROM  ::1 (WinNT)
[2019-07-29 17:12:39] ---- BROWSER:  Chrome 75.0 (Mozilla/5.0 (Windows NT 10.0; Win64; x64) AppleWebKit/537.36 (KHTML, like Gecko) Chrome/75.0.3770.142 Safari/537.36)
[2019-07-29 17:12:39] 200 - OK - application/json
[2019-07-29 17:12:39] REQUEST POST - https://localhost:8082/public/ws/Config.asmx/All_Get
[2019-07-29 17:12:40] ---- FROM  ::1 (WinNT)
[2019-07-29 17:12:40] ---- BROWSER:  Chrome 75.0 (Mozilla/5.0 (Windows NT 10.0; Win64; x64) AppleWebKit/537.36 (KHTML, like Gecko) Chrome/75.0.3770.142 Safari/537.36)
[2019-07-29 17:12:39] 200 - OK - text/xml
[2019-07-29 17:12:40] ---- CONTENT: {data : "<?xml version='1.0' encoding='utf-8' ?><Request ID='20190729171239863'><General><Token>61111131252223224013000011333653</Token></General><Data></Data></Request>"}
[2019-07-29 17:12:40] 200 - OK - application/json
[2019-07-29 17:12:42] REQUEST POST - https://localhost:8082/public/ws/Config.asmx/All_Get
[2019-07-29 17:12:42] ---- FROM  ::1 (WinNT)
[2019-07-29 17:12:42] ---- BROWSER:  Chrome 75.0 (Mozilla/5.0 (Windows NT 10.0; Win64; x64) AppleWebKit/537.36 (KHTML, like Gecko) Chrome/75.0.3770.142 Safari/537.36)
[2019-07-29 17:12:42] ---- CONTENT: {data : "<?xml version='1.0' encoding='utf-8' ?><Request ID='2019072917124261'><General><Token>61111131252223224013000011333653</Token></General><Data></Data></Request>"}
[2019-07-29 17:12:43] 200 - OK - application/json
[2019-07-29 17:18:05] REQUEST GET - https://localhost:8082/public/aspx/Home.aspx?Token=61111131252223224013000011333653&TokenApiRest=eyJ0eXAiOiJKV1QiLCJhbGciOiJIUzI1NiJ9.eyJpc3MiOiJodHRwczpcL1wvd3d3cy5kZXYteWVhcC5pdCIsImlhdCI6MTU0MjI5NDMyMSwibmJmIjoxNTQyMjk0MzIxLCJleHAiOjE1NDI4OTkxMjEsImRhdGEiOnsidXNlciI6eyJpZCI6IjQ0In19fQ.RCP5OeoGASxAyBw1MbMD4BFJAcDM5JIXqYXKBALZcJI&Logo=https://localhost:8082/scratch/pl_logo.png&Title=Business Plan Test nr. 2
[2019-07-29 17:18:05] ---- FROM  ::1 (WinNT)
[2019-07-29 17:18:05] ---- BROWSER:  Chrome 75.0 (Mozilla/5.0 (Windows NT 10.0; Win64; x64) AppleWebKit/537.36 (KHTML, like Gecko) Chrome/75.0.3770.142 Safari/537.36)
[2019-07-29 17:18:05] 302 - Found - text/html
[2019-07-29 17:18:05] REQUEST GET - https://localhost:8082/home/welcome?Token=61111131252223224013000011333653&TokenApiRest=eyJ0eXAiOiJKV1QiLCJhbGciOiJIUzI1NiJ9.eyJpc3MiOiJodHRwczpcL1wvd3d3cy5kZXYteWVhcC5pdCIsImlhdCI6MTU0MjI5NDMyMSwibmJmIjoxNTQyMjk0MzIxLCJleHAiOjE1NDI4OTkxMjEsImRhdGEiOnsidXNlciI6eyJpZCI6IjQ0In19fQ.RCP5OeoGASxAyBw1MbMD4BFJAcDM5JIXqYXKBALZcJI&Logo=https://localhost:8082/scratch/pl_logo.png&Title=Business Plan Test nr. 2
[2019-07-29 17:18:05] ---- FROM  ::1 (WinNT)
[2019-07-29 17:18:05] ---- BROWSER:  Chrome 75.0 (Mozilla/5.0 (Windows NT 10.0; Win64; x64) AppleWebKit/537.36 (KHTML, like Gecko) Chrome/75.0.3770.142 Safari/537.36)
[2019-07-29 17:18:05] 200 - OK - text/html
[2019-07-29 17:18:06] REQUEST POST - https://localhost:8082/public/ws/General.asmx/Set
[2019-07-29 17:18:06] ---- FROM  ::1 (WinNT)
[2019-07-29 17:18:06] ---- BROWSER:  Chrome 75.0 (Mozilla/5.0 (Windows NT 10.0; Win64; x64) AppleWebKit/537.36 (KHTML, like Gecko) Chrome/75.0.3770.142 Safari/537.36)
[2019-07-29 17:18:06] ---- CONTENT: {data : "<?xml version='1.0' encoding='utf-8' ?><Request ID='20190729171805994'><General><Token>61111131252223224013000011333653</Token></General><Data><Nome>Business Plan Test nr. 2</Nome><Logo>https%3A%2F%2Flocalhost%3A8082%2Fscratch%2Fpl_logo.png</Logo></Data></Request>"}
[2019-07-29 17:18:06] 200 - OK - application/json
[2019-07-29 17:18:06] REQUEST POST - https://localhost:8082/public/ws/Config.asmx/Economics_Get
[2019-07-29 17:18:06] ---- FROM  ::1 (WinNT)
[2019-07-29 17:18:06] ---- BROWSER:  Chrome 75.0 (Mozilla/5.0 (Windows NT 10.0; Win64; x64) AppleWebKit/537.36 (KHTML, like Gecko) Chrome/75.0.3770.142 Safari/537.36)
[2019-07-29 17:18:06] ---- CONTENT: {data : "<?xml version='1.0' encoding='utf-8' ?><Request ID='2019072917180626'><General><Token>61111131252223224013000011333653</Token></General><Data></Data></Request>"}
[2019-07-29 17:18:06] 200 - OK - application/json
[2019-07-29 17:18:06] REQUEST POST - https://localhost:8082/public/ws/Config.asmx/All_Get
[2019-07-29 17:18:06] ---- FROM  ::1 (WinNT)
[2019-07-29 17:18:06] ---- BROWSER:  Chrome 75.0 (Mozilla/5.0 (Windows NT 10.0; Win64; x64) AppleWebKit/537.36 (KHTML, like Gecko) Chrome/75.0.3770.142 Safari/537.36)
[2019-07-29 17:18:06] ---- CONTENT: {data : "<?xml version='1.0' encoding='utf-8' ?><Request ID='20190729171806142'><General><Token>61111131252223224013000011333653</Token></General><Data></Data></Request>"}
[2019-07-29 17:18:06] REQUEST POST - https://localhost:8082/public/ws/Economics.asmx/messaggi_summary
[2019-07-29 17:18:06] ---- FROM  ::1 (WinNT)
[2019-07-29 17:18:06] ---- BROWSER:  Chrome 75.0 (Mozilla/5.0 (Windows NT 10.0; Win64; x64) AppleWebKit/537.36 (KHTML, like Gecko) Chrome/75.0.3770.142 Safari/537.36)
[2019-07-29 17:18:06] ---- CONTENT: {data : "<?xml version='1.0' encoding='utf-8' ?><Request ID='20190729171806186'><General><Token>61111131252223224013000011333653</Token></General><Data></Data></Request>"}
[2019-07-29 17:18:06] 200 - OK - application/json
[2019-07-29 17:18:06] 200 - OK - application/json
[2019-07-29 17:18:06] REQUEST POST - https://localhost:8082/public/ws/Config.asmx/All_Get
[2019-07-29 17:18:06] ---- FROM  ::1 (WinNT)
[2019-07-29 17:18:06] ---- BROWSER:  Chrome 75.0 (Mozilla/5.0 (Windows NT 10.0; Win64; x64) AppleWebKit/537.36 (KHTML, like Gecko) Chrome/75.0.3770.142 Safari/537.36)
[2019-07-29 17:18:06] ---- CONTENT: {data : "<?xml version='1.0' encoding='utf-8' ?><Request ID='20190729171806274'><General><Token>61111131252223224013000011333653</Token></General><Data></Data></Request>"}
[2019-07-29 17:18:06] 200 - OK - application/json
[2019-07-29 17:18:06] REQUEST POST - https://localhost:8082/public/ws/Config.asmx/All_Get
[2019-07-29 17:18:06] ---- FROM  ::1 (WinNT)
[2019-07-29 17:18:06] ---- BROWSER:  Chrome 75.0 (Mozilla/5.0 (Windows NT 10.0; Win64; x64) AppleWebKit/537.36 (KHTML, like Gecko) Chrome/75.0.3770.142 Safari/537.36)
[2019-07-29 17:18:06] ---- CONTENT: {data : "<?xml version='1.0' encoding='utf-8' ?><Request ID='20190729171806378'><General><Token>61111131252223224013000011333653</Token></General><Data></Data></Request>"}
[2019-07-29 17:18:06] 200 - OK - application/json
[2019-07-29 17:18:15] REQUEST GET - https://localhost:8082/economics/anno-precedente-conferma
[2019-07-29 17:18:15] ---- FROM  ::1 (WinNT)
[2019-07-29 17:18:15] ---- BROWSER:  Chrome 75.0 (Mozilla/5.0 (Windows NT 10.0; Win64; x64) AppleWebKit/537.36 (KHTML, like Gecko) Chrome/75.0.3770.142 Safari/537.36)
[2019-07-29 17:18:15] 200 - OK - text/html
[2019-07-29 17:18:16] REQUEST POST - https://localhost:8082/public/ws/AnnoPrec.asmx/Valutazione
[2019-07-29 17:18:16] ---- FROM  ::1 (WinNT)
[2019-07-29 17:18:16] ---- BROWSER:  Chrome 75.0 (Mozilla/5.0 (Windows NT 10.0; Win64; x64) AppleWebKit/537.36 (KHTML, like Gecko) Chrome/75.0.3770.142 Safari/537.36)
[2019-07-29 17:18:16] ---- CONTENT: {data : "<?xml version='1.0' encoding='utf-8' ?><Request ID='20190729171816422'><General><Token>61111131252223224013000011333653</Token></General><Data></Data></Request>"}
[2019-07-29 17:18:17] 200 - OK - application/json
[2019-07-29 17:18:17] REQUEST POST - https://localhost:8082/public/ws/Economics.asmx/messaggi_summary
[2019-07-29 17:18:17] ---- FROM  ::1 (WinNT)
[2019-07-29 17:18:17] ---- BROWSER:  Chrome 75.0 (Mozilla/5.0 (Windows NT 10.0; Win64; x64) AppleWebKit/537.36 (KHTML, like Gecko) Chrome/75.0.3770.142 Safari/537.36)
[2019-07-29 17:18:17] ---- CONTENT: {data : "<?xml version='1.0' encoding='utf-8' ?><Request ID='20190729171817746'><General><Token>61111131252223224013000011333653</Token></General><Data></Data></Request>"}
[2019-07-29 17:18:17] 200 - OK - application/json
[2019-07-29 17:18:17] REQUEST POST - https://localhost:8082/public/ws/Config.asmx/All_Get
[2019-07-29 17:18:17] ---- FROM  ::1 (WinNT)
[2019-07-29 17:18:17] ---- BROWSER:  Chrome 75.0 (Mozilla/5.0 (Windows NT 10.0; Win64; x64) AppleWebKit/537.36 (KHTML, like Gecko) Chrome/75.0.3770.142 Safari/537.36)
[2019-07-29 17:18:17] ---- CONTENT: {data : "<?xml version='1.0' encoding='utf-8' ?><Request ID='20190729171817780'><General><Token>61111131252223224013000011333653</Token></General><Data></Data></Request>"}
[2019-07-29 17:18:17] REQUEST POST - https://localhost:8082/public/ws/Config.asmx/All_Get
[2019-07-29 17:18:17] ---- FROM  ::1 (WinNT)
[2019-07-29 17:18:17] ---- BROWSER:  Chrome 75.0 (Mozilla/5.0 (Windows NT 10.0; Win64; x64) AppleWebKit/537.36 (KHTML, like Gecko) Chrome/75.0.3770.142 Safari/537.36)
[2019-07-29 17:18:17] ---- CONTENT: {data : "<?xml version='1.0' encoding='utf-8' ?><Request ID='20190729171817798'><General><Token>61111131252223224013000011333653</Token></General><Data></Data></Request>"}
[2019-07-29 17:18:17] REQUEST GET - https://localhost:8082/public/ws/Resources.ashx/xml-economics/61111131252223224013000011333653
[2019-07-29 17:18:17] ---- FROM  ::1 (WinNT)
[2019-07-29 17:18:17] ---- BROWSER:  Chrome 75.0 (Mozilla/5.0 (Windows NT 10.0; Win64; x64) AppleWebKit/537.36 (KHTML, like Gecko) Chrome/75.0.3770.142 Safari/537.36)
[2019-07-29 17:18:17] 200 - OK - application/json
[2019-07-29 17:18:18] 200 - OK - application/json
[2019-07-29 17:18:18] 200 - OK - text/xml
[2019-07-29 17:18:23] REQUEST POST - https://localhost:8082/public/ws/Config.asmx/All_Get
[2019-07-29 17:18:23] ---- FROM  ::1 (WinNT)
[2019-07-29 17:18:23] ---- BROWSER:  Chrome 75.0 (Mozilla/5.0 (Windows NT 10.0; Win64; x64) AppleWebKit/537.36 (KHTML, like Gecko) Chrome/75.0.3770.142 Safari/537.36)
[2019-07-29 17:18:23] ---- CONTENT: {data : "<?xml version='1.0' encoding='utf-8' ?><Request ID='20190729171823136'><General><Token>61111131252223224013000011333653</Token></General><Data></Data></Request>"}
[2019-07-29 17:18:23] 200 - OK - application/json
[2019-07-29 17:19:14] REQUEST GET - https://localhost:8082/public/aspx/Home.aspx?Token=61111131252223224013000011333653&TokenApiRest=eyJ0eXAiOiJKV1QiLCJhbGciOiJIUzI1NiJ9.eyJpc3MiOiJodHRwczpcL1wvd3d3cy5kZXYteWVhcC5pdCIsImlhdCI6MTU0MjI5NDMyMSwibmJmIjoxNTQyMjk0MzIxLCJleHAiOjE1NDI4OTkxMjEsImRhdGEiOnsidXNlciI6eyJpZCI6IjQ0In19fQ.RCP5OeoGASxAyBw1MbMD4BFJAcDM5JIXqYXKBALZcJI&Logo=https://localhost:8082/scratch/pl_logo.png&Title=Business Plan Test nr. 2
[2019-07-29 17:19:14] ---- FROM  ::1 (WinNT)
[2019-07-29 17:19:14] ---- BROWSER:  Chrome 75.0 (Mozilla/5.0 (Windows NT 10.0; Win64; x64) AppleWebKit/537.36 (KHTML, like Gecko) Chrome/75.0.3770.142 Safari/537.36)
[2019-07-29 17:19:14] 302 - Found - text/html
[2019-07-29 17:19:14] REQUEST GET - https://localhost:8082/home/welcome?Token=61111131252223224013000011333653&TokenApiRest=eyJ0eXAiOiJKV1QiLCJhbGciOiJIUzI1NiJ9.eyJpc3MiOiJodHRwczpcL1wvd3d3cy5kZXYteWVhcC5pdCIsImlhdCI6MTU0MjI5NDMyMSwibmJmIjoxNTQyMjk0MzIxLCJleHAiOjE1NDI4OTkxMjEsImRhdGEiOnsidXNlciI6eyJpZCI6IjQ0In19fQ.RCP5OeoGASxAyBw1MbMD4BFJAcDM5JIXqYXKBALZcJI&Logo=https://localhost:8082/scratch/pl_logo.png&Title=Business Plan Test nr. 2
[2019-07-29 17:19:14] ---- FROM  ::1 (WinNT)
[2019-07-29 17:19:14] ---- BROWSER:  Chrome 75.0 (Mozilla/5.0 (Windows NT 10.0; Win64; x64) AppleWebKit/537.36 (KHTML, like Gecko) Chrome/75.0.3770.142 Safari/537.36)
[2019-07-29 17:19:14] 200 - OK - text/html
[2019-07-29 17:19:15] REQUEST POST - https://localhost:8082/public/ws/General.asmx/Set
[2019-07-29 17:19:15] ---- FROM  ::1 (WinNT)
[2019-07-29 17:19:15] ---- BROWSER:  Chrome 75.0 (Mozilla/5.0 (Windows NT 10.0; Win64; x64) AppleWebKit/537.36 (KHTML, like Gecko) Chrome/75.0.3770.142 Safari/537.36)
[2019-07-29 17:19:15] ---- CONTENT: {data : "<?xml version='1.0' encoding='utf-8' ?><Request ID='20190729171915592'><General><Token>61111131252223224013000011333653</Token></General><Data><Nome>Business Plan Test nr. 2</Nome><Logo>https%3A%2F%2Flocalhost%3A8082%2Fscratch%2Fpl_logo.png</Logo></Data></Request>"}
[2019-07-29 17:19:15] 200 - OK - application/json
[2019-07-29 17:19:15] REQUEST POST - https://localhost:8082/public/ws/Config.asmx/Economics_Get
[2019-07-29 17:19:15] ---- FROM  ::1 (WinNT)
[2019-07-29 17:19:15] ---- BROWSER:  Chrome 75.0 (Mozilla/5.0 (Windows NT 10.0; Win64; x64) AppleWebKit/537.36 (KHTML, like Gecko) Chrome/75.0.3770.142 Safari/537.36)
[2019-07-29 17:19:15] ---- CONTENT: {data : "<?xml version='1.0' encoding='utf-8' ?><Request ID='20190729171915662'><General><Token>61111131252223224013000011333653</Token></General><Data></Data></Request>"}
[2019-07-29 17:19:15] 200 - OK - application/json
[2019-07-29 17:19:15] REQUEST POST - https://localhost:8082/public/ws/Config.asmx/All_Get
[2019-07-29 17:19:15] ---- FROM  ::1 (WinNT)
[2019-07-29 17:19:15] ---- BROWSER:  Chrome 75.0 (Mozilla/5.0 (Windows NT 10.0; Win64; x64) AppleWebKit/537.36 (KHTML, like Gecko) Chrome/75.0.3770.142 Safari/537.36)
[2019-07-29 17:19:15] ---- CONTENT: {data : "<?xml version='1.0' encoding='utf-8' ?><Request ID='20190729171915849'><General><Token>61111131252223224013000011333653</Token></General><Data></Data></Request>"}
[2019-07-29 17:19:16] REQUEST POST - https://localhost:8082/public/ws/Economics.asmx/messaggi_summary
[2019-07-29 17:19:16] ---- FROM  ::1 (WinNT)
[2019-07-29 17:19:16] 200 - OK - application/json
[2019-07-29 17:19:16] ---- BROWSER:  Chrome 75.0 (Mozilla/5.0 (Windows NT 10.0; Win64; x64) AppleWebKit/537.36 (KHTML, like Gecko) Chrome/75.0.3770.142 Safari/537.36)
[2019-07-29 17:19:16] ---- CONTENT: {data : "<?xml version='1.0' encoding='utf-8' ?><Request ID='2019072917191632'><General><Token>61111131252223224013000011333653</Token></General><Data></Data></Request>"}
[2019-07-29 17:19:16] REQUEST POST - https://localhost:8082/public/ws/Config.asmx/All_Get
[2019-07-29 17:19:16] ---- FROM  ::1 (WinNT)
[2019-07-29 17:19:16] ---- BROWSER:  Chrome 75.0 (Mozilla/5.0 (Windows NT 10.0; Win64; x64) AppleWebKit/537.36 (KHTML, like Gecko) Chrome/75.0.3770.142 Safari/537.36)
[2019-07-29 17:19:16] ---- CONTENT: {data : "<?xml version='1.0' encoding='utf-8' ?><Request ID='20190729171916275'><General><Token>61111131252223224013000011333653</Token></General><Data></Data></Request>"}
[2019-07-29 17:19:16] 200 - OK - application/json
[2019-07-29 17:19:16] REQUEST POST - https://localhost:8082/public/ws/Config.asmx/All_Get
[2019-07-29 17:19:16] ---- FROM  ::1 (WinNT)
[2019-07-29 17:19:16] 200 - OK - application/json
[2019-07-29 17:19:16] ---- BROWSER:  Chrome 75.0 (Mozilla/5.0 (Windows NT 10.0; Win64; x64) AppleWebKit/537.36 (KHTML, like Gecko) Chrome/75.0.3770.142 Safari/537.36)
[2019-07-29 17:19:16] ---- CONTENT: {data : "<?xml version='1.0' encoding='utf-8' ?><Request ID='20190729171916403'><General><Token>61111131252223224013000011333653</Token></General><Data></Data></Request>"}
[2019-07-29 17:19:19] 200 - OK - application/json
[2019-07-29 17:19:26] REQUEST GET - https://localhost:8082/economics/anno-precedente-conferma
[2019-07-29 17:19:26] ---- FROM  ::1 (WinNT)
[2019-07-29 17:19:26] ---- BROWSER:  Chrome 75.0 (Mozilla/5.0 (Windows NT 10.0; Win64; x64) AppleWebKit/537.36 (KHTML, like Gecko) Chrome/75.0.3770.142 Safari/537.36)
[2019-07-29 17:19:26] 200 - OK - text/html
[2019-07-29 17:19:27] REQUEST POST - https://localhost:8082/public/ws/AnnoPrec.asmx/Valutazione
[2019-07-29 17:19:27] ---- FROM  ::1 (WinNT)
[2019-07-29 17:19:27] ---- BROWSER:  Chrome 75.0 (Mozilla/5.0 (Windows NT 10.0; Win64; x64) AppleWebKit/537.36 (KHTML, like Gecko) Chrome/75.0.3770.142 Safari/537.36)
[2019-07-29 17:19:27] ---- CONTENT: {data : "<?xml version='1.0' encoding='utf-8' ?><Request ID='20190729171927673'><General><Token>61111131252223224013000011333653</Token></General><Data></Data></Request>"}
[2019-07-29 17:19:29] 200 - OK - application/json
[2019-07-29 17:19:29] REQUEST POST - https://localhost:8082/public/ws/Economics.asmx/messaggi_summary
[2019-07-29 17:19:29] ---- FROM  ::1 (WinNT)
[2019-07-29 17:19:29] ---- BROWSER:  Chrome 75.0 (Mozilla/5.0 (Windows NT 10.0; Win64; x64) AppleWebKit/537.36 (KHTML, like Gecko) Chrome/75.0.3770.142 Safari/537.36)
[2019-07-29 17:19:29] REQUEST POST - https://localhost:8082/public/ws/Config.asmx/All_Get
[2019-07-29 17:19:29] ---- CONTENT: {data : "<?xml version='1.0' encoding='utf-8' ?><Request ID='20190729171929576'><General><Token>61111131252223224013000011333653</Token></General><Data></Data></Request>"}
[2019-07-29 17:19:29] REQUEST GET - https://localhost:8082/public/ws/Resources.ashx/xml-economics/61111131252223224013000011333653
[2019-07-29 17:19:29] ---- FROM  ::1 (WinNT)
[2019-07-29 17:19:29] ---- FROM  ::1 (WinNT)
[2019-07-29 17:19:29] ---- BROWSER:  Chrome 75.0 (Mozilla/5.0 (Windows NT 10.0; Win64; x64) AppleWebKit/537.36 (KHTML, like Gecko) Chrome/75.0.3770.142 Safari/537.36)
[2019-07-29 17:19:29] 200 - OK - application/json
[2019-07-29 17:19:29] ---- CONTENT: {data : "<?xml version='1.0' encoding='utf-8' ?><Request ID='20190729171929596'><General><Token>61111131252223224013000011333653</Token></General><Data></Data></Request>"}
[2019-07-29 17:19:29] ---- BROWSER:  Chrome 75.0 (Mozilla/5.0 (Windows NT 10.0; Win64; x64) AppleWebKit/537.36 (KHTML, like Gecko) Chrome/75.0.3770.142 Safari/537.36)
[2019-07-29 17:19:29] REQUEST POST - https://localhost:8082/public/ws/Config.asmx/All_Get
[2019-07-29 17:19:29] ---- FROM  ::1 (WinNT)
[2019-07-29 17:19:29] ---- BROWSER:  Chrome 75.0 (Mozilla/5.0 (Windows NT 10.0; Win64; x64) AppleWebKit/537.36 (KHTML, like Gecko) Chrome/75.0.3770.142 Safari/537.36)
[2019-07-29 17:19:30] ---- CONTENT: {data : "<?xml version='1.0' encoding='utf-8' ?><Request ID='20190729171929760'><General><Token>61111131252223224013000011333653</Token></General><Data></Data></Request>"}
[2019-07-29 17:19:29] 200 - OK - application/json
[2019-07-29 17:19:29] 200 - OK - text/xml
[2019-07-29 17:19:30] 200 - OK - application/json
[2019-07-29 17:19:31] REQUEST POST - https://localhost:8082/public/ws/Config.asmx/All_Get
[2019-07-29 17:19:31] ---- FROM  ::1 (WinNT)
[2019-07-29 17:19:31] ---- BROWSER:  Chrome 75.0 (Mozilla/5.0 (Windows NT 10.0; Win64; x64) AppleWebKit/537.36 (KHTML, like Gecko) Chrome/75.0.3770.142 Safari/537.36)
[2019-07-29 17:19:31] ---- CONTENT: {data : "<?xml version='1.0' encoding='utf-8' ?><Request ID='20190729171931392'><General><Token>61111131252223224013000011333653</Token></General><Data></Data></Request>"}
[2019-07-29 17:19:31] 200 - OK - application/json
[2019-07-29 17:22:08] REQUEST GET - https://localhost:8082/public/aspx/Home.aspx?Token=61111131252223224013000011333653&TokenApiRest=eyJ0eXAiOiJKV1QiLCJhbGciOiJIUzI1NiJ9.eyJpc3MiOiJodHRwczpcL1wvd3d3cy5kZXYteWVhcC5pdCIsImlhdCI6MTU0MjI5NDMyMSwibmJmIjoxNTQyMjk0MzIxLCJleHAiOjE1NDI4OTkxMjEsImRhdGEiOnsidXNlciI6eyJpZCI6IjQ0In19fQ.RCP5OeoGASxAyBw1MbMD4BFJAcDM5JIXqYXKBALZcJI&Logo=https://localhost:8082/scratch/pl_logo.png&Title=Business Plan Test nr. 2
[2019-07-29 17:22:08] ---- FROM  ::1 (WinNT)
[2019-07-29 17:22:08] ---- BROWSER:  Chrome 75.0 (Mozilla/5.0 (Windows NT 10.0; Win64; x64) AppleWebKit/537.36 (KHTML, like Gecko) Chrome/75.0.3770.142 Safari/537.36)
[2019-07-29 17:22:08] 302 - Found - text/html
[2019-07-29 17:22:08] REQUEST GET - https://localhost:8082/home/welcome?Token=61111131252223224013000011333653&TokenApiRest=eyJ0eXAiOiJKV1QiLCJhbGciOiJIUzI1NiJ9.eyJpc3MiOiJodHRwczpcL1wvd3d3cy5kZXYteWVhcC5pdCIsImlhdCI6MTU0MjI5NDMyMSwibmJmIjoxNTQyMjk0MzIxLCJleHAiOjE1NDI4OTkxMjEsImRhdGEiOnsidXNlciI6eyJpZCI6IjQ0In19fQ.RCP5OeoGASxAyBw1MbMD4BFJAcDM5JIXqYXKBALZcJI&Logo=https://localhost:8082/scratch/pl_logo.png&Title=Business Plan Test nr. 2
[2019-07-29 17:22:08] ---- FROM  ::1 (WinNT)
[2019-07-29 17:22:08] ---- BROWSER:  Chrome 75.0 (Mozilla/5.0 (Windows NT 10.0; Win64; x64) AppleWebKit/537.36 (KHTML, like Gecko) Chrome/75.0.3770.142 Safari/537.36)
[2019-07-29 17:22:08] 200 - OK - text/html
[2019-07-29 17:22:11] REQUEST POST - https://localhost:8082/public/ws/General.asmx/Set
[2019-07-29 17:22:11] ---- FROM  ::1 (WinNT)
[2019-07-29 17:22:11] ---- BROWSER:  Chrome 75.0 (Mozilla/5.0 (Windows NT 10.0; Win64; x64) AppleWebKit/537.36 (KHTML, like Gecko) Chrome/75.0.3770.142 Safari/537.36)
[2019-07-29 17:22:11] ---- CONTENT: {data : "<?xml version='1.0' encoding='utf-8' ?><Request ID='20190729172211282'><General><Token>61111131252223224013000011333653</Token></General><Data><Nome>Business Plan Test nr. 2</Nome><Logo>https%3A%2F%2Flocalhost%3A8082%2Fscratch%2Fpl_logo.png</Logo></Data></Request>"}
[2019-07-29 17:22:11] 200 - OK - application/json
[2019-07-29 17:22:11] REQUEST POST - https://localhost:8082/public/ws/Config.asmx/Economics_Get
[2019-07-29 17:22:11] ---- FROM  ::1 (WinNT)
[2019-07-29 17:22:11] ---- BROWSER:  Chrome 75.0 (Mozilla/5.0 (Windows NT 10.0; Win64; x64) AppleWebKit/537.36 (KHTML, like Gecko) Chrome/75.0.3770.142 Safari/537.36)
[2019-07-29 17:22:11] ---- CONTENT: {data : "<?xml version='1.0' encoding='utf-8' ?><Request ID='20190729172211316'><General><Token>61111131252223224013000011333653</Token></General><Data></Data></Request>"}
[2019-07-29 17:22:11] 200 - OK - application/json
[2019-07-29 17:22:11] REQUEST POST - https://localhost:8082/public/ws/Config.asmx/All_Get
[2019-07-29 17:22:11] ---- FROM  ::1 (WinNT)
[2019-07-29 17:22:11] ---- BROWSER:  Chrome 75.0 (Mozilla/5.0 (Windows NT 10.0; Win64; x64) AppleWebKit/537.36 (KHTML, like Gecko) Chrome/75.0.3770.142 Safari/537.36)
[2019-07-29 17:22:11] ---- CONTENT: {data : "<?xml version='1.0' encoding='utf-8' ?><Request ID='20190729172211498'><General><Token>61111131252223224013000011333653</Token></General><Data></Data></Request>"}
[2019-07-29 17:22:11] REQUEST POST - https://localhost:8082/public/ws/Economics.asmx/messaggi_summary
[2019-07-29 17:22:11] ---- FROM  ::1 (WinNT)
[2019-07-29 17:22:11] ---- BROWSER:  Chrome 75.0 (Mozilla/5.0 (Windows NT 10.0; Win64; x64) AppleWebKit/537.36 (KHTML, like Gecko) Chrome/75.0.3770.142 Safari/537.36)
[2019-07-29 17:22:11] ---- CONTENT: {data : "<?xml version='1.0' encoding='utf-8' ?><Request ID='20190729172211541'><General><Token>61111131252223224013000011333653</Token></General><Data></Data></Request>"}
[2019-07-29 17:22:11] 200 - OK - application/json
[2019-07-29 17:22:11] 200 - OK - application/json
[2019-07-29 17:22:11] REQUEST POST - https://localhost:8082/public/ws/Config.asmx/All_Get
[2019-07-29 17:22:11] ---- FROM  ::1 (WinNT)
[2019-07-29 17:22:11] ---- BROWSER:  Chrome 75.0 (Mozilla/5.0 (Windows NT 10.0; Win64; x64) AppleWebKit/537.36 (KHTML, like Gecko) Chrome/75.0.3770.142 Safari/537.36)
[2019-07-29 17:22:11] ---- CONTENT: {data : "<?xml version='1.0' encoding='utf-8' ?><Request ID='20190729172211685'><General><Token>61111131252223224013000011333653</Token></General><Data></Data></Request>"}
[2019-07-29 17:22:11] REQUEST POST - https://localhost:8082/public/ws/Config.asmx/All_Get
[2019-07-29 17:22:11] ---- FROM  ::1 (WinNT)
[2019-07-29 17:22:11] ---- BROWSER:  Chrome 75.0 (Mozilla/5.0 (Windows NT 10.0; Win64; x64) AppleWebKit/537.36 (KHTML, like Gecko) Chrome/75.0.3770.142 Safari/537.36)
[2019-07-29 17:22:11] ---- CONTENT: {data : "<?xml version='1.0' encoding='utf-8' ?><Request ID='20190729172211830'><General><Token>61111131252223224013000011333653</Token></General><Data></Data></Request>"}
[2019-07-29 17:22:11] 200 - OK - application/json
[2019-07-29 17:22:11] 200 - OK - application/json
[2019-07-29 17:22:20] REQUEST GET - https://localhost:8082/economics/anno-precedente-conferma
[2019-07-29 17:22:20] ---- FROM  ::1 (WinNT)
[2019-07-29 17:22:20] ---- BROWSER:  Chrome 75.0 (Mozilla/5.0 (Windows NT 10.0; Win64; x64) AppleWebKit/537.36 (KHTML, like Gecko) Chrome/75.0.3770.142 Safari/537.36)
[2019-07-29 17:22:20] 200 - OK - text/html
[2019-07-29 17:22:22] REQUEST POST - https://localhost:8082/public/ws/AnnoPrec.asmx/Valutazione
[2019-07-29 17:22:22] ---- FROM  ::1 (WinNT)
[2019-07-29 17:22:22] ---- BROWSER:  Chrome 75.0 (Mozilla/5.0 (Windows NT 10.0; Win64; x64) AppleWebKit/537.36 (KHTML, like Gecko) Chrome/75.0.3770.142 Safari/537.36)
[2019-07-29 17:22:22] ---- CONTENT: {data : "<?xml version='1.0' encoding='utf-8' ?><Request ID='20190729172222823'><General><Token>61111131252223224013000011333653</Token></General><Data></Data></Request>"}
[2019-07-29 17:22:24] 200 - OK - application/json
[2019-07-29 17:22:24] REQUEST POST - https://localhost:8082/public/ws/Config.asmx/All_Get
[2019-07-29 17:22:24] ---- FROM  ::1 (WinNT)
[2019-07-29 17:22:24] ---- BROWSER:  Chrome 75.0 (Mozilla/5.0 (Windows NT 10.0; Win64; x64) AppleWebKit/537.36 (KHTML, like Gecko) Chrome/75.0.3770.142 Safari/537.36)
[2019-07-29 17:22:24] ---- CONTENT: {data : "<?xml version='1.0' encoding='utf-8' ?><Request ID='20190729172224688'><General><Token>61111131252223224013000011333653</Token></General><Data></Data></Request>"}
[2019-07-29 17:22:24] 200 - OK - application/json
[2019-07-29 17:22:24] REQUEST POST - https://localhost:8082/public/ws/Economics.asmx/messaggi_summary
[2019-07-29 17:22:25] ---- FROM  ::1 (WinNT)
[2019-07-29 17:22:25] ---- BROWSER:  Chrome 75.0 (Mozilla/5.0 (Windows NT 10.0; Win64; x64) AppleWebKit/537.36 (KHTML, like Gecko) Chrome/75.0.3770.142 Safari/537.36)
[2019-07-29 17:22:25] REQUEST GET - https://localhost:8082/public/ws/Resources.ashx/xml-economics/61111131252223224013000011333653
[2019-07-29 17:22:25] ---- FROM  ::1 (WinNT)
[2019-07-29 17:22:25] ---- BROWSER:  Chrome 75.0 (Mozilla/5.0 (Windows NT 10.0; Win64; x64) AppleWebKit/537.36 (KHTML, like Gecko) Chrome/75.0.3770.142 Safari/537.36)
[2019-07-29 17:22:25] ---- CONTENT: {data : "<?xml version='1.0' encoding='utf-8' ?><Request ID='20190729172224744'><General><Token>61111131252223224013000011333653</Token></General><Data></Data></Request>"}
[2019-07-29 17:22:25] 200 - OK - application/json
[2019-07-29 17:22:25] REQUEST POST - https://localhost:8082/public/ws/Config.asmx/All_Get
[2019-07-29 17:22:25] ---- FROM  ::1 (WinNT)
[2019-07-29 17:22:25] ---- BROWSER:  Chrome 75.0 (Mozilla/5.0 (Windows NT 10.0; Win64; x64) AppleWebKit/537.36 (KHTML, like Gecko) Chrome/75.0.3770.142 Safari/537.36)
[2019-07-29 17:22:25] ---- CONTENT: {data : "<?xml version='1.0' encoding='utf-8' ?><Request ID='2019072917222595'><General><Token>61111131252223224013000011333653</Token></General><Data></Data></Request>"}
[2019-07-29 17:22:25] 200 - OK - text/xml
[2019-07-29 17:22:25] 200 - OK - application/json
[2019-07-29 17:22:26] REQUEST POST - https://localhost:8082/public/ws/Config.asmx/All_Get
[2019-07-29 17:22:26] ---- FROM  ::1 (WinNT)
[2019-07-29 17:22:26] ---- BROWSER:  Chrome 75.0 (Mozilla/5.0 (Windows NT 10.0; Win64; x64) AppleWebKit/537.36 (KHTML, like Gecko) Chrome/75.0.3770.142 Safari/537.36)
[2019-07-29 17:22:26] ---- CONTENT: {data : "<?xml version='1.0' encoding='utf-8' ?><Request ID='20190729172226562'><General><Token>61111131252223224013000011333653</Token></General><Data></Data></Request>"}
[2019-07-29 17:22:26] 200 - OK - application/json
[2019-07-29 17:25:55] REQUEST GET - https://localhost:8082/economics/anno-precedente-conferma
[2019-07-29 17:25:55] ---- FROM  ::1 (WinNT)
[2019-07-29 17:25:55] ---- BROWSER:  Chrome 75.0 (Mozilla/5.0 (Windows NT 10.0; Win64; x64) AppleWebKit/537.36 (KHTML, like Gecko) Chrome/75.0.3770.142 Safari/537.36)
[2019-07-29 17:25:55] 200 - OK - text/html
[2019-07-29 17:25:58] REQUEST POST - https://localhost:8082/public/ws/AnnoPrec.asmx/Valutazione
[2019-07-29 17:25:58] ---- FROM  ::1 (WinNT)
[2019-07-29 17:25:58] ---- BROWSER:  Chrome 75.0 (Mozilla/5.0 (Windows NT 10.0; Win64; x64) AppleWebKit/537.36 (KHTML, like Gecko) Chrome/75.0.3770.142 Safari/537.36)
[2019-07-29 17:25:58] ---- CONTENT: {data : "<?xml version='1.0' encoding='utf-8' ?><Request ID='20190729172558351'><General><Token>61111131252223224013000011333653</Token></General><Data></Data></Request>"}
[2019-07-29 17:26:00] 200 - OK - application/json
[2019-07-29 17:26:00] REQUEST POST - https://localhost:8082/public/ws/Config.asmx/All_Get
[2019-07-29 17:26:00] ---- FROM  ::1 (WinNT)
[2019-07-29 17:26:00] ---- BROWSER:  Chrome 75.0 (Mozilla/5.0 (Windows NT 10.0; Win64; x64) AppleWebKit/537.36 (KHTML, like Gecko) Chrome/75.0.3770.142 Safari/537.36)
[2019-07-29 17:26:00] ---- CONTENT: {data : "<?xml version='1.0' encoding='utf-8' ?><Request ID='20190729172600311'><General><Token>61111131252223224013000011333653</Token></General><Data></Data></Request>"}
[2019-07-29 17:26:00] 200 - OK - application/json
[2019-07-29 17:26:00] REQUEST POST - https://localhost:8082/public/ws/Economics.asmx/messaggi_summary
[2019-07-29 17:26:00] ---- FROM  ::1 (WinNT)
[2019-07-29 17:26:00] ---- BROWSER:  Chrome 75.0 (Mozilla/5.0 (Windows NT 10.0; Win64; x64) AppleWebKit/537.36 (KHTML, like Gecko) Chrome/75.0.3770.142 Safari/537.36)
[2019-07-29 17:26:00] ---- CONTENT: {data : "<?xml version='1.0' encoding='utf-8' ?><Request ID='20190729172600385'><General><Token>61111131252223224013000011333653</Token></General><Data></Data></Request>"}
[2019-07-29 17:26:00] 200 - OK - application/json
[2019-07-29 17:26:00] REQUEST GET - https://localhost:8082/public/ws/Resources.ashx/xml-economics/61111131252223224013000011333653
[2019-07-29 17:26:00] ---- FROM  ::1 (WinNT)
[2019-07-29 17:26:00] ---- BROWSER:  Chrome 75.0 (Mozilla/5.0 (Windows NT 10.0; Win64; x64) AppleWebKit/537.36 (KHTML, like Gecko) Chrome/75.0.3770.142 Safari/537.36)
[2019-07-29 17:26:00] REQUEST POST - https://localhost:8082/public/ws/Config.asmx/All_Get
[2019-07-29 17:26:00] ---- FROM  ::1 (WinNT)
[2019-07-29 17:26:00] ---- BROWSER:  Chrome 75.0 (Mozilla/5.0 (Windows NT 10.0; Win64; x64) AppleWebKit/537.36 (KHTML, like Gecko) Chrome/75.0.3770.142 Safari/537.36)
[2019-07-29 17:26:00] ---- CONTENT: {data : "<?xml version='1.0' encoding='utf-8' ?><Request ID='20190729172600445'><General><Token>61111131252223224013000011333653</Token></General><Data></Data></Request>"}
[2019-07-29 17:26:00] 200 - OK - application/json
[2019-07-29 17:26:00] 200 - OK - text/xml
[2019-07-29 17:26:00] REQUEST POST - https://localhost:8082/public/ws/Config.asmx/All_Get
[2019-07-29 17:26:00] ---- FROM  ::1 (WinNT)
[2019-07-29 17:26:00] ---- BROWSER:  Chrome 75.0 (Mozilla/5.0 (Windows NT 10.0; Win64; x64) AppleWebKit/537.36 (KHTML, like Gecko) Chrome/75.0.3770.142 Safari/537.36)
[2019-07-29 17:26:00] ---- CONTENT: {data : "<?xml version='1.0' encoding='utf-8' ?><Request ID='20190729172600778'><General><Token>61111131252223224013000011333653</Token></General><Data></Data></Request>"}
[2019-07-29 17:26:00] 200 - OK - application/json
[2019-07-29 17:26:10] REQUEST GET - https://localhost:8082/economics/anno-precedente-conferma
[2019-07-29 17:26:10] ---- FROM  ::1 (WinNT)
[2019-07-29 17:26:10] ---- BROWSER:  Chrome 75.0 (Mozilla/5.0 (Windows NT 10.0; Win64; x64) AppleWebKit/537.36 (KHTML, like Gecko) Chrome/75.0.3770.142 Safari/537.36)
[2019-07-29 17:26:10] 200 - OK - text/html
[2019-07-29 17:26:10] REQUEST POST - https://localhost:8082/public/ws/AnnoPrec.asmx/Valutazione
[2019-07-29 17:26:10] ---- FROM  ::1 (WinNT)
[2019-07-29 17:26:10] ---- BROWSER:  Chrome 75.0 (Mozilla/5.0 (Windows NT 10.0; Win64; x64) AppleWebKit/537.36 (KHTML, like Gecko) Chrome/75.0.3770.142 Safari/537.36)
[2019-07-29 17:26:10] ---- CONTENT: {data : "<?xml version='1.0' encoding='utf-8' ?><Request ID='20190729172610629'><General><Token>61111131252223224013000011333653</Token></General><Data></Data></Request>"}
[2019-07-29 17:26:12] 200 - OK - application/json
[2019-07-29 17:26:12] REQUEST POST - https://localhost:8082/public/ws/Config.asmx/All_Get
[2019-07-29 17:26:12] ---- FROM  ::1 (WinNT)
[2019-07-29 17:26:12] ---- BROWSER:  Chrome 75.0 (Mozilla/5.0 (Windows NT 10.0; Win64; x64) AppleWebKit/537.36 (KHTML, like Gecko) Chrome/75.0.3770.142 Safari/537.36)
[2019-07-29 17:26:12] ---- CONTENT: {data : "<?xml version='1.0' encoding='utf-8' ?><Request ID='20190729172612141'><General><Token>61111131252223224013000011333653</Token></General><Data></Data></Request>"}
[2019-07-29 17:26:12] REQUEST POST - https://localhost:8082/public/ws/Economics.asmx/messaggi_summary
[2019-07-29 17:26:12] ---- FROM  ::1 (WinNT)
[2019-07-29 17:26:12] ---- BROWSER:  Chrome 75.0 (Mozilla/5.0 (Windows NT 10.0; Win64; x64) AppleWebKit/537.36 (KHTML, like Gecko) Chrome/75.0.3770.142 Safari/537.36)
[2019-07-29 17:26:12] REQUEST GET - https://localhost:8082/public/ws/Resources.ashx/xml-economics/61111131252223224013000011333653
[2019-07-29 17:26:12] ---- FROM  ::1 (WinNT)
[2019-07-29 17:26:12] ---- BROWSER:  Chrome 75.0 (Mozilla/5.0 (Windows NT 10.0; Win64; x64) AppleWebKit/537.36 (KHTML, like Gecko) Chrome/75.0.3770.142 Safari/537.36)
[2019-07-29 17:26:12] ---- CONTENT: {data : "<?xml version='1.0' encoding='utf-8' ?><Request ID='20190729172612169'><General><Token>61111131252223224013000011333653</Token></General><Data></Data></Request>"}
[2019-07-29 17:26:12] 200 - OK - application/json
[2019-07-29 17:26:12] 200 - OK - application/json
[2019-07-29 17:26:12] REQUEST POST - https://localhost:8082/public/ws/Config.asmx/All_Get
[2019-07-29 17:26:12] ---- FROM  ::1 (WinNT)
[2019-07-29 17:26:12] ---- BROWSER:  Chrome 75.0 (Mozilla/5.0 (Windows NT 10.0; Win64; x64) AppleWebKit/537.36 (KHTML, like Gecko) Chrome/75.0.3770.142 Safari/537.36)
[2019-07-29 17:26:12] ---- CONTENT: {data : "<?xml version='1.0' encoding='utf-8' ?><Request ID='20190729172612294'><General><Token>61111131252223224013000011333653</Token></General><Data></Data></Request>"}
[2019-07-29 17:26:12] 200 - OK - text/xml
[2019-07-29 17:26:12] 200 - OK - application/json
[2019-07-29 17:26:12] REQUEST POST - https://localhost:8082/public/ws/Config.asmx/All_Get
[2019-07-29 17:26:12] ---- FROM  ::1 (WinNT)
[2019-07-29 17:26:12] ---- BROWSER:  Chrome 75.0 (Mozilla/5.0 (Windows NT 10.0; Win64; x64) AppleWebKit/537.36 (KHTML, like Gecko) Chrome/75.0.3770.142 Safari/537.36)
[2019-07-29 17:26:12] ---- CONTENT: {data : "<?xml version='1.0' encoding='utf-8' ?><Request ID='20190729172612485'><General><Token>61111131252223224013000011333653</Token></General><Data></Data></Request>"}
[2019-07-29 17:26:12] 200 - OK - application/json
[2019-07-29 17:26:17] REQUEST GET - https://localhost:8082/economics/anno-precedente-conferma
[2019-07-29 17:26:17] ---- FROM  ::1 (WinNT)
[2019-07-29 17:26:17] ---- BROWSER:  Chrome 75.0 (Mozilla/5.0 (Windows NT 10.0; Win64; x64) AppleWebKit/537.36 (KHTML, like Gecko) Chrome/75.0.3770.142 Safari/537.36)
[2019-07-29 17:26:17] 200 - OK - text/html
[2019-07-29 17:26:18] REQUEST POST - https://localhost:8082/public/ws/AnnoPrec.asmx/Valutazione
[2019-07-29 17:26:18] ---- FROM  ::1 (WinNT)
[2019-07-29 17:26:18] ---- BROWSER:  Chrome 75.0 (Mozilla/5.0 (Windows NT 10.0; Win64; x64) AppleWebKit/537.36 (KHTML, like Gecko) Chrome/75.0.3770.142 Safari/537.36)
[2019-07-29 17:26:18] ---- CONTENT: {data : "<?xml version='1.0' encoding='utf-8' ?><Request ID='20190729172618421'><General><Token>61111131252223224013000011333653</Token></General><Data></Data></Request>"}
[2019-07-29 17:26:20] 200 - OK - application/json
[2019-07-29 17:26:20] REQUEST POST - https://localhost:8082/public/ws/Config.asmx/All_Get
[2019-07-29 17:26:20] ---- FROM  ::1 (WinNT)
[2019-07-29 17:26:20] ---- BROWSER:  Chrome 75.0 (Mozilla/5.0 (Windows NT 10.0; Win64; x64) AppleWebKit/537.36 (KHTML, like Gecko) Chrome/75.0.3770.142 Safari/537.36)
[2019-07-29 17:26:20] ---- CONTENT: {data : "<?xml version='1.0' encoding='utf-8' ?><Request ID='20190729172620743'><General><Token>61111131252223224013000011333653</Token></General><Data></Data></Request>"}
[2019-07-29 17:26:20] REQUEST POST - https://localhost:8082/public/ws/Economics.asmx/messaggi_summary
[2019-07-29 17:26:20] ---- FROM  ::1 (WinNT)
[2019-07-29 17:26:20] ---- BROWSER:  Chrome 75.0 (Mozilla/5.0 (Windows NT 10.0; Win64; x64) AppleWebKit/537.36 (KHTML, like Gecko) Chrome/75.0.3770.142 Safari/537.36)
[2019-07-29 17:26:20] REQUEST GET - https://localhost:8082/public/ws/Resources.ashx/xml-economics/61111131252223224013000011333653
[2019-07-29 17:26:20] ---- FROM  ::1 (WinNT)
[2019-07-29 17:26:20] 200 - OK - application/json
[2019-07-29 17:26:20] ---- BROWSER:  Chrome 75.0 (Mozilla/5.0 (Windows NT 10.0; Win64; x64) AppleWebKit/537.36 (KHTML, like Gecko) Chrome/75.0.3770.142 Safari/537.36)
[2019-07-29 17:26:20] ---- CONTENT: {data : "<?xml version='1.0' encoding='utf-8' ?><Request ID='20190729172620764'><General><Token>61111131252223224013000011333653</Token></General><Data></Data></Request>"}
[2019-07-29 17:26:20] 200 - OK - application/json
[2019-07-29 17:26:20] 200 - OK - text/xml
[2019-07-29 17:26:20] REQUEST POST - https://localhost:8082/public/ws/Config.asmx/All_Get
[2019-07-29 17:26:20] ---- FROM  ::1 (WinNT)
[2019-07-29 17:26:20] ---- BROWSER:  Chrome 75.0 (Mozilla/5.0 (Windows NT 10.0; Win64; x64) AppleWebKit/537.36 (KHTML, like Gecko) Chrome/75.0.3770.142 Safari/537.36)
[2019-07-29 17:26:20] ---- CONTENT: {data : "<?xml version='1.0' encoding='utf-8' ?><Request ID='20190729172620950'><General><Token>61111131252223224013000011333653</Token></General><Data></Data></Request>"}
[2019-07-29 17:26:21] 200 - OK - application/json
[2019-07-29 17:26:21] REQUEST POST - https://localhost:8082/public/ws/Config.asmx/All_Get
[2019-07-29 17:26:21] ---- FROM  ::1 (WinNT)
[2019-07-29 17:26:21] ---- BROWSER:  Chrome 75.0 (Mozilla/5.0 (Windows NT 10.0; Win64; x64) AppleWebKit/537.36 (KHTML, like Gecko) Chrome/75.0.3770.142 Safari/537.36)
[2019-07-29 17:26:21] ---- CONTENT: {data : "<?xml version='1.0' encoding='utf-8' ?><Request ID='2019072917262160'><General><Token>61111131252223224013000011333653</Token></General><Data></Data></Request>"}
[2019-07-29 17:26:21] 200 - OK - application/json
[2019-07-29 17:26:45] REQUEST GET - https://localhost:8082/public/aspx/Home.aspx?Token=61111131252223224013000011333653&TokenApiRest=eyJ0eXAiOiJKV1QiLCJhbGciOiJIUzI1NiJ9.eyJpc3MiOiJodHRwczpcL1wvd3d3cy5kZXYteWVhcC5pdCIsImlhdCI6MTU0MjI5NDMyMSwibmJmIjoxNTQyMjk0MzIxLCJleHAiOjE1NDI4OTkxMjEsImRhdGEiOnsidXNlciI6eyJpZCI6IjQ0In19fQ.RCP5OeoGASxAyBw1MbMD4BFJAcDM5JIXqYXKBALZcJI&Logo=https://localhost:8082/scratch/pl_logo.png&Title=Business Plan Test nr. 2
[2019-07-29 17:26:45] ---- FROM  ::1 (WinNT)
[2019-07-29 17:26:45] ---- BROWSER:  Chrome 75.0 (Mozilla/5.0 (Windows NT 10.0; Win64; x64) AppleWebKit/537.36 (KHTML, like Gecko) Chrome/75.0.3770.142 Safari/537.36)
[2019-07-29 17:26:45] 302 - Found - text/html
[2019-07-29 17:26:45] REQUEST GET - https://localhost:8082/home/welcome?Token=61111131252223224013000011333653&TokenApiRest=eyJ0eXAiOiJKV1QiLCJhbGciOiJIUzI1NiJ9.eyJpc3MiOiJodHRwczpcL1wvd3d3cy5kZXYteWVhcC5pdCIsImlhdCI6MTU0MjI5NDMyMSwibmJmIjoxNTQyMjk0MzIxLCJleHAiOjE1NDI4OTkxMjEsImRhdGEiOnsidXNlciI6eyJpZCI6IjQ0In19fQ.RCP5OeoGASxAyBw1MbMD4BFJAcDM5JIXqYXKBALZcJI&Logo=https://localhost:8082/scratch/pl_logo.png&Title=Business Plan Test nr. 2
[2019-07-29 17:26:45] ---- FROM  ::1 (WinNT)
[2019-07-29 17:26:45] ---- BROWSER:  Chrome 75.0 (Mozilla/5.0 (Windows NT 10.0; Win64; x64) AppleWebKit/537.36 (KHTML, like Gecko) Chrome/75.0.3770.142 Safari/537.36)
[2019-07-29 17:26:45] 200 - OK - text/html
[2019-07-29 17:26:46] REQUEST POST - https://localhost:8082/public/ws/General.asmx/Set
[2019-07-29 17:26:46] ---- FROM  ::1 (WinNT)
[2019-07-29 17:26:46] ---- BROWSER:  Chrome 75.0 (Mozilla/5.0 (Windows NT 10.0; Win64; x64) AppleWebKit/537.36 (KHTML, like Gecko) Chrome/75.0.3770.142 Safari/537.36)
[2019-07-29 17:26:46] ---- CONTENT: {data : "<?xml version='1.0' encoding='utf-8' ?><Request ID='20190729172646311'><General><Token>61111131252223224013000011333653</Token></General><Data><Nome>Business Plan Test nr. 2</Nome><Logo>https%3A%2F%2Flocalhost%3A8082%2Fscratch%2Fpl_logo.png</Logo></Data></Request>"}
[2019-07-29 17:26:46] 200 - OK - application/json
[2019-07-29 17:26:46] REQUEST POST - https://localhost:8082/public/ws/Config.asmx/Economics_Get
[2019-07-29 17:26:46] ---- FROM  ::1 (WinNT)
[2019-07-29 17:26:46] ---- BROWSER:  Chrome 75.0 (Mozilla/5.0 (Windows NT 10.0; Win64; x64) AppleWebKit/537.36 (KHTML, like Gecko) Chrome/75.0.3770.142 Safari/537.36)
[2019-07-29 17:26:46] ---- CONTENT: {data : "<?xml version='1.0' encoding='utf-8' ?><Request ID='20190729172646380'><General><Token>61111131252223224013000011333653</Token></General><Data></Data></Request>"}
[2019-07-29 17:26:46] 200 - OK - application/json
[2019-07-29 17:26:46] REQUEST POST - https://localhost:8082/public/ws/Config.asmx/All_Get
[2019-07-29 17:26:46] ---- FROM  ::1 (WinNT)
[2019-07-29 17:26:46] ---- BROWSER:  Chrome 75.0 (Mozilla/5.0 (Windows NT 10.0; Win64; x64) AppleWebKit/537.36 (KHTML, like Gecko) Chrome/75.0.3770.142 Safari/537.36)
[2019-07-29 17:26:46] ---- CONTENT: {data : "<?xml version='1.0' encoding='utf-8' ?><Request ID='20190729172646499'><General><Token>61111131252223224013000011333653</Token></General><Data></Data></Request>"}
[2019-07-29 17:26:46] REQUEST POST - https://localhost:8082/public/ws/Economics.asmx/messaggi_summary
[2019-07-29 17:26:46] ---- FROM  ::1 (WinNT)
[2019-07-29 17:26:46] ---- BROWSER:  Chrome 75.0 (Mozilla/5.0 (Windows NT 10.0; Win64; x64) AppleWebKit/537.36 (KHTML, like Gecko) Chrome/75.0.3770.142 Safari/537.36)
[2019-07-29 17:26:46] ---- CONTENT: {data : "<?xml version='1.0' encoding='utf-8' ?><Request ID='20190729172646599'><General><Token>61111131252223224013000011333653</Token></General><Data></Data></Request>"}
[2019-07-29 17:26:46] 200 - OK - application/json
[2019-07-29 17:26:46] 200 - OK - application/json
[2019-07-29 17:26:46] REQUEST POST - https://localhost:8082/public/ws/Config.asmx/All_Get
[2019-07-29 17:26:46] ---- FROM  ::1 (WinNT)
[2019-07-29 17:26:46] ---- BROWSER:  Chrome 75.0 (Mozilla/5.0 (Windows NT 10.0; Win64; x64) AppleWebKit/537.36 (KHTML, like Gecko) Chrome/75.0.3770.142 Safari/537.36)
[2019-07-29 17:26:46] REQUEST POST - https://localhost:8082/public/ws/Config.asmx/All_Get
[2019-07-29 17:26:46] ---- FROM  ::1 (WinNT)
[2019-07-29 17:26:46] ---- BROWSER:  Chrome 75.0 (Mozilla/5.0 (Windows NT 10.0; Win64; x64) AppleWebKit/537.36 (KHTML, like Gecko) Chrome/75.0.3770.142 Safari/537.36)
[2019-07-29 17:26:46] ---- CONTENT: {data : "<?xml version='1.0' encoding='utf-8' ?><Request ID='20190729172646876'><General><Token>61111131252223224013000011333653</Token></General><Data></Data></Request>"}
[2019-07-29 17:26:46] ---- CONTENT: {data : "<?xml version='1.0' encoding='utf-8' ?><Request ID='20190729172646796'><General><Token>61111131252223224013000011333653</Token></General><Data></Data></Request>"}
[2019-07-29 17:26:47] 200 - OK - application/json
[2019-07-29 17:26:47] 200 - OK - application/json
[2019-07-29 17:26:54] REQUEST GET - https://localhost:8082/economics/anno-precedente-conferma
[2019-07-29 17:26:54] ---- FROM  ::1 (WinNT)
[2019-07-29 17:26:54] ---- BROWSER:  Chrome 75.0 (Mozilla/5.0 (Windows NT 10.0; Win64; x64) AppleWebKit/537.36 (KHTML, like Gecko) Chrome/75.0.3770.142 Safari/537.36)
[2019-07-29 17:26:54] 200 - OK - text/html
[2019-07-29 17:26:55] REQUEST POST - https://localhost:8082/public/ws/AnnoPrec.asmx/Valutazione
[2019-07-29 17:26:55] ---- FROM  ::1 (WinNT)
[2019-07-29 17:26:55] ---- BROWSER:  Chrome 75.0 (Mozilla/5.0 (Windows NT 10.0; Win64; x64) AppleWebKit/537.36 (KHTML, like Gecko) Chrome/75.0.3770.142 Safari/537.36)
[2019-07-29 17:26:55] ---- CONTENT: {data : "<?xml version='1.0' encoding='utf-8' ?><Request ID='20190729172655754'><General><Token>61111131252223224013000011333653</Token></General><Data></Data></Request>"}
[2019-07-29 17:26:57] 200 - OK - application/json
[2019-07-29 17:27:09] REQUEST POST - https://localhost:8082/public/ws/Config.asmx/All_Get
[2019-07-29 17:27:09] ---- FROM  ::1 (WinNT)
[2019-07-29 17:27:09] ---- BROWSER:  Chrome 75.0 (Mozilla/5.0 (Windows NT 10.0; Win64; x64) AppleWebKit/537.36 (KHTML, like Gecko) Chrome/75.0.3770.142 Safari/537.36)
[2019-07-29 17:27:09] ---- CONTENT: {data : "<?xml version='1.0' encoding='utf-8' ?><Request ID='20190729172709138'><General><Token>61111131252223224013000011333653</Token></General><Data></Data></Request>"}
[2019-07-29 17:27:09] REQUEST GET - https://localhost:8082/public/ws/Resources.ashx/xml-economics/61111131252223224013000011333653
[2019-07-29 17:27:09] ---- FROM  ::1 (WinNT)
[2019-07-29 17:27:09] ---- BROWSER:  Chrome 75.0 (Mozilla/5.0 (Windows NT 10.0; Win64; x64) AppleWebKit/537.36 (KHTML, like Gecko) Chrome/75.0.3770.142 Safari/537.36)
[2019-07-29 17:27:09] REQUEST POST - https://localhost:8082/public/ws/Economics.asmx/messaggi_summary
[2019-07-29 17:27:09] ---- FROM  ::1 (WinNT)
[2019-07-29 17:27:09] ---- BROWSER:  Chrome 75.0 (Mozilla/5.0 (Windows NT 10.0; Win64; x64) AppleWebKit/537.36 (KHTML, like Gecko) Chrome/75.0.3770.142 Safari/537.36)
[2019-07-29 17:27:09] ---- CONTENT: {data : "<?xml version='1.0' encoding='utf-8' ?><Request ID='20190729172709215'><General><Token>61111131252223224013000011333653</Token></General><Data></Data></Request>"}
[2019-07-29 17:27:09] 200 - OK - text/xml
[2019-07-29 17:27:09] 200 - OK - application/json
[2019-07-29 17:27:09] 200 - OK - application/json
[2019-07-29 17:27:11] REQUEST POST - https://localhost:8082/public/ws/Config.asmx/All_Get
[2019-07-29 17:27:11] ---- FROM  ::1 (WinNT)
[2019-07-29 17:27:11] ---- BROWSER:  Chrome 75.0 (Mozilla/5.0 (Windows NT 10.0; Win64; x64) AppleWebKit/537.36 (KHTML, like Gecko) Chrome/75.0.3770.142 Safari/537.36)
[2019-07-29 17:27:11] ---- CONTENT: {data : "<?xml version='1.0' encoding='utf-8' ?><Request ID='2019072917271190'><General><Token>61111131252223224013000011333653</Token></General><Data></Data></Request>"}
[2019-07-29 17:27:11] REQUEST POST - https://localhost:8082/public/ws/Config.asmx/All_Get
[2019-07-29 17:27:11] ---- FROM  ::1 (WinNT)
[2019-07-29 17:27:11] ---- BROWSER:  Chrome 75.0 (Mozilla/5.0 (Windows NT 10.0; Win64; x64) AppleWebKit/537.36 (KHTML, like Gecko) Chrome/75.0.3770.142 Safari/537.36)
[2019-07-29 17:27:11] 200 - OK - application/json
[2019-07-29 17:27:14] ---- CONTENT: {data : "<?xml version='1.0' encoding='utf-8' ?><Request ID='20190729172711250'><General><Token>61111131252223224013000011333653</Token></General><Data></Data></Request>"}
[2019-07-29 17:27:14] 200 - OK - application/json
[2019-07-29 17:28:16] REQUEST GET - https://localhost:8082/public/aspx/Home.aspx?Token=61111131252223224013000011333653&TokenApiRest=eyJ0eXAiOiJKV1QiLCJhbGciOiJIUzI1NiJ9.eyJpc3MiOiJodHRwczpcL1wvd3d3cy5kZXYteWVhcC5pdCIsImlhdCI6MTU0MjI5NDMyMSwibmJmIjoxNTQyMjk0MzIxLCJleHAiOjE1NDI4OTkxMjEsImRhdGEiOnsidXNlciI6eyJpZCI6IjQ0In19fQ.RCP5OeoGASxAyBw1MbMD4BFJAcDM5JIXqYXKBALZcJI&Logo=https://localhost:8082/scratch/pl_logo.png&Title=Business Plan Test nr. 2
[2019-07-29 17:28:16] ---- FROM  ::1 (WinNT)
[2019-07-29 17:28:16] ---- BROWSER:  Chrome 75.0 (Mozilla/5.0 (Windows NT 10.0; Win64; x64) AppleWebKit/537.36 (KHTML, like Gecko) Chrome/75.0.3770.142 Safari/537.36)
[2019-07-29 17:28:16] 302 - Found - text/html
[2019-07-29 17:28:16] REQUEST GET - https://localhost:8082/home/welcome?Token=61111131252223224013000011333653&TokenApiRest=eyJ0eXAiOiJKV1QiLCJhbGciOiJIUzI1NiJ9.eyJpc3MiOiJodHRwczpcL1wvd3d3cy5kZXYteWVhcC5pdCIsImlhdCI6MTU0MjI5NDMyMSwibmJmIjoxNTQyMjk0MzIxLCJleHAiOjE1NDI4OTkxMjEsImRhdGEiOnsidXNlciI6eyJpZCI6IjQ0In19fQ.RCP5OeoGASxAyBw1MbMD4BFJAcDM5JIXqYXKBALZcJI&Logo=https://localhost:8082/scratch/pl_logo.png&Title=Business Plan Test nr. 2
[2019-07-29 17:28:16] ---- FROM  ::1 (WinNT)
[2019-07-29 17:28:16] ---- BROWSER:  Chrome 75.0 (Mozilla/5.0 (Windows NT 10.0; Win64; x64) AppleWebKit/537.36 (KHTML, like Gecko) Chrome/75.0.3770.142 Safari/537.36)
[2019-07-29 17:28:16] 200 - OK - text/html
[2019-07-29 17:28:19] REQUEST POST - https://localhost:8082/public/ws/General.asmx/Set
[2019-07-29 17:28:19] ---- FROM  ::1 (WinNT)
[2019-07-29 17:28:19] ---- BROWSER:  Chrome 75.0 (Mozilla/5.0 (Windows NT 10.0; Win64; x64) AppleWebKit/537.36 (KHTML, like Gecko) Chrome/75.0.3770.142 Safari/537.36)
[2019-07-29 17:28:19] ---- CONTENT: {data : "<?xml version='1.0' encoding='utf-8' ?><Request ID='20190729172819156'><General><Token>61111131252223224013000011333653</Token></General><Data><Nome>Business Plan Test nr. 2</Nome><Logo>https%3A%2F%2Flocalhost%3A8082%2Fscratch%2Fpl_logo.png</Logo></Data></Request>"}
[2019-07-29 17:28:19] 200 - OK - application/json
[2019-07-29 17:28:19] REQUEST POST - https://localhost:8082/public/ws/Config.asmx/Economics_Get
[2019-07-29 17:28:19] ---- FROM  ::1 (WinNT)
[2019-07-29 17:28:19] ---- BROWSER:  Chrome 75.0 (Mozilla/5.0 (Windows NT 10.0; Win64; x64) AppleWebKit/537.36 (KHTML, like Gecko) Chrome/75.0.3770.142 Safari/537.36)
[2019-07-29 17:28:19] ---- CONTENT: {data : "<?xml version='1.0' encoding='utf-8' ?><Request ID='20190729172819184'><General><Token>61111131252223224013000011333653</Token></General><Data></Data></Request>"}
[2019-07-29 17:28:19] 200 - OK - application/json
[2019-07-29 17:28:19] REQUEST POST - https://localhost:8082/public/ws/Config.asmx/All_Get
[2019-07-29 17:28:19] ---- FROM  ::1 (WinNT)
[2019-07-29 17:28:19] ---- BROWSER:  Chrome 75.0 (Mozilla/5.0 (Windows NT 10.0; Win64; x64) AppleWebKit/537.36 (KHTML, like Gecko) Chrome/75.0.3770.142 Safari/537.36)
[2019-07-29 17:28:19] ---- CONTENT: {data : "<?xml version='1.0' encoding='utf-8' ?><Request ID='20190729172819288'><General><Token>61111131252223224013000011333653</Token></General><Data></Data></Request>"}
[2019-07-29 17:28:19] REQUEST POST - https://localhost:8082/public/ws/Economics.asmx/messaggi_summary
[2019-07-29 17:28:19] ---- FROM  ::1 (WinNT)
[2019-07-29 17:28:19] ---- BROWSER:  Chrome 75.0 (Mozilla/5.0 (Windows NT 10.0; Win64; x64) AppleWebKit/537.36 (KHTML, like Gecko) Chrome/75.0.3770.142 Safari/537.36)
[2019-07-29 17:28:19] ---- CONTENT: {data : "<?xml version='1.0' encoding='utf-8' ?><Request ID='20190729172819341'><General><Token>61111131252223224013000011333653</Token></General><Data></Data></Request>"}
[2019-07-29 17:28:19] 200 - OK - application/json
[2019-07-29 17:28:19] 200 - OK - application/json
[2019-07-29 17:28:19] REQUEST POST - https://localhost:8082/public/ws/Config.asmx/All_Get
[2019-07-29 17:28:19] ---- FROM  ::1 (WinNT)
[2019-07-29 17:28:19] ---- BROWSER:  Chrome 75.0 (Mozilla/5.0 (Windows NT 10.0; Win64; x64) AppleWebKit/537.36 (KHTML, like Gecko) Chrome/75.0.3770.142 Safari/537.36)
[2019-07-29 17:28:19] ---- CONTENT: {data : "<?xml version='1.0' encoding='utf-8' ?><Request ID='20190729172819436'><General><Token>61111131252223224013000011333653</Token></General><Data></Data></Request>"}
[2019-07-29 17:28:19] 200 - OK - application/json
[2019-07-29 17:28:19] REQUEST POST - https://localhost:8082/public/ws/Config.asmx/All_Get
[2019-07-29 17:28:19] ---- FROM  ::1 (WinNT)
[2019-07-29 17:28:19] ---- BROWSER:  Chrome 75.0 (Mozilla/5.0 (Windows NT 10.0; Win64; x64) AppleWebKit/537.36 (KHTML, like Gecko) Chrome/75.0.3770.142 Safari/537.36)
[2019-07-29 17:28:19] ---- CONTENT: {data : "<?xml version='1.0' encoding='utf-8' ?><Request ID='20190729172819521'><General><Token>61111131252223224013000011333653</Token></General><Data></Data></Request>"}
[2019-07-29 17:28:19] 200 - OK - application/json
[2019-07-29 17:28:36] REQUEST GET - https://localhost:8082/economics/anno-precedente-conferma
[2019-07-29 17:28:36] ---- FROM  ::1 (WinNT)
[2019-07-29 17:28:36] ---- BROWSER:  Chrome 75.0 (Mozilla/5.0 (Windows NT 10.0; Win64; x64) AppleWebKit/537.36 (KHTML, like Gecko) Chrome/75.0.3770.142 Safari/537.36)
[2019-07-29 17:28:36] 200 - OK - text/html
[2019-07-29 17:28:41] REQUEST POST - https://localhost:8082/public/ws/AnnoPrec.asmx/Valutazione
[2019-07-29 17:28:41] ---- FROM  ::1 (WinNT)
[2019-07-29 17:28:41] ---- BROWSER:  Chrome 75.0 (Mozilla/5.0 (Windows NT 10.0; Win64; x64) AppleWebKit/537.36 (KHTML, like Gecko) Chrome/75.0.3770.142 Safari/537.36)
[2019-07-29 17:28:41] ---- CONTENT: {data : "<?xml version='1.0' encoding='utf-8' ?><Request ID='20190729172841728'><General><Token>61111131252223224013000011333653</Token></General><Data></Data></Request>"}
[2019-07-29 17:28:43] 200 - OK - application/json
[2019-07-29 17:28:44] REQUEST GET - https://localhost:8082/public/ws/Resources.ashx/xml-economics/61111131252223224013000011333653
[2019-07-29 17:28:44] ---- FROM  ::1 (WinNT)
[2019-07-29 17:28:44] ---- BROWSER:  Chrome 75.0 (Mozilla/5.0 (Windows NT 10.0; Win64; x64) AppleWebKit/537.36 (KHTML, like Gecko) Chrome/75.0.3770.142 Safari/537.36)
[2019-07-29 17:28:44] REQUEST POST - https://localhost:8082/public/ws/Config.asmx/All_Get
[2019-07-29 17:28:44] ---- FROM  ::1 (WinNT)
[2019-07-29 17:28:44] ---- BROWSER:  Chrome 75.0 (Mozilla/5.0 (Windows NT 10.0; Win64; x64) AppleWebKit/537.36 (KHTML, like Gecko) Chrome/75.0.3770.142 Safari/537.36)
[2019-07-29 17:28:44] ---- CONTENT: {data : "<?xml version='1.0' encoding='utf-8' ?><Request ID='2019072917284458'><General><Token>61111131252223224013000011333653</Token></General><Data></Data></Request>"}
[2019-07-29 17:28:44] 200 - OK - text/xml
[2019-07-29 17:28:44] REQUEST POST - https://localhost:8082/public/ws/Economics.asmx/messaggi_summary
[2019-07-29 17:28:44] ---- FROM  ::1 (WinNT)
[2019-07-29 17:28:44] ---- BROWSER:  Chrome 75.0 (Mozilla/5.0 (Windows NT 10.0; Win64; x64) AppleWebKit/537.36 (KHTML, like Gecko) Chrome/75.0.3770.142 Safari/537.36)
[2019-07-29 17:28:44] ---- CONTENT: {data : "<?xml version='1.0' encoding='utf-8' ?><Request ID='20190729172844123'><General><Token>61111131252223224013000011333653</Token></General><Data></Data></Request>"}
[2019-07-29 17:28:44] 200 - OK - application/json
[2019-07-29 17:28:44] 200 - OK - application/json
[2019-07-29 17:28:46] REQUEST POST - https://localhost:8082/public/ws/Config.asmx/All_Get
[2019-07-29 17:28:46] ---- FROM  ::1 (WinNT)
[2019-07-29 17:28:46] ---- BROWSER:  Chrome 75.0 (Mozilla/5.0 (Windows NT 10.0; Win64; x64) AppleWebKit/537.36 (KHTML, like Gecko) Chrome/75.0.3770.142 Safari/537.36)
[2019-07-29 17:28:46] ---- CONTENT: {data : "<?xml version='1.0' encoding='utf-8' ?><Request ID='20190729172846642'><General><Token>61111131252223224013000011333653</Token></General><Data></Data></Request>"}
[2019-07-29 17:28:46] REQUEST POST - https://localhost:8082/public/ws/Config.asmx/All_Get
[2019-07-29 17:28:46] ---- FROM  ::1 (WinNT)
[2019-07-29 17:28:46] ---- BROWSER:  Chrome 75.0 (Mozilla/5.0 (Windows NT 10.0; Win64; x64) AppleWebKit/537.36 (KHTML, like Gecko) Chrome/75.0.3770.142 Safari/537.36)
[2019-07-29 17:28:49] ---- CONTENT: {data : "<?xml version='1.0' encoding='utf-8' ?><Request ID='20190729172846856'><General><Token>61111131252223224013000011333653</Token></General><Data></Data></Request>"}
[2019-07-29 17:28:49] 200 - OK - application/json
[2019-07-29 17:28:55] 200 - OK - application/json
[2019-07-29 17:33:02] REQUEST GET - https://localhost:8082/public/aspx/Home.aspx?Token=61111131252223224013000011333653&TokenApiRest=eyJ0eXAiOiJKV1QiLCJhbGciOiJIUzI1NiJ9.eyJpc3MiOiJodHRwczpcL1wvd3d3cy5kZXYteWVhcC5pdCIsImlhdCI6MTU0MjI5NDMyMSwibmJmIjoxNTQyMjk0MzIxLCJleHAiOjE1NDI4OTkxMjEsImRhdGEiOnsidXNlciI6eyJpZCI6IjQ0In19fQ.RCP5OeoGASxAyBw1MbMD4BFJAcDM5JIXqYXKBALZcJI&Logo=https://localhost:8082/scratch/pl_logo.png&Title=Business Plan Test nr. 2
[2019-07-29 17:33:02] ---- FROM  ::1 (WinNT)
[2019-07-29 17:33:02] ---- BROWSER:  Chrome 75.0 (Mozilla/5.0 (Windows NT 10.0; Win64; x64) AppleWebKit/537.36 (KHTML, like Gecko) Chrome/75.0.3770.142 Safari/537.36)
[2019-07-29 17:33:02] 302 - Found - text/html
[2019-07-29 17:33:02] REQUEST GET - https://localhost:8082/home/welcome?Token=61111131252223224013000011333653&TokenApiRest=eyJ0eXAiOiJKV1QiLCJhbGciOiJIUzI1NiJ9.eyJpc3MiOiJodHRwczpcL1wvd3d3cy5kZXYteWVhcC5pdCIsImlhdCI6MTU0MjI5NDMyMSwibmJmIjoxNTQyMjk0MzIxLCJleHAiOjE1NDI4OTkxMjEsImRhdGEiOnsidXNlciI6eyJpZCI6IjQ0In19fQ.RCP5OeoGASxAyBw1MbMD4BFJAcDM5JIXqYXKBALZcJI&Logo=https://localhost:8082/scratch/pl_logo.png&Title=Business Plan Test nr. 2
[2019-07-29 17:33:02] ---- FROM  ::1 (WinNT)
[2019-07-29 17:33:02] ---- BROWSER:  Chrome 75.0 (Mozilla/5.0 (Windows NT 10.0; Win64; x64) AppleWebKit/537.36 (KHTML, like Gecko) Chrome/75.0.3770.142 Safari/537.36)
[2019-07-29 17:33:02] 200 - OK - text/html
[2019-07-29 17:33:03] REQUEST POST - https://localhost:8082/public/ws/General.asmx/Set
[2019-07-29 17:33:03] ---- FROM  ::1 (WinNT)
[2019-07-29 17:33:03] ---- BROWSER:  Chrome 75.0 (Mozilla/5.0 (Windows NT 10.0; Win64; x64) AppleWebKit/537.36 (KHTML, like Gecko) Chrome/75.0.3770.142 Safari/537.36)
[2019-07-29 17:33:03] ---- CONTENT: {data : "<?xml version='1.0' encoding='utf-8' ?><Request ID='20190729173303260'><General><Token>61111131252223224013000011333653</Token></General><Data><Nome>Business Plan Test nr. 2</Nome><Logo>https%3A%2F%2Flocalhost%3A8082%2Fscratch%2Fpl_logo.png</Logo></Data></Request>"}
[2019-07-29 17:33:03] 200 - OK - application/json
[2019-07-29 17:33:03] REQUEST POST - https://localhost:8082/public/ws/Config.asmx/Economics_Get
[2019-07-29 17:33:03] ---- FROM  ::1 (WinNT)
[2019-07-29 17:33:03] ---- BROWSER:  Chrome 75.0 (Mozilla/5.0 (Windows NT 10.0; Win64; x64) AppleWebKit/537.36 (KHTML, like Gecko) Chrome/75.0.3770.142 Safari/537.36)
[2019-07-29 17:33:03] ---- CONTENT: {data : "<?xml version='1.0' encoding='utf-8' ?><Request ID='20190729173303298'><General><Token>61111131252223224013000011333653</Token></General><Data></Data></Request>"}
[2019-07-29 17:33:03] 200 - OK - application/json
[2019-07-29 17:33:03] REQUEST POST - https://localhost:8082/public/ws/Config.asmx/All_Get
[2019-07-29 17:33:03] ---- FROM  ::1 (WinNT)
[2019-07-29 17:33:03] ---- BROWSER:  Chrome 75.0 (Mozilla/5.0 (Windows NT 10.0; Win64; x64) AppleWebKit/537.36 (KHTML, like Gecko) Chrome/75.0.3770.142 Safari/537.36)
[2019-07-29 17:33:03] ---- CONTENT: {data : "<?xml version='1.0' encoding='utf-8' ?><Request ID='20190729173303473'><General><Token>61111131252223224013000011333653</Token></General><Data></Data></Request>"}
[2019-07-29 17:33:03] REQUEST POST - https://localhost:8082/public/ws/Economics.asmx/messaggi_summary
[2019-07-29 17:33:03] ---- FROM  ::1 (WinNT)
[2019-07-29 17:33:03] ---- BROWSER:  Chrome 75.0 (Mozilla/5.0 (Windows NT 10.0; Win64; x64) AppleWebKit/537.36 (KHTML, like Gecko) Chrome/75.0.3770.142 Safari/537.36)
[2019-07-29 17:33:03] ---- CONTENT: {data : "<?xml version='1.0' encoding='utf-8' ?><Request ID='20190729173303543'><General><Token>61111131252223224013000011333653</Token></General><Data></Data></Request>"}
[2019-07-29 17:33:03] REQUEST POST - https://localhost:8082/public/ws/Config.asmx/All_Get
[2019-07-29 17:33:03] ---- FROM  ::1 (WinNT)
[2019-07-29 17:33:03] 200 - OK - application/json
[2019-07-29 17:33:03] 200 - OK - application/json
[2019-07-29 17:33:03] ---- BROWSER:  Chrome 75.0 (Mozilla/5.0 (Windows NT 10.0; Win64; x64) AppleWebKit/537.36 (KHTML, like Gecko) Chrome/75.0.3770.142 Safari/537.36)
[2019-07-29 17:33:03] ---- CONTENT: {data : "<?xml version='1.0' encoding='utf-8' ?><Request ID='20190729173303698'><General><Token>61111131252223224013000011333653</Token></General><Data></Data></Request>"}
[2019-07-29 17:33:03] REQUEST POST - https://localhost:8082/public/ws/Config.asmx/All_Get
[2019-07-29 17:33:03] ---- FROM  ::1 (WinNT)
[2019-07-29 17:33:03] ---- BROWSER:  Chrome 75.0 (Mozilla/5.0 (Windows NT 10.0; Win64; x64) AppleWebKit/537.36 (KHTML, like Gecko) Chrome/75.0.3770.142 Safari/537.36)
[2019-07-29 17:33:03] ---- CONTENT: {data : "<?xml version='1.0' encoding='utf-8' ?><Request ID='20190729173303783'><General><Token>61111131252223224013000011333653</Token></General><Data></Data></Request>"}
[2019-07-29 17:33:03] 200 - OK - application/json
[2019-07-29 17:33:05] 200 - OK - application/json
[2019-07-29 17:33:11] REQUEST GET - https://localhost:8082/economics/anno-precedente-conferma
[2019-07-29 17:33:11] ---- FROM  ::1 (WinNT)
[2019-07-29 17:33:11] ---- BROWSER:  Chrome 75.0 (Mozilla/5.0 (Windows NT 10.0; Win64; x64) AppleWebKit/537.36 (KHTML, like Gecko) Chrome/75.0.3770.142 Safari/537.36)
[2019-07-29 17:33:11] 200 - OK - text/html
[2019-07-29 17:33:13] REQUEST POST - https://localhost:8082/public/ws/AnnoPrec.asmx/Valutazione
[2019-07-29 17:33:13] ---- FROM  ::1 (WinNT)
[2019-07-29 17:33:13] ---- BROWSER:  Chrome 75.0 (Mozilla/5.0 (Windows NT 10.0; Win64; x64) AppleWebKit/537.36 (KHTML, like Gecko) Chrome/75.0.3770.142 Safari/537.36)
[2019-07-29 17:33:13] ---- CONTENT: {data : "<?xml version='1.0' encoding='utf-8' ?><Request ID='20190729173313160'><General><Token>61111131252223224013000011333653</Token></General><Data></Data></Request>"}
[2019-07-29 17:33:14] 200 - OK - application/json
[2019-07-29 17:33:15] REQUEST POST - https://localhost:8082/public/ws/Config.asmx/All_Get
[2019-07-29 17:33:15] ---- FROM  ::1 (WinNT)
[2019-07-29 17:33:15] ---- BROWSER:  Chrome 75.0 (Mozilla/5.0 (Windows NT 10.0; Win64; x64) AppleWebKit/537.36 (KHTML, like Gecko) Chrome/75.0.3770.142 Safari/537.36)
[2019-07-29 17:33:15] ---- CONTENT: {data : "<?xml version='1.0' encoding='utf-8' ?><Request ID='2019072917331573'><General><Token>61111131252223224013000011333653</Token></General><Data></Data></Request>"}
[2019-07-29 17:33:15] REQUEST POST - https://localhost:8082/public/ws/Economics.asmx/messaggi_summary
[2019-07-29 17:33:15] REQUEST GET - https://localhost:8082/public/ws/Resources.ashx/xml-economics/61111131252223224013000011333653
[2019-07-29 17:33:15] ---- FROM  ::1 (WinNT)
[2019-07-29 17:33:15] ---- FROM  ::1 (WinNT)
[2019-07-29 17:33:15] ---- BROWSER:  Chrome 75.0 (Mozilla/5.0 (Windows NT 10.0; Win64; x64) AppleWebKit/537.36 (KHTML, like Gecko) Chrome/75.0.3770.142 Safari/537.36)
[2019-07-29 17:33:15] 200 - OK - application/json
[2019-07-29 17:33:15] ---- BROWSER:  Chrome 75.0 (Mozilla/5.0 (Windows NT 10.0; Win64; x64) AppleWebKit/537.36 (KHTML, like Gecko) Chrome/75.0.3770.142 Safari/537.36)
[2019-07-29 17:33:15] ---- CONTENT: {data : "<?xml version='1.0' encoding='utf-8' ?><Request ID='20190729173315120'><General><Token>61111131252223224013000011333653</Token></General><Data></Data></Request>"}
[2019-07-29 17:33:15] 200 - OK - application/json
[2019-07-29 17:33:15] 200 - OK - text/xml
[2019-07-29 17:33:15] REQUEST POST - https://localhost:8082/public/ws/Config.asmx/All_Get
[2019-07-29 17:33:15] ---- FROM  ::1 (WinNT)
[2019-07-29 17:33:15] ---- BROWSER:  Chrome 75.0 (Mozilla/5.0 (Windows NT 10.0; Win64; x64) AppleWebKit/537.36 (KHTML, like Gecko) Chrome/75.0.3770.142 Safari/537.36)
[2019-07-29 17:33:15] ---- CONTENT: {data : "<?xml version='1.0' encoding='utf-8' ?><Request ID='20190729173315539'><General><Token>61111131252223224013000011333653</Token></General><Data></Data></Request>"}
[2019-07-29 17:33:15] 200 - OK - application/json
[2019-07-29 17:33:17] REQUEST POST - https://localhost:8082/public/ws/Config.asmx/All_Get
[2019-07-29 17:33:17] ---- FROM  ::1 (WinNT)
[2019-07-29 17:33:17] ---- BROWSER:  Chrome 75.0 (Mozilla/5.0 (Windows NT 10.0; Win64; x64) AppleWebKit/537.36 (KHTML, like Gecko) Chrome/75.0.3770.142 Safari/537.36)
[2019-07-29 17:33:17] ---- CONTENT: {data : "<?xml version='1.0' encoding='utf-8' ?><Request ID='20190729173317281'><General><Token>61111131252223224013000011333653</Token></General><Data></Data></Request>"}
[2019-07-29 17:33:20] 200 - OK - application/json
[2019-07-29 17:34:46] REQUEST GET - https://localhost:8082/economics/anno-precedente-conferma
[2019-07-29 17:34:46] ---- FROM  ::1 (WinNT)
[2019-07-29 17:34:46] ---- BROWSER:  Chrome 75.0 (Mozilla/5.0 (Windows NT 10.0; Win64; x64) AppleWebKit/537.36 (KHTML, like Gecko) Chrome/75.0.3770.142 Safari/537.36)
[2019-07-29 17:34:46] 200 - OK - text/html
[2019-07-29 17:34:48] REQUEST POST - https://localhost:8082/public/ws/AnnoPrec.asmx/Valutazione
[2019-07-29 17:34:48] ---- FROM  ::1 (WinNT)
[2019-07-29 17:34:48] ---- BROWSER:  Chrome 75.0 (Mozilla/5.0 (Windows NT 10.0; Win64; x64) AppleWebKit/537.36 (KHTML, like Gecko) Chrome/75.0.3770.142 Safari/537.36)
[2019-07-29 17:34:48] ---- CONTENT: {data : "<?xml version='1.0' encoding='utf-8' ?><Request ID='20190729173448459'><General><Token>61111131252223224013000011333653</Token></General><Data></Data></Request>"}
[2019-07-29 17:34:50] 200 - OK - application/json
[2019-07-29 17:34:50] REQUEST POST - https://localhost:8082/public/ws/Config.asmx/All_Get
[2019-07-29 17:34:50] ---- FROM  ::1 (WinNT)
[2019-07-29 17:34:50] ---- BROWSER:  Chrome 75.0 (Mozilla/5.0 (Windows NT 10.0; Win64; x64) AppleWebKit/537.36 (KHTML, like Gecko) Chrome/75.0.3770.142 Safari/537.36)
[2019-07-29 17:34:50] ---- CONTENT: {data : "<?xml version='1.0' encoding='utf-8' ?><Request ID='20190729173450293'><General><Token>61111131252223224013000011333653</Token></General><Data></Data></Request>"}
[2019-07-29 17:34:50] 200 - OK - application/json
[2019-07-29 17:34:50] REQUEST POST - https://localhost:8082/public/ws/Economics.asmx/messaggi_summary
[2019-07-29 17:34:50] ---- FROM  ::1 (WinNT)
[2019-07-29 17:34:50] ---- BROWSER:  Chrome 75.0 (Mozilla/5.0 (Windows NT 10.0; Win64; x64) AppleWebKit/537.36 (KHTML, like Gecko) Chrome/75.0.3770.142 Safari/537.36)
[2019-07-29 17:34:50] ---- CONTENT: {data : "<?xml version='1.0' encoding='utf-8' ?><Request ID='20190729173450416'><General><Token>61111131252223224013000011333653</Token></General><Data></Data></Request>"}
[2019-07-29 17:34:50] 200 - OK - application/json
[2019-07-29 17:34:50] REQUEST POST - https://localhost:8082/public/ws/Config.asmx/All_Get
[2019-07-29 17:34:50] ---- FROM  ::1 (WinNT)
[2019-07-29 17:34:50] ---- BROWSER:  Chrome 75.0 (Mozilla/5.0 (Windows NT 10.0; Win64; x64) AppleWebKit/537.36 (KHTML, like Gecko) Chrome/75.0.3770.142 Safari/537.36)
[2019-07-29 17:34:50] ---- CONTENT: {data : "<?xml version='1.0' encoding='utf-8' ?><Request ID='20190729173450473'><General><Token>61111131252223224013000011333653</Token></General><Data></Data></Request>"}
[2019-07-29 17:34:50] REQUEST GET - https://localhost:8082/public/ws/Resources.ashx/xml-economics/61111131252223224013000011333653
[2019-07-29 17:34:50] ---- FROM  ::1 (WinNT)
[2019-07-29 17:34:50] ---- BROWSER:  Chrome 75.0 (Mozilla/5.0 (Windows NT 10.0; Win64; x64) AppleWebKit/537.36 (KHTML, like Gecko) Chrome/75.0.3770.142 Safari/537.36)
[2019-07-29 17:34:50] 200 - OK - application/json
[2019-07-29 17:34:50] 200 - OK - text/xml
[2019-07-29 17:34:50] REQUEST POST - https://localhost:8082/public/ws/Config.asmx/All_Get
[2019-07-29 17:34:50] ---- FROM  ::1 (WinNT)
[2019-07-29 17:34:50] ---- BROWSER:  Chrome 75.0 (Mozilla/5.0 (Windows NT 10.0; Win64; x64) AppleWebKit/537.36 (KHTML, like Gecko) Chrome/75.0.3770.142 Safari/537.36)
[2019-07-29 17:34:50] ---- CONTENT: {data : "<?xml version='1.0' encoding='utf-8' ?><Request ID='20190729173450781'><General><Token>61111131252223224013000011333653</Token></General><Data></Data></Request>"}
[2019-07-29 17:34:50] 200 - OK - application/json
[2019-07-29 17:34:56] REQUEST GET - https://localhost:8082/economics/anno-precedente-conferma
[2019-07-29 17:34:56] ---- FROM  ::1 (WinNT)
[2019-07-29 17:34:56] ---- BROWSER:  Chrome 75.0 (Mozilla/5.0 (Windows NT 10.0; Win64; x64) AppleWebKit/537.36 (KHTML, like Gecko) Chrome/75.0.3770.142 Safari/537.36)
[2019-07-29 17:34:56] 200 - OK - text/html
[2019-07-29 17:34:57] REQUEST POST - https://localhost:8082/public/ws/AnnoPrec.asmx/Valutazione
[2019-07-29 17:34:57] ---- FROM  ::1 (WinNT)
[2019-07-29 17:34:57] ---- BROWSER:  Chrome 75.0 (Mozilla/5.0 (Windows NT 10.0; Win64; x64) AppleWebKit/537.36 (KHTML, like Gecko) Chrome/75.0.3770.142 Safari/537.36)
[2019-07-29 17:34:57] ---- CONTENT: {data : "<?xml version='1.0' encoding='utf-8' ?><Request ID='20190729173457138'><General><Token>61111131252223224013000011333653</Token></General><Data></Data></Request>"}
[2019-07-29 17:34:59] 200 - OK - application/json
[2019-07-29 17:34:59] REQUEST POST - https://localhost:8082/public/ws/Config.asmx/All_Get
[2019-07-29 17:34:59] ---- FROM  ::1 (WinNT)
[2019-07-29 17:34:59] ---- BROWSER:  Chrome 75.0 (Mozilla/5.0 (Windows NT 10.0; Win64; x64) AppleWebKit/537.36 (KHTML, like Gecko) Chrome/75.0.3770.142 Safari/537.36)
[2019-07-29 17:34:59] ---- CONTENT: {data : "<?xml version='1.0' encoding='utf-8' ?><Request ID='20190729173459516'><General><Token>61111131252223224013000011333653</Token></General><Data></Data></Request>"}
[2019-07-29 17:34:59] REQUEST POST - https://localhost:8082/public/ws/Economics.asmx/messaggi_summary
[2019-07-29 17:34:59] ---- FROM  ::1 (WinNT)
[2019-07-29 17:34:59] 200 - OK - application/json
[2019-07-29 17:34:59] REQUEST GET - https://localhost:8082/public/ws/Resources.ashx/xml-economics/61111131252223224013000011333653
[2019-07-29 17:34:59] ---- FROM  ::1 (WinNT)
[2019-07-29 17:34:59] ---- BROWSER:  Chrome 75.0 (Mozilla/5.0 (Windows NT 10.0; Win64; x64) AppleWebKit/537.36 (KHTML, like Gecko) Chrome/75.0.3770.142 Safari/537.36)
[2019-07-29 17:34:59] ---- BROWSER:  Chrome 75.0 (Mozilla/5.0 (Windows NT 10.0; Win64; x64) AppleWebKit/537.36 (KHTML, like Gecko) Chrome/75.0.3770.142 Safari/537.36)
[2019-07-29 17:34:59] ---- CONTENT: {data : "<?xml version='1.0' encoding='utf-8' ?><Request ID='20190729173459539'><General><Token>61111131252223224013000011333653</Token></General><Data></Data></Request>"}
[2019-07-29 17:34:59] 200 - OK - application/json
[2019-07-29 17:34:59] REQUEST POST - https://localhost:8082/public/ws/Config.asmx/All_Get
[2019-07-29 17:34:59] ---- FROM  ::1 (WinNT)
[2019-07-29 17:34:59] ---- BROWSER:  Chrome 75.0 (Mozilla/5.0 (Windows NT 10.0; Win64; x64) AppleWebKit/537.36 (KHTML, like Gecko) Chrome/75.0.3770.142 Safari/537.36)
[2019-07-29 17:34:59] 200 - OK - text/xml
[2019-07-29 17:34:59] ---- CONTENT: {data : "<?xml version='1.0' encoding='utf-8' ?><Request ID='20190729173459694'><General><Token>61111131252223224013000011333653</Token></General><Data></Data></Request>"}
[2019-07-29 17:34:59] 200 - OK - application/json
[2019-07-29 17:34:59] REQUEST POST - https://localhost:8082/public/ws/Config.asmx/All_Get
[2019-07-29 17:34:59] ---- FROM  ::1 (WinNT)
[2019-07-29 17:34:59] ---- BROWSER:  Chrome 75.0 (Mozilla/5.0 (Windows NT 10.0; Win64; x64) AppleWebKit/537.36 (KHTML, like Gecko) Chrome/75.0.3770.142 Safari/537.36)
[2019-07-29 17:34:59] ---- CONTENT: {data : "<?xml version='1.0' encoding='utf-8' ?><Request ID='20190729173459920'><General><Token>61111131252223224013000011333653</Token></General><Data></Data></Request>"}
[2019-07-29 17:34:59] 200 - OK - application/json
[2019-07-29 17:35:03] REQUEST GET - https://localhost:8082/public/aspx/Home.aspx?Token=61111131252223224013000011333653&TokenApiRest=eyJ0eXAiOiJKV1QiLCJhbGciOiJIUzI1NiJ9.eyJpc3MiOiJodHRwczpcL1wvd3d3cy5kZXYteWVhcC5pdCIsImlhdCI6MTU0MjI5NDMyMSwibmJmIjoxNTQyMjk0MzIxLCJleHAiOjE1NDI4OTkxMjEsImRhdGEiOnsidXNlciI6eyJpZCI6IjQ0In19fQ.RCP5OeoGASxAyBw1MbMD4BFJAcDM5JIXqYXKBALZcJI&Logo=https://localhost:8082/scratch/pl_logo.png&Title=Business Plan Test nr. 2
[2019-07-29 17:35:03] ---- FROM  ::1 (WinNT)
[2019-07-29 17:35:03] ---- BROWSER:  Chrome 75.0 (Mozilla/5.0 (Windows NT 10.0; Win64; x64) AppleWebKit/537.36 (KHTML, like Gecko) Chrome/75.0.3770.142 Safari/537.36)
[2019-07-29 17:35:04] 302 - Found - text/html
[2019-07-29 17:35:04] REQUEST GET - https://localhost:8082/home/welcome?Token=61111131252223224013000011333653&TokenApiRest=eyJ0eXAiOiJKV1QiLCJhbGciOiJIUzI1NiJ9.eyJpc3MiOiJodHRwczpcL1wvd3d3cy5kZXYteWVhcC5pdCIsImlhdCI6MTU0MjI5NDMyMSwibmJmIjoxNTQyMjk0MzIxLCJleHAiOjE1NDI4OTkxMjEsImRhdGEiOnsidXNlciI6eyJpZCI6IjQ0In19fQ.RCP5OeoGASxAyBw1MbMD4BFJAcDM5JIXqYXKBALZcJI&Logo=https://localhost:8082/scratch/pl_logo.png&Title=Business Plan Test nr. 2
[2019-07-29 17:35:04] ---- FROM  ::1 (WinNT)
[2019-07-29 17:35:04] ---- BROWSER:  Chrome 75.0 (Mozilla/5.0 (Windows NT 10.0; Win64; x64) AppleWebKit/537.36 (KHTML, like Gecko) Chrome/75.0.3770.142 Safari/537.36)
[2019-07-29 17:35:04] 200 - OK - text/html
[2019-07-29 17:35:04] REQUEST POST - https://localhost:8082/public/ws/General.asmx/Set
[2019-07-29 17:35:04] ---- FROM  ::1 (WinNT)
[2019-07-29 17:35:04] ---- BROWSER:  Chrome 75.0 (Mozilla/5.0 (Windows NT 10.0; Win64; x64) AppleWebKit/537.36 (KHTML, like Gecko) Chrome/75.0.3770.142 Safari/537.36)
[2019-07-29 17:35:04] ---- CONTENT: {data : "<?xml version='1.0' encoding='utf-8' ?><Request ID='20190729173504813'><General><Token>61111131252223224013000011333653</Token></General><Data><Nome>Business Plan Test nr. 2</Nome><Logo>https%3A%2F%2Flocalhost%3A8082%2Fscratch%2Fpl_logo.png</Logo></Data></Request>"}
[2019-07-29 17:35:04] 200 - OK - application/json
[2019-07-29 17:35:04] REQUEST POST - https://localhost:8082/public/ws/Config.asmx/Economics_Get
[2019-07-29 17:35:04] ---- FROM  ::1 (WinNT)
[2019-07-29 17:35:04] ---- BROWSER:  Chrome 75.0 (Mozilla/5.0 (Windows NT 10.0; Win64; x64) AppleWebKit/537.36 (KHTML, like Gecko) Chrome/75.0.3770.142 Safari/537.36)
[2019-07-29 17:35:04] ---- CONTENT: {data : "<?xml version='1.0' encoding='utf-8' ?><Request ID='20190729173504838'><General><Token>61111131252223224013000011333653</Token></General><Data></Data></Request>"}
[2019-07-29 17:35:04] 200 - OK - application/json
[2019-07-29 17:35:04] REQUEST POST - https://localhost:8082/public/ws/Config.asmx/All_Get
[2019-07-29 17:35:04] ---- FROM  ::1 (WinNT)
[2019-07-29 17:35:04] ---- BROWSER:  Chrome 75.0 (Mozilla/5.0 (Windows NT 10.0; Win64; x64) AppleWebKit/537.36 (KHTML, like Gecko) Chrome/75.0.3770.142 Safari/537.36)
[2019-07-29 17:35:04] ---- CONTENT: {data : "<?xml version='1.0' encoding='utf-8' ?><Request ID='20190729173504904'><General><Token>61111131252223224013000011333653</Token></General><Data></Data></Request>"}
[2019-07-29 17:35:04] REQUEST POST - https://localhost:8082/public/ws/Economics.asmx/messaggi_summary
[2019-07-29 17:35:04] ---- FROM  ::1 (WinNT)
[2019-07-29 17:35:04] ---- BROWSER:  Chrome 75.0 (Mozilla/5.0 (Windows NT 10.0; Win64; x64) AppleWebKit/537.36 (KHTML, like Gecko) Chrome/75.0.3770.142 Safari/537.36)
[2019-07-29 17:35:04] ---- CONTENT: {data : "<?xml version='1.0' encoding='utf-8' ?><Request ID='20190729173504924'><General><Token>61111131252223224013000011333653</Token></General><Data></Data></Request>"}
[2019-07-29 17:35:04] 200 - OK - application/json
[2019-07-29 17:35:04] 200 - OK - application/json
[2019-07-29 17:35:05] REQUEST POST - https://localhost:8082/public/ws/Config.asmx/All_Get
[2019-07-29 17:35:05] ---- FROM  ::1 (WinNT)
[2019-07-29 17:35:05] ---- BROWSER:  Chrome 75.0 (Mozilla/5.0 (Windows NT 10.0; Win64; x64) AppleWebKit/537.36 (KHTML, like Gecko) Chrome/75.0.3770.142 Safari/537.36)
[2019-07-29 17:35:05] ---- CONTENT: {data : "<?xml version='1.0' encoding='utf-8' ?><Request ID='2019072917350545'><General><Token>61111131252223224013000011333653</Token></General><Data></Data></Request>"}
[2019-07-29 17:35:05] 200 - OK - application/json
[2019-07-29 17:35:05] REQUEST POST - https://localhost:8082/public/ws/Config.asmx/All_Get
[2019-07-29 17:35:05] ---- FROM  ::1 (WinNT)
[2019-07-29 17:35:05] ---- BROWSER:  Chrome 75.0 (Mozilla/5.0 (Windows NT 10.0; Win64; x64) AppleWebKit/537.36 (KHTML, like Gecko) Chrome/75.0.3770.142 Safari/537.36)
[2019-07-29 17:35:05] ---- CONTENT: {data : "<?xml version='1.0' encoding='utf-8' ?><Request ID='20190729173505169'><General><Token>61111131252223224013000011333653</Token></General><Data></Data></Request>"}
[2019-07-29 17:35:05] 200 - OK - application/json
[2019-07-29 17:35:15] REQUEST GET - https://localhost:8082/economics/anno-precedente-conferma
[2019-07-29 17:35:15] ---- FROM  ::1 (WinNT)
[2019-07-29 17:35:15] ---- BROWSER:  Chrome 75.0 (Mozilla/5.0 (Windows NT 10.0; Win64; x64) AppleWebKit/537.36 (KHTML, like Gecko) Chrome/75.0.3770.142 Safari/537.36)
[2019-07-29 17:35:15] 200 - OK - text/html
[2019-07-29 17:35:16] REQUEST POST - https://localhost:8082/public/ws/AnnoPrec.asmx/Valutazione
[2019-07-29 17:35:16] ---- FROM  ::1 (WinNT)
[2019-07-29 17:35:16] ---- BROWSER:  Chrome 75.0 (Mozilla/5.0 (Windows NT 10.0; Win64; x64) AppleWebKit/537.36 (KHTML, like Gecko) Chrome/75.0.3770.142 Safari/537.36)
[2019-07-29 17:35:16] ---- CONTENT: {data : "<?xml version='1.0' encoding='utf-8' ?><Request ID='20190729173516260'><General><Token>61111131252223224013000011333653</Token></General><Data></Data></Request>"}
[2019-07-29 17:35:17] 200 - OK - application/json
[2019-07-29 17:35:18] REQUEST GET - https://localhost:8082/public/ws/Resources.ashx/xml-economics/61111131252223224013000011333653
[2019-07-29 17:35:18] ---- FROM  ::1 (WinNT)
[2019-07-29 17:35:18] ---- BROWSER:  Chrome 75.0 (Mozilla/5.0 (Windows NT 10.0; Win64; x64) AppleWebKit/537.36 (KHTML, like Gecko) Chrome/75.0.3770.142 Safari/537.36)
[2019-07-29 17:35:18] REQUEST POST - https://localhost:8082/public/ws/Config.asmx/All_Get
[2019-07-29 17:35:18] ---- FROM  ::1 (WinNT)
[2019-07-29 17:35:18] ---- BROWSER:  Chrome 75.0 (Mozilla/5.0 (Windows NT 10.0; Win64; x64) AppleWebKit/537.36 (KHTML, like Gecko) Chrome/75.0.3770.142 Safari/537.36)
[2019-07-29 17:35:18] REQUEST POST - https://localhost:8082/public/ws/Economics.asmx/messaggi_summary
[2019-07-29 17:35:18] 200 - OK - text/xml
[2019-07-29 17:35:18] ---- FROM  ::1 (WinNT)
[2019-07-29 17:35:18] ---- BROWSER:  Chrome 75.0 (Mozilla/5.0 (Windows NT 10.0; Win64; x64) AppleWebKit/537.36 (KHTML, like Gecko) Chrome/75.0.3770.142 Safari/537.36)
[2019-07-29 17:35:18] ---- CONTENT: {data : "<?xml version='1.0' encoding='utf-8' ?><Request ID='2019072917351858'><General><Token>61111131252223224013000011333653</Token></General><Data></Data></Request>"}
[2019-07-29 17:35:18] ---- CONTENT: {data : "<?xml version='1.0' encoding='utf-8' ?><Request ID='20190729173518113'><General><Token>61111131252223224013000011333653</Token></General><Data></Data></Request>"}
[2019-07-29 17:35:18] 200 - OK - application/json
[2019-07-29 17:35:18] 200 - OK - application/json
[2019-07-29 17:35:20] REQUEST POST - https://localhost:8082/public/ws/Config.asmx/All_Get
[2019-07-29 17:35:20] ---- FROM  ::1 (WinNT)
[2019-07-29 17:35:20] ---- BROWSER:  Chrome 75.0 (Mozilla/5.0 (Windows NT 10.0; Win64; x64) AppleWebKit/537.36 (KHTML, like Gecko) Chrome/75.0.3770.142 Safari/537.36)
[2019-07-29 17:35:20] ---- CONTENT: {data : "<?xml version='1.0' encoding='utf-8' ?><Request ID='20190729173520730'><General><Token>61111131252223224013000011333653</Token></General><Data></Data></Request>"}
[2019-07-29 17:35:20] 200 - OK - application/json
[2019-07-29 17:35:20] REQUEST POST - https://localhost:8082/public/ws/Config.asmx/All_Get
[2019-07-29 17:35:20] ---- FROM  ::1 (WinNT)
[2019-07-29 17:35:20] ---- BROWSER:  Chrome 75.0 (Mozilla/5.0 (Windows NT 10.0; Win64; x64) AppleWebKit/537.36 (KHTML, like Gecko) Chrome/75.0.3770.142 Safari/537.36)
[2019-07-29 17:35:20] ---- CONTENT: {data : "<?xml version='1.0' encoding='utf-8' ?><Request ID='20190729173520882'><General><Token>61111131252223224013000011333653</Token></General><Data></Data></Request>"}
[2019-07-29 17:35:20] 200 - OK - application/json
[2019-07-29 17:37:19] REQUEST GET - https://localhost:8082/public/aspx/Home.aspx?Token=61111131252223224013000011333653&TokenApiRest=eyJ0eXAiOiJKV1QiLCJhbGciOiJIUzI1NiJ9.eyJpc3MiOiJodHRwczpcL1wvd3d3cy5kZXYteWVhcC5pdCIsImlhdCI6MTU0MjI5NDMyMSwibmJmIjoxNTQyMjk0MzIxLCJleHAiOjE1NDI4OTkxMjEsImRhdGEiOnsidXNlciI6eyJpZCI6IjQ0In19fQ.RCP5OeoGASxAyBw1MbMD4BFJAcDM5JIXqYXKBALZcJI&Logo=https://localhost:8082/scratch/pl_logo.png&Title=Business Plan Test nr. 2
[2019-07-29 17:37:19] ---- FROM  ::1 (WinNT)
[2019-07-29 17:37:19] ---- BROWSER:  Chrome 75.0 (Mozilla/5.0 (Windows NT 10.0; Win64; x64) AppleWebKit/537.36 (KHTML, like Gecko) Chrome/75.0.3770.142 Safari/537.36)
[2019-07-29 17:37:19] 302 - Found - text/html
[2019-07-29 17:37:19] REQUEST GET - https://localhost:8082/home/welcome?Token=61111131252223224013000011333653&TokenApiRest=eyJ0eXAiOiJKV1QiLCJhbGciOiJIUzI1NiJ9.eyJpc3MiOiJodHRwczpcL1wvd3d3cy5kZXYteWVhcC5pdCIsImlhdCI6MTU0MjI5NDMyMSwibmJmIjoxNTQyMjk0MzIxLCJleHAiOjE1NDI4OTkxMjEsImRhdGEiOnsidXNlciI6eyJpZCI6IjQ0In19fQ.RCP5OeoGASxAyBw1MbMD4BFJAcDM5JIXqYXKBALZcJI&Logo=https://localhost:8082/scratch/pl_logo.png&Title=Business Plan Test nr. 2
[2019-07-29 17:37:19] ---- FROM  ::1 (WinNT)
[2019-07-29 17:37:19] ---- BROWSER:  Chrome 75.0 (Mozilla/5.0 (Windows NT 10.0; Win64; x64) AppleWebKit/537.36 (KHTML, like Gecko) Chrome/75.0.3770.142 Safari/537.36)
[2019-07-29 17:37:19] 200 - OK - text/html
[2019-07-29 17:37:21] REQUEST POST - https://localhost:8082/public/ws/General.asmx/Set
[2019-07-29 17:37:21] ---- FROM  ::1 (WinNT)
[2019-07-29 17:37:21] ---- BROWSER:  Chrome 75.0 (Mozilla/5.0 (Windows NT 10.0; Win64; x64) AppleWebKit/537.36 (KHTML, like Gecko) Chrome/75.0.3770.142 Safari/537.36)
[2019-07-29 17:37:21] ---- CONTENT: {data : "<?xml version='1.0' encoding='utf-8' ?><Request ID='20190729173721569'><General><Token>61111131252223224013000011333653</Token></General><Data><Nome>Business Plan Test nr. 2</Nome><Logo>https%3A%2F%2Flocalhost%3A8082%2Fscratch%2Fpl_logo.png</Logo></Data></Request>"}
[2019-07-29 17:37:21] 200 - OK - application/json
[2019-07-29 17:37:21] REQUEST POST - https://localhost:8082/public/ws/Config.asmx/Economics_Get
[2019-07-29 17:37:21] ---- FROM  ::1 (WinNT)
[2019-07-29 17:37:21] ---- BROWSER:  Chrome 75.0 (Mozilla/5.0 (Windows NT 10.0; Win64; x64) AppleWebKit/537.36 (KHTML, like Gecko) Chrome/75.0.3770.142 Safari/537.36)
[2019-07-29 17:37:21] ---- CONTENT: {data : "<?xml version='1.0' encoding='utf-8' ?><Request ID='20190729173721599'><General><Token>61111131252223224013000011333653</Token></General><Data></Data></Request>"}
[2019-07-29 17:37:21] 200 - OK - application/json
[2019-07-29 17:37:21] REQUEST POST - https://localhost:8082/public/ws/Config.asmx/All_Get
[2019-07-29 17:37:21] ---- FROM  ::1 (WinNT)
[2019-07-29 17:37:21] ---- BROWSER:  Chrome 75.0 (Mozilla/5.0 (Windows NT 10.0; Win64; x64) AppleWebKit/537.36 (KHTML, like Gecko) Chrome/75.0.3770.142 Safari/537.36)
[2019-07-29 17:37:21] ---- CONTENT: {data : "<?xml version='1.0' encoding='utf-8' ?><Request ID='20190729173721716'><General><Token>61111131252223224013000011333653</Token></General><Data></Data></Request>"}
[2019-07-29 17:37:21] REQUEST POST - https://localhost:8082/public/ws/Economics.asmx/messaggi_summary
[2019-07-29 17:37:21] ---- FROM  ::1 (WinNT)
[2019-07-29 17:37:21] ---- BROWSER:  Chrome 75.0 (Mozilla/5.0 (Windows NT 10.0; Win64; x64) AppleWebKit/537.36 (KHTML, like Gecko) Chrome/75.0.3770.142 Safari/537.36)
[2019-07-29 17:37:21] ---- CONTENT: {data : "<?xml version='1.0' encoding='utf-8' ?><Request ID='20190729173721746'><General><Token>61111131252223224013000011333653</Token></General><Data></Data></Request>"}
[2019-07-29 17:37:21] 200 - OK - application/json
[2019-07-29 17:37:21] 200 - OK - application/json
[2019-07-29 17:37:21] REQUEST POST - https://localhost:8082/public/ws/Config.asmx/All_Get
[2019-07-29 17:37:21] ---- FROM  ::1 (WinNT)
[2019-07-29 17:37:21] ---- BROWSER:  Chrome 75.0 (Mozilla/5.0 (Windows NT 10.0; Win64; x64) AppleWebKit/537.36 (KHTML, like Gecko) Chrome/75.0.3770.142 Safari/537.36)
[2019-07-29 17:37:21] ---- CONTENT: {data : "<?xml version='1.0' encoding='utf-8' ?><Request ID='20190729173721890'><General><Token>61111131252223224013000011333653</Token></General><Data></Data></Request>"}
[2019-07-29 17:37:22] REQUEST POST - https://localhost:8082/public/ws/Config.asmx/All_Get
[2019-07-29 17:37:22] ---- FROM  ::1 (WinNT)
[2019-07-29 17:37:22] ---- BROWSER:  Chrome 75.0 (Mozilla/5.0 (Windows NT 10.0; Win64; x64) AppleWebKit/537.36 (KHTML, like Gecko) Chrome/75.0.3770.142 Safari/537.36)
[2019-07-29 17:37:22] ---- CONTENT: {data : "<?xml version='1.0' encoding='utf-8' ?><Request ID='201907291737221'><General><Token>61111131252223224013000011333653</Token></General><Data></Data></Request>"}
[2019-07-29 17:37:22] 200 - OK - application/json
[2019-07-29 17:37:22] 200 - OK - application/json
[2019-07-29 17:37:48] REQUEST GET - https://localhost:8082/economics/anno-precedente-conferma
[2019-07-29 17:37:48] ---- FROM  ::1 (WinNT)
[2019-07-29 17:37:48] ---- BROWSER:  Chrome 75.0 (Mozilla/5.0 (Windows NT 10.0; Win64; x64) AppleWebKit/537.36 (KHTML, like Gecko) Chrome/75.0.3770.142 Safari/537.36)
[2019-07-29 17:37:48] 200 - OK - text/html
[2019-07-29 17:37:51] REQUEST POST - https://localhost:8082/public/ws/AnnoPrec.asmx/Valutazione
[2019-07-29 17:37:51] ---- FROM  ::1 (WinNT)
[2019-07-29 17:37:51] ---- BROWSER:  Chrome 75.0 (Mozilla/5.0 (Windows NT 10.0; Win64; x64) AppleWebKit/537.36 (KHTML, like Gecko) Chrome/75.0.3770.142 Safari/537.36)
[2019-07-29 17:37:51] ---- CONTENT: {data : "<?xml version='1.0' encoding='utf-8' ?><Request ID='20190729173751496'><General><Token>61111131252223224013000011333653</Token></General><Data></Data></Request>"}
[2019-07-29 17:38:00] 200 - OK - application/json
[2019-07-29 17:38:00] REQUEST GET - https://localhost:8082/public/ws/Resources.ashx/xml-economics/61111131252223224013000011333653
[2019-07-29 17:38:00] ---- FROM  ::1 (WinNT)
[2019-07-29 17:38:00] ---- BROWSER:  Chrome 75.0 (Mozilla/5.0 (Windows NT 10.0; Win64; x64) AppleWebKit/537.36 (KHTML, like Gecko) Chrome/75.0.3770.142 Safari/537.36)
[2019-07-29 17:38:00] REQUEST POST - https://localhost:8082/public/ws/Config.asmx/All_Get
[2019-07-29 17:38:00] ---- FROM  ::1 (WinNT)
[2019-07-29 17:38:00] ---- BROWSER:  Chrome 75.0 (Mozilla/5.0 (Windows NT 10.0; Win64; x64) AppleWebKit/537.36 (KHTML, like Gecko) Chrome/75.0.3770.142 Safari/537.36)
[2019-07-29 17:38:00] REQUEST POST - https://localhost:8082/public/ws/Economics.asmx/messaggi_summary
[2019-07-29 17:38:00] ---- FROM  ::1 (WinNT)
[2019-07-29 17:38:00] ---- CONTENT: {data : "<?xml version='1.0' encoding='utf-8' ?><Request ID='20190729173800702'><General><Token>61111131252223224013000011333653</Token></General><Data></Data></Request>"}
[2019-07-29 17:38:00] ---- BROWSER:  Chrome 75.0 (Mozilla/5.0 (Windows NT 10.0; Win64; x64) AppleWebKit/537.36 (KHTML, like Gecko) Chrome/75.0.3770.142 Safari/537.36)
[2019-07-29 17:38:00] 200 - OK - text/xml
[2019-07-29 17:38:00] ---- CONTENT: {data : "<?xml version='1.0' encoding='utf-8' ?><Request ID='20190729173800764'><General><Token>61111131252223224013000011333653</Token></General><Data></Data></Request>"}
[2019-07-29 17:38:00] 200 - OK - application/json
[2019-07-29 17:38:01] 200 - OK - application/json
[2019-07-29 17:38:04] REQUEST POST - https://localhost:8082/public/ws/Config.asmx/All_Get
[2019-07-29 17:38:04] ---- FROM  ::1 (WinNT)
[2019-07-29 17:38:04] ---- BROWSER:  Chrome 75.0 (Mozilla/5.0 (Windows NT 10.0; Win64; x64) AppleWebKit/537.36 (KHTML, like Gecko) Chrome/75.0.3770.142 Safari/537.36)
[2019-07-29 17:38:04] ---- CONTENT: {data : "<?xml version='1.0' encoding='utf-8' ?><Request ID='20190729173804600'><General><Token>61111131252223224013000011333653</Token></General><Data></Data></Request>"}
[2019-07-29 17:38:04] REQUEST POST - https://localhost:8082/public/ws/Config.asmx/All_Get
[2019-07-29 17:38:12] ---- FROM  ::1 (WinNT)
[2019-07-29 17:38:13] ---- BROWSER:  Chrome 75.0 (Mozilla/5.0 (Windows NT 10.0; Win64; x64) AppleWebKit/537.36 (KHTML, like Gecko) Chrome/75.0.3770.142 Safari/537.36)
[2019-07-29 17:38:12] 200 - OK - application/json
[2019-07-29 17:38:20] ---- CONTENT: {data : "<?xml version='1.0' encoding='utf-8' ?><Request ID='20190729173804756'><General><Token>61111131252223224013000011333653</Token></General><Data></Data></Request>"}
[2019-07-29 17:38:37] 200 - OK - application/json
[2019-07-29 17:39:39] REQUEST GET - https://localhost:8082/public/aspx/Home.aspx?Token=41111111252222224015000011333353&TokenApiRest=eyJ0eXAiOiJKV1QiLCJhbGciOiJIUzI1NiJ9.eyJpc3MiOiJodHRwczpcL1wvd3d3cy5kZXYteWVhcC5pdCIsImlhdCI6MTU0MjI5NDMyMSwibmJmIjoxNTQyMjk0MzIxLCJleHAiOjE1NDI4OTkxMjEsImRhdGEiOnsidXNlciI6eyJpZCI6IjQ0In19fQ.RCP5OeoGASxAyBw1MbMD4BFJAcDM5JIXqYXKBALZcJI&Logo=https://localhost:8082/scratch/pl_logo.png&Title=Business Plan principale di prova
[2019-07-29 17:39:39] ---- FROM  ::1 (WinNT)
[2019-07-29 17:39:39] ---- BROWSER:  Chrome 75.0 (Mozilla/5.0 (Windows NT 10.0; Win64; x64) AppleWebKit/537.36 (KHTML, like Gecko) Chrome/75.0.3770.142 Safari/537.36)
[2019-07-29 17:39:39] 302 - Found - text/html
[2019-07-29 17:39:39] REQUEST GET - https://localhost:8082/home/welcome?Token=41111111252222224015000011333353&TokenApiRest=eyJ0eXAiOiJKV1QiLCJhbGciOiJIUzI1NiJ9.eyJpc3MiOiJodHRwczpcL1wvd3d3cy5kZXYteWVhcC5pdCIsImlhdCI6MTU0MjI5NDMyMSwibmJmIjoxNTQyMjk0MzIxLCJleHAiOjE1NDI4OTkxMjEsImRhdGEiOnsidXNlciI6eyJpZCI6IjQ0In19fQ.RCP5OeoGASxAyBw1MbMD4BFJAcDM5JIXqYXKBALZcJI&Logo=https://localhost:8082/scratch/pl_logo.png&Title=Business Plan principale di prova
[2019-07-29 17:39:39] ---- FROM  ::1 (WinNT)
[2019-07-29 17:39:39] ---- BROWSER:  Chrome 75.0 (Mozilla/5.0 (Windows NT 10.0; Win64; x64) AppleWebKit/537.36 (KHTML, like Gecko) Chrome/75.0.3770.142 Safari/537.36)
[2019-07-29 17:39:39] 200 - OK - text/html
[2019-07-29 17:39:40] REQUEST POST - https://localhost:8082/public/ws/General.asmx/Set
[2019-07-29 17:39:40] ---- FROM  ::1 (WinNT)
[2019-07-29 17:39:40] ---- BROWSER:  Chrome 75.0 (Mozilla/5.0 (Windows NT 10.0; Win64; x64) AppleWebKit/537.36 (KHTML, like Gecko) Chrome/75.0.3770.142 Safari/537.36)
[2019-07-29 17:39:40] ---- CONTENT: {data : "<?xml version='1.0' encoding='utf-8' ?><Request ID='20190729173940802'><General><Token>41111111252222224015000011333353</Token></General><Data><Nome>Business Plan principale di prova</Nome><Logo>https%3A%2F%2Flocalhost%3A8082%2Fscratch%2Fpl_logo.png</Logo></Data></Request>"}
[2019-07-29 17:39:40] 200 - OK - application/json
[2019-07-29 17:39:40] REQUEST POST - https://localhost:8082/public/ws/Config.asmx/Economics_Get
[2019-07-29 17:39:40] ---- FROM  ::1 (WinNT)
[2019-07-29 17:39:40] ---- BROWSER:  Chrome 75.0 (Mozilla/5.0 (Windows NT 10.0; Win64; x64) AppleWebKit/537.36 (KHTML, like Gecko) Chrome/75.0.3770.142 Safari/537.36)
[2019-07-29 17:39:40] ---- CONTENT: {data : "<?xml version='1.0' encoding='utf-8' ?><Request ID='20190729173940822'><General><Token>41111111252222224015000011333353</Token></General><Data></Data></Request>"}
[2019-07-29 17:39:40] 200 - OK - application/json
[2019-07-29 17:39:40] REQUEST POST - https://localhost:8082/public/ws/Config.asmx/All_Get
[2019-07-29 17:39:40] ---- FROM  ::1 (WinNT)
[2019-07-29 17:39:40] ---- BROWSER:  Chrome 75.0 (Mozilla/5.0 (Windows NT 10.0; Win64; x64) AppleWebKit/537.36 (KHTML, like Gecko) Chrome/75.0.3770.142 Safari/537.36)
[2019-07-29 17:39:40] ---- CONTENT: {data : "<?xml version='1.0' encoding='utf-8' ?><Request ID='20190729173940862'><General><Token>41111111252222224015000011333353</Token></General><Data></Data></Request>"}
[2019-07-29 17:39:40] 200 - OK - application/json
[2019-07-29 17:39:40] REQUEST POST - https://localhost:8082/public/ws/Economics.asmx/messaggi_summary
[2019-07-29 17:39:40] ---- FROM  ::1 (WinNT)
[2019-07-29 17:39:40] ---- BROWSER:  Chrome 75.0 (Mozilla/5.0 (Windows NT 10.0; Win64; x64) AppleWebKit/537.36 (KHTML, like Gecko) Chrome/75.0.3770.142 Safari/537.36)
[2019-07-29 17:39:40] ---- CONTENT: {data : "<?xml version='1.0' encoding='utf-8' ?><Request ID='20190729173940888'><General><Token>41111111252222224015000011333353</Token></General><Data></Data></Request>"}
[2019-07-29 17:39:40] 200 - OK - application/json
[2019-07-29 17:39:40] REQUEST POST - https://localhost:8082/public/ws/Config.asmx/All_Get
[2019-07-29 17:39:40] ---- FROM  ::1 (WinNT)
[2019-07-29 17:39:40] ---- BROWSER:  Chrome 75.0 (Mozilla/5.0 (Windows NT 10.0; Win64; x64) AppleWebKit/537.36 (KHTML, like Gecko) Chrome/75.0.3770.142 Safari/537.36)
[2019-07-29 17:39:40] ---- CONTENT: {data : "<?xml version='1.0' encoding='utf-8' ?><Request ID='20190729173940937'><General><Token>41111111252222224015000011333353</Token></General><Data></Data></Request>"}
[2019-07-29 17:39:40] 200 - OK - application/json
[2019-07-29 17:39:40] REQUEST POST - https://localhost:8082/public/ws/Config.asmx/All_Get
[2019-07-29 17:39:40] ---- FROM  ::1 (WinNT)
[2019-07-29 17:39:40] ---- BROWSER:  Chrome 75.0 (Mozilla/5.0 (Windows NT 10.0; Win64; x64) AppleWebKit/537.36 (KHTML, like Gecko) Chrome/75.0.3770.142 Safari/537.36)
[2019-07-29 17:39:40] ---- CONTENT: {data : "<?xml version='1.0' encoding='utf-8' ?><Request ID='20190729173940986'><General><Token>41111111252222224015000011333353</Token></General><Data></Data></Request>"}
[2019-07-29 17:39:41] 200 - OK - application/json
[2019-07-29 17:39:57] REQUEST GET - https://localhost:8082/economics/anno-precedente-conferma
[2019-07-29 17:39:57] ---- FROM  ::1 (WinNT)
[2019-07-29 17:39:57] ---- BROWSER:  Chrome 75.0 (Mozilla/5.0 (Windows NT 10.0; Win64; x64) AppleWebKit/537.36 (KHTML, like Gecko) Chrome/75.0.3770.142 Safari/537.36)
[2019-07-29 17:39:57] 200 - OK - text/html
[2019-07-29 17:39:57] REQUEST POST - https://localhost:8082/public/ws/AnnoPrec.asmx/Valutazione
[2019-07-29 17:39:57] ---- FROM  ::1 (WinNT)
[2019-07-29 17:39:57] ---- BROWSER:  Chrome 75.0 (Mozilla/5.0 (Windows NT 10.0; Win64; x64) AppleWebKit/537.36 (KHTML, like Gecko) Chrome/75.0.3770.142 Safari/537.36)
