[2019-09-09 15:19:11] REQUEST POST - https://localhost:8082/public/aspx/Home.aspx
[2019-09-09 15:19:11] ---- FROM  ::1 (WinNT)
[2019-09-09 15:19:11] ---- BROWSER:  Chrome 76.0 (Mozilla/5.0 (Windows NT 10.0; Win64; x64) AppleWebKit/537.36 (KHTML, like Gecko) Chrome/76.0.3809.132 Safari/537.36)
[2019-09-09 15:19:11] ---- CONTENT: Token%3D61111131252223224013000011333653%26TokenApiRest%3DeyJ0eXAiOiJKV1QiLCJhbGciOiJIUzI1NiJ9.eyJpc3MiOiJodHRwczpcL1wvd3d3cy5kZXYteWVhcC5pdCIsImlhdCI6MTU0MjI5NDMyMSwibmJmIjoxNTQyMjk0MzIxLCJleHAiOjE1NDI4OTkxMjEsImRhdGEiOnsidXNlciI6eyJpZCI6IjQ0In19fQ.RCP5OeoGASxAyBw1MbMD4BFJAcDM5JIXqYXKBALZcJI%26Logo%3Dhttps%3A%2F%2Flocalhost%3A8082%2Fscratch%2Fpl_logo.png%26Title%3DBusiness+Plan+Test+nr.+2=
[2019-09-09 15:19:19] 302 - Found - text/html
[2019-09-09 15:19:22] REQUEST GET - https://localhost:8082/home/welcome?Token=61111131252223224013000011333653&TokenApiRest=eyJ0eXAiOiJKV1QiLCJhbGciOiJIUzI1NiJ9.eyJpc3MiOiJodHRwczpcL1wvd3d3cy5kZXYteWVhcC5pdCIsImlhdCI6MTU0MjI5NDMyMSwibmJmIjoxNTQyMjk0MzIxLCJleHAiOjE1NDI4OTkxMjEsImRhdGEiOnsidXNlciI6eyJpZCI6IjQ0In19fQ.RCP5OeoGASxAyBw1MbMD4BFJAcDM5JIXqYXKBALZcJI&Logo=https://localhost:8082/scratch/pl_logo.png&Title=Business+Plan+Test+nr.+2
[2019-09-09 15:19:22] ---- FROM  ::1 (WinNT)
[2019-09-09 15:19:22] ---- BROWSER:  Chrome 76.0 (Mozilla/5.0 (Windows NT 10.0; Win64; x64) AppleWebKit/537.36 (KHTML, like Gecko) Chrome/76.0.3809.132 Safari/537.36)
[2019-09-09 15:19:24] 200 - OK - text/html
[2019-09-09 15:19:31] REQUEST POST - https://localhost:8082/public/ws/General.asmx/Set
[2019-09-09 15:19:31] ---- FROM  ::1 (WinNT)
[2019-09-09 15:19:31] ---- BROWSER:  Chrome 76.0 (Mozilla/5.0 (Windows NT 10.0; Win64; x64) AppleWebKit/537.36 (KHTML, like Gecko) Chrome/76.0.3809.132 Safari/537.36)
[2019-09-09 15:19:31] ---- CONTENT: {data : "<?xml version='1.0' encoding='utf-8' ?><Request ID='2019090915192689'><General><Token>61111131252223224013000011333653</Token></General><Data><Nome>Business Plan Test nr. 2</Nome><Logo>https%3A%2F%2Flocalhost%3A8082%2Fscratch%2Fpl_logo.png</Logo></Data></Request>"}
[2019-09-09 15:19:37] 200 - OK - application/json
[2019-09-09 15:19:43] REQUEST POST - https://localhost:8082/public/ws/Config.asmx/Economics_Get
[2019-09-09 15:19:43] ---- FROM  ::1 (WinNT)
[2019-09-09 15:19:43] ---- BROWSER:  Chrome 76.0 (Mozilla/5.0 (Windows NT 10.0; Win64; x64) AppleWebKit/537.36 (KHTML, like Gecko) Chrome/76.0.3809.132 Safari/537.36)
[2019-09-09 15:19:43] ---- CONTENT: {data : "<?xml version='1.0' encoding='utf-8' ?><Request ID='20190909151937589'><General><Token>61111131252223224013000011333653</Token></General><Data></Data></Request>"}
[2019-09-09 15:20:46] 200 - OK - application/json
[2019-09-09 15:20:53] REQUEST POST - https://localhost:8082/public/ws/Config.asmx/All_Get
[2019-09-09 15:20:53] ---- FROM  ::1 (WinNT)
[2019-09-09 15:20:53] REQUEST POST - https://localhost:8082/public/ws/Economics.asmx/messaggi_summary
[2019-09-09 15:20:53] ---- FROM  ::1 (WinNT)
[2019-09-09 15:20:53] ---- BROWSER:  Chrome 76.0 (Mozilla/5.0 (Windows NT 10.0; Win64; x64) AppleWebKit/537.36 (KHTML, like Gecko) Chrome/76.0.3809.132 Safari/537.36)
[2019-09-09 15:20:53] ---- CONTENT: {data : "<?xml version='1.0' encoding='utf-8' ?><Request ID='20190909152047903'><General><Token>61111131252223224013000011333653</Token></General><Data></Data></Request>"}
[2019-09-09 15:20:53] REQUEST POST - https://localhost:8082/public/ws/Config.asmx/All_Get
[2019-09-09 15:20:54] ---- FROM  ::1 (WinNT)
[2019-09-09 15:20:54] ---- BROWSER:  Chrome 76.0 (Mozilla/5.0 (Windows NT 10.0; Win64; x64) AppleWebKit/537.36 (KHTML, like Gecko) Chrome/76.0.3809.132 Safari/537.36)
[2019-09-09 15:20:53] ---- BROWSER:  Chrome 76.0 (Mozilla/5.0 (Windows NT 10.0; Win64; x64) AppleWebKit/537.36 (KHTML, like Gecko) Chrome/76.0.3809.132 Safari/537.36)
[2019-09-09 15:20:54] ---- CONTENT: {data : "<?xml version='1.0' encoding='utf-8' ?><Request ID='20190909152047651'><General><Token>61111131252223224013000011333653</Token></General><Data></Data></Request>"}
[2019-09-09 15:20:54] ---- CONTENT: {data : "<?xml version='1.0' encoding='utf-8' ?><Request ID='20190909152048302'><General><Token>61111131252223224013000011333653</Token></General><Data></Data></Request>"}
[2019-09-09 15:22:01] 200 - OK - application/json
[2019-09-09 15:22:01] 200 - OK - application/json
[2019-09-09 15:22:01] 200 - OK - application/json
[2019-09-09 15:22:02] REQUEST POST - https://localhost:8082/public/ws/Config.asmx/All_Get
[2019-09-09 15:22:02] ---- FROM  ::1 (WinNT)
[2019-09-09 15:22:02] ---- BROWSER:  Chrome 76.0 (Mozilla/5.0 (Windows NT 10.0; Win64; x64) AppleWebKit/537.36 (KHTML, like Gecko) Chrome/76.0.3809.132 Safari/537.36)
[2019-09-09 15:22:02] ---- CONTENT: {data : "<?xml version='1.0' encoding='utf-8' ?><Request ID='20190909152201862'><General><Token>61111131252223224013000011333653</Token></General><Data></Data></Request>"}
[2019-09-09 15:22:03] 200 - OK - application/json
[2019-09-09 15:29:14] REQUEST POST - https://localhost:8082/public/aspx/Home.aspx
[2019-09-09 15:29:14] ---- FROM  ::1 (WinNT)
[2019-09-09 15:29:14] ---- BROWSER:  Chrome 76.0 (Mozilla/5.0 (Windows NT 10.0; Win64; x64) AppleWebKit/537.36 (KHTML, like Gecko) Chrome/76.0.3809.132 Safari/537.36)
[2019-09-09 15:29:14] ---- CONTENT: Token%3D61111131252223224013000011333653%26TokenApiRest%3DeyJ0eXAiOiJKV1QiLCJhbGciOiJIUzI1NiJ9.eyJpc3MiOiJodHRwczpcL1wvd3d3cy5kZXYteWVhcC5pdCIsImlhdCI6MTU0MjI5NDMyMSwibmJmIjoxNTQyMjk0MzIxLCJleHAiOjE1NDI4OTkxMjEsImRhdGEiOnsidXNlciI6eyJpZCI6IjQ0In19fQ.RCP5OeoGASxAyBw1MbMD4BFJAcDM5JIXqYXKBALZcJI%26Logo%3Dhttps%3A%2F%2Flocalhost%3A8082%2Fscratch%2Fpl_logo.png%26Title%3DBusiness+Plan+Test+nr.+2=
[2019-09-09 15:31:29] 302 - Found - text/html
[2019-09-09 15:31:52] REQUEST GET - https://localhost:8082/home/welcome?Token=61111131252223224013000011333653&TokenApiRest=eyJ0eXAiOiJKV1QiLCJhbGciOiJIUzI1NiJ9.eyJpc3MiOiJodHRwczpcL1wvd3d3cy5kZXYteWVhcC5pdCIsImlhdCI6MTU0MjI5NDMyMSwibmJmIjoxNTQyMjk0MzIxLCJleHAiOjE1NDI4OTkxMjEsImRhdGEiOnsidXNlciI6eyJpZCI6IjQ0In19fQ.RCP5OeoGASxAyBw1MbMD4BFJAcDM5JIXqYXKBALZcJI&Logo=https://localhost:8082/scratch/pl_logo.png&Title=Business+Plan+Test+nr.+2
[2019-09-09 15:31:52] ---- FROM  ::1 (WinNT)
[2019-09-09 15:31:52] ---- BROWSER:  Chrome 76.0 (Mozilla/5.0 (Windows NT 10.0; Win64; x64) AppleWebKit/537.36 (KHTML, like Gecko) Chrome/76.0.3809.132 Safari/537.36)
[2019-09-09 15:33:42] 200 - OK - text/html
[2019-09-09 15:34:04] REQUEST POST - https://localhost:8082/public/ws/General.asmx/Set
[2019-09-09 15:34:05] ---- FROM  ::1 (WinNT)
[2019-09-09 15:34:05] ---- BROWSER:  Chrome 76.0 (Mozilla/5.0 (Windows NT 10.0; Win64; x64) AppleWebKit/537.36 (KHTML, like Gecko) Chrome/76.0.3809.132 Safari/537.36)
[2019-09-09 15:34:05] ---- CONTENT: {data : "<?xml version='1.0' encoding='utf-8' ?><Request ID='20190909153345237'><General><Token>61111131252223224013000011333653</Token></General><Data><Nome>Business Plan Test nr. 2</Nome><Logo>https%3A%2F%2Flocalhost%3A8082%2Fscratch%2Fpl_logo.png</Logo></Data></Request>"}
[2019-09-09 15:34:28] 200 - OK - application/json
[2019-09-09 15:34:29] REQUEST POST - https://localhost:8082/public/ws/Config.asmx/Economics_Get
[2019-09-09 15:34:29] ---- FROM  ::1 (WinNT)
[2019-09-09 15:34:29] ---- BROWSER:  Chrome 76.0 (Mozilla/5.0 (Windows NT 10.0; Win64; x64) AppleWebKit/537.36 (KHTML, like Gecko) Chrome/76.0.3809.132 Safari/537.36)
[2019-09-09 15:34:29] ---- CONTENT: {data : "<?xml version='1.0' encoding='utf-8' ?><Request ID='20190909153428817'><General><Token>61111131252223224013000011333653</Token></General><Data></Data></Request>"}
[2019-09-09 15:34:43] 200 - OK - application/json
[2019-09-09 15:34:47] REQUEST POST - https://localhost:8082/public/ws/Economics.asmx/messaggi_summary
[2019-09-09 15:34:47] ---- FROM  ::1 (WinNT)
[2019-09-09 15:34:47] ---- BROWSER:  Chrome 76.0 (Mozilla/5.0 (Windows NT 10.0; Win64; x64) AppleWebKit/537.36 (KHTML, like Gecko) Chrome/76.0.3809.132 Safari/537.36)
[2019-09-09 15:34:47] ---- CONTENT: {data : "<?xml version='1.0' encoding='utf-8' ?><Request ID='20190909153443957'><General><Token>61111131252223224013000011333653</Token></General><Data></Data></Request>"}
[2019-09-09 15:34:47] REQUEST POST - https://localhost:8082/public/ws/Config.asmx/All_Get
[2019-09-09 15:34:47] REQUEST POST - https://localhost:8082/public/ws/Config.asmx/All_Get
[2019-09-09 15:34:47] ---- FROM  ::1 (WinNT)
[2019-09-09 15:34:47] ---- BROWSER:  Chrome 76.0 (Mozilla/5.0 (Windows NT 10.0; Win64; x64) AppleWebKit/537.36 (KHTML, like Gecko) Chrome/76.0.3809.132 Safari/537.36)
[2019-09-09 15:34:47] ---- FROM  ::1 (WinNT)
[2019-09-09 15:34:47] ---- BROWSER:  Chrome 76.0 (Mozilla/5.0 (Windows NT 10.0; Win64; x64) AppleWebKit/537.36 (KHTML, like Gecko) Chrome/76.0.3809.132 Safari/537.36)
[2019-09-09 15:34:47] ---- CONTENT: {data : "<?xml version='1.0' encoding='utf-8' ?><Request ID='2019090915344456'><General><Token>61111131252223224013000011333653</Token></General><Data></Data></Request>"}
[2019-09-09 15:34:47] ---- CONTENT: {data : "<?xml version='1.0' encoding='utf-8' ?><Request ID='20190909153444403'><General><Token>61111131252223224013000011333653</Token></General><Data></Data></Request>"}
[2019-09-09 15:37:42] 200 - OK - application/json
[2019-09-09 15:37:47] 200 - OK - application/json
[2019-09-09 15:37:49] REQUEST POST - https://localhost:8082/public/ws/Config.asmx/All_Get
[2019-09-09 15:37:49] ---- FROM  ::1 (WinNT)
[2019-09-09 15:37:49] ---- BROWSER:  Chrome 76.0 (Mozilla/5.0 (Windows NT 10.0; Win64; x64) AppleWebKit/537.36 (KHTML, like Gecko) Chrome/76.0.3809.132 Safari/537.36)
[2019-09-09 15:37:49] ---- CONTENT: {data : "<?xml version='1.0' encoding='utf-8' ?><Request ID='2019090915374337'><General><Token>61111131252223224013000011333653</Token></General><Data></Data></Request>"}
[2019-09-09 15:38:13] 200 - OK - application/json
[2019-09-09 15:42:18] 200 - OK - application/json
[2019-09-09 15:44:49] REQUEST GET - https://localhost:8082/home/welcome
[2019-09-09 15:45:26] ---- FROM  ::1 (WinNT)
[2019-09-09 15:45:26] ---- BROWSER:  Chrome 76.0 (Mozilla/5.0 (Windows NT 10.0; Win64; x64) AppleWebKit/537.36 (KHTML, like Gecko) Chrome/76.0.3809.132 Safari/537.36)
[2019-09-09 15:45:27] REQUEST GET - https://localhost:8082/
[2019-09-09 15:45:27] ---- FROM  ::1 (WinNT)
[2019-09-09 15:45:27] ---- BROWSER:  Chrome 76.0 (Mozilla/5.0 (Windows NT 10.0; Win64; x64) AppleWebKit/537.36 (KHTML, like Gecko) Chrome/76.0.3809.132 Safari/537.36)
[2019-09-09 15:45:28] 200 - OK - text/html
[2019-09-09 15:45:28] 200 - OK - text/html
[2019-09-09 15:46:07] REQUEST POST - https://localhost:8082/public/aspx/Home.aspx
[2019-09-09 15:46:07] ---- FROM  ::1 (WinNT)
[2019-09-09 15:46:07] ---- BROWSER:  Chrome 76.0 (Mozilla/5.0 (Windows NT 10.0; Win64; x64) AppleWebKit/537.36 (KHTML, like Gecko) Chrome/76.0.3809.132 Safari/537.36)
[2019-09-09 15:46:07] ---- CONTENT: Token%3D61111131252223224013000011333653%26TokenApiRest%3DeyJ0eXAiOiJKV1QiLCJhbGciOiJIUzI1NiJ9.eyJpc3MiOiJodHRwczpcL1wvd3d3cy5kZXYteWVhcC5pdCIsImlhdCI6MTU0MjI5NDMyMSwibmJmIjoxNTQyMjk0MzIxLCJleHAiOjE1NDI4OTkxMjEsImRhdGEiOnsidXNlciI6eyJpZCI6IjQ0In19fQ.RCP5OeoGASxAyBw1MbMD4BFJAcDM5JIXqYXKBALZcJI%26Logo%3Dhttps%3A%2F%2Flocalhost%3A8082%2Fscratch%2Fpl_logo.png%26Title%3DBusiness+Plan+Test+nr.+2=
[2019-09-09 15:46:16] 302 - Found - text/html
[2019-09-09 15:46:20] REQUEST GET - https://localhost:8082/home/welcome?Token=61111131252223224013000011333653&TokenApiRest=eyJ0eXAiOiJKV1QiLCJhbGciOiJIUzI1NiJ9.eyJpc3MiOiJodHRwczpcL1wvd3d3cy5kZXYteWVhcC5pdCIsImlhdCI6MTU0MjI5NDMyMSwibmJmIjoxNTQyMjk0MzIxLCJleHAiOjE1NDI4OTkxMjEsImRhdGEiOnsidXNlciI6eyJpZCI6IjQ0In19fQ.RCP5OeoGASxAyBw1MbMD4BFJAcDM5JIXqYXKBALZcJI&Logo=https://localhost:8082/scratch/pl_logo.png&Title=Business+Plan+Test+nr.+2
[2019-09-09 15:46:20] ---- FROM  ::1 (WinNT)
[2019-09-09 15:46:20] ---- BROWSER:  Chrome 76.0 (Mozilla/5.0 (Windows NT 10.0; Win64; x64) AppleWebKit/537.36 (KHTML, like Gecko) Chrome/76.0.3809.132 Safari/537.36)
[2019-09-09 15:46:21] 200 - OK - text/html
[2019-09-09 15:46:26] REQUEST POST - https://localhost:8082/public/ws/General.asmx/Set
[2019-09-09 15:46:26] ---- FROM  ::1 (WinNT)
[2019-09-09 15:46:26] ---- BROWSER:  Chrome 76.0 (Mozilla/5.0 (Windows NT 10.0; Win64; x64) AppleWebKit/537.36 (KHTML, like Gecko) Chrome/76.0.3809.132 Safari/537.36)
[2019-09-09 15:46:26] ---- CONTENT: {data : "<?xml version='1.0' encoding='utf-8' ?><Request ID='20190909154625141'><General><Token>61111131252223224013000011333653</Token></General><Data><Nome>Business Plan Test nr. 2</Nome><Logo>https%3A%2F%2Flocalhost%3A8082%2Fscratch%2Fpl_logo.png</Logo></Data></Request>"}
[2019-09-09 15:46:27] 200 - OK - application/json
[2019-09-09 15:46:27] REQUEST POST - https://localhost:8082/public/ws/Config.asmx/Economics_Get
[2019-09-09 15:46:27] ---- FROM  ::1 (WinNT)
[2019-09-09 15:46:27] ---- BROWSER:  Chrome 76.0 (Mozilla/5.0 (Windows NT 10.0; Win64; x64) AppleWebKit/537.36 (KHTML, like Gecko) Chrome/76.0.3809.132 Safari/537.36)
[2019-09-09 15:46:27] ---- CONTENT: {data : "<?xml version='1.0' encoding='utf-8' ?><Request ID='20190909154627105'><General><Token>61111131252223224013000011333653</Token></General><Data></Data></Request>"}
[2019-09-09 15:46:29] 200 - OK - application/json
[2019-09-09 15:46:31] REQUEST POST - https://localhost:8082/public/ws/Economics.asmx/messaggi_summary
[2019-09-09 15:46:31] ---- FROM  ::1 (WinNT)
[2019-09-09 15:46:34] REQUEST POST - https://localhost:8082/public/ws/Config.asmx/All_Get
[2019-09-09 15:46:31] REQUEST POST - https://localhost:8082/public/ws/Config.asmx/All_Get
[2019-09-09 15:46:34] ---- FROM  ::1 (WinNT)
[2019-09-09 15:46:34] ---- BROWSER:  Chrome 76.0 (Mozilla/5.0 (Windows NT 10.0; Win64; x64) AppleWebKit/537.36 (KHTML, like Gecko) Chrome/76.0.3809.132 Safari/537.36)
[2019-09-09 15:46:34] ---- FROM  ::1 (WinNT)
[2019-09-09 15:46:34] ---- BROWSER:  Chrome 76.0 (Mozilla/5.0 (Windows NT 10.0; Win64; x64) AppleWebKit/537.36 (KHTML, like Gecko) Chrome/76.0.3809.132 Safari/537.36)
[2019-09-09 15:46:34] ---- BROWSER:  Chrome 76.0 (Mozilla/5.0 (Windows NT 10.0; Win64; x64) AppleWebKit/537.36 (KHTML, like Gecko) Chrome/76.0.3809.132 Safari/537.36)
[2019-09-09 15:46:34] ---- CONTENT: {data : "<?xml version='1.0' encoding='utf-8' ?><Request ID='20190909154629662'><General><Token>61111131252223224013000011333653</Token></General><Data></Data></Request>"}
[2019-09-09 15:46:34] ---- CONTENT: {data : "<?xml version='1.0' encoding='utf-8' ?><Request ID='20190909154630327'><General><Token>61111131252223224013000011333653</Token></General><Data></Data></Request>"}
[2019-09-09 15:46:34] ---- CONTENT: {data : "<?xml version='1.0' encoding='utf-8' ?><Request ID='20190909154629782'><General><Token>61111131252223224013000011333653</Token></General><Data></Data></Request>"}
[2019-09-09 15:46:51] 200 - OK - application/json
[2019-09-09 15:46:51] 200 - OK - application/json
[2019-09-09 15:46:51] 200 - OK - application/json
[2019-09-09 15:46:52] REQUEST POST - https://localhost:8082/public/ws/Config.asmx/All_Get
[2019-09-09 15:46:52] ---- FROM  ::1 (WinNT)
[2019-09-09 15:46:52] ---- BROWSER:  Chrome 76.0 (Mozilla/5.0 (Windows NT 10.0; Win64; x64) AppleWebKit/537.36 (KHTML, like Gecko) Chrome/76.0.3809.132 Safari/537.36)
[2019-09-09 15:46:52] ---- CONTENT: {data : "<?xml version='1.0' encoding='utf-8' ?><Request ID='20190909154651175'><General><Token>61111131252223224013000011333653</Token></General><Data></Data></Request>"}
[2019-09-09 15:46:52] 200 - OK - application/json
[2019-09-09 15:47:59] REQUEST GET - https://localhost:8082/
[2019-09-09 15:47:59] ---- FROM  ::1 (WinNT)
[2019-09-09 15:47:59] ---- BROWSER:  Chrome 76.0 (Mozilla/5.0 (Windows NT 10.0; Win64; x64) AppleWebKit/537.36 (KHTML, like Gecko) Chrome/76.0.3809.132 Safari/537.36)
[2019-09-09 15:47:59] 200 - OK - text/html
[2019-09-09 15:50:18] REQUEST POST - https://localhost:8082/public/aspx/Home.aspx
[2019-09-09 15:50:18] ---- FROM  ::1 (WinNT)
[2019-09-09 15:50:18] ---- BROWSER:  Chrome 76.0 (Mozilla/5.0 (Windows NT 10.0; Win64; x64) AppleWebKit/537.36 (KHTML, like Gecko) Chrome/76.0.3809.132 Safari/537.36)
[2019-09-09 15:50:18] ---- CONTENT: Token%3D61111131252223224013000011333653%26TokenApiRest%3DeyJ0eXAiOiJKV1QiLCJhbGciOiJIUzI1NiJ9.eyJpc3MiOiJodHRwczpcL1wvd3d3cy5kZXYteWVhcC5pdCIsImlhdCI6MTU0MjI5NDMyMSwibmJmIjoxNTQyMjk0MzIxLCJleHAiOjE1NDI4OTkxMjEsImRhdGEiOnsidXNlciI6eyJpZCI6IjQ0In19fQ.RCP5OeoGASxAyBw1MbMD4BFJAcDM5JIXqYXKBALZcJI%26Logo%3Dhttps%3A%2F%2Flocalhost%3A8082%2Fscratch%2Fpl_logo.png%26Title%3DBusiness+Plan+Test+nr.+2=
[2019-09-09 15:50:45] 302 - Found - text/html
[2019-09-09 15:50:49] REQUEST GET - https://localhost:8082/home/welcome?Token=61111131252223224013000011333653&TokenApiRest=eyJ0eXAiOiJKV1QiLCJhbGciOiJIUzI1NiJ9.eyJpc3MiOiJodHRwczpcL1wvd3d3cy5kZXYteWVhcC5pdCIsImlhdCI6MTU0MjI5NDMyMSwibmJmIjoxNTQyMjk0MzIxLCJleHAiOjE1NDI4OTkxMjEsImRhdGEiOnsidXNlciI6eyJpZCI6IjQ0In19fQ.RCP5OeoGASxAyBw1MbMD4BFJAcDM5JIXqYXKBALZcJI&Logo=https://localhost:8082/scratch/pl_logo.png&Title=Business+Plan+Test+nr.+2
[2019-09-09 15:50:49] ---- FROM  ::1 (WinNT)
[2019-09-09 15:50:49] ---- BROWSER:  Chrome 76.0 (Mozilla/5.0 (Windows NT 10.0; Win64; x64) AppleWebKit/537.36 (KHTML, like Gecko) Chrome/76.0.3809.132 Safari/537.36)
[2019-09-09 15:51:27] 200 - OK - text/html
[2019-09-09 15:51:37] REQUEST POST - https://localhost:8082/public/ws/General.asmx/Set
[2019-09-09 15:51:37] ---- FROM  ::1 (WinNT)
[2019-09-09 15:51:37] ---- BROWSER:  Chrome 76.0 (Mozilla/5.0 (Windows NT 10.0; Win64; x64) AppleWebKit/537.36 (KHTML, like Gecko) Chrome/76.0.3809.132 Safari/537.36)
[2019-09-09 15:51:37] ---- CONTENT: {data : "<?xml version='1.0' encoding='utf-8' ?><Request ID='20190909155130736'><General><Token>61111131252223224013000011333653</Token></General><Data><Nome>Business Plan Test nr. 2</Nome><Logo>https%3A%2F%2Flocalhost%3A8082%2Fscratch%2Fpl_logo.png</Logo></Data></Request>"}
[2019-09-09 15:52:57] 200 - OK - application/json
[2019-09-09 15:53:06] REQUEST POST - https://localhost:8082/public/ws/Config.asmx/Economics_Get
[2019-09-09 15:53:06] ---- FROM  ::1 (WinNT)
[2019-09-09 15:53:06] ---- BROWSER:  Chrome 76.0 (Mozilla/5.0 (Windows NT 10.0; Win64; x64) AppleWebKit/537.36 (KHTML, like Gecko) Chrome/76.0.3809.132 Safari/537.36)
[2019-09-09 15:53:06] ---- CONTENT: {data : "<?xml version='1.0' encoding='utf-8' ?><Request ID='20190909155259789'><General><Token>61111131252223224013000011333653</Token></General><Data></Data></Request>"}
[2019-09-09 15:53:42] 200 - OK - application/json
[2019-09-09 15:53:55] REQUEST POST - https://localhost:8082/public/ws/Config.asmx/All_Get
[2019-09-09 15:53:59] REQUEST POST - https://localhost:8082/public/ws/Economics.asmx/messaggi_summary
[2019-09-09 15:53:59] ---- FROM  ::1 (WinNT)
[2019-09-09 15:53:59] ---- BROWSER:  Chrome 76.0 (Mozilla/5.0 (Windows NT 10.0; Win64; x64) AppleWebKit/537.36 (KHTML, like Gecko) Chrome/76.0.3809.132 Safari/537.36)
[2019-09-09 15:53:59] ---- CONTENT: {data : "<?xml version='1.0' encoding='utf-8' ?><Request ID='20190909155343317'><General><Token>61111131252223224013000011333653</Token></General><Data></Data></Request>"}
[2019-09-09 15:53:59] REQUEST POST - https://localhost:8082/public/ws/Config.asmx/All_Get
[2019-09-09 15:53:59] ---- FROM  ::1 (WinNT)
[2019-09-09 15:53:59] ---- FROM  ::1 (WinNT)
[2019-09-09 15:54:06] ---- BROWSER:  Chrome 76.0 (Mozilla/5.0 (Windows NT 10.0; Win64; x64) AppleWebKit/537.36 (KHTML, like Gecko) Chrome/76.0.3809.132 Safari/537.36)
[2019-09-09 15:54:06] ---- BROWSER:  Chrome 76.0 (Mozilla/5.0 (Windows NT 10.0; Win64; x64) AppleWebKit/537.36 (KHTML, like Gecko) Chrome/76.0.3809.132 Safari/537.36)
[2019-09-09 15:54:06] ---- CONTENT: {data : "<?xml version='1.0' encoding='utf-8' ?><Request ID='20190909155343276'><General><Token>61111131252223224013000011333653</Token></General><Data></Data></Request>"}
[2019-09-09 15:54:06] ---- CONTENT: {data : "<?xml version='1.0' encoding='utf-8' ?><Request ID='20190909155343695'><General><Token>61111131252223224013000011333653</Token></General><Data></Data></Request>"}
[2019-09-09 15:55:01] 200 - OK - application/json
[2019-09-09 15:55:04] 200 - OK - application/json
[2019-09-09 15:55:04] 200 - OK - application/json
[2019-09-09 15:55:05] REQUEST POST - https://localhost:8082/public/ws/Config.asmx/All_Get
[2019-09-09 15:55:07] ---- FROM  ::1 (WinNT)
[2019-09-09 15:55:07] ---- BROWSER:  Chrome 76.0 (Mozilla/5.0 (Windows NT 10.0; Win64; x64) AppleWebKit/537.36 (KHTML, like Gecko) Chrome/76.0.3809.132 Safari/537.36)
[2019-09-09 15:55:07] ---- CONTENT: {data : "<?xml version='1.0' encoding='utf-8' ?><Request ID='20190909155504679'><General><Token>61111131252223224013000011333653</Token></General><Data></Data></Request>"}
[2019-09-09 15:55:32] 200 - OK - application/json
