[2019-09-10 12:26:02] 200 - OK - application/json
[2019-09-10 12:26:02] REQUEST GET - https://localhost:8082/public/ws/Resources.ashx/xml-economics/undefined
[2019-09-10 12:26:02] ---- FROM  ::1 (WinNT)
[2019-09-10 12:26:02] ---- BROWSER:  Firefox 69.0 (Mozilla/5.0 (Windows NT 10.0; Win64; x64; rv:69.0) Gecko/20100101 Firefox/69.0)
[2019-09-10 12:26:02] 200 - OK - text/xml
[2019-09-10 12:26:02] REQUEST POST - https://localhost:8082/public/ws/Config.asmx/All_Get
[2019-09-10 12:26:02] ---- FROM  ::1 (WinNT)
[2019-09-10 12:26:02] ---- BROWSER:  Firefox 69.0 (Mozilla/5.0 (Windows NT 10.0; Win64; x64; rv:69.0) Gecko/20100101 Firefox/69.0)
[2019-09-10 12:26:02] ---- CONTENT: {data : "<?xml version='1.0' encoding='utf-8' ?><Request ID='2019091012260285'><General><Token>undefined</Token></General><Data></Data></Request>"}
[2019-09-10 12:26:02] 200 - OK - application/json
[2019-09-10 12:26:03] REQUEST POST - https://localhost:8082/public/ws/Config.asmx/All_Get
[2019-09-10 12:26:03] ---- FROM  ::1 (WinNT)
[2019-09-10 12:26:03] ---- BROWSER:  Firefox 69.0 (Mozilla/5.0 (Windows NT 10.0; Win64; x64; rv:69.0) Gecko/20100101 Firefox/69.0)
[2019-09-10 12:26:03] ---- CONTENT: {data : "<?xml version='1.0' encoding='utf-8' ?><Request ID='20190910122603183'><General><Token>undefined</Token></General><Data></Data></Request>"}
[2019-09-10 12:26:03] 200 - OK - application/json
[2019-09-10 12:26:14] REQUEST GET - https://localhost:8082/economics/messaggi
[2019-09-10 12:26:14] ---- FROM  ::1 (WinNT)
[2019-09-10 12:26:14] ---- BROWSER:  Firefox 69.0 (Mozilla/5.0 (Windows NT 10.0; Win64; x64; rv:69.0) Gecko/20100101 Firefox/69.0)
[2019-09-10 12:26:14] 200 - OK - text/html
[2019-09-10 12:26:15] REQUEST POST - https://localhost:8082/public/ws/Economics.asmx/messaggi
[2019-09-10 12:26:15] ---- FROM  ::1 (WinNT)
[2019-09-10 12:26:15] ---- BROWSER:  Firefox 69.0 (Mozilla/5.0 (Windows NT 10.0; Win64; x64; rv:69.0) Gecko/20100101 Firefox/69.0)
[2019-09-10 12:26:15] ---- CONTENT: {data : "<?xml version='1.0' encoding='utf-8' ?><Request ID='2019091012261570'><General><Token>undefined</Token></General><Data></Data></Request>"}
[2019-09-10 12:26:15] 200 - OK - application/json
[2019-09-10 12:26:15] REQUEST POST - https://localhost:8082/public/ws/Config.asmx/All_Get
[2019-09-10 12:26:15] ---- FROM  ::1 (WinNT)
[2019-09-10 12:26:15] ---- BROWSER:  Firefox 69.0 (Mozilla/5.0 (Windows NT 10.0; Win64; x64; rv:69.0) Gecko/20100101 Firefox/69.0)
[2019-09-10 12:26:15] ---- CONTENT: {data : "<?xml version='1.0' encoding='utf-8' ?><Request ID='20190910122615177'><General><Token>undefined</Token></General><Data></Data></Request>"}
[2019-09-10 12:26:15] 200 - OK - application/json
[2019-09-10 12:26:15] REQUEST POST - https://localhost:8082/public/ws/Economics.asmx/messaggi_summary
[2019-09-10 12:26:15] ---- FROM  ::1 (WinNT)
[2019-09-10 12:26:15] ---- BROWSER:  Firefox 69.0 (Mozilla/5.0 (Windows NT 10.0; Win64; x64; rv:69.0) Gecko/20100101 Firefox/69.0)
[2019-09-10 12:26:15] ---- CONTENT: {data : "<?xml version='1.0' encoding='utf-8' ?><Request ID='20190910122615225'><General><Token>undefined</Token></General><Data></Data></Request>"}
[2019-09-10 12:26:15] 200 - OK - application/json
[2019-09-10 12:26:15] REQUEST POST - https://localhost:8082/public/ws/Config.asmx/All_Get
[2019-09-10 12:26:15] ---- FROM  ::1 (WinNT)
[2019-09-10 12:26:15] ---- BROWSER:  Firefox 69.0 (Mozilla/5.0 (Windows NT 10.0; Win64; x64; rv:69.0) Gecko/20100101 Firefox/69.0)
[2019-09-10 12:26:15] ---- CONTENT: {data : "<?xml version='1.0' encoding='utf-8' ?><Request ID='20190910122615284'><General><Token>undefined</Token></General><Data></Data></Request>"}
[2019-09-10 12:26:15] 200 - OK - application/json
[2019-09-10 12:26:15] REQUEST GET - https://localhost:8082/public/ws/Resources.ashx/xml-economics/undefined
[2019-09-10 12:26:15] ---- FROM  ::1 (WinNT)
[2019-09-10 12:26:15] ---- BROWSER:  Firefox 69.0 (Mozilla/5.0 (Windows NT 10.0; Win64; x64; rv:69.0) Gecko/20100101 Firefox/69.0)
[2019-09-10 12:26:15] 200 - OK - text/xml
[2019-09-10 12:26:15] REQUEST POST - https://localhost:8082/public/ws/Config.asmx/All_Get
[2019-09-10 12:26:15] ---- FROM  ::1 (WinNT)
[2019-09-10 12:26:15] ---- BROWSER:  Firefox 69.0 (Mozilla/5.0 (Windows NT 10.0; Win64; x64; rv:69.0) Gecko/20100101 Firefox/69.0)
[2019-09-10 12:26:15] ---- CONTENT: {data : "<?xml version='1.0' encoding='utf-8' ?><Request ID='20190910122615538'><General><Token>undefined</Token></General><Data></Data></Request>"}
[2019-09-10 12:26:15] 200 - OK - application/json
[2019-09-10 12:26:23] REQUEST GET - https://localhost:8082/economics/ricavi
[2019-09-10 12:26:23] ---- FROM  ::1 (WinNT)
[2019-09-10 12:26:23] ---- BROWSER:  Firefox 69.0 (Mozilla/5.0 (Windows NT 10.0; Win64; x64; rv:69.0) Gecko/20100101 Firefox/69.0)
[2019-09-10 12:26:23] 200 - OK - text/html
[2019-09-10 12:26:23] REQUEST POST - https://localhost:8082/public/ws/Ricavi.asmx/Ricavo_Get
[2019-09-10 12:26:23] ---- FROM  ::1 (WinNT)
[2019-09-10 12:26:23] ---- BROWSER:  Firefox 69.0 (Mozilla/5.0 (Windows NT 10.0; Win64; x64; rv:69.0) Gecko/20100101 Firefox/69.0)
[2019-09-10 12:26:23] ---- CONTENT: {data : "<?xml version='1.0' encoding='utf-8' ?><Request ID='20190910122623881'><General><Token>undefined</Token></General><Data></Data></Request>"}
[2019-09-10 12:26:23] 200 - OK - application/json
[2019-09-10 12:26:23] REQUEST POST - https://localhost:8082/public/ws/Config.asmx/All_Get
[2019-09-10 12:26:23] ---- FROM  ::1 (WinNT)
[2019-09-10 12:26:23] ---- BROWSER:  Firefox 69.0 (Mozilla/5.0 (Windows NT 10.0; Win64; x64; rv:69.0) Gecko/20100101 Firefox/69.0)
[2019-09-10 12:26:23] ---- CONTENT: {data : "<?xml version='1.0' encoding='utf-8' ?><Request ID='20190910122623983'><General><Token>undefined</Token></General><Data></Data></Request>"}
[2019-09-10 12:26:23] 200 - OK - application/json
[2019-09-10 12:26:24] REQUEST POST - https://localhost:8082/public/ws/Economics.asmx/messaggi_summary
[2019-09-10 12:26:24] ---- FROM  ::1 (WinNT)
[2019-09-10 12:26:24] ---- BROWSER:  Firefox 69.0 (Mozilla/5.0 (Windows NT 10.0; Win64; x64; rv:69.0) Gecko/20100101 Firefox/69.0)
[2019-09-10 12:26:24] ---- CONTENT: {data : "<?xml version='1.0' encoding='utf-8' ?><Request ID='2019091012262415'><General><Token>undefined</Token></General><Data></Data></Request>"}
[2019-09-10 12:26:24] 200 - OK - application/json
[2019-09-10 12:26:24] REQUEST GET - https://localhost:8082/public/ws/Resources.ashx/xml-economics/undefined
[2019-09-10 12:26:24] ---- FROM  ::1 (WinNT)
[2019-09-10 12:26:24] ---- BROWSER:  Firefox 69.0 (Mozilla/5.0 (Windows NT 10.0; Win64; x64; rv:69.0) Gecko/20100101 Firefox/69.0)
[2019-09-10 12:26:24] 200 - OK - text/xml
[2019-09-10 12:26:24] REQUEST POST - https://localhost:8082/public/ws/Config.asmx/All_Get
[2019-09-10 12:26:24] ---- FROM  ::1 (WinNT)
[2019-09-10 12:26:24] ---- BROWSER:  Firefox 69.0 (Mozilla/5.0 (Windows NT 10.0; Win64; x64; rv:69.0) Gecko/20100101 Firefox/69.0)
[2019-09-10 12:26:24] ---- CONTENT: {data : "<?xml version='1.0' encoding='utf-8' ?><Request ID='2019091012262477'><General><Token>undefined</Token></General><Data></Data></Request>"}
[2019-09-10 12:26:24] 200 - OK - application/json
[2019-09-10 12:26:24] REQUEST POST - https://localhost:8082/public/ws/Config.asmx/All_Get
[2019-09-10 12:26:24] ---- FROM  ::1 (WinNT)
[2019-09-10 12:26:24] ---- BROWSER:  Firefox 69.0 (Mozilla/5.0 (Windows NT 10.0; Win64; x64; rv:69.0) Gecko/20100101 Firefox/69.0)
[2019-09-10 12:26:24] ---- CONTENT: {data : "<?xml version='1.0' encoding='utf-8' ?><Request ID='20190910122624367'><General><Token>undefined</Token></General><Data></Data></Request>"}
[2019-09-10 12:26:24] 200 - OK - application/json
[2019-09-10 12:26:35] REQUEST GET - https://localhost:8082/economics/messaggi
[2019-09-10 12:26:35] ---- FROM  ::1 (WinNT)
[2019-09-10 12:26:35] ---- BROWSER:  Firefox 69.0 (Mozilla/5.0 (Windows NT 10.0; Win64; x64; rv:69.0) Gecko/20100101 Firefox/69.0)
[2019-09-10 12:26:35] 200 - OK - text/html
[2019-09-10 12:26:35] REQUEST POST - https://localhost:8082/public/ws/Economics.asmx/messaggi
[2019-09-10 12:26:35] ---- FROM  ::1 (WinNT)
[2019-09-10 12:26:35] ---- BROWSER:  Firefox 69.0 (Mozilla/5.0 (Windows NT 10.0; Win64; x64; rv:69.0) Gecko/20100101 Firefox/69.0)
[2019-09-10 12:26:35] ---- CONTENT: {data : "<?xml version='1.0' encoding='utf-8' ?><Request ID='20190910122635942'><General><Token>undefined</Token></General><Data></Data></Request>"}
[2019-09-10 12:26:35] 200 - OK - application/json
[2019-09-10 12:26:36] REQUEST GET - https://localhost:8082/public/ws/Resources.ashx/xml-economics/undefined
[2019-09-10 12:26:36] ---- FROM  ::1 (WinNT)
[2019-09-10 12:26:36] ---- BROWSER:  Firefox 69.0 (Mozilla/5.0 (Windows NT 10.0; Win64; x64; rv:69.0) Gecko/20100101 Firefox/69.0)
[2019-09-10 12:26:36] REQUEST POST - https://localhost:8082/public/ws/Config.asmx/All_Get
[2019-09-10 12:26:36] ---- FROM  ::1 (WinNT)
[2019-09-10 12:26:36] ---- BROWSER:  Firefox 69.0 (Mozilla/5.0 (Windows NT 10.0; Win64; x64; rv:69.0) Gecko/20100101 Firefox/69.0)
[2019-09-10 12:26:36] ---- CONTENT: {data : "<?xml version='1.0' encoding='utf-8' ?><Request ID='2019091012263611'><General><Token>undefined</Token></General><Data></Data></Request>"}
[2019-09-10 12:26:36] 200 - OK - text/xml
[2019-09-10 12:26:36] 200 - OK - application/json
[2019-09-10 12:26:36] REQUEST POST - https://localhost:8082/public/ws/Economics.asmx/messaggi_summary
[2019-09-10 12:26:36] ---- FROM  ::1 (WinNT)
[2019-09-10 12:26:36] ---- BROWSER:  Firefox 69.0 (Mozilla/5.0 (Windows NT 10.0; Win64; x64; rv:69.0) Gecko/20100101 Firefox/69.0)
[2019-09-10 12:26:36] ---- CONTENT: {data : "<?xml version='1.0' encoding='utf-8' ?><Request ID='2019091012263657'><General><Token>undefined</Token></General><Data></Data></Request>"}
[2019-09-10 12:26:36] 200 - OK - application/json
[2019-09-10 12:26:36] REQUEST POST - https://localhost:8082/public/ws/Config.asmx/All_Get
[2019-09-10 12:26:36] ---- FROM  ::1 (WinNT)
[2019-09-10 12:26:36] ---- BROWSER:  Firefox 69.0 (Mozilla/5.0 (Windows NT 10.0; Win64; x64; rv:69.0) Gecko/20100101 Firefox/69.0)
[2019-09-10 12:26:36] ---- CONTENT: {data : "<?xml version='1.0' encoding='utf-8' ?><Request ID='20190910122636147'><General><Token>undefined</Token></General><Data></Data></Request>"}
[2019-09-10 12:26:36] 200 - OK - application/json
[2019-09-10 12:26:36] REQUEST POST - https://localhost:8082/public/ws/Config.asmx/All_Get
[2019-09-10 12:26:36] ---- FROM  ::1 (WinNT)
[2019-09-10 12:26:36] ---- BROWSER:  Firefox 69.0 (Mozilla/5.0 (Windows NT 10.0; Win64; x64; rv:69.0) Gecko/20100101 Firefox/69.0)
[2019-09-10 12:26:36] ---- CONTENT: {data : "<?xml version='1.0' encoding='utf-8' ?><Request ID='20190910122636261'><General><Token>undefined</Token></General><Data></Data></Request>"}
[2019-09-10 12:26:36] 200 - OK - application/json
[2019-09-10 12:27:15] REQUEST POST - https://localhost:8082/public/aspx/Home.aspx
[2019-09-10 12:27:15] ---- FROM  ::1 (WinNT)
[2019-09-10 12:27:15] ---- BROWSER:  Firefox 69.0 (Mozilla/5.0 (Windows NT 10.0; Win64; x64; rv:69.0) Gecko/20100101 Firefox/69.0)
[2019-09-10 12:27:15] ---- CONTENT: Token%3D61111131252223224013000011333653%26TokenApiRest%3DeyJ0eXAiOiJKV1QiLCJhbGciOiJIUzI1NiJ9.eyJpc3MiOiJodHRwczpcL1wvd3d3cy5kZXYteWVhcC5pdCIsImlhdCI6MTU0MjI5NDMyMSwibmJmIjoxNTQyMjk0MzIxLCJleHAiOjE1NDI4OTkxMjEsImRhdGEiOnsidXNlciI6eyJpZCI6IjQ0In19fQ.RCP5OeoGASxAyBw1MbMD4BFJAcDM5JIXqYXKBALZcJI%26Logo%3Dhttps%3A%2F%2Flocalhost%3A8082%2Fscratch%2Fpl_logo.png%26Title%3DBusiness+Plan+Test+nr.+2=
[2019-09-10 12:27:16] 302 - Found - text/html
[2019-09-10 12:27:17] REQUEST GET - https://localhost:8082/home/welcome
[2019-09-10 12:27:17] ---- FROM  ::1 (WinNT)
[2019-09-10 12:27:17] ---- BROWSER:  Firefox 69.0 (Mozilla/5.0 (Windows NT 10.0; Win64; x64; rv:69.0) Gecko/20100101 Firefox/69.0)
[2019-09-10 12:27:17] 200 - OK - text/html
[2019-09-10 12:27:18] REQUEST POST - https://localhost:8082/public/ws/General.asmx/Set
[2019-09-10 12:27:18] ---- FROM  ::1 (WinNT)
[2019-09-10 12:27:18] ---- BROWSER:  Firefox 69.0 (Mozilla/5.0 (Windows NT 10.0; Win64; x64; rv:69.0) Gecko/20100101 Firefox/69.0)
[2019-09-10 12:27:18] ---- CONTENT: {data : "<?xml version='1.0' encoding='utf-8' ?><Request ID='20190910122718406'><General><Token>61111131252223224013000011333653</Token></General><Data><Nome>Business Plan Test nr. 2</Nome><Logo>https%3A%2F%2Flocalhost%3A8082%2Fscratch%2Fpl_logo.png</Logo></Data></Request>"}
[2019-09-10 12:27:18] 200 - OK - application/json
[2019-09-10 12:27:18] REQUEST POST - https://localhost:8082/public/ws/Config.asmx/Economics_Get
[2019-09-10 12:27:18] ---- FROM  ::1 (WinNT)
[2019-09-10 12:27:18] ---- BROWSER:  Firefox 69.0 (Mozilla/5.0 (Windows NT 10.0; Win64; x64; rv:69.0) Gecko/20100101 Firefox/69.0)
[2019-09-10 12:27:18] ---- CONTENT: {data : "<?xml version='1.0' encoding='utf-8' ?><Request ID='20190910122718439'><General><Token>61111131252223224013000011333653</Token></General><Data></Data></Request>"}
[2019-09-10 12:27:18] 200 - OK - application/json
[2019-09-10 12:27:18] REQUEST POST - https://localhost:8082/public/ws/Config.asmx/All_Get
[2019-09-10 12:27:18] ---- FROM  ::1 (WinNT)
[2019-09-10 12:27:18] ---- BROWSER:  Firefox 69.0 (Mozilla/5.0 (Windows NT 10.0; Win64; x64; rv:69.0) Gecko/20100101 Firefox/69.0)
[2019-09-10 12:27:18] ---- CONTENT: {data : "<?xml version='1.0' encoding='utf-8' ?><Request ID='20190910122718498'><General><Token>61111131252223224013000011333653</Token></General><Data></Data></Request>"}
[2019-09-10 12:27:18] 200 - OK - application/json
[2019-09-10 12:27:18] REQUEST POST - https://localhost:8082/public/ws/Economics.asmx/messaggi_summary
[2019-09-10 12:27:18] ---- FROM  ::1 (WinNT)
[2019-09-10 12:27:18] ---- BROWSER:  Firefox 69.0 (Mozilla/5.0 (Windows NT 10.0; Win64; x64; rv:69.0) Gecko/20100101 Firefox/69.0)
[2019-09-10 12:27:18] ---- CONTENT: {data : "<?xml version='1.0' encoding='utf-8' ?><Request ID='20190910122718548'><General><Token>61111131252223224013000011333653</Token></General><Data></Data></Request>"}
[2019-09-10 12:27:18] 200 - OK - application/json
[2019-09-10 12:27:18] REQUEST POST - https://localhost:8082/public/ws/Config.asmx/All_Get
[2019-09-10 12:27:18] ---- FROM  ::1 (WinNT)
[2019-09-10 12:27:18] ---- BROWSER:  Firefox 69.0 (Mozilla/5.0 (Windows NT 10.0; Win64; x64; rv:69.0) Gecko/20100101 Firefox/69.0)
[2019-09-10 12:27:18] ---- CONTENT: {data : "<?xml version='1.0' encoding='utf-8' ?><Request ID='20190910122718612'><General><Token>61111131252223224013000011333653</Token></General><Data></Data></Request>"}
[2019-09-10 12:27:18] 200 - OK - application/json
[2019-09-10 12:27:18] REQUEST POST - https://localhost:8082/public/ws/Config.asmx/All_Get
[2019-09-10 12:27:18] ---- FROM  ::1 (WinNT)
[2019-09-10 12:27:18] ---- BROWSER:  Firefox 69.0 (Mozilla/5.0 (Windows NT 10.0; Win64; x64; rv:69.0) Gecko/20100101 Firefox/69.0)
[2019-09-10 12:27:18] ---- CONTENT: {data : "<?xml version='1.0' encoding='utf-8' ?><Request ID='20190910122718671'><General><Token>61111131252223224013000011333653</Token></General><Data></Data></Request>"}
[2019-09-10 12:27:18] 200 - OK - application/json
[2019-09-10 12:27:23] REQUEST POST - https://localhost:8082/public/aspx/Home.aspx
[2019-09-10 12:27:23] ---- FROM  ::1 (WinNT)
[2019-09-10 12:27:23] ---- BROWSER:  Firefox 69.0 (Mozilla/5.0 (Windows NT 10.0; Win64; x64; rv:69.0) Gecko/20100101 Firefox/69.0)
[2019-09-10 12:27:23] ---- CONTENT: Token%3D21111141252224224017000011333853%26TokenApiRest%3DeyJ0eXAiOiJKV1QiLCJhbGciOiJIUzI1NiJ9.eyJpc3MiOiJodHRwczpcL1wvd3d3cy5kZXYteWVhcC5pdCIsImlhdCI6MTU0MjI5NDMyMSwibmJmIjoxNTQyMjk0MzIxLCJleHAiOjE1NDI4OTkxMjEsImRhdGEiOnsidXNlciI6eyJpZCI6IjQ0In19fQ.RCP5OeoGASxAyBw1MbMD4BFJAcDM5JIXqYXKBALZcJI%26Logo%3Dhttps%3A%2F%2Flocalhost%3A8082%2Fscratch%2Fpl_logo.png%26Title%3DBusiness+Plan+Test+nr.+3=
[2019-09-10 12:27:25] 302 - Found - text/html
[2019-09-10 12:27:25] REQUEST GET - https://localhost:8082/home/welcome
[2019-09-10 12:27:25] ---- FROM  ::1 (WinNT)
[2019-09-10 12:27:25] ---- BROWSER:  Firefox 69.0 (Mozilla/5.0 (Windows NT 10.0; Win64; x64; rv:69.0) Gecko/20100101 Firefox/69.0)
[2019-09-10 12:27:26] 200 - OK - text/html
[2019-09-10 12:27:26] REQUEST POST - https://localhost:8082/public/ws/General.asmx/Set
[2019-09-10 12:27:26] ---- FROM  ::1 (WinNT)
[2019-09-10 12:27:26] ---- BROWSER:  Firefox 69.0 (Mozilla/5.0 (Windows NT 10.0; Win64; x64; rv:69.0) Gecko/20100101 Firefox/69.0)
[2019-09-10 12:27:26] ---- CONTENT: {data : "<?xml version='1.0' encoding='utf-8' ?><Request ID='20190910122726754'><General><Token>21111141252224224017000011333853</Token></General><Data><Nome>Business Plan Test nr. 3</Nome><Logo>https%3A%2F%2Flocalhost%3A8082%2Fscratch%2Fpl_logo.png</Logo></Data></Request>"}
[2019-09-10 12:27:26] 200 - OK - application/json
[2019-09-10 12:27:26] REQUEST POST - https://localhost:8082/public/ws/Config.asmx/Economics_Get
[2019-09-10 12:27:26] ---- FROM  ::1 (WinNT)
[2019-09-10 12:27:26] ---- BROWSER:  Firefox 69.0 (Mozilla/5.0 (Windows NT 10.0; Win64; x64; rv:69.0) Gecko/20100101 Firefox/69.0)
[2019-09-10 12:27:26] ---- CONTENT: {data : "<?xml version='1.0' encoding='utf-8' ?><Request ID='20190910122726852'><General><Token>21111141252224224017000011333853</Token></General><Data></Data></Request>"}
[2019-09-10 12:27:27] 200 - OK - application/json
[2019-09-10 12:27:27] REQUEST POST - https://localhost:8082/public/ws/Config.asmx/All_Get
[2019-09-10 12:27:27] ---- FROM  ::1 (WinNT)
[2019-09-10 12:27:27] ---- BROWSER:  Firefox 69.0 (Mozilla/5.0 (Windows NT 10.0; Win64; x64; rv:69.0) Gecko/20100101 Firefox/69.0)
[2019-09-10 12:27:27] REQUEST POST - https://localhost:8082/public/ws/Economics.asmx/messaggi_summary
[2019-09-10 12:27:27] ---- FROM  ::1 (WinNT)
[2019-09-10 12:27:27] ---- BROWSER:  Firefox 69.0 (Mozilla/5.0 (Windows NT 10.0; Win64; x64; rv:69.0) Gecko/20100101 Firefox/69.0)
[2019-09-10 12:27:27] ---- CONTENT: {data : "<?xml version='1.0' encoding='utf-8' ?><Request ID='2019091012272796'><General><Token>21111141252224224017000011333853</Token></General><Data></Data></Request>"}
[2019-09-10 12:27:27] ---- CONTENT: {data : "<?xml version='1.0' encoding='utf-8' ?><Request ID='20190910122727125'><General><Token>21111141252224224017000011333853</Token></General><Data></Data></Request>"}
[2019-09-10 12:27:27] REQUEST POST - https://localhost:8082/public/ws/Config.asmx/All_Get
[2019-09-10 12:27:27] ---- FROM  ::1 (WinNT)
[2019-09-10 12:27:27] ---- BROWSER:  Firefox 69.0 (Mozilla/5.0 (Windows NT 10.0; Win64; x64; rv:69.0) Gecko/20100101 Firefox/69.0)
[2019-09-10 12:27:27] ---- CONTENT: {data : "<?xml version='1.0' encoding='utf-8' ?><Request ID='20190910122727208'><General><Token>21111141252224224017000011333853</Token></General><Data></Data></Request>"}
[2019-09-10 12:27:27] 200 - OK - application/json
[2019-09-10 12:27:27] REQUEST POST - https://localhost:8082/public/ws/Config.asmx/All_Get
[2019-09-10 12:27:27] ---- FROM  ::1 (WinNT)
[2019-09-10 12:27:27] ---- BROWSER:  Firefox 69.0 (Mozilla/5.0 (Windows NT 10.0; Win64; x64; rv:69.0) Gecko/20100101 Firefox/69.0)
[2019-09-10 12:27:27] ---- CONTENT: {data : "<?xml version='1.0' encoding='utf-8' ?><Request ID='20190910122727506'><General><Token>21111141252224224017000011333853</Token></General><Data></Data></Request>"}
[2019-09-10 12:27:27] 200 - OK - application/json
[2019-09-10 12:27:27] 200 - OK - application/json
[2019-09-10 12:27:27] 200 - OK - application/json
[2019-09-10 12:27:33] REQUEST POST - https://localhost:8082/public/aspx/Home.aspx
[2019-09-10 12:27:33] ---- FROM  ::1 (WinNT)
[2019-09-10 12:27:33] ---- BROWSER:  Firefox 69.0 (Mozilla/5.0 (Windows NT 10.0; Win64; x64; rv:69.0) Gecko/20100101 Firefox/69.0)
[2019-09-10 12:27:33] ---- CONTENT: Token%3D61111131252223224013000011333653%26TokenApiRest%3DeyJ0eXAiOiJKV1QiLCJhbGciOiJIUzI1NiJ9.eyJpc3MiOiJodHRwczpcL1wvd3d3cy5kZXYteWVhcC5pdCIsImlhdCI6MTU0MjI5NDMyMSwibmJmIjoxNTQyMjk0MzIxLCJleHAiOjE1NDI4OTkxMjEsImRhdGEiOnsidXNlciI6eyJpZCI6IjQ0In19fQ.RCP5OeoGASxAyBw1MbMD4BFJAcDM5JIXqYXKBALZcJI%26Logo%3Dhttps%3A%2F%2Flocalhost%3A8082%2Fscratch%2Fpl_logo.png%26Title%3DBusiness+Plan+Test+nr.+2=
[2019-09-10 12:27:34] 302 - Found - text/html
[2019-09-10 12:27:34] REQUEST GET - https://localhost:8082/home/welcome
[2019-09-10 12:27:34] ---- FROM  ::1 (WinNT)
[2019-09-10 12:27:34] ---- BROWSER:  Firefox 69.0 (Mozilla/5.0 (Windows NT 10.0; Win64; x64; rv:69.0) Gecko/20100101 Firefox/69.0)
[2019-09-10 12:27:34] 200 - OK - text/html
[2019-09-10 12:27:35] REQUEST POST - https://localhost:8082/public/ws/General.asmx/Set
[2019-09-10 12:27:35] ---- FROM  ::1 (WinNT)
[2019-09-10 12:27:35] ---- BROWSER:  Firefox 69.0 (Mozilla/5.0 (Windows NT 10.0; Win64; x64; rv:69.0) Gecko/20100101 Firefox/69.0)
[2019-09-10 12:27:35] ---- CONTENT: {data : "<?xml version='1.0' encoding='utf-8' ?><Request ID='20190910122735426'><General><Token>61111131252223224013000011333653</Token></General><Data><Nome>Business Plan Test nr. 2</Nome><Logo>https%3A%2F%2Flocalhost%3A8082%2Fscratch%2Fpl_logo.png</Logo></Data></Request>"}
[2019-09-10 12:27:35] 200 - OK - application/json
[2019-09-10 12:27:35] REQUEST POST - https://localhost:8082/public/ws/Config.asmx/Economics_Get
[2019-09-10 12:27:35] ---- FROM  ::1 (WinNT)
[2019-09-10 12:27:35] ---- BROWSER:  Firefox 69.0 (Mozilla/5.0 (Windows NT 10.0; Win64; x64; rv:69.0) Gecko/20100101 Firefox/69.0)
[2019-09-10 12:27:35] ---- CONTENT: {data : "<?xml version='1.0' encoding='utf-8' ?><Request ID='20190910122735451'><General><Token>61111131252223224013000011333653</Token></General><Data></Data></Request>"}
[2019-09-10 12:27:35] 200 - OK - application/json
[2019-09-10 12:27:35] REQUEST POST - https://localhost:8082/public/ws/Config.asmx/All_Get
[2019-09-10 12:27:35] ---- FROM  ::1 (WinNT)
[2019-09-10 12:27:35] ---- BROWSER:  Firefox 69.0 (Mozilla/5.0 (Windows NT 10.0; Win64; x64; rv:69.0) Gecko/20100101 Firefox/69.0)
[2019-09-10 12:27:35] ---- CONTENT: {data : "<?xml version='1.0' encoding='utf-8' ?><Request ID='20190910122735528'><General><Token>61111131252223224013000011333653</Token></General><Data></Data></Request>"}
[2019-09-10 12:27:35] 200 - OK - application/json
[2019-09-10 12:27:35] REQUEST POST - https://localhost:8082/public/ws/Economics.asmx/messaggi_summary
[2019-09-10 12:27:35] ---- FROM  ::1 (WinNT)
[2019-09-10 12:27:35] ---- BROWSER:  Firefox 69.0 (Mozilla/5.0 (Windows NT 10.0; Win64; x64; rv:69.0) Gecko/20100101 Firefox/69.0)
[2019-09-10 12:27:35] ---- CONTENT: {data : "<?xml version='1.0' encoding='utf-8' ?><Request ID='20190910122735587'><General><Token>61111131252223224013000011333653</Token></General><Data></Data></Request>"}
[2019-09-10 12:27:35] 200 - OK - application/json
[2019-09-10 12:27:35] REQUEST POST - https://localhost:8082/public/ws/Config.asmx/All_Get
[2019-09-10 12:27:35] ---- FROM  ::1 (WinNT)
[2019-09-10 12:27:35] ---- BROWSER:  Firefox 69.0 (Mozilla/5.0 (Windows NT 10.0; Win64; x64; rv:69.0) Gecko/20100101 Firefox/69.0)
[2019-09-10 12:27:35] ---- CONTENT: {data : "<?xml version='1.0' encoding='utf-8' ?><Request ID='20190910122735643'><General><Token>61111131252223224013000011333653</Token></General><Data></Data></Request>"}
[2019-09-10 12:27:35] 200 - OK - application/json
[2019-09-10 12:27:35] REQUEST POST - https://localhost:8082/public/ws/Config.asmx/All_Get
[2019-09-10 12:27:35] ---- FROM  ::1 (WinNT)
[2019-09-10 12:27:35] ---- BROWSER:  Firefox 69.0 (Mozilla/5.0 (Windows NT 10.0; Win64; x64; rv:69.0) Gecko/20100101 Firefox/69.0)
[2019-09-10 12:27:35] ---- CONTENT: {data : "<?xml version='1.0' encoding='utf-8' ?><Request ID='20190910122735719'><General><Token>61111131252223224013000011333653</Token></General><Data></Data></Request>"}
[2019-09-10 12:27:35] 200 - OK - application/json
