[2019-09-02 14:31:32] REQUEST GET - https://localhost:8082/public/aspx/Home.aspx?Token=61111131252223224013000011333653&TokenApiRest=eyJ0eXAiOiJKV1QiLCJhbGciOiJIUzI1NiJ9.eyJpc3MiOiJodHRwczpcL1wvd3d3cy5kZXYteWVhcC5pdCIsImlhdCI6MTU0MjI5NDMyMSwibmJmIjoxNTQyMjk0MzIxLCJleHAiOjE1NDI4OTkxMjEsImRhdGEiOnsidXNlciI6eyJpZCI6IjQ0In19fQ.RCP5OeoGASxAyBw1MbMD4BFJAcDM5JIXqYXKBALZcJI&Logo=https://localhost:8082/scratch/pl_logo.png&Title=Business Plan Test nr. 2
[2019-09-02 14:31:32] ---- FROM  ::1 (WinNT)
[2019-09-02 14:31:32] ---- BROWSER:  Chrome 76.0 (Mozilla/5.0 (Windows NT 10.0; Win64; x64) AppleWebKit/537.36 (KHTML, like Gecko) Chrome/76.0.3809.132 Safari/537.36)
[2019-09-02 14:31:32] 302 - Found - text/html
[2019-09-02 14:31:32] REQUEST GET - https://localhost:8082/home/welcome?Token=61111131252223224013000011333653&TokenApiRest=eyJ0eXAiOiJKV1QiLCJhbGciOiJIUzI1NiJ9.eyJpc3MiOiJodHRwczpcL1wvd3d3cy5kZXYteWVhcC5pdCIsImlhdCI6MTU0MjI5NDMyMSwibmJmIjoxNTQyMjk0MzIxLCJleHAiOjE1NDI4OTkxMjEsImRhdGEiOnsidXNlciI6eyJpZCI6IjQ0In19fQ.RCP5OeoGASxAyBw1MbMD4BFJAcDM5JIXqYXKBALZcJI&Logo=https://localhost:8082/scratch/pl_logo.png&Title=Business Plan Test nr. 2
[2019-09-02 14:31:32] ---- FROM  ::1 (WinNT)
[2019-09-02 14:31:32] ---- BROWSER:  Chrome 76.0 (Mozilla/5.0 (Windows NT 10.0; Win64; x64) AppleWebKit/537.36 (KHTML, like Gecko) Chrome/76.0.3809.132 Safari/537.36)
[2019-09-02 14:31:33] 200 - OK - text/html
[2019-09-02 14:31:34] REQUEST POST - https://localhost:8082/public/ws/General.asmx/Set
[2019-09-02 14:31:34] ---- FROM  ::1 (WinNT)
[2019-09-02 14:31:34] ---- BROWSER:  Chrome 76.0 (Mozilla/5.0 (Windows NT 10.0; Win64; x64) AppleWebKit/537.36 (KHTML, like Gecko) Chrome/76.0.3809.132 Safari/537.36)
[2019-09-02 14:31:34] ---- CONTENT: {data : "<?xml version='1.0' encoding='utf-8' ?><Request ID='20190902143134344'><General><Token>61111131252223224013000011333653</Token></General><Data><Nome>Business Plan Test nr. 2</Nome><Logo>https%3A%2F%2Flocalhost%3A8082%2Fscratch%2Fpl_logo.png</Logo></Data></Request>"}
[2019-09-02 14:31:34] 200 - OK - application/json
[2019-09-02 14:31:34] REQUEST POST - https://localhost:8082/public/ws/Config.asmx/Economics_Get
[2019-09-02 14:31:34] ---- FROM  ::1 (WinNT)
[2019-09-02 14:31:34] ---- BROWSER:  Chrome 76.0 (Mozilla/5.0 (Windows NT 10.0; Win64; x64) AppleWebKit/537.36 (KHTML, like Gecko) Chrome/76.0.3809.132 Safari/537.36)
[2019-09-02 14:31:34] ---- CONTENT: {data : "<?xml version='1.0' encoding='utf-8' ?><Request ID='20190902143134703'><General><Token>61111131252223224013000011333653</Token></General><Data></Data></Request>"}
[2019-09-02 14:31:34] 200 - OK - application/json
[2019-09-02 14:31:37] REQUEST POST - https://localhost:8082/public/ws/Config.asmx/All_Get
[2019-09-02 14:31:37] ---- FROM  ::1 (WinNT)
[2019-09-02 14:31:37] REQUEST POST - https://localhost:8082/public/ws/Economics.asmx/messaggi_summary
[2019-09-02 14:31:37] ---- FROM  ::1 (WinNT)
[2019-09-02 14:31:37] ---- BROWSER:  Chrome 76.0 (Mozilla/5.0 (Windows NT 10.0; Win64; x64) AppleWebKit/537.36 (KHTML, like Gecko) Chrome/76.0.3809.132 Safari/537.36)
[2019-09-02 14:31:37] ---- CONTENT: {data : "<?xml version='1.0' encoding='utf-8' ?><Request ID='20190902143137381'><General><Token>61111131252223224013000011333653</Token></General><Data></Data></Request>"}
[2019-09-02 14:31:37] ---- BROWSER:  Chrome 76.0 (Mozilla/5.0 (Windows NT 10.0; Win64; x64) AppleWebKit/537.36 (KHTML, like Gecko) Chrome/76.0.3809.132 Safari/537.36)
[2019-09-02 14:31:38] ---- CONTENT: {data : "<?xml version='1.0' encoding='utf-8' ?><Request ID='20190902143137237'><General><Token>61111131252223224013000011333653</Token></General><Data></Data></Request>"}
[2019-09-02 14:31:38] REQUEST POST - https://localhost:8082/public/ws/Config.asmx/All_Get
[2019-09-02 14:31:38] ---- FROM  ::1 (WinNT)
[2019-09-02 14:31:38] ---- BROWSER:  Chrome 76.0 (Mozilla/5.0 (Windows NT 10.0; Win64; x64) AppleWebKit/537.36 (KHTML, like Gecko) Chrome/76.0.3809.132 Safari/537.36)
[2019-09-02 14:31:38] ---- CONTENT: {data : "<?xml version='1.0' encoding='utf-8' ?><Request ID='20190902143138119'><General><Token>61111131252223224013000011333653</Token></General><Data></Data></Request>"}
[2019-09-02 14:31:38] 200 - OK - application/json
[2019-09-02 14:31:38] 200 - OK - application/json
[2019-09-02 14:31:38] 200 - OK - application/json
[2019-09-02 14:31:38] REQUEST POST - https://localhost:8082/public/ws/Config.asmx/All_Get
[2019-09-02 14:31:38] ---- FROM  ::1 (WinNT)
[2019-09-02 14:31:38] ---- BROWSER:  Chrome 76.0 (Mozilla/5.0 (Windows NT 10.0; Win64; x64) AppleWebKit/537.36 (KHTML, like Gecko) Chrome/76.0.3809.132 Safari/537.36)
[2019-09-02 14:31:38] ---- CONTENT: {data : "<?xml version='1.0' encoding='utf-8' ?><Request ID='20190902143138601'><General><Token>61111131252223224013000011333653</Token></General><Data></Data></Request>"}
[2019-09-02 14:31:38] 200 - OK - application/json
[2019-09-02 14:31:50] REQUEST GET - https://localhost:8082/economics/messaggi
[2019-09-02 14:31:50] ---- FROM  ::1 (WinNT)
[2019-09-02 14:31:50] ---- BROWSER:  Chrome 76.0 (Mozilla/5.0 (Windows NT 10.0; Win64; x64) AppleWebKit/537.36 (KHTML, like Gecko) Chrome/76.0.3809.132 Safari/537.36)
[2019-09-02 14:31:50] 200 - OK - text/html
[2019-09-02 14:31:51] REQUEST POST - https://localhost:8082/public/ws/Economics.asmx/messaggi
[2019-09-02 14:31:51] ---- FROM  ::1 (WinNT)
[2019-09-02 14:31:51] ---- BROWSER:  Chrome 76.0 (Mozilla/5.0 (Windows NT 10.0; Win64; x64) AppleWebKit/537.36 (KHTML, like Gecko) Chrome/76.0.3809.132 Safari/537.36)
[2019-09-02 14:31:51] ---- CONTENT: {data : "<?xml version='1.0' encoding='utf-8' ?><Request ID='20190902143151839'><General><Token>61111131252223224013000011333653</Token></General><Data></Data></Request>"}
[2019-09-02 14:31:51] 200 - OK - application/json
[2019-09-02 14:31:54] REQUEST POST - https://localhost:8082/public/ws/Config.asmx/All_Get
[2019-09-02 14:31:54] ---- FROM  ::1 (WinNT)
[2019-09-02 14:31:54] ---- BROWSER:  Chrome 76.0 (Mozilla/5.0 (Windows NT 10.0; Win64; x64) AppleWebKit/537.36 (KHTML, like Gecko) Chrome/76.0.3809.132 Safari/537.36)
[2019-09-02 14:31:54] ---- CONTENT: {data : "<?xml version='1.0' encoding='utf-8' ?><Request ID='20190902143154621'><General><Token>61111131252223224013000011333653</Token></General><Data></Data></Request>"}
[2019-09-02 14:31:54] REQUEST GET - https://localhost:8082/public/ws/Resources.ashx/xml-economics/61111131252223224013000011333653
[2019-09-02 14:31:54] ---- FROM  ::1 (WinNT)
[2019-09-02 14:31:54] ---- BROWSER:  Chrome 76.0 (Mozilla/5.0 (Windows NT 10.0; Win64; x64) AppleWebKit/537.36 (KHTML, like Gecko) Chrome/76.0.3809.132 Safari/537.36)
[2019-09-02 14:31:54] 200 - OK - application/json
[2019-09-02 14:31:54] 200 - OK - text/xml
[2019-09-02 14:31:54] REQUEST POST - https://localhost:8082/public/ws/Economics.asmx/messaggi_summary
[2019-09-02 14:31:54] ---- FROM  ::1 (WinNT)
[2019-09-02 14:31:54] ---- BROWSER:  Chrome 76.0 (Mozilla/5.0 (Windows NT 10.0; Win64; x64) AppleWebKit/537.36 (KHTML, like Gecko) Chrome/76.0.3809.132 Safari/537.36)
[2019-09-02 14:31:54] ---- CONTENT: {data : "<?xml version='1.0' encoding='utf-8' ?><Request ID='20190902143154727'><General><Token>61111131252223224013000011333653</Token></General><Data></Data></Request>"}
[2019-09-02 14:31:54] 200 - OK - application/json
[2019-09-02 14:31:54] REQUEST POST - https://localhost:8082/public/ws/Config.asmx/All_Get
[2019-09-02 14:31:54] ---- FROM  ::1 (WinNT)
[2019-09-02 14:31:54] ---- BROWSER:  Chrome 76.0 (Mozilla/5.0 (Windows NT 10.0; Win64; x64) AppleWebKit/537.36 (KHTML, like Gecko) Chrome/76.0.3809.132 Safari/537.36)
[2019-09-02 14:31:54] ---- CONTENT: {data : "<?xml version='1.0' encoding='utf-8' ?><Request ID='20190902143154843'><General><Token>61111131252223224013000011333653</Token></General><Data></Data></Request>"}
[2019-09-02 14:31:54] 200 - OK - application/json
[2019-09-02 14:31:55] REQUEST POST - https://localhost:8082/public/ws/Config.asmx/All_Get
[2019-09-02 14:31:55] ---- FROM  ::1 (WinNT)
[2019-09-02 14:31:55] ---- BROWSER:  Chrome 76.0 (Mozilla/5.0 (Windows NT 10.0; Win64; x64) AppleWebKit/537.36 (KHTML, like Gecko) Chrome/76.0.3809.132 Safari/537.36)
[2019-09-02 14:31:55] ---- CONTENT: {data : "<?xml version='1.0' encoding='utf-8' ?><Request ID='2019090214315546'><General><Token>61111131252223224013000011333653</Token></General><Data></Data></Request>"}
[2019-09-02 14:31:55] 200 - OK - application/json
[2019-09-02 14:44:30] REQUEST GET - https://localhost:8082/home/welcome
[2019-09-02 14:44:30] ---- FROM  ::1 (WinNT)
[2019-09-02 14:44:30] ---- BROWSER:  Firefox 68.0 (Mozilla/5.0 (Windows NT 10.0; Win64; x64; rv:68.0) Gecko/20100101 Firefox/68.0)
[2019-09-02 14:44:31] 302 - Found - text/html
[2019-09-02 14:44:31] REQUEST GET - https://localhost:8082/public/aspx/Home.aspx?ReturnUrl=%2fhome%2fwelcome
[2019-09-02 14:44:31] ---- FROM  ::1 (WinNT)
[2019-09-02 14:44:31] ---- BROWSER:  Firefox 68.0 (Mozilla/5.0 (Windows NT 10.0; Win64; x64; rv:68.0) Gecko/20100101 Firefox/68.0)
[2019-09-02 14:44:31] 200 - OK - text/html
[2019-09-02 14:44:36] REQUEST GET - https://localhost:8082/home/welcome
[2019-09-02 14:44:36] ---- FROM  ::1 (WinNT)
[2019-09-02 14:44:36] ---- BROWSER:  Firefox 68.0 (Mozilla/5.0 (Windows NT 10.0; Win64; x64; rv:68.0) Gecko/20100101 Firefox/68.0)
[2019-09-02 14:44:36] 302 - Found - text/html
[2019-09-02 14:44:36] REQUEST GET - https://localhost:8082/public/aspx/Home.aspx?ReturnUrl=%2fhome%2fwelcome
[2019-09-02 14:44:36] ---- FROM  ::1 (WinNT)
[2019-09-02 14:44:36] ---- BROWSER:  Firefox 68.0 (Mozilla/5.0 (Windows NT 10.0; Win64; x64; rv:68.0) Gecko/20100101 Firefox/68.0)
[2019-09-02 14:44:36] 200 - OK - text/html
[2019-09-02 14:44:52] REQUEST GET - https://localhost:8082/public/aspx/Home.aspx?Token=61111131252223224013000011333653&TokenApiRest=eyJ0eXAiOiJKV1QiLCJhbGciOiJIUzI1NiJ9.eyJpc3MiOiJodHRwczpcL1wvd3d3cy5kZXYteWVhcC5pdCIsImlhdCI6MTU0MjI5NDMyMSwibmJmIjoxNTQyMjk0MzIxLCJleHAiOjE1NDI4OTkxMjEsImRhdGEiOnsidXNlciI6eyJpZCI6IjQ0In19fQ.RCP5OeoGASxAyBw1MbMD4BFJAcDM5JIXqYXKBALZcJI&Logo=https://localhost:8082/scratch/pl_logo.png&Title=Business Plan Test nr. 2
[2019-09-02 14:44:52] ---- FROM  ::1 (WinNT)
[2019-09-02 14:44:52] ---- BROWSER:  Chrome 76.0 (Mozilla/5.0 (Windows NT 10.0; Win64; x64) AppleWebKit/537.36 (KHTML, like Gecko) Chrome/76.0.3809.132 Safari/537.36)
[2019-09-02 14:44:52] 302 - Found - text/html
[2019-09-02 14:44:52] REQUEST GET - https://localhost:8082/home/welcome?Token=61111131252223224013000011333653&TokenApiRest=eyJ0eXAiOiJKV1QiLCJhbGciOiJIUzI1NiJ9.eyJpc3MiOiJodHRwczpcL1wvd3d3cy5kZXYteWVhcC5pdCIsImlhdCI6MTU0MjI5NDMyMSwibmJmIjoxNTQyMjk0MzIxLCJleHAiOjE1NDI4OTkxMjEsImRhdGEiOnsidXNlciI6eyJpZCI6IjQ0In19fQ.RCP5OeoGASxAyBw1MbMD4BFJAcDM5JIXqYXKBALZcJI&Logo=https://localhost:8082/scratch/pl_logo.png&Title=Business Plan Test nr. 2
[2019-09-02 14:44:52] ---- FROM  ::1 (WinNT)
[2019-09-02 14:44:52] ---- BROWSER:  Chrome 76.0 (Mozilla/5.0 (Windows NT 10.0; Win64; x64) AppleWebKit/537.36 (KHTML, like Gecko) Chrome/76.0.3809.132 Safari/537.36)
[2019-09-02 14:44:52] 200 - OK - text/html
[2019-09-02 14:44:53] REQUEST POST - https://localhost:8082/public/ws/General.asmx/Set
[2019-09-02 14:44:53] ---- FROM  ::1 (WinNT)
[2019-09-02 14:44:53] ---- BROWSER:  Chrome 76.0 (Mozilla/5.0 (Windows NT 10.0; Win64; x64) AppleWebKit/537.36 (KHTML, like Gecko) Chrome/76.0.3809.132 Safari/537.36)
[2019-09-02 14:44:53] ---- CONTENT: {data : "<?xml version='1.0' encoding='utf-8' ?><Request ID='20190902144453318'><General><Token>61111131252223224013000011333653</Token></General><Data><Nome>Business Plan Test nr. 2</Nome><Logo>https%3A%2F%2Flocalhost%3A8082%2Fscratch%2Fpl_logo.png</Logo></Data></Request>"}
[2019-09-02 14:44:53] 200 - OK - application/json
[2019-09-02 14:44:53] REQUEST POST - https://localhost:8082/public/ws/Config.asmx/Economics_Get
[2019-09-02 14:44:53] ---- FROM  ::1 (WinNT)
[2019-09-02 14:44:53] ---- BROWSER:  Chrome 76.0 (Mozilla/5.0 (Windows NT 10.0; Win64; x64) AppleWebKit/537.36 (KHTML, like Gecko) Chrome/76.0.3809.132 Safari/537.36)
[2019-09-02 14:44:53] ---- CONTENT: {data : "<?xml version='1.0' encoding='utf-8' ?><Request ID='20190902144453354'><General><Token>61111131252223224013000011333653</Token></General><Data></Data></Request>"}
[2019-09-02 14:44:53] 200 - OK - application/json
[2019-09-02 14:44:53] REQUEST POST - https://localhost:8082/public/ws/Config.asmx/All_Get
[2019-09-02 14:44:53] ---- FROM  ::1 (WinNT)
[2019-09-02 14:44:53] ---- BROWSER:  Chrome 76.0 (Mozilla/5.0 (Windows NT 10.0; Win64; x64) AppleWebKit/537.36 (KHTML, like Gecko) Chrome/76.0.3809.132 Safari/537.36)
[2019-09-02 14:44:53] ---- CONTENT: {data : "<?xml version='1.0' encoding='utf-8' ?><Request ID='20190902144453398'><General><Token>61111131252223224013000011333653</Token></General><Data></Data></Request>"}
[2019-09-02 14:44:53] 200 - OK - application/json
[2019-09-02 14:44:53] REQUEST POST - https://localhost:8082/public/ws/Economics.asmx/messaggi_summary
[2019-09-02 14:44:53] ---- FROM  ::1 (WinNT)
[2019-09-02 14:44:53] ---- BROWSER:  Chrome 76.0 (Mozilla/5.0 (Windows NT 10.0; Win64; x64) AppleWebKit/537.36 (KHTML, like Gecko) Chrome/76.0.3809.132 Safari/537.36)
[2019-09-02 14:44:53] ---- CONTENT: {data : "<?xml version='1.0' encoding='utf-8' ?><Request ID='20190902144453530'><General><Token>61111131252223224013000011333653</Token></General><Data></Data></Request>"}
[2019-09-02 14:44:53] 200 - OK - application/json
[2019-09-02 14:44:53] REQUEST POST - https://localhost:8082/public/ws/Config.asmx/All_Get
[2019-09-02 14:44:53] ---- FROM  ::1 (WinNT)
[2019-09-02 14:44:53] ---- BROWSER:  Chrome 76.0 (Mozilla/5.0 (Windows NT 10.0; Win64; x64) AppleWebKit/537.36 (KHTML, like Gecko) Chrome/76.0.3809.132 Safari/537.36)
[2019-09-02 14:44:53] ---- CONTENT: {data : "<?xml version='1.0' encoding='utf-8' ?><Request ID='20190902144453574'><General><Token>61111131252223224013000011333653</Token></General><Data></Data></Request>"}
[2019-09-02 14:44:53] 200 - OK - application/json
[2019-09-02 14:44:53] REQUEST POST - https://localhost:8082/public/ws/Config.asmx/All_Get
[2019-09-02 14:44:53] ---- FROM  ::1 (WinNT)
[2019-09-02 14:44:53] ---- BROWSER:  Chrome 76.0 (Mozilla/5.0 (Windows NT 10.0; Win64; x64) AppleWebKit/537.36 (KHTML, like Gecko) Chrome/76.0.3809.132 Safari/537.36)
[2019-09-02 14:44:53] ---- CONTENT: {data : "<?xml version='1.0' encoding='utf-8' ?><Request ID='20190902144453625'><General><Token>61111131252223224013000011333653</Token></General><Data></Data></Request>"}
[2019-09-02 14:44:53] 200 - OK - application/json
[2019-09-02 14:45:44] REQUEST GET - https://localhost:8082/public/aspx/Home.aspx?ReturnUrl=%2fhome%2fwelcome
[2019-09-02 14:45:44] ---- FROM  ::1 (WinNT)
[2019-09-02 14:45:44] ---- BROWSER:  Firefox 68.0 (Mozilla/5.0 (Windows NT 10.0; Win64; x64; rv:68.0) Gecko/20100101 Firefox/68.0)
[2019-09-02 14:45:44] 200 - OK - text/html
[2019-09-02 14:45:45] REQUEST GET - https://localhost:8082/home/welcome
[2019-09-02 14:45:45] ---- FROM  ::1 (WinNT)
[2019-09-02 14:45:45] ---- BROWSER:  Firefox 68.0 (Mozilla/5.0 (Windows NT 10.0; Win64; x64; rv:68.0) Gecko/20100101 Firefox/68.0)
[2019-09-02 14:45:45] 302 - Found - text/html
[2019-09-02 14:45:45] REQUEST GET - https://localhost:8082/public/aspx/Home.aspx?ReturnUrl=%2fhome%2fwelcome
[2019-09-02 14:45:45] ---- FROM  ::1 (WinNT)
[2019-09-02 14:45:45] ---- BROWSER:  Firefox 68.0 (Mozilla/5.0 (Windows NT 10.0; Win64; x64; rv:68.0) Gecko/20100101 Firefox/68.0)
[2019-09-02 14:45:45] 200 - OK - text/html
