[2019-08-22 09:56:28] 200 - OK - application/json
[2019-08-22 09:56:28] REQUEST POST - https://localhost:8082/public/ws/Config.asmx/All_Get
[2019-08-22 09:56:28] ---- FROM  ::1 (WinNT)
[2019-08-22 09:56:28] ---- BROWSER:  Chrome 76.0 (Mozilla/5.0 (Windows NT 10.0; Win64; x64) AppleWebKit/537.36 (KHTML, like Gecko) Chrome/76.0.3809.100 Safari/537.36)
[2019-08-22 09:56:28] ---- CONTENT: {data : "<?xml version='1.0' encoding='utf-8' ?><Request ID='20190822095628172'><General><Token>61111131252223224013000011333653</Token></General><Data></Data></Request>"}
[2019-08-22 09:56:28] 200 - OK - application/json
[2019-08-22 09:56:28] REQUEST POST - https://localhost:8082/public/ws/Config.asmx/All_Get
[2019-08-22 09:56:28] ---- FROM  ::1 (WinNT)
[2019-08-22 09:56:28] ---- BROWSER:  Chrome 76.0 (Mozilla/5.0 (Windows NT 10.0; Win64; x64) AppleWebKit/537.36 (KHTML, like Gecko) Chrome/76.0.3809.100 Safari/537.36)
[2019-08-22 09:56:28] ---- CONTENT: {data : "<?xml version='1.0' encoding='utf-8' ?><Request ID='20190822095628260'><General><Token>61111131252223224013000011333653</Token></General><Data></Data></Request>"}
[2019-08-22 09:56:28] 200 - OK - application/json
[2019-08-22 09:56:30] REQUEST GET - https://localhost:8082/qa/qualitativa
[2019-08-22 09:56:30] ---- FROM  ::1 (WinNT)
[2019-08-22 09:56:30] ---- BROWSER:  Chrome 76.0 (Mozilla/5.0 (Windows NT 10.0; Win64; x64) AppleWebKit/537.36 (KHTML, like Gecko) Chrome/76.0.3809.100 Safari/537.36)
[2019-08-22 09:56:30] 200 - OK - text/html
[2019-08-22 09:56:31] REQUEST POST - https://localhost:8082/public/ws/QAnalysis.asmx/Get
[2019-08-22 09:56:31] ---- FROM  ::1 (WinNT)
[2019-08-22 09:56:31] ---- BROWSER:  Chrome 76.0 (Mozilla/5.0 (Windows NT 10.0; Win64; x64) AppleWebKit/537.36 (KHTML, like Gecko) Chrome/76.0.3809.100 Safari/537.36)
[2019-08-22 09:56:31] ---- CONTENT: {data : "<?xml version='1.0' encoding='utf-8' ?><Request ID='2019082209563127'><General><Token>61111131252223224013000011333653</Token></General><Data></Data></Request>"}
[2019-08-22 09:56:31] 200 - OK - application/json
[2019-08-22 09:56:31] REQUEST POST - https://localhost:8082/public/ws/Config.asmx/All_Get
[2019-08-22 09:56:31] ---- FROM  ::1 (WinNT)
[2019-08-22 09:56:31] ---- BROWSER:  Chrome 76.0 (Mozilla/5.0 (Windows NT 10.0; Win64; x64) AppleWebKit/537.36 (KHTML, like Gecko) Chrome/76.0.3809.100 Safari/537.36)
[2019-08-22 09:56:31] ---- CONTENT: {data : "<?xml version='1.0' encoding='utf-8' ?><Request ID='20190822095631132'><General><Token>61111131252223224013000011333653</Token></General><Data></Data></Request>"}
[2019-08-22 09:56:31] 200 - OK - application/json
[2019-08-22 09:56:31] REQUEST POST - https://localhost:8082/public/ws/Economics.asmx/messaggi_summary
[2019-08-22 09:56:31] ---- FROM  ::1 (WinNT)
[2019-08-22 09:56:31] ---- BROWSER:  Chrome 76.0 (Mozilla/5.0 (Windows NT 10.0; Win64; x64) AppleWebKit/537.36 (KHTML, like Gecko) Chrome/76.0.3809.100 Safari/537.36)
[2019-08-22 09:56:31] ---- CONTENT: {data : "<?xml version='1.0' encoding='utf-8' ?><Request ID='20190822095631162'><General><Token>61111131252223224013000011333653</Token></General><Data></Data></Request>"}
[2019-08-22 09:56:31] 200 - OK - application/json
[2019-08-22 09:56:31] REQUEST POST - https://localhost:8082/public/ws/Config.asmx/All_Get
[2019-08-22 09:56:31] ---- FROM  ::1 (WinNT)
[2019-08-22 09:56:31] ---- BROWSER:  Chrome 76.0 (Mozilla/5.0 (Windows NT 10.0; Win64; x64) AppleWebKit/537.36 (KHTML, like Gecko) Chrome/76.0.3809.100 Safari/537.36)
[2019-08-22 09:56:31] ---- CONTENT: {data : "<?xml version='1.0' encoding='utf-8' ?><Request ID='20190822095631209'><General><Token>61111131252223224013000011333653</Token></General><Data></Data></Request>"}
[2019-08-22 09:56:31] 200 - OK - application/json
[2019-08-22 09:56:31] REQUEST POST - https://localhost:8082/public/ws/Config.asmx/All_Get
[2019-08-22 09:56:31] ---- FROM  ::1 (WinNT)
[2019-08-22 09:56:31] ---- BROWSER:  Chrome 76.0 (Mozilla/5.0 (Windows NT 10.0; Win64; x64) AppleWebKit/537.36 (KHTML, like Gecko) Chrome/76.0.3809.100 Safari/537.36)
[2019-08-22 09:56:31] ---- CONTENT: {data : "<?xml version='1.0' encoding='utf-8' ?><Request ID='20190822095631282'><General><Token>61111131252223224013000011333653</Token></General><Data></Data></Request>"}
[2019-08-22 09:56:31] 200 - OK - application/json
[2019-08-22 09:56:31] REQUEST GET - https://localhost:8082/public/ws/Resources.ashx/xml-qa
[2019-08-22 09:56:31] ---- FROM  ::1 (WinNT)
[2019-08-22 09:56:31] ---- BROWSER:  Chrome 76.0 (Mozilla/5.0 (Windows NT 10.0; Win64; x64) AppleWebKit/537.36 (KHTML, like Gecko) Chrome/76.0.3809.100 Safari/537.36)
[2019-08-22 09:56:31] 200 - OK - text/xml
[2019-08-22 09:56:31] REQUEST GET - https://localhost:8082/public/ws/Resources.ashx/xml-qa
[2019-08-22 09:56:31] ---- FROM  ::1 (WinNT)
[2019-08-22 09:56:31] ---- BROWSER:  Chrome 76.0 (Mozilla/5.0 (Windows NT 10.0; Win64; x64) AppleWebKit/537.36 (KHTML, like Gecko) Chrome/76.0.3809.100 Safari/537.36)
[2019-08-22 09:56:31] 200 - OK - text/xml
[2019-08-22 09:56:31] REQUEST GET - https://localhost:8082/public/ws/Resources.ashx/xml-qa
[2019-08-22 09:56:31] ---- FROM  ::1 (WinNT)
[2019-08-22 09:56:31] ---- BROWSER:  Chrome 76.0 (Mozilla/5.0 (Windows NT 10.0; Win64; x64) AppleWebKit/537.36 (KHTML, like Gecko) Chrome/76.0.3809.100 Safari/537.36)
[2019-08-22 09:56:31] 200 - OK - text/xml
[2019-08-22 09:56:31] REQUEST GET - https://localhost:8082/public/ws/Resources.ashx/xml-qa
[2019-08-22 09:56:31] ---- FROM  ::1 (WinNT)
[2019-08-22 09:56:31] ---- BROWSER:  Chrome 76.0 (Mozilla/5.0 (Windows NT 10.0; Win64; x64) AppleWebKit/537.36 (KHTML, like Gecko) Chrome/76.0.3809.100 Safari/537.36)
[2019-08-22 09:56:31] 200 - OK - text/xml
[2019-08-22 09:56:31] REQUEST GET - https://localhost:8082/public/ws/Resources.ashx/xml-qa
[2019-08-22 09:56:31] ---- FROM  ::1 (WinNT)
[2019-08-22 09:56:31] ---- BROWSER:  Chrome 76.0 (Mozilla/5.0 (Windows NT 10.0; Win64; x64) AppleWebKit/537.36 (KHTML, like Gecko) Chrome/76.0.3809.100 Safari/537.36)
[2019-08-22 09:56:31] 200 - OK - text/xml
[2019-08-22 09:56:31] REQUEST GET - https://localhost:8082/public/ws/Resources.ashx/xml-qa
[2019-08-22 09:56:31] ---- FROM  ::1 (WinNT)
[2019-08-22 09:56:31] ---- BROWSER:  Chrome 76.0 (Mozilla/5.0 (Windows NT 10.0; Win64; x64) AppleWebKit/537.36 (KHTML, like Gecko) Chrome/76.0.3809.100 Safari/537.36)
[2019-08-22 09:56:31] 200 - OK - text/xml
[2019-08-22 09:56:31] REQUEST GET - https://localhost:8082/public/ws/Resources.ashx/xml-qa
[2019-08-22 09:56:31] ---- FROM  ::1 (WinNT)
[2019-08-22 09:56:31] ---- BROWSER:  Chrome 76.0 (Mozilla/5.0 (Windows NT 10.0; Win64; x64) AppleWebKit/537.36 (KHTML, like Gecko) Chrome/76.0.3809.100 Safari/537.36)
[2019-08-22 09:56:31] 200 - OK - text/xml
[2019-08-22 09:56:31] REQUEST GET - https://localhost:8082/public/ws/Resources.ashx/xml-qa
[2019-08-22 09:56:31] ---- FROM  ::1 (WinNT)
[2019-08-22 09:56:31] ---- BROWSER:  Chrome 76.0 (Mozilla/5.0 (Windows NT 10.0; Win64; x64) AppleWebKit/537.36 (KHTML, like Gecko) Chrome/76.0.3809.100 Safari/537.36)
[2019-08-22 09:56:31] 200 - OK - text/xml
[2019-08-22 09:56:31] REQUEST GET - https://localhost:8082/public/ws/Resources.ashx/xml-qa
[2019-08-22 09:56:31] ---- FROM  ::1 (WinNT)
[2019-08-22 09:56:31] ---- BROWSER:  Chrome 76.0 (Mozilla/5.0 (Windows NT 10.0; Win64; x64) AppleWebKit/537.36 (KHTML, like Gecko) Chrome/76.0.3809.100 Safari/537.36)
[2019-08-22 09:56:31] 200 - OK - text/xml
[2019-08-22 09:56:31] REQUEST GET - https://localhost:8082/public/ws/Resources.ashx/xml-qa
[2019-08-22 09:56:31] ---- FROM  ::1 (WinNT)
[2019-08-22 09:56:31] ---- BROWSER:  Chrome 76.0 (Mozilla/5.0 (Windows NT 10.0; Win64; x64) AppleWebKit/537.36 (KHTML, like Gecko) Chrome/76.0.3809.100 Safari/537.36)
[2019-08-22 09:56:31] 200 - OK - text/xml
[2019-08-22 09:56:31] REQUEST GET - https://localhost:8082/public/ws/Resources.ashx/xml-qa
[2019-08-22 09:56:31] ---- FROM  ::1 (WinNT)
[2019-08-22 09:56:31] ---- BROWSER:  Chrome 76.0 (Mozilla/5.0 (Windows NT 10.0; Win64; x64) AppleWebKit/537.36 (KHTML, like Gecko) Chrome/76.0.3809.100 Safari/537.36)
[2019-08-22 09:56:31] 200 - OK - text/xml
[2019-08-22 09:56:31] REQUEST GET - https://localhost:8082/public/ws/Resources.ashx/xml-qa
[2019-08-22 09:56:31] ---- FROM  ::1 (WinNT)
[2019-08-22 09:56:31] ---- BROWSER:  Chrome 76.0 (Mozilla/5.0 (Windows NT 10.0; Win64; x64) AppleWebKit/537.36 (KHTML, like Gecko) Chrome/76.0.3809.100 Safari/537.36)
[2019-08-22 09:56:31] 200 - OK - text/xml
[2019-08-22 09:56:31] REQUEST GET - https://localhost:8082/public/ws/Resources.ashx/xml-qa
[2019-08-22 09:56:31] ---- FROM  ::1 (WinNT)
[2019-08-22 09:56:31] ---- BROWSER:  Chrome 76.0 (Mozilla/5.0 (Windows NT 10.0; Win64; x64) AppleWebKit/537.36 (KHTML, like Gecko) Chrome/76.0.3809.100 Safari/537.36)
[2019-08-22 09:56:31] 200 - OK - text/xml
[2019-08-22 09:56:31] REQUEST GET - https://localhost:8082/public/ws/Resources.ashx/xml-qa
[2019-08-22 09:56:31] ---- FROM  ::1 (WinNT)
[2019-08-22 09:56:31] ---- BROWSER:  Chrome 76.0 (Mozilla/5.0 (Windows NT 10.0; Win64; x64) AppleWebKit/537.36 (KHTML, like Gecko) Chrome/76.0.3809.100 Safari/537.36)
[2019-08-22 09:56:31] 200 - OK - text/xml
[2019-08-22 09:56:31] REQUEST GET - https://localhost:8082/public/ws/Resources.ashx/xml-qa
[2019-08-22 09:56:31] ---- FROM  ::1 (WinNT)
[2019-08-22 09:56:31] ---- BROWSER:  Chrome 76.0 (Mozilla/5.0 (Windows NT 10.0; Win64; x64) AppleWebKit/537.36 (KHTML, like Gecko) Chrome/76.0.3809.100 Safari/537.36)
[2019-08-22 09:56:31] 200 - OK - text/xml
[2019-08-22 09:56:31] REQUEST GET - https://localhost:8082/public/ws/Resources.ashx/xml-qa
[2019-08-22 09:56:31] ---- FROM  ::1 (WinNT)
[2019-08-22 09:56:31] ---- BROWSER:  Chrome 76.0 (Mozilla/5.0 (Windows NT 10.0; Win64; x64) AppleWebKit/537.36 (KHTML, like Gecko) Chrome/76.0.3809.100 Safari/537.36)
[2019-08-22 09:56:31] 200 - OK - text/xml
[2019-08-22 09:56:31] REQUEST GET - https://localhost:8082/public/ws/Resources.ashx/xml-qa
[2019-08-22 09:56:31] ---- FROM  ::1 (WinNT)
[2019-08-22 09:56:31] ---- BROWSER:  Chrome 76.0 (Mozilla/5.0 (Windows NT 10.0; Win64; x64) AppleWebKit/537.36 (KHTML, like Gecko) Chrome/76.0.3809.100 Safari/537.36)
[2019-08-22 09:56:31] 200 - OK - text/xml
[2019-08-22 09:56:31] REQUEST GET - https://localhost:8082/public/ws/Resources.ashx/xml-qa
[2019-08-22 09:56:31] ---- FROM  ::1 (WinNT)
[2019-08-22 09:56:31] ---- BROWSER:  Chrome 76.0 (Mozilla/5.0 (Windows NT 10.0; Win64; x64) AppleWebKit/537.36 (KHTML, like Gecko) Chrome/76.0.3809.100 Safari/537.36)
[2019-08-22 09:56:31] 200 - OK - text/xml
[2019-08-22 09:56:31] REQUEST GET - https://localhost:8082/public/ws/Resources.ashx/xml-qa
[2019-08-22 09:56:31] ---- FROM  ::1 (WinNT)
[2019-08-22 09:56:31] ---- BROWSER:  Chrome 76.0 (Mozilla/5.0 (Windows NT 10.0; Win64; x64) AppleWebKit/537.36 (KHTML, like Gecko) Chrome/76.0.3809.100 Safari/537.36)
[2019-08-22 09:56:31] 200 - OK - text/xml
[2019-08-22 09:56:31] REQUEST GET - https://localhost:8082/public/ws/Resources.ashx/xml-qa
[2019-08-22 09:56:31] ---- FROM  ::1 (WinNT)
[2019-08-22 09:56:31] ---- BROWSER:  Chrome 76.0 (Mozilla/5.0 (Windows NT 10.0; Win64; x64) AppleWebKit/537.36 (KHTML, like Gecko) Chrome/76.0.3809.100 Safari/537.36)
[2019-08-22 09:56:31] 200 - OK - text/xml
[2019-08-22 09:56:31] REQUEST GET - https://localhost:8082/public/ws/Resources.ashx/xml-qa
[2019-08-22 09:56:31] ---- FROM  ::1 (WinNT)
[2019-08-22 09:56:31] ---- BROWSER:  Chrome 76.0 (Mozilla/5.0 (Windows NT 10.0; Win64; x64) AppleWebKit/537.36 (KHTML, like Gecko) Chrome/76.0.3809.100 Safari/537.36)
[2019-08-22 09:56:31] 200 - OK - text/xml
[2019-08-22 09:56:31] REQUEST GET - https://localhost:8082/public/ws/Resources.ashx/xml-qa
[2019-08-22 09:56:31] ---- FROM  ::1 (WinNT)
[2019-08-22 09:56:31] ---- BROWSER:  Chrome 76.0 (Mozilla/5.0 (Windows NT 10.0; Win64; x64) AppleWebKit/537.36 (KHTML, like Gecko) Chrome/76.0.3809.100 Safari/537.36)
[2019-08-22 09:56:31] 200 - OK - text/xml
[2019-08-22 09:56:31] REQUEST GET - https://localhost:8082/public/ws/Resources.ashx/xml-qa
[2019-08-22 09:56:31] ---- FROM  ::1 (WinNT)
[2019-08-22 09:56:31] ---- BROWSER:  Chrome 76.0 (Mozilla/5.0 (Windows NT 10.0; Win64; x64) AppleWebKit/537.36 (KHTML, like Gecko) Chrome/76.0.3809.100 Safari/537.36)
[2019-08-22 09:56:31] 200 - OK - text/xml
[2019-08-22 09:56:31] REQUEST GET - https://localhost:8082/public/ws/Resources.ashx/xml-qa
[2019-08-22 09:56:31] ---- FROM  ::1 (WinNT)
[2019-08-22 09:56:31] ---- BROWSER:  Chrome 76.0 (Mozilla/5.0 (Windows NT 10.0; Win64; x64) AppleWebKit/537.36 (KHTML, like Gecko) Chrome/76.0.3809.100 Safari/537.36)
[2019-08-22 09:56:31] 200 - OK - text/xml
[2019-08-22 09:56:31] REQUEST GET - https://localhost:8082/public/ws/Resources.ashx/xml-qa
[2019-08-22 09:56:31] ---- FROM  ::1 (WinNT)
[2019-08-22 09:56:31] ---- BROWSER:  Chrome 76.0 (Mozilla/5.0 (Windows NT 10.0; Win64; x64) AppleWebKit/537.36 (KHTML, like Gecko) Chrome/76.0.3809.100 Safari/537.36)
[2019-08-22 09:56:31] 200 - OK - text/xml
[2019-08-22 09:56:31] REQUEST GET - https://localhost:8082/public/ws/Resources.ashx/xml-qa
[2019-08-22 09:56:31] ---- FROM  ::1 (WinNT)
[2019-08-22 09:56:31] ---- BROWSER:  Chrome 76.0 (Mozilla/5.0 (Windows NT 10.0; Win64; x64) AppleWebKit/537.36 (KHTML, like Gecko) Chrome/76.0.3809.100 Safari/537.36)
[2019-08-22 09:56:31] 200 - OK - text/xml
[2019-08-22 09:56:31] REQUEST GET - https://localhost:8082/public/ws/Resources.ashx/xml-qa
[2019-08-22 09:56:31] ---- FROM  ::1 (WinNT)
[2019-08-22 09:56:31] ---- BROWSER:  Chrome 76.0 (Mozilla/5.0 (Windows NT 10.0; Win64; x64) AppleWebKit/537.36 (KHTML, like Gecko) Chrome/76.0.3809.100 Safari/537.36)
[2019-08-22 09:56:31] 200 - OK - text/xml
[2019-08-22 09:56:31] REQUEST GET - https://localhost:8082/public/ws/Resources.ashx/xml-qa
[2019-08-22 09:56:31] ---- FROM  ::1 (WinNT)
[2019-08-22 09:56:31] ---- BROWSER:  Chrome 76.0 (Mozilla/5.0 (Windows NT 10.0; Win64; x64) AppleWebKit/537.36 (KHTML, like Gecko) Chrome/76.0.3809.100 Safari/537.36)
[2019-08-22 09:56:31] 200 - OK - text/xml
[2019-08-22 09:56:31] REQUEST GET - https://localhost:8082/public/ws/Resources.ashx/xml-qa
[2019-08-22 09:56:31] ---- FROM  ::1 (WinNT)
[2019-08-22 09:56:31] ---- BROWSER:  Chrome 76.0 (Mozilla/5.0 (Windows NT 10.0; Win64; x64) AppleWebKit/537.36 (KHTML, like Gecko) Chrome/76.0.3809.100 Safari/537.36)
[2019-08-22 09:56:31] 200 - OK - text/xml
[2019-08-22 09:56:31] REQUEST GET - https://localhost:8082/public/ws/Resources.ashx/xml-qa
[2019-08-22 09:56:31] ---- FROM  ::1 (WinNT)
[2019-08-22 09:56:31] ---- BROWSER:  Chrome 76.0 (Mozilla/5.0 (Windows NT 10.0; Win64; x64) AppleWebKit/537.36 (KHTML, like Gecko) Chrome/76.0.3809.100 Safari/537.36)
[2019-08-22 09:56:31] 200 - OK - text/xml
[2019-08-22 09:56:31] REQUEST GET - https://localhost:8082/public/ws/Resources.ashx/xml-qa
[2019-08-22 09:56:31] ---- FROM  ::1 (WinNT)
[2019-08-22 09:56:31] ---- BROWSER:  Chrome 76.0 (Mozilla/5.0 (Windows NT 10.0; Win64; x64) AppleWebKit/537.36 (KHTML, like Gecko) Chrome/76.0.3809.100 Safari/537.36)
[2019-08-22 09:56:31] 200 - OK - text/xml
[2019-08-22 09:56:31] REQUEST GET - https://localhost:8082/public/ws/Resources.ashx/xml-qa
[2019-08-22 09:56:31] ---- FROM  ::1 (WinNT)
[2019-08-22 09:56:31] ---- BROWSER:  Chrome 76.0 (Mozilla/5.0 (Windows NT 10.0; Win64; x64) AppleWebKit/537.36 (KHTML, like Gecko) Chrome/76.0.3809.100 Safari/537.36)
[2019-08-22 09:56:31] 200 - OK - text/xml
[2019-08-22 09:56:31] REQUEST GET - https://localhost:8082/public/ws/Resources.ashx/xml-qa
[2019-08-22 09:56:31] ---- FROM  ::1 (WinNT)
[2019-08-22 09:56:31] ---- BROWSER:  Chrome 76.0 (Mozilla/5.0 (Windows NT 10.0; Win64; x64) AppleWebKit/537.36 (KHTML, like Gecko) Chrome/76.0.3809.100 Safari/537.36)
[2019-08-22 09:56:31] 200 - OK - text/xml
[2019-08-22 09:56:31] REQUEST GET - https://localhost:8082/public/ws/Resources.ashx/xml-qa
[2019-08-22 09:56:31] ---- FROM  ::1 (WinNT)
[2019-08-22 09:56:31] ---- BROWSER:  Chrome 76.0 (Mozilla/5.0 (Windows NT 10.0; Win64; x64) AppleWebKit/537.36 (KHTML, like Gecko) Chrome/76.0.3809.100 Safari/537.36)
[2019-08-22 09:56:31] 200 - OK - text/xml
[2019-08-22 09:56:31] REQUEST GET - https://localhost:8082/public/ws/Resources.ashx/xml-qa
[2019-08-22 09:56:31] ---- FROM  ::1 (WinNT)
[2019-08-22 09:56:31] ---- BROWSER:  Chrome 76.0 (Mozilla/5.0 (Windows NT 10.0; Win64; x64) AppleWebKit/537.36 (KHTML, like Gecko) Chrome/76.0.3809.100 Safari/537.36)
[2019-08-22 09:56:31] 200 - OK - text/xml
[2019-08-22 09:57:02] REQUEST GET - https://localhost:8082/qa/qualitativa
[2019-08-22 09:57:02] ---- FROM  ::1 (WinNT)
[2019-08-22 09:57:02] ---- BROWSER:  Chrome 76.0 (Mozilla/5.0 (Windows NT 10.0; Win64; x64) AppleWebKit/537.36 (KHTML, like Gecko) Chrome/76.0.3809.100 Safari/537.36)
[2019-08-22 09:57:02] 200 - OK - text/html
[2019-08-22 09:57:02] REQUEST POST - https://localhost:8082/public/ws/QAnalysis.asmx/Get
[2019-08-22 09:57:02] ---- FROM  ::1 (WinNT)
[2019-08-22 09:57:02] ---- BROWSER:  Chrome 76.0 (Mozilla/5.0 (Windows NT 10.0; Win64; x64) AppleWebKit/537.36 (KHTML, like Gecko) Chrome/76.0.3809.100 Safari/537.36)
[2019-08-22 09:57:02] ---- CONTENT: {data : "<?xml version='1.0' encoding='utf-8' ?><Request ID='20190822095702955'><General><Token>61111131252223224013000011333653</Token></General><Data></Data></Request>"}
[2019-08-22 09:57:02] 200 - OK - application/json
[2019-08-22 09:57:03] REQUEST POST - https://localhost:8082/public/ws/Config.asmx/All_Get
[2019-08-22 09:57:03] ---- FROM  ::1 (WinNT)
[2019-08-22 09:57:03] ---- BROWSER:  Chrome 76.0 (Mozilla/5.0 (Windows NT 10.0; Win64; x64) AppleWebKit/537.36 (KHTML, like Gecko) Chrome/76.0.3809.100 Safari/537.36)
[2019-08-22 09:57:03] ---- CONTENT: {data : "<?xml version='1.0' encoding='utf-8' ?><Request ID='2019082209570313'><General><Token>61111131252223224013000011333653</Token></General><Data></Data></Request>"}
[2019-08-22 09:57:03] 200 - OK - application/json
[2019-08-22 09:57:03] REQUEST POST - https://localhost:8082/public/ws/Economics.asmx/messaggi_summary
[2019-08-22 09:57:03] ---- FROM  ::1 (WinNT)
[2019-08-22 09:57:03] ---- BROWSER:  Chrome 76.0 (Mozilla/5.0 (Windows NT 10.0; Win64; x64) AppleWebKit/537.36 (KHTML, like Gecko) Chrome/76.0.3809.100 Safari/537.36)
[2019-08-22 09:57:03] ---- CONTENT: {data : "<?xml version='1.0' encoding='utf-8' ?><Request ID='2019082209570333'><General><Token>61111131252223224013000011333653</Token></General><Data></Data></Request>"}
[2019-08-22 09:57:03] 200 - OK - application/json
[2019-08-22 09:57:03] REQUEST POST - https://localhost:8082/public/ws/Config.asmx/All_Get
[2019-08-22 09:57:03] ---- FROM  ::1 (WinNT)
[2019-08-22 09:57:03] ---- BROWSER:  Chrome 76.0 (Mozilla/5.0 (Windows NT 10.0; Win64; x64) AppleWebKit/537.36 (KHTML, like Gecko) Chrome/76.0.3809.100 Safari/537.36)
[2019-08-22 09:57:03] ---- CONTENT: {data : "<?xml version='1.0' encoding='utf-8' ?><Request ID='2019082209570372'><General><Token>61111131252223224013000011333653</Token></General><Data></Data></Request>"}
[2019-08-22 09:57:03] 200 - OK - application/json
[2019-08-22 09:57:03] REQUEST POST - https://localhost:8082/public/ws/Config.asmx/All_Get
[2019-08-22 09:57:03] ---- FROM  ::1 (WinNT)
[2019-08-22 09:57:03] ---- BROWSER:  Chrome 76.0 (Mozilla/5.0 (Windows NT 10.0; Win64; x64) AppleWebKit/537.36 (KHTML, like Gecko) Chrome/76.0.3809.100 Safari/537.36)
[2019-08-22 09:57:03] ---- CONTENT: {data : "<?xml version='1.0' encoding='utf-8' ?><Request ID='20190822095703166'><General><Token>61111131252223224013000011333653</Token></General><Data></Data></Request>"}
[2019-08-22 09:57:03] REQUEST GET - https://localhost:8082/public/ws/Resources.ashx/xml-qa
[2019-08-22 09:57:03] ---- FROM  ::1 (WinNT)
[2019-08-22 09:57:03] ---- BROWSER:  Chrome 76.0 (Mozilla/5.0 (Windows NT 10.0; Win64; x64) AppleWebKit/537.36 (KHTML, like Gecko) Chrome/76.0.3809.100 Safari/537.36)
[2019-08-22 09:57:03] 200 - OK - text/xml
[2019-08-22 09:57:03] 200 - OK - application/json
[2019-08-22 09:57:03] REQUEST GET - https://localhost:8082/public/ws/Resources.ashx/xml-qa
[2019-08-22 09:57:03] ---- FROM  ::1 (WinNT)
[2019-08-22 09:57:03] ---- BROWSER:  Chrome 76.0 (Mozilla/5.0 (Windows NT 10.0; Win64; x64) AppleWebKit/537.36 (KHTML, like Gecko) Chrome/76.0.3809.100 Safari/537.36)
[2019-08-22 09:57:03] 200 - OK - text/xml
[2019-08-22 09:57:03] REQUEST GET - https://localhost:8082/public/ws/Resources.ashx/xml-qa
[2019-08-22 09:57:03] ---- FROM  ::1 (WinNT)
[2019-08-22 09:57:03] ---- BROWSER:  Chrome 76.0 (Mozilla/5.0 (Windows NT 10.0; Win64; x64) AppleWebKit/537.36 (KHTML, like Gecko) Chrome/76.0.3809.100 Safari/537.36)
[2019-08-22 09:57:03] 200 - OK - text/xml
[2019-08-22 09:57:03] REQUEST GET - https://localhost:8082/public/ws/Resources.ashx/xml-qa
[2019-08-22 09:57:03] ---- FROM  ::1 (WinNT)
[2019-08-22 09:57:03] ---- BROWSER:  Chrome 76.0 (Mozilla/5.0 (Windows NT 10.0; Win64; x64) AppleWebKit/537.36 (KHTML, like Gecko) Chrome/76.0.3809.100 Safari/537.36)
[2019-08-22 09:57:03] 200 - OK - text/xml
[2019-08-22 09:57:03] REQUEST GET - https://localhost:8082/public/ws/Resources.ashx/xml-qa
[2019-08-22 09:57:03] ---- FROM  ::1 (WinNT)
[2019-08-22 09:57:03] ---- BROWSER:  Chrome 76.0 (Mozilla/5.0 (Windows NT 10.0; Win64; x64) AppleWebKit/537.36 (KHTML, like Gecko) Chrome/76.0.3809.100 Safari/537.36)
[2019-08-22 09:57:03] 200 - OK - text/xml
[2019-08-22 09:57:03] REQUEST GET - https://localhost:8082/public/ws/Resources.ashx/xml-qa
[2019-08-22 09:57:03] ---- FROM  ::1 (WinNT)
[2019-08-22 09:57:03] ---- BROWSER:  Chrome 76.0 (Mozilla/5.0 (Windows NT 10.0; Win64; x64) AppleWebKit/537.36 (KHTML, like Gecko) Chrome/76.0.3809.100 Safari/537.36)
[2019-08-22 09:57:03] 200 - OK - text/xml
[2019-08-22 09:57:03] REQUEST GET - https://localhost:8082/public/ws/Resources.ashx/xml-qa
[2019-08-22 09:57:03] ---- FROM  ::1 (WinNT)
[2019-08-22 09:57:03] ---- BROWSER:  Chrome 76.0 (Mozilla/5.0 (Windows NT 10.0; Win64; x64) AppleWebKit/537.36 (KHTML, like Gecko) Chrome/76.0.3809.100 Safari/537.36)
[2019-08-22 09:57:03] 200 - OK - text/xml
[2019-08-22 09:57:03] REQUEST GET - https://localhost:8082/public/ws/Resources.ashx/xml-qa
[2019-08-22 09:57:03] ---- FROM  ::1 (WinNT)
[2019-08-22 09:57:03] ---- BROWSER:  Chrome 76.0 (Mozilla/5.0 (Windows NT 10.0; Win64; x64) AppleWebKit/537.36 (KHTML, like Gecko) Chrome/76.0.3809.100 Safari/537.36)
[2019-08-22 09:57:03] 200 - OK - text/xml
[2019-08-22 09:57:03] REQUEST GET - https://localhost:8082/public/ws/Resources.ashx/xml-qa
[2019-08-22 09:57:03] ---- FROM  ::1 (WinNT)
[2019-08-22 09:57:03] ---- BROWSER:  Chrome 76.0 (Mozilla/5.0 (Windows NT 10.0; Win64; x64) AppleWebKit/537.36 (KHTML, like Gecko) Chrome/76.0.3809.100 Safari/537.36)
[2019-08-22 09:57:03] 200 - OK - text/xml
[2019-08-22 09:57:03] REQUEST GET - https://localhost:8082/public/ws/Resources.ashx/xml-qa
[2019-08-22 09:57:03] ---- FROM  ::1 (WinNT)
[2019-08-22 09:57:03] ---- BROWSER:  Chrome 76.0 (Mozilla/5.0 (Windows NT 10.0; Win64; x64) AppleWebKit/537.36 (KHTML, like Gecko) Chrome/76.0.3809.100 Safari/537.36)
[2019-08-22 09:57:03] 200 - OK - text/xml
[2019-08-22 09:57:03] REQUEST GET - https://localhost:8082/public/ws/Resources.ashx/xml-qa
[2019-08-22 09:57:03] ---- FROM  ::1 (WinNT)
[2019-08-22 09:57:03] ---- BROWSER:  Chrome 76.0 (Mozilla/5.0 (Windows NT 10.0; Win64; x64) AppleWebKit/537.36 (KHTML, like Gecko) Chrome/76.0.3809.100 Safari/537.36)
[2019-08-22 09:57:03] 200 - OK - text/xml
[2019-08-22 09:57:03] REQUEST GET - https://localhost:8082/public/ws/Resources.ashx/xml-qa
[2019-08-22 09:57:03] ---- FROM  ::1 (WinNT)
[2019-08-22 09:57:03] ---- BROWSER:  Chrome 76.0 (Mozilla/5.0 (Windows NT 10.0; Win64; x64) AppleWebKit/537.36 (KHTML, like Gecko) Chrome/76.0.3809.100 Safari/537.36)
[2019-08-22 09:57:03] 200 - OK - text/xml
[2019-08-22 09:57:03] REQUEST GET - https://localhost:8082/public/ws/Resources.ashx/xml-qa
[2019-08-22 09:57:03] ---- FROM  ::1 (WinNT)
[2019-08-22 09:57:03] ---- BROWSER:  Chrome 76.0 (Mozilla/5.0 (Windows NT 10.0; Win64; x64) AppleWebKit/537.36 (KHTML, like Gecko) Chrome/76.0.3809.100 Safari/537.36)
[2019-08-22 09:57:03] 200 - OK - text/xml
[2019-08-22 09:57:03] REQUEST GET - https://localhost:8082/public/ws/Resources.ashx/xml-qa
[2019-08-22 09:57:03] ---- FROM  ::1 (WinNT)
[2019-08-22 09:57:03] ---- BROWSER:  Chrome 76.0 (Mozilla/5.0 (Windows NT 10.0; Win64; x64) AppleWebKit/537.36 (KHTML, like Gecko) Chrome/76.0.3809.100 Safari/537.36)
[2019-08-22 09:57:03] 200 - OK - text/xml
[2019-08-22 09:57:03] REQUEST GET - https://localhost:8082/public/ws/Resources.ashx/xml-qa
[2019-08-22 09:57:03] ---- FROM  ::1 (WinNT)
[2019-08-22 09:57:03] ---- BROWSER:  Chrome 76.0 (Mozilla/5.0 (Windows NT 10.0; Win64; x64) AppleWebKit/537.36 (KHTML, like Gecko) Chrome/76.0.3809.100 Safari/537.36)
[2019-08-22 09:57:03] 200 - OK - text/xml
[2019-08-22 09:57:03] REQUEST GET - https://localhost:8082/public/ws/Resources.ashx/xml-qa
[2019-08-22 09:57:03] ---- FROM  ::1 (WinNT)
[2019-08-22 09:57:03] ---- BROWSER:  Chrome 76.0 (Mozilla/5.0 (Windows NT 10.0; Win64; x64) AppleWebKit/537.36 (KHTML, like Gecko) Chrome/76.0.3809.100 Safari/537.36)
[2019-08-22 09:57:03] 200 - OK - text/xml
[2019-08-22 09:57:03] REQUEST GET - https://localhost:8082/public/ws/Resources.ashx/xml-qa
[2019-08-22 09:57:03] ---- FROM  ::1 (WinNT)
[2019-08-22 09:57:03] ---- BROWSER:  Chrome 76.0 (Mozilla/5.0 (Windows NT 10.0; Win64; x64) AppleWebKit/537.36 (KHTML, like Gecko) Chrome/76.0.3809.100 Safari/537.36)
[2019-08-22 09:57:03] 200 - OK - text/xml
[2019-08-22 09:57:03] REQUEST GET - https://localhost:8082/public/ws/Resources.ashx/xml-qa
[2019-08-22 09:57:03] ---- FROM  ::1 (WinNT)
[2019-08-22 09:57:03] ---- BROWSER:  Chrome 76.0 (Mozilla/5.0 (Windows NT 10.0; Win64; x64) AppleWebKit/537.36 (KHTML, like Gecko) Chrome/76.0.3809.100 Safari/537.36)
[2019-08-22 09:57:03] 200 - OK - text/xml
[2019-08-22 09:57:03] REQUEST GET - https://localhost:8082/public/ws/Resources.ashx/xml-qa
[2019-08-22 09:57:03] ---- FROM  ::1 (WinNT)
[2019-08-22 09:57:03] ---- BROWSER:  Chrome 76.0 (Mozilla/5.0 (Windows NT 10.0; Win64; x64) AppleWebKit/537.36 (KHTML, like Gecko) Chrome/76.0.3809.100 Safari/537.36)
[2019-08-22 09:57:03] 200 - OK - text/xml
[2019-08-22 09:57:03] REQUEST GET - https://localhost:8082/public/ws/Resources.ashx/xml-qa
[2019-08-22 09:57:03] ---- FROM  ::1 (WinNT)
[2019-08-22 09:57:03] ---- BROWSER:  Chrome 76.0 (Mozilla/5.0 (Windows NT 10.0; Win64; x64) AppleWebKit/537.36 (KHTML, like Gecko) Chrome/76.0.3809.100 Safari/537.36)
[2019-08-22 09:57:03] 200 - OK - text/xml
[2019-08-22 09:57:03] REQUEST GET - https://localhost:8082/public/ws/Resources.ashx/xml-qa
[2019-08-22 09:57:03] ---- FROM  ::1 (WinNT)
[2019-08-22 09:57:03] ---- BROWSER:  Chrome 76.0 (Mozilla/5.0 (Windows NT 10.0; Win64; x64) AppleWebKit/537.36 (KHTML, like Gecko) Chrome/76.0.3809.100 Safari/537.36)
[2019-08-22 09:57:03] 200 - OK - text/xml
[2019-08-22 09:57:03] REQUEST GET - https://localhost:8082/public/ws/Resources.ashx/xml-qa
[2019-08-22 09:57:03] ---- FROM  ::1 (WinNT)
[2019-08-22 09:57:03] ---- BROWSER:  Chrome 76.0 (Mozilla/5.0 (Windows NT 10.0; Win64; x64) AppleWebKit/537.36 (KHTML, like Gecko) Chrome/76.0.3809.100 Safari/537.36)
[2019-08-22 09:57:03] 200 - OK - text/xml
[2019-08-22 09:57:03] REQUEST GET - https://localhost:8082/public/ws/Resources.ashx/xml-qa
[2019-08-22 09:57:03] ---- FROM  ::1 (WinNT)
[2019-08-22 09:57:03] ---- BROWSER:  Chrome 76.0 (Mozilla/5.0 (Windows NT 10.0; Win64; x64) AppleWebKit/537.36 (KHTML, like Gecko) Chrome/76.0.3809.100 Safari/537.36)
[2019-08-22 09:57:03] 200 - OK - text/xml
[2019-08-22 09:57:03] REQUEST GET - https://localhost:8082/public/ws/Resources.ashx/xml-qa
[2019-08-22 09:57:03] ---- FROM  ::1 (WinNT)
[2019-08-22 09:57:03] ---- BROWSER:  Chrome 76.0 (Mozilla/5.0 (Windows NT 10.0; Win64; x64) AppleWebKit/537.36 (KHTML, like Gecko) Chrome/76.0.3809.100 Safari/537.36)
[2019-08-22 09:57:03] 200 - OK - text/xml
[2019-08-22 09:57:03] REQUEST GET - https://localhost:8082/public/ws/Resources.ashx/xml-qa
[2019-08-22 09:57:03] ---- FROM  ::1 (WinNT)
[2019-08-22 09:57:03] ---- BROWSER:  Chrome 76.0 (Mozilla/5.0 (Windows NT 10.0; Win64; x64) AppleWebKit/537.36 (KHTML, like Gecko) Chrome/76.0.3809.100 Safari/537.36)
[2019-08-22 09:57:03] 200 - OK - text/xml
[2019-08-22 09:57:03] REQUEST GET - https://localhost:8082/public/ws/Resources.ashx/xml-qa
[2019-08-22 09:57:03] ---- FROM  ::1 (WinNT)
[2019-08-22 09:57:03] ---- BROWSER:  Chrome 76.0 (Mozilla/5.0 (Windows NT 10.0; Win64; x64) AppleWebKit/537.36 (KHTML, like Gecko) Chrome/76.0.3809.100 Safari/537.36)
[2019-08-22 09:57:03] 200 - OK - text/xml
[2019-08-22 09:57:03] REQUEST GET - https://localhost:8082/public/ws/Resources.ashx/xml-qa
[2019-08-22 09:57:03] ---- FROM  ::1 (WinNT)
[2019-08-22 09:57:03] ---- BROWSER:  Chrome 76.0 (Mozilla/5.0 (Windows NT 10.0; Win64; x64) AppleWebKit/537.36 (KHTML, like Gecko) Chrome/76.0.3809.100 Safari/537.36)
[2019-08-22 09:57:03] 200 - OK - text/xml
[2019-08-22 09:57:03] REQUEST GET - https://localhost:8082/public/ws/Resources.ashx/xml-qa
[2019-08-22 09:57:03] ---- FROM  ::1 (WinNT)
[2019-08-22 09:57:03] ---- BROWSER:  Chrome 76.0 (Mozilla/5.0 (Windows NT 10.0; Win64; x64) AppleWebKit/537.36 (KHTML, like Gecko) Chrome/76.0.3809.100 Safari/537.36)
[2019-08-22 09:57:03] 200 - OK - text/xml
[2019-08-22 09:57:03] REQUEST GET - https://localhost:8082/public/ws/Resources.ashx/xml-qa
[2019-08-22 09:57:03] ---- FROM  ::1 (WinNT)
[2019-08-22 09:57:03] ---- BROWSER:  Chrome 76.0 (Mozilla/5.0 (Windows NT 10.0; Win64; x64) AppleWebKit/537.36 (KHTML, like Gecko) Chrome/76.0.3809.100 Safari/537.36)
[2019-08-22 09:57:03] 200 - OK - text/xml
[2019-08-22 09:57:03] REQUEST GET - https://localhost:8082/public/ws/Resources.ashx/xml-qa
[2019-08-22 09:57:03] ---- FROM  ::1 (WinNT)
[2019-08-22 09:57:03] ---- BROWSER:  Chrome 76.0 (Mozilla/5.0 (Windows NT 10.0; Win64; x64) AppleWebKit/537.36 (KHTML, like Gecko) Chrome/76.0.3809.100 Safari/537.36)
[2019-08-22 09:57:03] 200 - OK - text/xml
[2019-08-22 09:57:03] REQUEST GET - https://localhost:8082/public/ws/Resources.ashx/xml-qa
[2019-08-22 09:57:03] ---- FROM  ::1 (WinNT)
[2019-08-22 09:57:03] ---- BROWSER:  Chrome 76.0 (Mozilla/5.0 (Windows NT 10.0; Win64; x64) AppleWebKit/537.36 (KHTML, like Gecko) Chrome/76.0.3809.100 Safari/537.36)
[2019-08-22 09:57:03] 200 - OK - text/xml
[2019-08-22 09:57:03] REQUEST GET - https://localhost:8082/public/ws/Resources.ashx/xml-qa
[2019-08-22 09:57:03] ---- FROM  ::1 (WinNT)
[2019-08-22 09:57:03] ---- BROWSER:  Chrome 76.0 (Mozilla/5.0 (Windows NT 10.0; Win64; x64) AppleWebKit/537.36 (KHTML, like Gecko) Chrome/76.0.3809.100 Safari/537.36)
[2019-08-22 09:57:03] 200 - OK - text/xml
[2019-08-22 09:57:03] REQUEST GET - https://localhost:8082/public/ws/Resources.ashx/xml-qa
[2019-08-22 09:57:03] ---- FROM  ::1 (WinNT)
[2019-08-22 09:57:03] ---- BROWSER:  Chrome 76.0 (Mozilla/5.0 (Windows NT 10.0; Win64; x64) AppleWebKit/537.36 (KHTML, like Gecko) Chrome/76.0.3809.100 Safari/537.36)
[2019-08-22 09:57:03] 200 - OK - text/xml
[2019-08-22 09:57:03] REQUEST GET - https://localhost:8082/public/ws/Resources.ashx/xml-qa
[2019-08-22 09:57:03] ---- FROM  ::1 (WinNT)
[2019-08-22 09:57:03] ---- BROWSER:  Chrome 76.0 (Mozilla/5.0 (Windows NT 10.0; Win64; x64) AppleWebKit/537.36 (KHTML, like Gecko) Chrome/76.0.3809.100 Safari/537.36)
[2019-08-22 09:57:03] 200 - OK - text/xml
[2019-08-22 09:57:03] REQUEST GET - https://localhost:8082/public/ws/Resources.ashx/xml-qa
[2019-08-22 09:57:03] ---- FROM  ::1 (WinNT)
[2019-08-22 09:57:03] ---- BROWSER:  Chrome 76.0 (Mozilla/5.0 (Windows NT 10.0; Win64; x64) AppleWebKit/537.36 (KHTML, like Gecko) Chrome/76.0.3809.100 Safari/537.36)
[2019-08-22 09:57:03] 200 - OK - text/xml
[2019-08-22 09:57:05] REQUEST GET - https://localhost:8082/qa/qualitativa
[2019-08-22 09:57:05] ---- FROM  ::1 (WinNT)
[2019-08-22 09:57:05] ---- BROWSER:  Chrome 76.0 (Mozilla/5.0 (Windows NT 10.0; Win64; x64) AppleWebKit/537.36 (KHTML, like Gecko) Chrome/76.0.3809.100 Safari/537.36)
[2019-08-22 09:57:05] 200 - OK - text/html
[2019-08-22 09:57:08] REQUEST POST - https://localhost:8082/public/ws/QAnalysis.asmx/Get
[2019-08-22 09:57:08] ---- FROM  ::1 (WinNT)
[2019-08-22 09:57:08] ---- BROWSER:  Chrome 76.0 (Mozilla/5.0 (Windows NT 10.0; Win64; x64) AppleWebKit/537.36 (KHTML, like Gecko) Chrome/76.0.3809.100 Safari/537.36)
[2019-08-22 09:57:08] ---- CONTENT: {data : "<?xml version='1.0' encoding='utf-8' ?><Request ID='20190822095708383'><General><Token>61111131252223224013000011333653</Token></General><Data></Data></Request>"}
[2019-08-22 09:57:08] 200 - OK - application/json
[2019-08-22 09:57:08] REQUEST POST - https://localhost:8082/public/ws/Config.asmx/All_Get
[2019-08-22 09:57:08] ---- FROM  ::1 (WinNT)
[2019-08-22 09:57:08] ---- BROWSER:  Chrome 76.0 (Mozilla/5.0 (Windows NT 10.0; Win64; x64) AppleWebKit/537.36 (KHTML, like Gecko) Chrome/76.0.3809.100 Safari/537.36)
[2019-08-22 09:57:08] ---- CONTENT: {data : "<?xml version='1.0' encoding='utf-8' ?><Request ID='20190822095708502'><General><Token>61111131252223224013000011333653</Token></General><Data></Data></Request>"}
[2019-08-22 09:57:08] 200 - OK - application/json
[2019-08-22 09:57:08] REQUEST POST - https://localhost:8082/public/ws/Economics.asmx/messaggi_summary
[2019-08-22 09:57:08] ---- FROM  ::1 (WinNT)
[2019-08-22 09:57:08] ---- BROWSER:  Chrome 76.0 (Mozilla/5.0 (Windows NT 10.0; Win64; x64) AppleWebKit/537.36 (KHTML, like Gecko) Chrome/76.0.3809.100 Safari/537.36)
[2019-08-22 09:57:08] ---- CONTENT: {data : "<?xml version='1.0' encoding='utf-8' ?><Request ID='20190822095708576'><General><Token>61111131252223224013000011333653</Token></General><Data></Data></Request>"}
[2019-08-22 09:57:08] 200 - OK - application/json
[2019-08-22 09:57:08] REQUEST POST - https://localhost:8082/public/ws/Config.asmx/All_Get
[2019-08-22 09:57:08] ---- FROM  ::1 (WinNT)
[2019-08-22 09:57:08] ---- BROWSER:  Chrome 76.0 (Mozilla/5.0 (Windows NT 10.0; Win64; x64) AppleWebKit/537.36 (KHTML, like Gecko) Chrome/76.0.3809.100 Safari/537.36)
[2019-08-22 09:57:08] ---- CONTENT: {data : "<?xml version='1.0' encoding='utf-8' ?><Request ID='20190822095708682'><General><Token>61111131252223224013000011333653</Token></General><Data></Data></Request>"}
[2019-08-22 09:57:08] 200 - OK - application/json
[2019-08-22 09:57:08] REQUEST POST - https://localhost:8082/public/ws/Config.asmx/All_Get
[2019-08-22 09:57:08] ---- FROM  ::1 (WinNT)
[2019-08-22 09:57:08] ---- BROWSER:  Chrome 76.0 (Mozilla/5.0 (Windows NT 10.0; Win64; x64) AppleWebKit/537.36 (KHTML, like Gecko) Chrome/76.0.3809.100 Safari/537.36)
[2019-08-22 09:57:08] ---- CONTENT: {data : "<?xml version='1.0' encoding='utf-8' ?><Request ID='20190822095708830'><General><Token>61111131252223224013000011333653</Token></General><Data></Data></Request>"}
[2019-08-22 09:57:09] REQUEST GET - https://localhost:8082/public/ws/Resources.ashx/xml-qa
[2019-08-22 09:57:08] REQUEST GET - https://localhost:8082/public/ws/Resources.ashx/xml-qa
[2019-08-22 09:57:08] REQUEST GET - https://localhost:8082/public/ws/Resources.ashx/xml-qa
[2019-08-22 09:57:08] REQUEST GET - https://localhost:8082/public/ws/Resources.ashx/xml-qa
[2019-08-22 09:57:08] REQUEST GET - https://localhost:8082/public/ws/Resources.ashx/xml-qa
[2019-08-22 09:57:08] REQUEST GET - https://localhost:8082/public/ws/Resources.ashx/xml-qa
[2019-08-22 09:57:08] REQUEST GET - https://localhost:8082/public/ws/Resources.ashx/xml-qa
[2019-08-22 09:57:09] 200 - OK - application/json
[2019-08-22 09:57:09] ---- FROM  ::1 (WinNT)
[2019-08-22 09:57:09] ---- FROM  ::1 (WinNT)
[2019-08-22 09:57:09] ---- FROM  ::1 (WinNT)
[2019-08-22 09:57:09] ---- FROM  ::1 (WinNT)
[2019-08-22 09:57:08] REQUEST GET - https://localhost:8082/public/ws/Resources.ashx/xml-qa
[2019-08-22 09:57:09] ---- BROWSER:  Chrome 76.0 (Mozilla/5.0 (Windows NT 10.0; Win64; x64) AppleWebKit/537.36 (KHTML, like Gecko) Chrome/76.0.3809.100 Safari/537.36)
[2019-08-22 09:57:09] ---- FROM  ::1 (WinNT)
[2019-08-22 09:57:09] ---- BROWSER:  Chrome 76.0 (Mozilla/5.0 (Windows NT 10.0; Win64; x64) AppleWebKit/537.36 (KHTML, like Gecko) Chrome/76.0.3809.100 Safari/537.36)
[2019-08-22 09:57:09] ---- BROWSER:  Chrome 76.0 (Mozilla/5.0 (Windows NT 10.0; Win64; x64) AppleWebKit/537.36 (KHTML, like Gecko) Chrome/76.0.3809.100 Safari/537.36)
[2019-08-22 09:57:09] ---- BROWSER:  Chrome 76.0 (Mozilla/5.0 (Windows NT 10.0; Win64; x64) AppleWebKit/537.36 (KHTML, like Gecko) Chrome/76.0.3809.100 Safari/537.36)
[2019-08-22 09:57:09] ---- FROM  ::1 (WinNT)
[2019-08-22 09:57:09] 200 - OK - text/xml
[2019-08-22 09:57:09] ---- FROM  ::1 (WinNT)
[2019-08-22 09:57:09] 200 - OK - text/xml
[2019-08-22 09:57:09] 200 - OK - text/xml
[2019-08-22 09:57:09] 200 - OK - text/xml
[2019-08-22 09:57:09] ---- BROWSER:  Chrome 76.0 (Mozilla/5.0 (Windows NT 10.0; Win64; x64) AppleWebKit/537.36 (KHTML, like Gecko) Chrome/76.0.3809.100 Safari/537.36)
[2019-08-22 09:57:09] ---- BROWSER:  Chrome 76.0 (Mozilla/5.0 (Windows NT 10.0; Win64; x64) AppleWebKit/537.36 (KHTML, like Gecko) Chrome/76.0.3809.100 Safari/537.36)
[2019-08-22 09:57:09] REQUEST GET - https://localhost:8082/public/ws/Resources.ashx/xml-qa
[2019-08-22 09:57:09] REQUEST GET - https://localhost:8082/public/ws/Resources.ashx/xml-qa
[2019-08-22 09:57:09] REQUEST GET - https://localhost:8082/public/ws/Resources.ashx/xml-qa
[2019-08-22 09:57:09] ---- FROM  ::1 (WinNT)
[2019-08-22 09:57:09] REQUEST GET - https://localhost:8082/public/ws/Resources.ashx/xml-qa
[2019-08-22 09:57:09] ---- FROM  ::1 (WinNT)
[2019-08-22 09:57:09] ---- FROM  ::1 (WinNT)
[2019-08-22 09:57:09] 200 - OK - text/xml
[2019-08-22 09:57:09] ---- FROM  ::1 (WinNT)
[2019-08-22 09:57:09] ---- BROWSER:  Chrome 76.0 (Mozilla/5.0 (Windows NT 10.0; Win64; x64) AppleWebKit/537.36 (KHTML, like Gecko) Chrome/76.0.3809.100 Safari/537.36)
[2019-08-22 09:57:09] ---- BROWSER:  Chrome 76.0 (Mozilla/5.0 (Windows NT 10.0; Win64; x64) AppleWebKit/537.36 (KHTML, like Gecko) Chrome/76.0.3809.100 Safari/537.36)
[2019-08-22 09:57:09] 200 - OK - text/xml
[2019-08-22 09:57:09] ---- FROM  ::1 (WinNT)
[2019-08-22 09:57:09] ---- BROWSER:  Chrome 76.0 (Mozilla/5.0 (Windows NT 10.0; Win64; x64) AppleWebKit/537.36 (KHTML, like Gecko) Chrome/76.0.3809.100 Safari/537.36)
[2019-08-22 09:57:09] ---- BROWSER:  Chrome 76.0 (Mozilla/5.0 (Windows NT 10.0; Win64; x64) AppleWebKit/537.36 (KHTML, like Gecko) Chrome/76.0.3809.100 Safari/537.36)
[2019-08-22 09:57:09] REQUEST GET - https://localhost:8082/public/ws/Resources.ashx/xml-qa
[2019-08-22 09:57:09] REQUEST GET - https://localhost:8082/public/ws/Resources.ashx/xml-qa
[2019-08-22 09:57:09] 200 - OK - text/xml
[2019-08-22 09:57:09] ---- BROWSER:  Chrome 76.0 (Mozilla/5.0 (Windows NT 10.0; Win64; x64) AppleWebKit/537.36 (KHTML, like Gecko) Chrome/76.0.3809.100 Safari/537.36)
[2019-08-22 09:57:09] ---- BROWSER:  Chrome 76.0 (Mozilla/5.0 (Windows NT 10.0; Win64; x64) AppleWebKit/537.36 (KHTML, like Gecko) Chrome/76.0.3809.100 Safari/537.36)
[2019-08-22 09:57:09] 200 - OK - text/xml
[2019-08-22 09:57:09] 200 - OK - text/xml
[2019-08-22 09:57:09] ---- FROM  ::1 (WinNT)
[2019-08-22 09:57:09] ---- FROM  ::1 (WinNT)
[2019-08-22 09:57:09] REQUEST GET - https://localhost:8082/public/ws/Resources.ashx/xml-qa
[2019-08-22 09:57:09] 200 - OK - text/xml
[2019-08-22 09:57:09] REQUEST GET - https://localhost:8082/public/ws/Resources.ashx/xml-qa
[2019-08-22 09:57:09] 200 - OK - text/xml
[2019-08-22 09:57:09] REQUEST GET - https://localhost:8082/public/ws/Resources.ashx/xml-qa
[2019-08-22 09:57:09] ---- BROWSER:  Chrome 76.0 (Mozilla/5.0 (Windows NT 10.0; Win64; x64) AppleWebKit/537.36 (KHTML, like Gecko) Chrome/76.0.3809.100 Safari/537.36)
[2019-08-22 09:57:09] ---- FROM  ::1 (WinNT)
[2019-08-22 09:57:09] ---- BROWSER:  Chrome 76.0 (Mozilla/5.0 (Windows NT 10.0; Win64; x64) AppleWebKit/537.36 (KHTML, like Gecko) Chrome/76.0.3809.100 Safari/537.36)
[2019-08-22 09:57:09] REQUEST GET - https://localhost:8082/public/ws/Resources.ashx/xml-qa
[2019-08-22 09:57:09] REQUEST GET - https://localhost:8082/public/ws/Resources.ashx/xml-qa
[2019-08-22 09:57:09] REQUEST GET - https://localhost:8082/public/ws/Resources.ashx/xml-qa
[2019-08-22 09:57:09] ---- FROM  ::1 (WinNT)
[2019-08-22 09:57:09] ---- BROWSER:  Chrome 76.0 (Mozilla/5.0 (Windows NT 10.0; Win64; x64) AppleWebKit/537.36 (KHTML, like Gecko) Chrome/76.0.3809.100 Safari/537.36)
[2019-08-22 09:57:09] 200 - OK - text/xml
[2019-08-22 09:57:09] 200 - OK - text/xml
[2019-08-22 09:57:09] ---- FROM  ::1 (WinNT)
[2019-08-22 09:57:09] ---- FROM  ::1 (WinNT)
[2019-08-22 09:57:09] ---- BROWSER:  Chrome 76.0 (Mozilla/5.0 (Windows NT 10.0; Win64; x64) AppleWebKit/537.36 (KHTML, like Gecko) Chrome/76.0.3809.100 Safari/537.36)
[2019-08-22 09:57:09] 200 - OK - text/xml
[2019-08-22 09:57:09] ---- BROWSER:  Chrome 76.0 (Mozilla/5.0 (Windows NT 10.0; Win64; x64) AppleWebKit/537.36 (KHTML, like Gecko) Chrome/76.0.3809.100 Safari/537.36)
[2019-08-22 09:57:09] ---- BROWSER:  Chrome 76.0 (Mozilla/5.0 (Windows NT 10.0; Win64; x64) AppleWebKit/537.36 (KHTML, like Gecko) Chrome/76.0.3809.100 Safari/537.36)
[2019-08-22 09:57:09] REQUEST GET - https://localhost:8082/public/ws/Resources.ashx/xml-qa
[2019-08-22 09:57:09] ---- FROM  ::1 (WinNT)
[2019-08-22 09:57:09] ---- FROM  ::1 (WinNT)
[2019-08-22 09:57:09] REQUEST GET - https://localhost:8082/public/ws/Resources.ashx/xml-qa
[2019-08-22 09:57:09] 200 - OK - text/xml
[2019-08-22 09:57:09] REQUEST GET - https://localhost:8082/public/ws/Resources.ashx/xml-qa
[2019-08-22 09:57:09] 200 - OK - text/xml
[2019-08-22 09:57:09] 200 - OK - text/xml
[2019-08-22 09:57:09] ---- FROM  ::1 (WinNT)
[2019-08-22 09:57:09] ---- BROWSER:  Chrome 76.0 (Mozilla/5.0 (Windows NT 10.0; Win64; x64) AppleWebKit/537.36 (KHTML, like Gecko) Chrome/76.0.3809.100 Safari/537.36)
[2019-08-22 09:57:09] ---- FROM  ::1 (WinNT)
[2019-08-22 09:57:09] ---- FROM  ::1 (WinNT)
[2019-08-22 09:57:09] ---- BROWSER:  Chrome 76.0 (Mozilla/5.0 (Windows NT 10.0; Win64; x64) AppleWebKit/537.36 (KHTML, like Gecko) Chrome/76.0.3809.100 Safari/537.36)
[2019-08-22 09:57:09] REQUEST GET - https://localhost:8082/public/ws/Resources.ashx/xml-qa
[2019-08-22 09:57:09] ---- BROWSER:  Chrome 76.0 (Mozilla/5.0 (Windows NT 10.0; Win64; x64) AppleWebKit/537.36 (KHTML, like Gecko) Chrome/76.0.3809.100 Safari/537.36)
[2019-08-22 09:57:09] ---- BROWSER:  Chrome 76.0 (Mozilla/5.0 (Windows NT 10.0; Win64; x64) AppleWebKit/537.36 (KHTML, like Gecko) Chrome/76.0.3809.100 Safari/537.36)
[2019-08-22 09:57:09] REQUEST GET - https://localhost:8082/public/ws/Resources.ashx/xml-qa
[2019-08-22 09:57:09] REQUEST GET - https://localhost:8082/public/ws/Resources.ashx/xml-qa
[2019-08-22 09:57:09] 200 - OK - text/xml
[2019-08-22 09:57:09] ---- FROM  ::1 (WinNT)
[2019-08-22 09:57:09] ---- BROWSER:  Chrome 76.0 (Mozilla/5.0 (Windows NT 10.0; Win64; x64) AppleWebKit/537.36 (KHTML, like Gecko) Chrome/76.0.3809.100 Safari/537.36)
[2019-08-22 09:57:09] 200 - OK - text/xml
[2019-08-22 09:57:09] ---- FROM  ::1 (WinNT)
[2019-08-22 09:57:09] 200 - OK - text/xml
[2019-08-22 09:57:09] ---- BROWSER:  Chrome 76.0 (Mozilla/5.0 (Windows NT 10.0; Win64; x64) AppleWebKit/537.36 (KHTML, like Gecko) Chrome/76.0.3809.100 Safari/537.36)
[2019-08-22 09:57:09] REQUEST GET - https://localhost:8082/public/ws/Resources.ashx/xml-qa
[2019-08-22 09:57:09] 200 - OK - text/xml
[2019-08-22 09:57:09] ---- BROWSER:  Chrome 76.0 (Mozilla/5.0 (Windows NT 10.0; Win64; x64) AppleWebKit/537.36 (KHTML, like Gecko) Chrome/76.0.3809.100 Safari/537.36)
[2019-08-22 09:57:09] ---- FROM  ::1 (WinNT)
[2019-08-22 09:57:09] 200 - OK - text/xml
[2019-08-22 09:57:09] 200 - OK - text/xml
[2019-08-22 09:57:09] REQUEST GET - https://localhost:8082/public/ws/Resources.ashx/xml-qa
[2019-08-22 09:57:09] ---- FROM  ::1 (WinNT)
[2019-08-22 09:57:09] 200 - OK - text/xml
[2019-08-22 09:57:09] REQUEST GET - https://localhost:8082/public/ws/Resources.ashx/xml-qa
[2019-08-22 09:57:09] ---- FROM  ::1 (WinNT)
[2019-08-22 09:57:09] REQUEST GET - https://localhost:8082/public/ws/Resources.ashx/xml-qa
[2019-08-22 09:57:09] REQUEST GET - https://localhost:8082/public/ws/Resources.ashx/xml-qa
[2019-08-22 09:57:09] ---- BROWSER:  Chrome 76.0 (Mozilla/5.0 (Windows NT 10.0; Win64; x64) AppleWebKit/537.36 (KHTML, like Gecko) Chrome/76.0.3809.100 Safari/537.36)
[2019-08-22 09:57:09] ---- BROWSER:  Chrome 76.0 (Mozilla/5.0 (Windows NT 10.0; Win64; x64) AppleWebKit/537.36 (KHTML, like Gecko) Chrome/76.0.3809.100 Safari/537.36)
[2019-08-22 09:57:09] ---- FROM  ::1 (WinNT)
[2019-08-22 09:57:09] REQUEST GET - https://localhost:8082/public/ws/Resources.ashx/xml-qa
[2019-08-22 09:57:09] ---- FROM  ::1 (WinNT)
[2019-08-22 09:57:09] ---- BROWSER:  Chrome 76.0 (Mozilla/5.0 (Windows NT 10.0; Win64; x64) AppleWebKit/537.36 (KHTML, like Gecko) Chrome/76.0.3809.100 Safari/537.36)
[2019-08-22 09:57:09] REQUEST GET - https://localhost:8082/public/ws/Resources.ashx/xml-qa
[2019-08-22 09:57:09] ---- FROM  ::1 (WinNT)
[2019-08-22 09:57:09] 200 - OK - text/xml
[2019-08-22 09:57:10] 200 - OK - text/xml
[2019-08-22 09:57:10] ---- BROWSER:  Chrome 76.0 (Mozilla/5.0 (Windows NT 10.0; Win64; x64) AppleWebKit/537.36 (KHTML, like Gecko) Chrome/76.0.3809.100 Safari/537.36)
[2019-08-22 09:57:10] ---- BROWSER:  Chrome 76.0 (Mozilla/5.0 (Windows NT 10.0; Win64; x64) AppleWebKit/537.36 (KHTML, like Gecko) Chrome/76.0.3809.100 Safari/537.36)
[2019-08-22 09:57:10] ---- FROM  ::1 (WinNT)
[2019-08-22 09:57:10] 200 - OK - text/xml
[2019-08-22 09:57:10] ---- BROWSER:  Chrome 76.0 (Mozilla/5.0 (Windows NT 10.0; Win64; x64) AppleWebKit/537.36 (KHTML, like Gecko) Chrome/76.0.3809.100 Safari/537.36)
[2019-08-22 09:57:10] 200 - OK - text/xml
[2019-08-22 09:57:10] REQUEST GET - https://localhost:8082/public/ws/Resources.ashx/xml-qa
[2019-08-22 09:57:10] ---- FROM  ::1 (WinNT)
[2019-08-22 09:57:10] 200 - OK - text/xml
[2019-08-22 09:57:10] ---- BROWSER:  Chrome 76.0 (Mozilla/5.0 (Windows NT 10.0; Win64; x64) AppleWebKit/537.36 (KHTML, like Gecko) Chrome/76.0.3809.100 Safari/537.36)
[2019-08-22 09:57:10] ---- FROM  ::1 (WinNT)
[2019-08-22 09:57:10] 200 - OK - text/xml
[2019-08-22 09:57:10] ---- BROWSER:  Chrome 76.0 (Mozilla/5.0 (Windows NT 10.0; Win64; x64) AppleWebKit/537.36 (KHTML, like Gecko) Chrome/76.0.3809.100 Safari/537.36)
[2019-08-22 09:57:09] REQUEST GET - https://localhost:8082/public/ws/Resources.ashx/xml-qa
[2019-08-22 09:57:10] ---- BROWSER:  Chrome 76.0 (Mozilla/5.0 (Windows NT 10.0; Win64; x64) AppleWebKit/537.36 (KHTML, like Gecko) Chrome/76.0.3809.100 Safari/537.36)
[2019-08-22 09:57:10] ---- FROM  ::1 (WinNT)
[2019-08-22 09:57:10] ---- BROWSER:  Chrome 76.0 (Mozilla/5.0 (Windows NT 10.0; Win64; x64) AppleWebKit/537.36 (KHTML, like Gecko) Chrome/76.0.3809.100 Safari/537.36)
[2019-08-22 09:57:10] 200 - OK - text/xml
[2019-08-22 09:57:10] 200 - OK - text/xml
[2019-08-22 09:57:10] 200 - OK - text/xml
[2019-08-22 09:57:09] 200 - OK - text/xml
[2019-08-22 09:57:10] 200 - OK - text/xml
[2019-08-22 09:58:29] REQUEST GET - https://localhost:8082/qa/qualitativa
[2019-08-22 09:58:29] ---- FROM  ::1 (WinNT)
[2019-08-22 09:58:29] ---- BROWSER:  Chrome 76.0 (Mozilla/5.0 (Windows NT 10.0; Win64; x64) AppleWebKit/537.36 (KHTML, like Gecko) Chrome/76.0.3809.100 Safari/537.36)
[2019-08-22 09:58:29] 200 - OK - text/html
[2019-08-22 09:58:32] REQUEST POST - https://localhost:8082/public/ws/QAnalysis.asmx/Get
[2019-08-22 09:58:32] ---- FROM  ::1 (WinNT)
[2019-08-22 09:58:32] ---- BROWSER:  Chrome 76.0 (Mozilla/5.0 (Windows NT 10.0; Win64; x64) AppleWebKit/537.36 (KHTML, like Gecko) Chrome/76.0.3809.100 Safari/537.36)
[2019-08-22 09:58:32] ---- CONTENT: {data : "<?xml version='1.0' encoding='utf-8' ?><Request ID='20190822095832353'><General><Token>61111131252223224013000011333653</Token></General><Data></Data></Request>"}
[2019-08-22 09:58:32] 200 - OK - application/json
[2019-08-22 09:58:32] REQUEST POST - https://localhost:8082/public/ws/Config.asmx/All_Get
[2019-08-22 09:58:32] ---- FROM  ::1 (WinNT)
[2019-08-22 09:58:32] ---- BROWSER:  Chrome 76.0 (Mozilla/5.0 (Windows NT 10.0; Win64; x64) AppleWebKit/537.36 (KHTML, like Gecko) Chrome/76.0.3809.100 Safari/537.36)
[2019-08-22 09:58:32] ---- CONTENT: {data : "<?xml version='1.0' encoding='utf-8' ?><Request ID='20190822095832447'><General><Token>61111131252223224013000011333653</Token></General><Data></Data></Request>"}
[2019-08-22 09:58:32] 200 - OK - application/json
[2019-08-22 09:58:32] REQUEST POST - https://localhost:8082/public/ws/Economics.asmx/messaggi_summary
[2019-08-22 09:58:32] ---- FROM  ::1 (WinNT)
[2019-08-22 09:58:32] ---- BROWSER:  Chrome 76.0 (Mozilla/5.0 (Windows NT 10.0; Win64; x64) AppleWebKit/537.36 (KHTML, like Gecko) Chrome/76.0.3809.100 Safari/537.36)
[2019-08-22 09:58:32] ---- CONTENT: {data : "<?xml version='1.0' encoding='utf-8' ?><Request ID='20190822095832629'><General><Token>61111131252223224013000011333653</Token></General><Data></Data></Request>"}
[2019-08-22 09:58:32] 200 - OK - application/json
[2019-08-22 09:58:32] REQUEST POST - https://localhost:8082/public/ws/Config.asmx/All_Get
[2019-08-22 09:58:32] ---- FROM  ::1 (WinNT)
[2019-08-22 09:58:32] ---- BROWSER:  Chrome 76.0 (Mozilla/5.0 (Windows NT 10.0; Win64; x64) AppleWebKit/537.36 (KHTML, like Gecko) Chrome/76.0.3809.100 Safari/537.36)
[2019-08-22 09:58:32] ---- CONTENT: {data : "<?xml version='1.0' encoding='utf-8' ?><Request ID='20190822095832710'><General><Token>61111131252223224013000011333653</Token></General><Data></Data></Request>"}
[2019-08-22 09:58:32] 200 - OK - application/json
[2019-08-22 09:58:32] REQUEST POST - https://localhost:8082/public/ws/Config.asmx/All_Get
[2019-08-22 09:58:32] ---- FROM  ::1 (WinNT)
[2019-08-22 09:58:32] ---- BROWSER:  Chrome 76.0 (Mozilla/5.0 (Windows NT 10.0; Win64; x64) AppleWebKit/537.36 (KHTML, like Gecko) Chrome/76.0.3809.100 Safari/537.36)
[2019-08-22 09:58:32] ---- CONTENT: {data : "<?xml version='1.0' encoding='utf-8' ?><Request ID='20190822095832856'><General><Token>61111131252223224013000011333653</Token></General><Data></Data></Request>"}
[2019-08-22 09:58:32] REQUEST GET - https://localhost:8082/public/ws/Resources.ashx/xml-qa
[2019-08-22 09:58:32] ---- FROM  ::1 (WinNT)
[2019-08-22 09:58:32] ---- BROWSER:  Chrome 76.0 (Mozilla/5.0 (Windows NT 10.0; Win64; x64) AppleWebKit/537.36 (KHTML, like Gecko) Chrome/76.0.3809.100 Safari/537.36)
[2019-08-22 09:58:32] REQUEST GET - https://localhost:8082/public/ws/Resources.ashx/xml-qa
[2019-08-22 09:58:32] REQUEST GET - https://localhost:8082/public/ws/Resources.ashx/xml-qa
[2019-08-22 09:58:32] 200 - OK - application/json
[2019-08-22 09:58:32] REQUEST GET - https://localhost:8082/public/ws/Resources.ashx/xml-qa
[2019-08-22 09:58:32] REQUEST GET - https://localhost:8082/public/ws/Resources.ashx/xml-qa
[2019-08-22 09:58:33] 200 - OK - text/xml
[2019-08-22 09:58:33] ---- FROM  ::1 (WinNT)
[2019-08-22 09:58:33] ---- FROM  ::1 (WinNT)
[2019-08-22 09:58:33] ---- FROM  ::1 (WinNT)
[2019-08-22 09:58:33] ---- FROM  ::1 (WinNT)
[2019-08-22 09:58:32] REQUEST GET - https://localhost:8082/public/ws/Resources.ashx/xml-qa
[2019-08-22 09:58:33] ---- BROWSER:  Chrome 76.0 (Mozilla/5.0 (Windows NT 10.0; Win64; x64) AppleWebKit/537.36 (KHTML, like Gecko) Chrome/76.0.3809.100 Safari/537.36)
[2019-08-22 09:58:33] REQUEST GET - https://localhost:8082/public/ws/Resources.ashx/xml-qa
[2019-08-22 09:58:33] ---- BROWSER:  Chrome 76.0 (Mozilla/5.0 (Windows NT 10.0; Win64; x64) AppleWebKit/537.36 (KHTML, like Gecko) Chrome/76.0.3809.100 Safari/537.36)
[2019-08-22 09:58:33] ---- BROWSER:  Chrome 76.0 (Mozilla/5.0 (Windows NT 10.0; Win64; x64) AppleWebKit/537.36 (KHTML, like Gecko) Chrome/76.0.3809.100 Safari/537.36)
[2019-08-22 09:58:33] ---- BROWSER:  Chrome 76.0 (Mozilla/5.0 (Windows NT 10.0; Win64; x64) AppleWebKit/537.36 (KHTML, like Gecko) Chrome/76.0.3809.100 Safari/537.36)
[2019-08-22 09:58:33] ---- FROM  ::1 (WinNT)
[2019-08-22 09:58:33] 200 - OK - text/xml
[2019-08-22 09:58:33] ---- FROM  ::1 (WinNT)
[2019-08-22 09:58:33] 200 - OK - text/xml
[2019-08-22 09:58:33] REQUEST GET - https://localhost:8082/public/ws/Resources.ashx/xml-qa
[2019-08-22 09:58:33] 200 - OK - text/xml
[2019-08-22 09:58:33] 200 - OK - text/xml
[2019-08-22 09:58:33] ---- BROWSER:  Chrome 76.0 (Mozilla/5.0 (Windows NT 10.0; Win64; x64) AppleWebKit/537.36 (KHTML, like Gecko) Chrome/76.0.3809.100 Safari/537.36)
[2019-08-22 09:58:33] ---- BROWSER:  Chrome 76.0 (Mozilla/5.0 (Windows NT 10.0; Win64; x64) AppleWebKit/537.36 (KHTML, like Gecko) Chrome/76.0.3809.100 Safari/537.36)
[2019-08-22 09:58:33] REQUEST GET - https://localhost:8082/public/ws/Resources.ashx/xml-qa
[2019-08-22 09:58:33] REQUEST GET - https://localhost:8082/public/ws/Resources.ashx/xml-qa
[2019-08-22 09:58:33] ---- FROM  ::1 (WinNT)
[2019-08-22 09:58:33] REQUEST GET - https://localhost:8082/public/ws/Resources.ashx/xml-qa
[2019-08-22 09:58:33] 200 - OK - text/xml
[2019-08-22 09:58:33] REQUEST GET - https://localhost:8082/public/ws/Resources.ashx/xml-qa
[2019-08-22 09:58:33] REQUEST GET - https://localhost:8082/public/ws/Resources.ashx/xml-qa
[2019-08-22 09:58:33] ---- FROM  ::1 (WinNT)
[2019-08-22 09:58:33] ---- FROM  ::1 (WinNT)
[2019-08-22 09:58:33] ---- BROWSER:  Chrome 76.0 (Mozilla/5.0 (Windows NT 10.0; Win64; x64) AppleWebKit/537.36 (KHTML, like Gecko) Chrome/76.0.3809.100 Safari/537.36)
[2019-08-22 09:58:33] ---- FROM  ::1 (WinNT)
[2019-08-22 09:58:33] REQUEST GET - https://localhost:8082/public/ws/Resources.ashx/xml-qa
[2019-08-22 09:58:33] ---- BROWSER:  Chrome 76.0 (Mozilla/5.0 (Windows NT 10.0; Win64; x64) AppleWebKit/537.36 (KHTML, like Gecko) Chrome/76.0.3809.100 Safari/537.36)
[2019-08-22 09:58:33] ---- FROM  ::1 (WinNT)
[2019-08-22 09:58:33] ---- BROWSER:  Chrome 76.0 (Mozilla/5.0 (Windows NT 10.0; Win64; x64) AppleWebKit/537.36 (KHTML, like Gecko) Chrome/76.0.3809.100 Safari/537.36)
[2019-08-22 09:58:33] 200 - OK - text/xml
[2019-08-22 09:58:33] ---- BROWSER:  Chrome 76.0 (Mozilla/5.0 (Windows NT 10.0; Win64; x64) AppleWebKit/537.36 (KHTML, like Gecko) Chrome/76.0.3809.100 Safari/537.36)
[2019-08-22 09:58:33] ---- FROM  ::1 (WinNT)
[2019-08-22 09:58:33] 200 - OK - text/xml
[2019-08-22 09:58:33] 200 - OK - text/xml
[2019-08-22 09:58:33] ---- BROWSER:  Chrome 76.0 (Mozilla/5.0 (Windows NT 10.0; Win64; x64) AppleWebKit/537.36 (KHTML, like Gecko) Chrome/76.0.3809.100 Safari/537.36)
[2019-08-22 09:58:33] 200 - OK - text/xml
[2019-08-22 09:58:33] 200 - OK - text/xml
[2019-08-22 09:58:33] ---- BROWSER:  Chrome 76.0 (Mozilla/5.0 (Windows NT 10.0; Win64; x64) AppleWebKit/537.36 (KHTML, like Gecko) Chrome/76.0.3809.100 Safari/537.36)
[2019-08-22 09:58:33] REQUEST GET - https://localhost:8082/public/ws/Resources.ashx/xml-qa
[2019-08-22 09:58:33] REQUEST GET - https://localhost:8082/public/ws/Resources.ashx/xml-qa
[2019-08-22 09:58:33] REQUEST GET - https://localhost:8082/public/ws/Resources.ashx/xml-qa
[2019-08-22 09:58:33] ---- FROM  ::1 (WinNT)
[2019-08-22 09:58:33] 200 - OK - text/xml
[2019-08-22 09:58:33] REQUEST GET - https://localhost:8082/public/ws/Resources.ashx/xml-qa
[2019-08-22 09:58:33] 200 - OK - text/xml
[2019-08-22 09:58:33] ---- FROM  ::1 (WinNT)
[2019-08-22 09:58:33] ---- FROM  ::1 (WinNT)
[2019-08-22 09:58:33] REQUEST GET - https://localhost:8082/public/ws/Resources.ashx/xml-qa
[2019-08-22 09:58:33] ---- FROM  ::1 (WinNT)
[2019-08-22 09:58:33] REQUEST GET - https://localhost:8082/public/ws/Resources.ashx/xml-qa
[2019-08-22 09:58:33] ---- FROM  ::1 (WinNT)
[2019-08-22 09:58:33] ---- BROWSER:  Chrome 76.0 (Mozilla/5.0 (Windows NT 10.0; Win64; x64) AppleWebKit/537.36 (KHTML, like Gecko) Chrome/76.0.3809.100 Safari/537.36)
[2019-08-22 09:58:33] ---- FROM  ::1 (WinNT)
[2019-08-22 09:58:33] ---- BROWSER:  Chrome 76.0 (Mozilla/5.0 (Windows NT 10.0; Win64; x64) AppleWebKit/537.36 (KHTML, like Gecko) Chrome/76.0.3809.100 Safari/537.36)
[2019-08-22 09:58:33] ---- BROWSER:  Chrome 76.0 (Mozilla/5.0 (Windows NT 10.0; Win64; x64) AppleWebKit/537.36 (KHTML, like Gecko) Chrome/76.0.3809.100 Safari/537.36)
[2019-08-22 09:58:33] REQUEST GET - https://localhost:8082/public/ws/Resources.ashx/xml-qa
[2019-08-22 09:58:33] ---- FROM  ::1 (WinNT)
[2019-08-22 09:58:33] ---- BROWSER:  Chrome 76.0 (Mozilla/5.0 (Windows NT 10.0; Win64; x64) AppleWebKit/537.36 (KHTML, like Gecko) Chrome/76.0.3809.100 Safari/537.36)
[2019-08-22 09:58:33] ---- BROWSER:  Chrome 76.0 (Mozilla/5.0 (Windows NT 10.0; Win64; x64) AppleWebKit/537.36 (KHTML, like Gecko) Chrome/76.0.3809.100 Safari/537.36)
[2019-08-22 09:58:33] 200 - OK - text/xml
[2019-08-22 09:58:33] ---- BROWSER:  Chrome 76.0 (Mozilla/5.0 (Windows NT 10.0; Win64; x64) AppleWebKit/537.36 (KHTML, like Gecko) Chrome/76.0.3809.100 Safari/537.36)
[2019-08-22 09:58:33] 200 - OK - text/xml
[2019-08-22 09:58:33] 200 - OK - text/xml
[2019-08-22 09:58:33] ---- BROWSER:  Chrome 76.0 (Mozilla/5.0 (Windows NT 10.0; Win64; x64) AppleWebKit/537.36 (KHTML, like Gecko) Chrome/76.0.3809.100 Safari/537.36)
[2019-08-22 09:58:33] REQUEST GET - https://localhost:8082/public/ws/Resources.ashx/xml-qa
[2019-08-22 09:58:33] ---- FROM  ::1 (WinNT)
[2019-08-22 09:58:33] 200 - OK - text/xml
[2019-08-22 09:58:33] 200 - OK - text/xml
[2019-08-22 09:58:33] REQUEST GET - https://localhost:8082/public/ws/Resources.ashx/xml-qa
[2019-08-22 09:58:33] REQUEST GET - https://localhost:8082/public/ws/Resources.ashx/xml-qa
[2019-08-22 09:58:33] 200 - OK - text/xml
[2019-08-22 09:58:33] REQUEST GET - https://localhost:8082/public/ws/Resources.ashx/xml-qa
[2019-08-22 09:58:33] ---- BROWSER:  Chrome 76.0 (Mozilla/5.0 (Windows NT 10.0; Win64; x64) AppleWebKit/537.36 (KHTML, like Gecko) Chrome/76.0.3809.100 Safari/537.36)
[2019-08-22 09:58:33] REQUEST GET - https://localhost:8082/public/ws/Resources.ashx/xml-qa
[2019-08-22 09:58:33] ---- FROM  ::1 (WinNT)
[2019-08-22 09:58:33] ---- FROM  ::1 (WinNT)
[2019-08-22 09:58:33] REQUEST GET - https://localhost:8082/public/ws/Resources.ashx/xml-qa
[2019-08-22 09:58:33] REQUEST GET - https://localhost:8082/public/ws/Resources.ashx/xml-qa
[2019-08-22 09:58:33] ---- FROM  ::1 (WinNT)
[2019-08-22 09:58:33] 200 - OK - text/xml
[2019-08-22 09:58:33] ---- FROM  ::1 (WinNT)
[2019-08-22 09:58:33] ---- BROWSER:  Chrome 76.0 (Mozilla/5.0 (Windows NT 10.0; Win64; x64) AppleWebKit/537.36 (KHTML, like Gecko) Chrome/76.0.3809.100 Safari/537.36)
[2019-08-22 09:58:33] 200 - OK - text/xml
[2019-08-22 09:58:33] ---- BROWSER:  Chrome 76.0 (Mozilla/5.0 (Windows NT 10.0; Win64; x64) AppleWebKit/537.36 (KHTML, like Gecko) Chrome/76.0.3809.100 Safari/537.36)
[2019-08-22 09:58:33] ---- FROM  ::1 (WinNT)
[2019-08-22 09:58:33] ---- FROM  ::1 (WinNT)
[2019-08-22 09:58:33] ---- BROWSER:  Chrome 76.0 (Mozilla/5.0 (Windows NT 10.0; Win64; x64) AppleWebKit/537.36 (KHTML, like Gecko) Chrome/76.0.3809.100 Safari/537.36)
[2019-08-22 09:58:33] REQUEST GET - https://localhost:8082/public/ws/Resources.ashx/xml-qa
[2019-08-22 09:58:33] 200 - OK - text/xml
[2019-08-22 09:58:33] ---- BROWSER:  Chrome 76.0 (Mozilla/5.0 (Windows NT 10.0; Win64; x64) AppleWebKit/537.36 (KHTML, like Gecko) Chrome/76.0.3809.100 Safari/537.36)
[2019-08-22 09:58:33] ---- BROWSER:  Chrome 76.0 (Mozilla/5.0 (Windows NT 10.0; Win64; x64) AppleWebKit/537.36 (KHTML, like Gecko) Chrome/76.0.3809.100 Safari/537.36)
[2019-08-22 09:58:33] 200 - OK - text/xml
[2019-08-22 09:58:33] REQUEST GET - https://localhost:8082/public/ws/Resources.ashx/xml-qa
[2019-08-22 09:58:33] ---- BROWSER:  Chrome 76.0 (Mozilla/5.0 (Windows NT 10.0; Win64; x64) AppleWebKit/537.36 (KHTML, like Gecko) Chrome/76.0.3809.100 Safari/537.36)
[2019-08-22 09:58:33] ---- FROM  ::1 (WinNT)
[2019-08-22 09:58:33] 200 - OK - text/xml
[2019-08-22 09:58:33] REQUEST GET - https://localhost:8082/public/ws/Resources.ashx/xml-qa
[2019-08-22 09:58:33] 200 - OK - text/xml
[2019-08-22 09:58:33] 200 - OK - text/xml
[2019-08-22 09:58:33] ---- FROM  ::1 (WinNT)
[2019-08-22 09:58:33] ---- BROWSER:  Chrome 76.0 (Mozilla/5.0 (Windows NT 10.0; Win64; x64) AppleWebKit/537.36 (KHTML, like Gecko) Chrome/76.0.3809.100 Safari/537.36)
[2019-08-22 09:58:33] 200 - OK - text/xml
[2019-08-22 09:58:33] REQUEST GET - https://localhost:8082/public/ws/Resources.ashx/xml-qa
[2019-08-22 09:58:33] ---- FROM  ::1 (WinNT)
[2019-08-22 09:58:33] REQUEST GET - https://localhost:8082/public/ws/Resources.ashx/xml-qa
[2019-08-22 09:58:33] REQUEST GET - https://localhost:8082/public/ws/Resources.ashx/xml-qa
[2019-08-22 09:58:33] ---- FROM  ::1 (WinNT)
[2019-08-22 09:58:33] ---- BROWSER:  Chrome 76.0 (Mozilla/5.0 (Windows NT 10.0; Win64; x64) AppleWebKit/537.36 (KHTML, like Gecko) Chrome/76.0.3809.100 Safari/537.36)
[2019-08-22 09:58:34] 200 - OK - text/xml
[2019-08-22 09:58:34] ---- BROWSER:  Chrome 76.0 (Mozilla/5.0 (Windows NT 10.0; Win64; x64) AppleWebKit/537.36 (KHTML, like Gecko) Chrome/76.0.3809.100 Safari/537.36)
[2019-08-22 09:58:33] REQUEST GET - https://localhost:8082/public/ws/Resources.ashx/xml-qa
[2019-08-22 09:58:34] ---- FROM  ::1 (WinNT)
[2019-08-22 09:58:34] ---- FROM  ::1 (WinNT)
[2019-08-22 09:58:34] ---- FROM  ::1 (WinNT)
[2019-08-22 09:58:34] ---- BROWSER:  Chrome 76.0 (Mozilla/5.0 (Windows NT 10.0; Win64; x64) AppleWebKit/537.36 (KHTML, like Gecko) Chrome/76.0.3809.100 Safari/537.36)
[2019-08-22 09:58:34] 200 - OK - text/xml
[2019-08-22 09:58:34] 200 - OK - text/xml
[2019-08-22 09:58:34] ---- FROM  ::1 (WinNT)
[2019-08-22 09:58:34] ---- BROWSER:  Chrome 76.0 (Mozilla/5.0 (Windows NT 10.0; Win64; x64) AppleWebKit/537.36 (KHTML, like Gecko) Chrome/76.0.3809.100 Safari/537.36)
[2019-08-22 09:58:34] ---- BROWSER:  Chrome 76.0 (Mozilla/5.0 (Windows NT 10.0; Win64; x64) AppleWebKit/537.36 (KHTML, like Gecko) Chrome/76.0.3809.100 Safari/537.36)
[2019-08-22 09:58:34] ---- BROWSER:  Chrome 76.0 (Mozilla/5.0 (Windows NT 10.0; Win64; x64) AppleWebKit/537.36 (KHTML, like Gecko) Chrome/76.0.3809.100 Safari/537.36)
[2019-08-22 09:58:34] 200 - OK - text/xml
[2019-08-22 09:58:34] ---- BROWSER:  Chrome 76.0 (Mozilla/5.0 (Windows NT 10.0; Win64; x64) AppleWebKit/537.36 (KHTML, like Gecko) Chrome/76.0.3809.100 Safari/537.36)
[2019-08-22 09:58:34] 200 - OK - text/xml
[2019-08-22 09:58:34] 200 - OK - text/xml
[2019-08-22 09:58:34] 200 - OK - text/xml
[2019-08-22 09:58:34] 200 - OK - text/xml
[2019-08-22 09:59:11] REQUEST GET - https://localhost:8082/public/aspx/Home.aspx?Token=11111121252221224018000011333353&TokenApiRest=eyJ0eXAiOiJKV1QiLCJhbGciOiJIUzI1NiJ9.eyJpc3MiOiJodHRwczpcL1wvd3d3cy5kZXYteWVhcC5pdCIsImlhdCI6MTU0MjI5NDMyMSwibmJmIjoxNTQyMjk0MzIxLCJleHAiOjE1NDI4OTkxMjEsImRhdGEiOnsidXNlciI6eyJpZCI6IjQ0In19fQ.RCP5OeoGASxAyBw1MbMD4BFJAcDM5JIXqYXKBALZcJI&Logo=https://localhost:8082/scratch/pl_logo.png&Title=Business Plan Test nr. 1
[2019-08-22 09:59:11] ---- FROM  ::1 (WinNT)
[2019-08-22 09:59:11] ---- BROWSER:  Chrome 76.0 (Mozilla/5.0 (Windows NT 10.0; Win64; x64) AppleWebKit/537.36 (KHTML, like Gecko) Chrome/76.0.3809.100 Safari/537.36)
[2019-08-22 09:59:11] 302 - Found - text/html
[2019-08-22 09:59:11] REQUEST GET - https://localhost:8082/home/welcome?Token=11111121252221224018000011333353&TokenApiRest=eyJ0eXAiOiJKV1QiLCJhbGciOiJIUzI1NiJ9.eyJpc3MiOiJodHRwczpcL1wvd3d3cy5kZXYteWVhcC5pdCIsImlhdCI6MTU0MjI5NDMyMSwibmJmIjoxNTQyMjk0MzIxLCJleHAiOjE1NDI4OTkxMjEsImRhdGEiOnsidXNlciI6eyJpZCI6IjQ0In19fQ.RCP5OeoGASxAyBw1MbMD4BFJAcDM5JIXqYXKBALZcJI&Logo=https://localhost:8082/scratch/pl_logo.png&Title=Business Plan Test nr. 1
[2019-08-22 09:59:11] ---- FROM  ::1 (WinNT)
[2019-08-22 09:59:11] ---- BROWSER:  Chrome 76.0 (Mozilla/5.0 (Windows NT 10.0; Win64; x64) AppleWebKit/537.36 (KHTML, like Gecko) Chrome/76.0.3809.100 Safari/537.36)
[2019-08-22 09:59:11] 200 - OK - text/html
[2019-08-22 09:59:14] REQUEST POST - https://localhost:8082/public/ws/General.asmx/Set
[2019-08-22 09:59:14] ---- FROM  ::1 (WinNT)
[2019-08-22 09:59:14] ---- BROWSER:  Chrome 76.0 (Mozilla/5.0 (Windows NT 10.0; Win64; x64) AppleWebKit/537.36 (KHTML, like Gecko) Chrome/76.0.3809.100 Safari/537.36)
[2019-08-22 09:59:14] ---- CONTENT: {data : "<?xml version='1.0' encoding='utf-8' ?><Request ID='20190822095914229'><General><Token>11111121252221224018000011333353</Token></General><Data><Nome>Business Plan Test nr. 1</Nome><Logo>https%3A%2F%2Flocalhost%3A8082%2Fscratch%2Fpl_logo.png</Logo></Data></Request>"}
[2019-08-22 09:59:14] 200 - OK - application/json
[2019-08-22 09:59:14] REQUEST POST - https://localhost:8082/public/ws/Config.asmx/Economics_Get
[2019-08-22 09:59:14] ---- FROM  ::1 (WinNT)
[2019-08-22 09:59:14] ---- BROWSER:  Chrome 76.0 (Mozilla/5.0 (Windows NT 10.0; Win64; x64) AppleWebKit/537.36 (KHTML, like Gecko) Chrome/76.0.3809.100 Safari/537.36)
[2019-08-22 09:59:14] ---- CONTENT: {data : "<?xml version='1.0' encoding='utf-8' ?><Request ID='20190822095914253'><General><Token>11111121252221224018000011333353</Token></General><Data></Data></Request>"}
[2019-08-22 09:59:14] 200 - OK - application/json
[2019-08-22 09:59:14] REQUEST POST - https://localhost:8082/public/ws/Config.asmx/All_Get
[2019-08-22 09:59:14] ---- FROM  ::1 (WinNT)
[2019-08-22 09:59:14] ---- BROWSER:  Chrome 76.0 (Mozilla/5.0 (Windows NT 10.0; Win64; x64) AppleWebKit/537.36 (KHTML, like Gecko) Chrome/76.0.3809.100 Safari/537.36)
[2019-08-22 09:59:14] ---- CONTENT: {data : "<?xml version='1.0' encoding='utf-8' ?><Request ID='20190822095914305'><General><Token>11111121252221224018000011333353</Token></General><Data></Data></Request>"}
[2019-08-22 09:59:14] REQUEST POST - https://localhost:8082/public/ws/Economics.asmx/messaggi_summary
[2019-08-22 09:59:14] ---- FROM  ::1 (WinNT)
[2019-08-22 09:59:14] ---- BROWSER:  Chrome 76.0 (Mozilla/5.0 (Windows NT 10.0; Win64; x64) AppleWebKit/537.36 (KHTML, like Gecko) Chrome/76.0.3809.100 Safari/537.36)
[2019-08-22 09:59:14] ---- CONTENT: {data : "<?xml version='1.0' encoding='utf-8' ?><Request ID='20190822095914405'><General><Token>11111121252221224018000011333353</Token></General><Data></Data></Request>"}
[2019-08-22 09:59:14] REQUEST POST - https://localhost:8082/public/ws/Config.asmx/All_Get
[2019-08-22 09:59:14] ---- FROM  ::1 (WinNT)
[2019-08-22 09:59:14] ---- BROWSER:  Chrome 76.0 (Mozilla/5.0 (Windows NT 10.0; Win64; x64) AppleWebKit/537.36 (KHTML, like Gecko) Chrome/76.0.3809.100 Safari/537.36)
[2019-08-22 09:59:14] ---- CONTENT: {data : "<?xml version='1.0' encoding='utf-8' ?><Request ID='20190822095914470'><General><Token>11111121252221224018000011333353</Token></General><Data></Data></Request>"}
[2019-08-22 09:59:14] 200 - OK - application/json
[2019-08-22 09:59:14] 200 - OK - application/json
[2019-08-22 09:59:14] REQUEST POST - https://localhost:8082/public/ws/Config.asmx/All_Get
[2019-08-22 09:59:14] ---- FROM  ::1 (WinNT)
[2019-08-22 09:59:14] ---- BROWSER:  Chrome 76.0 (Mozilla/5.0 (Windows NT 10.0; Win64; x64) AppleWebKit/537.36 (KHTML, like Gecko) Chrome/76.0.3809.100 Safari/537.36)
[2019-08-22 09:59:14] ---- CONTENT: {data : "<?xml version='1.0' encoding='utf-8' ?><Request ID='20190822095914531'><General><Token>11111121252221224018000011333353</Token></General><Data></Data></Request>"}
[2019-08-22 09:59:14] 200 - OK - application/json
[2019-08-22 09:59:14] 200 - OK - application/json
[2019-08-22 09:59:19] REQUEST GET - https://localhost:8082/economics/conto-economico
[2019-08-22 09:59:19] ---- FROM  ::1 (WinNT)
[2019-08-22 09:59:20] ---- BROWSER:  Chrome 76.0 (Mozilla/5.0 (Windows NT 10.0; Win64; x64) AppleWebKit/537.36 (KHTML, like Gecko) Chrome/76.0.3809.100 Safari/537.36)
[2019-08-22 09:59:20] 200 - OK - text/html
[2019-08-22 09:59:20] REQUEST POST - https://localhost:8082/public/ws/Economics.asmx/ContoEconomico
[2019-08-22 09:59:20] ---- FROM  ::1 (WinNT)
[2019-08-22 09:59:20] ---- BROWSER:  Chrome 76.0 (Mozilla/5.0 (Windows NT 10.0; Win64; x64) AppleWebKit/537.36 (KHTML, like Gecko) Chrome/76.0.3809.100 Safari/537.36)
[2019-08-22 09:59:20] ---- CONTENT: {data : "<?xml version='1.0' encoding='utf-8' ?><Request ID='20190822095920895'><General><Token>11111121252221224018000011333353</Token></General><Data></Data></Request>"}
[2019-08-22 09:59:21] 200 - OK - application/json
[2019-08-22 09:59:21] REQUEST POST - https://localhost:8082/public/ws/Config.asmx/All_Get
[2019-08-22 09:59:21] ---- FROM  ::1 (WinNT)
[2019-08-22 09:59:21] ---- BROWSER:  Chrome 76.0 (Mozilla/5.0 (Windows NT 10.0; Win64; x64) AppleWebKit/537.36 (KHTML, like Gecko) Chrome/76.0.3809.100 Safari/537.36)
[2019-08-22 09:59:21] ---- CONTENT: {data : "<?xml version='1.0' encoding='utf-8' ?><Request ID='2019082209592187'><General><Token>11111121252221224018000011333353</Token></General><Data></Data></Request>"}
[2019-08-22 09:59:21] REQUEST POST - https://localhost:8082/public/ws/Economics.asmx/messaggi_summary
[2019-08-22 09:59:21] ---- FROM  ::1 (WinNT)
[2019-08-22 09:59:21] ---- BROWSER:  Chrome 76.0 (Mozilla/5.0 (Windows NT 10.0; Win64; x64) AppleWebKit/537.36 (KHTML, like Gecko) Chrome/76.0.3809.100 Safari/537.36)
[2019-08-22 09:59:21] ---- CONTENT: {data : "<?xml version='1.0' encoding='utf-8' ?><Request ID='20190822095921137'><General><Token>11111121252221224018000011333353</Token></General><Data></Data></Request>"}
[2019-08-22 09:59:21] REQUEST GET - https://localhost:8082/public/ws/Resources.ashx/xml-economics/11111121252221224018000011333353
[2019-08-22 09:59:21] ---- FROM  ::1 (WinNT)
[2019-08-22 09:59:21] ---- BROWSER:  Chrome 76.0 (Mozilla/5.0 (Windows NT 10.0; Win64; x64) AppleWebKit/537.36 (KHTML, like Gecko) Chrome/76.0.3809.100 Safari/537.36)
[2019-08-22 09:59:21] 200 - OK - application/json
[2019-08-22 09:59:21] 200 - OK - application/json
[2019-08-22 09:59:21] 200 - OK - text/xml
[2019-08-22 09:59:21] REQUEST POST - https://localhost:8082/public/ws/Config.asmx/All_Get
[2019-08-22 09:59:21] ---- FROM  ::1 (WinNT)
[2019-08-22 09:59:21] ---- BROWSER:  Chrome 76.0 (Mozilla/5.0 (Windows NT 10.0; Win64; x64) AppleWebKit/537.36 (KHTML, like Gecko) Chrome/76.0.3809.100 Safari/537.36)
[2019-08-22 09:59:21] ---- CONTENT: {data : "<?xml version='1.0' encoding='utf-8' ?><Request ID='20190822095921235'><General><Token>11111121252221224018000011333353</Token></General><Data></Data></Request>"}
[2019-08-22 09:59:21] 200 - OK - application/json
[2019-08-22 09:59:22] REQUEST POST - https://localhost:8082/public/ws/Config.asmx/All_Get
[2019-08-22 09:59:22] ---- FROM  ::1 (WinNT)
[2019-08-22 09:59:22] ---- BROWSER:  Chrome 76.0 (Mozilla/5.0 (Windows NT 10.0; Win64; x64) AppleWebKit/537.36 (KHTML, like Gecko) Chrome/76.0.3809.100 Safari/537.36)
[2019-08-22 09:59:22] ---- CONTENT: {data : "<?xml version='1.0' encoding='utf-8' ?><Request ID='2019082209592261'><General><Token>11111121252221224018000011333353</Token></General><Data></Data></Request>"}
[2019-08-22 09:59:22] 200 - OK - application/json
[2019-08-22 10:03:59] REQUEST GET - https://localhost:8082/economics/conto-economico
[2019-08-22 10:03:59] ---- FROM  ::1 (WinNT)
[2019-08-22 10:03:59] ---- BROWSER:  Chrome 76.0 (Mozilla/5.0 (Windows NT 10.0; Win64; x64) AppleWebKit/537.36 (KHTML, like Gecko) Chrome/76.0.3809.100 Safari/537.36)
[2019-08-22 10:03:59] 200 - OK - text/html
[2019-08-22 10:04:02] REQUEST POST - https://localhost:8082/public/ws/Economics.asmx/ContoEconomico
[2019-08-22 10:04:02] ---- FROM  ::1 (WinNT)
[2019-08-22 10:04:02] ---- BROWSER:  Chrome 76.0 (Mozilla/5.0 (Windows NT 10.0; Win64; x64) AppleWebKit/537.36 (KHTML, like Gecko) Chrome/76.0.3809.100 Safari/537.36)
[2019-08-22 10:04:02] ---- CONTENT: {data : "<?xml version='1.0' encoding='utf-8' ?><Request ID='20190822100402105'><General><Token>11111121252221224018000011333353</Token></General><Data></Data></Request>"}
[2019-08-22 10:04:02] 200 - OK - application/json
[2019-08-22 10:04:02] REQUEST POST - https://localhost:8082/public/ws/Config.asmx/All_Get
[2019-08-22 10:04:02] ---- FROM  ::1 (WinNT)
[2019-08-22 10:04:02] ---- BROWSER:  Chrome 76.0 (Mozilla/5.0 (Windows NT 10.0; Win64; x64) AppleWebKit/537.36 (KHTML, like Gecko) Chrome/76.0.3809.100 Safari/537.36)
[2019-08-22 10:04:02] ---- CONTENT: {data : "<?xml version='1.0' encoding='utf-8' ?><Request ID='20190822100402223'><General><Token>11111121252221224018000011333353</Token></General><Data></Data></Request>"}
[2019-08-22 10:04:02] 200 - OK - application/json
[2019-08-22 10:04:02] REQUEST POST - https://localhost:8082/public/ws/Economics.asmx/messaggi_summary
[2019-08-22 10:04:02] ---- FROM  ::1 (WinNT)
[2019-08-22 10:04:02] ---- BROWSER:  Chrome 76.0 (Mozilla/5.0 (Windows NT 10.0; Win64; x64) AppleWebKit/537.36 (KHTML, like Gecko) Chrome/76.0.3809.100 Safari/537.36)
[2019-08-22 10:04:02] ---- CONTENT: {data : "<?xml version='1.0' encoding='utf-8' ?><Request ID='20190822100402289'><General><Token>11111121252221224018000011333353</Token></General><Data></Data></Request>"}
[2019-08-22 10:04:02] 200 - OK - application/json
[2019-08-22 10:04:02] REQUEST POST - https://localhost:8082/public/ws/Config.asmx/All_Get
[2019-08-22 10:04:02] ---- FROM  ::1 (WinNT)
[2019-08-22 10:04:02] ---- BROWSER:  Chrome 76.0 (Mozilla/5.0 (Windows NT 10.0; Win64; x64) AppleWebKit/537.36 (KHTML, like Gecko) Chrome/76.0.3809.100 Safari/537.36)
[2019-08-22 10:04:02] ---- CONTENT: {data : "<?xml version='1.0' encoding='utf-8' ?><Request ID='20190822100402404'><General><Token>11111121252221224018000011333353</Token></General><Data></Data></Request>"}
[2019-08-22 10:04:02] REQUEST GET - https://localhost:8082/public/ws/Resources.ashx/xml-economics/11111121252221224018000011333353
[2019-08-22 10:04:02] ---- FROM  ::1 (WinNT)
[2019-08-22 10:04:02] ---- BROWSER:  Chrome 76.0 (Mozilla/5.0 (Windows NT 10.0; Win64; x64) AppleWebKit/537.36 (KHTML, like Gecko) Chrome/76.0.3809.100 Safari/537.36)
[2019-08-22 10:04:02] 200 - OK - application/json
[2019-08-22 10:04:02] 200 - OK - text/xml
[2019-08-22 10:04:03] REQUEST POST - https://localhost:8082/public/ws/Config.asmx/All_Get
[2019-08-22 10:04:03] ---- FROM  ::1 (WinNT)
[2019-08-22 10:04:03] ---- BROWSER:  Chrome 76.0 (Mozilla/5.0 (Windows NT 10.0; Win64; x64) AppleWebKit/537.36 (KHTML, like Gecko) Chrome/76.0.3809.100 Safari/537.36)
[2019-08-22 10:04:03] ---- CONTENT: {data : "<?xml version='1.0' encoding='utf-8' ?><Request ID='20190822100403281'><General><Token>11111121252221224018000011333353</Token></General><Data></Data></Request>"}
[2019-08-22 10:04:03] 200 - OK - application/json
[2019-08-22 10:04:11] REQUEST GET - https://localhost:8082/economics/iva
[2019-08-22 10:04:11] ---- FROM  ::1 (WinNT)
[2019-08-22 10:04:11] ---- BROWSER:  Chrome 76.0 (Mozilla/5.0 (Windows NT 10.0; Win64; x64) AppleWebKit/537.36 (KHTML, like Gecko) Chrome/76.0.3809.100 Safari/537.36)
[2019-08-22 10:04:11] 200 - OK - text/html
[2019-08-22 10:04:14] REQUEST POST - https://localhost:8082/public/ws/Iva.asmx/Get
[2019-08-22 10:04:14] ---- FROM  ::1 (WinNT)
[2019-08-22 10:04:14] ---- BROWSER:  Chrome 76.0 (Mozilla/5.0 (Windows NT 10.0; Win64; x64) AppleWebKit/537.36 (KHTML, like Gecko) Chrome/76.0.3809.100 Safari/537.36)
[2019-08-22 10:04:14] ---- CONTENT: {data : "<?xml version='1.0' encoding='utf-8' ?><Request ID='2019082210041452'><General><Token>11111121252221224018000011333353</Token></General><Data></Data></Request>"}
[2019-08-22 10:04:15] 200 - OK - application/json
[2019-08-22 10:04:15] REQUEST POST - https://localhost:8082/public/ws/Config.asmx/All_Get
[2019-08-22 10:04:15] ---- FROM  ::1 (WinNT)
[2019-08-22 10:04:15] ---- BROWSER:  Chrome 76.0 (Mozilla/5.0 (Windows NT 10.0; Win64; x64) AppleWebKit/537.36 (KHTML, like Gecko) Chrome/76.0.3809.100 Safari/537.36)
[2019-08-22 10:04:15] ---- CONTENT: {data : "<?xml version='1.0' encoding='utf-8' ?><Request ID='20190822100415181'><General><Token>11111121252221224018000011333353</Token></General><Data></Data></Request>"}
[2019-08-22 10:04:15] REQUEST POST - https://localhost:8082/public/ws/Economics.asmx/messaggi_summary
[2019-08-22 10:04:15] ---- FROM  ::1 (WinNT)
[2019-08-22 10:04:15] ---- BROWSER:  Chrome 76.0 (Mozilla/5.0 (Windows NT 10.0; Win64; x64) AppleWebKit/537.36 (KHTML, like Gecko) Chrome/76.0.3809.100 Safari/537.36)
[2019-08-22 10:04:15] ---- CONTENT: {data : "<?xml version='1.0' encoding='utf-8' ?><Request ID='20190822100415219'><General><Token>11111121252221224018000011333353</Token></General><Data></Data></Request>"}
[2019-08-22 10:04:15] 200 - OK - application/json
[2019-08-22 10:04:15] 200 - OK - application/json
[2019-08-22 10:04:15] REQUEST GET - https://localhost:8082/public/ws/Resources.ashx/xml-economics/11111121252221224018000011333353
[2019-08-22 10:04:15] ---- FROM  ::1 (WinNT)
[2019-08-22 10:04:15] ---- BROWSER:  Chrome 76.0 (Mozilla/5.0 (Windows NT 10.0; Win64; x64) AppleWebKit/537.36 (KHTML, like Gecko) Chrome/76.0.3809.100 Safari/537.36)
[2019-08-22 10:04:15] REQUEST POST - https://localhost:8082/public/ws/Config.asmx/All_Get
[2019-08-22 10:04:15] ---- FROM  ::1 (WinNT)
[2019-08-22 10:04:15] ---- BROWSER:  Chrome 76.0 (Mozilla/5.0 (Windows NT 10.0; Win64; x64) AppleWebKit/537.36 (KHTML, like Gecko) Chrome/76.0.3809.100 Safari/537.36)
[2019-08-22 10:04:15] ---- CONTENT: {data : "<?xml version='1.0' encoding='utf-8' ?><Request ID='20190822100415309'><General><Token>11111121252221224018000011333353</Token></General><Data></Data></Request>"}
[2019-08-22 10:04:15] 200 - OK - text/xml
[2019-08-22 10:04:15] 200 - OK - application/json
[2019-08-22 10:04:15] REQUEST POST - https://localhost:8082/public/ws/Config.asmx/All_Get
[2019-08-22 10:04:15] ---- FROM  ::1 (WinNT)
[2019-08-22 10:04:15] ---- BROWSER:  Chrome 76.0 (Mozilla/5.0 (Windows NT 10.0; Win64; x64) AppleWebKit/537.36 (KHTML, like Gecko) Chrome/76.0.3809.100 Safari/537.36)
[2019-08-22 10:04:15] ---- CONTENT: {data : "<?xml version='1.0' encoding='utf-8' ?><Request ID='20190822100415805'><General><Token>11111121252221224018000011333353</Token></General><Data></Data></Request>"}
[2019-08-22 10:04:15] 200 - OK - application/json
[2019-08-22 10:04:25] REQUEST GET - https://localhost:8082/economics/conto-economico
[2019-08-22 10:04:25] ---- FROM  ::1 (WinNT)
[2019-08-22 10:04:25] ---- BROWSER:  Chrome 76.0 (Mozilla/5.0 (Windows NT 10.0; Win64; x64) AppleWebKit/537.36 (KHTML, like Gecko) Chrome/76.0.3809.100 Safari/537.36)
[2019-08-22 10:04:25] 200 - OK - text/html
[2019-08-22 10:04:26] REQUEST POST - https://localhost:8082/public/ws/Economics.asmx/ContoEconomico
[2019-08-22 10:04:27] ---- FROM  ::1 (WinNT)
[2019-08-22 10:04:27] ---- BROWSER:  Chrome 76.0 (Mozilla/5.0 (Windows NT 10.0; Win64; x64) AppleWebKit/537.36 (KHTML, like Gecko) Chrome/76.0.3809.100 Safari/537.36)
[2019-08-22 10:04:27] ---- CONTENT: {data : "<?xml version='1.0' encoding='utf-8' ?><Request ID='20190822100426986'><General><Token>11111121252221224018000011333353</Token></General><Data></Data></Request>"}
[2019-08-22 10:04:27] 200 - OK - application/json
[2019-08-22 10:04:27] REQUEST POST - https://localhost:8082/public/ws/Config.asmx/All_Get
[2019-08-22 10:04:27] ---- FROM  ::1 (WinNT)
[2019-08-22 10:04:27] ---- BROWSER:  Chrome 76.0 (Mozilla/5.0 (Windows NT 10.0; Win64; x64) AppleWebKit/537.36 (KHTML, like Gecko) Chrome/76.0.3809.100 Safari/537.36)
[2019-08-22 10:04:27] ---- CONTENT: {data : "<?xml version='1.0' encoding='utf-8' ?><Request ID='2019082210042750'><General><Token>11111121252221224018000011333353</Token></General><Data></Data></Request>"}
[2019-08-22 10:04:27] REQUEST GET - https://localhost:8082/public/ws/Resources.ashx/xml-economics/11111121252221224018000011333353
[2019-08-22 10:04:27] ---- FROM  ::1 (WinNT)
[2019-08-22 10:04:27] ---- BROWSER:  Chrome 76.0 (Mozilla/5.0 (Windows NT 10.0; Win64; x64) AppleWebKit/537.36 (KHTML, like Gecko) Chrome/76.0.3809.100 Safari/537.36)
[2019-08-22 10:04:27] REQUEST POST - https://localhost:8082/public/ws/Economics.asmx/messaggi_summary
[2019-08-22 10:04:27] ---- FROM  ::1 (WinNT)
[2019-08-22 10:04:27] 200 - OK - application/json
[2019-08-22 10:04:27] ---- BROWSER:  Chrome 76.0 (Mozilla/5.0 (Windows NT 10.0; Win64; x64) AppleWebKit/537.36 (KHTML, like Gecko) Chrome/76.0.3809.100 Safari/537.36)
[2019-08-22 10:04:27] ---- CONTENT: {data : "<?xml version='1.0' encoding='utf-8' ?><Request ID='2019082210042780'><General><Token>11111121252221224018000011333353</Token></General><Data></Data></Request>"}
[2019-08-22 10:04:27] 200 - OK - text/xml
[2019-08-22 10:04:27] 200 - OK - application/json
[2019-08-22 10:04:27] REQUEST POST - https://localhost:8082/public/ws/Config.asmx/All_Get
[2019-08-22 10:04:27] ---- FROM  ::1 (WinNT)
[2019-08-22 10:04:27] ---- BROWSER:  Chrome 76.0 (Mozilla/5.0 (Windows NT 10.0; Win64; x64) AppleWebKit/537.36 (KHTML, like Gecko) Chrome/76.0.3809.100 Safari/537.36)
[2019-08-22 10:04:27] ---- CONTENT: {data : "<?xml version='1.0' encoding='utf-8' ?><Request ID='20190822100427871'><General><Token>11111121252221224018000011333353</Token></General><Data></Data></Request>"}
[2019-08-22 10:04:27] 200 - OK - application/json
[2019-08-22 10:04:28] REQUEST POST - https://localhost:8082/public/ws/Config.asmx/All_Get
[2019-08-22 10:04:28] ---- FROM  ::1 (WinNT)
[2019-08-22 10:04:28] ---- BROWSER:  Chrome 76.0 (Mozilla/5.0 (Windows NT 10.0; Win64; x64) AppleWebKit/537.36 (KHTML, like Gecko) Chrome/76.0.3809.100 Safari/537.36)
[2019-08-22 10:04:28] ---- CONTENT: {data : "<?xml version='1.0' encoding='utf-8' ?><Request ID='2019082210042854'><General><Token>11111121252221224018000011333353</Token></General><Data></Data></Request>"}
[2019-08-22 10:04:28] 200 - OK - application/json
[2019-08-22 10:06:24] REQUEST GET - https://localhost:8082/economics/rendiconto-finanziario
[2019-08-22 10:06:24] ---- FROM  ::1 (WinNT)
[2019-08-22 10:06:24] ---- BROWSER:  Chrome 76.0 (Mozilla/5.0 (Windows NT 10.0; Win64; x64) AppleWebKit/537.36 (KHTML, like Gecko) Chrome/76.0.3809.100 Safari/537.36)
[2019-08-22 10:06:24] 200 - OK - text/html
[2019-08-22 10:06:27] REQUEST POST - https://localhost:8082/public/ws/Economics.asmx/RendicontoFinanziario
[2019-08-22 10:06:27] ---- FROM  ::1 (WinNT)
[2019-08-22 10:06:27] ---- BROWSER:  Chrome 76.0 (Mozilla/5.0 (Windows NT 10.0; Win64; x64) AppleWebKit/537.36 (KHTML, like Gecko) Chrome/76.0.3809.100 Safari/537.36)
[2019-08-22 10:06:27] ---- CONTENT: {data : "<?xml version='1.0' encoding='utf-8' ?><Request ID='20190822100627127'><General><Token>11111121252221224018000011333353</Token></General><Data></Data></Request>"}
[2019-08-22 10:06:27] 200 - OK - application/json
[2019-08-22 10:06:27] REQUEST POST - https://localhost:8082/public/ws/Config.asmx/All_Get
[2019-08-22 10:06:27] ---- FROM  ::1 (WinNT)
[2019-08-22 10:06:27] ---- BROWSER:  Chrome 76.0 (Mozilla/5.0 (Windows NT 10.0; Win64; x64) AppleWebKit/537.36 (KHTML, like Gecko) Chrome/76.0.3809.100 Safari/537.36)
[2019-08-22 10:06:27] ---- CONTENT: {data : "<?xml version='1.0' encoding='utf-8' ?><Request ID='20190822100627328'><General><Token>11111121252221224018000011333353</Token></General><Data></Data></Request>"}
[2019-08-22 10:06:27] 200 - OK - application/json
[2019-08-22 10:06:27] REQUEST GET - https://localhost:8082/public/ws/Resources.ashx/xml-economics/11111121252221224018000011333353
[2019-08-22 10:06:27] ---- FROM  ::1 (WinNT)
[2019-08-22 10:06:27] ---- BROWSER:  Chrome 76.0 (Mozilla/5.0 (Windows NT 10.0; Win64; x64) AppleWebKit/537.36 (KHTML, like Gecko) Chrome/76.0.3809.100 Safari/537.36)
[2019-08-22 10:06:27] 200 - OK - text/xml
[2019-08-22 10:06:27] REQUEST POST - https://localhost:8082/public/ws/Economics.asmx/messaggi_summary
[2019-08-22 10:06:27] ---- FROM  ::1 (WinNT)
[2019-08-22 10:06:27] ---- BROWSER:  Chrome 76.0 (Mozilla/5.0 (Windows NT 10.0; Win64; x64) AppleWebKit/537.36 (KHTML, like Gecko) Chrome/76.0.3809.100 Safari/537.36)
[2019-08-22 10:06:27] ---- CONTENT: {data : "<?xml version='1.0' encoding='utf-8' ?><Request ID='20190822100627455'><General><Token>11111121252221224018000011333353</Token></General><Data></Data></Request>"}
[2019-08-22 10:06:27] 200 - OK - application/json
[2019-08-22 10:06:28] REQUEST POST - https://localhost:8082/public/ws/Config.asmx/All_Get
[2019-08-22 10:06:28] ---- FROM  ::1 (WinNT)
[2019-08-22 10:06:28] ---- BROWSER:  Chrome 76.0 (Mozilla/5.0 (Windows NT 10.0; Win64; x64) AppleWebKit/537.36 (KHTML, like Gecko) Chrome/76.0.3809.100 Safari/537.36)
[2019-08-22 10:06:28] ---- CONTENT: {data : "<?xml version='1.0' encoding='utf-8' ?><Request ID='2019082210062849'><General><Token>11111121252221224018000011333353</Token></General><Data></Data></Request>"}
[2019-08-22 10:06:28] 200 - OK - application/json
[2019-08-22 10:06:28] REQUEST POST - https://localhost:8082/public/ws/Config.asmx/All_Get
[2019-08-22 10:06:28] ---- FROM  ::1 (WinNT)
[2019-08-22 10:06:28] ---- BROWSER:  Chrome 76.0 (Mozilla/5.0 (Windows NT 10.0; Win64; x64) AppleWebKit/537.36 (KHTML, like Gecko) Chrome/76.0.3809.100 Safari/537.36)
[2019-08-22 10:06:28] ---- CONTENT: {data : "<?xml version='1.0' encoding='utf-8' ?><Request ID='20190822100628299'><General><Token>11111121252221224018000011333353</Token></General><Data></Data></Request>"}
[2019-08-22 10:06:28] 200 - OK - application/json
[2019-08-22 10:09:14] REQUEST GET - https://localhost:8082/economics/stato-patrimoniale
[2019-08-22 10:09:14] ---- FROM  ::1 (WinNT)
[2019-08-22 10:09:14] ---- BROWSER:  Chrome 76.0 (Mozilla/5.0 (Windows NT 10.0; Win64; x64) AppleWebKit/537.36 (KHTML, like Gecko) Chrome/76.0.3809.100 Safari/537.36)
[2019-08-22 10:09:14] 200 - OK - text/html
[2019-08-22 10:09:16] REQUEST POST - https://localhost:8082/public/ws/Economics.asmx/StatoPatrimoniale
[2019-08-22 10:09:16] ---- FROM  ::1 (WinNT)
[2019-08-22 10:09:16] ---- BROWSER:  Chrome 76.0 (Mozilla/5.0 (Windows NT 10.0; Win64; x64) AppleWebKit/537.36 (KHTML, like Gecko) Chrome/76.0.3809.100 Safari/537.36)
[2019-08-22 10:09:16] ---- CONTENT: {data : "<?xml version='1.0' encoding='utf-8' ?><Request ID='20190822100916652'><General><Token>11111121252221224018000011333353</Token></General><Data></Data></Request>"}
[2019-08-22 10:09:16] 200 - OK - application/json
[2019-08-22 10:09:16] REQUEST POST - https://localhost:8082/public/ws/Config.asmx/All_Get
[2019-08-22 10:09:16] ---- FROM  ::1 (WinNT)
[2019-08-22 10:09:16] ---- BROWSER:  Chrome 76.0 (Mozilla/5.0 (Windows NT 10.0; Win64; x64) AppleWebKit/537.36 (KHTML, like Gecko) Chrome/76.0.3809.100 Safari/537.36)
[2019-08-22 10:09:16] ---- CONTENT: {data : "<?xml version='1.0' encoding='utf-8' ?><Request ID='20190822100916826'><General><Token>11111121252221224018000011333353</Token></General><Data></Data></Request>"}
[2019-08-22 10:09:16] 200 - OK - application/json
[2019-08-22 10:09:16] REQUEST POST - https://localhost:8082/public/ws/Economics.asmx/messaggi_summary
[2019-08-22 10:09:16] ---- FROM  ::1 (WinNT)
[2019-08-22 10:09:16] ---- BROWSER:  Chrome 76.0 (Mozilla/5.0 (Windows NT 10.0; Win64; x64) AppleWebKit/537.36 (KHTML, like Gecko) Chrome/76.0.3809.100 Safari/537.36)
[2019-08-22 10:09:16] ---- CONTENT: {data : "<?xml version='1.0' encoding='utf-8' ?><Request ID='20190822100916960'><General><Token>11111121252221224018000011333353</Token></General><Data></Data></Request>"}
[2019-08-22 10:09:16] 200 - OK - application/json
[2019-08-22 10:09:17] REQUEST POST - https://localhost:8082/public/ws/Config.asmx/All_Get
[2019-08-22 10:09:17] ---- FROM  ::1 (WinNT)
[2019-08-22 10:09:17] ---- BROWSER:  Chrome 76.0 (Mozilla/5.0 (Windows NT 10.0; Win64; x64) AppleWebKit/537.36 (KHTML, like Gecko) Chrome/76.0.3809.100 Safari/537.36)
[2019-08-22 10:09:17] REQUEST GET - https://localhost:8082/public/ws/Resources.ashx/xml-economics/11111121252221224018000011333353
[2019-08-22 10:09:17] ---- FROM  ::1 (WinNT)
[2019-08-22 10:09:17] ---- BROWSER:  Chrome 76.0 (Mozilla/5.0 (Windows NT 10.0; Win64; x64) AppleWebKit/537.36 (KHTML, like Gecko) Chrome/76.0.3809.100 Safari/537.36)
[2019-08-22 10:09:17] ---- CONTENT: {data : "<?xml version='1.0' encoding='utf-8' ?><Request ID='201908221009174'><General><Token>11111121252221224018000011333353</Token></General><Data></Data></Request>"}
[2019-08-22 10:09:17] 200 - OK - application/json
[2019-08-22 10:09:17] 200 - OK - text/xml
[2019-08-22 10:09:17] REQUEST POST - https://localhost:8082/public/ws/Config.asmx/All_Get
[2019-08-22 10:09:17] ---- FROM  ::1 (WinNT)
[2019-08-22 10:09:17] ---- BROWSER:  Chrome 76.0 (Mozilla/5.0 (Windows NT 10.0; Win64; x64) AppleWebKit/537.36 (KHTML, like Gecko) Chrome/76.0.3809.100 Safari/537.36)
[2019-08-22 10:09:17] ---- CONTENT: {data : "<?xml version='1.0' encoding='utf-8' ?><Request ID='20190822100917457'><General><Token>11111121252221224018000011333353</Token></General><Data></Data></Request>"}
[2019-08-22 10:09:17] 200 - OK - application/json
[2019-08-22 10:09:26] REQUEST GET - https://localhost:8082/economics/fonti-finanziarie
[2019-08-22 10:09:26] ---- FROM  ::1 (WinNT)
[2019-08-22 10:09:26] ---- BROWSER:  Chrome 76.0 (Mozilla/5.0 (Windows NT 10.0; Win64; x64) AppleWebKit/537.36 (KHTML, like Gecko) Chrome/76.0.3809.100 Safari/537.36)
[2019-08-22 10:09:26] 200 - OK - text/html
[2019-08-22 10:09:29] REQUEST POST - https://localhost:8082/public/ws/Economics.asmx/FontiFinanziarie
[2019-08-22 10:09:29] ---- FROM  ::1 (WinNT)
[2019-08-22 10:09:29] ---- BROWSER:  Chrome 76.0 (Mozilla/5.0 (Windows NT 10.0; Win64; x64) AppleWebKit/537.36 (KHTML, like Gecko) Chrome/76.0.3809.100 Safari/537.36)
[2019-08-22 10:09:29] ---- CONTENT: {data : "<?xml version='1.0' encoding='utf-8' ?><Request ID='20190822100929160'><General><Token>11111121252221224018000011333353</Token></General><Data></Data></Request>"}
[2019-08-22 10:09:29] 200 - OK - application/json
[2019-08-22 10:09:29] REQUEST POST - https://localhost:8082/public/ws/Config.asmx/All_Get
[2019-08-22 10:09:29] ---- FROM  ::1 (WinNT)
[2019-08-22 10:09:29] ---- BROWSER:  Chrome 76.0 (Mozilla/5.0 (Windows NT 10.0; Win64; x64) AppleWebKit/537.36 (KHTML, like Gecko) Chrome/76.0.3809.100 Safari/537.36)
[2019-08-22 10:09:29] ---- CONTENT: {data : "<?xml version='1.0' encoding='utf-8' ?><Request ID='20190822100929331'><General><Token>11111121252221224018000011333353</Token></General><Data></Data></Request>"}
[2019-08-22 10:09:29] REQUEST GET - https://localhost:8082/public/ws/Resources.ashx/xml-economics/11111121252221224018000011333353
[2019-08-22 10:09:29] ---- FROM  ::1 (WinNT)
[2019-08-22 10:09:29] ---- BROWSER:  Chrome 76.0 (Mozilla/5.0 (Windows NT 10.0; Win64; x64) AppleWebKit/537.36 (KHTML, like Gecko) Chrome/76.0.3809.100 Safari/537.36)
[2019-08-22 10:09:29] 200 - OK - application/json
[2019-08-22 10:09:29] 200 - OK - text/xml
[2019-08-22 10:09:29] REQUEST POST - https://localhost:8082/public/ws/Economics.asmx/messaggi_summary
[2019-08-22 10:09:29] ---- FROM  ::1 (WinNT)
[2019-08-22 10:09:29] ---- BROWSER:  Chrome 76.0 (Mozilla/5.0 (Windows NT 10.0; Win64; x64) AppleWebKit/537.36 (KHTML, like Gecko) Chrome/76.0.3809.100 Safari/537.36)
[2019-08-22 10:09:29] ---- CONTENT: {data : "<?xml version='1.0' encoding='utf-8' ?><Request ID='20190822100929442'><General><Token>11111121252221224018000011333353</Token></General><Data></Data></Request>"}
[2019-08-22 10:09:29] 200 - OK - application/json
[2019-08-22 10:09:29] REQUEST POST - https://localhost:8082/public/ws/Config.asmx/All_Get
[2019-08-22 10:09:29] ---- FROM  ::1 (WinNT)
[2019-08-22 10:09:29] ---- BROWSER:  Chrome 76.0 (Mozilla/5.0 (Windows NT 10.0; Win64; x64) AppleWebKit/537.36 (KHTML, like Gecko) Chrome/76.0.3809.100 Safari/537.36)
[2019-08-22 10:09:29] ---- CONTENT: {data : "<?xml version='1.0' encoding='utf-8' ?><Request ID='20190822100929618'><General><Token>11111121252221224018000011333353</Token></General><Data></Data></Request>"}
[2019-08-22 10:09:29] 200 - OK - application/json
[2019-08-22 10:09:29] REQUEST POST - https://localhost:8082/public/ws/Config.asmx/All_Get
[2019-08-22 10:09:29] ---- FROM  ::1 (WinNT)
[2019-08-22 10:09:29] ---- BROWSER:  Chrome 76.0 (Mozilla/5.0 (Windows NT 10.0; Win64; x64) AppleWebKit/537.36 (KHTML, like Gecko) Chrome/76.0.3809.100 Safari/537.36)
[2019-08-22 10:09:29] ---- CONTENT: {data : "<?xml version='1.0' encoding='utf-8' ?><Request ID='20190822100929795'><General><Token>11111121252221224018000011333353</Token></General><Data></Data></Request>"}
[2019-08-22 10:09:29] 200 - OK - application/json
[2019-08-22 10:09:48] REQUEST GET - https://localhost:8082/settings/settings
[2019-08-22 10:09:48] ---- FROM  ::1 (WinNT)
[2019-08-22 10:09:48] ---- BROWSER:  Chrome 76.0 (Mozilla/5.0 (Windows NT 10.0; Win64; x64) AppleWebKit/537.36 (KHTML, like Gecko) Chrome/76.0.3809.100 Safari/537.36)
[2019-08-22 10:09:48] 200 - OK - text/html
[2019-08-22 10:09:49] REQUEST POST - https://localhost:8082/public/ws/Config.asmx/General_Get
[2019-08-22 10:09:49] ---- FROM  ::1 (WinNT)
[2019-08-22 10:09:49] ---- BROWSER:  Chrome 76.0 (Mozilla/5.0 (Windows NT 10.0; Win64; x64) AppleWebKit/537.36 (KHTML, like Gecko) Chrome/76.0.3809.100 Safari/537.36)
[2019-08-22 10:09:49] ---- CONTENT: {data : "<?xml version='1.0' encoding='utf-8' ?><Request ID='20190822100949884'><General><Token>11111121252221224018000011333353</Token></General><Data></Data></Request>"}
[2019-08-22 10:09:49] 200 - OK - application/json
[2019-08-22 10:09:50] REQUEST POST - https://localhost:8082/public/ws/Config.asmx/All_Get
[2019-08-22 10:09:50] ---- FROM  ::1 (WinNT)
[2019-08-22 10:09:50] ---- BROWSER:  Chrome 76.0 (Mozilla/5.0 (Windows NT 10.0; Win64; x64) AppleWebKit/537.36 (KHTML, like Gecko) Chrome/76.0.3809.100 Safari/537.36)
[2019-08-22 10:09:50] ---- CONTENT: {data : "<?xml version='1.0' encoding='utf-8' ?><Request ID='20190822100949999'><General><Token>11111121252221224018000011333353</Token></General><Data></Data></Request>"}
[2019-08-22 10:09:50] REQUEST POST - https://localhost:8082/public/ws/Economics.asmx/messaggi_summary
[2019-08-22 10:09:50] ---- FROM  ::1 (WinNT)
[2019-08-22 10:09:50] ---- BROWSER:  Chrome 76.0 (Mozilla/5.0 (Windows NT 10.0; Win64; x64) AppleWebKit/537.36 (KHTML, like Gecko) Chrome/76.0.3809.100 Safari/537.36)
[2019-08-22 10:09:50] ---- CONTENT: {data : "<?xml version='1.0' encoding='utf-8' ?><Request ID='2019082210095065'><General><Token>11111121252221224018000011333353</Token></General><Data></Data></Request>"}
[2019-08-22 10:09:50] 200 - OK - application/json
[2019-08-22 10:09:50] 200 - OK - application/json
[2019-08-22 10:09:50] REQUEST POST - https://localhost:8082/public/ws/Config.asmx/All_Get
[2019-08-22 10:09:50] ---- FROM  ::1 (WinNT)
[2019-08-22 10:09:50] ---- BROWSER:  Chrome 76.0 (Mozilla/5.0 (Windows NT 10.0; Win64; x64) AppleWebKit/537.36 (KHTML, like Gecko) Chrome/76.0.3809.100 Safari/537.36)
[2019-08-22 10:09:50] ---- CONTENT: {data : "<?xml version='1.0' encoding='utf-8' ?><Request ID='20190822100950209'><General><Token>11111121252221224018000011333353</Token></General><Data></Data></Request>"}
[2019-08-22 10:09:50] 200 - OK - application/json
[2019-08-22 10:09:50] REQUEST POST - https://localhost:8082/public/ws/Config.asmx/All_Get
[2019-08-22 10:09:50] ---- FROM  ::1 (WinNT)
[2019-08-22 10:09:50] ---- BROWSER:  Chrome 76.0 (Mozilla/5.0 (Windows NT 10.0; Win64; x64) AppleWebKit/537.36 (KHTML, like Gecko) Chrome/76.0.3809.100 Safari/537.36)
[2019-08-22 10:09:50] REQUEST GET - https://localhost:8082/public/ws/Resources.ashx/xml-general
[2019-08-22 10:09:50] ---- FROM  ::1 (WinNT)
[2019-08-22 10:09:50] REQUEST GET - https://localhost:8082/public/ws/Resources.ashx/xml-general
[2019-08-22 10:09:50] ---- FROM  ::1 (WinNT)
[2019-08-22 10:09:50] ---- BROWSER:  Chrome 76.0 (Mozilla/5.0 (Windows NT 10.0; Win64; x64) AppleWebKit/537.36 (KHTML, like Gecko) Chrome/76.0.3809.100 Safari/537.36)
[2019-08-22 10:09:50] ---- CONTENT: {data : "<?xml version='1.0' encoding='utf-8' ?><Request ID='20190822100950269'><General><Token>11111121252221224018000011333353</Token></General><Data></Data></Request>"}
[2019-08-22 10:09:50] ---- BROWSER:  Chrome 76.0 (Mozilla/5.0 (Windows NT 10.0; Win64; x64) AppleWebKit/537.36 (KHTML, like Gecko) Chrome/76.0.3809.100 Safari/537.36)
[2019-08-22 10:09:50] 200 - OK - text/xml
[2019-08-22 10:09:50] 200 - OK - text/xml
[2019-08-22 10:09:50] 200 - OK - application/json
[2019-08-22 10:10:07] REQUEST GET - https://localhost:8082/qa/qualitativa
[2019-08-22 10:10:07] ---- FROM  ::1 (WinNT)
[2019-08-22 10:10:07] ---- BROWSER:  Chrome 76.0 (Mozilla/5.0 (Windows NT 10.0; Win64; x64) AppleWebKit/537.36 (KHTML, like Gecko) Chrome/76.0.3809.100 Safari/537.36)
[2019-08-22 10:10:07] 200 - OK - text/html
[2019-08-22 10:10:09] REQUEST POST - https://localhost:8082/public/ws/QAnalysis.asmx/Get
[2019-08-22 10:10:09] ---- FROM  ::1 (WinNT)
[2019-08-22 10:10:09] ---- BROWSER:  Chrome 76.0 (Mozilla/5.0 (Windows NT 10.0; Win64; x64) AppleWebKit/537.36 (KHTML, like Gecko) Chrome/76.0.3809.100 Safari/537.36)
[2019-08-22 10:10:09] ---- CONTENT: {data : "<?xml version='1.0' encoding='utf-8' ?><Request ID='20190822101009318'><General><Token>11111121252221224018000011333353</Token></General><Data></Data></Request>"}
[2019-08-22 10:10:09] 200 - OK - application/json
[2019-08-22 10:10:09] REQUEST POST - https://localhost:8082/public/ws/Config.asmx/All_Get
[2019-08-22 10:10:09] ---- FROM  ::1 (WinNT)
[2019-08-22 10:10:09] ---- BROWSER:  Chrome 76.0 (Mozilla/5.0 (Windows NT 10.0; Win64; x64) AppleWebKit/537.36 (KHTML, like Gecko) Chrome/76.0.3809.100 Safari/537.36)
[2019-08-22 10:10:09] ---- CONTENT: {data : "<?xml version='1.0' encoding='utf-8' ?><Request ID='20190822101009412'><General><Token>11111121252221224018000011333353</Token></General><Data></Data></Request>"}
[2019-08-22 10:10:09] 200 - OK - application/json
[2019-08-22 10:10:09] REQUEST POST - https://localhost:8082/public/ws/Economics.asmx/messaggi_summary
[2019-08-22 10:10:09] ---- FROM  ::1 (WinNT)
[2019-08-22 10:10:09] ---- BROWSER:  Chrome 76.0 (Mozilla/5.0 (Windows NT 10.0; Win64; x64) AppleWebKit/537.36 (KHTML, like Gecko) Chrome/76.0.3809.100 Safari/537.36)
[2019-08-22 10:10:09] ---- CONTENT: {data : "<?xml version='1.0' encoding='utf-8' ?><Request ID='20190822101009587'><General><Token>11111121252221224018000011333353</Token></General><Data></Data></Request>"}
[2019-08-22 10:10:09] 200 - OK - application/json
[2019-08-22 10:10:09] REQUEST POST - https://localhost:8082/public/ws/Config.asmx/All_Get
[2019-08-22 10:10:09] ---- FROM  ::1 (WinNT)
[2019-08-22 10:10:09] ---- BROWSER:  Chrome 76.0 (Mozilla/5.0 (Windows NT 10.0; Win64; x64) AppleWebKit/537.36 (KHTML, like Gecko) Chrome/76.0.3809.100 Safari/537.36)
[2019-08-22 10:10:09] ---- CONTENT: {data : "<?xml version='1.0' encoding='utf-8' ?><Request ID='20190822101009638'><General><Token>11111121252221224018000011333353</Token></General><Data></Data></Request>"}
[2019-08-22 10:10:09] 200 - OK - application/json
[2019-08-22 10:10:09] REQUEST GET - https://localhost:8082/public/ws/Resources.ashx/xml-qa
[2019-08-22 10:10:09] REQUEST GET - https://localhost:8082/public/ws/Resources.ashx/xml-qa
[2019-08-22 10:10:09] REQUEST GET - https://localhost:8082/public/ws/Resources.ashx/xml-qa
[2019-08-22 10:10:09] REQUEST GET - https://localhost:8082/public/ws/Resources.ashx/xml-qa
[2019-08-22 10:10:09] REQUEST POST - https://localhost:8082/public/ws/Config.asmx/All_Get
[2019-08-22 10:10:09] ---- FROM  ::1 (WinNT)
[2019-08-22 10:10:09] ---- FROM  ::1 (WinNT)
[2019-08-22 10:10:09] ---- FROM  ::1 (WinNT)
[2019-08-22 10:10:09] ---- FROM  ::1 (WinNT)
[2019-08-22 10:10:09] REQUEST GET - https://localhost:8082/public/ws/Resources.ashx/xml-qa
[2019-08-22 10:10:09] ---- BROWSER:  Chrome 76.0 (Mozilla/5.0 (Windows NT 10.0; Win64; x64) AppleWebKit/537.36 (KHTML, like Gecko) Chrome/76.0.3809.100 Safari/537.36)
