[2019-10-17 11:26:27] 200 - OK - application/json
[2019-10-17 11:26:27] 200 - OK - application/json
[2019-10-17 11:28:39] REQUEST GET - https://localhost:8082/controllo/distribuzione-mensile
[2019-10-17 11:28:39] ---- FROM  ::1 (WinNT)
[2019-10-17 11:28:39] ---- BROWSER:  Chrome 77.0 (Mozilla/5.0 (Windows NT 10.0; Win64; x64) AppleWebKit/537.36 (KHTML, like Gecko) Chrome/77.0.3865.120 Safari/537.36)
[2019-10-17 11:28:39] 200 - OK - text/html
[2019-10-17 11:28:39] REQUEST POST - https://localhost:8082/public/ws/CDG.asmx/Weights_Get
[2019-10-17 11:28:39] ---- FROM  ::1 (WinNT)
[2019-10-17 11:28:39] ---- BROWSER:  Chrome 77.0 (Mozilla/5.0 (Windows NT 10.0; Win64; x64) AppleWebKit/537.36 (KHTML, like Gecko) Chrome/77.0.3865.120 Safari/537.36)
[2019-10-17 11:28:39] ---- CONTENT: {data : "<?xml version='1.0' encoding='utf-8' ?><Request ID='20191017112839877'><General><Token>11111121252221224308000011333382</Token></General><Data></Data></Request>"}
[2019-10-17 11:28:39] 200 - OK - application/json
[2019-10-17 11:28:39] REQUEST POST - https://localhost:8082/public/ws/Config.asmx/All_Get
[2019-10-17 11:28:39] ---- FROM  ::1 (WinNT)
[2019-10-17 11:28:39] ---- BROWSER:  Chrome 77.0 (Mozilla/5.0 (Windows NT 10.0; Win64; x64) AppleWebKit/537.36 (KHTML, like Gecko) Chrome/77.0.3865.120 Safari/537.36)
[2019-10-17 11:28:39] ---- CONTENT: {data : "<?xml version='1.0' encoding='utf-8' ?><Request ID='20191017112839941'><General><Token>11111121252221224308000011333382</Token></General><Data></Data></Request>"}
[2019-10-17 11:28:39] REQUEST POST - https://localhost:8082/public/ws/Economics.asmx/messaggi_summary
[2019-10-17 11:28:40] ---- FROM  ::1 (WinNT)
[2019-10-17 11:28:40] ---- BROWSER:  Chrome 77.0 (Mozilla/5.0 (Windows NT 10.0; Win64; x64) AppleWebKit/537.36 (KHTML, like Gecko) Chrome/77.0.3865.120 Safari/537.36)
[2019-10-17 11:28:40] ---- CONTENT: {data : "<?xml version='1.0' encoding='utf-8' ?><Request ID='20191017112839971'><General><Token>11111121252221224308000011333382</Token></General><Data></Data></Request>"}
[2019-10-17 11:28:40] REQUEST GET - https://localhost:8082/public/ws/Resources.ashx/xml-economics/11111121252221224308000011333382
[2019-10-17 11:28:40] ---- FROM  ::1 (WinNT)
[2019-10-17 11:28:40] ---- BROWSER:  Chrome 77.0 (Mozilla/5.0 (Windows NT 10.0; Win64; x64) AppleWebKit/537.36 (KHTML, like Gecko) Chrome/77.0.3865.120 Safari/537.36)
[2019-10-17 11:28:40] 200 - OK - application/json
[2019-10-17 11:28:40] 200 - OK - application/json
[2019-10-17 11:28:40] 200 - OK - text/xml
[2019-10-17 11:28:40] REQUEST POST - https://localhost:8082/public/ws/CDG.asmx/BPData
[2019-10-17 11:28:40] ---- FROM  ::1 (WinNT)
[2019-10-17 11:28:40] ---- BROWSER:  Chrome 77.0 (Mozilla/5.0 (Windows NT 10.0; Win64; x64) AppleWebKit/537.36 (KHTML, like Gecko) Chrome/77.0.3865.120 Safari/537.36)
[2019-10-17 11:28:40] ---- CONTENT: {data : "<?xml version='1.0' encoding='utf-8' ?><Request ID='20191017112840163'><General><Token>11111121252221224308000011333382</Token></General><Data></Data></Request>"}
[2019-10-17 11:28:40] 200 - OK - application/json
[2019-10-17 11:28:40] REQUEST POST - https://localhost:8082/public/ws/Config.asmx/All_Get
[2019-10-17 11:28:40] ---- FROM  ::1 (WinNT)
[2019-10-17 11:28:40] ---- BROWSER:  Chrome 77.0 (Mozilla/5.0 (Windows NT 10.0; Win64; x64) AppleWebKit/537.36 (KHTML, like Gecko) Chrome/77.0.3865.120 Safari/537.36)
[2019-10-17 11:28:40] ---- CONTENT: {data : "<?xml version='1.0' encoding='utf-8' ?><Request ID='20191017112840815'><General><Token>11111121252221224308000011333382</Token></General><Data></Data></Request>"}
[2019-10-17 11:28:40] 200 - OK - application/json
[2019-10-17 11:28:40] REQUEST POST - https://localhost:8082/public/ws/CDG.asmx/Get
[2019-10-17 11:28:40] ---- FROM  ::1 (WinNT)
[2019-10-17 11:28:40] ---- BROWSER:  Chrome 77.0 (Mozilla/5.0 (Windows NT 10.0; Win64; x64) AppleWebKit/537.36 (KHTML, like Gecko) Chrome/77.0.3865.120 Safari/537.36)
[2019-10-17 11:28:40] ---- CONTENT: {data : "<?xml version='1.0' encoding='utf-8' ?><Request ID='20191017112840916'><General><Token>11111121252221224308000011333382</Token></General><Data></Data></Request>"}
[2019-10-17 11:28:40] 200 - OK - application/json
