[2019-08-21 10:38:05] REQUEST GET - https://localhost:8082/public/aspx/Home.aspx?Token=61111131252223224013000011333653&TokenApiRest=eyJ0eXAiOiJKV1QiLCJhbGciOiJIUzI1NiJ9.eyJpc3MiOiJodHRwczpcL1wvd3d3cy5kZXYteWVhcC5pdCIsImlhdCI6MTU0MjI5NDMyMSwibmJmIjoxNTQyMjk0MzIxLCJleHAiOjE1NDI4OTkxMjEsImRhdGEiOnsidXNlciI6eyJpZCI6IjQ0In19fQ.RCP5OeoGASxAyBw1MbMD4BFJAcDM5JIXqYXKBALZcJI&Logo=https://localhost:8082/scratch/pl_logo.png&Title=Business Plan Test nr. 2
[2019-08-21 10:38:05] ---- FROM  ::1 (WinNT)
[2019-08-21 10:38:05] ---- BROWSER:  Chrome 76.0 (Mozilla/5.0 (Windows NT 10.0; Win64; x64) AppleWebKit/537.36 (KHTML, like Gecko) Chrome/76.0.3809.100 Safari/537.36)
[2019-08-21 10:38:11] 302 - Found - text/html
[2019-08-21 10:38:11] REQUEST GET - https://localhost:8082/home/welcome?Token=61111131252223224013000011333653&TokenApiRest=eyJ0eXAiOiJKV1QiLCJhbGciOiJIUzI1NiJ9.eyJpc3MiOiJodHRwczpcL1wvd3d3cy5kZXYteWVhcC5pdCIsImlhdCI6MTU0MjI5NDMyMSwibmJmIjoxNTQyMjk0MzIxLCJleHAiOjE1NDI4OTkxMjEsImRhdGEiOnsidXNlciI6eyJpZCI6IjQ0In19fQ.RCP5OeoGASxAyBw1MbMD4BFJAcDM5JIXqYXKBALZcJI&Logo=https://localhost:8082/scratch/pl_logo.png&Title=Business Plan Test nr. 2
[2019-08-21 10:38:11] ---- FROM  ::1 (WinNT)
[2019-08-21 10:38:11] ---- BROWSER:  Chrome 76.0 (Mozilla/5.0 (Windows NT 10.0; Win64; x64) AppleWebKit/537.36 (KHTML, like Gecko) Chrome/76.0.3809.100 Safari/537.36)
[2019-08-21 10:38:12] 200 - OK - text/html
[2019-08-21 10:38:14] REQUEST POST - https://localhost:8082/public/ws/General.asmx/Set
[2019-08-21 10:38:14] ---- FROM  ::1 (WinNT)
[2019-08-21 10:38:14] ---- BROWSER:  Chrome 76.0 (Mozilla/5.0 (Windows NT 10.0; Win64; x64) AppleWebKit/537.36 (KHTML, like Gecko) Chrome/76.0.3809.100 Safari/537.36)
[2019-08-21 10:38:14] ---- CONTENT: {data : "<?xml version='1.0' encoding='utf-8' ?><Request ID='20190821103814623'><General><Token>61111131252223224013000011333653</Token></General><Data><Nome>Business Plan Test nr. 2</Nome><Logo>https%3A%2F%2Flocalhost%3A8082%2Fscratch%2Fpl_logo.png</Logo></Data></Request>"}
[2019-08-21 10:38:15] 200 - OK - application/json
[2019-08-21 10:38:15] REQUEST POST - https://localhost:8082/public/ws/Config.asmx/Economics_Get
[2019-08-21 10:38:15] ---- FROM  ::1 (WinNT)
[2019-08-21 10:38:15] ---- BROWSER:  Chrome 76.0 (Mozilla/5.0 (Windows NT 10.0; Win64; x64) AppleWebKit/537.36 (KHTML, like Gecko) Chrome/76.0.3809.100 Safari/537.36)
[2019-08-21 10:38:15] ---- CONTENT: {data : "<?xml version='1.0' encoding='utf-8' ?><Request ID='2019082110381565'><General><Token>61111131252223224013000011333653</Token></General><Data></Data></Request>"}
[2019-08-21 10:38:15] 200 - OK - application/json
[2019-08-21 10:38:15] REQUEST POST - https://localhost:8082/public/ws/Config.asmx/All_Get
[2019-08-21 10:38:15] ---- FROM  ::1 (WinNT)
[2019-08-21 10:38:15] ---- BROWSER:  Chrome 76.0 (Mozilla/5.0 (Windows NT 10.0; Win64; x64) AppleWebKit/537.36 (KHTML, like Gecko) Chrome/76.0.3809.100 Safari/537.36)
[2019-08-21 10:38:15] ---- CONTENT: {data : "<?xml version='1.0' encoding='utf-8' ?><Request ID='20190821103815324'><General><Token>61111131252223224013000011333653</Token></General><Data></Data></Request>"}
[2019-08-21 10:38:15] REQUEST POST - https://localhost:8082/public/ws/Economics.asmx/messaggi_summary
[2019-08-21 10:38:15] ---- FROM  ::1 (WinNT)
[2019-08-21 10:38:15] ---- BROWSER:  Chrome 76.0 (Mozilla/5.0 (Windows NT 10.0; Win64; x64) AppleWebKit/537.36 (KHTML, like Gecko) Chrome/76.0.3809.100 Safari/537.36)
[2019-08-21 10:38:15] ---- CONTENT: {data : "<?xml version='1.0' encoding='utf-8' ?><Request ID='20190821103815397'><General><Token>61111131252223224013000011333653</Token></General><Data></Data></Request>"}
[2019-08-21 10:38:15] 200 - OK - application/json
[2019-08-21 10:38:15] 200 - OK - application/json
[2019-08-21 10:38:15] REQUEST POST - https://localhost:8082/public/ws/Config.asmx/All_Get
[2019-08-21 10:38:15] ---- FROM  ::1 (WinNT)
[2019-08-21 10:38:15] ---- BROWSER:  Chrome 76.0 (Mozilla/5.0 (Windows NT 10.0; Win64; x64) AppleWebKit/537.36 (KHTML, like Gecko) Chrome/76.0.3809.100 Safari/537.36)
[2019-08-21 10:38:15] ---- CONTENT: {data : "<?xml version='1.0' encoding='utf-8' ?><Request ID='20190821103815660'><General><Token>61111131252223224013000011333653</Token></General><Data></Data></Request>"}
[2019-08-21 10:38:15] 200 - OK - application/json
[2019-08-21 10:38:15] REQUEST POST - https://localhost:8082/public/ws/Config.asmx/All_Get
[2019-08-21 10:38:15] ---- FROM  ::1 (WinNT)
[2019-08-21 10:38:15] ---- BROWSER:  Chrome 76.0 (Mozilla/5.0 (Windows NT 10.0; Win64; x64) AppleWebKit/537.36 (KHTML, like Gecko) Chrome/76.0.3809.100 Safari/537.36)
[2019-08-21 10:38:15] ---- CONTENT: {data : "<?xml version='1.0' encoding='utf-8' ?><Request ID='20190821103815692'><General><Token>61111131252223224013000011333653</Token></General><Data></Data></Request>"}
[2019-08-21 10:38:15] 200 - OK - application/json
[2019-08-21 10:38:23] REQUEST GET - https://localhost:8082/economics/iva
[2019-08-21 10:38:23] ---- FROM  ::1 (WinNT)
[2019-08-21 10:38:23] ---- BROWSER:  Chrome 76.0 (Mozilla/5.0 (Windows NT 10.0; Win64; x64) AppleWebKit/537.36 (KHTML, like Gecko) Chrome/76.0.3809.100 Safari/537.36)
[2019-08-21 10:38:23] 200 - OK - text/html
[2019-08-21 10:38:26] REQUEST POST - https://localhost:8082/public/ws/Iva.asmx/Get
[2019-08-21 10:38:26] ---- FROM  ::1 (WinNT)
[2019-08-21 10:38:26] ---- BROWSER:  Chrome 76.0 (Mozilla/5.0 (Windows NT 10.0; Win64; x64) AppleWebKit/537.36 (KHTML, like Gecko) Chrome/76.0.3809.100 Safari/537.36)
[2019-08-21 10:38:26] ---- CONTENT: {data : "<?xml version='1.0' encoding='utf-8' ?><Request ID='20190821103826699'><General><Token>61111131252223224013000011333653</Token></General><Data></Data></Request>"}
[2019-08-21 10:38:29] 200 - OK - application/json
[2019-08-21 10:38:29] REQUEST GET - https://localhost:8082/public/ws/Resources.ashx/xml-economics/61111131252223224013000011333653
[2019-08-21 10:38:29] ---- FROM  ::1 (WinNT)
[2019-08-21 10:38:29] ---- BROWSER:  Chrome 76.0 (Mozilla/5.0 (Windows NT 10.0; Win64; x64) AppleWebKit/537.36 (KHTML, like Gecko) Chrome/76.0.3809.100 Safari/537.36)
[2019-08-21 10:38:29] REQUEST POST - https://localhost:8082/public/ws/Config.asmx/All_Get
[2019-08-21 10:38:29] ---- FROM  ::1 (WinNT)
[2019-08-21 10:38:29] ---- BROWSER:  Chrome 76.0 (Mozilla/5.0 (Windows NT 10.0; Win64; x64) AppleWebKit/537.36 (KHTML, like Gecko) Chrome/76.0.3809.100 Safari/537.36)
[2019-08-21 10:38:29] ---- CONTENT: {data : "<?xml version='1.0' encoding='utf-8' ?><Request ID='20190821103829573'><General><Token>61111131252223224013000011333653</Token></General><Data></Data></Request>"}
[2019-08-21 10:38:29] 200 - OK - application/json
[2019-08-21 10:38:29] 200 - OK - text/xml
[2019-08-21 10:38:29] REQUEST POST - https://localhost:8082/public/ws/Economics.asmx/messaggi_summary
[2019-08-21 10:38:29] ---- FROM  ::1 (WinNT)
[2019-08-21 10:38:29] ---- BROWSER:  Chrome 76.0 (Mozilla/5.0 (Windows NT 10.0; Win64; x64) AppleWebKit/537.36 (KHTML, like Gecko) Chrome/76.0.3809.100 Safari/537.36)
[2019-08-21 10:38:29] ---- CONTENT: {data : "<?xml version='1.0' encoding='utf-8' ?><Request ID='20190821103829689'><General><Token>61111131252223224013000011333653</Token></General><Data></Data></Request>"}
[2019-08-21 10:38:29] 200 - OK - application/json
[2019-08-21 10:38:30] REQUEST POST - https://localhost:8082/public/ws/Config.asmx/All_Get
[2019-08-21 10:38:30] ---- FROM  ::1 (WinNT)
[2019-08-21 10:38:30] ---- BROWSER:  Chrome 76.0 (Mozilla/5.0 (Windows NT 10.0; Win64; x64) AppleWebKit/537.36 (KHTML, like Gecko) Chrome/76.0.3809.100 Safari/537.36)
[2019-08-21 10:38:30] ---- CONTENT: {data : "<?xml version='1.0' encoding='utf-8' ?><Request ID='2019082110383062'><General><Token>61111131252223224013000011333653</Token></General><Data></Data></Request>"}
[2019-08-21 10:38:30] 200 - OK - application/json
[2019-08-21 10:38:30] REQUEST POST - https://localhost:8082/public/ws/Config.asmx/All_Get
[2019-08-21 10:38:30] ---- FROM  ::1 (WinNT)
[2019-08-21 10:38:30] ---- BROWSER:  Chrome 76.0 (Mozilla/5.0 (Windows NT 10.0; Win64; x64) AppleWebKit/537.36 (KHTML, like Gecko) Chrome/76.0.3809.100 Safari/537.36)
[2019-08-21 10:38:30] ---- CONTENT: {data : "<?xml version='1.0' encoding='utf-8' ?><Request ID='20190821103830297'><General><Token>61111131252223224013000011333653</Token></General><Data></Data></Request>"}
[2019-08-21 10:38:30] 200 - OK - application/json
[2019-08-21 10:39:16] REQUEST GET - https://localhost:8082/public/aspx/Home.aspx?Token=61111131252223224013000011333653&TokenApiRest=eyJ0eXAiOiJKV1QiLCJhbGciOiJIUzI1NiJ9.eyJpc3MiOiJodHRwczpcL1wvd3d3cy5kZXYteWVhcC5pdCIsImlhdCI6MTU0MjI5NDMyMSwibmJmIjoxNTQyMjk0MzIxLCJleHAiOjE1NDI4OTkxMjEsImRhdGEiOnsidXNlciI6eyJpZCI6IjQ0In19fQ.RCP5OeoGASxAyBw1MbMD4BFJAcDM5JIXqYXKBALZcJI&Logo=https://localhost:8082/scratch/pl_logo.png&Title=Business Plan Test nr. 2
[2019-08-21 10:39:16] ---- FROM  ::1 (WinNT)
[2019-08-21 10:39:16] ---- BROWSER:  Chrome 76.0 (Mozilla/5.0 (Windows NT 10.0; Win64; x64) AppleWebKit/537.36 (KHTML, like Gecko) Chrome/76.0.3809.100 Safari/537.36)
[2019-08-21 10:39:16] 302 - Found - text/html
[2019-08-21 10:39:16] REQUEST GET - https://localhost:8082/home/welcome?Token=61111131252223224013000011333653&TokenApiRest=eyJ0eXAiOiJKV1QiLCJhbGciOiJIUzI1NiJ9.eyJpc3MiOiJodHRwczpcL1wvd3d3cy5kZXYteWVhcC5pdCIsImlhdCI6MTU0MjI5NDMyMSwibmJmIjoxNTQyMjk0MzIxLCJleHAiOjE1NDI4OTkxMjEsImRhdGEiOnsidXNlciI6eyJpZCI6IjQ0In19fQ.RCP5OeoGASxAyBw1MbMD4BFJAcDM5JIXqYXKBALZcJI&Logo=https://localhost:8082/scratch/pl_logo.png&Title=Business Plan Test nr. 2
[2019-08-21 10:39:16] ---- FROM  ::1 (WinNT)
[2019-08-21 10:39:16] ---- BROWSER:  Chrome 76.0 (Mozilla/5.0 (Windows NT 10.0; Win64; x64) AppleWebKit/537.36 (KHTML, like Gecko) Chrome/76.0.3809.100 Safari/537.36)
[2019-08-21 10:39:17] 200 - OK - text/html
[2019-08-21 10:39:18] REQUEST POST - https://localhost:8082/public/ws/General.asmx/Set
[2019-08-21 10:39:18] ---- FROM  ::1 (WinNT)
[2019-08-21 10:39:18] ---- BROWSER:  Chrome 76.0 (Mozilla/5.0 (Windows NT 10.0; Win64; x64) AppleWebKit/537.36 (KHTML, like Gecko) Chrome/76.0.3809.100 Safari/537.36)
[2019-08-21 10:39:18] ---- CONTENT: {data : "<?xml version='1.0' encoding='utf-8' ?><Request ID='20190821103918614'><General><Token>61111131252223224013000011333653</Token></General><Data><Nome>Business Plan Test nr. 2</Nome><Logo>https%3A%2F%2Flocalhost%3A8082%2Fscratch%2Fpl_logo.png</Logo></Data></Request>"}
[2019-08-21 10:39:18] 200 - OK - application/json
[2019-08-21 10:39:18] REQUEST POST - https://localhost:8082/public/ws/Config.asmx/Economics_Get
[2019-08-21 10:39:18] ---- FROM  ::1 (WinNT)
[2019-08-21 10:39:18] ---- BROWSER:  Chrome 76.0 (Mozilla/5.0 (Windows NT 10.0; Win64; x64) AppleWebKit/537.36 (KHTML, like Gecko) Chrome/76.0.3809.100 Safari/537.36)
[2019-08-21 10:39:18] ---- CONTENT: {data : "<?xml version='1.0' encoding='utf-8' ?><Request ID='20190821103918645'><General><Token>61111131252223224013000011333653</Token></General><Data></Data></Request>"}
[2019-08-21 10:39:18] 200 - OK - application/json
[2019-08-21 10:39:18] REQUEST POST - https://localhost:8082/public/ws/Config.asmx/All_Get
[2019-08-21 10:39:18] ---- FROM  ::1 (WinNT)
[2019-08-21 10:39:18] ---- BROWSER:  Chrome 76.0 (Mozilla/5.0 (Windows NT 10.0; Win64; x64) AppleWebKit/537.36 (KHTML, like Gecko) Chrome/76.0.3809.100 Safari/537.36)
[2019-08-21 10:39:18] ---- CONTENT: {data : "<?xml version='1.0' encoding='utf-8' ?><Request ID='20190821103918814'><General><Token>61111131252223224013000011333653</Token></General><Data></Data></Request>"}
[2019-08-21 10:39:18] 200 - OK - application/json
[2019-08-21 10:39:19] REQUEST POST - https://localhost:8082/public/ws/Economics.asmx/messaggi_summary
[2019-08-21 10:39:19] ---- FROM  ::1 (WinNT)
[2019-08-21 10:39:19] ---- BROWSER:  Chrome 76.0 (Mozilla/5.0 (Windows NT 10.0; Win64; x64) AppleWebKit/537.36 (KHTML, like Gecko) Chrome/76.0.3809.100 Safari/537.36)
[2019-08-21 10:39:19] ---- CONTENT: {data : "<?xml version='1.0' encoding='utf-8' ?><Request ID='2019082110391962'><General><Token>61111131252223224013000011333653</Token></General><Data></Data></Request>"}
[2019-08-21 10:39:19] 200 - OK - application/json
[2019-08-21 10:39:19] REQUEST POST - https://localhost:8082/public/ws/Config.asmx/All_Get
[2019-08-21 10:39:19] ---- FROM  ::1 (WinNT)
[2019-08-21 10:39:19] ---- BROWSER:  Chrome 76.0 (Mozilla/5.0 (Windows NT 10.0; Win64; x64) AppleWebKit/537.36 (KHTML, like Gecko) Chrome/76.0.3809.100 Safari/537.36)
[2019-08-21 10:39:19] ---- CONTENT: {data : "<?xml version='1.0' encoding='utf-8' ?><Request ID='20190821103919118'><General><Token>61111131252223224013000011333653</Token></General><Data></Data></Request>"}
[2019-08-21 10:39:19] 200 - OK - application/json
[2019-08-21 10:39:19] REQUEST POST - https://localhost:8082/public/ws/Config.asmx/All_Get
[2019-08-21 10:39:19] ---- FROM  ::1 (WinNT)
[2019-08-21 10:39:19] ---- BROWSER:  Chrome 76.0 (Mozilla/5.0 (Windows NT 10.0; Win64; x64) AppleWebKit/537.36 (KHTML, like Gecko) Chrome/76.0.3809.100 Safari/537.36)
[2019-08-21 10:39:19] ---- CONTENT: {data : "<?xml version='1.0' encoding='utf-8' ?><Request ID='20190821103919249'><General><Token>61111131252223224013000011333653</Token></General><Data></Data></Request>"}
[2019-08-21 10:39:19] 200 - OK - application/json
[2019-08-21 10:39:26] REQUEST GET - https://localhost:8082/economics/iva
[2019-08-21 10:39:26] ---- FROM  ::1 (WinNT)
[2019-08-21 10:39:26] ---- BROWSER:  Chrome 76.0 (Mozilla/5.0 (Windows NT 10.0; Win64; x64) AppleWebKit/537.36 (KHTML, like Gecko) Chrome/76.0.3809.100 Safari/537.36)
[2019-08-21 10:39:26] 200 - OK - text/html
[2019-08-21 10:39:26] REQUEST POST - https://localhost:8082/public/ws/Iva.asmx/Get
[2019-08-21 10:39:26] ---- FROM  ::1 (WinNT)
[2019-08-21 10:39:26] ---- BROWSER:  Chrome 76.0 (Mozilla/5.0 (Windows NT 10.0; Win64; x64) AppleWebKit/537.36 (KHTML, like Gecko) Chrome/76.0.3809.100 Safari/537.36)
[2019-08-21 10:39:26] ---- CONTENT: {data : "<?xml version='1.0' encoding='utf-8' ?><Request ID='20190821103926619'><General><Token>61111131252223224013000011333653</Token></General><Data></Data></Request>"}
[2019-08-21 10:39:27] 200 - OK - application/json
[2019-08-21 10:39:27] REQUEST POST - https://localhost:8082/public/ws/Config.asmx/All_Get
[2019-08-21 10:39:27] ---- FROM  ::1 (WinNT)
[2019-08-21 10:39:27] ---- BROWSER:  Chrome 76.0 (Mozilla/5.0 (Windows NT 10.0; Win64; x64) AppleWebKit/537.36 (KHTML, like Gecko) Chrome/76.0.3809.100 Safari/537.36)
[2019-08-21 10:39:27] ---- CONTENT: {data : "<?xml version='1.0' encoding='utf-8' ?><Request ID='20190821103927808'><General><Token>61111131252223224013000011333653</Token></General><Data></Data></Request>"}
[2019-08-21 10:39:27] 200 - OK - application/json
[2019-08-21 10:39:27] REQUEST POST - https://localhost:8082/public/ws/Economics.asmx/messaggi_summary
[2019-08-21 10:39:27] ---- FROM  ::1 (WinNT)
[2019-08-21 10:39:27] ---- BROWSER:  Chrome 76.0 (Mozilla/5.0 (Windows NT 10.0; Win64; x64) AppleWebKit/537.36 (KHTML, like Gecko) Chrome/76.0.3809.100 Safari/537.36)
[2019-08-21 10:39:27] ---- CONTENT: {data : "<?xml version='1.0' encoding='utf-8' ?><Request ID='20190821103927837'><General><Token>61111131252223224013000011333653</Token></General><Data></Data></Request>"}
[2019-08-21 10:39:27] 200 - OK - application/json
[2019-08-21 10:39:27] REQUEST POST - https://localhost:8082/public/ws/Config.asmx/All_Get
[2019-08-21 10:39:27] ---- FROM  ::1 (WinNT)
[2019-08-21 10:39:27] ---- BROWSER:  Chrome 76.0 (Mozilla/5.0 (Windows NT 10.0; Win64; x64) AppleWebKit/537.36 (KHTML, like Gecko) Chrome/76.0.3809.100 Safari/537.36)
[2019-08-21 10:39:27] ---- CONTENT: {data : "<?xml version='1.0' encoding='utf-8' ?><Request ID='20190821103927898'><General><Token>61111131252223224013000011333653</Token></General><Data></Data></Request>"}
[2019-08-21 10:39:27] 200 - OK - application/json
[2019-08-21 10:39:27] REQUEST GET - https://localhost:8082/public/ws/Resources.ashx/xml-economics/61111131252223224013000011333653
[2019-08-21 10:39:27] ---- FROM  ::1 (WinNT)
[2019-08-21 10:39:27] ---- BROWSER:  Chrome 76.0 (Mozilla/5.0 (Windows NT 10.0; Win64; x64) AppleWebKit/537.36 (KHTML, like Gecko) Chrome/76.0.3809.100 Safari/537.36)
[2019-08-21 10:39:28] 200 - OK - text/xml
[2019-08-21 10:39:28] REQUEST POST - https://localhost:8082/public/ws/Config.asmx/All_Get
[2019-08-21 10:39:28] ---- FROM  ::1 (WinNT)
[2019-08-21 10:39:28] ---- BROWSER:  Chrome 76.0 (Mozilla/5.0 (Windows NT 10.0; Win64; x64) AppleWebKit/537.36 (KHTML, like Gecko) Chrome/76.0.3809.100 Safari/537.36)
[2019-08-21 10:39:28] ---- CONTENT: {data : "<?xml version='1.0' encoding='utf-8' ?><Request ID='20190821103928295'><General><Token>61111131252223224013000011333653</Token></General><Data></Data></Request>"}
[2019-08-21 10:39:28] 200 - OK - application/json
[2019-08-21 10:42:26] REQUEST GET - https://localhost:8082/public/aspx/Home.aspx?Token=61111131252223224013000011333653&TokenApiRest=eyJ0eXAiOiJKV1QiLCJhbGciOiJIUzI1NiJ9.eyJpc3MiOiJodHRwczpcL1wvd3d3cy5kZXYteWVhcC5pdCIsImlhdCI6MTU0MjI5NDMyMSwibmJmIjoxNTQyMjk0MzIxLCJleHAiOjE1NDI4OTkxMjEsImRhdGEiOnsidXNlciI6eyJpZCI6IjQ0In19fQ.RCP5OeoGASxAyBw1MbMD4BFJAcDM5JIXqYXKBALZcJI&Logo=https://localhost:8082/scratch/pl_logo.png&Title=Business Plan Test nr. 2
[2019-08-21 10:42:26] ---- FROM  ::1 (WinNT)
[2019-08-21 10:42:26] ---- BROWSER:  Chrome 76.0 (Mozilla/5.0 (Windows NT 10.0; Win64; x64) AppleWebKit/537.36 (KHTML, like Gecko) Chrome/76.0.3809.100 Safari/537.36)
[2019-08-21 10:42:26] 302 - Found - text/html
[2019-08-21 10:42:26] REQUEST GET - https://localhost:8082/home/welcome?Token=61111131252223224013000011333653&TokenApiRest=eyJ0eXAiOiJKV1QiLCJhbGciOiJIUzI1NiJ9.eyJpc3MiOiJodHRwczpcL1wvd3d3cy5kZXYteWVhcC5pdCIsImlhdCI6MTU0MjI5NDMyMSwibmJmIjoxNTQyMjk0MzIxLCJleHAiOjE1NDI4OTkxMjEsImRhdGEiOnsidXNlciI6eyJpZCI6IjQ0In19fQ.RCP5OeoGASxAyBw1MbMD4BFJAcDM5JIXqYXKBALZcJI&Logo=https://localhost:8082/scratch/pl_logo.png&Title=Business Plan Test nr. 2
[2019-08-21 10:42:26] ---- FROM  ::1 (WinNT)
[2019-08-21 10:42:26] ---- BROWSER:  Chrome 76.0 (Mozilla/5.0 (Windows NT 10.0; Win64; x64) AppleWebKit/537.36 (KHTML, like Gecko) Chrome/76.0.3809.100 Safari/537.36)
[2019-08-21 10:42:26] 200 - OK - text/html
[2019-08-21 10:42:27] REQUEST POST - https://localhost:8082/public/ws/General.asmx/Set
[2019-08-21 10:42:27] ---- FROM  ::1 (WinNT)
[2019-08-21 10:42:27] ---- BROWSER:  Chrome 76.0 (Mozilla/5.0 (Windows NT 10.0; Win64; x64) AppleWebKit/537.36 (KHTML, like Gecko) Chrome/76.0.3809.100 Safari/537.36)
[2019-08-21 10:42:27] ---- CONTENT: {data : "<?xml version='1.0' encoding='utf-8' ?><Request ID='20190821104227497'><General><Token>61111131252223224013000011333653</Token></General><Data><Nome>Business Plan Test nr. 2</Nome><Logo>https%3A%2F%2Flocalhost%3A8082%2Fscratch%2Fpl_logo.png</Logo></Data></Request>"}
[2019-08-21 10:42:27] 200 - OK - application/json
[2019-08-21 10:42:27] REQUEST POST - https://localhost:8082/public/ws/Config.asmx/Economics_Get
[2019-08-21 10:42:27] ---- FROM  ::1 (WinNT)
[2019-08-21 10:42:27] ---- BROWSER:  Chrome 76.0 (Mozilla/5.0 (Windows NT 10.0; Win64; x64) AppleWebKit/537.36 (KHTML, like Gecko) Chrome/76.0.3809.100 Safari/537.36)
[2019-08-21 10:42:27] ---- CONTENT: {data : "<?xml version='1.0' encoding='utf-8' ?><Request ID='20190821104227528'><General><Token>61111131252223224013000011333653</Token></General><Data></Data></Request>"}
[2019-08-21 10:42:27] 200 - OK - application/json
[2019-08-21 10:42:27] REQUEST POST - https://localhost:8082/public/ws/Config.asmx/All_Get
[2019-08-21 10:42:27] ---- FROM  ::1 (WinNT)
[2019-08-21 10:42:27] ---- BROWSER:  Chrome 76.0 (Mozilla/5.0 (Windows NT 10.0; Win64; x64) AppleWebKit/537.36 (KHTML, like Gecko) Chrome/76.0.3809.100 Safari/537.36)
[2019-08-21 10:42:27] ---- CONTENT: {data : "<?xml version='1.0' encoding='utf-8' ?><Request ID='20190821104227768'><General><Token>61111131252223224013000011333653</Token></General><Data></Data></Request>"}
[2019-08-21 10:42:27] REQUEST POST - https://localhost:8082/public/ws/Economics.asmx/messaggi_summary
[2019-08-21 10:42:27] ---- FROM  ::1 (WinNT)
[2019-08-21 10:42:27] ---- BROWSER:  Chrome 76.0 (Mozilla/5.0 (Windows NT 10.0; Win64; x64) AppleWebKit/537.36 (KHTML, like Gecko) Chrome/76.0.3809.100 Safari/537.36)
[2019-08-21 10:42:27] 200 - OK - application/json
[2019-08-21 10:42:27] ---- CONTENT: {data : "<?xml version='1.0' encoding='utf-8' ?><Request ID='20190821104227792'><General><Token>61111131252223224013000011333653</Token></General><Data></Data></Request>"}
[2019-08-21 10:42:27] 200 - OK - application/json
[2019-08-21 10:42:27] REQUEST POST - https://localhost:8082/public/ws/Config.asmx/All_Get
[2019-08-21 10:42:27] ---- FROM  ::1 (WinNT)
[2019-08-21 10:42:27] ---- BROWSER:  Chrome 76.0 (Mozilla/5.0 (Windows NT 10.0; Win64; x64) AppleWebKit/537.36 (KHTML, like Gecko) Chrome/76.0.3809.100 Safari/537.36)
[2019-08-21 10:42:27] ---- CONTENT: {data : "<?xml version='1.0' encoding='utf-8' ?><Request ID='20190821104227886'><General><Token>61111131252223224013000011333653</Token></General><Data></Data></Request>"}
[2019-08-21 10:42:27] 200 - OK - application/json
[2019-08-21 10:42:28] REQUEST POST - https://localhost:8082/public/ws/Config.asmx/All_Get
[2019-08-21 10:42:28] ---- FROM  ::1 (WinNT)
[2019-08-21 10:42:28] ---- BROWSER:  Chrome 76.0 (Mozilla/5.0 (Windows NT 10.0; Win64; x64) AppleWebKit/537.36 (KHTML, like Gecko) Chrome/76.0.3809.100 Safari/537.36)
[2019-08-21 10:42:28] ---- CONTENT: {data : "<?xml version='1.0' encoding='utf-8' ?><Request ID='2019082110422887'><General><Token>61111131252223224013000011333653</Token></General><Data></Data></Request>"}
[2019-08-21 10:42:28] 200 - OK - application/json
[2019-08-21 10:42:37] REQUEST GET - https://localhost:8082/economics/iva
[2019-08-21 10:42:37] ---- FROM  ::1 (WinNT)
[2019-08-21 10:42:37] ---- BROWSER:  Chrome 76.0 (Mozilla/5.0 (Windows NT 10.0; Win64; x64) AppleWebKit/537.36 (KHTML, like Gecko) Chrome/76.0.3809.100 Safari/537.36)
[2019-08-21 10:42:37] 200 - OK - text/html
[2019-08-21 10:42:39] REQUEST POST - https://localhost:8082/public/ws/Iva.asmx/Get
[2019-08-21 10:42:39] ---- FROM  ::1 (WinNT)
[2019-08-21 10:42:39] ---- BROWSER:  Chrome 76.0 (Mozilla/5.0 (Windows NT 10.0; Win64; x64) AppleWebKit/537.36 (KHTML, like Gecko) Chrome/76.0.3809.100 Safari/537.36)
[2019-08-21 10:42:39] ---- CONTENT: {data : "<?xml version='1.0' encoding='utf-8' ?><Request ID='20190821104239334'><General><Token>61111131252223224013000011333653</Token></General><Data></Data></Request>"}
[2019-08-21 10:42:40] 200 - OK - application/json
[2019-08-21 10:42:40] REQUEST POST - https://localhost:8082/public/ws/Config.asmx/All_Get
[2019-08-21 10:42:40] ---- FROM  ::1 (WinNT)
[2019-08-21 10:42:40] ---- BROWSER:  Chrome 76.0 (Mozilla/5.0 (Windows NT 10.0; Win64; x64) AppleWebKit/537.36 (KHTML, like Gecko) Chrome/76.0.3809.100 Safari/537.36)
[2019-08-21 10:42:40] ---- CONTENT: {data : "<?xml version='1.0' encoding='utf-8' ?><Request ID='20190821104240593'><General><Token>61111131252223224013000011333653</Token></General><Data></Data></Request>"}
[2019-08-21 10:42:40] 200 - OK - application/json
[2019-08-21 10:42:40] REQUEST POST - https://localhost:8082/public/ws/Economics.asmx/messaggi_summary
[2019-08-21 10:42:40] ---- FROM  ::1 (WinNT)
[2019-08-21 10:42:40] ---- BROWSER:  Chrome 76.0 (Mozilla/5.0 (Windows NT 10.0; Win64; x64) AppleWebKit/537.36 (KHTML, like Gecko) Chrome/76.0.3809.100 Safari/537.36)
[2019-08-21 10:42:40] ---- CONTENT: {data : "<?xml version='1.0' encoding='utf-8' ?><Request ID='20190821104240647'><General><Token>61111131252223224013000011333653</Token></General><Data></Data></Request>"}
[2019-08-21 10:42:40] 200 - OK - application/json
[2019-08-21 10:42:40] REQUEST GET - https://localhost:8082/public/ws/Resources.ashx/xml-economics/61111131252223224013000011333653
[2019-08-21 10:42:40] ---- FROM  ::1 (WinNT)
[2019-08-21 10:42:40] ---- BROWSER:  Chrome 76.0 (Mozilla/5.0 (Windows NT 10.0; Win64; x64) AppleWebKit/537.36 (KHTML, like Gecko) Chrome/76.0.3809.100 Safari/537.36)
[2019-08-21 10:42:40] 200 - OK - text/xml
[2019-08-21 10:42:40] REQUEST POST - https://localhost:8082/public/ws/Config.asmx/All_Get
[2019-08-21 10:42:40] ---- FROM  ::1 (WinNT)
[2019-08-21 10:42:40] ---- BROWSER:  Chrome 76.0 (Mozilla/5.0 (Windows NT 10.0; Win64; x64) AppleWebKit/537.36 (KHTML, like Gecko) Chrome/76.0.3809.100 Safari/537.36)
[2019-08-21 10:42:40] ---- CONTENT: {data : "<?xml version='1.0' encoding='utf-8' ?><Request ID='20190821104240737'><General><Token>61111131252223224013000011333653</Token></General><Data></Data></Request>"}
[2019-08-21 10:42:40] 200 - OK - application/json
[2019-08-21 10:42:41] REQUEST POST - https://localhost:8082/public/ws/Config.asmx/All_Get
[2019-08-21 10:42:41] ---- FROM  ::1 (WinNT)
[2019-08-21 10:42:41] ---- BROWSER:  Chrome 76.0 (Mozilla/5.0 (Windows NT 10.0; Win64; x64) AppleWebKit/537.36 (KHTML, like Gecko) Chrome/76.0.3809.100 Safari/537.36)
[2019-08-21 10:42:41] ---- CONTENT: {data : "<?xml version='1.0' encoding='utf-8' ?><Request ID='20190821104241275'><General><Token>61111131252223224013000011333653</Token></General><Data></Data></Request>"}
[2019-08-21 10:42:41] 200 - OK - application/json
[2019-08-21 10:49:06] REQUEST GET - https://localhost:8082/public/aspx/Home.aspx?Token=61111131252223224013000011333653&TokenApiRest=eyJ0eXAiOiJKV1QiLCJhbGciOiJIUzI1NiJ9.eyJpc3MiOiJodHRwczpcL1wvd3d3cy5kZXYteWVhcC5pdCIsImlhdCI6MTU0MjI5NDMyMSwibmJmIjoxNTQyMjk0MzIxLCJleHAiOjE1NDI4OTkxMjEsImRhdGEiOnsidXNlciI6eyJpZCI6IjQ0In19fQ.RCP5OeoGASxAyBw1MbMD4BFJAcDM5JIXqYXKBALZcJI&Logo=https://localhost:8082/scratch/pl_logo.png&Title=Business Plan Test nr. 2
[2019-08-21 10:49:06] ---- FROM  ::1 (WinNT)
[2019-08-21 10:49:06] ---- BROWSER:  Chrome 76.0 (Mozilla/5.0 (Windows NT 10.0; Win64; x64) AppleWebKit/537.36 (KHTML, like Gecko) Chrome/76.0.3809.100 Safari/537.36)
[2019-08-21 10:49:06] 302 - Found - text/html
[2019-08-21 10:49:06] REQUEST GET - https://localhost:8082/home/welcome?Token=61111131252223224013000011333653&TokenApiRest=eyJ0eXAiOiJKV1QiLCJhbGciOiJIUzI1NiJ9.eyJpc3MiOiJodHRwczpcL1wvd3d3cy5kZXYteWVhcC5pdCIsImlhdCI6MTU0MjI5NDMyMSwibmJmIjoxNTQyMjk0MzIxLCJleHAiOjE1NDI4OTkxMjEsImRhdGEiOnsidXNlciI6eyJpZCI6IjQ0In19fQ.RCP5OeoGASxAyBw1MbMD4BFJAcDM5JIXqYXKBALZcJI&Logo=https://localhost:8082/scratch/pl_logo.png&Title=Business Plan Test nr. 2
[2019-08-21 10:49:06] ---- FROM  ::1 (WinNT)
[2019-08-21 10:49:06] ---- BROWSER:  Chrome 76.0 (Mozilla/5.0 (Windows NT 10.0; Win64; x64) AppleWebKit/537.36 (KHTML, like Gecko) Chrome/76.0.3809.100 Safari/537.36)
[2019-08-21 10:49:06] 200 - OK - text/html
[2019-08-21 10:49:08] REQUEST POST - https://localhost:8082/public/ws/General.asmx/Set
[2019-08-21 10:49:08] ---- FROM  ::1 (WinNT)
[2019-08-21 10:49:08] ---- BROWSER:  Chrome 76.0 (Mozilla/5.0 (Windows NT 10.0; Win64; x64) AppleWebKit/537.36 (KHTML, like Gecko) Chrome/76.0.3809.100 Safari/537.36)
[2019-08-21 10:49:08] ---- CONTENT: {data : "<?xml version='1.0' encoding='utf-8' ?><Request ID='20190821104908297'><General><Token>61111131252223224013000011333653</Token></General><Data><Nome>Business Plan Test nr. 2</Nome><Logo>https%3A%2F%2Flocalhost%3A8082%2Fscratch%2Fpl_logo.png</Logo></Data></Request>"}
[2019-08-21 10:49:08] 200 - OK - application/json
[2019-08-21 10:49:08] REQUEST POST - https://localhost:8082/public/ws/Config.asmx/Economics_Get
[2019-08-21 10:49:08] ---- FROM  ::1 (WinNT)
[2019-08-21 10:49:08] ---- BROWSER:  Chrome 76.0 (Mozilla/5.0 (Windows NT 10.0; Win64; x64) AppleWebKit/537.36 (KHTML, like Gecko) Chrome/76.0.3809.100 Safari/537.36)
[2019-08-21 10:49:08] ---- CONTENT: {data : "<?xml version='1.0' encoding='utf-8' ?><Request ID='20190821104908336'><General><Token>61111131252223224013000011333653</Token></General><Data></Data></Request>"}
[2019-08-21 10:49:08] 200 - OK - application/json
[2019-08-21 10:49:08] REQUEST POST - https://localhost:8082/public/ws/Economics.asmx/messaggi_summary
[2019-08-21 10:49:08] ---- FROM  ::1 (WinNT)
[2019-08-21 10:49:08] ---- BROWSER:  Chrome 76.0 (Mozilla/5.0 (Windows NT 10.0; Win64; x64) AppleWebKit/537.36 (KHTML, like Gecko) Chrome/76.0.3809.100 Safari/537.36)
[2019-08-21 10:49:08] ---- CONTENT: {data : "<?xml version='1.0' encoding='utf-8' ?><Request ID='20190821104908489'><General><Token>61111131252223224013000011333653</Token></General><Data></Data></Request>"}
[2019-08-21 10:49:08] 200 - OK - application/json
[2019-08-21 10:49:08] REQUEST POST - https://localhost:8082/public/ws/Config.asmx/All_Get
[2019-08-21 10:49:08] ---- FROM  ::1 (WinNT)
[2019-08-21 10:49:08] ---- BROWSER:  Chrome 76.0 (Mozilla/5.0 (Windows NT 10.0; Win64; x64) AppleWebKit/537.36 (KHTML, like Gecko) Chrome/76.0.3809.100 Safari/537.36)
[2019-08-21 10:49:08] ---- CONTENT: {data : "<?xml version='1.0' encoding='utf-8' ?><Request ID='20190821104908560'><General><Token>61111131252223224013000011333653</Token></General><Data></Data></Request>"}
[2019-08-21 10:49:08] 200 - OK - application/json
[2019-08-21 10:49:08] REQUEST POST - https://localhost:8082/public/ws/Config.asmx/All_Get
[2019-08-21 10:49:08] ---- FROM  ::1 (WinNT)
[2019-08-21 10:49:08] ---- BROWSER:  Chrome 76.0 (Mozilla/5.0 (Windows NT 10.0; Win64; x64) AppleWebKit/537.36 (KHTML, like Gecko) Chrome/76.0.3809.100 Safari/537.36)
[2019-08-21 10:49:08] ---- CONTENT: {data : "<?xml version='1.0' encoding='utf-8' ?><Request ID='20190821104908616'><General><Token>61111131252223224013000011333653</Token></General><Data></Data></Request>"}
[2019-08-21 10:49:08] 200 - OK - application/json
[2019-08-21 10:49:08] REQUEST POST - https://localhost:8082/public/ws/Config.asmx/All_Get
[2019-08-21 10:49:08] ---- FROM  ::1 (WinNT)
[2019-08-21 10:49:08] ---- BROWSER:  Chrome 76.0 (Mozilla/5.0 (Windows NT 10.0; Win64; x64) AppleWebKit/537.36 (KHTML, like Gecko) Chrome/76.0.3809.100 Safari/537.36)
[2019-08-21 10:49:08] ---- CONTENT: {data : "<?xml version='1.0' encoding='utf-8' ?><Request ID='20190821104908897'><General><Token>61111131252223224013000011333653</Token></General><Data></Data></Request>"}
[2019-08-21 10:49:08] 200 - OK - application/json
[2019-08-21 10:49:19] REQUEST GET - https://localhost:8082/public/aspx/Home.aspx?Token=61111131252223224013000011333653&TokenApiRest=eyJ0eXAiOiJKV1QiLCJhbGciOiJIUzI1NiJ9.eyJpc3MiOiJodHRwczpcL1wvd3d3cy5kZXYteWVhcC5pdCIsImlhdCI6MTU0MjI5NDMyMSwibmJmIjoxNTQyMjk0MzIxLCJleHAiOjE1NDI4OTkxMjEsImRhdGEiOnsidXNlciI6eyJpZCI6IjQ0In19fQ.RCP5OeoGASxAyBw1MbMD4BFJAcDM5JIXqYXKBALZcJI&Logo=https://localhost:8082/scratch/pl_logo.png&Title=Business Plan Test nr. 2
[2019-08-21 10:49:19] ---- FROM  ::1 (WinNT)
[2019-08-21 10:49:19] ---- BROWSER:  Chrome 76.0 (Mozilla/5.0 (Windows NT 10.0; Win64; x64) AppleWebKit/537.36 (KHTML, like Gecko) Chrome/76.0.3809.100 Safari/537.36)
[2019-08-21 10:49:19] 302 - Found - text/html
[2019-08-21 10:49:19] REQUEST GET - https://localhost:8082/home/welcome?Token=61111131252223224013000011333653&TokenApiRest=eyJ0eXAiOiJKV1QiLCJhbGciOiJIUzI1NiJ9.eyJpc3MiOiJodHRwczpcL1wvd3d3cy5kZXYteWVhcC5pdCIsImlhdCI6MTU0MjI5NDMyMSwibmJmIjoxNTQyMjk0MzIxLCJleHAiOjE1NDI4OTkxMjEsImRhdGEiOnsidXNlciI6eyJpZCI6IjQ0In19fQ.RCP5OeoGASxAyBw1MbMD4BFJAcDM5JIXqYXKBALZcJI&Logo=https://localhost:8082/scratch/pl_logo.png&Title=Business Plan Test nr. 2
[2019-08-21 10:49:19] ---- FROM  ::1 (WinNT)
[2019-08-21 10:49:19] ---- BROWSER:  Chrome 76.0 (Mozilla/5.0 (Windows NT 10.0; Win64; x64) AppleWebKit/537.36 (KHTML, like Gecko) Chrome/76.0.3809.100 Safari/537.36)
[2019-08-21 10:49:19] 200 - OK - text/html
[2019-08-21 10:49:21] REQUEST POST - https://localhost:8082/public/ws/General.asmx/Set
[2019-08-21 10:49:21] ---- FROM  ::1 (WinNT)
[2019-08-21 10:49:21] ---- BROWSER:  Chrome 76.0 (Mozilla/5.0 (Windows NT 10.0; Win64; x64) AppleWebKit/537.36 (KHTML, like Gecko) Chrome/76.0.3809.100 Safari/537.36)
[2019-08-21 10:49:21] ---- CONTENT: {data : "<?xml version='1.0' encoding='utf-8' ?><Request ID='201908211049212'><General><Token>61111131252223224013000011333653</Token></General><Data><Nome>Business Plan Test nr. 2</Nome><Logo>https%3A%2F%2Flocalhost%3A8082%2Fscratch%2Fpl_logo.png</Logo></Data></Request>"}
[2019-08-21 10:49:21] 200 - OK - application/json
[2019-08-21 10:49:21] REQUEST POST - https://localhost:8082/public/ws/Config.asmx/Economics_Get
[2019-08-21 10:49:21] ---- FROM  ::1 (WinNT)
[2019-08-21 10:49:21] ---- BROWSER:  Chrome 76.0 (Mozilla/5.0 (Windows NT 10.0; Win64; x64) AppleWebKit/537.36 (KHTML, like Gecko) Chrome/76.0.3809.100 Safari/537.36)
[2019-08-21 10:49:21] ---- CONTENT: {data : "<?xml version='1.0' encoding='utf-8' ?><Request ID='2019082110492125'><General><Token>61111131252223224013000011333653</Token></General><Data></Data></Request>"}
[2019-08-21 10:49:21] 200 - OK - application/json
[2019-08-21 10:49:21] REQUEST POST - https://localhost:8082/public/ws/Config.asmx/All_Get
[2019-08-21 10:49:21] ---- FROM  ::1 (WinNT)
[2019-08-21 10:49:21] ---- BROWSER:  Chrome 76.0 (Mozilla/5.0 (Windows NT 10.0; Win64; x64) AppleWebKit/537.36 (KHTML, like Gecko) Chrome/76.0.3809.100 Safari/537.36)
[2019-08-21 10:49:21] ---- CONTENT: {data : "<?xml version='1.0' encoding='utf-8' ?><Request ID='20190821104921108'><General><Token>61111131252223224013000011333653</Token></General><Data></Data></Request>"}
[2019-08-21 10:49:21] REQUEST POST - https://localhost:8082/public/ws/Economics.asmx/messaggi_summary
[2019-08-21 10:49:21] ---- FROM  ::1 (WinNT)
[2019-08-21 10:49:21] ---- BROWSER:  Chrome 76.0 (Mozilla/5.0 (Windows NT 10.0; Win64; x64) AppleWebKit/537.36 (KHTML, like Gecko) Chrome/76.0.3809.100 Safari/537.36)
[2019-08-21 10:49:21] ---- CONTENT: {data : "<?xml version='1.0' encoding='utf-8' ?><Request ID='20190821104921145'><General><Token>61111131252223224013000011333653</Token></General><Data></Data></Request>"}
[2019-08-21 10:49:21] 200 - OK - application/json
[2019-08-21 10:49:21] 200 - OK - application/json
[2019-08-21 10:49:21] REQUEST POST - https://localhost:8082/public/ws/Config.asmx/All_Get
[2019-08-21 10:49:21] ---- FROM  ::1 (WinNT)
[2019-08-21 10:49:21] ---- BROWSER:  Chrome 76.0 (Mozilla/5.0 (Windows NT 10.0; Win64; x64) AppleWebKit/537.36 (KHTML, like Gecko) Chrome/76.0.3809.100 Safari/537.36)
[2019-08-21 10:49:21] ---- CONTENT: {data : "<?xml version='1.0' encoding='utf-8' ?><Request ID='20190821104921236'><General><Token>61111131252223224013000011333653</Token></General><Data></Data></Request>"}
[2019-08-21 10:49:21] 200 - OK - application/json
[2019-08-21 10:49:21] REQUEST POST - https://localhost:8082/public/ws/Config.asmx/All_Get
[2019-08-21 10:49:21] ---- FROM  ::1 (WinNT)
[2019-08-21 10:49:21] ---- BROWSER:  Chrome 76.0 (Mozilla/5.0 (Windows NT 10.0; Win64; x64) AppleWebKit/537.36 (KHTML, like Gecko) Chrome/76.0.3809.100 Safari/537.36)
[2019-08-21 10:49:21] ---- CONTENT: {data : "<?xml version='1.0' encoding='utf-8' ?><Request ID='20190821104921428'><General><Token>61111131252223224013000011333653</Token></General><Data></Data></Request>"}
[2019-08-21 10:49:21] 200 - OK - application/json
[2019-08-21 10:49:29] REQUEST GET - https://localhost:8082/economics/iva
[2019-08-21 10:49:29] ---- FROM  ::1 (WinNT)
[2019-08-21 10:49:29] ---- BROWSER:  Chrome 76.0 (Mozilla/5.0 (Windows NT 10.0; Win64; x64) AppleWebKit/537.36 (KHTML, like Gecko) Chrome/76.0.3809.100 Safari/537.36)
[2019-08-21 10:49:29] 200 - OK - text/html
[2019-08-21 10:49:31] REQUEST POST - https://localhost:8082/public/ws/Iva.asmx/Get
[2019-08-21 10:49:31] ---- FROM  ::1 (WinNT)
[2019-08-21 10:49:31] ---- BROWSER:  Chrome 76.0 (Mozilla/5.0 (Windows NT 10.0; Win64; x64) AppleWebKit/537.36 (KHTML, like Gecko) Chrome/76.0.3809.100 Safari/537.36)
[2019-08-21 10:49:31] ---- CONTENT: {data : "<?xml version='1.0' encoding='utf-8' ?><Request ID='20190821104931173'><General><Token>61111131252223224013000011333653</Token></General><Data></Data></Request>"}
[2019-08-21 10:49:32] 200 - OK - application/json
[2019-08-21 10:49:32] REQUEST POST - https://localhost:8082/public/ws/Config.asmx/All_Get
[2019-08-21 10:49:32] ---- FROM  ::1 (WinNT)
[2019-08-21 10:49:32] ---- BROWSER:  Chrome 76.0 (Mozilla/5.0 (Windows NT 10.0; Win64; x64) AppleWebKit/537.36 (KHTML, like Gecko) Chrome/76.0.3809.100 Safari/537.36)
[2019-08-21 10:49:32] ---- CONTENT: {data : "<?xml version='1.0' encoding='utf-8' ?><Request ID='20190821104932305'><General><Token>61111131252223224013000011333653</Token></General><Data></Data></Request>"}
[2019-08-21 10:49:32] 200 - OK - application/json
[2019-08-21 10:49:32] REQUEST POST - https://localhost:8082/public/ws/Economics.asmx/messaggi_summary
[2019-08-21 10:49:32] ---- FROM  ::1 (WinNT)
[2019-08-21 10:49:32] ---- BROWSER:  Chrome 76.0 (Mozilla/5.0 (Windows NT 10.0; Win64; x64) AppleWebKit/537.36 (KHTML, like Gecko) Chrome/76.0.3809.100 Safari/537.36)
[2019-08-21 10:49:32] ---- CONTENT: {data : "<?xml version='1.0' encoding='utf-8' ?><Request ID='20190821104932376'><General><Token>61111131252223224013000011333653</Token></General><Data></Data></Request>"}
[2019-08-21 10:49:32] 200 - OK - application/json
[2019-08-21 10:49:32] REQUEST POST - https://localhost:8082/public/ws/Config.asmx/All_Get
[2019-08-21 10:49:32] ---- FROM  ::1 (WinNT)
[2019-08-21 10:49:32] ---- BROWSER:  Chrome 76.0 (Mozilla/5.0 (Windows NT 10.0; Win64; x64) AppleWebKit/537.36 (KHTML, like Gecko) Chrome/76.0.3809.100 Safari/537.36)
[2019-08-21 10:49:32] ---- CONTENT: {data : "<?xml version='1.0' encoding='utf-8' ?><Request ID='20190821104932446'><General><Token>61111131252223224013000011333653</Token></General><Data></Data></Request>"}
[2019-08-21 10:49:32] REQUEST GET - https://localhost:8082/public/ws/Resources.ashx/xml-economics/61111131252223224013000011333653
[2019-08-21 10:49:32] ---- FROM  ::1 (WinNT)
[2019-08-21 10:49:32] ---- BROWSER:  Chrome 76.0 (Mozilla/5.0 (Windows NT 10.0; Win64; x64) AppleWebKit/537.36 (KHTML, like Gecko) Chrome/76.0.3809.100 Safari/537.36)
[2019-08-21 10:49:32] 200 - OK - application/json
[2019-08-21 10:49:32] 200 - OK - text/xml
[2019-08-21 10:49:33] REQUEST POST - https://localhost:8082/public/ws/Config.asmx/All_Get
[2019-08-21 10:49:33] ---- FROM  ::1 (WinNT)
[2019-08-21 10:49:33] ---- BROWSER:  Chrome 76.0 (Mozilla/5.0 (Windows NT 10.0; Win64; x64) AppleWebKit/537.36 (KHTML, like Gecko) Chrome/76.0.3809.100 Safari/537.36)
[2019-08-21 10:49:33] ---- CONTENT: {data : "<?xml version='1.0' encoding='utf-8' ?><Request ID='2019082110493390'><General><Token>61111131252223224013000011333653</Token></General><Data></Data></Request>"}
[2019-08-21 10:49:33] 200 - OK - application/json
[2019-08-21 10:52:30] REQUEST GET - https://localhost:8082/economics/iva
[2019-08-21 10:52:30] ---- FROM  ::1 (WinNT)
[2019-08-21 10:52:30] ---- BROWSER:  Chrome 76.0 (Mozilla/5.0 (Windows NT 10.0; Win64; x64) AppleWebKit/537.36 (KHTML, like Gecko) Chrome/76.0.3809.100 Safari/537.36)
[2019-08-21 10:52:30] 200 - OK - text/html
[2019-08-21 10:52:33] REQUEST POST - https://localhost:8082/public/ws/Iva.asmx/Get
[2019-08-21 10:52:33] ---- FROM  ::1 (WinNT)
[2019-08-21 10:52:33] ---- BROWSER:  Chrome 76.0 (Mozilla/5.0 (Windows NT 10.0; Win64; x64) AppleWebKit/537.36 (KHTML, like Gecko) Chrome/76.0.3809.100 Safari/537.36)
[2019-08-21 10:52:33] ---- CONTENT: {data : "<?xml version='1.0' encoding='utf-8' ?><Request ID='20190821105233403'><General><Token>61111131252223224013000011333653</Token></General><Data></Data></Request>"}
[2019-08-21 10:52:34] 200 - OK - application/json
[2019-08-21 10:52:34] REQUEST POST - https://localhost:8082/public/ws/Config.asmx/All_Get
[2019-08-21 10:52:34] ---- FROM  ::1 (WinNT)
[2019-08-21 10:52:34] ---- BROWSER:  Chrome 76.0 (Mozilla/5.0 (Windows NT 10.0; Win64; x64) AppleWebKit/537.36 (KHTML, like Gecko) Chrome/76.0.3809.100 Safari/537.36)
[2019-08-21 10:52:34] ---- CONTENT: {data : "<?xml version='1.0' encoding='utf-8' ?><Request ID='20190821105234642'><General><Token>61111131252223224013000011333653</Token></General><Data></Data></Request>"}
[2019-08-21 10:52:34] 200 - OK - application/json
[2019-08-21 10:52:34] REQUEST POST - https://localhost:8082/public/ws/Economics.asmx/messaggi_summary
[2019-08-21 10:52:34] ---- FROM  ::1 (WinNT)
[2019-08-21 10:52:34] ---- BROWSER:  Chrome 76.0 (Mozilla/5.0 (Windows NT 10.0; Win64; x64) AppleWebKit/537.36 (KHTML, like Gecko) Chrome/76.0.3809.100 Safari/537.36)
[2019-08-21 10:52:34] ---- CONTENT: {data : "<?xml version='1.0' encoding='utf-8' ?><Request ID='20190821105234690'><General><Token>61111131252223224013000011333653</Token></General><Data></Data></Request>"}
[2019-08-21 10:52:34] 200 - OK - application/json
[2019-08-21 10:52:34] REQUEST GET - https://localhost:8082/public/ws/Resources.ashx/xml-economics/61111131252223224013000011333653
[2019-08-21 10:52:34] ---- FROM  ::1 (WinNT)
[2019-08-21 10:52:34] ---- BROWSER:  Chrome 76.0 (Mozilla/5.0 (Windows NT 10.0; Win64; x64) AppleWebKit/537.36 (KHTML, like Gecko) Chrome/76.0.3809.100 Safari/537.36)
[2019-08-21 10:52:34] 200 - OK - text/xml
[2019-08-21 10:52:34] REQUEST POST - https://localhost:8082/public/ws/Config.asmx/All_Get
[2019-08-21 10:52:34] ---- FROM  ::1 (WinNT)
[2019-08-21 10:52:34] ---- BROWSER:  Chrome 76.0 (Mozilla/5.0 (Windows NT 10.0; Win64; x64) AppleWebKit/537.36 (KHTML, like Gecko) Chrome/76.0.3809.100 Safari/537.36)
[2019-08-21 10:52:34] ---- CONTENT: {data : "<?xml version='1.0' encoding='utf-8' ?><Request ID='20190821105234818'><General><Token>61111131252223224013000011333653</Token></General><Data></Data></Request>"}
[2019-08-21 10:52:34] 200 - OK - application/json
[2019-08-21 10:52:35] REQUEST POST - https://localhost:8082/public/ws/Config.asmx/All_Get
[2019-08-21 10:52:35] ---- FROM  ::1 (WinNT)
[2019-08-21 10:52:35] ---- BROWSER:  Chrome 76.0 (Mozilla/5.0 (Windows NT 10.0; Win64; x64) AppleWebKit/537.36 (KHTML, like Gecko) Chrome/76.0.3809.100 Safari/537.36)
[2019-08-21 10:52:35] ---- CONTENT: {data : "<?xml version='1.0' encoding='utf-8' ?><Request ID='20190821105235357'><General><Token>61111131252223224013000011333653</Token></General><Data></Data></Request>"}
[2019-08-21 10:52:35] 200 - OK - application/json
[2019-08-21 11:01:07] REQUEST GET - https://localhost:8082/economics/iva
[2019-08-21 11:01:07] ---- FROM  ::1 (WinNT)
[2019-08-21 11:01:07] ---- BROWSER:  Chrome 76.0 (Mozilla/5.0 (Windows NT 10.0; Win64; x64) AppleWebKit/537.36 (KHTML, like Gecko) Chrome/76.0.3809.100 Safari/537.36)
[2019-08-21 11:01:07] 200 - OK - text/html
[2019-08-21 11:01:10] REQUEST POST - https://localhost:8082/public/ws/Iva.asmx/Get
[2019-08-21 11:01:10] ---- FROM  ::1 (WinNT)
[2019-08-21 11:01:10] ---- BROWSER:  Chrome 76.0 (Mozilla/5.0 (Windows NT 10.0; Win64; x64) AppleWebKit/537.36 (KHTML, like Gecko) Chrome/76.0.3809.100 Safari/537.36)
[2019-08-21 11:01:10] ---- CONTENT: {data : "<?xml version='1.0' encoding='utf-8' ?><Request ID='20190821110110277'><General><Token>61111131252223224013000011333653</Token></General><Data></Data></Request>"}
[2019-08-21 11:01:11] 200 - OK - application/json
[2019-08-21 11:01:11] REQUEST GET - https://localhost:8082/public/ws/Resources.ashx/xml-economics/61111131252223224013000011333653
[2019-08-21 11:01:11] ---- FROM  ::1 (WinNT)
[2019-08-21 11:01:11] ---- BROWSER:  Chrome 76.0 (Mozilla/5.0 (Windows NT 10.0; Win64; x64) AppleWebKit/537.36 (KHTML, like Gecko) Chrome/76.0.3809.100 Safari/537.36)
[2019-08-21 11:01:11] 200 - OK - text/xml
[2019-08-21 11:01:11] REQUEST POST - https://localhost:8082/public/ws/Config.asmx/All_Get
[2019-08-21 11:01:11] ---- FROM  ::1 (WinNT)
[2019-08-21 11:01:11] ---- BROWSER:  Chrome 76.0 (Mozilla/5.0 (Windows NT 10.0; Win64; x64) AppleWebKit/537.36 (KHTML, like Gecko) Chrome/76.0.3809.100 Safari/537.36)
[2019-08-21 11:01:11] ---- CONTENT: {data : "<?xml version='1.0' encoding='utf-8' ?><Request ID='20190821110111829'><General><Token>61111131252223224013000011333653</Token></General><Data></Data></Request>"}
[2019-08-21 11:01:11] 200 - OK - application/json
[2019-08-21 11:01:11] REQUEST POST - https://localhost:8082/public/ws/Economics.asmx/messaggi_summary
[2019-08-21 11:01:11] ---- FROM  ::1 (WinNT)
[2019-08-21 11:01:11] ---- BROWSER:  Chrome 76.0 (Mozilla/5.0 (Windows NT 10.0; Win64; x64) AppleWebKit/537.36 (KHTML, like Gecko) Chrome/76.0.3809.100 Safari/537.36)
[2019-08-21 11:01:11] ---- CONTENT: {data : "<?xml version='1.0' encoding='utf-8' ?><Request ID='20190821110111907'><General><Token>61111131252223224013000011333653</Token></General><Data></Data></Request>"}
[2019-08-21 11:01:11] 200 - OK - application/json
[2019-08-21 11:01:12] REQUEST POST - https://localhost:8082/public/ws/Config.asmx/All_Get
[2019-08-21 11:01:12] ---- FROM  ::1 (WinNT)
[2019-08-21 11:01:12] ---- BROWSER:  Chrome 76.0 (Mozilla/5.0 (Windows NT 10.0; Win64; x64) AppleWebKit/537.36 (KHTML, like Gecko) Chrome/76.0.3809.100 Safari/537.36)
[2019-08-21 11:01:12] ---- CONTENT: {data : "<?xml version='1.0' encoding='utf-8' ?><Request ID='2019082111011253'><General><Token>61111131252223224013000011333653</Token></General><Data></Data></Request>"}
[2019-08-21 11:01:12] 200 - OK - application/json
[2019-08-21 11:01:12] REQUEST POST - https://localhost:8082/public/ws/Config.asmx/All_Get
[2019-08-21 11:01:12] ---- FROM  ::1 (WinNT)
[2019-08-21 11:01:12] ---- BROWSER:  Chrome 76.0 (Mozilla/5.0 (Windows NT 10.0; Win64; x64) AppleWebKit/537.36 (KHTML, like Gecko) Chrome/76.0.3809.100 Safari/537.36)
[2019-08-21 11:01:12] ---- CONTENT: {data : "<?xml version='1.0' encoding='utf-8' ?><Request ID='20190821110112514'><General><Token>61111131252223224013000011333653</Token></General><Data></Data></Request>"}
[2019-08-21 11:01:12] 200 - OK - application/json
[2019-08-21 11:03:18] REQUEST GET - https://localhost:8082/economics/iva
[2019-08-21 11:03:18] ---- FROM  ::1 (WinNT)
[2019-08-21 11:03:18] ---- BROWSER:  Chrome 76.0 (Mozilla/5.0 (Windows NT 10.0; Win64; x64) AppleWebKit/537.36 (KHTML, like Gecko) Chrome/76.0.3809.100 Safari/537.36)
[2019-08-21 11:03:18] 200 - OK - text/html
[2019-08-21 11:03:21] REQUEST POST - https://localhost:8082/public/ws/Iva.asmx/Get
[2019-08-21 11:03:21] ---- FROM  ::1 (WinNT)
[2019-08-21 11:03:21] ---- BROWSER:  Chrome 76.0 (Mozilla/5.0 (Windows NT 10.0; Win64; x64) AppleWebKit/537.36 (KHTML, like Gecko) Chrome/76.0.3809.100 Safari/537.36)
[2019-08-21 11:03:21] ---- CONTENT: {data : "<?xml version='1.0' encoding='utf-8' ?><Request ID='2019082111032174'><General><Token>61111131252223224013000011333653</Token></General><Data></Data></Request>"}
[2019-08-21 11:03:22] 200 - OK - application/json
[2019-08-21 11:03:22] REQUEST POST - https://localhost:8082/public/ws/Config.asmx/All_Get
[2019-08-21 11:03:22] ---- FROM  ::1 (WinNT)
[2019-08-21 11:03:22] ---- BROWSER:  Chrome 76.0 (Mozilla/5.0 (Windows NT 10.0; Win64; x64) AppleWebKit/537.36 (KHTML, like Gecko) Chrome/76.0.3809.100 Safari/537.36)
[2019-08-21 11:03:22] ---- CONTENT: {data : "<?xml version='1.0' encoding='utf-8' ?><Request ID='20190821110322500'><General><Token>61111131252223224013000011333653</Token></General><Data></Data></Request>"}
[2019-08-21 11:03:22] 200 - OK - application/json
[2019-08-21 11:03:22] REQUEST POST - https://localhost:8082/public/ws/Economics.asmx/messaggi_summary
[2019-08-21 11:03:22] ---- FROM  ::1 (WinNT)
[2019-08-21 11:03:22] ---- BROWSER:  Chrome 76.0 (Mozilla/5.0 (Windows NT 10.0; Win64; x64) AppleWebKit/537.36 (KHTML, like Gecko) Chrome/76.0.3809.100 Safari/537.36)
[2019-08-21 11:03:22] ---- CONTENT: {data : "<?xml version='1.0' encoding='utf-8' ?><Request ID='20190821110322602'><General><Token>61111131252223224013000011333653</Token></General><Data></Data></Request>"}
[2019-08-21 11:03:22] REQUEST GET - https://localhost:8082/public/ws/Resources.ashx/xml-economics/61111131252223224013000011333653
[2019-08-21 11:03:22] ---- FROM  ::1 (WinNT)
[2019-08-21 11:03:22] ---- BROWSER:  Chrome 76.0 (Mozilla/5.0 (Windows NT 10.0; Win64; x64) AppleWebKit/537.36 (KHTML, like Gecko) Chrome/76.0.3809.100 Safari/537.36)
[2019-08-21 11:03:22] 200 - OK - application/json
[2019-08-21 11:03:22] 200 - OK - text/xml
[2019-08-21 11:03:22] REQUEST POST - https://localhost:8082/public/ws/Config.asmx/All_Get
[2019-08-21 11:03:22] ---- FROM  ::1 (WinNT)
[2019-08-21 11:03:22] ---- BROWSER:  Chrome 76.0 (Mozilla/5.0 (Windows NT 10.0; Win64; x64) AppleWebKit/537.36 (KHTML, like Gecko) Chrome/76.0.3809.100 Safari/537.36)
[2019-08-21 11:03:22] ---- CONTENT: {data : "<?xml version='1.0' encoding='utf-8' ?><Request ID='20190821110322743'><General><Token>61111131252223224013000011333653</Token></General><Data></Data></Request>"}
[2019-08-21 11:03:22] 200 - OK - application/json
[2019-08-21 11:03:23] REQUEST POST - https://localhost:8082/public/ws/Config.asmx/All_Get
[2019-08-21 11:03:23] ---- FROM  ::1 (WinNT)
[2019-08-21 11:03:23] ---- BROWSER:  Chrome 76.0 (Mozilla/5.0 (Windows NT 10.0; Win64; x64) AppleWebKit/537.36 (KHTML, like Gecko) Chrome/76.0.3809.100 Safari/537.36)
[2019-08-21 11:03:23] ---- CONTENT: {data : "<?xml version='1.0' encoding='utf-8' ?><Request ID='20190821110323533'><General><Token>61111131252223224013000011333653</Token></General><Data></Data></Request>"}
[2019-08-21 11:03:23] 200 - OK - application/json
[2019-08-21 11:10:15] REQUEST GET - https://localhost:8082/economics/iva
[2019-08-21 11:10:15] ---- FROM  ::1 (WinNT)
[2019-08-21 11:10:15] ---- BROWSER:  Chrome 76.0 (Mozilla/5.0 (Windows NT 10.0; Win64; x64) AppleWebKit/537.36 (KHTML, like Gecko) Chrome/76.0.3809.100 Safari/537.36)
[2019-08-21 11:10:15] 302 - Found - text/html
[2019-08-21 11:10:15] REQUEST GET - https://localhost:8082/public/aspx/Home.aspx?ReturnUrl=%2feconomics%2fiva
[2019-08-21 11:10:15] ---- FROM  ::1 (WinNT)
[2019-08-21 11:10:15] ---- BROWSER:  Chrome 76.0 (Mozilla/5.0 (Windows NT 10.0; Win64; x64) AppleWebKit/537.36 (KHTML, like Gecko) Chrome/76.0.3809.100 Safari/537.36)
[2019-08-21 11:10:15] 200 - OK - text/html
[2019-08-21 11:10:20] REQUEST GET - https://localhost:8082/public/aspx/Home.aspx?Token=61111131252223224013000011333653&TokenApiRest=eyJ0eXAiOiJKV1QiLCJhbGciOiJIUzI1NiJ9.eyJpc3MiOiJodHRwczpcL1wvd3d3cy5kZXYteWVhcC5pdCIsImlhdCI6MTU0MjI5NDMyMSwibmJmIjoxNTQyMjk0MzIxLCJleHAiOjE1NDI4OTkxMjEsImRhdGEiOnsidXNlciI6eyJpZCI6IjQ0In19fQ.RCP5OeoGASxAyBw1MbMD4BFJAcDM5JIXqYXKBALZcJI&Logo=https://localhost:8082/scratch/pl_logo.png&Title=Business Plan Test nr. 2
[2019-08-21 11:10:20] ---- FROM  ::1 (WinNT)
[2019-08-21 11:10:20] ---- BROWSER:  Chrome 76.0 (Mozilla/5.0 (Windows NT 10.0; Win64; x64) AppleWebKit/537.36 (KHTML, like Gecko) Chrome/76.0.3809.100 Safari/537.36)
[2019-08-21 11:10:20] 302 - Found - text/html
[2019-08-21 11:10:20] REQUEST GET - https://localhost:8082/home/welcome?Token=61111131252223224013000011333653&TokenApiRest=eyJ0eXAiOiJKV1QiLCJhbGciOiJIUzI1NiJ9.eyJpc3MiOiJodHRwczpcL1wvd3d3cy5kZXYteWVhcC5pdCIsImlhdCI6MTU0MjI5NDMyMSwibmJmIjoxNTQyMjk0MzIxLCJleHAiOjE1NDI4OTkxMjEsImRhdGEiOnsidXNlciI6eyJpZCI6IjQ0In19fQ.RCP5OeoGASxAyBw1MbMD4BFJAcDM5JIXqYXKBALZcJI&Logo=https://localhost:8082/scratch/pl_logo.png&Title=Business Plan Test nr. 2
[2019-08-21 11:10:20] ---- FROM  ::1 (WinNT)
[2019-08-21 11:10:20] ---- BROWSER:  Chrome 76.0 (Mozilla/5.0 (Windows NT 10.0; Win64; x64) AppleWebKit/537.36 (KHTML, like Gecko) Chrome/76.0.3809.100 Safari/537.36)
[2019-08-21 11:10:20] 200 - OK - text/html
[2019-08-21 11:10:20] REQUEST POST - https://localhost:8082/public/ws/General.asmx/Set
[2019-08-21 11:10:20] ---- FROM  ::1 (WinNT)
[2019-08-21 11:10:20] ---- BROWSER:  Chrome 76.0 (Mozilla/5.0 (Windows NT 10.0; Win64; x64) AppleWebKit/537.36 (KHTML, like Gecko) Chrome/76.0.3809.100 Safari/537.36)
[2019-08-21 11:10:20] ---- CONTENT: {data : "<?xml version='1.0' encoding='utf-8' ?><Request ID='20190821111020782'><General><Token>61111131252223224013000011333653</Token></General><Data><Nome>Business Plan Test nr. 2</Nome><Logo>https%3A%2F%2Flocalhost%3A8082%2Fscratch%2Fpl_logo.png</Logo></Data></Request>"}
[2019-08-21 11:10:20] 200 - OK - application/json
[2019-08-21 11:10:20] REQUEST POST - https://localhost:8082/public/ws/Config.asmx/Economics_Get
[2019-08-21 11:10:20] ---- FROM  ::1 (WinNT)
[2019-08-21 11:10:20] ---- BROWSER:  Chrome 76.0 (Mozilla/5.0 (Windows NT 10.0; Win64; x64) AppleWebKit/537.36 (KHTML, like Gecko) Chrome/76.0.3809.100 Safari/537.36)
[2019-08-21 11:10:20] ---- CONTENT: {data : "<?xml version='1.0' encoding='utf-8' ?><Request ID='20190821111020808'><General><Token>61111131252223224013000011333653</Token></General><Data></Data></Request>"}
[2019-08-21 11:10:20] 200 - OK - application/json
[2019-08-21 11:10:20] REQUEST POST - https://localhost:8082/public/ws/Config.asmx/All_Get
[2019-08-21 11:10:20] ---- FROM  ::1 (WinNT)
[2019-08-21 11:10:20] ---- BROWSER:  Chrome 76.0 (Mozilla/5.0 (Windows NT 10.0; Win64; x64) AppleWebKit/537.36 (KHTML, like Gecko) Chrome/76.0.3809.100 Safari/537.36)
[2019-08-21 11:10:20] ---- CONTENT: {data : "<?xml version='1.0' encoding='utf-8' ?><Request ID='20190821111020842'><General><Token>61111131252223224013000011333653</Token></General><Data></Data></Request>"}
[2019-08-21 11:10:20] 200 - OK - application/json
[2019-08-21 11:10:20] REQUEST POST - https://localhost:8082/public/ws/Economics.asmx/messaggi_summary
[2019-08-21 11:10:20] ---- FROM  ::1 (WinNT)
[2019-08-21 11:10:20] ---- BROWSER:  Chrome 76.0 (Mozilla/5.0 (Windows NT 10.0; Win64; x64) AppleWebKit/537.36 (KHTML, like Gecko) Chrome/76.0.3809.100 Safari/537.36)
[2019-08-21 11:10:20] ---- CONTENT: {data : "<?xml version='1.0' encoding='utf-8' ?><Request ID='20190821111020855'><General><Token>61111131252223224013000011333653</Token></General><Data></Data></Request>"}
[2019-08-21 11:10:20] 200 - OK - application/json
[2019-08-21 11:10:20] REQUEST POST - https://localhost:8082/public/ws/Config.asmx/All_Get
[2019-08-21 11:10:20] ---- FROM  ::1 (WinNT)
[2019-08-21 11:10:20] ---- BROWSER:  Chrome 76.0 (Mozilla/5.0 (Windows NT 10.0; Win64; x64) AppleWebKit/537.36 (KHTML, like Gecko) Chrome/76.0.3809.100 Safari/537.36)
[2019-08-21 11:10:20] ---- CONTENT: {data : "<?xml version='1.0' encoding='utf-8' ?><Request ID='20190821111020880'><General><Token>61111131252223224013000011333653</Token></General><Data></Data></Request>"}
[2019-08-21 11:10:20] 200 - OK - application/json
[2019-08-21 11:10:20] REQUEST POST - https://localhost:8082/public/ws/Config.asmx/All_Get
[2019-08-21 11:10:20] ---- FROM  ::1 (WinNT)
[2019-08-21 11:10:20] ---- BROWSER:  Chrome 76.0 (Mozilla/5.0 (Windows NT 10.0; Win64; x64) AppleWebKit/537.36 (KHTML, like Gecko) Chrome/76.0.3809.100 Safari/537.36)
[2019-08-21 11:10:20] ---- CONTENT: {data : "<?xml version='1.0' encoding='utf-8' ?><Request ID='20190821111020929'><General><Token>61111131252223224013000011333653</Token></General><Data></Data></Request>"}
[2019-08-21 11:10:20] 200 - OK - application/json
[2019-08-21 11:10:24] REQUEST GET - https://localhost:8082/economics/iva
[2019-08-21 11:10:24] ---- FROM  ::1 (WinNT)
[2019-08-21 11:10:24] ---- BROWSER:  Chrome 76.0 (Mozilla/5.0 (Windows NT 10.0; Win64; x64) AppleWebKit/537.36 (KHTML, like Gecko) Chrome/76.0.3809.100 Safari/537.36)
[2019-08-21 11:10:24] 200 - OK - text/html
[2019-08-21 11:10:24] REQUEST POST - https://localhost:8082/public/ws/Iva.asmx/Get
[2019-08-21 11:10:24] ---- FROM  ::1 (WinNT)
[2019-08-21 11:10:24] ---- BROWSER:  Chrome 76.0 (Mozilla/5.0 (Windows NT 10.0; Win64; x64) AppleWebKit/537.36 (KHTML, like Gecko) Chrome/76.0.3809.100 Safari/537.36)
[2019-08-21 11:10:24] ---- CONTENT: {data : "<?xml version='1.0' encoding='utf-8' ?><Request ID='20190821111024652'><General><Token>61111131252223224013000011333653</Token></General><Data></Data></Request>"}
[2019-08-21 11:10:24] 200 - OK - application/json
[2019-08-21 11:10:24] REQUEST POST - https://localhost:8082/public/ws/Config.asmx/All_Get
[2019-08-21 11:10:24] ---- FROM  ::1 (WinNT)
[2019-08-21 11:10:24] ---- BROWSER:  Chrome 76.0 (Mozilla/5.0 (Windows NT 10.0; Win64; x64) AppleWebKit/537.36 (KHTML, like Gecko) Chrome/76.0.3809.100 Safari/537.36)
[2019-08-21 11:10:24] ---- CONTENT: {data : "<?xml version='1.0' encoding='utf-8' ?><Request ID='20190821111024733'><General><Token>61111131252223224013000011333653</Token></General><Data></Data></Request>"}
[2019-08-21 11:10:24] 200 - OK - application/json
[2019-08-21 11:10:24] REQUEST POST - https://localhost:8082/public/ws/Economics.asmx/messaggi_summary
[2019-08-21 11:10:24] ---- FROM  ::1 (WinNT)
[2019-08-21 11:10:24] ---- BROWSER:  Chrome 76.0 (Mozilla/5.0 (Windows NT 10.0; Win64; x64) AppleWebKit/537.36 (KHTML, like Gecko) Chrome/76.0.3809.100 Safari/537.36)
[2019-08-21 11:10:24] ---- CONTENT: {data : "<?xml version='1.0' encoding='utf-8' ?><Request ID='20190821111024753'><General><Token>61111131252223224013000011333653</Token></General><Data></Data></Request>"}
[2019-08-21 11:10:24] 200 - OK - application/json
[2019-08-21 11:10:24] REQUEST GET - https://localhost:8082/public/ws/Resources.ashx/xml-economics/61111131252223224013000011333653
[2019-08-21 11:10:24] ---- FROM  ::1 (WinNT)
[2019-08-21 11:10:24] ---- BROWSER:  Chrome 76.0 (Mozilla/5.0 (Windows NT 10.0; Win64; x64) AppleWebKit/537.36 (KHTML, like Gecko) Chrome/76.0.3809.100 Safari/537.36)
[2019-08-21 11:10:24] REQUEST POST - https://localhost:8082/public/ws/Config.asmx/All_Get
[2019-08-21 11:10:24] ---- FROM  ::1 (WinNT)
[2019-08-21 11:10:24] ---- BROWSER:  Chrome 76.0 (Mozilla/5.0 (Windows NT 10.0; Win64; x64) AppleWebKit/537.36 (KHTML, like Gecko) Chrome/76.0.3809.100 Safari/537.36)
[2019-08-21 11:10:24] ---- CONTENT: {data : "<?xml version='1.0' encoding='utf-8' ?><Request ID='20190821111024785'><General><Token>61111131252223224013000011333653</Token></General><Data></Data></Request>"}
[2019-08-21 11:10:24] 200 - OK - text/xml
[2019-08-21 11:10:24] 200 - OK - application/json
[2019-08-21 11:10:25] REQUEST POST - https://localhost:8082/public/ws/Config.asmx/All_Get
[2019-08-21 11:10:25] ---- FROM  ::1 (WinNT)
[2019-08-21 11:10:25] ---- BROWSER:  Chrome 76.0 (Mozilla/5.0 (Windows NT 10.0; Win64; x64) AppleWebKit/537.36 (KHTML, like Gecko) Chrome/76.0.3809.100 Safari/537.36)
[2019-08-21 11:10:25] ---- CONTENT: {data : "<?xml version='1.0' encoding='utf-8' ?><Request ID='2019082111102524'><General><Token>61111131252223224013000011333653</Token></General><Data></Data></Request>"}
[2019-08-21 11:10:25] 200 - OK - application/json
[2019-08-21 11:14:17] REQUEST GET - https://localhost:8082/economics/iva
[2019-08-21 11:14:17] ---- FROM  ::1 (WinNT)
[2019-08-21 11:14:17] ---- BROWSER:  Chrome 76.0 (Mozilla/5.0 (Windows NT 10.0; Win64; x64) AppleWebKit/537.36 (KHTML, like Gecko) Chrome/76.0.3809.100 Safari/537.36)
[2019-08-21 11:14:17] 200 - OK - text/html
[2019-08-21 11:14:18] REQUEST POST - https://localhost:8082/public/ws/Iva.asmx/Get
[2019-08-21 11:14:18] ---- FROM  ::1 (WinNT)
[2019-08-21 11:14:18] ---- BROWSER:  Chrome 76.0 (Mozilla/5.0 (Windows NT 10.0; Win64; x64) AppleWebKit/537.36 (KHTML, like Gecko) Chrome/76.0.3809.100 Safari/537.36)
[2019-08-21 11:14:18] ---- CONTENT: {data : "<?xml version='1.0' encoding='utf-8' ?><Request ID='20190821111418192'><General><Token>61111131252223224013000011333653</Token></General><Data></Data></Request>"}
[2019-08-21 11:14:18] 200 - OK - application/json
[2019-08-21 11:14:18] REQUEST POST - https://localhost:8082/public/ws/Config.asmx/All_Get
[2019-08-21 11:14:18] ---- FROM  ::1 (WinNT)
[2019-08-21 11:14:18] ---- BROWSER:  Chrome 76.0 (Mozilla/5.0 (Windows NT 10.0; Win64; x64) AppleWebKit/537.36 (KHTML, like Gecko) Chrome/76.0.3809.100 Safari/537.36)
[2019-08-21 11:14:18] ---- CONTENT: {data : "<?xml version='1.0' encoding='utf-8' ?><Request ID='20190821111418285'><General><Token>61111131252223224013000011333653</Token></General><Data></Data></Request>"}
[2019-08-21 11:14:18] 200 - OK - application/json
[2019-08-21 11:14:18] REQUEST POST - https://localhost:8082/public/ws/Economics.asmx/messaggi_summary
[2019-08-21 11:14:18] ---- FROM  ::1 (WinNT)
[2019-08-21 11:14:18] ---- BROWSER:  Chrome 76.0 (Mozilla/5.0 (Windows NT 10.0; Win64; x64) AppleWebKit/537.36 (KHTML, like Gecko) Chrome/76.0.3809.100 Safari/537.36)
[2019-08-21 11:14:18] ---- CONTENT: {data : "<?xml version='1.0' encoding='utf-8' ?><Request ID='20190821111418310'><General><Token>61111131252223224013000011333653</Token></General><Data></Data></Request>"}
[2019-08-21 11:14:18] 200 - OK - application/json
[2019-08-21 11:14:18] REQUEST GET - https://localhost:8082/public/ws/Resources.ashx/xml-economics/61111131252223224013000011333653
[2019-08-21 11:14:18] ---- FROM  ::1 (WinNT)
[2019-08-21 11:14:18] ---- BROWSER:  Chrome 76.0 (Mozilla/5.0 (Windows NT 10.0; Win64; x64) AppleWebKit/537.36 (KHTML, like Gecko) Chrome/76.0.3809.100 Safari/537.36)
[2019-08-21 11:14:18] 200 - OK - text/xml
[2019-08-21 11:14:18] REQUEST POST - https://localhost:8082/public/ws/Config.asmx/All_Get
[2019-08-21 11:14:18] ---- FROM  ::1 (WinNT)
[2019-08-21 11:14:18] ---- BROWSER:  Chrome 76.0 (Mozilla/5.0 (Windows NT 10.0; Win64; x64) AppleWebKit/537.36 (KHTML, like Gecko) Chrome/76.0.3809.100 Safari/537.36)
[2019-08-21 11:14:18] ---- CONTENT: {data : "<?xml version='1.0' encoding='utf-8' ?><Request ID='20190821111418353'><General><Token>61111131252223224013000011333653</Token></General><Data></Data></Request>"}
[2019-08-21 11:14:18] 200 - OK - application/json
[2019-08-21 11:14:18] REQUEST POST - https://localhost:8082/public/ws/Config.asmx/All_Get
[2019-08-21 11:14:18] ---- FROM  ::1 (WinNT)
[2019-08-21 11:14:18] ---- BROWSER:  Chrome 76.0 (Mozilla/5.0 (Windows NT 10.0; Win64; x64) AppleWebKit/537.36 (KHTML, like Gecko) Chrome/76.0.3809.100 Safari/537.36)
[2019-08-21 11:14:18] ---- CONTENT: {data : "<?xml version='1.0' encoding='utf-8' ?><Request ID='20190821111418617'><General><Token>61111131252223224013000011333653</Token></General><Data></Data></Request>"}
[2019-08-21 11:14:18] 200 - OK - application/json
