[2019-11-25 11:20:46] 200 - OK - application/json
[2019-11-25 11:21:00] REQUEST GET - https://localhost:8082/controllo/scostamenti
[2019-11-25 11:21:00] ---- FROM  ::1 (WinNT)
[2019-11-25 11:21:00] ---- BROWSER:  Chrome 78.0 (Mozilla/5.0 (Windows NT 10.0; Win64; x64) AppleWebKit/537.36 (KHTML, like Gecko) Chrome/78.0.3904.108 Safari/537.36)
[2019-11-25 11:21:00] 200 - OK - text/html
[2019-11-25 11:21:01] REQUEST POST - https://localhost:8082/public/ws/CDG.asmx/Forecast_Get
[2019-11-25 11:21:01] ---- FROM  ::1 (WinNT)
[2019-11-25 11:21:01] ---- BROWSER:  Chrome 78.0 (Mozilla/5.0 (Windows NT 10.0; Win64; x64) AppleWebKit/537.36 (KHTML, like Gecko) Chrome/78.0.3904.108 Safari/537.36)
[2019-11-25 11:21:01] ---- CONTENT: {data : "<?xml version='1.0' encoding='utf-8' ?><Request ID='20191125112101269'><General><Token>51111151252225224304000011334082</Token></General><Data></Data></Request>"}
[2019-11-25 11:21:01] 200 - OK - application/json
[2019-11-25 11:21:01] REQUEST POST - https://localhost:8082/public/ws/Config.asmx/All_Get
[2019-11-25 11:21:01] ---- FROM  ::1 (WinNT)
[2019-11-25 11:21:01] ---- BROWSER:  Chrome 78.0 (Mozilla/5.0 (Windows NT 10.0; Win64; x64) AppleWebKit/537.36 (KHTML, like Gecko) Chrome/78.0.3904.108 Safari/537.36)
[2019-11-25 11:21:01] ---- CONTENT: {data : "<?xml version='1.0' encoding='utf-8' ?><Request ID='20191125112101327'><General><Token>51111151252225224304000011334082</Token></General><Data></Data></Request>"}
[2019-11-25 11:21:01] 200 - OK - application/json
[2019-11-25 11:21:01] REQUEST POST - https://localhost:8082/public/ws/Economics.asmx/messaggi_summary
[2019-11-25 11:21:01] ---- FROM  ::1 (WinNT)
[2019-11-25 11:21:01] ---- BROWSER:  Chrome 78.0 (Mozilla/5.0 (Windows NT 10.0; Win64; x64) AppleWebKit/537.36 (KHTML, like Gecko) Chrome/78.0.3904.108 Safari/537.36)
[2019-11-25 11:21:01] ---- CONTENT: {data : "<?xml version='1.0' encoding='utf-8' ?><Request ID='20191125112101361'><General><Token>51111151252225224304000011334082</Token></General><Data></Data></Request>"}
[2019-11-25 11:21:01] 200 - OK - application/json
[2019-11-25 11:21:01] REQUEST GET - https://localhost:8082/public/ws/Resources.ashx/xml-economics/51111151252225224304000011334082
[2019-11-25 11:21:01] ---- FROM  ::1 (WinNT)
[2019-11-25 11:21:01] ---- BROWSER:  Chrome 78.0 (Mozilla/5.0 (Windows NT 10.0; Win64; x64) AppleWebKit/537.36 (KHTML, like Gecko) Chrome/78.0.3904.108 Safari/537.36)
[2019-11-25 11:21:01] 200 - OK - text/xml
[2019-11-25 11:21:01] REQUEST POST - https://localhost:8082/public/ws/Config.asmx/All_Get
[2019-11-25 11:21:01] ---- FROM  ::1 (WinNT)
[2019-11-25 11:21:01] ---- BROWSER:  Chrome 78.0 (Mozilla/5.0 (Windows NT 10.0; Win64; x64) AppleWebKit/537.36 (KHTML, like Gecko) Chrome/78.0.3904.108 Safari/537.36)
[2019-11-25 11:21:01] ---- CONTENT: {data : "<?xml version='1.0' encoding='utf-8' ?><Request ID='20191125112101443'><General><Token>51111151252225224304000011334082</Token></General><Data></Data></Request>"}
[2019-11-25 11:21:01] 200 - OK - application/json
[2019-11-25 11:21:02] REQUEST POST - https://localhost:8082/public/ws/CDG.asmx/Data
[2019-11-25 11:21:02] ---- FROM  ::1 (WinNT)
[2019-11-25 11:21:02] ---- BROWSER:  Chrome 78.0 (Mozilla/5.0 (Windows NT 10.0; Win64; x64) AppleWebKit/537.36 (KHTML, like Gecko) Chrome/78.0.3904.108 Safari/537.36)
[2019-11-25 11:21:02] ---- CONTENT: {data : "<?xml version='1.0' encoding='utf-8' ?><Request ID='20191125112102149'><General><Token>51111151252225224304000011334082</Token></General><Data></Data></Request>"}
[2019-11-25 11:21:02] 200 - OK - application/json
[2019-11-25 11:21:02] REQUEST POST - https://localhost:8082/public/ws/CDG.asmx/Get
[2019-11-25 11:21:02] ---- FROM  ::1 (WinNT)
[2019-11-25 11:21:02] ---- BROWSER:  Chrome 78.0 (Mozilla/5.0 (Windows NT 10.0; Win64; x64) AppleWebKit/537.36 (KHTML, like Gecko) Chrome/78.0.3904.108 Safari/537.36)
[2019-11-25 11:21:02] ---- CONTENT: {data : "<?xml version='1.0' encoding='utf-8' ?><Request ID='20191125112102696'><General><Token>51111151252225224304000011334082</Token></General><Data></Data></Request>"}
[2019-11-25 11:21:02] 200 - OK - application/json
[2019-11-25 11:24:43] REQUEST GET - https://localhost:8082/controllo/distribuzione-mensile
[2019-11-25 11:24:43] ---- FROM  ::1 (WinNT)
[2019-11-25 11:24:43] ---- BROWSER:  Chrome 78.0 (Mozilla/5.0 (Windows NT 10.0; Win64; x64) AppleWebKit/537.36 (KHTML, like Gecko) Chrome/78.0.3904.108 Safari/537.36)
[2019-11-25 11:24:43] 200 - OK - text/html
[2019-11-25 11:24:44] REQUEST POST - https://localhost:8082/public/ws/CDG.asmx/Weights_Get
[2019-11-25 11:24:44] ---- FROM  ::1 (WinNT)
[2019-11-25 11:24:44] ---- BROWSER:  Chrome 78.0 (Mozilla/5.0 (Windows NT 10.0; Win64; x64) AppleWebKit/537.36 (KHTML, like Gecko) Chrome/78.0.3904.108 Safari/537.36)
[2019-11-25 11:24:44] ---- CONTENT: {data : "<?xml version='1.0' encoding='utf-8' ?><Request ID='20191125112444728'><General><Token>51111151252225224304000011334082</Token></General><Data></Data></Request>"}
[2019-11-25 11:24:44] 200 - OK - application/json
[2019-11-25 11:24:44] REQUEST POST - https://localhost:8082/public/ws/Config.asmx/All_Get
[2019-11-25 11:24:44] ---- FROM  ::1 (WinNT)
[2019-11-25 11:24:44] ---- BROWSER:  Chrome 78.0 (Mozilla/5.0 (Windows NT 10.0; Win64; x64) AppleWebKit/537.36 (KHTML, like Gecko) Chrome/78.0.3904.108 Safari/537.36)
[2019-11-25 11:24:44] ---- CONTENT: {data : "<?xml version='1.0' encoding='utf-8' ?><Request ID='20191125112444833'><General><Token>51111151252225224304000011334082</Token></General><Data></Data></Request>"}
[2019-11-25 11:24:44] 200 - OK - application/json
[2019-11-25 11:24:44] REQUEST GET - https://localhost:8082/public/ws/Resources.ashx/xml-economics/51111151252225224304000011334082
[2019-11-25 11:24:44] ---- FROM  ::1 (WinNT)
[2019-11-25 11:24:44] ---- BROWSER:  Chrome 78.0 (Mozilla/5.0 (Windows NT 10.0; Win64; x64) AppleWebKit/537.36 (KHTML, like Gecko) Chrome/78.0.3904.108 Safari/537.36)
[2019-11-25 11:24:44] 200 - OK - text/xml
[2019-11-25 11:24:44] REQUEST POST - https://localhost:8082/public/ws/Economics.asmx/messaggi_summary
[2019-11-25 11:24:44] ---- FROM  ::1 (WinNT)
[2019-11-25 11:24:44] ---- BROWSER:  Chrome 78.0 (Mozilla/5.0 (Windows NT 10.0; Win64; x64) AppleWebKit/537.36 (KHTML, like Gecko) Chrome/78.0.3904.108 Safari/537.36)
[2019-11-25 11:24:44] ---- CONTENT: {data : "<?xml version='1.0' encoding='utf-8' ?><Request ID='20191125112444905'><General><Token>51111151252225224304000011334082</Token></General><Data></Data></Request>"}
[2019-11-25 11:24:44] 200 - OK - application/json
[2019-11-25 11:24:44] REQUEST POST - https://localhost:8082/public/ws/CDG.asmx/BPData
[2019-11-25 11:24:44] ---- FROM  ::1 (WinNT)
[2019-11-25 11:24:44] ---- BROWSER:  Chrome 78.0 (Mozilla/5.0 (Windows NT 10.0; Win64; x64) AppleWebKit/537.36 (KHTML, like Gecko) Chrome/78.0.3904.108 Safari/537.36)
[2019-11-25 11:24:44] ---- CONTENT: {data : "<?xml version='1.0' encoding='utf-8' ?><Request ID='20191125112444939'><General><Token>51111151252225224304000011334082</Token></General><Data></Data></Request>"}
[2019-11-25 11:24:44] 200 - OK - application/json
[2019-11-25 11:24:46] REQUEST POST - https://localhost:8082/public/ws/Config.asmx/All_Get
[2019-11-25 11:24:46] ---- FROM  ::1 (WinNT)
[2019-11-25 11:24:46] ---- BROWSER:  Chrome 78.0 (Mozilla/5.0 (Windows NT 10.0; Win64; x64) AppleWebKit/537.36 (KHTML, like Gecko) Chrome/78.0.3904.108 Safari/537.36)
[2019-11-25 11:24:46] ---- CONTENT: {data : "<?xml version='1.0' encoding='utf-8' ?><Request ID='20191125112446400'><General><Token>51111151252225224304000011334082</Token></General><Data></Data></Request>"}
[2019-11-25 11:24:46] 200 - OK - application/json
[2019-11-25 11:24:46] REQUEST POST - https://localhost:8082/public/ws/CDG.asmx/Get
[2019-11-25 11:24:46] ---- FROM  ::1 (WinNT)
[2019-11-25 11:24:46] ---- BROWSER:  Chrome 78.0 (Mozilla/5.0 (Windows NT 10.0; Win64; x64) AppleWebKit/537.36 (KHTML, like Gecko) Chrome/78.0.3904.108 Safari/537.36)
[2019-11-25 11:24:46] ---- CONTENT: {data : "<?xml version='1.0' encoding='utf-8' ?><Request ID='20191125112446586'><General><Token>51111151252225224304000011334082</Token></General><Data></Data></Request>"}
[2019-11-25 11:24:46] 200 - OK - application/json
[2019-11-25 11:34:47] REQUEST POST - https://localhost:8082/public/ws/CDG.asmx/Weights_Set
[2019-11-25 11:34:47] ---- FROM  ::1 (WinNT)
[2019-11-25 11:34:47] ---- BROWSER:  Chrome 78.0 (Mozilla/5.0 (Windows NT 10.0; Win64; x64) AppleWebKit/537.36 (KHTML, like Gecko) Chrome/78.0.3904.108 Safari/537.36)
[2019-11-25 11:34:47] ---- CONTENT: {data : "<?xml version='1.0' encoding='utf-8'?><Request ID='2019112511344733'><General><Token>51111151252225224304000011334082</Token></General><Data><Mesi><Mese ID='1'><Ricavi_Cdg>10000</Ricavi_Cdg><Acquisti_Cdg>10000</Acquisti_Cdg><VariazioneRimanenze>10000</VariazioneRimanenze><Consumi>0</Consumi><ValoreAggiuntoConsumi>0</ValoreAggiuntoConsumi><CostiVariabiliProduzione>10000</CostiVariabiliProduzione><CostiVariabiliCommerciali>10000</CostiVariabiliCommerciali><TotaleCostiVariabili>0</TotaleCostiVariabili><MargineContribuzione>0</MargineContribuzione><CostiFissiProduzione>10000</CostiFissiProduzione><CostiFissiCommerciali>10000</CostiFissiCommerciali><CostiGeneraliAmministrativi>10000</CostiGeneraliAmministrativi><TotaleCostiFissi>0</TotaleCostiFissi><Ebitda>0</Ebitda><Ammortamenti>10000</Ammortamenti><Accantonamenti>10000</Accantonamenti><Svalutazioni>10000</Svalutazioni><Ebit>0</Ebit><SaldoOneriRicavi>10000</SaldoOneriRicavi><UtileAnteGestioneFinStra>0</UtileAnteGestioneFinStra><GestioneFinanziaria>10000</GestioneFinanziaria><UtileCorrente>0</UtileCorrente><GestioneStraordinaria>10000</GestioneStraordinaria><Ebt>0</Ebt><Imposte>10000</Imposte><RedditoNetto>0</RedditoNetto></Mese><Mese ID='2'><Ricavi_Cdg>10000</Ricavi_Cdg><Acquisti_Cdg>10000</Acquisti_Cdg><VariazioneRimanenze>10000</VariazioneRimanenze><Consumi>0</Consumi><ValoreAggiuntoConsumi>0</ValoreAggiuntoConsumi><CostiVariabiliProduzione>10000</CostiVariabiliProduzione><CostiVariabiliCommerciali>10000</CostiVariabiliCommerciali><TotaleCostiVariabili>0</TotaleCostiVariabili><MargineContribuzione>0</MargineContribuzione><CostiFissiProduzione>10000</CostiFissiProduzione><CostiFissiCommerciali>10000</CostiFissiCommerciali><CostiGeneraliAmministrativi>10000</CostiGeneraliAmministrativi><TotaleCostiFissi>0</TotaleCostiFissi><Ebitda>0</Ebitda><Ammortamenti>10000</Ammortamenti><Accantonamenti>10000</Accantonamenti><Svalutazioni>10000</Svalutazioni><Ebit>0</Ebit><SaldoOneriRicavi>10000</SaldoOneriRicavi><UtileAnteGestioneFinStra>0</UtileAnteGestioneFinStra><GestioneFinanziaria>10000</GestioneFinanziaria><UtileCorrente>0</UtileCorrente><GestioneStraordinaria>10000</GestioneStraordinaria><Ebt>0</Ebt><Imposte>10000</Imposte><RedditoNetto>0</RedditoNetto></Mese><Mese ID='3'><Ricavi_Cdg>10000</Ricavi_Cdg><Acquisti_Cdg>10000</Acquisti_Cdg><VariazioneRimanenze>10000</VariazioneRimanenze><Consumi>0</Consumi><ValoreAggiuntoConsumi>0</ValoreAggiuntoConsumi><CostiVariabiliProduzione>10000</CostiVariabiliProduzione><CostiVariabiliCommerciali>10000</CostiVariabiliCommerciali><TotaleCostiVariabili>0</TotaleCostiVariabili><MargineContribuzione>0</MargineContribuzione><CostiFissiProduzione>10000</CostiFissiProduzione><CostiFissiCommerciali>10000</CostiFissiCommerciali><CostiGeneraliAmministrativi>10000</CostiGeneraliAmministrativi><TotaleCostiFissi>0</TotaleCostiFissi><Ebitda>0</Ebitda><Ammortamenti>10000</Ammortamenti><Accantonamenti>10000</Accantonamenti><Svalutazioni>10000</Svalutazioni><Ebit>0</Ebit><SaldoOneriRicavi>10000</SaldoOneriRicavi><UtileAnteGestioneFinStra>0</UtileAnteGestioneFinStra><GestioneFinanziaria>10000</GestioneFinanziaria><UtileCorrente>0</UtileCorrente><GestioneStraordinaria>10000</GestioneStraordinaria><Ebt>0</Ebt><Imposte>10000</Imposte><RedditoNetto>0</RedditoNetto></Mese><Mese ID='4'><Ricavi_Cdg>10000</Ricavi_Cdg><Acquisti_Cdg>10000</Acquisti_Cdg><VariazioneRimanenze>10000</VariazioneRimanenze><Consumi>0</Consumi><ValoreAggiuntoConsumi>0</ValoreAggiuntoConsumi><CostiVariabiliProduzione>10000</CostiVariabiliProduzione><CostiVariabiliCommerciali>10000</CostiVariabiliCommerciali><TotaleCostiVariabili>0</TotaleCostiVariabili><MargineContribuzione>0</MargineContribuzione><CostiFissiProduzione>10000</CostiFissiProduzione><CostiFissiCommerciali>10000</CostiFissiCommerciali><CostiGeneraliAmministrativi>10000</CostiGeneraliAmministrativi><TotaleCostiFissi>0</TotaleCostiFissi><Ebitda>0</Ebitda><Ammortamenti>10000</Ammortamenti><Accantonamenti>10000</Accantonamenti><Svalutazioni>10000</Svalutazioni><Ebit>0</Ebit><SaldoOneriRicavi>10000</SaldoOneriRicavi><UtileAnteGestioneFinStra>0</UtileAnteGestioneFinStra><GestioneFinanziaria>10000</GestioneFinanziaria><UtileCorrente>0</UtileCorrente><GestioneStraordinaria>10000</GestioneStraordinaria><Ebt>0</Ebt><Imposte>10000</Imposte><RedditoNetto>0</RedditoNetto></Mese><Mese ID='5'><Ricavi_Cdg>10000</Ricavi_Cdg><Acquisti_Cdg>10000</Acquisti_Cdg><VariazioneRimanenze>10000</VariazioneRimanenze><Consumi>0</Consumi><ValoreAggiuntoConsumi>0</ValoreAggiuntoConsumi><CostiVariabiliProduzione>10000</CostiVariabiliProduzione><CostiVariabiliCommerciali>10000</CostiVariabiliCommerciali><TotaleCostiVariabili>0</TotaleCostiVariabili><MargineContribuzione>0</MargineContribuzione><CostiFissiProduzione>10000</CostiFissiProduzione><CostiFissiCommerciali>10000</CostiFissiCommerciali><CostiGeneraliAmministrativi>10000</CostiGeneraliAmministrativi><TotaleCostiFissi>0</TotaleCostiFissi><Ebitda>0</Ebitda><Ammortamenti>10000</Ammortamenti><Accantonamenti>10000</Accantonamenti><Svalutazioni>10000</Svalutazioni><Ebit>0</Ebit><SaldoOneriRicavi>10000</SaldoOneriRicavi><UtileAnteGestioneFinStra>0</UtileAnteGestioneFinStra><GestioneFinanziaria>10000</GestioneFinanziaria><UtileCorrente>0</UtileCorrente><GestioneStraordinaria>10000</GestioneStraordinaria><Ebt>0</Ebt><Imposte>10000</Imposte><RedditoNetto>0</RedditoNetto></Mese><Mese ID='6'><Ricavi_Cdg>10000</Ricavi_Cdg><Acquisti_Cdg>10000</Acquisti_Cdg><VariazioneRimanenze>10000</VariazioneRimanenze><Consumi>0</Consumi><ValoreAggiuntoConsumi>0</ValoreAggiuntoConsumi><CostiVariabiliProduzione>10000</CostiVariabiliProduzione><CostiVariabiliCommerciali>10000</CostiVariabiliCommerciali><TotaleCostiVariabili>0</TotaleCostiVariabili><MargineContribuzione>0</MargineContribuzione><CostiFissiProduzione>10000</CostiFissiProduzione><CostiFissiCommerciali>10000</CostiFissiCommerciali><CostiGeneraliAmministrativi>10000</CostiGeneraliAmministrativi><TotaleCostiFissi>0</TotaleCostiFissi><Ebitda>0</Ebitda><Ammortamenti>10000</Ammortamenti><Accantonamenti>10000</Accantonamenti><Svalutazioni>10000</Svalutazioni><Ebit>0</Ebit><SaldoOneriRicavi>10000</SaldoOneriRicavi><UtileAnteGestioneFinStra>0</UtileAnteGestioneFinStra><GestioneFinanziaria>10000</GestioneFinanziaria><UtileCorrente>0</UtileCorrente><GestioneStraordinaria>10000</GestioneStraordinaria><Ebt>0</Ebt><Imposte>10000</Imposte><RedditoNetto>0</RedditoNetto></Mese><Mese ID='7'><Ricavi_Cdg>10000</Ricavi_Cdg><Acquisti_Cdg>10000</Acquisti_Cdg><VariazioneRimanenze>10000</VariazioneRimanenze><Consumi>0</Consumi><ValoreAggiuntoConsumi>0</ValoreAggiuntoConsumi><CostiVariabiliProduzione>10000</CostiVariabiliProduzione><CostiVariabiliCommerciali>10000</CostiVariabiliCommerciali><TotaleCostiVariabili>0</TotaleCostiVariabili><MargineContribuzione>0</MargineContribuzione><CostiFissiProduzione>10000</CostiFissiProduzione><CostiFissiCommerciali>10000</CostiFissiCommerciali><CostiGeneraliAmministrativi>10000</CostiGeneraliAmministrativi><TotaleCostiFissi>0</TotaleCostiFissi><Ebitda>0</Ebitda><Ammortamenti>10000</Ammortamenti><Accantonamenti>10000</Accantonamenti><Svalutazioni>10000</Svalutazioni><Ebit>0</Ebit><SaldoOneriRicavi>10000</SaldoOneriRicavi><UtileAnteGestioneFinStra>0</UtileAnteGestioneFinStra><GestioneFinanziaria>10000</GestioneFinanziaria><UtileCorrente>0</UtileCorrente><GestioneStraordinaria>10000</GestioneStraordinaria><Ebt>0</Ebt><Imposte>10000</Imposte><RedditoNetto>0</RedditoNetto></Mese><Mese ID='8'><Ricavi_Cdg>10000</Ricavi_Cdg><Acquisti_Cdg>10000</Acquisti_Cdg><VariazioneRimanenze>10000</VariazioneRimanenze><Consumi>0</Consumi><ValoreAggiuntoConsumi>0</ValoreAggiuntoConsumi><CostiVariabiliProduzione>10000</CostiVariabiliProduzione><CostiVariabiliCommerciali>10000</CostiVariabiliCommerciali><TotaleCostiVariabili>0</TotaleCostiVariabili><MargineContribuzione>0</MargineContribuzione><CostiFissiProduzione>10000</CostiFissiProduzione><CostiFissiCommerciali>10000</CostiFissiCommerciali><CostiGeneraliAmministrativi>10000</CostiGeneraliAmministrativi><TotaleCostiFissi>0</TotaleCostiFissi><Ebitda>0</Ebitda><Ammortamenti>10000</Ammortamenti><Accantonamenti>10000</Accantonamenti><Svalutazioni>10000</Svalutazioni><Ebit>0</Ebit><SaldoOneriRicavi>10000</SaldoOneriRicavi><UtileAnteGestioneFinStra>0</UtileAnteGestioneFinStra><GestioneFinanziaria>10000</GestioneFinanziaria><UtileCorrente>0</UtileCorrente><GestioneStraordinaria>10000</GestioneStraordinaria><Ebt>0</Ebt><Imposte>10000</Imposte><RedditoNetto>0</RedditoNetto></Mese><Mese ID='9'><Ricavi_Cdg>5000</Ricavi_Cdg><Acquisti_Cdg>5000</Acquisti_Cdg><VariazioneRimanenze>5000</VariazioneRimanenze><Consumi>0</Consumi><ValoreAggiuntoConsumi>0</ValoreAggiuntoConsumi><CostiVariabiliProduzione>5000</CostiVariabiliProduzione><CostiVariabiliCommerciali>5000</CostiVariabiliCommerciali><TotaleCostiVariabili>0</TotaleCostiVariabili><MargineContribuzione>0</MargineContribuzione><CostiFissiProduzione>5000</CostiFissiProduzione><CostiFissiCommerciali>5000</CostiFissiCommerciali><CostiGeneraliAmministrativi>5000</CostiGeneraliAmministrativi><TotaleCostiFissi>0</TotaleCostiFissi><Ebitda>0</Ebitda><Ammortamenti>5000</Ammortamenti><Accantonamenti>5000</Accantonamenti><Svalutazioni>5000</Svalutazioni><Ebit>0</Ebit><SaldoOneriRicavi>5000</SaldoOneriRicavi><UtileAnteGestioneFinStra>0</UtileAnteGestioneFinStra><GestioneFinanziaria>5000</GestioneFinanziaria><UtileCorrente>0</UtileCorrente><GestioneStraordinaria>5000</GestioneStraordinaria><Ebt>0</Ebt><Imposte>5000</Imposte><RedditoNetto>0</RedditoNetto></Mese><Mese ID='10'><Ricavi_Cdg>5000</Ricavi_Cdg><Acquisti_Cdg>5000</Acquisti_Cdg><VariazioneRimanenze>5000</VariazioneRimanenze><Consumi>0</Consumi><ValoreAggiuntoConsumi>0</ValoreAggiuntoConsumi><CostiVariabiliProduzione>5000</CostiVariabiliProduzione><CostiVariabiliCommerciali>5000</CostiVariabiliCommerciali><TotaleCostiVariabili>0</TotaleCostiVariabili><MargineContribuzione>0</MargineContribuzione><CostiFissiProduzione>5000</CostiFissiProduzione><CostiFissiCommerciali>5000</CostiFissiCommerciali><CostiGeneraliAmministrativi>5000</CostiGeneraliAmministrativi><TotaleCostiFissi>0</TotaleCostiFissi><Ebitda>0</Ebitda><Ammortamenti>5000</Ammortamenti><Accantonamenti>5000</Accantonamenti><Svalutazioni>5000</Svalutazioni><Ebit>0</Ebit><SaldoOneriRicavi>5000</SaldoOneriRicavi><UtileAnteGestioneFinStra>0</UtileAnteGestioneFinStra><GestioneFinanziaria>5000</GestioneFinanziaria><UtileCorrente>0</UtileCorrente><GestioneStraordinaria>5000</GestioneStraordinaria><Ebt>0</Ebt><Imposte>5000</Imposte><RedditoNetto>0</RedditoNetto></Mese><Mese ID='11'><Ricavi_Cdg>5000</Ricavi_Cdg><Acquisti_Cdg>5000</Acquisti_Cdg><VariazioneRimanenze>5000</VariazioneRimanenze><Consumi>0</Consumi><ValoreAggiuntoConsumi>0</ValoreAggiuntoConsumi><CostiVariabiliProduzione>5000</CostiVariabiliProduzione><CostiVariabiliCommerciali>5000</CostiVariabiliCommerciali><TotaleCostiVariabili>0</TotaleCostiVariabili><MargineContribuzione>0</MargineContribuzione><CostiFissiProduzione>5000</CostiFissiProduzione><CostiFissiCommerciali>5000</CostiFissiCommerciali><CostiGeneraliAmministrativi>5000</CostiGeneraliAmministrativi><TotaleCostiFissi>0</TotaleCostiFissi><Ebitda>0</Ebitda><Ammortamenti>5000</Ammortamenti><Accantonamenti>5000</Accantonamenti><Svalutazioni>5000</Svalutazioni><Ebit>0</Ebit><SaldoOneriRicavi>5000</SaldoOneriRicavi><UtileAnteGestioneFinStra>0</UtileAnteGestioneFinStra><GestioneFinanziaria>5000</GestioneFinanziaria><UtileCorrente>0</UtileCorrente><GestioneStraordinaria>5000</GestioneStraordinaria><Ebt>0</Ebt><Imposte>5000</Imposte><RedditoNetto>0</RedditoNetto></Mese><Mese ID='12'><Ricavi_Cdg>5000</Ricavi_Cdg><Acquisti_Cdg>5000</Acquisti_Cdg><VariazioneRimanenze>5000</VariazioneRimanenze><Consumi>0</Consumi><ValoreAggiuntoConsumi>0</ValoreAggiuntoConsumi><CostiVariabiliProduzione>5000</CostiVariabiliProduzione><CostiVariabiliCommerciali>5000</CostiVariabiliCommerciali><TotaleCostiVariabili>0</TotaleCostiVariabili><MargineContribuzione>0</MargineContribuzione><CostiFissiProduzione>5000</CostiFissiProduzione><CostiFissiCommerciali>5000</CostiFissiCommerciali><CostiGeneraliAmministrativi>5000</CostiGeneraliAmministrativi><TotaleCostiFissi>0</TotaleCostiFissi><Ebitda>0</Ebitda><Ammortamenti>5000</Ammortamenti><Accantonamenti>5000</Accantonamenti><Svalutazioni>5000</Svalutazioni><Ebit>0</Ebit><SaldoOneriRicavi>5000</SaldoOneriRicavi><UtileAnteGestioneFinStra>0</UtileAnteGestioneFinStra><GestioneFinanziaria>5000</GestioneFinanziaria><UtileCorrente>0</UtileCorrente><GestioneStraordinaria>5000</GestioneStraordinaria><Ebt>0</Ebt><Imposte>5000</Imposte><RedditoNetto>0</RedditoNetto></Mese></Mesi></Data></Request>"}
[2019-11-25 11:34:47] 200 - OK - application/json
[2019-11-25 11:34:47] REQUEST POST - https://localhost:8082/public/ws/CDG.asmx/Forecast_Set
[2019-11-25 11:34:47] ---- FROM  ::1 (WinNT)
[2019-11-25 11:34:47] ---- BROWSER:  Chrome 78.0 (Mozilla/5.0 (Windows NT 10.0; Win64; x64) AppleWebKit/537.36 (KHTML, like Gecko) Chrome/78.0.3904.108 Safari/537.36)
[2019-11-25 11:34:47] ---- CONTENT: {data : "<?xml version='1.0' encoding='utf-8' ?><Request ID='20191125113447374'><General><Token>51111151252225224304000011334082</Token></General><Data></Data></Request>"}
[2019-11-25 11:34:47] 200 - OK - application/json
[2019-11-25 11:34:47] REQUEST POST - https://localhost:8082/public/ws/Config.asmx/All_Get
[2019-11-25 11:34:47] ---- FROM  ::1 (WinNT)
[2019-11-25 11:34:47] ---- BROWSER:  Chrome 78.0 (Mozilla/5.0 (Windows NT 10.0; Win64; x64) AppleWebKit/537.36 (KHTML, like Gecko) Chrome/78.0.3904.108 Safari/537.36)
[2019-11-25 11:34:47] ---- CONTENT: {data : "<?xml version='1.0' encoding='utf-8' ?><Request ID='20191125113447515'><General><Token>51111151252225224304000011334082</Token></General><Data></Data></Request>"}
[2019-11-25 11:34:47] 200 - OK - application/json
[2019-11-25 11:34:47] REQUEST POST - https://localhost:8082/public/ws/Economics.asmx/messaggi_summary
[2019-11-25 11:34:47] ---- FROM  ::1 (WinNT)
[2019-11-25 11:34:47] ---- BROWSER:  Chrome 78.0 (Mozilla/5.0 (Windows NT 10.0; Win64; x64) AppleWebKit/537.36 (KHTML, like Gecko) Chrome/78.0.3904.108 Safari/537.36)
[2019-11-25 11:34:47] ---- CONTENT: {data : "<?xml version='1.0' encoding='utf-8' ?><Request ID='20191125113447587'><General><Token>51111151252225224304000011334082</Token></General><Data></Data></Request>"}
[2019-11-25 11:34:47] 200 - OK - application/json
[2019-11-25 11:34:47] REQUEST POST - https://localhost:8082/public/ws/Config.asmx/All_Get
[2019-11-25 11:34:47] ---- FROM  ::1 (WinNT)
[2019-11-25 11:34:47] ---- BROWSER:  Chrome 78.0 (Mozilla/5.0 (Windows NT 10.0; Win64; x64) AppleWebKit/537.36 (KHTML, like Gecko) Chrome/78.0.3904.108 Safari/537.36)
[2019-11-25 11:34:47] ---- CONTENT: {data : "<?xml version='1.0' encoding='utf-8' ?><Request ID='20191125113447650'><General><Token>51111151252225224304000011334082</Token></General><Data></Data></Request>"}
[2019-11-25 11:34:47] 200 - OK - application/json
[2019-11-25 11:34:58] REQUEST GET - https://localhost:8082/controllo/scostamenti
[2019-11-25 11:34:58] ---- FROM  ::1 (WinNT)
[2019-11-25 11:34:58] ---- BROWSER:  Chrome 78.0 (Mozilla/5.0 (Windows NT 10.0; Win64; x64) AppleWebKit/537.36 (KHTML, like Gecko) Chrome/78.0.3904.108 Safari/537.36)
[2019-11-25 11:34:58] 200 - OK - text/html
[2019-11-25 11:35:00] REQUEST POST - https://localhost:8082/public/ws/CDG.asmx/Forecast_Get
[2019-11-25 11:35:00] ---- FROM  ::1 (WinNT)
[2019-11-25 11:35:00] ---- BROWSER:  Chrome 78.0 (Mozilla/5.0 (Windows NT 10.0; Win64; x64) AppleWebKit/537.36 (KHTML, like Gecko) Chrome/78.0.3904.108 Safari/537.36)
[2019-11-25 11:35:00] ---- CONTENT: {data : "<?xml version='1.0' encoding='utf-8' ?><Request ID='20191125113500967'><General><Token>51111151252225224304000011334082</Token></General><Data></Data></Request>"}
[2019-11-25 11:35:00] 200 - OK - application/json
[2019-11-25 11:35:01] REQUEST POST - https://localhost:8082/public/ws/Config.asmx/All_Get
[2019-11-25 11:35:01] ---- FROM  ::1 (WinNT)
[2019-11-25 11:35:01] ---- BROWSER:  Chrome 78.0 (Mozilla/5.0 (Windows NT 10.0; Win64; x64) AppleWebKit/537.36 (KHTML, like Gecko) Chrome/78.0.3904.108 Safari/537.36)
[2019-11-25 11:35:01] ---- CONTENT: {data : "<?xml version='1.0' encoding='utf-8' ?><Request ID='2019112511350137'><General><Token>51111151252225224304000011334082</Token></General><Data></Data></Request>"}
[2019-11-25 11:35:01] 200 - OK - application/json
[2019-11-25 11:35:01] REQUEST POST - https://localhost:8082/public/ws/Economics.asmx/messaggi_summary
[2019-11-25 11:35:01] ---- FROM  ::1 (WinNT)
[2019-11-25 11:35:01] ---- BROWSER:  Chrome 78.0 (Mozilla/5.0 (Windows NT 10.0; Win64; x64) AppleWebKit/537.36 (KHTML, like Gecko) Chrome/78.0.3904.108 Safari/537.36)
[2019-11-25 11:35:01] ---- CONTENT: {data : "<?xml version='1.0' encoding='utf-8' ?><Request ID='2019112511350159'><General><Token>51111151252225224304000011334082</Token></General><Data></Data></Request>"}
[2019-11-25 11:35:01] 200 - OK - application/json
[2019-11-25 11:35:01] REQUEST GET - https://localhost:8082/public/ws/Resources.ashx/xml-economics/51111151252225224304000011334082
[2019-11-25 11:35:01] ---- FROM  ::1 (WinNT)
[2019-11-25 11:35:01] ---- BROWSER:  Chrome 78.0 (Mozilla/5.0 (Windows NT 10.0; Win64; x64) AppleWebKit/537.36 (KHTML, like Gecko) Chrome/78.0.3904.108 Safari/537.36)
[2019-11-25 11:35:01] 200 - OK - text/xml
[2019-11-25 11:35:01] REQUEST POST - https://localhost:8082/public/ws/Config.asmx/All_Get
[2019-11-25 11:35:01] ---- FROM  ::1 (WinNT)
[2019-11-25 11:35:01] ---- BROWSER:  Chrome 78.0 (Mozilla/5.0 (Windows NT 10.0; Win64; x64) AppleWebKit/537.36 (KHTML, like Gecko) Chrome/78.0.3904.108 Safari/537.36)
[2019-11-25 11:35:01] ---- CONTENT: {data : "<?xml version='1.0' encoding='utf-8' ?><Request ID='20191125113501105'><General><Token>51111151252225224304000011334082</Token></General><Data></Data></Request>"}
[2019-11-25 11:35:01] 200 - OK - application/json
[2019-11-25 11:35:01] REQUEST POST - https://localhost:8082/public/ws/CDG.asmx/Data
[2019-11-25 11:35:01] ---- FROM  ::1 (WinNT)
[2019-11-25 11:35:01] ---- BROWSER:  Chrome 78.0 (Mozilla/5.0 (Windows NT 10.0; Win64; x64) AppleWebKit/537.36 (KHTML, like Gecko) Chrome/78.0.3904.108 Safari/537.36)
[2019-11-25 11:35:01] ---- CONTENT: {data : "<?xml version='1.0' encoding='utf-8' ?><Request ID='20191125113501833'><General><Token>51111151252225224304000011334082</Token></General><Data></Data></Request>"}
[2019-11-25 11:35:01] 200 - OK - application/json
[2019-11-25 11:35:02] REQUEST POST - https://localhost:8082/public/ws/CDG.asmx/Get
[2019-11-25 11:35:02] ---- FROM  ::1 (WinNT)
[2019-11-25 11:35:02] ---- BROWSER:  Chrome 78.0 (Mozilla/5.0 (Windows NT 10.0; Win64; x64) AppleWebKit/537.36 (KHTML, like Gecko) Chrome/78.0.3904.108 Safari/537.36)
[2019-11-25 11:35:02] ---- CONTENT: {data : "<?xml version='1.0' encoding='utf-8' ?><Request ID='20191125113502299'><General><Token>51111151252225224304000011334082</Token></General><Data></Data></Request>"}
[2019-11-25 11:35:02] 200 - OK - application/json
[2019-11-25 11:46:53] REQUEST GET - https://localhost:8082/controllo/distribuzione-mensile
[2019-11-25 11:46:53] ---- FROM  ::1 (WinNT)
[2019-11-25 11:46:53] ---- BROWSER:  Chrome 78.0 (Mozilla/5.0 (Windows NT 10.0; Win64; x64) AppleWebKit/537.36 (KHTML, like Gecko) Chrome/78.0.3904.108 Safari/537.36)
[2019-11-25 11:46:53] 200 - OK - text/html
[2019-11-25 11:46:55] REQUEST POST - https://localhost:8082/public/ws/CDG.asmx/Weights_Get
[2019-11-25 11:46:55] ---- FROM  ::1 (WinNT)
[2019-11-25 11:46:55] ---- BROWSER:  Chrome 78.0 (Mozilla/5.0 (Windows NT 10.0; Win64; x64) AppleWebKit/537.36 (KHTML, like Gecko) Chrome/78.0.3904.108 Safari/537.36)
[2019-11-25 11:46:55] ---- CONTENT: {data : "<?xml version='1.0' encoding='utf-8' ?><Request ID='20191125114655961'><General><Token>51111151252225224304000011334082</Token></General><Data></Data></Request>"}
[2019-11-25 11:46:55] 200 - OK - application/json
[2019-11-25 11:46:56] REQUEST POST - https://localhost:8082/public/ws/Config.asmx/All_Get
[2019-11-25 11:46:56] ---- FROM  ::1 (WinNT)
[2019-11-25 11:46:56] ---- BROWSER:  Chrome 78.0 (Mozilla/5.0 (Windows NT 10.0; Win64; x64) AppleWebKit/537.36 (KHTML, like Gecko) Chrome/78.0.3904.108 Safari/537.36)
[2019-11-25 11:46:56] ---- CONTENT: {data : "<?xml version='1.0' encoding='utf-8' ?><Request ID='2019112511465679'><General><Token>51111151252225224304000011334082</Token></General><Data></Data></Request>"}
[2019-11-25 11:46:56] 200 - OK - application/json
[2019-11-25 11:46:56] REQUEST GET - https://localhost:8082/public/ws/Resources.ashx/xml-economics/51111151252225224304000011334082
[2019-11-25 11:46:56] ---- FROM  ::1 (WinNT)
[2019-11-25 11:46:56] ---- BROWSER:  Chrome 78.0 (Mozilla/5.0 (Windows NT 10.0; Win64; x64) AppleWebKit/537.36 (KHTML, like Gecko) Chrome/78.0.3904.108 Safari/537.36)
[2019-11-25 11:46:56] 200 - OK - text/xml
[2019-11-25 11:46:56] REQUEST POST - https://localhost:8082/public/ws/Economics.asmx/messaggi_summary
[2019-11-25 11:46:56] ---- FROM  ::1 (WinNT)
[2019-11-25 11:46:56] ---- BROWSER:  Chrome 78.0 (Mozilla/5.0 (Windows NT 10.0; Win64; x64) AppleWebKit/537.36 (KHTML, like Gecko) Chrome/78.0.3904.108 Safari/537.36)
[2019-11-25 11:46:56] ---- CONTENT: {data : "<?xml version='1.0' encoding='utf-8' ?><Request ID='20191125114656125'><General><Token>51111151252225224304000011334082</Token></General><Data></Data></Request>"}
[2019-11-25 11:46:56] 200 - OK - application/json
[2019-11-25 11:46:56] REQUEST POST - https://localhost:8082/public/ws/CDG.asmx/BPData
[2019-11-25 11:46:56] ---- FROM  ::1 (WinNT)
[2019-11-25 11:46:56] ---- BROWSER:  Chrome 78.0 (Mozilla/5.0 (Windows NT 10.0; Win64; x64) AppleWebKit/537.36 (KHTML, like Gecko) Chrome/78.0.3904.108 Safari/537.36)
[2019-11-25 11:46:56] ---- CONTENT: {data : "<?xml version='1.0' encoding='utf-8' ?><Request ID='20191125114656179'><General><Token>51111151252225224304000011334082</Token></General><Data></Data></Request>"}
[2019-11-25 11:46:56] 200 - OK - application/json
[2019-11-25 11:46:57] REQUEST POST - https://localhost:8082/public/ws/Config.asmx/All_Get
[2019-11-25 11:46:57] ---- FROM  ::1 (WinNT)
[2019-11-25 11:46:57] ---- BROWSER:  Chrome 78.0 (Mozilla/5.0 (Windows NT 10.0; Win64; x64) AppleWebKit/537.36 (KHTML, like Gecko) Chrome/78.0.3904.108 Safari/537.36)
[2019-11-25 11:46:57] ---- CONTENT: {data : "<?xml version='1.0' encoding='utf-8' ?><Request ID='20191125114657133'><General><Token>51111151252225224304000011334082</Token></General><Data></Data></Request>"}
[2019-11-25 11:46:57] 200 - OK - application/json
[2019-11-25 11:46:57] REQUEST POST - https://localhost:8082/public/ws/CDG.asmx/Get
[2019-11-25 11:46:57] ---- FROM  ::1 (WinNT)
[2019-11-25 11:46:57] ---- BROWSER:  Chrome 78.0 (Mozilla/5.0 (Windows NT 10.0; Win64; x64) AppleWebKit/537.36 (KHTML, like Gecko) Chrome/78.0.3904.108 Safari/537.36)
[2019-11-25 11:46:57] ---- CONTENT: {data : "<?xml version='1.0' encoding='utf-8' ?><Request ID='20191125114657290'><General><Token>51111151252225224304000011334082</Token></General><Data></Data></Request>"}
[2019-11-25 11:46:57] 200 - OK - application/json
[2019-11-25 11:47:55] REQUEST POST - https://localhost:8082/public/ws/CDG.asmx/Weights_Set
[2019-11-25 11:47:55] ---- FROM  ::1 (WinNT)
[2019-11-25 11:47:55] ---- BROWSER:  Chrome 78.0 (Mozilla/5.0 (Windows NT 10.0; Win64; x64) AppleWebKit/537.36 (KHTML, like Gecko) Chrome/78.0.3904.108 Safari/537.36)
[2019-11-25 11:47:55] ---- CONTENT: {data : "<?xml version='1.0' encoding='utf-8'?><Request ID='20191125114755730'><General><Token>51111151252225224304000011334082</Token></General><Data><Mesi><Mese ID='1'><Ricavi_Cdg>10000</Ricavi_Cdg><Acquisti_Cdg>10000</Acquisti_Cdg><VariazioneRimanenze>10000</VariazioneRimanenze><Consumi>0</Consumi><ValoreAggiuntoConsumi>0</ValoreAggiuntoConsumi><CostiVariabiliProduzione>10000</CostiVariabiliProduzione><CostiVariabiliCommerciali>10000</CostiVariabiliCommerciali><TotaleCostiVariabili>0</TotaleCostiVariabili><MargineContribuzione>0</MargineContribuzione><CostiFissiProduzione>10000</CostiFissiProduzione><CostiFissiCommerciali>10000</CostiFissiCommerciali><CostiGeneraliAmministrativi>10000</CostiGeneraliAmministrativi><TotaleCostiFissi>0</TotaleCostiFissi><Ebitda>0</Ebitda><Ammortamenti>10000</Ammortamenti><Accantonamenti>10000</Accantonamenti><Svalutazioni>10000</Svalutazioni><Ebit>0</Ebit><SaldoOneriRicavi>0</SaldoOneriRicavi><UtileAnteGestioneFinStra>0</UtileAnteGestioneFinStra><GestioneFinanziaria>10000</GestioneFinanziaria><UtileCorrente>0</UtileCorrente><GestioneStraordinaria>10000</GestioneStraordinaria><Ebt>0</Ebt><Imposte>10000</Imposte><RedditoNetto>0</RedditoNetto></Mese><Mese ID='2'><Ricavi_Cdg>10000</Ricavi_Cdg><Acquisti_Cdg>10000</Acquisti_Cdg><VariazioneRimanenze>10000</VariazioneRimanenze><Consumi>0</Consumi><ValoreAggiuntoConsumi>0</ValoreAggiuntoConsumi><CostiVariabiliProduzione>10000</CostiVariabiliProduzione><CostiVariabiliCommerciali>10000</CostiVariabiliCommerciali><TotaleCostiVariabili>0</TotaleCostiVariabili><MargineContribuzione>0</MargineContribuzione><CostiFissiProduzione>10000</CostiFissiProduzione><CostiFissiCommerciali>10000</CostiFissiCommerciali><CostiGeneraliAmministrativi>10000</CostiGeneraliAmministrativi><TotaleCostiFissi>0</TotaleCostiFissi><Ebitda>0</Ebitda><Ammortamenti>10000</Ammortamenti><Accantonamenti>10000</Accantonamenti><Svalutazioni>10000</Svalutazioni><Ebit>0</Ebit><SaldoOneriRicavi>0</SaldoOneriRicavi><UtileAnteGestioneFinStra>0</UtileAnteGestioneFinStra><GestioneFinanziaria>10000</GestioneFinanziaria><UtileCorrente>0</UtileCorrente><GestioneStraordinaria>10000</GestioneStraordinaria><Ebt>0</Ebt><Imposte>10000</Imposte><RedditoNetto>0</RedditoNetto></Mese><Mese ID='3'><Ricavi_Cdg>10000</Ricavi_Cdg><Acquisti_Cdg>10000</Acquisti_Cdg><VariazioneRimanenze>10000</VariazioneRimanenze><Consumi>0</Consumi><ValoreAggiuntoConsumi>0</ValoreAggiuntoConsumi><CostiVariabiliProduzione>10000</CostiVariabiliProduzione><CostiVariabiliCommerciali>10000</CostiVariabiliCommerciali><TotaleCostiVariabili>0</TotaleCostiVariabili><MargineContribuzione>0</MargineContribuzione><CostiFissiProduzione>10000</CostiFissiProduzione><CostiFissiCommerciali>10000</CostiFissiCommerciali><CostiGeneraliAmministrativi>10000</CostiGeneraliAmministrativi><TotaleCostiFissi>0</TotaleCostiFissi><Ebitda>0</Ebitda><Ammortamenti>10000</Ammortamenti><Accantonamenti>10000</Accantonamenti><Svalutazioni>10000</Svalutazioni><Ebit>0</Ebit><SaldoOneriRicavi>0</SaldoOneriRicavi><UtileAnteGestioneFinStra>0</UtileAnteGestioneFinStra><GestioneFinanziaria>10000</GestioneFinanziaria><UtileCorrente>0</UtileCorrente><GestioneStraordinaria>10000</GestioneStraordinaria><Ebt>0</Ebt><Imposte>10000</Imposte><RedditoNetto>0</RedditoNetto></Mese><Mese ID='4'><Ricavi_Cdg>10000</Ricavi_Cdg><Acquisti_Cdg>10000</Acquisti_Cdg><VariazioneRimanenze>10000</VariazioneRimanenze><Consumi>0</Consumi><ValoreAggiuntoConsumi>0</ValoreAggiuntoConsumi><CostiVariabiliProduzione>10000</CostiVariabiliProduzione><CostiVariabiliCommerciali>10000</CostiVariabiliCommerciali><TotaleCostiVariabili>0</TotaleCostiVariabili><MargineContribuzione>0</MargineContribuzione><CostiFissiProduzione>10000</CostiFissiProduzione><CostiFissiCommerciali>10000</CostiFissiCommerciali><CostiGeneraliAmministrativi>10000</CostiGeneraliAmministrativi><TotaleCostiFissi>0</TotaleCostiFissi><Ebitda>0</Ebitda><Ammortamenti>10000</Ammortamenti><Accantonamenti>10000</Accantonamenti><Svalutazioni>10000</Svalutazioni><Ebit>0</Ebit><SaldoOneriRicavi>0</SaldoOneriRicavi><UtileAnteGestioneFinStra>0</UtileAnteGestioneFinStra><GestioneFinanziaria>10000</GestioneFinanziaria><UtileCorrente>0</UtileCorrente><GestioneStraordinaria>10000</GestioneStraordinaria><Ebt>0</Ebt><Imposte>10000</Imposte><RedditoNetto>0</RedditoNetto></Mese><Mese ID='5'><Ricavi_Cdg>10000</Ricavi_Cdg><Acquisti_Cdg>10000</Acquisti_Cdg><VariazioneRimanenze>10000</VariazioneRimanenze><Consumi>0</Consumi><ValoreAggiuntoConsumi>0</ValoreAggiuntoConsumi><CostiVariabiliProduzione>10000</CostiVariabiliProduzione><CostiVariabiliCommerciali>10000</CostiVariabiliCommerciali><TotaleCostiVariabili>0</TotaleCostiVariabili><MargineContribuzione>0</MargineContribuzione><CostiFissiProduzione>10000</CostiFissiProduzione><CostiFissiCommerciali>10000</CostiFissiCommerciali><CostiGeneraliAmministrativi>10000</CostiGeneraliAmministrativi><TotaleCostiFissi>0</TotaleCostiFissi><Ebitda>0</Ebitda><Ammortamenti>10000</Ammortamenti><Accantonamenti>10000</Accantonamenti><Svalutazioni>10000</Svalutazioni><Ebit>0</Ebit><SaldoOneriRicavi>0</SaldoOneriRicavi><UtileAnteGestioneFinStra>0</UtileAnteGestioneFinStra><GestioneFinanziaria>10000</GestioneFinanziaria><UtileCorrente>0</UtileCorrente><GestioneStraordinaria>10000</GestioneStraordinaria><Ebt>0</Ebt><Imposte>10000</Imposte><RedditoNetto>0</RedditoNetto></Mese><Mese ID='6'><Ricavi_Cdg>10000</Ricavi_Cdg><Acquisti_Cdg>10000</Acquisti_Cdg><VariazioneRimanenze>10000</VariazioneRimanenze><Consumi>0</Consumi><ValoreAggiuntoConsumi>0</ValoreAggiuntoConsumi><CostiVariabiliProduzione>10000</CostiVariabiliProduzione><CostiVariabiliCommerciali>10000</CostiVariabiliCommerciali><TotaleCostiVariabili>0</TotaleCostiVariabili><MargineContribuzione>0</MargineContribuzione><CostiFissiProduzione>10000</CostiFissiProduzione><CostiFissiCommerciali>10000</CostiFissiCommerciali><CostiGeneraliAmministrativi>10000</CostiGeneraliAmministrativi><TotaleCostiFissi>0</TotaleCostiFissi><Ebitda>0</Ebitda><Ammortamenti>10000</Ammortamenti><Accantonamenti>10000</Accantonamenti><Svalutazioni>10000</Svalutazioni><Ebit>0</Ebit><SaldoOneriRicavi>0</SaldoOneriRicavi><UtileAnteGestioneFinStra>0</UtileAnteGestioneFinStra><GestioneFinanziaria>10000</GestioneFinanziaria><UtileCorrente>0</UtileCorrente><GestioneStraordinaria>10000</GestioneStraordinaria><Ebt>0</Ebt><Imposte>10000</Imposte><RedditoNetto>0</RedditoNetto></Mese><Mese ID='7'><Ricavi_Cdg>10000</Ricavi_Cdg><Acquisti_Cdg>10000</Acquisti_Cdg><VariazioneRimanenze>10000</VariazioneRimanenze><Consumi>0</Consumi><ValoreAggiuntoConsumi>0</ValoreAggiuntoConsumi><CostiVariabiliProduzione>10000</CostiVariabiliProduzione><CostiVariabiliCommerciali>10000</CostiVariabiliCommerciali><TotaleCostiVariabili>0</TotaleCostiVariabili><MargineContribuzione>0</MargineContribuzione><CostiFissiProduzione>10000</CostiFissiProduzione><CostiFissiCommerciali>10000</CostiFissiCommerciali><CostiGeneraliAmministrativi>10000</CostiGeneraliAmministrativi><TotaleCostiFissi>0</TotaleCostiFissi><Ebitda>0</Ebitda><Ammortamenti>10000</Ammortamenti><Accantonamenti>10000</Accantonamenti><Svalutazioni>10000</Svalutazioni><Ebit>0</Ebit><SaldoOneriRicavi>0</SaldoOneriRicavi><UtileAnteGestioneFinStra>0</UtileAnteGestioneFinStra><GestioneFinanziaria>10000</GestioneFinanziaria><UtileCorrente>0</UtileCorrente><GestioneStraordinaria>10000</GestioneStraordinaria><Ebt>0</Ebt><Imposte>10000</Imposte><RedditoNetto>0</RedditoNetto></Mese><Mese ID='8'><Ricavi_Cdg>10000</Ricavi_Cdg><Acquisti_Cdg>10000</Acquisti_Cdg><VariazioneRimanenze>10000</VariazioneRimanenze><Consumi>0</Consumi><ValoreAggiuntoConsumi>0</ValoreAggiuntoConsumi><CostiVariabiliProduzione>10000</CostiVariabiliProduzione><CostiVariabiliCommerciali>10000</CostiVariabiliCommerciali><TotaleCostiVariabili>0</TotaleCostiVariabili><MargineContribuzione>0</MargineContribuzione><CostiFissiProduzione>10000</CostiFissiProduzione><CostiFissiCommerciali>10000</CostiFissiCommerciali><CostiGeneraliAmministrativi>10000</CostiGeneraliAmministrativi><TotaleCostiFissi>0</TotaleCostiFissi><Ebitda>0</Ebitda><Ammortamenti>10000</Ammortamenti><Accantonamenti>10000</Accantonamenti><Svalutazioni>10000</Svalutazioni><Ebit>0</Ebit><SaldoOneriRicavi>0</SaldoOneriRicavi><UtileAnteGestioneFinStra>0</UtileAnteGestioneFinStra><GestioneFinanziaria>10000</GestioneFinanziaria><UtileCorrente>0</UtileCorrente><GestioneStraordinaria>10000</GestioneStraordinaria><Ebt>0</Ebt><Imposte>10000</Imposte><RedditoNetto>0</RedditoNetto></Mese><Mese ID='9'><Ricavi_Cdg>5000</Ricavi_Cdg><Acquisti_Cdg>5000</Acquisti_Cdg><VariazioneRimanenze>5000</VariazioneRimanenze><Consumi>0</Consumi><ValoreAggiuntoConsumi>0</ValoreAggiuntoConsumi><CostiVariabiliProduzione>5000</CostiVariabiliProduzione><CostiVariabiliCommerciali>5000</CostiVariabiliCommerciali><TotaleCostiVariabili>0</TotaleCostiVariabili><MargineContribuzione>0</MargineContribuzione><CostiFissiProduzione>5000</CostiFissiProduzione><CostiFissiCommerciali>5000</CostiFissiCommerciali><CostiGeneraliAmministrativi>5000</CostiGeneraliAmministrativi><TotaleCostiFissi>0</TotaleCostiFissi><Ebitda>0</Ebitda><Ammortamenti>5000</Ammortamenti><Accantonamenti>5000</Accantonamenti><Svalutazioni>5000</Svalutazioni><Ebit>0</Ebit><SaldoOneriRicavi>0</SaldoOneriRicavi><UtileAnteGestioneFinStra>0</UtileAnteGestioneFinStra><GestioneFinanziaria>5000</GestioneFinanziaria><UtileCorrente>0</UtileCorrente><GestioneStraordinaria>5000</GestioneStraordinaria><Ebt>0</Ebt><Imposte>5000</Imposte><RedditoNetto>0</RedditoNetto></Mese><Mese ID='10'><Ricavi_Cdg>5000</Ricavi_Cdg><Acquisti_Cdg>5000</Acquisti_Cdg><VariazioneRimanenze>5000</VariazioneRimanenze><Consumi>0</Consumi><ValoreAggiuntoConsumi>0</ValoreAggiuntoConsumi><CostiVariabiliProduzione>5000</CostiVariabiliProduzione><CostiVariabiliCommerciali>5000</CostiVariabiliCommerciali><TotaleCostiVariabili>0</TotaleCostiVariabili><MargineContribuzione>0</MargineContribuzione><CostiFissiProduzione>5000</CostiFissiProduzione><CostiFissiCommerciali>5000</CostiFissiCommerciali><CostiGeneraliAmministrativi>5000</CostiGeneraliAmministrativi><TotaleCostiFissi>0</TotaleCostiFissi><Ebitda>0</Ebitda><Ammortamenti>5000</Ammortamenti><Accantonamenti>5000</Accantonamenti><Svalutazioni>5000</Svalutazioni><Ebit>0</Ebit><SaldoOneriRicavi>0</SaldoOneriRicavi><UtileAnteGestioneFinStra>0</UtileAnteGestioneFinStra><GestioneFinanziaria>5000</GestioneFinanziaria><UtileCorrente>0</UtileCorrente><GestioneStraordinaria>5000</GestioneStraordinaria><Ebt>0</Ebt><Imposte>5000</Imposte><RedditoNetto>0</RedditoNetto></Mese><Mese ID='11'><Ricavi_Cdg>5000</Ricavi_Cdg><Acquisti_Cdg>5000</Acquisti_Cdg><VariazioneRimanenze>5000</VariazioneRimanenze><Consumi>0</Consumi><ValoreAggiuntoConsumi>0</ValoreAggiuntoConsumi><CostiVariabiliProduzione>5000</CostiVariabiliProduzione><CostiVariabiliCommerciali>5000</CostiVariabiliCommerciali><TotaleCostiVariabili>0</TotaleCostiVariabili><MargineContribuzione>0</MargineContribuzione><CostiFissiProduzione>5000</CostiFissiProduzione><CostiFissiCommerciali>5000</CostiFissiCommerciali><CostiGeneraliAmministrativi>5000</CostiGeneraliAmministrativi><TotaleCostiFissi>0</TotaleCostiFissi><Ebitda>0</Ebitda><Ammortamenti>5000</Ammortamenti><Accantonamenti>5000</Accantonamenti><Svalutazioni>5000</Svalutazioni><Ebit>0</Ebit><SaldoOneriRicavi>0</SaldoOneriRicavi><UtileAnteGestioneFinStra>0</UtileAnteGestioneFinStra><GestioneFinanziaria>5000</GestioneFinanziaria><UtileCorrente>0</UtileCorrente><GestioneStraordinaria>5000</GestioneStraordinaria><Ebt>0</Ebt><Imposte>5000</Imposte><RedditoNetto>0</RedditoNetto></Mese><Mese ID='12'><Ricavi_Cdg>5000</Ricavi_Cdg><Acquisti_Cdg>5000</Acquisti_Cdg><VariazioneRimanenze>5000</VariazioneRimanenze><Consumi>0</Consumi><ValoreAggiuntoConsumi>0</ValoreAggiuntoConsumi><CostiVariabiliProduzione>5000</CostiVariabiliProduzione><CostiVariabiliCommerciali>5000</CostiVariabiliCommerciali><TotaleCostiVariabili>0</TotaleCostiVariabili><MargineContribuzione>0</MargineContribuzione><CostiFissiProduzione>5000</CostiFissiProduzione><CostiFissiCommerciali>5000</CostiFissiCommerciali><CostiGeneraliAmministrativi>5000</CostiGeneraliAmministrativi><TotaleCostiFissi>0</TotaleCostiFissi><Ebitda>0</Ebitda><Ammortamenti>5000</Ammortamenti><Accantonamenti>5000</Accantonamenti><Svalutazioni>5000</Svalutazioni><Ebit>0</Ebit><SaldoOneriRicavi>0</SaldoOneriRicavi><UtileAnteGestioneFinStra>0</UtileAnteGestioneFinStra><GestioneFinanziaria>5000</GestioneFinanziaria><UtileCorrente>0</UtileCorrente><GestioneStraordinaria>5000</GestioneStraordinaria><Ebt>0</Ebt><Imposte>5000</Imposte><RedditoNetto>0</RedditoNetto></Mese></Mesi></Data></Request>"}
[2019-11-25 11:47:56] 200 - OK - application/json
[2019-11-25 11:47:56] REQUEST POST - https://localhost:8082/public/ws/CDG.asmx/Forecast_Set
[2019-11-25 11:47:56] ---- FROM  ::1 (WinNT)
[2019-11-25 11:47:56] ---- BROWSER:  Chrome 78.0 (Mozilla/5.0 (Windows NT 10.0; Win64; x64) AppleWebKit/537.36 (KHTML, like Gecko) Chrome/78.0.3904.108 Safari/537.36)
[2019-11-25 11:47:56] ---- CONTENT: {data : "<?xml version='1.0' encoding='utf-8' ?><Request ID='2019112511475660'><General><Token>51111151252225224304000011334082</Token></General><Data></Data></Request>"}
[2019-11-25 11:47:56] 200 - OK - application/json
[2019-11-25 11:47:56] REQUEST POST - https://localhost:8082/public/ws/Config.asmx/All_Get
[2019-11-25 11:47:56] ---- FROM  ::1 (WinNT)
[2019-11-25 11:47:56] ---- BROWSER:  Chrome 78.0 (Mozilla/5.0 (Windows NT 10.0; Win64; x64) AppleWebKit/537.36 (KHTML, like Gecko) Chrome/78.0.3904.108 Safari/537.36)
[2019-11-25 11:47:56] ---- CONTENT: {data : "<?xml version='1.0' encoding='utf-8' ?><Request ID='20191125114756211'><General><Token>51111151252225224304000011334082</Token></General><Data></Data></Request>"}
[2019-11-25 11:47:56] 200 - OK - application/json
[2019-11-25 11:47:56] REQUEST POST - https://localhost:8082/public/ws/Economics.asmx/messaggi_summary
[2019-11-25 11:47:56] ---- FROM  ::1 (WinNT)
[2019-11-25 11:47:56] ---- BROWSER:  Chrome 78.0 (Mozilla/5.0 (Windows NT 10.0; Win64; x64) AppleWebKit/537.36 (KHTML, like Gecko) Chrome/78.0.3904.108 Safari/537.36)
[2019-11-25 11:47:56] ---- CONTENT: {data : "<?xml version='1.0' encoding='utf-8' ?><Request ID='20191125114756357'><General><Token>51111151252225224304000011334082</Token></General><Data></Data></Request>"}
[2019-11-25 11:47:56] 200 - OK - application/json
[2019-11-25 11:47:56] REQUEST POST - https://localhost:8082/public/ws/Config.asmx/All_Get
[2019-11-25 11:47:56] ---- FROM  ::1 (WinNT)
[2019-11-25 11:47:56] ---- BROWSER:  Chrome 78.0 (Mozilla/5.0 (Windows NT 10.0; Win64; x64) AppleWebKit/537.36 (KHTML, like Gecko) Chrome/78.0.3904.108 Safari/537.36)
[2019-11-25 11:47:56] ---- CONTENT: {data : "<?xml version='1.0' encoding='utf-8' ?><Request ID='20191125114756471'><General><Token>51111151252225224304000011334082</Token></General><Data></Data></Request>"}
[2019-11-25 11:47:56] 200 - OK - application/json
[2019-11-25 11:48:11] REQUEST POST - https://localhost:8082/public/ws/CDG.asmx/Weights_Set
[2019-11-25 11:48:11] ---- FROM  ::1 (WinNT)
[2019-11-25 11:48:11] ---- BROWSER:  Chrome 78.0 (Mozilla/5.0 (Windows NT 10.0; Win64; x64) AppleWebKit/537.36 (KHTML, like Gecko) Chrome/78.0.3904.108 Safari/537.36)
[2019-11-25 11:48:11] ---- CONTENT: {data : "<?xml version='1.0' encoding='utf-8'?><Request ID='20191125114810618'><General><Token>51111151252225224304000011334082</Token></General><Data><Mesi><Mese ID='1'><Ricavi_Cdg>10000</Ricavi_Cdg><Acquisti_Cdg>10000</Acquisti_Cdg><VariazioneRimanenze>10000</VariazioneRimanenze><Consumi>0</Consumi><ValoreAggiuntoConsumi>0</ValoreAggiuntoConsumi><CostiVariabiliProduzione>10000</CostiVariabiliProduzione><CostiVariabiliCommerciali>10000</CostiVariabiliCommerciali><TotaleCostiVariabili>0</TotaleCostiVariabili><MargineContribuzione>0</MargineContribuzione><CostiFissiProduzione>10000</CostiFissiProduzione><CostiFissiCommerciali>10000</CostiFissiCommerciali><CostiGeneraliAmministrativi>10000</CostiGeneraliAmministrativi><TotaleCostiFissi>0</TotaleCostiFissi><Ebitda>0</Ebitda><Ammortamenti>10000</Ammortamenti><Accantonamenti>10000</Accantonamenti><Svalutazioni>10000</Svalutazioni><Ebit>0</Ebit><SaldoOneriRicavi>0</SaldoOneriRicavi><UtileAnteGestioneFinStra>0</UtileAnteGestioneFinStra><GestioneFinanziaria>10000</GestioneFinanziaria><UtileCorrente>0</UtileCorrente><GestioneStraordinaria>10000</GestioneStraordinaria><Ebt>0</Ebt><Imposte>10000</Imposte><RedditoNetto>0</RedditoNetto></Mese><Mese ID='2'><Ricavi_Cdg>10000</Ricavi_Cdg><Acquisti_Cdg>10000</Acquisti_Cdg><VariazioneRimanenze>10000</VariazioneRimanenze><Consumi>0</Consumi><ValoreAggiuntoConsumi>0</ValoreAggiuntoConsumi><CostiVariabiliProduzione>10000</CostiVariabiliProduzione><CostiVariabiliCommerciali>10000</CostiVariabiliCommerciali><TotaleCostiVariabili>0</TotaleCostiVariabili><MargineContribuzione>0</MargineContribuzione><CostiFissiProduzione>10000</CostiFissiProduzione><CostiFissiCommerciali>10000</CostiFissiCommerciali><CostiGeneraliAmministrativi>10000</CostiGeneraliAmministrativi><TotaleCostiFissi>0</TotaleCostiFissi><Ebitda>0</Ebitda><Ammortamenti>10000</Ammortamenti><Accantonamenti>10000</Accantonamenti><Svalutazioni>10000</Svalutazioni><Ebit>0</Ebit><SaldoOneriRicavi>0</SaldoOneriRicavi><UtileAnteGestioneFinStra>0</UtileAnteGestioneFinStra><GestioneFinanziaria>10000</GestioneFinanziaria><UtileCorrente>0</UtileCorrente><GestioneStraordinaria>10000</GestioneStraordinaria><Ebt>0</Ebt><Imposte>10000</Imposte><RedditoNetto>0</RedditoNetto></Mese><Mese ID='3'><Ricavi_Cdg>10000</Ricavi_Cdg><Acquisti_Cdg>10000</Acquisti_Cdg><VariazioneRimanenze>10000</VariazioneRimanenze><Consumi>0</Consumi><ValoreAggiuntoConsumi>0</ValoreAggiuntoConsumi><CostiVariabiliProduzione>10000</CostiVariabiliProduzione><CostiVariabiliCommerciali>10000</CostiVariabiliCommerciali><TotaleCostiVariabili>0</TotaleCostiVariabili><MargineContribuzione>0</MargineContribuzione><CostiFissiProduzione>10000</CostiFissiProduzione><CostiFissiCommerciali>10000</CostiFissiCommerciali><CostiGeneraliAmministrativi>10000</CostiGeneraliAmministrativi><TotaleCostiFissi>0</TotaleCostiFissi><Ebitda>0</Ebitda><Ammortamenti>10000</Ammortamenti><Accantonamenti>10000</Accantonamenti><Svalutazioni>10000</Svalutazioni><Ebit>0</Ebit><SaldoOneriRicavi>0</SaldoOneriRicavi><UtileAnteGestioneFinStra>0</UtileAnteGestioneFinStra><GestioneFinanziaria>10000</GestioneFinanziaria><UtileCorrente>0</UtileCorrente><GestioneStraordinaria>10000</GestioneStraordinaria><Ebt>0</Ebt><Imposte>10000</Imposte><RedditoNetto>0</RedditoNetto></Mese><Mese ID='4'><Ricavi_Cdg>10000</Ricavi_Cdg><Acquisti_Cdg>10000</Acquisti_Cdg><VariazioneRimanenze>10000</VariazioneRimanenze><Consumi>0</Consumi><ValoreAggiuntoConsumi>0</ValoreAggiuntoConsumi><CostiVariabiliProduzione>10000</CostiVariabiliProduzione><CostiVariabiliCommerciali>10000</CostiVariabiliCommerciali><TotaleCostiVariabili>0</TotaleCostiVariabili><MargineContribuzione>0</MargineContribuzione><CostiFissiProduzione>10000</CostiFissiProduzione><CostiFissiCommerciali>10000</CostiFissiCommerciali><CostiGeneraliAmministrativi>10000</CostiGeneraliAmministrativi><TotaleCostiFissi>0</TotaleCostiFissi><Ebitda>0</Ebitda><Ammortamenti>10000</Ammortamenti><Accantonamenti>10000</Accantonamenti><Svalutazioni>10000</Svalutazioni><Ebit>0</Ebit><SaldoOneriRicavi>0</SaldoOneriRicavi><UtileAnteGestioneFinStra>0</UtileAnteGestioneFinStra><GestioneFinanziaria>10000</GestioneFinanziaria><UtileCorrente>0</UtileCorrente><GestioneStraordinaria>10000</GestioneStraordinaria><Ebt>0</Ebt><Imposte>10000</Imposte><RedditoNetto>0</RedditoNetto></Mese><Mese ID='5'><Ricavi_Cdg>10000</Ricavi_Cdg><Acquisti_Cdg>10000</Acquisti_Cdg><VariazioneRimanenze>10000</VariazioneRimanenze><Consumi>0</Consumi><ValoreAggiuntoConsumi>0</ValoreAggiuntoConsumi><CostiVariabiliProduzione>10000</CostiVariabiliProduzione><CostiVariabiliCommerciali>10000</CostiVariabiliCommerciali><TotaleCostiVariabili>0</TotaleCostiVariabili><MargineContribuzione>0</MargineContribuzione><CostiFissiProduzione>10000</CostiFissiProduzione><CostiFissiCommerciali>10000</CostiFissiCommerciali><CostiGeneraliAmministrativi>10000</CostiGeneraliAmministrativi><TotaleCostiFissi>0</TotaleCostiFissi><Ebitda>0</Ebitda><Ammortamenti>10000</Ammortamenti><Accantonamenti>10000</Accantonamenti><Svalutazioni>10000</Svalutazioni><Ebit>0</Ebit><SaldoOneriRicavi>0</SaldoOneriRicavi><UtileAnteGestioneFinStra>0</UtileAnteGestioneFinStra><GestioneFinanziaria>10000</GestioneFinanziaria><UtileCorrente>0</UtileCorrente><GestioneStraordinaria>10000</GestioneStraordinaria><Ebt>0</Ebt><Imposte>10000</Imposte><RedditoNetto>0</RedditoNetto></Mese><Mese ID='6'><Ricavi_Cdg>10000</Ricavi_Cdg><Acquisti_Cdg>10000</Acquisti_Cdg><VariazioneRimanenze>10000</VariazioneRimanenze><Consumi>0</Consumi><ValoreAggiuntoConsumi>0</ValoreAggiuntoConsumi><CostiVariabiliProduzione>10000</CostiVariabiliProduzione><CostiVariabiliCommerciali>10000</CostiVariabiliCommerciali><TotaleCostiVariabili>0</TotaleCostiVariabili><MargineContribuzione>0</MargineContribuzione><CostiFissiProduzione>10000</CostiFissiProduzione><CostiFissiCommerciali>10000</CostiFissiCommerciali><CostiGeneraliAmministrativi>10000</CostiGeneraliAmministrativi><TotaleCostiFissi>0</TotaleCostiFissi><Ebitda>0</Ebitda><Ammortamenti>10000</Ammortamenti><Accantonamenti>10000</Accantonamenti><Svalutazioni>10000</Svalutazioni><Ebit>0</Ebit><SaldoOneriRicavi>0</SaldoOneriRicavi><UtileAnteGestioneFinStra>0</UtileAnteGestioneFinStra><GestioneFinanziaria>10000</GestioneFinanziaria><UtileCorrente>0</UtileCorrente><GestioneStraordinaria>10000</GestioneStraordinaria><Ebt>0</Ebt><Imposte>10000</Imposte><RedditoNetto>0</RedditoNetto></Mese><Mese ID='7'><Ricavi_Cdg>10000</Ricavi_Cdg><Acquisti_Cdg>10000</Acquisti_Cdg><VariazioneRimanenze>10000</VariazioneRimanenze><Consumi>0</Consumi><ValoreAggiuntoConsumi>0</ValoreAggiuntoConsumi><CostiVariabiliProduzione>10000</CostiVariabiliProduzione><CostiVariabiliCommerciali>10000</CostiVariabiliCommerciali><TotaleCostiVariabili>0</TotaleCostiVariabili><MargineContribuzione>0</MargineContribuzione><CostiFissiProduzione>10000</CostiFissiProduzione><CostiFissiCommerciali>10000</CostiFissiCommerciali><CostiGeneraliAmministrativi>10000</CostiGeneraliAmministrativi><TotaleCostiFissi>0</TotaleCostiFissi><Ebitda>0</Ebitda><Ammortamenti>10000</Ammortamenti><Accantonamenti>10000</Accantonamenti><Svalutazioni>10000</Svalutazioni><Ebit>0</Ebit><SaldoOneriRicavi>0</SaldoOneriRicavi><UtileAnteGestioneFinStra>0</UtileAnteGestioneFinStra><GestioneFinanziaria>10000</GestioneFinanziaria><UtileCorrente>0</UtileCorrente><GestioneStraordinaria>10000</GestioneStraordinaria><Ebt>0</Ebt><Imposte>10000</Imposte><RedditoNetto>0</RedditoNetto></Mese><Mese ID='8'><Ricavi_Cdg>10000</Ricavi_Cdg><Acquisti_Cdg>10000</Acquisti_Cdg><VariazioneRimanenze>10000</VariazioneRimanenze><Consumi>0</Consumi><ValoreAggiuntoConsumi>0</ValoreAggiuntoConsumi><CostiVariabiliProduzione>10000</CostiVariabiliProduzione><CostiVariabiliCommerciali>10000</CostiVariabiliCommerciali><TotaleCostiVariabili>0</TotaleCostiVariabili><MargineContribuzione>0</MargineContribuzione><CostiFissiProduzione>10000</CostiFissiProduzione><CostiFissiCommerciali>10000</CostiFissiCommerciali><CostiGeneraliAmministrativi>10000</CostiGeneraliAmministrativi><TotaleCostiFissi>0</TotaleCostiFissi><Ebitda>0</Ebitda><Ammortamenti>10000</Ammortamenti><Accantonamenti>10000</Accantonamenti><Svalutazioni>10000</Svalutazioni><Ebit>0</Ebit><SaldoOneriRicavi>0</SaldoOneriRicavi><UtileAnteGestioneFinStra>0</UtileAnteGestioneFinStra><GestioneFinanziaria>10000</GestioneFinanziaria><UtileCorrente>0</UtileCorrente><GestioneStraordinaria>10000</GestioneStraordinaria><Ebt>0</Ebt><Imposte>10000</Imposte><RedditoNetto>0</RedditoNetto></Mese><Mese ID='9'><Ricavi_Cdg>5000</Ricavi_Cdg><Acquisti_Cdg>5000</Acquisti_Cdg><VariazioneRimanenze>5000</VariazioneRimanenze><Consumi>0</Consumi><ValoreAggiuntoConsumi>0</ValoreAggiuntoConsumi><CostiVariabiliProduzione>5000</CostiVariabiliProduzione><CostiVariabiliCommerciali>5000</CostiVariabiliCommerciali><TotaleCostiVariabili>0</TotaleCostiVariabili><MargineContribuzione>0</MargineContribuzione><CostiFissiProduzione>5000</CostiFissiProduzione><CostiFissiCommerciali>5000</CostiFissiCommerciali><CostiGeneraliAmministrativi>5000</CostiGeneraliAmministrativi><TotaleCostiFissi>0</TotaleCostiFissi><Ebitda>0</Ebitda><Ammortamenti>5000</Ammortamenti><Accantonamenti>5000</Accantonamenti><Svalutazioni>5000</Svalutazioni><Ebit>0</Ebit><SaldoOneriRicavi>0</SaldoOneriRicavi><UtileAnteGestioneFinStra>0</UtileAnteGestioneFinStra><GestioneFinanziaria>5000</GestioneFinanziaria><UtileCorrente>0</UtileCorrente><GestioneStraordinaria>5000</GestioneStraordinaria><Ebt>0</Ebt><Imposte>5000</Imposte><RedditoNetto>0</RedditoNetto></Mese><Mese ID='10'><Ricavi_Cdg>5000</Ricavi_Cdg><Acquisti_Cdg>5000</Acquisti_Cdg><VariazioneRimanenze>5000</VariazioneRimanenze><Consumi>0</Consumi><ValoreAggiuntoConsumi>0</ValoreAggiuntoConsumi><CostiVariabiliProduzione>5000</CostiVariabiliProduzione><CostiVariabiliCommerciali>5000</CostiVariabiliCommerciali><TotaleCostiVariabili>0</TotaleCostiVariabili><MargineContribuzione>0</MargineContribuzione><CostiFissiProduzione>5000</CostiFissiProduzione><CostiFissiCommerciali>5000</CostiFissiCommerciali><CostiGeneraliAmministrativi>5000</CostiGeneraliAmministrativi><TotaleCostiFissi>0</TotaleCostiFissi><Ebitda>0</Ebitda><Ammortamenti>5000</Ammortamenti><Accantonamenti>5000</Accantonamenti><Svalutazioni>5000</Svalutazioni><Ebit>0</Ebit><SaldoOneriRicavi>0</SaldoOneriRicavi><UtileAnteGestioneFinStra>0</UtileAnteGestioneFinStra><GestioneFinanziaria>5000</GestioneFinanziaria><UtileCorrente>0</UtileCorrente><GestioneStraordinaria>5000</GestioneStraordinaria><Ebt>0</Ebt><Imposte>5000</Imposte><RedditoNetto>0</RedditoNetto></Mese><Mese ID='11'><Ricavi_Cdg>5000</Ricavi_Cdg><Acquisti_Cdg>5000</Acquisti_Cdg><VariazioneRimanenze>5000</VariazioneRimanenze><Consumi>0</Consumi><ValoreAggiuntoConsumi>0</ValoreAggiuntoConsumi><CostiVariabiliProduzione>5000</CostiVariabiliProduzione><CostiVariabiliCommerciali>5000</CostiVariabiliCommerciali><TotaleCostiVariabili>0</TotaleCostiVariabili><MargineContribuzione>0</MargineContribuzione><CostiFissiProduzione>5000</CostiFissiProduzione><CostiFissiCommerciali>5000</CostiFissiCommerciali><CostiGeneraliAmministrativi>5000</CostiGeneraliAmministrativi><TotaleCostiFissi>0</TotaleCostiFissi><Ebitda>0</Ebitda><Ammortamenti>5000</Ammortamenti><Accantonamenti>5000</Accantonamenti><Svalutazioni>5000</Svalutazioni><Ebit>0</Ebit><SaldoOneriRicavi>0</SaldoOneriRicavi><UtileAnteGestioneFinStra>0</UtileAnteGestioneFinStra><GestioneFinanziaria>5000</GestioneFinanziaria><UtileCorrente>0</UtileCorrente><GestioneStraordinaria>5000</GestioneStraordinaria><Ebt>0</Ebt><Imposte>5000</Imposte><RedditoNetto>0</RedditoNetto></Mese><Mese ID='12'><Ricavi_Cdg>5000</Ricavi_Cdg><Acquisti_Cdg>5000</Acquisti_Cdg><VariazioneRimanenze>5000</VariazioneRimanenze><Consumi>0</Consumi><ValoreAggiuntoConsumi>0</ValoreAggiuntoConsumi><CostiVariabiliProduzione>5000</CostiVariabiliProduzione><CostiVariabiliCommerciali>5000</CostiVariabiliCommerciali><TotaleCostiVariabili>0</TotaleCostiVariabili><MargineContribuzione>0</MargineContribuzione><CostiFissiProduzione>5000</CostiFissiProduzione><CostiFissiCommerciali>5000</CostiFissiCommerciali><CostiGeneraliAmministrativi>5000</CostiGeneraliAmministrativi><TotaleCostiFissi>0</TotaleCostiFissi><Ebitda>0</Ebitda><Ammortamenti>5000</Ammortamenti><Accantonamenti>5000</Accantonamenti><Svalutazioni>5000</Svalutazioni><Ebit>0</Ebit><SaldoOneriRicavi>0</SaldoOneriRicavi><UtileAnteGestioneFinStra>0</UtileAnteGestioneFinStra><GestioneFinanziaria>5000</GestioneFinanziaria><UtileCorrente>0</UtileCorrente><GestioneStraordinaria>5000</GestioneStraordinaria><Ebt>0</Ebt><Imposte>5000</Imposte><RedditoNetto>0</RedditoNetto></Mese></Mesi></Data></Request>"}
[2019-11-25 11:48:11] 200 - OK - application/json
[2019-11-25 11:48:11] REQUEST POST - https://localhost:8082/public/ws/CDG.asmx/Forecast_Set
[2019-11-25 11:48:11] ---- FROM  ::1 (WinNT)
[2019-11-25 11:48:11] ---- BROWSER:  Chrome 78.0 (Mozilla/5.0 (Windows NT 10.0; Win64; x64) AppleWebKit/537.36 (KHTML, like Gecko) Chrome/78.0.3904.108 Safari/537.36)
[2019-11-25 11:48:11] ---- CONTENT: {data : "<?xml version='1.0' encoding='utf-8' ?><Request ID='20191125114811331'><General><Token>51111151252225224304000011334082</Token></General><Data></Data></Request>"}
[2019-11-25 11:48:11] 200 - OK - application/json
[2019-11-25 11:48:11] REQUEST POST - https://localhost:8082/public/ws/Economics.asmx/messaggi_summary
[2019-11-25 11:48:11] ---- FROM  ::1 (WinNT)
[2019-11-25 11:48:11] ---- BROWSER:  Chrome 78.0 (Mozilla/5.0 (Windows NT 10.0; Win64; x64) AppleWebKit/537.36 (KHTML, like Gecko) Chrome/78.0.3904.108 Safari/537.36)
[2019-11-25 11:48:11] ---- CONTENT: {data : "<?xml version='1.0' encoding='utf-8' ?><Request ID='20191125114811638'><General><Token>51111151252225224304000011334082</Token></General><Data></Data></Request>"}
[2019-11-25 11:48:11] 200 - OK - application/json
[2019-11-25 11:48:11] REQUEST POST - https://localhost:8082/public/ws/Config.asmx/All_Get
[2019-11-25 11:48:11] ---- FROM  ::1 (WinNT)
[2019-11-25 11:48:11] ---- BROWSER:  Chrome 78.0 (Mozilla/5.0 (Windows NT 10.0; Win64; x64) AppleWebKit/537.36 (KHTML, like Gecko) Chrome/78.0.3904.108 Safari/537.36)
[2019-11-25 11:48:11] ---- CONTENT: {data : "<?xml version='1.0' encoding='utf-8' ?><Request ID='20191125114811670'><General><Token>51111151252225224304000011334082</Token></General><Data></Data></Request>"}
[2019-11-25 11:48:11] 200 - OK - application/json
[2019-11-25 11:48:11] REQUEST POST - https://localhost:8082/public/ws/Config.asmx/All_Get
[2019-11-25 11:48:11] ---- FROM  ::1 (WinNT)
[2019-11-25 11:48:11] ---- BROWSER:  Chrome 78.0 (Mozilla/5.0 (Windows NT 10.0; Win64; x64) AppleWebKit/537.36 (KHTML, like Gecko) Chrome/78.0.3904.108 Safari/537.36)
[2019-11-25 11:48:11] ---- CONTENT: {data : "<?xml version='1.0' encoding='utf-8' ?><Request ID='20191125114811774'><General><Token>51111151252225224304000011334082</Token></General><Data></Data></Request>"}
[2019-11-25 11:48:11] 200 - OK - application/json
[2019-11-25 11:54:16] REQUEST GET - https://localhost:8082/controllo/scostamenti
[2019-11-25 11:54:16] ---- FROM  ::1 (WinNT)
[2019-11-25 11:54:16] ---- BROWSER:  Chrome 78.0 (Mozilla/5.0 (Windows NT 10.0; Win64; x64) AppleWebKit/537.36 (KHTML, like Gecko) Chrome/78.0.3904.108 Safari/537.36)
[2019-11-25 11:54:16] 200 - OK - text/html
[2019-11-25 11:54:17] REQUEST POST - https://localhost:8082/public/ws/CDG.asmx/Forecast_Get
[2019-11-25 11:54:17] ---- FROM  ::1 (WinNT)
[2019-11-25 11:54:17] ---- BROWSER:  Chrome 78.0 (Mozilla/5.0 (Windows NT 10.0; Win64; x64) AppleWebKit/537.36 (KHTML, like Gecko) Chrome/78.0.3904.108 Safari/537.36)
[2019-11-25 11:54:17] ---- CONTENT: {data : "<?xml version='1.0' encoding='utf-8' ?><Request ID='20191125115417624'><General><Token>51111151252225224304000011334082</Token></General><Data></Data></Request>"}
[2019-11-25 11:54:17] 200 - OK - application/json
[2019-11-25 11:54:17] REQUEST POST - https://localhost:8082/public/ws/Config.asmx/All_Get
[2019-11-25 11:54:17] ---- FROM  ::1 (WinNT)
[2019-11-25 11:54:17] ---- BROWSER:  Chrome 78.0 (Mozilla/5.0 (Windows NT 10.0; Win64; x64) AppleWebKit/537.36 (KHTML, like Gecko) Chrome/78.0.3904.108 Safari/537.36)
[2019-11-25 11:54:17] ---- CONTENT: {data : "<?xml version='1.0' encoding='utf-8' ?><Request ID='20191125115417725'><General><Token>51111151252225224304000011334082</Token></General><Data></Data></Request>"}
[2019-11-25 11:54:17] 200 - OK - application/json
[2019-11-25 11:54:17] REQUEST GET - https://localhost:8082/public/ws/Resources.ashx/xml-economics/51111151252225224304000011334082
[2019-11-25 11:54:17] ---- FROM  ::1 (WinNT)
[2019-11-25 11:54:17] ---- BROWSER:  Chrome 78.0 (Mozilla/5.0 (Windows NT 10.0; Win64; x64) AppleWebKit/537.36 (KHTML, like Gecko) Chrome/78.0.3904.108 Safari/537.36)
[2019-11-25 11:54:17] 200 - OK - text/xml
[2019-11-25 11:54:17] REQUEST POST - https://localhost:8082/public/ws/Economics.asmx/messaggi_summary
[2019-11-25 11:54:17] ---- FROM  ::1 (WinNT)
[2019-11-25 11:54:17] ---- BROWSER:  Chrome 78.0 (Mozilla/5.0 (Windows NT 10.0; Win64; x64) AppleWebKit/537.36 (KHTML, like Gecko) Chrome/78.0.3904.108 Safari/537.36)
[2019-11-25 11:54:17] ---- CONTENT: {data : "<?xml version='1.0' encoding='utf-8' ?><Request ID='20191125115417795'><General><Token>51111151252225224304000011334082</Token></General><Data></Data></Request>"}
[2019-11-25 11:54:17] 200 - OK - application/json
[2019-11-25 11:54:18] REQUEST POST - https://localhost:8082/public/ws/CDG.asmx/Data
[2019-11-25 11:54:18] ---- FROM  ::1 (WinNT)
[2019-11-25 11:54:18] ---- BROWSER:  Chrome 78.0 (Mozilla/5.0 (Windows NT 10.0; Win64; x64) AppleWebKit/537.36 (KHTML, like Gecko) Chrome/78.0.3904.108 Safari/537.36)
[2019-11-25 11:54:18] ---- CONTENT: {data : "<?xml version='1.0' encoding='utf-8' ?><Request ID='20191125115418792'><General><Token>51111151252225224304000011334082</Token></General><Data></Data></Request>"}
[2019-11-25 11:54:18] 200 - OK - application/json
[2019-11-25 11:54:18] REQUEST POST - https://localhost:8082/public/ws/Config.asmx/All_Get
[2019-11-25 11:54:18] ---- FROM  ::1 (WinNT)
[2019-11-25 11:54:18] ---- BROWSER:  Chrome 78.0 (Mozilla/5.0 (Windows NT 10.0; Win64; x64) AppleWebKit/537.36 (KHTML, like Gecko) Chrome/78.0.3904.108 Safari/537.36)
[2019-11-25 11:54:18] ---- CONTENT: {data : "<?xml version='1.0' encoding='utf-8' ?><Request ID='20191125115418972'><General><Token>51111151252225224304000011334082</Token></General><Data></Data></Request>"}
[2019-11-25 11:54:18] 200 - OK - application/json
[2019-11-25 11:54:19] REQUEST POST - https://localhost:8082/public/ws/CDG.asmx/Get
[2019-11-25 11:54:19] ---- FROM  ::1 (WinNT)
[2019-11-25 11:54:19] ---- BROWSER:  Chrome 78.0 (Mozilla/5.0 (Windows NT 10.0; Win64; x64) AppleWebKit/537.36 (KHTML, like Gecko) Chrome/78.0.3904.108 Safari/537.36)
[2019-11-25 11:54:19] ---- CONTENT: {data : "<?xml version='1.0' encoding='utf-8' ?><Request ID='20191125115419799'><General><Token>51111151252225224304000011334082</Token></General><Data></Data></Request>"}
[2019-11-25 11:54:19] 200 - OK - application/json
