[2019-11-08 14:10:08] REQUEST GET - https://localhost:8082/economics/risorse-umane
[2019-11-08 14:10:08] ---- FROM  ::1 (WinNT)
[2019-11-08 14:10:08] ---- BROWSER:  Chrome 78.0 (Mozilla/5.0 (Windows NT 10.0; Win64; x64) AppleWebKit/537.36 (KHTML, like Gecko) Chrome/78.0.3904.87 Safari/537.36)
[2019-11-08 14:10:08] 302 - Found - text/html
[2019-11-08 14:10:08] REQUEST GET - https://localhost:8082/public/aspx/Home.aspx?ReturnUrl=%2feconomics%2frisorse-umane
[2019-11-08 14:10:08] ---- FROM  ::1 (WinNT)
[2019-11-08 14:10:08] ---- BROWSER:  Chrome 78.0 (Mozilla/5.0 (Windows NT 10.0; Win64; x64) AppleWebKit/537.36 (KHTML, like Gecko) Chrome/78.0.3904.87 Safari/537.36)
[2019-11-08 14:10:08] 200 - OK - text/html
[2019-11-08 14:10:14] REQUEST GET - https://localhost:8082/public/aspx/Home.aspx?ReturnUrl=%2feconomics%2frisorse-umane
[2019-11-08 14:10:14] ---- FROM  ::1 (WinNT)
[2019-11-08 14:10:14] ---- BROWSER:  Chrome 78.0 (Mozilla/5.0 (Windows NT 10.0; Win64; x64) AppleWebKit/537.36 (KHTML, like Gecko) Chrome/78.0.3904.87 Safari/537.36)
[2019-11-08 14:10:14] 200 - OK - text/html
[2019-11-08 14:10:16] REQUEST GET - https://localhost:8082/public/aspx/Home.aspx?ReturnUrl=%2feconomics%2frisorse-umane
[2019-11-08 14:10:16] ---- FROM  ::1 (WinNT)
[2019-11-08 14:10:16] ---- BROWSER:  Chrome 78.0 (Mozilla/5.0 (Windows NT 10.0; Win64; x64) AppleWebKit/537.36 (KHTML, like Gecko) Chrome/78.0.3904.87 Safari/537.36)
[2019-11-08 14:10:16] 200 - OK - text/html
[2019-11-08 14:10:19] REQUEST POST - https://localhost:8082/public/aspx/Home.aspx
[2019-11-08 14:10:19] ---- FROM  ::1 (WinNT)
[2019-11-08 14:10:19] ---- BROWSER:  Chrome 78.0 (Mozilla/5.0 (Windows NT 10.0; Win64; x64) AppleWebKit/537.36 (KHTML, like Gecko) Chrome/78.0.3904.87 Safari/537.36)
[2019-11-08 14:10:19] ---- CONTENT: Token%3D21111141252224224017000011333853%26TokenApiRest%3DeyJ0eXAiOiJKV1QiLCJhbGciOiJIUzI1NiJ9.eyJpc3MiOiJodHRwczpcL1wvd3d3cy5kZXYteWVhcC5pdCIsImlhdCI6MTU0MjI5NDMyMSwibmJmIjoxNTQyMjk0MzIxLCJleHAiOjE1NDI4OTkxMjEsImRhdGEiOnsidXNlciI6eyJpZCI6IjQ0In19fQ.RCP5OeoGASxAyBw1MbMD4BFJAcDM5JIXqYXKBALZcJI%26Logo%3Dhttps%3A%2F%2Flocalhost%3A8082%2Fscratch%2Fpl_logo.png%26Title%3DBusiness+Plan+Test+nr.+3=
[2019-11-08 14:10:19] 302 - Found - text/html
[2019-11-08 14:10:19] REQUEST GET - https://localhost:8082/home/welcome
[2019-11-08 14:10:19] ---- FROM  ::1 (WinNT)
[2019-11-08 14:10:19] ---- BROWSER:  Chrome 78.0 (Mozilla/5.0 (Windows NT 10.0; Win64; x64) AppleWebKit/537.36 (KHTML, like Gecko) Chrome/78.0.3904.87 Safari/537.36)
[2019-11-08 14:10:19] 200 - OK - text/html
[2019-11-08 14:10:19] REQUEST POST - https://localhost:8082/public/ws/General.asmx/Set
[2019-11-08 14:10:19] ---- FROM  ::1 (WinNT)
[2019-11-08 14:10:19] ---- BROWSER:  Chrome 78.0 (Mozilla/5.0 (Windows NT 10.0; Win64; x64) AppleWebKit/537.36 (KHTML, like Gecko) Chrome/78.0.3904.87 Safari/537.36)
[2019-11-08 14:10:19] ---- CONTENT: {data : "<?xml version='1.0' encoding='utf-8' ?><Request ID='20191108141019681'><General><Token>21111141252224224017000011333853</Token></General><Data><Nome>Business Plan Test nr. 3</Nome><Logo>https%3A%2F%2Flocalhost%3A8082%2Fscratch%2Fpl_logo.png</Logo></Data></Request>"}
[2019-11-08 14:10:19] 200 - OK - application/json
[2019-11-08 14:10:19] REQUEST POST - https://localhost:8082/public/ws/Config.asmx/Economics_Get
[2019-11-08 14:10:19] ---- FROM  ::1 (WinNT)
[2019-11-08 14:10:19] ---- BROWSER:  Chrome 78.0 (Mozilla/5.0 (Windows NT 10.0; Win64; x64) AppleWebKit/537.36 (KHTML, like Gecko) Chrome/78.0.3904.87 Safari/537.36)
[2019-11-08 14:10:19] ---- CONTENT: {data : "<?xml version='1.0' encoding='utf-8' ?><Request ID='20191108141019974'><General><Token>21111141252224224017000011333853</Token></General><Data></Data></Request>"}
[2019-11-08 14:10:20] 200 - OK - application/json
[2019-11-08 14:10:20] REQUEST POST - https://localhost:8082/public/ws/Config.asmx/All_Get
[2019-11-08 14:10:20] ---- FROM  ::1 (WinNT)
[2019-11-08 14:10:20] ---- BROWSER:  Chrome 78.0 (Mozilla/5.0 (Windows NT 10.0; Win64; x64) AppleWebKit/537.36 (KHTML, like Gecko) Chrome/78.0.3904.87 Safari/537.36)
[2019-11-08 14:10:20] ---- CONTENT: {data : "<?xml version='1.0' encoding='utf-8' ?><Request ID='20191108141020108'><General><Token>21111141252224224017000011333853</Token></General><Data></Data></Request>"}
[2019-11-08 14:10:20] REQUEST POST - https://localhost:8082/public/ws/Economics.asmx/messaggi_summary
[2019-11-08 14:10:20] ---- FROM  ::1 (WinNT)
[2019-11-08 14:10:20] ---- BROWSER:  Chrome 78.0 (Mozilla/5.0 (Windows NT 10.0; Win64; x64) AppleWebKit/537.36 (KHTML, like Gecko) Chrome/78.0.3904.87 Safari/537.36)
[2019-11-08 14:10:20] ---- CONTENT: {data : "<?xml version='1.0' encoding='utf-8' ?><Request ID='20191108141020130'><General><Token>21111141252224224017000011333853</Token></General><Data></Data></Request>"}
[2019-11-08 14:10:20] 200 - OK - application/json
[2019-11-08 14:10:20] 200 - OK - application/json
[2019-11-08 14:10:20] REQUEST POST - https://localhost:8082/public/ws/Config.asmx/All_Get
[2019-11-08 14:10:20] ---- FROM  ::1 (WinNT)
[2019-11-08 14:10:20] ---- BROWSER:  Chrome 78.0 (Mozilla/5.0 (Windows NT 10.0; Win64; x64) AppleWebKit/537.36 (KHTML, like Gecko) Chrome/78.0.3904.87 Safari/537.36)
[2019-11-08 14:10:20] ---- CONTENT: {data : "<?xml version='1.0' encoding='utf-8' ?><Request ID='20191108141020242'><General><Token>21111141252224224017000011333853</Token></General><Data></Data></Request>"}
[2019-11-08 14:10:20] 200 - OK - application/json
[2019-11-08 14:10:20] REQUEST POST - https://localhost:8082/public/ws/Config.asmx/All_Get
[2019-11-08 14:10:20] ---- FROM  ::1 (WinNT)
[2019-11-08 14:10:20] ---- BROWSER:  Chrome 78.0 (Mozilla/5.0 (Windows NT 10.0; Win64; x64) AppleWebKit/537.36 (KHTML, like Gecko) Chrome/78.0.3904.87 Safari/537.36)
[2019-11-08 14:10:20] ---- CONTENT: {data : "<?xml version='1.0' encoding='utf-8' ?><Request ID='20191108141020257'><General><Token>21111141252224224017000011333853</Token></General><Data></Data></Request>"}
[2019-11-08 14:10:20] 200 - OK - application/json
[2019-11-08 14:10:23] REQUEST GET - https://localhost:8082/economics/risorse-umane
[2019-11-08 14:10:23] ---- FROM  ::1 (WinNT)
[2019-11-08 14:10:23] ---- BROWSER:  Chrome 78.0 (Mozilla/5.0 (Windows NT 10.0; Win64; x64) AppleWebKit/537.36 (KHTML, like Gecko) Chrome/78.0.3904.87 Safari/537.36)
[2019-11-08 14:10:23] 200 - OK - text/html
[2019-11-08 14:10:24] REQUEST POST - https://localhost:8082/public/ws/Hr.asmx/Get
[2019-11-08 14:10:24] ---- FROM  ::1 (WinNT)
[2019-11-08 14:10:24] ---- BROWSER:  Chrome 78.0 (Mozilla/5.0 (Windows NT 10.0; Win64; x64) AppleWebKit/537.36 (KHTML, like Gecko) Chrome/78.0.3904.87 Safari/537.36)
[2019-11-08 14:10:24] ---- CONTENT: {data : "<?xml version='1.0' encoding='utf-8' ?><Request ID='20191108141024552'><General><Token>21111141252224224017000011333853</Token></General><Data></Data></Request>"}
[2019-11-08 14:10:24] 200 - OK - application/json
[2019-11-08 14:10:24] REQUEST POST - https://localhost:8082/public/ws/Config.asmx/All_Get
[2019-11-08 14:10:24] ---- FROM  ::1 (WinNT)
[2019-11-08 14:10:24] ---- BROWSER:  Chrome 78.0 (Mozilla/5.0 (Windows NT 10.0; Win64; x64) AppleWebKit/537.36 (KHTML, like Gecko) Chrome/78.0.3904.87 Safari/537.36)
[2019-11-08 14:10:24] ---- CONTENT: {data : "<?xml version='1.0' encoding='utf-8' ?><Request ID='20191108141024683'><General><Token>21111141252224224017000011333853</Token></General><Data></Data></Request>"}
[2019-11-08 14:10:24] 200 - OK - application/json
[2019-11-08 14:10:24] REQUEST POST - https://localhost:8082/public/ws/Economics.asmx/messaggi_summary
[2019-11-08 14:10:24] ---- FROM  ::1 (WinNT)
[2019-11-08 14:10:24] ---- BROWSER:  Chrome 78.0 (Mozilla/5.0 (Windows NT 10.0; Win64; x64) AppleWebKit/537.36 (KHTML, like Gecko) Chrome/78.0.3904.87 Safari/537.36)
[2019-11-08 14:10:24] ---- CONTENT: {data : "<?xml version='1.0' encoding='utf-8' ?><Request ID='20191108141024712'><General><Token>21111141252224224017000011333853</Token></General><Data></Data></Request>"}
[2019-11-08 14:10:24] 200 - OK - application/json
[2019-11-08 14:10:24] REQUEST POST - https://localhost:8082/public/ws/Config.asmx/All_Get
[2019-11-08 14:10:24] ---- FROM  ::1 (WinNT)
[2019-11-08 14:10:24] ---- BROWSER:  Chrome 78.0 (Mozilla/5.0 (Windows NT 10.0; Win64; x64) AppleWebKit/537.36 (KHTML, like Gecko) Chrome/78.0.3904.87 Safari/537.36)
[2019-11-08 14:10:24] ---- CONTENT: {data : "<?xml version='1.0' encoding='utf-8' ?><Request ID='20191108141024786'><General><Token>21111141252224224017000011333853</Token></General><Data></Data></Request>"}
[2019-11-08 14:10:24] 200 - OK - application/json
[2019-11-08 14:10:24] REQUEST GET - https://localhost:8082/public/ws/Resources.ashx/xml-economics/21111141252224224017000011333853
[2019-11-08 14:10:24] ---- FROM  ::1 (WinNT)
[2019-11-08 14:10:24] ---- BROWSER:  Chrome 78.0 (Mozilla/5.0 (Windows NT 10.0; Win64; x64) AppleWebKit/537.36 (KHTML, like Gecko) Chrome/78.0.3904.87 Safari/537.36)
[2019-11-08 14:10:24] 200 - OK - text/xml
[2019-11-08 14:10:25] REQUEST POST - https://localhost:8082/public/ws/Config.asmx/All_Get
[2019-11-08 14:10:25] ---- FROM  ::1 (WinNT)
[2019-11-08 14:10:25] ---- BROWSER:  Chrome 78.0 (Mozilla/5.0 (Windows NT 10.0; Win64; x64) AppleWebKit/537.36 (KHTML, like Gecko) Chrome/78.0.3904.87 Safari/537.36)
[2019-11-08 14:10:25] ---- CONTENT: {data : "<?xml version='1.0' encoding='utf-8' ?><Request ID='20191108141025309'><General><Token>21111141252224224017000011333853</Token></General><Data></Data></Request>"}
[2019-11-08 14:10:25] 200 - OK - application/json
[2019-11-08 14:12:54] REQUEST GET - https://localhost:8082/economics/gestione-straordinaria
[2019-11-08 14:12:54] ---- FROM  ::1 (WinNT)
[2019-11-08 14:12:54] ---- BROWSER:  Chrome 78.0 (Mozilla/5.0 (Windows NT 10.0; Win64; x64) AppleWebKit/537.36 (KHTML, like Gecko) Chrome/78.0.3904.87 Safari/537.36)
[2019-11-08 14:12:54] 200 - OK - text/html
[2019-11-08 14:12:54] REQUEST POST - https://localhost:8082/public/ws/GestioneStraordinaria.asmx/Get
[2019-11-08 14:12:54] ---- FROM  ::1 (WinNT)
[2019-11-08 14:12:54] ---- BROWSER:  Chrome 78.0 (Mozilla/5.0 (Windows NT 10.0; Win64; x64) AppleWebKit/537.36 (KHTML, like Gecko) Chrome/78.0.3904.87 Safari/537.36)
[2019-11-08 14:12:54] ---- CONTENT: {data : "<?xml version='1.0' encoding='utf-8' ?><Request ID='20191108141254485'><General><Token>21111141252224224017000011333853</Token></General><Data></Data></Request>"}
[2019-11-08 14:12:54] 200 - OK - application/json
[2019-11-08 14:12:54] REQUEST POST - https://localhost:8082/public/ws/Config.asmx/All_Get
[2019-11-08 14:12:54] ---- FROM  ::1 (WinNT)
[2019-11-08 14:12:54] ---- BROWSER:  Chrome 78.0 (Mozilla/5.0 (Windows NT 10.0; Win64; x64) AppleWebKit/537.36 (KHTML, like Gecko) Chrome/78.0.3904.87 Safari/537.36)
[2019-11-08 14:12:54] ---- CONTENT: {data : "<?xml version='1.0' encoding='utf-8' ?><Request ID='20191108141254723'><General><Token>21111141252224224017000011333853</Token></General><Data></Data></Request>"}
[2019-11-08 14:12:54] 200 - OK - application/json
[2019-11-08 14:12:54] REQUEST POST - https://localhost:8082/public/ws/Economics.asmx/messaggi_summary
[2019-11-08 14:12:54] ---- FROM  ::1 (WinNT)
[2019-11-08 14:12:54] ---- BROWSER:  Chrome 78.0 (Mozilla/5.0 (Windows NT 10.0; Win64; x64) AppleWebKit/537.36 (KHTML, like Gecko) Chrome/78.0.3904.87 Safari/537.36)
[2019-11-08 14:12:54] ---- CONTENT: {data : "<?xml version='1.0' encoding='utf-8' ?><Request ID='20191108141254749'><General><Token>21111141252224224017000011333853</Token></General><Data></Data></Request>"}
[2019-11-08 14:12:54] 200 - OK - application/json
[2019-11-08 14:12:54] REQUEST POST - https://localhost:8082/public/ws/Config.asmx/All_Get
[2019-11-08 14:12:54] ---- FROM  ::1 (WinNT)
[2019-11-08 14:12:54] ---- BROWSER:  Chrome 78.0 (Mozilla/5.0 (Windows NT 10.0; Win64; x64) AppleWebKit/537.36 (KHTML, like Gecko) Chrome/78.0.3904.87 Safari/537.36)
[2019-11-08 14:12:54] ---- CONTENT: {data : "<?xml version='1.0' encoding='utf-8' ?><Request ID='20191108141254793'><General><Token>21111141252224224017000011333853</Token></General><Data></Data></Request>"}
[2019-11-08 14:12:54] 200 - OK - application/json
[2019-11-08 14:12:54] REQUEST GET - https://localhost:8082/public/ws/Resources.ashx/xml-economics/21111141252224224017000011333853
[2019-11-08 14:12:54] ---- FROM  ::1 (WinNT)
[2019-11-08 14:12:54] ---- BROWSER:  Chrome 78.0 (Mozilla/5.0 (Windows NT 10.0; Win64; x64) AppleWebKit/537.36 (KHTML, like Gecko) Chrome/78.0.3904.87 Safari/537.36)
[2019-11-08 14:12:54] 200 - OK - text/xml
[2019-11-08 14:12:55] REQUEST POST - https://localhost:8082/public/ws/Config.asmx/All_Get
[2019-11-08 14:12:55] ---- FROM  ::1 (WinNT)
[2019-11-08 14:12:55] ---- BROWSER:  Chrome 78.0 (Mozilla/5.0 (Windows NT 10.0; Win64; x64) AppleWebKit/537.36 (KHTML, like Gecko) Chrome/78.0.3904.87 Safari/537.36)
[2019-11-08 14:12:55] ---- CONTENT: {data : "<?xml version='1.0' encoding='utf-8' ?><Request ID='20191108141255430'><General><Token>21111141252224224017000011333853</Token></General><Data></Data></Request>"}
[2019-11-08 14:12:55] 200 - OK - application/json
[2019-11-08 14:13:10] REQUEST GET - https://localhost:8082/economics/impostazioni
[2019-11-08 14:13:10] ---- FROM  ::1 (WinNT)
[2019-11-08 14:13:10] ---- BROWSER:  Chrome 78.0 (Mozilla/5.0 (Windows NT 10.0; Win64; x64) AppleWebKit/537.36 (KHTML, like Gecko) Chrome/78.0.3904.87 Safari/537.36)
[2019-11-08 14:13:10] 200 - OK - text/html
[2019-11-08 14:13:11] REQUEST POST - https://localhost:8082/public/ws/Config.asmx/Economics_Get
[2019-11-08 14:13:11] ---- FROM  ::1 (WinNT)
[2019-11-08 14:13:11] ---- BROWSER:  Chrome 78.0 (Mozilla/5.0 (Windows NT 10.0; Win64; x64) AppleWebKit/537.36 (KHTML, like Gecko) Chrome/78.0.3904.87 Safari/537.36)
[2019-11-08 14:13:11] ---- CONTENT: {data : "<?xml version='1.0' encoding='utf-8' ?><Request ID='20191108141311366'><General><Token>21111141252224224017000011333853</Token></General><Data></Data></Request>"}
[2019-11-08 14:13:11] 200 - OK - application/json
[2019-11-08 14:13:11] REQUEST POST - https://localhost:8082/public/ws/Config.asmx/All_Get
[2019-11-08 14:13:11] ---- FROM  ::1 (WinNT)
[2019-11-08 14:13:11] ---- BROWSER:  Chrome 78.0 (Mozilla/5.0 (Windows NT 10.0; Win64; x64) AppleWebKit/537.36 (KHTML, like Gecko) Chrome/78.0.3904.87 Safari/537.36)
[2019-11-08 14:13:11] ---- CONTENT: {data : "<?xml version='1.0' encoding='utf-8' ?><Request ID='20191108141311455'><General><Token>21111141252224224017000011333853</Token></General><Data></Data></Request>"}
[2019-11-08 14:13:11] 200 - OK - application/json
[2019-11-08 14:13:11] REQUEST POST - https://localhost:8082/public/ws/Economics.asmx/messaggi_summary
[2019-11-08 14:13:11] ---- FROM  ::1 (WinNT)
[2019-11-08 14:13:11] ---- BROWSER:  Chrome 78.0 (Mozilla/5.0 (Windows NT 10.0; Win64; x64) AppleWebKit/537.36 (KHTML, like Gecko) Chrome/78.0.3904.87 Safari/537.36)
[2019-11-08 14:13:11] ---- CONTENT: {data : "<?xml version='1.0' encoding='utf-8' ?><Request ID='20191108141311495'><General><Token>21111141252224224017000011333853</Token></General><Data></Data></Request>"}
[2019-11-08 14:13:11] 200 - OK - application/json
[2019-11-08 14:13:11] REQUEST POST - https://localhost:8082/public/ws/Config.asmx/All_Get
[2019-11-08 14:13:11] ---- FROM  ::1 (WinNT)
[2019-11-08 14:13:11] ---- BROWSER:  Chrome 78.0 (Mozilla/5.0 (Windows NT 10.0; Win64; x64) AppleWebKit/537.36 (KHTML, like Gecko) Chrome/78.0.3904.87 Safari/537.36)
[2019-11-08 14:13:11] ---- CONTENT: {data : "<?xml version='1.0' encoding='utf-8' ?><Request ID='20191108141311569'><General><Token>21111141252224224017000011333853</Token></General><Data></Data></Request>"}
[2019-11-08 14:13:11] 200 - OK - application/json
[2019-11-08 14:13:11] REQUEST POST - https://localhost:8082/public/ws/Config.asmx/All_Get
[2019-11-08 14:13:11] ---- FROM  ::1 (WinNT)
[2019-11-08 14:13:11] ---- BROWSER:  Chrome 78.0 (Mozilla/5.0 (Windows NT 10.0; Win64; x64) AppleWebKit/537.36 (KHTML, like Gecko) Chrome/78.0.3904.87 Safari/537.36)
[2019-11-08 14:13:11] ---- CONTENT: {data : "<?xml version='1.0' encoding='utf-8' ?><Request ID='20191108141311753'><General><Token>21111141252224224017000011333853</Token></General><Data></Data></Request>"}
[2019-11-08 14:13:11] 200 - OK - application/json
[2019-11-08 14:13:24] REQUEST GET - https://localhost:8082/economics/gestione-straordinaria
[2019-11-08 14:13:24] ---- FROM  ::1 (WinNT)
[2019-11-08 14:13:24] ---- BROWSER:  Chrome 78.0 (Mozilla/5.0 (Windows NT 10.0; Win64; x64) AppleWebKit/537.36 (KHTML, like Gecko) Chrome/78.0.3904.87 Safari/537.36)
[2019-11-08 14:13:24] 200 - OK - text/html
[2019-11-08 14:13:24] REQUEST POST - https://localhost:8082/public/ws/GestioneStraordinaria.asmx/Get
[2019-11-08 14:13:24] ---- FROM  ::1 (WinNT)
[2019-11-08 14:13:24] ---- BROWSER:  Chrome 78.0 (Mozilla/5.0 (Windows NT 10.0; Win64; x64) AppleWebKit/537.36 (KHTML, like Gecko) Chrome/78.0.3904.87 Safari/537.36)
[2019-11-08 14:13:24] ---- CONTENT: {data : "<?xml version='1.0' encoding='utf-8' ?><Request ID='20191108141324830'><General><Token>21111141252224224017000011333853</Token></General><Data></Data></Request>"}
[2019-11-08 14:13:24] 200 - OK - application/json
[2019-11-08 14:13:24] REQUEST GET - https://localhost:8082/public/ws/Resources.ashx/xml-economics/21111141252224224017000011333853
[2019-11-08 14:13:24] ---- FROM  ::1 (WinNT)
[2019-11-08 14:13:24] ---- BROWSER:  Chrome 78.0 (Mozilla/5.0 (Windows NT 10.0; Win64; x64) AppleWebKit/537.36 (KHTML, like Gecko) Chrome/78.0.3904.87 Safari/537.36)
[2019-11-08 14:13:24] 200 - OK - text/xml
[2019-11-08 14:13:24] REQUEST POST - https://localhost:8082/public/ws/Economics.asmx/messaggi_summary
[2019-11-08 14:13:24] ---- FROM  ::1 (WinNT)
[2019-11-08 14:13:24] ---- BROWSER:  Chrome 78.0 (Mozilla/5.0 (Windows NT 10.0; Win64; x64) AppleWebKit/537.36 (KHTML, like Gecko) Chrome/78.0.3904.87 Safari/537.36)
[2019-11-08 14:13:24] ---- CONTENT: {data : "<?xml version='1.0' encoding='utf-8' ?><Request ID='20191108141324912'><General><Token>21111141252224224017000011333853</Token></General><Data></Data></Request>"}
[2019-11-08 14:13:24] 200 - OK - application/json
[2019-11-08 14:13:24] REQUEST POST - https://localhost:8082/public/ws/Config.asmx/All_Get
[2019-11-08 14:13:24] ---- FROM  ::1 (WinNT)
[2019-11-08 14:13:24] ---- BROWSER:  Chrome 78.0 (Mozilla/5.0 (Windows NT 10.0; Win64; x64) AppleWebKit/537.36 (KHTML, like Gecko) Chrome/78.0.3904.87 Safari/537.36)
[2019-11-08 14:13:24] ---- CONTENT: {data : "<?xml version='1.0' encoding='utf-8' ?><Request ID='20191108141324948'><General><Token>21111141252224224017000011333853</Token></General><Data></Data></Request>"}
[2019-11-08 14:13:24] 200 - OK - application/json
[2019-11-08 14:13:25] REQUEST POST - https://localhost:8082/public/ws/Config.asmx/All_Get
[2019-11-08 14:13:25] ---- FROM  ::1 (WinNT)
[2019-11-08 14:13:25] ---- BROWSER:  Chrome 78.0 (Mozilla/5.0 (Windows NT 10.0; Win64; x64) AppleWebKit/537.36 (KHTML, like Gecko) Chrome/78.0.3904.87 Safari/537.36)
[2019-11-08 14:13:25] ---- CONTENT: {data : "<?xml version='1.0' encoding='utf-8' ?><Request ID='20191108141325400'><General><Token>21111141252224224017000011333853</Token></General><Data></Data></Request>"}
[2019-11-08 14:13:25] 200 - OK - application/json
[2019-11-08 14:13:25] REQUEST POST - https://localhost:8082/public/ws/Config.asmx/All_Get
[2019-11-08 14:13:25] ---- FROM  ::1 (WinNT)
[2019-11-08 14:13:25] ---- BROWSER:  Chrome 78.0 (Mozilla/5.0 (Windows NT 10.0; Win64; x64) AppleWebKit/537.36 (KHTML, like Gecko) Chrome/78.0.3904.87 Safari/537.36)
[2019-11-08 14:13:25] ---- CONTENT: {data : "<?xml version='1.0' encoding='utf-8' ?><Request ID='20191108141325582'><General><Token>21111141252224224017000011333853</Token></General><Data></Data></Request>"}
[2019-11-08 14:13:25] 200 - OK - application/json
[2019-11-08 14:16:36] REQUEST POST - https://localhost:8082/public/ws/GestioneStraordinaria.asmx/Set
[2019-11-08 14:16:36] ---- FROM  ::1 (WinNT)
[2019-11-08 14:16:36] ---- BROWSER:  Chrome 78.0 (Mozilla/5.0 (Windows NT 10.0; Win64; x64) AppleWebKit/537.36 (KHTML, like Gecko) Chrome/78.0.3904.87 Safari/537.36)
[2019-11-08 14:16:36] ---- CONTENT: {data : "<?xml version='1.0' encoding='utf-8'?><Request ID='20191108141636450'><General><Token>21111141252224224017000011333853</Token></General><Data><Anni><Anno ID='1'><GS1_ProventiValore>100000000</GS1_ProventiValore><GS1_ProventiPercIva>22000</GS1_ProventiPercIva><GS2_ProventiValore>12000000</GS2_ProventiValore><GS2_ProventiPercIva>22000</GS2_ProventiPercIva><GS1_OneriValore>35000000</GS1_OneriValore><GS1_OneriPercIva>22000</GS1_OneriPercIva><GS2_OneriValore>25000000</GS2_OneriValore><GS2_OneriPercIva>22000</GS2_OneriPercIva></Anno><Anno ID='2'><GS1_ProventiValore>450000000</GS1_ProventiValore><GS1_ProventiPercIva>22000</GS1_ProventiPercIva><GS2_ProventiValore>12000000</GS2_ProventiValore><GS2_ProventiPercIva>22000</GS2_ProventiPercIva><GS1_OneriValore>25000000</GS1_OneriValore><GS1_OneriPercIva>22000</GS1_OneriPercIva><GS2_OneriValore>65000000</GS2_OneriValore><GS2_OneriPercIva>22000</GS2_OneriPercIva></Anno><Anno ID='3'><GS1_ProventiValore>80000000</GS1_ProventiValore><GS1_ProventiPercIva>22000</GS1_ProventiPercIva><GS2_ProventiValore>15000000</GS2_ProventiValore><GS2_ProventiPercIva>22000</GS2_ProventiPercIva><GS1_OneriValore>93000000</GS1_OneriValore><GS1_OneriPercIva>22000</GS1_OneriPercIva><GS2_OneriValore>1000000</GS2_OneriValore><GS2_OneriPercIva>22000</GS2_OneriPercIva></Anno><Anno ID='4'><GS1_ProventiValore>35000000</GS1_ProventiValore><GS1_ProventiPercIva>22000</GS1_ProventiPercIva><GS2_ProventiValore>16000000</GS2_ProventiValore><GS2_ProventiPercIva>22000</GS2_ProventiPercIva><GS1_OneriValore>25000000</GS1_OneriValore><GS1_OneriPercIva>22000</GS1_OneriPercIva><GS2_OneriValore>30000000</GS2_OneriValore><GS2_OneriPercIva>22000</GS2_OneriPercIva></Anno><Anno ID='5'><GS1_ProventiValore>100000000</GS1_ProventiValore><GS1_ProventiPercIva>22000</GS1_ProventiPercIva><GS2_ProventiValore>16000000</GS2_ProventiValore><GS2_ProventiPercIva>22000</GS2_ProventiPercIva><GS1_OneriValore>50000000</GS1_OneriValore><GS1_OneriPercIva>22000</GS1_OneriPercIva><GS2_OneriValore>20000000</GS2_OneriValore><GS2_OneriPercIva>22000</GS2_OneriPercIva></Anno></Anni></Data></Request>"}
[2019-11-08 14:16:36] 200 - OK - application/json
[2019-11-08 14:16:36] REQUEST POST - https://localhost:8082/public/ws/Economics.asmx/messaggi_summary
[2019-11-08 14:16:36] ---- FROM  ::1 (WinNT)
[2019-11-08 14:16:36] ---- BROWSER:  Chrome 78.0 (Mozilla/5.0 (Windows NT 10.0; Win64; x64) AppleWebKit/537.36 (KHTML, like Gecko) Chrome/78.0.3904.87 Safari/537.36)
[2019-11-08 14:16:36] ---- CONTENT: {data : "<?xml version='1.0' encoding='utf-8' ?><Request ID='20191108141636667'><General><Token>21111141252224224017000011333853</Token></General><Data></Data></Request>"}
[2019-11-08 14:16:36] 200 - OK - application/json
[2019-11-08 14:16:36] REQUEST POST - https://localhost:8082/public/ws/Config.asmx/All_Get
[2019-11-08 14:16:36] ---- FROM  ::1 (WinNT)
[2019-11-08 14:16:36] ---- BROWSER:  Chrome 78.0 (Mozilla/5.0 (Windows NT 10.0; Win64; x64) AppleWebKit/537.36 (KHTML, like Gecko) Chrome/78.0.3904.87 Safari/537.36)
[2019-11-08 14:16:36] ---- CONTENT: {data : "<?xml version='1.0' encoding='utf-8' ?><Request ID='20191108141636724'><General><Token>21111141252224224017000011333853</Token></General><Data></Data></Request>"}
[2019-11-08 14:16:36] 200 - OK - application/json
[2019-11-08 14:16:50] REQUEST GET - https://localhost:8082/economics/materiali
[2019-11-08 14:16:50] ---- FROM  ::1 (WinNT)
[2019-11-08 14:16:50] ---- BROWSER:  Chrome 78.0 (Mozilla/5.0 (Windows NT 10.0; Win64; x64) AppleWebKit/537.36 (KHTML, like Gecko) Chrome/78.0.3904.87 Safari/537.36)
[2019-11-08 14:16:50] 200 - OK - text/html
[2019-11-08 14:16:51] REQUEST POST - https://localhost:8082/public/ws/Capex.asmx/Imm_Materiali_Get
[2019-11-08 14:16:51] ---- FROM  ::1 (WinNT)
[2019-11-08 14:16:51] ---- BROWSER:  Chrome 78.0 (Mozilla/5.0 (Windows NT 10.0; Win64; x64) AppleWebKit/537.36 (KHTML, like Gecko) Chrome/78.0.3904.87 Safari/537.36)
[2019-11-08 14:16:51] ---- CONTENT: {data : "<?xml version='1.0' encoding='utf-8' ?><Request ID='20191108141651397'><General><Token>21111141252224224017000011333853</Token></General><Data></Data></Request>"}
[2019-11-08 14:16:51] 200 - OK - application/json
[2019-11-08 14:16:51] REQUEST POST - https://localhost:8082/public/ws/Config.asmx/All_Get
[2019-11-08 14:16:51] ---- FROM  ::1 (WinNT)
[2019-11-08 14:16:51] ---- BROWSER:  Chrome 78.0 (Mozilla/5.0 (Windows NT 10.0; Win64; x64) AppleWebKit/537.36 (KHTML, like Gecko) Chrome/78.0.3904.87 Safari/537.36)
[2019-11-08 14:16:51] ---- CONTENT: {data : "<?xml version='1.0' encoding='utf-8' ?><Request ID='20191108141651605'><General><Token>21111141252224224017000011333853</Token></General><Data></Data></Request>"}
[2019-11-08 14:16:51] 200 - OK - application/json
[2019-11-08 14:16:51] REQUEST POST - https://localhost:8082/public/ws/Economics.asmx/messaggi_summary
[2019-11-08 14:16:51] ---- FROM  ::1 (WinNT)
[2019-11-08 14:16:51] ---- BROWSER:  Chrome 78.0 (Mozilla/5.0 (Windows NT 10.0; Win64; x64) AppleWebKit/537.36 (KHTML, like Gecko) Chrome/78.0.3904.87 Safari/537.36)
[2019-11-08 14:16:51] ---- CONTENT: {data : "<?xml version='1.0' encoding='utf-8' ?><Request ID='20191108141651631'><General><Token>21111141252224224017000011333853</Token></General><Data></Data></Request>"}
[2019-11-08 14:16:51] 200 - OK - application/json
[2019-11-08 14:16:51] REQUEST GET - https://localhost:8082/public/ws/Resources.ashx/xml-economics/21111141252224224017000011333853
[2019-11-08 14:16:51] ---- FROM  ::1 (WinNT)
[2019-11-08 14:16:51] ---- BROWSER:  Chrome 78.0 (Mozilla/5.0 (Windows NT 10.0; Win64; x64) AppleWebKit/537.36 (KHTML, like Gecko) Chrome/78.0.3904.87 Safari/537.36)
[2019-11-08 14:16:51] 200 - OK - text/xml
[2019-11-08 14:16:51] REQUEST POST - https://localhost:8082/public/ws/Config.asmx/All_Get
[2019-11-08 14:16:51] ---- FROM  ::1 (WinNT)
[2019-11-08 14:16:51] ---- BROWSER:  Chrome 78.0 (Mozilla/5.0 (Windows NT 10.0; Win64; x64) AppleWebKit/537.36 (KHTML, like Gecko) Chrome/78.0.3904.87 Safari/537.36)
[2019-11-08 14:16:51] ---- CONTENT: {data : "<?xml version='1.0' encoding='utf-8' ?><Request ID='20191108141651710'><General><Token>21111141252224224017000011333853</Token></General><Data></Data></Request>"}
[2019-11-08 14:16:51] 200 - OK - application/json
[2019-11-08 14:16:54] REQUEST POST - https://localhost:8082/public/ws/Config.asmx/All_Get
[2019-11-08 14:16:54] ---- FROM  ::1 (WinNT)
[2019-11-08 14:16:54] ---- BROWSER:  Chrome 78.0 (Mozilla/5.0 (Windows NT 10.0; Win64; x64) AppleWebKit/537.36 (KHTML, like Gecko) Chrome/78.0.3904.87 Safari/537.36)
[2019-11-08 14:16:54] ---- CONTENT: {data : "<?xml version='1.0' encoding='utf-8' ?><Request ID='20191108141654156'><General><Token>21111141252224224017000011333853</Token></General><Data></Data></Request>"}
[2019-11-08 14:16:54] 200 - OK - application/json
[2019-11-08 14:19:37] REQUEST GET - https://localhost:8082/economics/fonti
[2019-11-08 14:19:37] ---- FROM  ::1 (WinNT)
[2019-11-08 14:19:37] ---- BROWSER:  Chrome 78.0 (Mozilla/5.0 (Windows NT 10.0; Win64; x64) AppleWebKit/537.36 (KHTML, like Gecko) Chrome/78.0.3904.87 Safari/537.36)
[2019-11-08 14:19:37] 200 - OK - text/html
[2019-11-08 14:19:37] REQUEST POST - https://localhost:8082/public/ws/Capex.asmx/AumentiCapitale_Get
[2019-11-08 14:19:37] ---- FROM  ::1 (WinNT)
[2019-11-08 14:19:37] ---- BROWSER:  Chrome 78.0 (Mozilla/5.0 (Windows NT 10.0; Win64; x64) AppleWebKit/537.36 (KHTML, like Gecko) Chrome/78.0.3904.87 Safari/537.36)
[2019-11-08 14:19:37] ---- CONTENT: {data : "<?xml version='1.0' encoding='utf-8' ?><Request ID='20191108141937518'><General><Token>21111141252224224017000011333853</Token></General><Data></Data></Request>"}
[2019-11-08 14:19:37] 200 - OK - application/json
[2019-11-08 14:19:37] REQUEST POST - https://localhost:8082/public/ws/Config.asmx/All_Get
[2019-11-08 14:19:37] ---- FROM  ::1 (WinNT)
[2019-11-08 14:19:37] ---- BROWSER:  Chrome 78.0 (Mozilla/5.0 (Windows NT 10.0; Win64; x64) AppleWebKit/537.36 (KHTML, like Gecko) Chrome/78.0.3904.87 Safari/537.36)
[2019-11-08 14:19:37] ---- CONTENT: {data : "<?xml version='1.0' encoding='utf-8' ?><Request ID='20191108141937627'><General><Token>21111141252224224017000011333853</Token></General><Data></Data></Request>"}
[2019-11-08 14:19:37] 200 - OK - application/json
[2019-11-08 14:19:37] REQUEST POST - https://localhost:8082/public/ws/Economics.asmx/messaggi_summary
[2019-11-08 14:19:37] ---- FROM  ::1 (WinNT)
[2019-11-08 14:19:37] ---- BROWSER:  Chrome 78.0 (Mozilla/5.0 (Windows NT 10.0; Win64; x64) AppleWebKit/537.36 (KHTML, like Gecko) Chrome/78.0.3904.87 Safari/537.36)
[2019-11-08 14:19:37] ---- CONTENT: {data : "<?xml version='1.0' encoding='utf-8' ?><Request ID='20191108141937672'><General><Token>21111141252224224017000011333853</Token></General><Data></Data></Request>"}
[2019-11-08 14:19:37] 200 - OK - application/json
[2019-11-08 14:19:37] REQUEST GET - https://localhost:8082/public/ws/Resources.ashx/xml-economics/21111141252224224017000011333853
[2019-11-08 14:19:37] ---- FROM  ::1 (WinNT)
[2019-11-08 14:19:37] ---- BROWSER:  Chrome 78.0 (Mozilla/5.0 (Windows NT 10.0; Win64; x64) AppleWebKit/537.36 (KHTML, like Gecko) Chrome/78.0.3904.87 Safari/537.36)
[2019-11-08 14:19:37] REQUEST POST - https://localhost:8082/public/ws/Config.asmx/All_Get
[2019-11-08 14:19:37] ---- FROM  ::1 (WinNT)
[2019-11-08 14:19:37] ---- BROWSER:  Chrome 78.0 (Mozilla/5.0 (Windows NT 10.0; Win64; x64) AppleWebKit/537.36 (KHTML, like Gecko) Chrome/78.0.3904.87 Safari/537.36)
[2019-11-08 14:19:37] ---- CONTENT: {data : "<?xml version='1.0' encoding='utf-8' ?><Request ID='20191108141937751'><General><Token>21111141252224224017000011333853</Token></General><Data></Data></Request>"}
[2019-11-08 14:19:37] 200 - OK - text/xml
[2019-11-08 14:19:37] 200 - OK - application/json
[2019-11-08 14:19:37] REQUEST POST - https://localhost:8082/public/ws/Config.asmx/All_Get
[2019-11-08 14:19:37] ---- FROM  ::1 (WinNT)
[2019-11-08 14:19:37] ---- BROWSER:  Chrome 78.0 (Mozilla/5.0 (Windows NT 10.0; Win64; x64) AppleWebKit/537.36 (KHTML, like Gecko) Chrome/78.0.3904.87 Safari/537.36)
[2019-11-08 14:19:37] ---- CONTENT: {data : "<?xml version='1.0' encoding='utf-8' ?><Request ID='20191108141937975'><General><Token>21111141252224224017000011333853</Token></General><Data></Data></Request>"}
[2019-11-08 14:19:37] 200 - OK - application/json
[2019-11-08 14:21:43] REQUEST POST - https://localhost:8082/public/ws/Capex.asmx/AumentiCapitale_Set
[2019-11-08 14:21:43] ---- FROM  ::1 (WinNT)
[2019-11-08 14:21:43] ---- BROWSER:  Chrome 78.0 (Mozilla/5.0 (Windows NT 10.0; Win64; x64) AppleWebKit/537.36 (KHTML, like Gecko) Chrome/78.0.3904.87 Safari/537.36)
[2019-11-08 14:21:43] ---- CONTENT: {data : "<?xml version='1.0' encoding='utf-8'?><Request ID='20191108142143788'><General><Token>21111141252224224017000011333853</Token></General><Data><Anni><Anno ID='1'><CapitaleSociale>10000000</CapitaleSociale><Riserve>150000000</Riserve><UtiliDistribuiti>500000</UtiliDistribuiti></Anno><Anno ID='2'><CapitaleSociale>1000000</CapitaleSociale><Riserve>200000000</Riserve><UtiliDistribuiti>1500000</UtiliDistribuiti></Anno><Anno ID='3'><CapitaleSociale>1000000</CapitaleSociale><Riserve>50000000</Riserve><UtiliDistribuiti>3000000</UtiliDistribuiti></Anno><Anno ID='4'><CapitaleSociale>1000000</CapitaleSociale><Riserve>50000000</Riserve><UtiliDistribuiti>5500000</UtiliDistribuiti></Anno><Anno ID='5'><CapitaleSociale>1000000</CapitaleSociale><Riserve>50000000</Riserve><UtiliDistribuiti>5000000</UtiliDistribuiti></Anno></Anni></Data></Request>"}
[2019-11-08 14:21:43] 200 - OK - application/json
[2019-11-08 14:21:44] REQUEST POST - https://localhost:8082/public/ws/Economics.asmx/messaggi_summary
[2019-11-08 14:21:44] ---- FROM  ::1 (WinNT)
[2019-11-08 14:21:44] ---- BROWSER:  Chrome 78.0 (Mozilla/5.0 (Windows NT 10.0; Win64; x64) AppleWebKit/537.36 (KHTML, like Gecko) Chrome/78.0.3904.87 Safari/537.36)
[2019-11-08 14:21:44] ---- CONTENT: {data : "<?xml version='1.0' encoding='utf-8' ?><Request ID='2019110814214423'><General><Token>21111141252224224017000011333853</Token></General><Data></Data></Request>"}
[2019-11-08 14:21:44] 200 - OK - application/json
[2019-11-08 14:21:44] REQUEST POST - https://localhost:8082/public/ws/Config.asmx/All_Get
[2019-11-08 14:21:44] ---- FROM  ::1 (WinNT)
[2019-11-08 14:21:44] ---- BROWSER:  Chrome 78.0 (Mozilla/5.0 (Windows NT 10.0; Win64; x64) AppleWebKit/537.36 (KHTML, like Gecko) Chrome/78.0.3904.87 Safari/537.36)
[2019-11-08 14:21:44] ---- CONTENT: {data : "<?xml version='1.0' encoding='utf-8' ?><Request ID='2019110814214453'><General><Token>21111141252224224017000011333853</Token></General><Data></Data></Request>"}
[2019-11-08 14:21:44] 200 - OK - application/json
[2019-11-08 14:21:50] REQUEST GET - https://localhost:8082/economics/finanziamenti
[2019-11-08 14:21:50] ---- FROM  ::1 (WinNT)
[2019-11-08 14:21:50] ---- BROWSER:  Chrome 78.0 (Mozilla/5.0 (Windows NT 10.0; Win64; x64) AppleWebKit/537.36 (KHTML, like Gecko) Chrome/78.0.3904.87 Safari/537.36)
[2019-11-08 14:21:50] 200 - OK - text/html
[2019-11-08 14:21:51] REQUEST POST - https://localhost:8082/public/ws/Capex.asmx/Finanziamenti_Get
[2019-11-08 14:21:51] ---- FROM  ::1 (WinNT)
[2019-11-08 14:21:51] ---- BROWSER:  Chrome 78.0 (Mozilla/5.0 (Windows NT 10.0; Win64; x64) AppleWebKit/537.36 (KHTML, like Gecko) Chrome/78.0.3904.87 Safari/537.36)
[2019-11-08 14:21:51] ---- CONTENT: {data : "<?xml version='1.0' encoding='utf-8' ?><Request ID='20191108142151215'><General><Token>21111141252224224017000011333853</Token></General><Data></Data></Request>"}
[2019-11-08 14:21:51] 200 - OK - application/json
[2019-11-08 14:21:51] REQUEST POST - https://localhost:8082/public/ws/Config.asmx/All_Get
[2019-11-08 14:21:51] ---- FROM  ::1 (WinNT)
[2019-11-08 14:21:51] ---- BROWSER:  Chrome 78.0 (Mozilla/5.0 (Windows NT 10.0; Win64; x64) AppleWebKit/537.36 (KHTML, like Gecko) Chrome/78.0.3904.87 Safari/537.36)
[2019-11-08 14:21:51] ---- CONTENT: {data : "<?xml version='1.0' encoding='utf-8' ?><Request ID='20191108142151348'><General><Token>21111141252224224017000011333853</Token></General><Data></Data></Request>"}
[2019-11-08 14:21:51] 200 - OK - application/json
[2019-11-08 14:21:51] REQUEST POST - https://localhost:8082/public/ws/Economics.asmx/messaggi_summary
[2019-11-08 14:21:51] ---- FROM  ::1 (WinNT)
[2019-11-08 14:21:51] ---- BROWSER:  Chrome 78.0 (Mozilla/5.0 (Windows NT 10.0; Win64; x64) AppleWebKit/537.36 (KHTML, like Gecko) Chrome/78.0.3904.87 Safari/537.36)
[2019-11-08 14:21:51] ---- CONTENT: {data : "<?xml version='1.0' encoding='utf-8' ?><Request ID='20191108142151382'><General><Token>21111141252224224017000011333853</Token></General><Data></Data></Request>"}
[2019-11-08 14:21:51] 200 - OK - application/json
[2019-11-08 14:21:51] REQUEST GET - https://localhost:8082/public/ws/Resources.ashx/xml-economics/21111141252224224017000011333853
[2019-11-08 14:21:51] ---- FROM  ::1 (WinNT)
[2019-11-08 14:21:51] ---- BROWSER:  Chrome 78.0 (Mozilla/5.0 (Windows NT 10.0; Win64; x64) AppleWebKit/537.36 (KHTML, like Gecko) Chrome/78.0.3904.87 Safari/537.36)
[2019-11-08 14:21:51] 200 - OK - text/xml
[2019-11-08 14:21:51] REQUEST POST - https://localhost:8082/public/ws/Config.asmx/All_Get
[2019-11-08 14:21:51] ---- FROM  ::1 (WinNT)
[2019-11-08 14:21:51] ---- BROWSER:  Chrome 78.0 (Mozilla/5.0 (Windows NT 10.0; Win64; x64) AppleWebKit/537.36 (KHTML, like Gecko) Chrome/78.0.3904.87 Safari/537.36)
[2019-11-08 14:21:51] ---- CONTENT: {data : "<?xml version='1.0' encoding='utf-8' ?><Request ID='20191108142151454'><General><Token>21111141252224224017000011333853</Token></General><Data></Data></Request>"}
[2019-11-08 14:21:51] 200 - OK - application/json
[2019-11-08 14:21:52] REQUEST POST - https://localhost:8082/public/ws/Config.asmx/All_Get
[2019-11-08 14:21:52] ---- FROM  ::1 (WinNT)
[2019-11-08 14:21:52] ---- BROWSER:  Chrome 78.0 (Mozilla/5.0 (Windows NT 10.0; Win64; x64) AppleWebKit/537.36 (KHTML, like Gecko) Chrome/78.0.3904.87 Safari/537.36)
[2019-11-08 14:21:52] ---- CONTENT: {data : "<?xml version='1.0' encoding='utf-8' ?><Request ID='20191108142152959'><General><Token>21111141252224224017000011333853</Token></General><Data></Data></Request>"}
[2019-11-08 14:21:52] 200 - OK - application/json
[2019-11-08 14:22:14] REQUEST GET - https://localhost:8082/economics/fonti
[2019-11-08 14:22:14] ---- FROM  ::1 (WinNT)
[2019-11-08 14:22:14] ---- BROWSER:  Chrome 78.0 (Mozilla/5.0 (Windows NT 10.0; Win64; x64) AppleWebKit/537.36 (KHTML, like Gecko) Chrome/78.0.3904.87 Safari/537.36)
[2019-11-08 14:22:14] 200 - OK - text/html
[2019-11-08 14:22:15] REQUEST POST - https://localhost:8082/public/ws/Capex.asmx/AumentiCapitale_Get
[2019-11-08 14:22:15] ---- FROM  ::1 (WinNT)
[2019-11-08 14:22:15] ---- BROWSER:  Chrome 78.0 (Mozilla/5.0 (Windows NT 10.0; Win64; x64) AppleWebKit/537.36 (KHTML, like Gecko) Chrome/78.0.3904.87 Safari/537.36)
[2019-11-08 14:22:15] ---- CONTENT: {data : "<?xml version='1.0' encoding='utf-8' ?><Request ID='20191108142215430'><General><Token>21111141252224224017000011333853</Token></General><Data></Data></Request>"}
[2019-11-08 14:22:15] 200 - OK - application/json
[2019-11-08 14:22:15] REQUEST GET - https://localhost:8082/public/ws/Resources.ashx/xml-economics/21111141252224224017000011333853
[2019-11-08 14:22:15] ---- FROM  ::1 (WinNT)
[2019-11-08 14:22:15] ---- BROWSER:  Chrome 78.0 (Mozilla/5.0 (Windows NT 10.0; Win64; x64) AppleWebKit/537.36 (KHTML, like Gecko) Chrome/78.0.3904.87 Safari/537.36)
[2019-11-08 14:22:15] 200 - OK - text/xml
[2019-11-08 14:22:15] REQUEST POST - https://localhost:8082/public/ws/Config.asmx/All_Get
[2019-11-08 14:22:15] ---- FROM  ::1 (WinNT)
[2019-11-08 14:22:15] ---- BROWSER:  Chrome 78.0 (Mozilla/5.0 (Windows NT 10.0; Win64; x64) AppleWebKit/537.36 (KHTML, like Gecko) Chrome/78.0.3904.87 Safari/537.36)
[2019-11-08 14:22:15] ---- CONTENT: {data : "<?xml version='1.0' encoding='utf-8' ?><Request ID='20191108142215504'><General><Token>21111141252224224017000011333853</Token></General><Data></Data></Request>"}
[2019-11-08 14:22:15] 200 - OK - application/json
[2019-11-08 14:22:15] REQUEST POST - https://localhost:8082/public/ws/Economics.asmx/messaggi_summary
[2019-11-08 14:22:15] ---- FROM  ::1 (WinNT)
[2019-11-08 14:22:15] ---- BROWSER:  Chrome 78.0 (Mozilla/5.0 (Windows NT 10.0; Win64; x64) AppleWebKit/537.36 (KHTML, like Gecko) Chrome/78.0.3904.87 Safari/537.36)
[2019-11-08 14:22:15] ---- CONTENT: {data : "<?xml version='1.0' encoding='utf-8' ?><Request ID='20191108142215540'><General><Token>21111141252224224017000011333853</Token></General><Data></Data></Request>"}
[2019-11-08 14:22:15] 200 - OK - application/json
[2019-11-08 14:22:15] REQUEST POST - https://localhost:8082/public/ws/Config.asmx/All_Get
[2019-11-08 14:22:15] ---- FROM  ::1 (WinNT)
[2019-11-08 14:22:15] ---- BROWSER:  Chrome 78.0 (Mozilla/5.0 (Windows NT 10.0; Win64; x64) AppleWebKit/537.36 (KHTML, like Gecko) Chrome/78.0.3904.87 Safari/537.36)
[2019-11-08 14:22:15] ---- CONTENT: {data : "<?xml version='1.0' encoding='utf-8' ?><Request ID='20191108142215650'><General><Token>21111141252224224017000011333853</Token></General><Data></Data></Request>"}
[2019-11-08 14:22:15] 200 - OK - application/json
[2019-11-08 14:22:15] REQUEST POST - https://localhost:8082/public/ws/Config.asmx/All_Get
[2019-11-08 14:22:15] ---- FROM  ::1 (WinNT)
[2019-11-08 14:22:15] ---- BROWSER:  Chrome 78.0 (Mozilla/5.0 (Windows NT 10.0; Win64; x64) AppleWebKit/537.36 (KHTML, like Gecko) Chrome/78.0.3904.87 Safari/537.36)
[2019-11-08 14:22:15] ---- CONTENT: {data : "<?xml version='1.0' encoding='utf-8' ?><Request ID='20191108142215805'><General><Token>21111141252224224017000011333853</Token></General><Data></Data></Request>"}
[2019-11-08 14:22:15] 200 - OK - application/json
[2019-11-08 14:22:22] REQUEST GET - https://localhost:8082/economics/finanziamenti
[2019-11-08 14:22:22] ---- FROM  ::1 (WinNT)
[2019-11-08 14:22:22] ---- BROWSER:  Chrome 78.0 (Mozilla/5.0 (Windows NT 10.0; Win64; x64) AppleWebKit/537.36 (KHTML, like Gecko) Chrome/78.0.3904.87 Safari/537.36)
[2019-11-08 14:22:22] 200 - OK - text/html
[2019-11-08 14:22:22] REQUEST POST - https://localhost:8082/public/ws/Capex.asmx/Finanziamenti_Get
[2019-11-08 14:22:22] ---- FROM  ::1 (WinNT)
[2019-11-08 14:22:22] ---- BROWSER:  Chrome 78.0 (Mozilla/5.0 (Windows NT 10.0; Win64; x64) AppleWebKit/537.36 (KHTML, like Gecko) Chrome/78.0.3904.87 Safari/537.36)
[2019-11-08 14:22:22] ---- CONTENT: {data : "<?xml version='1.0' encoding='utf-8' ?><Request ID='20191108142222938'><General><Token>21111141252224224017000011333853</Token></General><Data></Data></Request>"}
[2019-11-08 14:22:22] 200 - OK - application/json
[2019-11-08 14:22:22] REQUEST GET - https://localhost:8082/public/ws/Resources.ashx/xml-economics/21111141252224224017000011333853
[2019-11-08 14:22:22] ---- FROM  ::1 (WinNT)
[2019-11-08 14:22:22] ---- BROWSER:  Chrome 78.0 (Mozilla/5.0 (Windows NT 10.0; Win64; x64) AppleWebKit/537.36 (KHTML, like Gecko) Chrome/78.0.3904.87 Safari/537.36)
[2019-11-08 14:22:23] REQUEST POST - https://localhost:8082/public/ws/Config.asmx/All_Get
[2019-11-08 14:22:23] ---- FROM  ::1 (WinNT)
[2019-11-08 14:22:23] ---- BROWSER:  Chrome 78.0 (Mozilla/5.0 (Windows NT 10.0; Win64; x64) AppleWebKit/537.36 (KHTML, like Gecko) Chrome/78.0.3904.87 Safari/537.36)
[2019-11-08 14:22:23] ---- CONTENT: {data : "<?xml version='1.0' encoding='utf-8' ?><Request ID='20191108142222999'><General><Token>21111141252224224017000011333853</Token></General><Data></Data></Request>"}
[2019-11-08 14:22:23] 200 - OK - application/json
[2019-11-08 14:22:23] 200 - OK - text/xml
[2019-11-08 14:22:23] REQUEST POST - https://localhost:8082/public/ws/Economics.asmx/messaggi_summary
[2019-11-08 14:22:23] ---- FROM  ::1 (WinNT)
[2019-11-08 14:22:23] ---- BROWSER:  Chrome 78.0 (Mozilla/5.0 (Windows NT 10.0; Win64; x64) AppleWebKit/537.36 (KHTML, like Gecko) Chrome/78.0.3904.87 Safari/537.36)
[2019-11-08 14:22:23] ---- CONTENT: {data : "<?xml version='1.0' encoding='utf-8' ?><Request ID='2019110814222333'><General><Token>21111141252224224017000011333853</Token></General><Data></Data></Request>"}
[2019-11-08 14:22:23] 200 - OK - application/json
[2019-11-08 14:22:24] REQUEST POST - https://localhost:8082/public/ws/Config.asmx/All_Get
[2019-11-08 14:22:24] ---- FROM  ::1 (WinNT)
[2019-11-08 14:22:24] ---- BROWSER:  Chrome 78.0 (Mozilla/5.0 (Windows NT 10.0; Win64; x64) AppleWebKit/537.36 (KHTML, like Gecko) Chrome/78.0.3904.87 Safari/537.36)
[2019-11-08 14:22:24] ---- CONTENT: {data : "<?xml version='1.0' encoding='utf-8' ?><Request ID='20191108142224664'><General><Token>21111141252224224017000011333853</Token></General><Data></Data></Request>"}
[2019-11-08 14:22:24] 200 - OK - application/json
[2019-11-08 14:22:24] REQUEST POST - https://localhost:8082/public/ws/Config.asmx/All_Get
[2019-11-08 14:22:24] ---- FROM  ::1 (WinNT)
[2019-11-08 14:22:24] ---- BROWSER:  Chrome 78.0 (Mozilla/5.0 (Windows NT 10.0; Win64; x64) AppleWebKit/537.36 (KHTML, like Gecko) Chrome/78.0.3904.87 Safari/537.36)
[2019-11-08 14:22:24] ---- CONTENT: {data : "<?xml version='1.0' encoding='utf-8' ?><Request ID='20191108142224871'><General><Token>21111141252224224017000011333853</Token></General><Data></Data></Request>"}
[2019-11-08 14:22:24] 200 - OK - application/json
[2019-11-08 14:23:37] REQUEST POST - https://localhost:8082/public/ws/Capex.asmx/Finanziamenti_Set
[2019-11-08 14:23:37] ---- FROM  ::1 (WinNT)
[2019-11-08 14:23:37] ---- BROWSER:  Chrome 78.0 (Mozilla/5.0 (Windows NT 10.0; Win64; x64) AppleWebKit/537.36 (KHTML, like Gecko) Chrome/78.0.3904.87 Safari/537.36)
[2019-11-08 14:23:37] ---- CONTENT: {data : "<?xml version='1.0' encoding='utf-8'?><Request ID='20191108142337708'><General><Token>21111141252224224017000011333853</Token></General><Data><Anni><Anno ID='1'><FinanziamentiBancari1>100000000</FinanziamentiBancari1><TassoFinanziamenti1>6000</TassoFinanziamenti1><DurataFinanziamenti1>1000</DurataFinanziamenti1><FinanziamentiBancari2>0</FinanziamentiBancari2><TassoFinanziamenti2>0</TassoFinanziamenti2><DurataFinanziamenti2>0</DurataFinanziamenti2><FinanziamentiBancari3>0</FinanziamentiBancari3><TassoFinanziamenti3>0</TassoFinanziamenti3><DurataFinanziamenti3>0</DurataFinanziamenti3><FinanziamentiBancari4>0</FinanziamentiBancari4><TassoFinanziamenti4>0</TassoFinanziamenti4><DurataFinanziamenti4>0</DurataFinanziamenti4></Anno><Anno ID='2'><FinanziamentiBancari1>50000000</FinanziamentiBancari1><TassoFinanziamenti1>6000</TassoFinanziamenti1><DurataFinanziamenti1>5000</DurataFinanziamenti1><FinanziamentiBancari2>0</FinanziamentiBancari2><TassoFinanziamenti2>0</TassoFinanziamenti2><DurataFinanziamenti2>0</DurataFinanziamenti2><FinanziamentiBancari3>0</FinanziamentiBancari3><TassoFinanziamenti3>0</TassoFinanziamenti3><DurataFinanziamenti3>0</DurataFinanziamenti3><FinanziamentiBancari4>0</FinanziamentiBancari4><TassoFinanziamenti4>0</TassoFinanziamenti4><DurataFinanziamenti4>0</DurataFinanziamenti4></Anno><Anno ID='3'><FinanziamentiBancari1>50000000</FinanziamentiBancari1><TassoFinanziamenti1>6000</TassoFinanziamenti1><DurataFinanziamenti1>5000</DurataFinanziamenti1><FinanziamentiBancari2>0</FinanziamentiBancari2><TassoFinanziamenti2>0</TassoFinanziamenti2><DurataFinanziamenti2>0</DurataFinanziamenti2><FinanziamentiBancari3>0</FinanziamentiBancari3><TassoFinanziamenti3>0</TassoFinanziamenti3><DurataFinanziamenti3>0</DurataFinanziamenti3><FinanziamentiBancari4>0</FinanziamentiBancari4><TassoFinanziamenti4>0</TassoFinanziamenti4><DurataFinanziamenti4>0</DurataFinanziamenti4></Anno><Anno ID='4'><FinanziamentiBancari1>50000000</FinanziamentiBancari1><TassoFinanziamenti1>6000</TassoFinanziamenti1><DurataFinanziamenti1>5000</DurataFinanziamenti1><FinanziamentiBancari2>0</FinanziamentiBancari2><TassoFinanziamenti2>0</TassoFinanziamenti2><DurataFinanziamenti2>0</DurataFinanziamenti2><FinanziamentiBancari3>0</FinanziamentiBancari3><TassoFinanziamenti3>0</TassoFinanziamenti3><DurataFinanziamenti3>0</DurataFinanziamenti3><FinanziamentiBancari4>0</FinanziamentiBancari4><TassoFinanziamenti4>0</TassoFinanziamenti4><DurataFinanziamenti4>0</DurataFinanziamenti4></Anno><Anno ID='5'><FinanziamentiBancari1>50000000</FinanziamentiBancari1><TassoFinanziamenti1>6000</TassoFinanziamenti1><DurataFinanziamenti1>5000</DurataFinanziamenti1><FinanziamentiBancari2>0</FinanziamentiBancari2><TassoFinanziamenti2>0</TassoFinanziamenti2><DurataFinanziamenti2>0</DurataFinanziamenti2><FinanziamentiBancari3>0</FinanziamentiBancari3><TassoFinanziamenti3>0</TassoFinanziamenti3><DurataFinanziamenti3>0</DurataFinanziamenti3><FinanziamentiBancari4>0</FinanziamentiBancari4><TassoFinanziamenti4>0</TassoFinanziamenti4><DurataFinanziamenti4>0</DurataFinanziamenti4></Anno></Anni></Data></Request>"}
[2019-11-08 14:23:37] 200 - OK - application/json
[2019-11-08 14:23:38] REQUEST POST - https://localhost:8082/public/ws/Economics.asmx/messaggi_summary
[2019-11-08 14:23:38] ---- FROM  ::1 (WinNT)
[2019-11-08 14:23:38] ---- BROWSER:  Chrome 78.0 (Mozilla/5.0 (Windows NT 10.0; Win64; x64) AppleWebKit/537.36 (KHTML, like Gecko) Chrome/78.0.3904.87 Safari/537.36)
[2019-11-08 14:23:38] ---- CONTENT: {data : "<?xml version='1.0' encoding='utf-8' ?><Request ID='2019110814233853'><General><Token>21111141252224224017000011333853</Token></General><Data></Data></Request>"}
[2019-11-08 14:23:38] 200 - OK - application/json
[2019-11-08 14:23:38] REQUEST POST - https://localhost:8082/public/ws/Config.asmx/All_Get
[2019-11-08 14:23:38] ---- FROM  ::1 (WinNT)
[2019-11-08 14:23:38] ---- BROWSER:  Chrome 78.0 (Mozilla/5.0 (Windows NT 10.0; Win64; x64) AppleWebKit/537.36 (KHTML, like Gecko) Chrome/78.0.3904.87 Safari/537.36)
[2019-11-08 14:23:38] ---- CONTENT: {data : "<?xml version='1.0' encoding='utf-8' ?><Request ID='20191108142338104'><General><Token>21111141252224224017000011333853</Token></General><Data></Data></Request>"}
[2019-11-08 14:23:38] 200 - OK - application/json
[2019-11-08 14:23:54] REQUEST GET - https://localhost:8082/economics/materiali
[2019-11-08 14:23:54] ---- FROM  ::1 (WinNT)
[2019-11-08 14:23:54] ---- BROWSER:  Chrome 78.0 (Mozilla/5.0 (Windows NT 10.0; Win64; x64) AppleWebKit/537.36 (KHTML, like Gecko) Chrome/78.0.3904.87 Safari/537.36)
[2019-11-08 14:23:54] 200 - OK - text/html
[2019-11-08 14:23:55] REQUEST POST - https://localhost:8082/public/ws/Capex.asmx/Imm_Materiali_Get
[2019-11-08 14:23:55] ---- FROM  ::1 (WinNT)
[2019-11-08 14:23:55] ---- BROWSER:  Chrome 78.0 (Mozilla/5.0 (Windows NT 10.0; Win64; x64) AppleWebKit/537.36 (KHTML, like Gecko) Chrome/78.0.3904.87 Safari/537.36)
[2019-11-08 14:23:55] ---- CONTENT: {data : "<?xml version='1.0' encoding='utf-8' ?><Request ID='20191108142355129'><General><Token>21111141252224224017000011333853</Token></General><Data></Data></Request>"}
[2019-11-08 14:23:55] 200 - OK - application/json
[2019-11-08 14:23:55] REQUEST GET - https://localhost:8082/public/ws/Resources.ashx/xml-economics/21111141252224224017000011333853
[2019-11-08 14:23:55] ---- FROM  ::1 (WinNT)
[2019-11-08 14:23:55] ---- BROWSER:  Chrome 78.0 (Mozilla/5.0 (Windows NT 10.0; Win64; x64) AppleWebKit/537.36 (KHTML, like Gecko) Chrome/78.0.3904.87 Safari/537.36)
[2019-11-08 14:23:55] 200 - OK - text/xml
[2019-11-08 14:23:55] REQUEST POST - https://localhost:8082/public/ws/Config.asmx/All_Get
[2019-11-08 14:23:55] ---- FROM  ::1 (WinNT)
[2019-11-08 14:23:55] ---- BROWSER:  Chrome 78.0 (Mozilla/5.0 (Windows NT 10.0; Win64; x64) AppleWebKit/537.36 (KHTML, like Gecko) Chrome/78.0.3904.87 Safari/537.36)
[2019-11-08 14:23:55] ---- CONTENT: {data : "<?xml version='1.0' encoding='utf-8' ?><Request ID='20191108142355209'><General><Token>21111141252224224017000011333853</Token></General><Data></Data></Request>"}
[2019-11-08 14:23:55] 200 - OK - application/json
[2019-11-08 14:23:55] REQUEST POST - https://localhost:8082/public/ws/Economics.asmx/messaggi_summary
[2019-11-08 14:23:55] ---- FROM  ::1 (WinNT)
[2019-11-08 14:23:55] ---- BROWSER:  Chrome 78.0 (Mozilla/5.0 (Windows NT 10.0; Win64; x64) AppleWebKit/537.36 (KHTML, like Gecko) Chrome/78.0.3904.87 Safari/537.36)
[2019-11-08 14:23:55] ---- CONTENT: {data : "<?xml version='1.0' encoding='utf-8' ?><Request ID='20191108142355247'><General><Token>21111141252224224017000011333853</Token></General><Data></Data></Request>"}
[2019-11-08 14:23:55] 200 - OK - application/json
[2019-11-08 14:23:57] REQUEST POST - https://localhost:8082/public/ws/Config.asmx/All_Get
[2019-11-08 14:23:57] ---- FROM  ::1 (WinNT)
[2019-11-08 14:23:57] ---- BROWSER:  Chrome 78.0 (Mozilla/5.0 (Windows NT 10.0; Win64; x64) AppleWebKit/537.36 (KHTML, like Gecko) Chrome/78.0.3904.87 Safari/537.36)
[2019-11-08 14:23:57] ---- CONTENT: {data : "<?xml version='1.0' encoding='utf-8' ?><Request ID='20191108142357387'><General><Token>21111141252224224017000011333853</Token></General><Data></Data></Request>"}
[2019-11-08 14:23:57] 200 - OK - application/json
[2019-11-08 14:23:57] REQUEST POST - https://localhost:8082/public/ws/Config.asmx/All_Get
[2019-11-08 14:23:57] ---- FROM  ::1 (WinNT)
[2019-11-08 14:23:57] ---- BROWSER:  Chrome 78.0 (Mozilla/5.0 (Windows NT 10.0; Win64; x64) AppleWebKit/537.36 (KHTML, like Gecko) Chrome/78.0.3904.87 Safari/537.36)
[2019-11-08 14:23:57] ---- CONTENT: {data : "<?xml version='1.0' encoding='utf-8' ?><Request ID='20191108142357571'><General><Token>21111141252224224017000011333853</Token></General><Data></Data></Request>"}
[2019-11-08 14:23:57] 200 - OK - application/json
[2019-11-08 14:25:21] REQUEST GET - https://localhost:8082/economics/immateriali
[2019-11-08 14:25:21] ---- FROM  ::1 (WinNT)
[2019-11-08 14:25:21] ---- BROWSER:  Chrome 78.0 (Mozilla/5.0 (Windows NT 10.0; Win64; x64) AppleWebKit/537.36 (KHTML, like Gecko) Chrome/78.0.3904.87 Safari/537.36)
[2019-11-08 14:25:21] 200 - OK - text/html
[2019-11-08 14:25:22] REQUEST POST - https://localhost:8082/public/ws/Capex.asmx/Imm_Immateriali_Get
[2019-11-08 14:25:22] ---- FROM  ::1 (WinNT)
[2019-11-08 14:25:22] ---- BROWSER:  Chrome 78.0 (Mozilla/5.0 (Windows NT 10.0; Win64; x64) AppleWebKit/537.36 (KHTML, like Gecko) Chrome/78.0.3904.87 Safari/537.36)
[2019-11-08 14:25:22] ---- CONTENT: {data : "<?xml version='1.0' encoding='utf-8' ?><Request ID='2019110814252289'><General><Token>21111141252224224017000011333853</Token></General><Data></Data></Request>"}
[2019-11-08 14:25:22] 200 - OK - application/json
[2019-11-08 14:25:22] REQUEST POST - https://localhost:8082/public/ws/Config.asmx/All_Get
[2019-11-08 14:25:22] ---- FROM  ::1 (WinNT)
[2019-11-08 14:25:22] ---- BROWSER:  Chrome 78.0 (Mozilla/5.0 (Windows NT 10.0; Win64; x64) AppleWebKit/537.36 (KHTML, like Gecko) Chrome/78.0.3904.87 Safari/537.36)
[2019-11-08 14:25:22] ---- CONTENT: {data : "<?xml version='1.0' encoding='utf-8' ?><Request ID='20191108142522222'><General><Token>21111141252224224017000011333853</Token></General><Data></Data></Request>"}
[2019-11-08 14:25:22] 200 - OK - application/json
[2019-11-08 14:25:22] REQUEST POST - https://localhost:8082/public/ws/Economics.asmx/messaggi_summary
[2019-11-08 14:25:22] ---- FROM  ::1 (WinNT)
[2019-11-08 14:25:22] ---- BROWSER:  Chrome 78.0 (Mozilla/5.0 (Windows NT 10.0; Win64; x64) AppleWebKit/537.36 (KHTML, like Gecko) Chrome/78.0.3904.87 Safari/537.36)
[2019-11-08 14:25:22] ---- CONTENT: {data : "<?xml version='1.0' encoding='utf-8' ?><Request ID='20191108142522249'><General><Token>21111141252224224017000011333853</Token></General><Data></Data></Request>"}
[2019-11-08 14:25:22] 200 - OK - application/json
[2019-11-08 14:25:22] REQUEST POST - https://localhost:8082/public/ws/Config.asmx/All_Get
[2019-11-08 14:25:22] ---- FROM  ::1 (WinNT)
[2019-11-08 14:25:22] ---- BROWSER:  Chrome 78.0 (Mozilla/5.0 (Windows NT 10.0; Win64; x64) AppleWebKit/537.36 (KHTML, like Gecko) Chrome/78.0.3904.87 Safari/537.36)
[2019-11-08 14:25:22] ---- CONTENT: {data : "<?xml version='1.0' encoding='utf-8' ?><Request ID='20191108142522359'><General><Token>21111141252224224017000011333853</Token></General><Data></Data></Request>"}
[2019-11-08 14:25:22] 200 - OK - application/json
[2019-11-08 14:25:22] REQUEST GET - https://localhost:8082/public/ws/Resources.ashx/xml-economics/21111141252224224017000011333853
[2019-11-08 14:25:22] ---- FROM  ::1 (WinNT)
[2019-11-08 14:25:22] ---- BROWSER:  Chrome 78.0 (Mozilla/5.0 (Windows NT 10.0; Win64; x64) AppleWebKit/537.36 (KHTML, like Gecko) Chrome/78.0.3904.87 Safari/537.36)
[2019-11-08 14:25:22] 200 - OK - text/xml
[2019-11-08 14:25:24] REQUEST POST - https://localhost:8082/public/ws/Config.asmx/All_Get
[2019-11-08 14:25:24] ---- FROM  ::1 (WinNT)
[2019-11-08 14:25:24] ---- BROWSER:  Chrome 78.0 (Mozilla/5.0 (Windows NT 10.0; Win64; x64) AppleWebKit/537.36 (KHTML, like Gecko) Chrome/78.0.3904.87 Safari/537.36)
[2019-11-08 14:25:24] ---- CONTENT: {data : "<?xml version='1.0' encoding='utf-8' ?><Request ID='2019110814252414'><General><Token>21111141252224224017000011333853</Token></General><Data></Data></Request>"}
[2019-11-08 14:25:24] 200 - OK - application/json
[2019-11-08 14:26:47] REQUEST POST - https://localhost:8082/public/ws/Capex.asmx/Imm_Immateriali_Set
[2019-11-08 14:26:47] ---- FROM  ::1 (WinNT)
[2019-11-08 14:26:47] ---- BROWSER:  Chrome 78.0 (Mozilla/5.0 (Windows NT 10.0; Win64; x64) AppleWebKit/537.36 (KHTML, like Gecko) Chrome/78.0.3904.87 Safari/537.36)
[2019-11-08 14:26:47] ---- CONTENT: {data : "<?xml version='1.0' encoding='utf-8'?><Request ID='20191108142647471'><General><Token>21111141252224224017000011333853</Token></General><Data><Anni><Anno ID='1'><II1_IvaCreditoPerc>22000</II1_IvaCreditoPerc><II2_IvaCreditoPerc>22000</II2_IvaCreditoPerc><II3_IvaCreditoPerc>22000</II3_IvaCreditoPerc><II4_IvaCreditoPerc>22000</II4_IvaCreditoPerc><II1_CapexNette>55000000</II1_CapexNette><II1_AnniAmmortamento>5000</II1_AnniAmmortamento><II2_CapexNette>0</II2_CapexNette><II2_AnniAmmortamento>0</II2_AnniAmmortamento><II3_CapexNette>0</II3_CapexNette><II3_AnniAmmortamento>0</II3_AnniAmmortamento><II4_CapexNette>0</II4_CapexNette><II4_AnniAmmortamento>0</II4_AnniAmmortamento></Anno><Anno ID='2'><II1_IvaCreditoPerc>22000</II1_IvaCreditoPerc><II2_IvaCreditoPerc>22000</II2_IvaCreditoPerc><II3_IvaCreditoPerc>22000</II3_IvaCreditoPerc><II4_IvaCreditoPerc>22000</II4_IvaCreditoPerc><II1_CapexNette>60000000</II1_CapexNette><II1_AnniAmmortamento>5000</II1_AnniAmmortamento><II2_CapexNette>0</II2_CapexNette><II2_AnniAmmortamento>0</II2_AnniAmmortamento><II3_CapexNette>0</II3_CapexNette><II3_AnniAmmortamento>0</II3_AnniAmmortamento><II4_CapexNette>0</II4_CapexNette><II4_AnniAmmortamento>0</II4_AnniAmmortamento></Anno><Anno ID='3'><II1_IvaCreditoPerc>22000</II1_IvaCreditoPerc><II2_IvaCreditoPerc>22000</II2_IvaCreditoPerc><II3_IvaCreditoPerc>22000</II3_IvaCreditoPerc><II4_IvaCreditoPerc>22000</II4_IvaCreditoPerc><II1_CapexNette>60000000</II1_CapexNette><II1_AnniAmmortamento>5000</II1_AnniAmmortamento><II2_CapexNette>0</II2_CapexNette><II2_AnniAmmortamento>0</II2_AnniAmmortamento><II3_CapexNette>0</II3_CapexNette><II3_AnniAmmortamento>0</II3_AnniAmmortamento><II4_CapexNette>0</II4_CapexNette><II4_AnniAmmortamento>0</II4_AnniAmmortamento></Anno><Anno ID='4'><II1_IvaCreditoPerc>22000</II1_IvaCreditoPerc><II2_IvaCreditoPerc>22000</II2_IvaCreditoPerc><II3_IvaCreditoPerc>22000</II3_IvaCreditoPerc><II4_IvaCreditoPerc>22000</II4_IvaCreditoPerc><II1_CapexNette>60000000</II1_CapexNette><II1_AnniAmmortamento>5000</II1_AnniAmmortamento><II2_CapexNette>0</II2_CapexNette><II2_AnniAmmortamento>0</II2_AnniAmmortamento><II3_CapexNette>0</II3_CapexNette><II3_AnniAmmortamento>0</II3_AnniAmmortamento><II4_CapexNette>0</II4_CapexNette><II4_AnniAmmortamento>0</II4_AnniAmmortamento></Anno><Anno ID='5'><II1_IvaCreditoPerc>22000</II1_IvaCreditoPerc><II2_IvaCreditoPerc>22000</II2_IvaCreditoPerc><II3_IvaCreditoPerc>22000</II3_IvaCreditoPerc><II4_IvaCreditoPerc>22000</II4_IvaCreditoPerc><II1_CapexNette>60000000</II1_CapexNette><II1_AnniAmmortamento>5000</II1_AnniAmmortamento><II2_CapexNette>0</II2_CapexNette><II2_AnniAmmortamento>0</II2_AnniAmmortamento><II3_CapexNette>0</II3_CapexNette><II3_AnniAmmortamento>0</II3_AnniAmmortamento><II4_CapexNette>0</II4_CapexNette><II4_AnniAmmortamento>0</II4_AnniAmmortamento></Anno></Anni></Data></Request>"}
[2019-11-08 14:26:47] 200 - OK - application/json
[2019-11-08 14:26:47] REQUEST POST - https://localhost:8082/public/ws/Economics.asmx/messaggi_summary
[2019-11-08 14:26:47] ---- FROM  ::1 (WinNT)
[2019-11-08 14:26:47] ---- BROWSER:  Chrome 78.0 (Mozilla/5.0 (Windows NT 10.0; Win64; x64) AppleWebKit/537.36 (KHTML, like Gecko) Chrome/78.0.3904.87 Safari/537.36)
[2019-11-08 14:26:47] ---- CONTENT: {data : "<?xml version='1.0' encoding='utf-8' ?><Request ID='20191108142647755'><General><Token>21111141252224224017000011333853</Token></General><Data></Data></Request>"}
[2019-11-08 14:26:47] 200 - OK - application/json
[2019-11-08 14:26:47] REQUEST POST - https://localhost:8082/public/ws/Config.asmx/All_Get
[2019-11-08 14:26:47] ---- FROM  ::1 (WinNT)
[2019-11-08 14:26:47] ---- BROWSER:  Chrome 78.0 (Mozilla/5.0 (Windows NT 10.0; Win64; x64) AppleWebKit/537.36 (KHTML, like Gecko) Chrome/78.0.3904.87 Safari/537.36)
[2019-11-08 14:26:47] ---- CONTENT: {data : "<?xml version='1.0' encoding='utf-8' ?><Request ID='20191108142647789'><General><Token>21111141252224224017000011333853</Token></General><Data></Data></Request>"}
[2019-11-08 14:26:47] 200 - OK - application/json
[2019-11-08 14:27:34] REQUEST GET - https://localhost:8082/economics/finanziarie
[2019-11-08 14:27:34] ---- FROM  ::1 (WinNT)
[2019-11-08 14:27:34] ---- BROWSER:  Chrome 78.0 (Mozilla/5.0 (Windows NT 10.0; Win64; x64) AppleWebKit/537.36 (KHTML, like Gecko) Chrome/78.0.3904.87 Safari/537.36)
[2019-11-08 14:27:34] 200 - OK - text/html
[2019-11-08 14:27:35] REQUEST POST - https://localhost:8082/public/ws/Capex.asmx/Imm_Finanziarie_Get
[2019-11-08 14:27:35] ---- FROM  ::1 (WinNT)
[2019-11-08 14:27:35] ---- BROWSER:  Chrome 78.0 (Mozilla/5.0 (Windows NT 10.0; Win64; x64) AppleWebKit/537.36 (KHTML, like Gecko) Chrome/78.0.3904.87 Safari/537.36)
[2019-11-08 14:27:35] ---- CONTENT: {data : "<?xml version='1.0' encoding='utf-8' ?><Request ID='20191108142735190'><General><Token>21111141252224224017000011333853</Token></General><Data></Data></Request>"}
[2019-11-08 14:27:35] 200 - OK - application/json
[2019-11-08 14:27:35] REQUEST POST - https://localhost:8082/public/ws/Config.asmx/All_Get
[2019-11-08 14:27:35] ---- FROM  ::1 (WinNT)
[2019-11-08 14:27:35] ---- BROWSER:  Chrome 78.0 (Mozilla/5.0 (Windows NT 10.0; Win64; x64) AppleWebKit/537.36 (KHTML, like Gecko) Chrome/78.0.3904.87 Safari/537.36)
[2019-11-08 14:27:35] ---- CONTENT: {data : "<?xml version='1.0' encoding='utf-8' ?><Request ID='20191108142735347'><General><Token>21111141252224224017000011333853</Token></General><Data></Data></Request>"}
[2019-11-08 14:27:35] 200 - OK - application/json
[2019-11-08 14:27:35] REQUEST POST - https://localhost:8082/public/ws/Economics.asmx/messaggi_summary
[2019-11-08 14:27:35] ---- FROM  ::1 (WinNT)
[2019-11-08 14:27:35] ---- BROWSER:  Chrome 78.0 (Mozilla/5.0 (Windows NT 10.0; Win64; x64) AppleWebKit/537.36 (KHTML, like Gecko) Chrome/78.0.3904.87 Safari/537.36)
[2019-11-08 14:27:35] ---- CONTENT: {data : "<?xml version='1.0' encoding='utf-8' ?><Request ID='20191108142735381'><General><Token>21111141252224224017000011333853</Token></General><Data></Data></Request>"}
[2019-11-08 14:27:35] 200 - OK - application/json
[2019-11-08 14:27:35] REQUEST GET - https://localhost:8082/public/ws/Resources.ashx/xml-economics/21111141252224224017000011333853
[2019-11-08 14:27:35] ---- FROM  ::1 (WinNT)
[2019-11-08 14:27:35] ---- BROWSER:  Chrome 78.0 (Mozilla/5.0 (Windows NT 10.0; Win64; x64) AppleWebKit/537.36 (KHTML, like Gecko) Chrome/78.0.3904.87 Safari/537.36)
[2019-11-08 14:27:35] REQUEST POST - https://localhost:8082/public/ws/Config.asmx/All_Get
[2019-11-08 14:27:35] ---- FROM  ::1 (WinNT)
[2019-11-08 14:27:35] ---- BROWSER:  Chrome 78.0 (Mozilla/5.0 (Windows NT 10.0; Win64; x64) AppleWebKit/537.36 (KHTML, like Gecko) Chrome/78.0.3904.87 Safari/537.36)
[2019-11-08 14:27:35] ---- CONTENT: {data : "<?xml version='1.0' encoding='utf-8' ?><Request ID='20191108142735467'><General><Token>21111141252224224017000011333853</Token></General><Data></Data></Request>"}
[2019-11-08 14:27:35] 200 - OK - text/xml
[2019-11-08 14:27:35] 200 - OK - application/json
[2019-11-08 14:27:36] REQUEST POST - https://localhost:8082/public/ws/Config.asmx/All_Get
[2019-11-08 14:27:36] ---- FROM  ::1 (WinNT)
[2019-11-08 14:27:36] ---- BROWSER:  Chrome 78.0 (Mozilla/5.0 (Windows NT 10.0; Win64; x64) AppleWebKit/537.36 (KHTML, like Gecko) Chrome/78.0.3904.87 Safari/537.36)
[2019-11-08 14:27:36] ---- CONTENT: {data : "<?xml version='1.0' encoding='utf-8' ?><Request ID='20191108142736784'><General><Token>21111141252224224017000011333853</Token></General><Data></Data></Request>"}
[2019-11-08 14:27:36] 200 - OK - application/json
[2019-11-08 14:33:47] REQUEST POST - https://localhost:8082/public/ws/Capex.asmx/Imm_Finanziarie_Set
[2019-11-08 14:33:47] ---- FROM  ::1 (WinNT)
[2019-11-08 14:33:47] ---- BROWSER:  Chrome 78.0 (Mozilla/5.0 (Windows NT 10.0; Win64; x64) AppleWebKit/537.36 (KHTML, like Gecko) Chrome/78.0.3904.87 Safari/537.36)
[2019-11-08 14:33:47] ---- CONTENT: {data : "<?xml version='1.0' encoding='utf-8'?><Request ID='20191108143347332'><General><Token>21111141252224224017000011333853</Token></General><Data><Anni><Anno ID='1'><IF1_Partecipazioni>40000000</IF1_Partecipazioni><IF1_PCommissioniPerc>1000</IF1_PCommissioniPerc><IF1_PSvalutazioni>1000000</IF1_PSvalutazioni><IF1_PDividendi>500000</IF1_PDividendi><IF1_PTassePerc>12500</IF1_PTassePerc><IF1_TitoliNuovi>50000000</IF1_TitoliNuovi><IF1_TNCommissioniPerc>2000</IF1_TNCommissioniPerc><IF1_TNSvalutazioni>1000000</IF1_TNSvalutazioni><IF1_TNInteressiPerc>2500</IF1_TNInteressiPerc><IF1_TNTassePerc>15000</IF1_TNTassePerc><IF1_QuotePartecip>0</IF1_QuotePartecip><IF2_Partecipazioni>0</IF2_Partecipazioni><IF2_PCommissioniPerc>0</IF2_PCommissioniPerc><IF2_PSvalutazioni>0</IF2_PSvalutazioni><IF2_PDividendi>0</IF2_PDividendi><IF2_PTassePerc>0</IF2_PTassePerc><IF2_TitoliNuovi>0</IF2_TitoliNuovi><IF2_TNCommissioniPerc>0</IF2_TNCommissioniPerc><IF2_TNSvalutazioni>0</IF2_TNSvalutazioni><IF2_TNInteressiPerc>0</IF2_TNInteressiPerc><IF2_TNTassePerc>0</IF2_TNTassePerc><IF2_QuotePartecip>0</IF2_QuotePartecip></Anno><Anno ID='2'><IF1_Partecipazioni>40000000</IF1_Partecipazioni><IF1_PCommissioniPerc>1000</IF1_PCommissioniPerc><IF1_PSvalutazioni>10000000</IF1_PSvalutazioni><IF1_PDividendi>250000</IF1_PDividendi><IF1_PTassePerc>12500</IF1_PTassePerc><IF1_TitoliNuovi>50000000</IF1_TitoliNuovi><IF1_TNCommissioniPerc>2000</IF1_TNCommissioniPerc><IF1_TNSvalutazioni>2000000</IF1_TNSvalutazioni><IF1_TNInteressiPerc>2500</IF1_TNInteressiPerc><IF1_TNTassePerc>15000</IF1_TNTassePerc><IF1_QuotePartecip>78000000</IF1_QuotePartecip><IF2_Partecipazioni>0</IF2_Partecipazioni><IF2_PCommissioniPerc>0</IF2_PCommissioniPerc><IF2_PSvalutazioni>0</IF2_PSvalutazioni><IF2_PDividendi>0</IF2_PDividendi><IF2_PTassePerc>0</IF2_PTassePerc><IF2_TitoliNuovi>0</IF2_TitoliNuovi><IF2_TNCommissioniPerc>0</IF2_TNCommissioniPerc><IF2_TNSvalutazioni>0</IF2_TNSvalutazioni><IF2_TNInteressiPerc>0</IF2_TNInteressiPerc><IF2_TNTassePerc>0</IF2_TNTassePerc><IF2_QuotePartecip>0</IF2_QuotePartecip></Anno><Anno ID='3'><IF1_Partecipazioni>40000000</IF1_Partecipazioni><IF1_PCommissioniPerc>1000</IF1_PCommissioniPerc><IF1_PSvalutazioni>1000000</IF1_PSvalutazioni><IF1_PDividendi>500000</IF1_PDividendi><IF1_PTassePerc>12500</IF1_PTassePerc><IF1_TitoliNuovi>50000000</IF1_TitoliNuovi><IF1_TNCommissioniPerc>2000</IF1_TNCommissioniPerc><IF1_TNSvalutazioni>-3000000</IF1_TNSvalutazioni><IF1_TNInteressiPerc>2500</IF1_TNInteressiPerc><IF1_TNTassePerc>15000</IF1_TNTassePerc><IF1_QuotePartecip>0</IF1_QuotePartecip><IF2_Partecipazioni>0</IF2_Partecipazioni><IF2_PCommissioniPerc>0</IF2_PCommissioniPerc><IF2_PSvalutazioni>0</IF2_PSvalutazioni><IF2_PDividendi>0</IF2_PDividendi><IF2_PTassePerc>0</IF2_PTassePerc><IF2_TitoliNuovi>0</IF2_TitoliNuovi><IF2_TNCommissioniPerc>0</IF2_TNCommissioniPerc><IF2_TNSvalutazioni>0</IF2_TNSvalutazioni><IF2_TNInteressiPerc>0</IF2_TNInteressiPerc><IF2_TNTassePerc>0</IF2_TNTassePerc><IF2_QuotePartecip>0</IF2_QuotePartecip></Anno><Anno ID='4'><IF1_Partecipazioni>40000000</IF1_Partecipazioni><IF1_PCommissioniPerc>1000</IF1_PCommissioniPerc><IF1_PSvalutazioni>-1000000</IF1_PSvalutazioni><IF1_PDividendi>250000</IF1_PDividendi><IF1_PTassePerc>12500</IF1_PTassePerc><IF1_TitoliNuovi>50000000</IF1_TitoliNuovi><IF1_TNCommissioniPerc>2000</IF1_TNCommissioniPerc><IF1_TNSvalutazioni>100000</IF1_TNSvalutazioni><IF1_TNInteressiPerc>2500</IF1_TNInteressiPerc><IF1_TNTassePerc>15000</IF1_TNTassePerc><IF1_QuotePartecip>92000000</IF1_QuotePartecip><IF2_Partecipazioni>0</IF2_Partecipazioni><IF2_PCommissioniPerc>0</IF2_PCommissioniPerc><IF2_PSvalutazioni>0</IF2_PSvalutazioni><IF2_PDividendi>0</IF2_PDividendi><IF2_PTassePerc>0</IF2_PTassePerc><IF2_TitoliNuovi>0</IF2_TitoliNuovi><IF2_TNCommissioniPerc>0</IF2_TNCommissioniPerc><IF2_TNSvalutazioni>0</IF2_TNSvalutazioni><IF2_TNInteressiPerc>0</IF2_TNInteressiPerc><IF2_TNTassePerc>0</IF2_TNTassePerc><IF2_QuotePartecip>0</IF2_QuotePartecip></Anno><Anno ID='5'><IF1_Partecipazioni>40000000</IF1_Partecipazioni><IF1_PCommissioniPerc>1000</IF1_PCommissioniPerc><IF1_PSvalutazioni>5000000</IF1_PSvalutazioni><IF1_PDividendi>500000</IF1_PDividendi><IF1_PTassePerc>12500</IF1_PTassePerc><IF1_TitoliNuovi>50000000</IF1_TitoliNuovi><IF1_TNCommissioniPerc>2000</IF1_TNCommissioniPerc><IF1_TNSvalutazioni>2000000</IF1_TNSvalutazioni><IF1_TNInteressiPerc>2500</IF1_TNInteressiPerc><IF1_TNTassePerc>15000</IF1_TNTassePerc><IF1_QuotePartecip>0</IF1_QuotePartecip><IF2_Partecipazioni>0</IF2_Partecipazioni><IF2_PCommissioniPerc>0</IF2_PCommissioniPerc><IF2_PSvalutazioni>0</IF2_PSvalutazioni><IF2_PDividendi>0</IF2_PDividendi><IF2_PTassePerc>0</IF2_PTassePerc><IF2_TitoliNuovi>0</IF2_TitoliNuovi><IF2_TNCommissioniPerc>0</IF2_TNCommissioniPerc><IF2_TNSvalutazioni>0</IF2_TNSvalutazioni><IF2_TNInteressiPerc>0</IF2_TNInteressiPerc><IF2_TNTassePerc>0</IF2_TNTassePerc><IF2_QuotePartecip>0</IF2_QuotePartecip></Anno></Anni></Data></Request>"}
[2019-11-08 14:33:47] 200 - OK - application/json
[2019-11-08 14:33:47] REQUEST POST - https://localhost:8082/public/ws/Economics.asmx/messaggi_summary
[2019-11-08 14:33:47] ---- FROM  ::1 (WinNT)
[2019-11-08 14:33:47] ---- BROWSER:  Chrome 78.0 (Mozilla/5.0 (Windows NT 10.0; Win64; x64) AppleWebKit/537.36 (KHTML, like Gecko) Chrome/78.0.3904.87 Safari/537.36)
[2019-11-08 14:33:47] ---- CONTENT: {data : "<?xml version='1.0' encoding='utf-8' ?><Request ID='20191108143347734'><General><Token>21111141252224224017000011333853</Token></General><Data></Data></Request>"}
[2019-11-08 14:33:47] 200 - OK - application/json
[2019-11-08 14:33:47] REQUEST POST - https://localhost:8082/public/ws/Config.asmx/All_Get
[2019-11-08 14:33:47] ---- FROM  ::1 (WinNT)
[2019-11-08 14:33:47] ---- BROWSER:  Chrome 78.0 (Mozilla/5.0 (Windows NT 10.0; Win64; x64) AppleWebKit/537.36 (KHTML, like Gecko) Chrome/78.0.3904.87 Safari/537.36)
[2019-11-08 14:33:47] ---- CONTENT: {data : "<?xml version='1.0' encoding='utf-8' ?><Request ID='20191108143347775'><General><Token>21111141252224224017000011333853</Token></General><Data></Data></Request>"}
[2019-11-08 14:33:47] 200 - OK - application/json
[2019-11-08 14:34:15] REQUEST POST - https://localhost:8082/public/ws/Capex.asmx/Imm_Finanziarie_Set
[2019-11-08 14:34:15] ---- FROM  ::1 (WinNT)
[2019-11-08 14:34:15] ---- BROWSER:  Chrome 78.0 (Mozilla/5.0 (Windows NT 10.0; Win64; x64) AppleWebKit/537.36 (KHTML, like Gecko) Chrome/78.0.3904.87 Safari/537.36)
[2019-11-08 14:34:15] ---- CONTENT: {data : "<?xml version='1.0' encoding='utf-8'?><Request ID='2019110814341564'><General><Token>21111141252224224017000011333853</Token></General><Data><Anni><Anno ID='1'><IF1_Partecipazioni>40000000</IF1_Partecipazioni><IF1_PCommissioniPerc>1000</IF1_PCommissioniPerc><IF1_PSvalutazioni>1000000</IF1_PSvalutazioni><IF1_PDividendi>500000</IF1_PDividendi><IF1_PTassePerc>12500</IF1_PTassePerc><IF1_TitoliNuovi>50000000</IF1_TitoliNuovi><IF1_TNCommissioniPerc>2000</IF1_TNCommissioniPerc><IF1_TNSvalutazioni>1000000</IF1_TNSvalutazioni><IF1_TNInteressiPerc>2500</IF1_TNInteressiPerc><IF1_TNTassePerc>15000</IF1_TNTassePerc><IF1_QuotePartecip>0</IF1_QuotePartecip><IF2_Partecipazioni>0</IF2_Partecipazioni><IF2_PCommissioniPerc>0</IF2_PCommissioniPerc><IF2_PSvalutazioni>0</IF2_PSvalutazioni><IF2_PDividendi>0</IF2_PDividendi><IF2_PTassePerc>0</IF2_PTassePerc><IF2_TitoliNuovi>0</IF2_TitoliNuovi><IF2_TNCommissioniPerc>0</IF2_TNCommissioniPerc><IF2_TNSvalutazioni>0</IF2_TNSvalutazioni><IF2_TNInteressiPerc>0</IF2_TNInteressiPerc><IF2_TNTassePerc>0</IF2_TNTassePerc><IF2_QuotePartecip>0</IF2_QuotePartecip></Anno><Anno ID='2'><IF1_Partecipazioni>40000000</IF1_Partecipazioni><IF1_PCommissioniPerc>1000</IF1_PCommissioniPerc><IF1_PSvalutazioni>10000000</IF1_PSvalutazioni><IF1_PDividendi>250000</IF1_PDividendi><IF1_PTassePerc>12500</IF1_PTassePerc><IF1_TitoliNuovi>50000000</IF1_TitoliNuovi><IF1_TNCommissioniPerc>2000</IF1_TNCommissioniPerc><IF1_TNSvalutazioni>2000000</IF1_TNSvalutazioni><IF1_TNInteressiPerc>2500</IF1_TNInteressiPerc><IF1_TNTassePerc>15000</IF1_TNTassePerc><IF1_QuotePartecip>78000000</IF1_QuotePartecip><IF2_Partecipazioni>0</IF2_Partecipazioni><IF2_PCommissioniPerc>0</IF2_PCommissioniPerc><IF2_PSvalutazioni>0</IF2_PSvalutazioni><IF2_PDividendi>0</IF2_PDividendi><IF2_PTassePerc>0</IF2_PTassePerc><IF2_TitoliNuovi>0</IF2_TitoliNuovi><IF2_TNCommissioniPerc>0</IF2_TNCommissioniPerc><IF2_TNSvalutazioni>0</IF2_TNSvalutazioni><IF2_TNInteressiPerc>0</IF2_TNInteressiPerc><IF2_TNTassePerc>0</IF2_TNTassePerc><IF2_QuotePartecip>0</IF2_QuotePartecip></Anno><Anno ID='3'><IF1_Partecipazioni>40000000</IF1_Partecipazioni><IF1_PCommissioniPerc>1000</IF1_PCommissioniPerc><IF1_PSvalutazioni>1000000</IF1_PSvalutazioni><IF1_PDividendi>500000</IF1_PDividendi><IF1_PTassePerc>12500</IF1_PTassePerc><IF1_TitoliNuovi>50000000</IF1_TitoliNuovi><IF1_TNCommissioniPerc>2000</IF1_TNCommissioniPerc><IF1_TNSvalutazioni>-3000000</IF1_TNSvalutazioni><IF1_TNInteressiPerc>2500</IF1_TNInteressiPerc><IF1_TNTassePerc>15000</IF1_TNTassePerc><IF1_QuotePartecip>0</IF1_QuotePartecip><IF2_Partecipazioni>0</IF2_Partecipazioni><IF2_PCommissioniPerc>0</IF2_PCommissioniPerc><IF2_PSvalutazioni>0</IF2_PSvalutazioni><IF2_PDividendi>0</IF2_PDividendi><IF2_PTassePerc>0</IF2_PTassePerc><IF2_TitoliNuovi>0</IF2_TitoliNuovi><IF2_TNCommissioniPerc>0</IF2_TNCommissioniPerc><IF2_TNSvalutazioni>0</IF2_TNSvalutazioni><IF2_TNInteressiPerc>0</IF2_TNInteressiPerc><IF2_TNTassePerc>0</IF2_TNTassePerc><IF2_QuotePartecip>0</IF2_QuotePartecip></Anno><Anno ID='4'><IF1_Partecipazioni>40000000</IF1_Partecipazioni><IF1_PCommissioniPerc>1000</IF1_PCommissioniPerc><IF1_PSvalutazioni>-1000000</IF1_PSvalutazioni><IF1_PDividendi>250000</IF1_PDividendi><IF1_PTassePerc>12500</IF1_PTassePerc><IF1_TitoliNuovi>50000000</IF1_TitoliNuovi><IF1_TNCommissioniPerc>2000</IF1_TNCommissioniPerc><IF1_TNSvalutazioni>100000</IF1_TNSvalutazioni><IF1_TNInteressiPerc>2500</IF1_TNInteressiPerc><IF1_TNTassePerc>15000</IF1_TNTassePerc><IF1_QuotePartecip>92000000</IF1_QuotePartecip><IF2_Partecipazioni>0</IF2_Partecipazioni><IF2_PCommissioniPerc>0</IF2_PCommissioniPerc><IF2_PSvalutazioni>0</IF2_PSvalutazioni><IF2_PDividendi>0</IF2_PDividendi><IF2_PTassePerc>0</IF2_PTassePerc><IF2_TitoliNuovi>0</IF2_TitoliNuovi><IF2_TNCommissioniPerc>0</IF2_TNCommissioniPerc><IF2_TNSvalutazioni>0</IF2_TNSvalutazioni><IF2_TNInteressiPerc>0</IF2_TNInteressiPerc><IF2_TNTassePerc>0</IF2_TNTassePerc><IF2_QuotePartecip>0</IF2_QuotePartecip></Anno><Anno ID='5'><IF1_Partecipazioni>40000000</IF1_Partecipazioni><IF1_PCommissioniPerc>1000</IF1_PCommissioniPerc><IF1_PSvalutazioni>5000000</IF1_PSvalutazioni><IF1_PDividendi>500000</IF1_PDividendi><IF1_PTassePerc>12500</IF1_PTassePerc><IF1_TitoliNuovi>50000000</IF1_TitoliNuovi><IF1_TNCommissioniPerc>2000</IF1_TNCommissioniPerc><IF1_TNSvalutazioni>2000000</IF1_TNSvalutazioni><IF1_TNInteressiPerc>2500</IF1_TNInteressiPerc><IF1_TNTassePerc>15000</IF1_TNTassePerc><IF1_QuotePartecip>0</IF1_QuotePartecip><IF2_Partecipazioni>0</IF2_Partecipazioni><IF2_PCommissioniPerc>0</IF2_PCommissioniPerc><IF2_PSvalutazioni>0</IF2_PSvalutazioni><IF2_PDividendi>0</IF2_PDividendi><IF2_PTassePerc>0</IF2_PTassePerc><IF2_TitoliNuovi>0</IF2_TitoliNuovi><IF2_TNCommissioniPerc>0</IF2_TNCommissioniPerc><IF2_TNSvalutazioni>0</IF2_TNSvalutazioni><IF2_TNInteressiPerc>0</IF2_TNInteressiPerc><IF2_TNTassePerc>0</IF2_TNTassePerc><IF2_QuotePartecip>0</IF2_QuotePartecip></Anno></Anni></Data></Request>"}
[2019-11-08 14:34:15] 200 - OK - application/json
[2019-11-08 14:34:15] REQUEST POST - https://localhost:8082/public/ws/Economics.asmx/PreCompile
[2019-11-08 14:34:15] ---- FROM  ::1 (WinNT)
[2019-11-08 14:34:15] ---- BROWSER:  Chrome 78.0 (Mozilla/5.0 (Windows NT 10.0; Win64; x64) AppleWebKit/537.36 (KHTML, like Gecko) Chrome/78.0.3904.87 Safari/537.36)
[2019-11-08 14:34:15] ---- CONTENT: {data : "<?xml version='1.0' encoding='utf-8' ?><Request ID='20191108143415265'><General><Token>21111141252224224017000011333853</Token></General><Data></Data></Request>"}
[2019-11-08 14:34:17] 200 - OK - application/json
[2019-11-08 14:34:17] REQUEST POST - https://localhost:8082/public/ws/Capex.asmx/Imm_Finanziarie_Get
[2019-11-08 14:34:17] ---- FROM  ::1 (WinNT)
[2019-11-08 14:34:17] ---- BROWSER:  Chrome 78.0 (Mozilla/5.0 (Windows NT 10.0; Win64; x64) AppleWebKit/537.36 (KHTML, like Gecko) Chrome/78.0.3904.87 Safari/537.36)
[2019-11-08 14:34:17] ---- CONTENT: {data : "<?xml version='1.0' encoding='utf-8' ?><Request ID='2019110814341769'><General><Token>21111141252224224017000011333853</Token></General><Data></Data></Request>"}
[2019-11-08 14:34:17] 200 - OK - application/json
[2019-11-08 14:34:17] REQUEST GET - https://localhost:8082/public/ws/Resources.ashx/xml-economics/21111141252224224017000011333853
[2019-11-08 14:34:17] ---- FROM  ::1 (WinNT)
[2019-11-08 14:34:17] ---- BROWSER:  Chrome 78.0 (Mozilla/5.0 (Windows NT 10.0; Win64; x64) AppleWebKit/537.36 (KHTML, like Gecko) Chrome/78.0.3904.87 Safari/537.36)
[2019-11-08 14:34:17] REQUEST POST - https://localhost:8082/public/ws/Config.asmx/All_Get
[2019-11-08 14:34:17] ---- FROM  ::1 (WinNT)
[2019-11-08 14:34:17] ---- BROWSER:  Chrome 78.0 (Mozilla/5.0 (Windows NT 10.0; Win64; x64) AppleWebKit/537.36 (KHTML, like Gecko) Chrome/78.0.3904.87 Safari/537.36)
[2019-11-08 14:34:17] ---- CONTENT: {data : "<?xml version='1.0' encoding='utf-8' ?><Request ID='20191108143417127'><General><Token>21111141252224224017000011333853</Token></General><Data></Data></Request>"}
[2019-11-08 14:34:17] 200 - OK - application/json
[2019-11-08 14:34:17] 200 - OK - text/xml
[2019-11-08 14:34:17] REQUEST POST - https://localhost:8082/public/ws/Economics.asmx/messaggi_summary
[2019-11-08 14:34:17] ---- FROM  ::1 (WinNT)
[2019-11-08 14:34:17] ---- BROWSER:  Chrome 78.0 (Mozilla/5.0 (Windows NT 10.0; Win64; x64) AppleWebKit/537.36 (KHTML, like Gecko) Chrome/78.0.3904.87 Safari/537.36)
[2019-11-08 14:34:17] ---- CONTENT: {data : "<?xml version='1.0' encoding='utf-8' ?><Request ID='20191108143417157'><General><Token>21111141252224224017000011333853</Token></General><Data></Data></Request>"}
[2019-11-08 14:34:17] 200 - OK - application/json
[2019-11-08 14:34:18] REQUEST POST - https://localhost:8082/public/ws/Config.asmx/All_Get
[2019-11-08 14:34:18] ---- FROM  ::1 (WinNT)
[2019-11-08 14:34:18] ---- BROWSER:  Chrome 78.0 (Mozilla/5.0 (Windows NT 10.0; Win64; x64) AppleWebKit/537.36 (KHTML, like Gecko) Chrome/78.0.3904.87 Safari/537.36)
[2019-11-08 14:34:18] ---- CONTENT: {data : "<?xml version='1.0' encoding='utf-8' ?><Request ID='20191108143418831'><General><Token>21111141252224224017000011333853</Token></General><Data></Data></Request>"}
[2019-11-08 14:34:18] 200 - OK - application/json
[2019-11-08 14:34:18] REQUEST POST - https://localhost:8082/public/ws/Config.asmx/All_Get
[2019-11-08 14:34:18] ---- FROM  ::1 (WinNT)
[2019-11-08 14:34:18] ---- BROWSER:  Chrome 78.0 (Mozilla/5.0 (Windows NT 10.0; Win64; x64) AppleWebKit/537.36 (KHTML, like Gecko) Chrome/78.0.3904.87 Safari/537.36)
[2019-11-08 14:34:18] ---- CONTENT: {data : "<?xml version='1.0' encoding='utf-8' ?><Request ID='20191108143418892'><General><Token>21111141252224224017000011333853</Token></General><Data></Data></Request>"}
[2019-11-08 14:34:18] 200 - OK - application/json
[2019-11-08 14:34:26] REQUEST GET - https://localhost:8082/economics/anno-precedente-insert
[2019-11-08 14:34:26] ---- FROM  ::1 (WinNT)
[2019-11-08 14:34:26] ---- BROWSER:  Chrome 78.0 (Mozilla/5.0 (Windows NT 10.0; Win64; x64) AppleWebKit/537.36 (KHTML, like Gecko) Chrome/78.0.3904.87 Safari/537.36)
[2019-11-08 14:34:26] 200 - OK - text/html
[2019-11-08 14:34:26] REQUEST POST - https://localhost:8082/public/ws/AnnoPrec.asmx/Get
[2019-11-08 14:34:26] ---- FROM  ::1 (WinNT)
[2019-11-08 14:34:26] ---- BROWSER:  Chrome 78.0 (Mozilla/5.0 (Windows NT 10.0; Win64; x64) AppleWebKit/537.36 (KHTML, like Gecko) Chrome/78.0.3904.87 Safari/537.36)
[2019-11-08 14:34:26] ---- CONTENT: {data : "<?xml version='1.0' encoding='utf-8' ?><Request ID='20191108143426565'><General><Token>21111141252224224017000011333853</Token></General><Data></Data></Request>"}
[2019-11-08 14:34:26] 200 - OK - application/json
[2019-11-08 14:34:26] REQUEST POST - https://localhost:8082/public/ws/Config.asmx/All_Get
[2019-11-08 14:34:26] ---- FROM  ::1 (WinNT)
[2019-11-08 14:34:26] ---- BROWSER:  Chrome 78.0 (Mozilla/5.0 (Windows NT 10.0; Win64; x64) AppleWebKit/537.36 (KHTML, like Gecko) Chrome/78.0.3904.87 Safari/537.36)
[2019-11-08 14:34:26] ---- CONTENT: {data : "<?xml version='1.0' encoding='utf-8' ?><Request ID='20191108143426945'><General><Token>21111141252224224017000011333853</Token></General><Data></Data></Request>"}
[2019-11-08 14:34:26] 200 - OK - application/json
[2019-11-08 14:34:26] REQUEST POST - https://localhost:8082/public/ws/Economics.asmx/messaggi_summary
[2019-11-08 14:34:26] ---- FROM  ::1 (WinNT)
[2019-11-08 14:34:26] ---- BROWSER:  Chrome 78.0 (Mozilla/5.0 (Windows NT 10.0; Win64; x64) AppleWebKit/537.36 (KHTML, like Gecko) Chrome/78.0.3904.87 Safari/537.36)
[2019-11-08 14:34:26] ---- CONTENT: {data : "<?xml version='1.0' encoding='utf-8' ?><Request ID='20191108143426969'><General><Token>21111141252224224017000011333853</Token></General><Data></Data></Request>"}
[2019-11-08 14:34:26] 200 - OK - application/json
[2019-11-08 14:34:27] REQUEST GET - https://localhost:8082/public/ws/Resources.ashx/xml-economics/21111141252224224017000011333853
[2019-11-08 14:34:27] ---- FROM  ::1 (WinNT)
[2019-11-08 14:34:27] ---- BROWSER:  Chrome 78.0 (Mozilla/5.0 (Windows NT 10.0; Win64; x64) AppleWebKit/537.36 (KHTML, like Gecko) Chrome/78.0.3904.87 Safari/537.36)
[2019-11-08 14:34:27] REQUEST POST - https://localhost:8082/public/ws/Config.asmx/All_Get
[2019-11-08 14:34:27] ---- FROM  ::1 (WinNT)
[2019-11-08 14:34:27] ---- BROWSER:  Chrome 78.0 (Mozilla/5.0 (Windows NT 10.0; Win64; x64) AppleWebKit/537.36 (KHTML, like Gecko) Chrome/78.0.3904.87 Safari/537.36)
[2019-11-08 14:34:27] ---- CONTENT: {data : "<?xml version='1.0' encoding='utf-8' ?><Request ID='2019110814342717'><General><Token>21111141252224224017000011333853</Token></General><Data></Data></Request>"}
[2019-11-08 14:34:27] 200 - OK - text/xml
[2019-11-08 14:34:27] 200 - OK - application/json
[2019-11-08 14:34:27] REQUEST POST - https://localhost:8082/public/ws/Config.asmx/All_Get
[2019-11-08 14:34:27] ---- FROM  ::1 (WinNT)
[2019-11-08 14:34:27] ---- BROWSER:  Chrome 78.0 (Mozilla/5.0 (Windows NT 10.0; Win64; x64) AppleWebKit/537.36 (KHTML, like Gecko) Chrome/78.0.3904.87 Safari/537.36)
[2019-11-08 14:34:27] ---- CONTENT: {data : "<?xml version='1.0' encoding='utf-8' ?><Request ID='20191108143427523'><General><Token>21111141252224224017000011333853</Token></General><Data></Data></Request>"}
[2019-11-08 14:34:27] 200 - OK - application/json
[2019-11-08 14:48:08] REQUEST POST - https://localhost:8082/public/ws/AnnoPrec.asmx/Set
[2019-11-08 14:48:08] ---- FROM  ::1 (WinNT)
[2019-11-08 14:48:08] ---- BROWSER:  Chrome 78.0 (Mozilla/5.0 (Windows NT 10.0; Win64; x64) AppleWebKit/537.36 (KHTML, like Gecko) Chrome/78.0.3904.87 Safari/537.36)
[2019-11-08 14:48:08] ---- CONTENT: {data : "<?xml version='1.0' encoding='utf-8'?><Request ID='20191108144807956'><General><Token>21111141252224224017000011333853</Token></General><Data><Anni><Anno ID='1'><CreditiDebitiSoci><AP_CreditiSociMedio>50000000</AP_CreditiSociMedio><AP_DebitiSociMedio>30000000</AP_DebitiSociMedio></CreditiDebitiSoci><CreditiDebitiMedio><AP_CreditiMedioLungo>300000000</AP_CreditiMedioLungo><AP_DebitiMedioLungo>100000000</AP_DebitiMedioLungo></CreditiDebitiMedio></Anno><Anno ID='2'><CreditiDebitiSoci><AP_CreditiSociMedio>0</AP_CreditiSociMedio><AP_DebitiSociMedio>10000000</AP_DebitiSociMedio></CreditiDebitiSoci><CreditiDebitiMedio><AP_CreditiMedioLungo>100000000</AP_CreditiMedioLungo><AP_DebitiMedioLungo>0</AP_DebitiMedioLungo></CreditiDebitiMedio></Anno><Anno ID='3'><CreditiDebitiSoci><AP_CreditiSociMedio>30000000</AP_CreditiSociMedio><AP_DebitiSociMedio>0</AP_DebitiSociMedio></CreditiDebitiSoci><CreditiDebitiMedio><AP_CreditiMedioLungo>0</AP_CreditiMedioLungo><AP_DebitiMedioLungo>50000000</AP_DebitiMedioLungo></CreditiDebitiMedio></Anno><Anno ID='4'><CreditiDebitiSoci><AP_CreditiSociMedio>0</AP_CreditiSociMedio><AP_DebitiSociMedio>10000000</AP_DebitiSociMedio></CreditiDebitiSoci><CreditiDebitiMedio><AP_CreditiMedioLungo>100000000</AP_CreditiMedioLungo><AP_DebitiMedioLungo>0</AP_DebitiMedioLungo></CreditiDebitiMedio></Anno><Anno ID='5'><CreditiDebitiSoci><AP_CreditiSociMedio>20000000</AP_CreditiSociMedio><AP_DebitiSociMedio>0</AP_DebitiSociMedio></CreditiDebitiSoci><CreditiDebitiMedio><AP_CreditiMedioLungo>0</AP_CreditiMedioLungo><AP_DebitiMedioLungo>50000000</AP_DebitiMedioLungo></CreditiDebitiMedio></Anno></Anni><Liquidita><AP_Liquidita>267529000</AP_Liquidita><AP_Capitale>998400000</AP_Capitale><AP_Riserve>4201141000</AP_Riserve><AP_Utile>-341968000</AP_Utile><AP_NuovoUtile>0</AP_NuovoUtile></Liquidita><Rimanenze><AP_RimanenzePF>752944000</AP_RimanenzePF><AP_RimanenzeMP>0</AP_RimanenzeMP></Rimanenze><CreditiDebitiBreve><AP_CreditiSociBreve>50000000</AP_CreditiSociBreve><AP_DebitiSociBreve>30000000</AP_DebitiSociBreve><AP_CreditiComm>1252800000</AP_CreditiComm><AP_DebitiComm>789946000</AP_DebitiComm><AP_AltriCrediti>200000000</AP_AltriCrediti><AP_AltriDebiti>100000000</AP_AltriDebiti><AP_CreditoIVA>40000000</AP_CreditoIVA><AP_CreditiTributari>15242000</AP_CreditiTributari><AP_DebitiTributari>22264000</AP_DebitiTributari></CreditiDebitiBreve><Tfr><AP_Tfr>145709000</AP_Tfr><AP_AltriFondi>100000000</AP_AltriFondi></Tfr><ImmFinanziarie_Partecipazioni><AP_Partecipazioni>5000000</AP_Partecipazioni></ImmFinanziarie_Partecipazioni><FinanziamentiBreve><AP_F_FinanziamentiABreve>23432000</AP_F_FinanziamentiABreve></FinanziamentiBreve><ImmMateriali><Investimento ID='1'><AP_IM_ValoreResiduo>3375380000</AP_IM_ValoreResiduo><AP_IM_AmmortamentoAnnuale>239139000</AP_IM_AmmortamentoAnnuale><AP_IM_Iperammortamento>0</AP_IM_Iperammortamento></Investimento><Investimento ID='2'><AP_IM_ValoreResiduo>0</AP_IM_ValoreResiduo><AP_IM_AmmortamentoAnnuale>0</AP_IM_AmmortamentoAnnuale><AP_IM_Iperammortamento>0</AP_IM_Iperammortamento></Investimento><Investimento ID='3'><AP_IM_ValoreResiduo>0</AP_IM_ValoreResiduo><AP_IM_AmmortamentoAnnuale>0</AP_IM_AmmortamentoAnnuale><AP_IM_Iperammortamento>0</AP_IM_Iperammortamento></Investimento><Investimento ID='4'><AP_IM_ValoreResiduo>0</AP_IM_ValoreResiduo><AP_IM_AmmortamentoAnnuale>0</AP_IM_AmmortamentoAnnuale><AP_IM_Iperammortamento>0</AP_IM_Iperammortamento></Investimento></ImmMateriali><ImmImmateriali><Investimento ID='1'><AP_II_ValoreResiduo>813000</AP_II_ValoreResiduo><AP_II_AmmortamentoAnnuale>813000</AP_II_AmmortamentoAnnuale></Investimento><Investimento ID='2'><AP_II_ValoreResiduo>0</AP_II_ValoreResiduo><AP_II_AmmortamentoAnnuale>0</AP_II_AmmortamentoAnnuale></Investimento><Investimento ID='3'><AP_II_ValoreResiduo>0</AP_II_ValoreResiduo><AP_II_AmmortamentoAnnuale>0</AP_II_AmmortamentoAnnuale></Investimento><Investimento ID='4'><AP_II_ValoreResiduo>0</AP_II_ValoreResiduo><AP_II_AmmortamentoAnnuale>0</AP_II_AmmortamentoAnnuale></Investimento></ImmImmateriali><ImmFinanziarie_Titoli><Titolo ID='1'><AP_IF_Valore>5362000</AP_IF_Valore><AP_IF_AnniResidui>0</AP_IF_AnniResidui><AP_IF_InteressiPerc>2000</AP_IF_InteressiPerc><AP_IF_Interessi>107000</AP_IF_Interessi></Titolo><Titolo ID='2'><AP_IF_Valore>0</AP_IF_Valore><AP_IF_AnniResidui>0</AP_IF_AnniResidui><AP_IF_InteressiPerc>0</AP_IF_InteressiPerc><AP_IF_Interessi>0</AP_IF_Interessi></Titolo><Titolo ID='3'><AP_IF_Valore>0</AP_IF_Valore><AP_IF_AnniResidui>0</AP_IF_AnniResidui><AP_IF_InteressiPerc>0</AP_IF_InteressiPerc><AP_IF_Interessi>0</AP_IF_Interessi></Titolo><Titolo ID='4'><AP_IF_Valore>0</AP_IF_Valore><AP_IF_AnniResidui>0</AP_IF_AnniResidui><AP_IF_InteressiPerc>0</AP_IF_InteressiPerc><AP_IF_Interessi>0</AP_IF_Interessi></Titolo></ImmFinanziarie_Titoli><Finanziamenti><Finanziamento ID='1'><AP_F_DebitoMedio>8073000</AP_F_DebitoMedio><AP_F_DebitoABreve>8073000</AP_F_DebitoABreve><AP_F_InteressiPerc>3000</AP_F_InteressiPerc></Finanziamento><Finanziamento ID='2'><AP_F_DebitoMedio>0</AP_F_DebitoMedio><AP_F_DebitoABreve>0</AP_F_DebitoABreve><AP_F_InteressiPerc>0</AP_F_InteressiPerc></Finanziamento><Finanziamento ID='3'><AP_F_DebitoMedio>0</AP_F_DebitoMedio><AP_F_DebitoABreve>0</AP_F_DebitoABreve><AP_F_InteressiPerc>0</AP_F_InteressiPerc></Finanziamento><Finanziamento ID='4'><AP_F_DebitoMedio>0</AP_F_DebitoMedio><AP_F_DebitoABreve>0</AP_F_DebitoABreve><AP_F_InteressiPerc>0</AP_F_InteressiPerc></Finanziamento></Finanziamenti></Data></Request>"}
[2019-11-08 14:48:08] 200 - OK - application/json
[2019-11-08 14:48:08] REQUEST POST - https://localhost:8082/public/ws/Economics.asmx/PreCompileAnnoPrec
[2019-11-08 14:48:08] ---- FROM  ::1 (WinNT)
[2019-11-08 14:48:08] ---- BROWSER:  Chrome 78.0 (Mozilla/5.0 (Windows NT 10.0; Win64; x64) AppleWebKit/537.36 (KHTML, like Gecko) Chrome/78.0.3904.87 Safari/537.36)
[2019-11-08 14:48:08] ---- CONTENT: {data : "<?xml version='1.0' encoding='utf-8' ?><Request ID='20191108144808349'><General><Token>21111141252224224017000011333853</Token></General><Data></Data></Request>"}
[2019-11-08 14:48:08] 200 - OK - application/json
[2019-11-08 14:48:08] REQUEST POST - https://localhost:8082/public/ws/AnnoPrec.asmx/Get
[2019-11-08 14:48:08] ---- FROM  ::1 (WinNT)
[2019-11-08 14:48:08] ---- BROWSER:  Chrome 78.0 (Mozilla/5.0 (Windows NT 10.0; Win64; x64) AppleWebKit/537.36 (KHTML, like Gecko) Chrome/78.0.3904.87 Safari/537.36)
[2019-11-08 14:48:08] ---- CONTENT: {data : "<?xml version='1.0' encoding='utf-8' ?><Request ID='20191108144808387'><General><Token>21111141252224224017000011333853</Token></General><Data></Data></Request>"}
[2019-11-08 14:48:08] 200 - OK - application/json
[2019-11-08 14:48:08] REQUEST GET - https://localhost:8082/public/ws/Resources.ashx/xml-economics/21111141252224224017000011333853
[2019-11-08 14:48:08] ---- FROM  ::1 (WinNT)
[2019-11-08 14:48:08] ---- BROWSER:  Chrome 78.0 (Mozilla/5.0 (Windows NT 10.0; Win64; x64) AppleWebKit/537.36 (KHTML, like Gecko) Chrome/78.0.3904.87 Safari/537.36)
[2019-11-08 14:48:08] REQUEST POST - https://localhost:8082/public/ws/Config.asmx/All_Get
[2019-11-08 14:48:08] ---- FROM  ::1 (WinNT)
[2019-11-08 14:48:08] ---- BROWSER:  Chrome 78.0 (Mozilla/5.0 (Windows NT 10.0; Win64; x64) AppleWebKit/537.36 (KHTML, like Gecko) Chrome/78.0.3904.87 Safari/537.36)
[2019-11-08 14:48:08] ---- CONTENT: {data : "<?xml version='1.0' encoding='utf-8' ?><Request ID='20191108144808490'><General><Token>21111141252224224017000011333853</Token></General><Data></Data></Request>"}
[2019-11-08 14:48:08] 200 - OK - application/json
[2019-11-08 14:48:08] 200 - OK - text/xml
[2019-11-08 14:48:08] REQUEST POST - https://localhost:8082/public/ws/Economics.asmx/messaggi_summary
[2019-11-08 14:48:08] ---- FROM  ::1 (WinNT)
[2019-11-08 14:48:08] ---- BROWSER:  Chrome 78.0 (Mozilla/5.0 (Windows NT 10.0; Win64; x64) AppleWebKit/537.36 (KHTML, like Gecko) Chrome/78.0.3904.87 Safari/537.36)
[2019-11-08 14:48:08] ---- CONTENT: {data : "<?xml version='1.0' encoding='utf-8' ?><Request ID='20191108144808531'><General><Token>21111141252224224017000011333853</Token></General><Data></Data></Request>"}
[2019-11-08 14:48:08] 200 - OK - application/json
[2019-11-08 14:48:09] REQUEST POST - https://localhost:8082/public/ws/Config.asmx/All_Get
[2019-11-08 14:48:09] ---- FROM  ::1 (WinNT)
[2019-11-08 14:48:09] ---- BROWSER:  Chrome 78.0 (Mozilla/5.0 (Windows NT 10.0; Win64; x64) AppleWebKit/537.36 (KHTML, like Gecko) Chrome/78.0.3904.87 Safari/537.36)
[2019-11-08 14:48:09] ---- CONTENT: {data : "<?xml version='1.0' encoding='utf-8' ?><Request ID='20191108144809432'><General><Token>21111141252224224017000011333853</Token></General><Data></Data></Request>"}
[2019-11-08 14:48:09] 200 - OK - application/json
[2019-11-08 14:48:09] REQUEST POST - https://localhost:8082/public/ws/Config.asmx/All_Get
[2019-11-08 14:48:09] ---- FROM  ::1 (WinNT)
[2019-11-08 14:48:09] ---- BROWSER:  Chrome 78.0 (Mozilla/5.0 (Windows NT 10.0; Win64; x64) AppleWebKit/537.36 (KHTML, like Gecko) Chrome/78.0.3904.87 Safari/537.36)
[2019-11-08 14:48:09] ---- CONTENT: {data : "<?xml version='1.0' encoding='utf-8' ?><Request ID='20191108144809529'><General><Token>21111141252224224017000011333853</Token></General><Data></Data></Request>"}
[2019-11-08 14:48:09] 200 - OK - application/json
[2019-11-08 14:48:16] REQUEST GET - https://localhost:8082/economics/anno-precedente-prospetto
[2019-11-08 14:48:16] ---- FROM  ::1 (WinNT)
[2019-11-08 14:48:16] ---- BROWSER:  Chrome 78.0 (Mozilla/5.0 (Windows NT 10.0; Win64; x64) AppleWebKit/537.36 (KHTML, like Gecko) Chrome/78.0.3904.87 Safari/537.36)
[2019-11-08 14:48:16] 200 - OK - text/html
[2019-11-08 14:48:17] REQUEST POST - https://localhost:8082/public/ws/AnnoPrec.asmx/Get
[2019-11-08 14:48:17] ---- FROM  ::1 (WinNT)
[2019-11-08 14:48:17] ---- BROWSER:  Chrome 78.0 (Mozilla/5.0 (Windows NT 10.0; Win64; x64) AppleWebKit/537.36 (KHTML, like Gecko) Chrome/78.0.3904.87 Safari/537.36)
[2019-11-08 14:48:17] ---- CONTENT: {data : "<?xml version='1.0' encoding='utf-8' ?><Request ID='20191108144817405'><General><Token>21111141252224224017000011333853</Token></General><Data></Data></Request>"}
[2019-11-08 14:48:17] 200 - OK - application/json
[2019-11-08 14:48:17] REQUEST POST - https://localhost:8082/public/ws/Config.asmx/All_Get
[2019-11-08 14:48:17] ---- FROM  ::1 (WinNT)
[2019-11-08 14:48:17] ---- BROWSER:  Chrome 78.0 (Mozilla/5.0 (Windows NT 10.0; Win64; x64) AppleWebKit/537.36 (KHTML, like Gecko) Chrome/78.0.3904.87 Safari/537.36)
[2019-11-08 14:48:17] ---- CONTENT: {data : "<?xml version='1.0' encoding='utf-8' ?><Request ID='20191108144817461'><General><Token>21111141252224224017000011333853</Token></General><Data></Data></Request>"}
[2019-11-08 14:48:17] 200 - OK - application/json
[2019-11-08 14:48:17] REQUEST POST - https://localhost:8082/public/ws/Economics.asmx/messaggi_summary
[2019-11-08 14:48:17] ---- FROM  ::1 (WinNT)
[2019-11-08 14:48:17] ---- BROWSER:  Chrome 78.0 (Mozilla/5.0 (Windows NT 10.0; Win64; x64) AppleWebKit/537.36 (KHTML, like Gecko) Chrome/78.0.3904.87 Safari/537.36)
[2019-11-08 14:48:17] ---- CONTENT: {data : "<?xml version='1.0' encoding='utf-8' ?><Request ID='20191108144817500'><General><Token>21111141252224224017000011333853</Token></General><Data></Data></Request>"}
[2019-11-08 14:48:17] 200 - OK - application/json
[2019-11-08 14:48:17] REQUEST GET - https://localhost:8082/public/ws/Resources.ashx/xml-economics/21111141252224224017000011333853
[2019-11-08 14:48:17] ---- FROM  ::1 (WinNT)
[2019-11-08 14:48:17] ---- BROWSER:  Chrome 78.0 (Mozilla/5.0 (Windows NT 10.0; Win64; x64) AppleWebKit/537.36 (KHTML, like Gecko) Chrome/78.0.3904.87 Safari/537.36)
[2019-11-08 14:48:17] 200 - OK - text/xml
[2019-11-08 14:48:17] REQUEST POST - https://localhost:8082/public/ws/Config.asmx/All_Get
[2019-11-08 14:48:17] ---- FROM  ::1 (WinNT)
[2019-11-08 14:48:17] ---- BROWSER:  Chrome 78.0 (Mozilla/5.0 (Windows NT 10.0; Win64; x64) AppleWebKit/537.36 (KHTML, like Gecko) Chrome/78.0.3904.87 Safari/537.36)
[2019-11-08 14:48:17] ---- CONTENT: {data : "<?xml version='1.0' encoding='utf-8' ?><Request ID='20191108144817566'><General><Token>21111141252224224017000011333853</Token></General><Data></Data></Request>"}
[2019-11-08 14:48:17] 200 - OK - application/json
[2019-11-08 14:48:18] REQUEST POST - https://localhost:8082/public/ws/Config.asmx/All_Get
[2019-11-08 14:48:18] ---- FROM  ::1 (WinNT)
[2019-11-08 14:48:18] ---- BROWSER:  Chrome 78.0 (Mozilla/5.0 (Windows NT 10.0; Win64; x64) AppleWebKit/537.36 (KHTML, like Gecko) Chrome/78.0.3904.87 Safari/537.36)
[2019-11-08 14:48:18] ---- CONTENT: {data : "<?xml version='1.0' encoding='utf-8' ?><Request ID='20191108144818463'><General><Token>21111141252224224017000011333853</Token></General><Data></Data></Request>"}
[2019-11-08 14:48:18] 200 - OK - application/json
[2019-11-08 14:48:21] REQUEST POST - https://localhost:8082/public/ws/AnnoPrec.asmx/Set
[2019-11-08 14:48:21] ---- FROM  ::1 (WinNT)
[2019-11-08 14:48:21] ---- BROWSER:  Chrome 78.0 (Mozilla/5.0 (Windows NT 10.0; Win64; x64) AppleWebKit/537.36 (KHTML, like Gecko) Chrome/78.0.3904.87 Safari/537.36)
[2019-11-08 14:48:21] ---- CONTENT: {data : "<?xml version='1.0' encoding='utf-8'?><Request ID='20191108144821837'><General><Token>21111141252224224017000011333853</Token></General><Data><Anni><Anno ID='1'/><Anno ID='2'/><Anno ID='3'/><Anno ID='4'/><Anno ID='5'/></Anni></Data></Request>"}
[2019-11-08 14:48:21] 200 - OK - application/json
[2019-11-08 14:48:21] REQUEST POST - https://localhost:8082/public/ws/Economics.asmx/Compile
[2019-11-08 14:48:21] ---- FROM  ::1 (WinNT)
[2019-11-08 14:48:21] ---- BROWSER:  Chrome 78.0 (Mozilla/5.0 (Windows NT 10.0; Win64; x64) AppleWebKit/537.36 (KHTML, like Gecko) Chrome/78.0.3904.87 Safari/537.36)
[2019-11-08 14:48:21] ---- CONTENT: {data : "<?xml version='1.0' encoding='utf-8' ?><Request ID='20191108144821872'><General><Token>21111141252224224017000011333853</Token></General><Data></Data></Request>"}
[2019-11-08 14:48:23] 200 - OK - application/json
[2019-11-08 14:48:23] REQUEST POST - https://localhost:8082/public/ws/AnnoPrec.asmx/Get
[2019-11-08 14:48:23] ---- FROM  ::1 (WinNT)
[2019-11-08 14:48:23] ---- BROWSER:  Chrome 78.0 (Mozilla/5.0 (Windows NT 10.0; Win64; x64) AppleWebKit/537.36 (KHTML, like Gecko) Chrome/78.0.3904.87 Safari/537.36)
[2019-11-08 14:48:23] ---- CONTENT: {data : "<?xml version='1.0' encoding='utf-8' ?><Request ID='20191108144823501'><General><Token>21111141252224224017000011333853</Token></General><Data></Data></Request>"}
[2019-11-08 14:48:23] 200 - OK - application/json
[2019-11-08 14:48:23] REQUEST GET - https://localhost:8082/public/ws/Resources.ashx/xml-economics/21111141252224224017000011333853
[2019-11-08 14:48:23] ---- FROM  ::1 (WinNT)
[2019-11-08 14:48:23] ---- BROWSER:  Chrome 78.0 (Mozilla/5.0 (Windows NT 10.0; Win64; x64) AppleWebKit/537.36 (KHTML, like Gecko) Chrome/78.0.3904.87 Safari/537.36)
[2019-11-08 14:48:23] REQUEST POST - https://localhost:8082/public/ws/Config.asmx/All_Get
[2019-11-08 14:48:23] ---- FROM  ::1 (WinNT)
[2019-11-08 14:48:23] ---- BROWSER:  Chrome 78.0 (Mozilla/5.0 (Windows NT 10.0; Win64; x64) AppleWebKit/537.36 (KHTML, like Gecko) Chrome/78.0.3904.87 Safari/537.36)
[2019-11-08 14:48:23] ---- CONTENT: {data : "<?xml version='1.0' encoding='utf-8' ?><Request ID='20191108144823541'><General><Token>21111141252224224017000011333853</Token></General><Data></Data></Request>"}
[2019-11-08 14:48:23] 200 - OK - application/json
[2019-11-08 14:48:23] 200 - OK - text/xml
[2019-11-08 14:48:23] REQUEST POST - https://localhost:8082/public/ws/Economics.asmx/messaggi_summary
[2019-11-08 14:48:23] ---- FROM  ::1 (WinNT)
[2019-11-08 14:48:23] ---- BROWSER:  Chrome 78.0 (Mozilla/5.0 (Windows NT 10.0; Win64; x64) AppleWebKit/537.36 (KHTML, like Gecko) Chrome/78.0.3904.87 Safari/537.36)
[2019-11-08 14:48:23] ---- CONTENT: {data : "<?xml version='1.0' encoding='utf-8' ?><Request ID='20191108144823573'><General><Token>21111141252224224017000011333853</Token></General><Data></Data></Request>"}
[2019-11-08 14:48:23] 200 - OK - application/json
[2019-11-08 14:48:24] REQUEST POST - https://localhost:8082/public/ws/Config.asmx/All_Get
[2019-11-08 14:48:24] REQUEST POST - https://localhost:8082/public/ws/Config.asmx/All_Get
[2019-11-08 14:48:25] ---- FROM  ::1 (WinNT)
[2019-11-08 14:48:25] ---- BROWSER:  Chrome 78.0 (Mozilla/5.0 (Windows NT 10.0; Win64; x64) AppleWebKit/537.36 (KHTML, like Gecko) Chrome/78.0.3904.87 Safari/537.36)
[2019-11-08 14:48:25] ---- CONTENT: {data : "<?xml version='1.0' encoding='utf-8' ?><Request ID='20191108144824881'><General><Token>21111141252224224017000011333853</Token></General><Data></Data></Request>"}
[2019-11-08 14:48:25] ---- FROM  ::1 (WinNT)
