[2019-09-10 11:58:25] REQUEST POST - https://localhost:8082/public/aspx/Home.aspx
[2019-09-10 11:58:25] ---- FROM  ::1 (WinNT)
[2019-09-10 11:58:25] ---- BROWSER:  Chrome 76.0 (Mozilla/5.0 (Windows NT 10.0; Win64; x64) AppleWebKit/537.36 (KHTML, like Gecko) Chrome/76.0.3809.132 Safari/537.36)
[2019-09-10 11:58:25] ---- CONTENT: Token%3D61111131252223224013000011333653%26TokenApiRest%3DeyJ0eXAiOiJKV1QiLCJhbGciOiJIUzI1NiJ9.eyJpc3MiOiJodHRwczpcL1wvd3d3cy5kZXYteWVhcC5pdCIsImlhdCI6MTU0MjI5NDMyMSwibmJmIjoxNTQyMjk0MzIxLCJleHAiOjE1NDI4OTkxMjEsImRhdGEiOnsidXNlciI6eyJpZCI6IjQ0In19fQ.RCP5OeoGASxAyBw1MbMD4BFJAcDM5JIXqYXKBALZcJI%26Logo%3Dhttps%3A%2F%2Flocalhost%3A8082%2Fscratch%2Fpl_logo.png%26Title%3DBusiness+Plan+Test+nr.+2=
[2019-09-10 11:58:26] 302 - Found - text/html
[2019-09-10 11:58:27] REQUEST GET - https://localhost:8082/home/welcome
[2019-09-10 11:58:27] ---- FROM  ::1 (WinNT)
[2019-09-10 11:58:27] ---- BROWSER:  Chrome 76.0 (Mozilla/5.0 (Windows NT 10.0; Win64; x64) AppleWebKit/537.36 (KHTML, like Gecko) Chrome/76.0.3809.132 Safari/537.36)
[2019-09-10 11:58:28] 200 - OK - text/html
[2019-09-10 11:58:31] REQUEST POST - https://localhost:8082/public/ws/General.asmx/Set
[2019-09-10 11:58:31] ---- FROM  ::1 (WinNT)
[2019-09-10 11:58:31] ---- BROWSER:  Chrome 76.0 (Mozilla/5.0 (Windows NT 10.0; Win64; x64) AppleWebKit/537.36 (KHTML, like Gecko) Chrome/76.0.3809.132 Safari/537.36)
[2019-09-10 11:58:31] ---- CONTENT: {data : "<?xml version='1.0' encoding='utf-8' ?><Request ID='20190910115830649'><General><Token>61111131252223224013000011333653</Token></General><Data><Nome>Business Plan Test nr. 2</Nome><Logo>https%3A%2F%2Flocalhost%3A8082%2Fscratch%2Fpl_logo.png</Logo></Data></Request>"}
[2019-09-10 11:58:33] 200 - OK - application/json
[2019-09-10 11:58:33] REQUEST POST - https://localhost:8082/public/ws/Config.asmx/Economics_Get
[2019-09-10 11:58:33] ---- FROM  ::1 (WinNT)
[2019-09-10 11:58:33] ---- BROWSER:  Chrome 76.0 (Mozilla/5.0 (Windows NT 10.0; Win64; x64) AppleWebKit/537.36 (KHTML, like Gecko) Chrome/76.0.3809.132 Safari/537.36)
[2019-09-10 11:58:33] ---- CONTENT: {data : "<?xml version='1.0' encoding='utf-8' ?><Request ID='20190910115833284'><General><Token>61111131252223224013000011333653</Token></General><Data></Data></Request>"}
[2019-09-10 11:58:34] 200 - OK - application/json
[2019-09-10 11:58:34] REQUEST POST - https://localhost:8082/public/ws/Config.asmx/All_Get
[2019-09-10 11:58:34] ---- FROM  ::1 (WinNT)
[2019-09-10 11:58:34] ---- BROWSER:  Chrome 76.0 (Mozilla/5.0 (Windows NT 10.0; Win64; x64) AppleWebKit/537.36 (KHTML, like Gecko) Chrome/76.0.3809.132 Safari/537.36)
[2019-09-10 11:58:34] ---- CONTENT: {data : "<?xml version='1.0' encoding='utf-8' ?><Request ID='20190910115834335'><General><Token>61111131252223224013000011333653</Token></General><Data></Data></Request>"}
[2019-09-10 11:58:35] REQUEST POST - https://localhost:8082/public/ws/Config.asmx/All_Get
[2019-09-10 11:58:35] REQUEST POST - https://localhost:8082/public/ws/Economics.asmx/messaggi_summary
[2019-09-10 11:58:35] ---- FROM  ::1 (WinNT)
[2019-09-10 11:58:35] ---- BROWSER:  Chrome 76.0 (Mozilla/5.0 (Windows NT 10.0; Win64; x64) AppleWebKit/537.36 (KHTML, like Gecko) Chrome/76.0.3809.132 Safari/537.36)
[2019-09-10 11:58:35] ---- CONTENT: {data : "<?xml version='1.0' encoding='utf-8' ?><Request ID='20190910115834615'><General><Token>61111131252223224013000011333653</Token></General><Data></Data></Request>"}
[2019-09-10 11:58:35] ---- FROM  ::1 (WinNT)
[2019-09-10 11:58:35] ---- BROWSER:  Chrome 76.0 (Mozilla/5.0 (Windows NT 10.0; Win64; x64) AppleWebKit/537.36 (KHTML, like Gecko) Chrome/76.0.3809.132 Safari/537.36)
[2019-09-10 11:58:35] ---- CONTENT: {data : "<?xml version='1.0' encoding='utf-8' ?><Request ID='20190910115834951'><General><Token>61111131252223224013000011333653</Token></General><Data></Data></Request>"}
[2019-09-10 11:58:36] 200 - OK - application/json
[2019-09-10 11:58:36] 200 - OK - application/json
[2019-09-10 11:58:36] 200 - OK - application/json
[2019-09-10 11:58:37] REQUEST POST - https://localhost:8082/public/ws/Config.asmx/All_Get
[2019-09-10 11:58:37] ---- FROM  ::1 (WinNT)
[2019-09-10 11:58:37] ---- BROWSER:  Chrome 76.0 (Mozilla/5.0 (Windows NT 10.0; Win64; x64) AppleWebKit/537.36 (KHTML, like Gecko) Chrome/76.0.3809.132 Safari/537.36)
[2019-09-10 11:58:37] ---- CONTENT: {data : "<?xml version='1.0' encoding='utf-8' ?><Request ID='20190910115836859'><General><Token>61111131252223224013000011333653</Token></General><Data></Data></Request>"}
[2019-09-10 11:58:37] 200 - OK - application/json
[2019-09-10 11:58:53] REQUEST POST - https://localhost:8082/public/aspx/Home.aspx
[2019-09-10 11:58:53] ---- FROM  ::1 (WinNT)
[2019-09-10 11:58:53] ---- BROWSER:  Chrome 76.0 (Mozilla/5.0 (Windows NT 10.0; Win64; x64) AppleWebKit/537.36 (KHTML, like Gecko) Chrome/76.0.3809.132 Safari/537.36)
[2019-09-10 11:58:53] ---- CONTENT: Token%3D21111141252224224017000011333853%26TokenApiRest%3DeyJ0eXAiOiJKV1QiLCJhbGciOiJIUzI1NiJ9.eyJpc3MiOiJodHRwczpcL1wvd3d3cy5kZXYteWVhcC5pdCIsImlhdCI6MTU0MjI5NDMyMSwibmJmIjoxNTQyMjk0MzIxLCJleHAiOjE1NDI4OTkxMjEsImRhdGEiOnsidXNlciI6eyJpZCI6IjQ0In19fQ.RCP5OeoGASxAyBw1MbMD4BFJAcDM5JIXqYXKBALZcJI%26Logo%3Dhttps%3A%2F%2Flocalhost%3A8082%2Fscratch%2Fpl_logo.png%26Title%3DBusiness+Plan+Test+nr.+3=
[2019-09-10 11:58:53] 302 - Found - text/html
[2019-09-10 11:58:53] REQUEST GET - https://localhost:8082/home/welcome
[2019-09-10 11:58:53] ---- FROM  ::1 (WinNT)
[2019-09-10 11:58:53] ---- BROWSER:  Chrome 76.0 (Mozilla/5.0 (Windows NT 10.0; Win64; x64) AppleWebKit/537.36 (KHTML, like Gecko) Chrome/76.0.3809.132 Safari/537.36)
[2019-09-10 11:58:54] 200 - OK - text/html
[2019-09-10 11:58:57] REQUEST POST - https://localhost:8082/public/ws/General.asmx/Set
[2019-09-10 11:58:57] ---- FROM  ::1 (WinNT)
[2019-09-10 11:58:57] ---- BROWSER:  Chrome 76.0 (Mozilla/5.0 (Windows NT 10.0; Win64; x64) AppleWebKit/537.36 (KHTML, like Gecko) Chrome/76.0.3809.132 Safari/537.36)
[2019-09-10 11:58:57] ---- CONTENT: {data : "<?xml version='1.0' encoding='utf-8' ?><Request ID='20190910115856989'><General><Token>21111141252224224017000011333853</Token></General><Data><Nome>Business Plan Test nr. 3</Nome><Logo>https%3A%2F%2Flocalhost%3A8082%2Fscratch%2Fpl_logo.png</Logo></Data></Request>"}
[2019-09-10 11:58:59] 200 - OK - application/json
[2019-09-10 11:58:59] REQUEST POST - https://localhost:8082/public/ws/Config.asmx/Economics_Get
[2019-09-10 11:58:59] ---- FROM  ::1 (WinNT)
[2019-09-10 11:58:59] ---- BROWSER:  Chrome 76.0 (Mozilla/5.0 (Windows NT 10.0; Win64; x64) AppleWebKit/537.36 (KHTML, like Gecko) Chrome/76.0.3809.132 Safari/537.36)
[2019-09-10 11:58:59] ---- CONTENT: {data : "<?xml version='1.0' encoding='utf-8' ?><Request ID='20190910115859422'><General><Token>21111141252224224017000011333853</Token></General><Data></Data></Request>"}
[2019-09-10 11:59:00] 200 - OK - application/json
[2019-09-10 11:59:01] REQUEST POST - https://localhost:8082/public/ws/Config.asmx/All_Get
[2019-09-10 11:59:01] ---- FROM  ::1 (WinNT)
[2019-09-10 11:59:01] ---- BROWSER:  Chrome 76.0 (Mozilla/5.0 (Windows NT 10.0; Win64; x64) AppleWebKit/537.36 (KHTML, like Gecko) Chrome/76.0.3809.132 Safari/537.36)
[2019-09-10 11:59:01] ---- CONTENT: {data : "<?xml version='1.0' encoding='utf-8' ?><Request ID='20190910115900895'><General><Token>21111141252224224017000011333853</Token></General><Data></Data></Request>"}
[2019-09-10 11:59:01] REQUEST POST - https://localhost:8082/public/ws/Economics.asmx/messaggi_summary
[2019-09-10 11:59:02] ---- FROM  ::1 (WinNT)
[2019-09-10 11:59:02] ---- BROWSER:  Chrome 76.0 (Mozilla/5.0 (Windows NT 10.0; Win64; x64) AppleWebKit/537.36 (KHTML, like Gecko) Chrome/76.0.3809.132 Safari/537.36)
[2019-09-10 11:59:02] ---- CONTENT: {data : "<?xml version='1.0' encoding='utf-8' ?><Request ID='20190910115901124'><General><Token>21111141252224224017000011333853</Token></General><Data></Data></Request>"}
[2019-09-10 11:59:02] REQUEST POST - https://localhost:8082/public/ws/Config.asmx/All_Get
[2019-09-10 11:59:02] ---- FROM  ::1 (WinNT)
[2019-09-10 11:59:02] ---- BROWSER:  Chrome 76.0 (Mozilla/5.0 (Windows NT 10.0; Win64; x64) AppleWebKit/537.36 (KHTML, like Gecko) Chrome/76.0.3809.132 Safari/537.36)
[2019-09-10 11:59:03] ---- CONTENT: {data : "<?xml version='1.0' encoding='utf-8' ?><Request ID='20190910115901744'><General><Token>21111141252224224017000011333853</Token></General><Data></Data></Request>"}
[2019-09-10 11:59:03] 200 - OK - application/json
[2019-09-10 11:59:03] REQUEST POST - https://localhost:8082/public/ws/Config.asmx/All_Get
[2019-09-10 11:59:03] 200 - OK - application/json
[2019-09-10 11:59:03] ---- FROM  ::1 (WinNT)
[2019-09-10 11:59:03] ---- BROWSER:  Chrome 76.0 (Mozilla/5.0 (Windows NT 10.0; Win64; x64) AppleWebKit/537.36 (KHTML, like Gecko) Chrome/76.0.3809.132 Safari/537.36)
[2019-09-10 11:59:03] ---- CONTENT: {data : "<?xml version='1.0' encoding='utf-8' ?><Request ID='20190910115903191'><General><Token>21111141252224224017000011333853</Token></General><Data></Data></Request>"}
[2019-09-10 11:59:04] 200 - OK - application/json
[2019-09-10 11:59:04] 200 - OK - application/json
[2019-09-10 11:59:11] REQUEST GET - https://localhost:8082/home/welcome
[2019-09-10 11:59:11] ---- FROM  ::1 (WinNT)
[2019-09-10 11:59:11] ---- BROWSER:  Chrome 76.0 (Mozilla/5.0 (Windows NT 10.0; Win64; x64) AppleWebKit/537.36 (KHTML, like Gecko) Chrome/76.0.3809.132 Safari/537.36)
[2019-09-10 11:59:12] 200 - OK - text/html
[2019-09-10 11:59:17] REQUEST POST - https://localhost:8082/public/ws/General.asmx/Set
[2019-09-10 11:59:17] ---- FROM  ::1 (WinNT)
[2019-09-10 11:59:17] ---- BROWSER:  Chrome 76.0 (Mozilla/5.0 (Windows NT 10.0; Win64; x64) AppleWebKit/537.36 (KHTML, like Gecko) Chrome/76.0.3809.132 Safari/537.36)
[2019-09-10 11:59:17] ---- CONTENT: {data : "<?xml version='1.0' encoding='utf-8' ?><Request ID='20190910115916224'><General><Token>21111141252224224017000011333853</Token></General><Data><Nome>Business Plan Test nr. 3</Nome><Logo>https%3A%2F%2Flocalhost%3A8082%2Fscratch%2Fpl_logo.png</Logo></Data></Request>"}
[2019-09-10 11:59:18] 200 - OK - application/json
[2019-09-10 11:59:18] REQUEST POST - https://localhost:8082/public/ws/Config.asmx/Economics_Get
[2019-09-10 11:59:18] ---- FROM  ::1 (WinNT)
[2019-09-10 11:59:18] ---- BROWSER:  Chrome 76.0 (Mozilla/5.0 (Windows NT 10.0; Win64; x64) AppleWebKit/537.36 (KHTML, like Gecko) Chrome/76.0.3809.132 Safari/537.36)
[2019-09-10 11:59:18] ---- CONTENT: {data : "<?xml version='1.0' encoding='utf-8' ?><Request ID='20190910115918303'><General><Token>21111141252224224017000011333853</Token></General><Data></Data></Request>"}
[2019-09-10 11:59:19] 200 - OK - application/json
[2019-09-10 11:59:20] REQUEST POST - https://localhost:8082/public/ws/Economics.asmx/messaggi_summary
[2019-09-10 11:59:20] ---- FROM  ::1 (WinNT)
[2019-09-10 11:59:20] ---- BROWSER:  Chrome 76.0 (Mozilla/5.0 (Windows NT 10.0; Win64; x64) AppleWebKit/537.36 (KHTML, like Gecko) Chrome/76.0.3809.132 Safari/537.36)
[2019-09-10 11:59:20] REQUEST POST - https://localhost:8082/public/ws/Config.asmx/All_Get
[2019-09-10 11:59:20] ---- CONTENT: {data : "<?xml version='1.0' encoding='utf-8' ?><Request ID='20190910115919385'><General><Token>21111141252224224017000011333853</Token></General><Data></Data></Request>"}
[2019-09-10 11:59:20] ---- FROM  ::1 (WinNT)
[2019-09-10 11:59:20] ---- BROWSER:  Chrome 76.0 (Mozilla/5.0 (Windows NT 10.0; Win64; x64) AppleWebKit/537.36 (KHTML, like Gecko) Chrome/76.0.3809.132 Safari/537.36)
[2019-09-10 11:59:20] ---- CONTENT: {data : "<?xml version='1.0' encoding='utf-8' ?><Request ID='20190910115919354'><General><Token>21111141252224224017000011333853</Token></General><Data></Data></Request>"}
[2019-09-10 11:59:21] REQUEST POST - https://localhost:8082/public/ws/Config.asmx/All_Get
[2019-09-10 11:59:21] ---- FROM  ::1 (WinNT)
[2019-09-10 11:59:21] ---- BROWSER:  Chrome 76.0 (Mozilla/5.0 (Windows NT 10.0; Win64; x64) AppleWebKit/537.36 (KHTML, like Gecko) Chrome/76.0.3809.132 Safari/537.36)
[2019-09-10 11:59:21] ---- CONTENT: {data : "<?xml version='1.0' encoding='utf-8' ?><Request ID='20190910115920505'><General><Token>21111141252224224017000011333853</Token></General><Data></Data></Request>"}
[2019-09-10 11:59:21] 200 - OK - application/json
[2019-09-10 11:59:22] REQUEST POST - https://localhost:8082/public/ws/Config.asmx/All_Get
[2019-09-10 11:59:22] ---- FROM  ::1 (WinNT)
[2019-09-10 11:59:22] ---- BROWSER:  Chrome 76.0 (Mozilla/5.0 (Windows NT 10.0; Win64; x64) AppleWebKit/537.36 (KHTML, like Gecko) Chrome/76.0.3809.132 Safari/537.36)
[2019-09-10 11:59:22] ---- CONTENT: {data : "<?xml version='1.0' encoding='utf-8' ?><Request ID='20190910115921698'><General><Token>21111141252224224017000011333853</Token></General><Data></Data></Request>"}
[2019-09-10 11:59:22] 200 - OK - application/json
[2019-09-10 11:59:23] 200 - OK - application/json
[2019-09-10 11:59:23] 200 - OK - application/json
[2019-09-10 11:59:34] REQUEST GET - https://localhost:8082/settings/settings
[2019-09-10 11:59:34] ---- FROM  ::1 (WinNT)
[2019-09-10 11:59:34] ---- BROWSER:  Chrome 76.0 (Mozilla/5.0 (Windows NT 10.0; Win64; x64) AppleWebKit/537.36 (KHTML, like Gecko) Chrome/76.0.3809.132 Safari/537.36)
[2019-09-10 11:59:34] 200 - OK - text/html
[2019-09-10 11:59:42] REQUEST POST - https://localhost:8082/public/ws/General.asmx/Set
[2019-09-10 11:59:42] ---- FROM  ::1 (WinNT)
[2019-09-10 11:59:42] ---- BROWSER:  Chrome 76.0 (Mozilla/5.0 (Windows NT 10.0; Win64; x64) AppleWebKit/537.36 (KHTML, like Gecko) Chrome/76.0.3809.132 Safari/537.36)
[2019-09-10 11:59:42] ---- CONTENT: {data : "<?xml version='1.0' encoding='utf-8' ?><Request ID='20190910115938807'><General><Token>21111141252224224017000011333853</Token></General><Data><Nome></Nome><Logo>https%3A%2F%2Flocalhost%3A8082%2Fscratch%2Fpl_logo.png</Logo></Data></Request>"}
[2019-09-10 11:59:54] 200 - OK - application/json
[2019-09-10 11:59:54] REQUEST POST - https://localhost:8082/public/ws/Config.asmx/General_Get
[2019-09-10 11:59:54] ---- FROM  ::1 (WinNT)
[2019-09-10 11:59:54] ---- BROWSER:  Chrome 76.0 (Mozilla/5.0 (Windows NT 10.0; Win64; x64) AppleWebKit/537.36 (KHTML, like Gecko) Chrome/76.0.3809.132 Safari/537.36)
[2019-09-10 11:59:54] ---- CONTENT: {data : "<?xml version='1.0' encoding='utf-8' ?><Request ID='20190910115954637'><General><Token>21111141252224224017000011333853</Token></General><Data></Data></Request>"}
[2019-09-10 11:59:54] 200 - OK - application/json
[2019-09-10 11:59:54] REQUEST POST - https://localhost:8082/public/ws/Config.asmx/All_Get
[2019-09-10 11:59:54] ---- FROM  ::1 (WinNT)
[2019-09-10 11:59:54] ---- BROWSER:  Chrome 76.0 (Mozilla/5.0 (Windows NT 10.0; Win64; x64) AppleWebKit/537.36 (KHTML, like Gecko) Chrome/76.0.3809.132 Safari/537.36)
[2019-09-10 11:59:54] ---- CONTENT: {data : "<?xml version='1.0' encoding='utf-8' ?><Request ID='20190910115954940'><General><Token>21111141252224224017000011333853</Token></General><Data></Data></Request>"}
[2019-09-10 11:59:54] REQUEST POST - https://localhost:8082/public/ws/Economics.asmx/messaggi_summary
[2019-09-10 11:59:55] ---- FROM  ::1 (WinNT)
[2019-09-10 11:59:55] ---- BROWSER:  Chrome 76.0 (Mozilla/5.0 (Windows NT 10.0; Win64; x64) AppleWebKit/537.36 (KHTML, like Gecko) Chrome/76.0.3809.132 Safari/537.36)
[2019-09-10 11:59:55] ---- CONTENT: {data : "<?xml version='1.0' encoding='utf-8' ?><Request ID='20190910115954965'><General><Token>21111141252224224017000011333853</Token></General><Data></Data></Request>"}
[2019-09-10 11:59:55] 200 - OK - application/json
[2019-09-10 11:59:55] 200 - OK - application/json
[2019-09-10 11:59:55] REQUEST POST - https://localhost:8082/public/ws/Config.asmx/All_Get
[2019-09-10 11:59:55] ---- FROM  ::1 (WinNT)
[2019-09-10 11:59:55] ---- BROWSER:  Chrome 76.0 (Mozilla/5.0 (Windows NT 10.0; Win64; x64) AppleWebKit/537.36 (KHTML, like Gecko) Chrome/76.0.3809.132 Safari/537.36)
[2019-09-10 11:59:55] ---- CONTENT: {data : "<?xml version='1.0' encoding='utf-8' ?><Request ID='20190910115955754'><General><Token>21111141252224224017000011333853</Token></General><Data></Data></Request>"}
[2019-09-10 11:59:56] 200 - OK - application/json
[2019-09-10 11:59:56] REQUEST POST - https://localhost:8082/public/ws/Config.asmx/All_Get
[2019-09-10 11:59:56] ---- FROM  ::1 (WinNT)
[2019-09-10 11:59:56] ---- BROWSER:  Chrome 76.0 (Mozilla/5.0 (Windows NT 10.0; Win64; x64) AppleWebKit/537.36 (KHTML, like Gecko) Chrome/76.0.3809.132 Safari/537.36)
[2019-09-10 11:59:56] ---- CONTENT: {data : "<?xml version='1.0' encoding='utf-8' ?><Request ID='20190910115956207'><General><Token>21111141252224224017000011333853</Token></General><Data></Data></Request>"}
[2019-09-10 11:59:56] REQUEST GET - https://localhost:8082/public/ws/Resources.ashx/xml-general
[2019-09-10 11:59:56] ---- FROM  ::1 (WinNT)
[2019-09-10 11:59:56] ---- BROWSER:  Chrome 76.0 (Mozilla/5.0 (Windows NT 10.0; Win64; x64) AppleWebKit/537.36 (KHTML, like Gecko) Chrome/76.0.3809.132 Safari/537.36)
[2019-09-10 11:59:56] 200 - OK - application/json
[2019-09-10 11:59:56] 200 - OK - text/xml
[2019-09-10 11:59:56] REQUEST GET - https://localhost:8082/public/ws/Resources.ashx/xml-general
[2019-09-10 11:59:56] ---- FROM  ::1 (WinNT)
[2019-09-10 11:59:56] ---- BROWSER:  Chrome 76.0 (Mozilla/5.0 (Windows NT 10.0; Win64; x64) AppleWebKit/537.36 (KHTML, like Gecko) Chrome/76.0.3809.132 Safari/537.36)
[2019-09-10 11:59:56] 200 - OK - text/xml
[2019-09-10 12:00:11] REQUEST POST - https://localhost:8082/public/aspx/Home.aspx
[2019-09-10 12:00:11] ---- FROM  ::1 (WinNT)
[2019-09-10 12:00:11] ---- BROWSER:  Chrome 76.0 (Mozilla/5.0 (Windows NT 10.0; Win64; x64) AppleWebKit/537.36 (KHTML, like Gecko) Chrome/76.0.3809.132 Safari/537.36)
[2019-09-10 12:00:11] ---- CONTENT: Token%3D61111131252223224013000011333653%26TokenApiRest%3DeyJ0eXAiOiJKV1QiLCJhbGciOiJIUzI1NiJ9.eyJpc3MiOiJodHRwczpcL1wvd3d3cy5kZXYteWVhcC5pdCIsImlhdCI6MTU0MjI5NDMyMSwibmJmIjoxNTQyMjk0MzIxLCJleHAiOjE1NDI4OTkxMjEsImRhdGEiOnsidXNlciI6eyJpZCI6IjQ0In19fQ.RCP5OeoGASxAyBw1MbMD4BFJAcDM5JIXqYXKBALZcJI%26Logo%3Dhttps%3A%2F%2Flocalhost%3A8082%2Fscratch%2Fpl_logo.png%26Title%3DBusiness+Plan+Test+nr.+2=
[2019-09-10 12:00:13] 302 - Found - text/html
[2019-09-10 12:00:13] REQUEST GET - https://localhost:8082/home/welcome
[2019-09-10 12:00:13] ---- FROM  ::1 (WinNT)
[2019-09-10 12:00:13] ---- BROWSER:  Chrome 76.0 (Mozilla/5.0 (Windows NT 10.0; Win64; x64) AppleWebKit/537.36 (KHTML, like Gecko) Chrome/76.0.3809.132 Safari/537.36)
[2019-09-10 12:00:14] 200 - OK - text/html
[2019-09-10 12:00:20] REQUEST POST - https://localhost:8082/public/ws/General.asmx/Set
[2019-09-10 12:00:20] ---- FROM  ::1 (WinNT)
[2019-09-10 12:00:20] ---- BROWSER:  Chrome 76.0 (Mozilla/5.0 (Windows NT 10.0; Win64; x64) AppleWebKit/537.36 (KHTML, like Gecko) Chrome/76.0.3809.132 Safari/537.36)
[2019-09-10 12:00:20] ---- CONTENT: {data : "<?xml version='1.0' encoding='utf-8' ?><Request ID='2019091012002066'><General><Token>61111131252223224013000011333653</Token></General><Data><Nome>Business Plan Test nr. 2</Nome><Logo>https%3A%2F%2Flocalhost%3A8082%2Fscratch%2Fpl_logo.png</Logo></Data></Request>"}
[2019-09-10 12:00:20] 200 - OK - application/json
[2019-09-10 12:00:20] REQUEST POST - https://localhost:8082/public/ws/Config.asmx/Economics_Get
[2019-09-10 12:00:20] ---- FROM  ::1 (WinNT)
[2019-09-10 12:00:20] ---- BROWSER:  Chrome 76.0 (Mozilla/5.0 (Windows NT 10.0; Win64; x64) AppleWebKit/537.36 (KHTML, like Gecko) Chrome/76.0.3809.132 Safari/537.36)
[2019-09-10 12:00:20] ---- CONTENT: {data : "<?xml version='1.0' encoding='utf-8' ?><Request ID='20190910120020164'><General><Token>61111131252223224013000011333653</Token></General><Data></Data></Request>"}
[2019-09-10 12:00:24] 200 - OK - application/json
[2019-09-10 12:00:24] REQUEST POST - https://localhost:8082/public/ws/Economics.asmx/messaggi_summary
[2019-09-10 12:00:24] ---- FROM  ::1 (WinNT)
[2019-09-10 12:00:24] ---- BROWSER:  Chrome 76.0 (Mozilla/5.0 (Windows NT 10.0; Win64; x64) AppleWebKit/537.36 (KHTML, like Gecko) Chrome/76.0.3809.132 Safari/537.36)
[2019-09-10 12:00:24] ---- CONTENT: {data : "<?xml version='1.0' encoding='utf-8' ?><Request ID='20190910120024624'><General><Token>61111131252223224013000011333653</Token></General><Data></Data></Request>"}
[2019-09-10 12:00:24] 200 - OK - application/json
[2019-09-10 12:00:24] REQUEST POST - https://localhost:8082/public/ws/Config.asmx/All_Get
[2019-09-10 12:00:24] ---- FROM  ::1 (WinNT)
[2019-09-10 12:00:24] ---- BROWSER:  Chrome 76.0 (Mozilla/5.0 (Windows NT 10.0; Win64; x64) AppleWebKit/537.36 (KHTML, like Gecko) Chrome/76.0.3809.132 Safari/537.36)
[2019-09-10 12:00:24] ---- CONTENT: {data : "<?xml version='1.0' encoding='utf-8' ?><Request ID='20190910120024772'><General><Token>61111131252223224013000011333653</Token></General><Data></Data></Request>"}
[2019-09-10 12:00:24] 200 - OK - application/json
[2019-09-10 12:00:25] REQUEST POST - https://localhost:8082/public/ws/Config.asmx/All_Get
[2019-09-10 12:00:25] ---- FROM  ::1 (WinNT)
[2019-09-10 12:00:25] ---- BROWSER:  Chrome 76.0 (Mozilla/5.0 (Windows NT 10.0; Win64; x64) AppleWebKit/537.36 (KHTML, like Gecko) Chrome/76.0.3809.132 Safari/537.36)
[2019-09-10 12:00:25] ---- CONTENT: {data : "<?xml version='1.0' encoding='utf-8' ?><Request ID='2019091012002512'><General><Token>61111131252223224013000011333653</Token></General><Data></Data></Request>"}
[2019-09-10 12:00:25] 200 - OK - application/json
[2019-09-10 12:00:25] REQUEST POST - https://localhost:8082/public/ws/Config.asmx/All_Get
[2019-09-10 12:00:25] ---- FROM  ::1 (WinNT)
[2019-09-10 12:00:25] ---- BROWSER:  Chrome 76.0 (Mozilla/5.0 (Windows NT 10.0; Win64; x64) AppleWebKit/537.36 (KHTML, like Gecko) Chrome/76.0.3809.132 Safari/537.36)
[2019-09-10 12:00:25] ---- CONTENT: {data : "<?xml version='1.0' encoding='utf-8' ?><Request ID='20190910120025674'><General><Token>61111131252223224013000011333653</Token></General><Data></Data></Request>"}
[2019-09-10 12:00:25] 200 - OK - application/json
[2019-09-10 12:00:28] REQUEST GET - https://localhost:8082/settings/settings
[2019-09-10 12:00:28] ---- FROM  ::1 (WinNT)
[2019-09-10 12:00:28] ---- BROWSER:  Chrome 76.0 (Mozilla/5.0 (Windows NT 10.0; Win64; x64) AppleWebKit/537.36 (KHTML, like Gecko) Chrome/76.0.3809.132 Safari/537.36)
[2019-09-10 12:00:28] 200 - OK - text/html
[2019-09-10 12:00:35] REQUEST POST - https://localhost:8082/public/ws/General.asmx/Set
[2019-09-10 12:00:35] ---- FROM  ::1 (WinNT)
[2019-09-10 12:00:35] ---- BROWSER:  Chrome 76.0 (Mozilla/5.0 (Windows NT 10.0; Win64; x64) AppleWebKit/537.36 (KHTML, like Gecko) Chrome/76.0.3809.132 Safari/537.36)
[2019-09-10 12:00:35] ---- CONTENT: {data : "<?xml version='1.0' encoding='utf-8' ?><Request ID='2019091012003562'><General><Token>61111131252223224013000011333653</Token></General><Data><Nome></Nome><Logo>https%3A%2F%2Flocalhost%3A8082%2Fscratch%2Fpl_logo.png</Logo></Data></Request>"}
[2019-09-10 12:00:35] 200 - OK - application/json
[2019-09-10 12:00:35] REQUEST POST - https://localhost:8082/public/ws/Config.asmx/General_Get
[2019-09-10 12:00:35] ---- FROM  ::1 (WinNT)
[2019-09-10 12:00:35] ---- BROWSER:  Chrome 76.0 (Mozilla/5.0 (Windows NT 10.0; Win64; x64) AppleWebKit/537.36 (KHTML, like Gecko) Chrome/76.0.3809.132 Safari/537.36)
[2019-09-10 12:00:35] ---- CONTENT: {data : "<?xml version='1.0' encoding='utf-8' ?><Request ID='20190910120035221'><General><Token>61111131252223224013000011333653</Token></General><Data></Data></Request>"}
[2019-09-10 12:00:35] 200 - OK - application/json
[2019-09-10 12:00:35] REQUEST POST - https://localhost:8082/public/ws/Economics.asmx/messaggi_summary
[2019-09-10 12:00:35] ---- FROM  ::1 (WinNT)
[2019-09-10 12:00:35] ---- BROWSER:  Chrome 76.0 (Mozilla/5.0 (Windows NT 10.0; Win64; x64) AppleWebKit/537.36 (KHTML, like Gecko) Chrome/76.0.3809.132 Safari/537.36)
[2019-09-10 12:00:35] ---- CONTENT: {data : "<?xml version='1.0' encoding='utf-8' ?><Request ID='20190910120035552'><General><Token>61111131252223224013000011333653</Token></General><Data></Data></Request>"}
[2019-09-10 12:00:35] 200 - OK - application/json
[2019-09-10 12:00:35] REQUEST POST - https://localhost:8082/public/ws/Config.asmx/All_Get
[2019-09-10 12:00:35] ---- FROM  ::1 (WinNT)
[2019-09-10 12:00:35] ---- BROWSER:  Chrome 76.0 (Mozilla/5.0 (Windows NT 10.0; Win64; x64) AppleWebKit/537.36 (KHTML, like Gecko) Chrome/76.0.3809.132 Safari/537.36)
[2019-09-10 12:00:35] ---- CONTENT: {data : "<?xml version='1.0' encoding='utf-8' ?><Request ID='20190910120035687'><General><Token>61111131252223224013000011333653</Token></General><Data></Data></Request>"}
[2019-09-10 12:00:35] 200 - OK - application/json
[2019-09-10 12:00:35] REQUEST POST - https://localhost:8082/public/ws/Config.asmx/All_Get
[2019-09-10 12:00:35] ---- FROM  ::1 (WinNT)
[2019-09-10 12:00:35] ---- BROWSER:  Chrome 76.0 (Mozilla/5.0 (Windows NT 10.0; Win64; x64) AppleWebKit/537.36 (KHTML, like Gecko) Chrome/76.0.3809.132 Safari/537.36)
[2019-09-10 12:00:35] ---- CONTENT: {data : "<?xml version='1.0' encoding='utf-8' ?><Request ID='20190910120035924'><General><Token>61111131252223224013000011333653</Token></General><Data></Data></Request>"}
[2019-09-10 12:00:35] 200 - OK - application/json
[2019-09-10 12:00:36] REQUEST POST - https://localhost:8082/public/ws/Config.asmx/All_Get
[2019-09-10 12:00:36] ---- FROM  ::1 (WinNT)
[2019-09-10 12:00:36] ---- BROWSER:  Chrome 76.0 (Mozilla/5.0 (Windows NT 10.0; Win64; x64) AppleWebKit/537.36 (KHTML, like Gecko) Chrome/76.0.3809.132 Safari/537.36)
[2019-09-10 12:00:36] ---- CONTENT: {data : "<?xml version='1.0' encoding='utf-8' ?><Request ID='20190910120036971'><General><Token>61111131252223224013000011333653</Token></General><Data></Data></Request>"}
[2019-09-10 12:00:36] 200 - OK - application/json
[2019-09-10 12:00:37] REQUEST GET - https://localhost:8082/public/ws/Resources.ashx/xml-general
[2019-09-10 12:00:37] ---- FROM  ::1 (WinNT)
[2019-09-10 12:00:37] ---- BROWSER:  Chrome 76.0 (Mozilla/5.0 (Windows NT 10.0; Win64; x64) AppleWebKit/537.36 (KHTML, like Gecko) Chrome/76.0.3809.132 Safari/537.36)
[2019-09-10 12:00:37] 200 - OK - text/xml
[2019-09-10 12:00:37] REQUEST GET - https://localhost:8082/public/ws/Resources.ashx/xml-general
[2019-09-10 12:00:37] ---- FROM  ::1 (WinNT)
[2019-09-10 12:00:37] ---- BROWSER:  Chrome 76.0 (Mozilla/5.0 (Windows NT 10.0; Win64; x64) AppleWebKit/537.36 (KHTML, like Gecko) Chrome/76.0.3809.132 Safari/537.36)
[2019-09-10 12:00:37] 200 - OK - text/xml
[2019-09-10 12:00:41] REQUEST GET - https://localhost:8082/home/welcome
[2019-09-10 12:00:41] ---- FROM  ::1 (WinNT)
[2019-09-10 12:00:41] ---- BROWSER:  Chrome 76.0 (Mozilla/5.0 (Windows NT 10.0; Win64; x64) AppleWebKit/537.36 (KHTML, like Gecko) Chrome/76.0.3809.132 Safari/537.36)
[2019-09-10 12:00:43] 200 - OK - text/html
[2019-09-10 12:00:50] REQUEST POST - https://localhost:8082/public/ws/General.asmx/Set
[2019-09-10 12:00:50] ---- FROM  ::1 (WinNT)
[2019-09-10 12:00:50] ---- BROWSER:  Chrome 76.0 (Mozilla/5.0 (Windows NT 10.0; Win64; x64) AppleWebKit/537.36 (KHTML, like Gecko) Chrome/76.0.3809.132 Safari/537.36)
[2019-09-10 12:00:50] ---- CONTENT: {data : "<?xml version='1.0' encoding='utf-8' ?><Request ID='20190910120050558'><General><Token>61111131252223224013000011333653</Token></General><Data><Nome>Business Plan Test nr. 2</Nome><Logo>https%3A%2F%2Flocalhost%3A8082%2Fscratch%2Fpl_logo.png</Logo></Data></Request>"}
[2019-09-10 12:00:50] 200 - OK - application/json
[2019-09-10 12:00:50] REQUEST POST - https://localhost:8082/public/ws/Config.asmx/Economics_Get
[2019-09-10 12:00:50] ---- FROM  ::1 (WinNT)
[2019-09-10 12:00:50] ---- BROWSER:  Chrome 76.0 (Mozilla/5.0 (Windows NT 10.0; Win64; x64) AppleWebKit/537.36 (KHTML, like Gecko) Chrome/76.0.3809.132 Safari/537.36)
[2019-09-10 12:00:50] ---- CONTENT: {data : "<?xml version='1.0' encoding='utf-8' ?><Request ID='20190910120050741'><General><Token>61111131252223224013000011333653</Token></General><Data></Data></Request>"}
[2019-09-10 12:00:52] 200 - OK - application/json
[2019-09-10 12:00:53] REQUEST POST - https://localhost:8082/public/ws/Config.asmx/All_Get
[2019-09-10 12:00:53] ---- FROM  ::1 (WinNT)
[2019-09-10 12:00:53] ---- BROWSER:  Chrome 76.0 (Mozilla/5.0 (Windows NT 10.0; Win64; x64) AppleWebKit/537.36 (KHTML, like Gecko) Chrome/76.0.3809.132 Safari/537.36)
[2019-09-10 12:00:53] ---- CONTENT: {data : "<?xml version='1.0' encoding='utf-8' ?><Request ID='2019091012005397'><General><Token>61111131252223224013000011333653</Token></General><Data></Data></Request>"}
[2019-09-10 12:00:53] 200 - OK - application/json
[2019-09-10 12:00:53] REQUEST POST - https://localhost:8082/public/ws/Economics.asmx/messaggi_summary
[2019-09-10 12:00:53] ---- FROM  ::1 (WinNT)
[2019-09-10 12:00:53] ---- BROWSER:  Chrome 76.0 (Mozilla/5.0 (Windows NT 10.0; Win64; x64) AppleWebKit/537.36 (KHTML, like Gecko) Chrome/76.0.3809.132 Safari/537.36)
[2019-09-10 12:00:53] ---- CONTENT: {data : "<?xml version='1.0' encoding='utf-8' ?><Request ID='20190910120053130'><General><Token>61111131252223224013000011333653</Token></General><Data></Data></Request>"}
[2019-09-10 12:00:53] 200 - OK - application/json
[2019-09-10 12:00:53] REQUEST POST - https://localhost:8082/public/ws/Config.asmx/All_Get
[2019-09-10 12:00:53] ---- FROM  ::1 (WinNT)
[2019-09-10 12:00:53] ---- BROWSER:  Chrome 76.0 (Mozilla/5.0 (Windows NT 10.0; Win64; x64) AppleWebKit/537.36 (KHTML, like Gecko) Chrome/76.0.3809.132 Safari/537.36)
[2019-09-10 12:00:53] ---- CONTENT: {data : "<?xml version='1.0' encoding='utf-8' ?><Request ID='20190910120053884'><General><Token>61111131252223224013000011333653</Token></General><Data></Data></Request>"}
[2019-09-10 12:00:53] 200 - OK - application/json
[2019-09-10 12:00:54] REQUEST POST - https://localhost:8082/public/ws/Config.asmx/All_Get
[2019-09-10 12:00:54] ---- FROM  ::1 (WinNT)
[2019-09-10 12:00:54] ---- BROWSER:  Chrome 76.0 (Mozilla/5.0 (Windows NT 10.0; Win64; x64) AppleWebKit/537.36 (KHTML, like Gecko) Chrome/76.0.3809.132 Safari/537.36)
[2019-09-10 12:00:54] ---- CONTENT: {data : "<?xml version='1.0' encoding='utf-8' ?><Request ID='20190910120054277'><General><Token>61111131252223224013000011333653</Token></General><Data></Data></Request>"}
[2019-09-10 12:00:54] 200 - OK - application/json
[2019-09-10 12:01:06] REQUEST POST - https://localhost:8082/public/aspx/Home.aspx
[2019-09-10 12:01:06] ---- FROM  ::1 (WinNT)
[2019-09-10 12:01:06] ---- BROWSER:  Chrome 76.0 (Mozilla/5.0 (Windows NT 10.0; Win64; x64) AppleWebKit/537.36 (KHTML, like Gecko) Chrome/76.0.3809.132 Safari/537.36)
[2019-09-10 12:01:06] ---- CONTENT: Token%3D21111141252224224017000011333853%26TokenApiRest%3DeyJ0eXAiOiJKV1QiLCJhbGciOiJIUzI1NiJ9.eyJpc3MiOiJodHRwczpcL1wvd3d3cy5kZXYteWVhcC5pdCIsImlhdCI6MTU0MjI5NDMyMSwibmJmIjoxNTQyMjk0MzIxLCJleHAiOjE1NDI4OTkxMjEsImRhdGEiOnsidXNlciI6eyJpZCI6IjQ0In19fQ.RCP5OeoGASxAyBw1MbMD4BFJAcDM5JIXqYXKBALZcJI%26Logo%3Dhttps%3A%2F%2Flocalhost%3A8082%2Fscratch%2Fpl_logo.png%26Title%3DBusiness+Plan+Test+nr.+3=
[2019-09-10 12:01:21] 302 - Found - text/html
[2019-09-10 12:01:21] REQUEST GET - https://localhost:8082/home/welcome
[2019-09-10 12:01:21] ---- FROM  ::1 (WinNT)
[2019-09-10 12:01:21] ---- BROWSER:  Chrome 76.0 (Mozilla/5.0 (Windows NT 10.0; Win64; x64) AppleWebKit/537.36 (KHTML, like Gecko) Chrome/76.0.3809.132 Safari/537.36)
[2019-09-10 12:01:26] 200 - OK - text/html
[2019-09-10 12:01:34] REQUEST POST - https://localhost:8082/public/ws/General.asmx/Set
[2019-09-10 12:01:34] ---- FROM  ::1 (WinNT)
[2019-09-10 12:01:34] ---- BROWSER:  Chrome 76.0 (Mozilla/5.0 (Windows NT 10.0; Win64; x64) AppleWebKit/537.36 (KHTML, like Gecko) Chrome/76.0.3809.132 Safari/537.36)
[2019-09-10 12:01:34] ---- CONTENT: {data : "<?xml version='1.0' encoding='utf-8' ?><Request ID='20190910120134724'><General><Token>21111141252224224017000011333853</Token></General><Data><Nome>Business Plan Test nr. 3</Nome><Logo>https%3A%2F%2Flocalhost%3A8082%2Fscratch%2Fpl_logo.png</Logo></Data></Request>"}
[2019-09-10 12:01:34] 200 - OK - application/json
[2019-09-10 12:01:34] REQUEST POST - https://localhost:8082/public/ws/Config.asmx/Economics_Get
[2019-09-10 12:01:34] ---- FROM  ::1 (WinNT)
[2019-09-10 12:01:34] ---- BROWSER:  Chrome 76.0 (Mozilla/5.0 (Windows NT 10.0; Win64; x64) AppleWebKit/537.36 (KHTML, like Gecko) Chrome/76.0.3809.132 Safari/537.36)
[2019-09-10 12:01:34] ---- CONTENT: {data : "<?xml version='1.0' encoding='utf-8' ?><Request ID='20190910120134902'><General><Token>21111141252224224017000011333853</Token></General><Data></Data></Request>"}
[2019-09-10 12:01:40] 200 - OK - application/json
[2019-09-10 12:01:41] REQUEST POST - https://localhost:8082/public/ws/Economics.asmx/messaggi_summary
[2019-09-10 12:01:41] ---- FROM  ::1 (WinNT)
[2019-09-10 12:01:41] ---- BROWSER:  Chrome 76.0 (Mozilla/5.0 (Windows NT 10.0; Win64; x64) AppleWebKit/537.36 (KHTML, like Gecko) Chrome/76.0.3809.132 Safari/537.36)
[2019-09-10 12:01:41] ---- CONTENT: {data : "<?xml version='1.0' encoding='utf-8' ?><Request ID='2019091012014157'><General><Token>21111141252224224017000011333853</Token></General><Data></Data></Request>"}
[2019-09-10 12:01:41] 200 - OK - application/json
[2019-09-10 12:01:41] REQUEST POST - https://localhost:8082/public/ws/Config.asmx/All_Get
[2019-09-10 12:01:41] ---- FROM  ::1 (WinNT)
[2019-09-10 12:01:41] ---- BROWSER:  Chrome 76.0 (Mozilla/5.0 (Windows NT 10.0; Win64; x64) AppleWebKit/537.36 (KHTML, like Gecko) Chrome/76.0.3809.132 Safari/537.36)
[2019-09-10 12:01:41] ---- CONTENT: {data : "<?xml version='1.0' encoding='utf-8' ?><Request ID='20190910120141241'><General><Token>21111141252224224017000011333853</Token></General><Data></Data></Request>"}
[2019-09-10 12:01:41] 200 - OK - application/json
[2019-09-10 12:01:41] REQUEST POST - https://localhost:8082/public/ws/Config.asmx/All_Get
[2019-09-10 12:01:41] ---- FROM  ::1 (WinNT)
[2019-09-10 12:01:41] ---- BROWSER:  Chrome 76.0 (Mozilla/5.0 (Windows NT 10.0; Win64; x64) AppleWebKit/537.36 (KHTML, like Gecko) Chrome/76.0.3809.132 Safari/537.36)
[2019-09-10 12:01:41] ---- CONTENT: {data : "<?xml version='1.0' encoding='utf-8' ?><Request ID='20190910120141739'><General><Token>21111141252224224017000011333853</Token></General><Data></Data></Request>"}
[2019-09-10 12:01:42] 200 - OK - application/json
[2019-09-10 12:01:42] REQUEST POST - https://localhost:8082/public/ws/Config.asmx/All_Get
[2019-09-10 12:01:42] ---- FROM  ::1 (WinNT)
[2019-09-10 12:01:42] ---- BROWSER:  Chrome 76.0 (Mozilla/5.0 (Windows NT 10.0; Win64; x64) AppleWebKit/537.36 (KHTML, like Gecko) Chrome/76.0.3809.132 Safari/537.36)
[2019-09-10 12:01:42] ---- CONTENT: {data : "<?xml version='1.0' encoding='utf-8' ?><Request ID='20190910120142651'><General><Token>21111141252224224017000011333853</Token></General><Data></Data></Request>"}
[2019-09-10 12:01:42] 200 - OK - application/json
[2019-09-10 12:02:10] REQUEST POST - https://localhost:8082/public/aspx/Home.aspx
[2019-09-10 12:02:10] ---- FROM  ::1 (WinNT)
[2019-09-10 12:02:10] ---- BROWSER:  Chrome 76.0 (Mozilla/5.0 (Windows NT 10.0; Win64; x64) AppleWebKit/537.36 (KHTML, like Gecko) Chrome/76.0.3809.132 Safari/537.36)
[2019-09-10 12:02:10] ---- CONTENT: Token%3D11111121252221224018000011333353%26TokenApiRest%3DeyJ0eXAiOiJKV1QiLCJhbGciOiJIUzI1NiJ9.eyJpc3MiOiJodHRwczpcL1wvd3d3cy5kZXYteWVhcC5pdCIsImlhdCI6MTU0MjI5NDMyMSwibmJmIjoxNTQyMjk0MzIxLCJleHAiOjE1NDI4OTkxMjEsImRhdGEiOnsidXNlciI6eyJpZCI6IjQ0In19fQ.RCP5OeoGASxAyBw1MbMD4BFJAcDM5JIXqYXKBALZcJI%26Logo%3Dhttps%3A%2F%2Flocalhost%3A8082%2Fscratch%2Fpl_logo.png%26Title%3DBusiness+Plan+Test+nr.+1=
[2019-09-10 12:02:25] 302 - Found - text/html
[2019-09-10 12:02:25] REQUEST GET - https://localhost:8082/home/welcome
[2019-09-10 12:02:25] ---- FROM  ::1 (WinNT)
[2019-09-10 12:02:25] ---- BROWSER:  Chrome 76.0 (Mozilla/5.0 (Windows NT 10.0; Win64; x64) AppleWebKit/537.36 (KHTML, like Gecko) Chrome/76.0.3809.132 Safari/537.36)
[2019-09-10 12:02:25] 200 - OK - text/html
[2019-09-10 12:02:35] REQUEST POST - https://localhost:8082/public/ws/General.asmx/Set
[2019-09-10 12:02:35] ---- FROM  ::1 (WinNT)
[2019-09-10 12:02:35] ---- BROWSER:  Chrome 76.0 (Mozilla/5.0 (Windows NT 10.0; Win64; x64) AppleWebKit/537.36 (KHTML, like Gecko) Chrome/76.0.3809.132 Safari/537.36)
[2019-09-10 12:02:35] ---- CONTENT: {data : "<?xml version='1.0' encoding='utf-8' ?><Request ID='20190910120235667'><General><Token>11111121252221224018000011333353</Token></General><Data><Nome>Business Plan Test nr. 1</Nome><Logo>https%3A%2F%2Flocalhost%3A8082%2Fscratch%2Fpl_logo.png</Logo></Data></Request>"}
[2019-09-10 12:02:35] 200 - OK - application/json
[2019-09-10 12:02:36] REQUEST POST - https://localhost:8082/public/ws/Config.asmx/Economics_Get
[2019-09-10 12:02:36] ---- FROM  ::1 (WinNT)
[2019-09-10 12:02:36] ---- BROWSER:  Chrome 76.0 (Mozilla/5.0 (Windows NT 10.0; Win64; x64) AppleWebKit/537.36 (KHTML, like Gecko) Chrome/76.0.3809.132 Safari/537.36)
[2019-09-10 12:02:36] ---- CONTENT: {data : "<?xml version='1.0' encoding='utf-8' ?><Request ID='201909101202361'><General><Token>11111121252221224018000011333353</Token></General><Data></Data></Request>"}
[2019-09-10 12:02:36] 200 - OK - application/json
[2019-09-10 12:02:36] REQUEST POST - https://localhost:8082/public/ws/Economics.asmx/messaggi_summary
[2019-09-10 12:02:36] ---- FROM  ::1 (WinNT)
[2019-09-10 12:02:36] ---- BROWSER:  Chrome 76.0 (Mozilla/5.0 (Windows NT 10.0; Win64; x64) AppleWebKit/537.36 (KHTML, like Gecko) Chrome/76.0.3809.132 Safari/537.36)
[2019-09-10 12:02:36] ---- CONTENT: {data : "<?xml version='1.0' encoding='utf-8' ?><Request ID='20190910120236410'><General><Token>11111121252221224018000011333353</Token></General><Data></Data></Request>"}
[2019-09-10 12:02:36] 200 - OK - application/json
[2019-09-10 12:02:36] REQUEST POST - https://localhost:8082/public/ws/Config.asmx/All_Get
[2019-09-10 12:02:36] ---- FROM  ::1 (WinNT)
[2019-09-10 12:02:36] ---- BROWSER:  Chrome 76.0 (Mozilla/5.0 (Windows NT 10.0; Win64; x64) AppleWebKit/537.36 (KHTML, like Gecko) Chrome/76.0.3809.132 Safari/537.36)
[2019-09-10 12:02:36] ---- CONTENT: {data : "<?xml version='1.0' encoding='utf-8' ?><Request ID='20190910120236611'><General><Token>11111121252221224018000011333353</Token></General><Data></Data></Request>"}
[2019-09-10 12:02:36] 200 - OK - application/json
[2019-09-10 12:02:37] REQUEST POST - https://localhost:8082/public/ws/Config.asmx/All_Get
[2019-09-10 12:02:37] ---- FROM  ::1 (WinNT)
[2019-09-10 12:02:37] ---- BROWSER:  Chrome 76.0 (Mozilla/5.0 (Windows NT 10.0; Win64; x64) AppleWebKit/537.36 (KHTML, like Gecko) Chrome/76.0.3809.132 Safari/537.36)
[2019-09-10 12:02:37] ---- CONTENT: {data : "<?xml version='1.0' encoding='utf-8' ?><Request ID='2019091012023758'><General><Token>11111121252221224018000011333353</Token></General><Data></Data></Request>"}
[2019-09-10 12:02:37] 200 - OK - application/json
[2019-09-10 12:02:37] REQUEST POST - https://localhost:8082/public/ws/Config.asmx/All_Get
[2019-09-10 12:02:37] ---- FROM  ::1 (WinNT)
[2019-09-10 12:02:37] ---- BROWSER:  Chrome 76.0 (Mozilla/5.0 (Windows NT 10.0; Win64; x64) AppleWebKit/537.36 (KHTML, like Gecko) Chrome/76.0.3809.132 Safari/537.36)
[2019-09-10 12:02:37] ---- CONTENT: {data : "<?xml version='1.0' encoding='utf-8' ?><Request ID='20190910120237942'><General><Token>11111121252221224018000011333353</Token></General><Data></Data></Request>"}
[2019-09-10 12:02:37] 200 - OK - application/json
[2019-09-10 12:02:49] REQUEST POST - https://localhost:8082/public/aspx/Home.aspx
[2019-09-10 12:02:49] ---- FROM  ::1 (WinNT)
[2019-09-10 12:02:49] ---- BROWSER:  Chrome 76.0 (Mozilla/5.0 (Windows NT 10.0; Win64; x64) AppleWebKit/537.36 (KHTML, like Gecko) Chrome/76.0.3809.132 Safari/537.36)
[2019-09-10 12:02:49] ---- CONTENT: Token%3D60000139450000094013467573981422%26TokenApiRest%3DeyJ0eXAiOiJKV1QiLCJhbGciOiJIUzI1NiJ9.eyJpc3MiOiJodHRwczpcL1wvd3d3cy5kZXYteWVhcC5pdCIsImlhdCI6MTU1MjMwMTY4MywibmJmIjoxNTUyMzAxNjgzLCJleHAiOjE1NTI5MDY0ODMsImRhdGEiOnsidXNlciI6eyJpZCI6IjQ0In19fQ.aX_vXJXGvPzWJBycwNYjWBuqYaIu5plasU_PclRlgVI%26Logo%3Dhttps%3A%2F%2Flocalhost%3A8082%2Fscratch%2Fpl_logo.png%26Title%3DBusiness+Plan+Test+nuovo=
[2019-09-10 12:02:50] 302 - Found - text/html
[2019-09-10 12:02:50] REQUEST GET - https://localhost:8082/home/welcome
[2019-09-10 12:02:50] ---- FROM  ::1 (WinNT)
[2019-09-10 12:02:50] ---- BROWSER:  Chrome 76.0 (Mozilla/5.0 (Windows NT 10.0; Win64; x64) AppleWebKit/537.36 (KHTML, like Gecko) Chrome/76.0.3809.132 Safari/537.36)
[2019-09-10 12:02:50] 200 - OK - text/html
[2019-09-10 12:03:01] REQUEST POST - https://localhost:8082/public/ws/General.asmx/Set
[2019-09-10 12:03:01] ---- FROM  ::1 (WinNT)
[2019-09-10 12:03:01] ---- BROWSER:  Chrome 76.0 (Mozilla/5.0 (Windows NT 10.0; Win64; x64) AppleWebKit/537.36 (KHTML, like Gecko) Chrome/76.0.3809.132 Safari/537.36)
[2019-09-10 12:03:01] ---- CONTENT: {data : "<?xml version='1.0' encoding='utf-8' ?><Request ID='2019091012030171'><General><Token>60000139450000094013467573981422</Token></General><Data><Nome>Business Plan Test nuovo</Nome><Logo>https%3A%2F%2Flocalhost%3A8082%2Fscratch%2Fpl_logo.png</Logo></Data></Request>"}
[2019-09-10 12:03:01] 200 - OK - application/json
[2019-09-10 12:03:01] REQUEST POST - https://localhost:8082/public/ws/Config.asmx/Economics_Get
[2019-09-10 12:03:01] ---- FROM  ::1 (WinNT)
[2019-09-10 12:03:01] ---- BROWSER:  Chrome 76.0 (Mozilla/5.0 (Windows NT 10.0; Win64; x64) AppleWebKit/537.36 (KHTML, like Gecko) Chrome/76.0.3809.132 Safari/537.36)
[2019-09-10 12:03:01] ---- CONTENT: {data : "<?xml version='1.0' encoding='utf-8' ?><Request ID='20190910120301498'><General><Token>60000139450000094013467573981422</Token></General><Data></Data></Request>"}
[2019-09-10 12:03:02] 200 - OK - application/json
[2019-09-10 12:03:02] REQUEST POST - https://localhost:8082/public/ws/Config.asmx/All_Get
[2019-09-10 12:03:02] ---- FROM  ::1 (WinNT)
[2019-09-10 12:03:02] ---- BROWSER:  Chrome 76.0 (Mozilla/5.0 (Windows NT 10.0; Win64; x64) AppleWebKit/537.36 (KHTML, like Gecko) Chrome/76.0.3809.132 Safari/537.36)
[2019-09-10 12:03:02] ---- CONTENT: {data : "<?xml version='1.0' encoding='utf-8' ?><Request ID='20190910120302541'><General><Token>60000139450000094013467573981422</Token></General><Data></Data></Request>"}
[2019-09-10 12:03:02] REQUEST POST - https://localhost:8082/public/ws/Economics.asmx/messaggi_summary
[2019-09-10 12:03:02] ---- FROM  ::1 (WinNT)
[2019-09-10 12:03:02] ---- BROWSER:  Chrome 76.0 (Mozilla/5.0 (Windows NT 10.0; Win64; x64) AppleWebKit/537.36 (KHTML, like Gecko) Chrome/76.0.3809.132 Safari/537.36)
[2019-09-10 12:03:02] ---- CONTENT: {data : "<?xml version='1.0' encoding='utf-8' ?><Request ID='20190910120302573'><General><Token>60000139450000094013467573981422</Token></General><Data></Data></Request>"}
[2019-09-10 12:03:03] 200 - OK - application/json
[2019-09-10 12:03:03] 200 - OK - application/json
[2019-09-10 12:03:04] REQUEST POST - https://localhost:8082/public/ws/Config.asmx/All_Get
[2019-09-10 12:03:04] ---- FROM  ::1 (WinNT)
[2019-09-10 12:03:04] ---- BROWSER:  Chrome 76.0 (Mozilla/5.0 (Windows NT 10.0; Win64; x64) AppleWebKit/537.36 (KHTML, like Gecko) Chrome/76.0.3809.132 Safari/537.36)
[2019-09-10 12:03:04] ---- CONTENT: {data : "<?xml version='1.0' encoding='utf-8' ?><Request ID='20190910120304185'><General><Token>60000139450000094013467573981422</Token></General><Data></Data></Request>"}
[2019-09-10 12:03:04] REQUEST POST - https://localhost:8082/public/ws/Config.asmx/All_Get
[2019-09-10 12:03:04] ---- FROM  ::1 (WinNT)
[2019-09-10 12:03:04] ---- BROWSER:  Chrome 76.0 (Mozilla/5.0 (Windows NT 10.0; Win64; x64) AppleWebKit/537.36 (KHTML, like Gecko) Chrome/76.0.3809.132 Safari/537.36)
[2019-09-10 12:03:04] ---- CONTENT: {data : "<?xml version='1.0' encoding='utf-8' ?><Request ID='20190910120304240'><General><Token>60000139450000094013467573981422</Token></General><Data></Data></Request>"}
[2019-09-10 12:03:05] 200 - OK - application/json
[2019-09-10 12:03:05] 200 - OK - application/json
[2019-09-10 12:04:19] REQUEST POST - https://localhost:8082/public/aspx/Home.aspx
[2019-09-10 12:04:19] ---- FROM  ::1 (WinNT)
[2019-09-10 12:04:19] ---- BROWSER:  Chrome 76.0 (Mozilla/5.0 (Windows NT 10.0; Win64; x64) AppleWebKit/537.36 (KHTML, like Gecko) Chrome/76.0.3809.132 Safari/537.36)
[2019-09-10 12:04:19] ---- CONTENT: Token%3D60000139450000094013467573981422%26TokenApiRest%3DeyJ0eXAiOiJKV1QiLCJhbGciOiJIUzI1NiJ9.eyJpc3MiOiJodHRwczpcL1wvd3d3cy5kZXYteWVhcC5pdCIsImlhdCI6MTU1MjMwMTY4MywibmJmIjoxNTUyMzAxNjgzLCJleHAiOjE1NTI5MDY0ODMsImRhdGEiOnsidXNlciI6eyJpZCI6IjQ0In19fQ.aX_vXJXGvPzWJBycwNYjWBuqYaIu5plasU_PclRlgVI%26Logo%3Dhttps%3A%2F%2Flocalhost%3A8082%2Fscratch%2Fpl_logo.png%26Title%3DBusiness+Plan+Test+nuovo=
[2019-09-10 12:04:25] 302 - Found - text/html
[2019-09-10 12:04:25] REQUEST GET - https://localhost:8082/home/welcome
[2019-09-10 12:04:25] ---- FROM  ::1 (WinNT)
[2019-09-10 12:04:25] ---- BROWSER:  Chrome 76.0 (Mozilla/5.0 (Windows NT 10.0; Win64; x64) AppleWebKit/537.36 (KHTML, like Gecko) Chrome/76.0.3809.132 Safari/537.36)
[2019-09-10 12:04:25] 200 - OK - text/html
[2019-09-10 12:04:38] REQUEST POST - https://localhost:8082/public/ws/General.asmx/Set
[2019-09-10 12:04:38] ---- FROM  ::1 (WinNT)
[2019-09-10 12:04:38] ---- BROWSER:  Chrome 76.0 (Mozilla/5.0 (Windows NT 10.0; Win64; x64) AppleWebKit/537.36 (KHTML, like Gecko) Chrome/76.0.3809.132 Safari/537.36)
[2019-09-10 12:04:38] ---- CONTENT: {data : "<?xml version='1.0' encoding='utf-8' ?><Request ID='2019091012043899'><General><Token>60000139450000094013467573981422</Token></General><Data><Nome>Business Plan Test nuovo</Nome><Logo>https%3A%2F%2Flocalhost%3A8082%2Fscratch%2Fpl_logo.png</Logo></Data></Request>"}
[2019-09-10 12:04:38] 200 - OK - application/json
[2019-09-10 12:04:38] REQUEST POST - https://localhost:8082/public/ws/Config.asmx/Economics_Get
[2019-09-10 12:04:38] ---- FROM  ::1 (WinNT)
[2019-09-10 12:04:38] ---- BROWSER:  Chrome 76.0 (Mozilla/5.0 (Windows NT 10.0; Win64; x64) AppleWebKit/537.36 (KHTML, like Gecko) Chrome/76.0.3809.132 Safari/537.36)
[2019-09-10 12:04:38] ---- CONTENT: {data : "<?xml version='1.0' encoding='utf-8' ?><Request ID='20190910120438510'><General><Token>60000139450000094013467573981422</Token></General><Data></Data></Request>"}
[2019-09-10 12:04:39] 200 - OK - application/json
[2019-09-10 12:04:39] REQUEST POST - https://localhost:8082/public/ws/Config.asmx/All_Get
[2019-09-10 12:04:39] ---- FROM  ::1 (WinNT)
[2019-09-10 12:04:39] ---- BROWSER:  Chrome 76.0 (Mozilla/5.0 (Windows NT 10.0; Win64; x64) AppleWebKit/537.36 (KHTML, like Gecko) Chrome/76.0.3809.132 Safari/537.36)
[2019-09-10 12:04:39] ---- CONTENT: {data : "<?xml version='1.0' encoding='utf-8' ?><Request ID='20190910120439663'><General><Token>60000139450000094013467573981422</Token></General><Data></Data></Request>"}
[2019-09-10 12:04:39] REQUEST POST - https://localhost:8082/public/ws/Economics.asmx/messaggi_summary
[2019-09-10 12:04:39] ---- FROM  ::1 (WinNT)
[2019-09-10 12:04:39] ---- BROWSER:  Chrome 76.0 (Mozilla/5.0 (Windows NT 10.0; Win64; x64) AppleWebKit/537.36 (KHTML, like Gecko) Chrome/76.0.3809.132 Safari/537.36)
[2019-09-10 12:04:39] ---- CONTENT: {data : "<?xml version='1.0' encoding='utf-8' ?><Request ID='20190910120439688'><General><Token>60000139450000094013467573981422</Token></General><Data></Data></Request>"}
[2019-09-10 12:04:40] 200 - OK - application/json
[2019-09-10 12:04:40] 200 - OK - application/json
[2019-09-10 12:04:41] REQUEST POST - https://localhost:8082/public/ws/Config.asmx/All_Get
[2019-09-10 12:04:41] ---- FROM  ::1 (WinNT)
[2019-09-10 12:04:41] ---- BROWSER:  Chrome 76.0 (Mozilla/5.0 (Windows NT 10.0; Win64; x64) AppleWebKit/537.36 (KHTML, like Gecko) Chrome/76.0.3809.132 Safari/537.36)
[2019-09-10 12:04:41] ---- CONTENT: {data : "<?xml version='1.0' encoding='utf-8' ?><Request ID='20190910120441444'><General><Token>60000139450000094013467573981422</Token></General><Data></Data></Request>"}
[2019-09-10 12:04:41] REQUEST POST - https://localhost:8082/public/ws/Config.asmx/All_Get
[2019-09-10 12:04:41] ---- FROM  ::1 (WinNT)
[2019-09-10 12:04:41] ---- BROWSER:  Chrome 76.0 (Mozilla/5.0 (Windows NT 10.0; Win64; x64) AppleWebKit/537.36 (KHTML, like Gecko) Chrome/76.0.3809.132 Safari/537.36)
[2019-09-10 12:04:41] ---- CONTENT: {data : "<?xml version='1.0' encoding='utf-8' ?><Request ID='20190910120441502'><General><Token>60000139450000094013467573981422</Token></General><Data></Data></Request>"}
[2019-09-10 12:04:42] 200 - OK - application/json
[2019-09-10 12:04:42] 200 - OK - application/json
[2019-09-10 12:07:15] REQUEST POST - https://localhost:8082/public/aspx/Home.aspx
[2019-09-10 12:07:15] ---- FROM  ::1 (WinNT)
[2019-09-10 12:07:15] ---- BROWSER:  Chrome 76.0 (Mozilla/5.0 (Windows NT 10.0; Win64; x64) AppleWebKit/537.36 (KHTML, like Gecko) Chrome/76.0.3809.132 Safari/537.36)
[2019-09-10 12:07:15] ---- CONTENT: Token%3D61111131252223224013000011333653%26TokenApiRest%3DeyJ0eXAiOiJKV1QiLCJhbGciOiJIUzI1NiJ9.eyJpc3MiOiJodHRwczpcL1wvd3d3cy5kZXYteWVhcC5pdCIsImlhdCI6MTU0MjI5NDMyMSwibmJmIjoxNTQyMjk0MzIxLCJleHAiOjE1NDI4OTkxMjEsImRhdGEiOnsidXNlciI6eyJpZCI6IjQ0In19fQ.RCP5OeoGASxAyBw1MbMD4BFJAcDM5JIXqYXKBALZcJI%26Logo%3Dhttps%3A%2F%2Flocalhost%3A8082%2Fscratch%2Fpl_logo.png%26Title%3DBusiness+Plan+Test+nr.+2=
[2019-09-10 12:07:28] 302 - Found - text/html
[2019-09-10 12:07:28] REQUEST GET - https://localhost:8082/home/welcome
[2019-09-10 12:07:28] ---- FROM  ::1 (WinNT)
[2019-09-10 12:07:28] ---- BROWSER:  Chrome 76.0 (Mozilla/5.0 (Windows NT 10.0; Win64; x64) AppleWebKit/537.36 (KHTML, like Gecko) Chrome/76.0.3809.132 Safari/537.36)
[2019-09-10 12:07:33] 200 - OK - text/html
[2019-09-10 12:08:27] REQUEST GET - https://localhost:8082/home/welcome
[2019-09-10 12:08:27] ---- FROM  ::1 (WinNT)
[2019-09-10 12:08:27] ---- BROWSER:  Chrome 76.0 (Mozilla/5.0 (Windows NT 10.0; Win64; x64) AppleWebKit/537.36 (KHTML, like Gecko) Chrome/76.0.3809.132 Safari/537.36)
[2019-09-10 12:08:29] 200 - OK - text/html
[2019-09-10 12:08:43] REQUEST GET - https://localhost:8082/home/welcome
[2019-09-10 12:08:43] ---- FROM  ::1 (WinNT)
[2019-09-10 12:08:43] ---- BROWSER:  Chrome 76.0 (Mozilla/5.0 (Windows NT 10.0; Win64; x64) AppleWebKit/537.36 (KHTML, like Gecko) Chrome/76.0.3809.132 Safari/537.36)
[2019-09-10 12:08:45] 200 - OK - text/html
[2019-09-10 12:09:21] REQUEST GET - https://localhost:8082/home/welcome
[2019-09-10 12:09:21] ---- FROM  ::1 (WinNT)
[2019-09-10 12:09:21] ---- BROWSER:  Chrome 76.0 (Mozilla/5.0 (Windows NT 10.0; Win64; x64) AppleWebKit/537.36 (KHTML, like Gecko) Chrome/76.0.3809.132 Safari/537.36)
[2019-09-10 12:09:23] 200 - OK - text/html
[2019-09-10 12:09:29] REQUEST POST - https://localhost:8082/public/ws/General.asmx/Set
[2019-09-10 12:09:29] ---- FROM  ::1 (WinNT)
[2019-09-10 12:09:29] ---- BROWSER:  Chrome 76.0 (Mozilla/5.0 (Windows NT 10.0; Win64; x64) AppleWebKit/537.36 (KHTML, like Gecko) Chrome/76.0.3809.132 Safari/537.36)
[2019-09-10 12:09:29] ---- CONTENT: {data : "<?xml version='1.0' encoding='utf-8' ?><Request ID='20190910120929665'><General><Token>61111131252223224013000011333653</Token></General><Data><Nome>Business Plan Test nr. 2</Nome><Logo>https%3A%2F%2Flocalhost%3A8082%2Fscratch%2Fpl_logo.png</Logo></Data></Request>"}
[2019-09-10 12:09:29] 200 - OK - application/json
[2019-09-10 12:09:29] REQUEST POST - https://localhost:8082/public/ws/Config.asmx/Economics_Get
[2019-09-10 12:09:29] ---- FROM  ::1 (WinNT)
[2019-09-10 12:09:29] ---- BROWSER:  Chrome 76.0 (Mozilla/5.0 (Windows NT 10.0; Win64; x64) AppleWebKit/537.36 (KHTML, like Gecko) Chrome/76.0.3809.132 Safari/537.36)
[2019-09-10 12:09:29] ---- CONTENT: {data : "<?xml version='1.0' encoding='utf-8' ?><Request ID='20190910120929753'><General><Token>61111131252223224013000011333653</Token></General><Data></Data></Request>"}
[2019-09-10 12:09:29] 200 - OK - application/json
[2019-09-10 12:09:30] REQUEST POST - https://localhost:8082/public/ws/Economics.asmx/messaggi_summary
[2019-09-10 12:09:30] ---- FROM  ::1 (WinNT)
[2019-09-10 12:09:30] ---- BROWSER:  Chrome 76.0 (Mozilla/5.0 (Windows NT 10.0; Win64; x64) AppleWebKit/537.36 (KHTML, like Gecko) Chrome/76.0.3809.132 Safari/537.36)
[2019-09-10 12:09:30] ---- CONTENT: {data : "<?xml version='1.0' encoding='utf-8' ?><Request ID='20190910120930451'><General><Token>61111131252223224013000011333653</Token></General><Data></Data></Request>"}
[2019-09-10 12:09:30] 200 - OK - application/json
[2019-09-10 12:09:30] REQUEST POST - https://localhost:8082/public/ws/Config.asmx/All_Get
[2019-09-10 12:09:30] ---- FROM  ::1 (WinNT)
[2019-09-10 12:09:30] ---- BROWSER:  Chrome 76.0 (Mozilla/5.0 (Windows NT 10.0; Win64; x64) AppleWebKit/537.36 (KHTML, like Gecko) Chrome/76.0.3809.132 Safari/537.36)
[2019-09-10 12:09:30] ---- CONTENT: {data : "<?xml version='1.0' encoding='utf-8' ?><Request ID='20190910120930578'><General><Token>61111131252223224013000011333653</Token></General><Data></Data></Request>"}
[2019-09-10 12:09:30] 200 - OK - application/json
[2019-09-10 12:09:30] REQUEST POST - https://localhost:8082/public/ws/Config.asmx/All_Get
[2019-09-10 12:09:30] ---- FROM  ::1 (WinNT)
[2019-09-10 12:09:30] ---- BROWSER:  Chrome 76.0 (Mozilla/5.0 (Windows NT 10.0; Win64; x64) AppleWebKit/537.36 (KHTML, like Gecko) Chrome/76.0.3809.132 Safari/537.36)
[2019-09-10 12:09:30] ---- CONTENT: {data : "<?xml version='1.0' encoding='utf-8' ?><Request ID='20190910120930838'><General><Token>61111131252223224013000011333653</Token></General><Data></Data></Request>"}
[2019-09-10 12:09:30] 200 - OK - application/json
[2019-09-10 12:09:31] REQUEST POST - https://localhost:8082/public/ws/Config.asmx/All_Get
[2019-09-10 12:09:31] ---- FROM  ::1 (WinNT)
[2019-09-10 12:09:31] ---- BROWSER:  Chrome 76.0 (Mozilla/5.0 (Windows NT 10.0; Win64; x64) AppleWebKit/537.36 (KHTML, like Gecko) Chrome/76.0.3809.132 Safari/537.36)
[2019-09-10 12:09:31] ---- CONTENT: {data : "<?xml version='1.0' encoding='utf-8' ?><Request ID='20190910120931364'><General><Token>61111131252223224013000011333653</Token></General><Data></Data></Request>"}
[2019-09-10 12:09:31] 200 - OK - application/json
[2019-09-10 12:09:47] REQUEST GET - https://localhost:8082/home/welcome
[2019-09-10 12:09:47] ---- FROM  ::1 (WinNT)
[2019-09-10 12:09:47] ---- BROWSER:  Chrome 76.0 (Mozilla/5.0 (Windows NT 10.0; Win64; x64) AppleWebKit/537.36 (KHTML, like Gecko) Chrome/76.0.3809.132 Safari/537.36)
[2019-09-10 12:09:49] 200 - OK - text/html
[2019-09-10 12:09:57] REQUEST POST - https://localhost:8082/public/ws/General.asmx/Set
[2019-09-10 12:09:57] ---- FROM  ::1 (WinNT)
[2019-09-10 12:09:57] ---- BROWSER:  Chrome 76.0 (Mozilla/5.0 (Windows NT 10.0; Win64; x64) AppleWebKit/537.36 (KHTML, like Gecko) Chrome/76.0.3809.132 Safari/537.36)
[2019-09-10 12:09:57] ---- CONTENT: {data : "<?xml version='1.0' encoding='utf-8' ?><Request ID='2019091012095791'><General><Token>61111131252223224013000011333653</Token></General><Data><Nome>Business Plan Test nr. 2</Nome><Logo>https%3A%2F%2Flocalhost%3A8082%2Fscratch%2Fpl_logo.png</Logo></Data></Request>"}
[2019-09-10 12:09:57] 200 - OK - application/json
[2019-09-10 12:09:57] REQUEST POST - https://localhost:8082/public/ws/Config.asmx/Economics_Get
[2019-09-10 12:09:57] ---- FROM  ::1 (WinNT)
[2019-09-10 12:09:57] ---- BROWSER:  Chrome 76.0 (Mozilla/5.0 (Windows NT 10.0; Win64; x64) AppleWebKit/537.36 (KHTML, like Gecko) Chrome/76.0.3809.132 Safari/537.36)
[2019-09-10 12:09:57] ---- CONTENT: {data : "<?xml version='1.0' encoding='utf-8' ?><Request ID='20190910120957184'><General><Token>61111131252223224013000011333653</Token></General><Data></Data></Request>"}
[2019-09-10 12:09:57] 200 - OK - application/json
[2019-09-10 12:09:58] REQUEST POST - https://localhost:8082/public/ws/Economics.asmx/messaggi_summary
[2019-09-10 12:09:58] ---- FROM  ::1 (WinNT)
[2019-09-10 12:09:58] ---- BROWSER:  Chrome 76.0 (Mozilla/5.0 (Windows NT 10.0; Win64; x64) AppleWebKit/537.36 (KHTML, like Gecko) Chrome/76.0.3809.132 Safari/537.36)
[2019-09-10 12:09:58] ---- CONTENT: {data : "<?xml version='1.0' encoding='utf-8' ?><Request ID='2019091012095841'><General><Token>61111131252223224013000011333653</Token></General><Data></Data></Request>"}
[2019-09-10 12:09:58] 200 - OK - application/json
[2019-09-10 12:09:58] REQUEST POST - https://localhost:8082/public/ws/Config.asmx/All_Get
[2019-09-10 12:09:58] ---- FROM  ::1 (WinNT)
[2019-09-10 12:09:58] ---- BROWSER:  Chrome 76.0 (Mozilla/5.0 (Windows NT 10.0; Win64; x64) AppleWebKit/537.36 (KHTML, like Gecko) Chrome/76.0.3809.132 Safari/537.36)
[2019-09-10 12:09:58] ---- CONTENT: {data : "<?xml version='1.0' encoding='utf-8' ?><Request ID='20190910120958202'><General><Token>61111131252223224013000011333653</Token></General><Data></Data></Request>"}
[2019-09-10 12:09:58] 200 - OK - application/json
[2019-09-10 12:09:58] REQUEST POST - https://localhost:8082/public/ws/Config.asmx/All_Get
[2019-09-10 12:09:58] ---- FROM  ::1 (WinNT)
[2019-09-10 12:09:58] ---- BROWSER:  Chrome 76.0 (Mozilla/5.0 (Windows NT 10.0; Win64; x64) AppleWebKit/537.36 (KHTML, like Gecko) Chrome/76.0.3809.132 Safari/537.36)
[2019-09-10 12:09:58] ---- CONTENT: {data : "<?xml version='1.0' encoding='utf-8' ?><Request ID='20190910120958476'><General><Token>61111131252223224013000011333653</Token></General><Data></Data></Request>"}
[2019-09-10 12:09:58] 200 - OK - application/json
[2019-09-10 12:09:59] REQUEST POST - https://localhost:8082/public/ws/Config.asmx/All_Get
[2019-09-10 12:09:59] ---- FROM  ::1 (WinNT)
[2019-09-10 12:09:59] ---- BROWSER:  Chrome 76.0 (Mozilla/5.0 (Windows NT 10.0; Win64; x64) AppleWebKit/537.36 (KHTML, like Gecko) Chrome/76.0.3809.132 Safari/537.36)
[2019-09-10 12:09:59] ---- CONTENT: {data : "<?xml version='1.0' encoding='utf-8' ?><Request ID='20190910120959140'><General><Token>61111131252223224013000011333653</Token></General><Data></Data></Request>"}
[2019-09-10 12:09:59] 200 - OK - application/json
[2019-09-10 12:12:01] REQUEST POST - https://localhost:8082/public/aspx/Home.aspx
[2019-09-10 12:12:01] ---- FROM  ::1 (WinNT)
[2019-09-10 12:12:01] ---- BROWSER:  Chrome 76.0 (Mozilla/5.0 (Windows NT 10.0; Win64; x64) AppleWebKit/537.36 (KHTML, like Gecko) Chrome/76.0.3809.132 Safari/537.36)
[2019-09-10 12:12:01] ---- CONTENT: Token%3D61111131252223224013000011333653%26TokenApiRest%3DeyJ0eXAiOiJKV1QiLCJhbGciOiJIUzI1NiJ9.eyJpc3MiOiJodHRwczpcL1wvd3d3cy5kZXYteWVhcC5pdCIsImlhdCI6MTU0MjI5NDMyMSwibmJmIjoxNTQyMjk0MzIxLCJleHAiOjE1NDI4OTkxMjEsImRhdGEiOnsidXNlciI6eyJpZCI6IjQ0In19fQ.RCP5OeoGASxAyBw1MbMD4BFJAcDM5JIXqYXKBALZcJI%26Logo%3Dhttps%3A%2F%2Flocalhost%3A8082%2Fscratch%2Fpl_logo.png%26Title%3DBusiness+Plan+Test+nr.+2=
[2019-09-10 12:12:02] 302 - Found - text/html
[2019-09-10 12:12:02] REQUEST GET - https://localhost:8082/home/welcome
[2019-09-10 12:12:02] ---- FROM  ::1 (WinNT)
[2019-09-10 12:12:02] ---- BROWSER:  Chrome 76.0 (Mozilla/5.0 (Windows NT 10.0; Win64; x64) AppleWebKit/537.36 (KHTML, like Gecko) Chrome/76.0.3809.132 Safari/537.36)
[2019-09-10 12:12:03] 200 - OK - text/html
[2019-09-10 12:12:05] REQUEST POST - https://localhost:8082/public/ws/General.asmx/Set
[2019-09-10 12:12:05] ---- FROM  ::1 (WinNT)
[2019-09-10 12:12:05] ---- BROWSER:  Chrome 76.0 (Mozilla/5.0 (Windows NT 10.0; Win64; x64) AppleWebKit/537.36 (KHTML, like Gecko) Chrome/76.0.3809.132 Safari/537.36)
[2019-09-10 12:12:05] ---- CONTENT: {data : "<?xml version='1.0' encoding='utf-8' ?><Request ID='20190910121205963'><General><Token>61111131252223224013000011333653</Token></General><Data><Nome>Business Plan Test nr. 2</Nome><Logo>https%3A%2F%2Flocalhost%3A8082%2Fscratch%2Fpl_logo.png</Logo></Data></Request>"}
[2019-09-10 12:12:05] 200 - OK - application/json
[2019-09-10 12:12:06] REQUEST POST - https://localhost:8082/public/ws/Config.asmx/Economics_Get
[2019-09-10 12:12:06] ---- FROM  ::1 (WinNT)
[2019-09-10 12:12:06] ---- BROWSER:  Chrome 76.0 (Mozilla/5.0 (Windows NT 10.0; Win64; x64) AppleWebKit/537.36 (KHTML, like Gecko) Chrome/76.0.3809.132 Safari/537.36)
[2019-09-10 12:12:06] ---- CONTENT: {data : "<?xml version='1.0' encoding='utf-8' ?><Request ID='2019091012120627'><General><Token>61111131252223224013000011333653</Token></General><Data></Data></Request>"}
[2019-09-10 12:12:06] 200 - OK - application/json
[2019-09-10 12:12:06] REQUEST POST - https://localhost:8082/public/ws/Config.asmx/All_Get
[2019-09-10 12:12:06] ---- FROM  ::1 (WinNT)
[2019-09-10 12:12:06] ---- BROWSER:  Chrome 76.0 (Mozilla/5.0 (Windows NT 10.0; Win64; x64) AppleWebKit/537.36 (KHTML, like Gecko) Chrome/76.0.3809.132 Safari/537.36)
[2019-09-10 12:12:06] ---- CONTENT: {data : "<?xml version='1.0' encoding='utf-8' ?><Request ID='20190910121206479'><General><Token>61111131252223224013000011333653</Token></General><Data></Data></Request>"}
[2019-09-10 12:12:06] 200 - OK - application/json
[2019-09-10 12:12:06] REQUEST POST - https://localhost:8082/public/ws/Economics.asmx/messaggi_summary
[2019-09-10 12:12:06] ---- FROM  ::1 (WinNT)
[2019-09-10 12:12:06] ---- BROWSER:  Chrome 76.0 (Mozilla/5.0 (Windows NT 10.0; Win64; x64) AppleWebKit/537.36 (KHTML, like Gecko) Chrome/76.0.3809.132 Safari/537.36)
[2019-09-10 12:12:06] ---- CONTENT: {data : "<?xml version='1.0' encoding='utf-8' ?><Request ID='20190910121206538'><General><Token>61111131252223224013000011333653</Token></General><Data></Data></Request>"}
[2019-09-10 12:12:06] 200 - OK - application/json
[2019-09-10 12:12:06] REQUEST POST - https://localhost:8082/public/ws/Config.asmx/All_Get
[2019-09-10 12:12:06] ---- FROM  ::1 (WinNT)
[2019-09-10 12:12:06] ---- BROWSER:  Chrome 76.0 (Mozilla/5.0 (Windows NT 10.0; Win64; x64) AppleWebKit/537.36 (KHTML, like Gecko) Chrome/76.0.3809.132 Safari/537.36)
[2019-09-10 12:12:06] ---- CONTENT: {data : "<?xml version='1.0' encoding='utf-8' ?><Request ID='20190910121206702'><General><Token>61111131252223224013000011333653</Token></General><Data></Data></Request>"}
[2019-09-10 12:12:06] 200 - OK - application/json
[2019-09-10 12:12:07] REQUEST POST - https://localhost:8082/public/ws/Config.asmx/All_Get
[2019-09-10 12:12:07] ---- FROM  ::1 (WinNT)
[2019-09-10 12:12:07] ---- BROWSER:  Chrome 76.0 (Mozilla/5.0 (Windows NT 10.0; Win64; x64) AppleWebKit/537.36 (KHTML, like Gecko) Chrome/76.0.3809.132 Safari/537.36)
[2019-09-10 12:12:07] ---- CONTENT: {data : "<?xml version='1.0' encoding='utf-8' ?><Request ID='20190910121207127'><General><Token>61111131252223224013000011333653</Token></General><Data></Data></Request>"}
[2019-09-10 12:12:07] 200 - OK - application/json
[2019-09-10 12:12:12] REQUEST GET - https://localhost:8082/home/welcome
[2019-09-10 12:12:12] ---- FROM  ::1 (WinNT)
[2019-09-10 12:12:12] ---- BROWSER:  Chrome 76.0 (Mozilla/5.0 (Windows NT 10.0; Win64; x64) AppleWebKit/537.36 (KHTML, like Gecko) Chrome/76.0.3809.132 Safari/537.36)
[2019-09-10 12:12:13] 200 - OK - text/html
[2019-09-10 12:12:15] REQUEST POST - https://localhost:8082/public/ws/General.asmx/Set
[2019-09-10 12:12:15] ---- FROM  ::1 (WinNT)
[2019-09-10 12:12:15] ---- BROWSER:  Chrome 76.0 (Mozilla/5.0 (Windows NT 10.0; Win64; x64) AppleWebKit/537.36 (KHTML, like Gecko) Chrome/76.0.3809.132 Safari/537.36)
[2019-09-10 12:12:15] ---- CONTENT: {data : "<?xml version='1.0' encoding='utf-8' ?><Request ID='20190910121215735'><General><Token>61111131252223224013000011333653</Token></General><Data><Nome>Business Plan Test nr. 2</Nome><Logo>https%3A%2F%2Flocalhost%3A8082%2Fscratch%2Fpl_logo.png</Logo></Data></Request>"}
[2019-09-10 12:12:15] 200 - OK - application/json
[2019-09-10 12:12:15] REQUEST POST - https://localhost:8082/public/ws/Config.asmx/Economics_Get
[2019-09-10 12:12:15] ---- FROM  ::1 (WinNT)
[2019-09-10 12:12:15] ---- BROWSER:  Chrome 76.0 (Mozilla/5.0 (Windows NT 10.0; Win64; x64) AppleWebKit/537.36 (KHTML, like Gecko) Chrome/76.0.3809.132 Safari/537.36)
[2019-09-10 12:12:15] ---- CONTENT: {data : "<?xml version='1.0' encoding='utf-8' ?><Request ID='20190910121215813'><General><Token>61111131252223224013000011333653</Token></General><Data></Data></Request>"}
[2019-09-10 12:12:15] 200 - OK - application/json
[2019-09-10 12:12:15] REQUEST POST - https://localhost:8082/public/ws/Economics.asmx/messaggi_summary
[2019-09-10 12:12:15] ---- FROM  ::1 (WinNT)
[2019-09-10 12:12:15] ---- BROWSER:  Chrome 76.0 (Mozilla/5.0 (Windows NT 10.0; Win64; x64) AppleWebKit/537.36 (KHTML, like Gecko) Chrome/76.0.3809.132 Safari/537.36)
[2019-09-10 12:12:15] ---- CONTENT: {data : "<?xml version='1.0' encoding='utf-8' ?><Request ID='20190910121215955'><General><Token>61111131252223224013000011333653</Token></General><Data></Data></Request>"}
[2019-09-10 12:12:15] 200 - OK - application/json
[2019-09-10 12:12:16] REQUEST POST - https://localhost:8082/public/ws/Config.asmx/All_Get
[2019-09-10 12:12:16] ---- FROM  ::1 (WinNT)
[2019-09-10 12:12:16] ---- BROWSER:  Chrome 76.0 (Mozilla/5.0 (Windows NT 10.0; Win64; x64) AppleWebKit/537.36 (KHTML, like Gecko) Chrome/76.0.3809.132 Safari/537.36)
[2019-09-10 12:12:16] ---- CONTENT: {data : "<?xml version='1.0' encoding='utf-8' ?><Request ID='2019091012121636'><General><Token>61111131252223224013000011333653</Token></General><Data></Data></Request>"}
[2019-09-10 12:12:16] 200 - OK - application/json
[2019-09-10 12:12:16] REQUEST POST - https://localhost:8082/public/ws/Config.asmx/All_Get
[2019-09-10 12:12:16] ---- FROM  ::1 (WinNT)
[2019-09-10 12:12:16] ---- BROWSER:  Chrome 76.0 (Mozilla/5.0 (Windows NT 10.0; Win64; x64) AppleWebKit/537.36 (KHTML, like Gecko) Chrome/76.0.3809.132 Safari/537.36)
[2019-09-10 12:12:16] ---- CONTENT: {data : "<?xml version='1.0' encoding='utf-8' ?><Request ID='20190910121216187'><General><Token>61111131252223224013000011333653</Token></General><Data></Data></Request>"}
[2019-09-10 12:12:16] 200 - OK - application/json
[2019-09-10 12:12:16] REQUEST POST - https://localhost:8082/public/ws/Config.asmx/All_Get
[2019-09-10 12:12:16] ---- FROM  ::1 (WinNT)
[2019-09-10 12:12:16] ---- BROWSER:  Chrome 76.0 (Mozilla/5.0 (Windows NT 10.0; Win64; x64) AppleWebKit/537.36 (KHTML, like Gecko) Chrome/76.0.3809.132 Safari/537.36)
[2019-09-10 12:12:16] ---- CONTENT: {data : "<?xml version='1.0' encoding='utf-8' ?><Request ID='20190910121216515'><General><Token>61111131252223224013000011333653</Token></General><Data></Data></Request>"}
[2019-09-10 12:12:16] 200 - OK - application/json
[2019-09-10 12:12:26] REQUEST POST - https://localhost:8082/public/aspx/Home.aspx
[2019-09-10 12:12:26] ---- FROM  ::1 (WinNT)
[2019-09-10 12:12:26] ---- BROWSER:  Firefox 69.0 (Mozilla/5.0 (Windows NT 10.0; Win64; x64; rv:69.0) Gecko/20100101 Firefox/69.0)
[2019-09-10 12:12:26] ---- CONTENT: Token%3D61111131252223224013000011333653%26TokenApiRest%3DeyJ0eXAiOiJKV1QiLCJhbGciOiJIUzI1NiJ9.eyJpc3MiOiJodHRwczpcL1wvd3d3cy5kZXYteWVhcC5pdCIsImlhdCI6MTU0MjI5NDMyMSwibmJmIjoxNTQyMjk0MzIxLCJleHAiOjE1NDI4OTkxMjEsImRhdGEiOnsidXNlciI6eyJpZCI6IjQ0In19fQ.RCP5OeoGASxAyBw1MbMD4BFJAcDM5JIXqYXKBALZcJI%26Logo%3Dhttps%3A%2F%2Flocalhost%3A8082%2Fscratch%2Fpl_logo.png%26Title%3DBusiness+Plan+Test+nr.+2=
[2019-09-10 12:12:28] 302 - Found - text/html
[2019-09-10 12:12:28] REQUEST GET - https://localhost:8082/home/welcome
[2019-09-10 12:12:28] ---- FROM  ::1 (WinNT)
[2019-09-10 12:12:28] ---- BROWSER:  Firefox 69.0 (Mozilla/5.0 (Windows NT 10.0; Win64; x64; rv:69.0) Gecko/20100101 Firefox/69.0)
[2019-09-10 12:12:29] 200 - OK - text/html
[2019-09-10 12:12:31] REQUEST POST - https://localhost:8082/public/ws/General.asmx/Set
[2019-09-10 12:12:31] ---- FROM  ::1 (WinNT)
[2019-09-10 12:12:31] ---- BROWSER:  Firefox 69.0 (Mozilla/5.0 (Windows NT 10.0; Win64; x64; rv:69.0) Gecko/20100101 Firefox/69.0)
[2019-09-10 12:12:31] ---- CONTENT: {data : "<?xml version='1.0' encoding='utf-8' ?><Request ID='2019091012123159'><General><Token>61111131252223224013000011333653</Token></General><Data><Nome>Business Plan Test nr. 2</Nome><Logo>https%3A%2F%2Flocalhost%3A8082%2Fscratch%2Fpl_logo.png</Logo></Data></Request>"}
[2019-09-10 12:12:31] 200 - OK - application/json
[2019-09-10 12:12:31] REQUEST POST - https://localhost:8082/public/ws/Config.asmx/Economics_Get
[2019-09-10 12:12:31] ---- FROM  ::1 (WinNT)
[2019-09-10 12:12:31] ---- BROWSER:  Firefox 69.0 (Mozilla/5.0 (Windows NT 10.0; Win64; x64; rv:69.0) Gecko/20100101 Firefox/69.0)
[2019-09-10 12:12:31] ---- CONTENT: {data : "<?xml version='1.0' encoding='utf-8' ?><Request ID='2019091012123191'><General><Token>61111131252223224013000011333653</Token></General><Data></Data></Request>"}
[2019-09-10 12:12:31] 200 - OK - application/json
[2019-09-10 12:12:31] REQUEST POST - https://localhost:8082/public/ws/Config.asmx/All_Get
[2019-09-10 12:12:31] ---- FROM  ::1 (WinNT)
[2019-09-10 12:12:31] ---- BROWSER:  Firefox 69.0 (Mozilla/5.0 (Windows NT 10.0; Win64; x64; rv:69.0) Gecko/20100101 Firefox/69.0)
[2019-09-10 12:12:31] ---- CONTENT: {data : "<?xml version='1.0' encoding='utf-8' ?><Request ID='20190910121231266'><General><Token>61111131252223224013000011333653</Token></General><Data></Data></Request>"}
[2019-09-10 12:12:31] 200 - OK - application/json
[2019-09-10 12:12:31] REQUEST POST - https://localhost:8082/public/ws/Economics.asmx/messaggi_summary
[2019-09-10 12:12:31] ---- FROM  ::1 (WinNT)
[2019-09-10 12:12:31] ---- BROWSER:  Firefox 69.0 (Mozilla/5.0 (Windows NT 10.0; Win64; x64; rv:69.0) Gecko/20100101 Firefox/69.0)
[2019-09-10 12:12:31] ---- CONTENT: {data : "<?xml version='1.0' encoding='utf-8' ?><Request ID='20190910121231331'><General><Token>61111131252223224013000011333653</Token></General><Data></Data></Request>"}
[2019-09-10 12:12:31] 200 - OK - application/json
[2019-09-10 12:12:31] REQUEST POST - https://localhost:8082/public/ws/Config.asmx/All_Get
[2019-09-10 12:12:31] ---- FROM  ::1 (WinNT)
[2019-09-10 12:12:31] ---- BROWSER:  Firefox 69.0 (Mozilla/5.0 (Windows NT 10.0; Win64; x64; rv:69.0) Gecko/20100101 Firefox/69.0)
[2019-09-10 12:12:31] ---- CONTENT: {data : "<?xml version='1.0' encoding='utf-8' ?><Request ID='20190910121231397'><General><Token>61111131252223224013000011333653</Token></General><Data></Data></Request>"}
[2019-09-10 12:12:31] 200 - OK - application/json
[2019-09-10 12:12:31] REQUEST POST - https://localhost:8082/public/ws/Config.asmx/All_Get
[2019-09-10 12:12:31] ---- FROM  ::1 (WinNT)
[2019-09-10 12:12:31] ---- BROWSER:  Firefox 69.0 (Mozilla/5.0 (Windows NT 10.0; Win64; x64; rv:69.0) Gecko/20100101 Firefox/69.0)
[2019-09-10 12:12:31] ---- CONTENT: {data : "<?xml version='1.0' encoding='utf-8' ?><Request ID='20190910121231602'><General><Token>61111131252223224013000011333653</Token></General><Data></Data></Request>"}
[2019-09-10 12:12:31] 200 - OK - application/json
[2019-09-10 12:12:52] REQUEST GET - https://localhost:8082/home/welcome
[2019-09-10 12:12:52] ---- FROM  ::1 (WinNT)
[2019-09-10 12:12:52] ---- BROWSER:  Firefox 69.0 (Mozilla/5.0 (Windows NT 10.0; Win64; x64; rv:69.0) Gecko/20100101 Firefox/69.0)
[2019-09-10 12:12:54] 200 - OK - text/html
[2019-09-10 12:14:05] REQUEST POST - https://localhost:8082/public/ws/General.asmx/Set
[2019-09-10 12:14:05] ---- FROM  ::1 (WinNT)
[2019-09-10 12:14:05] ---- BROWSER:  Firefox 69.0 (Mozilla/5.0 (Windows NT 10.0; Win64; x64; rv:69.0) Gecko/20100101 Firefox/69.0)
[2019-09-10 12:14:05] ---- CONTENT: {data : "<?xml version='1.0' encoding='utf-8' ?><Request ID='20190910121405431'><General><Token>61111131252223224013000011333653</Token></General><Data><Nome>Business Plan Test nr. 2</Nome><Logo>https%3A%2F%2Flocalhost%3A8082%2Fscratch%2Fpl_logo.png</Logo></Data></Request>"}
[2019-09-10 12:14:05] 200 - OK - application/json
[2019-09-10 12:17:48] REQUEST GET - https://localhost:8082/home/welcome
[2019-09-10 12:17:48] ---- FROM  ::1 (WinNT)
[2019-09-10 12:17:48] REQUEST POST - https://localhost:8082/public/ws/Config.asmx/Economics_Get
[2019-09-10 12:17:48] ---- FROM  ::1 (WinNT)
[2019-09-10 12:17:48] ---- BROWSER:  Firefox 69.0 (Mozilla/5.0 (Windows NT 10.0; Win64; x64; rv:69.0) Gecko/20100101 Firefox/69.0)
[2019-09-10 12:17:48] ---- CONTENT: {data : "<?xml version='1.0' encoding='utf-8' ?><Request ID='20190910121747978'><General><Token>61111131252223224013000011333653</Token></General><Data></Data></Request>"}
[2019-09-10 12:17:48] ---- BROWSER:  Firefox 69.0 (Mozilla/5.0 (Windows NT 10.0; Win64; x64; rv:69.0) Gecko/20100101 Firefox/69.0)
[2019-09-10 12:17:49] 200 - OK - application/json
[2019-09-10 12:17:49] 200 - OK - text/html
[2019-09-10 12:20:04] REQUEST GET - https://localhost:8082/home/welcome
[2019-09-10 12:20:04] ---- FROM  ::1 (WinNT)
[2019-09-10 12:20:04] ---- BROWSER:  Firefox 69.0 (Mozilla/5.0 (Windows NT 10.0; Win64; x64; rv:69.0) Gecko/20100101 Firefox/69.0)
[2019-09-10 12:20:05] 200 - OK - text/html
[2019-09-10 12:20:23] REQUEST POST - https://localhost:8082/public/ws/General.asmx/Set
[2019-09-10 12:20:23] ---- FROM  ::1 (WinNT)
[2019-09-10 12:20:23] ---- BROWSER:  Firefox 69.0 (Mozilla/5.0 (Windows NT 10.0; Win64; x64; rv:69.0) Gecko/20100101 Firefox/69.0)
[2019-09-10 12:20:23] ---- CONTENT: {data : "<?xml version='1.0' encoding='utf-8' ?><Request ID='20190910122023580'><General><Token>61111131252223224013000011333653</Token></General><Data><Nome>Business Plan Test nr. 2</Nome><Logo>https%3A%2F%2Flocalhost%3A8082%2Fscratch%2Fpl_logo.png</Logo></Data></Request>"}
[2019-09-10 12:20:23] 200 - OK - application/json
[2019-09-10 12:20:23] REQUEST POST - https://localhost:8082/public/ws/Config.asmx/Economics_Get
[2019-09-10 12:20:23] ---- FROM  ::1 (WinNT)
[2019-09-10 12:20:23] ---- BROWSER:  Firefox 69.0 (Mozilla/5.0 (Windows NT 10.0; Win64; x64; rv:69.0) Gecko/20100101 Firefox/69.0)
[2019-09-10 12:20:23] ---- CONTENT: {data : "<?xml version='1.0' encoding='utf-8' ?><Request ID='20190910122023718'><General><Token>61111131252223224013000011333653</Token></General><Data></Data></Request>"}
[2019-09-10 12:20:23] 200 - OK - application/json
[2019-09-10 12:20:23] REQUEST POST - https://localhost:8082/public/ws/Config.asmx/All_Get
[2019-09-10 12:20:23] ---- FROM  ::1 (WinNT)
[2019-09-10 12:20:23] ---- BROWSER:  Firefox 69.0 (Mozilla/5.0 (Windows NT 10.0; Win64; x64; rv:69.0) Gecko/20100101 Firefox/69.0)
[2019-09-10 12:20:23] ---- CONTENT: {data : "<?xml version='1.0' encoding='utf-8' ?><Request ID='20190910122023859'><General><Token>61111131252223224013000011333653</Token></General><Data></Data></Request>"}
[2019-09-10 12:20:23] 200 - OK - application/json
[2019-09-10 12:20:23] REQUEST POST - https://localhost:8082/public/ws/Economics.asmx/messaggi_summary
[2019-09-10 12:20:23] ---- FROM  ::1 (WinNT)
[2019-09-10 12:20:23] ---- BROWSER:  Firefox 69.0 (Mozilla/5.0 (Windows NT 10.0; Win64; x64; rv:69.0) Gecko/20100101 Firefox/69.0)
[2019-09-10 12:20:23] ---- CONTENT: {data : "<?xml version='1.0' encoding='utf-8' ?><Request ID='20190910122023889'><General><Token>61111131252223224013000011333653</Token></General><Data></Data></Request>"}
[2019-09-10 12:20:23] 200 - OK - application/json
[2019-09-10 12:20:24] REQUEST POST - https://localhost:8082/public/ws/Config.asmx/All_Get
[2019-09-10 12:20:24] ---- FROM  ::1 (WinNT)
[2019-09-10 12:20:24] ---- BROWSER:  Firefox 69.0 (Mozilla/5.0 (Windows NT 10.0; Win64; x64; rv:69.0) Gecko/20100101 Firefox/69.0)
[2019-09-10 12:20:24] ---- CONTENT: {data : "<?xml version='1.0' encoding='utf-8' ?><Request ID='2019091012202466'><General><Token>61111131252223224013000011333653</Token></General><Data></Data></Request>"}
[2019-09-10 12:20:24] 200 - OK - application/json
[2019-09-10 12:20:24] REQUEST POST - https://localhost:8082/public/ws/Config.asmx/All_Get
[2019-09-10 12:20:24] ---- FROM  ::1 (WinNT)
[2019-09-10 12:20:24] ---- BROWSER:  Firefox 69.0 (Mozilla/5.0 (Windows NT 10.0; Win64; x64; rv:69.0) Gecko/20100101 Firefox/69.0)
[2019-09-10 12:20:24] ---- CONTENT: {data : "<?xml version='1.0' encoding='utf-8' ?><Request ID='20190910122024179'><General><Token>61111131252223224013000011333653</Token></General><Data></Data></Request>"}
[2019-09-10 12:20:24] 200 - OK - application/json
[2019-09-10 12:20:39] REQUEST GET - https://localhost:8082/home/welcome
[2019-09-10 12:20:39] ---- FROM  ::1 (WinNT)
[2019-09-10 12:20:39] ---- BROWSER:  Firefox 69.0 (Mozilla/5.0 (Windows NT 10.0; Win64; x64; rv:69.0) Gecko/20100101 Firefox/69.0)
[2019-09-10 12:20:41] 200 - OK - text/html
[2019-09-10 12:21:19] REQUEST GET - https://localhost:8082/home/welcome
[2019-09-10 12:21:19] ---- FROM  ::1 (WinNT)
[2019-09-10 12:21:19] ---- BROWSER:  Firefox 69.0 (Mozilla/5.0 (Windows NT 10.0; Win64; x64; rv:69.0) Gecko/20100101 Firefox/69.0)
[2019-09-10 12:21:20] 200 - OK - text/html
[2019-09-10 12:21:37] REQUEST GET - https://localhost:8082/home/welcome
[2019-09-10 12:21:37] ---- FROM  ::1 (WinNT)
[2019-09-10 12:21:37] ---- BROWSER:  Firefox 69.0 (Mozilla/5.0 (Windows NT 10.0; Win64; x64; rv:69.0) Gecko/20100101 Firefox/69.0)
[2019-09-10 12:21:37] REQUEST POST - https://localhost:8082/public/ws/Config.asmx/Economics_Get
[2019-09-10 12:21:37] ---- FROM  ::1 (WinNT)
[2019-09-10 12:21:37] ---- BROWSER:  Firefox 69.0 (Mozilla/5.0 (Windows NT 10.0; Win64; x64; rv:69.0) Gecko/20100101 Firefox/69.0)
[2019-09-10 12:21:37] ---- CONTENT: {data : "<?xml version='1.0' encoding='utf-8' ?><Request ID='20190910122137170'><General><Token>61111131252223224013000011333653</Token></General><Data></Data></Request>"}
[2019-09-10 12:21:38] 200 - OK - application/json
[2019-09-10 12:21:38] 200 - OK - text/html
[2019-09-10 12:21:43] REQUEST GET - https://localhost:8082/home/welcome
[2019-09-10 12:21:43] ---- FROM  ::1 (WinNT)
[2019-09-10 12:21:43] ---- BROWSER:  Firefox 69.0 (Mozilla/5.0 (Windows NT 10.0; Win64; x64; rv:69.0) Gecko/20100101 Firefox/69.0)
[2019-09-10 12:21:44] 200 - OK - text/html
[2019-09-10 12:21:47] REQUEST GET - https://localhost:8082/home/welcome
[2019-09-10 12:21:47] ---- FROM  ::1 (WinNT)
[2019-09-10 12:21:47] ---- BROWSER:  Firefox 69.0 (Mozilla/5.0 (Windows NT 10.0; Win64; x64; rv:69.0) Gecko/20100101 Firefox/69.0)
[2019-09-10 12:21:47] 200 - OK - text/html
[2019-09-10 12:21:53] REQUEST POST - https://localhost:8082/public/ws/Config.asmx/Economics_Get
[2019-09-10 12:21:53] ---- FROM  ::1 (WinNT)
[2019-09-10 12:21:53] ---- BROWSER:  Firefox 69.0 (Mozilla/5.0 (Windows NT 10.0; Win64; x64; rv:69.0) Gecko/20100101 Firefox/69.0)
[2019-09-10 12:21:53] ---- CONTENT: {data : "<?xml version='1.0' encoding='utf-8' ?><Request ID='2019091012215335'><General><Token>61111131252223224013000011333653</Token></General><Data></Data></Request>"}
[2019-09-10 12:21:53] 200 - OK - application/json
[2019-09-10 12:21:53] REQUEST POST - https://localhost:8082/public/ws/Config.asmx/All_Get
[2019-09-10 12:21:53] ---- FROM  ::1 (WinNT)
[2019-09-10 12:21:53] ---- BROWSER:  Firefox 69.0 (Mozilla/5.0 (Windows NT 10.0; Win64; x64; rv:69.0) Gecko/20100101 Firefox/69.0)
[2019-09-10 12:21:53] REQUEST POST - https://localhost:8082/public/ws/Economics.asmx/messaggi_summary
[2019-09-10 12:21:53] ---- FROM  ::1 (WinNT)
[2019-09-10 12:21:53] ---- BROWSER:  Firefox 69.0 (Mozilla/5.0 (Windows NT 10.0; Win64; x64; rv:69.0) Gecko/20100101 Firefox/69.0)
[2019-09-10 12:21:53] ---- CONTENT: {data : "<?xml version='1.0' encoding='utf-8' ?><Request ID='20190910122153222'><General><Token>61111131252223224013000011333653</Token></General><Data></Data></Request>"}
[2019-09-10 12:21:53] ---- CONTENT: {data : "<?xml version='1.0' encoding='utf-8' ?><Request ID='20190910122153249'><General><Token>61111131252223224013000011333653</Token></General><Data></Data></Request>"}
[2019-09-10 12:21:53] 200 - OK - application/json
[2019-09-10 12:21:53] 200 - OK - application/json
[2019-09-10 12:21:53] REQUEST POST - https://localhost:8082/public/ws/Config.asmx/All_Get
[2019-09-10 12:21:53] ---- FROM  ::1 (WinNT)
[2019-09-10 12:21:53] ---- BROWSER:  Firefox 69.0 (Mozilla/5.0 (Windows NT 10.0; Win64; x64; rv:69.0) Gecko/20100101 Firefox/69.0)
[2019-09-10 12:21:53] ---- CONTENT: {data : "<?xml version='1.0' encoding='utf-8' ?><Request ID='20190910122153448'><General><Token>61111131252223224013000011333653</Token></General><Data></Data></Request>"}
[2019-09-10 12:21:53] 200 - OK - application/json
[2019-09-10 12:21:53] REQUEST POST - https://localhost:8082/public/ws/Config.asmx/All_Get
[2019-09-10 12:21:53] ---- FROM  ::1 (WinNT)
[2019-09-10 12:21:53] ---- BROWSER:  Firefox 69.0 (Mozilla/5.0 (Windows NT 10.0; Win64; x64; rv:69.0) Gecko/20100101 Firefox/69.0)
[2019-09-10 12:21:53] ---- CONTENT: {data : "<?xml version='1.0' encoding='utf-8' ?><Request ID='20190910122153458'><General><Token>61111131252223224013000011333653</Token></General><Data></Data></Request>"}
[2019-09-10 12:21:53] 200 - OK - application/json
[2019-09-10 12:22:57] REQUEST GET - https://localhost:8082/home/welcome
[2019-09-10 12:22:57] ---- FROM  ::1 (WinNT)
[2019-09-10 12:22:57] ---- BROWSER:  Firefox 69.0 (Mozilla/5.0 (Windows NT 10.0; Win64; x64; rv:69.0) Gecko/20100101 Firefox/69.0)
[2019-09-10 12:22:59] 200 - OK - text/html
[2019-09-10 12:23:15] REQUEST POST - https://localhost:8082/public/ws/Config.asmx/Economics_Get
[2019-09-10 12:23:15] ---- FROM  ::1 (WinNT)
[2019-09-10 12:23:15] ---- BROWSER:  Firefox 69.0 (Mozilla/5.0 (Windows NT 10.0; Win64; x64; rv:69.0) Gecko/20100101 Firefox/69.0)
[2019-09-10 12:23:15] ---- CONTENT: {data : "<?xml version='1.0' encoding='utf-8' ?><Request ID='20190910122315547'><General><Token>61111131252223224013000011333653</Token></General><Data></Data></Request>"}
[2019-09-10 12:23:15] 200 - OK - application/json
[2019-09-10 12:23:16] REQUEST POST - https://localhost:8082/public/ws/Config.asmx/All_Get
[2019-09-10 12:23:16] ---- FROM  ::1 (WinNT)
[2019-09-10 12:23:16] ---- BROWSER:  Firefox 69.0 (Mozilla/5.0 (Windows NT 10.0; Win64; x64; rv:69.0) Gecko/20100101 Firefox/69.0)
[2019-09-10 12:23:16] ---- CONTENT: {data : "<?xml version='1.0' encoding='utf-8' ?><Request ID='2019091012231675'><General><Token>61111131252223224013000011333653</Token></General><Data></Data></Request>"}
[2019-09-10 12:23:16] REQUEST POST - https://localhost:8082/public/ws/Economics.asmx/messaggi_summary
[2019-09-10 12:23:16] ---- FROM  ::1 (WinNT)
[2019-09-10 12:23:16] ---- BROWSER:  Firefox 69.0 (Mozilla/5.0 (Windows NT 10.0; Win64; x64; rv:69.0) Gecko/20100101 Firefox/69.0)
[2019-09-10 12:23:16] ---- CONTENT: {data : "<?xml version='1.0' encoding='utf-8' ?><Request ID='2019091012231695'><General><Token>61111131252223224013000011333653</Token></General><Data></Data></Request>"}
[2019-09-10 12:23:16] 200 - OK - application/json
[2019-09-10 12:23:16] 200 - OK - application/json
[2019-09-10 12:23:16] REQUEST POST - https://localhost:8082/public/ws/Config.asmx/All_Get
[2019-09-10 12:23:16] ---- FROM  ::1 (WinNT)
[2019-09-10 12:23:16] ---- BROWSER:  Firefox 69.0 (Mozilla/5.0 (Windows NT 10.0; Win64; x64; rv:69.0) Gecko/20100101 Firefox/69.0)
[2019-09-10 12:23:16] ---- CONTENT: {data : "<?xml version='1.0' encoding='utf-8' ?><Request ID='20190910122316237'><General><Token>61111131252223224013000011333653</Token></General><Data></Data></Request>"}
[2019-09-10 12:23:16] 200 - OK - application/json
[2019-09-10 12:23:16] REQUEST POST - https://localhost:8082/public/ws/Config.asmx/All_Get
[2019-09-10 12:23:16] ---- FROM  ::1 (WinNT)
[2019-09-10 12:23:16] ---- BROWSER:  Firefox 69.0 (Mozilla/5.0 (Windows NT 10.0; Win64; x64; rv:69.0) Gecko/20100101 Firefox/69.0)
[2019-09-10 12:23:16] ---- CONTENT: {data : "<?xml version='1.0' encoding='utf-8' ?><Request ID='20190910122316506'><General><Token>61111131252223224013000011333653</Token></General><Data></Data></Request>"}
[2019-09-10 12:23:16] 200 - OK - application/json
[2019-09-10 12:24:14] REQUEST GET - https://localhost:8082/home/welcome
[2019-09-10 12:24:14] ---- FROM  ::1 (WinNT)
[2019-09-10 12:24:14] ---- BROWSER:  Firefox 69.0 (Mozilla/5.0 (Windows NT 10.0; Win64; x64; rv:69.0) Gecko/20100101 Firefox/69.0)
[2019-09-10 12:24:16] 200 - OK - text/html
[2019-09-10 12:24:44] REQUEST POST - https://localhost:8082/public/ws/Config.asmx/Economics_Get
[2019-09-10 12:24:44] ---- FROM  ::1 (WinNT)
[2019-09-10 12:24:44] ---- BROWSER:  Firefox 69.0 (Mozilla/5.0 (Windows NT 10.0; Win64; x64; rv:69.0) Gecko/20100101 Firefox/69.0)
[2019-09-10 12:24:44] ---- CONTENT: {data : "<?xml version='1.0' encoding='utf-8' ?><Request ID='20190910122444330'><General><Token>61111131252223224013000011333653</Token></General><Data></Data></Request>"}
[2019-09-10 12:24:44] 200 - OK - application/json
[2019-09-10 12:24:44] REQUEST POST - https://localhost:8082/public/ws/Config.asmx/All_Get
[2019-09-10 12:24:44] ---- FROM  ::1 (WinNT)
[2019-09-10 12:24:44] ---- BROWSER:  Firefox 69.0 (Mozilla/5.0 (Windows NT 10.0; Win64; x64; rv:69.0) Gecko/20100101 Firefox/69.0)
[2019-09-10 12:24:44] ---- CONTENT: {data : "<?xml version='1.0' encoding='utf-8' ?><Request ID='20190910122444555'><General><Token>61111131252223224013000011333653</Token></General><Data></Data></Request>"}
[2019-09-10 12:24:44] REQUEST POST - https://localhost:8082/public/ws/Economics.asmx/messaggi_summary
[2019-09-10 12:24:44] ---- FROM  ::1 (WinNT)
[2019-09-10 12:24:44] ---- BROWSER:  Firefox 69.0 (Mozilla/5.0 (Windows NT 10.0; Win64; x64; rv:69.0) Gecko/20100101 Firefox/69.0)
[2019-09-10 12:24:44] ---- CONTENT: {data : "<?xml version='1.0' encoding='utf-8' ?><Request ID='20190910122444585'><General><Token>61111131252223224013000011333653</Token></General><Data></Data></Request>"}
[2019-09-10 12:24:44] 200 - OK - application/json
[2019-09-10 12:24:44] 200 - OK - application/json
[2019-09-10 12:24:44] REQUEST POST - https://localhost:8082/public/ws/Config.asmx/All_Get
[2019-09-10 12:24:44] ---- FROM  ::1 (WinNT)
[2019-09-10 12:24:44] ---- BROWSER:  Firefox 69.0 (Mozilla/5.0 (Windows NT 10.0; Win64; x64; rv:69.0) Gecko/20100101 Firefox/69.0)
[2019-09-10 12:24:44] ---- CONTENT: {data : "<?xml version='1.0' encoding='utf-8' ?><Request ID='20190910122444729'><General><Token>61111131252223224013000011333653</Token></General><Data></Data></Request>"}
[2019-09-10 12:24:44] 200 - OK - application/json
[2019-09-10 12:24:44] REQUEST POST - https://localhost:8082/public/ws/Config.asmx/All_Get
[2019-09-10 12:24:44] ---- FROM  ::1 (WinNT)
[2019-09-10 12:24:44] ---- BROWSER:  Firefox 69.0 (Mozilla/5.0 (Windows NT 10.0; Win64; x64; rv:69.0) Gecko/20100101 Firefox/69.0)
[2019-09-10 12:24:44] ---- CONTENT: {data : "<?xml version='1.0' encoding='utf-8' ?><Request ID='20190910122444833'><General><Token>61111131252223224013000011333653</Token></General><Data></Data></Request>"}
[2019-09-10 12:24:44] 200 - OK - application/json
[2019-09-10 12:24:46] REQUEST GET - https://localhost:8082/home/welcome
[2019-09-10 12:24:46] ---- FROM  ::1 (WinNT)
[2019-09-10 12:24:46] ---- BROWSER:  Firefox 69.0 (Mozilla/5.0 (Windows NT 10.0; Win64; x64; rv:69.0) Gecko/20100101 Firefox/69.0)
[2019-09-10 12:24:48] 200 - OK - text/html
[2019-09-10 12:24:57] REQUEST POST - https://localhost:8082/public/aspx/Home.aspx
[2019-09-10 12:24:57] ---- FROM  ::1 (WinNT)
[2019-09-10 12:24:57] ---- BROWSER:  Firefox 69.0 (Mozilla/5.0 (Windows NT 10.0; Win64; x64; rv:69.0) Gecko/20100101 Firefox/69.0)
[2019-09-10 12:24:57] ---- CONTENT: Token%3D61111131252223224013000011333653%26TokenApiRest%3DeyJ0eXAiOiJKV1QiLCJhbGciOiJIUzI1NiJ9.eyJpc3MiOiJodHRwczpcL1wvd3d3cy5kZXYteWVhcC5pdCIsImlhdCI6MTU0MjI5NDMyMSwibmJmIjoxNTQyMjk0MzIxLCJleHAiOjE1NDI4OTkxMjEsImRhdGEiOnsidXNlciI6eyJpZCI6IjQ0In19fQ.RCP5OeoGASxAyBw1MbMD4BFJAcDM5JIXqYXKBALZcJI%26Logo%3Dhttps%3A%2F%2Flocalhost%3A8082%2Fscratch%2Fpl_logo.png%26Title%3DBusiness+Plan+Test+nr.+2=
[2019-09-10 12:24:59] 302 - Found - text/html
[2019-09-10 12:24:59] REQUEST GET - https://localhost:8082/home/welcome
[2019-09-10 12:24:59] ---- FROM  ::1 (WinNT)
[2019-09-10 12:24:59] ---- BROWSER:  Firefox 69.0 (Mozilla/5.0 (Windows NT 10.0; Win64; x64; rv:69.0) Gecko/20100101 Firefox/69.0)
[2019-09-10 12:25:00] 200 - OK - text/html
[2019-09-10 12:25:01] REQUEST POST - https://localhost:8082/public/ws/Config.asmx/Economics_Get
[2019-09-10 12:25:01] ---- FROM  ::1 (WinNT)
[2019-09-10 12:25:01] ---- BROWSER:  Firefox 69.0 (Mozilla/5.0 (Windows NT 10.0; Win64; x64; rv:69.0) Gecko/20100101 Firefox/69.0)
[2019-09-10 12:25:01] ---- CONTENT: {data : "<?xml version='1.0' encoding='utf-8' ?><Request ID='20190910122501138'><General><Token>61111131252223224013000011333653</Token></General><Data></Data></Request>"}
[2019-09-10 12:25:01] 200 - OK - application/json
[2019-09-10 12:25:01] REQUEST POST - https://localhost:8082/public/ws/Config.asmx/All_Get
[2019-09-10 12:25:01] ---- FROM  ::1 (WinNT)
[2019-09-10 12:25:01] ---- BROWSER:  Firefox 69.0 (Mozilla/5.0 (Windows NT 10.0; Win64; x64; rv:69.0) Gecko/20100101 Firefox/69.0)
[2019-09-10 12:25:01] ---- CONTENT: {data : "<?xml version='1.0' encoding='utf-8' ?><Request ID='20190910122501246'><General><Token>61111131252223224013000011333653</Token></General><Data></Data></Request>"}
[2019-09-10 12:25:01] 200 - OK - application/json
[2019-09-10 12:25:01] REQUEST POST - https://localhost:8082/public/ws/Economics.asmx/messaggi_summary
[2019-09-10 12:25:01] ---- FROM  ::1 (WinNT)
[2019-09-10 12:25:01] ---- BROWSER:  Firefox 69.0 (Mozilla/5.0 (Windows NT 10.0; Win64; x64; rv:69.0) Gecko/20100101 Firefox/69.0)
[2019-09-10 12:25:01] ---- CONTENT: {data : "<?xml version='1.0' encoding='utf-8' ?><Request ID='20190910122501293'><General><Token>61111131252223224013000011333653</Token></General><Data></Data></Request>"}
[2019-09-10 12:25:01] 200 - OK - application/json
[2019-09-10 12:25:01] REQUEST POST - https://localhost:8082/public/ws/Config.asmx/All_Get
[2019-09-10 12:25:01] ---- FROM  ::1 (WinNT)
[2019-09-10 12:25:01] ---- BROWSER:  Firefox 69.0 (Mozilla/5.0 (Windows NT 10.0; Win64; x64; rv:69.0) Gecko/20100101 Firefox/69.0)
[2019-09-10 12:25:01] ---- CONTENT: {data : "<?xml version='1.0' encoding='utf-8' ?><Request ID='20190910122501373'><General><Token>61111131252223224013000011333653</Token></General><Data></Data></Request>"}
[2019-09-10 12:25:01] REQUEST POST - https://localhost:8082/public/ws/Config.asmx/All_Get
[2019-09-10 12:25:01] ---- FROM  ::1 (WinNT)
[2019-09-10 12:25:01] ---- BROWSER:  Firefox 69.0 (Mozilla/5.0 (Windows NT 10.0; Win64; x64; rv:69.0) Gecko/20100101 Firefox/69.0)
[2019-09-10 12:25:01] ---- CONTENT: {data : "<?xml version='1.0' encoding='utf-8' ?><Request ID='20190910122501430'><General><Token>61111131252223224013000011333653</Token></General><Data></Data></Request>"}
[2019-09-10 12:25:01] 200 - OK - application/json
[2019-09-10 12:25:01] 200 - OK - application/json
[2019-09-10 12:25:20] REQUEST POST - https://localhost:8082/public/aspx/Home.aspx
[2019-09-10 12:25:20] ---- FROM  ::1 (WinNT)
[2019-09-10 12:25:20] ---- BROWSER:  Firefox 69.0 (Mozilla/5.0 (Windows NT 10.0; Win64; x64; rv:69.0) Gecko/20100101 Firefox/69.0)
[2019-09-10 12:25:20] ---- CONTENT: Token%3D61111131252223224013000011333653%26TokenApiRest%3DeyJ0eXAiOiJKV1QiLCJhbGciOiJIUzI1NiJ9.eyJpc3MiOiJodHRwczpcL1wvd3d3cy5kZXYteWVhcC5pdCIsImlhdCI6MTU0MjI5NDMyMSwibmJmIjoxNTQyMjk0MzIxLCJleHAiOjE1NDI4OTkxMjEsImRhdGEiOnsidXNlciI6eyJpZCI6IjQ0In19fQ.RCP5OeoGASxAyBw1MbMD4BFJAcDM5JIXqYXKBALZcJI%26Logo%3Dhttps%3A%2F%2Flocalhost%3A8082%2Fscratch%2Fpl_logo.png%26Title%3DBusiness+Plan+Test+nr.+2=
[2019-09-10 12:25:29] 302 - Found - text/html
[2019-09-10 12:25:29] REQUEST GET - https://localhost:8082/home/welcome
[2019-09-10 12:25:29] ---- FROM  ::1 (WinNT)
[2019-09-10 12:25:29] ---- BROWSER:  Firefox 69.0 (Mozilla/5.0 (Windows NT 10.0; Win64; x64; rv:69.0) Gecko/20100101 Firefox/69.0)
[2019-09-10 12:25:33] 200 - OK - text/html
[2019-09-10 12:25:34] REQUEST POST - https://localhost:8082/public/ws/Config.asmx/Economics_Get
[2019-09-10 12:25:34] ---- FROM  ::1 (WinNT)
[2019-09-10 12:25:34] ---- BROWSER:  Firefox 69.0 (Mozilla/5.0 (Windows NT 10.0; Win64; x64; rv:69.0) Gecko/20100101 Firefox/69.0)
[2019-09-10 12:25:34] ---- CONTENT: {data : "<?xml version='1.0' encoding='utf-8' ?><Request ID='20190910122534598'><General><Token>undefined</Token></General><Data></Data></Request>"}
[2019-09-10 12:25:34] 200 - OK - application/json
[2019-09-10 12:25:34] REQUEST POST - https://localhost:8082/public/ws/Economics.asmx/messaggi_summary
[2019-09-10 12:25:34] ---- FROM  ::1 (WinNT)
[2019-09-10 12:25:34] ---- BROWSER:  Firefox 69.0 (Mozilla/5.0 (Windows NT 10.0; Win64; x64; rv:69.0) Gecko/20100101 Firefox/69.0)
[2019-09-10 12:25:34] ---- CONTENT: {data : "<?xml version='1.0' encoding='utf-8' ?><Request ID='20190910122534733'><General><Token>undefined</Token></General><Data></Data></Request>"}
[2019-09-10 12:25:34] REQUEST POST - https://localhost:8082/public/ws/Config.asmx/All_Get
[2019-09-10 12:25:34] ---- FROM  ::1 (WinNT)
[2019-09-10 12:25:34] ---- BROWSER:  Firefox 69.0 (Mozilla/5.0 (Windows NT 10.0; Win64; x64; rv:69.0) Gecko/20100101 Firefox/69.0)
[2019-09-10 12:25:34] ---- CONTENT: {data : "<?xml version='1.0' encoding='utf-8' ?><Request ID='20190910122534762'><General><Token>undefined</Token></General><Data></Data></Request>"}
[2019-09-10 12:25:34] 200 - OK - application/json
[2019-09-10 12:25:34] 200 - OK - application/json
[2019-09-10 12:25:34] REQUEST POST - https://localhost:8082/public/ws/Config.asmx/All_Get
[2019-09-10 12:25:34] ---- FROM  ::1 (WinNT)
[2019-09-10 12:25:34] ---- BROWSER:  Firefox 69.0 (Mozilla/5.0 (Windows NT 10.0; Win64; x64; rv:69.0) Gecko/20100101 Firefox/69.0)
[2019-09-10 12:25:34] ---- CONTENT: {data : "<?xml version='1.0' encoding='utf-8' ?><Request ID='20190910122534854'><General><Token>undefined</Token></General><Data></Data></Request>"}
[2019-09-10 12:25:34] 200 - OK - application/json
[2019-09-10 12:25:34] REQUEST POST - https://localhost:8082/public/ws/Config.asmx/All_Get
[2019-09-10 12:25:34] ---- FROM  ::1 (WinNT)
[2019-09-10 12:25:34] ---- BROWSER:  Firefox 69.0 (Mozilla/5.0 (Windows NT 10.0; Win64; x64; rv:69.0) Gecko/20100101 Firefox/69.0)
[2019-09-10 12:25:34] ---- CONTENT: {data : "<?xml version='1.0' encoding='utf-8' ?><Request ID='20190910122534898'><General><Token>undefined</Token></General><Data></Data></Request>"}
[2019-09-10 12:25:34] 200 - OK - application/json
[2019-09-10 12:25:47] REQUEST GET - https://localhost:8082/settings/settings
[2019-09-10 12:25:47] ---- FROM  ::1 (WinNT)
[2019-09-10 12:25:47] ---- BROWSER:  Firefox 69.0 (Mozilla/5.0 (Windows NT 10.0; Win64; x64; rv:69.0) Gecko/20100101 Firefox/69.0)
[2019-09-10 12:25:47] 200 - OK - text/html
[2019-09-10 12:25:48] REQUEST POST - https://localhost:8082/public/ws/Config.asmx/General_Get
[2019-09-10 12:25:48] ---- FROM  ::1 (WinNT)
[2019-09-10 12:25:48] ---- BROWSER:  Firefox 69.0 (Mozilla/5.0 (Windows NT 10.0; Win64; x64; rv:69.0) Gecko/20100101 Firefox/69.0)
[2019-09-10 12:25:48] ---- CONTENT: {data : "<?xml version='1.0' encoding='utf-8' ?><Request ID='20190910122548185'><General><Token>undefined</Token></General><Data></Data></Request>"}
[2019-09-10 12:25:48] 200 - OK - application/json
[2019-09-10 12:25:48] REQUEST POST - https://localhost:8082/public/ws/Config.asmx/All_Get
[2019-09-10 12:25:48] ---- FROM  ::1 (WinNT)
[2019-09-10 12:25:48] ---- BROWSER:  Firefox 69.0 (Mozilla/5.0 (Windows NT 10.0; Win64; x64; rv:69.0) Gecko/20100101 Firefox/69.0)
[2019-09-10 12:25:48] ---- CONTENT: {data : "<?xml version='1.0' encoding='utf-8' ?><Request ID='20190910122548223'><General><Token>undefined</Token></General><Data></Data></Request>"}
[2019-09-10 12:25:48] 200 - OK - application/json
[2019-09-10 12:25:48] REQUEST POST - https://localhost:8082/public/ws/Economics.asmx/messaggi_summary
[2019-09-10 12:25:48] ---- FROM  ::1 (WinNT)
[2019-09-10 12:25:48] ---- BROWSER:  Firefox 69.0 (Mozilla/5.0 (Windows NT 10.0; Win64; x64; rv:69.0) Gecko/20100101 Firefox/69.0)
[2019-09-10 12:25:48] ---- CONTENT: {data : "<?xml version='1.0' encoding='utf-8' ?><Request ID='20190910122548251'><General><Token>undefined</Token></General><Data></Data></Request>"}
[2019-09-10 12:25:48] 200 - OK - application/json
[2019-09-10 12:25:48] REQUEST POST - https://localhost:8082/public/ws/Config.asmx/All_Get
[2019-09-10 12:25:48] ---- FROM  ::1 (WinNT)
[2019-09-10 12:25:48] ---- BROWSER:  Firefox 69.0 (Mozilla/5.0 (Windows NT 10.0; Win64; x64; rv:69.0) Gecko/20100101 Firefox/69.0)
[2019-09-10 12:25:48] ---- CONTENT: {data : "<?xml version='1.0' encoding='utf-8' ?><Request ID='20190910122548328'><General><Token>undefined</Token></General><Data></Data></Request>"}
[2019-09-10 12:25:48] 200 - OK - application/json
[2019-09-10 12:25:48] REQUEST POST - https://localhost:8082/public/ws/Config.asmx/All_Get
[2019-09-10 12:25:48] ---- FROM  ::1 (WinNT)
[2019-09-10 12:25:48] ---- BROWSER:  Firefox 69.0 (Mozilla/5.0 (Windows NT 10.0; Win64; x64; rv:69.0) Gecko/20100101 Firefox/69.0)
[2019-09-10 12:25:48] ---- CONTENT: {data : "<?xml version='1.0' encoding='utf-8' ?><Request ID='20190910122548422'><General><Token>undefined</Token></General><Data></Data></Request>"}
[2019-09-10 12:25:48] 200 - OK - application/json
[2019-09-10 12:25:48] REQUEST GET - https://localhost:8082/public/ws/Resources.ashx/xml-general
[2019-09-10 12:25:48] ---- FROM  ::1 (WinNT)
[2019-09-10 12:25:48] ---- BROWSER:  Firefox 69.0 (Mozilla/5.0 (Windows NT 10.0; Win64; x64; rv:69.0) Gecko/20100101 Firefox/69.0)
[2019-09-10 12:25:48] REQUEST GET - https://localhost:8082/public/ws/Resources.ashx/xml-general
[2019-09-10 12:25:48] ---- FROM  ::1 (WinNT)
[2019-09-10 12:25:48] ---- BROWSER:  Firefox 69.0 (Mozilla/5.0 (Windows NT 10.0; Win64; x64; rv:69.0) Gecko/20100101 Firefox/69.0)
[2019-09-10 12:25:48] 200 - OK - text/xml
[2019-09-10 12:25:48] 200 - OK - text/xml
[2019-09-10 12:26:01] REQUEST GET - https://localhost:8082/economics/costi-esterni
[2019-09-10 12:26:01] ---- FROM  ::1 (WinNT)
[2019-09-10 12:26:01] ---- BROWSER:  Firefox 69.0 (Mozilla/5.0 (Windows NT 10.0; Win64; x64; rv:69.0) Gecko/20100101 Firefox/69.0)
[2019-09-10 12:26:01] 200 - OK - text/html
[2019-09-10 12:26:01] REQUEST POST - https://localhost:8082/public/ws/Ricavi.asmx/CostiEsterniMagazzino_Get
[2019-09-10 12:26:01] ---- FROM  ::1 (WinNT)
[2019-09-10 12:26:01] ---- BROWSER:  Firefox 69.0 (Mozilla/5.0 (Windows NT 10.0; Win64; x64; rv:69.0) Gecko/20100101 Firefox/69.0)
[2019-09-10 12:26:01] ---- CONTENT: {data : "<?xml version='1.0' encoding='utf-8' ?><Request ID='20190910122601838'><General><Token>undefined</Token></General><Data></Data></Request>"}
[2019-09-10 12:26:01] 200 - OK - application/json
[2019-09-10 12:26:01] REQUEST POST - https://localhost:8082/public/ws/Config.asmx/All_Get
[2019-09-10 12:26:01] ---- FROM  ::1 (WinNT)
[2019-09-10 12:26:01] ---- BROWSER:  Firefox 69.0 (Mozilla/5.0 (Windows NT 10.0; Win64; x64; rv:69.0) Gecko/20100101 Firefox/69.0)
[2019-09-10 12:26:01] ---- CONTENT: {data : "<?xml version='1.0' encoding='utf-8' ?><Request ID='20190910122601950'><General><Token>undefined</Token></General><Data></Data></Request>"}
[2019-09-10 12:26:01] 200 - OK - application/json
[2019-09-10 12:26:01] REQUEST POST - https://localhost:8082/public/ws/Economics.asmx/messaggi_summary
[2019-09-10 12:26:02] ---- FROM  ::1 (WinNT)
[2019-09-10 12:26:02] ---- BROWSER:  Firefox 69.0 (Mozilla/5.0 (Windows NT 10.0; Win64; x64; rv:69.0) Gecko/20100101 Firefox/69.0)
[2019-09-10 12:26:02] ---- CONTENT: {data : "<?xml version='1.0' encoding='utf-8' ?><Request ID='20190910122601987'><General><Token>undefined</Token></General><Data></Data></Request>"}
