[2019-09-10 15:23:55] 200 - OK - text/xml
[2019-09-10 15:23:55] 200 - OK - text/xml
[2019-09-10 15:23:55] 200 - OK - text/xml
[2019-09-10 15:23:55] ---- FROM  ::1 (WinNT)
[2019-09-10 15:23:55] ---- FROM  ::1 (WinNT)
[2019-09-10 15:23:55] ---- BROWSER:  Firefox 69.0 (Mozilla/5.0 (Windows NT 10.0; Win64; x64; rv:69.0) Gecko/20100101 Firefox/69.0)
[2019-09-10 15:23:55] 200 - OK - text/xml
[2019-09-10 15:23:55] ---- FROM  ::1 (WinNT)
[2019-09-10 15:23:55] REQUEST GET - https://localhost:8082/public/ws/Resources.ashx/xml-qa
[2019-09-10 15:23:55] 200 - OK - text/xml
[2019-09-10 15:23:55] REQUEST GET - https://localhost:8082/public/ws/Resources.ashx/xml-qa
[2019-09-10 15:23:55] REQUEST GET - https://localhost:8082/public/ws/Resources.ashx/xml-qa
[2019-09-10 15:23:55] ---- BROWSER:  Firefox 69.0 (Mozilla/5.0 (Windows NT 10.0; Win64; x64; rv:69.0) Gecko/20100101 Firefox/69.0)
[2019-09-10 15:23:55] REQUEST GET - https://localhost:8082/public/ws/Resources.ashx/xml-qa
[2019-09-10 15:23:55] ---- BROWSER:  Firefox 69.0 (Mozilla/5.0 (Windows NT 10.0; Win64; x64; rv:69.0) Gecko/20100101 Firefox/69.0)
[2019-09-10 15:23:55] 200 - OK - text/xml
[2019-09-10 15:23:55] ---- FROM  ::1 (WinNT)
[2019-09-10 15:23:55] ---- FROM  ::1 (WinNT)
[2019-09-10 15:23:55] ---- FROM  ::1 (WinNT)
[2019-09-10 15:23:55] REQUEST GET - https://localhost:8082/public/ws/Resources.ashx/xml-qa
[2019-09-10 15:23:55] ---- BROWSER:  Firefox 69.0 (Mozilla/5.0 (Windows NT 10.0; Win64; x64; rv:69.0) Gecko/20100101 Firefox/69.0)
[2019-09-10 15:23:55] 200 - OK - text/xml
[2019-09-10 15:23:55] 200 - OK - text/xml
[2019-09-10 15:23:55] ---- BROWSER:  Firefox 69.0 (Mozilla/5.0 (Windows NT 10.0; Win64; x64; rv:69.0) Gecko/20100101 Firefox/69.0)
[2019-09-10 15:23:55] ---- FROM  ::1 (WinNT)
[2019-09-10 15:23:55] ---- BROWSER:  Firefox 69.0 (Mozilla/5.0 (Windows NT 10.0; Win64; x64; rv:69.0) Gecko/20100101 Firefox/69.0)
[2019-09-10 15:23:55] ---- BROWSER:  Firefox 69.0 (Mozilla/5.0 (Windows NT 10.0; Win64; x64; rv:69.0) Gecko/20100101 Firefox/69.0)
[2019-09-10 15:23:55] ---- FROM  ::1 (WinNT)
[2019-09-10 15:23:55] ---- BROWSER:  Firefox 69.0 (Mozilla/5.0 (Windows NT 10.0; Win64; x64; rv:69.0) Gecko/20100101 Firefox/69.0)
[2019-09-10 15:23:55] 200 - OK - text/xml
[2019-09-10 15:23:55] 200 - OK - text/xml
[2019-09-10 15:23:55] 200 - OK - text/xml
[2019-09-10 15:23:55] 200 - OK - text/xml
[2019-09-10 15:23:55] 200 - OK - text/xml
[2019-09-10 15:23:55] ---- BROWSER:  Firefox 69.0 (Mozilla/5.0 (Windows NT 10.0; Win64; x64; rv:69.0) Gecko/20100101 Firefox/69.0)
[2019-09-10 15:23:55] ---- FROM  ::1 (WinNT)
[2019-09-10 15:23:55] ---- BROWSER:  Firefox 69.0 (Mozilla/5.0 (Windows NT 10.0; Win64; x64; rv:69.0) Gecko/20100101 Firefox/69.0)
[2019-09-10 15:23:55] 200 - OK - text/xml
[2019-09-10 15:23:55] 200 - OK - text/xml
[2019-09-10 15:25:17] REQUEST GET - https://localhost:8082/qa/qualitativa
[2019-09-10 15:25:17] ---- FROM  ::1 (WinNT)
[2019-09-10 15:25:17] ---- BROWSER:  Firefox 69.0 (Mozilla/5.0 (Windows NT 10.0; Win64; x64; rv:69.0) Gecko/20100101 Firefox/69.0)
[2019-09-10 15:25:18] 200 - OK - text/html
[2019-09-10 15:25:18] REQUEST POST - https://localhost:8082/public/ws/QAnalysis.asmx/Get
[2019-09-10 15:25:18] ---- FROM  ::1 (WinNT)
[2019-09-10 15:25:18] ---- BROWSER:  Firefox 69.0 (Mozilla/5.0 (Windows NT 10.0; Win64; x64; rv:69.0) Gecko/20100101 Firefox/69.0)
[2019-09-10 15:25:18] ---- CONTENT: {data : "<?xml version='1.0' encoding='utf-8' ?><Request ID='20190910152518683'><General><Token>61111131252223224013000011333653</Token></General><Data></Data></Request>"}
[2019-09-10 15:25:18] 200 - OK - application/json
[2019-09-10 15:25:18] REQUEST POST - https://localhost:8082/public/ws/Config.asmx/All_Get
[2019-09-10 15:25:18] ---- FROM  ::1 (WinNT)
[2019-09-10 15:25:18] ---- BROWSER:  Firefox 69.0 (Mozilla/5.0 (Windows NT 10.0; Win64; x64; rv:69.0) Gecko/20100101 Firefox/69.0)
[2019-09-10 15:25:18] ---- CONTENT: {data : "<?xml version='1.0' encoding='utf-8' ?><Request ID='20190910152518767'><General><Token>61111131252223224013000011333653</Token></General><Data></Data></Request>"}
[2019-09-10 15:25:18] 200 - OK - application/json
[2019-09-10 15:25:18] REQUEST POST - https://localhost:8082/public/ws/Economics.asmx/messaggi_summary
[2019-09-10 15:25:18] ---- FROM  ::1 (WinNT)
[2019-09-10 15:25:18] ---- BROWSER:  Firefox 69.0 (Mozilla/5.0 (Windows NT 10.0; Win64; x64; rv:69.0) Gecko/20100101 Firefox/69.0)
[2019-09-10 15:25:18] ---- CONTENT: {data : "<?xml version='1.0' encoding='utf-8' ?><Request ID='20190910152518816'><General><Token>61111131252223224013000011333653</Token></General><Data></Data></Request>"}
[2019-09-10 15:25:18] 200 - OK - application/json
[2019-09-10 15:25:18] REQUEST POST - https://localhost:8082/public/ws/Config.asmx/All_Get
[2019-09-10 15:25:18] ---- FROM  ::1 (WinNT)
[2019-09-10 15:25:18] ---- BROWSER:  Firefox 69.0 (Mozilla/5.0 (Windows NT 10.0; Win64; x64; rv:69.0) Gecko/20100101 Firefox/69.0)
[2019-09-10 15:25:18] ---- CONTENT: {data : "<?xml version='1.0' encoding='utf-8' ?><Request ID='20190910152518893'><General><Token>61111131252223224013000011333653</Token></General><Data></Data></Request>"}
[2019-09-10 15:25:18] 200 - OK - application/json
[2019-09-10 15:25:18] REQUEST POST - https://localhost:8082/public/ws/Config.asmx/All_Get
[2019-09-10 15:25:18] ---- FROM  ::1 (WinNT)
[2019-09-10 15:25:18] ---- BROWSER:  Firefox 69.0 (Mozilla/5.0 (Windows NT 10.0; Win64; x64; rv:69.0) Gecko/20100101 Firefox/69.0)
[2019-09-10 15:25:18] ---- CONTENT: {data : "<?xml version='1.0' encoding='utf-8' ?><Request ID='20190910152518943'><General><Token>61111131252223224013000011333653</Token></General><Data></Data></Request>"}
[2019-09-10 15:25:18] REQUEST GET - https://localhost:8082/public/ws/Resources.ashx/xml-qa
[2019-09-10 15:25:19] ---- FROM  ::1 (WinNT)
[2019-09-10 15:25:19] ---- BROWSER:  Firefox 69.0 (Mozilla/5.0 (Windows NT 10.0; Win64; x64; rv:69.0) Gecko/20100101 Firefox/69.0)
[2019-09-10 15:25:18] REQUEST GET - https://localhost:8082/public/ws/Resources.ashx/xml-qa
[2019-09-10 15:25:19] ---- FROM  ::1 (WinNT)
[2019-09-10 15:25:19] REQUEST GET - https://localhost:8082/public/ws/Resources.ashx/xml-qa
[2019-09-10 15:25:19] REQUEST GET - https://localhost:8082/public/ws/Resources.ashx/xml-qa
[2019-09-10 15:25:19] 200 - OK - application/json
[2019-09-10 15:25:19] REQUEST GET - https://localhost:8082/public/ws/Resources.ashx/xml-qa
[2019-09-10 15:25:19] REQUEST GET - https://localhost:8082/public/ws/Resources.ashx/xml-qa
[2019-09-10 15:25:19] REQUEST GET - https://localhost:8082/public/ws/Resources.ashx/xml-qa
[2019-09-10 15:25:19] REQUEST GET - https://localhost:8082/public/ws/Resources.ashx/xml-qa
[2019-09-10 15:25:19] ---- FROM  ::1 (WinNT)
[2019-09-10 15:25:19] REQUEST GET - https://localhost:8082/public/ws/Resources.ashx/xml-qa
[2019-09-10 15:25:19] ---- FROM  ::1 (WinNT)
[2019-09-10 15:25:19] ---- BROWSER:  Firefox 69.0 (Mozilla/5.0 (Windows NT 10.0; Win64; x64; rv:69.0) Gecko/20100101 Firefox/69.0)
[2019-09-10 15:25:19] ---- FROM  ::1 (WinNT)
[2019-09-10 15:25:19] 200 - OK - text/xml
[2019-09-10 15:25:19] ---- FROM  ::1 (WinNT)
[2019-09-10 15:25:19] REQUEST GET - https://localhost:8082/public/ws/Resources.ashx/xml-qa
[2019-09-10 15:25:19] ---- FROM  ::1 (WinNT)
[2019-09-10 15:25:19] ---- FROM  ::1 (WinNT)
[2019-09-10 15:25:19] ---- BROWSER:  Firefox 69.0 (Mozilla/5.0 (Windows NT 10.0; Win64; x64; rv:69.0) Gecko/20100101 Firefox/69.0)
[2019-09-10 15:25:19] ---- BROWSER:  Firefox 69.0 (Mozilla/5.0 (Windows NT 10.0; Win64; x64; rv:69.0) Gecko/20100101 Firefox/69.0)
[2019-09-10 15:25:19] ---- FROM  ::1 (WinNT)
[2019-09-10 15:25:19] ---- BROWSER:  Firefox 69.0 (Mozilla/5.0 (Windows NT 10.0; Win64; x64; rv:69.0) Gecko/20100101 Firefox/69.0)
[2019-09-10 15:25:19] ---- BROWSER:  Firefox 69.0 (Mozilla/5.0 (Windows NT 10.0; Win64; x64; rv:69.0) Gecko/20100101 Firefox/69.0)
[2019-09-10 15:25:19] ---- FROM  ::1 (WinNT)
[2019-09-10 15:25:19] REQUEST GET - https://localhost:8082/public/ws/Resources.ashx/xml-qa
[2019-09-10 15:25:19] ---- BROWSER:  Firefox 69.0 (Mozilla/5.0 (Windows NT 10.0; Win64; x64; rv:69.0) Gecko/20100101 Firefox/69.0)
[2019-09-10 15:25:19] 200 - OK - text/xml
[2019-09-10 15:25:19] ---- BROWSER:  Firefox 69.0 (Mozilla/5.0 (Windows NT 10.0; Win64; x64; rv:69.0) Gecko/20100101 Firefox/69.0)
[2019-09-10 15:25:19] 200 - OK - text/xml
[2019-09-10 15:25:19] 200 - OK - text/xml
[2019-09-10 15:25:19] ---- BROWSER:  Firefox 69.0 (Mozilla/5.0 (Windows NT 10.0; Win64; x64; rv:69.0) Gecko/20100101 Firefox/69.0)
[2019-09-10 15:25:19] 200 - OK - text/xml
[2019-09-10 15:25:19] 200 - OK - text/xml
[2019-09-10 15:25:19] ---- FROM  ::1 (WinNT)
[2019-09-10 15:25:19] REQUEST GET - https://localhost:8082/public/ws/Resources.ashx/xml-qa
[2019-09-10 15:25:19] REQUEST GET - https://localhost:8082/public/ws/Resources.ashx/xml-qa
[2019-09-10 15:25:19] REQUEST GET - https://localhost:8082/public/ws/Resources.ashx/xml-qa
[2019-09-10 15:25:19] 200 - OK - text/xml
[2019-09-10 15:25:19] REQUEST GET - https://localhost:8082/public/ws/Resources.ashx/xml-qa
[2019-09-10 15:25:19] REQUEST GET - https://localhost:8082/public/ws/Resources.ashx/xml-qa
[2019-09-10 15:25:19] ---- BROWSER:  Firefox 69.0 (Mozilla/5.0 (Windows NT 10.0; Win64; x64; rv:69.0) Gecko/20100101 Firefox/69.0)
[2019-09-10 15:25:19] ---- FROM  ::1 (WinNT)
[2019-09-10 15:25:19] ---- FROM  ::1 (WinNT)
[2019-09-10 15:25:19] ---- FROM  ::1 (WinNT)
[2019-09-10 15:25:19] ---- FROM  ::1 (WinNT)
[2019-09-10 15:25:19] REQUEST GET - https://localhost:8082/public/ws/Resources.ashx/xml-qa
[2019-09-10 15:25:19] ---- FROM  ::1 (WinNT)
[2019-09-10 15:25:19] 200 - OK - text/xml
[2019-09-10 15:25:19] 200 - OK - text/xml
[2019-09-10 15:25:19] ---- BROWSER:  Firefox 69.0 (Mozilla/5.0 (Windows NT 10.0; Win64; x64; rv:69.0) Gecko/20100101 Firefox/69.0)
[2019-09-10 15:25:19] ---- BROWSER:  Firefox 69.0 (Mozilla/5.0 (Windows NT 10.0; Win64; x64; rv:69.0) Gecko/20100101 Firefox/69.0)
[2019-09-10 15:25:19] ---- BROWSER:  Firefox 69.0 (Mozilla/5.0 (Windows NT 10.0; Win64; x64; rv:69.0) Gecko/20100101 Firefox/69.0)
[2019-09-10 15:25:19] ---- BROWSER:  Firefox 69.0 (Mozilla/5.0 (Windows NT 10.0; Win64; x64; rv:69.0) Gecko/20100101 Firefox/69.0)
[2019-09-10 15:25:19] ---- BROWSER:  Firefox 69.0 (Mozilla/5.0 (Windows NT 10.0; Win64; x64; rv:69.0) Gecko/20100101 Firefox/69.0)
[2019-09-10 15:25:19] ---- FROM  ::1 (WinNT)
[2019-09-10 15:25:19] 200 - OK - text/xml
[2019-09-10 15:25:19] REQUEST GET - https://localhost:8082/public/ws/Resources.ashx/xml-qa
[2019-09-10 15:25:19] REQUEST GET - https://localhost:8082/public/ws/Resources.ashx/xml-qa
[2019-09-10 15:25:19] 200 - OK - text/xml
[2019-09-10 15:25:19] 200 - OK - text/xml
[2019-09-10 15:25:19] 200 - OK - text/xml
[2019-09-10 15:25:19] ---- BROWSER:  Firefox 69.0 (Mozilla/5.0 (Windows NT 10.0; Win64; x64; rv:69.0) Gecko/20100101 Firefox/69.0)
[2019-09-10 15:25:19] 200 - OK - text/xml
[2019-09-10 15:25:19] ---- FROM  ::1 (WinNT)
[2019-09-10 15:25:19] ---- FROM  ::1 (WinNT)
[2019-09-10 15:25:19] REQUEST GET - https://localhost:8082/public/ws/Resources.ashx/xml-qa
[2019-09-10 15:25:19] REQUEST GET - https://localhost:8082/public/ws/Resources.ashx/xml-qa
[2019-09-10 15:25:19] 200 - OK - text/xml
[2019-09-10 15:25:19] REQUEST GET - https://localhost:8082/public/ws/Resources.ashx/xml-qa
[2019-09-10 15:25:19] REQUEST GET - https://localhost:8082/public/ws/Resources.ashx/xml-qa
[2019-09-10 15:25:19] REQUEST GET - https://localhost:8082/public/ws/Resources.ashx/xml-qa
[2019-09-10 15:25:19] 200 - OK - text/xml
[2019-09-10 15:25:19] ---- BROWSER:  Firefox 69.0 (Mozilla/5.0 (Windows NT 10.0; Win64; x64; rv:69.0) Gecko/20100101 Firefox/69.0)
[2019-09-10 15:25:19] ---- BROWSER:  Firefox 69.0 (Mozilla/5.0 (Windows NT 10.0; Win64; x64; rv:69.0) Gecko/20100101 Firefox/69.0)
[2019-09-10 15:25:19] ---- FROM  ::1 (WinNT)
[2019-09-10 15:25:19] ---- FROM  ::1 (WinNT)
[2019-09-10 15:25:19] ---- FROM  ::1 (WinNT)
[2019-09-10 15:25:19] ---- FROM  ::1 (WinNT)
[2019-09-10 15:25:19] ---- FROM  ::1 (WinNT)
[2019-09-10 15:25:19] REQUEST GET - https://localhost:8082/public/ws/Resources.ashx/xml-qa
[2019-09-10 15:25:19] 200 - OK - text/xml
[2019-09-10 15:25:19] ---- BROWSER:  Firefox 69.0 (Mozilla/5.0 (Windows NT 10.0; Win64; x64; rv:69.0) Gecko/20100101 Firefox/69.0)
[2019-09-10 15:25:19] REQUEST GET - https://localhost:8082/public/ws/Resources.ashx/xml-qa
[2019-09-10 15:25:19] 200 - OK - text/xml
[2019-09-10 15:25:19] ---- BROWSER:  Firefox 69.0 (Mozilla/5.0 (Windows NT 10.0; Win64; x64; rv:69.0) Gecko/20100101 Firefox/69.0)
[2019-09-10 15:25:19] ---- BROWSER:  Firefox 69.0 (Mozilla/5.0 (Windows NT 10.0; Win64; x64; rv:69.0) Gecko/20100101 Firefox/69.0)
[2019-09-10 15:25:19] ---- BROWSER:  Firefox 69.0 (Mozilla/5.0 (Windows NT 10.0; Win64; x64; rv:69.0) Gecko/20100101 Firefox/69.0)
[2019-09-10 15:25:19] 200 - OK - text/xml
[2019-09-10 15:25:19] REQUEST GET - https://localhost:8082/public/ws/Resources.ashx/xml-qa
[2019-09-10 15:25:19] ---- BROWSER:  Firefox 69.0 (Mozilla/5.0 (Windows NT 10.0; Win64; x64; rv:69.0) Gecko/20100101 Firefox/69.0)
[2019-09-10 15:25:19] ---- FROM  ::1 (WinNT)
[2019-09-10 15:25:19] ---- FROM  ::1 (WinNT)
[2019-09-10 15:25:19] REQUEST GET - https://localhost:8082/public/ws/Resources.ashx/xml-qa
[2019-09-10 15:25:19] 200 - OK - text/xml
[2019-09-10 15:25:19] 200 - OK - text/xml
[2019-09-10 15:25:19] 200 - OK - text/xml
[2019-09-10 15:25:19] ---- FROM  ::1 (WinNT)
[2019-09-10 15:25:19] 200 - OK - text/xml
[2019-09-10 15:25:19] REQUEST GET - https://localhost:8082/public/ws/Resources.ashx/xml-qa
[2019-09-10 15:25:19] REQUEST GET - https://localhost:8082/public/ws/Resources.ashx/xml-qa
[2019-09-10 15:25:19] ---- BROWSER:  Firefox 69.0 (Mozilla/5.0 (Windows NT 10.0; Win64; x64; rv:69.0) Gecko/20100101 Firefox/69.0)
[2019-09-10 15:25:19] ---- FROM  ::1 (WinNT)
[2019-09-10 15:25:19] REQUEST GET - https://localhost:8082/public/ws/Resources.ashx/xml-qa
[2019-09-10 15:25:19] ---- BROWSER:  Firefox 69.0 (Mozilla/5.0 (Windows NT 10.0; Win64; x64; rv:69.0) Gecko/20100101 Firefox/69.0)
[2019-09-10 15:25:19] REQUEST GET - https://localhost:8082/public/ws/Resources.ashx/xml-qa
[2019-09-10 15:25:19] ---- FROM  ::1 (WinNT)
[2019-09-10 15:25:19] REQUEST GET - https://localhost:8082/public/ws/Resources.ashx/xml-qa
[2019-09-10 15:25:19] ---- BROWSER:  Firefox 69.0 (Mozilla/5.0 (Windows NT 10.0; Win64; x64; rv:69.0) Gecko/20100101 Firefox/69.0)
[2019-09-10 15:25:19] ---- FROM  ::1 (WinNT)
[2019-09-10 15:25:19] ---- BROWSER:  Firefox 69.0 (Mozilla/5.0 (Windows NT 10.0; Win64; x64; rv:69.0) Gecko/20100101 Firefox/69.0)
[2019-09-10 15:25:19] 200 - OK - text/xml
[2019-09-10 15:25:19] ---- FROM  ::1 (WinNT)
[2019-09-10 15:25:19] ---- FROM  ::1 (WinNT)
[2019-09-10 15:25:19] ---- BROWSER:  Firefox 69.0 (Mozilla/5.0 (Windows NT 10.0; Win64; x64; rv:69.0) Gecko/20100101 Firefox/69.0)
[2019-09-10 15:25:19] 200 - OK - text/xml
[2019-09-10 15:25:19] ---- FROM  ::1 (WinNT)
[2019-09-10 15:25:19] 200 - OK - text/xml
[2019-09-10 15:25:19] REQUEST GET - https://localhost:8082/public/ws/Resources.ashx/xml-qa
[2019-09-10 15:25:19] ---- BROWSER:  Firefox 69.0 (Mozilla/5.0 (Windows NT 10.0; Win64; x64; rv:69.0) Gecko/20100101 Firefox/69.0)
[2019-09-10 15:25:19] 200 - OK - text/xml
[2019-09-10 15:25:19] ---- BROWSER:  Firefox 69.0 (Mozilla/5.0 (Windows NT 10.0; Win64; x64; rv:69.0) Gecko/20100101 Firefox/69.0)
[2019-09-10 15:25:19] ---- BROWSER:  Firefox 69.0 (Mozilla/5.0 (Windows NT 10.0; Win64; x64; rv:69.0) Gecko/20100101 Firefox/69.0)
[2019-09-10 15:25:19] REQUEST GET - https://localhost:8082/public/ws/Resources.ashx/xml-qa
[2019-09-10 15:25:19] 200 - OK - text/xml
[2019-09-10 15:25:19] ---- FROM  ::1 (WinNT)
[2019-09-10 15:25:19] ---- BROWSER:  Firefox 69.0 (Mozilla/5.0 (Windows NT 10.0; Win64; x64; rv:69.0) Gecko/20100101 Firefox/69.0)
[2019-09-10 15:25:19] ---- BROWSER:  Firefox 69.0 (Mozilla/5.0 (Windows NT 10.0; Win64; x64; rv:69.0) Gecko/20100101 Firefox/69.0)
[2019-09-10 15:25:19] 200 - OK - text/xml
[2019-09-10 15:25:19] 200 - OK - text/xml
[2019-09-10 15:25:19] 200 - OK - text/xml
[2019-09-10 15:25:19] ---- FROM  ::1 (WinNT)
[2019-09-10 15:25:20] ---- BROWSER:  Firefox 69.0 (Mozilla/5.0 (Windows NT 10.0; Win64; x64; rv:69.0) Gecko/20100101 Firefox/69.0)
[2019-09-10 15:25:20] 200 - OK - text/xml
[2019-09-10 15:25:20] 200 - OK - text/xml
[2019-09-10 15:25:20] 200 - OK - text/xml
[2019-09-10 15:25:20] ---- BROWSER:  Firefox 69.0 (Mozilla/5.0 (Windows NT 10.0; Win64; x64; rv:69.0) Gecko/20100101 Firefox/69.0)
[2019-09-10 15:25:20] 200 - OK - text/xml
[2019-09-10 15:25:48] REQUEST GET - https://localhost:8082/settings/settings
[2019-09-10 15:25:48] ---- FROM  ::1 (WinNT)
[2019-09-10 15:25:48] ---- BROWSER:  Chrome 76.0 (Mozilla/5.0 (Windows NT 10.0; Win64; x64) AppleWebKit/537.36 (KHTML, like Gecko) Chrome/76.0.3809.132 Safari/537.36)
[2019-09-10 15:25:48] 200 - OK - text/html
[2019-09-10 15:25:48] REQUEST POST - https://localhost:8082/public/ws/General.asmx/Set
[2019-09-10 15:25:48] ---- FROM  ::1 (WinNT)
[2019-09-10 15:25:48] ---- BROWSER:  Chrome 76.0 (Mozilla/5.0 (Windows NT 10.0; Win64; x64) AppleWebKit/537.36 (KHTML, like Gecko) Chrome/76.0.3809.132 Safari/537.36)
[2019-09-10 15:25:48] ---- CONTENT: {data : "<?xml version='1.0' encoding='utf-8' ?><Request ID='20190910152548615'><General><Token>61111131252223224013000011333653</Token></General><Data><Nome></Nome><Logo>https%3A%2F%2Flocalhost%3A8082%2Fscratch%2Fpl_logo.png</Logo></Data></Request>"}
[2019-09-10 15:25:48] 200 - OK - application/json
[2019-09-10 15:25:48] REQUEST POST - https://localhost:8082/public/ws/Config.asmx/General_Get
[2019-09-10 15:25:48] ---- FROM  ::1 (WinNT)
[2019-09-10 15:25:48] ---- BROWSER:  Chrome 76.0 (Mozilla/5.0 (Windows NT 10.0; Win64; x64) AppleWebKit/537.36 (KHTML, like Gecko) Chrome/76.0.3809.132 Safari/537.36)
[2019-09-10 15:25:48] ---- CONTENT: {data : "<?xml version='1.0' encoding='utf-8' ?><Request ID='20190910152548648'><General><Token>61111131252223224013000011333653</Token></General><Data></Data></Request>"}
[2019-09-10 15:25:48] 200 - OK - application/json
[2019-09-10 15:25:48] REQUEST POST - https://localhost:8082/public/ws/Config.asmx/All_Get
[2019-09-10 15:25:48] ---- FROM  ::1 (WinNT)
[2019-09-10 15:25:48] ---- BROWSER:  Chrome 76.0 (Mozilla/5.0 (Windows NT 10.0; Win64; x64) AppleWebKit/537.36 (KHTML, like Gecko) Chrome/76.0.3809.132 Safari/537.36)
[2019-09-10 15:25:48] ---- CONTENT: {data : "<?xml version='1.0' encoding='utf-8' ?><Request ID='20190910152548714'><General><Token>61111131252223224013000011333653</Token></General><Data></Data></Request>"}
[2019-09-10 15:25:48] REQUEST POST - https://localhost:8082/public/ws/Economics.asmx/messaggi_summary
[2019-09-10 15:25:48] 200 - OK - application/json
[2019-09-10 15:25:48] ---- FROM  ::1 (WinNT)
[2019-09-10 15:25:48] ---- BROWSER:  Chrome 76.0 (Mozilla/5.0 (Windows NT 10.0; Win64; x64) AppleWebKit/537.36 (KHTML, like Gecko) Chrome/76.0.3809.132 Safari/537.36)
[2019-09-10 15:25:48] ---- CONTENT: {data : "<?xml version='1.0' encoding='utf-8' ?><Request ID='20190910152548738'><General><Token>61111131252223224013000011333653</Token></General><Data></Data></Request>"}
[2019-09-10 15:25:48] 200 - OK - application/json
[2019-09-10 15:25:48] REQUEST POST - https://localhost:8082/public/ws/Config.asmx/All_Get
[2019-09-10 15:25:48] ---- FROM  ::1 (WinNT)
[2019-09-10 15:25:48] ---- BROWSER:  Chrome 76.0 (Mozilla/5.0 (Windows NT 10.0; Win64; x64) AppleWebKit/537.36 (KHTML, like Gecko) Chrome/76.0.3809.132 Safari/537.36)
[2019-09-10 15:25:48] ---- CONTENT: {data : "<?xml version='1.0' encoding='utf-8' ?><Request ID='20190910152548819'><General><Token>61111131252223224013000011333653</Token></General><Data></Data></Request>"}
[2019-09-10 15:25:48] 200 - OK - application/json
[2019-09-10 15:25:48] REQUEST POST - https://localhost:8082/public/ws/Config.asmx/All_Get
[2019-09-10 15:25:48] ---- FROM  ::1 (WinNT)
[2019-09-10 15:25:48] ---- BROWSER:  Chrome 76.0 (Mozilla/5.0 (Windows NT 10.0; Win64; x64) AppleWebKit/537.36 (KHTML, like Gecko) Chrome/76.0.3809.132 Safari/537.36)
[2019-09-10 15:25:48] ---- CONTENT: {data : "<?xml version='1.0' encoding='utf-8' ?><Request ID='20190910152548958'><General><Token>61111131252223224013000011333653</Token></General><Data></Data></Request>"}
[2019-09-10 15:25:48] REQUEST GET - https://localhost:8082/public/ws/Resources.ashx/xml-general
[2019-09-10 15:25:48] ---- FROM  ::1 (WinNT)
[2019-09-10 15:25:48] ---- BROWSER:  Chrome 76.0 (Mozilla/5.0 (Windows NT 10.0; Win64; x64) AppleWebKit/537.36 (KHTML, like Gecko) Chrome/76.0.3809.132 Safari/537.36)
[2019-09-10 15:25:48] 200 - OK - text/xml
[2019-09-10 15:25:48] 200 - OK - application/json
[2019-09-10 15:25:49] REQUEST GET - https://localhost:8082/public/ws/Resources.ashx/xml-general
[2019-09-10 15:25:49] ---- FROM  ::1 (WinNT)
[2019-09-10 15:25:49] ---- BROWSER:  Chrome 76.0 (Mozilla/5.0 (Windows NT 10.0; Win64; x64) AppleWebKit/537.36 (KHTML, like Gecko) Chrome/76.0.3809.132 Safari/537.36)
[2019-09-10 15:25:49] 200 - OK - text/xml
[2019-09-10 15:26:00] REQUEST GET - https://localhost:8082/settings/settings
[2019-09-10 15:26:00] ---- FROM  ::1 (WinNT)
[2019-09-10 15:26:00] ---- BROWSER:  Chrome 76.0 (Mozilla/5.0 (Windows NT 10.0; Win64; x64) AppleWebKit/537.36 (KHTML, like Gecko) Chrome/76.0.3809.132 Safari/537.36)
[2019-09-10 15:26:00] 200 - OK - text/html
[2019-09-10 15:26:01] REQUEST POST - https://localhost:8082/public/ws/General.asmx/Set
[2019-09-10 15:26:01] ---- FROM  ::1 (WinNT)
[2019-09-10 15:26:01] ---- BROWSER:  Chrome 76.0 (Mozilla/5.0 (Windows NT 10.0; Win64; x64) AppleWebKit/537.36 (KHTML, like Gecko) Chrome/76.0.3809.132 Safari/537.36)
[2019-09-10 15:26:01] ---- CONTENT: {data : "<?xml version='1.0' encoding='utf-8' ?><Request ID='2019091015260145'><General><Token>61111131252223224013000011333653</Token></General><Data><Nome></Nome><Logo>https%3A%2F%2Flocalhost%3A8082%2Fscratch%2Fpl_logo.png</Logo></Data></Request>"}
[2019-09-10 15:26:01] 200 - OK - application/json
[2019-09-10 15:26:01] REQUEST POST - https://localhost:8082/public/ws/Config.asmx/General_Get
[2019-09-10 15:26:01] ---- FROM  ::1 (WinNT)
[2019-09-10 15:26:01] ---- BROWSER:  Chrome 76.0 (Mozilla/5.0 (Windows NT 10.0; Win64; x64) AppleWebKit/537.36 (KHTML, like Gecko) Chrome/76.0.3809.132 Safari/537.36)
[2019-09-10 15:26:01] ---- CONTENT: {data : "<?xml version='1.0' encoding='utf-8' ?><Request ID='2019091015260172'><General><Token>61111131252223224013000011333653</Token></General><Data></Data></Request>"}
[2019-09-10 15:26:01] 200 - OK - application/json
[2019-09-10 15:26:01] REQUEST POST - https://localhost:8082/public/ws/Config.asmx/All_Get
[2019-09-10 15:26:01] ---- FROM  ::1 (WinNT)
[2019-09-10 15:26:01] ---- BROWSER:  Chrome 76.0 (Mozilla/5.0 (Windows NT 10.0; Win64; x64) AppleWebKit/537.36 (KHTML, like Gecko) Chrome/76.0.3809.132 Safari/537.36)
[2019-09-10 15:26:01] ---- CONTENT: {data : "<?xml version='1.0' encoding='utf-8' ?><Request ID='20190910152601136'><General><Token>61111131252223224013000011333653</Token></General><Data></Data></Request>"}
[2019-09-10 15:26:01] REQUEST POST - https://localhost:8082/public/ws/Economics.asmx/messaggi_summary
[2019-09-10 15:26:01] ---- FROM  ::1 (WinNT)
[2019-09-10 15:26:01] ---- BROWSER:  Chrome 76.0 (Mozilla/5.0 (Windows NT 10.0; Win64; x64) AppleWebKit/537.36 (KHTML, like Gecko) Chrome/76.0.3809.132 Safari/537.36)
[2019-09-10 15:26:01] ---- CONTENT: {data : "<?xml version='1.0' encoding='utf-8' ?><Request ID='20190910152601164'><General><Token>61111131252223224013000011333653</Token></General><Data></Data></Request>"}
[2019-09-10 15:26:01] 200 - OK - application/json
[2019-09-10 15:26:01] 200 - OK - application/json
[2019-09-10 15:26:01] REQUEST POST - https://localhost:8082/public/ws/Config.asmx/All_Get
[2019-09-10 15:26:01] ---- FROM  ::1 (WinNT)
[2019-09-10 15:26:01] ---- BROWSER:  Chrome 76.0 (Mozilla/5.0 (Windows NT 10.0; Win64; x64) AppleWebKit/537.36 (KHTML, like Gecko) Chrome/76.0.3809.132 Safari/537.36)
[2019-09-10 15:26:01] ---- CONTENT: {data : "<?xml version='1.0' encoding='utf-8' ?><Request ID='20190910152601300'><General><Token>61111131252223224013000011333653</Token></General><Data></Data></Request>"}
[2019-09-10 15:26:01] 200 - OK - application/json
[2019-09-10 15:26:01] REQUEST POST - https://localhost:8082/public/ws/Config.asmx/All_Get
[2019-09-10 15:26:01] ---- FROM  ::1 (WinNT)
[2019-09-10 15:26:01] ---- BROWSER:  Chrome 76.0 (Mozilla/5.0 (Windows NT 10.0; Win64; x64) AppleWebKit/537.36 (KHTML, like Gecko) Chrome/76.0.3809.132 Safari/537.36)
[2019-09-10 15:26:01] ---- CONTENT: {data : "<?xml version='1.0' encoding='utf-8' ?><Request ID='20190910152601397'><General><Token>61111131252223224013000011333653</Token></General><Data></Data></Request>"}
[2019-09-10 15:26:01] REQUEST GET - https://localhost:8082/public/ws/Resources.ashx/xml-general
[2019-09-10 15:26:01] ---- FROM  ::1 (WinNT)
[2019-09-10 15:26:01] ---- BROWSER:  Chrome 76.0 (Mozilla/5.0 (Windows NT 10.0; Win64; x64) AppleWebKit/537.36 (KHTML, like Gecko) Chrome/76.0.3809.132 Safari/537.36)
[2019-09-10 15:26:01] 200 - OK - application/json
[2019-09-10 15:26:01] 200 - OK - text/xml
[2019-09-10 15:26:01] REQUEST GET - https://localhost:8082/public/ws/Resources.ashx/xml-general
[2019-09-10 15:26:01] ---- FROM  ::1 (WinNT)
[2019-09-10 15:26:01] ---- BROWSER:  Chrome 76.0 (Mozilla/5.0 (Windows NT 10.0; Win64; x64) AppleWebKit/537.36 (KHTML, like Gecko) Chrome/76.0.3809.132 Safari/537.36)
[2019-09-10 15:26:01] 200 - OK - text/xml
[2019-09-10 15:26:23] REQUEST GET - https://localhost:8082/settings/settings
[2019-09-10 15:26:23] ---- FROM  ::1 (WinNT)
[2019-09-10 15:26:23] ---- BROWSER:  Chrome 76.0 (Mozilla/5.0 (Windows NT 10.0; Win64; x64) AppleWebKit/537.36 (KHTML, like Gecko) Chrome/76.0.3809.132 Safari/537.36)
[2019-09-10 15:26:23] 302 - Found - text/html
[2019-09-10 15:26:23] REQUEST GET - https://localhost:8082/public/aspx/Home.aspx?ReturnUrl=%2fsettings%2fsettings
[2019-09-10 15:26:23] ---- FROM  ::1 (WinNT)
[2019-09-10 15:26:23] ---- BROWSER:  Chrome 76.0 (Mozilla/5.0 (Windows NT 10.0; Win64; x64) AppleWebKit/537.36 (KHTML, like Gecko) Chrome/76.0.3809.132 Safari/537.36)
[2019-09-10 15:26:23] 200 - OK - text/html
[2019-09-10 15:26:27] REQUEST POST - https://localhost:8082/public/aspx/Home.aspx
[2019-09-10 15:26:27] ---- FROM  ::1 (WinNT)
[2019-09-10 15:26:27] ---- BROWSER:  Chrome 76.0 (Mozilla/5.0 (Windows NT 10.0; Win64; x64) AppleWebKit/537.36 (KHTML, like Gecko) Chrome/76.0.3809.132 Safari/537.36)
[2019-09-10 15:26:27] ---- CONTENT: Token%3D61111131252223224013000011333653%26TokenApiRest%3DeyJ0eXAiOiJKV1QiLCJhbGciOiJIUzI1NiJ9.eyJpc3MiOiJodHRwczpcL1wvd3d3cy5kZXYteWVhcC5pdCIsImlhdCI6MTU0MjI5NDMyMSwibmJmIjoxNTQyMjk0MzIxLCJleHAiOjE1NDI4OTkxMjEsImRhdGEiOnsidXNlciI6eyJpZCI6IjQ0In19fQ.RCP5OeoGASxAyBw1MbMD4BFJAcDM5JIXqYXKBALZcJI%26Logo%3Dhttps%3A%2F%2Flocalhost%3A8082%2Fscratch%2Fpl_logo.png%26Title%3DBusiness+Plan+Test+nr.+2=
[2019-09-10 15:26:28] 302 - Found - text/html
[2019-09-10 15:26:28] REQUEST GET - https://localhost:8082/home/welcome
[2019-09-10 15:26:28] ---- FROM  ::1 (WinNT)
[2019-09-10 15:26:28] ---- BROWSER:  Chrome 76.0 (Mozilla/5.0 (Windows NT 10.0; Win64; x64) AppleWebKit/537.36 (KHTML, like Gecko) Chrome/76.0.3809.132 Safari/537.36)
[2019-09-10 15:26:28] 200 - OK - text/html
[2019-09-10 15:26:29] REQUEST POST - https://localhost:8082/public/ws/General.asmx/Set
[2019-09-10 15:26:29] ---- FROM  ::1 (WinNT)
[2019-09-10 15:26:29] ---- BROWSER:  Chrome 76.0 (Mozilla/5.0 (Windows NT 10.0; Win64; x64) AppleWebKit/537.36 (KHTML, like Gecko) Chrome/76.0.3809.132 Safari/537.36)
[2019-09-10 15:26:29] ---- CONTENT: {data : "<?xml version='1.0' encoding='utf-8' ?><Request ID='20190910152629578'><General><Token>61111131252223224013000011333653</Token></General><Data><Nome>Business Plan Test nr. 2</Nome><Logo>https%3A%2F%2Flocalhost%3A8082%2Fscratch%2Fpl_logo.png</Logo></Data></Request>"}
[2019-09-10 15:26:29] 200 - OK - application/json
[2019-09-10 15:26:29] REQUEST POST - https://localhost:8082/public/ws/Config.asmx/Economics_Get
[2019-09-10 15:26:29] ---- FROM  ::1 (WinNT)
[2019-09-10 15:26:29] ---- BROWSER:  Chrome 76.0 (Mozilla/5.0 (Windows NT 10.0; Win64; x64) AppleWebKit/537.36 (KHTML, like Gecko) Chrome/76.0.3809.132 Safari/537.36)
[2019-09-10 15:26:29] ---- CONTENT: {data : "<?xml version='1.0' encoding='utf-8' ?><Request ID='20190910152629604'><General><Token>61111131252223224013000011333653</Token></General><Data></Data></Request>"}
[2019-09-10 15:26:29] 200 - OK - application/json
[2019-09-10 15:26:29] REQUEST POST - https://localhost:8082/public/ws/Config.asmx/All_Get
[2019-09-10 15:26:29] ---- FROM  ::1 (WinNT)
[2019-09-10 15:26:29] ---- BROWSER:  Chrome 76.0 (Mozilla/5.0 (Windows NT 10.0; Win64; x64) AppleWebKit/537.36 (KHTML, like Gecko) Chrome/76.0.3809.132 Safari/537.36)
[2019-09-10 15:26:29] ---- CONTENT: {data : "<?xml version='1.0' encoding='utf-8' ?><Request ID='20190910152629768'><General><Token>61111131252223224013000011333653</Token></General><Data></Data></Request>"}
[2019-09-10 15:26:29] REQUEST POST - https://localhost:8082/public/ws/Economics.asmx/messaggi_summary
[2019-09-10 15:26:29] ---- FROM  ::1 (WinNT)
[2019-09-10 15:26:29] ---- BROWSER:  Chrome 76.0 (Mozilla/5.0 (Windows NT 10.0; Win64; x64) AppleWebKit/537.36 (KHTML, like Gecko) Chrome/76.0.3809.132 Safari/537.36)
[2019-09-10 15:26:29] ---- CONTENT: {data : "<?xml version='1.0' encoding='utf-8' ?><Request ID='20190910152629786'><General><Token>61111131252223224013000011333653</Token></General><Data></Data></Request>"}
[2019-09-10 15:26:29] 200 - OK - application/json
[2019-09-10 15:26:29] 200 - OK - application/json
[2019-09-10 15:26:29] REQUEST POST - https://localhost:8082/public/ws/Config.asmx/All_Get
[2019-09-10 15:26:29] ---- FROM  ::1 (WinNT)
[2019-09-10 15:26:29] ---- BROWSER:  Chrome 76.0 (Mozilla/5.0 (Windows NT 10.0; Win64; x64) AppleWebKit/537.36 (KHTML, like Gecko) Chrome/76.0.3809.132 Safari/537.36)
[2019-09-10 15:26:29] ---- CONTENT: {data : "<?xml version='1.0' encoding='utf-8' ?><Request ID='20190910152629830'><General><Token>61111131252223224013000011333653</Token></General><Data></Data></Request>"}
[2019-09-10 15:26:29] 200 - OK - application/json
[2019-09-10 15:26:30] REQUEST POST - https://localhost:8082/public/ws/Config.asmx/All_Get
[2019-09-10 15:26:30] ---- FROM  ::1 (WinNT)
[2019-09-10 15:26:30] ---- BROWSER:  Chrome 76.0 (Mozilla/5.0 (Windows NT 10.0; Win64; x64) AppleWebKit/537.36 (KHTML, like Gecko) Chrome/76.0.3809.132 Safari/537.36)
[2019-09-10 15:26:30] ---- CONTENT: {data : "<?xml version='1.0' encoding='utf-8' ?><Request ID='2019091015263031'><General><Token>61111131252223224013000011333653</Token></General><Data></Data></Request>"}
[2019-09-10 15:26:30] 200 - OK - application/json
[2019-09-10 15:26:31] REQUEST GET - https://localhost:8082/settings/settings
[2019-09-10 15:26:31] ---- FROM  ::1 (WinNT)
[2019-09-10 15:26:31] ---- BROWSER:  Chrome 76.0 (Mozilla/5.0 (Windows NT 10.0; Win64; x64) AppleWebKit/537.36 (KHTML, like Gecko) Chrome/76.0.3809.132 Safari/537.36)
[2019-09-10 15:26:32] 200 - OK - text/html
[2019-09-10 15:26:32] REQUEST POST - https://localhost:8082/public/ws/General.asmx/Set
[2019-09-10 15:26:32] ---- FROM  ::1 (WinNT)
[2019-09-10 15:26:32] ---- BROWSER:  Chrome 76.0 (Mozilla/5.0 (Windows NT 10.0; Win64; x64) AppleWebKit/537.36 (KHTML, like Gecko) Chrome/76.0.3809.132 Safari/537.36)
[2019-09-10 15:26:32] ---- CONTENT: {data : "<?xml version='1.0' encoding='utf-8' ?><Request ID='20190910152632533'><General><Token>61111131252223224013000011333653</Token></General><Data><Nome></Nome><Logo>https%3A%2F%2Flocalhost%3A8082%2Fscratch%2Fpl_logo.png</Logo></Data></Request>"}
[2019-09-10 15:26:32] 200 - OK - application/json
[2019-09-10 15:26:32] REQUEST POST - https://localhost:8082/public/ws/Config.asmx/General_Get
[2019-09-10 15:26:32] ---- FROM  ::1 (WinNT)
[2019-09-10 15:26:32] ---- BROWSER:  Chrome 76.0 (Mozilla/5.0 (Windows NT 10.0; Win64; x64) AppleWebKit/537.36 (KHTML, like Gecko) Chrome/76.0.3809.132 Safari/537.36)
[2019-09-10 15:26:32] ---- CONTENT: {data : "<?xml version='1.0' encoding='utf-8' ?><Request ID='20190910152632561'><General><Token>61111131252223224013000011333653</Token></General><Data></Data></Request>"}
[2019-09-10 15:26:32] 200 - OK - application/json
[2019-09-10 15:26:32] REQUEST POST - https://localhost:8082/public/ws/Config.asmx/All_Get
[2019-09-10 15:26:32] ---- FROM  ::1 (WinNT)
[2019-09-10 15:26:32] ---- BROWSER:  Chrome 76.0 (Mozilla/5.0 (Windows NT 10.0; Win64; x64) AppleWebKit/537.36 (KHTML, like Gecko) Chrome/76.0.3809.132 Safari/537.36)
[2019-09-10 15:26:32] ---- CONTENT: {data : "<?xml version='1.0' encoding='utf-8' ?><Request ID='20190910152632635'><General><Token>61111131252223224013000011333653</Token></General><Data></Data></Request>"}
[2019-09-10 15:26:32] 200 - OK - application/json
[2019-09-10 15:26:32] REQUEST POST - https://localhost:8082/public/ws/Economics.asmx/messaggi_summary
[2019-09-10 15:26:32] ---- FROM  ::1 (WinNT)
[2019-09-10 15:26:32] ---- BROWSER:  Chrome 76.0 (Mozilla/5.0 (Windows NT 10.0; Win64; x64) AppleWebKit/537.36 (KHTML, like Gecko) Chrome/76.0.3809.132 Safari/537.36)
[2019-09-10 15:26:32] ---- CONTENT: {data : "<?xml version='1.0' encoding='utf-8' ?><Request ID='20190910152632667'><General><Token>61111131252223224013000011333653</Token></General><Data></Data></Request>"}
[2019-09-10 15:26:32] 200 - OK - application/json
[2019-09-10 15:26:32] REQUEST POST - https://localhost:8082/public/ws/Config.asmx/All_Get
[2019-09-10 15:26:32] ---- FROM  ::1 (WinNT)
[2019-09-10 15:26:32] ---- BROWSER:  Chrome 76.0 (Mozilla/5.0 (Windows NT 10.0; Win64; x64) AppleWebKit/537.36 (KHTML, like Gecko) Chrome/76.0.3809.132 Safari/537.36)
[2019-09-10 15:26:32] ---- CONTENT: {data : "<?xml version='1.0' encoding='utf-8' ?><Request ID='20190910152632754'><General><Token>61111131252223224013000011333653</Token></General><Data></Data></Request>"}
[2019-09-10 15:26:32] 200 - OK - application/json
[2019-09-10 15:26:32] REQUEST POST - https://localhost:8082/public/ws/Config.asmx/All_Get
[2019-09-10 15:26:32] ---- FROM  ::1 (WinNT)
[2019-09-10 15:26:32] ---- BROWSER:  Chrome 76.0 (Mozilla/5.0 (Windows NT 10.0; Win64; x64) AppleWebKit/537.36 (KHTML, like Gecko) Chrome/76.0.3809.132 Safari/537.36)
[2019-09-10 15:26:32] ---- CONTENT: {data : "<?xml version='1.0' encoding='utf-8' ?><Request ID='20190910152632885'><General><Token>61111131252223224013000011333653</Token></General><Data></Data></Request>"}
[2019-09-10 15:26:32] 200 - OK - application/json
[2019-09-10 15:26:32] REQUEST GET - https://localhost:8082/public/ws/Resources.ashx/xml-general
[2019-09-10 15:26:32] ---- FROM  ::1 (WinNT)
[2019-09-10 15:26:32] ---- BROWSER:  Chrome 76.0 (Mozilla/5.0 (Windows NT 10.0; Win64; x64) AppleWebKit/537.36 (KHTML, like Gecko) Chrome/76.0.3809.132 Safari/537.36)
[2019-09-10 15:26:32] 200 - OK - text/xml
[2019-09-10 15:26:32] REQUEST GET - https://localhost:8082/public/ws/Resources.ashx/xml-general
[2019-09-10 15:26:32] ---- FROM  ::1 (WinNT)
[2019-09-10 15:26:32] ---- BROWSER:  Chrome 76.0 (Mozilla/5.0 (Windows NT 10.0; Win64; x64) AppleWebKit/537.36 (KHTML, like Gecko) Chrome/76.0.3809.132 Safari/537.36)
[2019-09-10 15:26:32] 200 - OK - text/xml
[2019-09-10 15:26:44] REQUEST GET - https://localhost:8082/qa/qualitativa
[2019-09-10 15:26:44] ---- FROM  ::1 (WinNT)
[2019-09-10 15:26:44] ---- BROWSER:  Chrome 76.0 (Mozilla/5.0 (Windows NT 10.0; Win64; x64) AppleWebKit/537.36 (KHTML, like Gecko) Chrome/76.0.3809.132 Safari/537.36)
[2019-09-10 15:26:44] 200 - OK - text/html
[2019-09-10 15:26:44] REQUEST POST - https://localhost:8082/public/ws/QAnalysis.asmx/Get
[2019-09-10 15:26:44] ---- FROM  ::1 (WinNT)
[2019-09-10 15:26:44] ---- BROWSER:  Chrome 76.0 (Mozilla/5.0 (Windows NT 10.0; Win64; x64) AppleWebKit/537.36 (KHTML, like Gecko) Chrome/76.0.3809.132 Safari/537.36)
[2019-09-10 15:26:44] ---- CONTENT: {data : "<?xml version='1.0' encoding='utf-8' ?><Request ID='20190910152644727'><General><Token>61111131252223224013000011333653</Token></General><Data></Data></Request>"}
[2019-09-10 15:26:44] 200 - OK - application/json
[2019-09-10 15:26:44] REQUEST POST - https://localhost:8082/public/ws/Config.asmx/All_Get
[2019-09-10 15:26:44] ---- FROM  ::1 (WinNT)
[2019-09-10 15:26:44] ---- BROWSER:  Chrome 76.0 (Mozilla/5.0 (Windows NT 10.0; Win64; x64) AppleWebKit/537.36 (KHTML, like Gecko) Chrome/76.0.3809.132 Safari/537.36)
[2019-09-10 15:26:44] ---- CONTENT: {data : "<?xml version='1.0' encoding='utf-8' ?><Request ID='20190910152644782'><General><Token>61111131252223224013000011333653</Token></General><Data></Data></Request>"}
[2019-09-10 15:26:44] 200 - OK - application/json
[2019-09-10 15:26:44] REQUEST POST - https://localhost:8082/public/ws/Economics.asmx/messaggi_summary
[2019-09-10 15:26:44] ---- FROM  ::1 (WinNT)
[2019-09-10 15:26:44] ---- BROWSER:  Chrome 76.0 (Mozilla/5.0 (Windows NT 10.0; Win64; x64) AppleWebKit/537.36 (KHTML, like Gecko) Chrome/76.0.3809.132 Safari/537.36)
[2019-09-10 15:26:44] ---- CONTENT: {data : "<?xml version='1.0' encoding='utf-8' ?><Request ID='20190910152644811'><General><Token>61111131252223224013000011333653</Token></General><Data></Data></Request>"}
[2019-09-10 15:26:44] 200 - OK - application/json
[2019-09-10 15:26:44] REQUEST POST - https://localhost:8082/public/ws/Config.asmx/All_Get
[2019-09-10 15:26:44] ---- FROM  ::1 (WinNT)
[2019-09-10 15:26:44] ---- BROWSER:  Chrome 76.0 (Mozilla/5.0 (Windows NT 10.0; Win64; x64) AppleWebKit/537.36 (KHTML, like Gecko) Chrome/76.0.3809.132 Safari/537.36)
[2019-09-10 15:26:44] ---- CONTENT: {data : "<?xml version='1.0' encoding='utf-8' ?><Request ID='20190910152644904'><General><Token>61111131252223224013000011333653</Token></General><Data></Data></Request>"}
[2019-09-10 15:26:44] 200 - OK - application/json
[2019-09-10 15:26:45] REQUEST POST - https://localhost:8082/public/ws/Config.asmx/All_Get
[2019-09-10 15:26:45] ---- FROM  ::1 (WinNT)
[2019-09-10 15:26:45] ---- BROWSER:  Chrome 76.0 (Mozilla/5.0 (Windows NT 10.0; Win64; x64) AppleWebKit/537.36 (KHTML, like Gecko) Chrome/76.0.3809.132 Safari/537.36)
[2019-09-10 15:26:45] ---- CONTENT: {data : "<?xml version='1.0' encoding='utf-8' ?><Request ID='2019091015264544'><General><Token>61111131252223224013000011333653</Token></General><Data></Data></Request>"}
[2019-09-10 15:26:45] 200 - OK - application/json
[2019-09-10 15:26:45] REQUEST GET - https://localhost:8082/public/ws/Resources.ashx/xml-qa
[2019-09-10 15:26:45] ---- FROM  ::1 (WinNT)
[2019-09-10 15:26:45] ---- BROWSER:  Chrome 76.0 (Mozilla/5.0 (Windows NT 10.0; Win64; x64) AppleWebKit/537.36 (KHTML, like Gecko) Chrome/76.0.3809.132 Safari/537.36)
[2019-09-10 15:26:45] 200 - OK - text/xml
[2019-09-10 15:26:45] REQUEST GET - https://localhost:8082/public/ws/Resources.ashx/xml-qa
[2019-09-10 15:26:45] ---- FROM  ::1 (WinNT)
[2019-09-10 15:26:45] ---- BROWSER:  Chrome 76.0 (Mozilla/5.0 (Windows NT 10.0; Win64; x64) AppleWebKit/537.36 (KHTML, like Gecko) Chrome/76.0.3809.132 Safari/537.36)
[2019-09-10 15:26:45] 200 - OK - text/xml
[2019-09-10 15:26:45] REQUEST GET - https://localhost:8082/public/ws/Resources.ashx/xml-qa
[2019-09-10 15:26:45] ---- FROM  ::1 (WinNT)
[2019-09-10 15:26:45] ---- BROWSER:  Chrome 76.0 (Mozilla/5.0 (Windows NT 10.0; Win64; x64) AppleWebKit/537.36 (KHTML, like Gecko) Chrome/76.0.3809.132 Safari/537.36)
[2019-09-10 15:26:45] 200 - OK - text/xml
[2019-09-10 15:26:45] REQUEST GET - https://localhost:8082/public/ws/Resources.ashx/xml-qa
[2019-09-10 15:26:45] ---- FROM  ::1 (WinNT)
[2019-09-10 15:26:45] ---- BROWSER:  Chrome 76.0 (Mozilla/5.0 (Windows NT 10.0; Win64; x64) AppleWebKit/537.36 (KHTML, like Gecko) Chrome/76.0.3809.132 Safari/537.36)
[2019-09-10 15:26:45] 200 - OK - text/xml
[2019-09-10 15:26:45] REQUEST GET - https://localhost:8082/public/ws/Resources.ashx/xml-qa
[2019-09-10 15:26:45] ---- FROM  ::1 (WinNT)
[2019-09-10 15:26:45] ---- BROWSER:  Chrome 76.0 (Mozilla/5.0 (Windows NT 10.0; Win64; x64) AppleWebKit/537.36 (KHTML, like Gecko) Chrome/76.0.3809.132 Safari/537.36)
[2019-09-10 15:26:45] 200 - OK - text/xml
[2019-09-10 15:26:45] REQUEST GET - https://localhost:8082/public/ws/Resources.ashx/xml-qa
[2019-09-10 15:26:45] ---- FROM  ::1 (WinNT)
[2019-09-10 15:26:45] ---- BROWSER:  Chrome 76.0 (Mozilla/5.0 (Windows NT 10.0; Win64; x64) AppleWebKit/537.36 (KHTML, like Gecko) Chrome/76.0.3809.132 Safari/537.36)
[2019-09-10 15:26:45] 200 - OK - text/xml
[2019-09-10 15:26:45] REQUEST GET - https://localhost:8082/public/ws/Resources.ashx/xml-qa
[2019-09-10 15:26:45] ---- FROM  ::1 (WinNT)
[2019-09-10 15:26:45] ---- BROWSER:  Chrome 76.0 (Mozilla/5.0 (Windows NT 10.0; Win64; x64) AppleWebKit/537.36 (KHTML, like Gecko) Chrome/76.0.3809.132 Safari/537.36)
[2019-09-10 15:26:45] 200 - OK - text/xml
[2019-09-10 15:26:45] REQUEST GET - https://localhost:8082/public/ws/Resources.ashx/xml-qa
[2019-09-10 15:26:45] ---- FROM  ::1 (WinNT)
[2019-09-10 15:26:45] ---- BROWSER:  Chrome 76.0 (Mozilla/5.0 (Windows NT 10.0; Win64; x64) AppleWebKit/537.36 (KHTML, like Gecko) Chrome/76.0.3809.132 Safari/537.36)
[2019-09-10 15:26:45] 200 - OK - text/xml
[2019-09-10 15:26:45] REQUEST GET - https://localhost:8082/public/ws/Resources.ashx/xml-qa
[2019-09-10 15:26:45] ---- FROM  ::1 (WinNT)
[2019-09-10 15:26:45] ---- BROWSER:  Chrome 76.0 (Mozilla/5.0 (Windows NT 10.0; Win64; x64) AppleWebKit/537.36 (KHTML, like Gecko) Chrome/76.0.3809.132 Safari/537.36)
[2019-09-10 15:26:45] 200 - OK - text/xml
[2019-09-10 15:26:45] REQUEST GET - https://localhost:8082/public/ws/Resources.ashx/xml-qa
[2019-09-10 15:26:45] ---- FROM  ::1 (WinNT)
[2019-09-10 15:26:45] ---- BROWSER:  Chrome 76.0 (Mozilla/5.0 (Windows NT 10.0; Win64; x64) AppleWebKit/537.36 (KHTML, like Gecko) Chrome/76.0.3809.132 Safari/537.36)
[2019-09-10 15:26:45] 200 - OK - text/xml
[2019-09-10 15:26:45] REQUEST GET - https://localhost:8082/public/ws/Resources.ashx/xml-qa
[2019-09-10 15:26:45] ---- FROM  ::1 (WinNT)
[2019-09-10 15:26:45] ---- BROWSER:  Chrome 76.0 (Mozilla/5.0 (Windows NT 10.0; Win64; x64) AppleWebKit/537.36 (KHTML, like Gecko) Chrome/76.0.3809.132 Safari/537.36)
[2019-09-10 15:26:45] 200 - OK - text/xml
[2019-09-10 15:26:45] REQUEST GET - https://localhost:8082/public/ws/Resources.ashx/xml-qa
[2019-09-10 15:26:45] ---- FROM  ::1 (WinNT)
[2019-09-10 15:26:45] ---- BROWSER:  Chrome 76.0 (Mozilla/5.0 (Windows NT 10.0; Win64; x64) AppleWebKit/537.36 (KHTML, like Gecko) Chrome/76.0.3809.132 Safari/537.36)
[2019-09-10 15:26:45] 200 - OK - text/xml
[2019-09-10 15:26:45] REQUEST GET - https://localhost:8082/public/ws/Resources.ashx/xml-qa
[2019-09-10 15:26:45] ---- FROM  ::1 (WinNT)
[2019-09-10 15:26:45] ---- BROWSER:  Chrome 76.0 (Mozilla/5.0 (Windows NT 10.0; Win64; x64) AppleWebKit/537.36 (KHTML, like Gecko) Chrome/76.0.3809.132 Safari/537.36)
[2019-09-10 15:26:45] 200 - OK - text/xml
[2019-09-10 15:26:45] REQUEST GET - https://localhost:8082/public/ws/Resources.ashx/xml-qa
[2019-09-10 15:26:45] ---- FROM  ::1 (WinNT)
[2019-09-10 15:26:45] ---- BROWSER:  Chrome 76.0 (Mozilla/5.0 (Windows NT 10.0; Win64; x64) AppleWebKit/537.36 (KHTML, like Gecko) Chrome/76.0.3809.132 Safari/537.36)
[2019-09-10 15:26:45] 200 - OK - text/xml
[2019-09-10 15:26:45] REQUEST GET - https://localhost:8082/public/ws/Resources.ashx/xml-qa
[2019-09-10 15:26:45] ---- FROM  ::1 (WinNT)
[2019-09-10 15:26:45] ---- BROWSER:  Chrome 76.0 (Mozilla/5.0 (Windows NT 10.0; Win64; x64) AppleWebKit/537.36 (KHTML, like Gecko) Chrome/76.0.3809.132 Safari/537.36)
[2019-09-10 15:26:45] 200 - OK - text/xml
[2019-09-10 15:26:45] REQUEST GET - https://localhost:8082/public/ws/Resources.ashx/xml-qa
[2019-09-10 15:26:45] ---- FROM  ::1 (WinNT)
[2019-09-10 15:26:45] ---- BROWSER:  Chrome 76.0 (Mozilla/5.0 (Windows NT 10.0; Win64; x64) AppleWebKit/537.36 (KHTML, like Gecko) Chrome/76.0.3809.132 Safari/537.36)
[2019-09-10 15:26:45] 200 - OK - text/xml
[2019-09-10 15:26:45] REQUEST GET - https://localhost:8082/public/ws/Resources.ashx/xml-qa
[2019-09-10 15:26:45] ---- FROM  ::1 (WinNT)
[2019-09-10 15:26:45] ---- BROWSER:  Chrome 76.0 (Mozilla/5.0 (Windows NT 10.0; Win64; x64) AppleWebKit/537.36 (KHTML, like Gecko) Chrome/76.0.3809.132 Safari/537.36)
[2019-09-10 15:26:45] 200 - OK - text/xml
[2019-09-10 15:26:45] REQUEST GET - https://localhost:8082/public/ws/Resources.ashx/xml-qa
[2019-09-10 15:26:45] ---- FROM  ::1 (WinNT)
[2019-09-10 15:26:45] ---- BROWSER:  Chrome 76.0 (Mozilla/5.0 (Windows NT 10.0; Win64; x64) AppleWebKit/537.36 (KHTML, like Gecko) Chrome/76.0.3809.132 Safari/537.36)
[2019-09-10 15:26:45] 200 - OK - text/xml
[2019-09-10 15:26:45] REQUEST GET - https://localhost:8082/public/ws/Resources.ashx/xml-qa
[2019-09-10 15:26:45] ---- FROM  ::1 (WinNT)
[2019-09-10 15:26:45] ---- BROWSER:  Chrome 76.0 (Mozilla/5.0 (Windows NT 10.0; Win64; x64) AppleWebKit/537.36 (KHTML, like Gecko) Chrome/76.0.3809.132 Safari/537.36)
[2019-09-10 15:26:45] 200 - OK - text/xml
[2019-09-10 15:26:45] REQUEST GET - https://localhost:8082/public/ws/Resources.ashx/xml-qa
[2019-09-10 15:26:45] ---- FROM  ::1 (WinNT)
[2019-09-10 15:26:45] ---- BROWSER:  Chrome 76.0 (Mozilla/5.0 (Windows NT 10.0; Win64; x64) AppleWebKit/537.36 (KHTML, like Gecko) Chrome/76.0.3809.132 Safari/537.36)
[2019-09-10 15:26:45] 200 - OK - text/xml
[2019-09-10 15:26:45] REQUEST GET - https://localhost:8082/public/ws/Resources.ashx/xml-qa
[2019-09-10 15:26:45] ---- FROM  ::1 (WinNT)
[2019-09-10 15:26:45] ---- BROWSER:  Chrome 76.0 (Mozilla/5.0 (Windows NT 10.0; Win64; x64) AppleWebKit/537.36 (KHTML, like Gecko) Chrome/76.0.3809.132 Safari/537.36)
[2019-09-10 15:26:45] 200 - OK - text/xml
[2019-09-10 15:26:45] REQUEST GET - https://localhost:8082/public/ws/Resources.ashx/xml-qa
[2019-09-10 15:26:45] ---- FROM  ::1 (WinNT)
[2019-09-10 15:26:45] ---- BROWSER:  Chrome 76.0 (Mozilla/5.0 (Windows NT 10.0; Win64; x64) AppleWebKit/537.36 (KHTML, like Gecko) Chrome/76.0.3809.132 Safari/537.36)
[2019-09-10 15:26:45] 200 - OK - text/xml
[2019-09-10 15:26:45] REQUEST GET - https://localhost:8082/public/ws/Resources.ashx/xml-qa
[2019-09-10 15:26:45] ---- FROM  ::1 (WinNT)
[2019-09-10 15:26:45] ---- BROWSER:  Chrome 76.0 (Mozilla/5.0 (Windows NT 10.0; Win64; x64) AppleWebKit/537.36 (KHTML, like Gecko) Chrome/76.0.3809.132 Safari/537.36)
[2019-09-10 15:26:45] 200 - OK - text/xml
[2019-09-10 15:26:45] REQUEST GET - https://localhost:8082/public/ws/Resources.ashx/xml-qa
[2019-09-10 15:26:45] ---- FROM  ::1 (WinNT)
[2019-09-10 15:26:45] ---- BROWSER:  Chrome 76.0 (Mozilla/5.0 (Windows NT 10.0; Win64; x64) AppleWebKit/537.36 (KHTML, like Gecko) Chrome/76.0.3809.132 Safari/537.36)
[2019-09-10 15:26:45] 200 - OK - text/xml
[2019-09-10 15:26:45] REQUEST GET - https://localhost:8082/public/ws/Resources.ashx/xml-qa
[2019-09-10 15:26:45] ---- FROM  ::1 (WinNT)
[2019-09-10 15:26:45] ---- BROWSER:  Chrome 76.0 (Mozilla/5.0 (Windows NT 10.0; Win64; x64) AppleWebKit/537.36 (KHTML, like Gecko) Chrome/76.0.3809.132 Safari/537.36)
[2019-09-10 15:26:45] 200 - OK - text/xml
[2019-09-10 15:26:45] REQUEST GET - https://localhost:8082/public/ws/Resources.ashx/xml-qa
[2019-09-10 15:26:45] ---- FROM  ::1 (WinNT)
[2019-09-10 15:26:45] ---- BROWSER:  Chrome 76.0 (Mozilla/5.0 (Windows NT 10.0; Win64; x64) AppleWebKit/537.36 (KHTML, like Gecko) Chrome/76.0.3809.132 Safari/537.36)
[2019-09-10 15:26:45] 200 - OK - text/xml
[2019-09-10 15:26:45] REQUEST GET - https://localhost:8082/public/ws/Resources.ashx/xml-qa
[2019-09-10 15:26:45] ---- FROM  ::1 (WinNT)
[2019-09-10 15:26:45] ---- BROWSER:  Chrome 76.0 (Mozilla/5.0 (Windows NT 10.0; Win64; x64) AppleWebKit/537.36 (KHTML, like Gecko) Chrome/76.0.3809.132 Safari/537.36)
[2019-09-10 15:26:45] 200 - OK - text/xml
[2019-09-10 15:26:45] REQUEST GET - https://localhost:8082/public/ws/Resources.ashx/xml-qa
[2019-09-10 15:26:45] ---- FROM  ::1 (WinNT)
[2019-09-10 15:26:45] ---- BROWSER:  Chrome 76.0 (Mozilla/5.0 (Windows NT 10.0; Win64; x64) AppleWebKit/537.36 (KHTML, like Gecko) Chrome/76.0.3809.132 Safari/537.36)
[2019-09-10 15:26:45] 200 - OK - text/xml
[2019-09-10 15:26:45] REQUEST GET - https://localhost:8082/public/ws/Resources.ashx/xml-qa
[2019-09-10 15:26:45] ---- FROM  ::1 (WinNT)
[2019-09-10 15:26:45] ---- BROWSER:  Chrome 76.0 (Mozilla/5.0 (Windows NT 10.0; Win64; x64) AppleWebKit/537.36 (KHTML, like Gecko) Chrome/76.0.3809.132 Safari/537.36)
[2019-09-10 15:26:45] 200 - OK - text/xml
[2019-09-10 15:26:45] REQUEST GET - https://localhost:8082/public/ws/Resources.ashx/xml-qa
[2019-09-10 15:26:45] ---- FROM  ::1 (WinNT)
[2019-09-10 15:26:45] ---- BROWSER:  Chrome 76.0 (Mozilla/5.0 (Windows NT 10.0; Win64; x64) AppleWebKit/537.36 (KHTML, like Gecko) Chrome/76.0.3809.132 Safari/537.36)
[2019-09-10 15:26:45] 200 - OK - text/xml
[2019-09-10 15:26:45] REQUEST GET - https://localhost:8082/public/ws/Resources.ashx/xml-qa
[2019-09-10 15:26:45] ---- FROM  ::1 (WinNT)
[2019-09-10 15:26:45] ---- BROWSER:  Chrome 76.0 (Mozilla/5.0 (Windows NT 10.0; Win64; x64) AppleWebKit/537.36 (KHTML, like Gecko) Chrome/76.0.3809.132 Safari/537.36)
[2019-09-10 15:26:45] 200 - OK - text/xml
[2019-09-10 15:26:45] REQUEST GET - https://localhost:8082/public/ws/Resources.ashx/xml-qa
[2019-09-10 15:26:45] ---- FROM  ::1 (WinNT)
[2019-09-10 15:26:45] ---- BROWSER:  Chrome 76.0 (Mozilla/5.0 (Windows NT 10.0; Win64; x64) AppleWebKit/537.36 (KHTML, like Gecko) Chrome/76.0.3809.132 Safari/537.36)
[2019-09-10 15:26:45] 200 - OK - text/xml
[2019-09-10 15:26:45] REQUEST GET - https://localhost:8082/public/ws/Resources.ashx/xml-qa
[2019-09-10 15:26:45] ---- FROM  ::1 (WinNT)
[2019-09-10 15:26:45] ---- BROWSER:  Chrome 76.0 (Mozilla/5.0 (Windows NT 10.0; Win64; x64) AppleWebKit/537.36 (KHTML, like Gecko) Chrome/76.0.3809.132 Safari/537.36)
[2019-09-10 15:26:45] 200 - OK - text/xml
[2019-09-10 15:26:45] REQUEST GET - https://localhost:8082/public/ws/Resources.ashx/xml-qa
[2019-09-10 15:26:45] ---- FROM  ::1 (WinNT)
[2019-09-10 15:26:45] ---- BROWSER:  Chrome 76.0 (Mozilla/5.0 (Windows NT 10.0; Win64; x64) AppleWebKit/537.36 (KHTML, like Gecko) Chrome/76.0.3809.132 Safari/537.36)
[2019-09-10 15:26:45] 200 - OK - text/xml
[2019-09-10 15:26:45] REQUEST GET - https://localhost:8082/public/ws/Resources.ashx/xml-qa
[2019-09-10 15:26:45] ---- FROM  ::1 (WinNT)
[2019-09-10 15:26:45] ---- BROWSER:  Chrome 76.0 (Mozilla/5.0 (Windows NT 10.0; Win64; x64) AppleWebKit/537.36 (KHTML, like Gecko) Chrome/76.0.3809.132 Safari/537.36)
[2019-09-10 15:26:45] 200 - OK - text/xml
[2019-09-10 15:26:50] REQUEST GET - https://localhost:8082/qa/qualitativa
[2019-09-10 15:26:50] ---- FROM  ::1 (WinNT)
[2019-09-10 15:26:50] ---- BROWSER:  Firefox 69.0 (Mozilla/5.0 (Windows NT 10.0; Win64; x64; rv:69.0) Gecko/20100101 Firefox/69.0)
[2019-09-10 15:26:50] 200 - OK - text/html
[2019-09-10 15:26:51] REQUEST POST - https://localhost:8082/public/ws/QAnalysis.asmx/Get
[2019-09-10 15:26:51] ---- FROM  ::1 (WinNT)
[2019-09-10 15:26:51] ---- BROWSER:  Firefox 69.0 (Mozilla/5.0 (Windows NT 10.0; Win64; x64; rv:69.0) Gecko/20100101 Firefox/69.0)
[2019-09-10 15:26:51] ---- CONTENT: {data : "<?xml version='1.0' encoding='utf-8' ?><Request ID='20190910152651341'><General><Token>61111131252223224013000011333653</Token></General><Data></Data></Request>"}
[2019-09-10 15:26:51] 200 - OK - application/json
[2019-09-10 15:26:51] REQUEST POST - https://localhost:8082/public/ws/Config.asmx/All_Get
[2019-09-10 15:26:51] ---- FROM  ::1 (WinNT)
[2019-09-10 15:26:51] ---- BROWSER:  Firefox 69.0 (Mozilla/5.0 (Windows NT 10.0; Win64; x64; rv:69.0) Gecko/20100101 Firefox/69.0)
[2019-09-10 15:26:51] ---- CONTENT: {data : "<?xml version='1.0' encoding='utf-8' ?><Request ID='20190910152651430'><General><Token>61111131252223224013000011333653</Token></General><Data></Data></Request>"}
[2019-09-10 15:26:51] 200 - OK - application/json
[2019-09-10 15:26:51] REQUEST POST - https://localhost:8082/public/ws/Economics.asmx/messaggi_summary
[2019-09-10 15:26:51] ---- FROM  ::1 (WinNT)
[2019-09-10 15:26:51] ---- BROWSER:  Firefox 69.0 (Mozilla/5.0 (Windows NT 10.0; Win64; x64; rv:69.0) Gecko/20100101 Firefox/69.0)
[2019-09-10 15:26:51] ---- CONTENT: {data : "<?xml version='1.0' encoding='utf-8' ?><Request ID='20190910152651490'><General><Token>61111131252223224013000011333653</Token></General><Data></Data></Request>"}
[2019-09-10 15:26:51] 200 - OK - application/json
[2019-09-10 15:26:51] REQUEST POST - https://localhost:8082/public/ws/Config.asmx/All_Get
[2019-09-10 15:26:51] ---- FROM  ::1 (WinNT)
[2019-09-10 15:26:51] ---- BROWSER:  Firefox 69.0 (Mozilla/5.0 (Windows NT 10.0; Win64; x64; rv:69.0) Gecko/20100101 Firefox/69.0)
[2019-09-10 15:26:51] ---- CONTENT: {data : "<?xml version='1.0' encoding='utf-8' ?><Request ID='20190910152651581'><General><Token>61111131252223224013000011333653</Token></General><Data></Data></Request>"}
[2019-09-10 15:26:51] 200 - OK - application/json
[2019-09-10 15:26:51] REQUEST POST - https://localhost:8082/public/ws/Config.asmx/All_Get
[2019-09-10 15:26:51] ---- FROM  ::1 (WinNT)
[2019-09-10 15:26:51] ---- BROWSER:  Firefox 69.0 (Mozilla/5.0 (Windows NT 10.0; Win64; x64; rv:69.0) Gecko/20100101 Firefox/69.0)
[2019-09-10 15:26:51] ---- CONTENT: {data : "<?xml version='1.0' encoding='utf-8' ?><Request ID='20190910152651652'><General><Token>61111131252223224013000011333653</Token></General><Data></Data></Request>"}
[2019-09-10 15:26:51] REQUEST GET - https://localhost:8082/public/ws/Resources.ashx/xml-qa
[2019-09-10 15:26:51] ---- FROM  ::1 (WinNT)
[2019-09-10 15:26:51] ---- BROWSER:  Firefox 69.0 (Mozilla/5.0 (Windows NT 10.0; Win64; x64; rv:69.0) Gecko/20100101 Firefox/69.0)
[2019-09-10 15:26:51] 200 - OK - text/xml
[2019-09-10 15:26:51] REQUEST GET - https://localhost:8082/public/ws/Resources.ashx/xml-qa
[2019-09-10 15:26:51] ---- FROM  ::1 (WinNT)
[2019-09-10 15:26:51] ---- BROWSER:  Firefox 69.0 (Mozilla/5.0 (Windows NT 10.0; Win64; x64; rv:69.0) Gecko/20100101 Firefox/69.0)
[2019-09-10 15:26:51] 200 - OK - application/json
[2019-09-10 15:26:51] REQUEST GET - https://localhost:8082/public/ws/Resources.ashx/xml-qa
[2019-09-10 15:26:51] ---- FROM  ::1 (WinNT)
[2019-09-10 15:26:51] REQUEST GET - https://localhost:8082/public/ws/Resources.ashx/xml-qa
[2019-09-10 15:26:51] ---- FROM  ::1 (WinNT)
[2019-09-10 15:26:51] 200 - OK - text/xml
[2019-09-10 15:26:51] ---- BROWSER:  Firefox 69.0 (Mozilla/5.0 (Windows NT 10.0; Win64; x64; rv:69.0) Gecko/20100101 Firefox/69.0)
[2019-09-10 15:26:51] REQUEST GET - https://localhost:8082/public/ws/Resources.ashx/xml-qa
[2019-09-10 15:26:51] ---- FROM  ::1 (WinNT)
[2019-09-10 15:26:51] ---- BROWSER:  Firefox 69.0 (Mozilla/5.0 (Windows NT 10.0; Win64; x64; rv:69.0) Gecko/20100101 Firefox/69.0)
[2019-09-10 15:26:51] REQUEST GET - https://localhost:8082/public/ws/Resources.ashx/xml-qa
[2019-09-10 15:26:51] ---- FROM  ::1 (WinNT)
[2019-09-10 15:26:51] ---- BROWSER:  Firefox 69.0 (Mozilla/5.0 (Windows NT 10.0; Win64; x64; rv:69.0) Gecko/20100101 Firefox/69.0)
[2019-09-10 15:26:51] ---- BROWSER:  Firefox 69.0 (Mozilla/5.0 (Windows NT 10.0; Win64; x64; rv:69.0) Gecko/20100101 Firefox/69.0)
[2019-09-10 15:26:51] 200 - OK - text/xml
[2019-09-10 15:26:51] REQUEST GET - https://localhost:8082/public/ws/Resources.ashx/xml-qa
[2019-09-10 15:26:51] ---- FROM  ::1 (WinNT)
[2019-09-10 15:26:51] 200 - OK - text/xml
[2019-09-10 15:26:51] ---- BROWSER:  Firefox 69.0 (Mozilla/5.0 (Windows NT 10.0; Win64; x64; rv:69.0) Gecko/20100101 Firefox/69.0)
[2019-09-10 15:26:51] 200 - OK - text/xml
[2019-09-10 15:26:51] REQUEST GET - https://localhost:8082/public/ws/Resources.ashx/xml-qa
[2019-09-10 15:26:51] ---- FROM  ::1 (WinNT)
[2019-09-10 15:26:51] 200 - OK - text/xml
[2019-09-10 15:26:51] REQUEST GET - https://localhost:8082/public/ws/Resources.ashx/xml-qa
[2019-09-10 15:26:52] ---- FROM  ::1 (WinNT)
[2019-09-10 15:26:52] ---- BROWSER:  Firefox 69.0 (Mozilla/5.0 (Windows NT 10.0; Win64; x64; rv:69.0) Gecko/20100101 Firefox/69.0)
[2019-09-10 15:26:51] ---- BROWSER:  Firefox 69.0 (Mozilla/5.0 (Windows NT 10.0; Win64; x64; rv:69.0) Gecko/20100101 Firefox/69.0)
[2019-09-10 15:26:51] 200 - OK - text/xml
[2019-09-10 15:26:52] REQUEST GET - https://localhost:8082/public/ws/Resources.ashx/xml-qa
[2019-09-10 15:26:52] ---- FROM  ::1 (WinNT)
[2019-09-10 15:26:52] ---- BROWSER:  Firefox 69.0 (Mozilla/5.0 (Windows NT 10.0; Win64; x64; rv:69.0) Gecko/20100101 Firefox/69.0)
[2019-09-10 15:26:52] 200 - OK - text/xml
[2019-09-10 15:26:52] REQUEST GET - https://localhost:8082/public/ws/Resources.ashx/xml-qa
[2019-09-10 15:26:52] ---- FROM  ::1 (WinNT)
[2019-09-10 15:26:52] 200 - OK - text/xml
[2019-09-10 15:26:51] REQUEST GET - https://localhost:8082/public/ws/Resources.ashx/xml-qa
[2019-09-10 15:26:52] REQUEST GET - https://localhost:8082/public/ws/Resources.ashx/xml-qa
[2019-09-10 15:26:52] ---- FROM  ::1 (WinNT)
[2019-09-10 15:26:52] ---- BROWSER:  Firefox 69.0 (Mozilla/5.0 (Windows NT 10.0; Win64; x64; rv:69.0) Gecko/20100101 Firefox/69.0)
[2019-09-10 15:26:52] 200 - OK - text/xml
[2019-09-10 15:26:52] ---- BROWSER:  Firefox 69.0 (Mozilla/5.0 (Windows NT 10.0; Win64; x64; rv:69.0) Gecko/20100101 Firefox/69.0)
[2019-09-10 15:26:52] REQUEST GET - https://localhost:8082/public/ws/Resources.ashx/xml-qa
[2019-09-10 15:26:52] ---- FROM  ::1 (WinNT)
[2019-09-10 15:26:52] ---- BROWSER:  Firefox 69.0 (Mozilla/5.0 (Windows NT 10.0; Win64; x64; rv:69.0) Gecko/20100101 Firefox/69.0)
[2019-09-10 15:26:52] 200 - OK - text/xml
[2019-09-10 15:26:52] REQUEST GET - https://localhost:8082/public/ws/Resources.ashx/xml-qa
[2019-09-10 15:26:52] ---- FROM  ::1 (WinNT)
[2019-09-10 15:26:52] ---- BROWSER:  Firefox 69.0 (Mozilla/5.0 (Windows NT 10.0; Win64; x64; rv:69.0) Gecko/20100101 Firefox/69.0)
[2019-09-10 15:26:52] 200 - OK - text/xml
[2019-09-10 15:26:52] REQUEST GET - https://localhost:8082/public/ws/Resources.ashx/xml-qa
[2019-09-10 15:26:52] ---- FROM  ::1 (WinNT)
[2019-09-10 15:26:52] ---- BROWSER:  Firefox 69.0 (Mozilla/5.0 (Windows NT 10.0; Win64; x64; rv:69.0) Gecko/20100101 Firefox/69.0)
[2019-09-10 15:26:52] ---- FROM  ::1 (WinNT)
[2019-09-10 15:26:52] 200 - OK - text/xml
[2019-09-10 15:26:52] 200 - OK - text/xml
[2019-09-10 15:26:52] REQUEST GET - https://localhost:8082/public/ws/Resources.ashx/xml-qa
[2019-09-10 15:26:52] ---- FROM  ::1 (WinNT)
[2019-09-10 15:26:52] ---- BROWSER:  Firefox 69.0 (Mozilla/5.0 (Windows NT 10.0; Win64; x64; rv:69.0) Gecko/20100101 Firefox/69.0)
[2019-09-10 15:26:52] ---- BROWSER:  Firefox 69.0 (Mozilla/5.0 (Windows NT 10.0; Win64; x64; rv:69.0) Gecko/20100101 Firefox/69.0)
[2019-09-10 15:26:52] 200 - OK - text/xml
[2019-09-10 15:26:52] REQUEST GET - https://localhost:8082/public/ws/Resources.ashx/xml-qa
[2019-09-10 15:26:52] REQUEST GET - https://localhost:8082/public/ws/Resources.ashx/xml-qa
[2019-09-10 15:26:52] 200 - OK - text/xml
[2019-09-10 15:26:52] ---- FROM  ::1 (WinNT)
[2019-09-10 15:26:52] 200 - OK - text/xml
[2019-09-10 15:26:52] REQUEST GET - https://localhost:8082/public/ws/Resources.ashx/xml-qa
[2019-09-10 15:26:52] ---- FROM  ::1 (WinNT)
[2019-09-10 15:26:52] ---- BROWSER:  Firefox 69.0 (Mozilla/5.0 (Windows NT 10.0; Win64; x64; rv:69.0) Gecko/20100101 Firefox/69.0)
[2019-09-10 15:26:52] ---- FROM  ::1 (WinNT)
[2019-09-10 15:26:52] ---- BROWSER:  Firefox 69.0 (Mozilla/5.0 (Windows NT 10.0; Win64; x64; rv:69.0) Gecko/20100101 Firefox/69.0)
[2019-09-10 15:26:52] 200 - OK - text/xml
[2019-09-10 15:26:52] REQUEST GET - https://localhost:8082/public/ws/Resources.ashx/xml-qa
[2019-09-10 15:26:52] ---- FROM  ::1 (WinNT)
[2019-09-10 15:26:52] ---- BROWSER:  Firefox 69.0 (Mozilla/5.0 (Windows NT 10.0; Win64; x64; rv:69.0) Gecko/20100101 Firefox/69.0)
[2019-09-10 15:26:52] REQUEST GET - https://localhost:8082/public/ws/Resources.ashx/xml-qa
[2019-09-10 15:26:52] ---- FROM  ::1 (WinNT)
[2019-09-10 15:26:52] ---- BROWSER:  Firefox 69.0 (Mozilla/5.0 (Windows NT 10.0; Win64; x64; rv:69.0) Gecko/20100101 Firefox/69.0)
[2019-09-10 15:26:52] ---- BROWSER:  Firefox 69.0 (Mozilla/5.0 (Windows NT 10.0; Win64; x64; rv:69.0) Gecko/20100101 Firefox/69.0)
[2019-09-10 15:26:52] 200 - OK - text/xml
[2019-09-10 15:26:52] 200 - OK - text/xml
[2019-09-10 15:26:52] REQUEST GET - https://localhost:8082/public/ws/Resources.ashx/xml-qa
[2019-09-10 15:26:52] 200 - OK - text/xml
[2019-09-10 15:26:52] ---- FROM  ::1 (WinNT)
[2019-09-10 15:26:52] ---- BROWSER:  Firefox 69.0 (Mozilla/5.0 (Windows NT 10.0; Win64; x64; rv:69.0) Gecko/20100101 Firefox/69.0)
[2019-09-10 15:26:52] 200 - OK - text/xml
[2019-09-10 15:26:52] REQUEST GET - https://localhost:8082/public/ws/Resources.ashx/xml-qa
[2019-09-10 15:26:52] REQUEST GET - https://localhost:8082/public/ws/Resources.ashx/xml-qa
[2019-09-10 15:26:52] ---- FROM  ::1 (WinNT)
[2019-09-10 15:26:52] ---- BROWSER:  Firefox 69.0 (Mozilla/5.0 (Windows NT 10.0; Win64; x64; rv:69.0) Gecko/20100101 Firefox/69.0)
[2019-09-10 15:26:52] 200 - OK - text/xml
[2019-09-10 15:26:52] REQUEST GET - https://localhost:8082/public/ws/Resources.ashx/xml-qa
[2019-09-10 15:26:52] ---- FROM  ::1 (WinNT)
[2019-09-10 15:26:52] ---- BROWSER:  Firefox 69.0 (Mozilla/5.0 (Windows NT 10.0; Win64; x64; rv:69.0) Gecko/20100101 Firefox/69.0)
[2019-09-10 15:26:52] REQUEST GET - https://localhost:8082/public/ws/Resources.ashx/xml-qa
[2019-09-10 15:26:52] ---- FROM  ::1 (WinNT)
[2019-09-10 15:26:52] ---- BROWSER:  Firefox 69.0 (Mozilla/5.0 (Windows NT 10.0; Win64; x64; rv:69.0) Gecko/20100101 Firefox/69.0)
[2019-09-10 15:26:52] ---- FROM  ::1 (WinNT)
[2019-09-10 15:26:52] ---- BROWSER:  Firefox 69.0 (Mozilla/5.0 (Windows NT 10.0; Win64; x64; rv:69.0) Gecko/20100101 Firefox/69.0)
[2019-09-10 15:26:52] 200 - OK - text/xml
[2019-09-10 15:26:52] REQUEST GET - https://localhost:8082/public/ws/Resources.ashx/xml-qa
[2019-09-10 15:26:52] 200 - OK - text/xml
[2019-09-10 15:26:52] 200 - OK - text/xml
[2019-09-10 15:26:52] REQUEST GET - https://localhost:8082/public/ws/Resources.ashx/xml-qa
[2019-09-10 15:26:52] ---- FROM  ::1 (WinNT)
[2019-09-10 15:26:52] ---- BROWSER:  Firefox 69.0 (Mozilla/5.0 (Windows NT 10.0; Win64; x64; rv:69.0) Gecko/20100101 Firefox/69.0)
[2019-09-10 15:26:52] ---- FROM  ::1 (WinNT)
[2019-09-10 15:26:52] ---- BROWSER:  Firefox 69.0 (Mozilla/5.0 (Windows NT 10.0; Win64; x64; rv:69.0) Gecko/20100101 Firefox/69.0)
[2019-09-10 15:26:52] 200 - OK - text/xml
[2019-09-10 15:26:52] REQUEST GET - https://localhost:8082/public/ws/Resources.ashx/xml-qa
[2019-09-10 15:26:52] ---- FROM  ::1 (WinNT)
[2019-09-10 15:26:52] ---- BROWSER:  Firefox 69.0 (Mozilla/5.0 (Windows NT 10.0; Win64; x64; rv:69.0) Gecko/20100101 Firefox/69.0)
[2019-09-10 15:26:52] 200 - OK - text/xml
[2019-09-10 15:26:52] REQUEST GET - https://localhost:8082/public/ws/Resources.ashx/xml-qa
[2019-09-10 15:26:52] ---- FROM  ::1 (WinNT)
[2019-09-10 15:26:52] ---- BROWSER:  Firefox 69.0 (Mozilla/5.0 (Windows NT 10.0; Win64; x64; rv:69.0) Gecko/20100101 Firefox/69.0)
[2019-09-10 15:26:52] 200 - OK - text/xml
[2019-09-10 15:26:52] REQUEST GET - https://localhost:8082/public/ws/Resources.ashx/xml-qa
[2019-09-10 15:26:52] REQUEST GET - https://localhost:8082/public/ws/Resources.ashx/xml-qa
[2019-09-10 15:26:52] ---- FROM  ::1 (WinNT)
[2019-09-10 15:26:52] ---- BROWSER:  Firefox 69.0 (Mozilla/5.0 (Windows NT 10.0; Win64; x64; rv:69.0) Gecko/20100101 Firefox/69.0)
[2019-09-10 15:26:52] 200 - OK - text/xml
[2019-09-10 15:26:52] REQUEST GET - https://localhost:8082/public/ws/Resources.ashx/xml-qa
[2019-09-10 15:26:52] ---- FROM  ::1 (WinNT)
[2019-09-10 15:26:52] 200 - OK - text/xml
[2019-09-10 15:26:52] ---- FROM  ::1 (WinNT)
[2019-09-10 15:26:52] ---- BROWSER:  Firefox 69.0 (Mozilla/5.0 (Windows NT 10.0; Win64; x64; rv:69.0) Gecko/20100101 Firefox/69.0)
[2019-09-10 15:26:52] 200 - OK - text/xml
[2019-09-10 15:26:52] ---- BROWSER:  Firefox 69.0 (Mozilla/5.0 (Windows NT 10.0; Win64; x64; rv:69.0) Gecko/20100101 Firefox/69.0)
[2019-09-10 15:26:52] REQUEST GET - https://localhost:8082/public/ws/Resources.ashx/xml-qa
[2019-09-10 15:26:52] ---- FROM  ::1 (WinNT)
[2019-09-10 15:26:52] ---- BROWSER:  Firefox 69.0 (Mozilla/5.0 (Windows NT 10.0; Win64; x64; rv:69.0) Gecko/20100101 Firefox/69.0)
[2019-09-10 15:26:52] 200 - OK - text/xml
[2019-09-10 15:26:52] 200 - OK - text/xml
[2019-09-10 15:26:52] 200 - OK - text/xml
[2019-09-10 15:27:50] REQUEST GET - https://localhost:8082/qa/qualitativa
[2019-09-10 15:27:50] ---- FROM  ::1 (WinNT)
[2019-09-10 15:27:50] ---- BROWSER:  Firefox 69.0 (Mozilla/5.0 (Windows NT 10.0; Win64; x64; rv:69.0) Gecko/20100101 Firefox/69.0)
[2019-09-10 15:27:50] 200 - OK - text/html
[2019-09-10 15:27:51] REQUEST POST - https://localhost:8082/public/ws/QAnalysis.asmx/Get
[2019-09-10 15:27:51] ---- FROM  ::1 (WinNT)
[2019-09-10 15:27:51] ---- BROWSER:  Firefox 69.0 (Mozilla/5.0 (Windows NT 10.0; Win64; x64; rv:69.0) Gecko/20100101 Firefox/69.0)
[2019-09-10 15:27:51] ---- CONTENT: {data : "<?xml version='1.0' encoding='utf-8' ?><Request ID='20190910152751374'><General><Token>61111131252223224013000011333653</Token></General><Data></Data></Request>"}
[2019-09-10 15:27:51] 200 - OK - application/json
[2019-09-10 15:27:51] REQUEST POST - https://localhost:8082/public/ws/Config.asmx/All_Get
[2019-09-10 15:27:51] ---- FROM  ::1 (WinNT)
[2019-09-10 15:27:51] ---- BROWSER:  Firefox 69.0 (Mozilla/5.0 (Windows NT 10.0; Win64; x64; rv:69.0) Gecko/20100101 Firefox/69.0)
[2019-09-10 15:27:51] ---- CONTENT: {data : "<?xml version='1.0' encoding='utf-8' ?><Request ID='20190910152751487'><General><Token>61111131252223224013000011333653</Token></General><Data></Data></Request>"}
[2019-09-10 15:27:51] 200 - OK - application/json
[2019-09-10 15:27:51] REQUEST POST - https://localhost:8082/public/ws/Economics.asmx/messaggi_summary
[2019-09-10 15:27:51] ---- FROM  ::1 (WinNT)
[2019-09-10 15:27:51] ---- BROWSER:  Firefox 69.0 (Mozilla/5.0 (Windows NT 10.0; Win64; x64; rv:69.0) Gecko/20100101 Firefox/69.0)
[2019-09-10 15:27:51] ---- CONTENT: {data : "<?xml version='1.0' encoding='utf-8' ?><Request ID='20190910152751542'><General><Token>61111131252223224013000011333653</Token></General><Data></Data></Request>"}
[2019-09-10 15:27:51] 200 - OK - application/json
[2019-09-10 15:27:51] REQUEST POST - https://localhost:8082/public/ws/Config.asmx/All_Get
[2019-09-10 15:27:51] ---- FROM  ::1 (WinNT)
[2019-09-10 15:27:51] ---- BROWSER:  Firefox 69.0 (Mozilla/5.0 (Windows NT 10.0; Win64; x64; rv:69.0) Gecko/20100101 Firefox/69.0)
[2019-09-10 15:27:51] ---- CONTENT: {data : "<?xml version='1.0' encoding='utf-8' ?><Request ID='20190910152751621'><General><Token>61111131252223224013000011333653</Token></General><Data></Data></Request>"}
[2019-09-10 15:27:51] 200 - OK - application/json
[2019-09-10 15:27:51] REQUEST GET - https://localhost:8082/public/ws/Resources.ashx/xml-qa
[2019-09-10 15:27:51] ---- FROM  ::1 (WinNT)
[2019-09-10 15:27:51] ---- BROWSER:  Firefox 69.0 (Mozilla/5.0 (Windows NT 10.0; Win64; x64; rv:69.0) Gecko/20100101 Firefox/69.0)
[2019-09-10 15:27:51] REQUEST GET - https://localhost:8082/public/ws/Resources.ashx/xml-qa
[2019-09-10 15:27:51] REQUEST GET - https://localhost:8082/public/ws/Resources.ashx/xml-qa
[2019-09-10 15:27:51] REQUEST GET - https://localhost:8082/public/ws/Resources.ashx/xml-qa
[2019-09-10 15:27:51] REQUEST GET - https://localhost:8082/public/ws/Resources.ashx/xml-qa
[2019-09-10 15:27:51] REQUEST GET - https://localhost:8082/public/ws/Resources.ashx/xml-qa
[2019-09-10 15:27:51] REQUEST GET - https://localhost:8082/public/ws/Resources.ashx/xml-qa
[2019-09-10 15:27:51] ---- FROM  ::1 (WinNT)
[2019-09-10 15:27:51] ---- FROM  ::1 (WinNT)
[2019-09-10 15:27:51] REQUEST GET - https://localhost:8082/public/ws/Resources.ashx/xml-qa
[2019-09-10 15:27:51] ---- FROM  ::1 (WinNT)
[2019-09-10 15:27:51] 200 - OK - text/xml
[2019-09-10 15:27:51] ---- FROM  ::1 (WinNT)
[2019-09-10 15:27:51] ---- FROM  ::1 (WinNT)
[2019-09-10 15:27:51] ---- FROM  ::1 (WinNT)
[2019-09-10 15:27:51] ---- BROWSER:  Firefox 69.0 (Mozilla/5.0 (Windows NT 10.0; Win64; x64; rv:69.0) Gecko/20100101 Firefox/69.0)
[2019-09-10 15:27:51] ---- BROWSER:  Firefox 69.0 (Mozilla/5.0 (Windows NT 10.0; Win64; x64; rv:69.0) Gecko/20100101 Firefox/69.0)
[2019-09-10 15:27:51] ---- BROWSER:  Firefox 69.0 (Mozilla/5.0 (Windows NT 10.0; Win64; x64; rv:69.0) Gecko/20100101 Firefox/69.0)
[2019-09-10 15:27:51] ---- BROWSER:  Firefox 69.0 (Mozilla/5.0 (Windows NT 10.0; Win64; x64; rv:69.0) Gecko/20100101 Firefox/69.0)
[2019-09-10 15:27:51] ---- BROWSER:  Firefox 69.0 (Mozilla/5.0 (Windows NT 10.0; Win64; x64; rv:69.0) Gecko/20100101 Firefox/69.0)
[2019-09-10 15:27:51] ---- BROWSER:  Firefox 69.0 (Mozilla/5.0 (Windows NT 10.0; Win64; x64; rv:69.0) Gecko/20100101 Firefox/69.0)
[2019-09-10 15:27:51] ---- FROM  ::1 (WinNT)
[2019-09-10 15:27:51] REQUEST GET - https://localhost:8082/public/ws/Resources.ashx/xml-qa
[2019-09-10 15:27:51] 200 - OK - text/xml
[2019-09-10 15:27:51] 200 - OK - text/xml
[2019-09-10 15:27:51] 200 - OK - text/xml
[2019-09-10 15:27:52] REQUEST GET - https://localhost:8082/public/ws/Resources.ashx/xml-qa
[2019-09-10 15:27:51] 200 - OK - text/xml
[2019-09-10 15:27:51] REQUEST GET - https://localhost:8082/public/ws/Resources.ashx/xml-qa
[2019-09-10 15:27:51] 200 - OK - text/xml
[2019-09-10 15:27:51] 200 - OK - text/xml
[2019-09-10 15:27:52] REQUEST GET - https://localhost:8082/public/ws/Resources.ashx/xml-qa
[2019-09-10 15:27:52] ---- FROM  ::1 (WinNT)
[2019-09-10 15:27:51] ---- FROM  ::1 (WinNT)
[2019-09-10 15:27:52] REQUEST GET - https://localhost:8082/public/ws/Resources.ashx/xml-qa
[2019-09-10 15:27:52] ---- FROM  ::1 (WinNT)
[2019-09-10 15:27:51] ---- BROWSER:  Firefox 69.0 (Mozilla/5.0 (Windows NT 10.0; Win64; x64; rv:69.0) Gecko/20100101 Firefox/69.0)
[2019-09-10 15:27:52] ---- FROM  ::1 (WinNT)
[2019-09-10 15:27:52] REQUEST GET - https://localhost:8082/public/ws/Resources.ashx/xml-qa
[2019-09-10 15:27:52] REQUEST GET - https://localhost:8082/public/ws/Resources.ashx/xml-qa
[2019-09-10 15:27:52] ---- BROWSER:  Firefox 69.0 (Mozilla/5.0 (Windows NT 10.0; Win64; x64; rv:69.0) Gecko/20100101 Firefox/69.0)
[2019-09-10 15:27:52] ---- BROWSER:  Firefox 69.0 (Mozilla/5.0 (Windows NT 10.0; Win64; x64; rv:69.0) Gecko/20100101 Firefox/69.0)
[2019-09-10 15:27:52] ---- BROWSER:  Firefox 69.0 (Mozilla/5.0 (Windows NT 10.0; Win64; x64; rv:69.0) Gecko/20100101 Firefox/69.0)
[2019-09-10 15:27:52] ---- FROM  ::1 (WinNT)
[2019-09-10 15:27:52] ---- BROWSER:  Firefox 69.0 (Mozilla/5.0 (Windows NT 10.0; Win64; x64; rv:69.0) Gecko/20100101 Firefox/69.0)
[2019-09-10 15:27:52] REQUEST GET - https://localhost:8082/public/ws/Resources.ashx/xml-qa
[2019-09-10 15:27:52] ---- FROM  ::1 (WinNT)
[2019-09-10 15:27:52] 200 - OK - text/xml
[2019-09-10 15:27:52] REQUEST GET - https://localhost:8082/public/ws/Resources.ashx/xml-qa
[2019-09-10 15:27:52] 200 - OK - text/xml
[2019-09-10 15:27:52] 200 - OK - text/xml
[2019-09-10 15:27:52] ---- BROWSER:  Firefox 69.0 (Mozilla/5.0 (Windows NT 10.0; Win64; x64; rv:69.0) Gecko/20100101 Firefox/69.0)
[2019-09-10 15:27:52] ---- FROM  ::1 (WinNT)
[2019-09-10 15:27:52] 200 - OK - text/xml
[2019-09-10 15:27:52] ---- BROWSER:  Firefox 69.0 (Mozilla/5.0 (Windows NT 10.0; Win64; x64; rv:69.0) Gecko/20100101 Firefox/69.0)
[2019-09-10 15:27:52] ---- FROM  ::1 (WinNT)
[2019-09-10 15:27:52] REQUEST GET - https://localhost:8082/public/ws/Resources.ashx/xml-qa
[2019-09-10 15:27:52] REQUEST GET - https://localhost:8082/public/ws/Resources.ashx/xml-qa
[2019-09-10 15:27:52] 200 - OK - text/xml
[2019-09-10 15:27:52] ---- BROWSER:  Firefox 69.0 (Mozilla/5.0 (Windows NT 10.0; Win64; x64; rv:69.0) Gecko/20100101 Firefox/69.0)
[2019-09-10 15:27:52] ---- FROM  ::1 (WinNT)
[2019-09-10 15:27:52] 200 - OK - text/xml
[2019-09-10 15:27:52] 200 - OK - text/xml
[2019-09-10 15:27:52] ---- FROM  ::1 (WinNT)
[2019-09-10 15:27:52] ---- BROWSER:  Firefox 69.0 (Mozilla/5.0 (Windows NT 10.0; Win64; x64; rv:69.0) Gecko/20100101 Firefox/69.0)
[2019-09-10 15:27:52] ---- FROM  ::1 (WinNT)
[2019-09-10 15:27:52] 200 - OK - text/xml
[2019-09-10 15:27:52] ---- BROWSER:  Firefox 69.0 (Mozilla/5.0 (Windows NT 10.0; Win64; x64; rv:69.0) Gecko/20100101 Firefox/69.0)
[2019-09-10 15:27:52] REQUEST GET - https://localhost:8082/public/ws/Resources.ashx/xml-qa
[2019-09-10 15:27:52] ---- FROM  ::1 (WinNT)
[2019-09-10 15:27:52] REQUEST GET - https://localhost:8082/public/ws/Resources.ashx/xml-qa
[2019-09-10 15:27:52] REQUEST GET - https://localhost:8082/public/ws/Resources.ashx/xml-qa
[2019-09-10 15:27:52] REQUEST GET - https://localhost:8082/public/ws/Resources.ashx/xml-qa
[2019-09-10 15:27:52] ---- BROWSER:  Firefox 69.0 (Mozilla/5.0 (Windows NT 10.0; Win64; x64; rv:69.0) Gecko/20100101 Firefox/69.0)
[2019-09-10 15:27:52] 200 - OK - text/xml
[2019-09-10 15:27:52] 200 - OK - text/xml
[2019-09-10 15:27:52] REQUEST GET - https://localhost:8082/public/ws/Resources.ashx/xml-qa
[2019-09-10 15:27:52] ---- BROWSER:  Firefox 69.0 (Mozilla/5.0 (Windows NT 10.0; Win64; x64; rv:69.0) Gecko/20100101 Firefox/69.0)
[2019-09-10 15:27:52] REQUEST GET - https://localhost:8082/public/ws/Resources.ashx/xml-qa
[2019-09-10 15:27:52] ---- FROM  ::1 (WinNT)
[2019-09-10 15:27:52] 200 - OK - text/xml
[2019-09-10 15:27:52] ---- FROM  ::1 (WinNT)
[2019-09-10 15:27:52] ---- FROM  ::1 (WinNT)
[2019-09-10 15:27:52] REQUEST GET - https://localhost:8082/public/ws/Resources.ashx/xml-qa
[2019-09-10 15:27:52] 200 - OK - text/xml
[2019-09-10 15:27:52] ---- FROM  ::1 (WinNT)
[2019-09-10 15:27:52] ---- BROWSER:  Firefox 69.0 (Mozilla/5.0 (Windows NT 10.0; Win64; x64; rv:69.0) Gecko/20100101 Firefox/69.0)
[2019-09-10 15:27:52] ---- BROWSER:  Firefox 69.0 (Mozilla/5.0 (Windows NT 10.0; Win64; x64; rv:69.0) Gecko/20100101 Firefox/69.0)
[2019-09-10 15:27:52] ---- FROM  ::1 (WinNT)
[2019-09-10 15:27:52] ---- BROWSER:  Firefox 69.0 (Mozilla/5.0 (Windows NT 10.0; Win64; x64; rv:69.0) Gecko/20100101 Firefox/69.0)
[2019-09-10 15:27:52] ---- FROM  ::1 (WinNT)
[2019-09-10 15:27:52] ---- BROWSER:  Firefox 69.0 (Mozilla/5.0 (Windows NT 10.0; Win64; x64; rv:69.0) Gecko/20100101 Firefox/69.0)
[2019-09-10 15:27:52] REQUEST GET - https://localhost:8082/public/ws/Resources.ashx/xml-qa
[2019-09-10 15:27:52] REQUEST GET - https://localhost:8082/public/ws/Resources.ashx/xml-qa
[2019-09-10 15:27:52] ---- FROM  ::1 (WinNT)
[2019-09-10 15:27:52] 200 - OK - text/xml
[2019-09-10 15:27:52] 200 - OK - text/xml
[2019-09-10 15:27:52] ---- BROWSER:  Firefox 69.0 (Mozilla/5.0 (Windows NT 10.0; Win64; x64; rv:69.0) Gecko/20100101 Firefox/69.0)
[2019-09-10 15:27:52] ---- BROWSER:  Firefox 69.0 (Mozilla/5.0 (Windows NT 10.0; Win64; x64; rv:69.0) Gecko/20100101 Firefox/69.0)
[2019-09-10 15:27:52] ---- FROM  ::1 (WinNT)
[2019-09-10 15:27:52] 200 - OK - text/xml
[2019-09-10 15:27:52] REQUEST GET - https://localhost:8082/public/ws/Resources.ashx/xml-qa
[2019-09-10 15:27:52] ---- BROWSER:  Firefox 69.0 (Mozilla/5.0 (Windows NT 10.0; Win64; x64; rv:69.0) Gecko/20100101 Firefox/69.0)
[2019-09-10 15:27:52] 200 - OK - text/xml
[2019-09-10 15:27:52] REQUEST GET - https://localhost:8082/public/ws/Resources.ashx/xml-qa
[2019-09-10 15:27:52] 200 - OK - text/xml
[2019-09-10 15:27:52] ---- FROM  ::1 (WinNT)
[2019-09-10 15:27:52] REQUEST GET - https://localhost:8082/public/ws/Resources.ashx/xml-qa
[2019-09-10 15:27:52] 200 - OK - text/xml
[2019-09-10 15:27:52] ---- BROWSER:  Firefox 69.0 (Mozilla/5.0 (Windows NT 10.0; Win64; x64; rv:69.0) Gecko/20100101 Firefox/69.0)
[2019-09-10 15:27:52] REQUEST GET - https://localhost:8082/public/ws/Resources.ashx/xml-qa
[2019-09-10 15:27:52] 200 - OK - text/xml
[2019-09-10 15:27:52] REQUEST GET - https://localhost:8082/public/ws/Resources.ashx/xml-qa
[2019-09-10 15:27:52] ---- BROWSER:  Firefox 69.0 (Mozilla/5.0 (Windows NT 10.0; Win64; x64; rv:69.0) Gecko/20100101 Firefox/69.0)
[2019-09-10 15:27:52] ---- FROM  ::1 (WinNT)
[2019-09-10 15:27:52] 200 - OK - text/xml
[2019-09-10 15:27:52] ---- FROM  ::1 (WinNT)
[2019-09-10 15:27:52] ---- FROM  ::1 (WinNT)
[2019-09-10 15:27:52] REQUEST GET - https://localhost:8082/public/ws/Resources.ashx/xml-qa
[2019-09-10 15:27:52] ---- FROM  ::1 (WinNT)
[2019-09-10 15:27:52] 200 - OK - text/xml
[2019-09-10 15:27:52] ---- BROWSER:  Firefox 69.0 (Mozilla/5.0 (Windows NT 10.0; Win64; x64; rv:69.0) Gecko/20100101 Firefox/69.0)
[2019-09-10 15:27:52] REQUEST POST - https://localhost:8082/public/ws/Config.asmx/All_Get
[2019-09-10 15:27:52] ---- BROWSER:  Firefox 69.0 (Mozilla/5.0 (Windows NT 10.0; Win64; x64; rv:69.0) Gecko/20100101 Firefox/69.0)
[2019-09-10 15:27:52] REQUEST GET - https://localhost:8082/public/ws/Resources.ashx/xml-qa
[2019-09-10 15:27:52] ---- FROM  ::1 (WinNT)
[2019-09-10 15:27:52] ---- FROM  ::1 (WinNT)
[2019-09-10 15:27:52] 200 - OK - text/xml
[2019-09-10 15:27:52] ---- BROWSER:  Firefox 69.0 (Mozilla/5.0 (Windows NT 10.0; Win64; x64; rv:69.0) Gecko/20100101 Firefox/69.0)
[2019-09-10 15:27:52] ---- BROWSER:  Firefox 69.0 (Mozilla/5.0 (Windows NT 10.0; Win64; x64; rv:69.0) Gecko/20100101 Firefox/69.0)
[2019-09-10 15:27:52] ---- FROM  ::1 (WinNT)
[2019-09-10 15:27:52] ---- BROWSER:  Firefox 69.0 (Mozilla/5.0 (Windows NT 10.0; Win64; x64; rv:69.0) Gecko/20100101 Firefox/69.0)
[2019-09-10 15:27:52] ---- BROWSER:  Firefox 69.0 (Mozilla/5.0 (Windows NT 10.0; Win64; x64; rv:69.0) Gecko/20100101 Firefox/69.0)
[2019-09-10 15:27:52] ---- BROWSER:  Firefox 69.0 (Mozilla/5.0 (Windows NT 10.0; Win64; x64; rv:69.0) Gecko/20100101 Firefox/69.0)
[2019-09-10 15:27:52] 200 - OK - text/xml
[2019-09-10 15:27:52] ---- BROWSER:  Firefox 69.0 (Mozilla/5.0 (Windows NT 10.0; Win64; x64; rv:69.0) Gecko/20100101 Firefox/69.0)
[2019-09-10 15:27:52] 200 - OK - text/xml
[2019-09-10 15:27:52] 200 - OK - text/xml
[2019-09-10 15:27:52] ---- CONTENT: {data : "<?xml version='1.0' encoding='utf-8' ?><Request ID='20190910152751797'><General><Token>61111131252223224013000011333653</Token></General><Data></Data></Request>"}
[2019-09-10 15:27:52] 200 - OK - text/xml
[2019-09-10 15:27:52] 200 - OK - text/xml
[2019-09-10 15:27:52] 200 - OK - application/json
[2019-09-10 15:27:52] 200 - OK - text/xml
[2019-09-10 15:29:09] REQUEST GET - https://localhost:8082/qa/qualitativa
[2019-09-10 15:29:09] ---- FROM  ::1 (WinNT)
[2019-09-10 15:29:09] ---- BROWSER:  Firefox 69.0 (Mozilla/5.0 (Windows NT 10.0; Win64; x64; rv:69.0) Gecko/20100101 Firefox/69.0)
[2019-09-10 15:29:09] 200 - OK - text/html
[2019-09-10 15:29:15] REQUEST POST - https://localhost:8082/public/ws/QAnalysis.asmx/Get
[2019-09-10 15:29:15] ---- FROM  ::1 (WinNT)
[2019-09-10 15:29:15] ---- BROWSER:  Firefox 69.0 (Mozilla/5.0 (Windows NT 10.0; Win64; x64; rv:69.0) Gecko/20100101 Firefox/69.0)
[2019-09-10 15:29:15] ---- CONTENT: {data : "<?xml version='1.0' encoding='utf-8' ?><Request ID='20190910152915484'><General><Token>61111131252223224013000011333653</Token></General><Data></Data></Request>"}
[2019-09-10 15:29:15] 200 - OK - application/json
[2019-09-10 15:29:15] REQUEST POST - https://localhost:8082/public/ws/Config.asmx/All_Get
[2019-09-10 15:29:15] ---- FROM  ::1 (WinNT)
[2019-09-10 15:29:15] ---- BROWSER:  Firefox 69.0 (Mozilla/5.0 (Windows NT 10.0; Win64; x64; rv:69.0) Gecko/20100101 Firefox/69.0)
[2019-09-10 15:29:15] ---- CONTENT: {data : "<?xml version='1.0' encoding='utf-8' ?><Request ID='20190910152915636'><General><Token>61111131252223224013000011333653</Token></General><Data></Data></Request>"}
[2019-09-10 15:29:15] 200 - OK - application/json
[2019-09-10 15:29:15] REQUEST POST - https://localhost:8082/public/ws/Economics.asmx/messaggi_summary
[2019-09-10 15:29:15] ---- FROM  ::1 (WinNT)
[2019-09-10 15:29:15] ---- BROWSER:  Firefox 69.0 (Mozilla/5.0 (Windows NT 10.0; Win64; x64; rv:69.0) Gecko/20100101 Firefox/69.0)
[2019-09-10 15:29:15] ---- CONTENT: {data : "<?xml version='1.0' encoding='utf-8' ?><Request ID='20190910152915681'><General><Token>61111131252223224013000011333653</Token></General><Data></Data></Request>"}
[2019-09-10 15:29:15] 200 - OK - application/json
[2019-09-10 15:29:15] REQUEST POST - https://localhost:8082/public/ws/Config.asmx/All_Get
[2019-09-10 15:29:15] ---- FROM  ::1 (WinNT)
[2019-09-10 15:29:15] ---- BROWSER:  Firefox 69.0 (Mozilla/5.0 (Windows NT 10.0; Win64; x64; rv:69.0) Gecko/20100101 Firefox/69.0)
[2019-09-10 15:29:15] ---- CONTENT: {data : "<?xml version='1.0' encoding='utf-8' ?><Request ID='20190910152915811'><General><Token>61111131252223224013000011333653</Token></General><Data></Data></Request>"}
[2019-09-10 15:29:15] 200 - OK - application/json
[2019-09-10 15:29:15] REQUEST POST - https://localhost:8082/public/ws/Config.asmx/All_Get
[2019-09-10 15:29:15] ---- FROM  ::1 (WinNT)
[2019-09-10 15:29:15] ---- BROWSER:  Firefox 69.0 (Mozilla/5.0 (Windows NT 10.0; Win64; x64; rv:69.0) Gecko/20100101 Firefox/69.0)
[2019-09-10 15:29:15] ---- CONTENT: {data : "<?xml version='1.0' encoding='utf-8' ?><Request ID='20190910152915885'><General><Token>61111131252223224013000011333653</Token></General><Data></Data></Request>"}
[2019-09-10 15:29:15] REQUEST GET - https://localhost:8082/public/ws/Resources.ashx/xml-qa
[2019-09-10 15:29:15] ---- FROM  ::1 (WinNT)
[2019-09-10 15:29:15] ---- BROWSER:  Firefox 69.0 (Mozilla/5.0 (Windows NT 10.0; Win64; x64; rv:69.0) Gecko/20100101 Firefox/69.0)
[2019-09-10 15:29:15] REQUEST GET - https://localhost:8082/public/ws/Resources.ashx/xml-qa
[2019-09-10 15:29:15] ---- FROM  ::1 (WinNT)
[2019-09-10 15:29:15] ---- BROWSER:  Firefox 69.0 (Mozilla/5.0 (Windows NT 10.0; Win64; x64; rv:69.0) Gecko/20100101 Firefox/69.0)
[2019-09-10 15:29:15] REQUEST GET - https://localhost:8082/public/ws/Resources.ashx/xml-qa
[2019-09-10 15:29:15] REQUEST GET - https://localhost:8082/public/ws/Resources.ashx/xml-qa
[2019-09-10 15:29:15] REQUEST GET - https://localhost:8082/public/ws/Resources.ashx/xml-qa
[2019-09-10 15:29:15] 200 - OK - text/xml
[2019-09-10 15:29:15] 200 - OK - application/json
[2019-09-10 15:29:16] ---- FROM  ::1 (WinNT)
[2019-09-10 15:29:16] 200 - OK - text/xml
[2019-09-10 15:29:15] REQUEST GET - https://localhost:8082/public/ws/Resources.ashx/xml-qa
[2019-09-10 15:29:16] ---- FROM  ::1 (WinNT)
[2019-09-10 15:29:16] ---- FROM  ::1 (WinNT)
[2019-09-10 15:29:16] ---- BROWSER:  Firefox 69.0 (Mozilla/5.0 (Windows NT 10.0; Win64; x64; rv:69.0) Gecko/20100101 Firefox/69.0)
[2019-09-10 15:29:16] REQUEST GET - https://localhost:8082/public/ws/Resources.ashx/xml-qa
[2019-09-10 15:29:16] REQUEST GET - https://localhost:8082/public/ws/Resources.ashx/xml-qa
[2019-09-10 15:29:16] ---- FROM  ::1 (WinNT)
[2019-09-10 15:29:16] ---- BROWSER:  Firefox 69.0 (Mozilla/5.0 (Windows NT 10.0; Win64; x64; rv:69.0) Gecko/20100101 Firefox/69.0)
[2019-09-10 15:29:16] REQUEST GET - https://localhost:8082/public/ws/Resources.ashx/xml-qa
[2019-09-10 15:29:16] 200 - OK - text/xml
[2019-09-10 15:29:16] ---- FROM  ::1 (WinNT)
[2019-09-10 15:29:16] ---- FROM  ::1 (WinNT)
[2019-09-10 15:29:16] ---- BROWSER:  Firefox 69.0 (Mozilla/5.0 (Windows NT 10.0; Win64; x64; rv:69.0) Gecko/20100101 Firefox/69.0)
[2019-09-10 15:29:16] ---- BROWSER:  Firefox 69.0 (Mozilla/5.0 (Windows NT 10.0; Win64; x64; rv:69.0) Gecko/20100101 Firefox/69.0)
[2019-09-10 15:29:16] ---- FROM  ::1 (WinNT)
[2019-09-10 15:29:16] 200 - OK - text/xml
[2019-09-10 15:29:16] 200 - OK - text/xml
[2019-09-10 15:29:16] ---- BROWSER:  Firefox 69.0 (Mozilla/5.0 (Windows NT 10.0; Win64; x64; rv:69.0) Gecko/20100101 Firefox/69.0)
[2019-09-10 15:29:16] ---- BROWSER:  Firefox 69.0 (Mozilla/5.0 (Windows NT 10.0; Win64; x64; rv:69.0) Gecko/20100101 Firefox/69.0)
[2019-09-10 15:29:16] REQUEST GET - https://localhost:8082/public/ws/Resources.ashx/xml-qa
[2019-09-10 15:29:16] ---- BROWSER:  Firefox 69.0 (Mozilla/5.0 (Windows NT 10.0; Win64; x64; rv:69.0) Gecko/20100101 Firefox/69.0)
[2019-09-10 15:29:16] REQUEST GET - https://localhost:8082/public/ws/Resources.ashx/xml-qa
[2019-09-10 15:29:16] REQUEST GET - https://localhost:8082/public/ws/Resources.ashx/xml-qa
[2019-09-10 15:29:16] 200 - OK - text/xml
[2019-09-10 15:29:16] 200 - OK - text/xml
[2019-09-10 15:29:16] 200 - OK - text/xml
[2019-09-10 15:29:16] ---- FROM  ::1 (WinNT)
[2019-09-10 15:29:16] ---- FROM  ::1 (WinNT)
[2019-09-10 15:29:16] ---- FROM  ::1 (WinNT)
[2019-09-10 15:29:15] REQUEST GET - https://localhost:8082/public/ws/Resources.ashx/xml-qa
[2019-09-10 15:29:16] REQUEST GET - https://localhost:8082/public/ws/Resources.ashx/xml-qa
[2019-09-10 15:29:16] 200 - OK - text/xml
[2019-09-10 15:29:16] REQUEST GET - https://localhost:8082/public/ws/Resources.ashx/xml-qa
[2019-09-10 15:29:16] ---- BROWSER:  Firefox 69.0 (Mozilla/5.0 (Windows NT 10.0; Win64; x64; rv:69.0) Gecko/20100101 Firefox/69.0)
[2019-09-10 15:29:16] ---- BROWSER:  Firefox 69.0 (Mozilla/5.0 (Windows NT 10.0; Win64; x64; rv:69.0) Gecko/20100101 Firefox/69.0)
[2019-09-10 15:29:16] ---- BROWSER:  Firefox 69.0 (Mozilla/5.0 (Windows NT 10.0; Win64; x64; rv:69.0) Gecko/20100101 Firefox/69.0)
[2019-09-10 15:29:16] ---- FROM  ::1 (WinNT)
[2019-09-10 15:29:16] REQUEST GET - https://localhost:8082/public/ws/Resources.ashx/xml-qa
[2019-09-10 15:29:16] 200 - OK - text/xml
[2019-09-10 15:29:16] ---- FROM  ::1 (WinNT)
[2019-09-10 15:29:16] 200 - OK - text/xml
[2019-09-10 15:29:16] 200 - OK - text/xml
[2019-09-10 15:29:16] ---- BROWSER:  Firefox 69.0 (Mozilla/5.0 (Windows NT 10.0; Win64; x64; rv:69.0) Gecko/20100101 Firefox/69.0)
[2019-09-10 15:29:16] ---- FROM  ::1 (WinNT)
[2019-09-10 15:29:16] REQUEST GET - https://localhost:8082/public/ws/Resources.ashx/xml-qa
[2019-09-10 15:29:16] REQUEST GET - https://localhost:8082/public/ws/Resources.ashx/xml-qa
[2019-09-10 15:29:16] REQUEST GET - https://localhost:8082/public/ws/Resources.ashx/xml-qa
[2019-09-10 15:29:16] ---- BROWSER:  Firefox 69.0 (Mozilla/5.0 (Windows NT 10.0; Win64; x64; rv:69.0) Gecko/20100101 Firefox/69.0)
[2019-09-10 15:29:16] ---- BROWSER:  Firefox 69.0 (Mozilla/5.0 (Windows NT 10.0; Win64; x64; rv:69.0) Gecko/20100101 Firefox/69.0)
[2019-09-10 15:29:16] REQUEST GET - https://localhost:8082/public/ws/Resources.ashx/xml-qa
[2019-09-10 15:29:16] 200 - OK - text/xml
[2019-09-10 15:29:16] ---- FROM  ::1 (WinNT)
[2019-09-10 15:29:16] ---- FROM  ::1 (WinNT)
[2019-09-10 15:29:16] ---- FROM  ::1 (WinNT)
[2019-09-10 15:29:16] 200 - OK - text/xml
[2019-09-10 15:29:16] ---- FROM  ::1 (WinNT)
[2019-09-10 15:29:16] 200 - OK - text/xml
[2019-09-10 15:29:16] ---- FROM  ::1 (WinNT)
[2019-09-10 15:29:16] REQUEST GET - https://localhost:8082/public/ws/Resources.ashx/xml-qa
[2019-09-10 15:29:16] ---- BROWSER:  Firefox 69.0 (Mozilla/5.0 (Windows NT 10.0; Win64; x64; rv:69.0) Gecko/20100101 Firefox/69.0)
[2019-09-10 15:29:16] ---- BROWSER:  Firefox 69.0 (Mozilla/5.0 (Windows NT 10.0; Win64; x64; rv:69.0) Gecko/20100101 Firefox/69.0)
[2019-09-10 15:29:16] ---- BROWSER:  Firefox 69.0 (Mozilla/5.0 (Windows NT 10.0; Win64; x64; rv:69.0) Gecko/20100101 Firefox/69.0)
[2019-09-10 15:29:16] REQUEST GET - https://localhost:8082/public/ws/Resources.ashx/xml-qa
[2019-09-10 15:29:16] ---- BROWSER:  Firefox 69.0 (Mozilla/5.0 (Windows NT 10.0; Win64; x64; rv:69.0) Gecko/20100101 Firefox/69.0)
[2019-09-10 15:29:16] ---- BROWSER:  Firefox 69.0 (Mozilla/5.0 (Windows NT 10.0; Win64; x64; rv:69.0) Gecko/20100101 Firefox/69.0)
[2019-09-10 15:29:16] REQUEST GET - https://localhost:8082/public/ws/Resources.ashx/xml-qa
[2019-09-10 15:29:16] 200 - OK - text/xml
[2019-09-10 15:29:16] ---- FROM  ::1 (WinNT)
[2019-09-10 15:29:16] 200 - OK - text/xml
[2019-09-10 15:29:16] 200 - OK - text/xml
[2019-09-10 15:29:16] 200 - OK - text/xml
[2019-09-10 15:29:16] ---- FROM  ::1 (WinNT)
[2019-09-10 15:29:16] 200 - OK - text/xml
[2019-09-10 15:29:16] REQUEST GET - https://localhost:8082/public/ws/Resources.ashx/xml-qa
[2019-09-10 15:29:16] REQUEST GET - https://localhost:8082/public/ws/Resources.ashx/xml-qa
[2019-09-10 15:29:16] ---- BROWSER:  Firefox 69.0 (Mozilla/5.0 (Windows NT 10.0; Win64; x64; rv:69.0) Gecko/20100101 Firefox/69.0)
[2019-09-10 15:29:16] ---- FROM  ::1 (WinNT)
[2019-09-10 15:29:16] REQUEST GET - https://localhost:8082/public/ws/Resources.ashx/xml-qa
[2019-09-10 15:29:16] REQUEST GET - https://localhost:8082/public/ws/Resources.ashx/xml-qa
[2019-09-10 15:29:16] REQUEST GET - https://localhost:8082/public/ws/Resources.ashx/xml-qa
[2019-09-10 15:29:16] REQUEST GET - https://localhost:8082/public/ws/Resources.ashx/xml-qa
[2019-09-10 15:29:16] ---- BROWSER:  Firefox 69.0 (Mozilla/5.0 (Windows NT 10.0; Win64; x64; rv:69.0) Gecko/20100101 Firefox/69.0)
[2019-09-10 15:29:16] 200 - OK - text/xml
[2019-09-10 15:29:16] ---- FROM  ::1 (WinNT)
[2019-09-10 15:29:16] REQUEST GET - https://localhost:8082/public/ws/Resources.ashx/xml-qa
[2019-09-10 15:29:16] ---- FROM  ::1 (WinNT)
[2019-09-10 15:29:16] ---- BROWSER:  Firefox 69.0 (Mozilla/5.0 (Windows NT 10.0; Win64; x64; rv:69.0) Gecko/20100101 Firefox/69.0)
[2019-09-10 15:29:16] ---- FROM  ::1 (WinNT)
[2019-09-10 15:29:16] ---- FROM  ::1 (WinNT)
[2019-09-10 15:29:16] 200 - OK - text/xml
[2019-09-10 15:29:16] ---- FROM  ::1 (WinNT)
[2019-09-10 15:29:16] ---- BROWSER:  Firefox 69.0 (Mozilla/5.0 (Windows NT 10.0; Win64; x64; rv:69.0) Gecko/20100101 Firefox/69.0)
[2019-09-10 15:29:16] ---- BROWSER:  Firefox 69.0 (Mozilla/5.0 (Windows NT 10.0; Win64; x64; rv:69.0) Gecko/20100101 Firefox/69.0)
[2019-09-10 15:29:16] REQUEST GET - https://localhost:8082/public/ws/Resources.ashx/xml-qa
[2019-09-10 15:29:16] ---- FROM  ::1 (WinNT)
[2019-09-10 15:29:16] ---- BROWSER:  Firefox 69.0 (Mozilla/5.0 (Windows NT 10.0; Win64; x64; rv:69.0) Gecko/20100101 Firefox/69.0)
[2019-09-10 15:29:16] 200 - OK - text/xml
[2019-09-10 15:29:16] ---- BROWSER:  Firefox 69.0 (Mozilla/5.0 (Windows NT 10.0; Win64; x64; rv:69.0) Gecko/20100101 Firefox/69.0)
[2019-09-10 15:29:16] REQUEST GET - https://localhost:8082/public/ws/Resources.ashx/xml-qa
[2019-09-10 15:29:16] ---- FROM  ::1 (WinNT)
[2019-09-10 15:29:16] 200 - OK - text/xml
[2019-09-10 15:29:16] ---- BROWSER:  Firefox 69.0 (Mozilla/5.0 (Windows NT 10.0; Win64; x64; rv:69.0) Gecko/20100101 Firefox/69.0)
[2019-09-10 15:29:16] ---- FROM  ::1 (WinNT)
[2019-09-10 15:29:16] 200 - OK - text/xml
[2019-09-10 15:29:16] ---- BROWSER:  Firefox 69.0 (Mozilla/5.0 (Windows NT 10.0; Win64; x64; rv:69.0) Gecko/20100101 Firefox/69.0)
[2019-09-10 15:29:16] ---- FROM  ::1 (WinNT)
[2019-09-10 15:29:16] 200 - OK - text/xml
[2019-09-10 15:29:16] 200 - OK - text/xml
[2019-09-10 15:29:16] REQUEST GET - https://localhost:8082/public/ws/Resources.ashx/xml-qa
[2019-09-10 15:29:16] ---- BROWSER:  Firefox 69.0 (Mozilla/5.0 (Windows NT 10.0; Win64; x64; rv:69.0) Gecko/20100101 Firefox/69.0)
[2019-09-10 15:29:16] REQUEST GET - https://localhost:8082/public/ws/Resources.ashx/xml-qa
[2019-09-10 15:29:16] ---- BROWSER:  Firefox 69.0 (Mozilla/5.0 (Windows NT 10.0; Win64; x64; rv:69.0) Gecko/20100101 Firefox/69.0)
[2019-09-10 15:29:16] REQUEST GET - https://localhost:8082/public/ws/Resources.ashx/xml-qa
[2019-09-10 15:29:16] 200 - OK - text/xml
[2019-09-10 15:29:16] 200 - OK - text/xml
[2019-09-10 15:29:16] ---- FROM  ::1 (WinNT)
[2019-09-10 15:29:16] ---- BROWSER:  Firefox 69.0 (Mozilla/5.0 (Windows NT 10.0; Win64; x64; rv:69.0) Gecko/20100101 Firefox/69.0)
[2019-09-10 15:29:16] 200 - OK - text/xml
[2019-09-10 15:29:16] ---- FROM  ::1 (WinNT)
[2019-09-10 15:29:16] 200 - OK - text/xml
[2019-09-10 15:29:16] ---- FROM  ::1 (WinNT)
[2019-09-10 15:29:17] ---- BROWSER:  Firefox 69.0 (Mozilla/5.0 (Windows NT 10.0; Win64; x64; rv:69.0) Gecko/20100101 Firefox/69.0)
[2019-09-10 15:29:17] ---- BROWSER:  Firefox 69.0 (Mozilla/5.0 (Windows NT 10.0; Win64; x64; rv:69.0) Gecko/20100101 Firefox/69.0)
[2019-09-10 15:29:17] 200 - OK - text/xml
[2019-09-10 15:29:17] 200 - OK - text/xml
[2019-09-10 15:29:17] ---- BROWSER:  Firefox 69.0 (Mozilla/5.0 (Windows NT 10.0; Win64; x64; rv:69.0) Gecko/20100101 Firefox/69.0)
[2019-09-10 15:29:17] 200 - OK - text/xml
[2019-09-10 15:29:17] 200 - OK - text/xml
[2019-09-10 15:37:43] REQUEST GET - https://localhost:8082/qa/qualitativa
[2019-09-10 15:37:43] ---- FROM  ::1 (WinNT)
[2019-09-10 15:37:43] ---- BROWSER:  Chrome 76.0 (Mozilla/5.0 (Windows NT 10.0; Win64; x64) AppleWebKit/537.36 (KHTML, like Gecko) Chrome/76.0.3809.132 Safari/537.36)
[2019-09-10 15:37:43] 200 - OK - text/html
[2019-09-10 15:37:45] REQUEST POST - https://localhost:8082/public/ws/QAnalysis.asmx/Get
[2019-09-10 15:37:45] ---- FROM  ::1 (WinNT)
[2019-09-10 15:37:45] ---- BROWSER:  Chrome 76.0 (Mozilla/5.0 (Windows NT 10.0; Win64; x64) AppleWebKit/537.36 (KHTML, like Gecko) Chrome/76.0.3809.132 Safari/537.36)
[2019-09-10 15:37:45] ---- CONTENT: {data : "<?xml version='1.0' encoding='utf-8' ?><Request ID='20190910153745117'><General><Token>61111131252223224013000011333653</Token></General><Data></Data></Request>"}
[2019-09-10 15:37:45] 200 - OK - application/json
[2019-09-10 15:37:45] REQUEST POST - https://localhost:8082/public/ws/Economics.asmx/messaggi_summary
[2019-09-10 15:37:45] ---- FROM  ::1 (WinNT)
[2019-09-10 15:37:45] ---- BROWSER:  Chrome 76.0 (Mozilla/5.0 (Windows NT 10.0; Win64; x64) AppleWebKit/537.36 (KHTML, like Gecko) Chrome/76.0.3809.132 Safari/537.36)
[2019-09-10 15:37:45] ---- CONTENT: {data : "<?xml version='1.0' encoding='utf-8' ?><Request ID='20190910153745202'><General><Token>61111131252223224013000011333653</Token></General><Data></Data></Request>"}
[2019-09-10 15:37:45] 200 - OK - application/json
[2019-09-10 15:37:45] REQUEST POST - https://localhost:8082/public/ws/Config.asmx/All_Get
[2019-09-10 15:37:45] ---- FROM  ::1 (WinNT)
[2019-09-10 15:37:45] ---- BROWSER:  Chrome 76.0 (Mozilla/5.0 (Windows NT 10.0; Win64; x64) AppleWebKit/537.36 (KHTML, like Gecko) Chrome/76.0.3809.132 Safari/537.36)
[2019-09-10 15:37:45] ---- CONTENT: {data : "<?xml version='1.0' encoding='utf-8' ?><Request ID='20190910153745218'><General><Token>61111131252223224013000011333653</Token></General><Data></Data></Request>"}
[2019-09-10 15:37:45] 200 - OK - application/json
[2019-09-10 15:37:45] REQUEST POST - https://localhost:8082/public/ws/Config.asmx/All_Get
[2019-09-10 15:37:45] ---- FROM  ::1 (WinNT)
[2019-09-10 15:37:45] ---- BROWSER:  Chrome 76.0 (Mozilla/5.0 (Windows NT 10.0; Win64; x64) AppleWebKit/537.36 (KHTML, like Gecko) Chrome/76.0.3809.132 Safari/537.36)
[2019-09-10 15:37:45] ---- CONTENT: {data : "<?xml version='1.0' encoding='utf-8' ?><Request ID='20190910153745273'><General><Token>61111131252223224013000011333653</Token></General><Data></Data></Request>"}
[2019-09-10 15:37:45] 200 - OK - application/json
[2019-09-10 15:37:45] REQUEST POST - https://localhost:8082/public/ws/Config.asmx/All_Get
[2019-09-10 15:37:45] ---- FROM  ::1 (WinNT)
[2019-09-10 15:37:45] ---- BROWSER:  Chrome 76.0 (Mozilla/5.0 (Windows NT 10.0; Win64; x64) AppleWebKit/537.36 (KHTML, like Gecko) Chrome/76.0.3809.132 Safari/537.36)
[2019-09-10 15:37:45] ---- CONTENT: {data : "<?xml version='1.0' encoding='utf-8' ?><Request ID='20190910153745428'><General><Token>61111131252223224013000011333653</Token></General><Data></Data></Request>"}
[2019-09-10 15:37:45] REQUEST GET - https://localhost:8082/public/ws/Resources.ashx/xml-qa
[2019-09-10 15:37:45] ---- FROM  ::1 (WinNT)
[2019-09-10 15:37:45] ---- BROWSER:  Chrome 76.0 (Mozilla/5.0 (Windows NT 10.0; Win64; x64) AppleWebKit/537.36 (KHTML, like Gecko) Chrome/76.0.3809.132 Safari/537.36)
[2019-09-10 15:37:45] 200 - OK - application/json
[2019-09-10 15:37:45] 200 - OK - text/xml
[2019-09-10 15:37:45] REQUEST GET - https://localhost:8082/public/ws/Resources.ashx/xml-qa
[2019-09-10 15:37:45] ---- FROM  ::1 (WinNT)
[2019-09-10 15:37:45] ---- BROWSER:  Chrome 76.0 (Mozilla/5.0 (Windows NT 10.0; Win64; x64) AppleWebKit/537.36 (KHTML, like Gecko) Chrome/76.0.3809.132 Safari/537.36)
[2019-09-10 15:37:45] 200 - OK - text/xml
[2019-09-10 15:37:45] REQUEST GET - https://localhost:8082/public/ws/Resources.ashx/xml-qa
[2019-09-10 15:37:45] ---- FROM  ::1 (WinNT)
[2019-09-10 15:37:45] ---- BROWSER:  Chrome 76.0 (Mozilla/5.0 (Windows NT 10.0; Win64; x64) AppleWebKit/537.36 (KHTML, like Gecko) Chrome/76.0.3809.132 Safari/537.36)
[2019-09-10 15:37:45] 200 - OK - text/xml
[2019-09-10 15:37:45] REQUEST GET - https://localhost:8082/public/ws/Resources.ashx/xml-qa
[2019-09-10 15:37:45] ---- FROM  ::1 (WinNT)
[2019-09-10 15:37:45] ---- BROWSER:  Chrome 76.0 (Mozilla/5.0 (Windows NT 10.0; Win64; x64) AppleWebKit/537.36 (KHTML, like Gecko) Chrome/76.0.3809.132 Safari/537.36)
[2019-09-10 15:37:45] 200 - OK - text/xml
[2019-09-10 15:37:45] REQUEST GET - https://localhost:8082/public/ws/Resources.ashx/xml-qa
[2019-09-10 15:37:45] ---- FROM  ::1 (WinNT)
[2019-09-10 15:37:45] ---- BROWSER:  Chrome 76.0 (Mozilla/5.0 (Windows NT 10.0; Win64; x64) AppleWebKit/537.36 (KHTML, like Gecko) Chrome/76.0.3809.132 Safari/537.36)
[2019-09-10 15:37:45] 200 - OK - text/xml
[2019-09-10 15:37:45] REQUEST GET - https://localhost:8082/public/ws/Resources.ashx/xml-qa
[2019-09-10 15:37:45] ---- FROM  ::1 (WinNT)
[2019-09-10 15:37:45] ---- BROWSER:  Chrome 76.0 (Mozilla/5.0 (Windows NT 10.0; Win64; x64) AppleWebKit/537.36 (KHTML, like Gecko) Chrome/76.0.3809.132 Safari/537.36)
[2019-09-10 15:37:45] 200 - OK - text/xml
[2019-09-10 15:37:45] REQUEST GET - https://localhost:8082/public/ws/Resources.ashx/xml-qa
[2019-09-10 15:37:45] ---- FROM  ::1 (WinNT)
[2019-09-10 15:37:45] ---- BROWSER:  Chrome 76.0 (Mozilla/5.0 (Windows NT 10.0; Win64; x64) AppleWebKit/537.36 (KHTML, like Gecko) Chrome/76.0.3809.132 Safari/537.36)
[2019-09-10 15:37:45] 200 - OK - text/xml
[2019-09-10 15:37:45] REQUEST GET - https://localhost:8082/public/ws/Resources.ashx/xml-qa
[2019-09-10 15:37:45] ---- FROM  ::1 (WinNT)
[2019-09-10 15:37:45] ---- BROWSER:  Chrome 76.0 (Mozilla/5.0 (Windows NT 10.0; Win64; x64) AppleWebKit/537.36 (KHTML, like Gecko) Chrome/76.0.3809.132 Safari/537.36)
[2019-09-10 15:37:45] 200 - OK - text/xml
[2019-09-10 15:37:45] REQUEST GET - https://localhost:8082/public/ws/Resources.ashx/xml-qa
[2019-09-10 15:37:45] ---- FROM  ::1 (WinNT)
[2019-09-10 15:37:45] ---- BROWSER:  Chrome 76.0 (Mozilla/5.0 (Windows NT 10.0; Win64; x64) AppleWebKit/537.36 (KHTML, like Gecko) Chrome/76.0.3809.132 Safari/537.36)
[2019-09-10 15:37:45] 200 - OK - text/xml
[2019-09-10 15:37:45] REQUEST GET - https://localhost:8082/public/ws/Resources.ashx/xml-qa
[2019-09-10 15:37:45] ---- FROM  ::1 (WinNT)
[2019-09-10 15:37:45] ---- BROWSER:  Chrome 76.0 (Mozilla/5.0 (Windows NT 10.0; Win64; x64) AppleWebKit/537.36 (KHTML, like Gecko) Chrome/76.0.3809.132 Safari/537.36)
[2019-09-10 15:37:45] 200 - OK - text/xml
[2019-09-10 15:37:45] REQUEST GET - https://localhost:8082/public/ws/Resources.ashx/xml-qa
[2019-09-10 15:37:45] ---- FROM  ::1 (WinNT)
[2019-09-10 15:37:45] ---- BROWSER:  Chrome 76.0 (Mozilla/5.0 (Windows NT 10.0; Win64; x64) AppleWebKit/537.36 (KHTML, like Gecko) Chrome/76.0.3809.132 Safari/537.36)
[2019-09-10 15:37:45] 200 - OK - text/xml
[2019-09-10 15:37:45] REQUEST GET - https://localhost:8082/public/ws/Resources.ashx/xml-qa
[2019-09-10 15:37:45] ---- FROM  ::1 (WinNT)
[2019-09-10 15:37:45] ---- BROWSER:  Chrome 76.0 (Mozilla/5.0 (Windows NT 10.0; Win64; x64) AppleWebKit/537.36 (KHTML, like Gecko) Chrome/76.0.3809.132 Safari/537.36)
