[2019-07-29 14:06:21] REQUEST GET - https://localhost:8082/public/aspx/Home.aspx?Token=61111131252223224013000011333653&TokenApiRest=eyJ0eXAiOiJKV1QiLCJhbGciOiJIUzI1NiJ9.eyJpc3MiOiJodHRwczpcL1wvd3d3cy5kZXYteWVhcC5pdCIsImlhdCI6MTU0MjI5NDMyMSwibmJmIjoxNTQyMjk0MzIxLCJleHAiOjE1NDI4OTkxMjEsImRhdGEiOnsidXNlciI6eyJpZCI6IjQ0In19fQ.RCP5OeoGASxAyBw1MbMD4BFJAcDM5JIXqYXKBALZcJI&Logo=https://localhost:8082/scratch/pl_logo.png&Title=Business Plan Test nr. 2
[2019-07-29 14:06:21] ---- FROM  ::1 (WinNT)
[2019-07-29 14:06:21] ---- BROWSER:  Chrome 75.0 (Mozilla/5.0 (Windows NT 10.0; Win64; x64) AppleWebKit/537.36 (KHTML, like Gecko) Chrome/75.0.3770.142 Safari/537.36)
[2019-07-29 14:06:21] 302 - Found - text/html
[2019-07-29 14:06:21] REQUEST GET - https://localhost:8082/home/welcome?Token=61111131252223224013000011333653&TokenApiRest=eyJ0eXAiOiJKV1QiLCJhbGciOiJIUzI1NiJ9.eyJpc3MiOiJodHRwczpcL1wvd3d3cy5kZXYteWVhcC5pdCIsImlhdCI6MTU0MjI5NDMyMSwibmJmIjoxNTQyMjk0MzIxLCJleHAiOjE1NDI4OTkxMjEsImRhdGEiOnsidXNlciI6eyJpZCI6IjQ0In19fQ.RCP5OeoGASxAyBw1MbMD4BFJAcDM5JIXqYXKBALZcJI&Logo=https://localhost:8082/scratch/pl_logo.png&Title=Business Plan Test nr. 2
[2019-07-29 14:06:21] ---- FROM  ::1 (WinNT)
[2019-07-29 14:06:21] ---- BROWSER:  Chrome 75.0 (Mozilla/5.0 (Windows NT 10.0; Win64; x64) AppleWebKit/537.36 (KHTML, like Gecko) Chrome/75.0.3770.142 Safari/537.36)
[2019-07-29 14:06:21] 200 - OK - text/html
[2019-07-29 14:06:28] REQUEST POST - https://localhost:8082/public/ws/General.asmx/Set
[2019-07-29 14:06:28] ---- FROM  ::1 (WinNT)
[2019-07-29 14:06:28] ---- BROWSER:  Chrome 75.0 (Mozilla/5.0 (Windows NT 10.0; Win64; x64) AppleWebKit/537.36 (KHTML, like Gecko) Chrome/75.0.3770.142 Safari/537.36)
[2019-07-29 14:06:28] ---- CONTENT: {data : "<?xml version='1.0' encoding='utf-8' ?><Request ID='20190729140628556'><General><Token>61111131252223224013000011333653</Token></General><Data><Nome>Business Plan Test nr. 2</Nome><Logo>https%3A%2F%2Flocalhost%3A8082%2Fscratch%2Fpl_logo.png</Logo></Data></Request>"}
[2019-07-29 14:06:29] 200 - OK - application/json
[2019-07-29 14:06:29] REQUEST POST - https://localhost:8082/public/ws/Config.asmx/Economics_Get
[2019-07-29 14:06:29] ---- FROM  ::1 (WinNT)
[2019-07-29 14:06:29] ---- BROWSER:  Chrome 75.0 (Mozilla/5.0 (Windows NT 10.0; Win64; x64) AppleWebKit/537.36 (KHTML, like Gecko) Chrome/75.0.3770.142 Safari/537.36)
[2019-07-29 14:06:29] ---- CONTENT: {data : "<?xml version='1.0' encoding='utf-8' ?><Request ID='20190729140629742'><General><Token>61111131252223224013000011333653</Token></General><Data></Data></Request>"}
[2019-07-29 14:06:30] 200 - OK - application/json
[2019-07-29 14:06:30] REQUEST POST - https://localhost:8082/public/ws/Config.asmx/All_Get
[2019-07-29 14:06:30] ---- FROM  ::1 (WinNT)
[2019-07-29 14:06:30] ---- BROWSER:  Chrome 75.0 (Mozilla/5.0 (Windows NT 10.0; Win64; x64) AppleWebKit/537.36 (KHTML, like Gecko) Chrome/75.0.3770.142 Safari/537.36)
[2019-07-29 14:06:30] ---- CONTENT: {data : "<?xml version='1.0' encoding='utf-8' ?><Request ID='20190729140630122'><General><Token>61111131252223224013000011333653</Token></General><Data></Data></Request>"}
[2019-07-29 14:06:30] REQUEST POST - https://localhost:8082/public/ws/Economics.asmx/messaggi_summary
[2019-07-29 14:06:30] ---- FROM  ::1 (WinNT)
[2019-07-29 14:06:30] ---- BROWSER:  Chrome 75.0 (Mozilla/5.0 (Windows NT 10.0; Win64; x64) AppleWebKit/537.36 (KHTML, like Gecko) Chrome/75.0.3770.142 Safari/537.36)
[2019-07-29 14:06:30] ---- CONTENT: {data : "<?xml version='1.0' encoding='utf-8' ?><Request ID='20190729140630160'><General><Token>61111131252223224013000011333653</Token></General><Data></Data></Request>"}
[2019-07-29 14:06:30] REQUEST POST - https://localhost:8082/public/ws/Config.asmx/All_Get
[2019-07-29 14:06:30] ---- FROM  ::1 (WinNT)
[2019-07-29 14:06:30] ---- BROWSER:  Chrome 75.0 (Mozilla/5.0 (Windows NT 10.0; Win64; x64) AppleWebKit/537.36 (KHTML, like Gecko) Chrome/75.0.3770.142 Safari/537.36)
[2019-07-29 14:06:30] ---- CONTENT: {data : "<?xml version='1.0' encoding='utf-8' ?><Request ID='20190729140630413'><General><Token>61111131252223224013000011333653</Token></General><Data></Data></Request>"}
[2019-07-29 14:06:30] 200 - OK - application/json
[2019-07-29 14:06:30] 200 - OK - application/json
[2019-07-29 14:06:30] 200 - OK - application/json
[2019-07-29 14:06:31] REQUEST POST - https://localhost:8082/public/ws/Config.asmx/All_Get
[2019-07-29 14:06:32] ---- FROM  ::1 (WinNT)
[2019-07-29 14:06:32] ---- BROWSER:  Chrome 75.0 (Mozilla/5.0 (Windows NT 10.0; Win64; x64) AppleWebKit/537.36 (KHTML, like Gecko) Chrome/75.0.3770.142 Safari/537.36)
[2019-07-29 14:06:32] ---- CONTENT: {data : "<?xml version='1.0' encoding='utf-8' ?><Request ID='20190729140630986'><General><Token>61111131252223224013000011333653</Token></General><Data></Data></Request>"}
[2019-07-29 14:06:32] 200 - OK - application/json
[2019-07-29 14:06:48] REQUEST GET - https://localhost:8082/economics/anno-precedente-conferma
[2019-07-29 14:06:48] ---- FROM  ::1 (WinNT)
[2019-07-29 14:06:48] ---- BROWSER:  Chrome 75.0 (Mozilla/5.0 (Windows NT 10.0; Win64; x64) AppleWebKit/537.36 (KHTML, like Gecko) Chrome/75.0.3770.142 Safari/537.36)
[2019-07-29 14:06:48] 200 - OK - text/html
[2019-07-29 14:06:55] REQUEST POST - https://localhost:8082/public/ws/AnnoPrec.asmx/Valutazione
[2019-07-29 14:06:55] ---- FROM  ::1 (WinNT)
[2019-07-29 14:06:55] ---- BROWSER:  Chrome 75.0 (Mozilla/5.0 (Windows NT 10.0; Win64; x64) AppleWebKit/537.36 (KHTML, like Gecko) Chrome/75.0.3770.142 Safari/537.36)
[2019-07-29 14:06:55] ---- CONTENT: {data : "<?xml version='1.0' encoding='utf-8' ?><Request ID='20190729140655907'><General><Token>61111131252223224013000011333653</Token></General><Data></Data></Request>"}
[2019-07-29 14:06:58] 200 - OK - application/json
[2019-07-29 14:06:58] REQUEST POST - https://localhost:8082/public/ws/Config.asmx/All_Get
[2019-07-29 14:06:58] ---- FROM  ::1 (WinNT)
[2019-07-29 14:06:59] ---- BROWSER:  Chrome 75.0 (Mozilla/5.0 (Windows NT 10.0; Win64; x64) AppleWebKit/537.36 (KHTML, like Gecko) Chrome/75.0.3770.142 Safari/537.36)
[2019-07-29 14:06:58] REQUEST POST - https://localhost:8082/public/ws/Economics.asmx/messaggi_summary
[2019-07-29 14:06:59] ---- FROM  ::1 (WinNT)
[2019-07-29 14:06:59] ---- CONTENT: {data : "<?xml version='1.0' encoding='utf-8' ?><Request ID='20190729140658883'><General><Token>61111131252223224013000011333653</Token></General><Data></Data></Request>"}
[2019-07-29 14:06:59] ---- BROWSER:  Chrome 75.0 (Mozilla/5.0 (Windows NT 10.0; Win64; x64) AppleWebKit/537.36 (KHTML, like Gecko) Chrome/75.0.3770.142 Safari/537.36)
[2019-07-29 14:06:59] ---- CONTENT: {data : "<?xml version='1.0' encoding='utf-8' ?><Request ID='20190729140658974'><General><Token>61111131252223224013000011333653</Token></General><Data></Data></Request>"}
[2019-07-29 14:06:59] REQUEST GET - https://localhost:8082/public/ws/Resources.ashx/xml-economics/61111131252223224013000011333653
[2019-07-29 14:06:59] ---- FROM  ::1 (WinNT)
[2019-07-29 14:06:59] ---- BROWSER:  Chrome 75.0 (Mozilla/5.0 (Windows NT 10.0; Win64; x64) AppleWebKit/537.36 (KHTML, like Gecko) Chrome/75.0.3770.142 Safari/537.36)
[2019-07-29 14:06:59] 200 - OK - application/json
[2019-07-29 14:06:59] 200 - OK - application/json
[2019-07-29 14:06:59] 200 - OK - text/xml
[2019-07-29 14:06:59] REQUEST POST - https://localhost:8082/public/ws/Config.asmx/All_Get
[2019-07-29 14:06:59] ---- FROM  ::1 (WinNT)
[2019-07-29 14:06:59] ---- BROWSER:  Chrome 75.0 (Mozilla/5.0 (Windows NT 10.0; Win64; x64) AppleWebKit/537.36 (KHTML, like Gecko) Chrome/75.0.3770.142 Safari/537.36)
[2019-07-29 14:06:59] ---- CONTENT: {data : "<?xml version='1.0' encoding='utf-8' ?><Request ID='20190729140659435'><General><Token>61111131252223224013000011333653</Token></General><Data></Data></Request>"}
[2019-07-29 14:06:59] 200 - OK - application/json
[2019-07-29 14:07:08] REQUEST POST - https://localhost:8082/public/ws/Config.asmx/All_Get
[2019-07-29 14:07:08] ---- FROM  ::1 (WinNT)
[2019-07-29 14:07:08] ---- BROWSER:  Chrome 75.0 (Mozilla/5.0 (Windows NT 10.0; Win64; x64) AppleWebKit/537.36 (KHTML, like Gecko) Chrome/75.0.3770.142 Safari/537.36)
[2019-07-29 14:07:08] ---- CONTENT: {data : "<?xml version='1.0' encoding='utf-8' ?><Request ID='20190729140708799'><General><Token>61111131252223224013000011333653</Token></General><Data></Data></Request>"}
[2019-07-29 14:07:08] 200 - OK - application/json
[2019-07-29 14:07:25] REQUEST POST - https://localhost:8082/economics/anno-precedente-conferma
[2019-07-29 14:07:25] ---- FROM  ::1 (WinNT)
[2019-07-29 14:07:25] ---- BROWSER:  Chrome 75.0 (Mozilla/5.0 (Windows NT 10.0; Win64; x64) AppleWebKit/537.36 (KHTML, like Gecko) Chrome/75.0.3770.142 Safari/537.36)
[2019-07-29 14:07:25] ---- CONTENT: {data : "<?xml version='1.0' encoding='utf-8'?><Request ID='20190729140723783'><General><Token>61111131252223224013000011333653</Token></General><Data><Anni><Anno ID='1'/><Anno ID='2'/><Anno ID='3'/><Anno ID='4'/><Anno ID='5'/></Anni></Data></Request>"}
[2019-07-29 14:07:25] 200 - OK - text/html
[2019-07-29 14:08:07] REQUEST POST - https://localhost:8082/public/ws/AnnoPrec.asmx/Valutazione
[2019-07-29 14:08:07] ---- FROM  ::1 (WinNT)
[2019-07-29 14:08:07] ---- BROWSER:  Chrome 75.0 (Mozilla/5.0 (Windows NT 10.0; Win64; x64) AppleWebKit/537.36 (KHTML, like Gecko) Chrome/75.0.3770.142 Safari/537.36)
[2019-07-29 14:08:07] ---- CONTENT: {data : "<?xml version='1.0' encoding='utf-8' ?><Request ID='20190729140807146'><General><Token>61111131252223224013000011333653</Token></General><Data></Data></Request>"}
[2019-07-29 14:08:26] 200 - OK - application/json
[2019-07-29 14:20:34] REQUEST GET - https://localhost:8082/public/aspx/Home.aspx?Token=61111131252223224013000011333653&TokenApiRest=eyJ0eXAiOiJKV1QiLCJhbGciOiJIUzI1NiJ9.eyJpc3MiOiJodHRwczpcL1wvd3d3cy5kZXYteWVhcC5pdCIsImlhdCI6MTU0MjI5NDMyMSwibmJmIjoxNTQyMjk0MzIxLCJleHAiOjE1NDI4OTkxMjEsImRhdGEiOnsidXNlciI6eyJpZCI6IjQ0In19fQ.RCP5OeoGASxAyBw1MbMD4BFJAcDM5JIXqYXKBALZcJI&Logo=https://localhost:8082/scratch/pl_logo.png&Title=Business Plan Test nr. 2
[2019-07-29 14:20:34] ---- FROM  ::1 (WinNT)
[2019-07-29 14:20:34] ---- BROWSER:  Chrome 75.0 (Mozilla/5.0 (Windows NT 10.0; Win64; x64) AppleWebKit/537.36 (KHTML, like Gecko) Chrome/75.0.3770.142 Safari/537.36)
[2019-07-29 14:20:34] 302 - Found - text/html
[2019-07-29 14:20:34] REQUEST GET - https://localhost:8082/home/welcome?Token=61111131252223224013000011333653&TokenApiRest=eyJ0eXAiOiJKV1QiLCJhbGciOiJIUzI1NiJ9.eyJpc3MiOiJodHRwczpcL1wvd3d3cy5kZXYteWVhcC5pdCIsImlhdCI6MTU0MjI5NDMyMSwibmJmIjoxNTQyMjk0MzIxLCJleHAiOjE1NDI4OTkxMjEsImRhdGEiOnsidXNlciI6eyJpZCI6IjQ0In19fQ.RCP5OeoGASxAyBw1MbMD4BFJAcDM5JIXqYXKBALZcJI&Logo=https://localhost:8082/scratch/pl_logo.png&Title=Business Plan Test nr. 2
[2019-07-29 14:20:34] ---- FROM  ::1 (WinNT)
[2019-07-29 14:20:34] ---- BROWSER:  Chrome 75.0 (Mozilla/5.0 (Windows NT 10.0; Win64; x64) AppleWebKit/537.36 (KHTML, like Gecko) Chrome/75.0.3770.142 Safari/537.36)
[2019-07-29 14:20:34] 200 - OK - text/html
[2019-07-29 14:20:38] REQUEST POST - https://localhost:8082/public/ws/General.asmx/Set
[2019-07-29 14:20:38] ---- FROM  ::1 (WinNT)
[2019-07-29 14:20:38] ---- BROWSER:  Chrome 75.0 (Mozilla/5.0 (Windows NT 10.0; Win64; x64) AppleWebKit/537.36 (KHTML, like Gecko) Chrome/75.0.3770.142 Safari/537.36)
[2019-07-29 14:20:38] ---- CONTENT: {data : "<?xml version='1.0' encoding='utf-8' ?><Request ID='20190729142038650'><General><Token>61111131252223224013000011333653</Token></General><Data><Nome>Business Plan Test nr. 2</Nome><Logo>https%3A%2F%2Flocalhost%3A8082%2Fscratch%2Fpl_logo.png</Logo></Data></Request>"}
[2019-07-29 14:20:38] 200 - OK - application/json
[2019-07-29 14:20:38] REQUEST POST - https://localhost:8082/public/ws/Config.asmx/Economics_Get
[2019-07-29 14:20:38] ---- FROM  ::1 (WinNT)
[2019-07-29 14:20:38] ---- BROWSER:  Chrome 75.0 (Mozilla/5.0 (Windows NT 10.0; Win64; x64) AppleWebKit/537.36 (KHTML, like Gecko) Chrome/75.0.3770.142 Safari/537.36)
[2019-07-29 14:20:38] ---- CONTENT: {data : "<?xml version='1.0' encoding='utf-8' ?><Request ID='20190729142038747'><General><Token>61111131252223224013000011333653</Token></General><Data></Data></Request>"}
[2019-07-29 14:20:38] 200 - OK - application/json
[2019-07-29 14:20:39] REQUEST POST - https://localhost:8082/public/ws/Config.asmx/All_Get
[2019-07-29 14:20:39] ---- FROM  ::1 (WinNT)
[2019-07-29 14:20:39] ---- BROWSER:  Chrome 75.0 (Mozilla/5.0 (Windows NT 10.0; Win64; x64) AppleWebKit/537.36 (KHTML, like Gecko) Chrome/75.0.3770.142 Safari/537.36)
[2019-07-29 14:20:39] ---- CONTENT: {data : "<?xml version='1.0' encoding='utf-8' ?><Request ID='2019072914203986'><General><Token>61111131252223224013000011333653</Token></General><Data></Data></Request>"}
[2019-07-29 14:20:39] REQUEST POST - https://localhost:8082/public/ws/Economics.asmx/messaggi_summary
[2019-07-29 14:20:39] 200 - OK - application/json
[2019-07-29 14:20:39] ---- FROM  ::1 (WinNT)
[2019-07-29 14:20:39] ---- BROWSER:  Chrome 75.0 (Mozilla/5.0 (Windows NT 10.0; Win64; x64) AppleWebKit/537.36 (KHTML, like Gecko) Chrome/75.0.3770.142 Safari/537.36)
[2019-07-29 14:20:39] ---- CONTENT: {data : "<?xml version='1.0' encoding='utf-8' ?><Request ID='20190729142039210'><General><Token>61111131252223224013000011333653</Token></General><Data></Data></Request>"}
[2019-07-29 14:20:39] 200 - OK - application/json
[2019-07-29 14:20:39] REQUEST POST - https://localhost:8082/public/ws/Config.asmx/All_Get
[2019-07-29 14:20:39] ---- FROM  ::1 (WinNT)
[2019-07-29 14:20:39] ---- BROWSER:  Chrome 75.0 (Mozilla/5.0 (Windows NT 10.0; Win64; x64) AppleWebKit/537.36 (KHTML, like Gecko) Chrome/75.0.3770.142 Safari/537.36)
[2019-07-29 14:20:39] ---- CONTENT: {data : "<?xml version='1.0' encoding='utf-8' ?><Request ID='20190729142039578'><General><Token>61111131252223224013000011333653</Token></General><Data></Data></Request>"}
[2019-07-29 14:20:39] REQUEST POST - https://localhost:8082/public/ws/Config.asmx/All_Get
[2019-07-29 14:20:39] ---- FROM  ::1 (WinNT)
[2019-07-29 14:20:39] ---- BROWSER:  Chrome 75.0 (Mozilla/5.0 (Windows NT 10.0; Win64; x64) AppleWebKit/537.36 (KHTML, like Gecko) Chrome/75.0.3770.142 Safari/537.36)
[2019-07-29 14:20:39] ---- CONTENT: {data : "<?xml version='1.0' encoding='utf-8' ?><Request ID='20190729142039637'><General><Token>61111131252223224013000011333653</Token></General><Data></Data></Request>"}
[2019-07-29 14:20:39] 200 - OK - application/json
[2019-07-29 14:20:39] 200 - OK - application/json
[2019-07-29 14:20:50] REQUEST GET - https://localhost:8082/economics/anno-precedente-conferma
[2019-07-29 14:20:50] ---- FROM  ::1 (WinNT)
[2019-07-29 14:20:50] ---- BROWSER:  Chrome 75.0 (Mozilla/5.0 (Windows NT 10.0; Win64; x64) AppleWebKit/537.36 (KHTML, like Gecko) Chrome/75.0.3770.142 Safari/537.36)
[2019-07-29 14:20:50] 200 - OK - text/html
[2019-07-29 14:20:55] REQUEST POST - https://localhost:8082/public/ws/AnnoPrec.asmx/Valutazione
[2019-07-29 14:20:55] ---- FROM  ::1 (WinNT)
[2019-07-29 14:20:55] ---- BROWSER:  Chrome 75.0 (Mozilla/5.0 (Windows NT 10.0; Win64; x64) AppleWebKit/537.36 (KHTML, like Gecko) Chrome/75.0.3770.142 Safari/537.36)
[2019-07-29 14:20:55] ---- CONTENT: {data : "<?xml version='1.0' encoding='utf-8' ?><Request ID='20190729142055128'><General><Token>61111131252223224013000011333653</Token></General><Data></Data></Request>"}
[2019-07-29 14:20:56] 200 - OK - application/json
[2019-07-29 14:20:57] REQUEST POST - https://localhost:8082/public/ws/Economics.asmx/messaggi_summary
[2019-07-29 14:20:57] ---- FROM  ::1 (WinNT)
[2019-07-29 14:20:57] ---- BROWSER:  Chrome 75.0 (Mozilla/5.0 (Windows NT 10.0; Win64; x64) AppleWebKit/537.36 (KHTML, like Gecko) Chrome/75.0.3770.142 Safari/537.36)
[2019-07-29 14:20:57] ---- CONTENT: {data : "<?xml version='1.0' encoding='utf-8' ?><Request ID='2019072914205747'><General><Token>61111131252223224013000011333653</Token></General><Data></Data></Request>"}
[2019-07-29 14:20:57] 200 - OK - application/json
[2019-07-29 14:20:57] REQUEST POST - https://localhost:8082/public/ws/Config.asmx/All_Get
[2019-07-29 14:20:57] ---- FROM  ::1 (WinNT)
[2019-07-29 14:20:57] ---- BROWSER:  Chrome 75.0 (Mozilla/5.0 (Windows NT 10.0; Win64; x64) AppleWebKit/537.36 (KHTML, like Gecko) Chrome/75.0.3770.142 Safari/537.36)
[2019-07-29 14:20:57] ---- CONTENT: {data : "<?xml version='1.0' encoding='utf-8' ?><Request ID='2019072914205793'><General><Token>61111131252223224013000011333653</Token></General><Data></Data></Request>"}
[2019-07-29 14:20:57] REQUEST GET - https://localhost:8082/public/ws/Resources.ashx/xml-economics/61111131252223224013000011333653
[2019-07-29 14:20:57] ---- FROM  ::1 (WinNT)
[2019-07-29 14:20:57] ---- BROWSER:  Chrome 75.0 (Mozilla/5.0 (Windows NT 10.0; Win64; x64) AppleWebKit/537.36 (KHTML, like Gecko) Chrome/75.0.3770.142 Safari/537.36)
[2019-07-29 14:20:57] REQUEST POST - https://localhost:8082/public/ws/Config.asmx/All_Get
[2019-07-29 14:20:57] 200 - OK - application/json
[2019-07-29 14:20:57] ---- FROM  ::1 (WinNT)
[2019-07-29 14:20:57] ---- BROWSER:  Chrome 75.0 (Mozilla/5.0 (Windows NT 10.0; Win64; x64) AppleWebKit/537.36 (KHTML, like Gecko) Chrome/75.0.3770.142 Safari/537.36)
[2019-07-29 14:20:57] ---- CONTENT: {data : "<?xml version='1.0' encoding='utf-8' ?><Request ID='20190729142057242'><General><Token>61111131252223224013000011333653</Token></General><Data></Data></Request>"}
[2019-07-29 14:20:57] 200 - OK - text/xml
[2019-07-29 14:20:57] 200 - OK - application/json
[2019-07-29 14:21:23] REQUEST POST - https://localhost:8082/public/ws/Config.asmx/All_Get
[2019-07-29 14:21:23] ---- FROM  ::1 (WinNT)
[2019-07-29 14:21:24] ---- BROWSER:  Chrome 75.0 (Mozilla/5.0 (Windows NT 10.0; Win64; x64) AppleWebKit/537.36 (KHTML, like Gecko) Chrome/75.0.3770.142 Safari/537.36)
[2019-07-29 14:21:24] ---- CONTENT: {data : "<?xml version='1.0' encoding='utf-8' ?><Request ID='20190729142123735'><General><Token>61111131252223224013000011333653</Token></General><Data></Data></Request>"}
[2019-07-29 14:21:25] 200 - OK - application/json
[2019-07-29 14:22:02] REQUEST POST - https://localhost:8082/economics/anno-precedente-conferma
[2019-07-29 14:22:02] ---- FROM  ::1 (WinNT)
[2019-07-29 14:22:02] ---- BROWSER:  Chrome 75.0 (Mozilla/5.0 (Windows NT 10.0; Win64; x64) AppleWebKit/537.36 (KHTML, like Gecko) Chrome/75.0.3770.142 Safari/537.36)
[2019-07-29 14:22:02] ---- CONTENT: {data : "<?xml version='1.0' encoding='utf-8'?><Request ID='2019072914215432'><General><Token>61111131252223224013000011333653</Token></General><Data><Anni><Anno ID='1'/><Anno ID='2'/><Anno ID='3'/><Anno ID='4'/><Anno ID='5'/></Anni></Data></Request>"}
[2019-07-29 14:22:02] 200 - OK - text/html
[2019-07-29 14:22:30] REQUEST POST - https://localhost:8082/public/ws/AnnoPrec.asmx/Valutazione
[2019-07-29 14:22:30] ---- FROM  ::1 (WinNT)
[2019-07-29 14:22:30] ---- BROWSER:  Chrome 75.0 (Mozilla/5.0 (Windows NT 10.0; Win64; x64) AppleWebKit/537.36 (KHTML, like Gecko) Chrome/75.0.3770.142 Safari/537.36)
[2019-07-29 14:22:30] ---- CONTENT: {data : "<?xml version='1.0' encoding='utf-8' ?><Request ID='20190729142230763'><General><Token>61111131252223224013000011333653</Token></General><Data></Data></Request>"}
[2019-07-29 14:22:39] 200 - OK - application/json
[2019-07-29 14:22:40] REQUEST POST - https://localhost:8082/public/ws/Economics.asmx/messaggi_summary
[2019-07-29 14:22:40] ---- FROM  ::1 (WinNT)
[2019-07-29 14:22:40] ---- BROWSER:  Chrome 75.0 (Mozilla/5.0 (Windows NT 10.0; Win64; x64) AppleWebKit/537.36 (KHTML, like Gecko) Chrome/75.0.3770.142 Safari/537.36)
[2019-07-29 14:22:40] ---- CONTENT: {data : "<?xml version='1.0' encoding='utf-8' ?><Request ID='2019072914224017'><General><Token>61111131252223224013000011333653</Token></General><Data></Data></Request>"}
[2019-07-29 14:22:40] 200 - OK - application/json
[2019-07-29 14:22:40] REQUEST POST - https://localhost:8082/public/ws/Config.asmx/All_Get
[2019-07-29 14:22:40] ---- FROM  ::1 (WinNT)
[2019-07-29 14:22:40] ---- BROWSER:  Chrome 75.0 (Mozilla/5.0 (Windows NT 10.0; Win64; x64) AppleWebKit/537.36 (KHTML, like Gecko) Chrome/75.0.3770.142 Safari/537.36)
[2019-07-29 14:22:40] ---- CONTENT: {data : "<?xml version='1.0' encoding='utf-8' ?><Request ID='2019072914224062'><General><Token>61111131252223224013000011333653</Token></General><Data></Data></Request>"}
[2019-07-29 14:22:40] 200 - OK - application/json
[2019-07-29 14:22:40] REQUEST POST - https://localhost:8082/public/ws/Config.asmx/All_Get
[2019-07-29 14:22:40] ---- FROM  ::1 (WinNT)
[2019-07-29 14:22:40] ---- BROWSER:  Chrome 75.0 (Mozilla/5.0 (Windows NT 10.0; Win64; x64) AppleWebKit/537.36 (KHTML, like Gecko) Chrome/75.0.3770.142 Safari/537.36)
[2019-07-29 14:22:40] ---- CONTENT: {data : "<?xml version='1.0' encoding='utf-8' ?><Request ID='20190729142240171'><General><Token>61111131252223224013000011333653</Token></General><Data></Data></Request>"}
[2019-07-29 14:22:40] REQUEST GET - https://localhost:8082/public/ws/Resources.ashx/xml-economics/61111131252223224013000011333653
[2019-07-29 14:22:40] ---- FROM  ::1 (WinNT)
[2019-07-29 14:22:40] ---- BROWSER:  Chrome 75.0 (Mozilla/5.0 (Windows NT 10.0; Win64; x64) AppleWebKit/537.36 (KHTML, like Gecko) Chrome/75.0.3770.142 Safari/537.36)
[2019-07-29 14:22:40] 200 - OK - application/json
[2019-07-29 14:22:40] 200 - OK - text/xml
[2019-07-29 14:22:44] REQUEST POST - https://localhost:8082/public/ws/Config.asmx/All_Get
[2019-07-29 14:22:44] ---- FROM  ::1 (WinNT)
[2019-07-29 14:22:44] ---- BROWSER:  Chrome 75.0 (Mozilla/5.0 (Windows NT 10.0; Win64; x64) AppleWebKit/537.36 (KHTML, like Gecko) Chrome/75.0.3770.142 Safari/537.36)
[2019-07-29 14:22:44] ---- CONTENT: {data : "<?xml version='1.0' encoding='utf-8' ?><Request ID='2019072914224454'><General><Token>61111131252223224013000011333653</Token></General><Data></Data></Request>"}
[2019-07-29 14:22:44] 200 - OK - application/json
[2019-07-29 14:22:57] REQUEST POST - https://localhost:8082/economics/anno-precedente-conferma
[2019-07-29 14:22:57] ---- FROM  ::1 (WinNT)
[2019-07-29 14:22:57] ---- BROWSER:  Chrome 75.0 (Mozilla/5.0 (Windows NT 10.0; Win64; x64) AppleWebKit/537.36 (KHTML, like Gecko) Chrome/75.0.3770.142 Safari/537.36)
[2019-07-29 14:22:57] ---- CONTENT: {data : "<?xml version='1.0' encoding='utf-8'?><Request ID='20190729142257327'><General><Token>61111131252223224013000011333653</Token></General><Data><Anni><Anno ID='1'/><Anno ID='2'/><Anno ID='3'/><Anno ID='4'/><Anno ID='5'/></Anni></Data></Request>"}
[2019-07-29 14:22:57] 200 - OK - text/html
[2019-07-29 14:22:57] REQUEST POST - https://localhost:8082/public/ws/AnnoPrec.asmx/Valutazione
[2019-07-29 14:22:57] ---- FROM  ::1 (WinNT)
[2019-07-29 14:22:57] ---- BROWSER:  Chrome 75.0 (Mozilla/5.0 (Windows NT 10.0; Win64; x64) AppleWebKit/537.36 (KHTML, like Gecko) Chrome/75.0.3770.142 Safari/537.36)
[2019-07-29 14:22:57] ---- CONTENT: {data : "<?xml version='1.0' encoding='utf-8' ?><Request ID='20190729142257385'><General><Token>61111131252223224013000011333653</Token></General><Data></Data></Request>"}
[2019-07-29 14:23:03] 200 - OK - application/json
[2019-07-29 14:23:03] REQUEST POST - https://localhost:8082/public/ws/Config.asmx/All_Get
[2019-07-29 14:23:03] ---- FROM  ::1 (WinNT)
[2019-07-29 14:23:03] ---- BROWSER:  Chrome 75.0 (Mozilla/5.0 (Windows NT 10.0; Win64; x64) AppleWebKit/537.36 (KHTML, like Gecko) Chrome/75.0.3770.142 Safari/537.36)
[2019-07-29 14:23:03] ---- CONTENT: {data : "<?xml version='1.0' encoding='utf-8' ?><Request ID='20190729142303145'><General><Token>61111131252223224013000011333653</Token></General><Data></Data></Request>"}
[2019-07-29 14:23:03] REQUEST GET - https://localhost:8082/public/ws/Resources.ashx/xml-economics/61111131252223224013000011333653
[2019-07-29 14:23:03] ---- FROM  ::1 (WinNT)
[2019-07-29 14:23:03] ---- BROWSER:  Chrome 75.0 (Mozilla/5.0 (Windows NT 10.0; Win64; x64) AppleWebKit/537.36 (KHTML, like Gecko) Chrome/75.0.3770.142 Safari/537.36)
[2019-07-29 14:23:03] REQUEST POST - https://localhost:8082/public/ws/Economics.asmx/messaggi_summary
[2019-07-29 14:23:03] ---- FROM  ::1 (WinNT)
[2019-07-29 14:23:03] ---- BROWSER:  Chrome 75.0 (Mozilla/5.0 (Windows NT 10.0; Win64; x64) AppleWebKit/537.36 (KHTML, like Gecko) Chrome/75.0.3770.142 Safari/537.36)
[2019-07-29 14:23:03] 200 - OK - application/json
[2019-07-29 14:23:03] 200 - OK - text/xml
[2019-07-29 14:23:03] ---- CONTENT: {data : "<?xml version='1.0' encoding='utf-8' ?><Request ID='20190729142303206'><General><Token>61111131252223224013000011333653</Token></General><Data></Data></Request>"}
[2019-07-29 14:23:03] 200 - OK - application/json
[2019-07-29 14:23:10] REQUEST POST - https://localhost:8082/public/ws/Config.asmx/All_Get
[2019-07-29 14:23:10] ---- FROM  ::1 (WinNT)
[2019-07-29 14:23:10] ---- BROWSER:  Chrome 75.0 (Mozilla/5.0 (Windows NT 10.0; Win64; x64) AppleWebKit/537.36 (KHTML, like Gecko) Chrome/75.0.3770.142 Safari/537.36)
[2019-07-29 14:23:10] ---- CONTENT: {data : "<?xml version='1.0' encoding='utf-8' ?><Request ID='20190729142310110'><General><Token>61111131252223224013000011333653</Token></General><Data></Data></Request>"}
[2019-07-29 14:23:11] 200 - OK - application/json
[2019-07-29 14:23:23] REQUEST POST - https://localhost:8082/public/ws/Config.asmx/All_Get
[2019-07-29 14:23:23] ---- FROM  ::1 (WinNT)
[2019-07-29 14:23:23] ---- BROWSER:  Chrome 75.0 (Mozilla/5.0 (Windows NT 10.0; Win64; x64) AppleWebKit/537.36 (KHTML, like Gecko) Chrome/75.0.3770.142 Safari/537.36)
[2019-07-29 14:23:23] ---- CONTENT: {data : "<?xml version='1.0' encoding='utf-8' ?><Request ID='20190729142323196'><General><Token>61111131252223224013000011333653</Token></General><Data></Data></Request>"}
[2019-07-29 14:23:23] 200 - OK - application/json
[2019-07-29 14:23:47] REQUEST POST - https://localhost:8082/economics/anno-precedente-conferma
[2019-07-29 14:23:47] ---- FROM  ::1 (WinNT)
[2019-07-29 14:23:47] ---- BROWSER:  Chrome 75.0 (Mozilla/5.0 (Windows NT 10.0; Win64; x64) AppleWebKit/537.36 (KHTML, like Gecko) Chrome/75.0.3770.142 Safari/537.36)
[2019-07-29 14:23:47] ---- CONTENT: {data : ""}
[2019-07-29 14:24:00] 200 - OK - text/html
[2019-07-29 14:26:07] REQUEST GET - https://localhost:8082/public/aspx/Home.aspx?Token=61111131252223224013000011333653&TokenApiRest=eyJ0eXAiOiJKV1QiLCJhbGciOiJIUzI1NiJ9.eyJpc3MiOiJodHRwczpcL1wvd3d3cy5kZXYteWVhcC5pdCIsImlhdCI6MTU0MjI5NDMyMSwibmJmIjoxNTQyMjk0MzIxLCJleHAiOjE1NDI4OTkxMjEsImRhdGEiOnsidXNlciI6eyJpZCI6IjQ0In19fQ.RCP5OeoGASxAyBw1MbMD4BFJAcDM5JIXqYXKBALZcJI&Logo=https://localhost:8082/scratch/pl_logo.png&Title=Business Plan Test nr. 2
[2019-07-29 14:26:07] ---- FROM  ::1 (WinNT)
[2019-07-29 14:26:07] ---- BROWSER:  Chrome 75.0 (Mozilla/5.0 (Windows NT 10.0; Win64; x64) AppleWebKit/537.36 (KHTML, like Gecko) Chrome/75.0.3770.142 Safari/537.36)
[2019-07-29 14:26:07] 302 - Found - text/html
[2019-07-29 14:26:07] REQUEST POST - https://localhost:8082/public/ws/AnnoPrec.asmx/Valutazione
[2019-07-29 14:26:07] ---- FROM  ::1 (WinNT)
[2019-07-29 14:26:07] ---- BROWSER:  Chrome 75.0 (Mozilla/5.0 (Windows NT 10.0; Win64; x64) AppleWebKit/537.36 (KHTML, like Gecko) Chrome/75.0.3770.142 Safari/537.36)
[2019-07-29 14:26:07] REQUEST GET - https://localhost:8082/home/welcome?Token=61111131252223224013000011333653&TokenApiRest=eyJ0eXAiOiJKV1QiLCJhbGciOiJIUzI1NiJ9.eyJpc3MiOiJodHRwczpcL1wvd3d3cy5kZXYteWVhcC5pdCIsImlhdCI6MTU0MjI5NDMyMSwibmJmIjoxNTQyMjk0MzIxLCJleHAiOjE1NDI4OTkxMjEsImRhdGEiOnsidXNlciI6eyJpZCI6IjQ0In19fQ.RCP5OeoGASxAyBw1MbMD4BFJAcDM5JIXqYXKBALZcJI&Logo=https://localhost:8082/scratch/pl_logo.png&Title=Business Plan Test nr. 2
[2019-07-29 14:26:07] ---- FROM  ::1 (WinNT)
[2019-07-29 14:26:07] ---- BROWSER:  Chrome 75.0 (Mozilla/5.0 (Windows NT 10.0; Win64; x64) AppleWebKit/537.36 (KHTML, like Gecko) Chrome/75.0.3770.142 Safari/537.36)
[2019-07-29 14:26:07] 200 - OK - text/html
[2019-07-29 14:26:07] 500 - Internal Server Error - application/json
[2019-07-29 14:26:20] REQUEST GET - https://localhost:8082/public/aspx/Home.aspx?Token=61111131252223224013000011333653&TokenApiRest=eyJ0eXAiOiJKV1QiLCJhbGciOiJIUzI1NiJ9.eyJpc3MiOiJodHRwczpcL1wvd3d3cy5kZXYteWVhcC5pdCIsImlhdCI6MTU0MjI5NDMyMSwibmJmIjoxNTQyMjk0MzIxLCJleHAiOjE1NDI4OTkxMjEsImRhdGEiOnsidXNlciI6eyJpZCI6IjQ0In19fQ.RCP5OeoGASxAyBw1MbMD4BFJAcDM5JIXqYXKBALZcJI&Logo=https://localhost:8082/scratch/pl_logo.png&Title=Business Plan Test nr. 2
[2019-07-29 14:26:20] ---- FROM  ::1 (WinNT)
[2019-07-29 14:26:20] ---- BROWSER:  Chrome 75.0 (Mozilla/5.0 (Windows NT 10.0; Win64; x64) AppleWebKit/537.36 (KHTML, like Gecko) Chrome/75.0.3770.142 Safari/537.36)
[2019-07-29 14:26:20] 302 - Found - text/html
[2019-07-29 14:26:20] REQUEST GET - https://localhost:8082/home/welcome?Token=61111131252223224013000011333653&TokenApiRest=eyJ0eXAiOiJKV1QiLCJhbGciOiJIUzI1NiJ9.eyJpc3MiOiJodHRwczpcL1wvd3d3cy5kZXYteWVhcC5pdCIsImlhdCI6MTU0MjI5NDMyMSwibmJmIjoxNTQyMjk0MzIxLCJleHAiOjE1NDI4OTkxMjEsImRhdGEiOnsidXNlciI6eyJpZCI6IjQ0In19fQ.RCP5OeoGASxAyBw1MbMD4BFJAcDM5JIXqYXKBALZcJI&Logo=https://localhost:8082/scratch/pl_logo.png&Title=Business Plan Test nr. 2
[2019-07-29 14:26:20] ---- FROM  ::1 (WinNT)
[2019-07-29 14:26:20] ---- BROWSER:  Chrome 75.0 (Mozilla/5.0 (Windows NT 10.0; Win64; x64) AppleWebKit/537.36 (KHTML, like Gecko) Chrome/75.0.3770.142 Safari/537.36)
[2019-07-29 14:26:20] 200 - OK - text/html
[2019-07-29 14:26:24] REQUEST POST - https://localhost:8082/public/ws/General.asmx/Set
[2019-07-29 14:26:24] ---- FROM  ::1 (WinNT)
[2019-07-29 14:26:24] ---- BROWSER:  Chrome 75.0 (Mozilla/5.0 (Windows NT 10.0; Win64; x64) AppleWebKit/537.36 (KHTML, like Gecko) Chrome/75.0.3770.142 Safari/537.36)
[2019-07-29 14:26:24] ---- CONTENT: {data : "<?xml version='1.0' encoding='utf-8' ?><Request ID='20190729142624472'><General><Token>61111131252223224013000011333653</Token></General><Data><Nome>Business Plan Test nr. 2</Nome><Logo>https%3A%2F%2Flocalhost%3A8082%2Fscratch%2Fpl_logo.png</Logo></Data></Request>"}
[2019-07-29 14:26:24] 200 - OK - application/json
[2019-07-29 14:26:24] REQUEST POST - https://localhost:8082/public/ws/Config.asmx/Economics_Get
[2019-07-29 14:26:24] ---- FROM  ::1 (WinNT)
[2019-07-29 14:26:24] ---- BROWSER:  Chrome 75.0 (Mozilla/5.0 (Windows NT 10.0; Win64; x64) AppleWebKit/537.36 (KHTML, like Gecko) Chrome/75.0.3770.142 Safari/537.36)
[2019-07-29 14:26:24] ---- CONTENT: {data : "<?xml version='1.0' encoding='utf-8' ?><Request ID='20190729142624519'><General><Token>61111131252223224013000011333653</Token></General><Data></Data></Request>"}
[2019-07-29 14:26:24] 200 - OK - application/json
[2019-07-29 14:26:24] REQUEST POST - https://localhost:8082/public/ws/Config.asmx/All_Get
[2019-07-29 14:26:24] ---- FROM  ::1 (WinNT)
[2019-07-29 14:26:24] ---- BROWSER:  Chrome 75.0 (Mozilla/5.0 (Windows NT 10.0; Win64; x64) AppleWebKit/537.36 (KHTML, like Gecko) Chrome/75.0.3770.142 Safari/537.36)
[2019-07-29 14:26:24] ---- CONTENT: {data : "<?xml version='1.0' encoding='utf-8' ?><Request ID='20190729142624723'><General><Token>61111131252223224013000011333653</Token></General><Data></Data></Request>"}
[2019-07-29 14:26:24] REQUEST POST - https://localhost:8082/public/ws/Economics.asmx/messaggi_summary
[2019-07-29 14:26:24] ---- FROM  ::1 (WinNT)
[2019-07-29 14:26:25] ---- BROWSER:  Chrome 75.0 (Mozilla/5.0 (Windows NT 10.0; Win64; x64) AppleWebKit/537.36 (KHTML, like Gecko) Chrome/75.0.3770.142 Safari/537.36)
[2019-07-29 14:26:25] ---- CONTENT: {data : "<?xml version='1.0' encoding='utf-8' ?><Request ID='20190729142624784'><General><Token>61111131252223224013000011333653</Token></General><Data></Data></Request>"}
[2019-07-29 14:26:24] 200 - OK - application/json
[2019-07-29 14:26:25] 200 - OK - application/json
[2019-07-29 14:26:25] REQUEST POST - https://localhost:8082/public/ws/Config.asmx/All_Get
[2019-07-29 14:26:25] ---- FROM  ::1 (WinNT)
[2019-07-29 14:26:25] ---- BROWSER:  Chrome 75.0 (Mozilla/5.0 (Windows NT 10.0; Win64; x64) AppleWebKit/537.36 (KHTML, like Gecko) Chrome/75.0.3770.142 Safari/537.36)
[2019-07-29 14:26:25] ---- CONTENT: {data : "<?xml version='1.0' encoding='utf-8' ?><Request ID='20190729142625116'><General><Token>61111131252223224013000011333653</Token></General><Data></Data></Request>"}
[2019-07-29 14:26:25] REQUEST POST - https://localhost:8082/public/ws/Config.asmx/All_Get
[2019-07-29 14:26:25] ---- FROM  ::1 (WinNT)
[2019-07-29 14:26:25] ---- BROWSER:  Chrome 75.0 (Mozilla/5.0 (Windows NT 10.0; Win64; x64) AppleWebKit/537.36 (KHTML, like Gecko) Chrome/75.0.3770.142 Safari/537.36)
[2019-07-29 14:26:25] ---- CONTENT: {data : "<?xml version='1.0' encoding='utf-8' ?><Request ID='20190729142625214'><General><Token>61111131252223224013000011333653</Token></General><Data></Data></Request>"}
[2019-07-29 14:26:25] 200 - OK - application/json
[2019-07-29 14:26:25] 200 - OK - application/json
[2019-07-29 14:26:39] REQUEST GET - https://localhost:8082/economics/anno-precedente-conferma
[2019-07-29 14:26:39] ---- FROM  ::1 (WinNT)
[2019-07-29 14:26:39] ---- BROWSER:  Chrome 75.0 (Mozilla/5.0 (Windows NT 10.0; Win64; x64) AppleWebKit/537.36 (KHTML, like Gecko) Chrome/75.0.3770.142 Safari/537.36)
[2019-07-29 14:26:39] 200 - OK - text/html
[2019-07-29 14:27:47] REQUEST POST - https://localhost:8082/public/ws/AnnoPrec.asmx/Valutazione
[2019-07-29 14:27:47] ---- FROM  ::1 (WinNT)
[2019-07-29 14:27:47] ---- BROWSER:  Chrome 75.0 (Mozilla/5.0 (Windows NT 10.0; Win64; x64) AppleWebKit/537.36 (KHTML, like Gecko) Chrome/75.0.3770.142 Safari/537.36)
[2019-07-29 14:27:47] 500 - Internal Server Error - application/json
