[2019-08-26 10:11:38] REQUEST GET - https://localhost:8082/public/aspx/Home.aspx?Token=61111131252223224013000011333653&TokenApiRest=eyJ0eXAiOiJKV1QiLCJhbGciOiJIUzI1NiJ9.eyJpc3MiOiJodHRwczpcL1wvd3d3cy5kZXYteWVhcC5pdCIsImlhdCI6MTU0MjI5NDMyMSwibmJmIjoxNTQyMjk0MzIxLCJleHAiOjE1NDI4OTkxMjEsImRhdGEiOnsidXNlciI6eyJpZCI6IjQ0In19fQ.RCP5OeoGASxAyBw1MbMD4BFJAcDM5JIXqYXKBALZcJI&Logo=https://localhost:8082/scratch/pl_logo.png&Title=Business Plan Test nr. 2
[2019-08-26 10:11:38] ---- FROM  ::1 (WinNT)
[2019-08-26 10:11:38] ---- BROWSER:  Chrome 76.0 (Mozilla/5.0 (Windows NT 10.0; Win64; x64) AppleWebKit/537.36 (KHTML, like Gecko) Chrome/76.0.3809.100 Safari/537.36)
[2019-08-26 10:11:38] 302 - Found - text/html
[2019-08-26 10:11:38] REQUEST GET - https://localhost:8082/home/welcome?Token=61111131252223224013000011333653&TokenApiRest=eyJ0eXAiOiJKV1QiLCJhbGciOiJIUzI1NiJ9.eyJpc3MiOiJodHRwczpcL1wvd3d3cy5kZXYteWVhcC5pdCIsImlhdCI6MTU0MjI5NDMyMSwibmJmIjoxNTQyMjk0MzIxLCJleHAiOjE1NDI4OTkxMjEsImRhdGEiOnsidXNlciI6eyJpZCI6IjQ0In19fQ.RCP5OeoGASxAyBw1MbMD4BFJAcDM5JIXqYXKBALZcJI&Logo=https://localhost:8082/scratch/pl_logo.png&Title=Business Plan Test nr. 2
[2019-08-26 10:11:38] ---- FROM  ::1 (WinNT)
[2019-08-26 10:11:38] ---- BROWSER:  Chrome 76.0 (Mozilla/5.0 (Windows NT 10.0; Win64; x64) AppleWebKit/537.36 (KHTML, like Gecko) Chrome/76.0.3809.100 Safari/537.36)
[2019-08-26 10:11:39] 200 - OK - text/html
[2019-08-26 10:11:39] REQUEST POST - https://localhost:8082/public/ws/General.asmx/Set
[2019-08-26 10:11:39] ---- FROM  ::1 (WinNT)
[2019-08-26 10:11:39] ---- BROWSER:  Chrome 76.0 (Mozilla/5.0 (Windows NT 10.0; Win64; x64) AppleWebKit/537.36 (KHTML, like Gecko) Chrome/76.0.3809.100 Safari/537.36)
[2019-08-26 10:11:39] ---- CONTENT: {data : "<?xml version='1.0' encoding='utf-8' ?><Request ID='20190826101139928'><General><Token>61111131252223224013000011333653</Token></General><Data><Nome>Business Plan Test nr. 2</Nome><Logo>https%3A%2F%2Flocalhost%3A8082%2Fscratch%2Fpl_logo.png</Logo></Data></Request>"}
[2019-08-26 10:11:40] 200 - OK - application/json
[2019-08-26 10:11:40] REQUEST POST - https://localhost:8082/public/ws/Config.asmx/Economics_Get
[2019-08-26 10:11:40] ---- FROM  ::1 (WinNT)
[2019-08-26 10:11:40] ---- BROWSER:  Chrome 76.0 (Mozilla/5.0 (Windows NT 10.0; Win64; x64) AppleWebKit/537.36 (KHTML, like Gecko) Chrome/76.0.3809.100 Safari/537.36)
[2019-08-26 10:11:40] ---- CONTENT: {data : "<?xml version='1.0' encoding='utf-8' ?><Request ID='20190826101140562'><General><Token>61111131252223224013000011333653</Token></General><Data></Data></Request>"}
[2019-08-26 10:11:40] 200 - OK - application/json
[2019-08-26 10:11:40] REQUEST POST - https://localhost:8082/public/ws/Config.asmx/All_Get
[2019-08-26 10:11:40] ---- FROM  ::1 (WinNT)
[2019-08-26 10:11:40] ---- BROWSER:  Chrome 76.0 (Mozilla/5.0 (Windows NT 10.0; Win64; x64) AppleWebKit/537.36 (KHTML, like Gecko) Chrome/76.0.3809.100 Safari/537.36)
[2019-08-26 10:11:40] ---- CONTENT: {data : "<?xml version='1.0' encoding='utf-8' ?><Request ID='20190826101140748'><General><Token>61111131252223224013000011333653</Token></General><Data></Data></Request>"}
[2019-08-26 10:11:40] 200 - OK - application/json
[2019-08-26 10:11:40] REQUEST POST - https://localhost:8082/public/ws/Config.asmx/All_Get
[2019-08-26 10:11:40] ---- FROM  ::1 (WinNT)
[2019-08-26 10:11:40] ---- BROWSER:  Chrome 76.0 (Mozilla/5.0 (Windows NT 10.0; Win64; x64) AppleWebKit/537.36 (KHTML, like Gecko) Chrome/76.0.3809.100 Safari/537.36)
[2019-08-26 10:11:40] ---- CONTENT: {data : "<?xml version='1.0' encoding='utf-8' ?><Request ID='20190826101140896'><General><Token>61111131252223224013000011333653</Token></General><Data></Data></Request>"}
[2019-08-26 10:11:40] 200 - OK - application/json
[2019-08-26 10:11:40] REQUEST POST - https://localhost:8082/public/ws/Economics.asmx/messaggi_summary
[2019-08-26 10:11:40] ---- FROM  ::1 (WinNT)
[2019-08-26 10:11:40] ---- BROWSER:  Chrome 76.0 (Mozilla/5.0 (Windows NT 10.0; Win64; x64) AppleWebKit/537.36 (KHTML, like Gecko) Chrome/76.0.3809.100 Safari/537.36)
[2019-08-26 10:11:40] ---- CONTENT: {data : "<?xml version='1.0' encoding='utf-8' ?><Request ID='20190826101140949'><General><Token>61111131252223224013000011333653</Token></General><Data></Data></Request>"}
[2019-08-26 10:11:41] 200 - OK - application/json
[2019-08-26 10:11:41] REQUEST POST - https://localhost:8082/public/ws/Config.asmx/All_Get
[2019-08-26 10:11:41] ---- FROM  ::1 (WinNT)
[2019-08-26 10:11:41] ---- BROWSER:  Chrome 76.0 (Mozilla/5.0 (Windows NT 10.0; Win64; x64) AppleWebKit/537.36 (KHTML, like Gecko) Chrome/76.0.3809.100 Safari/537.36)
[2019-08-26 10:11:41] ---- CONTENT: {data : "<?xml version='1.0' encoding='utf-8' ?><Request ID='20190826101141125'><General><Token>61111131252223224013000011333653</Token></General><Data></Data></Request>"}
[2019-08-26 10:11:41] 200 - OK - application/json
[2019-08-26 10:20:19] REQUEST GET - https://localhost:8082/public/aspx/Home.aspx?Token=61111131252223224013000011333653&TokenApiRest=eyJ0eXAiOiJKV1QiLCJhbGciOiJIUzI1NiJ9.eyJpc3MiOiJodHRwczpcL1wvd3d3cy5kZXYteWVhcC5pdCIsImlhdCI6MTU0MjI5NDMyMSwibmJmIjoxNTQyMjk0MzIxLCJleHAiOjE1NDI4OTkxMjEsImRhdGEiOnsidXNlciI6eyJpZCI6IjQ0In19fQ.RCP5OeoGASxAyBw1MbMD4BFJAcDM5JIXqYXKBALZcJI&Logo=https://localhost:8082/scratch/pl_logo.png&Title=Business Plan Test nr. 2
[2019-08-26 10:20:19] ---- FROM  ::1 (WinNT)
[2019-08-26 10:20:19] ---- BROWSER:  Chrome 76.0 (Mozilla/5.0 (Windows NT 10.0; Win64; x64) AppleWebKit/537.36 (KHTML, like Gecko) Chrome/76.0.3809.100 Safari/537.36)
[2019-08-26 10:20:19] 302 - Found - text/html
[2019-08-26 10:20:19] REQUEST GET - https://localhost:8082/home/welcome?Token=61111131252223224013000011333653&TokenApiRest=eyJ0eXAiOiJKV1QiLCJhbGciOiJIUzI1NiJ9.eyJpc3MiOiJodHRwczpcL1wvd3d3cy5kZXYteWVhcC5pdCIsImlhdCI6MTU0MjI5NDMyMSwibmJmIjoxNTQyMjk0MzIxLCJleHAiOjE1NDI4OTkxMjEsImRhdGEiOnsidXNlciI6eyJpZCI6IjQ0In19fQ.RCP5OeoGASxAyBw1MbMD4BFJAcDM5JIXqYXKBALZcJI&Logo=https://localhost:8082/scratch/pl_logo.png&Title=Business Plan Test nr. 2
[2019-08-26 10:20:19] ---- FROM  ::1 (WinNT)
[2019-08-26 10:20:19] ---- BROWSER:  Chrome 76.0 (Mozilla/5.0 (Windows NT 10.0; Win64; x64) AppleWebKit/537.36 (KHTML, like Gecko) Chrome/76.0.3809.100 Safari/537.36)
[2019-08-26 10:20:19] 200 - OK - text/html
[2019-08-26 10:20:20] REQUEST POST - https://localhost:8082/public/ws/General.asmx/Set
[2019-08-26 10:20:20] ---- FROM  ::1 (WinNT)
[2019-08-26 10:20:20] ---- BROWSER:  Chrome 76.0 (Mozilla/5.0 (Windows NT 10.0; Win64; x64) AppleWebKit/537.36 (KHTML, like Gecko) Chrome/76.0.3809.100 Safari/537.36)
[2019-08-26 10:20:20] ---- CONTENT: {data : "<?xml version='1.0' encoding='utf-8' ?><Request ID='20190826102020430'><General><Token>61111131252223224013000011333653</Token></General><Data><Nome>Business Plan Test nr. 2</Nome><Logo>https%3A%2F%2Flocalhost%3A8082%2Fscratch%2Fpl_logo.png</Logo></Data></Request>"}
[2019-08-26 10:20:20] 200 - OK - application/json
[2019-08-26 10:20:20] REQUEST POST - https://localhost:8082/public/ws/Config.asmx/Economics_Get
[2019-08-26 10:20:20] ---- FROM  ::1 (WinNT)
[2019-08-26 10:20:20] ---- BROWSER:  Chrome 76.0 (Mozilla/5.0 (Windows NT 10.0; Win64; x64) AppleWebKit/537.36 (KHTML, like Gecko) Chrome/76.0.3809.100 Safari/537.36)
[2019-08-26 10:20:20] ---- CONTENT: {data : "<?xml version='1.0' encoding='utf-8' ?><Request ID='20190826102020484'><General><Token>61111131252223224013000011333653</Token></General><Data></Data></Request>"}
[2019-08-26 10:20:20] 200 - OK - application/json
[2019-08-26 10:20:20] REQUEST POST - https://localhost:8082/public/ws/Config.asmx/All_Get
[2019-08-26 10:20:20] ---- FROM  ::1 (WinNT)
[2019-08-26 10:20:20] REQUEST POST - https://localhost:8082/public/ws/Config.asmx/All_Get
[2019-08-26 10:20:20] ---- BROWSER:  Chrome 76.0 (Mozilla/5.0 (Windows NT 10.0; Win64; x64) AppleWebKit/537.36 (KHTML, like Gecko) Chrome/76.0.3809.100 Safari/537.36)
[2019-08-26 10:20:20] ---- CONTENT: {data : "<?xml version='1.0' encoding='utf-8' ?><Request ID='20190826102020615'><General><Token>61111131252223224013000011333653</Token></General><Data></Data></Request>"}
[2019-08-26 10:20:20] ---- FROM  ::1 (WinNT)
[2019-08-26 10:20:20] ---- BROWSER:  Chrome 76.0 (Mozilla/5.0 (Windows NT 10.0; Win64; x64) AppleWebKit/537.36 (KHTML, like Gecko) Chrome/76.0.3809.100 Safari/537.36)
[2019-08-26 10:20:20] ---- CONTENT: {data : "<?xml version='1.0' encoding='utf-8' ?><Request ID='20190826102020662'><General><Token>61111131252223224013000011333653</Token></General><Data></Data></Request>"}
[2019-08-26 10:20:20] 200 - OK - application/json
[2019-08-26 10:20:20] REQUEST POST - https://localhost:8082/public/ws/Economics.asmx/messaggi_summary
[2019-08-26 10:20:20] ---- FROM  ::1 (WinNT)
[2019-08-26 10:20:20] ---- BROWSER:  Chrome 76.0 (Mozilla/5.0 (Windows NT 10.0; Win64; x64) AppleWebKit/537.36 (KHTML, like Gecko) Chrome/76.0.3809.100 Safari/537.36)
[2019-08-26 10:20:20] ---- CONTENT: {data : "<?xml version='1.0' encoding='utf-8' ?><Request ID='20190826102020725'><General><Token>61111131252223224013000011333653</Token></General><Data></Data></Request>"}
[2019-08-26 10:20:20] 200 - OK - application/json
[2019-08-26 10:20:20] 200 - OK - application/json
[2019-08-26 10:20:21] REQUEST POST - https://localhost:8082/public/ws/Config.asmx/All_Get
[2019-08-26 10:20:21] ---- FROM  ::1 (WinNT)
[2019-08-26 10:20:21] ---- BROWSER:  Chrome 76.0 (Mozilla/5.0 (Windows NT 10.0; Win64; x64) AppleWebKit/537.36 (KHTML, like Gecko) Chrome/76.0.3809.100 Safari/537.36)
[2019-08-26 10:20:21] ---- CONTENT: {data : "<?xml version='1.0' encoding='utf-8' ?><Request ID='20190826102020976'><General><Token>61111131252223224013000011333653</Token></General><Data></Data></Request>"}
[2019-08-26 10:20:21] 200 - OK - application/json
[2019-08-26 10:30:54] REQUEST GET - https://localhost:8082/public/aspx/Home.aspx?Token=61111131252223224013000011333653&TokenApiRest=eyJ0eXAiOiJKV1QiLCJhbGciOiJIUzI1NiJ9.eyJpc3MiOiJodHRwczpcL1wvd3d3cy5kZXYteWVhcC5pdCIsImlhdCI6MTU0MjI5NDMyMSwibmJmIjoxNTQyMjk0MzIxLCJleHAiOjE1NDI4OTkxMjEsImRhdGEiOnsidXNlciI6eyJpZCI6IjQ0In19fQ.RCP5OeoGASxAyBw1MbMD4BFJAcDM5JIXqYXKBALZcJI&Logo=https://localhost:8082/scratch/pl_logo.png&Title=Business Plan Test nr. 2
[2019-08-26 10:30:54] ---- FROM  ::1 (WinNT)
[2019-08-26 10:30:54] ---- BROWSER:  Chrome 76.0 (Mozilla/5.0 (Windows NT 10.0; Win64; x64) AppleWebKit/537.36 (KHTML, like Gecko) Chrome/76.0.3809.100 Safari/537.36)
[2019-08-26 10:30:54] 302 - Found - text/html
[2019-08-26 10:30:54] REQUEST GET - https://localhost:8082/home/welcome?Token=61111131252223224013000011333653&TokenApiRest=eyJ0eXAiOiJKV1QiLCJhbGciOiJIUzI1NiJ9.eyJpc3MiOiJodHRwczpcL1wvd3d3cy5kZXYteWVhcC5pdCIsImlhdCI6MTU0MjI5NDMyMSwibmJmIjoxNTQyMjk0MzIxLCJleHAiOjE1NDI4OTkxMjEsImRhdGEiOnsidXNlciI6eyJpZCI6IjQ0In19fQ.RCP5OeoGASxAyBw1MbMD4BFJAcDM5JIXqYXKBALZcJI&Logo=https://localhost:8082/scratch/pl_logo.png&Title=Business Plan Test nr. 2
[2019-08-26 10:30:54] ---- FROM  ::1 (WinNT)
[2019-08-26 10:30:54] ---- BROWSER:  Chrome 76.0 (Mozilla/5.0 (Windows NT 10.0; Win64; x64) AppleWebKit/537.36 (KHTML, like Gecko) Chrome/76.0.3809.100 Safari/537.36)
[2019-08-26 10:30:54] 200 - OK - text/html
[2019-08-26 10:30:56] REQUEST POST - https://localhost:8082/public/ws/General.asmx/Set
[2019-08-26 10:30:56] ---- FROM  ::1 (WinNT)
[2019-08-26 10:30:56] ---- BROWSER:  Chrome 76.0 (Mozilla/5.0 (Windows NT 10.0; Win64; x64) AppleWebKit/537.36 (KHTML, like Gecko) Chrome/76.0.3809.100 Safari/537.36)
[2019-08-26 10:30:56] ---- CONTENT: {data : "<?xml version='1.0' encoding='utf-8' ?><Request ID='2019082610305653'><General><Token>61111131252223224013000011333653</Token></General><Data><Nome>Business Plan Test nr. 2</Nome><Logo>https%3A%2F%2Flocalhost%3A8082%2Fscratch%2Fpl_logo.png</Logo></Data></Request>"}
[2019-08-26 10:30:56] 200 - OK - application/json
[2019-08-26 10:30:56] REQUEST POST - https://localhost:8082/public/ws/Config.asmx/Economics_Get
[2019-08-26 10:30:56] ---- FROM  ::1 (WinNT)
[2019-08-26 10:30:56] ---- BROWSER:  Chrome 76.0 (Mozilla/5.0 (Windows NT 10.0; Win64; x64) AppleWebKit/537.36 (KHTML, like Gecko) Chrome/76.0.3809.100 Safari/537.36)
[2019-08-26 10:30:56] ---- CONTENT: {data : "<?xml version='1.0' encoding='utf-8' ?><Request ID='20190826103056102'><General><Token>61111131252223224013000011333653</Token></General><Data></Data></Request>"}
[2019-08-26 10:30:56] 200 - OK - application/json
[2019-08-26 10:30:56] REQUEST POST - https://localhost:8082/public/ws/Config.asmx/All_Get
[2019-08-26 10:30:56] ---- FROM  ::1 (WinNT)
[2019-08-26 10:30:56] ---- BROWSER:  Chrome 76.0 (Mozilla/5.0 (Windows NT 10.0; Win64; x64) AppleWebKit/537.36 (KHTML, like Gecko) Chrome/76.0.3809.100 Safari/537.36)
[2019-08-26 10:30:56] ---- CONTENT: {data : "<?xml version='1.0' encoding='utf-8' ?><Request ID='20190826103056253'><General><Token>61111131252223224013000011333653</Token></General><Data></Data></Request>"}
[2019-08-26 10:30:56] 200 - OK - application/json
[2019-08-26 10:30:56] REQUEST POST - https://localhost:8082/public/ws/Economics.asmx/messaggi_summary
[2019-08-26 10:30:56] ---- FROM  ::1 (WinNT)
[2019-08-26 10:30:56] ---- BROWSER:  Chrome 76.0 (Mozilla/5.0 (Windows NT 10.0; Win64; x64) AppleWebKit/537.36 (KHTML, like Gecko) Chrome/76.0.3809.100 Safari/537.36)
[2019-08-26 10:30:56] ---- CONTENT: {data : "<?xml version='1.0' encoding='utf-8' ?><Request ID='20190826103056370'><General><Token>61111131252223224013000011333653</Token></General><Data></Data></Request>"}
[2019-08-26 10:30:56] 200 - OK - application/json
[2019-08-26 10:30:56] REQUEST POST - https://localhost:8082/public/ws/Config.asmx/All_Get
[2019-08-26 10:30:56] ---- FROM  ::1 (WinNT)
[2019-08-26 10:30:56] ---- BROWSER:  Chrome 76.0 (Mozilla/5.0 (Windows NT 10.0; Win64; x64) AppleWebKit/537.36 (KHTML, like Gecko) Chrome/76.0.3809.100 Safari/537.36)
[2019-08-26 10:30:56] ---- CONTENT: {data : "<?xml version='1.0' encoding='utf-8' ?><Request ID='20190826103056524'><General><Token>61111131252223224013000011333653</Token></General><Data></Data></Request>"}
[2019-08-26 10:30:56] REQUEST POST - https://localhost:8082/public/ws/Config.asmx/All_Get
[2019-08-26 10:30:56] ---- FROM  ::1 (WinNT)
[2019-08-26 10:30:56] ---- BROWSER:  Chrome 76.0 (Mozilla/5.0 (Windows NT 10.0; Win64; x64) AppleWebKit/537.36 (KHTML, like Gecko) Chrome/76.0.3809.100 Safari/537.36)
[2019-08-26 10:30:56] ---- CONTENT: {data : "<?xml version='1.0' encoding='utf-8' ?><Request ID='20190826103056576'><General><Token>61111131252223224013000011333653</Token></General><Data></Data></Request>"}
[2019-08-26 10:30:56] 200 - OK - application/json
[2019-08-26 10:30:56] 200 - OK - application/json
[2019-08-26 10:49:01] REQUEST GET - https://localhost:8082/public/aspx/Home.aspx?Token=61111131252223224013000011333653&TokenApiRest=eyJ0eXAiOiJKV1QiLCJhbGciOiJIUzI1NiJ9.eyJpc3MiOiJodHRwczpcL1wvd3d3cy5kZXYteWVhcC5pdCIsImlhdCI6MTU0MjI5NDMyMSwibmJmIjoxNTQyMjk0MzIxLCJleHAiOjE1NDI4OTkxMjEsImRhdGEiOnsidXNlciI6eyJpZCI6IjQ0In19fQ.RCP5OeoGASxAyBw1MbMD4BFJAcDM5JIXqYXKBALZcJI&Logo=https://localhost:8082/scratch/pl_logo.png&Title=Business Plan Test nr. 2
[2019-08-26 10:49:01] ---- FROM  ::1 (WinNT)
[2019-08-26 10:49:01] ---- BROWSER:  Chrome 76.0 (Mozilla/5.0 (Windows NT 10.0; Win64; x64) AppleWebKit/537.36 (KHTML, like Gecko) Chrome/76.0.3809.100 Safari/537.36)
[2019-08-26 10:49:01] 302 - Found - text/html
[2019-08-26 10:49:01] REQUEST GET - https://localhost:8082/home/welcome?Token=61111131252223224013000011333653&TokenApiRest=eyJ0eXAiOiJKV1QiLCJhbGciOiJIUzI1NiJ9.eyJpc3MiOiJodHRwczpcL1wvd3d3cy5kZXYteWVhcC5pdCIsImlhdCI6MTU0MjI5NDMyMSwibmJmIjoxNTQyMjk0MzIxLCJleHAiOjE1NDI4OTkxMjEsImRhdGEiOnsidXNlciI6eyJpZCI6IjQ0In19fQ.RCP5OeoGASxAyBw1MbMD4BFJAcDM5JIXqYXKBALZcJI&Logo=https://localhost:8082/scratch/pl_logo.png&Title=Business Plan Test nr. 2
[2019-08-26 10:49:01] ---- FROM  ::1 (WinNT)
[2019-08-26 10:49:01] ---- BROWSER:  Chrome 76.0 (Mozilla/5.0 (Windows NT 10.0; Win64; x64) AppleWebKit/537.36 (KHTML, like Gecko) Chrome/76.0.3809.100 Safari/537.36)
[2019-08-26 10:49:01] 200 - OK - text/html
[2019-08-26 10:49:02] REQUEST POST - https://localhost:8082/public/ws/General.asmx/Set
[2019-08-26 10:49:02] ---- FROM  ::1 (WinNT)
[2019-08-26 10:49:02] ---- BROWSER:  Chrome 76.0 (Mozilla/5.0 (Windows NT 10.0; Win64; x64) AppleWebKit/537.36 (KHTML, like Gecko) Chrome/76.0.3809.100 Safari/537.36)
[2019-08-26 10:49:02] ---- CONTENT: {data : "<?xml version='1.0' encoding='utf-8' ?><Request ID='20190826104902115'><General><Token>61111131252223224013000011333653</Token></General><Data><Nome>Business Plan Test nr. 2</Nome><Logo>https%3A%2F%2Flocalhost%3A8082%2Fscratch%2Fpl_logo.png</Logo></Data></Request>"}
[2019-08-26 10:49:02] 200 - OK - application/json
[2019-08-26 10:49:02] REQUEST POST - https://localhost:8082/public/ws/Config.asmx/Economics_Get
[2019-08-26 10:49:02] ---- FROM  ::1 (WinNT)
[2019-08-26 10:49:02] ---- BROWSER:  Chrome 76.0 (Mozilla/5.0 (Windows NT 10.0; Win64; x64) AppleWebKit/537.36 (KHTML, like Gecko) Chrome/76.0.3809.100 Safari/537.36)
[2019-08-26 10:49:02] ---- CONTENT: {data : "<?xml version='1.0' encoding='utf-8' ?><Request ID='20190826104902184'><General><Token>61111131252223224013000011333653</Token></General><Data></Data></Request>"}
[2019-08-26 10:49:02] 200 - OK - application/json
[2019-08-26 10:49:02] REQUEST POST - https://localhost:8082/public/ws/Config.asmx/All_Get
[2019-08-26 10:49:02] ---- FROM  ::1 (WinNT)
[2019-08-26 10:49:02] ---- BROWSER:  Chrome 76.0 (Mozilla/5.0 (Windows NT 10.0; Win64; x64) AppleWebKit/537.36 (KHTML, like Gecko) Chrome/76.0.3809.100 Safari/537.36)
[2019-08-26 10:49:02] ---- CONTENT: {data : "<?xml version='1.0' encoding='utf-8' ?><Request ID='20190826104902510'><General><Token>61111131252223224013000011333653</Token></General><Data></Data></Request>"}
[2019-08-26 10:49:02] 200 - OK - application/json
[2019-08-26 10:49:02] REQUEST POST - https://localhost:8082/public/ws/Economics.asmx/messaggi_summary
[2019-08-26 10:49:02] ---- FROM  ::1 (WinNT)
[2019-08-26 10:49:02] ---- BROWSER:  Chrome 76.0 (Mozilla/5.0 (Windows NT 10.0; Win64; x64) AppleWebKit/537.36 (KHTML, like Gecko) Chrome/76.0.3809.100 Safari/537.36)
[2019-08-26 10:49:02] ---- CONTENT: {data : "<?xml version='1.0' encoding='utf-8' ?><Request ID='20190826104902687'><General><Token>61111131252223224013000011333653</Token></General><Data></Data></Request>"}
[2019-08-26 10:49:02] 200 - OK - application/json
[2019-08-26 10:49:02] REQUEST POST - https://localhost:8082/public/ws/Config.asmx/All_Get
[2019-08-26 10:49:02] ---- FROM  ::1 (WinNT)
[2019-08-26 10:49:02] ---- BROWSER:  Chrome 76.0 (Mozilla/5.0 (Windows NT 10.0; Win64; x64) AppleWebKit/537.36 (KHTML, like Gecko) Chrome/76.0.3809.100 Safari/537.36)
[2019-08-26 10:49:02] ---- CONTENT: {data : "<?xml version='1.0' encoding='utf-8' ?><Request ID='20190826104902741'><General><Token>61111131252223224013000011333653</Token></General><Data></Data></Request>"}
[2019-08-26 10:49:02] 200 - OK - application/json
[2019-08-26 10:49:02] REQUEST POST - https://localhost:8082/public/ws/Config.asmx/All_Get
[2019-08-26 10:49:02] ---- FROM  ::1 (WinNT)
[2019-08-26 10:49:02] ---- BROWSER:  Chrome 76.0 (Mozilla/5.0 (Windows NT 10.0; Win64; x64) AppleWebKit/537.36 (KHTML, like Gecko) Chrome/76.0.3809.100 Safari/537.36)
[2019-08-26 10:49:02] ---- CONTENT: {data : "<?xml version='1.0' encoding='utf-8' ?><Request ID='20190826104902863'><General><Token>61111131252223224013000011333653</Token></General><Data></Data></Request>"}
[2019-08-26 10:49:02] 200 - OK - application/json
[2019-08-26 10:51:26] REQUEST GET - https://localhost:8082/public/aspx/Home.aspx?Token=61111131252223224013000011333653&TokenApiRest=eyJ0eXAiOiJKV1QiLCJhbGciOiJIUzI1NiJ9.eyJpc3MiOiJodHRwczpcL1wvd3d3cy5kZXYteWVhcC5pdCIsImlhdCI6MTU0MjI5NDMyMSwibmJmIjoxNTQyMjk0MzIxLCJleHAiOjE1NDI4OTkxMjEsImRhdGEiOnsidXNlciI6eyJpZCI6IjQ0In19fQ.RCP5OeoGASxAyBw1MbMD4BFJAcDM5JIXqYXKBALZcJI&Logo=https://localhost:8082/scratch/pl_logo.png&Title=Business Plan Test nr. 2
[2019-08-26 10:51:26] ---- FROM  ::1 (WinNT)
[2019-08-26 10:51:26] ---- BROWSER:  Chrome 76.0 (Mozilla/5.0 (Windows NT 10.0; Win64; x64) AppleWebKit/537.36 (KHTML, like Gecko) Chrome/76.0.3809.100 Safari/537.36)
[2019-08-26 10:51:27] 302 - Found - text/html
[2019-08-26 10:51:27] REQUEST GET - https://localhost:8082/home/welcome?Token=61111131252223224013000011333653&TokenApiRest=eyJ0eXAiOiJKV1QiLCJhbGciOiJIUzI1NiJ9.eyJpc3MiOiJodHRwczpcL1wvd3d3cy5kZXYteWVhcC5pdCIsImlhdCI6MTU0MjI5NDMyMSwibmJmIjoxNTQyMjk0MzIxLCJleHAiOjE1NDI4OTkxMjEsImRhdGEiOnsidXNlciI6eyJpZCI6IjQ0In19fQ.RCP5OeoGASxAyBw1MbMD4BFJAcDM5JIXqYXKBALZcJI&Logo=https://localhost:8082/scratch/pl_logo.png&Title=Business Plan Test nr. 2
[2019-08-26 10:51:27] ---- FROM  ::1 (WinNT)
[2019-08-26 10:51:27] ---- BROWSER:  Chrome 76.0 (Mozilla/5.0 (Windows NT 10.0; Win64; x64) AppleWebKit/537.36 (KHTML, like Gecko) Chrome/76.0.3809.100 Safari/537.36)
[2019-08-26 10:51:27] 200 - OK - text/html
[2019-08-26 10:51:27] REQUEST POST - https://localhost:8082/public/ws/General.asmx/Set
[2019-08-26 10:51:27] ---- FROM  ::1 (WinNT)
[2019-08-26 10:51:27] ---- BROWSER:  Chrome 76.0 (Mozilla/5.0 (Windows NT 10.0; Win64; x64) AppleWebKit/537.36 (KHTML, like Gecko) Chrome/76.0.3809.100 Safari/537.36)
[2019-08-26 10:51:27] ---- CONTENT: {data : "<?xml version='1.0' encoding='utf-8' ?><Request ID='20190826105127922'><General><Token>61111131252223224013000011333653</Token></General><Data><Nome>Business Plan Test nr. 2</Nome><Logo>https%3A%2F%2Flocalhost%3A8082%2Fscratch%2Fpl_logo.png</Logo></Data></Request>"}
[2019-08-26 10:51:27] 200 - OK - application/json
[2019-08-26 10:51:27] REQUEST POST - https://localhost:8082/public/ws/Config.asmx/Economics_Get
[2019-08-26 10:51:27] ---- FROM  ::1 (WinNT)
[2019-08-26 10:51:27] ---- BROWSER:  Chrome 76.0 (Mozilla/5.0 (Windows NT 10.0; Win64; x64) AppleWebKit/537.36 (KHTML, like Gecko) Chrome/76.0.3809.100 Safari/537.36)
[2019-08-26 10:51:27] ---- CONTENT: {data : "<?xml version='1.0' encoding='utf-8' ?><Request ID='20190826105127958'><General><Token>61111131252223224013000011333653</Token></General><Data></Data></Request>"}
[2019-08-26 10:51:27] 200 - OK - application/json
[2019-08-26 10:51:28] REQUEST POST - https://localhost:8082/public/ws/Config.asmx/All_Get
[2019-08-26 10:51:28] ---- FROM  ::1 (WinNT)
[2019-08-26 10:51:28] ---- BROWSER:  Chrome 76.0 (Mozilla/5.0 (Windows NT 10.0; Win64; x64) AppleWebKit/537.36 (KHTML, like Gecko) Chrome/76.0.3809.100 Safari/537.36)
[2019-08-26 10:51:28] ---- CONTENT: {data : "<?xml version='1.0' encoding='utf-8' ?><Request ID='2019082610512896'><General><Token>61111131252223224013000011333653</Token></General><Data></Data></Request>"}
[2019-08-26 10:51:28] 200 - OK - application/json
[2019-08-26 10:51:28] REQUEST POST - https://localhost:8082/public/ws/Economics.asmx/messaggi_summary
[2019-08-26 10:51:28] ---- FROM  ::1 (WinNT)
[2019-08-26 10:51:28] ---- BROWSER:  Chrome 76.0 (Mozilla/5.0 (Windows NT 10.0; Win64; x64) AppleWebKit/537.36 (KHTML, like Gecko) Chrome/76.0.3809.100 Safari/537.36)
[2019-08-26 10:51:28] ---- CONTENT: {data : "<?xml version='1.0' encoding='utf-8' ?><Request ID='20190826105128245'><General><Token>61111131252223224013000011333653</Token></General><Data></Data></Request>"}
[2019-08-26 10:51:28] 200 - OK - application/json
[2019-08-26 10:51:28] REQUEST POST - https://localhost:8082/public/ws/Config.asmx/All_Get
[2019-08-26 10:51:28] ---- FROM  ::1 (WinNT)
[2019-08-26 10:51:28] ---- BROWSER:  Chrome 76.0 (Mozilla/5.0 (Windows NT 10.0; Win64; x64) AppleWebKit/537.36 (KHTML, like Gecko) Chrome/76.0.3809.100 Safari/537.36)
[2019-08-26 10:51:28] ---- CONTENT: {data : "<?xml version='1.0' encoding='utf-8' ?><Request ID='20190826105128376'><General><Token>61111131252223224013000011333653</Token></General><Data></Data></Request>"}
[2019-08-26 10:51:28] REQUEST POST - https://localhost:8082/public/ws/Config.asmx/All_Get
[2019-08-26 10:51:28] ---- FROM  ::1 (WinNT)
[2019-08-26 10:51:28] ---- BROWSER:  Chrome 76.0 (Mozilla/5.0 (Windows NT 10.0; Win64; x64) AppleWebKit/537.36 (KHTML, like Gecko) Chrome/76.0.3809.100 Safari/537.36)
[2019-08-26 10:51:28] ---- CONTENT: {data : "<?xml version='1.0' encoding='utf-8' ?><Request ID='20190826105128435'><General><Token>61111131252223224013000011333653</Token></General><Data></Data></Request>"}
[2019-08-26 10:51:28] 200 - OK - application/json
[2019-08-26 10:51:28] 200 - OK - application/json
