[2019-09-12 11:47:40] REQUEST POST - https://localhost:8082/public/aspx/Home.aspx
[2019-09-12 11:47:40] ---- FROM  ::1 (WinNT)
[2019-09-12 11:47:40] ---- BROWSER:  Chrome 76.0 (Mozilla/5.0 (Windows NT 10.0; Win64; x64) AppleWebKit/537.36 (KHTML, like Gecko) Chrome/76.0.3809.132 Safari/537.36)
[2019-09-12 11:47:40] ---- CONTENT: Token%3D61111131252223224013000011333653%26TokenApiRest%3DeyJ0eXAiOiJKV1QiLCJhbGciOiJIUzI1NiJ9.eyJpc3MiOiJodHRwczpcL1wvd3d3cy5kZXYteWVhcC5pdCIsImlhdCI6MTU0MjI5NDMyMSwibmJmIjoxNTQyMjk0MzIxLCJleHAiOjE1NDI4OTkxMjEsImRhdGEiOnsidXNlciI6eyJpZCI6IjQ0In19fQ.RCP5OeoGASxAyBw1MbMD4BFJAcDM5JIXqYXKBALZcJI%26Logo%3Dhttps%3A%2F%2Flocalhost%3A8082%2Fscratch%2Fpl_logo.png%26Title%3DBusiness+Plan+Test+nr.+2=
[2019-09-12 11:47:48] 302 - Found - text/html
[2019-09-12 11:47:48] REQUEST GET - https://localhost:8082/home/welcome
[2019-09-12 11:47:48] ---- FROM  ::1 (WinNT)
[2019-09-12 11:47:48] ---- BROWSER:  Chrome 76.0 (Mozilla/5.0 (Windows NT 10.0; Win64; x64) AppleWebKit/537.36 (KHTML, like Gecko) Chrome/76.0.3809.132 Safari/537.36)
[2019-09-12 11:47:49] 200 - OK - text/html
[2019-09-12 11:47:51] REQUEST POST - https://localhost:8082/public/ws/General.asmx/Set
[2019-09-12 11:47:51] ---- FROM  ::1 (WinNT)
[2019-09-12 11:47:51] ---- BROWSER:  Chrome 76.0 (Mozilla/5.0 (Windows NT 10.0; Win64; x64) AppleWebKit/537.36 (KHTML, like Gecko) Chrome/76.0.3809.132 Safari/537.36)
[2019-09-12 11:47:51] ---- CONTENT: {data : "<?xml version='1.0' encoding='utf-8' ?><Request ID='20190912114751126'><General><Token>61111131252223224013000011333653</Token></General><Data><Nome>Business Plan Test nr. 2</Nome><Logo>https%3A%2F%2Flocalhost%3A8082%2Fscratch%2Fpl_logo.png</Logo></Data></Request>"}
[2019-09-12 11:47:52] 200 - OK - application/json
[2019-09-12 11:47:52] REQUEST POST - https://localhost:8082/public/ws/Config.asmx/Economics_Get
[2019-09-12 11:47:52] ---- FROM  ::1 (WinNT)
[2019-09-12 11:47:52] ---- BROWSER:  Chrome 76.0 (Mozilla/5.0 (Windows NT 10.0; Win64; x64) AppleWebKit/537.36 (KHTML, like Gecko) Chrome/76.0.3809.132 Safari/537.36)
[2019-09-12 11:47:52] ---- CONTENT: {data : "<?xml version='1.0' encoding='utf-8' ?><Request ID='20190912114752102'><General><Token>61111131252223224013000011333653</Token></General><Data></Data></Request>"}
[2019-09-12 11:47:52] 200 - OK - application/json
[2019-09-12 11:47:52] REQUEST POST - https://localhost:8082/public/ws/Config.asmx/All_Get
[2019-09-12 11:47:52] ---- FROM  ::1 (WinNT)
[2019-09-12 11:47:52] ---- BROWSER:  Chrome 76.0 (Mozilla/5.0 (Windows NT 10.0; Win64; x64) AppleWebKit/537.36 (KHTML, like Gecko) Chrome/76.0.3809.132 Safari/537.36)
[2019-09-12 11:47:52] ---- CONTENT: {data : "<?xml version='1.0' encoding='utf-8' ?><Request ID='20190912114752425'><General><Token>61111131252223224013000011333653</Token></General><Data></Data></Request>"}
[2019-09-12 11:47:52] REQUEST POST - https://localhost:8082/public/ws/Economics.asmx/messaggi_summary
[2019-09-12 11:47:52] ---- FROM  ::1 (WinNT)
[2019-09-12 11:47:52] ---- BROWSER:  Chrome 76.0 (Mozilla/5.0 (Windows NT 10.0; Win64; x64) AppleWebKit/537.36 (KHTML, like Gecko) Chrome/76.0.3809.132 Safari/537.36)
[2019-09-12 11:47:52] ---- CONTENT: {data : "<?xml version='1.0' encoding='utf-8' ?><Request ID='20190912114752459'><General><Token>61111131252223224013000011333653</Token></General><Data></Data></Request>"}
[2019-09-12 11:47:52] REQUEST POST - https://localhost:8082/public/ws/Config.asmx/All_Get
[2019-09-12 11:47:52] ---- FROM  ::1 (WinNT)
[2019-09-12 11:47:52] ---- BROWSER:  Chrome 76.0 (Mozilla/5.0 (Windows NT 10.0; Win64; x64) AppleWebKit/537.36 (KHTML, like Gecko) Chrome/76.0.3809.132 Safari/537.36)
[2019-09-12 11:47:52] ---- CONTENT: {data : "<?xml version='1.0' encoding='utf-8' ?><Request ID='20190912114752598'><General><Token>61111131252223224013000011333653</Token></General><Data></Data></Request>"}
[2019-09-12 11:47:52] 200 - OK - application/json
[2019-09-12 11:47:52] 200 - OK - application/json
[2019-09-12 11:47:52] REQUEST POST - https://localhost:8082/public/ws/Config.asmx/All_Get
[2019-09-12 11:47:52] ---- FROM  ::1 (WinNT)
[2019-09-12 11:47:52] ---- BROWSER:  Chrome 76.0 (Mozilla/5.0 (Windows NT 10.0; Win64; x64) AppleWebKit/537.36 (KHTML, like Gecko) Chrome/76.0.3809.132 Safari/537.36)
[2019-09-12 11:47:52] 200 - OK - application/json
[2019-09-12 11:47:52] ---- CONTENT: {data : "<?xml version='1.0' encoding='utf-8' ?><Request ID='20190912114752842'><General><Token>61111131252223224013000011333653</Token></General><Data></Data></Request>"}
[2019-09-12 11:47:53] 200 - OK - application/json
[2019-09-12 11:47:59] REQUEST POST - https://localhost:8082/public/aspx/Home.aspx
[2019-09-12 11:47:59] ---- FROM  ::1 (WinNT)
[2019-09-12 11:47:59] ---- BROWSER:  Chrome 76.0 (Mozilla/5.0 (Windows NT 10.0; Win64; x64) AppleWebKit/537.36 (KHTML, like Gecko) Chrome/76.0.3809.132 Safari/537.36)
[2019-09-12 11:47:59] ---- CONTENT: Token%3D21111141252224224017000011333853%26TokenApiRest%3DeyJ0eXAiOiJKV1QiLCJhbGciOiJIUzI1NiJ9.eyJpc3MiOiJodHRwczpcL1wvd3d3cy5kZXYteWVhcC5pdCIsImlhdCI6MTU0MjI5NDMyMSwibmJmIjoxNTQyMjk0MzIxLCJleHAiOjE1NDI4OTkxMjEsImRhdGEiOnsidXNlciI6eyJpZCI6IjQ0In19fQ.RCP5OeoGASxAyBw1MbMD4BFJAcDM5JIXqYXKBALZcJI%26Logo%3Dhttps%3A%2F%2Flocalhost%3A8082%2Fscratch%2Fpl_logo.png%26Title%3DBusiness+Plan+Test+nr.+3=
[2019-09-12 11:47:59] 302 - Found - text/html
[2019-09-12 11:47:59] REQUEST GET - https://localhost:8082/home/welcome
[2019-09-12 11:47:59] ---- FROM  ::1 (WinNT)
[2019-09-12 11:47:59] ---- BROWSER:  Chrome 76.0 (Mozilla/5.0 (Windows NT 10.0; Win64; x64) AppleWebKit/537.36 (KHTML, like Gecko) Chrome/76.0.3809.132 Safari/537.36)
[2019-09-12 11:47:59] 200 - OK - text/html
[2019-09-12 11:48:00] REQUEST POST - https://localhost:8082/public/ws/General.asmx/Set
[2019-09-12 11:48:00] ---- FROM  ::1 (WinNT)
[2019-09-12 11:48:00] ---- BROWSER:  Chrome 76.0 (Mozilla/5.0 (Windows NT 10.0; Win64; x64) AppleWebKit/537.36 (KHTML, like Gecko) Chrome/76.0.3809.132 Safari/537.36)
[2019-09-12 11:48:00] ---- CONTENT: {data : "<?xml version='1.0' encoding='utf-8' ?><Request ID='20190912114800669'><General><Token>21111141252224224017000011333853</Token></General><Data><Nome>Business Plan Test nr. 3</Nome><Logo>https%3A%2F%2Flocalhost%3A8082%2Fscratch%2Fpl_logo.png</Logo></Data></Request>"}
[2019-09-12 11:48:00] 200 - OK - application/json
[2019-09-12 11:48:00] REQUEST POST - https://localhost:8082/public/ws/Config.asmx/Economics_Get
[2019-09-12 11:48:01] ---- FROM  ::1 (WinNT)
[2019-09-12 11:48:01] ---- BROWSER:  Chrome 76.0 (Mozilla/5.0 (Windows NT 10.0; Win64; x64) AppleWebKit/537.36 (KHTML, like Gecko) Chrome/76.0.3809.132 Safari/537.36)
[2019-09-12 11:48:01] ---- CONTENT: {data : "<?xml version='1.0' encoding='utf-8' ?><Request ID='20190912114800995'><General><Token>21111141252224224017000011333853</Token></General><Data></Data></Request>"}
[2019-09-12 11:48:01] 200 - OK - application/json
[2019-09-12 11:48:01] REQUEST POST - https://localhost:8082/public/ws/Config.asmx/All_Get
[2019-09-12 11:48:01] ---- FROM  ::1 (WinNT)
[2019-09-12 11:48:01] ---- BROWSER:  Chrome 76.0 (Mozilla/5.0 (Windows NT 10.0; Win64; x64) AppleWebKit/537.36 (KHTML, like Gecko) Chrome/76.0.3809.132 Safari/537.36)
[2019-09-12 11:48:01] ---- CONTENT: {data : "<?xml version='1.0' encoding='utf-8' ?><Request ID='20190912114801487'><General><Token>21111141252224224017000011333853</Token></General><Data></Data></Request>"}
[2019-09-12 11:48:01] REQUEST POST - https://localhost:8082/public/ws/Economics.asmx/messaggi_summary
[2019-09-12 11:48:01] ---- FROM  ::1 (WinNT)
[2019-09-12 11:48:01] ---- BROWSER:  Chrome 76.0 (Mozilla/5.0 (Windows NT 10.0; Win64; x64) AppleWebKit/537.36 (KHTML, like Gecko) Chrome/76.0.3809.132 Safari/537.36)
[2019-09-12 11:48:01] ---- CONTENT: {data : "<?xml version='1.0' encoding='utf-8' ?><Request ID='20190912114801508'><General><Token>21111141252224224017000011333853</Token></General><Data></Data></Request>"}
[2019-09-12 11:48:01] REQUEST POST - https://localhost:8082/public/ws/Config.asmx/All_Get
[2019-09-12 11:48:01] ---- FROM  ::1 (WinNT)
[2019-09-12 11:48:01] ---- BROWSER:  Chrome 76.0 (Mozilla/5.0 (Windows NT 10.0; Win64; x64) AppleWebKit/537.36 (KHTML, like Gecko) Chrome/76.0.3809.132 Safari/537.36)
[2019-09-12 11:48:01] ---- CONTENT: {data : "<?xml version='1.0' encoding='utf-8' ?><Request ID='20190912114801584'><General><Token>21111141252224224017000011333853</Token></General><Data></Data></Request>"}
[2019-09-12 11:48:01] 200 - OK - application/json
[2019-09-12 11:48:01] 200 - OK - application/json
[2019-09-12 11:48:01] REQUEST POST - https://localhost:8082/public/ws/Config.asmx/All_Get
[2019-09-12 11:48:02] ---- FROM  ::1 (WinNT)
[2019-09-12 11:48:02] ---- BROWSER:  Chrome 76.0 (Mozilla/5.0 (Windows NT 10.0; Win64; x64) AppleWebKit/537.36 (KHTML, like Gecko) Chrome/76.0.3809.132 Safari/537.36)
[2019-09-12 11:48:02] ---- CONTENT: {data : "<?xml version='1.0' encoding='utf-8' ?><Request ID='20190912114801951'><General><Token>21111141252224224017000011333853</Token></General><Data></Data></Request>"}
[2019-09-12 11:48:02] 200 - OK - application/json
[2019-09-12 11:48:02] 200 - OK - application/json
[2019-09-12 11:48:04] REQUEST GET - https://localhost:8082/economics/conto-economico
[2019-09-12 11:48:04] ---- FROM  ::1 (WinNT)
[2019-09-12 11:48:04] ---- BROWSER:  Chrome 76.0 (Mozilla/5.0 (Windows NT 10.0; Win64; x64) AppleWebKit/537.36 (KHTML, like Gecko) Chrome/76.0.3809.132 Safari/537.36)
[2019-09-12 11:48:04] 200 - OK - text/html
[2019-09-12 11:48:05] REQUEST POST - https://localhost:8082/public/ws/Economics.asmx/ContoEconomico
[2019-09-12 11:48:05] ---- FROM  ::1 (WinNT)
[2019-09-12 11:48:05] ---- BROWSER:  Chrome 76.0 (Mozilla/5.0 (Windows NT 10.0; Win64; x64) AppleWebKit/537.36 (KHTML, like Gecko) Chrome/76.0.3809.132 Safari/537.36)
[2019-09-12 11:48:05] ---- CONTENT: {data : "<?xml version='1.0' encoding='utf-8' ?><Request ID='20190912114805328'><General><Token>21111141252224224017000011333853</Token></General><Data></Data></Request>"}
[2019-09-12 11:48:05] 200 - OK - application/json
[2019-09-12 11:48:05] REQUEST POST - https://localhost:8082/public/ws/Config.asmx/All_Get
[2019-09-12 11:48:05] ---- FROM  ::1 (WinNT)
[2019-09-12 11:48:05] ---- BROWSER:  Chrome 76.0 (Mozilla/5.0 (Windows NT 10.0; Win64; x64) AppleWebKit/537.36 (KHTML, like Gecko) Chrome/76.0.3809.132 Safari/537.36)
[2019-09-12 11:48:05] ---- CONTENT: {data : "<?xml version='1.0' encoding='utf-8' ?><Request ID='20190912114805725'><General><Token>21111141252224224017000011333853</Token></General><Data></Data></Request>"}
[2019-09-12 11:48:05] REQUEST POST - https://localhost:8082/public/ws/Economics.asmx/messaggi_summary
[2019-09-12 11:48:05] ---- FROM  ::1 (WinNT)
[2019-09-12 11:48:05] ---- BROWSER:  Chrome 76.0 (Mozilla/5.0 (Windows NT 10.0; Win64; x64) AppleWebKit/537.36 (KHTML, like Gecko) Chrome/76.0.3809.132 Safari/537.36)
[2019-09-12 11:48:05] REQUEST GET - https://localhost:8082/public/ws/Resources.ashx/xml-economics/21111141252224224017000011333853
[2019-09-12 11:48:05] ---- FROM  ::1 (WinNT)
[2019-09-12 11:48:05] ---- BROWSER:  Chrome 76.0 (Mozilla/5.0 (Windows NT 10.0; Win64; x64) AppleWebKit/537.36 (KHTML, like Gecko) Chrome/76.0.3809.132 Safari/537.36)
[2019-09-12 11:48:05] ---- CONTENT: {data : "<?xml version='1.0' encoding='utf-8' ?><Request ID='20190912114805756'><General><Token>21111141252224224017000011333853</Token></General><Data></Data></Request>"}
[2019-09-12 11:48:05] 200 - OK - application/json
[2019-09-12 11:48:06] 200 - OK - application/json
[2019-09-12 11:48:06] REQUEST POST - https://localhost:8082/public/ws/Config.asmx/All_Get
[2019-09-12 11:48:06] ---- FROM  ::1 (WinNT)
[2019-09-12 11:48:06] ---- BROWSER:  Chrome 76.0 (Mozilla/5.0 (Windows NT 10.0; Win64; x64) AppleWebKit/537.36 (KHTML, like Gecko) Chrome/76.0.3809.132 Safari/537.36)
[2019-09-12 11:48:06] ---- CONTENT: {data : "<?xml version='1.0' encoding='utf-8' ?><Request ID='2019091211480695'><General><Token>21111141252224224017000011333853</Token></General><Data></Data></Request>"}
[2019-09-12 11:48:06] 200 - OK - text/xml
[2019-09-12 11:48:06] 200 - OK - application/json
[2019-09-12 11:48:07] REQUEST POST - https://localhost:8082/public/ws/Config.asmx/All_Get
[2019-09-12 11:48:07] ---- FROM  ::1 (WinNT)
[2019-09-12 11:48:07] ---- BROWSER:  Chrome 76.0 (Mozilla/5.0 (Windows NT 10.0; Win64; x64) AppleWebKit/537.36 (KHTML, like Gecko) Chrome/76.0.3809.132 Safari/537.36)
[2019-09-12 11:48:07] ---- CONTENT: {data : "<?xml version='1.0' encoding='utf-8' ?><Request ID='20190912114807349'><General><Token>21111141252224224017000011333853</Token></General><Data></Data></Request>"}
[2019-09-12 11:48:07] 200 - OK - application/json
[2019-09-12 12:04:45] REQUEST GET - https://localhost:8082/economics/rendiconto-finanziario
[2019-09-12 12:04:45] ---- FROM  ::1 (WinNT)
[2019-09-12 12:04:45] ---- BROWSER:  Chrome 76.0 (Mozilla/5.0 (Windows NT 10.0; Win64; x64) AppleWebKit/537.36 (KHTML, like Gecko) Chrome/76.0.3809.132 Safari/537.36)
[2019-09-12 12:04:45] 200 - OK - text/html
[2019-09-12 12:04:46] REQUEST POST - https://localhost:8082/public/ws/Economics.asmx/RendicontoFinanziario
[2019-09-12 12:04:46] ---- FROM  ::1 (WinNT)
[2019-09-12 12:04:46] ---- BROWSER:  Chrome 76.0 (Mozilla/5.0 (Windows NT 10.0; Win64; x64) AppleWebKit/537.36 (KHTML, like Gecko) Chrome/76.0.3809.132 Safari/537.36)
[2019-09-12 12:04:46] ---- CONTENT: {data : "<?xml version='1.0' encoding='utf-8' ?><Request ID='20190912120446114'><General><Token>21111141252224224017000011333853</Token></General><Data></Data></Request>"}
[2019-09-12 12:04:46] 200 - OK - application/json
[2019-09-12 12:04:46] REQUEST POST - https://localhost:8082/public/ws/Config.asmx/All_Get
[2019-09-12 12:04:46] ---- FROM  ::1 (WinNT)
[2019-09-12 12:04:46] ---- BROWSER:  Chrome 76.0 (Mozilla/5.0 (Windows NT 10.0; Win64; x64) AppleWebKit/537.36 (KHTML, like Gecko) Chrome/76.0.3809.132 Safari/537.36)
[2019-09-12 12:04:46] ---- CONTENT: {data : "<?xml version='1.0' encoding='utf-8' ?><Request ID='20190912120446537'><General><Token>21111141252224224017000011333853</Token></General><Data></Data></Request>"}
[2019-09-12 12:04:46] REQUEST POST - https://localhost:8082/public/ws/Economics.asmx/messaggi_summary
[2019-09-12 12:04:46] ---- FROM  ::1 (WinNT)
[2019-09-12 12:04:46] REQUEST GET - https://localhost:8082/public/ws/Resources.ashx/xml-economics/21111141252224224017000011333853
[2019-09-12 12:04:46] ---- FROM  ::1 (WinNT)
[2019-09-12 12:04:46] ---- BROWSER:  Chrome 76.0 (Mozilla/5.0 (Windows NT 10.0; Win64; x64) AppleWebKit/537.36 (KHTML, like Gecko) Chrome/76.0.3809.132 Safari/537.36)
[2019-09-12 12:04:46] ---- BROWSER:  Chrome 76.0 (Mozilla/5.0 (Windows NT 10.0; Win64; x64) AppleWebKit/537.36 (KHTML, like Gecko) Chrome/76.0.3809.132 Safari/537.36)
[2019-09-12 12:04:46] ---- CONTENT: {data : "<?xml version='1.0' encoding='utf-8' ?><Request ID='20190912120446563'><General><Token>21111141252224224017000011333853</Token></General><Data></Data></Request>"}
[2019-09-12 12:04:46] 200 - OK - application/json
[2019-09-12 12:04:46] 200 - OK - application/json
[2019-09-12 12:04:46] REQUEST POST - https://localhost:8082/public/ws/Config.asmx/All_Get
[2019-09-12 12:04:46] ---- FROM  ::1 (WinNT)
[2019-09-12 12:04:46] ---- BROWSER:  Chrome 76.0 (Mozilla/5.0 (Windows NT 10.0; Win64; x64) AppleWebKit/537.36 (KHTML, like Gecko) Chrome/76.0.3809.132 Safari/537.36)
[2019-09-12 12:04:46] ---- CONTENT: {data : "<?xml version='1.0' encoding='utf-8' ?><Request ID='20190912120446978'><General><Token>21111141252224224017000011333853</Token></General><Data></Data></Request>"}
[2019-09-12 12:04:46] 200 - OK - text/xml
[2019-09-12 12:04:47] 200 - OK - application/json
[2019-09-12 12:04:48] REQUEST POST - https://localhost:8082/public/ws/Config.asmx/All_Get
[2019-09-12 12:04:48] ---- FROM  ::1 (WinNT)
[2019-09-12 12:04:48] ---- BROWSER:  Chrome 76.0 (Mozilla/5.0 (Windows NT 10.0; Win64; x64) AppleWebKit/537.36 (KHTML, like Gecko) Chrome/76.0.3809.132 Safari/537.36)
[2019-09-12 12:04:48] ---- CONTENT: {data : "<?xml version='1.0' encoding='utf-8' ?><Request ID='2019091212044891'><General><Token>21111141252224224017000011333853</Token></General><Data></Data></Request>"}
[2019-09-12 12:04:48] 200 - OK - application/json
[2019-09-12 12:05:01] REQUEST GET - https://localhost:8082/economics/stato-patrimoniale
[2019-09-12 12:05:01] ---- FROM  ::1 (WinNT)
[2019-09-12 12:05:01] ---- BROWSER:  Chrome 76.0 (Mozilla/5.0 (Windows NT 10.0; Win64; x64) AppleWebKit/537.36 (KHTML, like Gecko) Chrome/76.0.3809.132 Safari/537.36)
[2019-09-12 12:05:01] 200 - OK - text/html
[2019-09-12 12:05:01] REQUEST POST - https://localhost:8082/public/ws/Economics.asmx/StatoPatrimoniale
[2019-09-12 12:05:01] ---- FROM  ::1 (WinNT)
[2019-09-12 12:05:01] ---- BROWSER:  Chrome 76.0 (Mozilla/5.0 (Windows NT 10.0; Win64; x64) AppleWebKit/537.36 (KHTML, like Gecko) Chrome/76.0.3809.132 Safari/537.36)
[2019-09-12 12:05:01] ---- CONTENT: {data : "<?xml version='1.0' encoding='utf-8' ?><Request ID='20190912120501603'><General><Token>21111141252224224017000011333853</Token></General><Data></Data></Request>"}
[2019-09-12 12:05:01] 200 - OK - application/json
[2019-09-12 12:05:01] REQUEST POST - https://localhost:8082/public/ws/Config.asmx/All_Get
[2019-09-12 12:05:01] ---- FROM  ::1 (WinNT)
[2019-09-12 12:05:01] ---- BROWSER:  Chrome 76.0 (Mozilla/5.0 (Windows NT 10.0; Win64; x64) AppleWebKit/537.36 (KHTML, like Gecko) Chrome/76.0.3809.132 Safari/537.36)
[2019-09-12 12:05:01] ---- CONTENT: {data : "<?xml version='1.0' encoding='utf-8' ?><Request ID='20190912120501969'><General><Token>21111141252224224017000011333853</Token></General><Data></Data></Request>"}
[2019-09-12 12:05:02] REQUEST POST - https://localhost:8082/public/ws/Economics.asmx/messaggi_summary
[2019-09-12 12:05:02] ---- FROM  ::1 (WinNT)
[2019-09-12 12:05:02] ---- BROWSER:  Chrome 76.0 (Mozilla/5.0 (Windows NT 10.0; Win64; x64) AppleWebKit/537.36 (KHTML, like Gecko) Chrome/76.0.3809.132 Safari/537.36)
[2019-09-12 12:05:02] REQUEST GET - https://localhost:8082/public/ws/Resources.ashx/xml-economics/21111141252224224017000011333853
[2019-09-12 12:05:02] ---- FROM  ::1 (WinNT)
[2019-09-12 12:05:02] ---- BROWSER:  Chrome 76.0 (Mozilla/5.0 (Windows NT 10.0; Win64; x64) AppleWebKit/537.36 (KHTML, like Gecko) Chrome/76.0.3809.132 Safari/537.36)
[2019-09-12 12:05:02] ---- CONTENT: {data : "<?xml version='1.0' encoding='utf-8' ?><Request ID='20190912120501995'><General><Token>21111141252224224017000011333853</Token></General><Data></Data></Request>"}
[2019-09-12 12:05:02] 200 - OK - application/json
[2019-09-12 12:05:02] 200 - OK - application/json
[2019-09-12 12:05:02] 200 - OK - text/xml
[2019-09-12 12:05:02] REQUEST POST - https://localhost:8082/public/ws/Config.asmx/All_Get
[2019-09-12 12:05:02] ---- FROM  ::1 (WinNT)
[2019-09-12 12:05:02] ---- BROWSER:  Chrome 76.0 (Mozilla/5.0 (Windows NT 10.0; Win64; x64) AppleWebKit/537.36 (KHTML, like Gecko) Chrome/76.0.3809.132 Safari/537.36)
[2019-09-12 12:05:02] ---- CONTENT: {data : "<?xml version='1.0' encoding='utf-8' ?><Request ID='20190912120502365'><General><Token>21111141252224224017000011333853</Token></General><Data></Data></Request>"}
[2019-09-12 12:05:02] 200 - OK - application/json
[2019-09-12 12:05:02] REQUEST POST - https://localhost:8082/public/ws/Config.asmx/All_Get
[2019-09-12 12:05:02] ---- FROM  ::1 (WinNT)
[2019-09-12 12:05:02] ---- BROWSER:  Chrome 76.0 (Mozilla/5.0 (Windows NT 10.0; Win64; x64) AppleWebKit/537.36 (KHTML, like Gecko) Chrome/76.0.3809.132 Safari/537.36)
[2019-09-12 12:05:02] ---- CONTENT: {data : "<?xml version='1.0' encoding='utf-8' ?><Request ID='20190912120502828'><General><Token>21111141252224224017000011333853</Token></General><Data></Data></Request>"}
[2019-09-12 12:05:03] 200 - OK - application/json
