[2019-08-29 11:18:34] REQUEST GET - https://localhost:8082/public/aspx/Home.aspx?Token=61111131252223224013000011333653&TokenApiRest=eyJ0eXAiOiJKV1QiLCJhbGciOiJIUzI1NiJ9.eyJpc3MiOiJodHRwczpcL1wvd3d3cy5kZXYteWVhcC5pdCIsImlhdCI6MTU0MjI5NDMyMSwibmJmIjoxNTQyMjk0MzIxLCJleHAiOjE1NDI4OTkxMjEsImRhdGEiOnsidXNlciI6eyJpZCI6IjQ0In19fQ.RCP5OeoGASxAyBw1MbMD4BFJAcDM5JIXqYXKBALZcJI&Logo=https://localhost:8082/scratch/pl_logo.png&Title=Business Plan Test nr. 2
[2019-08-29 11:18:34] ---- FROM  ::1 (WinNT)
[2019-08-29 11:18:34] ---- BROWSER:  Chrome 76.0 (Mozilla/5.0 (Windows NT 10.0; Win64; x64) AppleWebKit/537.36 (KHTML, like Gecko) Chrome/76.0.3809.100 Safari/537.36)
[2019-08-29 11:18:35] 302 - Found - text/html
[2019-08-29 11:18:35] REQUEST GET - https://localhost:8082/home/welcome?Token=61111131252223224013000011333653&TokenApiRest=eyJ0eXAiOiJKV1QiLCJhbGciOiJIUzI1NiJ9.eyJpc3MiOiJodHRwczpcL1wvd3d3cy5kZXYteWVhcC5pdCIsImlhdCI6MTU0MjI5NDMyMSwibmJmIjoxNTQyMjk0MzIxLCJleHAiOjE1NDI4OTkxMjEsImRhdGEiOnsidXNlciI6eyJpZCI6IjQ0In19fQ.RCP5OeoGASxAyBw1MbMD4BFJAcDM5JIXqYXKBALZcJI&Logo=https://localhost:8082/scratch/pl_logo.png&Title=Business Plan Test nr. 2
[2019-08-29 11:18:35] ---- FROM  ::1 (WinNT)
[2019-08-29 11:18:35] ---- BROWSER:  Chrome 76.0 (Mozilla/5.0 (Windows NT 10.0; Win64; x64) AppleWebKit/537.36 (KHTML, like Gecko) Chrome/76.0.3809.100 Safari/537.36)
[2019-08-29 11:18:35] 200 - OK - text/html
[2019-08-29 11:18:36] REQUEST POST - https://localhost:8082/public/ws/General.asmx/Set
[2019-08-29 11:18:36] ---- FROM  ::1 (WinNT)
[2019-08-29 11:18:36] ---- BROWSER:  Chrome 76.0 (Mozilla/5.0 (Windows NT 10.0; Win64; x64) AppleWebKit/537.36 (KHTML, like Gecko) Chrome/76.0.3809.100 Safari/537.36)
[2019-08-29 11:18:36] ---- CONTENT: {data : "<?xml version='1.0' encoding='utf-8' ?><Request ID='20190829111836806'><General><Token>61111131252223224013000011333653</Token></General><Data><Nome>Business Plan Test nr. 2</Nome><Logo>https%3A%2F%2Flocalhost%3A8082%2Fscratch%2Fpl_logo.png</Logo></Data></Request>"}
[2019-08-29 11:18:37] 200 - OK - application/json
[2019-08-29 11:18:37] REQUEST POST - https://localhost:8082/public/ws/Config.asmx/Economics_Get
[2019-08-29 11:18:37] ---- FROM  ::1 (WinNT)
[2019-08-29 11:18:37] ---- BROWSER:  Chrome 76.0 (Mozilla/5.0 (Windows NT 10.0; Win64; x64) AppleWebKit/537.36 (KHTML, like Gecko) Chrome/76.0.3809.100 Safari/537.36)
[2019-08-29 11:18:37] ---- CONTENT: {data : "<?xml version='1.0' encoding='utf-8' ?><Request ID='20190829111837155'><General><Token>61111131252223224013000011333653</Token></General><Data></Data></Request>"}
[2019-08-29 11:18:37] 200 - OK - application/json
[2019-08-29 11:18:40] REQUEST POST - https://localhost:8082/public/ws/Config.asmx/All_Get
[2019-08-29 11:18:40] REQUEST POST - https://localhost:8082/public/ws/Economics.asmx/messaggi_summary
[2019-08-29 11:18:40] ---- FROM  ::1 (WinNT)
[2019-08-29 11:18:40] ---- FROM  ::1 (WinNT)
[2019-08-29 11:18:40] REQUEST POST - https://localhost:8082/public/ws/Config.asmx/All_Get
[2019-08-29 11:18:40] ---- BROWSER:  Chrome 76.0 (Mozilla/5.0 (Windows NT 10.0; Win64; x64) AppleWebKit/537.36 (KHTML, like Gecko) Chrome/76.0.3809.100 Safari/537.36)
[2019-08-29 11:18:40] ---- BROWSER:  Chrome 76.0 (Mozilla/5.0 (Windows NT 10.0; Win64; x64) AppleWebKit/537.36 (KHTML, like Gecko) Chrome/76.0.3809.100 Safari/537.36)
[2019-08-29 11:18:40] ---- FROM  ::1 (WinNT)
[2019-08-29 11:18:40] ---- CONTENT: {data : "<?xml version='1.0' encoding='utf-8' ?><Request ID='201908291118408'><General><Token>61111131252223224013000011333653</Token></General><Data></Data></Request>"}
[2019-08-29 11:18:40] ---- CONTENT: {data : "<?xml version='1.0' encoding='utf-8' ?><Request ID='20190829111839941'><General><Token>61111131252223224013000011333653</Token></General><Data></Data></Request>"}
[2019-08-29 11:18:40] ---- BROWSER:  Chrome 76.0 (Mozilla/5.0 (Windows NT 10.0; Win64; x64) AppleWebKit/537.36 (KHTML, like Gecko) Chrome/76.0.3809.100 Safari/537.36)
[2019-08-29 11:18:40] ---- CONTENT: {data : "<?xml version='1.0' encoding='utf-8' ?><Request ID='20190829111840371'><General><Token>61111131252223224013000011333653</Token></General><Data></Data></Request>"}
[2019-08-29 11:18:40] 200 - OK - application/json
[2019-08-29 11:18:40] 200 - OK - application/json
[2019-08-29 11:18:40] 200 - OK - application/json
[2019-08-29 11:18:41] REQUEST POST - https://localhost:8082/public/ws/Config.asmx/All_Get
[2019-08-29 11:18:41] ---- FROM  ::1 (WinNT)
[2019-08-29 11:18:41] ---- BROWSER:  Chrome 76.0 (Mozilla/5.0 (Windows NT 10.0; Win64; x64) AppleWebKit/537.36 (KHTML, like Gecko) Chrome/76.0.3809.100 Safari/537.36)
[2019-08-29 11:18:41] ---- CONTENT: {data : "<?xml version='1.0' encoding='utf-8' ?><Request ID='20190829111840991'><General><Token>61111131252223224013000011333653</Token></General><Data></Data></Request>"}
[2019-08-29 11:18:41] 200 - OK - application/json
[2019-08-29 11:22:35] REQUEST GET - https://localhost:8082/public/aspx/Home.aspx?Token=61111131252223224013000011333653&TokenApiRest=eyJ0eXAiOiJKV1QiLCJhbGciOiJIUzI1NiJ9.eyJpc3MiOiJodHRwczpcL1wvd3d3cy5kZXYteWVhcC5pdCIsImlhdCI6MTU0MjI5NDMyMSwibmJmIjoxNTQyMjk0MzIxLCJleHAiOjE1NDI4OTkxMjEsImRhdGEiOnsidXNlciI6eyJpZCI6IjQ0In19fQ.RCP5OeoGASxAyBw1MbMD4BFJAcDM5JIXqYXKBALZcJI&Logo=https://localhost:8082/scratch/pl_logo.png&Title=Business Plan Test nr. 2
[2019-08-29 11:22:35] ---- FROM  ::1 (WinNT)
[2019-08-29 11:22:35] ---- BROWSER:  Chrome 76.0 (Mozilla/5.0 (Windows NT 10.0; Win64; x64) AppleWebKit/537.36 (KHTML, like Gecko) Chrome/76.0.3809.100 Safari/537.36)
[2019-08-29 11:22:35] 302 - Found - text/html
[2019-08-29 11:22:35] REQUEST GET - https://localhost:8082/home/welcome?Token=61111131252223224013000011333653&TokenApiRest=eyJ0eXAiOiJKV1QiLCJhbGciOiJIUzI1NiJ9.eyJpc3MiOiJodHRwczpcL1wvd3d3cy5kZXYteWVhcC5pdCIsImlhdCI6MTU0MjI5NDMyMSwibmJmIjoxNTQyMjk0MzIxLCJleHAiOjE1NDI4OTkxMjEsImRhdGEiOnsidXNlciI6eyJpZCI6IjQ0In19fQ.RCP5OeoGASxAyBw1MbMD4BFJAcDM5JIXqYXKBALZcJI&Logo=https://localhost:8082/scratch/pl_logo.png&Title=Business Plan Test nr. 2
[2019-08-29 11:22:35] ---- FROM  ::1 (WinNT)
[2019-08-29 11:22:35] ---- BROWSER:  Chrome 76.0 (Mozilla/5.0 (Windows NT 10.0; Win64; x64) AppleWebKit/537.36 (KHTML, like Gecko) Chrome/76.0.3809.100 Safari/537.36)
[2019-08-29 11:22:35] 200 - OK - text/html
[2019-08-29 11:22:36] REQUEST POST - https://localhost:8082/public/ws/General.asmx/Set
[2019-08-29 11:22:36] ---- FROM  ::1 (WinNT)
[2019-08-29 11:22:36] ---- BROWSER:  Chrome 76.0 (Mozilla/5.0 (Windows NT 10.0; Win64; x64) AppleWebKit/537.36 (KHTML, like Gecko) Chrome/76.0.3809.100 Safari/537.36)
[2019-08-29 11:22:36] ---- CONTENT: {data : "<?xml version='1.0' encoding='utf-8' ?><Request ID='20190829112236759'><General><Token>61111131252223224013000011333653</Token></General><Data><Nome>Business Plan Test nr. 2</Nome><Logo>https%3A%2F%2Flocalhost%3A8082%2Fscratch%2Fpl_logo.png</Logo></Data></Request>"}
[2019-08-29 11:22:36] 200 - OK - application/json
[2019-08-29 11:22:36] REQUEST POST - https://localhost:8082/public/ws/Config.asmx/Economics_Get
[2019-08-29 11:22:36] ---- FROM  ::1 (WinNT)
[2019-08-29 11:22:36] ---- BROWSER:  Chrome 76.0 (Mozilla/5.0 (Windows NT 10.0; Win64; x64) AppleWebKit/537.36 (KHTML, like Gecko) Chrome/76.0.3809.100 Safari/537.36)
[2019-08-29 11:22:36] ---- CONTENT: {data : "<?xml version='1.0' encoding='utf-8' ?><Request ID='20190829112236801'><General><Token>61111131252223224013000011333653</Token></General><Data></Data></Request>"}
[2019-08-29 11:22:36] 200 - OK - application/json
[2019-08-29 11:22:43] REQUEST POST - https://localhost:8082/public/ws/Config.asmx/All_Get
[2019-08-29 11:22:43] ---- FROM  ::1 (WinNT)
[2019-08-29 11:22:43] ---- BROWSER:  Chrome 76.0 (Mozilla/5.0 (Windows NT 10.0; Win64; x64) AppleWebKit/537.36 (KHTML, like Gecko) Chrome/76.0.3809.100 Safari/537.36)
[2019-08-29 11:22:43] ---- CONTENT: {data : "<?xml version='1.0' encoding='utf-8' ?><Request ID='20190829112243651'><General><Token>61111131252223224013000011333653</Token></General><Data></Data></Request>"}
[2019-08-29 11:22:43] 200 - OK - application/json
[2019-08-29 11:24:16] REQUEST GET - https://localhost:8082/public/aspx/Home.aspx?Token=61111131252223224013000011333653&TokenApiRest=eyJ0eXAiOiJKV1QiLCJhbGciOiJIUzI1NiJ9.eyJpc3MiOiJodHRwczpcL1wvd3d3cy5kZXYteWVhcC5pdCIsImlhdCI6MTU0MjI5NDMyMSwibmJmIjoxNTQyMjk0MzIxLCJleHAiOjE1NDI4OTkxMjEsImRhdGEiOnsidXNlciI6eyJpZCI6IjQ0In19fQ.RCP5OeoGASxAyBw1MbMD4BFJAcDM5JIXqYXKBALZcJI&Logo=https://localhost:8082/scratch/pl_logo.png&Title=Business Plan Test nr. 2
[2019-08-29 11:24:16] ---- FROM  ::1 (WinNT)
[2019-08-29 11:24:16] ---- BROWSER:  Chrome 76.0 (Mozilla/5.0 (Windows NT 10.0; Win64; x64) AppleWebKit/537.36 (KHTML, like Gecko) Chrome/76.0.3809.100 Safari/537.36)
[2019-08-29 11:24:16] 302 - Found - text/html
[2019-08-29 11:24:16] REQUEST GET - https://localhost:8082/home/welcome?Token=61111131252223224013000011333653&TokenApiRest=eyJ0eXAiOiJKV1QiLCJhbGciOiJIUzI1NiJ9.eyJpc3MiOiJodHRwczpcL1wvd3d3cy5kZXYteWVhcC5pdCIsImlhdCI6MTU0MjI5NDMyMSwibmJmIjoxNTQyMjk0MzIxLCJleHAiOjE1NDI4OTkxMjEsImRhdGEiOnsidXNlciI6eyJpZCI6IjQ0In19fQ.RCP5OeoGASxAyBw1MbMD4BFJAcDM5JIXqYXKBALZcJI&Logo=https://localhost:8082/scratch/pl_logo.png&Title=Business Plan Test nr. 2
[2019-08-29 11:24:16] ---- FROM  ::1 (WinNT)
[2019-08-29 11:24:16] ---- BROWSER:  Chrome 76.0 (Mozilla/5.0 (Windows NT 10.0; Win64; x64) AppleWebKit/537.36 (KHTML, like Gecko) Chrome/76.0.3809.100 Safari/537.36)
[2019-08-29 11:24:16] 200 - OK - text/html
[2019-08-29 11:24:18] REQUEST POST - https://localhost:8082/public/ws/General.asmx/Set
[2019-08-29 11:24:18] ---- FROM  ::1 (WinNT)
[2019-08-29 11:24:18] ---- BROWSER:  Chrome 76.0 (Mozilla/5.0 (Windows NT 10.0; Win64; x64) AppleWebKit/537.36 (KHTML, like Gecko) Chrome/76.0.3809.100 Safari/537.36)
[2019-08-29 11:24:18] ---- CONTENT: {data : "<?xml version='1.0' encoding='utf-8' ?><Request ID='20190829112418249'><General><Token>61111131252223224013000011333653</Token></General><Data><Nome>Business Plan Test nr. 2</Nome><Logo>https%3A%2F%2Flocalhost%3A8082%2Fscratch%2Fpl_logo.png</Logo></Data></Request>"}
[2019-08-29 11:24:18] 200 - OK - application/json
[2019-08-29 11:24:18] REQUEST POST - https://localhost:8082/public/ws/Config.asmx/Economics_Get
[2019-08-29 11:24:18] ---- FROM  ::1 (WinNT)
[2019-08-29 11:24:18] ---- BROWSER:  Chrome 76.0 (Mozilla/5.0 (Windows NT 10.0; Win64; x64) AppleWebKit/537.36 (KHTML, like Gecko) Chrome/76.0.3809.100 Safari/537.36)
[2019-08-29 11:24:18] ---- CONTENT: {data : "<?xml version='1.0' encoding='utf-8' ?><Request ID='20190829112418285'><General><Token>61111131252223224013000011333653</Token></General><Data></Data></Request>"}
[2019-08-29 11:24:18] 200 - OK - application/json
[2019-08-29 11:24:19] REQUEST POST - https://localhost:8082/public/ws/Config.asmx/All_Get
[2019-08-29 11:24:19] ---- FROM  ::1 (WinNT)
[2019-08-29 11:24:19] ---- BROWSER:  Chrome 76.0 (Mozilla/5.0 (Windows NT 10.0; Win64; x64) AppleWebKit/537.36 (KHTML, like Gecko) Chrome/76.0.3809.100 Safari/537.36)
[2019-08-29 11:24:19] ---- CONTENT: {data : "<?xml version='1.0' encoding='utf-8' ?><Request ID='20190829112419894'><General><Token>61111131252223224013000011333653</Token></General><Data></Data></Request>"}
[2019-08-29 11:24:19] 200 - OK - application/json
[2019-08-29 11:24:31] REQUEST POST - https://localhost:8082/public/ws/Economics.asmx/messaggi_summary
[2019-08-29 11:24:31] ---- FROM  ::1 (WinNT)
[2019-08-29 11:24:31] ---- BROWSER:  Chrome 76.0 (Mozilla/5.0 (Windows NT 10.0; Win64; x64) AppleWebKit/537.36 (KHTML, like Gecko) Chrome/76.0.3809.100 Safari/537.36)
[2019-08-29 11:24:31] ---- CONTENT: {data : "<?xml version='1.0' encoding='utf-8' ?><Request ID='20190829112431178'><General><Token>61111131252223224013000011333653</Token></General><Data></Data></Request>"}
[2019-08-29 11:24:31] 200 - OK - application/json
[2019-08-29 11:24:31] REQUEST POST - https://localhost:8082/public/ws/Config.asmx/All_Get
[2019-08-29 11:24:31] ---- FROM  ::1 (WinNT)
[2019-08-29 11:24:31] ---- BROWSER:  Chrome 76.0 (Mozilla/5.0 (Windows NT 10.0; Win64; x64) AppleWebKit/537.36 (KHTML, like Gecko) Chrome/76.0.3809.100 Safari/537.36)
[2019-08-29 11:24:31] ---- CONTENT: {data : "<?xml version='1.0' encoding='utf-8' ?><Request ID='20190829112431269'><General><Token>61111131252223224013000011333653</Token></General><Data></Data></Request>"}
[2019-08-29 11:24:31] 200 - OK - application/json
[2019-08-29 11:24:31] REQUEST POST - https://localhost:8082/public/ws/Config.asmx/All_Get
[2019-08-29 11:24:31] ---- FROM  ::1 (WinNT)
[2019-08-29 11:24:31] ---- BROWSER:  Chrome 76.0 (Mozilla/5.0 (Windows NT 10.0; Win64; x64) AppleWebKit/537.36 (KHTML, like Gecko) Chrome/76.0.3809.100 Safari/537.36)
[2019-08-29 11:24:31] ---- CONTENT: {data : "<?xml version='1.0' encoding='utf-8' ?><Request ID='20190829112431442'><General><Token>61111131252223224013000011333653</Token></General><Data></Data></Request>"}
[2019-08-29 11:24:31] 200 - OK - application/json
[2019-08-29 11:32:33] REQUEST GET - https://localhost:8082/public/aspx/Home.aspx?Token=61111131252223224013000011333653&TokenApiRest=eyJ0eXAiOiJKV1QiLCJhbGciOiJIUzI1NiJ9.eyJpc3MiOiJodHRwczpcL1wvd3d3cy5kZXYteWVhcC5pdCIsImlhdCI6MTU0MjI5NDMyMSwibmJmIjoxNTQyMjk0MzIxLCJleHAiOjE1NDI4OTkxMjEsImRhdGEiOnsidXNlciI6eyJpZCI6IjQ0In19fQ.RCP5OeoGASxAyBw1MbMD4BFJAcDM5JIXqYXKBALZcJI&Logo=https://localhost:8082/scratch/pl_logo.png&Title=Business Plan Test nr. 2
[2019-08-29 11:32:33] ---- FROM  ::1 (WinNT)
[2019-08-29 11:32:33] ---- BROWSER:  Chrome 76.0 (Mozilla/5.0 (Windows NT 10.0; Win64; x64) AppleWebKit/537.36 (KHTML, like Gecko) Chrome/76.0.3809.100 Safari/537.36)
[2019-08-29 11:32:33] 302 - Found - text/html
[2019-08-29 11:32:33] REQUEST GET - https://localhost:8082/home/welcome?Token=61111131252223224013000011333653&TokenApiRest=eyJ0eXAiOiJKV1QiLCJhbGciOiJIUzI1NiJ9.eyJpc3MiOiJodHRwczpcL1wvd3d3cy5kZXYteWVhcC5pdCIsImlhdCI6MTU0MjI5NDMyMSwibmJmIjoxNTQyMjk0MzIxLCJleHAiOjE1NDI4OTkxMjEsImRhdGEiOnsidXNlciI6eyJpZCI6IjQ0In19fQ.RCP5OeoGASxAyBw1MbMD4BFJAcDM5JIXqYXKBALZcJI&Logo=https://localhost:8082/scratch/pl_logo.png&Title=Business Plan Test nr. 2
[2019-08-29 11:32:33] ---- FROM  ::1 (WinNT)
[2019-08-29 11:32:33] ---- BROWSER:  Chrome 76.0 (Mozilla/5.0 (Windows NT 10.0; Win64; x64) AppleWebKit/537.36 (KHTML, like Gecko) Chrome/76.0.3809.100 Safari/537.36)
[2019-08-29 11:32:33] 200 - OK - text/html
[2019-08-29 11:32:34] REQUEST POST - https://localhost:8082/public/ws/General.asmx/Set
[2019-08-29 11:32:34] ---- FROM  ::1 (WinNT)
[2019-08-29 11:32:34] ---- BROWSER:  Chrome 76.0 (Mozilla/5.0 (Windows NT 10.0; Win64; x64) AppleWebKit/537.36 (KHTML, like Gecko) Chrome/76.0.3809.100 Safari/537.36)
[2019-08-29 11:32:34] ---- CONTENT: {data : "<?xml version='1.0' encoding='utf-8' ?><Request ID='20190829113234357'><General><Token>61111131252223224013000011333653</Token></General><Data><Nome>Business Plan Test nr. 2</Nome><Logo>https%3A%2F%2Flocalhost%3A8082%2Fscratch%2Fpl_logo.png</Logo></Data></Request>"}
[2019-08-29 11:32:34] 200 - OK - application/json
[2019-08-29 11:32:34] REQUEST POST - https://localhost:8082/public/ws/Config.asmx/Economics_Get
[2019-08-29 11:32:34] ---- FROM  ::1 (WinNT)
[2019-08-29 11:32:34] ---- BROWSER:  Chrome 76.0 (Mozilla/5.0 (Windows NT 10.0; Win64; x64) AppleWebKit/537.36 (KHTML, like Gecko) Chrome/76.0.3809.100 Safari/537.36)
[2019-08-29 11:32:34] ---- CONTENT: {data : "<?xml version='1.0' encoding='utf-8' ?><Request ID='20190829113234420'><General><Token>61111131252223224013000011333653</Token></General><Data></Data></Request>"}
[2019-08-29 11:32:34] 200 - OK - application/json
[2019-08-29 11:32:36] REQUEST POST - https://localhost:8082/public/ws/Config.asmx/All_Get
[2019-08-29 11:32:36] ---- FROM  ::1 (WinNT)
[2019-08-29 11:32:36] ---- BROWSER:  Chrome 76.0 (Mozilla/5.0 (Windows NT 10.0; Win64; x64) AppleWebKit/537.36 (KHTML, like Gecko) Chrome/76.0.3809.100 Safari/537.36)
[2019-08-29 11:32:36] ---- CONTENT: {data : "<?xml version='1.0' encoding='utf-8' ?><Request ID='20190829113236732'><General><Token>61111131252223224013000011333653</Token></General><Data></Data></Request>"}
[2019-08-29 11:32:36] 200 - OK - application/json
[2019-08-29 11:32:36] REQUEST POST - https://localhost:8082/public/ws/Config.asmx/All_Get
[2019-08-29 11:32:36] ---- FROM  ::1 (WinNT)
[2019-08-29 11:32:36] ---- BROWSER:  Chrome 76.0 (Mozilla/5.0 (Windows NT 10.0; Win64; x64) AppleWebKit/537.36 (KHTML, like Gecko) Chrome/76.0.3809.100 Safari/537.36)
[2019-08-29 11:32:36] ---- CONTENT: {data : "<?xml version='1.0' encoding='utf-8' ?><Request ID='20190829113236893'><General><Token>61111131252223224013000011333653</Token></General><Data></Data></Request>"}
[2019-08-29 11:32:36] 200 - OK - application/json
[2019-08-29 11:32:39] REQUEST POST - https://localhost:8082/public/ws/Economics.asmx/messaggi_summary
[2019-08-29 11:32:39] ---- FROM  ::1 (WinNT)
[2019-08-29 11:32:39] ---- BROWSER:  Chrome 76.0 (Mozilla/5.0 (Windows NT 10.0; Win64; x64) AppleWebKit/537.36 (KHTML, like Gecko) Chrome/76.0.3809.100 Safari/537.36)
[2019-08-29 11:32:39] ---- CONTENT: {data : "<?xml version='1.0' encoding='utf-8' ?><Request ID='20190829113239804'><General><Token>61111131252223224013000011333653</Token></General><Data></Data></Request>"}
[2019-08-29 11:32:39] 200 - OK - application/json
[2019-08-29 11:32:39] REQUEST POST - https://localhost:8082/public/ws/Config.asmx/All_Get
[2019-08-29 11:32:39] ---- FROM  ::1 (WinNT)
[2019-08-29 11:32:39] ---- BROWSER:  Chrome 76.0 (Mozilla/5.0 (Windows NT 10.0; Win64; x64) AppleWebKit/537.36 (KHTML, like Gecko) Chrome/76.0.3809.100 Safari/537.36)
[2019-08-29 11:32:39] ---- CONTENT: {data : "<?xml version='1.0' encoding='utf-8' ?><Request ID='20190829113239884'><General><Token>61111131252223224013000011333653</Token></General><Data></Data></Request>"}
[2019-08-29 11:32:39] 200 - OK - application/json
[2019-08-29 11:35:50] REQUEST GET - https://localhost:8082/public/aspx/Home.aspx?Token=61111131252223224013000011333653&TokenApiRest=eyJ0eXAiOiJKV1QiLCJhbGciOiJIUzI1NiJ9.eyJpc3MiOiJodHRwczpcL1wvd3d3cy5kZXYteWVhcC5pdCIsImlhdCI6MTU0MjI5NDMyMSwibmJmIjoxNTQyMjk0MzIxLCJleHAiOjE1NDI4OTkxMjEsImRhdGEiOnsidXNlciI6eyJpZCI6IjQ0In19fQ.RCP5OeoGASxAyBw1MbMD4BFJAcDM5JIXqYXKBALZcJI&Logo=https://localhost:8082/scratch/pl_logo.png&Title=Business Plan Test nr. 2
[2019-08-29 11:35:50] ---- FROM  ::1 (WinNT)
[2019-08-29 11:35:50] ---- BROWSER:  Chrome 76.0 (Mozilla/5.0 (Windows NT 10.0; Win64; x64) AppleWebKit/537.36 (KHTML, like Gecko) Chrome/76.0.3809.100 Safari/537.36)
[2019-08-29 11:35:51] 302 - Found - text/html
[2019-08-29 11:35:51] REQUEST GET - https://localhost:8082/home/welcome?Token=61111131252223224013000011333653&TokenApiRest=eyJ0eXAiOiJKV1QiLCJhbGciOiJIUzI1NiJ9.eyJpc3MiOiJodHRwczpcL1wvd3d3cy5kZXYteWVhcC5pdCIsImlhdCI6MTU0MjI5NDMyMSwibmJmIjoxNTQyMjk0MzIxLCJleHAiOjE1NDI4OTkxMjEsImRhdGEiOnsidXNlciI6eyJpZCI6IjQ0In19fQ.RCP5OeoGASxAyBw1MbMD4BFJAcDM5JIXqYXKBALZcJI&Logo=https://localhost:8082/scratch/pl_logo.png&Title=Business Plan Test nr. 2
[2019-08-29 11:35:51] ---- FROM  ::1 (WinNT)
[2019-08-29 11:35:51] ---- BROWSER:  Chrome 76.0 (Mozilla/5.0 (Windows NT 10.0; Win64; x64) AppleWebKit/537.36 (KHTML, like Gecko) Chrome/76.0.3809.100 Safari/537.36)
[2019-08-29 11:35:51] 200 - OK - text/html
[2019-08-29 11:35:52] REQUEST POST - https://localhost:8082/public/ws/General.asmx/Set
[2019-08-29 11:35:52] ---- FROM  ::1 (WinNT)
[2019-08-29 11:35:52] ---- BROWSER:  Chrome 76.0 (Mozilla/5.0 (Windows NT 10.0; Win64; x64) AppleWebKit/537.36 (KHTML, like Gecko) Chrome/76.0.3809.100 Safari/537.36)
[2019-08-29 11:35:52] ---- CONTENT: {data : "<?xml version='1.0' encoding='utf-8' ?><Request ID='20190829113552342'><General><Token>61111131252223224013000011333653</Token></General><Data><Nome>Business Plan Test nr. 2</Nome><Logo>https%3A%2F%2Flocalhost%3A8082%2Fscratch%2Fpl_logo.png</Logo></Data></Request>"}
[2019-08-29 11:35:52] 200 - OK - application/json
[2019-08-29 11:35:52] REQUEST POST - https://localhost:8082/public/ws/Config.asmx/Economics_Get
[2019-08-29 11:35:52] ---- FROM  ::1 (WinNT)
[2019-08-29 11:35:52] ---- BROWSER:  Chrome 76.0 (Mozilla/5.0 (Windows NT 10.0; Win64; x64) AppleWebKit/537.36 (KHTML, like Gecko) Chrome/76.0.3809.100 Safari/537.36)
[2019-08-29 11:35:52] ---- CONTENT: {data : "<?xml version='1.0' encoding='utf-8' ?><Request ID='20190829113552633'><General><Token>61111131252223224013000011333653</Token></General><Data></Data></Request>"}
[2019-08-29 11:35:52] 200 - OK - application/json
[2019-08-29 11:35:54] REQUEST POST - https://localhost:8082/public/ws/Config.asmx/All_Get
[2019-08-29 11:35:54] ---- FROM  ::1 (WinNT)
[2019-08-29 11:35:54] ---- BROWSER:  Chrome 76.0 (Mozilla/5.0 (Windows NT 10.0; Win64; x64) AppleWebKit/537.36 (KHTML, like Gecko) Chrome/76.0.3809.100 Safari/537.36)
[2019-08-29 11:35:54] ---- CONTENT: {data : "<?xml version='1.0' encoding='utf-8' ?><Request ID='20190829113554611'><General><Token>61111131252223224013000011333653</Token></General><Data></Data></Request>"}
[2019-08-29 11:35:54] 200 - OK - application/json
[2019-08-29 11:35:54] REQUEST POST - https://localhost:8082/public/ws/Config.asmx/All_Get
[2019-08-29 11:35:54] ---- FROM  ::1 (WinNT)
[2019-08-29 11:35:54] ---- BROWSER:  Chrome 76.0 (Mozilla/5.0 (Windows NT 10.0; Win64; x64) AppleWebKit/537.36 (KHTML, like Gecko) Chrome/76.0.3809.100 Safari/537.36)
[2019-08-29 11:35:54] ---- CONTENT: {data : "<?xml version='1.0' encoding='utf-8' ?><Request ID='20190829113554885'><General><Token>61111131252223224013000011333653</Token></General><Data></Data></Request>"}
[2019-08-29 11:35:54] 200 - OK - application/json
[2019-08-29 11:35:58] REQUEST POST - https://localhost:8082/public/ws/Economics.asmx/messaggi_summary
[2019-08-29 11:35:58] ---- FROM  ::1 (WinNT)
[2019-08-29 11:35:58] ---- BROWSER:  Chrome 76.0 (Mozilla/5.0 (Windows NT 10.0; Win64; x64) AppleWebKit/537.36 (KHTML, like Gecko) Chrome/76.0.3809.100 Safari/537.36)
[2019-08-29 11:35:58] ---- CONTENT: {data : "<?xml version='1.0' encoding='utf-8' ?><Request ID='20190829113558842'><General><Token>61111131252223224013000011333653</Token></General><Data></Data></Request>"}
[2019-08-29 11:35:58] 200 - OK - application/json
[2019-08-29 11:35:58] REQUEST POST - https://localhost:8082/public/ws/Config.asmx/All_Get
[2019-08-29 11:35:58] ---- FROM  ::1 (WinNT)
[2019-08-29 11:35:58] ---- BROWSER:  Chrome 76.0 (Mozilla/5.0 (Windows NT 10.0; Win64; x64) AppleWebKit/537.36 (KHTML, like Gecko) Chrome/76.0.3809.100 Safari/537.36)
[2019-08-29 11:35:58] ---- CONTENT: {data : "<?xml version='1.0' encoding='utf-8' ?><Request ID='20190829113558905'><General><Token>61111131252223224013000011333653</Token></General><Data></Data></Request>"}
[2019-08-29 11:35:58] 200 - OK - application/json
[2019-08-29 11:36:55] REQUEST GET - https://localhost:8082/public/aspx/Home.aspx?Token=61111131252223224013000011333653&TokenApiRest=eyJ0eXAiOiJKV1QiLCJhbGciOiJIUzI1NiJ9.eyJpc3MiOiJodHRwczpcL1wvd3d3cy5kZXYteWVhcC5pdCIsImlhdCI6MTU0MjI5NDMyMSwibmJmIjoxNTQyMjk0MzIxLCJleHAiOjE1NDI4OTkxMjEsImRhdGEiOnsidXNlciI6eyJpZCI6IjQ0In19fQ.RCP5OeoGASxAyBw1MbMD4BFJAcDM5JIXqYXKBALZcJI&Logo=https://localhost:8082/scratch/pl_logo.png&Title=Business Plan Test nr. 2
[2019-08-29 11:36:55] ---- FROM  ::1 (WinNT)
[2019-08-29 11:36:55] ---- BROWSER:  Chrome 76.0 (Mozilla/5.0 (Windows NT 10.0; Win64; x64) AppleWebKit/537.36 (KHTML, like Gecko) Chrome/76.0.3809.100 Safari/537.36)
[2019-08-29 11:36:55] 302 - Found - text/html
[2019-08-29 11:36:55] REQUEST GET - https://localhost:8082/home/welcome?Token=61111131252223224013000011333653&TokenApiRest=eyJ0eXAiOiJKV1QiLCJhbGciOiJIUzI1NiJ9.eyJpc3MiOiJodHRwczpcL1wvd3d3cy5kZXYteWVhcC5pdCIsImlhdCI6MTU0MjI5NDMyMSwibmJmIjoxNTQyMjk0MzIxLCJleHAiOjE1NDI4OTkxMjEsImRhdGEiOnsidXNlciI6eyJpZCI6IjQ0In19fQ.RCP5OeoGASxAyBw1MbMD4BFJAcDM5JIXqYXKBALZcJI&Logo=https://localhost:8082/scratch/pl_logo.png&Title=Business Plan Test nr. 2
[2019-08-29 11:36:55] ---- FROM  ::1 (WinNT)
[2019-08-29 11:36:55] ---- BROWSER:  Chrome 76.0 (Mozilla/5.0 (Windows NT 10.0; Win64; x64) AppleWebKit/537.36 (KHTML, like Gecko) Chrome/76.0.3809.100 Safari/537.36)
[2019-08-29 11:36:55] 200 - OK - text/html
[2019-08-29 11:36:56] REQUEST POST - https://localhost:8082/public/ws/General.asmx/Set
[2019-08-29 11:36:56] ---- FROM  ::1 (WinNT)
[2019-08-29 11:36:56] ---- BROWSER:  Chrome 76.0 (Mozilla/5.0 (Windows NT 10.0; Win64; x64) AppleWebKit/537.36 (KHTML, like Gecko) Chrome/76.0.3809.100 Safari/537.36)
[2019-08-29 11:36:56] ---- CONTENT: {data : "<?xml version='1.0' encoding='utf-8' ?><Request ID='20190829113656541'><General><Token>61111131252223224013000011333653</Token></General><Data><Nome>Business Plan Test nr. 2</Nome><Logo>https%3A%2F%2Flocalhost%3A8082%2Fscratch%2Fpl_logo.png</Logo></Data></Request>"}
[2019-08-29 11:36:56] 200 - OK - application/json
[2019-08-29 11:36:56] REQUEST POST - https://localhost:8082/public/ws/Config.asmx/Economics_Get
[2019-08-29 11:36:56] ---- FROM  ::1 (WinNT)
[2019-08-29 11:36:56] ---- BROWSER:  Chrome 76.0 (Mozilla/5.0 (Windows NT 10.0; Win64; x64) AppleWebKit/537.36 (KHTML, like Gecko) Chrome/76.0.3809.100 Safari/537.36)
[2019-08-29 11:36:56] ---- CONTENT: {data : "<?xml version='1.0' encoding='utf-8' ?><Request ID='20190829113656591'><General><Token>61111131252223224013000011333653</Token></General><Data></Data></Request>"}
[2019-08-29 11:36:56] 200 - OK - application/json
[2019-08-29 11:36:58] REQUEST POST - https://localhost:8082/public/ws/Config.asmx/All_Get
[2019-08-29 11:36:58] ---- FROM  ::1 (WinNT)
[2019-08-29 11:36:58] ---- BROWSER:  Chrome 76.0 (Mozilla/5.0 (Windows NT 10.0; Win64; x64) AppleWebKit/537.36 (KHTML, like Gecko) Chrome/76.0.3809.100 Safari/537.36)
[2019-08-29 11:36:58] ---- CONTENT: {data : "<?xml version='1.0' encoding='utf-8' ?><Request ID='20190829113658577'><General><Token>61111131252223224013000011333653</Token></General><Data></Data></Request>"}
[2019-08-29 11:36:58] 200 - OK - application/json
[2019-08-29 11:36:58] REQUEST POST - https://localhost:8082/public/ws/Config.asmx/All_Get
[2019-08-29 11:36:58] ---- FROM  ::1 (WinNT)
[2019-08-29 11:36:58] ---- BROWSER:  Chrome 76.0 (Mozilla/5.0 (Windows NT 10.0; Win64; x64) AppleWebKit/537.36 (KHTML, like Gecko) Chrome/76.0.3809.100 Safari/537.36)
[2019-08-29 11:36:58] ---- CONTENT: {data : "<?xml version='1.0' encoding='utf-8' ?><Request ID='20190829113658788'><General><Token>61111131252223224013000011333653</Token></General><Data></Data></Request>"}
[2019-08-29 11:36:58] 200 - OK - application/json
[2019-08-29 11:37:01] REQUEST POST - https://localhost:8082/public/ws/Economics.asmx/messaggi_summary
[2019-08-29 11:37:01] ---- FROM  ::1 (WinNT)
[2019-08-29 11:37:01] ---- BROWSER:  Chrome 76.0 (Mozilla/5.0 (Windows NT 10.0; Win64; x64) AppleWebKit/537.36 (KHTML, like Gecko) Chrome/76.0.3809.100 Safari/537.36)
[2019-08-29 11:37:01] ---- CONTENT: {data : "<?xml version='1.0' encoding='utf-8' ?><Request ID='20190829113701822'><General><Token>61111131252223224013000011333653</Token></General><Data></Data></Request>"}
[2019-08-29 11:37:01] 200 - OK - application/json
[2019-08-29 11:37:01] REQUEST POST - https://localhost:8082/public/ws/Config.asmx/All_Get
[2019-08-29 11:37:01] ---- FROM  ::1 (WinNT)
[2019-08-29 11:37:01] ---- BROWSER:  Chrome 76.0 (Mozilla/5.0 (Windows NT 10.0; Win64; x64) AppleWebKit/537.36 (KHTML, like Gecko) Chrome/76.0.3809.100 Safari/537.36)
[2019-08-29 11:37:01] ---- CONTENT: {data : "<?xml version='1.0' encoding='utf-8' ?><Request ID='20190829113701916'><General><Token>61111131252223224013000011333653</Token></General><Data></Data></Request>"}
[2019-08-29 11:37:01] 200 - OK - application/json
[2019-08-29 11:40:16] REQUEST GET - https://localhost:8082/public/aspx/Home.aspx?Token=61111131252223224013000011333653&TokenApiRest=eyJ0eXAiOiJKV1QiLCJhbGciOiJIUzI1NiJ9.eyJpc3MiOiJodHRwczpcL1wvd3d3cy5kZXYteWVhcC5pdCIsImlhdCI6MTU0MjI5NDMyMSwibmJmIjoxNTQyMjk0MzIxLCJleHAiOjE1NDI4OTkxMjEsImRhdGEiOnsidXNlciI6eyJpZCI6IjQ0In19fQ.RCP5OeoGASxAyBw1MbMD4BFJAcDM5JIXqYXKBALZcJI&Logo=https://localhost:8082/scratch/pl_logo.png&Title=Business Plan Test nr. 2
[2019-08-29 11:40:16] ---- FROM  ::1 (WinNT)
[2019-08-29 11:40:16] ---- BROWSER:  Chrome 76.0 (Mozilla/5.0 (Windows NT 10.0; Win64; x64) AppleWebKit/537.36 (KHTML, like Gecko) Chrome/76.0.3809.100 Safari/537.36)
[2019-08-29 11:40:16] 302 - Found - text/html
[2019-08-29 11:40:16] REQUEST GET - https://localhost:8082/home/welcome?Token=61111131252223224013000011333653&TokenApiRest=eyJ0eXAiOiJKV1QiLCJhbGciOiJIUzI1NiJ9.eyJpc3MiOiJodHRwczpcL1wvd3d3cy5kZXYteWVhcC5pdCIsImlhdCI6MTU0MjI5NDMyMSwibmJmIjoxNTQyMjk0MzIxLCJleHAiOjE1NDI4OTkxMjEsImRhdGEiOnsidXNlciI6eyJpZCI6IjQ0In19fQ.RCP5OeoGASxAyBw1MbMD4BFJAcDM5JIXqYXKBALZcJI&Logo=https://localhost:8082/scratch/pl_logo.png&Title=Business Plan Test nr. 2
[2019-08-29 11:40:16] ---- FROM  ::1 (WinNT)
[2019-08-29 11:40:16] ---- BROWSER:  Chrome 76.0 (Mozilla/5.0 (Windows NT 10.0; Win64; x64) AppleWebKit/537.36 (KHTML, like Gecko) Chrome/76.0.3809.100 Safari/537.36)
[2019-08-29 11:40:16] 200 - OK - text/html
[2019-08-29 11:40:17] REQUEST POST - https://localhost:8082/public/ws/General.asmx/Set
[2019-08-29 11:40:17] ---- FROM  ::1 (WinNT)
[2019-08-29 11:40:17] ---- BROWSER:  Chrome 76.0 (Mozilla/5.0 (Windows NT 10.0; Win64; x64) AppleWebKit/537.36 (KHTML, like Gecko) Chrome/76.0.3809.100 Safari/537.36)
[2019-08-29 11:40:17] ---- CONTENT: {data : "<?xml version='1.0' encoding='utf-8' ?><Request ID='20190829114017556'><General><Token>61111131252223224013000011333653</Token></General><Data><Nome>Business Plan Test nr. 2</Nome><Logo>https%3A%2F%2Flocalhost%3A8082%2Fscratch%2Fpl_logo.png</Logo></Data></Request>"}
[2019-08-29 11:40:17] 200 - OK - application/json
[2019-08-29 11:40:17] REQUEST POST - https://localhost:8082/public/ws/Config.asmx/Economics_Get
[2019-08-29 11:40:17] ---- FROM  ::1 (WinNT)
[2019-08-29 11:40:17] ---- BROWSER:  Chrome 76.0 (Mozilla/5.0 (Windows NT 10.0; Win64; x64) AppleWebKit/537.36 (KHTML, like Gecko) Chrome/76.0.3809.100 Safari/537.36)
[2019-08-29 11:40:17] ---- CONTENT: {data : "<?xml version='1.0' encoding='utf-8' ?><Request ID='20190829114017600'><General><Token>61111131252223224013000011333653</Token></General><Data></Data></Request>"}
[2019-08-29 11:40:17] 200 - OK - application/json
[2019-08-29 11:40:19] REQUEST POST - https://localhost:8082/public/ws/Config.asmx/All_Get
[2019-08-29 11:40:19] ---- FROM  ::1 (WinNT)
[2019-08-29 11:40:19] ---- BROWSER:  Chrome 76.0 (Mozilla/5.0 (Windows NT 10.0; Win64; x64) AppleWebKit/537.36 (KHTML, like Gecko) Chrome/76.0.3809.100 Safari/537.36)
[2019-08-29 11:40:19] ---- CONTENT: {data : "<?xml version='1.0' encoding='utf-8' ?><Request ID='20190829114019631'><General><Token>61111131252223224013000011333653</Token></General><Data></Data></Request>"}
[2019-08-29 11:40:19] 200 - OK - application/json
[2019-08-29 11:40:19] REQUEST POST - https://localhost:8082/public/ws/Config.asmx/All_Get
[2019-08-29 11:40:19] ---- FROM  ::1 (WinNT)
[2019-08-29 11:40:19] ---- BROWSER:  Chrome 76.0 (Mozilla/5.0 (Windows NT 10.0; Win64; x64) AppleWebKit/537.36 (KHTML, like Gecko) Chrome/76.0.3809.100 Safari/537.36)
[2019-08-29 11:40:19] ---- CONTENT: {data : "<?xml version='1.0' encoding='utf-8' ?><Request ID='20190829114019796'><General><Token>61111131252223224013000011333653</Token></General><Data></Data></Request>"}
[2019-08-29 11:40:19] 200 - OK - application/json
[2019-08-29 11:40:22] REQUEST POST - https://localhost:8082/public/ws/Economics.asmx/messaggi_summary
[2019-08-29 11:40:22] ---- FROM  ::1 (WinNT)
[2019-08-29 11:40:22] ---- BROWSER:  Chrome 76.0 (Mozilla/5.0 (Windows NT 10.0; Win64; x64) AppleWebKit/537.36 (KHTML, like Gecko) Chrome/76.0.3809.100 Safari/537.36)
[2019-08-29 11:40:22] ---- CONTENT: {data : "<?xml version='1.0' encoding='utf-8' ?><Request ID='2019082911402293'><General><Token>61111131252223224013000011333653</Token></General><Data></Data></Request>"}
[2019-08-29 11:40:22] 200 - OK - application/json
[2019-08-29 11:40:22] REQUEST POST - https://localhost:8082/public/ws/Config.asmx/All_Get
[2019-08-29 11:40:22] ---- FROM  ::1 (WinNT)
[2019-08-29 11:40:22] ---- BROWSER:  Chrome 76.0 (Mozilla/5.0 (Windows NT 10.0; Win64; x64) AppleWebKit/537.36 (KHTML, like Gecko) Chrome/76.0.3809.100 Safari/537.36)
[2019-08-29 11:40:22] ---- CONTENT: {data : "<?xml version='1.0' encoding='utf-8' ?><Request ID='20190829114022173'><General><Token>61111131252223224013000011333653</Token></General><Data></Data></Request>"}
[2019-08-29 11:40:22] 200 - OK - application/json
[2019-08-29 11:40:36] REQUEST GET - https://localhost:8082/public/aspx/Home.aspx?Token=61111131252223224013000011333653&TokenApiRest=eyJ0eXAiOiJKV1QiLCJhbGciOiJIUzI1NiJ9.eyJpc3MiOiJodHRwczpcL1wvd3d3cy5kZXYteWVhcC5pdCIsImlhdCI6MTU0MjI5NDMyMSwibmJmIjoxNTQyMjk0MzIxLCJleHAiOjE1NDI4OTkxMjEsImRhdGEiOnsidXNlciI6eyJpZCI6IjQ0In19fQ.RCP5OeoGASxAyBw1MbMD4BFJAcDM5JIXqYXKBALZcJI&Logo=https://localhost:8082/scratch/pl_logo.png&Title=Business Plan Test nr. 2
[2019-08-29 11:40:36] ---- FROM  ::1 (WinNT)
[2019-08-29 11:40:36] ---- BROWSER:  Chrome 76.0 (Mozilla/5.0 (Windows NT 10.0; Win64; x64) AppleWebKit/537.36 (KHTML, like Gecko) Chrome/76.0.3809.100 Safari/537.36)
[2019-08-29 11:40:36] 302 - Found - text/html
[2019-08-29 11:40:36] REQUEST GET - https://localhost:8082/home/welcome?Token=61111131252223224013000011333653&TokenApiRest=eyJ0eXAiOiJKV1QiLCJhbGciOiJIUzI1NiJ9.eyJpc3MiOiJodHRwczpcL1wvd3d3cy5kZXYteWVhcC5pdCIsImlhdCI6MTU0MjI5NDMyMSwibmJmIjoxNTQyMjk0MzIxLCJleHAiOjE1NDI4OTkxMjEsImRhdGEiOnsidXNlciI6eyJpZCI6IjQ0In19fQ.RCP5OeoGASxAyBw1MbMD4BFJAcDM5JIXqYXKBALZcJI&Logo=https://localhost:8082/scratch/pl_logo.png&Title=Business Plan Test nr. 2
[2019-08-29 11:40:36] ---- FROM  ::1 (WinNT)
[2019-08-29 11:40:36] ---- BROWSER:  Chrome 76.0 (Mozilla/5.0 (Windows NT 10.0; Win64; x64) AppleWebKit/537.36 (KHTML, like Gecko) Chrome/76.0.3809.100 Safari/537.36)
[2019-08-29 11:40:36] 200 - OK - text/html
[2019-08-29 11:40:38] REQUEST POST - https://localhost:8082/public/ws/General.asmx/Set
[2019-08-29 11:40:38] ---- FROM  ::1 (WinNT)
[2019-08-29 11:40:38] ---- BROWSER:  Chrome 76.0 (Mozilla/5.0 (Windows NT 10.0; Win64; x64) AppleWebKit/537.36 (KHTML, like Gecko) Chrome/76.0.3809.100 Safari/537.36)
[2019-08-29 11:40:38] ---- CONTENT: {data : "<?xml version='1.0' encoding='utf-8' ?><Request ID='20190829114038553'><General><Token>61111131252223224013000011333653</Token></General><Data><Nome>Business Plan Test nr. 2</Nome><Logo>https%3A%2F%2Flocalhost%3A8082%2Fscratch%2Fpl_logo.png</Logo></Data></Request>"}
[2019-08-29 11:40:38] 200 - OK - application/json
[2019-08-29 11:40:38] REQUEST POST - https://localhost:8082/public/ws/Config.asmx/Economics_Get
[2019-08-29 11:40:38] ---- FROM  ::1 (WinNT)
[2019-08-29 11:40:38] ---- BROWSER:  Chrome 76.0 (Mozilla/5.0 (Windows NT 10.0; Win64; x64) AppleWebKit/537.36 (KHTML, like Gecko) Chrome/76.0.3809.100 Safari/537.36)
[2019-08-29 11:40:38] ---- CONTENT: {data : "<?xml version='1.0' encoding='utf-8' ?><Request ID='20190829114038578'><General><Token>61111131252223224013000011333653</Token></General><Data></Data></Request>"}
[2019-08-29 11:40:38] 200 - OK - application/json
[2019-08-29 11:40:40] REQUEST POST - https://localhost:8082/public/ws/Config.asmx/All_Get
[2019-08-29 11:40:40] ---- FROM  ::1 (WinNT)
[2019-08-29 11:40:40] ---- BROWSER:  Chrome 76.0 (Mozilla/5.0 (Windows NT 10.0; Win64; x64) AppleWebKit/537.36 (KHTML, like Gecko) Chrome/76.0.3809.100 Safari/537.36)
[2019-08-29 11:40:40] ---- CONTENT: {data : "<?xml version='1.0' encoding='utf-8' ?><Request ID='20190829114040294'><General><Token>61111131252223224013000011333653</Token></General><Data></Data></Request>"}
[2019-08-29 11:40:40] 200 - OK - application/json
[2019-08-29 11:40:43] REQUEST POST - https://localhost:8082/public/ws/Economics.asmx/messaggi_summary
[2019-08-29 11:40:43] ---- FROM  ::1 (WinNT)
[2019-08-29 11:40:43] ---- BROWSER:  Chrome 76.0 (Mozilla/5.0 (Windows NT 10.0; Win64; x64) AppleWebKit/537.36 (KHTML, like Gecko) Chrome/76.0.3809.100 Safari/537.36)
[2019-08-29 11:40:43] ---- CONTENT: {data : "<?xml version='1.0' encoding='utf-8' ?><Request ID='20190829114043361'><General><Token>61111131252223224013000011333653</Token></General><Data></Data></Request>"}
[2019-08-29 11:40:43] 200 - OK - application/json
[2019-08-29 11:40:43] REQUEST POST - https://localhost:8082/public/ws/Config.asmx/All_Get
[2019-08-29 11:40:43] ---- FROM  ::1 (WinNT)
[2019-08-29 11:40:43] ---- BROWSER:  Chrome 76.0 (Mozilla/5.0 (Windows NT 10.0; Win64; x64) AppleWebKit/537.36 (KHTML, like Gecko) Chrome/76.0.3809.100 Safari/537.36)
[2019-08-29 11:40:43] ---- CONTENT: {data : "<?xml version='1.0' encoding='utf-8' ?><Request ID='20190829114043441'><General><Token>61111131252223224013000011333653</Token></General><Data></Data></Request>"}
[2019-08-29 11:40:43] 200 - OK - application/json
[2019-08-29 11:40:43] REQUEST POST - https://localhost:8082/public/ws/Config.asmx/All_Get
[2019-08-29 11:40:43] ---- FROM  ::1 (WinNT)
[2019-08-29 11:40:43] ---- BROWSER:  Chrome 76.0 (Mozilla/5.0 (Windows NT 10.0; Win64; x64) AppleWebKit/537.36 (KHTML, like Gecko) Chrome/76.0.3809.100 Safari/537.36)
[2019-08-29 11:40:43] ---- CONTENT: {data : "<?xml version='1.0' encoding='utf-8' ?><Request ID='20190829114043509'><General><Token>61111131252223224013000011333653</Token></General><Data></Data></Request>"}
[2019-08-29 11:40:43] 200 - OK - application/json
[2019-08-29 11:42:47] REQUEST GET - https://localhost:8082/public/aspx/Home.aspx?Token=61111131252223224013000011333653&TokenApiRest=eyJ0eXAiOiJKV1QiLCJhbGciOiJIUzI1NiJ9.eyJpc3MiOiJodHRwczpcL1wvd3d3cy5kZXYteWVhcC5pdCIsImlhdCI6MTU0MjI5NDMyMSwibmJmIjoxNTQyMjk0MzIxLCJleHAiOjE1NDI4OTkxMjEsImRhdGEiOnsidXNlciI6eyJpZCI6IjQ0In19fQ.RCP5OeoGASxAyBw1MbMD4BFJAcDM5JIXqYXKBALZcJI&Logo=https://localhost:8082/scratch/pl_logo.png&Title=Business Plan Test nr. 2
[2019-08-29 11:42:47] ---- FROM  ::1 (WinNT)
[2019-08-29 11:42:47] ---- BROWSER:  Chrome 76.0 (Mozilla/5.0 (Windows NT 10.0; Win64; x64) AppleWebKit/537.36 (KHTML, like Gecko) Chrome/76.0.3809.100 Safari/537.36)
[2019-08-29 11:42:47] 302 - Found - text/html
[2019-08-29 11:42:47] REQUEST GET - https://localhost:8082/home/welcome?Token=61111131252223224013000011333653&TokenApiRest=eyJ0eXAiOiJKV1QiLCJhbGciOiJIUzI1NiJ9.eyJpc3MiOiJodHRwczpcL1wvd3d3cy5kZXYteWVhcC5pdCIsImlhdCI6MTU0MjI5NDMyMSwibmJmIjoxNTQyMjk0MzIxLCJleHAiOjE1NDI4OTkxMjEsImRhdGEiOnsidXNlciI6eyJpZCI6IjQ0In19fQ.RCP5OeoGASxAyBw1MbMD4BFJAcDM5JIXqYXKBALZcJI&Logo=https://localhost:8082/scratch/pl_logo.png&Title=Business Plan Test nr. 2
[2019-08-29 11:42:47] ---- FROM  ::1 (WinNT)
[2019-08-29 11:42:47] ---- BROWSER:  Chrome 76.0 (Mozilla/5.0 (Windows NT 10.0; Win64; x64) AppleWebKit/537.36 (KHTML, like Gecko) Chrome/76.0.3809.100 Safari/537.36)
[2019-08-29 11:42:47] 200 - OK - text/html
[2019-08-29 11:42:48] REQUEST POST - https://localhost:8082/public/ws/General.asmx/Set
[2019-08-29 11:42:48] ---- FROM  ::1 (WinNT)
[2019-08-29 11:42:48] ---- BROWSER:  Chrome 76.0 (Mozilla/5.0 (Windows NT 10.0; Win64; x64) AppleWebKit/537.36 (KHTML, like Gecko) Chrome/76.0.3809.100 Safari/537.36)
[2019-08-29 11:42:48] ---- CONTENT: {data : "<?xml version='1.0' encoding='utf-8' ?><Request ID='20190829114248849'><General><Token>61111131252223224013000011333653</Token></General><Data><Nome>Business Plan Test nr. 2</Nome><Logo>https%3A%2F%2Flocalhost%3A8082%2Fscratch%2Fpl_logo.png</Logo></Data></Request>"}
[2019-08-29 11:42:48] 200 - OK - application/json
[2019-08-29 11:42:48] REQUEST POST - https://localhost:8082/public/ws/Config.asmx/Economics_Get
[2019-08-29 11:42:48] ---- FROM  ::1 (WinNT)
[2019-08-29 11:42:48] ---- BROWSER:  Chrome 76.0 (Mozilla/5.0 (Windows NT 10.0; Win64; x64) AppleWebKit/537.36 (KHTML, like Gecko) Chrome/76.0.3809.100 Safari/537.36)
[2019-08-29 11:42:48] ---- CONTENT: {data : "<?xml version='1.0' encoding='utf-8' ?><Request ID='20190829114248924'><General><Token>61111131252223224013000011333653</Token></General><Data></Data></Request>"}
[2019-08-29 11:42:48] 200 - OK - application/json
[2019-08-29 11:42:50] REQUEST POST - https://localhost:8082/public/ws/Config.asmx/All_Get
[2019-08-29 11:42:50] ---- FROM  ::1 (WinNT)
[2019-08-29 11:42:50] ---- BROWSER:  Chrome 76.0 (Mozilla/5.0 (Windows NT 10.0; Win64; x64) AppleWebKit/537.36 (KHTML, like Gecko) Chrome/76.0.3809.100 Safari/537.36)
[2019-08-29 11:42:50] ---- CONTENT: {data : "<?xml version='1.0' encoding='utf-8' ?><Request ID='20190829114250689'><General><Token>61111131252223224013000011333653</Token></General><Data></Data></Request>"}
[2019-08-29 11:42:50] 200 - OK - application/json
[2019-08-29 11:42:54] REQUEST POST - https://localhost:8082/public/ws/Economics.asmx/messaggi_summary
[2019-08-29 11:42:54] ---- FROM  ::1 (WinNT)
[2019-08-29 11:42:54] ---- BROWSER:  Chrome 76.0 (Mozilla/5.0 (Windows NT 10.0; Win64; x64) AppleWebKit/537.36 (KHTML, like Gecko) Chrome/76.0.3809.100 Safari/537.36)
[2019-08-29 11:42:54] ---- CONTENT: {data : "<?xml version='1.0' encoding='utf-8' ?><Request ID='20190829114254641'><General><Token>61111131252223224013000011333653</Token></General><Data></Data></Request>"}
[2019-08-29 11:42:54] 200 - OK - application/json
[2019-08-29 11:42:54] REQUEST POST - https://localhost:8082/public/ws/Config.asmx/All_Get
[2019-08-29 11:42:54] REQUEST POST - https://localhost:8082/public/ws/Config.asmx/All_Get
[2019-08-29 11:42:54] ---- FROM  ::1 (WinNT)
[2019-08-29 11:42:54] ---- BROWSER:  Chrome 76.0 (Mozilla/5.0 (Windows NT 10.0; Win64; x64) AppleWebKit/537.36 (KHTML, like Gecko) Chrome/76.0.3809.100 Safari/537.36)
[2019-08-29 11:42:54] ---- CONTENT: {data : "<?xml version='1.0' encoding='utf-8' ?><Request ID='20190829114254758'><General><Token>61111131252223224013000011333653</Token></General><Data></Data></Request>"}
[2019-08-29 11:42:54] ---- FROM  ::1 (WinNT)
[2019-08-29 11:42:54] ---- BROWSER:  Chrome 76.0 (Mozilla/5.0 (Windows NT 10.0; Win64; x64) AppleWebKit/537.36 (KHTML, like Gecko) Chrome/76.0.3809.100 Safari/537.36)
[2019-08-29 11:42:54] ---- CONTENT: {data : "<?xml version='1.0' encoding='utf-8' ?><Request ID='20190829114254722'><General><Token>61111131252223224013000011333653</Token></General><Data></Data></Request>"}
[2019-08-29 11:42:54] 200 - OK - application/json
[2019-08-29 11:42:54] 200 - OK - application/json
[2019-08-29 11:52:39] REQUEST GET - https://localhost:8082/public/aspx/Home.aspx?Token=61111131252223224013000011333653&TokenApiRest=eyJ0eXAiOiJKV1QiLCJhbGciOiJIUzI1NiJ9.eyJpc3MiOiJodHRwczpcL1wvd3d3cy5kZXYteWVhcC5pdCIsImlhdCI6MTU0MjI5NDMyMSwibmJmIjoxNTQyMjk0MzIxLCJleHAiOjE1NDI4OTkxMjEsImRhdGEiOnsidXNlciI6eyJpZCI6IjQ0In19fQ.RCP5OeoGASxAyBw1MbMD4BFJAcDM5JIXqYXKBALZcJI&Logo=https://localhost:8082/scratch/pl_logo.png&Title=Business Plan Test nr. 2
[2019-08-29 11:52:39] ---- FROM  ::1 (WinNT)
[2019-08-29 11:52:39] ---- BROWSER:  Chrome 76.0 (Mozilla/5.0 (Windows NT 10.0; Win64; x64) AppleWebKit/537.36 (KHTML, like Gecko) Chrome/76.0.3809.100 Safari/537.36)
[2019-08-29 11:52:39] 302 - Found - text/html
[2019-08-29 11:52:39] REQUEST GET - https://localhost:8082/home/welcome?Token=61111131252223224013000011333653&TokenApiRest=eyJ0eXAiOiJKV1QiLCJhbGciOiJIUzI1NiJ9.eyJpc3MiOiJodHRwczpcL1wvd3d3cy5kZXYteWVhcC5pdCIsImlhdCI6MTU0MjI5NDMyMSwibmJmIjoxNTQyMjk0MzIxLCJleHAiOjE1NDI4OTkxMjEsImRhdGEiOnsidXNlciI6eyJpZCI6IjQ0In19fQ.RCP5OeoGASxAyBw1MbMD4BFJAcDM5JIXqYXKBALZcJI&Logo=https://localhost:8082/scratch/pl_logo.png&Title=Business Plan Test nr. 2
[2019-08-29 11:52:39] ---- FROM  ::1 (WinNT)
[2019-08-29 11:52:39] ---- BROWSER:  Chrome 76.0 (Mozilla/5.0 (Windows NT 10.0; Win64; x64) AppleWebKit/537.36 (KHTML, like Gecko) Chrome/76.0.3809.100 Safari/537.36)
[2019-08-29 11:52:39] 200 - OK - text/html
[2019-08-29 11:52:41] REQUEST POST - https://localhost:8082/public/ws/General.asmx/Set
[2019-08-29 11:52:41] ---- FROM  ::1 (WinNT)
[2019-08-29 11:52:41] ---- BROWSER:  Chrome 76.0 (Mozilla/5.0 (Windows NT 10.0; Win64; x64) AppleWebKit/537.36 (KHTML, like Gecko) Chrome/76.0.3809.100 Safari/537.36)
[2019-08-29 11:52:41] ---- CONTENT: {data : "<?xml version='1.0' encoding='utf-8' ?><Request ID='20190829115241760'><General><Token>61111131252223224013000011333653</Token></General><Data><Nome>Business Plan Test nr. 2</Nome><Logo>https%3A%2F%2Flocalhost%3A8082%2Fscratch%2Fpl_logo.png</Logo></Data></Request>"}
[2019-08-29 11:52:41] 200 - OK - application/json
[2019-08-29 11:52:41] REQUEST POST - https://localhost:8082/public/ws/Config.asmx/Economics_Get
[2019-08-29 11:52:41] ---- FROM  ::1 (WinNT)
[2019-08-29 11:52:41] ---- BROWSER:  Chrome 76.0 (Mozilla/5.0 (Windows NT 10.0; Win64; x64) AppleWebKit/537.36 (KHTML, like Gecko) Chrome/76.0.3809.100 Safari/537.36)
[2019-08-29 11:52:41] ---- CONTENT: {data : "<?xml version='1.0' encoding='utf-8' ?><Request ID='20190829115241802'><General><Token>61111131252223224013000011333653</Token></General><Data></Data></Request>"}
[2019-08-29 11:52:41] 200 - OK - application/json
[2019-08-29 11:52:44] REQUEST POST - https://localhost:8082/public/ws/Config.asmx/All_Get
[2019-08-29 11:52:44] ---- FROM  ::1 (WinNT)
[2019-08-29 11:52:44] ---- BROWSER:  Chrome 76.0 (Mozilla/5.0 (Windows NT 10.0; Win64; x64) AppleWebKit/537.36 (KHTML, like Gecko) Chrome/76.0.3809.100 Safari/537.36)
[2019-08-29 11:52:44] ---- CONTENT: {data : "<?xml version='1.0' encoding='utf-8' ?><Request ID='2019082911524495'><General><Token>61111131252223224013000011333653</Token></General><Data></Data></Request>"}
[2019-08-29 11:52:44] 200 - OK - application/json
[2019-08-29 11:52:51] REQUEST POST - https://localhost:8082/public/ws/Economics.asmx/messaggi_summary
[2019-08-29 11:52:51] ---- FROM  ::1 (WinNT)
[2019-08-29 11:52:51] ---- BROWSER:  Chrome 76.0 (Mozilla/5.0 (Windows NT 10.0; Win64; x64) AppleWebKit/537.36 (KHTML, like Gecko) Chrome/76.0.3809.100 Safari/537.36)
[2019-08-29 11:52:51] ---- CONTENT: {data : "<?xml version='1.0' encoding='utf-8' ?><Request ID='20190829115251899'><General><Token>61111131252223224013000011333653</Token></General><Data></Data></Request>"}
[2019-08-29 11:52:51] 200 - OK - application/json
[2019-08-29 11:52:52] REQUEST POST - https://localhost:8082/public/ws/Config.asmx/All_Get
[2019-08-29 11:52:52] ---- FROM  ::1 (WinNT)
[2019-08-29 11:52:52] ---- BROWSER:  Chrome 76.0 (Mozilla/5.0 (Windows NT 10.0; Win64; x64) AppleWebKit/537.36 (KHTML, like Gecko) Chrome/76.0.3809.100 Safari/537.36)
[2019-08-29 11:52:52] ---- CONTENT: {data : "<?xml version='1.0' encoding='utf-8' ?><Request ID='2019082911525225'><General><Token>61111131252223224013000011333653</Token></General><Data></Data></Request>"}
[2019-08-29 11:52:52] REQUEST POST - https://localhost:8082/public/ws/Config.asmx/All_Get
[2019-08-29 11:52:52] ---- FROM  ::1 (WinNT)
[2019-08-29 11:52:52] ---- BROWSER:  Chrome 76.0 (Mozilla/5.0 (Windows NT 10.0; Win64; x64) AppleWebKit/537.36 (KHTML, like Gecko) Chrome/76.0.3809.100 Safari/537.36)
[2019-08-29 11:52:52] ---- CONTENT: {data : "<?xml version='1.0' encoding='utf-8' ?><Request ID='2019082911525284'><General><Token>61111131252223224013000011333653</Token></General><Data></Data></Request>"}
[2019-08-29 11:52:52] 200 - OK - application/json
[2019-08-29 11:52:52] 200 - OK - application/json
[2019-08-29 11:58:56] REQUEST GET - https://localhost:8082/public/aspx/Home.aspx?Token=61111131252223224013000011333653&TokenApiRest=eyJ0eXAiOiJKV1QiLCJhbGciOiJIUzI1NiJ9.eyJpc3MiOiJodHRwczpcL1wvd3d3cy5kZXYteWVhcC5pdCIsImlhdCI6MTU0MjI5NDMyMSwibmJmIjoxNTQyMjk0MzIxLCJleHAiOjE1NDI4OTkxMjEsImRhdGEiOnsidXNlciI6eyJpZCI6IjQ0In19fQ.RCP5OeoGASxAyBw1MbMD4BFJAcDM5JIXqYXKBALZcJI&Logo=https://localhost:8082/scratch/pl_logo.png&Title=Business Plan Test nr. 2
[2019-08-29 11:58:56] ---- FROM  ::1 (WinNT)
[2019-08-29 11:58:56] ---- BROWSER:  Chrome 76.0 (Mozilla/5.0 (Windows NT 10.0; Win64; x64) AppleWebKit/537.36 (KHTML, like Gecko) Chrome/76.0.3809.100 Safari/537.36)
[2019-08-29 11:58:56] 302 - Found - text/html
[2019-08-29 11:58:56] REQUEST GET - https://localhost:8082/home/welcome?Token=61111131252223224013000011333653&TokenApiRest=eyJ0eXAiOiJKV1QiLCJhbGciOiJIUzI1NiJ9.eyJpc3MiOiJodHRwczpcL1wvd3d3cy5kZXYteWVhcC5pdCIsImlhdCI6MTU0MjI5NDMyMSwibmJmIjoxNTQyMjk0MzIxLCJleHAiOjE1NDI4OTkxMjEsImRhdGEiOnsidXNlciI6eyJpZCI6IjQ0In19fQ.RCP5OeoGASxAyBw1MbMD4BFJAcDM5JIXqYXKBALZcJI&Logo=https://localhost:8082/scratch/pl_logo.png&Title=Business Plan Test nr. 2
[2019-08-29 11:58:56] ---- FROM  ::1 (WinNT)
[2019-08-29 11:58:56] ---- BROWSER:  Chrome 76.0 (Mozilla/5.0 (Windows NT 10.0; Win64; x64) AppleWebKit/537.36 (KHTML, like Gecko) Chrome/76.0.3809.100 Safari/537.36)
[2019-08-29 11:58:56] 200 - OK - text/html
[2019-08-29 11:58:59] REQUEST POST - https://localhost:8082/public/ws/General.asmx/Set
[2019-08-29 11:58:59] ---- FROM  ::1 (WinNT)
[2019-08-29 11:58:59] ---- BROWSER:  Chrome 76.0 (Mozilla/5.0 (Windows NT 10.0; Win64; x64) AppleWebKit/537.36 (KHTML, like Gecko) Chrome/76.0.3809.100 Safari/537.36)
[2019-08-29 11:58:59] ---- CONTENT: {data : "<?xml version='1.0' encoding='utf-8' ?><Request ID='20190829115859226'><General><Token>61111131252223224013000011333653</Token></General><Data><Nome>Business Plan Test nr. 2</Nome><Logo>https%3A%2F%2Flocalhost%3A8082%2Fscratch%2Fpl_logo.png</Logo></Data></Request>"}
[2019-08-29 11:58:59] 200 - OK - application/json
[2019-08-29 11:58:59] REQUEST POST - https://localhost:8082/public/ws/Config.asmx/Economics_Get
[2019-08-29 11:58:59] ---- FROM  ::1 (WinNT)
[2019-08-29 11:58:59] ---- BROWSER:  Chrome 76.0 (Mozilla/5.0 (Windows NT 10.0; Win64; x64) AppleWebKit/537.36 (KHTML, like Gecko) Chrome/76.0.3809.100 Safari/537.36)
[2019-08-29 11:58:59] ---- CONTENT: {data : "<?xml version='1.0' encoding='utf-8' ?><Request ID='20190829115859286'><General><Token>61111131252223224013000011333653</Token></General><Data></Data></Request>"}
[2019-08-29 11:58:59] 200 - OK - application/json
[2019-08-29 11:59:01] REQUEST POST - https://localhost:8082/public/ws/Config.asmx/All_Get
[2019-08-29 11:59:01] ---- FROM  ::1 (WinNT)
[2019-08-29 11:59:01] ---- BROWSER:  Chrome 76.0 (Mozilla/5.0 (Windows NT 10.0; Win64; x64) AppleWebKit/537.36 (KHTML, like Gecko) Chrome/76.0.3809.100 Safari/537.36)
[2019-08-29 11:59:01] ---- CONTENT: {data : "<?xml version='1.0' encoding='utf-8' ?><Request ID='20190829115901633'><General><Token>61111131252223224013000011333653</Token></General><Data></Data></Request>"}
[2019-08-29 11:59:01] 200 - OK - application/json
[2019-08-29 11:59:04] REQUEST POST - https://localhost:8082/public/ws/Economics.asmx/messaggi_summary
[2019-08-29 11:59:04] ---- FROM  ::1 (WinNT)
[2019-08-29 11:59:04] ---- BROWSER:  Chrome 76.0 (Mozilla/5.0 (Windows NT 10.0; Win64; x64) AppleWebKit/537.36 (KHTML, like Gecko) Chrome/76.0.3809.100 Safari/537.36)
[2019-08-29 11:59:04] ---- CONTENT: {data : "<?xml version='1.0' encoding='utf-8' ?><Request ID='20190829115904848'><General><Token>61111131252223224013000011333653</Token></General><Data></Data></Request>"}
[2019-08-29 11:59:04] 200 - OK - application/json
[2019-08-29 11:59:04] REQUEST POST - https://localhost:8082/public/ws/Config.asmx/All_Get
[2019-08-29 11:59:04] ---- FROM  ::1 (WinNT)
[2019-08-29 11:59:04] ---- BROWSER:  Chrome 76.0 (Mozilla/5.0 (Windows NT 10.0; Win64; x64) AppleWebKit/537.36 (KHTML, like Gecko) Chrome/76.0.3809.100 Safari/537.36)
[2019-08-29 11:59:04] ---- CONTENT: {data : "<?xml version='1.0' encoding='utf-8' ?><Request ID='20190829115904925'><General><Token>61111131252223224013000011333653</Token></General><Data></Data></Request>"}
[2019-08-29 11:59:04] 200 - OK - application/json
[2019-08-29 11:59:05] REQUEST POST - https://localhost:8082/public/ws/Config.asmx/All_Get
[2019-08-29 11:59:05] ---- FROM  ::1 (WinNT)
[2019-08-29 11:59:05] ---- BROWSER:  Chrome 76.0 (Mozilla/5.0 (Windows NT 10.0; Win64; x64) AppleWebKit/537.36 (KHTML, like Gecko) Chrome/76.0.3809.100 Safari/537.36)
[2019-08-29 11:59:05] ---- CONTENT: {data : "<?xml version='1.0' encoding='utf-8' ?><Request ID='201908291159054'><General><Token>61111131252223224013000011333653</Token></General><Data></Data></Request>"}
[2019-08-29 11:59:05] 200 - OK - application/json
[2019-08-29 11:59:57] REQUEST GET - https://localhost:8082/economics/impostazioni
[2019-08-29 11:59:57] ---- FROM  ::1 (WinNT)
[2019-08-29 11:59:57] ---- BROWSER:  Chrome 76.0 (Mozilla/5.0 (Windows NT 10.0; Win64; x64) AppleWebKit/537.36 (KHTML, like Gecko) Chrome/76.0.3809.100 Safari/537.36)
[2019-08-29 11:59:57] 200 - OK - text/html
[2019-08-29 11:59:59] REQUEST POST - https://localhost:8082/public/ws/Config.asmx/Economics_Get
[2019-08-29 11:59:59] ---- FROM  ::1 (WinNT)
[2019-08-29 11:59:59] ---- BROWSER:  Chrome 76.0 (Mozilla/5.0 (Windows NT 10.0; Win64; x64) AppleWebKit/537.36 (KHTML, like Gecko) Chrome/76.0.3809.100 Safari/537.36)
[2019-08-29 11:59:59] ---- CONTENT: {data : "<?xml version='1.0' encoding='utf-8' ?><Request ID='20190829115959438'><General><Token>61111131252223224013000011333653</Token></General><Data></Data></Request>"}
[2019-08-29 11:59:59] 200 - OK - application/json
[2019-08-29 12:00:01] REQUEST POST - https://localhost:8082/public/ws/Config.asmx/All_Get
[2019-08-29 12:00:01] ---- FROM  ::1 (WinNT)
[2019-08-29 12:00:01] ---- BROWSER:  Chrome 76.0 (Mozilla/5.0 (Windows NT 10.0; Win64; x64) AppleWebKit/537.36 (KHTML, like Gecko) Chrome/76.0.3809.100 Safari/537.36)
[2019-08-29 12:00:01] ---- CONTENT: {data : "<?xml version='1.0' encoding='utf-8' ?><Request ID='20190829120001251'><General><Token>61111131252223224013000011333653</Token></General><Data></Data></Request>"}
[2019-08-29 12:00:01] 200 - OK - application/json
[2019-08-29 12:00:03] REQUEST POST - https://localhost:8082/public/ws/Economics.asmx/messaggi_summary
[2019-08-29 12:00:03] ---- FROM  ::1 (WinNT)
[2019-08-29 12:00:03] ---- BROWSER:  Chrome 76.0 (Mozilla/5.0 (Windows NT 10.0; Win64; x64) AppleWebKit/537.36 (KHTML, like Gecko) Chrome/76.0.3809.100 Safari/537.36)
[2019-08-29 12:00:03] ---- CONTENT: {data : "<?xml version='1.0' encoding='utf-8' ?><Request ID='20190829120003808'><General><Token>61111131252223224013000011333653</Token></General><Data></Data></Request>"}
[2019-08-29 12:00:03] 200 - OK - application/json
[2019-08-29 12:00:03] REQUEST POST - https://localhost:8082/public/ws/Config.asmx/All_Get
[2019-08-29 12:00:03] ---- FROM  ::1 (WinNT)
[2019-08-29 12:00:03] ---- BROWSER:  Chrome 76.0 (Mozilla/5.0 (Windows NT 10.0; Win64; x64) AppleWebKit/537.36 (KHTML, like Gecko) Chrome/76.0.3809.100 Safari/537.36)
[2019-08-29 12:00:03] ---- CONTENT: {data : "<?xml version='1.0' encoding='utf-8' ?><Request ID='20190829120003927'><General><Token>61111131252223224013000011333653</Token></General><Data></Data></Request>"}
[2019-08-29 12:00:03] 200 - OK - application/json
[2019-08-29 12:00:03] REQUEST POST - https://localhost:8082/public/ws/Config.asmx/All_Get
[2019-08-29 12:00:03] ---- FROM  ::1 (WinNT)
[2019-08-29 12:00:03] ---- BROWSER:  Chrome 76.0 (Mozilla/5.0 (Windows NT 10.0; Win64; x64) AppleWebKit/537.36 (KHTML, like Gecko) Chrome/76.0.3809.100 Safari/537.36)
[2019-08-29 12:00:03] ---- CONTENT: {data : "<?xml version='1.0' encoding='utf-8' ?><Request ID='20190829120003985'><General><Token>61111131252223224013000011333653</Token></General><Data></Data></Request>"}
[2019-08-29 12:00:04] 200 - OK - application/json
[2019-08-29 12:15:11] REQUEST GET - https://localhost:8082/public/aspx/Home.aspx?Token=61111131252223224013000011333653&TokenApiRest=eyJ0eXAiOiJKV1QiLCJhbGciOiJIUzI1NiJ9.eyJpc3MiOiJodHRwczpcL1wvd3d3cy5kZXYteWVhcC5pdCIsImlhdCI6MTU0MjI5NDMyMSwibmJmIjoxNTQyMjk0MzIxLCJleHAiOjE1NDI4OTkxMjEsImRhdGEiOnsidXNlciI6eyJpZCI6IjQ0In19fQ.RCP5OeoGASxAyBw1MbMD4BFJAcDM5JIXqYXKBALZcJI&Logo=https://localhost:8082/scratch/pl_logo.png&Title=Business Plan Test nr. 2
[2019-08-29 12:15:11] ---- FROM  ::1 (WinNT)
[2019-08-29 12:15:11] ---- BROWSER:  Chrome 76.0 (Mozilla/5.0 (Windows NT 10.0; Win64; x64) AppleWebKit/537.36 (KHTML, like Gecko) Chrome/76.0.3809.100 Safari/537.36)
[2019-08-29 12:15:11] 302 - Found - text/html
[2019-08-29 12:15:11] REQUEST GET - https://localhost:8082/home/welcome?Token=61111131252223224013000011333653&TokenApiRest=eyJ0eXAiOiJKV1QiLCJhbGciOiJIUzI1NiJ9.eyJpc3MiOiJodHRwczpcL1wvd3d3cy5kZXYteWVhcC5pdCIsImlhdCI6MTU0MjI5NDMyMSwibmJmIjoxNTQyMjk0MzIxLCJleHAiOjE1NDI4OTkxMjEsImRhdGEiOnsidXNlciI6eyJpZCI6IjQ0In19fQ.RCP5OeoGASxAyBw1MbMD4BFJAcDM5JIXqYXKBALZcJI&Logo=https://localhost:8082/scratch/pl_logo.png&Title=Business Plan Test nr. 2
[2019-08-29 12:15:11] ---- FROM  ::1 (WinNT)
[2019-08-29 12:15:11] ---- BROWSER:  Chrome 76.0 (Mozilla/5.0 (Windows NT 10.0; Win64; x64) AppleWebKit/537.36 (KHTML, like Gecko) Chrome/76.0.3809.100 Safari/537.36)
[2019-08-29 12:15:11] 200 - OK - text/html
[2019-08-29 12:15:13] REQUEST POST - https://localhost:8082/public/ws/General.asmx/Set
[2019-08-29 12:15:13] ---- FROM  ::1 (WinNT)
[2019-08-29 12:15:13] ---- BROWSER:  Chrome 76.0 (Mozilla/5.0 (Windows NT 10.0; Win64; x64) AppleWebKit/537.36 (KHTML, like Gecko) Chrome/76.0.3809.100 Safari/537.36)
[2019-08-29 12:15:13] ---- CONTENT: {data : "<?xml version='1.0' encoding='utf-8' ?><Request ID='2019082912151338'><General><Token>61111131252223224013000011333653</Token></General><Data><Nome>Business Plan Test nr. 2</Nome><Logo>https%3A%2F%2Flocalhost%3A8082%2Fscratch%2Fpl_logo.png</Logo></Data></Request>"}
[2019-08-29 12:15:13] 200 - OK - application/json
[2019-08-29 12:15:13] REQUEST POST - https://localhost:8082/public/ws/Config.asmx/Economics_Get
[2019-08-29 12:15:13] ---- FROM  ::1 (WinNT)
[2019-08-29 12:15:13] ---- BROWSER:  Chrome 76.0 (Mozilla/5.0 (Windows NT 10.0; Win64; x64) AppleWebKit/537.36 (KHTML, like Gecko) Chrome/76.0.3809.100 Safari/537.36)
[2019-08-29 12:15:13] ---- CONTENT: {data : "<?xml version='1.0' encoding='utf-8' ?><Request ID='2019082912151398'><General><Token>61111131252223224013000011333653</Token></General><Data></Data></Request>"}
[2019-08-29 12:15:13] 200 - OK - application/json
[2019-08-29 12:15:15] REQUEST POST - https://localhost:8082/public/ws/Config.asmx/All_Get
[2019-08-29 12:15:15] ---- FROM  ::1 (WinNT)
[2019-08-29 12:15:15] ---- BROWSER:  Chrome 76.0 (Mozilla/5.0 (Windows NT 10.0; Win64; x64) AppleWebKit/537.36 (KHTML, like Gecko) Chrome/76.0.3809.100 Safari/537.36)
[2019-08-29 12:15:15] ---- CONTENT: {data : "<?xml version='1.0' encoding='utf-8' ?><Request ID='20190829121515104'><General><Token>61111131252223224013000011333653</Token></General><Data></Data></Request>"}
[2019-08-29 12:15:15] 200 - OK - application/json
[2019-08-29 12:15:17] REQUEST POST - https://localhost:8082/public/ws/Economics.asmx/messaggi_summary
[2019-08-29 12:15:17] ---- FROM  ::1 (WinNT)
[2019-08-29 12:15:17] ---- BROWSER:  Chrome 76.0 (Mozilla/5.0 (Windows NT 10.0; Win64; x64) AppleWebKit/537.36 (KHTML, like Gecko) Chrome/76.0.3809.100 Safari/537.36)
[2019-08-29 12:15:17] ---- CONTENT: {data : "<?xml version='1.0' encoding='utf-8' ?><Request ID='2019082912151793'><General><Token>61111131252223224013000011333653</Token></General><Data></Data></Request>"}
[2019-08-29 12:15:17] 200 - OK - application/json
[2019-08-29 12:15:17] REQUEST POST - https://localhost:8082/public/ws/Config.asmx/All_Get
[2019-08-29 12:15:17] ---- FROM  ::1 (WinNT)
[2019-08-29 12:15:17] ---- BROWSER:  Chrome 76.0 (Mozilla/5.0 (Windows NT 10.0; Win64; x64) AppleWebKit/537.36 (KHTML, like Gecko) Chrome/76.0.3809.100 Safari/537.36)
[2019-08-29 12:15:17] ---- CONTENT: {data : "<?xml version='1.0' encoding='utf-8' ?><Request ID='20190829121517173'><General><Token>61111131252223224013000011333653</Token></General><Data></Data></Request>"}
[2019-08-29 12:15:17] 200 - OK - application/json
[2019-08-29 12:15:17] REQUEST POST - https://localhost:8082/public/ws/Config.asmx/All_Get
[2019-08-29 12:15:17] ---- FROM  ::1 (WinNT)
[2019-08-29 12:15:17] ---- BROWSER:  Chrome 76.0 (Mozilla/5.0 (Windows NT 10.0; Win64; x64) AppleWebKit/537.36 (KHTML, like Gecko) Chrome/76.0.3809.100 Safari/537.36)
[2019-08-29 12:15:17] ---- CONTENT: {data : "<?xml version='1.0' encoding='utf-8' ?><Request ID='20190829121517246'><General><Token>61111131252223224013000011333653</Token></General><Data></Data></Request>"}
[2019-08-29 12:15:17] 200 - OK - application/json
[2019-08-29 12:21:35] REQUEST GET - https://localhost:8082/public/aspx/Home.aspx?Token=61111131252223224013000011333653&TokenApiRest=eyJ0eXAiOiJKV1QiLCJhbGciOiJIUzI1NiJ9.eyJpc3MiOiJodHRwczpcL1wvd3d3cy5kZXYteWVhcC5pdCIsImlhdCI6MTU0MjI5NDMyMSwibmJmIjoxNTQyMjk0MzIxLCJleHAiOjE1NDI4OTkxMjEsImRhdGEiOnsidXNlciI6eyJpZCI6IjQ0In19fQ.RCP5OeoGASxAyBw1MbMD4BFJAcDM5JIXqYXKBALZcJI&Logo=https://localhost:8082/scratch/pl_logo.png&Title=Business Plan Test nr. 2
[2019-08-29 12:21:35] ---- FROM  ::1 (WinNT)
[2019-08-29 12:21:35] ---- BROWSER:  Chrome 76.0 (Mozilla/5.0 (Windows NT 10.0; Win64; x64) AppleWebKit/537.36 (KHTML, like Gecko) Chrome/76.0.3809.100 Safari/537.36)
[2019-08-29 12:21:35] 302 - Found - text/html
[2019-08-29 12:21:35] REQUEST GET - https://localhost:8082/home/welcome?Token=61111131252223224013000011333653&TokenApiRest=eyJ0eXAiOiJKV1QiLCJhbGciOiJIUzI1NiJ9.eyJpc3MiOiJodHRwczpcL1wvd3d3cy5kZXYteWVhcC5pdCIsImlhdCI6MTU0MjI5NDMyMSwibmJmIjoxNTQyMjk0MzIxLCJleHAiOjE1NDI4OTkxMjEsImRhdGEiOnsidXNlciI6eyJpZCI6IjQ0In19fQ.RCP5OeoGASxAyBw1MbMD4BFJAcDM5JIXqYXKBALZcJI&Logo=https://localhost:8082/scratch/pl_logo.png&Title=Business Plan Test nr. 2
[2019-08-29 12:21:35] ---- FROM  ::1 (WinNT)
[2019-08-29 12:21:35] ---- BROWSER:  Chrome 76.0 (Mozilla/5.0 (Windows NT 10.0; Win64; x64) AppleWebKit/537.36 (KHTML, like Gecko) Chrome/76.0.3809.100 Safari/537.36)
[2019-08-29 12:21:35] 200 - OK - text/html
[2019-08-29 12:21:36] REQUEST POST - https://localhost:8082/public/ws/General.asmx/Set
[2019-08-29 12:21:36] ---- FROM  ::1 (WinNT)
[2019-08-29 12:21:36] ---- BROWSER:  Chrome 76.0 (Mozilla/5.0 (Windows NT 10.0; Win64; x64) AppleWebKit/537.36 (KHTML, like Gecko) Chrome/76.0.3809.100 Safari/537.36)
[2019-08-29 12:21:36] ---- CONTENT: {data : "<?xml version='1.0' encoding='utf-8' ?><Request ID='20190829122136320'><General><Token>61111131252223224013000011333653</Token></General><Data><Nome>Business Plan Test nr. 2</Nome><Logo>https%3A%2F%2Flocalhost%3A8082%2Fscratch%2Fpl_logo.png</Logo></Data></Request>"}
[2019-08-29 12:21:36] 200 - OK - application/json
[2019-08-29 12:21:36] REQUEST POST - https://localhost:8082/public/ws/Config.asmx/Economics_Get
[2019-08-29 12:21:36] ---- FROM  ::1 (WinNT)
[2019-08-29 12:21:36] ---- BROWSER:  Chrome 76.0 (Mozilla/5.0 (Windows NT 10.0; Win64; x64) AppleWebKit/537.36 (KHTML, like Gecko) Chrome/76.0.3809.100 Safari/537.36)
[2019-08-29 12:21:36] ---- CONTENT: {data : "<?xml version='1.0' encoding='utf-8' ?><Request ID='20190829122136401'><General><Token>61111131252223224013000011333653</Token></General><Data></Data></Request>"}
[2019-08-29 12:21:36] 200 - OK - application/json
[2019-08-29 12:21:38] REQUEST POST - https://localhost:8082/public/ws/Config.asmx/All_Get
[2019-08-29 12:21:38] ---- FROM  ::1 (WinNT)
[2019-08-29 12:21:38] ---- BROWSER:  Chrome 76.0 (Mozilla/5.0 (Windows NT 10.0; Win64; x64) AppleWebKit/537.36 (KHTML, like Gecko) Chrome/76.0.3809.100 Safari/537.36)
[2019-08-29 12:21:38] ---- CONTENT: {data : "<?xml version='1.0' encoding='utf-8' ?><Request ID='20190829122138163'><General><Token>61111131252223224013000011333653</Token></General><Data></Data></Request>"}
[2019-08-29 12:21:38] 200 - OK - application/json
[2019-08-29 12:21:38] REQUEST POST - https://localhost:8082/public/ws/Config.asmx/All_Get
[2019-08-29 12:21:38] ---- FROM  ::1 (WinNT)
[2019-08-29 12:21:38] ---- BROWSER:  Chrome 76.0 (Mozilla/5.0 (Windows NT 10.0; Win64; x64) AppleWebKit/537.36 (KHTML, like Gecko) Chrome/76.0.3809.100 Safari/537.36)
[2019-08-29 12:21:38] ---- CONTENT: {data : "<?xml version='1.0' encoding='utf-8' ?><Request ID='20190829122138399'><General><Token>61111131252223224013000011333653</Token></General><Data></Data></Request>"}
[2019-08-29 12:21:38] 200 - OK - application/json
[2019-08-29 12:21:39] REQUEST POST - https://localhost:8082/public/ws/Economics.asmx/messaggi_summary
[2019-08-29 12:21:39] ---- FROM  ::1 (WinNT)
[2019-08-29 12:21:39] ---- BROWSER:  Chrome 76.0 (Mozilla/5.0 (Windows NT 10.0; Win64; x64) AppleWebKit/537.36 (KHTML, like Gecko) Chrome/76.0.3809.100 Safari/537.36)
[2019-08-29 12:21:39] ---- CONTENT: {data : "<?xml version='1.0' encoding='utf-8' ?><Request ID='20190829122139969'><General><Token>61111131252223224013000011333653</Token></General><Data></Data></Request>"}
[2019-08-29 12:21:39] 200 - OK - application/json
[2019-08-29 12:21:40] REQUEST POST - https://localhost:8082/public/ws/Config.asmx/All_Get
[2019-08-29 12:21:40] ---- FROM  ::1 (WinNT)
[2019-08-29 12:21:40] ---- BROWSER:  Chrome 76.0 (Mozilla/5.0 (Windows NT 10.0; Win64; x64) AppleWebKit/537.36 (KHTML, like Gecko) Chrome/76.0.3809.100 Safari/537.36)
[2019-08-29 12:21:40] ---- CONTENT: {data : "<?xml version='1.0' encoding='utf-8' ?><Request ID='2019082912214051'><General><Token>61111131252223224013000011333653</Token></General><Data></Data></Request>"}
[2019-08-29 12:21:40] 200 - OK - application/json
[2019-08-29 12:35:55] REQUEST GET - https://localhost:8082/public/aspx/Home.aspx?Token=61111131252223224013000011333653&TokenApiRest=eyJ0eXAiOiJKV1QiLCJhbGciOiJIUzI1NiJ9.eyJpc3MiOiJodHRwczpcL1wvd3d3cy5kZXYteWVhcC5pdCIsImlhdCI6MTU0MjI5NDMyMSwibmJmIjoxNTQyMjk0MzIxLCJleHAiOjE1NDI4OTkxMjEsImRhdGEiOnsidXNlciI6eyJpZCI6IjQ0In19fQ.RCP5OeoGASxAyBw1MbMD4BFJAcDM5JIXqYXKBALZcJI&Logo=https://localhost:8082/scratch/pl_logo.png&Title=Business Plan Test nr. 2
[2019-08-29 12:35:55] ---- FROM  ::1 (WinNT)
[2019-08-29 12:35:55] ---- BROWSER:  Chrome 76.0 (Mozilla/5.0 (Windows NT 10.0; Win64; x64) AppleWebKit/537.36 (KHTML, like Gecko) Chrome/76.0.3809.100 Safari/537.36)
[2019-08-29 12:35:55] 302 - Found - text/html
[2019-08-29 12:35:56] REQUEST GET - https://localhost:8082/home/welcome?Token=61111131252223224013000011333653&TokenApiRest=eyJ0eXAiOiJKV1QiLCJhbGciOiJIUzI1NiJ9.eyJpc3MiOiJodHRwczpcL1wvd3d3cy5kZXYteWVhcC5pdCIsImlhdCI6MTU0MjI5NDMyMSwibmJmIjoxNTQyMjk0MzIxLCJleHAiOjE1NDI4OTkxMjEsImRhdGEiOnsidXNlciI6eyJpZCI6IjQ0In19fQ.RCP5OeoGASxAyBw1MbMD4BFJAcDM5JIXqYXKBALZcJI&Logo=https://localhost:8082/scratch/pl_logo.png&Title=Business Plan Test nr. 2
[2019-08-29 12:35:56] ---- FROM  ::1 (WinNT)
[2019-08-29 12:35:56] ---- BROWSER:  Chrome 76.0 (Mozilla/5.0 (Windows NT 10.0; Win64; x64) AppleWebKit/537.36 (KHTML, like Gecko) Chrome/76.0.3809.100 Safari/537.36)
[2019-08-29 12:35:56] 200 - OK - text/html
[2019-08-29 12:35:57] REQUEST POST - https://localhost:8082/public/ws/General.asmx/Set
[2019-08-29 12:35:57] ---- FROM  ::1 (WinNT)
[2019-08-29 12:35:57] ---- BROWSER:  Chrome 76.0 (Mozilla/5.0 (Windows NT 10.0; Win64; x64) AppleWebKit/537.36 (KHTML, like Gecko) Chrome/76.0.3809.100 Safari/537.36)
[2019-08-29 12:35:57] ---- CONTENT: {data : "<?xml version='1.0' encoding='utf-8' ?><Request ID='20190829123557262'><General><Token>61111131252223224013000011333653</Token></General><Data><Nome>Business Plan Test nr. 2</Nome><Logo>https%3A%2F%2Flocalhost%3A8082%2Fscratch%2Fpl_logo.png</Logo></Data></Request>"}
[2019-08-29 12:35:57] 200 - OK - application/json
[2019-08-29 12:35:57] REQUEST POST - https://localhost:8082/public/ws/Config.asmx/Economics_Get
[2019-08-29 12:35:57] ---- FROM  ::1 (WinNT)
[2019-08-29 12:35:57] ---- BROWSER:  Chrome 76.0 (Mozilla/5.0 (Windows NT 10.0; Win64; x64) AppleWebKit/537.36 (KHTML, like Gecko) Chrome/76.0.3809.100 Safari/537.36)
[2019-08-29 12:35:57] ---- CONTENT: {data : "<?xml version='1.0' encoding='utf-8' ?><Request ID='20190829123557360'><General><Token>61111131252223224013000011333653</Token></General><Data></Data></Request>"}
[2019-08-29 12:35:57] 200 - OK - application/json
[2019-08-29 12:35:59] REQUEST POST - https://localhost:8082/public/ws/Config.asmx/All_Get
[2019-08-29 12:35:59] ---- FROM  ::1 (WinNT)
[2019-08-29 12:35:59] ---- BROWSER:  Chrome 76.0 (Mozilla/5.0 (Windows NT 10.0; Win64; x64) AppleWebKit/537.36 (KHTML, like Gecko) Chrome/76.0.3809.100 Safari/537.36)
[2019-08-29 12:35:59] ---- CONTENT: {data : "<?xml version='1.0' encoding='utf-8' ?><Request ID='20190829123559344'><General><Token>61111131252223224013000011333653</Token></General><Data></Data></Request>"}
[2019-08-29 12:35:59] 200 - OK - application/json
[2019-08-29 12:36:01] REQUEST POST - https://localhost:8082/public/ws/Economics.asmx/messaggi_summary
[2019-08-29 12:36:01] ---- FROM  ::1 (WinNT)
[2019-08-29 12:36:01] ---- BROWSER:  Chrome 76.0 (Mozilla/5.0 (Windows NT 10.0; Win64; x64) AppleWebKit/537.36 (KHTML, like Gecko) Chrome/76.0.3809.100 Safari/537.36)
[2019-08-29 12:36:01] ---- CONTENT: {data : "<?xml version='1.0' encoding='utf-8' ?><Request ID='20190829123601785'><General><Token>61111131252223224013000011333653</Token></General><Data></Data></Request>"}
[2019-08-29 12:36:01] 200 - OK - application/json
[2019-08-29 12:36:01] REQUEST POST - https://localhost:8082/public/ws/Config.asmx/All_Get
[2019-08-29 12:36:01] ---- FROM  ::1 (WinNT)
[2019-08-29 12:36:01] ---- BROWSER:  Chrome 76.0 (Mozilla/5.0 (Windows NT 10.0; Win64; x64) AppleWebKit/537.36 (KHTML, like Gecko) Chrome/76.0.3809.100 Safari/537.36)
[2019-08-29 12:36:01] ---- CONTENT: {data : "<?xml version='1.0' encoding='utf-8' ?><Request ID='20190829123601915'><General><Token>61111131252223224013000011333653</Token></General><Data></Data></Request>"}
[2019-08-29 12:36:01] REQUEST POST - https://localhost:8082/public/ws/Config.asmx/All_Get
[2019-08-29 12:36:01] ---- FROM  ::1 (WinNT)
[2019-08-29 12:36:01] ---- BROWSER:  Chrome 76.0 (Mozilla/5.0 (Windows NT 10.0; Win64; x64) AppleWebKit/537.36 (KHTML, like Gecko) Chrome/76.0.3809.100 Safari/537.36)
[2019-08-29 12:36:01] ---- CONTENT: {data : "<?xml version='1.0' encoding='utf-8' ?><Request ID='20190829123601948'><General><Token>61111131252223224013000011333653</Token></General><Data></Data></Request>"}
[2019-08-29 12:36:01] 200 - OK - application/json
[2019-08-29 12:36:02] 200 - OK - application/json
[2019-08-29 12:42:24] REQUEST GET - https://localhost:8082/public/aspx/Home.aspx?Token=61111131252223224013000011333653&TokenApiRest=eyJ0eXAiOiJKV1QiLCJhbGciOiJIUzI1NiJ9.eyJpc3MiOiJodHRwczpcL1wvd3d3cy5kZXYteWVhcC5pdCIsImlhdCI6MTU0MjI5NDMyMSwibmJmIjoxNTQyMjk0MzIxLCJleHAiOjE1NDI4OTkxMjEsImRhdGEiOnsidXNlciI6eyJpZCI6IjQ0In19fQ.RCP5OeoGASxAyBw1MbMD4BFJAcDM5JIXqYXKBALZcJI&Logo=https://localhost:8082/scratch/pl_logo.png&Title=Business Plan Test nr. 2
[2019-08-29 12:42:24] ---- FROM  ::1 (WinNT)
[2019-08-29 12:42:24] ---- BROWSER:  Chrome 76.0 (Mozilla/5.0 (Windows NT 10.0; Win64; x64) AppleWebKit/537.36 (KHTML, like Gecko) Chrome/76.0.3809.100 Safari/537.36)
[2019-08-29 12:42:24] 302 - Found - text/html
[2019-08-29 12:42:24] REQUEST GET - https://localhost:8082/home/welcome?Token=61111131252223224013000011333653&TokenApiRest=eyJ0eXAiOiJKV1QiLCJhbGciOiJIUzI1NiJ9.eyJpc3MiOiJodHRwczpcL1wvd3d3cy5kZXYteWVhcC5pdCIsImlhdCI6MTU0MjI5NDMyMSwibmJmIjoxNTQyMjk0MzIxLCJleHAiOjE1NDI4OTkxMjEsImRhdGEiOnsidXNlciI6eyJpZCI6IjQ0In19fQ.RCP5OeoGASxAyBw1MbMD4BFJAcDM5JIXqYXKBALZcJI&Logo=https://localhost:8082/scratch/pl_logo.png&Title=Business Plan Test nr. 2
[2019-08-29 12:42:24] ---- FROM  ::1 (WinNT)
[2019-08-29 12:42:24] ---- BROWSER:  Chrome 76.0 (Mozilla/5.0 (Windows NT 10.0; Win64; x64) AppleWebKit/537.36 (KHTML, like Gecko) Chrome/76.0.3809.100 Safari/537.36)
[2019-08-29 12:42:24] 200 - OK - text/html
[2019-08-29 12:42:25] REQUEST POST - https://localhost:8082/public/ws/General.asmx/Set
[2019-08-29 12:42:25] ---- FROM  ::1 (WinNT)
[2019-08-29 12:42:25] ---- BROWSER:  Chrome 76.0 (Mozilla/5.0 (Windows NT 10.0; Win64; x64) AppleWebKit/537.36 (KHTML, like Gecko) Chrome/76.0.3809.100 Safari/537.36)
[2019-08-29 12:42:25] ---- CONTENT: {data : "<?xml version='1.0' encoding='utf-8' ?><Request ID='20190829124225736'><General><Token>61111131252223224013000011333653</Token></General><Data><Nome>Business Plan Test nr. 2</Nome><Logo>https%3A%2F%2Flocalhost%3A8082%2Fscratch%2Fpl_logo.png</Logo></Data></Request>"}
[2019-08-29 12:42:25] 200 - OK - application/json
[2019-08-29 12:42:25] REQUEST POST - https://localhost:8082/public/ws/Config.asmx/Economics_Get
[2019-08-29 12:42:25] ---- FROM  ::1 (WinNT)
[2019-08-29 12:42:25] ---- BROWSER:  Chrome 76.0 (Mozilla/5.0 (Windows NT 10.0; Win64; x64) AppleWebKit/537.36 (KHTML, like Gecko) Chrome/76.0.3809.100 Safari/537.36)
[2019-08-29 12:42:25] ---- CONTENT: {data : "<?xml version='1.0' encoding='utf-8' ?><Request ID='20190829124225788'><General><Token>61111131252223224013000011333653</Token></General><Data></Data></Request>"}
[2019-08-29 12:42:25] 200 - OK - application/json
[2019-08-29 12:42:27] REQUEST POST - https://localhost:8082/public/ws/Config.asmx/All_Get
[2019-08-29 12:42:27] ---- FROM  ::1 (WinNT)
[2019-08-29 12:42:27] ---- BROWSER:  Chrome 76.0 (Mozilla/5.0 (Windows NT 10.0; Win64; x64) AppleWebKit/537.36 (KHTML, like Gecko) Chrome/76.0.3809.100 Safari/537.36)
[2019-08-29 12:42:27] ---- CONTENT: {data : "<?xml version='1.0' encoding='utf-8' ?><Request ID='20190829124227709'><General><Token>61111131252223224013000011333653</Token></General><Data></Data></Request>"}
[2019-08-29 12:42:27] 200 - OK - application/json
[2019-08-29 12:42:27] REQUEST POST - https://localhost:8082/public/ws/Config.asmx/All_Get
[2019-08-29 12:42:27] ---- FROM  ::1 (WinNT)
[2019-08-29 12:42:27] ---- BROWSER:  Chrome 76.0 (Mozilla/5.0 (Windows NT 10.0; Win64; x64) AppleWebKit/537.36 (KHTML, like Gecko) Chrome/76.0.3809.100 Safari/537.36)
[2019-08-29 12:42:27] ---- CONTENT: {data : "<?xml version='1.0' encoding='utf-8' ?><Request ID='20190829124227902'><General><Token>61111131252223224013000011333653</Token></General><Data></Data></Request>"}
[2019-08-29 12:42:27] 200 - OK - application/json
[2019-08-29 12:42:32] REQUEST POST - https://localhost:8082/public/ws/Economics.asmx/messaggi_summary
[2019-08-29 12:42:32] ---- FROM  ::1 (WinNT)
[2019-08-29 12:42:32] ---- BROWSER:  Chrome 76.0 (Mozilla/5.0 (Windows NT 10.0; Win64; x64) AppleWebKit/537.36 (KHTML, like Gecko) Chrome/76.0.3809.100 Safari/537.36)
[2019-08-29 12:42:32] ---- CONTENT: {data : "<?xml version='1.0' encoding='utf-8' ?><Request ID='20190829124232188'><General><Token>61111131252223224013000011333653</Token></General><Data></Data></Request>"}
[2019-08-29 12:42:32] 200 - OK - application/json
[2019-08-29 12:42:32] REQUEST POST - https://localhost:8082/public/ws/Config.asmx/All_Get
[2019-08-29 12:42:32] ---- FROM  ::1 (WinNT)
[2019-08-29 12:42:32] ---- BROWSER:  Chrome 76.0 (Mozilla/5.0 (Windows NT 10.0; Win64; x64) AppleWebKit/537.36 (KHTML, like Gecko) Chrome/76.0.3809.100 Safari/537.36)
[2019-08-29 12:42:32] ---- CONTENT: {data : "<?xml version='1.0' encoding='utf-8' ?><Request ID='20190829124232261'><General><Token>61111131252223224013000011333653</Token></General><Data></Data></Request>"}
[2019-08-29 12:42:32] 200 - OK - application/json
[2019-08-29 12:46:00] REQUEST GET - https://localhost:8082/public/aspx/Home.aspx?Token=61111131252223224013000011333653&TokenApiRest=eyJ0eXAiOiJKV1QiLCJhbGciOiJIUzI1NiJ9.eyJpc3MiOiJodHRwczpcL1wvd3d3cy5kZXYteWVhcC5pdCIsImlhdCI6MTU0MjI5NDMyMSwibmJmIjoxNTQyMjk0MzIxLCJleHAiOjE1NDI4OTkxMjEsImRhdGEiOnsidXNlciI6eyJpZCI6IjQ0In19fQ.RCP5OeoGASxAyBw1MbMD4BFJAcDM5JIXqYXKBALZcJI&Logo=https://localhost:8082/scratch/pl_logo.png&Title=Business Plan Test nr. 2
[2019-08-29 12:46:00] ---- FROM  ::1 (WinNT)
[2019-08-29 12:46:00] ---- BROWSER:  Chrome 76.0 (Mozilla/5.0 (Windows NT 10.0; Win64; x64) AppleWebKit/537.36 (KHTML, like Gecko) Chrome/76.0.3809.100 Safari/537.36)
[2019-08-29 12:46:00] 302 - Found - text/html
[2019-08-29 12:46:01] REQUEST GET - https://localhost:8082/home/welcome?Token=61111131252223224013000011333653&TokenApiRest=eyJ0eXAiOiJKV1QiLCJhbGciOiJIUzI1NiJ9.eyJpc3MiOiJodHRwczpcL1wvd3d3cy5kZXYteWVhcC5pdCIsImlhdCI6MTU0MjI5NDMyMSwibmJmIjoxNTQyMjk0MzIxLCJleHAiOjE1NDI4OTkxMjEsImRhdGEiOnsidXNlciI6eyJpZCI6IjQ0In19fQ.RCP5OeoGASxAyBw1MbMD4BFJAcDM5JIXqYXKBALZcJI&Logo=https://localhost:8082/scratch/pl_logo.png&Title=Business Plan Test nr. 2
[2019-08-29 12:46:01] ---- FROM  ::1 (WinNT)
[2019-08-29 12:46:01] ---- BROWSER:  Chrome 76.0 (Mozilla/5.0 (Windows NT 10.0; Win64; x64) AppleWebKit/537.36 (KHTML, like Gecko) Chrome/76.0.3809.100 Safari/537.36)
[2019-08-29 12:46:01] 200 - OK - text/html
[2019-08-29 12:46:02] REQUEST POST - https://localhost:8082/public/ws/General.asmx/Set
[2019-08-29 12:46:02] ---- FROM  ::1 (WinNT)
[2019-08-29 12:46:02] ---- BROWSER:  Chrome 76.0 (Mozilla/5.0 (Windows NT 10.0; Win64; x64) AppleWebKit/537.36 (KHTML, like Gecko) Chrome/76.0.3809.100 Safari/537.36)
[2019-08-29 12:46:02] ---- CONTENT: {data : "<?xml version='1.0' encoding='utf-8' ?><Request ID='20190829124602709'><General><Token>61111131252223224013000011333653</Token></General><Data><Nome>Business Plan Test nr. 2</Nome><Logo>https%3A%2F%2Flocalhost%3A8082%2Fscratch%2Fpl_logo.png</Logo></Data></Request>"}
[2019-08-29 12:46:02] 200 - OK - application/json
[2019-08-29 12:46:02] REQUEST POST - https://localhost:8082/public/ws/Config.asmx/Economics_Get
[2019-08-29 12:46:02] ---- FROM  ::1 (WinNT)
[2019-08-29 12:46:02] ---- BROWSER:  Chrome 76.0 (Mozilla/5.0 (Windows NT 10.0; Win64; x64) AppleWebKit/537.36 (KHTML, like Gecko) Chrome/76.0.3809.100 Safari/537.36)
[2019-08-29 12:46:02] ---- CONTENT: {data : "<?xml version='1.0' encoding='utf-8' ?><Request ID='20190829124602745'><General><Token>61111131252223224013000011333653</Token></General><Data></Data></Request>"}
[2019-08-29 12:46:02] 200 - OK - application/json
[2019-08-29 12:46:04] REQUEST POST - https://localhost:8082/public/ws/Config.asmx/All_Get
[2019-08-29 12:46:05] ---- FROM  ::1 (WinNT)
[2019-08-29 12:46:05] ---- BROWSER:  Chrome 76.0 (Mozilla/5.0 (Windows NT 10.0; Win64; x64) AppleWebKit/537.36 (KHTML, like Gecko) Chrome/76.0.3809.100 Safari/537.36)
[2019-08-29 12:46:05] ---- CONTENT: {data : "<?xml version='1.0' encoding='utf-8' ?><Request ID='20190829124604952'><General><Token>61111131252223224013000011333653</Token></General><Data></Data></Request>"}
[2019-08-29 12:46:05] 200 - OK - application/json
[2019-08-29 12:46:05] REQUEST POST - https://localhost:8082/public/ws/Config.asmx/All_Get
[2019-08-29 12:46:05] ---- FROM  ::1 (WinNT)
[2019-08-29 12:46:05] ---- BROWSER:  Chrome 76.0 (Mozilla/5.0 (Windows NT 10.0; Win64; x64) AppleWebKit/537.36 (KHTML, like Gecko) Chrome/76.0.3809.100 Safari/537.36)
[2019-08-29 12:46:05] ---- CONTENT: {data : "<?xml version='1.0' encoding='utf-8' ?><Request ID='20190829124605177'><General><Token>61111131252223224013000011333653</Token></General><Data></Data></Request>"}
[2019-08-29 12:46:05] 200 - OK - application/json
[2019-08-29 12:46:08] REQUEST POST - https://localhost:8082/public/ws/Economics.asmx/messaggi_summary
[2019-08-29 12:46:08] ---- FROM  ::1 (WinNT)
[2019-08-29 12:46:08] ---- BROWSER:  Chrome 76.0 (Mozilla/5.0 (Windows NT 10.0; Win64; x64) AppleWebKit/537.36 (KHTML, like Gecko) Chrome/76.0.3809.100 Safari/537.36)
[2019-08-29 12:46:08] ---- CONTENT: {data : "<?xml version='1.0' encoding='utf-8' ?><Request ID='20190829124607988'><General><Token>61111131252223224013000011333653</Token></General><Data></Data></Request>"}
[2019-08-29 12:46:08] 200 - OK - application/json
[2019-08-29 12:46:08] REQUEST POST - https://localhost:8082/public/ws/Config.asmx/All_Get
[2019-08-29 12:46:08] ---- FROM  ::1 (WinNT)
[2019-08-29 12:46:08] ---- BROWSER:  Chrome 76.0 (Mozilla/5.0 (Windows NT 10.0; Win64; x64) AppleWebKit/537.36 (KHTML, like Gecko) Chrome/76.0.3809.100 Safari/537.36)
[2019-08-29 12:46:08] ---- CONTENT: {data : "<?xml version='1.0' encoding='utf-8' ?><Request ID='2019082912460879'><General><Token>61111131252223224013000011333653</Token></General><Data></Data></Request>"}
[2019-08-29 12:46:08] 200 - OK - application/json
[2019-08-29 12:47:21] REQUEST GET - https://localhost:8082/public/aspx/Home.aspx?Token=61111131252223224013000011333653&TokenApiRest=eyJ0eXAiOiJKV1QiLCJhbGciOiJIUzI1NiJ9.eyJpc3MiOiJodHRwczpcL1wvd3d3cy5kZXYteWVhcC5pdCIsImlhdCI6MTU0MjI5NDMyMSwibmJmIjoxNTQyMjk0MzIxLCJleHAiOjE1NDI4OTkxMjEsImRhdGEiOnsidXNlciI6eyJpZCI6IjQ0In19fQ.RCP5OeoGASxAyBw1MbMD4BFJAcDM5JIXqYXKBALZcJI&Logo=https://localhost:8082/scratch/pl_logo.png&Title=Business Plan Test nr. 2
[2019-08-29 12:47:21] ---- FROM  ::1 (WinNT)
[2019-08-29 12:47:21] ---- BROWSER:  Chrome 76.0 (Mozilla/5.0 (Windows NT 10.0; Win64; x64) AppleWebKit/537.36 (KHTML, like Gecko) Chrome/76.0.3809.100 Safari/537.36)
[2019-08-29 12:47:21] 302 - Found - text/html
[2019-08-29 12:47:21] REQUEST GET - https://localhost:8082/home/welcome?Token=61111131252223224013000011333653&TokenApiRest=eyJ0eXAiOiJKV1QiLCJhbGciOiJIUzI1NiJ9.eyJpc3MiOiJodHRwczpcL1wvd3d3cy5kZXYteWVhcC5pdCIsImlhdCI6MTU0MjI5NDMyMSwibmJmIjoxNTQyMjk0MzIxLCJleHAiOjE1NDI4OTkxMjEsImRhdGEiOnsidXNlciI6eyJpZCI6IjQ0In19fQ.RCP5OeoGASxAyBw1MbMD4BFJAcDM5JIXqYXKBALZcJI&Logo=https://localhost:8082/scratch/pl_logo.png&Title=Business Plan Test nr. 2
[2019-08-29 12:47:21] ---- FROM  ::1 (WinNT)
[2019-08-29 12:47:21] ---- BROWSER:  Chrome 76.0 (Mozilla/5.0 (Windows NT 10.0; Win64; x64) AppleWebKit/537.36 (KHTML, like Gecko) Chrome/76.0.3809.100 Safari/537.36)
[2019-08-29 12:47:21] 200 - OK - text/html
[2019-08-29 12:47:23] REQUEST POST - https://localhost:8082/public/ws/General.asmx/Set
[2019-08-29 12:47:23] ---- FROM  ::1 (WinNT)
[2019-08-29 12:47:23] ---- BROWSER:  Chrome 76.0 (Mozilla/5.0 (Windows NT 10.0; Win64; x64) AppleWebKit/537.36 (KHTML, like Gecko) Chrome/76.0.3809.100 Safari/537.36)
[2019-08-29 12:47:23] ---- CONTENT: {data : "<?xml version='1.0' encoding='utf-8' ?><Request ID='20190829124723280'><General><Token>61111131252223224013000011333653</Token></General><Data><Nome>Business Plan Test nr. 2</Nome><Logo>https%3A%2F%2Flocalhost%3A8082%2Fscratch%2Fpl_logo.png</Logo></Data></Request>"}
[2019-08-29 12:47:23] 200 - OK - application/json
[2019-08-29 12:47:23] REQUEST POST - https://localhost:8082/public/ws/Config.asmx/Economics_Get
[2019-08-29 12:47:23] ---- FROM  ::1 (WinNT)
[2019-08-29 12:47:23] ---- BROWSER:  Chrome 76.0 (Mozilla/5.0 (Windows NT 10.0; Win64; x64) AppleWebKit/537.36 (KHTML, like Gecko) Chrome/76.0.3809.100 Safari/537.36)
[2019-08-29 12:47:23] ---- CONTENT: {data : "<?xml version='1.0' encoding='utf-8' ?><Request ID='20190829124723309'><General><Token>61111131252223224013000011333653</Token></General><Data></Data></Request>"}
[2019-08-29 12:47:23] 200 - OK - application/json
[2019-08-29 12:47:25] REQUEST POST - https://localhost:8082/public/ws/Config.asmx/All_Get
[2019-08-29 12:47:25] ---- FROM  ::1 (WinNT)
[2019-08-29 12:47:25] ---- BROWSER:  Chrome 76.0 (Mozilla/5.0 (Windows NT 10.0; Win64; x64) AppleWebKit/537.36 (KHTML, like Gecko) Chrome/76.0.3809.100 Safari/537.36)
[2019-08-29 12:47:25] ---- CONTENT: {data : "<?xml version='1.0' encoding='utf-8' ?><Request ID='20190829124725343'><General><Token>61111131252223224013000011333653</Token></General><Data></Data></Request>"}
[2019-08-29 12:47:25] 200 - OK - application/json
[2019-08-29 12:47:25] REQUEST POST - https://localhost:8082/public/ws/Config.asmx/All_Get
[2019-08-29 12:47:25] ---- FROM  ::1 (WinNT)
[2019-08-29 12:47:25] ---- BROWSER:  Chrome 76.0 (Mozilla/5.0 (Windows NT 10.0; Win64; x64) AppleWebKit/537.36 (KHTML, like Gecko) Chrome/76.0.3809.100 Safari/537.36)
[2019-08-29 12:47:25] ---- CONTENT: {data : "<?xml version='1.0' encoding='utf-8' ?><Request ID='20190829124725555'><General><Token>61111131252223224013000011333653</Token></General><Data></Data></Request>"}
[2019-08-29 12:47:25] 200 - OK - application/json
[2019-08-29 12:47:28] REQUEST POST - https://localhost:8082/public/ws/Economics.asmx/messaggi_summary
[2019-08-29 12:47:28] ---- FROM  ::1 (WinNT)
[2019-08-29 12:47:28] ---- BROWSER:  Chrome 76.0 (Mozilla/5.0 (Windows NT 10.0; Win64; x64) AppleWebKit/537.36 (KHTML, like Gecko) Chrome/76.0.3809.100 Safari/537.36)
[2019-08-29 12:47:28] ---- CONTENT: {data : "<?xml version='1.0' encoding='utf-8' ?><Request ID='20190829124728704'><General><Token>61111131252223224013000011333653</Token></General><Data></Data></Request>"}
[2019-08-29 12:47:28] 200 - OK - application/json
[2019-08-29 12:47:28] REQUEST POST - https://localhost:8082/public/ws/Config.asmx/All_Get
[2019-08-29 12:47:28] ---- FROM  ::1 (WinNT)
[2019-08-29 12:47:28] ---- BROWSER:  Chrome 76.0 (Mozilla/5.0 (Windows NT 10.0; Win64; x64) AppleWebKit/537.36 (KHTML, like Gecko) Chrome/76.0.3809.100 Safari/537.36)
[2019-08-29 12:47:28] ---- CONTENT: {data : "<?xml version='1.0' encoding='utf-8' ?><Request ID='20190829124728779'><General><Token>61111131252223224013000011333653</Token></General><Data></Data></Request>"}
[2019-08-29 12:47:28] 200 - OK - application/json
[2019-08-29 12:53:21] REQUEST GET - https://localhost:8082/public/aspx/Home.aspx?Token=61111131252223224013000011333653&TokenApiRest=eyJ0eXAiOiJKV1QiLCJhbGciOiJIUzI1NiJ9.eyJpc3MiOiJodHRwczpcL1wvd3d3cy5kZXYteWVhcC5pdCIsImlhdCI6MTU0MjI5NDMyMSwibmJmIjoxNTQyMjk0MzIxLCJleHAiOjE1NDI4OTkxMjEsImRhdGEiOnsidXNlciI6eyJpZCI6IjQ0In19fQ.RCP5OeoGASxAyBw1MbMD4BFJAcDM5JIXqYXKBALZcJI&Logo=https://localhost:8082/scratch/pl_logo.png&Title=Business Plan Test nr. 2
[2019-08-29 12:53:21] ---- FROM  ::1 (WinNT)
[2019-08-29 12:53:21] ---- BROWSER:  Chrome 76.0 (Mozilla/5.0 (Windows NT 10.0; Win64; x64) AppleWebKit/537.36 (KHTML, like Gecko) Chrome/76.0.3809.100 Safari/537.36)
[2019-08-29 12:53:21] 302 - Found - text/html
[2019-08-29 12:53:21] REQUEST GET - https://localhost:8082/home/welcome?Token=61111131252223224013000011333653&TokenApiRest=eyJ0eXAiOiJKV1QiLCJhbGciOiJIUzI1NiJ9.eyJpc3MiOiJodHRwczpcL1wvd3d3cy5kZXYteWVhcC5pdCIsImlhdCI6MTU0MjI5NDMyMSwibmJmIjoxNTQyMjk0MzIxLCJleHAiOjE1NDI4OTkxMjEsImRhdGEiOnsidXNlciI6eyJpZCI6IjQ0In19fQ.RCP5OeoGASxAyBw1MbMD4BFJAcDM5JIXqYXKBALZcJI&Logo=https://localhost:8082/scratch/pl_logo.png&Title=Business Plan Test nr. 2
[2019-08-29 12:53:21] ---- FROM  ::1 (WinNT)
[2019-08-29 12:53:21] ---- BROWSER:  Chrome 76.0 (Mozilla/5.0 (Windows NT 10.0; Win64; x64) AppleWebKit/537.36 (KHTML, like Gecko) Chrome/76.0.3809.100 Safari/537.36)
[2019-08-29 12:53:21] 200 - OK - text/html
[2019-08-29 12:53:23] REQUEST POST - https://localhost:8082/public/ws/General.asmx/Set
[2019-08-29 12:53:23] ---- FROM  ::1 (WinNT)
[2019-08-29 12:53:23] ---- BROWSER:  Chrome 76.0 (Mozilla/5.0 (Windows NT 10.0; Win64; x64) AppleWebKit/537.36 (KHTML, like Gecko) Chrome/76.0.3809.100 Safari/537.36)
[2019-08-29 12:53:23] ---- CONTENT: {data : "<?xml version='1.0' encoding='utf-8' ?><Request ID='20190829125323552'><General><Token>61111131252223224013000011333653</Token></General><Data><Nome>Business Plan Test nr. 2</Nome><Logo>https%3A%2F%2Flocalhost%3A8082%2Fscratch%2Fpl_logo.png</Logo></Data></Request>"}
[2019-08-29 12:53:23] 200 - OK - application/json
[2019-08-29 12:53:23] REQUEST POST - https://localhost:8082/public/ws/Config.asmx/Economics_Get
[2019-08-29 12:53:23] ---- FROM  ::1 (WinNT)
[2019-08-29 12:53:23] ---- BROWSER:  Chrome 76.0 (Mozilla/5.0 (Windows NT 10.0; Win64; x64) AppleWebKit/537.36 (KHTML, like Gecko) Chrome/76.0.3809.100 Safari/537.36)
[2019-08-29 12:53:23] ---- CONTENT: {data : "<?xml version='1.0' encoding='utf-8' ?><Request ID='20190829125323583'><General><Token>61111131252223224013000011333653</Token></General><Data></Data></Request>"}
[2019-08-29 12:53:23] 200 - OK - application/json
[2019-08-29 12:53:26] REQUEST POST - https://localhost:8082/public/ws/Config.asmx/All_Get
[2019-08-29 12:53:26] ---- FROM  ::1 (WinNT)
[2019-08-29 12:53:26] ---- BROWSER:  Chrome 76.0 (Mozilla/5.0 (Windows NT 10.0; Win64; x64) AppleWebKit/537.36 (KHTML, like Gecko) Chrome/76.0.3809.100 Safari/537.36)
[2019-08-29 12:53:26] ---- CONTENT: {data : "<?xml version='1.0' encoding='utf-8' ?><Request ID='20190829125326167'><General><Token>61111131252223224013000011333653</Token></General><Data></Data></Request>"}
[2019-08-29 12:53:26] 200 - OK - application/json
[2019-08-29 12:53:28] REQUEST POST - https://localhost:8082/public/ws/Economics.asmx/messaggi_summary
[2019-08-29 12:53:28] ---- FROM  ::1 (WinNT)
[2019-08-29 12:53:28] ---- BROWSER:  Chrome 76.0 (Mozilla/5.0 (Windows NT 10.0; Win64; x64) AppleWebKit/537.36 (KHTML, like Gecko) Chrome/76.0.3809.100 Safari/537.36)
[2019-08-29 12:53:28] ---- CONTENT: {data : "<?xml version='1.0' encoding='utf-8' ?><Request ID='20190829125328644'><General><Token>61111131252223224013000011333653</Token></General><Data></Data></Request>"}
[2019-08-29 12:53:28] 200 - OK - application/json
[2019-08-29 12:53:28] REQUEST POST - https://localhost:8082/public/ws/Config.asmx/All_Get
[2019-08-29 12:53:28] ---- FROM  ::1 (WinNT)
[2019-08-29 12:53:28] ---- BROWSER:  Chrome 76.0 (Mozilla/5.0 (Windows NT 10.0; Win64; x64) AppleWebKit/537.36 (KHTML, like Gecko) Chrome/76.0.3809.100 Safari/537.36)
[2019-08-29 12:53:28] ---- CONTENT: {data : "<?xml version='1.0' encoding='utf-8' ?><Request ID='20190829125328825'><General><Token>61111131252223224013000011333653</Token></General><Data></Data></Request>"}
[2019-08-29 12:53:28] REQUEST POST - https://localhost:8082/public/ws/Config.asmx/All_Get
[2019-08-29 12:53:28] ---- FROM  ::1 (WinNT)
[2019-08-29 12:53:28] ---- BROWSER:  Chrome 76.0 (Mozilla/5.0 (Windows NT 10.0; Win64; x64) AppleWebKit/537.36 (KHTML, like Gecko) Chrome/76.0.3809.100 Safari/537.36)
[2019-08-29 12:53:28] ---- CONTENT: {data : "<?xml version='1.0' encoding='utf-8' ?><Request ID='20190829125328873'><General><Token>61111131252223224013000011333653</Token></General><Data></Data></Request>"}
[2019-08-29 12:53:28] 200 - OK - application/json
[2019-08-29 12:53:28] 200 - OK - application/json
[2019-08-29 12:56:37] REQUEST GET - https://localhost:8082/public/aspx/Home.aspx?Token=61111131252223224013000011333653&TokenApiRest=eyJ0eXAiOiJKV1QiLCJhbGciOiJIUzI1NiJ9.eyJpc3MiOiJodHRwczpcL1wvd3d3cy5kZXYteWVhcC5pdCIsImlhdCI6MTU0MjI5NDMyMSwibmJmIjoxNTQyMjk0MzIxLCJleHAiOjE1NDI4OTkxMjEsImRhdGEiOnsidXNlciI6eyJpZCI6IjQ0In19fQ.RCP5OeoGASxAyBw1MbMD4BFJAcDM5JIXqYXKBALZcJI&Logo=https://localhost:8082/scratch/pl_logo.png&Title=Business Plan Test nr. 2
[2019-08-29 12:56:37] ---- FROM  ::1 (WinNT)
[2019-08-29 12:56:37] ---- BROWSER:  Chrome 76.0 (Mozilla/5.0 (Windows NT 10.0; Win64; x64) AppleWebKit/537.36 (KHTML, like Gecko) Chrome/76.0.3809.100 Safari/537.36)
[2019-08-29 12:56:37] 302 - Found - text/html
[2019-08-29 12:56:37] REQUEST GET - https://localhost:8082/home/welcome?Token=61111131252223224013000011333653&TokenApiRest=eyJ0eXAiOiJKV1QiLCJhbGciOiJIUzI1NiJ9.eyJpc3MiOiJodHRwczpcL1wvd3d3cy5kZXYteWVhcC5pdCIsImlhdCI6MTU0MjI5NDMyMSwibmJmIjoxNTQyMjk0MzIxLCJleHAiOjE1NDI4OTkxMjEsImRhdGEiOnsidXNlciI6eyJpZCI6IjQ0In19fQ.RCP5OeoGASxAyBw1MbMD4BFJAcDM5JIXqYXKBALZcJI&Logo=https://localhost:8082/scratch/pl_logo.png&Title=Business Plan Test nr. 2
[2019-08-29 12:56:37] ---- FROM  ::1 (WinNT)
[2019-08-29 12:56:37] ---- BROWSER:  Chrome 76.0 (Mozilla/5.0 (Windows NT 10.0; Win64; x64) AppleWebKit/537.36 (KHTML, like Gecko) Chrome/76.0.3809.100 Safari/537.36)
[2019-08-29 12:56:37] 200 - OK - text/html
[2019-08-29 12:56:39] REQUEST POST - https://localhost:8082/public/ws/General.asmx/Set
[2019-08-29 12:56:39] ---- FROM  ::1 (WinNT)
[2019-08-29 12:56:39] ---- BROWSER:  Chrome 76.0 (Mozilla/5.0 (Windows NT 10.0; Win64; x64) AppleWebKit/537.36 (KHTML, like Gecko) Chrome/76.0.3809.100 Safari/537.36)
[2019-08-29 12:56:39] ---- CONTENT: {data : "<?xml version='1.0' encoding='utf-8' ?><Request ID='2019082912563970'><General><Token>61111131252223224013000011333653</Token></General><Data><Nome>Business Plan Test nr. 2</Nome><Logo>https%3A%2F%2Flocalhost%3A8082%2Fscratch%2Fpl_logo.png</Logo></Data></Request>"}
[2019-08-29 12:56:39] 200 - OK - application/json
[2019-08-29 12:56:39] REQUEST POST - https://localhost:8082/public/ws/Config.asmx/Economics_Get
[2019-08-29 12:56:39] ---- FROM  ::1 (WinNT)
[2019-08-29 12:56:39] ---- BROWSER:  Chrome 76.0 (Mozilla/5.0 (Windows NT 10.0; Win64; x64) AppleWebKit/537.36 (KHTML, like Gecko) Chrome/76.0.3809.100 Safari/537.36)
[2019-08-29 12:56:39] ---- CONTENT: {data : "<?xml version='1.0' encoding='utf-8' ?><Request ID='20190829125639144'><General><Token>61111131252223224013000011333653</Token></General><Data></Data></Request>"}
[2019-08-29 12:56:39] 200 - OK - application/json
[2019-08-29 12:56:41] REQUEST POST - https://localhost:8082/public/ws/Config.asmx/All_Get
[2019-08-29 12:56:41] ---- FROM  ::1 (WinNT)
[2019-08-29 12:56:41] ---- BROWSER:  Chrome 76.0 (Mozilla/5.0 (Windows NT 10.0; Win64; x64) AppleWebKit/537.36 (KHTML, like Gecko) Chrome/76.0.3809.100 Safari/537.36)
[2019-08-29 12:56:41] ---- CONTENT: {data : "<?xml version='1.0' encoding='utf-8' ?><Request ID='20190829125641273'><General><Token>61111131252223224013000011333653</Token></General><Data></Data></Request>"}
[2019-08-29 12:56:41] 200 - OK - application/json
[2019-08-29 12:56:41] REQUEST POST - https://localhost:8082/public/ws/Config.asmx/All_Get
[2019-08-29 12:56:41] ---- FROM  ::1 (WinNT)
[2019-08-29 12:56:41] ---- BROWSER:  Chrome 76.0 (Mozilla/5.0 (Windows NT 10.0; Win64; x64) AppleWebKit/537.36 (KHTML, like Gecko) Chrome/76.0.3809.100 Safari/537.36)
[2019-08-29 12:56:41] ---- CONTENT: {data : "<?xml version='1.0' encoding='utf-8' ?><Request ID='20190829125641746'><General><Token>61111131252223224013000011333653</Token></General><Data></Data></Request>"}
[2019-08-29 12:56:41] 200 - OK - application/json
[2019-08-29 12:56:44] REQUEST POST - https://localhost:8082/public/ws/Economics.asmx/messaggi_summary
[2019-08-29 12:56:44] ---- FROM  ::1 (WinNT)
[2019-08-29 12:56:44] ---- BROWSER:  Chrome 76.0 (Mozilla/5.0 (Windows NT 10.0; Win64; x64) AppleWebKit/537.36 (KHTML, like Gecko) Chrome/76.0.3809.100 Safari/537.36)
[2019-08-29 12:56:44] ---- CONTENT: {data : "<?xml version='1.0' encoding='utf-8' ?><Request ID='20190829125644578'><General><Token>61111131252223224013000011333653</Token></General><Data></Data></Request>"}
[2019-08-29 12:56:44] 200 - OK - application/json
[2019-08-29 12:56:44] REQUEST POST - https://localhost:8082/public/ws/Config.asmx/All_Get
[2019-08-29 12:56:44] ---- FROM  ::1 (WinNT)
[2019-08-29 12:56:44] ---- BROWSER:  Chrome 76.0 (Mozilla/5.0 (Windows NT 10.0; Win64; x64) AppleWebKit/537.36 (KHTML, like Gecko) Chrome/76.0.3809.100 Safari/537.36)
[2019-08-29 12:56:44] ---- CONTENT: {data : "<?xml version='1.0' encoding='utf-8' ?><Request ID='20190829125644644'><General><Token>61111131252223224013000011333653</Token></General><Data></Data></Request>"}
[2019-08-29 12:56:44] 200 - OK - application/json
