[2019-09-10 16:20:29] REQUEST POST - https://localhost:8082/public/aspx/Home.aspx
[2019-09-10 16:20:29] ---- FROM  ::1 (WinNT)
[2019-09-10 16:20:29] ---- BROWSER:  Safari 5.1 (Mozilla/5.0 (Windows NT 6.2; WOW64) AppleWebKit/534.57.2 (KHTML, like Gecko) Version/5.1.7 Safari/534.57.2)
[2019-09-10 16:20:29] ---- CONTENT: Token%3D61111131252223224013000011333653%26TokenApiRest%3DeyJ0eXAiOiJKV1QiLCJhbGciOiJIUzI1NiJ9.eyJpc3MiOiJodHRwczpcL1wvd3d3cy5kZXYteWVhcC5pdCIsImlhdCI6MTU0MjI5NDMyMSwibmJmIjoxNTQyMjk0MzIxLCJleHAiOjE1NDI4OTkxMjEsImRhdGEiOnsidXNlciI6eyJpZCI6IjQ0In19fQ.RCP5OeoGASxAyBw1MbMD4BFJAcDM5JIXqYXKBALZcJI%26Logo%3Dhttps%3A%2F%2Flocalhost%3A8082%2Fscratch%2Fpl_logo.png%26Title%3DBusiness+Plan+Test+nr.+2=
[2019-09-10 16:20:29] 302 - Found - text/html
[2019-09-10 16:20:29] REQUEST GET - https://localhost:8082/home/welcome
[2019-09-10 16:20:29] ---- FROM  ::1 (WinNT)
[2019-09-10 16:20:29] ---- BROWSER:  Safari 5.1 (Mozilla/5.0 (Windows NT 6.2; WOW64) AppleWebKit/534.57.2 (KHTML, like Gecko) Version/5.1.7 Safari/534.57.2)
[2019-09-10 16:20:29] 200 - OK - text/html
[2019-09-10 16:32:04] REQUEST POST - https://localhost:8082/public/aspx/Home.aspx
[2019-09-10 16:32:04] ---- FROM  ::1 (WinNT)
[2019-09-10 16:32:04] ---- BROWSER:  InternetExplorer 11.0 (Mozilla/5.0 (Windows NT 10.0; WOW64; Trident/7.0; rv:11.0) like Gecko)
[2019-09-10 16:32:04] ---- CONTENT: Token%3D61111131252223224013000011333653%26TokenApiRest%3DeyJ0eXAiOiJKV1QiLCJhbGciOiJIUzI1NiJ9.eyJpc3MiOiJodHRwczpcL1wvd3d3cy5kZXYteWVhcC5pdCIsImlhdCI6MTU0MjI5NDMyMSwibmJmIjoxNTQyMjk0MzIxLCJleHAiOjE1NDI4OTkxMjEsImRhdGEiOnsidXNlciI6eyJpZCI6IjQ0In19fQ.RCP5OeoGASxAyBw1MbMD4BFJAcDM5JIXqYXKBALZcJI%26Logo%3Dhttps%3A%2F%2Flocalhost%3A8082%2Fscratch%2Fpl_logo.png%26Title%3DBusiness+Plan+Test+nr.+2=
[2019-09-10 16:32:04] 302 - Found - text/html
[2019-09-10 16:32:04] REQUEST GET - https://localhost:8082/home/welcome
[2019-09-10 16:32:04] ---- FROM  ::1 (WinNT)
[2019-09-10 16:32:04] ---- BROWSER:  InternetExplorer 11.0 (Mozilla/5.0 (Windows NT 10.0; WOW64; Trident/7.0; rv:11.0) like Gecko)
[2019-09-10 16:32:04] 200 - OK - text/html
[2019-09-10 16:32:31] REQUEST GET - https://localhost:8082/home/welcome
[2019-09-10 16:32:31] ---- FROM  ::1 (WinNT)
[2019-09-10 16:32:31] ---- BROWSER:  InternetExplorer 11.0 (Mozilla/5.0 (Windows NT 10.0; WOW64; Trident/7.0; rv:11.0) like Gecko)
[2019-09-10 16:32:31] 200 - OK - text/html
[2019-09-10 16:32:38] REQUEST GET - https://localhost:8082/home/welcome
[2019-09-10 16:32:38] ---- FROM  ::1 (WinNT)
[2019-09-10 16:32:38] ---- BROWSER:  InternetExplorer 11.0 (Mozilla/5.0 (Windows NT 10.0; WOW64; Trident/7.0; rv:11.0) like Gecko)
[2019-09-10 16:32:38] 200 - OK - text/html
[2019-09-10 16:32:52] REQUEST GET - https://localhost:8082/home/welcome
[2019-09-10 16:32:52] ---- FROM  ::1 (WinNT)
[2019-09-10 16:32:52] ---- BROWSER:  InternetExplorer 11.0 (Mozilla/5.0 (Windows NT 10.0; WOW64; Trident/7.0; rv:11.0) like Gecko)
[2019-09-10 16:32:52] 200 - OK - text/html
[2019-09-10 16:33:06] REQUEST GET - https://localhost:8082/home/welcome
[2019-09-10 16:33:06] ---- FROM  ::1 (WinNT)
[2019-09-10 16:33:06] ---- BROWSER:  InternetExplorer 11.0 (Mozilla/5.0 (Windows NT 10.0; WOW64; Trident/7.0; rv:11.0) like Gecko)
[2019-09-10 16:33:06] 200 - OK - text/html
[2019-09-10 16:37:44] REQUEST POST - https://localhost:8082/public/aspx/Home.aspx
[2019-09-10 16:37:44] ---- FROM  ::1 (WinNT)
[2019-09-10 16:37:44] ---- BROWSER:  InternetExplorer 11.0 (Mozilla/5.0 (Windows NT 10.0; WOW64; Trident/7.0; rv:11.0) like Gecko)
[2019-09-10 16:37:44] ---- CONTENT: Token%3D21111141252224224017000011333853%26TokenApiRest%3DeyJ0eXAiOiJKV1QiLCJhbGciOiJIUzI1NiJ9.eyJpc3MiOiJodHRwczpcL1wvd3d3cy5kZXYteWVhcC5pdCIsImlhdCI6MTU0MjI5NDMyMSwibmJmIjoxNTQyMjk0MzIxLCJleHAiOjE1NDI4OTkxMjEsImRhdGEiOnsidXNlciI6eyJpZCI6IjQ0In19fQ.RCP5OeoGASxAyBw1MbMD4BFJAcDM5JIXqYXKBALZcJI%26Logo%3Dhttps%3A%2F%2Flocalhost%3A8082%2Fscratch%2Fpl_logo.png%26Title%3DBusiness+Plan+Test+nr.+3=
[2019-09-10 16:37:44] 302 - Found - text/html
[2019-09-10 16:37:44] REQUEST GET - https://localhost:8082/home/welcome
[2019-09-10 16:37:44] ---- FROM  ::1 (WinNT)
[2019-09-10 16:37:44] ---- BROWSER:  InternetExplorer 11.0 (Mozilla/5.0 (Windows NT 10.0; WOW64; Trident/7.0; rv:11.0) like Gecko)
[2019-09-10 16:37:44] 200 - OK - text/html
[2019-09-10 16:38:07] REQUEST POST - https://localhost:8082/public/aspx/Home.aspx
[2019-09-10 16:38:07] ---- FROM  ::1 (WinNT)
[2019-09-10 16:38:07] ---- BROWSER:  InternetExplorer 11.0 (Mozilla/5.0 (Windows NT 10.0; WOW64; Trident/7.0; rv:11.0) like Gecko)
[2019-09-10 16:38:07] ---- CONTENT: Token%3D61111131252223224013000011333653%26TokenApiRest%3DeyJ0eXAiOiJKV1QiLCJhbGciOiJIUzI1NiJ9.eyJpc3MiOiJodHRwczpcL1wvd3d3cy5kZXYteWVhcC5pdCIsImlhdCI6MTU0MjI5NDMyMSwibmJmIjoxNTQyMjk0MzIxLCJleHAiOjE1NDI4OTkxMjEsImRhdGEiOnsidXNlciI6eyJpZCI6IjQ0In19fQ.RCP5OeoGASxAyBw1MbMD4BFJAcDM5JIXqYXKBALZcJI%26Logo%3Dhttps%3A%2F%2Flocalhost%3A8082%2Fscratch%2Fpl_logo.png%26Title%3DBusiness+Plan+Test+nr.+2=
[2019-09-10 16:38:07] 302 - Found - text/html
[2019-09-10 16:38:07] REQUEST GET - https://localhost:8082/home/welcome
[2019-09-10 16:38:07] ---- FROM  ::1 (WinNT)
[2019-09-10 16:38:07] ---- BROWSER:  InternetExplorer 11.0 (Mozilla/5.0 (Windows NT 10.0; WOW64; Trident/7.0; rv:11.0) like Gecko)
[2019-09-10 16:38:07] 200 - OK - text/html
[2019-09-10 16:41:46] REQUEST POST - https://localhost:8082/public/aspx/Home.aspx
[2019-09-10 16:41:46] ---- FROM  ::1 (WinNT)
[2019-09-10 16:41:46] ---- BROWSER:  Chrome 76.0 (Mozilla/5.0 (Windows NT 10.0; Win64; x64) AppleWebKit/537.36 (KHTML, like Gecko) Chrome/76.0.3809.132 Safari/537.36)
[2019-09-10 16:41:46] ---- CONTENT: Token%3D61111131252223224013000011333653%26TokenApiRest%3DeyJ0eXAiOiJKV1QiLCJhbGciOiJIUzI1NiJ9.eyJpc3MiOiJodHRwczpcL1wvd3d3cy5kZXYteWVhcC5pdCIsImlhdCI6MTU0MjI5NDMyMSwibmJmIjoxNTQyMjk0MzIxLCJleHAiOjE1NDI4OTkxMjEsImRhdGEiOnsidXNlciI6eyJpZCI6IjQ0In19fQ.RCP5OeoGASxAyBw1MbMD4BFJAcDM5JIXqYXKBALZcJI%26Logo%3Dhttps%3A%2F%2Flocalhost%3A8082%2Fscratch%2Fpl_logo.png%26Title%3DBusiness+Plan+Test+nr.+2=
[2019-09-10 16:41:46] 302 - Found - text/html
[2019-09-10 16:41:46] REQUEST GET - https://localhost:8082/home/welcome
[2019-09-10 16:41:46] ---- FROM  ::1 (WinNT)
[2019-09-10 16:41:46] ---- BROWSER:  Chrome 76.0 (Mozilla/5.0 (Windows NT 10.0; Win64; x64) AppleWebKit/537.36 (KHTML, like Gecko) Chrome/76.0.3809.132 Safari/537.36)
[2019-09-10 16:41:46] 200 - OK - text/html
[2019-09-10 16:41:47] REQUEST POST - https://localhost:8082/public/ws/General.asmx/Set
[2019-09-10 16:41:47] ---- FROM  ::1 (WinNT)
[2019-09-10 16:41:47] ---- BROWSER:  Chrome 76.0 (Mozilla/5.0 (Windows NT 10.0; Win64; x64) AppleWebKit/537.36 (KHTML, like Gecko) Chrome/76.0.3809.132 Safari/537.36)
[2019-09-10 16:41:47] ---- CONTENT: {data : "<?xml version='1.0' encoding='utf-8' ?><Request ID='2019091016414713'><General><Token>61111131252223224013000011333653</Token></General><Data><Nome>Business Plan Test nr. 2</Nome><Logo>https%3A%2F%2Flocalhost%3A8082%2Fscratch%2Fpl_logo.png</Logo></Data></Request>"}
[2019-09-10 16:41:47] 200 - OK - application/json
[2019-09-10 16:41:47] REQUEST POST - https://localhost:8082/public/ws/Config.asmx/Economics_Get
[2019-09-10 16:41:47] ---- FROM  ::1 (WinNT)
[2019-09-10 16:41:47] ---- BROWSER:  Chrome 76.0 (Mozilla/5.0 (Windows NT 10.0; Win64; x64) AppleWebKit/537.36 (KHTML, like Gecko) Chrome/76.0.3809.132 Safari/537.36)
[2019-09-10 16:41:47] ---- CONTENT: {data : "<?xml version='1.0' encoding='utf-8' ?><Request ID='20190910164147656'><General><Token>61111131252223224013000011333653</Token></General><Data></Data></Request>"}
[2019-09-10 16:41:47] 200 - OK - application/json
[2019-09-10 16:41:47] REQUEST POST - https://localhost:8082/public/ws/Config.asmx/All_Get
[2019-09-10 16:41:47] ---- FROM  ::1 (WinNT)
[2019-09-10 16:41:47] ---- BROWSER:  Chrome 76.0 (Mozilla/5.0 (Windows NT 10.0; Win64; x64) AppleWebKit/537.36 (KHTML, like Gecko) Chrome/76.0.3809.132 Safari/537.36)
[2019-09-10 16:41:47] ---- CONTENT: {data : "<?xml version='1.0' encoding='utf-8' ?><Request ID='20190910164147842'><General><Token>61111131252223224013000011333653</Token></General><Data></Data></Request>"}
[2019-09-10 16:41:47] REQUEST POST - https://localhost:8082/public/ws/Economics.asmx/messaggi_summary
[2019-09-10 16:41:47] ---- FROM  ::1 (WinNT)
[2019-09-10 16:41:47] ---- BROWSER:  Chrome 76.0 (Mozilla/5.0 (Windows NT 10.0; Win64; x64) AppleWebKit/537.36 (KHTML, like Gecko) Chrome/76.0.3809.132 Safari/537.36)
[2019-09-10 16:41:48] ---- CONTENT: {data : "<?xml version='1.0' encoding='utf-8' ?><Request ID='20190910164147873'><General><Token>61111131252223224013000011333653</Token></General><Data></Data></Request>"}
[2019-09-10 16:41:48] REQUEST POST - https://localhost:8082/public/ws/Config.asmx/All_Get
[2019-09-10 16:41:48] ---- FROM  ::1 (WinNT)
[2019-09-10 16:41:48] ---- BROWSER:  Chrome 76.0 (Mozilla/5.0 (Windows NT 10.0; Win64; x64) AppleWebKit/537.36 (KHTML, like Gecko) Chrome/76.0.3809.132 Safari/537.36)
[2019-09-10 16:41:48] ---- CONTENT: {data : "<?xml version='1.0' encoding='utf-8' ?><Request ID='2019091016414819'><General><Token>61111131252223224013000011333653</Token></General><Data></Data></Request>"}
[2019-09-10 16:41:48] 200 - OK - application/json
[2019-09-10 16:41:48] REQUEST POST - https://localhost:8082/public/ws/Config.asmx/All_Get
[2019-09-10 16:41:48] ---- FROM  ::1 (WinNT)
[2019-09-10 16:41:48] ---- BROWSER:  Chrome 76.0 (Mozilla/5.0 (Windows NT 10.0; Win64; x64) AppleWebKit/537.36 (KHTML, like Gecko) Chrome/76.0.3809.132 Safari/537.36)
[2019-09-10 16:41:48] ---- CONTENT: {data : "<?xml version='1.0' encoding='utf-8' ?><Request ID='20190910164148290'><General><Token>61111131252223224013000011333653</Token></General><Data></Data></Request>"}
[2019-09-10 16:41:48] 200 - OK - application/json
[2019-09-10 16:41:48] 200 - OK - application/json
[2019-09-10 16:41:48] 200 - OK - application/json
[2019-09-10 16:41:51] REQUEST GET - https://localhost:8082/settings/settings
[2019-09-10 16:41:51] ---- FROM  ::1 (WinNT)
[2019-09-10 16:41:51] ---- BROWSER:  Chrome 76.0 (Mozilla/5.0 (Windows NT 10.0; Win64; x64) AppleWebKit/537.36 (KHTML, like Gecko) Chrome/76.0.3809.132 Safari/537.36)
[2019-09-10 16:41:51] 200 - OK - text/html
[2019-09-10 16:41:52] REQUEST POST - https://localhost:8082/public/ws/General.asmx/Set
[2019-09-10 16:41:52] ---- FROM  ::1 (WinNT)
[2019-09-10 16:41:52] ---- BROWSER:  Chrome 76.0 (Mozilla/5.0 (Windows NT 10.0; Win64; x64) AppleWebKit/537.36 (KHTML, like Gecko) Chrome/76.0.3809.132 Safari/537.36)
[2019-09-10 16:41:52] ---- CONTENT: {data : "<?xml version='1.0' encoding='utf-8' ?><Request ID='20190910164152423'><General><Token>61111131252223224013000011333653</Token></General><Data><Nome></Nome><Logo>https%3A%2F%2Flocalhost%3A8082%2Fscratch%2Fpl_logo.png</Logo></Data></Request>"}
[2019-09-10 16:41:52] 200 - OK - application/json
[2019-09-10 16:41:52] REQUEST POST - https://localhost:8082/public/ws/Config.asmx/General_Get
[2019-09-10 16:41:52] ---- FROM  ::1 (WinNT)
[2019-09-10 16:41:52] ---- BROWSER:  Chrome 76.0 (Mozilla/5.0 (Windows NT 10.0; Win64; x64) AppleWebKit/537.36 (KHTML, like Gecko) Chrome/76.0.3809.132 Safari/537.36)
[2019-09-10 16:41:52] ---- CONTENT: {data : "<?xml version='1.0' encoding='utf-8' ?><Request ID='20190910164152500'><General><Token>61111131252223224013000011333653</Token></General><Data></Data></Request>"}
[2019-09-10 16:41:52] 200 - OK - application/json
[2019-09-10 16:41:52] REQUEST POST - https://localhost:8082/public/ws/Config.asmx/All_Get
[2019-09-10 16:41:52] ---- FROM  ::1 (WinNT)
[2019-09-10 16:41:52] ---- BROWSER:  Chrome 76.0 (Mozilla/5.0 (Windows NT 10.0; Win64; x64) AppleWebKit/537.36 (KHTML, like Gecko) Chrome/76.0.3809.132 Safari/537.36)
[2019-09-10 16:41:52] ---- CONTENT: {data : "<?xml version='1.0' encoding='utf-8' ?><Request ID='20190910164152829'><General><Token>61111131252223224013000011333653</Token></General><Data></Data></Request>"}
[2019-09-10 16:41:53] REQUEST GET - https://localhost:8082/public/ws/Resources.ashx/xml-general
[2019-09-10 16:41:53] ---- FROM  ::1 (WinNT)
[2019-09-10 16:41:53] ---- BROWSER:  Chrome 76.0 (Mozilla/5.0 (Windows NT 10.0; Win64; x64) AppleWebKit/537.36 (KHTML, like Gecko) Chrome/76.0.3809.132 Safari/537.36)
[2019-09-10 16:41:52] REQUEST POST - https://localhost:8082/public/ws/Economics.asmx/messaggi_summary
[2019-09-10 16:41:53] 200 - OK - application/json
[2019-09-10 16:41:53] REQUEST POST - https://localhost:8082/public/ws/Config.asmx/All_Get
[2019-09-10 16:41:53] ---- FROM  ::1 (WinNT)
[2019-09-10 16:41:53] ---- BROWSER:  Chrome 76.0 (Mozilla/5.0 (Windows NT 10.0; Win64; x64) AppleWebKit/537.36 (KHTML, like Gecko) Chrome/76.0.3809.132 Safari/537.36)
[2019-09-10 16:41:53] ---- CONTENT: {data : "<?xml version='1.0' encoding='utf-8' ?><Request ID='2019091016415314'><General><Token>61111131252223224013000011333653</Token></General><Data></Data></Request>"}
[2019-09-10 16:41:53] ---- FROM  ::1 (WinNT)
[2019-09-10 16:41:53] 200 - OK - text/xml
[2019-09-10 16:41:53] ---- BROWSER:  Chrome 76.0 (Mozilla/5.0 (Windows NT 10.0; Win64; x64) AppleWebKit/537.36 (KHTML, like Gecko) Chrome/76.0.3809.132 Safari/537.36)
[2019-09-10 16:41:53] ---- CONTENT: {data : "<?xml version='1.0' encoding='utf-8' ?><Request ID='20190910164152858'><General><Token>61111131252223224013000011333653</Token></General><Data></Data></Request>"}
[2019-09-10 16:41:53] REQUEST GET - https://localhost:8082/public/ws/Resources.ashx/xml-general
[2019-09-10 16:41:53] ---- FROM  ::1 (WinNT)
[2019-09-10 16:41:53] ---- BROWSER:  Chrome 76.0 (Mozilla/5.0 (Windows NT 10.0; Win64; x64) AppleWebKit/537.36 (KHTML, like Gecko) Chrome/76.0.3809.132 Safari/537.36)
[2019-09-10 16:41:53] 200 - OK - application/json
[2019-09-10 16:41:53] 200 - OK - application/json
[2019-09-10 16:41:53] 200 - OK - text/xml
[2019-09-10 16:41:53] REQUEST POST - https://localhost:8082/public/ws/Config.asmx/All_Get
[2019-09-10 16:41:53] ---- FROM  ::1 (WinNT)
[2019-09-10 16:41:53] ---- BROWSER:  Chrome 76.0 (Mozilla/5.0 (Windows NT 10.0; Win64; x64) AppleWebKit/537.36 (KHTML, like Gecko) Chrome/76.0.3809.132 Safari/537.36)
[2019-09-10 16:41:53] ---- CONTENT: {data : "<?xml version='1.0' encoding='utf-8' ?><Request ID='20190910164153362'><General><Token>61111131252223224013000011333653</Token></General><Data></Data></Request>"}
[2019-09-10 16:41:53] 200 - OK - application/json
[2019-09-10 16:42:06] REQUEST GET - https://localhost:8082/qa/qualitativa
[2019-09-10 16:42:06] ---- FROM  ::1 (WinNT)
[2019-09-10 16:42:06] ---- BROWSER:  Chrome 76.0 (Mozilla/5.0 (Windows NT 10.0; Win64; x64) AppleWebKit/537.36 (KHTML, like Gecko) Chrome/76.0.3809.132 Safari/537.36)
[2019-09-10 16:42:06] 200 - OK - text/html
[2019-09-10 16:42:07] REQUEST POST - https://localhost:8082/public/ws/QAnalysis.asmx/Get
[2019-09-10 16:42:07] ---- FROM  ::1 (WinNT)
[2019-09-10 16:42:07] ---- BROWSER:  Chrome 76.0 (Mozilla/5.0 (Windows NT 10.0; Win64; x64) AppleWebKit/537.36 (KHTML, like Gecko) Chrome/76.0.3809.132 Safari/537.36)
[2019-09-10 16:42:07] ---- CONTENT: {data : "<?xml version='1.0' encoding='utf-8' ?><Request ID='20190910164207183'><General><Token>61111131252223224013000011333653</Token></General><Data></Data></Request>"}
[2019-09-10 16:42:07] 200 - OK - application/json
[2019-09-10 16:42:07] REQUEST POST - https://localhost:8082/public/ws/Config.asmx/All_Get
[2019-09-10 16:42:07] ---- FROM  ::1 (WinNT)
[2019-09-10 16:42:07] ---- BROWSER:  Chrome 76.0 (Mozilla/5.0 (Windows NT 10.0; Win64; x64) AppleWebKit/537.36 (KHTML, like Gecko) Chrome/76.0.3809.132 Safari/537.36)
[2019-09-10 16:42:07] ---- CONTENT: {data : "<?xml version='1.0' encoding='utf-8' ?><Request ID='20190910164207392'><General><Token>61111131252223224013000011333653</Token></General><Data></Data></Request>"}
[2019-09-10 16:42:07] 200 - OK - application/json
[2019-09-10 16:42:07] REQUEST POST - https://localhost:8082/public/ws/Economics.asmx/messaggi_summary
[2019-09-10 16:42:07] ---- FROM  ::1 (WinNT)
[2019-09-10 16:42:07] ---- BROWSER:  Chrome 76.0 (Mozilla/5.0 (Windows NT 10.0; Win64; x64) AppleWebKit/537.36 (KHTML, like Gecko) Chrome/76.0.3809.132 Safari/537.36)
[2019-09-10 16:42:07] ---- CONTENT: {data : "<?xml version='1.0' encoding='utf-8' ?><Request ID='20190910164207430'><General><Token>61111131252223224013000011333653</Token></General><Data></Data></Request>"}
[2019-09-10 16:42:07] 200 - OK - application/json
[2019-09-10 16:42:07] REQUEST GET - https://localhost:8082/public/ws/Resources.ashx/xml-qa
[2019-09-10 16:42:07] ---- FROM  ::1 (WinNT)
[2019-09-10 16:42:07] ---- BROWSER:  Chrome 76.0 (Mozilla/5.0 (Windows NT 10.0; Win64; x64) AppleWebKit/537.36 (KHTML, like Gecko) Chrome/76.0.3809.132 Safari/537.36)
[2019-09-10 16:42:07] 200 - OK - text/xml
[2019-09-10 16:42:07] REQUEST POST - https://localhost:8082/public/ws/Config.asmx/All_Get
[2019-09-10 16:42:07] ---- FROM  ::1 (WinNT)
[2019-09-10 16:42:07] ---- BROWSER:  Chrome 76.0 (Mozilla/5.0 (Windows NT 10.0; Win64; x64) AppleWebKit/537.36 (KHTML, like Gecko) Chrome/76.0.3809.132 Safari/537.36)
[2019-09-10 16:42:07] ---- CONTENT: {data : "<?xml version='1.0' encoding='utf-8' ?><Request ID='20190910164207556'><General><Token>61111131252223224013000011333653</Token></General><Data></Data></Request>"}
[2019-09-10 16:42:07] REQUEST POST - https://localhost:8082/public/ws/Config.asmx/All_Get
[2019-09-10 16:42:07] ---- FROM  ::1 (WinNT)
[2019-09-10 16:42:07] REQUEST GET - https://localhost:8082/public/ws/Resources.ashx/xml-qa
[2019-09-10 16:42:07] ---- FROM  ::1 (WinNT)
[2019-09-10 16:42:07] ---- BROWSER:  Chrome 76.0 (Mozilla/5.0 (Windows NT 10.0; Win64; x64) AppleWebKit/537.36 (KHTML, like Gecko) Chrome/76.0.3809.132 Safari/537.36)
[2019-09-10 16:42:07] 200 - OK - text/xml
[2019-09-10 16:42:07] 200 - OK - application/json
[2019-09-10 16:42:07] ---- BROWSER:  Chrome 76.0 (Mozilla/5.0 (Windows NT 10.0; Win64; x64) AppleWebKit/537.36 (KHTML, like Gecko) Chrome/76.0.3809.132 Safari/537.36)
[2019-09-10 16:42:07] ---- CONTENT: {data : "<?xml version='1.0' encoding='utf-8' ?><Request ID='20190910164207594'><General><Token>61111131252223224013000011333653</Token></General><Data></Data></Request>"}
[2019-09-10 16:42:07] REQUEST GET - https://localhost:8082/public/ws/Resources.ashx/xml-qa
[2019-09-10 16:42:07] ---- FROM  ::1 (WinNT)
[2019-09-10 16:42:07] ---- BROWSER:  Chrome 76.0 (Mozilla/5.0 (Windows NT 10.0; Win64; x64) AppleWebKit/537.36 (KHTML, like Gecko) Chrome/76.0.3809.132 Safari/537.36)
[2019-09-10 16:42:07] 200 - OK - text/xml
[2019-09-10 16:42:07] 200 - OK - application/json
[2019-09-10 16:42:07] REQUEST GET - https://localhost:8082/public/ws/Resources.ashx/xml-qa
[2019-09-10 16:42:07] ---- FROM  ::1 (WinNT)
[2019-09-10 16:42:07] ---- BROWSER:  Chrome 76.0 (Mozilla/5.0 (Windows NT 10.0; Win64; x64) AppleWebKit/537.36 (KHTML, like Gecko) Chrome/76.0.3809.132 Safari/537.36)
[2019-09-10 16:42:07] 200 - OK - text/xml
[2019-09-10 16:42:07] REQUEST GET - https://localhost:8082/public/ws/Resources.ashx/xml-qa
[2019-09-10 16:42:07] ---- FROM  ::1 (WinNT)
[2019-09-10 16:42:07] ---- BROWSER:  Chrome 76.0 (Mozilla/5.0 (Windows NT 10.0; Win64; x64) AppleWebKit/537.36 (KHTML, like Gecko) Chrome/76.0.3809.132 Safari/537.36)
[2019-09-10 16:42:07] 200 - OK - text/xml
[2019-09-10 16:42:07] REQUEST GET - https://localhost:8082/public/ws/Resources.ashx/xml-qa
[2019-09-10 16:42:07] ---- FROM  ::1 (WinNT)
[2019-09-10 16:42:07] ---- BROWSER:  Chrome 76.0 (Mozilla/5.0 (Windows NT 10.0; Win64; x64) AppleWebKit/537.36 (KHTML, like Gecko) Chrome/76.0.3809.132 Safari/537.36)
[2019-09-10 16:42:07] 200 - OK - text/xml
[2019-09-10 16:42:07] REQUEST GET - https://localhost:8082/public/ws/Resources.ashx/xml-qa
[2019-09-10 16:42:07] ---- FROM  ::1 (WinNT)
[2019-09-10 16:42:07] ---- BROWSER:  Chrome 76.0 (Mozilla/5.0 (Windows NT 10.0; Win64; x64) AppleWebKit/537.36 (KHTML, like Gecko) Chrome/76.0.3809.132 Safari/537.36)
[2019-09-10 16:42:07] 200 - OK - text/xml
[2019-09-10 16:42:07] REQUEST GET - https://localhost:8082/public/ws/Resources.ashx/xml-qa
[2019-09-10 16:42:07] ---- FROM  ::1 (WinNT)
[2019-09-10 16:42:07] ---- BROWSER:  Chrome 76.0 (Mozilla/5.0 (Windows NT 10.0; Win64; x64) AppleWebKit/537.36 (KHTML, like Gecko) Chrome/76.0.3809.132 Safari/537.36)
[2019-09-10 16:42:07] 200 - OK - text/xml
[2019-09-10 16:42:07] REQUEST GET - https://localhost:8082/public/ws/Resources.ashx/xml-qa
[2019-09-10 16:42:07] ---- FROM  ::1 (WinNT)
[2019-09-10 16:42:07] ---- BROWSER:  Chrome 76.0 (Mozilla/5.0 (Windows NT 10.0; Win64; x64) AppleWebKit/537.36 (KHTML, like Gecko) Chrome/76.0.3809.132 Safari/537.36)
[2019-09-10 16:42:07] 200 - OK - text/xml
[2019-09-10 16:42:07] REQUEST GET - https://localhost:8082/public/ws/Resources.ashx/xml-qa
[2019-09-10 16:42:07] ---- FROM  ::1 (WinNT)
[2019-09-10 16:42:07] ---- BROWSER:  Chrome 76.0 (Mozilla/5.0 (Windows NT 10.0; Win64; x64) AppleWebKit/537.36 (KHTML, like Gecko) Chrome/76.0.3809.132 Safari/537.36)
[2019-09-10 16:42:07] 200 - OK - text/xml
[2019-09-10 16:42:07] REQUEST GET - https://localhost:8082/public/ws/Resources.ashx/xml-qa
[2019-09-10 16:42:08] ---- FROM  ::1 (WinNT)
[2019-09-10 16:42:08] ---- BROWSER:  Chrome 76.0 (Mozilla/5.0 (Windows NT 10.0; Win64; x64) AppleWebKit/537.36 (KHTML, like Gecko) Chrome/76.0.3809.132 Safari/537.36)
[2019-09-10 16:42:08] 200 - OK - text/xml
[2019-09-10 16:42:08] REQUEST GET - https://localhost:8082/public/ws/Resources.ashx/xml-qa
[2019-09-10 16:42:08] ---- FROM  ::1 (WinNT)
[2019-09-10 16:42:08] ---- BROWSER:  Chrome 76.0 (Mozilla/5.0 (Windows NT 10.0; Win64; x64) AppleWebKit/537.36 (KHTML, like Gecko) Chrome/76.0.3809.132 Safari/537.36)
[2019-09-10 16:42:08] 200 - OK - text/xml
[2019-09-10 16:42:08] REQUEST GET - https://localhost:8082/public/ws/Resources.ashx/xml-qa
[2019-09-10 16:42:08] ---- FROM  ::1 (WinNT)
[2019-09-10 16:42:08] ---- BROWSER:  Chrome 76.0 (Mozilla/5.0 (Windows NT 10.0; Win64; x64) AppleWebKit/537.36 (KHTML, like Gecko) Chrome/76.0.3809.132 Safari/537.36)
[2019-09-10 16:42:08] 200 - OK - text/xml
[2019-09-10 16:42:08] REQUEST GET - https://localhost:8082/public/ws/Resources.ashx/xml-qa
[2019-09-10 16:42:08] ---- FROM  ::1 (WinNT)
[2019-09-10 16:42:08] ---- BROWSER:  Chrome 76.0 (Mozilla/5.0 (Windows NT 10.0; Win64; x64) AppleWebKit/537.36 (KHTML, like Gecko) Chrome/76.0.3809.132 Safari/537.36)
[2019-09-10 16:42:08] 200 - OK - text/xml
[2019-09-10 16:42:08] REQUEST GET - https://localhost:8082/public/ws/Resources.ashx/xml-qa
[2019-09-10 16:42:08] ---- FROM  ::1 (WinNT)
[2019-09-10 16:42:08] ---- BROWSER:  Chrome 76.0 (Mozilla/5.0 (Windows NT 10.0; Win64; x64) AppleWebKit/537.36 (KHTML, like Gecko) Chrome/76.0.3809.132 Safari/537.36)
[2019-09-10 16:42:08] 200 - OK - text/xml
[2019-09-10 16:42:08] REQUEST GET - https://localhost:8082/public/ws/Resources.ashx/xml-qa
[2019-09-10 16:42:08] ---- FROM  ::1 (WinNT)
[2019-09-10 16:42:08] ---- BROWSER:  Chrome 76.0 (Mozilla/5.0 (Windows NT 10.0; Win64; x64) AppleWebKit/537.36 (KHTML, like Gecko) Chrome/76.0.3809.132 Safari/537.36)
[2019-09-10 16:42:08] 200 - OK - text/xml
[2019-09-10 16:42:08] REQUEST GET - https://localhost:8082/public/ws/Resources.ashx/xml-qa
[2019-09-10 16:42:08] ---- FROM  ::1 (WinNT)
[2019-09-10 16:42:08] ---- BROWSER:  Chrome 76.0 (Mozilla/5.0 (Windows NT 10.0; Win64; x64) AppleWebKit/537.36 (KHTML, like Gecko) Chrome/76.0.3809.132 Safari/537.36)
[2019-09-10 16:42:08] 200 - OK - text/xml
[2019-09-10 16:42:08] REQUEST GET - https://localhost:8082/public/ws/Resources.ashx/xml-qa
[2019-09-10 16:42:08] ---- FROM  ::1 (WinNT)
[2019-09-10 16:42:08] ---- BROWSER:  Chrome 76.0 (Mozilla/5.0 (Windows NT 10.0; Win64; x64) AppleWebKit/537.36 (KHTML, like Gecko) Chrome/76.0.3809.132 Safari/537.36)
[2019-09-10 16:42:08] 200 - OK - text/xml
[2019-09-10 16:42:08] REQUEST GET - https://localhost:8082/public/ws/Resources.ashx/xml-qa
[2019-09-10 16:42:08] ---- FROM  ::1 (WinNT)
[2019-09-10 16:42:08] ---- BROWSER:  Chrome 76.0 (Mozilla/5.0 (Windows NT 10.0; Win64; x64) AppleWebKit/537.36 (KHTML, like Gecko) Chrome/76.0.3809.132 Safari/537.36)
[2019-09-10 16:42:08] 200 - OK - text/xml
[2019-09-10 16:42:08] REQUEST GET - https://localhost:8082/public/ws/Resources.ashx/xml-qa
[2019-09-10 16:42:08] ---- FROM  ::1 (WinNT)
[2019-09-10 16:42:08] ---- BROWSER:  Chrome 76.0 (Mozilla/5.0 (Windows NT 10.0; Win64; x64) AppleWebKit/537.36 (KHTML, like Gecko) Chrome/76.0.3809.132 Safari/537.36)
[2019-09-10 16:42:08] 200 - OK - text/xml
[2019-09-10 16:42:08] REQUEST GET - https://localhost:8082/public/ws/Resources.ashx/xml-qa
[2019-09-10 16:42:08] ---- FROM  ::1 (WinNT)
[2019-09-10 16:42:08] ---- BROWSER:  Chrome 76.0 (Mozilla/5.0 (Windows NT 10.0; Win64; x64) AppleWebKit/537.36 (KHTML, like Gecko) Chrome/76.0.3809.132 Safari/537.36)
[2019-09-10 16:42:08] 200 - OK - text/xml
[2019-09-10 16:42:08] REQUEST GET - https://localhost:8082/public/ws/Resources.ashx/xml-qa
[2019-09-10 16:42:08] ---- FROM  ::1 (WinNT)
[2019-09-10 16:42:08] ---- BROWSER:  Chrome 76.0 (Mozilla/5.0 (Windows NT 10.0; Win64; x64) AppleWebKit/537.36 (KHTML, like Gecko) Chrome/76.0.3809.132 Safari/537.36)
[2019-09-10 16:42:08] 200 - OK - text/xml
[2019-09-10 16:42:08] REQUEST GET - https://localhost:8082/public/ws/Resources.ashx/xml-qa
[2019-09-10 16:42:08] ---- FROM  ::1 (WinNT)
[2019-09-10 16:42:08] ---- BROWSER:  Chrome 76.0 (Mozilla/5.0 (Windows NT 10.0; Win64; x64) AppleWebKit/537.36 (KHTML, like Gecko) Chrome/76.0.3809.132 Safari/537.36)
[2019-09-10 16:42:08] 200 - OK - text/xml
[2019-09-10 16:42:08] REQUEST GET - https://localhost:8082/public/ws/Resources.ashx/xml-qa
[2019-09-10 16:42:08] ---- FROM  ::1 (WinNT)
[2019-09-10 16:42:08] ---- BROWSER:  Chrome 76.0 (Mozilla/5.0 (Windows NT 10.0; Win64; x64) AppleWebKit/537.36 (KHTML, like Gecko) Chrome/76.0.3809.132 Safari/537.36)
[2019-09-10 16:42:08] 200 - OK - text/xml
[2019-09-10 16:42:08] REQUEST GET - https://localhost:8082/public/ws/Resources.ashx/xml-qa
[2019-09-10 16:42:08] ---- FROM  ::1 (WinNT)
[2019-09-10 16:42:08] ---- BROWSER:  Chrome 76.0 (Mozilla/5.0 (Windows NT 10.0; Win64; x64) AppleWebKit/537.36 (KHTML, like Gecko) Chrome/76.0.3809.132 Safari/537.36)
[2019-09-10 16:42:08] 200 - OK - text/xml
[2019-09-10 16:42:08] REQUEST GET - https://localhost:8082/public/ws/Resources.ashx/xml-qa
[2019-09-10 16:42:08] ---- FROM  ::1 (WinNT)
[2019-09-10 16:42:08] ---- BROWSER:  Chrome 76.0 (Mozilla/5.0 (Windows NT 10.0; Win64; x64) AppleWebKit/537.36 (KHTML, like Gecko) Chrome/76.0.3809.132 Safari/537.36)
[2019-09-10 16:42:08] 200 - OK - text/xml
[2019-09-10 16:42:08] REQUEST GET - https://localhost:8082/public/ws/Resources.ashx/xml-qa
[2019-09-10 16:42:08] ---- FROM  ::1 (WinNT)
[2019-09-10 16:42:08] ---- BROWSER:  Chrome 76.0 (Mozilla/5.0 (Windows NT 10.0; Win64; x64) AppleWebKit/537.36 (KHTML, like Gecko) Chrome/76.0.3809.132 Safari/537.36)
[2019-09-10 16:42:08] 200 - OK - text/xml
[2019-09-10 16:42:08] REQUEST GET - https://localhost:8082/public/ws/Resources.ashx/xml-qa
[2019-09-10 16:42:08] ---- FROM  ::1 (WinNT)
[2019-09-10 16:42:08] ---- BROWSER:  Chrome 76.0 (Mozilla/5.0 (Windows NT 10.0; Win64; x64) AppleWebKit/537.36 (KHTML, like Gecko) Chrome/76.0.3809.132 Safari/537.36)
[2019-09-10 16:42:08] 200 - OK - text/xml
[2019-09-10 16:42:08] REQUEST GET - https://localhost:8082/public/ws/Resources.ashx/xml-qa
[2019-09-10 16:42:08] ---- FROM  ::1 (WinNT)
[2019-09-10 16:42:08] ---- BROWSER:  Chrome 76.0 (Mozilla/5.0 (Windows NT 10.0; Win64; x64) AppleWebKit/537.36 (KHTML, like Gecko) Chrome/76.0.3809.132 Safari/537.36)
[2019-09-10 16:42:08] 200 - OK - text/xml
[2019-09-10 16:42:08] REQUEST GET - https://localhost:8082/public/ws/Resources.ashx/xml-qa
[2019-09-10 16:42:08] ---- FROM  ::1 (WinNT)
[2019-09-10 16:42:08] ---- BROWSER:  Chrome 76.0 (Mozilla/5.0 (Windows NT 10.0; Win64; x64) AppleWebKit/537.36 (KHTML, like Gecko) Chrome/76.0.3809.132 Safari/537.36)
[2019-09-10 16:42:08] 200 - OK - text/xml
[2019-09-10 16:42:08] REQUEST GET - https://localhost:8082/public/ws/Resources.ashx/xml-qa
[2019-09-10 16:42:08] ---- FROM  ::1 (WinNT)
[2019-09-10 16:42:08] ---- BROWSER:  Chrome 76.0 (Mozilla/5.0 (Windows NT 10.0; Win64; x64) AppleWebKit/537.36 (KHTML, like Gecko) Chrome/76.0.3809.132 Safari/537.36)
[2019-09-10 16:42:08] 200 - OK - text/xml
[2019-09-10 16:42:08] REQUEST GET - https://localhost:8082/public/ws/Resources.ashx/xml-qa
[2019-09-10 16:42:08] ---- FROM  ::1 (WinNT)
[2019-09-10 16:42:08] ---- BROWSER:  Chrome 76.0 (Mozilla/5.0 (Windows NT 10.0; Win64; x64) AppleWebKit/537.36 (KHTML, like Gecko) Chrome/76.0.3809.132 Safari/537.36)
[2019-09-10 16:42:08] 200 - OK - text/xml
[2019-09-10 16:42:08] REQUEST GET - https://localhost:8082/public/ws/Resources.ashx/xml-qa
[2019-09-10 16:42:08] ---- FROM  ::1 (WinNT)
[2019-09-10 16:42:08] ---- BROWSER:  Chrome 76.0 (Mozilla/5.0 (Windows NT 10.0; Win64; x64) AppleWebKit/537.36 (KHTML, like Gecko) Chrome/76.0.3809.132 Safari/537.36)
[2019-09-10 16:42:08] 200 - OK - text/xml
[2019-09-10 16:42:08] REQUEST GET - https://localhost:8082/public/ws/Resources.ashx/xml-qa
[2019-09-10 16:42:08] ---- FROM  ::1 (WinNT)
[2019-09-10 16:42:08] ---- BROWSER:  Chrome 76.0 (Mozilla/5.0 (Windows NT 10.0; Win64; x64) AppleWebKit/537.36 (KHTML, like Gecko) Chrome/76.0.3809.132 Safari/537.36)
[2019-09-10 16:42:08] 200 - OK - text/xml
[2019-09-10 16:42:08] REQUEST GET - https://localhost:8082/public/ws/Resources.ashx/xml-qa
[2019-09-10 16:42:08] ---- FROM  ::1 (WinNT)
[2019-09-10 16:42:08] ---- BROWSER:  Chrome 76.0 (Mozilla/5.0 (Windows NT 10.0; Win64; x64) AppleWebKit/537.36 (KHTML, like Gecko) Chrome/76.0.3809.132 Safari/537.36)
[2019-09-10 16:42:08] 200 - OK - text/xml
[2019-09-10 16:42:26] REQUEST POST - https://localhost:8082/public/aspx/Home.aspx
[2019-09-10 16:42:26] ---- FROM  ::1 (WinNT)
[2019-09-10 16:42:26] ---- BROWSER:  Firefox 69.0 (Mozilla/5.0 (Windows NT 10.0; Win64; x64; rv:69.0) Gecko/20100101 Firefox/69.0)
[2019-09-10 16:42:26] ---- CONTENT: Token%3D61111131252223224013000011333653%26TokenApiRest%3DeyJ0eXAiOiJKV1QiLCJhbGciOiJIUzI1NiJ9.eyJpc3MiOiJodHRwczpcL1wvd3d3cy5kZXYteWVhcC5pdCIsImlhdCI6MTU0MjI5NDMyMSwibmJmIjoxNTQyMjk0MzIxLCJleHAiOjE1NDI4OTkxMjEsImRhdGEiOnsidXNlciI6eyJpZCI6IjQ0In19fQ.RCP5OeoGASxAyBw1MbMD4BFJAcDM5JIXqYXKBALZcJI%26Logo%3Dhttps%3A%2F%2Flocalhost%3A8082%2Fscratch%2Fpl_logo.png%26Title%3DBusiness+Plan+Test+nr.+2=
[2019-09-10 16:42:26] 302 - Found - text/html
[2019-09-10 16:42:27] REQUEST GET - https://localhost:8082/home/welcome
[2019-09-10 16:42:27] ---- FROM  ::1 (WinNT)
[2019-09-10 16:42:27] ---- BROWSER:  Firefox 69.0 (Mozilla/5.0 (Windows NT 10.0; Win64; x64; rv:69.0) Gecko/20100101 Firefox/69.0)
[2019-09-10 16:42:27] 200 - OK - text/html
[2019-09-10 16:42:27] REQUEST POST - https://localhost:8082/public/ws/General.asmx/Set
[2019-09-10 16:42:27] ---- FROM  ::1 (WinNT)
[2019-09-10 16:42:27] ---- BROWSER:  Firefox 69.0 (Mozilla/5.0 (Windows NT 10.0; Win64; x64; rv:69.0) Gecko/20100101 Firefox/69.0)
[2019-09-10 16:42:27] ---- CONTENT: {data : "<?xml version='1.0' encoding='utf-8' ?><Request ID='20190910164227700'><General><Token>61111131252223224013000011333653</Token></General><Data><Nome>Business Plan Test nr. 2</Nome><Logo>https%3A%2F%2Flocalhost%3A8082%2Fscratch%2Fpl_logo.png</Logo></Data></Request>"}
[2019-09-10 16:42:27] 200 - OK - application/json
[2019-09-10 16:42:27] REQUEST POST - https://localhost:8082/public/ws/Config.asmx/Economics_Get
[2019-09-10 16:42:27] ---- FROM  ::1 (WinNT)
[2019-09-10 16:42:27] ---- BROWSER:  Firefox 69.0 (Mozilla/5.0 (Windows NT 10.0; Win64; x64; rv:69.0) Gecko/20100101 Firefox/69.0)
[2019-09-10 16:42:27] ---- CONTENT: {data : "<?xml version='1.0' encoding='utf-8' ?><Request ID='20190910164227736'><General><Token>61111131252223224013000011333653</Token></General><Data></Data></Request>"}
[2019-09-10 16:42:27] 200 - OK - application/json
[2019-09-10 16:42:27] REQUEST POST - https://localhost:8082/public/ws/Config.asmx/All_Get
[2019-09-10 16:42:27] ---- FROM  ::1 (WinNT)
[2019-09-10 16:42:27] ---- BROWSER:  Firefox 69.0 (Mozilla/5.0 (Windows NT 10.0; Win64; x64; rv:69.0) Gecko/20100101 Firefox/69.0)
[2019-09-10 16:42:27] ---- CONTENT: {data : "<?xml version='1.0' encoding='utf-8' ?><Request ID='20190910164227794'><General><Token>61111131252223224013000011333653</Token></General><Data></Data></Request>"}
[2019-09-10 16:42:27] 200 - OK - application/json
[2019-09-10 16:42:27] REQUEST POST - https://localhost:8082/public/ws/Economics.asmx/messaggi_summary
[2019-09-10 16:42:27] ---- FROM  ::1 (WinNT)
[2019-09-10 16:42:27] ---- BROWSER:  Firefox 69.0 (Mozilla/5.0 (Windows NT 10.0; Win64; x64; rv:69.0) Gecko/20100101 Firefox/69.0)
[2019-09-10 16:42:27] ---- CONTENT: {data : "<?xml version='1.0' encoding='utf-8' ?><Request ID='20190910164227853'><General><Token>61111131252223224013000011333653</Token></General><Data></Data></Request>"}
[2019-09-10 16:42:27] 200 - OK - application/json
[2019-09-10 16:42:27] REQUEST POST - https://localhost:8082/public/ws/Config.asmx/All_Get
[2019-09-10 16:42:27] ---- FROM  ::1 (WinNT)
[2019-09-10 16:42:27] ---- BROWSER:  Firefox 69.0 (Mozilla/5.0 (Windows NT 10.0; Win64; x64; rv:69.0) Gecko/20100101 Firefox/69.0)
[2019-09-10 16:42:27] ---- CONTENT: {data : "<?xml version='1.0' encoding='utf-8' ?><Request ID='20190910164227976'><General><Token>61111131252223224013000011333653</Token></General><Data></Data></Request>"}
[2019-09-10 16:42:28] 200 - OK - application/json
[2019-09-10 16:42:28] REQUEST POST - https://localhost:8082/public/ws/Config.asmx/All_Get
[2019-09-10 16:42:28] ---- FROM  ::1 (WinNT)
[2019-09-10 16:42:28] ---- BROWSER:  Firefox 69.0 (Mozilla/5.0 (Windows NT 10.0; Win64; x64; rv:69.0) Gecko/20100101 Firefox/69.0)
[2019-09-10 16:42:28] ---- CONTENT: {data : "<?xml version='1.0' encoding='utf-8' ?><Request ID='2019091016422889'><General><Token>61111131252223224013000011333653</Token></General><Data></Data></Request>"}
[2019-09-10 16:42:28] 200 - OK - application/json
[2019-09-10 16:42:30] REQUEST GET - https://localhost:8082/settings/settings
[2019-09-10 16:42:30] ---- FROM  ::1 (WinNT)
[2019-09-10 16:42:30] ---- BROWSER:  Firefox 69.0 (Mozilla/5.0 (Windows NT 10.0; Win64; x64; rv:69.0) Gecko/20100101 Firefox/69.0)
[2019-09-10 16:42:30] 200 - OK - text/html
[2019-09-10 16:42:30] REQUEST POST - https://localhost:8082/public/ws/General.asmx/Set
[2019-09-10 16:42:30] ---- FROM  ::1 (WinNT)
[2019-09-10 16:42:30] ---- BROWSER:  Firefox 69.0 (Mozilla/5.0 (Windows NT 10.0; Win64; x64; rv:69.0) Gecko/20100101 Firefox/69.0)
[2019-09-10 16:42:30] ---- CONTENT: {data : "<?xml version='1.0' encoding='utf-8' ?><Request ID='20190910164230816'><General><Token>61111131252223224013000011333653</Token></General><Data><Nome></Nome><Logo>https%3A%2F%2Flocalhost%3A8082%2Fscratch%2Fpl_logo.png</Logo></Data></Request>"}
[2019-09-10 16:42:30] 200 - OK - application/json
[2019-09-10 16:42:30] REQUEST POST - https://localhost:8082/public/ws/Config.asmx/General_Get
[2019-09-10 16:42:30] ---- FROM  ::1 (WinNT)
[2019-09-10 16:42:30] ---- BROWSER:  Firefox 69.0 (Mozilla/5.0 (Windows NT 10.0; Win64; x64; rv:69.0) Gecko/20100101 Firefox/69.0)
[2019-09-10 16:42:30] ---- CONTENT: {data : "<?xml version='1.0' encoding='utf-8' ?><Request ID='20190910164230840'><General><Token>61111131252223224013000011333653</Token></General><Data></Data></Request>"}
[2019-09-10 16:42:30] 200 - OK - application/json
[2019-09-10 16:42:30] REQUEST POST - https://localhost:8082/public/ws/Config.asmx/All_Get
[2019-09-10 16:42:30] ---- FROM  ::1 (WinNT)
[2019-09-10 16:42:30] ---- BROWSER:  Firefox 69.0 (Mozilla/5.0 (Windows NT 10.0; Win64; x64; rv:69.0) Gecko/20100101 Firefox/69.0)
[2019-09-10 16:42:30] ---- CONTENT: {data : "<?xml version='1.0' encoding='utf-8' ?><Request ID='20190910164230936'><General><Token>61111131252223224013000011333653</Token></General><Data></Data></Request>"}
[2019-09-10 16:42:30] 200 - OK - application/json
[2019-09-10 16:42:31] REQUEST POST - https://localhost:8082/public/ws/Economics.asmx/messaggi_summary
[2019-09-10 16:42:31] ---- FROM  ::1 (WinNT)
[2019-09-10 16:42:31] ---- BROWSER:  Firefox 69.0 (Mozilla/5.0 (Windows NT 10.0; Win64; x64; rv:69.0) Gecko/20100101 Firefox/69.0)
[2019-09-10 16:42:31] ---- CONTENT: {data : "<?xml version='1.0' encoding='utf-8' ?><Request ID='20190910164230986'><General><Token>61111131252223224013000011333653</Token></General><Data></Data></Request>"}
[2019-09-10 16:42:31] 200 - OK - application/json
[2019-09-10 16:42:31] REQUEST POST - https://localhost:8082/public/ws/Config.asmx/All_Get
[2019-09-10 16:42:31] ---- FROM  ::1 (WinNT)
[2019-09-10 16:42:31] ---- BROWSER:  Firefox 69.0 (Mozilla/5.0 (Windows NT 10.0; Win64; x64; rv:69.0) Gecko/20100101 Firefox/69.0)
[2019-09-10 16:42:31] ---- CONTENT: {data : "<?xml version='1.0' encoding='utf-8' ?><Request ID='2019091016423190'><General><Token>61111131252223224013000011333653</Token></General><Data></Data></Request>"}
[2019-09-10 16:42:31] 200 - OK - application/json
[2019-09-10 16:42:31] REQUEST POST - https://localhost:8082/public/ws/Config.asmx/All_Get
[2019-09-10 16:42:31] ---- FROM  ::1 (WinNT)
[2019-09-10 16:42:31] ---- BROWSER:  Firefox 69.0 (Mozilla/5.0 (Windows NT 10.0; Win64; x64; rv:69.0) Gecko/20100101 Firefox/69.0)
[2019-09-10 16:42:31] ---- CONTENT: {data : "<?xml version='1.0' encoding='utf-8' ?><Request ID='20190910164231235'><General><Token>61111131252223224013000011333653</Token></General><Data></Data></Request>"}
[2019-09-10 16:42:31] REQUEST GET - https://localhost:8082/public/ws/Resources.ashx/xml-general
[2019-09-10 16:42:31] ---- FROM  ::1 (WinNT)
[2019-09-10 16:42:31] REQUEST GET - https://localhost:8082/public/ws/Resources.ashx/xml-general
[2019-09-10 16:42:31] ---- FROM  ::1 (WinNT)
[2019-09-10 16:42:31] 200 - OK - application/json
[2019-09-10 16:42:31] ---- BROWSER:  Firefox 69.0 (Mozilla/5.0 (Windows NT 10.0; Win64; x64; rv:69.0) Gecko/20100101 Firefox/69.0)
[2019-09-10 16:42:31] ---- BROWSER:  Firefox 69.0 (Mozilla/5.0 (Windows NT 10.0; Win64; x64; rv:69.0) Gecko/20100101 Firefox/69.0)
[2019-09-10 16:42:31] 200 - OK - text/xml
[2019-09-10 16:42:31] 200 - OK - text/xml
[2019-09-10 16:45:50] REQUEST POST - https://localhost:8082/public/aspx/Home.aspx
[2019-09-10 16:45:50] ---- FROM  ::1 (WinNT)
[2019-09-10 16:45:50] ---- BROWSER:  Firefox 69.0 (Mozilla/5.0 (Windows NT 10.0; Win64; x64; rv:69.0) Gecko/20100101 Firefox/69.0)
[2019-09-10 16:45:50] ---- CONTENT: Token%3D61111131252223224013000011333653%26TokenApiRest%3DeyJ0eXAiOiJKV1QiLCJhbGciOiJIUzI1NiJ9.eyJpc3MiOiJodHRwczpcL1wvd3d3cy5kZXYteWVhcC5pdCIsImlhdCI6MTU0MjI5NDMyMSwibmJmIjoxNTQyMjk0MzIxLCJleHAiOjE1NDI4OTkxMjEsImRhdGEiOnsidXNlciI6eyJpZCI6IjQ0In19fQ.RCP5OeoGASxAyBw1MbMD4BFJAcDM5JIXqYXKBALZcJI%26Logo%3Dhttps%3A%2F%2Flocalhost%3A8082%2Fscratch%2Fpl_logo.png%26Title%3DBusiness+Plan+Test+nr.+2=
[2019-09-10 16:45:50] 302 - Found - text/html
[2019-09-10 16:45:50] REQUEST GET - https://localhost:8082/home/welcome
[2019-09-10 16:45:50] ---- FROM  ::1 (WinNT)
[2019-09-10 16:45:50] ---- BROWSER:  Firefox 69.0 (Mozilla/5.0 (Windows NT 10.0; Win64; x64; rv:69.0) Gecko/20100101 Firefox/69.0)
[2019-09-10 16:45:50] 200 - OK - text/html
[2019-09-10 16:45:51] REQUEST POST - https://localhost:8082/public/ws/General.asmx/Set
[2019-09-10 16:45:51] ---- FROM  ::1 (WinNT)
[2019-09-10 16:45:51] ---- BROWSER:  Firefox 69.0 (Mozilla/5.0 (Windows NT 10.0; Win64; x64; rv:69.0) Gecko/20100101 Firefox/69.0)
[2019-09-10 16:45:51] ---- CONTENT: {data : "<?xml version='1.0' encoding='utf-8' ?><Request ID='20190910164551354'><General><Token>61111131252223224013000011333653</Token></General><Data><Nome>Business Plan Test nr. 2</Nome><Logo>https%3A%2F%2Flocalhost%3A8082%2Fscratch%2Fpl_logo.png</Logo></Data></Request>"}
[2019-09-10 16:45:51] 200 - OK - application/json
[2019-09-10 16:45:51] REQUEST POST - https://localhost:8082/public/ws/Config.asmx/Economics_Get
[2019-09-10 16:45:51] ---- FROM  ::1 (WinNT)
[2019-09-10 16:45:51] ---- BROWSER:  Firefox 69.0 (Mozilla/5.0 (Windows NT 10.0; Win64; x64; rv:69.0) Gecko/20100101 Firefox/69.0)
[2019-09-10 16:45:51] ---- CONTENT: {data : "<?xml version='1.0' encoding='utf-8' ?><Request ID='20190910164551388'><General><Token>61111131252223224013000011333653</Token></General><Data></Data></Request>"}
[2019-09-10 16:45:51] 200 - OK - application/json
[2019-09-10 16:45:51] REQUEST POST - https://localhost:8082/public/ws/Config.asmx/All_Get
[2019-09-10 16:45:51] ---- FROM  ::1 (WinNT)
[2019-09-10 16:45:51] ---- BROWSER:  Firefox 69.0 (Mozilla/5.0 (Windows NT 10.0; Win64; x64; rv:69.0) Gecko/20100101 Firefox/69.0)
[2019-09-10 16:45:51] ---- CONTENT: {data : "<?xml version='1.0' encoding='utf-8' ?><Request ID='20190910164551520'><General><Token>61111131252223224013000011333653</Token></General><Data></Data></Request>"}
[2019-09-10 16:45:51] 200 - OK - application/json
[2019-09-10 16:45:51] REQUEST POST - https://localhost:8082/public/ws/Economics.asmx/messaggi_summary
[2019-09-10 16:45:51] ---- FROM  ::1 (WinNT)
[2019-09-10 16:45:51] ---- BROWSER:  Firefox 69.0 (Mozilla/5.0 (Windows NT 10.0; Win64; x64; rv:69.0) Gecko/20100101 Firefox/69.0)
[2019-09-10 16:45:51] ---- CONTENT: {data : "<?xml version='1.0' encoding='utf-8' ?><Request ID='20190910164551587'><General><Token>61111131252223224013000011333653</Token></General><Data></Data></Request>"}
[2019-09-10 16:45:51] 200 - OK - application/json
[2019-09-10 16:45:51] REQUEST POST - https://localhost:8082/public/ws/Config.asmx/All_Get
[2019-09-10 16:45:51] ---- FROM  ::1 (WinNT)
[2019-09-10 16:45:51] ---- BROWSER:  Firefox 69.0 (Mozilla/5.0 (Windows NT 10.0; Win64; x64; rv:69.0) Gecko/20100101 Firefox/69.0)
[2019-09-10 16:45:51] REQUEST POST - https://localhost:8082/public/ws/Config.asmx/All_Get
[2019-09-10 16:45:51] ---- FROM  ::1 (WinNT)
[2019-09-10 16:45:51] ---- BROWSER:  Firefox 69.0 (Mozilla/5.0 (Windows NT 10.0; Win64; x64; rv:69.0) Gecko/20100101 Firefox/69.0)
[2019-09-10 16:45:51] ---- CONTENT: {data : "<?xml version='1.0' encoding='utf-8' ?><Request ID='20190910164551753'><General><Token>61111131252223224013000011333653</Token></General><Data></Data></Request>"}
[2019-09-10 16:45:51] ---- CONTENT: {data : "<?xml version='1.0' encoding='utf-8' ?><Request ID='20190910164551731'><General><Token>61111131252223224013000011333653</Token></General><Data></Data></Request>"}
[2019-09-10 16:45:51] 200 - OK - application/json
[2019-09-10 16:45:51] 200 - OK - application/json
[2019-09-10 16:45:52] REQUEST GET - https://localhost:8082/settings/settings
[2019-09-10 16:45:52] ---- FROM  ::1 (WinNT)
[2019-09-10 16:45:52] ---- BROWSER:  Firefox 69.0 (Mozilla/5.0 (Windows NT 10.0; Win64; x64; rv:69.0) Gecko/20100101 Firefox/69.0)
[2019-09-10 16:45:52] 200 - OK - text/html
[2019-09-10 16:45:53] REQUEST POST - https://localhost:8082/public/ws/General.asmx/Set
[2019-09-10 16:45:53] ---- FROM  ::1 (WinNT)
[2019-09-10 16:45:53] ---- BROWSER:  Firefox 69.0 (Mozilla/5.0 (Windows NT 10.0; Win64; x64; rv:69.0) Gecko/20100101 Firefox/69.0)
[2019-09-10 16:45:53] ---- CONTENT: {data : "<?xml version='1.0' encoding='utf-8' ?><Request ID='20190910164553621'><General><Token>61111131252223224013000011333653</Token></General><Data><Nome></Nome><Logo>https%3A%2F%2Flocalhost%3A8082%2Fscratch%2Fpl_logo.png</Logo></Data></Request>"}
[2019-09-10 16:45:53] 200 - OK - application/json
[2019-09-10 16:45:53] REQUEST POST - https://localhost:8082/public/ws/Config.asmx/General_Get
[2019-09-10 16:45:53] ---- FROM  ::1 (WinNT)
[2019-09-10 16:45:53] ---- BROWSER:  Firefox 69.0 (Mozilla/5.0 (Windows NT 10.0; Win64; x64; rv:69.0) Gecko/20100101 Firefox/69.0)
[2019-09-10 16:45:53] ---- CONTENT: {data : "<?xml version='1.0' encoding='utf-8' ?><Request ID='20190910164553689'><General><Token>61111131252223224013000011333653</Token></General><Data></Data></Request>"}
[2019-09-10 16:45:53] 200 - OK - application/json
[2019-09-10 16:45:53] REQUEST POST - https://localhost:8082/public/ws/Config.asmx/All_Get
[2019-09-10 16:45:53] ---- FROM  ::1 (WinNT)
[2019-09-10 16:45:53] ---- BROWSER:  Firefox 69.0 (Mozilla/5.0 (Windows NT 10.0; Win64; x64; rv:69.0) Gecko/20100101 Firefox/69.0)
[2019-09-10 16:45:53] ---- CONTENT: {data : "<?xml version='1.0' encoding='utf-8' ?><Request ID='20190910164553835'><General><Token>61111131252223224013000011333653</Token></General><Data></Data></Request>"}
[2019-09-10 16:45:53] 200 - OK - application/json
[2019-09-10 16:45:53] REQUEST POST - https://localhost:8082/public/ws/Economics.asmx/messaggi_summary
[2019-09-10 16:45:53] ---- FROM  ::1 (WinNT)
[2019-09-10 16:45:53] ---- BROWSER:  Firefox 69.0 (Mozilla/5.0 (Windows NT 10.0; Win64; x64; rv:69.0) Gecko/20100101 Firefox/69.0)
[2019-09-10 16:45:53] ---- CONTENT: {data : "<?xml version='1.0' encoding='utf-8' ?><Request ID='20190910164553891'><General><Token>61111131252223224013000011333653</Token></General><Data></Data></Request>"}
[2019-09-10 16:45:53] 200 - OK - application/json
[2019-09-10 16:45:54] REQUEST POST - https://localhost:8082/public/ws/Config.asmx/All_Get
[2019-09-10 16:45:54] ---- FROM  ::1 (WinNT)
[2019-09-10 16:45:54] ---- BROWSER:  Firefox 69.0 (Mozilla/5.0 (Windows NT 10.0; Win64; x64; rv:69.0) Gecko/20100101 Firefox/69.0)
[2019-09-10 16:45:54] ---- CONTENT: {data : "<?xml version='1.0' encoding='utf-8' ?><Request ID='2019091016455453'><General><Token>61111131252223224013000011333653</Token></General><Data></Data></Request>"}
[2019-09-10 16:45:54] 200 - OK - application/json
[2019-09-10 16:45:54] REQUEST POST - https://localhost:8082/public/ws/Config.asmx/All_Get
[2019-09-10 16:45:54] ---- FROM  ::1 (WinNT)
[2019-09-10 16:45:54] ---- BROWSER:  Firefox 69.0 (Mozilla/5.0 (Windows NT 10.0; Win64; x64; rv:69.0) Gecko/20100101 Firefox/69.0)
[2019-09-10 16:45:54] ---- CONTENT: {data : "<?xml version='1.0' encoding='utf-8' ?><Request ID='20190910164554169'><General><Token>61111131252223224013000011333653</Token></General><Data></Data></Request>"}
[2019-09-10 16:45:54] REQUEST GET - https://localhost:8082/public/ws/Resources.ashx/xml-general
[2019-09-10 16:45:54] REQUEST GET - https://localhost:8082/public/ws/Resources.ashx/xml-general
[2019-09-10 16:45:54] ---- FROM  ::1 (WinNT)
[2019-09-10 16:45:54] ---- BROWSER:  Firefox 69.0 (Mozilla/5.0 (Windows NT 10.0; Win64; x64; rv:69.0) Gecko/20100101 Firefox/69.0)
[2019-09-10 16:45:54] ---- FROM  ::1 (WinNT)
[2019-09-10 16:45:54] ---- BROWSER:  Firefox 69.0 (Mozilla/5.0 (Windows NT 10.0; Win64; x64; rv:69.0) Gecko/20100101 Firefox/69.0)
[2019-09-10 16:45:54] 200 - OK - application/json
[2019-09-10 16:45:54] 200 - OK - text/xml
[2019-09-10 16:45:54] 200 - OK - text/xml
[2019-09-10 16:49:50] REQUEST POST - https://localhost:8082/public/aspx/Home.aspx
[2019-09-10 16:49:50] ---- FROM  ::1 (WinNT)
[2019-09-10 16:49:50] ---- BROWSER:  Chrome 76.0 (Mozilla/5.0 (Windows NT 10.0; Win64; x64) AppleWebKit/537.36 (KHTML, like Gecko) Chrome/76.0.3809.132 Safari/537.36)
[2019-09-10 16:49:50] ---- CONTENT: Token%3D61111131252223224013000011333653%26TokenApiRest%3DeyJ0eXAiOiJKV1QiLCJhbGciOiJIUzI1NiJ9.eyJpc3MiOiJodHRwczpcL1wvd3d3cy5kZXYteWVhcC5pdCIsImlhdCI6MTU0MjI5NDMyMSwibmJmIjoxNTQyMjk0MzIxLCJleHAiOjE1NDI4OTkxMjEsImRhdGEiOnsidXNlciI6eyJpZCI6IjQ0In19fQ.RCP5OeoGASxAyBw1MbMD4BFJAcDM5JIXqYXKBALZcJI%26Logo%3Dhttps%3A%2F%2Flocalhost%3A8082%2Fscratch%2Fpl_logo.png%26Title%3DBusiness+Plan+Test+nr.+2=
[2019-09-10 16:49:50] 302 - Found - text/html
[2019-09-10 16:49:50] REQUEST GET - https://localhost:8082/home/welcome
[2019-09-10 16:49:50] ---- FROM  ::1 (WinNT)
[2019-09-10 16:49:50] ---- BROWSER:  Chrome 76.0 (Mozilla/5.0 (Windows NT 10.0; Win64; x64) AppleWebKit/537.36 (KHTML, like Gecko) Chrome/76.0.3809.132 Safari/537.36)
[2019-09-10 16:49:50] 200 - OK - text/html
[2019-09-10 16:49:50] REQUEST POST - https://localhost:8082/public/ws/General.asmx/Set
[2019-09-10 16:49:50] ---- FROM  ::1 (WinNT)
[2019-09-10 16:49:50] ---- BROWSER:  Chrome 76.0 (Mozilla/5.0 (Windows NT 10.0; Win64; x64) AppleWebKit/537.36 (KHTML, like Gecko) Chrome/76.0.3809.132 Safari/537.36)
[2019-09-10 16:49:50] ---- CONTENT: {data : "<?xml version='1.0' encoding='utf-8' ?><Request ID='20190910164950669'><General><Token>61111131252223224013000011333653</Token></General><Data><Nome>Business Plan Test nr. 2</Nome><Logo>https%3A%2F%2Flocalhost%3A8082%2Fscratch%2Fpl_logo.png</Logo></Data></Request>"}
[2019-09-10 16:49:50] 200 - OK - application/json
[2019-09-10 16:49:50] REQUEST POST - https://localhost:8082/public/ws/Config.asmx/Economics_Get
[2019-09-10 16:49:50] ---- FROM  ::1 (WinNT)
[2019-09-10 16:49:50] ---- BROWSER:  Chrome 76.0 (Mozilla/5.0 (Windows NT 10.0; Win64; x64) AppleWebKit/537.36 (KHTML, like Gecko) Chrome/76.0.3809.132 Safari/537.36)
[2019-09-10 16:49:50] ---- CONTENT: {data : "<?xml version='1.0' encoding='utf-8' ?><Request ID='20190910164950792'><General><Token>61111131252223224013000011333653</Token></General><Data></Data></Request>"}
[2019-09-10 16:49:50] 200 - OK - application/json
[2019-09-10 16:49:50] REQUEST POST - https://localhost:8082/public/ws/Config.asmx/All_Get
[2019-09-10 16:49:50] ---- FROM  ::1 (WinNT)
[2019-09-10 16:49:50] ---- BROWSER:  Chrome 76.0 (Mozilla/5.0 (Windows NT 10.0; Win64; x64) AppleWebKit/537.36 (KHTML, like Gecko) Chrome/76.0.3809.132 Safari/537.36)
[2019-09-10 16:49:50] ---- CONTENT: {data : "<?xml version='1.0' encoding='utf-8' ?><Request ID='20190910164950853'><General><Token>61111131252223224013000011333653</Token></General><Data></Data></Request>"}
[2019-09-10 16:49:50] REQUEST POST - https://localhost:8082/public/ws/Economics.asmx/messaggi_summary
[2019-09-10 16:49:50] ---- FROM  ::1 (WinNT)
[2019-09-10 16:49:50] ---- BROWSER:  Chrome 76.0 (Mozilla/5.0 (Windows NT 10.0; Win64; x64) AppleWebKit/537.36 (KHTML, like Gecko) Chrome/76.0.3809.132 Safari/537.36)
[2019-09-10 16:49:50] ---- CONTENT: {data : "<?xml version='1.0' encoding='utf-8' ?><Request ID='20190910164950883'><General><Token>61111131252223224013000011333653</Token></General><Data></Data></Request>"}
[2019-09-10 16:49:50] 200 - OK - application/json
[2019-09-10 16:49:50] 200 - OK - application/json
[2019-09-10 16:49:51] REQUEST POST - https://localhost:8082/public/ws/Config.asmx/All_Get
[2019-09-10 16:49:51] ---- FROM  ::1 (WinNT)
[2019-09-10 16:49:51] ---- BROWSER:  Chrome 76.0 (Mozilla/5.0 (Windows NT 10.0; Win64; x64) AppleWebKit/537.36 (KHTML, like Gecko) Chrome/76.0.3809.132 Safari/537.36)
[2019-09-10 16:49:51] REQUEST POST - https://localhost:8082/public/ws/Config.asmx/All_Get
[2019-09-10 16:49:51] ---- FROM  ::1 (WinNT)
[2019-09-10 16:49:51] ---- BROWSER:  Chrome 76.0 (Mozilla/5.0 (Windows NT 10.0; Win64; x64) AppleWebKit/537.36 (KHTML, like Gecko) Chrome/76.0.3809.132 Safari/537.36)
[2019-09-10 16:49:51] ---- CONTENT: {data : "<?xml version='1.0' encoding='utf-8' ?><Request ID='2019091016495132'><General><Token>61111131252223224013000011333653</Token></General><Data></Data></Request>"}
[2019-09-10 16:49:51] ---- CONTENT: {data : "<?xml version='1.0' encoding='utf-8' ?><Request ID='20190910164950959'><General><Token>61111131252223224013000011333653</Token></General><Data></Data></Request>"}
[2019-09-10 16:49:51] 200 - OK - application/json
[2019-09-10 16:49:51] 200 - OK - application/json
[2019-09-10 16:49:52] REQUEST GET - https://localhost:8082/settings/settings
[2019-09-10 16:49:52] ---- FROM  ::1 (WinNT)
[2019-09-10 16:49:52] ---- BROWSER:  Chrome 76.0 (Mozilla/5.0 (Windows NT 10.0; Win64; x64) AppleWebKit/537.36 (KHTML, like Gecko) Chrome/76.0.3809.132 Safari/537.36)
[2019-09-10 16:49:52] 200 - OK - text/html
[2019-09-10 16:49:52] REQUEST POST - https://localhost:8082/public/ws/General.asmx/Set
[2019-09-10 16:49:52] ---- FROM  ::1 (WinNT)
[2019-09-10 16:49:52] ---- BROWSER:  Chrome 76.0 (Mozilla/5.0 (Windows NT 10.0; Win64; x64) AppleWebKit/537.36 (KHTML, like Gecko) Chrome/76.0.3809.132 Safari/537.36)
[2019-09-10 16:49:52] ---- CONTENT: {data : "<?xml version='1.0' encoding='utf-8' ?><Request ID='20190910164952950'><General><Token>61111131252223224013000011333653</Token></General><Data><Nome></Nome><Logo>https%3A%2F%2Flocalhost%3A8082%2Fscratch%2Fpl_logo.png</Logo></Data></Request>"}
[2019-09-10 16:49:52] 200 - OK - application/json
[2019-09-10 16:49:52] REQUEST POST - https://localhost:8082/public/ws/Config.asmx/General_Get
[2019-09-10 16:49:52] ---- FROM  ::1 (WinNT)
[2019-09-10 16:49:52] ---- BROWSER:  Chrome 76.0 (Mozilla/5.0 (Windows NT 10.0; Win64; x64) AppleWebKit/537.36 (KHTML, like Gecko) Chrome/76.0.3809.132 Safari/537.36)
[2019-09-10 16:49:52] ---- CONTENT: {data : "<?xml version='1.0' encoding='utf-8' ?><Request ID='20190910164952973'><General><Token>61111131252223224013000011333653</Token></General><Data></Data></Request>"}
[2019-09-10 16:49:52] 200 - OK - application/json
[2019-09-10 16:49:53] REQUEST POST - https://localhost:8082/public/ws/Config.asmx/All_Get
[2019-09-10 16:49:53] ---- FROM  ::1 (WinNT)
[2019-09-10 16:49:53] ---- BROWSER:  Chrome 76.0 (Mozilla/5.0 (Windows NT 10.0; Win64; x64) AppleWebKit/537.36 (KHTML, like Gecko) Chrome/76.0.3809.132 Safari/537.36)
[2019-09-10 16:49:53] ---- CONTENT: {data : "<?xml version='1.0' encoding='utf-8' ?><Request ID='2019091016495343'><General><Token>61111131252223224013000011333653</Token></General><Data></Data></Request>"}
[2019-09-10 16:49:53] REQUEST POST - https://localhost:8082/public/ws/Economics.asmx/messaggi_summary
[2019-09-10 16:49:53] ---- FROM  ::1 (WinNT)
[2019-09-10 16:49:53] ---- BROWSER:  Chrome 76.0 (Mozilla/5.0 (Windows NT 10.0; Win64; x64) AppleWebKit/537.36 (KHTML, like Gecko) Chrome/76.0.3809.132 Safari/537.36)
[2019-09-10 16:49:53] 200 - OK - application/json
[2019-09-10 16:49:53] ---- CONTENT: {data : "<?xml version='1.0' encoding='utf-8' ?><Request ID='2019091016495365'><General><Token>61111131252223224013000011333653</Token></General><Data></Data></Request>"}
[2019-09-10 16:49:53] 200 - OK - application/json
[2019-09-10 16:49:53] REQUEST POST - https://localhost:8082/public/ws/Config.asmx/All_Get
[2019-09-10 16:49:53] ---- FROM  ::1 (WinNT)
[2019-09-10 16:49:53] ---- BROWSER:  Chrome 76.0 (Mozilla/5.0 (Windows NT 10.0; Win64; x64) AppleWebKit/537.36 (KHTML, like Gecko) Chrome/76.0.3809.132 Safari/537.36)
[2019-09-10 16:49:53] ---- CONTENT: {data : "<?xml version='1.0' encoding='utf-8' ?><Request ID='20190910164953170'><General><Token>61111131252223224013000011333653</Token></General><Data></Data></Request>"}
[2019-09-10 16:49:53] 200 - OK - application/json
[2019-09-10 16:49:53] REQUEST POST - https://localhost:8082/public/ws/Config.asmx/All_Get
[2019-09-10 16:49:53] ---- FROM  ::1 (WinNT)
[2019-09-10 16:49:53] ---- BROWSER:  Chrome 76.0 (Mozilla/5.0 (Windows NT 10.0; Win64; x64) AppleWebKit/537.36 (KHTML, like Gecko) Chrome/76.0.3809.132 Safari/537.36)
[2019-09-10 16:49:53] ---- CONTENT: {data : "<?xml version='1.0' encoding='utf-8' ?><Request ID='20190910164953305'><General><Token>61111131252223224013000011333653</Token></General><Data></Data></Request>"}
[2019-09-10 16:49:53] REQUEST GET - https://localhost:8082/public/ws/Resources.ashx/xml-general
[2019-09-10 16:49:53] ---- FROM  ::1 (WinNT)
[2019-09-10 16:49:53] ---- BROWSER:  Chrome 76.0 (Mozilla/5.0 (Windows NT 10.0; Win64; x64) AppleWebKit/537.36 (KHTML, like Gecko) Chrome/76.0.3809.132 Safari/537.36)
[2019-09-10 16:49:53] 200 - OK - text/xml
[2019-09-10 16:49:53] 200 - OK - application/json
[2019-09-10 16:49:53] REQUEST GET - https://localhost:8082/public/ws/Resources.ashx/xml-general
[2019-09-10 16:49:53] ---- FROM  ::1 (WinNT)
[2019-09-10 16:49:53] ---- BROWSER:  Chrome 76.0 (Mozilla/5.0 (Windows NT 10.0; Win64; x64) AppleWebKit/537.36 (KHTML, like Gecko) Chrome/76.0.3809.132 Safari/537.36)
[2019-09-10 16:49:53] 200 - OK - text/xml
[2019-09-10 16:51:21] REQUEST POST - https://localhost:8082/public/aspx/Home.aspx
[2019-09-10 16:51:21] ---- FROM  ::1 (WinNT)
[2019-09-10 16:51:21] ---- BROWSER:  Chrome 76.0 (Mozilla/5.0 (Windows NT 10.0; Win64; x64) AppleWebKit/537.36 (KHTML, like Gecko) Chrome/76.0.3809.132 Safari/537.36)
[2019-09-10 16:51:21] ---- CONTENT: Token%3D61111131252223224013000011333653%26TokenApiRest%3DeyJ0eXAiOiJKV1QiLCJhbGciOiJIUzI1NiJ9.eyJpc3MiOiJodHRwczpcL1wvd3d3cy5kZXYteWVhcC5pdCIsImlhdCI6MTU0MjI5NDMyMSwibmJmIjoxNTQyMjk0MzIxLCJleHAiOjE1NDI4OTkxMjEsImRhdGEiOnsidXNlciI6eyJpZCI6IjQ0In19fQ.RCP5OeoGASxAyBw1MbMD4BFJAcDM5JIXqYXKBALZcJI%26Logo%3Dhttps%3A%2F%2Flocalhost%3A8082%2Fscratch%2Fpl_logo.png%26Title%3DBusiness+Plan+Test+nr.+2=
[2019-09-10 16:51:21] 302 - Found - text/html
[2019-09-10 16:51:21] REQUEST GET - https://localhost:8082/home/welcome
[2019-09-10 16:51:21] ---- FROM  ::1 (WinNT)
[2019-09-10 16:51:21] ---- BROWSER:  Chrome 76.0 (Mozilla/5.0 (Windows NT 10.0; Win64; x64) AppleWebKit/537.36 (KHTML, like Gecko) Chrome/76.0.3809.132 Safari/537.36)
[2019-09-10 16:51:21] 200 - OK - text/html
[2019-09-10 16:51:22] REQUEST POST - https://localhost:8082/public/ws/General.asmx/Set
[2019-09-10 16:51:22] ---- FROM  ::1 (WinNT)
[2019-09-10 16:51:22] ---- BROWSER:  Chrome 76.0 (Mozilla/5.0 (Windows NT 10.0; Win64; x64) AppleWebKit/537.36 (KHTML, like Gecko) Chrome/76.0.3809.132 Safari/537.36)
[2019-09-10 16:51:22] ---- CONTENT: {data : "<?xml version='1.0' encoding='utf-8' ?><Request ID='20190910165122550'><General><Token>61111131252223224013000011333653</Token></General><Data><Nome>Business Plan Test nr. 2</Nome><Logo>https%3A%2F%2Flocalhost%3A8082%2Fscratch%2Fpl_logo.png</Logo></Data></Request>"}
[2019-09-10 16:51:22] 200 - OK - application/json
[2019-09-10 16:51:22] REQUEST POST - https://localhost:8082/public/ws/Config.asmx/Economics_Get
[2019-09-10 16:51:22] ---- FROM  ::1 (WinNT)
[2019-09-10 16:51:22] ---- BROWSER:  Chrome 76.0 (Mozilla/5.0 (Windows NT 10.0; Win64; x64) AppleWebKit/537.36 (KHTML, like Gecko) Chrome/76.0.3809.132 Safari/537.36)
[2019-09-10 16:51:22] ---- CONTENT: {data : "<?xml version='1.0' encoding='utf-8' ?><Request ID='20190910165122945'><General><Token>61111131252223224013000011333653</Token></General><Data></Data></Request>"}
[2019-09-10 16:51:23] 200 - OK - application/json
[2019-09-10 16:51:23] REQUEST POST - https://localhost:8082/public/ws/Config.asmx/All_Get
[2019-09-10 16:51:23] ---- FROM  ::1 (WinNT)
[2019-09-10 16:51:23] ---- BROWSER:  Chrome 76.0 (Mozilla/5.0 (Windows NT 10.0; Win64; x64) AppleWebKit/537.36 (KHTML, like Gecko) Chrome/76.0.3809.132 Safari/537.36)
[2019-09-10 16:51:23] ---- CONTENT: {data : "<?xml version='1.0' encoding='utf-8' ?><Request ID='2019091016512350'><General><Token>61111131252223224013000011333653</Token></General><Data></Data></Request>"}
[2019-09-10 16:51:23] REQUEST POST - https://localhost:8082/public/ws/Config.asmx/All_Get
[2019-09-10 16:51:23] REQUEST POST - https://localhost:8082/public/ws/Economics.asmx/messaggi_summary
[2019-09-10 16:51:23] ---- FROM  ::1 (WinNT)
[2019-09-10 16:51:23] ---- BROWSER:  Chrome 76.0 (Mozilla/5.0 (Windows NT 10.0; Win64; x64) AppleWebKit/537.36 (KHTML, like Gecko) Chrome/76.0.3809.132 Safari/537.36)
[2019-09-10 16:51:23] ---- CONTENT: {data : "<?xml version='1.0' encoding='utf-8' ?><Request ID='2019091016512372'><General><Token>61111131252223224013000011333653</Token></General><Data></Data></Request>"}
[2019-09-10 16:51:23] ---- FROM  ::1 (WinNT)
[2019-09-10 16:51:23] ---- BROWSER:  Chrome 76.0 (Mozilla/5.0 (Windows NT 10.0; Win64; x64) AppleWebKit/537.36 (KHTML, like Gecko) Chrome/76.0.3809.132 Safari/537.36)
[2019-09-10 16:51:23] ---- CONTENT: {data : "<?xml version='1.0' encoding='utf-8' ?><Request ID='20190910165123302'><General><Token>61111131252223224013000011333653</Token></General><Data></Data></Request>"}
[2019-09-10 16:51:23] 200 - OK - application/json
[2019-09-10 16:51:23] 200 - OK - application/json
[2019-09-10 16:51:23] 200 - OK - application/json
[2019-09-10 16:51:23] REQUEST POST - https://localhost:8082/public/ws/Config.asmx/All_Get
[2019-09-10 16:51:23] ---- FROM  ::1 (WinNT)
[2019-09-10 16:51:23] ---- BROWSER:  Chrome 76.0 (Mozilla/5.0 (Windows NT 10.0; Win64; x64) AppleWebKit/537.36 (KHTML, like Gecko) Chrome/76.0.3809.132 Safari/537.36)
[2019-09-10 16:51:23] ---- CONTENT: {data : "<?xml version='1.0' encoding='utf-8' ?><Request ID='20190910165123508'><General><Token>61111131252223224013000011333653</Token></General><Data></Data></Request>"}
[2019-09-10 16:51:23] 200 - OK - application/json
[2019-09-10 16:51:24] REQUEST GET - https://localhost:8082/settings/settings
[2019-09-10 16:51:24] ---- FROM  ::1 (WinNT)
[2019-09-10 16:51:24] ---- BROWSER:  Chrome 76.0 (Mozilla/5.0 (Windows NT 10.0; Win64; x64) AppleWebKit/537.36 (KHTML, like Gecko) Chrome/76.0.3809.132 Safari/537.36)
[2019-09-10 16:51:24] 200 - OK - text/html
[2019-09-10 16:51:25] REQUEST POST - https://localhost:8082/public/ws/General.asmx/Set
[2019-09-10 16:51:25] ---- FROM  ::1 (WinNT)
[2019-09-10 16:51:25] ---- BROWSER:  Chrome 76.0 (Mozilla/5.0 (Windows NT 10.0; Win64; x64) AppleWebKit/537.36 (KHTML, like Gecko) Chrome/76.0.3809.132 Safari/537.36)
[2019-09-10 16:51:25] ---- CONTENT: {data : "<?xml version='1.0' encoding='utf-8' ?><Request ID='20190910165124970'><General><Token>61111131252223224013000011333653</Token></General><Data><Nome></Nome><Logo>https%3A%2F%2Flocalhost%3A8082%2Fscratch%2Fpl_logo.png</Logo></Data></Request>"}
[2019-09-10 16:51:25] 200 - OK - application/json
[2019-09-10 16:51:25] REQUEST POST - https://localhost:8082/public/ws/Config.asmx/General_Get
[2019-09-10 16:51:25] ---- FROM  ::1 (WinNT)
[2019-09-10 16:51:25] ---- BROWSER:  Chrome 76.0 (Mozilla/5.0 (Windows NT 10.0; Win64; x64) AppleWebKit/537.36 (KHTML, like Gecko) Chrome/76.0.3809.132 Safari/537.36)
[2019-09-10 16:51:25] ---- CONTENT: {data : "<?xml version='1.0' encoding='utf-8' ?><Request ID='20190910165125146'><General><Token>61111131252223224013000011333653</Token></General><Data></Data></Request>"}
[2019-09-10 16:51:25] 200 - OK - application/json
[2019-09-10 16:51:25] REQUEST POST - https://localhost:8082/public/ws/Config.asmx/All_Get
[2019-09-10 16:51:25] ---- FROM  ::1 (WinNT)
[2019-09-10 16:51:25] ---- BROWSER:  Chrome 76.0 (Mozilla/5.0 (Windows NT 10.0; Win64; x64) AppleWebKit/537.36 (KHTML, like Gecko) Chrome/76.0.3809.132 Safari/537.36)
[2019-09-10 16:51:25] ---- CONTENT: {data : "<?xml version='1.0' encoding='utf-8' ?><Request ID='20190910165125248'><General><Token>61111131252223224013000011333653</Token></General><Data></Data></Request>"}
[2019-09-10 16:51:25] REQUEST POST - https://localhost:8082/public/ws/Economics.asmx/messaggi_summary
[2019-09-10 16:51:25] ---- FROM  ::1 (WinNT)
[2019-09-10 16:51:25] ---- BROWSER:  Chrome 76.0 (Mozilla/5.0 (Windows NT 10.0; Win64; x64) AppleWebKit/537.36 (KHTML, like Gecko) Chrome/76.0.3809.132 Safari/537.36)
[2019-09-10 16:51:25] REQUEST GET - https://localhost:8082/public/ws/Resources.ashx/xml-general
[2019-09-10 16:51:25] 200 - OK - application/json
[2019-09-10 16:51:25] REQUEST POST - https://localhost:8082/public/ws/Config.asmx/All_Get
[2019-09-10 16:51:25] ---- CONTENT: {data : "<?xml version='1.0' encoding='utf-8' ?><Request ID='20190910165125268'><General><Token>61111131252223224013000011333653</Token></General><Data></Data></Request>"}
[2019-09-10 16:51:25] ---- FROM  ::1 (WinNT)
[2019-09-10 16:51:25] ---- BROWSER:  Chrome 76.0 (Mozilla/5.0 (Windows NT 10.0; Win64; x64) AppleWebKit/537.36 (KHTML, like Gecko) Chrome/76.0.3809.132 Safari/537.36)
[2019-09-10 16:51:25] 200 - OK - application/json
[2019-09-10 16:51:25] ---- FROM  ::1 (WinNT)
[2019-09-10 16:51:25] ---- BROWSER:  Chrome 76.0 (Mozilla/5.0 (Windows NT 10.0; Win64; x64) AppleWebKit/537.36 (KHTML, like Gecko) Chrome/76.0.3809.132 Safari/537.36)
[2019-09-10 16:51:25] ---- CONTENT: {data : "<?xml version='1.0' encoding='utf-8' ?><Request ID='20190910165125457'><General><Token>61111131252223224013000011333653</Token></General><Data></Data></Request>"}
[2019-09-10 16:51:25] 200 - OK - text/xml
[2019-09-10 16:51:25] REQUEST POST - https://localhost:8082/public/ws/Config.asmx/All_Get
[2019-09-10 16:51:25] ---- FROM  ::1 (WinNT)
[2019-09-10 16:51:25] 200 - OK - application/json
[2019-09-10 16:51:25] ---- BROWSER:  Chrome 76.0 (Mozilla/5.0 (Windows NT 10.0; Win64; x64) AppleWebKit/537.36 (KHTML, like Gecko) Chrome/76.0.3809.132 Safari/537.36)
[2019-09-10 16:51:25] REQUEST GET - https://localhost:8082/public/ws/Resources.ashx/xml-general
[2019-09-10 16:51:25] ---- FROM  ::1 (WinNT)
[2019-09-10 16:51:25] ---- BROWSER:  Chrome 76.0 (Mozilla/5.0 (Windows NT 10.0; Win64; x64) AppleWebKit/537.36 (KHTML, like Gecko) Chrome/76.0.3809.132 Safari/537.36)
[2019-09-10 16:51:25] 200 - OK - text/xml
[2019-09-10 16:51:25] ---- CONTENT: {data : "<?xml version='1.0' encoding='utf-8' ?><Request ID='20190910165125756'><General><Token>61111131252223224013000011333653</Token></General><Data></Data></Request>"}
[2019-09-10 16:51:25] 200 - OK - application/json
[2019-09-10 16:51:41] REQUEST GET - https://localhost:8082/qa/qualitativa
[2019-09-10 16:51:41] ---- FROM  ::1 (WinNT)
[2019-09-10 16:51:41] ---- BROWSER:  Chrome 76.0 (Mozilla/5.0 (Windows NT 10.0; Win64; x64) AppleWebKit/537.36 (KHTML, like Gecko) Chrome/76.0.3809.132 Safari/537.36)
[2019-09-10 16:51:41] 200 - OK - text/html
[2019-09-10 16:51:42] REQUEST POST - https://localhost:8082/public/ws/QAnalysis.asmx/Get
[2019-09-10 16:51:42] ---- FROM  ::1 (WinNT)
[2019-09-10 16:51:42] ---- BROWSER:  Chrome 76.0 (Mozilla/5.0 (Windows NT 10.0; Win64; x64) AppleWebKit/537.36 (KHTML, like Gecko) Chrome/76.0.3809.132 Safari/537.36)
[2019-09-10 16:51:42] ---- CONTENT: {data : "<?xml version='1.0' encoding='utf-8' ?><Request ID='2019091016514235'><General><Token>61111131252223224013000011333653</Token></General><Data></Data></Request>"}
[2019-09-10 16:51:42] 200 - OK - application/json
[2019-09-10 16:51:42] REQUEST POST - https://localhost:8082/public/ws/Config.asmx/All_Get
[2019-09-10 16:51:42] ---- FROM  ::1 (WinNT)
[2019-09-10 16:51:42] ---- BROWSER:  Chrome 76.0 (Mozilla/5.0 (Windows NT 10.0; Win64; x64) AppleWebKit/537.36 (KHTML, like Gecko) Chrome/76.0.3809.132 Safari/537.36)
[2019-09-10 16:51:42] ---- CONTENT: {data : "<?xml version='1.0' encoding='utf-8' ?><Request ID='20190910165142153'><General><Token>61111131252223224013000011333653</Token></General><Data></Data></Request>"}
[2019-09-10 16:51:42] REQUEST POST - https://localhost:8082/public/ws/Economics.asmx/messaggi_summary
[2019-09-10 16:51:42] ---- FROM  ::1 (WinNT)
[2019-09-10 16:51:42] ---- BROWSER:  Chrome 76.0 (Mozilla/5.0 (Windows NT 10.0; Win64; x64) AppleWebKit/537.36 (KHTML, like Gecko) Chrome/76.0.3809.132 Safari/537.36)
[2019-09-10 16:51:42] ---- CONTENT: {data : "<?xml version='1.0' encoding='utf-8' ?><Request ID='20190910165142178'><General><Token>61111131252223224013000011333653</Token></General><Data></Data></Request>"}
[2019-09-10 16:51:42] 200 - OK - application/json
[2019-09-10 16:51:42] 200 - OK - application/json
[2019-09-10 16:51:42] REQUEST POST - https://localhost:8082/public/ws/Config.asmx/All_Get
[2019-09-10 16:51:42] ---- FROM  ::1 (WinNT)
[2019-09-10 16:51:42] ---- BROWSER:  Chrome 76.0 (Mozilla/5.0 (Windows NT 10.0; Win64; x64) AppleWebKit/537.36 (KHTML, like Gecko) Chrome/76.0.3809.132 Safari/537.36)
[2019-09-10 16:51:42] ---- CONTENT: {data : "<?xml version='1.0' encoding='utf-8' ?><Request ID='20190910165142295'><General><Token>61111131252223224013000011333653</Token></General><Data></Data></Request>"}
[2019-09-10 16:51:42] 200 - OK - application/json
[2019-09-10 16:51:42] REQUEST POST - https://localhost:8082/public/ws/Config.asmx/All_Get
[2019-09-10 16:51:42] ---- FROM  ::1 (WinNT)
[2019-09-10 16:51:42] ---- BROWSER:  Chrome 76.0 (Mozilla/5.0 (Windows NT 10.0; Win64; x64) AppleWebKit/537.36 (KHTML, like Gecko) Chrome/76.0.3809.132 Safari/537.36)
[2019-09-10 16:51:42] ---- CONTENT: {data : "<?xml version='1.0' encoding='utf-8' ?><Request ID='20190910165142349'><General><Token>61111131252223224013000011333653</Token></General><Data></Data></Request>"}
[2019-09-10 16:51:42] 200 - OK - application/json
[2019-09-10 16:51:42] REQUEST GET - https://localhost:8082/public/ws/Resources.ashx/xml-qa
[2019-09-10 16:51:42] ---- FROM  ::1 (WinNT)
[2019-09-10 16:51:42] ---- BROWSER:  Chrome 76.0 (Mozilla/5.0 (Windows NT 10.0; Win64; x64) AppleWebKit/537.36 (KHTML, like Gecko) Chrome/76.0.3809.132 Safari/537.36)
[2019-09-10 16:51:42] 200 - OK - text/xml
[2019-09-10 16:51:42] REQUEST GET - https://localhost:8082/public/ws/Resources.ashx/xml-qa
[2019-09-10 16:51:42] ---- FROM  ::1 (WinNT)
[2019-09-10 16:51:42] ---- BROWSER:  Chrome 76.0 (Mozilla/5.0 (Windows NT 10.0; Win64; x64) AppleWebKit/537.36 (KHTML, like Gecko) Chrome/76.0.3809.132 Safari/537.36)
[2019-09-10 16:51:42] 200 - OK - text/xml
[2019-09-10 16:51:42] REQUEST GET - https://localhost:8082/public/ws/Resources.ashx/xml-qa
[2019-09-10 16:51:42] ---- FROM  ::1 (WinNT)
[2019-09-10 16:51:42] ---- BROWSER:  Chrome 76.0 (Mozilla/5.0 (Windows NT 10.0; Win64; x64) AppleWebKit/537.36 (KHTML, like Gecko) Chrome/76.0.3809.132 Safari/537.36)
[2019-09-10 16:51:42] 200 - OK - text/xml
[2019-09-10 16:51:42] REQUEST GET - https://localhost:8082/public/ws/Resources.ashx/xml-qa
[2019-09-10 16:51:42] ---- FROM  ::1 (WinNT)
[2019-09-10 16:51:42] ---- BROWSER:  Chrome 76.0 (Mozilla/5.0 (Windows NT 10.0; Win64; x64) AppleWebKit/537.36 (KHTML, like Gecko) Chrome/76.0.3809.132 Safari/537.36)
[2019-09-10 16:51:42] 200 - OK - text/xml
[2019-09-10 16:51:42] REQUEST GET - https://localhost:8082/public/ws/Resources.ashx/xml-qa
[2019-09-10 16:51:42] ---- FROM  ::1 (WinNT)
[2019-09-10 16:51:42] ---- BROWSER:  Chrome 76.0 (Mozilla/5.0 (Windows NT 10.0; Win64; x64) AppleWebKit/537.36 (KHTML, like Gecko) Chrome/76.0.3809.132 Safari/537.36)
[2019-09-10 16:51:42] 200 - OK - text/xml
[2019-09-10 16:51:42] REQUEST GET - https://localhost:8082/public/ws/Resources.ashx/xml-qa
[2019-09-10 16:51:42] ---- FROM  ::1 (WinNT)
[2019-09-10 16:51:42] ---- BROWSER:  Chrome 76.0 (Mozilla/5.0 (Windows NT 10.0; Win64; x64) AppleWebKit/537.36 (KHTML, like Gecko) Chrome/76.0.3809.132 Safari/537.36)
[2019-09-10 16:51:42] 200 - OK - text/xml
[2019-09-10 16:51:42] REQUEST GET - https://localhost:8082/public/ws/Resources.ashx/xml-qa
[2019-09-10 16:51:42] ---- FROM  ::1 (WinNT)
[2019-09-10 16:51:42] ---- BROWSER:  Chrome 76.0 (Mozilla/5.0 (Windows NT 10.0; Win64; x64) AppleWebKit/537.36 (KHTML, like Gecko) Chrome/76.0.3809.132 Safari/537.36)
[2019-09-10 16:51:42] 200 - OK - text/xml
[2019-09-10 16:51:42] REQUEST GET - https://localhost:8082/public/ws/Resources.ashx/xml-qa
[2019-09-10 16:51:42] ---- FROM  ::1 (WinNT)
[2019-09-10 16:51:42] ---- BROWSER:  Chrome 76.0 (Mozilla/5.0 (Windows NT 10.0; Win64; x64) AppleWebKit/537.36 (KHTML, like Gecko) Chrome/76.0.3809.132 Safari/537.36)
[2019-09-10 16:51:42] 200 - OK - text/xml
[2019-09-10 16:51:42] REQUEST GET - https://localhost:8082/public/ws/Resources.ashx/xml-qa
[2019-09-10 16:51:42] ---- FROM  ::1 (WinNT)
[2019-09-10 16:51:42] ---- BROWSER:  Chrome 76.0 (Mozilla/5.0 (Windows NT 10.0; Win64; x64) AppleWebKit/537.36 (KHTML, like Gecko) Chrome/76.0.3809.132 Safari/537.36)
[2019-09-10 16:51:42] 200 - OK - text/xml
[2019-09-10 16:51:42] REQUEST GET - https://localhost:8082/public/ws/Resources.ashx/xml-qa
[2019-09-10 16:51:42] ---- FROM  ::1 (WinNT)
[2019-09-10 16:51:42] ---- BROWSER:  Chrome 76.0 (Mozilla/5.0 (Windows NT 10.0; Win64; x64) AppleWebKit/537.36 (KHTML, like Gecko) Chrome/76.0.3809.132 Safari/537.36)
[2019-09-10 16:51:42] 200 - OK - text/xml
[2019-09-10 16:51:42] REQUEST GET - https://localhost:8082/public/ws/Resources.ashx/xml-qa
[2019-09-10 16:51:42] ---- FROM  ::1 (WinNT)
[2019-09-10 16:51:42] ---- BROWSER:  Chrome 76.0 (Mozilla/5.0 (Windows NT 10.0; Win64; x64) AppleWebKit/537.36 (KHTML, like Gecko) Chrome/76.0.3809.132 Safari/537.36)
[2019-09-10 16:51:42] 200 - OK - text/xml
[2019-09-10 16:51:42] REQUEST GET - https://localhost:8082/public/ws/Resources.ashx/xml-qa
[2019-09-10 16:51:42] ---- FROM  ::1 (WinNT)
[2019-09-10 16:51:42] ---- BROWSER:  Chrome 76.0 (Mozilla/5.0 (Windows NT 10.0; Win64; x64) AppleWebKit/537.36 (KHTML, like Gecko) Chrome/76.0.3809.132 Safari/537.36)
[2019-09-10 16:51:42] 200 - OK - text/xml
[2019-09-10 16:51:42] REQUEST GET - https://localhost:8082/public/ws/Resources.ashx/xml-qa
[2019-09-10 16:51:42] ---- FROM  ::1 (WinNT)
[2019-09-10 16:51:42] ---- BROWSER:  Chrome 76.0 (Mozilla/5.0 (Windows NT 10.0; Win64; x64) AppleWebKit/537.36 (KHTML, like Gecko) Chrome/76.0.3809.132 Safari/537.36)
[2019-09-10 16:51:42] 200 - OK - text/xml
[2019-09-10 16:51:42] REQUEST GET - https://localhost:8082/public/ws/Resources.ashx/xml-qa
[2019-09-10 16:51:42] ---- FROM  ::1 (WinNT)
[2019-09-10 16:51:42] ---- BROWSER:  Chrome 76.0 (Mozilla/5.0 (Windows NT 10.0; Win64; x64) AppleWebKit/537.36 (KHTML, like Gecko) Chrome/76.0.3809.132 Safari/537.36)
[2019-09-10 16:51:42] 200 - OK - text/xml
[2019-09-10 16:51:42] REQUEST GET - https://localhost:8082/public/ws/Resources.ashx/xml-qa
[2019-09-10 16:51:42] ---- FROM  ::1 (WinNT)
[2019-09-10 16:51:42] ---- BROWSER:  Chrome 76.0 (Mozilla/5.0 (Windows NT 10.0; Win64; x64) AppleWebKit/537.36 (KHTML, like Gecko) Chrome/76.0.3809.132 Safari/537.36)
[2019-09-10 16:51:42] 200 - OK - text/xml
[2019-09-10 16:51:42] REQUEST GET - https://localhost:8082/public/ws/Resources.ashx/xml-qa
[2019-09-10 16:51:43] ---- FROM  ::1 (WinNT)
[2019-09-10 16:51:43] ---- BROWSER:  Chrome 76.0 (Mozilla/5.0 (Windows NT 10.0; Win64; x64) AppleWebKit/537.36 (KHTML, like Gecko) Chrome/76.0.3809.132 Safari/537.36)
[2019-09-10 16:51:43] 200 - OK - text/xml
[2019-09-10 16:51:43] REQUEST GET - https://localhost:8082/public/ws/Resources.ashx/xml-qa
[2019-09-10 16:51:43] ---- FROM  ::1 (WinNT)
[2019-09-10 16:51:43] ---- BROWSER:  Chrome 76.0 (Mozilla/5.0 (Windows NT 10.0; Win64; x64) AppleWebKit/537.36 (KHTML, like Gecko) Chrome/76.0.3809.132 Safari/537.36)
[2019-09-10 16:51:43] 200 - OK - text/xml
[2019-09-10 16:51:43] REQUEST GET - https://localhost:8082/public/ws/Resources.ashx/xml-qa
[2019-09-10 16:51:43] ---- FROM  ::1 (WinNT)
[2019-09-10 16:51:43] ---- BROWSER:  Chrome 76.0 (Mozilla/5.0 (Windows NT 10.0; Win64; x64) AppleWebKit/537.36 (KHTML, like Gecko) Chrome/76.0.3809.132 Safari/537.36)
[2019-09-10 16:51:43] 200 - OK - text/xml
[2019-09-10 16:51:43] REQUEST GET - https://localhost:8082/public/ws/Resources.ashx/xml-qa
[2019-09-10 16:51:43] ---- FROM  ::1 (WinNT)
[2019-09-10 16:51:43] ---- BROWSER:  Chrome 76.0 (Mozilla/5.0 (Windows NT 10.0; Win64; x64) AppleWebKit/537.36 (KHTML, like Gecko) Chrome/76.0.3809.132 Safari/537.36)
[2019-09-10 16:51:43] 200 - OK - text/xml
[2019-09-10 16:51:43] REQUEST GET - https://localhost:8082/public/ws/Resources.ashx/xml-qa
[2019-09-10 16:51:43] ---- FROM  ::1 (WinNT)
[2019-09-10 16:51:43] ---- BROWSER:  Chrome 76.0 (Mozilla/5.0 (Windows NT 10.0; Win64; x64) AppleWebKit/537.36 (KHTML, like Gecko) Chrome/76.0.3809.132 Safari/537.36)
[2019-09-10 16:51:43] 200 - OK - text/xml
[2019-09-10 16:51:43] REQUEST GET - https://localhost:8082/public/ws/Resources.ashx/xml-qa
[2019-09-10 16:51:43] ---- FROM  ::1 (WinNT)
[2019-09-10 16:51:43] ---- BROWSER:  Chrome 76.0 (Mozilla/5.0 (Windows NT 10.0; Win64; x64) AppleWebKit/537.36 (KHTML, like Gecko) Chrome/76.0.3809.132 Safari/537.36)
[2019-09-10 16:51:43] 200 - OK - text/xml
[2019-09-10 16:51:43] REQUEST GET - https://localhost:8082/public/ws/Resources.ashx/xml-qa
[2019-09-10 16:51:43] ---- FROM  ::1 (WinNT)
[2019-09-10 16:51:43] ---- BROWSER:  Chrome 76.0 (Mozilla/5.0 (Windows NT 10.0; Win64; x64) AppleWebKit/537.36 (KHTML, like Gecko) Chrome/76.0.3809.132 Safari/537.36)
[2019-09-10 16:51:43] 200 - OK - text/xml
[2019-09-10 16:51:43] REQUEST GET - https://localhost:8082/public/ws/Resources.ashx/xml-qa
[2019-09-10 16:51:43] ---- FROM  ::1 (WinNT)
[2019-09-10 16:51:43] ---- BROWSER:  Chrome 76.0 (Mozilla/5.0 (Windows NT 10.0; Win64; x64) AppleWebKit/537.36 (KHTML, like Gecko) Chrome/76.0.3809.132 Safari/537.36)
[2019-09-10 16:51:43] 200 - OK - text/xml
[2019-09-10 16:51:43] REQUEST GET - https://localhost:8082/public/ws/Resources.ashx/xml-qa
[2019-09-10 16:51:43] ---- FROM  ::1 (WinNT)
[2019-09-10 16:51:43] ---- BROWSER:  Chrome 76.0 (Mozilla/5.0 (Windows NT 10.0; Win64; x64) AppleWebKit/537.36 (KHTML, like Gecko) Chrome/76.0.3809.132 Safari/537.36)
[2019-09-10 16:51:43] 200 - OK - text/xml
[2019-09-10 16:51:43] REQUEST GET - https://localhost:8082/public/ws/Resources.ashx/xml-qa
[2019-09-10 16:51:43] ---- FROM  ::1 (WinNT)
[2019-09-10 16:51:43] ---- BROWSER:  Chrome 76.0 (Mozilla/5.0 (Windows NT 10.0; Win64; x64) AppleWebKit/537.36 (KHTML, like Gecko) Chrome/76.0.3809.132 Safari/537.36)
[2019-09-10 16:51:43] 200 - OK - text/xml
[2019-09-10 16:51:43] REQUEST GET - https://localhost:8082/public/ws/Resources.ashx/xml-qa
[2019-09-10 16:51:43] ---- FROM  ::1 (WinNT)
[2019-09-10 16:51:43] ---- BROWSER:  Chrome 76.0 (Mozilla/5.0 (Windows NT 10.0; Win64; x64) AppleWebKit/537.36 (KHTML, like Gecko) Chrome/76.0.3809.132 Safari/537.36)
[2019-09-10 16:51:43] 200 - OK - text/xml
[2019-09-10 16:51:43] REQUEST GET - https://localhost:8082/public/ws/Resources.ashx/xml-qa
[2019-09-10 16:51:43] ---- FROM  ::1 (WinNT)
[2019-09-10 16:51:43] ---- BROWSER:  Chrome 76.0 (Mozilla/5.0 (Windows NT 10.0; Win64; x64) AppleWebKit/537.36 (KHTML, like Gecko) Chrome/76.0.3809.132 Safari/537.36)
[2019-09-10 16:51:43] 200 - OK - text/xml
[2019-09-10 16:51:43] REQUEST GET - https://localhost:8082/public/ws/Resources.ashx/xml-qa
[2019-09-10 16:51:43] ---- FROM  ::1 (WinNT)
[2019-09-10 16:51:43] ---- BROWSER:  Chrome 76.0 (Mozilla/5.0 (Windows NT 10.0; Win64; x64) AppleWebKit/537.36 (KHTML, like Gecko) Chrome/76.0.3809.132 Safari/537.36)
[2019-09-10 16:51:43] 200 - OK - text/xml
[2019-09-10 16:51:43] REQUEST GET - https://localhost:8082/public/ws/Resources.ashx/xml-qa
[2019-09-10 16:51:43] ---- FROM  ::1 (WinNT)
[2019-09-10 16:51:43] ---- BROWSER:  Chrome 76.0 (Mozilla/5.0 (Windows NT 10.0; Win64; x64) AppleWebKit/537.36 (KHTML, like Gecko) Chrome/76.0.3809.132 Safari/537.36)
[2019-09-10 16:51:43] 200 - OK - text/xml
[2019-09-10 16:51:43] REQUEST GET - https://localhost:8082/public/ws/Resources.ashx/xml-qa
[2019-09-10 16:51:43] ---- FROM  ::1 (WinNT)
[2019-09-10 16:51:43] ---- BROWSER:  Chrome 76.0 (Mozilla/5.0 (Windows NT 10.0; Win64; x64) AppleWebKit/537.36 (KHTML, like Gecko) Chrome/76.0.3809.132 Safari/537.36)
[2019-09-10 16:51:43] 200 - OK - text/xml
[2019-09-10 16:51:43] REQUEST GET - https://localhost:8082/public/ws/Resources.ashx/xml-qa
[2019-09-10 16:51:43] ---- FROM  ::1 (WinNT)
[2019-09-10 16:51:43] ---- BROWSER:  Chrome 76.0 (Mozilla/5.0 (Windows NT 10.0; Win64; x64) AppleWebKit/537.36 (KHTML, like Gecko) Chrome/76.0.3809.132 Safari/537.36)
[2019-09-10 16:51:43] 200 - OK - text/xml
[2019-09-10 16:51:43] REQUEST GET - https://localhost:8082/public/ws/Resources.ashx/xml-qa
[2019-09-10 16:51:43] ---- FROM  ::1 (WinNT)
[2019-09-10 16:51:43] ---- BROWSER:  Chrome 76.0 (Mozilla/5.0 (Windows NT 10.0; Win64; x64) AppleWebKit/537.36 (KHTML, like Gecko) Chrome/76.0.3809.132 Safari/537.36)
[2019-09-10 16:51:43] 200 - OK - text/xml
[2019-09-10 16:51:43] REQUEST GET - https://localhost:8082/public/ws/Resources.ashx/xml-qa
[2019-09-10 16:51:43] ---- FROM  ::1 (WinNT)
[2019-09-10 16:51:43] ---- BROWSER:  Chrome 76.0 (Mozilla/5.0 (Windows NT 10.0; Win64; x64) AppleWebKit/537.36 (KHTML, like Gecko) Chrome/76.0.3809.132 Safari/537.36)
[2019-09-10 16:51:43] 200 - OK - text/xml
[2019-09-10 16:51:43] REQUEST GET - https://localhost:8082/public/ws/Resources.ashx/xml-qa
[2019-09-10 16:51:43] ---- FROM  ::1 (WinNT)
[2019-09-10 16:51:43] ---- BROWSER:  Chrome 76.0 (Mozilla/5.0 (Windows NT 10.0; Win64; x64) AppleWebKit/537.36 (KHTML, like Gecko) Chrome/76.0.3809.132 Safari/537.36)
[2019-09-10 16:51:43] 200 - OK - text/xml
[2019-09-10 16:51:43] REQUEST GET - https://localhost:8082/public/ws/Resources.ashx/xml-qa
[2019-09-10 16:51:43] ---- FROM  ::1 (WinNT)
[2019-09-10 16:51:43] ---- BROWSER:  Chrome 76.0 (Mozilla/5.0 (Windows NT 10.0; Win64; x64) AppleWebKit/537.36 (KHTML, like Gecko) Chrome/76.0.3809.132 Safari/537.36)
[2019-09-10 16:51:43] 200 - OK - text/xml
[2019-09-10 16:52:46] REQUEST GET - https://localhost:8082/qa/qualitativa
[2019-09-10 16:52:46] ---- FROM  ::1 (WinNT)
[2019-09-10 16:52:46] ---- BROWSER:  Chrome 76.0 (Mozilla/5.0 (Windows NT 10.0; Win64; x64) AppleWebKit/537.36 (KHTML, like Gecko) Chrome/76.0.3809.132 Safari/537.36)
[2019-09-10 16:52:46] 200 - OK - text/html
[2019-09-10 16:52:47] REQUEST POST - https://localhost:8082/public/ws/QAnalysis.asmx/Get
[2019-09-10 16:52:47] ---- FROM  ::1 (WinNT)
[2019-09-10 16:52:47] ---- BROWSER:  Chrome 76.0 (Mozilla/5.0 (Windows NT 10.0; Win64; x64) AppleWebKit/537.36 (KHTML, like Gecko) Chrome/76.0.3809.132 Safari/537.36)
[2019-09-10 16:52:47] ---- CONTENT: {data : "<?xml version='1.0' encoding='utf-8' ?><Request ID='20190910165247149'><General><Token>61111131252223224013000011333653</Token></General><Data></Data></Request>"}
[2019-09-10 16:52:47] 200 - OK - application/json
[2019-09-10 16:52:47] REQUEST POST - https://localhost:8082/public/ws/Config.asmx/All_Get
[2019-09-10 16:52:47] ---- FROM  ::1 (WinNT)
[2019-09-10 16:52:47] ---- BROWSER:  Chrome 76.0 (Mozilla/5.0 (Windows NT 10.0; Win64; x64) AppleWebKit/537.36 (KHTML, like Gecko) Chrome/76.0.3809.132 Safari/537.36)
[2019-09-10 16:52:47] ---- CONTENT: {data : "<?xml version='1.0' encoding='utf-8' ?><Request ID='20190910165247238'><General><Token>61111131252223224013000011333653</Token></General><Data></Data></Request>"}
[2019-09-10 16:52:47] 200 - OK - application/json
[2019-09-10 16:52:47] REQUEST POST - https://localhost:8082/public/ws/Economics.asmx/messaggi_summary
[2019-09-10 16:52:47] ---- FROM  ::1 (WinNT)
[2019-09-10 16:52:47] ---- BROWSER:  Chrome 76.0 (Mozilla/5.0 (Windows NT 10.0; Win64; x64) AppleWebKit/537.36 (KHTML, like Gecko) Chrome/76.0.3809.132 Safari/537.36)
[2019-09-10 16:52:47] ---- CONTENT: {data : "<?xml version='1.0' encoding='utf-8' ?><Request ID='20190910165247263'><General><Token>61111131252223224013000011333653</Token></General><Data></Data></Request>"}
[2019-09-10 16:52:47] 200 - OK - application/json
[2019-09-10 16:52:47] REQUEST POST - https://localhost:8082/public/ws/Config.asmx/All_Get
[2019-09-10 16:52:47] ---- FROM  ::1 (WinNT)
[2019-09-10 16:52:47] ---- BROWSER:  Chrome 76.0 (Mozilla/5.0 (Windows NT 10.0; Win64; x64) AppleWebKit/537.36 (KHTML, like Gecko) Chrome/76.0.3809.132 Safari/537.36)
[2019-09-10 16:52:47] ---- CONTENT: {data : "<?xml version='1.0' encoding='utf-8' ?><Request ID='20190910165247376'><General><Token>61111131252223224013000011333653</Token></General><Data></Data></Request>"}
[2019-09-10 16:52:47] REQUEST POST - https://localhost:8082/public/ws/Config.asmx/All_Get
[2019-09-10 16:52:47] ---- FROM  ::1 (WinNT)
[2019-09-10 16:52:47] ---- BROWSER:  Chrome 76.0 (Mozilla/5.0 (Windows NT 10.0; Win64; x64) AppleWebKit/537.36 (KHTML, like Gecko) Chrome/76.0.3809.132 Safari/537.36)
[2019-09-10 16:52:47] ---- CONTENT: {data : "<?xml version='1.0' encoding='utf-8' ?><Request ID='20190910165247379'><General><Token>61111131252223224013000011333653</Token></General><Data></Data></Request>"}
[2019-09-10 16:52:47] REQUEST GET - https://localhost:8082/public/ws/Resources.ashx/xml-qa
[2019-09-10 16:52:47] ---- FROM  ::1 (WinNT)
[2019-09-10 16:52:47] ---- BROWSER:  Chrome 76.0 (Mozilla/5.0 (Windows NT 10.0; Win64; x64) AppleWebKit/537.36 (KHTML, like Gecko) Chrome/76.0.3809.132 Safari/537.36)
[2019-09-10 16:52:47] 200 - OK - application/json
[2019-09-10 16:52:47] 200 - OK - text/xml
[2019-09-10 16:52:47] 200 - OK - application/json
[2019-09-10 16:52:47] REQUEST GET - https://localhost:8082/public/ws/Resources.ashx/xml-qa
[2019-09-10 16:52:47] ---- FROM  ::1 (WinNT)
[2019-09-10 16:52:47] ---- BROWSER:  Chrome 76.0 (Mozilla/5.0 (Windows NT 10.0; Win64; x64) AppleWebKit/537.36 (KHTML, like Gecko) Chrome/76.0.3809.132 Safari/537.36)
[2019-09-10 16:52:47] 200 - OK - text/xml
[2019-09-10 16:52:47] REQUEST GET - https://localhost:8082/public/ws/Resources.ashx/xml-qa
[2019-09-10 16:52:47] ---- FROM  ::1 (WinNT)
[2019-09-10 16:52:47] ---- BROWSER:  Chrome 76.0 (Mozilla/5.0 (Windows NT 10.0; Win64; x64) AppleWebKit/537.36 (KHTML, like Gecko) Chrome/76.0.3809.132 Safari/537.36)
[2019-09-10 16:52:47] 200 - OK - text/xml
[2019-09-10 16:52:47] REQUEST GET - https://localhost:8082/public/ws/Resources.ashx/xml-qa
[2019-09-10 16:52:47] ---- FROM  ::1 (WinNT)
[2019-09-10 16:52:47] ---- BROWSER:  Chrome 76.0 (Mozilla/5.0 (Windows NT 10.0; Win64; x64) AppleWebKit/537.36 (KHTML, like Gecko) Chrome/76.0.3809.132 Safari/537.36)
[2019-09-10 16:52:47] 200 - OK - text/xml
[2019-09-10 16:52:47] REQUEST GET - https://localhost:8082/public/ws/Resources.ashx/xml-qa
[2019-09-10 16:52:47] ---- FROM  ::1 (WinNT)
[2019-09-10 16:52:47] ---- BROWSER:  Chrome 76.0 (Mozilla/5.0 (Windows NT 10.0; Win64; x64) AppleWebKit/537.36 (KHTML, like Gecko) Chrome/76.0.3809.132 Safari/537.36)
[2019-09-10 16:52:47] 200 - OK - text/xml
[2019-09-10 16:52:47] REQUEST GET - https://localhost:8082/public/ws/Resources.ashx/xml-qa
[2019-09-10 16:52:47] ---- FROM  ::1 (WinNT)
[2019-09-10 16:52:47] ---- BROWSER:  Chrome 76.0 (Mozilla/5.0 (Windows NT 10.0; Win64; x64) AppleWebKit/537.36 (KHTML, like Gecko) Chrome/76.0.3809.132 Safari/537.36)
[2019-09-10 16:52:47] 200 - OK - text/xml
[2019-09-10 16:52:47] REQUEST GET - https://localhost:8082/public/ws/Resources.ashx/xml-qa
[2019-09-10 16:52:47] ---- FROM  ::1 (WinNT)
[2019-09-10 16:52:47] ---- BROWSER:  Chrome 76.0 (Mozilla/5.0 (Windows NT 10.0; Win64; x64) AppleWebKit/537.36 (KHTML, like Gecko) Chrome/76.0.3809.132 Safari/537.36)
[2019-09-10 16:52:47] 200 - OK - text/xml
[2019-09-10 16:52:47] REQUEST GET - https://localhost:8082/public/ws/Resources.ashx/xml-qa
[2019-09-10 16:52:47] ---- FROM  ::1 (WinNT)
[2019-09-10 16:52:47] ---- BROWSER:  Chrome 76.0 (Mozilla/5.0 (Windows NT 10.0; Win64; x64) AppleWebKit/537.36 (KHTML, like Gecko) Chrome/76.0.3809.132 Safari/537.36)
[2019-09-10 16:52:47] 200 - OK - text/xml
[2019-09-10 16:52:47] REQUEST GET - https://localhost:8082/public/ws/Resources.ashx/xml-qa
[2019-09-10 16:52:47] ---- FROM  ::1 (WinNT)
[2019-09-10 16:52:47] ---- BROWSER:  Chrome 76.0 (Mozilla/5.0 (Windows NT 10.0; Win64; x64) AppleWebKit/537.36 (KHTML, like Gecko) Chrome/76.0.3809.132 Safari/537.36)
[2019-09-10 16:52:47] 200 - OK - text/xml
[2019-09-10 16:52:47] REQUEST GET - https://localhost:8082/public/ws/Resources.ashx/xml-qa
[2019-09-10 16:52:47] ---- FROM  ::1 (WinNT)
[2019-09-10 16:52:47] ---- BROWSER:  Chrome 76.0 (Mozilla/5.0 (Windows NT 10.0; Win64; x64) AppleWebKit/537.36 (KHTML, like Gecko) Chrome/76.0.3809.132 Safari/537.36)
[2019-09-10 16:52:47] 200 - OK - text/xml
[2019-09-10 16:52:47] REQUEST GET - https://localhost:8082/public/ws/Resources.ashx/xml-qa
[2019-09-10 16:52:47] ---- FROM  ::1 (WinNT)
[2019-09-10 16:52:47] ---- BROWSER:  Chrome 76.0 (Mozilla/5.0 (Windows NT 10.0; Win64; x64) AppleWebKit/537.36 (KHTML, like Gecko) Chrome/76.0.3809.132 Safari/537.36)
[2019-09-10 16:52:47] 200 - OK - text/xml
[2019-09-10 16:52:47] REQUEST GET - https://localhost:8082/public/ws/Resources.ashx/xml-qa
[2019-09-10 16:52:47] ---- FROM  ::1 (WinNT)
[2019-09-10 16:52:47] ---- BROWSER:  Chrome 76.0 (Mozilla/5.0 (Windows NT 10.0; Win64; x64) AppleWebKit/537.36 (KHTML, like Gecko) Chrome/76.0.3809.132 Safari/537.36)
[2019-09-10 16:52:47] 200 - OK - text/xml
[2019-09-10 16:52:47] REQUEST GET - https://localhost:8082/public/ws/Resources.ashx/xml-qa
[2019-09-10 16:52:47] ---- FROM  ::1 (WinNT)
[2019-09-10 16:52:47] ---- BROWSER:  Chrome 76.0 (Mozilla/5.0 (Windows NT 10.0; Win64; x64) AppleWebKit/537.36 (KHTML, like Gecko) Chrome/76.0.3809.132 Safari/537.36)
[2019-09-10 16:52:47] 200 - OK - text/xml
[2019-09-10 16:52:47] REQUEST GET - https://localhost:8082/public/ws/Resources.ashx/xml-qa
[2019-09-10 16:52:47] ---- FROM  ::1 (WinNT)
[2019-09-10 16:52:47] ---- BROWSER:  Chrome 76.0 (Mozilla/5.0 (Windows NT 10.0; Win64; x64) AppleWebKit/537.36 (KHTML, like Gecko) Chrome/76.0.3809.132 Safari/537.36)
[2019-09-10 16:52:47] 200 - OK - text/xml
[2019-09-10 16:52:47] REQUEST GET - https://localhost:8082/public/ws/Resources.ashx/xml-qa
[2019-09-10 16:52:47] ---- FROM  ::1 (WinNT)
[2019-09-10 16:52:47] ---- BROWSER:  Chrome 76.0 (Mozilla/5.0 (Windows NT 10.0; Win64; x64) AppleWebKit/537.36 (KHTML, like Gecko) Chrome/76.0.3809.132 Safari/537.36)
[2019-09-10 16:52:47] 200 - OK - text/xml
[2019-09-10 16:52:47] REQUEST GET - https://localhost:8082/public/ws/Resources.ashx/xml-qa
[2019-09-10 16:52:47] ---- FROM  ::1 (WinNT)
[2019-09-10 16:52:47] ---- BROWSER:  Chrome 76.0 (Mozilla/5.0 (Windows NT 10.0; Win64; x64) AppleWebKit/537.36 (KHTML, like Gecko) Chrome/76.0.3809.132 Safari/537.36)
[2019-09-10 16:52:47] 200 - OK - text/xml
[2019-09-10 16:52:47] REQUEST GET - https://localhost:8082/public/ws/Resources.ashx/xml-qa
[2019-09-10 16:52:47] ---- FROM  ::1 (WinNT)
[2019-09-10 16:52:47] ---- BROWSER:  Chrome 76.0 (Mozilla/5.0 (Windows NT 10.0; Win64; x64) AppleWebKit/537.36 (KHTML, like Gecko) Chrome/76.0.3809.132 Safari/537.36)
[2019-09-10 16:52:47] 200 - OK - text/xml
[2019-09-10 16:52:47] REQUEST GET - https://localhost:8082/public/ws/Resources.ashx/xml-qa
[2019-09-10 16:52:47] ---- FROM  ::1 (WinNT)
[2019-09-10 16:52:47] ---- BROWSER:  Chrome 76.0 (Mozilla/5.0 (Windows NT 10.0; Win64; x64) AppleWebKit/537.36 (KHTML, like Gecko) Chrome/76.0.3809.132 Safari/537.36)
[2019-09-10 16:52:47] 200 - OK - text/xml
[2019-09-10 16:52:47] REQUEST GET - https://localhost:8082/public/ws/Resources.ashx/xml-qa
[2019-09-10 16:52:47] ---- FROM  ::1 (WinNT)
[2019-09-10 16:52:47] ---- BROWSER:  Chrome 76.0 (Mozilla/5.0 (Windows NT 10.0; Win64; x64) AppleWebKit/537.36 (KHTML, like Gecko) Chrome/76.0.3809.132 Safari/537.36)
[2019-09-10 16:52:47] 200 - OK - text/xml
[2019-09-10 16:52:47] REQUEST GET - https://localhost:8082/public/ws/Resources.ashx/xml-qa
[2019-09-10 16:52:47] ---- FROM  ::1 (WinNT)
[2019-09-10 16:52:47] ---- BROWSER:  Chrome 76.0 (Mozilla/5.0 (Windows NT 10.0; Win64; x64) AppleWebKit/537.36 (KHTML, like Gecko) Chrome/76.0.3809.132 Safari/537.36)
[2019-09-10 16:52:47] 200 - OK - text/xml
[2019-09-10 16:52:47] REQUEST GET - https://localhost:8082/public/ws/Resources.ashx/xml-qa
[2019-09-10 16:52:47] ---- FROM  ::1 (WinNT)
[2019-09-10 16:52:47] ---- BROWSER:  Chrome 76.0 (Mozilla/5.0 (Windows NT 10.0; Win64; x64) AppleWebKit/537.36 (KHTML, like Gecko) Chrome/76.0.3809.132 Safari/537.36)
[2019-09-10 16:52:47] 200 - OK - text/xml
[2019-09-10 16:52:47] REQUEST GET - https://localhost:8082/public/ws/Resources.ashx/xml-qa
[2019-09-10 16:52:47] ---- FROM  ::1 (WinNT)
[2019-09-10 16:52:47] ---- BROWSER:  Chrome 76.0 (Mozilla/5.0 (Windows NT 10.0; Win64; x64) AppleWebKit/537.36 (KHTML, like Gecko) Chrome/76.0.3809.132 Safari/537.36)
[2019-09-10 16:52:47] 200 - OK - text/xml
[2019-09-10 16:52:47] REQUEST GET - https://localhost:8082/public/ws/Resources.ashx/xml-qa
[2019-09-10 16:52:47] ---- FROM  ::1 (WinNT)
[2019-09-10 16:52:47] ---- BROWSER:  Chrome 76.0 (Mozilla/5.0 (Windows NT 10.0; Win64; x64) AppleWebKit/537.36 (KHTML, like Gecko) Chrome/76.0.3809.132 Safari/537.36)
[2019-09-10 16:52:47] 200 - OK - text/xml
[2019-09-10 16:52:47] REQUEST GET - https://localhost:8082/public/ws/Resources.ashx/xml-qa
[2019-09-10 16:52:47] ---- FROM  ::1 (WinNT)
[2019-09-10 16:52:47] ---- BROWSER:  Chrome 76.0 (Mozilla/5.0 (Windows NT 10.0; Win64; x64) AppleWebKit/537.36 (KHTML, like Gecko) Chrome/76.0.3809.132 Safari/537.36)
[2019-09-10 16:52:47] 200 - OK - text/xml
[2019-09-10 16:52:47] REQUEST GET - https://localhost:8082/public/ws/Resources.ashx/xml-qa
[2019-09-10 16:52:47] ---- FROM  ::1 (WinNT)
[2019-09-10 16:52:47] ---- BROWSER:  Chrome 76.0 (Mozilla/5.0 (Windows NT 10.0; Win64; x64) AppleWebKit/537.36 (KHTML, like Gecko) Chrome/76.0.3809.132 Safari/537.36)
[2019-09-10 16:52:47] 200 - OK - text/xml
[2019-09-10 16:52:47] REQUEST GET - https://localhost:8082/public/ws/Resources.ashx/xml-qa
[2019-09-10 16:52:47] ---- FROM  ::1 (WinNT)
[2019-09-10 16:52:47] ---- BROWSER:  Chrome 76.0 (Mozilla/5.0 (Windows NT 10.0; Win64; x64) AppleWebKit/537.36 (KHTML, like Gecko) Chrome/76.0.3809.132 Safari/537.36)
[2019-09-10 16:52:47] 200 - OK - text/xml
[2019-09-10 16:52:47] REQUEST GET - https://localhost:8082/public/ws/Resources.ashx/xml-qa
[2019-09-10 16:52:47] ---- FROM  ::1 (WinNT)
[2019-09-10 16:52:47] ---- BROWSER:  Chrome 76.0 (Mozilla/5.0 (Windows NT 10.0; Win64; x64) AppleWebKit/537.36 (KHTML, like Gecko) Chrome/76.0.3809.132 Safari/537.36)
[2019-09-10 16:52:47] 200 - OK - text/xml
[2019-09-10 16:52:47] REQUEST GET - https://localhost:8082/public/ws/Resources.ashx/xml-qa
[2019-09-10 16:52:47] ---- FROM  ::1 (WinNT)
[2019-09-10 16:52:47] ---- BROWSER:  Chrome 76.0 (Mozilla/5.0 (Windows NT 10.0; Win64; x64) AppleWebKit/537.36 (KHTML, like Gecko) Chrome/76.0.3809.132 Safari/537.36)
[2019-09-10 16:52:47] 200 - OK - text/xml
[2019-09-10 16:52:47] REQUEST GET - https://localhost:8082/public/ws/Resources.ashx/xml-qa
[2019-09-10 16:52:47] ---- FROM  ::1 (WinNT)
[2019-09-10 16:52:47] ---- BROWSER:  Chrome 76.0 (Mozilla/5.0 (Windows NT 10.0; Win64; x64) AppleWebKit/537.36 (KHTML, like Gecko) Chrome/76.0.3809.132 Safari/537.36)
[2019-09-10 16:52:47] 200 - OK - text/xml
[2019-09-10 16:52:47] REQUEST GET - https://localhost:8082/public/ws/Resources.ashx/xml-qa
[2019-09-10 16:52:47] ---- FROM  ::1 (WinNT)
[2019-09-10 16:52:47] ---- BROWSER:  Chrome 76.0 (Mozilla/5.0 (Windows NT 10.0; Win64; x64) AppleWebKit/537.36 (KHTML, like Gecko) Chrome/76.0.3809.132 Safari/537.36)
[2019-09-10 16:52:47] 200 - OK - text/xml
[2019-09-10 16:52:47] REQUEST GET - https://localhost:8082/public/ws/Resources.ashx/xml-qa
[2019-09-10 16:52:47] ---- FROM  ::1 (WinNT)
[2019-09-10 16:52:47] ---- BROWSER:  Chrome 76.0 (Mozilla/5.0 (Windows NT 10.0; Win64; x64) AppleWebKit/537.36 (KHTML, like Gecko) Chrome/76.0.3809.132 Safari/537.36)
[2019-09-10 16:52:47] 200 - OK - text/xml
[2019-09-10 16:52:47] REQUEST GET - https://localhost:8082/public/ws/Resources.ashx/xml-qa
[2019-09-10 16:52:47] ---- FROM  ::1 (WinNT)
[2019-09-10 16:52:47] ---- BROWSER:  Chrome 76.0 (Mozilla/5.0 (Windows NT 10.0; Win64; x64) AppleWebKit/537.36 (KHTML, like Gecko) Chrome/76.0.3809.132 Safari/537.36)
[2019-09-10 16:52:47] 200 - OK - text/xml
[2019-09-10 16:52:47] REQUEST GET - https://localhost:8082/public/ws/Resources.ashx/xml-qa
[2019-09-10 16:52:47] ---- FROM  ::1 (WinNT)
[2019-09-10 16:52:47] ---- BROWSER:  Chrome 76.0 (Mozilla/5.0 (Windows NT 10.0; Win64; x64) AppleWebKit/537.36 (KHTML, like Gecko) Chrome/76.0.3809.132 Safari/537.36)
[2019-09-10 16:52:47] 200 - OK - text/xml
[2019-09-10 16:52:47] REQUEST GET - https://localhost:8082/public/ws/Resources.ashx/xml-qa
[2019-09-10 16:52:47] ---- FROM  ::1 (WinNT)
[2019-09-10 16:52:47] ---- BROWSER:  Chrome 76.0 (Mozilla/5.0 (Windows NT 10.0; Win64; x64) AppleWebKit/537.36 (KHTML, like Gecko) Chrome/76.0.3809.132 Safari/537.36)
[2019-09-10 16:52:47] 200 - OK - text/xml
[2019-09-10 16:52:47] REQUEST GET - https://localhost:8082/public/ws/Resources.ashx/xml-qa
[2019-09-10 16:52:47] ---- FROM  ::1 (WinNT)
[2019-09-10 16:52:47] ---- BROWSER:  Chrome 76.0 (Mozilla/5.0 (Windows NT 10.0; Win64; x64) AppleWebKit/537.36 (KHTML, like Gecko) Chrome/76.0.3809.132 Safari/537.36)
[2019-09-10 16:52:47] 200 - OK - text/xml
[2019-09-10 16:52:51] REQUEST GET - https://localhost:8082/settings/settings
[2019-09-10 16:52:51] ---- FROM  ::1 (WinNT)
[2019-09-10 16:52:51] ---- BROWSER:  Chrome 76.0 (Mozilla/5.0 (Windows NT 10.0; Win64; x64) AppleWebKit/537.36 (KHTML, like Gecko) Chrome/76.0.3809.132 Safari/537.36)
[2019-09-10 16:52:51] 200 - OK - text/html
[2019-09-10 16:52:51] REQUEST POST - https://localhost:8082/public/ws/General.asmx/Set
[2019-09-10 16:52:51] ---- FROM  ::1 (WinNT)
[2019-09-10 16:52:51] ---- BROWSER:  Chrome 76.0 (Mozilla/5.0 (Windows NT 10.0; Win64; x64) AppleWebKit/537.36 (KHTML, like Gecko) Chrome/76.0.3809.132 Safari/537.36)
[2019-09-10 16:52:51] ---- CONTENT: {data : "<?xml version='1.0' encoding='utf-8' ?><Request ID='20190910165251822'><General><Token>61111131252223224013000011333653</Token></General><Data><Nome></Nome><Logo>https%3A%2F%2Flocalhost%3A8082%2Fscratch%2Fpl_logo.png</Logo></Data></Request>"}
[2019-09-10 16:52:51] 200 - OK - application/json
[2019-09-10 16:52:51] REQUEST POST - https://localhost:8082/public/ws/Config.asmx/General_Get
[2019-09-10 16:52:51] ---- FROM  ::1 (WinNT)
[2019-09-10 16:52:51] ---- BROWSER:  Chrome 76.0 (Mozilla/5.0 (Windows NT 10.0; Win64; x64) AppleWebKit/537.36 (KHTML, like Gecko) Chrome/76.0.3809.132 Safari/537.36)
[2019-09-10 16:52:51] ---- CONTENT: {data : "<?xml version='1.0' encoding='utf-8' ?><Request ID='20190910165251843'><General><Token>61111131252223224013000011333653</Token></General><Data></Data></Request>"}
[2019-09-10 16:52:51] 200 - OK - application/json
[2019-09-10 16:52:51] REQUEST POST - https://localhost:8082/public/ws/Config.asmx/All_Get
[2019-09-10 16:52:51] ---- FROM  ::1 (WinNT)
[2019-09-10 16:52:51] ---- BROWSER:  Chrome 76.0 (Mozilla/5.0 (Windows NT 10.0; Win64; x64) AppleWebKit/537.36 (KHTML, like Gecko) Chrome/76.0.3809.132 Safari/537.36)
[2019-09-10 16:52:51] ---- CONTENT: {data : "<?xml version='1.0' encoding='utf-8' ?><Request ID='20190910165251911'><General><Token>61111131252223224013000011333653</Token></General><Data></Data></Request>"}
[2019-09-10 16:52:51] REQUEST POST - https://localhost:8082/public/ws/Economics.asmx/messaggi_summary
[2019-09-10 16:52:51] ---- FROM  ::1 (WinNT)
[2019-09-10 16:52:51] ---- BROWSER:  Chrome 76.0 (Mozilla/5.0 (Windows NT 10.0; Win64; x64) AppleWebKit/537.36 (KHTML, like Gecko) Chrome/76.0.3809.132 Safari/537.36)
[2019-09-10 16:52:51] ---- CONTENT: {data : "<?xml version='1.0' encoding='utf-8' ?><Request ID='20190910165251942'><General><Token>61111131252223224013000011333653</Token></General><Data></Data></Request>"}
[2019-09-10 16:52:51] 200 - OK - application/json
[2019-09-10 16:52:51] 200 - OK - application/json
[2019-09-10 16:52:52] REQUEST POST - https://localhost:8082/public/ws/Config.asmx/All_Get
[2019-09-10 16:52:52] ---- FROM  ::1 (WinNT)
[2019-09-10 16:52:52] ---- BROWSER:  Chrome 76.0 (Mozilla/5.0 (Windows NT 10.0; Win64; x64) AppleWebKit/537.36 (KHTML, like Gecko) Chrome/76.0.3809.132 Safari/537.36)
[2019-09-10 16:52:52] ---- CONTENT: {data : "<?xml version='1.0' encoding='utf-8' ?><Request ID='2019091016525255'><General><Token>61111131252223224013000011333653</Token></General><Data></Data></Request>"}
[2019-09-10 16:52:52] 200 - OK - application/json
[2019-09-10 16:52:52] REQUEST POST - https://localhost:8082/public/ws/Config.asmx/All_Get
[2019-09-10 16:52:52] ---- FROM  ::1 (WinNT)
[2019-09-10 16:52:52] ---- BROWSER:  Chrome 76.0 (Mozilla/5.0 (Windows NT 10.0; Win64; x64) AppleWebKit/537.36 (KHTML, like Gecko) Chrome/76.0.3809.132 Safari/537.36)
[2019-09-10 16:52:52] ---- CONTENT: {data : "<?xml version='1.0' encoding='utf-8' ?><Request ID='20190910165252135'><General><Token>61111131252223224013000011333653</Token></General><Data></Data></Request>"}
[2019-09-10 16:52:52] REQUEST GET - https://localhost:8082/public/ws/Resources.ashx/xml-general
[2019-09-10 16:52:52] ---- FROM  ::1 (WinNT)
[2019-09-10 16:52:52] ---- BROWSER:  Chrome 76.0 (Mozilla/5.0 (Windows NT 10.0; Win64; x64) AppleWebKit/537.36 (KHTML, like Gecko) Chrome/76.0.3809.132 Safari/537.36)
