[2019-08-21 17:15:54] ---- BROWSER:  Chrome 76.0 (Mozilla/5.0 (Windows NT 10.0; Win64; x64) AppleWebKit/537.36 (KHTML, like Gecko) Chrome/76.0.3809.100 Safari/537.36)
[2019-08-21 17:15:54] ---- CONTENT: {data : "<?xml version='1.0' encoding='utf-8' ?><Request ID='20190821171553521'><General><Token>61111131252223224013000011333653</Token></General><Data></Data></Request>"}
[2019-08-21 17:15:54] 200 - OK - application/json
[2019-08-21 17:15:54] REQUEST POST - https://localhost:8082/public/ws/Config.asmx/All_Get
[2019-08-21 17:15:54] ---- FROM  ::1 (WinNT)
[2019-08-21 17:15:54] ---- BROWSER:  Chrome 76.0 (Mozilla/5.0 (Windows NT 10.0; Win64; x64) AppleWebKit/537.36 (KHTML, like Gecko) Chrome/76.0.3809.100 Safari/537.36)
[2019-08-21 17:15:54] ---- CONTENT: {data : "<?xml version='1.0' encoding='utf-8' ?><Request ID='20190821171554637'><General><Token>61111131252223224013000011333653</Token></General><Data></Data></Request>"}
[2019-08-21 17:15:54] 200 - OK - application/json
[2019-08-21 17:16:41] REQUEST GET - https://localhost:8082/economics/anno-precedente-insert
[2019-08-21 17:16:41] ---- FROM  ::1 (WinNT)
[2019-08-21 17:16:41] ---- BROWSER:  Chrome 76.0 (Mozilla/5.0 (Windows NT 10.0; Win64; x64) AppleWebKit/537.36 (KHTML, like Gecko) Chrome/76.0.3809.100 Safari/537.36)
[2019-08-21 17:16:41] 200 - OK - text/html
[2019-08-21 17:16:47] REQUEST POST - https://localhost:8082/public/ws/AnnoPrec.asmx/Get
[2019-08-21 17:16:47] ---- FROM  ::1 (WinNT)
[2019-08-21 17:16:47] ---- BROWSER:  Chrome 76.0 (Mozilla/5.0 (Windows NT 10.0; Win64; x64) AppleWebKit/537.36 (KHTML, like Gecko) Chrome/76.0.3809.100 Safari/537.36)
[2019-08-21 17:16:47] ---- CONTENT: {data : "<?xml version='1.0' encoding='utf-8' ?><Request ID='20190821171647336'><General><Token>61111131252223224013000011333653</Token></General><Data></Data></Request>"}
[2019-08-21 17:16:47] 200 - OK - application/json
[2019-08-21 17:16:47] REQUEST POST - https://localhost:8082/public/ws/Config.asmx/All_Get
[2019-08-21 17:16:47] ---- FROM  ::1 (WinNT)
[2019-08-21 17:16:47] ---- BROWSER:  Chrome 76.0 (Mozilla/5.0 (Windows NT 10.0; Win64; x64) AppleWebKit/537.36 (KHTML, like Gecko) Chrome/76.0.3809.100 Safari/537.36)
[2019-08-21 17:16:47] ---- CONTENT: {data : "<?xml version='1.0' encoding='utf-8' ?><Request ID='20190821171647425'><General><Token>61111131252223224013000011333653</Token></General><Data></Data></Request>"}
[2019-08-21 17:16:47] 200 - OK - application/json
[2019-08-21 17:16:47] REQUEST POST - https://localhost:8082/public/ws/Economics.asmx/messaggi_summary
[2019-08-21 17:16:47] ---- FROM  ::1 (WinNT)
[2019-08-21 17:16:47] ---- BROWSER:  Chrome 76.0 (Mozilla/5.0 (Windows NT 10.0; Win64; x64) AppleWebKit/537.36 (KHTML, like Gecko) Chrome/76.0.3809.100 Safari/537.36)
[2019-08-21 17:16:47] ---- CONTENT: {data : "<?xml version='1.0' encoding='utf-8' ?><Request ID='20190821171647505'><General><Token>61111131252223224013000011333653</Token></General><Data></Data></Request>"}
[2019-08-21 17:16:47] REQUEST GET - https://localhost:8082/public/ws/Resources.ashx/xml-economics/61111131252223224013000011333653
[2019-08-21 17:16:47] ---- FROM  ::1 (WinNT)
[2019-08-21 17:16:47] ---- BROWSER:  Chrome 76.0 (Mozilla/5.0 (Windows NT 10.0; Win64; x64) AppleWebKit/537.36 (KHTML, like Gecko) Chrome/76.0.3809.100 Safari/537.36)
[2019-08-21 17:16:47] 200 - OK - application/json
[2019-08-21 17:16:47] 200 - OK - text/xml
[2019-08-21 17:16:47] REQUEST POST - https://localhost:8082/public/ws/Config.asmx/All_Get
[2019-08-21 17:16:47] ---- FROM  ::1 (WinNT)
[2019-08-21 17:16:47] ---- BROWSER:  Chrome 76.0 (Mozilla/5.0 (Windows NT 10.0; Win64; x64) AppleWebKit/537.36 (KHTML, like Gecko) Chrome/76.0.3809.100 Safari/537.36)
[2019-08-21 17:16:47] ---- CONTENT: {data : "<?xml version='1.0' encoding='utf-8' ?><Request ID='20190821171647657'><General><Token>61111131252223224013000011333653</Token></General><Data></Data></Request>"}
[2019-08-21 17:16:47] 200 - OK - application/json
[2019-08-21 17:16:48] REQUEST POST - https://localhost:8082/public/ws/Config.asmx/All_Get
[2019-08-21 17:16:48] ---- FROM  ::1 (WinNT)
[2019-08-21 17:16:48] ---- BROWSER:  Chrome 76.0 (Mozilla/5.0 (Windows NT 10.0; Win64; x64) AppleWebKit/537.36 (KHTML, like Gecko) Chrome/76.0.3809.100 Safari/537.36)
[2019-08-21 17:16:48] ---- CONTENT: {data : "<?xml version='1.0' encoding='utf-8' ?><Request ID='20190821171648710'><General><Token>61111131252223224013000011333653</Token></General><Data></Data></Request>"}
[2019-08-21 17:16:48] 200 - OK - application/json
[2019-08-21 17:17:24] REQUEST POST - https://localhost:8082/public/ws/AnnoPrec.asmx/Set
[2019-08-21 17:17:24] ---- FROM  ::1 (WinNT)
[2019-08-21 17:17:24] ---- BROWSER:  Chrome 76.0 (Mozilla/5.0 (Windows NT 10.0; Win64; x64) AppleWebKit/537.36 (KHTML, like Gecko) Chrome/76.0.3809.100 Safari/537.36)
[2019-08-21 17:17:24] ---- CONTENT: {data : "<?xml version='1.0' encoding='utf-8'?><Request ID='20190821171724312'><General><Token>61111131252223224013000011333653</Token></General><Data><Anni><Anno ID='1'><CreditiDebitiSoci><AP_CreditiSociMedio>17888000</AP_CreditiSociMedio><AP_DebitiSociMedio>0</AP_DebitiSociMedio></CreditiDebitiSoci><CreditiDebitiMedio><AP_CreditiMedioLungo>103917000</AP_CreditiMedioLungo><AP_DebitiMedioLungo>40146000</AP_DebitiMedioLungo></CreditiDebitiMedio></Anno><Anno ID='2'><CreditiDebitiSoci><AP_CreditiSociMedio>0</AP_CreditiSociMedio><AP_DebitiSociMedio>0</AP_DebitiSociMedio></CreditiDebitiSoci><CreditiDebitiMedio><AP_CreditiMedioLungo>0</AP_CreditiMedioLungo><AP_DebitiMedioLungo>0</AP_DebitiMedioLungo></CreditiDebitiMedio></Anno><Anno ID='3'><CreditiDebitiSoci><AP_CreditiSociMedio>0</AP_CreditiSociMedio><AP_DebitiSociMedio>0</AP_DebitiSociMedio></CreditiDebitiSoci><CreditiDebitiMedio><AP_CreditiMedioLungo>0</AP_CreditiMedioLungo><AP_DebitiMedioLungo>0</AP_DebitiMedioLungo></CreditiDebitiMedio></Anno></Anni><Liquidita><AP_Liquidita>59933000</AP_Liquidita><AP_Capitale>50000000</AP_Capitale><AP_Riserve>9788000</AP_Riserve><AP_Utile>38171000</AP_Utile><AP_NuovoUtile>49658000</AP_NuovoUtile></Liquidita><Rimanenze><AP_RimanenzePF>0</AP_RimanenzePF><AP_RimanenzeMP>0</AP_RimanenzeMP></Rimanenze><CreditiDebitiBreve><AP_CreditiSociBreve>0</AP_CreditiSociBreve><AP_DebitiSociBreve>0</AP_DebitiSociBreve><AP_CreditiComm>222711000</AP_CreditiComm><AP_DebitiComm>89136000</AP_DebitiComm><AP_AltriCrediti>0</AP_AltriCrediti><AP_AltriDebiti>0</AP_AltriDebiti><AP_CreditoIVA>4077000</AP_CreditoIVA><AP_CreditiTributari>0</AP_CreditiTributari><AP_DebitiTributari>0</AP_DebitiTributari></CreditiDebitiBreve><Tfr><AP_Tfr>101564000</AP_Tfr><AP_AltriFondi>15339000</AP_AltriFondi></Tfr><ImmFinanziarie_Partecipazioni><AP_Partecipazioni>27155000</AP_Partecipazioni></ImmFinanziarie_Partecipazioni><FinanziamentiBreve><AP_F_FinanziamentiABreve>13603000</AP_F_FinanziamentiABreve></FinanziamentiBreve><ImmMateriali><Investimento ID='1'><AP_IM_ValoreResiduo>0</AP_IM_ValoreResiduo><AP_IM_AmmortamentoAnnuale>0</AP_IM_AmmortamentoAnnuale><AP_IM_Iperammortamento>0</AP_IM_Iperammortamento></Investimento><Investimento ID='2'><AP_IM_ValoreResiduo>0</AP_IM_ValoreResiduo><AP_IM_AmmortamentoAnnuale>0</AP_IM_AmmortamentoAnnuale><AP_IM_Iperammortamento>0</AP_IM_Iperammortamento></Investimento><Investimento ID='3'><AP_IM_ValoreResiduo>0</AP_IM_ValoreResiduo><AP_IM_AmmortamentoAnnuale>0</AP_IM_AmmortamentoAnnuale><AP_IM_Iperammortamento>0</AP_IM_Iperammortamento></Investimento><Investimento ID='4'><AP_IM_ValoreResiduo>0</AP_IM_ValoreResiduo><AP_IM_AmmortamentoAnnuale>0</AP_IM_AmmortamentoAnnuale><AP_IM_Iperammortamento>0</AP_IM_Iperammortamento></Investimento></ImmMateriali><ImmImmateriali><Investimento ID='1'><AP_II_ValoreResiduo>19287000</AP_II_ValoreResiduo><AP_II_AmmortamentoAnnuale>2896000</AP_II_AmmortamentoAnnuale></Investimento><Investimento ID='2'><AP_II_ValoreResiduo>0</AP_II_ValoreResiduo><AP_II_AmmortamentoAnnuale>0</AP_II_AmmortamentoAnnuale></Investimento><Investimento ID='3'><AP_II_ValoreResiduo>0</AP_II_ValoreResiduo><AP_II_AmmortamentoAnnuale>0</AP_II_AmmortamentoAnnuale></Investimento><Investimento ID='4'><AP_II_ValoreResiduo>0</AP_II_ValoreResiduo><AP_II_AmmortamentoAnnuale>0</AP_II_AmmortamentoAnnuale></Investimento></ImmImmateriali><ImmFinanziarie_Titoli><Titolo ID='1'><AP_IF_Valore>345000000</AP_IF_Valore><AP_IF_AnniResidui>5000</AP_IF_AnniResidui><AP_IF_InteressiPerc>0</AP_IF_InteressiPerc><AP_IF_Interessi>0</AP_IF_Interessi></Titolo><Titolo ID='2'><AP_IF_Valore>0</AP_IF_Valore><AP_IF_AnniResidui>0</AP_IF_AnniResidui><AP_IF_InteressiPerc>0</AP_IF_InteressiPerc><AP_IF_Interessi>0</AP_IF_Interessi></Titolo><Titolo ID='3'><AP_IF_Valore>0</AP_IF_Valore><AP_IF_AnniResidui>0</AP_IF_AnniResidui><AP_IF_InteressiPerc>0</AP_IF_InteressiPerc><AP_IF_Interessi>0</AP_IF_Interessi></Titolo><Titolo ID='4'><AP_IF_Valore>0</AP_IF_Valore><AP_IF_AnniResidui>0</AP_IF_AnniResidui><AP_IF_InteressiPerc>0</AP_IF_InteressiPerc><AP_IF_Interessi>0</AP_IF_Interessi></Titolo></ImmFinanziarie_Titoli><Finanziamenti><Finanziamento ID='1'><AP_F_DebitoMedio>275166000</AP_F_DebitoMedio><AP_F_DebitoABreve>122854000</AP_F_DebitoABreve><AP_F_InteressiPerc>3000</AP_F_InteressiPerc></Finanziamento><Finanziamento ID='2'><AP_F_DebitoMedio>0</AP_F_DebitoMedio><AP_F_DebitoABreve>0</AP_F_DebitoABreve><AP_F_InteressiPerc>0</AP_F_InteressiPerc></Finanziamento><Finanziamento ID='3'><AP_F_DebitoMedio>0</AP_F_DebitoMedio><AP_F_DebitoABreve>0</AP_F_DebitoABreve><AP_F_InteressiPerc>0</AP_F_InteressiPerc></Finanziamento><Finanziamento ID='4'><AP_F_DebitoMedio>0</AP_F_DebitoMedio><AP_F_DebitoABreve>0</AP_F_DebitoABreve><AP_F_InteressiPerc>0</AP_F_InteressiPerc></Finanziamento></Finanziamenti></Data></Request>"}
[2019-08-21 17:17:24] 200 - OK - application/json
[2019-08-21 17:17:28] REQUEST POST - https://localhost:8082/public/ws/Economics.asmx/PreCompileAnnoPrec
[2019-08-21 17:17:28] ---- FROM  ::1 (WinNT)
[2019-08-21 17:17:28] ---- BROWSER:  Chrome 76.0 (Mozilla/5.0 (Windows NT 10.0; Win64; x64) AppleWebKit/537.36 (KHTML, like Gecko) Chrome/76.0.3809.100 Safari/537.36)
[2019-08-21 17:17:28] ---- CONTENT: {data : "<?xml version='1.0' encoding='utf-8' ?><Request ID='20190821171728835'><General><Token>61111131252223224013000011333653</Token></General><Data></Data></Request>"}
[2019-08-21 17:17:28] 200 - OK - application/json
[2019-08-21 17:17:28] REQUEST POST - https://localhost:8082/public/ws/AnnoPrec.asmx/Get
[2019-08-21 17:17:28] ---- FROM  ::1 (WinNT)
[2019-08-21 17:17:28] ---- BROWSER:  Chrome 76.0 (Mozilla/5.0 (Windows NT 10.0; Win64; x64) AppleWebKit/537.36 (KHTML, like Gecko) Chrome/76.0.3809.100 Safari/537.36)
[2019-08-21 17:17:28] ---- CONTENT: {data : "<?xml version='1.0' encoding='utf-8' ?><Request ID='20190821171728909'><General><Token>61111131252223224013000011333653</Token></General><Data></Data></Request>"}
[2019-08-21 17:17:28] 200 - OK - application/json
[2019-08-21 17:17:29] REQUEST POST - https://localhost:8082/public/ws/Config.asmx/All_Get
[2019-08-21 17:17:29] ---- FROM  ::1 (WinNT)
[2019-08-21 17:17:29] ---- BROWSER:  Chrome 76.0 (Mozilla/5.0 (Windows NT 10.0; Win64; x64) AppleWebKit/537.36 (KHTML, like Gecko) Chrome/76.0.3809.100 Safari/537.36)
[2019-08-21 17:17:29] ---- CONTENT: {data : "<?xml version='1.0' encoding='utf-8' ?><Request ID='2019082117172984'><General><Token>61111131252223224013000011333653</Token></General><Data></Data></Request>"}
[2019-08-21 17:17:29] 200 - OK - application/json
[2019-08-21 17:17:29] REQUEST GET - https://localhost:8082/public/ws/Resources.ashx/xml-economics/61111131252223224013000011333653
[2019-08-21 17:17:29] ---- FROM  ::1 (WinNT)
[2019-08-21 17:17:29] ---- BROWSER:  Chrome 76.0 (Mozilla/5.0 (Windows NT 10.0; Win64; x64) AppleWebKit/537.36 (KHTML, like Gecko) Chrome/76.0.3809.100 Safari/537.36)
[2019-08-21 17:17:29] 200 - OK - text/xml
[2019-08-21 17:17:29] REQUEST POST - https://localhost:8082/public/ws/Economics.asmx/messaggi_summary
[2019-08-21 17:17:29] ---- FROM  ::1 (WinNT)
[2019-08-21 17:17:29] ---- BROWSER:  Chrome 76.0 (Mozilla/5.0 (Windows NT 10.0; Win64; x64) AppleWebKit/537.36 (KHTML, like Gecko) Chrome/76.0.3809.100 Safari/537.36)
[2019-08-21 17:17:29] ---- CONTENT: {data : "<?xml version='1.0' encoding='utf-8' ?><Request ID='20190821171729147'><General><Token>61111131252223224013000011333653</Token></General><Data></Data></Request>"}
[2019-08-21 17:17:29] 200 - OK - application/json
[2019-08-21 17:17:30] REQUEST POST - https://localhost:8082/public/ws/Config.asmx/All_Get
[2019-08-21 17:17:30] ---- FROM  ::1 (WinNT)
[2019-08-21 17:17:30] ---- BROWSER:  Chrome 76.0 (Mozilla/5.0 (Windows NT 10.0; Win64; x64) AppleWebKit/537.36 (KHTML, like Gecko) Chrome/76.0.3809.100 Safari/537.36)
[2019-08-21 17:17:30] ---- CONTENT: {data : "<?xml version='1.0' encoding='utf-8' ?><Request ID='20190821171730693'><General><Token>61111131252223224013000011333653</Token></General><Data></Data></Request>"}
[2019-08-21 17:17:30] 200 - OK - application/json
[2019-08-21 17:17:37] REQUEST POST - https://localhost:8082/public/ws/Config.asmx/All_Get
[2019-08-21 17:17:37] ---- FROM  ::1 (WinNT)
[2019-08-21 17:17:37] ---- BROWSER:  Chrome 76.0 (Mozilla/5.0 (Windows NT 10.0; Win64; x64) AppleWebKit/537.36 (KHTML, like Gecko) Chrome/76.0.3809.100 Safari/537.36)
[2019-08-21 17:17:37] ---- CONTENT: {data : "<?xml version='1.0' encoding='utf-8' ?><Request ID='20190821171737349'><General><Token>61111131252223224013000011333653</Token></General><Data></Data></Request>"}
[2019-08-21 17:17:42] 200 - OK - application/json
[2019-08-21 17:17:55] REQUEST GET - https://localhost:8082/economics/anno-precedente-prospetto
[2019-08-21 17:17:55] ---- FROM  ::1 (WinNT)
[2019-08-21 17:17:55] ---- BROWSER:  Chrome 76.0 (Mozilla/5.0 (Windows NT 10.0; Win64; x64) AppleWebKit/537.36 (KHTML, like Gecko) Chrome/76.0.3809.100 Safari/537.36)
[2019-08-21 17:17:55] 200 - OK - text/html
[2019-08-21 17:17:57] REQUEST POST - https://localhost:8082/public/ws/AnnoPrec.asmx/Get
[2019-08-21 17:17:57] ---- FROM  ::1 (WinNT)
[2019-08-21 17:17:57] ---- BROWSER:  Chrome 76.0 (Mozilla/5.0 (Windows NT 10.0; Win64; x64) AppleWebKit/537.36 (KHTML, like Gecko) Chrome/76.0.3809.100 Safari/537.36)
[2019-08-21 17:17:57] ---- CONTENT: {data : "<?xml version='1.0' encoding='utf-8' ?><Request ID='2019082117175731'><General><Token>61111131252223224013000011333653</Token></General><Data></Data></Request>"}
[2019-08-21 17:17:57] 200 - OK - application/json
[2019-08-21 17:17:57] REQUEST POST - https://localhost:8082/public/ws/Config.asmx/All_Get
[2019-08-21 17:17:57] ---- FROM  ::1 (WinNT)
[2019-08-21 17:17:57] ---- BROWSER:  Chrome 76.0 (Mozilla/5.0 (Windows NT 10.0; Win64; x64) AppleWebKit/537.36 (KHTML, like Gecko) Chrome/76.0.3809.100 Safari/537.36)
[2019-08-21 17:17:57] ---- CONTENT: {data : "<?xml version='1.0' encoding='utf-8' ?><Request ID='20190821171757105'><General><Token>61111131252223224013000011333653</Token></General><Data></Data></Request>"}
[2019-08-21 17:17:57] 200 - OK - application/json
[2019-08-21 17:17:57] REQUEST GET - https://localhost:8082/public/ws/Resources.ashx/xml-economics/61111131252223224013000011333653
[2019-08-21 17:17:57] ---- FROM  ::1 (WinNT)
[2019-08-21 17:17:57] ---- BROWSER:  Chrome 76.0 (Mozilla/5.0 (Windows NT 10.0; Win64; x64) AppleWebKit/537.36 (KHTML, like Gecko) Chrome/76.0.3809.100 Safari/537.36)
[2019-08-21 17:17:57] 200 - OK - text/xml
[2019-08-21 17:17:57] REQUEST POST - https://localhost:8082/public/ws/Economics.asmx/messaggi_summary
[2019-08-21 17:17:57] ---- FROM  ::1 (WinNT)
[2019-08-21 17:17:57] ---- BROWSER:  Chrome 76.0 (Mozilla/5.0 (Windows NT 10.0; Win64; x64) AppleWebKit/537.36 (KHTML, like Gecko) Chrome/76.0.3809.100 Safari/537.36)
[2019-08-21 17:17:57] ---- CONTENT: {data : "<?xml version='1.0' encoding='utf-8' ?><Request ID='20190821171757218'><General><Token>61111131252223224013000011333653</Token></General><Data></Data></Request>"}
[2019-08-21 17:17:57] 200 - OK - application/json
[2019-08-21 17:17:57] REQUEST POST - https://localhost:8082/public/ws/Config.asmx/All_Get
[2019-08-21 17:17:57] ---- FROM  ::1 (WinNT)
[2019-08-21 17:17:57] ---- BROWSER:  Chrome 76.0 (Mozilla/5.0 (Windows NT 10.0; Win64; x64) AppleWebKit/537.36 (KHTML, like Gecko) Chrome/76.0.3809.100 Safari/537.36)
[2019-08-21 17:17:57] ---- CONTENT: {data : "<?xml version='1.0' encoding='utf-8' ?><Request ID='20190821171757916'><General><Token>61111131252223224013000011333653</Token></General><Data></Data></Request>"}
[2019-08-21 17:17:57] 200 - OK - application/json
[2019-08-21 17:17:58] REQUEST POST - https://localhost:8082/public/ws/Config.asmx/All_Get
[2019-08-21 17:17:58] ---- FROM  ::1 (WinNT)
[2019-08-21 17:17:58] ---- BROWSER:  Chrome 76.0 (Mozilla/5.0 (Windows NT 10.0; Win64; x64) AppleWebKit/537.36 (KHTML, like Gecko) Chrome/76.0.3809.100 Safari/537.36)
[2019-08-21 17:17:58] ---- CONTENT: {data : "<?xml version='1.0' encoding='utf-8' ?><Request ID='20190821171758177'><General><Token>61111131252223224013000011333653</Token></General><Data></Data></Request>"}
[2019-08-21 17:17:58] 200 - OK - application/json
[2019-08-21 17:18:53] REQUEST GET - https://localhost:8082/economics/anno-precedente-conferma
[2019-08-21 17:18:53] ---- FROM  ::1 (WinNT)
[2019-08-21 17:18:53] ---- BROWSER:  Chrome 76.0 (Mozilla/5.0 (Windows NT 10.0; Win64; x64) AppleWebKit/537.36 (KHTML, like Gecko) Chrome/76.0.3809.100 Safari/537.36)
[2019-08-21 17:18:53] 200 - OK - text/html
[2019-08-21 17:18:55] REQUEST POST - https://localhost:8082/public/ws/AnnoPrec.asmx/Valutazione
[2019-08-21 17:18:55] ---- FROM  ::1 (WinNT)
[2019-08-21 17:18:55] ---- BROWSER:  Chrome 76.0 (Mozilla/5.0 (Windows NT 10.0; Win64; x64) AppleWebKit/537.36 (KHTML, like Gecko) Chrome/76.0.3809.100 Safari/537.36)
[2019-08-21 17:18:55] ---- CONTENT: {data : "<?xml version='1.0' encoding='utf-8' ?><Request ID='20190821171855231'><General><Token>61111131252223224013000011333653</Token></General><Data></Data></Request>"}
[2019-08-21 17:18:55] 200 - OK - application/json
[2019-08-21 17:18:55] REQUEST POST - https://localhost:8082/public/ws/Config.asmx/All_Get
[2019-08-21 17:18:55] ---- FROM  ::1 (WinNT)
[2019-08-21 17:18:55] ---- BROWSER:  Chrome 76.0 (Mozilla/5.0 (Windows NT 10.0; Win64; x64) AppleWebKit/537.36 (KHTML, like Gecko) Chrome/76.0.3809.100 Safari/537.36)
[2019-08-21 17:18:55] ---- CONTENT: {data : "<?xml version='1.0' encoding='utf-8' ?><Request ID='20190821171855393'><General><Token>61111131252223224013000011333653</Token></General><Data></Data></Request>"}
[2019-08-21 17:18:55] 200 - OK - application/json
[2019-08-21 17:18:55] REQUEST GET - https://localhost:8082/public/ws/Resources.ashx/xml-economics/61111131252223224013000011333653
[2019-08-21 17:18:55] ---- FROM  ::1 (WinNT)
[2019-08-21 17:18:55] ---- BROWSER:  Chrome 76.0 (Mozilla/5.0 (Windows NT 10.0; Win64; x64) AppleWebKit/537.36 (KHTML, like Gecko) Chrome/76.0.3809.100 Safari/537.36)
[2019-08-21 17:18:55] 200 - OK - text/xml
[2019-08-21 17:18:55] REQUEST POST - https://localhost:8082/public/ws/Economics.asmx/messaggi_summary
[2019-08-21 17:18:55] ---- FROM  ::1 (WinNT)
[2019-08-21 17:18:55] ---- BROWSER:  Chrome 76.0 (Mozilla/5.0 (Windows NT 10.0; Win64; x64) AppleWebKit/537.36 (KHTML, like Gecko) Chrome/76.0.3809.100 Safari/537.36)
[2019-08-21 17:18:55] ---- CONTENT: {data : "<?xml version='1.0' encoding='utf-8' ?><Request ID='20190821171855496'><General><Token>61111131252223224013000011333653</Token></General><Data></Data></Request>"}
[2019-08-21 17:18:55] 200 - OK - application/json
[2019-08-21 17:18:55] REQUEST POST - https://localhost:8082/public/ws/Config.asmx/All_Get
[2019-08-21 17:18:55] ---- FROM  ::1 (WinNT)
[2019-08-21 17:18:55] ---- BROWSER:  Chrome 76.0 (Mozilla/5.0 (Windows NT 10.0; Win64; x64) AppleWebKit/537.36 (KHTML, like Gecko) Chrome/76.0.3809.100 Safari/537.36)
[2019-08-21 17:18:55] ---- CONTENT: {data : "<?xml version='1.0' encoding='utf-8' ?><Request ID='20190821171855643'><General><Token>61111131252223224013000011333653</Token></General><Data></Data></Request>"}
[2019-08-21 17:18:55] 200 - OK - application/json
[2019-08-21 17:18:55] REQUEST POST - https://localhost:8082/public/ws/Config.asmx/All_Get
[2019-08-21 17:18:55] ---- FROM  ::1 (WinNT)
[2019-08-21 17:18:55] ---- BROWSER:  Chrome 76.0 (Mozilla/5.0 (Windows NT 10.0; Win64; x64) AppleWebKit/537.36 (KHTML, like Gecko) Chrome/76.0.3809.100 Safari/537.36)
[2019-08-21 17:18:55] ---- CONTENT: {data : "<?xml version='1.0' encoding='utf-8' ?><Request ID='20190821171855896'><General><Token>61111131252223224013000011333653</Token></General><Data></Data></Request>"}
[2019-08-21 17:18:55] 200 - OK - application/json
[2019-08-21 17:19:05] REQUEST GET - https://localhost:8082/economics/anno-precedente-prospetto
[2019-08-21 17:19:05] ---- FROM  ::1 (WinNT)
[2019-08-21 17:19:05] ---- BROWSER:  Chrome 76.0 (Mozilla/5.0 (Windows NT 10.0; Win64; x64) AppleWebKit/537.36 (KHTML, like Gecko) Chrome/76.0.3809.100 Safari/537.36)
[2019-08-21 17:19:05] 200 - OK - text/html
[2019-08-21 17:19:07] REQUEST POST - https://localhost:8082/public/ws/AnnoPrec.asmx/Get
[2019-08-21 17:19:07] ---- FROM  ::1 (WinNT)
[2019-08-21 17:19:07] ---- BROWSER:  Chrome 76.0 (Mozilla/5.0 (Windows NT 10.0; Win64; x64) AppleWebKit/537.36 (KHTML, like Gecko) Chrome/76.0.3809.100 Safari/537.36)
[2019-08-21 17:19:07] ---- CONTENT: {data : "<?xml version='1.0' encoding='utf-8' ?><Request ID='20190821171907446'><General><Token>61111131252223224013000011333653</Token></General><Data></Data></Request>"}
[2019-08-21 17:19:07] 200 - OK - application/json
[2019-08-21 17:19:07] REQUEST POST - https://localhost:8082/public/ws/Config.asmx/All_Get
[2019-08-21 17:19:07] ---- FROM  ::1 (WinNT)
[2019-08-21 17:19:07] ---- BROWSER:  Chrome 76.0 (Mozilla/5.0 (Windows NT 10.0; Win64; x64) AppleWebKit/537.36 (KHTML, like Gecko) Chrome/76.0.3809.100 Safari/537.36)
[2019-08-21 17:19:07] ---- CONTENT: {data : "<?xml version='1.0' encoding='utf-8' ?><Request ID='20190821171907540'><General><Token>61111131252223224013000011333653</Token></General><Data></Data></Request>"}
[2019-08-21 17:19:07] 200 - OK - application/json
[2019-08-21 17:19:07] REQUEST GET - https://localhost:8082/public/ws/Resources.ashx/xml-economics/61111131252223224013000011333653
[2019-08-21 17:19:07] ---- FROM  ::1 (WinNT)
[2019-08-21 17:19:07] ---- BROWSER:  Chrome 76.0 (Mozilla/5.0 (Windows NT 10.0; Win64; x64) AppleWebKit/537.36 (KHTML, like Gecko) Chrome/76.0.3809.100 Safari/537.36)
[2019-08-21 17:19:07] 200 - OK - text/xml
[2019-08-21 17:19:07] REQUEST POST - https://localhost:8082/public/ws/Economics.asmx/messaggi_summary
[2019-08-21 17:19:07] ---- FROM  ::1 (WinNT)
[2019-08-21 17:19:07] ---- BROWSER:  Chrome 76.0 (Mozilla/5.0 (Windows NT 10.0; Win64; x64) AppleWebKit/537.36 (KHTML, like Gecko) Chrome/76.0.3809.100 Safari/537.36)
[2019-08-21 17:19:07] ---- CONTENT: {data : "<?xml version='1.0' encoding='utf-8' ?><Request ID='20190821171907642'><General><Token>61111131252223224013000011333653</Token></General><Data></Data></Request>"}
[2019-08-21 17:19:07] 200 - OK - application/json
[2019-08-21 17:19:08] REQUEST POST - https://localhost:8082/public/ws/Config.asmx/All_Get
[2019-08-21 17:19:08] ---- FROM  ::1 (WinNT)
[2019-08-21 17:19:08] ---- BROWSER:  Chrome 76.0 (Mozilla/5.0 (Windows NT 10.0; Win64; x64) AppleWebKit/537.36 (KHTML, like Gecko) Chrome/76.0.3809.100 Safari/537.36)
[2019-08-21 17:19:08] ---- CONTENT: {data : "<?xml version='1.0' encoding='utf-8' ?><Request ID='20190821171908380'><General><Token>61111131252223224013000011333653</Token></General><Data></Data></Request>"}
[2019-08-21 17:19:08] 200 - OK - application/json
[2019-08-21 17:19:09] REQUEST POST - https://localhost:8082/public/ws/Config.asmx/All_Get
[2019-08-21 17:19:09] ---- FROM  ::1 (WinNT)
[2019-08-21 17:19:09] ---- BROWSER:  Chrome 76.0 (Mozilla/5.0 (Windows NT 10.0; Win64; x64) AppleWebKit/537.36 (KHTML, like Gecko) Chrome/76.0.3809.100 Safari/537.36)
[2019-08-21 17:19:09] ---- CONTENT: {data : "<?xml version='1.0' encoding='utf-8' ?><Request ID='20190821171909340'><General><Token>61111131252223224013000011333653</Token></General><Data></Data></Request>"}
[2019-08-21 17:19:09] 200 - OK - application/json
[2019-08-21 17:20:32] REQUEST GET - https://localhost:8082/economics/anno-precedente-prospetto
[2019-08-21 17:20:32] ---- FROM  ::1 (WinNT)
[2019-08-21 17:20:32] ---- BROWSER:  Chrome 76.0 (Mozilla/5.0 (Windows NT 10.0; Win64; x64) AppleWebKit/537.36 (KHTML, like Gecko) Chrome/76.0.3809.100 Safari/537.36)
[2019-08-21 17:20:32] 200 - OK - text/html
[2019-08-21 17:20:34] REQUEST POST - https://localhost:8082/public/ws/AnnoPrec.asmx/Get
[2019-08-21 17:20:34] ---- FROM  ::1 (WinNT)
[2019-08-21 17:20:34] ---- BROWSER:  Chrome 76.0 (Mozilla/5.0 (Windows NT 10.0; Win64; x64) AppleWebKit/537.36 (KHTML, like Gecko) Chrome/76.0.3809.100 Safari/537.36)
[2019-08-21 17:20:34] ---- CONTENT: {data : "<?xml version='1.0' encoding='utf-8' ?><Request ID='20190821172034352'><General><Token>61111131252223224013000011333653</Token></General><Data></Data></Request>"}
[2019-08-21 17:20:34] 200 - OK - application/json
[2019-08-21 17:20:34] REQUEST POST - https://localhost:8082/public/ws/Config.asmx/All_Get
[2019-08-21 17:20:34] ---- FROM  ::1 (WinNT)
[2019-08-21 17:20:34] ---- BROWSER:  Chrome 76.0 (Mozilla/5.0 (Windows NT 10.0; Win64; x64) AppleWebKit/537.36 (KHTML, like Gecko) Chrome/76.0.3809.100 Safari/537.36)
[2019-08-21 17:20:34] ---- CONTENT: {data : "<?xml version='1.0' encoding='utf-8' ?><Request ID='20190821172034450'><General><Token>61111131252223224013000011333653</Token></General><Data></Data></Request>"}
[2019-08-21 17:20:34] 200 - OK - application/json
[2019-08-21 17:20:34] REQUEST POST - https://localhost:8082/public/ws/Economics.asmx/messaggi_summary
[2019-08-21 17:20:34] ---- FROM  ::1 (WinNT)
[2019-08-21 17:20:34] ---- BROWSER:  Chrome 76.0 (Mozilla/5.0 (Windows NT 10.0; Win64; x64) AppleWebKit/537.36 (KHTML, like Gecko) Chrome/76.0.3809.100 Safari/537.36)
[2019-08-21 17:20:34] ---- CONTENT: {data : "<?xml version='1.0' encoding='utf-8' ?><Request ID='20190821172034533'><General><Token>61111131252223224013000011333653</Token></General><Data></Data></Request>"}
[2019-08-21 17:20:34] 200 - OK - application/json
[2019-08-21 17:20:34] REQUEST GET - https://localhost:8082/public/ws/Resources.ashx/xml-economics/61111131252223224013000011333653
[2019-08-21 17:20:34] ---- FROM  ::1 (WinNT)
[2019-08-21 17:20:34] ---- BROWSER:  Chrome 76.0 (Mozilla/5.0 (Windows NT 10.0; Win64; x64) AppleWebKit/537.36 (KHTML, like Gecko) Chrome/76.0.3809.100 Safari/537.36)
[2019-08-21 17:20:34] REQUEST POST - https://localhost:8082/public/ws/Config.asmx/All_Get
[2019-08-21 17:20:34] ---- FROM  ::1 (WinNT)
[2019-08-21 17:20:34] ---- BROWSER:  Chrome 76.0 (Mozilla/5.0 (Windows NT 10.0; Win64; x64) AppleWebKit/537.36 (KHTML, like Gecko) Chrome/76.0.3809.100 Safari/537.36)
[2019-08-21 17:20:34] ---- CONTENT: {data : "<?xml version='1.0' encoding='utf-8' ?><Request ID='20190821172034575'><General><Token>61111131252223224013000011333653</Token></General><Data></Data></Request>"}
[2019-08-21 17:20:34] 200 - OK - text/xml
[2019-08-21 17:20:34] 200 - OK - application/json
[2019-08-21 17:20:35] REQUEST POST - https://localhost:8082/public/ws/Config.asmx/All_Get
[2019-08-21 17:20:35] ---- FROM  ::1 (WinNT)
[2019-08-21 17:20:35] ---- BROWSER:  Chrome 76.0 (Mozilla/5.0 (Windows NT 10.0; Win64; x64) AppleWebKit/537.36 (KHTML, like Gecko) Chrome/76.0.3809.100 Safari/537.36)
[2019-08-21 17:20:35] ---- CONTENT: {data : "<?xml version='1.0' encoding='utf-8' ?><Request ID='20190821172035594'><General><Token>61111131252223224013000011333653</Token></General><Data></Data></Request>"}
[2019-08-21 17:20:35] 200 - OK - application/json
[2019-08-21 17:21:06] REQUEST GET - https://localhost:8082/economics/anno-precedente-conferma
[2019-08-21 17:21:06] ---- FROM  ::1 (WinNT)
[2019-08-21 17:21:06] ---- BROWSER:  Chrome 76.0 (Mozilla/5.0 (Windows NT 10.0; Win64; x64) AppleWebKit/537.36 (KHTML, like Gecko) Chrome/76.0.3809.100 Safari/537.36)
[2019-08-21 17:21:06] 200 - OK - text/html
[2019-08-21 17:21:09] REQUEST POST - https://localhost:8082/public/ws/AnnoPrec.asmx/Valutazione
[2019-08-21 17:21:09] ---- FROM  ::1 (WinNT)
[2019-08-21 17:21:09] ---- BROWSER:  Chrome 76.0 (Mozilla/5.0 (Windows NT 10.0; Win64; x64) AppleWebKit/537.36 (KHTML, like Gecko) Chrome/76.0.3809.100 Safari/537.36)
[2019-08-21 17:21:09] ---- CONTENT: {data : "<?xml version='1.0' encoding='utf-8' ?><Request ID='20190821172109553'><General><Token>61111131252223224013000011333653</Token></General><Data></Data></Request>"}
[2019-08-21 17:21:09] 200 - OK - application/json
[2019-08-21 17:21:09] REQUEST POST - https://localhost:8082/public/ws/Config.asmx/All_Get
[2019-08-21 17:21:09] ---- FROM  ::1 (WinNT)
[2019-08-21 17:21:09] ---- BROWSER:  Chrome 76.0 (Mozilla/5.0 (Windows NT 10.0; Win64; x64) AppleWebKit/537.36 (KHTML, like Gecko) Chrome/76.0.3809.100 Safari/537.36)
[2019-08-21 17:21:09] ---- CONTENT: {data : "<?xml version='1.0' encoding='utf-8' ?><Request ID='20190821172109779'><General><Token>61111131252223224013000011333653</Token></General><Data></Data></Request>"}
[2019-08-21 17:21:09] 200 - OK - application/json
[2019-08-21 17:21:10] REQUEST GET - https://localhost:8082/public/ws/Resources.ashx/xml-economics/61111131252223224013000011333653
[2019-08-21 17:21:10] ---- FROM  ::1 (WinNT)
[2019-08-21 17:21:10] ---- BROWSER:  Chrome 76.0 (Mozilla/5.0 (Windows NT 10.0; Win64; x64) AppleWebKit/537.36 (KHTML, like Gecko) Chrome/76.0.3809.100 Safari/537.36)
[2019-08-21 17:21:10] 200 - OK - text/xml
[2019-08-21 17:21:10] REQUEST POST - https://localhost:8082/public/ws/Economics.asmx/messaggi_summary
[2019-08-21 17:21:10] ---- FROM  ::1 (WinNT)
[2019-08-21 17:21:10] ---- BROWSER:  Chrome 76.0 (Mozilla/5.0 (Windows NT 10.0; Win64; x64) AppleWebKit/537.36 (KHTML, like Gecko) Chrome/76.0.3809.100 Safari/537.36)
[2019-08-21 17:21:10] ---- CONTENT: {data : "<?xml version='1.0' encoding='utf-8' ?><Request ID='20190821172110102'><General><Token>61111131252223224013000011333653</Token></General><Data></Data></Request>"}
[2019-08-21 17:21:10] 200 - OK - application/json
[2019-08-21 17:21:10] REQUEST POST - https://localhost:8082/public/ws/Config.asmx/All_Get
[2019-08-21 17:21:10] ---- FROM  ::1 (WinNT)
[2019-08-21 17:21:10] ---- BROWSER:  Chrome 76.0 (Mozilla/5.0 (Windows NT 10.0; Win64; x64) AppleWebKit/537.36 (KHTML, like Gecko) Chrome/76.0.3809.100 Safari/537.36)
[2019-08-21 17:21:10] ---- CONTENT: {data : "<?xml version='1.0' encoding='utf-8' ?><Request ID='20190821172110210'><General><Token>61111131252223224013000011333653</Token></General><Data></Data></Request>"}
[2019-08-21 17:21:10] 200 - OK - application/json
[2019-08-21 17:21:10] REQUEST POST - https://localhost:8082/public/ws/Config.asmx/All_Get
[2019-08-21 17:21:10] ---- FROM  ::1 (WinNT)
[2019-08-21 17:21:10] ---- BROWSER:  Chrome 76.0 (Mozilla/5.0 (Windows NT 10.0; Win64; x64) AppleWebKit/537.36 (KHTML, like Gecko) Chrome/76.0.3809.100 Safari/537.36)
[2019-08-21 17:21:10] ---- CONTENT: {data : "<?xml version='1.0' encoding='utf-8' ?><Request ID='20190821172110565'><General><Token>61111131252223224013000011333653</Token></General><Data></Data></Request>"}
[2019-08-21 17:21:10] 200 - OK - application/json
[2019-08-21 17:22:53] REQUEST GET - https://localhost:8082/economics/anno-precedente-conferma
[2019-08-21 17:22:53] ---- FROM  ::1 (WinNT)
[2019-08-21 17:22:53] ---- BROWSER:  Chrome 76.0 (Mozilla/5.0 (Windows NT 10.0; Win64; x64) AppleWebKit/537.36 (KHTML, like Gecko) Chrome/76.0.3809.100 Safari/537.36)
[2019-08-21 17:22:53] 200 - OK - text/html
[2019-08-21 17:22:56] REQUEST POST - https://localhost:8082/public/ws/AnnoPrec.asmx/Valutazione
[2019-08-21 17:22:56] ---- FROM  ::1 (WinNT)
[2019-08-21 17:22:56] ---- BROWSER:  Chrome 76.0 (Mozilla/5.0 (Windows NT 10.0; Win64; x64) AppleWebKit/537.36 (KHTML, like Gecko) Chrome/76.0.3809.100 Safari/537.36)
[2019-08-21 17:22:56] ---- CONTENT: {data : "<?xml version='1.0' encoding='utf-8' ?><Request ID='20190821172256260'><General><Token>61111131252223224013000011333653</Token></General><Data></Data></Request>"}
[2019-08-21 17:22:56] 200 - OK - application/json
[2019-08-21 17:22:56] REQUEST POST - https://localhost:8082/public/ws/Config.asmx/All_Get
[2019-08-21 17:22:56] ---- FROM  ::1 (WinNT)
[2019-08-21 17:22:56] ---- BROWSER:  Chrome 76.0 (Mozilla/5.0 (Windows NT 10.0; Win64; x64) AppleWebKit/537.36 (KHTML, like Gecko) Chrome/76.0.3809.100 Safari/537.36)
[2019-08-21 17:22:56] ---- CONTENT: {data : "<?xml version='1.0' encoding='utf-8' ?><Request ID='20190821172256386'><General><Token>61111131252223224013000011333653</Token></General><Data></Data></Request>"}
[2019-08-21 17:22:56] 200 - OK - application/json
[2019-08-21 17:22:56] REQUEST POST - https://localhost:8082/public/ws/Economics.asmx/messaggi_summary
[2019-08-21 17:22:56] ---- FROM  ::1 (WinNT)
[2019-08-21 17:22:56] ---- BROWSER:  Chrome 76.0 (Mozilla/5.0 (Windows NT 10.0; Win64; x64) AppleWebKit/537.36 (KHTML, like Gecko) Chrome/76.0.3809.100 Safari/537.36)
[2019-08-21 17:22:56] ---- CONTENT: {data : "<?xml version='1.0' encoding='utf-8' ?><Request ID='20190821172256453'><General><Token>61111131252223224013000011333653</Token></General><Data></Data></Request>"}
[2019-08-21 17:22:56] 200 - OK - application/json
[2019-08-21 17:22:56] REQUEST POST - https://localhost:8082/public/ws/Config.asmx/All_Get
[2019-08-21 17:22:56] ---- FROM  ::1 (WinNT)
[2019-08-21 17:22:56] ---- BROWSER:  Chrome 76.0 (Mozilla/5.0 (Windows NT 10.0; Win64; x64) AppleWebKit/537.36 (KHTML, like Gecko) Chrome/76.0.3809.100 Safari/537.36)
[2019-08-21 17:22:56] ---- CONTENT: {data : "<?xml version='1.0' encoding='utf-8' ?><Request ID='20190821172256581'><General><Token>61111131252223224013000011333653</Token></General><Data></Data></Request>"}
[2019-08-21 17:22:56] 200 - OK - application/json
[2019-08-21 17:22:56] REQUEST GET - https://localhost:8082/public/ws/Resources.ashx/xml-economics/61111131252223224013000011333653
[2019-08-21 17:22:56] ---- FROM  ::1 (WinNT)
[2019-08-21 17:22:56] ---- BROWSER:  Chrome 76.0 (Mozilla/5.0 (Windows NT 10.0; Win64; x64) AppleWebKit/537.36 (KHTML, like Gecko) Chrome/76.0.3809.100 Safari/537.36)
[2019-08-21 17:22:56] 200 - OK - text/xml
[2019-08-21 17:22:57] REQUEST POST - https://localhost:8082/public/ws/Config.asmx/All_Get
[2019-08-21 17:22:57] ---- FROM  ::1 (WinNT)
[2019-08-21 17:22:57] ---- BROWSER:  Chrome 76.0 (Mozilla/5.0 (Windows NT 10.0; Win64; x64) AppleWebKit/537.36 (KHTML, like Gecko) Chrome/76.0.3809.100 Safari/537.36)
[2019-08-21 17:22:57] ---- CONTENT: {data : "<?xml version='1.0' encoding='utf-8' ?><Request ID='2019082117225773'><General><Token>61111131252223224013000011333653</Token></General><Data></Data></Request>"}
[2019-08-21 17:22:57] 200 - OK - application/json
[2019-08-21 17:23:27] REQUEST GET - https://localhost:8082/settings/settings
[2019-08-21 17:23:27] ---- FROM  ::1 (WinNT)
[2019-08-21 17:23:27] ---- BROWSER:  Chrome 76.0 (Mozilla/5.0 (Windows NT 10.0; Win64; x64) AppleWebKit/537.36 (KHTML, like Gecko) Chrome/76.0.3809.100 Safari/537.36)
[2019-08-21 17:23:28] 200 - OK - text/html
[2019-08-21 17:23:31] REQUEST POST - https://localhost:8082/public/ws/Config.asmx/General_Get
[2019-08-21 17:23:31] ---- FROM  ::1 (WinNT)
[2019-08-21 17:23:31] ---- BROWSER:  Chrome 76.0 (Mozilla/5.0 (Windows NT 10.0; Win64; x64) AppleWebKit/537.36 (KHTML, like Gecko) Chrome/76.0.3809.100 Safari/537.36)
[2019-08-21 17:23:31] ---- CONTENT: {data : "<?xml version='1.0' encoding='utf-8' ?><Request ID='20190821172330994'><General><Token>61111131252223224013000011333653</Token></General><Data></Data></Request>"}
[2019-08-21 17:23:31] 200 - OK - application/json
[2019-08-21 17:23:31] REQUEST POST - https://localhost:8082/public/ws/Config.asmx/All_Get
[2019-08-21 17:23:31] ---- FROM  ::1 (WinNT)
[2019-08-21 17:23:31] ---- BROWSER:  Chrome 76.0 (Mozilla/5.0 (Windows NT 10.0; Win64; x64) AppleWebKit/537.36 (KHTML, like Gecko) Chrome/76.0.3809.100 Safari/537.36)
[2019-08-21 17:23:31] ---- CONTENT: {data : "<?xml version='1.0' encoding='utf-8' ?><Request ID='2019082117233147'><General><Token>61111131252223224013000011333653</Token></General><Data></Data></Request>"}
[2019-08-21 17:23:31] 200 - OK - application/json
[2019-08-21 17:23:31] REQUEST POST - https://localhost:8082/public/ws/Economics.asmx/messaggi_summary
[2019-08-21 17:23:31] ---- FROM  ::1 (WinNT)
[2019-08-21 17:23:31] ---- BROWSER:  Chrome 76.0 (Mozilla/5.0 (Windows NT 10.0; Win64; x64) AppleWebKit/537.36 (KHTML, like Gecko) Chrome/76.0.3809.100 Safari/537.36)
[2019-08-21 17:23:31] ---- CONTENT: {data : "<?xml version='1.0' encoding='utf-8' ?><Request ID='20190821172331182'><General><Token>61111131252223224013000011333653</Token></General><Data></Data></Request>"}
[2019-08-21 17:23:31] 200 - OK - application/json
[2019-08-21 17:23:31] REQUEST POST - https://localhost:8082/public/ws/Config.asmx/All_Get
[2019-08-21 17:23:31] ---- FROM  ::1 (WinNT)
[2019-08-21 17:23:31] ---- BROWSER:  Chrome 76.0 (Mozilla/5.0 (Windows NT 10.0; Win64; x64) AppleWebKit/537.36 (KHTML, like Gecko) Chrome/76.0.3809.100 Safari/537.36)
[2019-08-21 17:23:31] ---- CONTENT: {data : "<?xml version='1.0' encoding='utf-8' ?><Request ID='20190821172331385'><General><Token>61111131252223224013000011333653</Token></General><Data></Data></Request>"}
[2019-08-21 17:23:31] 200 - OK - application/json
[2019-08-21 17:23:31] REQUEST POST - https://localhost:8082/public/ws/Config.asmx/All_Get
[2019-08-21 17:23:31] ---- FROM  ::1 (WinNT)
[2019-08-21 17:23:31] ---- BROWSER:  Chrome 76.0 (Mozilla/5.0 (Windows NT 10.0; Win64; x64) AppleWebKit/537.36 (KHTML, like Gecko) Chrome/76.0.3809.100 Safari/537.36)
[2019-08-21 17:23:31] ---- CONTENT: {data : "<?xml version='1.0' encoding='utf-8' ?><Request ID='20190821172331565'><General><Token>61111131252223224013000011333653</Token></General><Data></Data></Request>"}
[2019-08-21 17:23:31] 200 - OK - application/json
[2019-08-21 17:23:31] REQUEST GET - https://localhost:8082/public/ws/Resources.ashx/xml-general
[2019-08-21 17:23:31] ---- FROM  ::1 (WinNT)
[2019-08-21 17:23:31] ---- BROWSER:  Chrome 76.0 (Mozilla/5.0 (Windows NT 10.0; Win64; x64) AppleWebKit/537.36 (KHTML, like Gecko) Chrome/76.0.3809.100 Safari/537.36)
[2019-08-21 17:23:31] 200 - OK - text/xml
[2019-08-21 17:23:31] REQUEST GET - https://localhost:8082/public/ws/Resources.ashx/xml-general
[2019-08-21 17:23:31] ---- FROM  ::1 (WinNT)
[2019-08-21 17:23:31] ---- BROWSER:  Chrome 76.0 (Mozilla/5.0 (Windows NT 10.0; Win64; x64) AppleWebKit/537.36 (KHTML, like Gecko) Chrome/76.0.3809.100 Safari/537.36)
[2019-08-21 17:23:31] 200 - OK - text/xml
[2019-08-21 17:23:52] REQUEST GET - https://localhost:8082/qa/qualitativa
[2019-08-21 17:23:52] ---- FROM  ::1 (WinNT)
[2019-08-21 17:23:52] ---- BROWSER:  Chrome 76.0 (Mozilla/5.0 (Windows NT 10.0; Win64; x64) AppleWebKit/537.36 (KHTML, like Gecko) Chrome/76.0.3809.100 Safari/537.36)
[2019-08-21 17:23:52] 200 - OK - text/html
[2019-08-21 17:23:54] REQUEST POST - https://localhost:8082/public/ws/QAnalysis.asmx/Get
[2019-08-21 17:23:54] ---- FROM  ::1 (WinNT)
[2019-08-21 17:23:54] ---- BROWSER:  Chrome 76.0 (Mozilla/5.0 (Windows NT 10.0; Win64; x64) AppleWebKit/537.36 (KHTML, like Gecko) Chrome/76.0.3809.100 Safari/537.36)
[2019-08-21 17:23:54] ---- CONTENT: {data : "<?xml version='1.0' encoding='utf-8' ?><Request ID='20190821172354861'><General><Token>61111131252223224013000011333653</Token></General><Data></Data></Request>"}
[2019-08-21 17:23:54] 200 - OK - application/json
[2019-08-21 17:23:54] REQUEST POST - https://localhost:8082/public/ws/Config.asmx/All_Get
[2019-08-21 17:23:54] ---- FROM  ::1 (WinNT)
[2019-08-21 17:23:54] ---- BROWSER:  Chrome 76.0 (Mozilla/5.0 (Windows NT 10.0; Win64; x64) AppleWebKit/537.36 (KHTML, like Gecko) Chrome/76.0.3809.100 Safari/537.36)
[2019-08-21 17:23:54] ---- CONTENT: {data : "<?xml version='1.0' encoding='utf-8' ?><Request ID='20190821172354922'><General><Token>61111131252223224013000011333653</Token></General><Data></Data></Request>"}
[2019-08-21 17:23:54] 200 - OK - application/json
[2019-08-21 17:23:55] REQUEST POST - https://localhost:8082/public/ws/Economics.asmx/messaggi_summary
[2019-08-21 17:23:55] ---- FROM  ::1 (WinNT)
[2019-08-21 17:23:55] ---- BROWSER:  Chrome 76.0 (Mozilla/5.0 (Windows NT 10.0; Win64; x64) AppleWebKit/537.36 (KHTML, like Gecko) Chrome/76.0.3809.100 Safari/537.36)
[2019-08-21 17:23:55] ---- CONTENT: {data : "<?xml version='1.0' encoding='utf-8' ?><Request ID='2019082117235528'><General><Token>61111131252223224013000011333653</Token></General><Data></Data></Request>"}
[2019-08-21 17:23:55] 200 - OK - application/json
[2019-08-21 17:23:55] REQUEST POST - https://localhost:8082/public/ws/Config.asmx/All_Get
[2019-08-21 17:23:55] ---- FROM  ::1 (WinNT)
[2019-08-21 17:23:55] ---- BROWSER:  Chrome 76.0 (Mozilla/5.0 (Windows NT 10.0; Win64; x64) AppleWebKit/537.36 (KHTML, like Gecko) Chrome/76.0.3809.100 Safari/537.36)
[2019-08-21 17:23:55] ---- CONTENT: {data : "<?xml version='1.0' encoding='utf-8' ?><Request ID='20190821172355129'><General><Token>61111131252223224013000011333653</Token></General><Data></Data></Request>"}
[2019-08-21 17:23:55] 200 - OK - application/json
[2019-08-21 17:23:55] REQUEST GET - https://localhost:8082/public/ws/Resources.ashx/xml-qa
[2019-08-21 17:23:55] ---- FROM  ::1 (WinNT)
[2019-08-21 17:23:55] ---- BROWSER:  Chrome 76.0 (Mozilla/5.0 (Windows NT 10.0; Win64; x64) AppleWebKit/537.36 (KHTML, like Gecko) Chrome/76.0.3809.100 Safari/537.36)
[2019-08-21 17:23:55] 200 - OK - text/xml
[2019-08-21 17:23:55] REQUEST POST - https://localhost:8082/public/ws/Config.asmx/All_Get
[2019-08-21 17:23:55] ---- FROM  ::1 (WinNT)
[2019-08-21 17:23:55] ---- BROWSER:  Chrome 76.0 (Mozilla/5.0 (Windows NT 10.0; Win64; x64) AppleWebKit/537.36 (KHTML, like Gecko) Chrome/76.0.3809.100 Safari/537.36)
[2019-08-21 17:23:55] ---- CONTENT: {data : "<?xml version='1.0' encoding='utf-8' ?><Request ID='20190821172355347'><General><Token>61111131252223224013000011333653</Token></General><Data></Data></Request>"}
[2019-08-21 17:23:55] 200 - OK - application/json
[2019-08-21 17:23:55] REQUEST GET - https://localhost:8082/public/ws/Resources.ashx/xml-qa
[2019-08-21 17:23:55] ---- FROM  ::1 (WinNT)
[2019-08-21 17:23:55] ---- BROWSER:  Chrome 76.0 (Mozilla/5.0 (Windows NT 10.0; Win64; x64) AppleWebKit/537.36 (KHTML, like Gecko) Chrome/76.0.3809.100 Safari/537.36)
[2019-08-21 17:23:55] 200 - OK - text/xml
[2019-08-21 17:23:55] REQUEST GET - https://localhost:8082/public/ws/Resources.ashx/xml-qa
[2019-08-21 17:23:55] ---- FROM  ::1 (WinNT)
[2019-08-21 17:23:55] ---- BROWSER:  Chrome 76.0 (Mozilla/5.0 (Windows NT 10.0; Win64; x64) AppleWebKit/537.36 (KHTML, like Gecko) Chrome/76.0.3809.100 Safari/537.36)
[2019-08-21 17:23:55] 200 - OK - text/xml
[2019-08-21 17:23:55] REQUEST GET - https://localhost:8082/public/ws/Resources.ashx/xml-qa
[2019-08-21 17:23:55] ---- FROM  ::1 (WinNT)
[2019-08-21 17:23:55] ---- BROWSER:  Chrome 76.0 (Mozilla/5.0 (Windows NT 10.0; Win64; x64) AppleWebKit/537.36 (KHTML, like Gecko) Chrome/76.0.3809.100 Safari/537.36)
[2019-08-21 17:23:55] 200 - OK - text/xml
[2019-08-21 17:23:55] REQUEST GET - https://localhost:8082/public/ws/Resources.ashx/xml-qa
[2019-08-21 17:23:55] ---- FROM  ::1 (WinNT)
[2019-08-21 17:23:55] ---- BROWSER:  Chrome 76.0 (Mozilla/5.0 (Windows NT 10.0; Win64; x64) AppleWebKit/537.36 (KHTML, like Gecko) Chrome/76.0.3809.100 Safari/537.36)
[2019-08-21 17:23:55] 200 - OK - text/xml
[2019-08-21 17:23:55] REQUEST GET - https://localhost:8082/public/ws/Resources.ashx/xml-qa
[2019-08-21 17:23:55] ---- FROM  ::1 (WinNT)
[2019-08-21 17:23:55] ---- BROWSER:  Chrome 76.0 (Mozilla/5.0 (Windows NT 10.0; Win64; x64) AppleWebKit/537.36 (KHTML, like Gecko) Chrome/76.0.3809.100 Safari/537.36)
[2019-08-21 17:23:57] 200 - OK - text/xml
[2019-08-21 17:23:57] REQUEST GET - https://localhost:8082/public/ws/Resources.ashx/xml-qa
[2019-08-21 17:23:57] ---- FROM  ::1 (WinNT)
[2019-08-21 17:23:57] ---- BROWSER:  Chrome 76.0 (Mozilla/5.0 (Windows NT 10.0; Win64; x64) AppleWebKit/537.36 (KHTML, like Gecko) Chrome/76.0.3809.100 Safari/537.36)
[2019-08-21 17:23:57] 200 - OK - text/xml
[2019-08-21 17:23:57] REQUEST GET - https://localhost:8082/public/ws/Resources.ashx/xml-qa
[2019-08-21 17:23:57] ---- FROM  ::1 (WinNT)
[2019-08-21 17:23:57] ---- BROWSER:  Chrome 76.0 (Mozilla/5.0 (Windows NT 10.0; Win64; x64) AppleWebKit/537.36 (KHTML, like Gecko) Chrome/76.0.3809.100 Safari/537.36)
[2019-08-21 17:23:57] 200 - OK - text/xml
[2019-08-21 17:23:57] REQUEST GET - https://localhost:8082/public/ws/Resources.ashx/xml-qa
[2019-08-21 17:23:57] ---- FROM  ::1 (WinNT)
[2019-08-21 17:23:57] ---- BROWSER:  Chrome 76.0 (Mozilla/5.0 (Windows NT 10.0; Win64; x64) AppleWebKit/537.36 (KHTML, like Gecko) Chrome/76.0.3809.100 Safari/537.36)
[2019-08-21 17:23:57] 200 - OK - text/xml
[2019-08-21 17:23:57] REQUEST GET - https://localhost:8082/public/ws/Resources.ashx/xml-qa
[2019-08-21 17:23:57] ---- FROM  ::1 (WinNT)
[2019-08-21 17:23:57] ---- BROWSER:  Chrome 76.0 (Mozilla/5.0 (Windows NT 10.0; Win64; x64) AppleWebKit/537.36 (KHTML, like Gecko) Chrome/76.0.3809.100 Safari/537.36)
[2019-08-21 17:23:57] 200 - OK - text/xml
[2019-08-21 17:23:57] REQUEST GET - https://localhost:8082/public/ws/Resources.ashx/xml-qa
[2019-08-21 17:23:57] ---- FROM  ::1 (WinNT)
[2019-08-21 17:23:57] ---- BROWSER:  Chrome 76.0 (Mozilla/5.0 (Windows NT 10.0; Win64; x64) AppleWebKit/537.36 (KHTML, like Gecko) Chrome/76.0.3809.100 Safari/537.36)
[2019-08-21 17:23:57] 200 - OK - text/xml
[2019-08-21 17:23:57] REQUEST GET - https://localhost:8082/public/ws/Resources.ashx/xml-qa
[2019-08-21 17:23:57] ---- FROM  ::1 (WinNT)
[2019-08-21 17:23:57] ---- BROWSER:  Chrome 76.0 (Mozilla/5.0 (Windows NT 10.0; Win64; x64) AppleWebKit/537.36 (KHTML, like Gecko) Chrome/76.0.3809.100 Safari/537.36)
[2019-08-21 17:23:57] 200 - OK - text/xml
[2019-08-21 17:23:57] REQUEST GET - https://localhost:8082/public/ws/Resources.ashx/xml-qa
[2019-08-21 17:23:57] ---- FROM  ::1 (WinNT)
[2019-08-21 17:23:57] ---- BROWSER:  Chrome 76.0 (Mozilla/5.0 (Windows NT 10.0; Win64; x64) AppleWebKit/537.36 (KHTML, like Gecko) Chrome/76.0.3809.100 Safari/537.36)
[2019-08-21 17:23:57] 200 - OK - text/xml
[2019-08-21 17:23:57] REQUEST GET - https://localhost:8082/public/ws/Resources.ashx/xml-qa
[2019-08-21 17:23:57] ---- FROM  ::1 (WinNT)
[2019-08-21 17:23:57] ---- BROWSER:  Chrome 76.0 (Mozilla/5.0 (Windows NT 10.0; Win64; x64) AppleWebKit/537.36 (KHTML, like Gecko) Chrome/76.0.3809.100 Safari/537.36)
[2019-08-21 17:23:57] 200 - OK - text/xml
[2019-08-21 17:23:57] REQUEST GET - https://localhost:8082/public/ws/Resources.ashx/xml-qa
[2019-08-21 17:23:57] ---- FROM  ::1 (WinNT)
[2019-08-21 17:23:57] ---- BROWSER:  Chrome 76.0 (Mozilla/5.0 (Windows NT 10.0; Win64; x64) AppleWebKit/537.36 (KHTML, like Gecko) Chrome/76.0.3809.100 Safari/537.36)
[2019-08-21 17:23:57] 200 - OK - text/xml
[2019-08-21 17:23:57] REQUEST GET - https://localhost:8082/public/ws/Resources.ashx/xml-qa
[2019-08-21 17:23:57] ---- FROM  ::1 (WinNT)
[2019-08-21 17:23:57] ---- BROWSER:  Chrome 76.0 (Mozilla/5.0 (Windows NT 10.0; Win64; x64) AppleWebKit/537.36 (KHTML, like Gecko) Chrome/76.0.3809.100 Safari/537.36)
[2019-08-21 17:23:57] 200 - OK - text/xml
[2019-08-21 17:23:57] REQUEST GET - https://localhost:8082/public/ws/Resources.ashx/xml-qa
[2019-08-21 17:23:57] ---- FROM  ::1 (WinNT)
[2019-08-21 17:23:57] ---- BROWSER:  Chrome 76.0 (Mozilla/5.0 (Windows NT 10.0; Win64; x64) AppleWebKit/537.36 (KHTML, like Gecko) Chrome/76.0.3809.100 Safari/537.36)
[2019-08-21 17:23:58] 200 - OK - text/xml
[2019-08-21 17:23:58] REQUEST GET - https://localhost:8082/public/ws/Resources.ashx/xml-qa
[2019-08-21 17:23:58] ---- FROM  ::1 (WinNT)
[2019-08-21 17:23:58] ---- BROWSER:  Chrome 76.0 (Mozilla/5.0 (Windows NT 10.0; Win64; x64) AppleWebKit/537.36 (KHTML, like Gecko) Chrome/76.0.3809.100 Safari/537.36)
[2019-08-21 17:23:58] 200 - OK - text/xml
[2019-08-21 17:23:58] REQUEST GET - https://localhost:8082/public/ws/Resources.ashx/xml-qa
[2019-08-21 17:23:58] ---- FROM  ::1 (WinNT)
[2019-08-21 17:23:58] ---- BROWSER:  Chrome 76.0 (Mozilla/5.0 (Windows NT 10.0; Win64; x64) AppleWebKit/537.36 (KHTML, like Gecko) Chrome/76.0.3809.100 Safari/537.36)
[2019-08-21 17:23:58] 200 - OK - text/xml
[2019-08-21 17:23:58] REQUEST GET - https://localhost:8082/public/ws/Resources.ashx/xml-qa
[2019-08-21 17:23:58] ---- FROM  ::1 (WinNT)
[2019-08-21 17:23:58] ---- BROWSER:  Chrome 76.0 (Mozilla/5.0 (Windows NT 10.0; Win64; x64) AppleWebKit/537.36 (KHTML, like Gecko) Chrome/76.0.3809.100 Safari/537.36)
[2019-08-21 17:23:58] 200 - OK - text/xml
[2019-08-21 17:23:58] REQUEST GET - https://localhost:8082/public/ws/Resources.ashx/xml-qa
[2019-08-21 17:23:58] ---- FROM  ::1 (WinNT)
[2019-08-21 17:23:58] ---- BROWSER:  Chrome 76.0 (Mozilla/5.0 (Windows NT 10.0; Win64; x64) AppleWebKit/537.36 (KHTML, like Gecko) Chrome/76.0.3809.100 Safari/537.36)
[2019-08-21 17:23:58] 200 - OK - text/xml
[2019-08-21 17:23:58] REQUEST GET - https://localhost:8082/public/ws/Resources.ashx/xml-qa
[2019-08-21 17:23:58] ---- FROM  ::1 (WinNT)
[2019-08-21 17:23:58] ---- BROWSER:  Chrome 76.0 (Mozilla/5.0 (Windows NT 10.0; Win64; x64) AppleWebKit/537.36 (KHTML, like Gecko) Chrome/76.0.3809.100 Safari/537.36)
[2019-08-21 17:23:58] 200 - OK - text/xml
[2019-08-21 17:23:58] REQUEST GET - https://localhost:8082/public/ws/Resources.ashx/xml-qa
[2019-08-21 17:23:58] ---- FROM  ::1 (WinNT)
[2019-08-21 17:23:58] ---- BROWSER:  Chrome 76.0 (Mozilla/5.0 (Windows NT 10.0; Win64; x64) AppleWebKit/537.36 (KHTML, like Gecko) Chrome/76.0.3809.100 Safari/537.36)
[2019-08-21 17:23:58] 200 - OK - text/xml
[2019-08-21 17:23:58] REQUEST GET - https://localhost:8082/public/ws/Resources.ashx/xml-qa
[2019-08-21 17:23:58] ---- FROM  ::1 (WinNT)
[2019-08-21 17:23:58] ---- BROWSER:  Chrome 76.0 (Mozilla/5.0 (Windows NT 10.0; Win64; x64) AppleWebKit/537.36 (KHTML, like Gecko) Chrome/76.0.3809.100 Safari/537.36)
[2019-08-21 17:23:58] 200 - OK - text/xml
[2019-08-21 17:23:58] REQUEST GET - https://localhost:8082/public/ws/Resources.ashx/xml-qa
[2019-08-21 17:23:58] ---- FROM  ::1 (WinNT)
[2019-08-21 17:23:58] ---- BROWSER:  Chrome 76.0 (Mozilla/5.0 (Windows NT 10.0; Win64; x64) AppleWebKit/537.36 (KHTML, like Gecko) Chrome/76.0.3809.100 Safari/537.36)
[2019-08-21 17:23:58] 200 - OK - text/xml
[2019-08-21 17:23:58] REQUEST GET - https://localhost:8082/public/ws/Resources.ashx/xml-qa
[2019-08-21 17:23:58] ---- FROM  ::1 (WinNT)
[2019-08-21 17:23:58] ---- BROWSER:  Chrome 76.0 (Mozilla/5.0 (Windows NT 10.0; Win64; x64) AppleWebKit/537.36 (KHTML, like Gecko) Chrome/76.0.3809.100 Safari/537.36)
[2019-08-21 17:23:58] 200 - OK - text/xml
[2019-08-21 17:23:58] REQUEST GET - https://localhost:8082/public/ws/Resources.ashx/xml-qa
[2019-08-21 17:23:58] ---- FROM  ::1 (WinNT)
[2019-08-21 17:23:58] ---- BROWSER:  Chrome 76.0 (Mozilla/5.0 (Windows NT 10.0; Win64; x64) AppleWebKit/537.36 (KHTML, like Gecko) Chrome/76.0.3809.100 Safari/537.36)
[2019-08-21 17:23:58] 200 - OK - text/xml
[2019-08-21 17:23:58] REQUEST GET - https://localhost:8082/public/ws/Resources.ashx/xml-qa
[2019-08-21 17:23:58] ---- FROM  ::1 (WinNT)
[2019-08-21 17:23:58] ---- BROWSER:  Chrome 76.0 (Mozilla/5.0 (Windows NT 10.0; Win64; x64) AppleWebKit/537.36 (KHTML, like Gecko) Chrome/76.0.3809.100 Safari/537.36)
[2019-08-21 17:23:58] 200 - OK - text/xml
[2019-08-21 17:23:58] REQUEST GET - https://localhost:8082/public/ws/Resources.ashx/xml-qa
[2019-08-21 17:23:58] ---- FROM  ::1 (WinNT)
[2019-08-21 17:23:58] ---- BROWSER:  Chrome 76.0 (Mozilla/5.0 (Windows NT 10.0; Win64; x64) AppleWebKit/537.36 (KHTML, like Gecko) Chrome/76.0.3809.100 Safari/537.36)
[2019-08-21 17:23:58] 200 - OK - text/xml
[2019-08-21 17:23:58] REQUEST GET - https://localhost:8082/public/ws/Resources.ashx/xml-qa
[2019-08-21 17:23:58] ---- FROM  ::1 (WinNT)
[2019-08-21 17:23:58] ---- BROWSER:  Chrome 76.0 (Mozilla/5.0 (Windows NT 10.0; Win64; x64) AppleWebKit/537.36 (KHTML, like Gecko) Chrome/76.0.3809.100 Safari/537.36)
[2019-08-21 17:23:58] 200 - OK - text/xml
[2019-08-21 17:23:58] REQUEST GET - https://localhost:8082/public/ws/Resources.ashx/xml-qa
[2019-08-21 17:23:58] ---- FROM  ::1 (WinNT)
[2019-08-21 17:23:58] ---- BROWSER:  Chrome 76.0 (Mozilla/5.0 (Windows NT 10.0; Win64; x64) AppleWebKit/537.36 (KHTML, like Gecko) Chrome/76.0.3809.100 Safari/537.36)
[2019-08-21 17:23:58] 200 - OK - text/xml
[2019-08-21 17:23:58] REQUEST GET - https://localhost:8082/public/ws/Resources.ashx/xml-qa
[2019-08-21 17:23:58] ---- FROM  ::1 (WinNT)
[2019-08-21 17:23:58] ---- BROWSER:  Chrome 76.0 (Mozilla/5.0 (Windows NT 10.0; Win64; x64) AppleWebKit/537.36 (KHTML, like Gecko) Chrome/76.0.3809.100 Safari/537.36)
[2019-08-21 17:23:58] 200 - OK - text/xml
[2019-08-21 17:23:58] REQUEST GET - https://localhost:8082/public/ws/Resources.ashx/xml-qa
[2019-08-21 17:23:58] ---- FROM  ::1 (WinNT)
[2019-08-21 17:23:58] ---- BROWSER:  Chrome 76.0 (Mozilla/5.0 (Windows NT 10.0; Win64; x64) AppleWebKit/537.36 (KHTML, like Gecko) Chrome/76.0.3809.100 Safari/537.36)
[2019-08-21 17:23:58] 200 - OK - text/xml
[2019-08-21 17:23:58] REQUEST GET - https://localhost:8082/public/ws/Resources.ashx/xml-qa
[2019-08-21 17:23:58] ---- FROM  ::1 (WinNT)
[2019-08-21 17:23:58] ---- BROWSER:  Chrome 76.0 (Mozilla/5.0 (Windows NT 10.0; Win64; x64) AppleWebKit/537.36 (KHTML, like Gecko) Chrome/76.0.3809.100 Safari/537.36)
[2019-08-21 17:23:58] 200 - OK - text/xml
[2019-08-21 17:23:58] REQUEST GET - https://localhost:8082/public/ws/Resources.ashx/xml-qa
[2019-08-21 17:23:58] ---- FROM  ::1 (WinNT)
[2019-08-21 17:23:58] ---- BROWSER:  Chrome 76.0 (Mozilla/5.0 (Windows NT 10.0; Win64; x64) AppleWebKit/537.36 (KHTML, like Gecko) Chrome/76.0.3809.100 Safari/537.36)
[2019-08-21 17:23:58] 200 - OK - text/xml
[2019-08-21 17:24:27] REQUEST GET - https://localhost:8082/economics/messaggi
[2019-08-21 17:24:27] ---- FROM  ::1 (WinNT)
[2019-08-21 17:24:27] ---- BROWSER:  Chrome 76.0 (Mozilla/5.0 (Windows NT 10.0; Win64; x64) AppleWebKit/537.36 (KHTML, like Gecko) Chrome/76.0.3809.100 Safari/537.36)
[2019-08-21 17:24:27] 200 - OK - text/html
[2019-08-21 17:24:30] REQUEST POST - https://localhost:8082/public/ws/Economics.asmx/messaggi
[2019-08-21 17:24:30] ---- FROM  ::1 (WinNT)
[2019-08-21 17:24:30] ---- BROWSER:  Chrome 76.0 (Mozilla/5.0 (Windows NT 10.0; Win64; x64) AppleWebKit/537.36 (KHTML, like Gecko) Chrome/76.0.3809.100 Safari/537.36)
[2019-08-21 17:24:30] ---- CONTENT: {data : "<?xml version='1.0' encoding='utf-8' ?><Request ID='20190821172430760'><General><Token>61111131252223224013000011333653</Token></General><Data></Data></Request>"}
[2019-08-21 17:24:30] 200 - OK - application/json
[2019-08-21 17:24:30] REQUEST POST - https://localhost:8082/public/ws/Config.asmx/All_Get
[2019-08-21 17:24:30] ---- FROM  ::1 (WinNT)
[2019-08-21 17:24:30] ---- BROWSER:  Chrome 76.0 (Mozilla/5.0 (Windows NT 10.0; Win64; x64) AppleWebKit/537.36 (KHTML, like Gecko) Chrome/76.0.3809.100 Safari/537.36)
[2019-08-21 17:24:30] ---- CONTENT: {data : "<?xml version='1.0' encoding='utf-8' ?><Request ID='20190821172430828'><General><Token>61111131252223224013000011333653</Token></General><Data></Data></Request>"}
[2019-08-21 17:24:30] 200 - OK - application/json
[2019-08-21 17:24:30] REQUEST GET - https://localhost:8082/public/ws/Resources.ashx/xml-economics/61111131252223224013000011333653
[2019-08-21 17:24:30] ---- FROM  ::1 (WinNT)
[2019-08-21 17:24:30] ---- BROWSER:  Chrome 76.0 (Mozilla/5.0 (Windows NT 10.0; Win64; x64) AppleWebKit/537.36 (KHTML, like Gecko) Chrome/76.0.3809.100 Safari/537.36)
[2019-08-21 17:24:30] 200 - OK - text/xml
[2019-08-21 17:24:30] REQUEST POST - https://localhost:8082/public/ws/Economics.asmx/messaggi_summary
[2019-08-21 17:24:30] ---- FROM  ::1 (WinNT)
[2019-08-21 17:24:30] ---- BROWSER:  Chrome 76.0 (Mozilla/5.0 (Windows NT 10.0; Win64; x64) AppleWebKit/537.36 (KHTML, like Gecko) Chrome/76.0.3809.100 Safari/537.36)
[2019-08-21 17:24:30] ---- CONTENT: {data : "<?xml version='1.0' encoding='utf-8' ?><Request ID='20190821172430866'><General><Token>61111131252223224013000011333653</Token></General><Data></Data></Request>"}
[2019-08-21 17:24:30] 200 - OK - application/json
[2019-08-21 17:24:31] REQUEST POST - https://localhost:8082/public/ws/Config.asmx/All_Get
[2019-08-21 17:24:31] ---- FROM  ::1 (WinNT)
[2019-08-21 17:24:31] ---- BROWSER:  Chrome 76.0 (Mozilla/5.0 (Windows NT 10.0; Win64; x64) AppleWebKit/537.36 (KHTML, like Gecko) Chrome/76.0.3809.100 Safari/537.36)
[2019-08-21 17:24:31] ---- CONTENT: {data : "<?xml version='1.0' encoding='utf-8' ?><Request ID='2019082117243134'><General><Token>61111131252223224013000011333653</Token></General><Data></Data></Request>"}
[2019-08-21 17:24:31] 200 - OK - application/json
[2019-08-21 17:24:31] REQUEST POST - https://localhost:8082/public/ws/Config.asmx/All_Get
[2019-08-21 17:24:31] ---- FROM  ::1 (WinNT)
[2019-08-21 17:24:31] ---- BROWSER:  Chrome 76.0 (Mozilla/5.0 (Windows NT 10.0; Win64; x64) AppleWebKit/537.36 (KHTML, like Gecko) Chrome/76.0.3809.100 Safari/537.36)
[2019-08-21 17:24:31] ---- CONTENT: {data : "<?xml version='1.0' encoding='utf-8' ?><Request ID='20190821172431278'><General><Token>61111131252223224013000011333653</Token></General><Data></Data></Request>"}
[2019-08-21 17:24:31] 200 - OK - application/json
[2019-08-21 17:29:38] REQUEST GET - https://localhost:8082/economics/messaggi
[2019-08-21 17:29:38] ---- FROM  ::1 (WinNT)
[2019-08-21 17:29:38] ---- BROWSER:  Chrome 76.0 (Mozilla/5.0 (Windows NT 10.0; Win64; x64) AppleWebKit/537.36 (KHTML, like Gecko) Chrome/76.0.3809.100 Safari/537.36)
[2019-08-21 17:29:38] 200 - OK - text/html
[2019-08-21 17:29:41] REQUEST POST - https://localhost:8082/public/ws/Economics.asmx/messaggi
[2019-08-21 17:29:41] ---- FROM  ::1 (WinNT)
[2019-08-21 17:29:41] ---- BROWSER:  Chrome 76.0 (Mozilla/5.0 (Windows NT 10.0; Win64; x64) AppleWebKit/537.36 (KHTML, like Gecko) Chrome/76.0.3809.100 Safari/537.36)
[2019-08-21 17:29:41] ---- CONTENT: {data : "<?xml version='1.0' encoding='utf-8' ?><Request ID='20190821172941529'><General><Token>61111131252223224013000011333653</Token></General><Data></Data></Request>"}
[2019-08-21 17:29:41] 200 - OK - application/json
[2019-08-21 17:29:41] REQUEST GET - https://localhost:8082/public/ws/Resources.ashx/xml-economics/61111131252223224013000011333653
[2019-08-21 17:29:41] ---- FROM  ::1 (WinNT)
[2019-08-21 17:29:41] ---- BROWSER:  Chrome 76.0 (Mozilla/5.0 (Windows NT 10.0; Win64; x64) AppleWebKit/537.36 (KHTML, like Gecko) Chrome/76.0.3809.100 Safari/537.36)
[2019-08-21 17:29:41] 200 - OK - text/xml
[2019-08-21 17:29:41] REQUEST POST - https://localhost:8082/public/ws/Config.asmx/All_Get
[2019-08-21 17:29:41] ---- FROM  ::1 (WinNT)
[2019-08-21 17:29:41] ---- BROWSER:  Chrome 76.0 (Mozilla/5.0 (Windows NT 10.0; Win64; x64) AppleWebKit/537.36 (KHTML, like Gecko) Chrome/76.0.3809.100 Safari/537.36)
[2019-08-21 17:29:41] ---- CONTENT: {data : "<?xml version='1.0' encoding='utf-8' ?><Request ID='20190821172941662'><General><Token>61111131252223224013000011333653</Token></General><Data></Data></Request>"}
[2019-08-21 17:29:41] 200 - OK - application/json
[2019-08-21 17:29:41] REQUEST POST - https://localhost:8082/public/ws/Economics.asmx/messaggi_summary
[2019-08-21 17:29:41] ---- FROM  ::1 (WinNT)
[2019-08-21 17:29:41] ---- BROWSER:  Chrome 76.0 (Mozilla/5.0 (Windows NT 10.0; Win64; x64) AppleWebKit/537.36 (KHTML, like Gecko) Chrome/76.0.3809.100 Safari/537.36)
[2019-08-21 17:29:41] ---- CONTENT: {data : "<?xml version='1.0' encoding='utf-8' ?><Request ID='20190821172941722'><General><Token>61111131252223224013000011333653</Token></General><Data></Data></Request>"}
[2019-08-21 17:29:41] 200 - OK - application/json
[2019-08-21 17:29:41] REQUEST POST - https://localhost:8082/public/ws/Config.asmx/All_Get
[2019-08-21 17:29:41] ---- FROM  ::1 (WinNT)
[2019-08-21 17:29:41] ---- BROWSER:  Chrome 76.0 (Mozilla/5.0 (Windows NT 10.0; Win64; x64) AppleWebKit/537.36 (KHTML, like Gecko) Chrome/76.0.3809.100 Safari/537.36)
[2019-08-21 17:29:41] ---- CONTENT: {data : "<?xml version='1.0' encoding='utf-8' ?><Request ID='20190821172941893'><General><Token>61111131252223224013000011333653</Token></General><Data></Data></Request>"}
[2019-08-21 17:29:42] 200 - OK - application/json
[2019-08-21 17:29:42] REQUEST POST - https://localhost:8082/public/ws/Config.asmx/All_Get
[2019-08-21 17:29:42] ---- FROM  ::1 (WinNT)
[2019-08-21 17:29:42] ---- BROWSER:  Chrome 76.0 (Mozilla/5.0 (Windows NT 10.0; Win64; x64) AppleWebKit/537.36 (KHTML, like Gecko) Chrome/76.0.3809.100 Safari/537.36)
[2019-08-21 17:29:42] ---- CONTENT: {data : "<?xml version='1.0' encoding='utf-8' ?><Request ID='20190821172942177'><General><Token>61111131252223224013000011333653</Token></General><Data></Data></Request>"}
[2019-08-21 17:29:42] 200 - OK - application/json
[2019-08-21 17:30:01] REQUEST GET - https://localhost:8082/settings/settings
[2019-08-21 17:30:01] ---- FROM  ::1 (WinNT)
[2019-08-21 17:30:01] ---- BROWSER:  Chrome 76.0 (Mozilla/5.0 (Windows NT 10.0; Win64; x64) AppleWebKit/537.36 (KHTML, like Gecko) Chrome/76.0.3809.100 Safari/537.36)
[2019-08-21 17:30:01] 200 - OK - text/html
[2019-08-21 17:30:04] REQUEST POST - https://localhost:8082/public/ws/Config.asmx/General_Get
[2019-08-21 17:30:04] ---- FROM  ::1 (WinNT)
[2019-08-21 17:30:04] ---- BROWSER:  Chrome 76.0 (Mozilla/5.0 (Windows NT 10.0; Win64; x64) AppleWebKit/537.36 (KHTML, like Gecko) Chrome/76.0.3809.100 Safari/537.36)
[2019-08-21 17:30:04] ---- CONTENT: {data : "<?xml version='1.0' encoding='utf-8' ?><Request ID='2019082117300452'><General><Token>61111131252223224013000011333653</Token></General><Data></Data></Request>"}
[2019-08-21 17:30:04] 200 - OK - application/json
[2019-08-21 17:30:04] REQUEST POST - https://localhost:8082/public/ws/Config.asmx/All_Get
[2019-08-21 17:30:04] ---- FROM  ::1 (WinNT)
[2019-08-21 17:30:04] ---- BROWSER:  Chrome 76.0 (Mozilla/5.0 (Windows NT 10.0; Win64; x64) AppleWebKit/537.36 (KHTML, like Gecko) Chrome/76.0.3809.100 Safari/537.36)
[2019-08-21 17:30:04] ---- CONTENT: {data : "<?xml version='1.0' encoding='utf-8' ?><Request ID='20190821173004126'><General><Token>61111131252223224013000011333653</Token></General><Data></Data></Request>"}
[2019-08-21 17:30:04] 200 - OK - application/json
[2019-08-21 17:30:04] REQUEST POST - https://localhost:8082/public/ws/Economics.asmx/messaggi_summary
[2019-08-21 17:30:04] ---- FROM  ::1 (WinNT)
[2019-08-21 17:30:04] ---- BROWSER:  Chrome 76.0 (Mozilla/5.0 (Windows NT 10.0; Win64; x64) AppleWebKit/537.36 (KHTML, like Gecko) Chrome/76.0.3809.100 Safari/537.36)
[2019-08-21 17:30:04] ---- CONTENT: {data : "<?xml version='1.0' encoding='utf-8' ?><Request ID='20190821173004260'><General><Token>61111131252223224013000011333653</Token></General><Data></Data></Request>"}
[2019-08-21 17:30:04] 200 - OK - application/json
[2019-08-21 17:30:04] REQUEST POST - https://localhost:8082/public/ws/Config.asmx/All_Get
[2019-08-21 17:30:04] ---- FROM  ::1 (WinNT)
[2019-08-21 17:30:04] ---- BROWSER:  Chrome 76.0 (Mozilla/5.0 (Windows NT 10.0; Win64; x64) AppleWebKit/537.36 (KHTML, like Gecko) Chrome/76.0.3809.100 Safari/537.36)
[2019-08-21 17:30:04] ---- CONTENT: {data : "<?xml version='1.0' encoding='utf-8' ?><Request ID='20190821173004357'><General><Token>61111131252223224013000011333653</Token></General><Data></Data></Request>"}
[2019-08-21 17:30:04] 200 - OK - application/json
[2019-08-21 17:30:04] REQUEST POST - https://localhost:8082/public/ws/Config.asmx/All_Get
[2019-08-21 17:30:04] ---- FROM  ::1 (WinNT)
[2019-08-21 17:30:04] ---- BROWSER:  Chrome 76.0 (Mozilla/5.0 (Windows NT 10.0; Win64; x64) AppleWebKit/537.36 (KHTML, like Gecko) Chrome/76.0.3809.100 Safari/537.36)
[2019-08-21 17:30:04] ---- CONTENT: {data : "<?xml version='1.0' encoding='utf-8' ?><Request ID='20190821173004632'><General><Token>61111131252223224013000011333653</Token></General><Data></Data></Request>"}
[2019-08-21 17:30:04] 200 - OK - application/json
[2019-08-21 17:30:04] REQUEST GET - https://localhost:8082/public/ws/Resources.ashx/xml-general
[2019-08-21 17:30:04] ---- FROM  ::1 (WinNT)
[2019-08-21 17:30:04] ---- BROWSER:  Chrome 76.0 (Mozilla/5.0 (Windows NT 10.0; Win64; x64) AppleWebKit/537.36 (KHTML, like Gecko) Chrome/76.0.3809.100 Safari/537.36)
[2019-08-21 17:30:04] 200 - OK - text/xml
[2019-08-21 17:30:04] REQUEST GET - https://localhost:8082/public/ws/Resources.ashx/xml-general
[2019-08-21 17:30:04] ---- FROM  ::1 (WinNT)
[2019-08-21 17:30:04] ---- BROWSER:  Chrome 76.0 (Mozilla/5.0 (Windows NT 10.0; Win64; x64) AppleWebKit/537.36 (KHTML, like Gecko) Chrome/76.0.3809.100 Safari/537.36)
[2019-08-21 17:30:04] 200 - OK - text/xml
[2019-08-21 17:30:26] REQUEST GET - https://localhost:8082/qa/qualitativa
[2019-08-21 17:30:26] ---- FROM  ::1 (WinNT)
[2019-08-21 17:30:26] ---- BROWSER:  Chrome 76.0 (Mozilla/5.0 (Windows NT 10.0; Win64; x64) AppleWebKit/537.36 (KHTML, like Gecko) Chrome/76.0.3809.100 Safari/537.36)
[2019-08-21 17:30:26] 200 - OK - text/html
[2019-08-21 17:30:28] REQUEST POST - https://localhost:8082/public/ws/QAnalysis.asmx/Get
[2019-08-21 17:30:28] ---- FROM  ::1 (WinNT)
[2019-08-21 17:30:28] ---- BROWSER:  Chrome 76.0 (Mozilla/5.0 (Windows NT 10.0; Win64; x64) AppleWebKit/537.36 (KHTML, like Gecko) Chrome/76.0.3809.100 Safari/537.36)
[2019-08-21 17:30:28] ---- CONTENT: {data : "<?xml version='1.0' encoding='utf-8' ?><Request ID='20190821173028545'><General><Token>61111131252223224013000011333653</Token></General><Data></Data></Request>"}
[2019-08-21 17:30:28] 200 - OK - application/json
[2019-08-21 17:30:28] REQUEST POST - https://localhost:8082/public/ws/Config.asmx/All_Get
[2019-08-21 17:30:28] ---- FROM  ::1 (WinNT)
[2019-08-21 17:30:28] ---- BROWSER:  Chrome 76.0 (Mozilla/5.0 (Windows NT 10.0; Win64; x64) AppleWebKit/537.36 (KHTML, like Gecko) Chrome/76.0.3809.100 Safari/537.36)
[2019-08-21 17:30:28] ---- CONTENT: {data : "<?xml version='1.0' encoding='utf-8' ?><Request ID='20190821173028607'><General><Token>61111131252223224013000011333653</Token></General><Data></Data></Request>"}
[2019-08-21 17:30:28] 200 - OK - application/json
[2019-08-21 17:30:28] REQUEST POST - https://localhost:8082/public/ws/Economics.asmx/messaggi_summary
[2019-08-21 17:30:28] ---- FROM  ::1 (WinNT)
[2019-08-21 17:30:28] ---- BROWSER:  Chrome 76.0 (Mozilla/5.0 (Windows NT 10.0; Win64; x64) AppleWebKit/537.36 (KHTML, like Gecko) Chrome/76.0.3809.100 Safari/537.36)
[2019-08-21 17:30:28] ---- CONTENT: {data : "<?xml version='1.0' encoding='utf-8' ?><Request ID='20190821173028750'><General><Token>61111131252223224013000011333653</Token></General><Data></Data></Request>"}
[2019-08-21 17:30:28] 200 - OK - application/json
[2019-08-21 17:30:28] REQUEST POST - https://localhost:8082/public/ws/Config.asmx/All_Get
[2019-08-21 17:30:28] ---- FROM  ::1 (WinNT)
[2019-08-21 17:30:28] ---- BROWSER:  Chrome 76.0 (Mozilla/5.0 (Windows NT 10.0; Win64; x64) AppleWebKit/537.36 (KHTML, like Gecko) Chrome/76.0.3809.100 Safari/537.36)
[2019-08-21 17:30:28] ---- CONTENT: {data : "<?xml version='1.0' encoding='utf-8' ?><Request ID='20190821173028836'><General><Token>61111131252223224013000011333653</Token></General><Data></Data></Request>"}
[2019-08-21 17:30:28] 200 - OK - application/json
[2019-08-21 17:30:29] REQUEST POST - https://localhost:8082/public/ws/Config.asmx/All_Get
[2019-08-21 17:30:29] ---- FROM  ::1 (WinNT)
[2019-08-21 17:30:29] ---- BROWSER:  Chrome 76.0 (Mozilla/5.0 (Windows NT 10.0; Win64; x64) AppleWebKit/537.36 (KHTML, like Gecko) Chrome/76.0.3809.100 Safari/537.36)
[2019-08-21 17:30:29] ---- CONTENT: {data : "<?xml version='1.0' encoding='utf-8' ?><Request ID='20190821173029103'><General><Token>61111131252223224013000011333653</Token></General><Data></Data></Request>"}
[2019-08-21 17:30:29] 200 - OK - application/json
[2019-08-21 17:30:29] REQUEST GET - https://localhost:8082/public/ws/Resources.ashx/xml-qa
[2019-08-21 17:30:29] ---- FROM  ::1 (WinNT)
[2019-08-21 17:30:29] ---- BROWSER:  Chrome 76.0 (Mozilla/5.0 (Windows NT 10.0; Win64; x64) AppleWebKit/537.36 (KHTML, like Gecko) Chrome/76.0.3809.100 Safari/537.36)
[2019-08-21 17:30:29] 200 - OK - text/xml
[2019-08-21 17:30:29] REQUEST GET - https://localhost:8082/public/ws/Resources.ashx/xml-qa
[2019-08-21 17:30:31] ---- FROM  ::1 (WinNT)
[2019-08-21 17:30:31] ---- BROWSER:  Chrome 76.0 (Mozilla/5.0 (Windows NT 10.0; Win64; x64) AppleWebKit/537.36 (KHTML, like Gecko) Chrome/76.0.3809.100 Safari/537.36)
[2019-08-21 17:30:31] 200 - OK - text/xml
[2019-08-21 17:30:31] REQUEST GET - https://localhost:8082/public/ws/Resources.ashx/xml-qa
[2019-08-21 17:30:31] ---- FROM  ::1 (WinNT)
[2019-08-21 17:30:31] ---- BROWSER:  Chrome 76.0 (Mozilla/5.0 (Windows NT 10.0; Win64; x64) AppleWebKit/537.36 (KHTML, like Gecko) Chrome/76.0.3809.100 Safari/537.36)
[2019-08-21 17:30:31] 200 - OK - text/xml
[2019-08-21 17:30:31] REQUEST GET - https://localhost:8082/public/ws/Resources.ashx/xml-qa
[2019-08-21 17:30:31] ---- FROM  ::1 (WinNT)
[2019-08-21 17:30:31] ---- BROWSER:  Chrome 76.0 (Mozilla/5.0 (Windows NT 10.0; Win64; x64) AppleWebKit/537.36 (KHTML, like Gecko) Chrome/76.0.3809.100 Safari/537.36)
[2019-08-21 17:30:31] 200 - OK - text/xml
[2019-08-21 17:30:31] REQUEST GET - https://localhost:8082/public/ws/Resources.ashx/xml-qa
[2019-08-21 17:30:31] ---- FROM  ::1 (WinNT)
[2019-08-21 17:30:31] ---- BROWSER:  Chrome 76.0 (Mozilla/5.0 (Windows NT 10.0; Win64; x64) AppleWebKit/537.36 (KHTML, like Gecko) Chrome/76.0.3809.100 Safari/537.36)
[2019-08-21 17:30:31] 200 - OK - text/xml
[2019-08-21 17:30:31] REQUEST GET - https://localhost:8082/public/ws/Resources.ashx/xml-qa
[2019-08-21 17:30:31] ---- FROM  ::1 (WinNT)
[2019-08-21 17:30:31] ---- BROWSER:  Chrome 76.0 (Mozilla/5.0 (Windows NT 10.0; Win64; x64) AppleWebKit/537.36 (KHTML, like Gecko) Chrome/76.0.3809.100 Safari/537.36)
[2019-08-21 17:30:31] 200 - OK - text/xml
[2019-08-21 17:30:31] REQUEST GET - https://localhost:8082/public/ws/Resources.ashx/xml-qa
[2019-08-21 17:30:31] ---- FROM  ::1 (WinNT)
[2019-08-21 17:30:31] ---- BROWSER:  Chrome 76.0 (Mozilla/5.0 (Windows NT 10.0; Win64; x64) AppleWebKit/537.36 (KHTML, like Gecko) Chrome/76.0.3809.100 Safari/537.36)
[2019-08-21 17:30:31] 200 - OK - text/xml
[2019-08-21 17:30:31] REQUEST GET - https://localhost:8082/public/ws/Resources.ashx/xml-qa
[2019-08-21 17:30:31] ---- FROM  ::1 (WinNT)
[2019-08-21 17:30:31] ---- BROWSER:  Chrome 76.0 (Mozilla/5.0 (Windows NT 10.0; Win64; x64) AppleWebKit/537.36 (KHTML, like Gecko) Chrome/76.0.3809.100 Safari/537.36)
[2019-08-21 17:30:31] 200 - OK - text/xml
[2019-08-21 17:30:31] REQUEST GET - https://localhost:8082/public/ws/Resources.ashx/xml-qa
[2019-08-21 17:30:31] ---- FROM  ::1 (WinNT)
[2019-08-21 17:30:31] ---- BROWSER:  Chrome 76.0 (Mozilla/5.0 (Windows NT 10.0; Win64; x64) AppleWebKit/537.36 (KHTML, like Gecko) Chrome/76.0.3809.100 Safari/537.36)
[2019-08-21 17:30:31] 200 - OK - text/xml
[2019-08-21 17:30:31] REQUEST GET - https://localhost:8082/public/ws/Resources.ashx/xml-qa
[2019-08-21 17:30:31] ---- FROM  ::1 (WinNT)
[2019-08-21 17:30:31] ---- BROWSER:  Chrome 76.0 (Mozilla/5.0 (Windows NT 10.0; Win64; x64) AppleWebKit/537.36 (KHTML, like Gecko) Chrome/76.0.3809.100 Safari/537.36)
[2019-08-21 17:30:31] 200 - OK - text/xml
[2019-08-21 17:30:31] REQUEST GET - https://localhost:8082/public/ws/Resources.ashx/xml-qa
[2019-08-21 17:30:31] ---- FROM  ::1 (WinNT)
[2019-08-21 17:30:31] ---- BROWSER:  Chrome 76.0 (Mozilla/5.0 (Windows NT 10.0; Win64; x64) AppleWebKit/537.36 (KHTML, like Gecko) Chrome/76.0.3809.100 Safari/537.36)
[2019-08-21 17:30:31] 200 - OK - text/xml
[2019-08-21 17:30:31] REQUEST GET - https://localhost:8082/public/ws/Resources.ashx/xml-qa
[2019-08-21 17:30:31] ---- FROM  ::1 (WinNT)
[2019-08-21 17:30:31] ---- BROWSER:  Chrome 76.0 (Mozilla/5.0 (Windows NT 10.0; Win64; x64) AppleWebKit/537.36 (KHTML, like Gecko) Chrome/76.0.3809.100 Safari/537.36)
[2019-08-21 17:30:31] 200 - OK - text/xml
[2019-08-21 17:30:31] REQUEST GET - https://localhost:8082/public/ws/Resources.ashx/xml-qa
[2019-08-21 17:30:31] ---- FROM  ::1 (WinNT)
[2019-08-21 17:30:31] ---- BROWSER:  Chrome 76.0 (Mozilla/5.0 (Windows NT 10.0; Win64; x64) AppleWebKit/537.36 (KHTML, like Gecko) Chrome/76.0.3809.100 Safari/537.36)
[2019-08-21 17:30:31] 200 - OK - text/xml
[2019-08-21 17:30:31] REQUEST GET - https://localhost:8082/public/ws/Resources.ashx/xml-qa
[2019-08-21 17:30:31] ---- FROM  ::1 (WinNT)
[2019-08-21 17:30:31] ---- BROWSER:  Chrome 76.0 (Mozilla/5.0 (Windows NT 10.0; Win64; x64) AppleWebKit/537.36 (KHTML, like Gecko) Chrome/76.0.3809.100 Safari/537.36)
[2019-08-21 17:30:31] 200 - OK - text/xml
[2019-08-21 17:30:31] REQUEST GET - https://localhost:8082/public/ws/Resources.ashx/xml-qa
[2019-08-21 17:30:31] ---- FROM  ::1 (WinNT)
[2019-08-21 17:30:31] ---- BROWSER:  Chrome 76.0 (Mozilla/5.0 (Windows NT 10.0; Win64; x64) AppleWebKit/537.36 (KHTML, like Gecko) Chrome/76.0.3809.100 Safari/537.36)
[2019-08-21 17:30:31] 200 - OK - text/xml
[2019-08-21 17:30:31] REQUEST GET - https://localhost:8082/public/ws/Resources.ashx/xml-qa
[2019-08-21 17:30:31] ---- FROM  ::1 (WinNT)
[2019-08-21 17:30:31] ---- BROWSER:  Chrome 76.0 (Mozilla/5.0 (Windows NT 10.0; Win64; x64) AppleWebKit/537.36 (KHTML, like Gecko) Chrome/76.0.3809.100 Safari/537.36)
[2019-08-21 17:30:31] 200 - OK - text/xml
[2019-08-21 17:30:31] REQUEST GET - https://localhost:8082/public/ws/Resources.ashx/xml-qa
[2019-08-21 17:30:31] ---- FROM  ::1 (WinNT)
[2019-08-21 17:30:31] ---- BROWSER:  Chrome 76.0 (Mozilla/5.0 (Windows NT 10.0; Win64; x64) AppleWebKit/537.36 (KHTML, like Gecko) Chrome/76.0.3809.100 Safari/537.36)
[2019-08-21 17:30:31] 200 - OK - text/xml
[2019-08-21 17:30:31] REQUEST GET - https://localhost:8082/public/ws/Resources.ashx/xml-qa
[2019-08-21 17:30:31] ---- FROM  ::1 (WinNT)
[2019-08-21 17:30:31] ---- BROWSER:  Chrome 76.0 (Mozilla/5.0 (Windows NT 10.0; Win64; x64) AppleWebKit/537.36 (KHTML, like Gecko) Chrome/76.0.3809.100 Safari/537.36)
[2019-08-21 17:30:31] 200 - OK - text/xml
[2019-08-21 17:30:31] REQUEST GET - https://localhost:8082/public/ws/Resources.ashx/xml-qa
[2019-08-21 17:30:31] ---- FROM  ::1 (WinNT)
[2019-08-21 17:30:31] ---- BROWSER:  Chrome 76.0 (Mozilla/5.0 (Windows NT 10.0; Win64; x64) AppleWebKit/537.36 (KHTML, like Gecko) Chrome/76.0.3809.100 Safari/537.36)
[2019-08-21 17:30:31] 200 - OK - text/xml
[2019-08-21 17:30:31] REQUEST GET - https://localhost:8082/public/ws/Resources.ashx/xml-qa
[2019-08-21 17:30:31] ---- FROM  ::1 (WinNT)
[2019-08-21 17:30:31] ---- BROWSER:  Chrome 76.0 (Mozilla/5.0 (Windows NT 10.0; Win64; x64) AppleWebKit/537.36 (KHTML, like Gecko) Chrome/76.0.3809.100 Safari/537.36)
[2019-08-21 17:30:31] 200 - OK - text/xml
[2019-08-21 17:30:31] REQUEST GET - https://localhost:8082/public/ws/Resources.ashx/xml-qa
[2019-08-21 17:30:31] ---- FROM  ::1 (WinNT)
[2019-08-21 17:30:31] ---- BROWSER:  Chrome 76.0 (Mozilla/5.0 (Windows NT 10.0; Win64; x64) AppleWebKit/537.36 (KHTML, like Gecko) Chrome/76.0.3809.100 Safari/537.36)
[2019-08-21 17:30:31] 200 - OK - text/xml
[2019-08-21 17:30:31] REQUEST GET - https://localhost:8082/public/ws/Resources.ashx/xml-qa
[2019-08-21 17:30:31] ---- FROM  ::1 (WinNT)
[2019-08-21 17:30:31] ---- BROWSER:  Chrome 76.0 (Mozilla/5.0 (Windows NT 10.0; Win64; x64) AppleWebKit/537.36 (KHTML, like Gecko) Chrome/76.0.3809.100 Safari/537.36)
[2019-08-21 17:30:31] 200 - OK - text/xml
[2019-08-21 17:30:32] REQUEST GET - https://localhost:8082/public/ws/Resources.ashx/xml-qa
[2019-08-21 17:30:32] ---- FROM  ::1 (WinNT)
[2019-08-21 17:30:32] ---- BROWSER:  Chrome 76.0 (Mozilla/5.0 (Windows NT 10.0; Win64; x64) AppleWebKit/537.36 (KHTML, like Gecko) Chrome/76.0.3809.100 Safari/537.36)
[2019-08-21 17:30:32] 200 - OK - text/xml
[2019-08-21 17:30:32] REQUEST GET - https://localhost:8082/public/ws/Resources.ashx/xml-qa
[2019-08-21 17:30:32] ---- FROM  ::1 (WinNT)
[2019-08-21 17:30:32] ---- BROWSER:  Chrome 76.0 (Mozilla/5.0 (Windows NT 10.0; Win64; x64) AppleWebKit/537.36 (KHTML, like Gecko) Chrome/76.0.3809.100 Safari/537.36)
[2019-08-21 17:30:32] 200 - OK - text/xml
[2019-08-21 17:30:32] REQUEST GET - https://localhost:8082/public/ws/Resources.ashx/xml-qa
[2019-08-21 17:30:32] ---- FROM  ::1 (WinNT)
[2019-08-21 17:30:32] ---- BROWSER:  Chrome 76.0 (Mozilla/5.0 (Windows NT 10.0; Win64; x64) AppleWebKit/537.36 (KHTML, like Gecko) Chrome/76.0.3809.100 Safari/537.36)
[2019-08-21 17:30:32] 200 - OK - text/xml
[2019-08-21 17:30:32] REQUEST GET - https://localhost:8082/public/ws/Resources.ashx/xml-qa
[2019-08-21 17:30:32] ---- FROM  ::1 (WinNT)
[2019-08-21 17:30:32] ---- BROWSER:  Chrome 76.0 (Mozilla/5.0 (Windows NT 10.0; Win64; x64) AppleWebKit/537.36 (KHTML, like Gecko) Chrome/76.0.3809.100 Safari/537.36)
[2019-08-21 17:30:32] 200 - OK - text/xml
[2019-08-21 17:30:32] REQUEST GET - https://localhost:8082/public/ws/Resources.ashx/xml-qa
[2019-08-21 17:30:32] ---- FROM  ::1 (WinNT)
[2019-08-21 17:30:32] ---- BROWSER:  Chrome 76.0 (Mozilla/5.0 (Windows NT 10.0; Win64; x64) AppleWebKit/537.36 (KHTML, like Gecko) Chrome/76.0.3809.100 Safari/537.36)
[2019-08-21 17:30:32] 200 - OK - text/xml
[2019-08-21 17:30:32] REQUEST GET - https://localhost:8082/public/ws/Resources.ashx/xml-qa
[2019-08-21 17:30:32] ---- FROM  ::1 (WinNT)
[2019-08-21 17:30:32] ---- BROWSER:  Chrome 76.0 (Mozilla/5.0 (Windows NT 10.0; Win64; x64) AppleWebKit/537.36 (KHTML, like Gecko) Chrome/76.0.3809.100 Safari/537.36)
[2019-08-21 17:30:32] 200 - OK - text/xml
[2019-08-21 17:30:32] REQUEST GET - https://localhost:8082/public/ws/Resources.ashx/xml-qa
[2019-08-21 17:30:32] ---- FROM  ::1 (WinNT)
[2019-08-21 17:30:32] ---- BROWSER:  Chrome 76.0 (Mozilla/5.0 (Windows NT 10.0; Win64; x64) AppleWebKit/537.36 (KHTML, like Gecko) Chrome/76.0.3809.100 Safari/537.36)
[2019-08-21 17:30:32] 200 - OK - text/xml
[2019-08-21 17:30:32] REQUEST GET - https://localhost:8082/public/ws/Resources.ashx/xml-qa
[2019-08-21 17:30:32] ---- FROM  ::1 (WinNT)
[2019-08-21 17:30:32] ---- BROWSER:  Chrome 76.0 (Mozilla/5.0 (Windows NT 10.0; Win64; x64) AppleWebKit/537.36 (KHTML, like Gecko) Chrome/76.0.3809.100 Safari/537.36)
[2019-08-21 17:30:32] 200 - OK - text/xml
[2019-08-21 17:30:32] REQUEST GET - https://localhost:8082/public/ws/Resources.ashx/xml-qa
[2019-08-21 17:30:32] ---- FROM  ::1 (WinNT)
[2019-08-21 17:30:32] ---- BROWSER:  Chrome 76.0 (Mozilla/5.0 (Windows NT 10.0; Win64; x64) AppleWebKit/537.36 (KHTML, like Gecko) Chrome/76.0.3809.100 Safari/537.36)
[2019-08-21 17:30:32] 200 - OK - text/xml
[2019-08-21 17:30:32] REQUEST GET - https://localhost:8082/public/ws/Resources.ashx/xml-qa
[2019-08-21 17:30:32] ---- FROM  ::1 (WinNT)
[2019-08-21 17:30:32] ---- BROWSER:  Chrome 76.0 (Mozilla/5.0 (Windows NT 10.0; Win64; x64) AppleWebKit/537.36 (KHTML, like Gecko) Chrome/76.0.3809.100 Safari/537.36)
[2019-08-21 17:30:32] 200 - OK - text/xml
[2019-08-21 17:30:32] REQUEST GET - https://localhost:8082/public/ws/Resources.ashx/xml-qa
[2019-08-21 17:30:32] ---- FROM  ::1 (WinNT)
[2019-08-21 17:30:32] ---- BROWSER:  Chrome 76.0 (Mozilla/5.0 (Windows NT 10.0; Win64; x64) AppleWebKit/537.36 (KHTML, like Gecko) Chrome/76.0.3809.100 Safari/537.36)
[2019-08-21 17:30:32] 200 - OK - text/xml
[2019-08-21 17:30:32] REQUEST GET - https://localhost:8082/public/ws/Resources.ashx/xml-qa
[2019-08-21 17:30:32] ---- FROM  ::1 (WinNT)
[2019-08-21 17:30:32] ---- BROWSER:  Chrome 76.0 (Mozilla/5.0 (Windows NT 10.0; Win64; x64) AppleWebKit/537.36 (KHTML, like Gecko) Chrome/76.0.3809.100 Safari/537.36)
[2019-08-21 17:30:32] 200 - OK - text/xml
[2019-08-21 17:30:32] REQUEST GET - https://localhost:8082/public/ws/Resources.ashx/xml-qa
[2019-08-21 17:30:32] ---- FROM  ::1 (WinNT)
[2019-08-21 17:30:32] ---- BROWSER:  Chrome 76.0 (Mozilla/5.0 (Windows NT 10.0; Win64; x64) AppleWebKit/537.36 (KHTML, like Gecko) Chrome/76.0.3809.100 Safari/537.36)
[2019-08-21 17:30:32] 200 - OK - text/xml
[2019-08-21 17:36:38] REQUEST POST - https://localhost:8082/public/ws/Reports.asmx/QAnalysis
[2019-08-21 17:36:38] ---- FROM  ::1 (WinNT)
[2019-08-21 17:36:38] ---- BROWSER:  Chrome 76.0 (Mozilla/5.0 (Windows NT 10.0; Win64; x64) AppleWebKit/537.36 (KHTML, like Gecko) Chrome/76.0.3809.100 Safari/537.36)
[2019-08-21 17:36:38] ---- CONTENT: {data : "<?xml version='1.0' encoding='utf-8' ?><Request ID='20190821173638917'><General><Token>61111131252223224013000011333653</Token></General><Data></Data></Request>"}
[2019-08-21 17:36:50] 200 - OK - application/json
[2019-08-21 17:37:16] REQUEST POST - https://localhost:8082/public/ws/Reports.asmx/QAnalysis
[2019-08-21 17:37:16] ---- FROM  ::1 (WinNT)
[2019-08-21 17:37:16] ---- BROWSER:  Chrome 76.0 (Mozilla/5.0 (Windows NT 10.0; Win64; x64) AppleWebKit/537.36 (KHTML, like Gecko) Chrome/76.0.3809.100 Safari/537.36)
[2019-08-21 17:37:16] ---- CONTENT: {data : "<?xml version='1.0' encoding='utf-8' ?><Request ID='20190821173716102'><General><Token>61111131252223224013000011333653</Token></General><Data></Data></Request>"}
[2019-08-21 17:37:17] 200 - OK - application/json
[2019-08-21 17:37:52] REQUEST GET - https://localhost:8082/economics/finanziamenti
[2019-08-21 17:37:52] ---- FROM  ::1 (WinNT)
[2019-08-21 17:37:52] ---- BROWSER:  Chrome 76.0 (Mozilla/5.0 (Windows NT 10.0; Win64; x64) AppleWebKit/537.36 (KHTML, like Gecko) Chrome/76.0.3809.100 Safari/537.36)
[2019-08-21 17:37:52] 200 - OK - text/html
[2019-08-21 17:37:56] REQUEST POST - https://localhost:8082/public/ws/Capex.asmx/Finanziamenti_Get
[2019-08-21 17:37:56] ---- FROM  ::1 (WinNT)
[2019-08-21 17:37:56] ---- BROWSER:  Chrome 76.0 (Mozilla/5.0 (Windows NT 10.0; Win64; x64) AppleWebKit/537.36 (KHTML, like Gecko) Chrome/76.0.3809.100 Safari/537.36)
[2019-08-21 17:37:56] ---- CONTENT: {data : "<?xml version='1.0' encoding='utf-8' ?><Request ID='20190821173756415'><General><Token>61111131252223224013000011333653</Token></General><Data></Data></Request>"}
[2019-08-21 17:37:57] 200 - OK - application/json
[2019-08-21 17:37:57] REQUEST POST - https://localhost:8082/public/ws/Config.asmx/All_Get
[2019-08-21 17:37:57] ---- FROM  ::1 (WinNT)
[2019-08-21 17:37:57] ---- BROWSER:  Chrome 76.0 (Mozilla/5.0 (Windows NT 10.0; Win64; x64) AppleWebKit/537.36 (KHTML, like Gecko) Chrome/76.0.3809.100 Safari/537.36)
[2019-08-21 17:37:57] ---- CONTENT: {data : "<?xml version='1.0' encoding='utf-8' ?><Request ID='20190821173757743'><General><Token>61111131252223224013000011333653</Token></General><Data></Data></Request>"}
[2019-08-21 17:37:57] 200 - OK - application/json
[2019-08-21 17:37:57] REQUEST POST - https://localhost:8082/public/ws/Economics.asmx/messaggi_summary
[2019-08-21 17:37:57] ---- FROM  ::1 (WinNT)
[2019-08-21 17:37:57] ---- BROWSER:  Chrome 76.0 (Mozilla/5.0 (Windows NT 10.0; Win64; x64) AppleWebKit/537.36 (KHTML, like Gecko) Chrome/76.0.3809.100 Safari/537.36)
[2019-08-21 17:37:57] ---- CONTENT: {data : "<?xml version='1.0' encoding='utf-8' ?><Request ID='20190821173757847'><General><Token>61111131252223224013000011333653</Token></General><Data></Data></Request>"}
[2019-08-21 17:37:57] 200 - OK - application/json
[2019-08-21 17:37:57] REQUEST POST - https://localhost:8082/public/ws/Config.asmx/All_Get
[2019-08-21 17:37:57] ---- FROM  ::1 (WinNT)
[2019-08-21 17:37:57] ---- BROWSER:  Chrome 76.0 (Mozilla/5.0 (Windows NT 10.0; Win64; x64) AppleWebKit/537.36 (KHTML, like Gecko) Chrome/76.0.3809.100 Safari/537.36)
[2019-08-21 17:37:57] ---- CONTENT: {data : "<?xml version='1.0' encoding='utf-8' ?><Request ID='20190821173757887'><General><Token>61111131252223224013000011333653</Token></General><Data></Data></Request>"}
[2019-08-21 17:37:57] REQUEST GET - https://localhost:8082/public/ws/Resources.ashx/xml-economics/61111131252223224013000011333653
[2019-08-21 17:37:57] ---- FROM  ::1 (WinNT)
[2019-08-21 17:37:57] ---- BROWSER:  Chrome 76.0 (Mozilla/5.0 (Windows NT 10.0; Win64; x64) AppleWebKit/537.36 (KHTML, like Gecko) Chrome/76.0.3809.100 Safari/537.36)
[2019-08-21 17:37:57] 200 - OK - application/json
[2019-08-21 17:37:57] 200 - OK - text/xml
[2019-08-21 17:37:59] REQUEST POST - https://localhost:8082/public/ws/Config.asmx/All_Get
[2019-08-21 17:37:59] ---- FROM  ::1 (WinNT)
[2019-08-21 17:37:59] ---- BROWSER:  Chrome 76.0 (Mozilla/5.0 (Windows NT 10.0; Win64; x64) AppleWebKit/537.36 (KHTML, like Gecko) Chrome/76.0.3809.100 Safari/537.36)
[2019-08-21 17:37:59] ---- CONTENT: {data : "<?xml version='1.0' encoding='utf-8' ?><Request ID='20190821173759460'><General><Token>61111131252223224013000011333653</Token></General><Data></Data></Request>"}
[2019-08-21 17:37:59] 200 - OK - application/json
[2019-08-21 17:38:07] REQUEST GET - https://localhost:8082/economics/anno-precedente-conferma
[2019-08-21 17:38:07] ---- FROM  ::1 (WinNT)
[2019-08-21 17:38:07] ---- BROWSER:  Chrome 76.0 (Mozilla/5.0 (Windows NT 10.0; Win64; x64) AppleWebKit/537.36 (KHTML, like Gecko) Chrome/76.0.3809.100 Safari/537.36)
[2019-08-21 17:38:07] 200 - OK - text/html
[2019-08-21 17:38:10] REQUEST POST - https://localhost:8082/public/ws/AnnoPrec.asmx/Valutazione
[2019-08-21 17:38:10] ---- FROM  ::1 (WinNT)
[2019-08-21 17:38:10] ---- BROWSER:  Chrome 76.0 (Mozilla/5.0 (Windows NT 10.0; Win64; x64) AppleWebKit/537.36 (KHTML, like Gecko) Chrome/76.0.3809.100 Safari/537.36)
[2019-08-21 17:38:10] ---- CONTENT: {data : "<?xml version='1.0' encoding='utf-8' ?><Request ID='20190821173810515'><General><Token>61111131252223224013000011333653</Token></General><Data></Data></Request>"}
[2019-08-21 17:38:10] 200 - OK - application/json
[2019-08-21 17:38:10] REQUEST POST - https://localhost:8082/public/ws/Config.asmx/All_Get
[2019-08-21 17:38:10] ---- FROM  ::1 (WinNT)
[2019-08-21 17:38:10] ---- BROWSER:  Chrome 76.0 (Mozilla/5.0 (Windows NT 10.0; Win64; x64) AppleWebKit/537.36 (KHTML, like Gecko) Chrome/76.0.3809.100 Safari/537.36)
[2019-08-21 17:38:10] ---- CONTENT: {data : "<?xml version='1.0' encoding='utf-8' ?><Request ID='20190821173810584'><General><Token>61111131252223224013000011333653</Token></General><Data></Data></Request>"}
[2019-08-21 17:38:10] 200 - OK - application/json
[2019-08-21 17:38:10] REQUEST POST - https://localhost:8082/public/ws/Economics.asmx/messaggi_summary
[2019-08-21 17:38:10] ---- FROM  ::1 (WinNT)
[2019-08-21 17:38:10] ---- BROWSER:  Chrome 76.0 (Mozilla/5.0 (Windows NT 10.0; Win64; x64) AppleWebKit/537.36 (KHTML, like Gecko) Chrome/76.0.3809.100 Safari/537.36)
[2019-08-21 17:38:10] ---- CONTENT: {data : "<?xml version='1.0' encoding='utf-8' ?><Request ID='20190821173810646'><General><Token>61111131252223224013000011333653</Token></General><Data></Data></Request>"}
[2019-08-21 17:38:10] 200 - OK - application/json
[2019-08-21 17:38:10] REQUEST GET - https://localhost:8082/public/ws/Resources.ashx/xml-economics/61111131252223224013000011333653
[2019-08-21 17:38:10] ---- FROM  ::1 (WinNT)
[2019-08-21 17:38:10] ---- BROWSER:  Chrome 76.0 (Mozilla/5.0 (Windows NT 10.0; Win64; x64) AppleWebKit/537.36 (KHTML, like Gecko) Chrome/76.0.3809.100 Safari/537.36)
[2019-08-21 17:38:10] 200 - OK - text/xml
[2019-08-21 17:38:10] REQUEST POST - https://localhost:8082/public/ws/Config.asmx/All_Get
[2019-08-21 17:38:10] ---- FROM  ::1 (WinNT)
[2019-08-21 17:38:10] ---- BROWSER:  Chrome 76.0 (Mozilla/5.0 (Windows NT 10.0; Win64; x64) AppleWebKit/537.36 (KHTML, like Gecko) Chrome/76.0.3809.100 Safari/537.36)
[2019-08-21 17:38:10] ---- CONTENT: {data : "<?xml version='1.0' encoding='utf-8' ?><Request ID='20190821173810725'><General><Token>61111131252223224013000011333653</Token></General><Data></Data></Request>"}
[2019-08-21 17:38:10] 200 - OK - application/json
[2019-08-21 17:38:11] REQUEST POST - https://localhost:8082/public/ws/Config.asmx/All_Get
[2019-08-21 17:38:11] ---- FROM  ::1 (WinNT)
[2019-08-21 17:38:11] ---- BROWSER:  Chrome 76.0 (Mozilla/5.0 (Windows NT 10.0; Win64; x64) AppleWebKit/537.36 (KHTML, like Gecko) Chrome/76.0.3809.100 Safari/537.36)
[2019-08-21 17:38:11] ---- CONTENT: {data : "<?xml version='1.0' encoding='utf-8' ?><Request ID='20190821173811104'><General><Token>61111131252223224013000011333653</Token></General><Data></Data></Request>"}
[2019-08-21 17:38:11] 200 - OK - application/json
[2019-08-21 17:40:46] REQUEST POST - https://localhost:8082/public/ws/Reports.asmx/QAnalysis
[2019-08-21 17:40:46] ---- FROM  ::1 (WinNT)
[2019-08-21 17:40:46] ---- BROWSER:  Chrome 76.0 (Mozilla/5.0 (Windows NT 10.0; Win64; x64) AppleWebKit/537.36 (KHTML, like Gecko) Chrome/76.0.3809.100 Safari/537.36)
[2019-08-21 17:40:46] ---- CONTENT: {data : "<?xml version='1.0' encoding='utf-8' ?><Request ID='20190821174046560'><General><Token>61111131252223224013000011333653</Token></General><Data></Data></Request>"}
[2019-08-21 17:40:48] 200 - OK - application/json
