[2019-09-12 16:04:03] REQUEST GET - https://localhost:8082/economics/conto-economico
[2019-09-12 16:04:03] ---- FROM  ::1 (WinNT)
[2019-09-12 16:04:03] ---- BROWSER:  Chrome 76.0 (Mozilla/5.0 (Windows NT 10.0; Win64; x64) AppleWebKit/537.36 (KHTML, like Gecko) Chrome/76.0.3809.132 Safari/537.36)
[2019-09-12 16:04:03] 302 - Found - text/html
[2019-09-12 16:04:03] REQUEST GET - https://localhost:8082/public/aspx/Home.aspx?ReturnUrl=%2feconomics%2fconto-economico
[2019-09-12 16:04:03] ---- FROM  ::1 (WinNT)
[2019-09-12 16:04:03] ---- BROWSER:  Chrome 76.0 (Mozilla/5.0 (Windows NT 10.0; Win64; x64) AppleWebKit/537.36 (KHTML, like Gecko) Chrome/76.0.3809.132 Safari/537.36)
[2019-09-12 16:04:03] 200 - OK - text/html
[2019-09-12 16:05:06] REQUEST POST - https://localhost:8082/public/aspx/Home.aspx
[2019-09-12 16:05:06] ---- FROM  ::1 (WinNT)
[2019-09-12 16:05:06] ---- BROWSER:  Chrome 76.0 (Mozilla/5.0 (Windows NT 10.0; Win64; x64) AppleWebKit/537.36 (KHTML, like Gecko) Chrome/76.0.3809.132 Safari/537.36)
[2019-09-12 16:05:06] ---- CONTENT: Token%3D61111131252223224013000011333653%26TokenApiRest%3DeyJ0eXAiOiJKV1QiLCJhbGciOiJIUzI1NiJ9.eyJpc3MiOiJodHRwczpcL1wvd3d3cy5kZXYteWVhcC5pdCIsImlhdCI6MTU0MjI5NDMyMSwibmJmIjoxNTQyMjk0MzIxLCJleHAiOjE1NDI4OTkxMjEsImRhdGEiOnsidXNlciI6eyJpZCI6IjQ0In19fQ.RCP5OeoGASxAyBw1MbMD4BFJAcDM5JIXqYXKBALZcJI%26Logo%3Dhttps%3A%2F%2Flocalhost%3A8082%2Fscratch%2Fpl_logo.png%26Title%3DBusiness+Plan+Test+nr.+2=
[2019-09-12 16:05:06] 302 - Found - text/html
[2019-09-12 16:05:06] REQUEST GET - https://localhost:8082/home/welcome
[2019-09-12 16:05:06] ---- FROM  ::1 (WinNT)
[2019-09-12 16:05:06] ---- BROWSER:  Chrome 76.0 (Mozilla/5.0 (Windows NT 10.0; Win64; x64) AppleWebKit/537.36 (KHTML, like Gecko) Chrome/76.0.3809.132 Safari/537.36)
[2019-09-12 16:05:06] 200 - OK - text/html
[2019-09-12 16:05:08] REQUEST POST - https://localhost:8082/public/ws/General.asmx/Set
[2019-09-12 16:05:08] ---- FROM  ::1 (WinNT)
[2019-09-12 16:05:08] ---- BROWSER:  Chrome 76.0 (Mozilla/5.0 (Windows NT 10.0; Win64; x64) AppleWebKit/537.36 (KHTML, like Gecko) Chrome/76.0.3809.132 Safari/537.36)
[2019-09-12 16:05:08] ---- CONTENT: {data : "<?xml version='1.0' encoding='utf-8' ?><Request ID='20190912160508217'><General><Token>61111131252223224013000011333653</Token></General><Data><Nome>Business Plan Test nr. 2</Nome><Logo>https%3A%2F%2Flocalhost%3A8082%2Fscratch%2Fpl_logo.png</Logo></Data></Request>"}
[2019-09-12 16:05:08] 200 - OK - application/json
[2019-09-12 16:05:08] REQUEST POST - https://localhost:8082/public/ws/Config.asmx/Economics_Get
[2019-09-12 16:05:08] ---- FROM  ::1 (WinNT)
[2019-09-12 16:05:08] ---- BROWSER:  Chrome 76.0 (Mozilla/5.0 (Windows NT 10.0; Win64; x64) AppleWebKit/537.36 (KHTML, like Gecko) Chrome/76.0.3809.132 Safari/537.36)
[2019-09-12 16:05:08] ---- CONTENT: {data : "<?xml version='1.0' encoding='utf-8' ?><Request ID='20190912160508528'><General><Token>61111131252223224013000011333653</Token></General><Data></Data></Request>"}
[2019-09-12 16:05:08] 200 - OK - application/json
[2019-09-12 16:05:08] REQUEST POST - https://localhost:8082/public/ws/Config.asmx/All_Get
[2019-09-12 16:05:08] ---- FROM  ::1 (WinNT)
[2019-09-12 16:05:08] ---- BROWSER:  Chrome 76.0 (Mozilla/5.0 (Windows NT 10.0; Win64; x64) AppleWebKit/537.36 (KHTML, like Gecko) Chrome/76.0.3809.132 Safari/537.36)
[2019-09-12 16:05:08] ---- CONTENT: {data : "<?xml version='1.0' encoding='utf-8' ?><Request ID='20190912160508689'><General><Token>61111131252223224013000011333653</Token></General><Data></Data></Request>"}
[2019-09-12 16:05:08] REQUEST POST - https://localhost:8082/public/ws/Economics.asmx/messaggi_summary
[2019-09-12 16:05:08] ---- FROM  ::1 (WinNT)
[2019-09-12 16:05:08] ---- BROWSER:  Chrome 76.0 (Mozilla/5.0 (Windows NT 10.0; Win64; x64) AppleWebKit/537.36 (KHTML, like Gecko) Chrome/76.0.3809.132 Safari/537.36)
[2019-09-12 16:05:08] ---- CONTENT: {data : "<?xml version='1.0' encoding='utf-8' ?><Request ID='20190912160508766'><General><Token>61111131252223224013000011333653</Token></General><Data></Data></Request>"}
[2019-09-12 16:05:08] 200 - OK - application/json
[2019-09-12 16:05:08] 200 - OK - application/json
[2019-09-12 16:05:08] REQUEST POST - https://localhost:8082/public/ws/Config.asmx/All_Get
[2019-09-12 16:05:08] ---- FROM  ::1 (WinNT)
[2019-09-12 16:05:08] ---- BROWSER:  Chrome 76.0 (Mozilla/5.0 (Windows NT 10.0; Win64; x64) AppleWebKit/537.36 (KHTML, like Gecko) Chrome/76.0.3809.132 Safari/537.36)
[2019-09-12 16:05:08] ---- CONTENT: {data : "<?xml version='1.0' encoding='utf-8' ?><Request ID='20190912160508885'><General><Token>61111131252223224013000011333653</Token></General><Data></Data></Request>"}
[2019-09-12 16:05:08] 200 - OK - application/json
[2019-09-12 16:05:08] REQUEST POST - https://localhost:8082/public/ws/Config.asmx/All_Get
[2019-09-12 16:05:08] ---- FROM  ::1 (WinNT)
[2019-09-12 16:05:08] ---- BROWSER:  Chrome 76.0 (Mozilla/5.0 (Windows NT 10.0; Win64; x64) AppleWebKit/537.36 (KHTML, like Gecko) Chrome/76.0.3809.132 Safari/537.36)
[2019-09-12 16:05:08] ---- CONTENT: {data : "<?xml version='1.0' encoding='utf-8' ?><Request ID='20190912160508901'><General><Token>61111131252223224013000011333653</Token></General><Data></Data></Request>"}
[2019-09-12 16:05:08] 200 - OK - application/json
[2019-09-12 16:05:34] REQUEST POST - https://localhost:8082/public/aspx/Home.aspx
[2019-09-12 16:05:34] ---- FROM  ::1 (WinNT)
[2019-09-12 16:05:34] ---- BROWSER:  Chrome 76.0 (Mozilla/5.0 (Windows NT 10.0; Win64; x64) AppleWebKit/537.36 (KHTML, like Gecko) Chrome/76.0.3809.132 Safari/537.36)
[2019-09-12 16:05:34] ---- CONTENT: Token%3D21111141252224224017000011333853%26TokenApiRest%3DeyJ0eXAiOiJKV1QiLCJhbGciOiJIUzI1NiJ9.eyJpc3MiOiJodHRwczpcL1wvd3d3cy5kZXYteWVhcC5pdCIsImlhdCI6MTU0MjI5NDMyMSwibmJmIjoxNTQyMjk0MzIxLCJleHAiOjE1NDI4OTkxMjEsImRhdGEiOnsidXNlciI6eyJpZCI6IjQ0In19fQ.RCP5OeoGASxAyBw1MbMD4BFJAcDM5JIXqYXKBALZcJI%26Logo%3Dhttps%3A%2F%2Flocalhost%3A8082%2Fscratch%2Fpl_logo.png%26Title%3DBusiness+Plan+Test+nr.+3=
[2019-09-12 16:05:34] 302 - Found - text/html
[2019-09-12 16:05:34] REQUEST GET - https://localhost:8082/home/welcome
[2019-09-12 16:05:34] ---- FROM  ::1 (WinNT)
[2019-09-12 16:05:34] ---- BROWSER:  Chrome 76.0 (Mozilla/5.0 (Windows NT 10.0; Win64; x64) AppleWebKit/537.36 (KHTML, like Gecko) Chrome/76.0.3809.132 Safari/537.36)
[2019-09-12 16:05:34] 200 - OK - text/html
[2019-09-12 16:05:34] REQUEST POST - https://localhost:8082/public/ws/General.asmx/Set
[2019-09-12 16:05:34] ---- FROM  ::1 (WinNT)
[2019-09-12 16:05:34] ---- BROWSER:  Chrome 76.0 (Mozilla/5.0 (Windows NT 10.0; Win64; x64) AppleWebKit/537.36 (KHTML, like Gecko) Chrome/76.0.3809.132 Safari/537.36)
[2019-09-12 16:05:34] ---- CONTENT: {data : "<?xml version='1.0' encoding='utf-8' ?><Request ID='20190912160534990'><General><Token>21111141252224224017000011333853</Token></General><Data><Nome>Business Plan Test nr. 3</Nome><Logo>https%3A%2F%2Flocalhost%3A8082%2Fscratch%2Fpl_logo.png</Logo></Data></Request>"}
[2019-09-12 16:05:35] 200 - OK - application/json
[2019-09-12 16:05:35] REQUEST POST - https://localhost:8082/public/ws/Config.asmx/Economics_Get
[2019-09-12 16:05:35] ---- FROM  ::1 (WinNT)
[2019-09-12 16:05:35] ---- BROWSER:  Chrome 76.0 (Mozilla/5.0 (Windows NT 10.0; Win64; x64) AppleWebKit/537.36 (KHTML, like Gecko) Chrome/76.0.3809.132 Safari/537.36)
[2019-09-12 16:05:35] ---- CONTENT: {data : "<?xml version='1.0' encoding='utf-8' ?><Request ID='2019091216053517'><General><Token>21111141252224224017000011333853</Token></General><Data></Data></Request>"}
[2019-09-12 16:05:35] 200 - OK - application/json
[2019-09-12 16:05:35] REQUEST POST - https://localhost:8082/public/ws/Config.asmx/All_Get
[2019-09-12 16:05:35] ---- FROM  ::1 (WinNT)
[2019-09-12 16:05:35] ---- BROWSER:  Chrome 76.0 (Mozilla/5.0 (Windows NT 10.0; Win64; x64) AppleWebKit/537.36 (KHTML, like Gecko) Chrome/76.0.3809.132 Safari/537.36)
[2019-09-12 16:05:35] ---- CONTENT: {data : "<?xml version='1.0' encoding='utf-8' ?><Request ID='2019091216053560'><General><Token>21111141252224224017000011333853</Token></General><Data></Data></Request>"}
[2019-09-12 16:05:35] 200 - OK - application/json
[2019-09-12 16:05:35] REQUEST POST - https://localhost:8082/public/ws/Economics.asmx/messaggi_summary
[2019-09-12 16:05:35] ---- FROM  ::1 (WinNT)
[2019-09-12 16:05:35] ---- BROWSER:  Chrome 76.0 (Mozilla/5.0 (Windows NT 10.0; Win64; x64) AppleWebKit/537.36 (KHTML, like Gecko) Chrome/76.0.3809.132 Safari/537.36)
[2019-09-12 16:05:35] ---- CONTENT: {data : "<?xml version='1.0' encoding='utf-8' ?><Request ID='2019091216053591'><General><Token>21111141252224224017000011333853</Token></General><Data></Data></Request>"}
[2019-09-12 16:05:35] 200 - OK - application/json
[2019-09-12 16:05:35] REQUEST POST - https://localhost:8082/public/ws/Config.asmx/All_Get
[2019-09-12 16:05:35] ---- FROM  ::1 (WinNT)
[2019-09-12 16:05:35] ---- BROWSER:  Chrome 76.0 (Mozilla/5.0 (Windows NT 10.0; Win64; x64) AppleWebKit/537.36 (KHTML, like Gecko) Chrome/76.0.3809.132 Safari/537.36)
[2019-09-12 16:05:35] ---- CONTENT: {data : "<?xml version='1.0' encoding='utf-8' ?><Request ID='20190912160535138'><General><Token>21111141252224224017000011333853</Token></General><Data></Data></Request>"}
[2019-09-12 16:05:35] 200 - OK - application/json
[2019-09-12 16:05:35] REQUEST POST - https://localhost:8082/public/ws/Config.asmx/All_Get
[2019-09-12 16:05:35] ---- FROM  ::1 (WinNT)
[2019-09-12 16:05:35] ---- BROWSER:  Chrome 76.0 (Mozilla/5.0 (Windows NT 10.0; Win64; x64) AppleWebKit/537.36 (KHTML, like Gecko) Chrome/76.0.3809.132 Safari/537.36)
[2019-09-12 16:05:35] ---- CONTENT: {data : "<?xml version='1.0' encoding='utf-8' ?><Request ID='20190912160535271'><General><Token>21111141252224224017000011333853</Token></General><Data></Data></Request>"}
[2019-09-12 16:05:35] 200 - OK - application/json
[2019-09-12 16:05:39] REQUEST GET - https://localhost:8082/economics/conto-economico
[2019-09-12 16:05:39] ---- FROM  ::1 (WinNT)
[2019-09-12 16:05:39] ---- BROWSER:  Chrome 76.0 (Mozilla/5.0 (Windows NT 10.0; Win64; x64) AppleWebKit/537.36 (KHTML, like Gecko) Chrome/76.0.3809.132 Safari/537.36)
[2019-09-12 16:05:39] 200 - OK - text/html
[2019-09-12 16:05:40] REQUEST POST - https://localhost:8082/public/ws/Economics.asmx/ContoEconomico
[2019-09-12 16:05:40] ---- FROM  ::1 (WinNT)
[2019-09-12 16:05:40] ---- BROWSER:  Chrome 76.0 (Mozilla/5.0 (Windows NT 10.0; Win64; x64) AppleWebKit/537.36 (KHTML, like Gecko) Chrome/76.0.3809.132 Safari/537.36)
[2019-09-12 16:05:40] ---- CONTENT: {data : "<?xml version='1.0' encoding='utf-8' ?><Request ID='20190912160540168'><General><Token>21111141252224224017000011333853</Token></General><Data></Data></Request>"}
[2019-09-12 16:05:40] 200 - OK - application/json
[2019-09-12 16:05:40] REQUEST POST - https://localhost:8082/public/ws/Config.asmx/All_Get
[2019-09-12 16:05:40] ---- FROM  ::1 (WinNT)
[2019-09-12 16:05:40] ---- BROWSER:  Chrome 76.0 (Mozilla/5.0 (Windows NT 10.0; Win64; x64) AppleWebKit/537.36 (KHTML, like Gecko) Chrome/76.0.3809.132 Safari/537.36)
[2019-09-12 16:05:40] ---- CONTENT: {data : "<?xml version='1.0' encoding='utf-8' ?><Request ID='20190912160540299'><General><Token>21111141252224224017000011333853</Token></General><Data></Data></Request>"}
[2019-09-12 16:05:40] 200 - OK - application/json
[2019-09-12 16:05:40] REQUEST POST - https://localhost:8082/public/ws/Economics.asmx/messaggi_summary
[2019-09-12 16:05:40] ---- FROM  ::1 (WinNT)
[2019-09-12 16:05:40] ---- BROWSER:  Chrome 76.0 (Mozilla/5.0 (Windows NT 10.0; Win64; x64) AppleWebKit/537.36 (KHTML, like Gecko) Chrome/76.0.3809.132 Safari/537.36)
[2019-09-12 16:05:40] ---- CONTENT: {data : "<?xml version='1.0' encoding='utf-8' ?><Request ID='20190912160540321'><General><Token>21111141252224224017000011333853</Token></General><Data></Data></Request>"}
[2019-09-12 16:05:40] 200 - OK - application/json
[2019-09-12 16:05:40] REQUEST POST - https://localhost:8082/public/ws/Config.asmx/All_Get
[2019-09-12 16:05:40] ---- FROM  ::1 (WinNT)
[2019-09-12 16:05:40] ---- BROWSER:  Chrome 76.0 (Mozilla/5.0 (Windows NT 10.0; Win64; x64) AppleWebKit/537.36 (KHTML, like Gecko) Chrome/76.0.3809.132 Safari/537.36)
[2019-09-12 16:05:40] ---- CONTENT: {data : "<?xml version='1.0' encoding='utf-8' ?><Request ID='20190912160540357'><General><Token>21111141252224224017000011333853</Token></General><Data></Data></Request>"}
[2019-09-12 16:05:40] REQUEST GET - https://localhost:8082/public/ws/Resources.ashx/xml-economics/21111141252224224017000011333853
[2019-09-12 16:05:40] ---- FROM  ::1 (WinNT)
[2019-09-12 16:05:40] ---- BROWSER:  Chrome 76.0 (Mozilla/5.0 (Windows NT 10.0; Win64; x64) AppleWebKit/537.36 (KHTML, like Gecko) Chrome/76.0.3809.132 Safari/537.36)
[2019-09-12 16:05:40] 200 - OK - application/json
[2019-09-12 16:05:40] 200 - OK - text/xml
[2019-09-12 16:05:41] REQUEST POST - https://localhost:8082/public/ws/Config.asmx/All_Get
[2019-09-12 16:05:41] ---- FROM  ::1 (WinNT)
[2019-09-12 16:05:41] ---- BROWSER:  Chrome 76.0 (Mozilla/5.0 (Windows NT 10.0; Win64; x64) AppleWebKit/537.36 (KHTML, like Gecko) Chrome/76.0.3809.132 Safari/537.36)
[2019-09-12 16:05:41] ---- CONTENT: {data : "<?xml version='1.0' encoding='utf-8' ?><Request ID='2019091216054136'><General><Token>21111141252224224017000011333853</Token></General><Data></Data></Request>"}
[2019-09-12 16:05:41] 200 - OK - application/json
[2019-09-12 16:07:39] REQUEST GET - https://localhost:8082/economics/conto-economico
[2019-09-12 16:07:39] ---- FROM  ::1 (WinNT)
[2019-09-12 16:07:39] ---- BROWSER:  Chrome 76.0 (Mozilla/5.0 (Windows NT 10.0; Win64; x64) AppleWebKit/537.36 (KHTML, like Gecko) Chrome/76.0.3809.132 Safari/537.36)
[2019-09-12 16:07:39] 200 - OK - text/html
[2019-09-12 16:07:40] REQUEST POST - https://localhost:8082/public/ws/Economics.asmx/ContoEconomico
[2019-09-12 16:07:40] ---- FROM  ::1 (WinNT)
[2019-09-12 16:07:40] ---- BROWSER:  Chrome 76.0 (Mozilla/5.0 (Windows NT 10.0; Win64; x64) AppleWebKit/537.36 (KHTML, like Gecko) Chrome/76.0.3809.132 Safari/537.36)
[2019-09-12 16:07:40] ---- CONTENT: {data : "<?xml version='1.0' encoding='utf-8' ?><Request ID='20190912160740306'><General><Token>21111141252224224017000011333853</Token></General><Data></Data></Request>"}
[2019-09-12 16:07:40] 200 - OK - application/json
[2019-09-12 16:07:40] REQUEST GET - https://localhost:8082/public/ws/Resources.ashx/xml-economics/21111141252224224017000011333853
[2019-09-12 16:07:40] ---- FROM  ::1 (WinNT)
[2019-09-12 16:07:40] ---- BROWSER:  Chrome 76.0 (Mozilla/5.0 (Windows NT 10.0; Win64; x64) AppleWebKit/537.36 (KHTML, like Gecko) Chrome/76.0.3809.132 Safari/537.36)
[2019-09-12 16:07:40] 200 - OK - text/xml
[2019-09-12 16:07:40] REQUEST POST - https://localhost:8082/public/ws/Economics.asmx/messaggi_summary
[2019-09-12 16:07:40] ---- FROM  ::1 (WinNT)
[2019-09-12 16:07:40] ---- BROWSER:  Chrome 76.0 (Mozilla/5.0 (Windows NT 10.0; Win64; x64) AppleWebKit/537.36 (KHTML, like Gecko) Chrome/76.0.3809.132 Safari/537.36)
[2019-09-12 16:07:40] ---- CONTENT: {data : "<?xml version='1.0' encoding='utf-8' ?><Request ID='20190912160740388'><General><Token>21111141252224224017000011333853</Token></General><Data></Data></Request>"}
[2019-09-12 16:07:40] 200 - OK - application/json
[2019-09-12 16:07:40] REQUEST POST - https://localhost:8082/public/ws/Config.asmx/All_Get
[2019-09-12 16:07:40] ---- FROM  ::1 (WinNT)
[2019-09-12 16:07:40] ---- BROWSER:  Chrome 76.0 (Mozilla/5.0 (Windows NT 10.0; Win64; x64) AppleWebKit/537.36 (KHTML, like Gecko) Chrome/76.0.3809.132 Safari/537.36)
[2019-09-12 16:07:40] ---- CONTENT: {data : "<?xml version='1.0' encoding='utf-8' ?><Request ID='20190912160740418'><General><Token>21111141252224224017000011333853</Token></General><Data></Data></Request>"}
[2019-09-12 16:07:40] 200 - OK - application/json
[2019-09-12 16:07:41] REQUEST POST - https://localhost:8082/public/ws/Config.asmx/All_Get
[2019-09-12 16:07:41] ---- FROM  ::1 (WinNT)
[2019-09-12 16:07:41] ---- BROWSER:  Chrome 76.0 (Mozilla/5.0 (Windows NT 10.0; Win64; x64) AppleWebKit/537.36 (KHTML, like Gecko) Chrome/76.0.3809.132 Safari/537.36)
[2019-09-12 16:07:41] ---- CONTENT: {data : "<?xml version='1.0' encoding='utf-8' ?><Request ID='20190912160741167'><General><Token>21111141252224224017000011333853</Token></General><Data></Data></Request>"}
[2019-09-12 16:07:41] 200 - OK - application/json
[2019-09-12 16:07:41] REQUEST POST - https://localhost:8082/public/ws/Config.asmx/All_Get
[2019-09-12 16:07:41] ---- FROM  ::1 (WinNT)
[2019-09-12 16:07:41] ---- BROWSER:  Chrome 76.0 (Mozilla/5.0 (Windows NT 10.0; Win64; x64) AppleWebKit/537.36 (KHTML, like Gecko) Chrome/76.0.3809.132 Safari/537.36)
[2019-09-12 16:07:41] ---- CONTENT: {data : "<?xml version='1.0' encoding='utf-8' ?><Request ID='20190912160741353'><General><Token>21111141252224224017000011333853</Token></General><Data></Data></Request>"}
[2019-09-12 16:07:41] 200 - OK - application/json
[2019-09-12 16:16:05] REQUEST GET - https://localhost:8082/economics/rendiconto-finanziario
[2019-09-12 16:16:05] ---- FROM  ::1 (WinNT)
[2019-09-12 16:16:05] ---- BROWSER:  Chrome 76.0 (Mozilla/5.0 (Windows NT 10.0; Win64; x64) AppleWebKit/537.36 (KHTML, like Gecko) Chrome/76.0.3809.132 Safari/537.36)
[2019-09-12 16:16:05] 200 - OK - text/html
[2019-09-12 16:16:06] REQUEST POST - https://localhost:8082/public/ws/Economics.asmx/RendicontoFinanziario
[2019-09-12 16:16:06] ---- FROM  ::1 (WinNT)
[2019-09-12 16:16:06] ---- BROWSER:  Chrome 76.0 (Mozilla/5.0 (Windows NT 10.0; Win64; x64) AppleWebKit/537.36 (KHTML, like Gecko) Chrome/76.0.3809.132 Safari/537.36)
[2019-09-12 16:16:06] ---- CONTENT: {data : "<?xml version='1.0' encoding='utf-8' ?><Request ID='20190912161606118'><General><Token>21111141252224224017000011333853</Token></General><Data></Data></Request>"}
[2019-09-12 16:16:06] 200 - OK - application/json
[2019-09-12 16:16:06] REQUEST POST - https://localhost:8082/public/ws/Config.asmx/All_Get
[2019-09-12 16:16:06] ---- FROM  ::1 (WinNT)
[2019-09-12 16:16:06] ---- BROWSER:  Chrome 76.0 (Mozilla/5.0 (Windows NT 10.0; Win64; x64) AppleWebKit/537.36 (KHTML, like Gecko) Chrome/76.0.3809.132 Safari/537.36)
[2019-09-12 16:16:06] ---- CONTENT: {data : "<?xml version='1.0' encoding='utf-8' ?><Request ID='20190912161606269'><General><Token>21111141252224224017000011333853</Token></General><Data></Data></Request>"}
[2019-09-12 16:16:06] 200 - OK - application/json
[2019-09-12 16:16:06] REQUEST POST - https://localhost:8082/public/ws/Economics.asmx/messaggi_summary
[2019-09-12 16:16:06] ---- FROM  ::1 (WinNT)
[2019-09-12 16:16:06] ---- BROWSER:  Chrome 76.0 (Mozilla/5.0 (Windows NT 10.0; Win64; x64) AppleWebKit/537.36 (KHTML, like Gecko) Chrome/76.0.3809.132 Safari/537.36)
[2019-09-12 16:16:06] ---- CONTENT: {data : "<?xml version='1.0' encoding='utf-8' ?><Request ID='20190912161606293'><General><Token>21111141252224224017000011333853</Token></General><Data></Data></Request>"}
[2019-09-12 16:16:06] 200 - OK - application/json
[2019-09-12 16:16:06] REQUEST GET - https://localhost:8082/public/ws/Resources.ashx/xml-economics/21111141252224224017000011333853
[2019-09-12 16:16:06] ---- FROM  ::1 (WinNT)
[2019-09-12 16:16:06] ---- BROWSER:  Chrome 76.0 (Mozilla/5.0 (Windows NT 10.0; Win64; x64) AppleWebKit/537.36 (KHTML, like Gecko) Chrome/76.0.3809.132 Safari/537.36)
[2019-09-12 16:16:06] 200 - OK - text/xml
[2019-09-12 16:16:06] REQUEST POST - https://localhost:8082/public/ws/Config.asmx/All_Get
[2019-09-12 16:16:06] ---- FROM  ::1 (WinNT)
[2019-09-12 16:16:06] ---- BROWSER:  Chrome 76.0 (Mozilla/5.0 (Windows NT 10.0; Win64; x64) AppleWebKit/537.36 (KHTML, like Gecko) Chrome/76.0.3809.132 Safari/537.36)
[2019-09-12 16:16:06] ---- CONTENT: {data : "<?xml version='1.0' encoding='utf-8' ?><Request ID='20190912161606355'><General><Token>21111141252224224017000011333853</Token></General><Data></Data></Request>"}
[2019-09-12 16:16:06] 200 - OK - application/json
[2019-09-12 16:16:07] REQUEST POST - https://localhost:8082/public/ws/Config.asmx/All_Get
[2019-09-12 16:16:07] ---- FROM  ::1 (WinNT)
[2019-09-12 16:16:07] ---- BROWSER:  Chrome 76.0 (Mozilla/5.0 (Windows NT 10.0; Win64; x64) AppleWebKit/537.36 (KHTML, like Gecko) Chrome/76.0.3809.132 Safari/537.36)
[2019-09-12 16:16:07] ---- CONTENT: {data : "<?xml version='1.0' encoding='utf-8' ?><Request ID='20190912161607206'><General><Token>21111141252224224017000011333853</Token></General><Data></Data></Request>"}
[2019-09-12 16:16:07] 200 - OK - application/json
[2019-09-12 16:16:18] REQUEST GET - https://localhost:8082/economics/stato-patrimoniale
[2019-09-12 16:16:18] ---- FROM  ::1 (WinNT)
[2019-09-12 16:16:18] ---- BROWSER:  Chrome 76.0 (Mozilla/5.0 (Windows NT 10.0; Win64; x64) AppleWebKit/537.36 (KHTML, like Gecko) Chrome/76.0.3809.132 Safari/537.36)
[2019-09-12 16:16:18] 200 - OK - text/html
[2019-09-12 16:16:19] REQUEST POST - https://localhost:8082/public/ws/Economics.asmx/StatoPatrimoniale
[2019-09-12 16:16:19] ---- FROM  ::1 (WinNT)
[2019-09-12 16:16:19] ---- BROWSER:  Chrome 76.0 (Mozilla/5.0 (Windows NT 10.0; Win64; x64) AppleWebKit/537.36 (KHTML, like Gecko) Chrome/76.0.3809.132 Safari/537.36)
[2019-09-12 16:16:19] ---- CONTENT: {data : "<?xml version='1.0' encoding='utf-8' ?><Request ID='2019091216161964'><General><Token>21111141252224224017000011333853</Token></General><Data></Data></Request>"}
[2019-09-12 16:16:19] 200 - OK - application/json
[2019-09-12 16:16:19] REQUEST POST - https://localhost:8082/public/ws/Config.asmx/All_Get
[2019-09-12 16:16:19] ---- FROM  ::1 (WinNT)
[2019-09-12 16:16:19] ---- BROWSER:  Chrome 76.0 (Mozilla/5.0 (Windows NT 10.0; Win64; x64) AppleWebKit/537.36 (KHTML, like Gecko) Chrome/76.0.3809.132 Safari/537.36)
[2019-09-12 16:16:19] ---- CONTENT: {data : "<?xml version='1.0' encoding='utf-8' ?><Request ID='20190912161619169'><General><Token>21111141252224224017000011333853</Token></General><Data></Data></Request>"}
[2019-09-12 16:16:19] 200 - OK - application/json
[2019-09-12 16:16:19] REQUEST POST - https://localhost:8082/public/ws/Economics.asmx/messaggi_summary
[2019-09-12 16:16:19] ---- FROM  ::1 (WinNT)
[2019-09-12 16:16:19] ---- BROWSER:  Chrome 76.0 (Mozilla/5.0 (Windows NT 10.0; Win64; x64) AppleWebKit/537.36 (KHTML, like Gecko) Chrome/76.0.3809.132 Safari/537.36)
[2019-09-12 16:16:19] ---- CONTENT: {data : "<?xml version='1.0' encoding='utf-8' ?><Request ID='20190912161619195'><General><Token>21111141252224224017000011333853</Token></General><Data></Data></Request>"}
[2019-09-12 16:16:19] 200 - OK - application/json
[2019-09-12 16:16:19] REQUEST GET - https://localhost:8082/public/ws/Resources.ashx/xml-economics/21111141252224224017000011333853
[2019-09-12 16:16:19] ---- FROM  ::1 (WinNT)
[2019-09-12 16:16:19] ---- BROWSER:  Chrome 76.0 (Mozilla/5.0 (Windows NT 10.0; Win64; x64) AppleWebKit/537.36 (KHTML, like Gecko) Chrome/76.0.3809.132 Safari/537.36)
[2019-09-12 16:16:19] REQUEST POST - https://localhost:8082/public/ws/Config.asmx/All_Get
[2019-09-12 16:16:19] ---- FROM  ::1 (WinNT)
[2019-09-12 16:16:19] ---- BROWSER:  Chrome 76.0 (Mozilla/5.0 (Windows NT 10.0; Win64; x64) AppleWebKit/537.36 (KHTML, like Gecko) Chrome/76.0.3809.132 Safari/537.36)
[2019-09-12 16:16:19] ---- CONTENT: {data : "<?xml version='1.0' encoding='utf-8' ?><Request ID='20190912161619234'><General><Token>21111141252224224017000011333853</Token></General><Data></Data></Request>"}
[2019-09-12 16:16:19] 200 - OK - text/xml
[2019-09-12 16:16:19] 200 - OK - application/json
[2019-09-12 16:16:19] REQUEST POST - https://localhost:8082/public/ws/Config.asmx/All_Get
[2019-09-12 16:16:19] ---- FROM  ::1 (WinNT)
[2019-09-12 16:16:19] ---- BROWSER:  Chrome 76.0 (Mozilla/5.0 (Windows NT 10.0; Win64; x64) AppleWebKit/537.36 (KHTML, like Gecko) Chrome/76.0.3809.132 Safari/537.36)
[2019-09-12 16:16:19] ---- CONTENT: {data : "<?xml version='1.0' encoding='utf-8' ?><Request ID='20190912161619527'><General><Token>21111141252224224017000011333853</Token></General><Data></Data></Request>"}
[2019-09-12 16:16:19] 200 - OK - application/json
[2019-09-12 16:22:49] REQUEST GET - https://localhost:8082/controllo/crea
[2019-09-12 16:22:49] ---- FROM  ::1 (WinNT)
[2019-09-12 16:22:49] ---- BROWSER:  Chrome 76.0 (Mozilla/5.0 (Windows NT 10.0; Win64; x64) AppleWebKit/537.36 (KHTML, like Gecko) Chrome/76.0.3809.132 Safari/537.36)
[2019-09-12 16:22:49] 200 - OK - text/html
[2019-09-12 16:22:50] REQUEST POST - https://localhost:8082/public/ws/Economics.asmx/messaggi_summary
[2019-09-12 16:22:50] ---- FROM  ::1 (WinNT)
[2019-09-12 16:22:50] ---- BROWSER:  Chrome 76.0 (Mozilla/5.0 (Windows NT 10.0; Win64; x64) AppleWebKit/537.36 (KHTML, like Gecko) Chrome/76.0.3809.132 Safari/537.36)
[2019-09-12 16:22:50] ---- CONTENT: {data : "<?xml version='1.0' encoding='utf-8' ?><Request ID='20190912162250252'><General><Token>21111141252224224017000011333853</Token></General><Data></Data></Request>"}
[2019-09-12 16:22:50] 200 - OK - application/json
[2019-09-12 16:22:50] REQUEST POST - https://localhost:8082/public/ws/Config.asmx/All_Get
[2019-09-12 16:22:50] ---- FROM  ::1 (WinNT)
[2019-09-12 16:22:50] ---- BROWSER:  Chrome 76.0 (Mozilla/5.0 (Windows NT 10.0; Win64; x64) AppleWebKit/537.36 (KHTML, like Gecko) Chrome/76.0.3809.132 Safari/537.36)
[2019-09-12 16:22:50] ---- CONTENT: {data : "<?xml version='1.0' encoding='utf-8' ?><Request ID='20190912162250295'><General><Token>21111141252224224017000011333853</Token></General><Data></Data></Request>"}
[2019-09-12 16:22:50] 200 - OK - application/json
[2019-09-12 16:22:50] REQUEST POST - https://localhost:8082/public/ws/Economics.asmx/messaggi_summary
[2019-09-12 16:22:50] ---- FROM  ::1 (WinNT)
[2019-09-12 16:22:50] ---- BROWSER:  Chrome 76.0 (Mozilla/5.0 (Windows NT 10.0; Win64; x64) AppleWebKit/537.36 (KHTML, like Gecko) Chrome/76.0.3809.132 Safari/537.36)
[2019-09-12 16:22:50] ---- CONTENT: {data : "<?xml version='1.0' encoding='utf-8' ?><Request ID='20190912162250325'><General><Token>21111141252224224017000011333853</Token></General><Data></Data></Request>"}
[2019-09-12 16:22:50] 200 - OK - application/json
[2019-09-12 16:22:50] REQUEST GET - https://localhost:8082/public/ws/Resources.ashx/xml-economics/21111141252224224017000011333853
[2019-09-12 16:22:50] ---- FROM  ::1 (WinNT)
[2019-09-12 16:22:50] ---- BROWSER:  Chrome 76.0 (Mozilla/5.0 (Windows NT 10.0; Win64; x64) AppleWebKit/537.36 (KHTML, like Gecko) Chrome/76.0.3809.132 Safari/537.36)
[2019-09-12 16:22:50] 200 - OK - text/xml
[2019-09-12 16:22:50] REQUEST POST - https://localhost:8082/public/ws/Config.asmx/All_Get
[2019-09-12 16:22:50] ---- FROM  ::1 (WinNT)
[2019-09-12 16:22:50] ---- BROWSER:  Chrome 76.0 (Mozilla/5.0 (Windows NT 10.0; Win64; x64) AppleWebKit/537.36 (KHTML, like Gecko) Chrome/76.0.3809.132 Safari/537.36)
[2019-09-12 16:22:50] ---- CONTENT: {data : "<?xml version='1.0' encoding='utf-8' ?><Request ID='20190912162250383'><General><Token>21111141252224224017000011333853</Token></General><Data></Data></Request>"}
[2019-09-12 16:22:50] 200 - OK - application/json
[2019-09-12 16:22:50] REQUEST POST - https://localhost:8082/public/ws/Config.asmx/All_Get
[2019-09-12 16:22:50] ---- FROM  ::1 (WinNT)
[2019-09-12 16:22:50] ---- BROWSER:  Chrome 76.0 (Mozilla/5.0 (Windows NT 10.0; Win64; x64) AppleWebKit/537.36 (KHTML, like Gecko) Chrome/76.0.3809.132 Safari/537.36)
[2019-09-12 16:22:50] ---- CONTENT: {data : "<?xml version='1.0' encoding='utf-8' ?><Request ID='20190912162250478'><General><Token>21111141252224224017000011333853</Token></General><Data></Data></Request>"}
[2019-09-12 16:22:50] 200 - OK - application/json
[2019-09-12 16:22:53] REQUEST GET - https://localhost:8082/controllo/distribuzione-mensile
[2019-09-12 16:22:53] ---- FROM  ::1 (WinNT)
[2019-09-12 16:22:53] ---- BROWSER:  Chrome 76.0 (Mozilla/5.0 (Windows NT 10.0; Win64; x64) AppleWebKit/537.36 (KHTML, like Gecko) Chrome/76.0.3809.132 Safari/537.36)
[2019-09-12 16:22:53] 200 - OK - text/html
[2019-09-12 16:22:53] REQUEST POST - https://localhost:8082/public/ws/Economics.asmx/messaggi_summary
[2019-09-12 16:22:53] ---- FROM  ::1 (WinNT)
[2019-09-12 16:22:53] ---- BROWSER:  Chrome 76.0 (Mozilla/5.0 (Windows NT 10.0; Win64; x64) AppleWebKit/537.36 (KHTML, like Gecko) Chrome/76.0.3809.132 Safari/537.36)
[2019-09-12 16:22:53] ---- CONTENT: {data : "<?xml version='1.0' encoding='utf-8' ?><Request ID='20190912162253847'><General><Token>21111141252224224017000011333853</Token></General><Data></Data></Request>"}
[2019-09-12 16:22:53] 200 - OK - application/json
[2019-09-12 16:22:53] REQUEST POST - https://localhost:8082/public/ws/Config.asmx/All_Get
[2019-09-12 16:22:53] ---- FROM  ::1 (WinNT)
[2019-09-12 16:22:53] ---- BROWSER:  Chrome 76.0 (Mozilla/5.0 (Windows NT 10.0; Win64; x64) AppleWebKit/537.36 (KHTML, like Gecko) Chrome/76.0.3809.132 Safari/537.36)
[2019-09-12 16:22:53] ---- CONTENT: {data : "<?xml version='1.0' encoding='utf-8' ?><Request ID='20190912162253890'><General><Token>21111141252224224017000011333853</Token></General><Data></Data></Request>"}
[2019-09-12 16:22:53] 200 - OK - application/json
[2019-09-12 16:22:53] REQUEST POST - https://localhost:8082/public/ws/Economics.asmx/messaggi_summary
[2019-09-12 16:22:53] ---- FROM  ::1 (WinNT)
[2019-09-12 16:22:53] ---- BROWSER:  Chrome 76.0 (Mozilla/5.0 (Windows NT 10.0; Win64; x64) AppleWebKit/537.36 (KHTML, like Gecko) Chrome/76.0.3809.132 Safari/537.36)
[2019-09-12 16:22:53] ---- CONTENT: {data : "<?xml version='1.0' encoding='utf-8' ?><Request ID='20190912162253920'><General><Token>21111141252224224017000011333853</Token></General><Data></Data></Request>"}
[2019-09-12 16:22:53] 200 - OK - application/json
[2019-09-12 16:22:53] REQUEST GET - https://localhost:8082/public/ws/Resources.ashx/xml-economics/21111141252224224017000011333853
[2019-09-12 16:22:53] ---- FROM  ::1 (WinNT)
[2019-09-12 16:22:53] ---- BROWSER:  Chrome 76.0 (Mozilla/5.0 (Windows NT 10.0; Win64; x64) AppleWebKit/537.36 (KHTML, like Gecko) Chrome/76.0.3809.132 Safari/537.36)
[2019-09-12 16:22:53] 200 - OK - text/xml
[2019-09-12 16:22:53] REQUEST POST - https://localhost:8082/public/ws/Config.asmx/All_Get
[2019-09-12 16:22:53] ---- FROM  ::1 (WinNT)
[2019-09-12 16:22:53] ---- BROWSER:  Chrome 76.0 (Mozilla/5.0 (Windows NT 10.0; Win64; x64) AppleWebKit/537.36 (KHTML, like Gecko) Chrome/76.0.3809.132 Safari/537.36)
[2019-09-12 16:22:53] ---- CONTENT: {data : "<?xml version='1.0' encoding='utf-8' ?><Request ID='20190912162253981'><General><Token>21111141252224224017000011333853</Token></General><Data></Data></Request>"}
[2019-09-12 16:22:54] 200 - OK - application/json
[2019-09-12 16:22:54] REQUEST POST - https://localhost:8082/public/ws/Config.asmx/All_Get
[2019-09-12 16:22:54] ---- FROM  ::1 (WinNT)
[2019-09-12 16:22:54] ---- BROWSER:  Chrome 76.0 (Mozilla/5.0 (Windows NT 10.0; Win64; x64) AppleWebKit/537.36 (KHTML, like Gecko) Chrome/76.0.3809.132 Safari/537.36)
[2019-09-12 16:22:54] ---- CONTENT: {data : "<?xml version='1.0' encoding='utf-8' ?><Request ID='2019091216225499'><General><Token>21111141252224224017000011333853</Token></General><Data></Data></Request>"}
[2019-09-12 16:22:54] 200 - OK - application/json
[2019-09-12 16:23:00] REQUEST GET - https://localhost:8082/controllo/importa-consuntivo
[2019-09-12 16:23:00] ---- FROM  ::1 (WinNT)
[2019-09-12 16:23:00] ---- BROWSER:  Chrome 76.0 (Mozilla/5.0 (Windows NT 10.0; Win64; x64) AppleWebKit/537.36 (KHTML, like Gecko) Chrome/76.0.3809.132 Safari/537.36)
[2019-09-12 16:23:00] 200 - OK - text/html
[2019-09-12 16:23:00] REQUEST POST - https://localhost:8082/public/ws/Economics.asmx/messaggi_summary
[2019-09-12 16:23:00] ---- FROM  ::1 (WinNT)
[2019-09-12 16:23:00] ---- BROWSER:  Chrome 76.0 (Mozilla/5.0 (Windows NT 10.0; Win64; x64) AppleWebKit/537.36 (KHTML, like Gecko) Chrome/76.0.3809.132 Safari/537.36)
[2019-09-12 16:23:00] ---- CONTENT: {data : "<?xml version='1.0' encoding='utf-8' ?><Request ID='20190912162300554'><General><Token>21111141252224224017000011333853</Token></General><Data></Data></Request>"}
[2019-09-12 16:23:00] 200 - OK - application/json
[2019-09-12 16:23:00] REQUEST POST - https://localhost:8082/public/ws/Config.asmx/All_Get
[2019-09-12 16:23:00] ---- FROM  ::1 (WinNT)
[2019-09-12 16:23:00] ---- BROWSER:  Chrome 76.0 (Mozilla/5.0 (Windows NT 10.0; Win64; x64) AppleWebKit/537.36 (KHTML, like Gecko) Chrome/76.0.3809.132 Safari/537.36)
[2019-09-12 16:23:00] ---- CONTENT: {data : "<?xml version='1.0' encoding='utf-8' ?><Request ID='20190912162300586'><General><Token>21111141252224224017000011333853</Token></General><Data></Data></Request>"}
[2019-09-12 16:23:00] 200 - OK - application/json
[2019-09-12 16:23:00] REQUEST POST - https://localhost:8082/public/ws/Economics.asmx/messaggi_summary
[2019-09-12 16:23:00] ---- FROM  ::1 (WinNT)
[2019-09-12 16:23:00] ---- BROWSER:  Chrome 76.0 (Mozilla/5.0 (Windows NT 10.0; Win64; x64) AppleWebKit/537.36 (KHTML, like Gecko) Chrome/76.0.3809.132 Safari/537.36)
[2019-09-12 16:23:00] ---- CONTENT: {data : "<?xml version='1.0' encoding='utf-8' ?><Request ID='20190912162300609'><General><Token>21111141252224224017000011333853</Token></General><Data></Data></Request>"}
[2019-09-12 16:23:00] 200 - OK - application/json
[2019-09-12 16:23:00] REQUEST GET - https://localhost:8082/public/ws/Resources.ashx/xml-economics/21111141252224224017000011333853
[2019-09-12 16:23:00] ---- FROM  ::1 (WinNT)
[2019-09-12 16:23:00] ---- BROWSER:  Chrome 76.0 (Mozilla/5.0 (Windows NT 10.0; Win64; x64) AppleWebKit/537.36 (KHTML, like Gecko) Chrome/76.0.3809.132 Safari/537.36)
[2019-09-12 16:23:00] 200 - OK - text/xml
[2019-09-12 16:23:00] REQUEST POST - https://localhost:8082/public/ws/Config.asmx/All_Get
[2019-09-12 16:23:00] ---- FROM  ::1 (WinNT)
[2019-09-12 16:23:00] ---- BROWSER:  Chrome 76.0 (Mozilla/5.0 (Windows NT 10.0; Win64; x64) AppleWebKit/537.36 (KHTML, like Gecko) Chrome/76.0.3809.132 Safari/537.36)
[2019-09-12 16:23:00] ---- CONTENT: {data : "<?xml version='1.0' encoding='utf-8' ?><Request ID='20190912162300667'><General><Token>21111141252224224017000011333853</Token></General><Data></Data></Request>"}
[2019-09-12 16:23:00] 200 - OK - application/json
[2019-09-12 16:23:00] REQUEST POST - https://localhost:8082/public/ws/Config.asmx/All_Get
[2019-09-12 16:23:00] ---- FROM  ::1 (WinNT)
[2019-09-12 16:23:00] ---- BROWSER:  Chrome 76.0 (Mozilla/5.0 (Windows NT 10.0; Win64; x64) AppleWebKit/537.36 (KHTML, like Gecko) Chrome/76.0.3809.132 Safari/537.36)
[2019-09-12 16:23:00] ---- CONTENT: {data : "<?xml version='1.0' encoding='utf-8' ?><Request ID='20190912162300744'><General><Token>21111141252224224017000011333853</Token></General><Data></Data></Request>"}
[2019-09-12 16:23:00] 200 - OK - application/json
[2019-09-12 16:23:03] REQUEST GET - https://localhost:8082/controllo/analisi-indici
[2019-09-12 16:23:03] ---- FROM  ::1 (WinNT)
[2019-09-12 16:23:03] ---- BROWSER:  Chrome 76.0 (Mozilla/5.0 (Windows NT 10.0; Win64; x64) AppleWebKit/537.36 (KHTML, like Gecko) Chrome/76.0.3809.132 Safari/537.36)
[2019-09-12 16:23:03] 200 - OK - text/html
[2019-09-12 16:23:04] REQUEST POST - https://localhost:8082/public/ws/Economics.asmx/messaggi_summary
[2019-09-12 16:23:04] ---- FROM  ::1 (WinNT)
[2019-09-12 16:23:04] ---- BROWSER:  Chrome 76.0 (Mozilla/5.0 (Windows NT 10.0; Win64; x64) AppleWebKit/537.36 (KHTML, like Gecko) Chrome/76.0.3809.132 Safari/537.36)
[2019-09-12 16:23:04] ---- CONTENT: {data : "<?xml version='1.0' encoding='utf-8' ?><Request ID='2019091216230423'><General><Token>21111141252224224017000011333853</Token></General><Data></Data></Request>"}
[2019-09-12 16:23:04] 200 - OK - application/json
[2019-09-12 16:23:04] REQUEST POST - https://localhost:8082/public/ws/Config.asmx/All_Get
[2019-09-12 16:23:04] ---- FROM  ::1 (WinNT)
[2019-09-12 16:23:04] ---- BROWSER:  Chrome 76.0 (Mozilla/5.0 (Windows NT 10.0; Win64; x64) AppleWebKit/537.36 (KHTML, like Gecko) Chrome/76.0.3809.132 Safari/537.36)
[2019-09-12 16:23:04] ---- CONTENT: {data : "<?xml version='1.0' encoding='utf-8' ?><Request ID='2019091216230455'><General><Token>21111141252224224017000011333853</Token></General><Data></Data></Request>"}
[2019-09-12 16:23:04] 200 - OK - application/json
[2019-09-12 16:23:04] REQUEST POST - https://localhost:8082/public/ws/Economics.asmx/messaggi_summary
[2019-09-12 16:23:04] ---- FROM  ::1 (WinNT)
[2019-09-12 16:23:04] ---- BROWSER:  Chrome 76.0 (Mozilla/5.0 (Windows NT 10.0; Win64; x64) AppleWebKit/537.36 (KHTML, like Gecko) Chrome/76.0.3809.132 Safari/537.36)
[2019-09-12 16:23:04] ---- CONTENT: {data : "<?xml version='1.0' encoding='utf-8' ?><Request ID='2019091216230482'><General><Token>21111141252224224017000011333853</Token></General><Data></Data></Request>"}
[2019-09-12 16:23:04] 200 - OK - application/json
[2019-09-12 16:23:04] REQUEST GET - https://localhost:8082/public/ws/Resources.ashx/xml-economics/21111141252224224017000011333853
[2019-09-12 16:23:04] ---- FROM  ::1 (WinNT)
[2019-09-12 16:23:04] ---- BROWSER:  Chrome 76.0 (Mozilla/5.0 (Windows NT 10.0; Win64; x64) AppleWebKit/537.36 (KHTML, like Gecko) Chrome/76.0.3809.132 Safari/537.36)
[2019-09-12 16:23:04] 200 - OK - text/xml
[2019-09-12 16:23:04] REQUEST POST - https://localhost:8082/public/ws/Config.asmx/All_Get
[2019-09-12 16:23:04] ---- FROM  ::1 (WinNT)
[2019-09-12 16:23:04] ---- BROWSER:  Chrome 76.0 (Mozilla/5.0 (Windows NT 10.0; Win64; x64) AppleWebKit/537.36 (KHTML, like Gecko) Chrome/76.0.3809.132 Safari/537.36)
[2019-09-12 16:23:04] ---- CONTENT: {data : "<?xml version='1.0' encoding='utf-8' ?><Request ID='20190912162304147'><General><Token>21111141252224224017000011333853</Token></General><Data></Data></Request>"}
[2019-09-12 16:23:04] 200 - OK - application/json
[2019-09-12 16:23:04] REQUEST POST - https://localhost:8082/public/ws/Config.asmx/All_Get
[2019-09-12 16:23:04] ---- FROM  ::1 (WinNT)
[2019-09-12 16:23:04] ---- BROWSER:  Chrome 76.0 (Mozilla/5.0 (Windows NT 10.0; Win64; x64) AppleWebKit/537.36 (KHTML, like Gecko) Chrome/76.0.3809.132 Safari/537.36)
[2019-09-12 16:23:04] ---- CONTENT: {data : "<?xml version='1.0' encoding='utf-8' ?><Request ID='20190912162304252'><General><Token>21111141252224224017000011333853</Token></General><Data></Data></Request>"}
[2019-09-12 16:23:04] 200 - OK - application/json
[2019-09-12 16:23:07] REQUEST GET - https://localhost:8082/controllo/scostamenti
[2019-09-12 16:23:07] ---- FROM  ::1 (WinNT)
[2019-09-12 16:23:07] ---- BROWSER:  Chrome 76.0 (Mozilla/5.0 (Windows NT 10.0; Win64; x64) AppleWebKit/537.36 (KHTML, like Gecko) Chrome/76.0.3809.132 Safari/537.36)
[2019-09-12 16:23:07] 200 - OK - text/html
[2019-09-12 16:23:08] REQUEST POST - https://localhost:8082/public/ws/Economics.asmx/messaggi_summary
[2019-09-12 16:23:08] ---- FROM  ::1 (WinNT)
[2019-09-12 16:23:08] ---- BROWSER:  Chrome 76.0 (Mozilla/5.0 (Windows NT 10.0; Win64; x64) AppleWebKit/537.36 (KHTML, like Gecko) Chrome/76.0.3809.132 Safari/537.36)
[2019-09-12 16:23:08] ---- CONTENT: {data : "<?xml version='1.0' encoding='utf-8' ?><Request ID='20190912162308315'><General><Token>21111141252224224017000011333853</Token></General><Data></Data></Request>"}
[2019-09-12 16:23:08] 200 - OK - application/json
[2019-09-12 16:23:08] REQUEST POST - https://localhost:8082/public/ws/Config.asmx/All_Get
[2019-09-12 16:23:08] ---- FROM  ::1 (WinNT)
[2019-09-12 16:23:08] ---- BROWSER:  Chrome 76.0 (Mozilla/5.0 (Windows NT 10.0; Win64; x64) AppleWebKit/537.36 (KHTML, like Gecko) Chrome/76.0.3809.132 Safari/537.36)
[2019-09-12 16:23:08] ---- CONTENT: {data : "<?xml version='1.0' encoding='utf-8' ?><Request ID='20190912162308365'><General><Token>21111141252224224017000011333853</Token></General><Data></Data></Request>"}
[2019-09-12 16:23:08] 200 - OK - application/json
[2019-09-12 16:23:08] REQUEST POST - https://localhost:8082/public/ws/Economics.asmx/messaggi_summary
[2019-09-12 16:23:08] ---- FROM  ::1 (WinNT)
[2019-09-12 16:23:08] ---- BROWSER:  Chrome 76.0 (Mozilla/5.0 (Windows NT 10.0; Win64; x64) AppleWebKit/537.36 (KHTML, like Gecko) Chrome/76.0.3809.132 Safari/537.36)
[2019-09-12 16:23:08] ---- CONTENT: {data : "<?xml version='1.0' encoding='utf-8' ?><Request ID='20190912162308400'><General><Token>21111141252224224017000011333853</Token></General><Data></Data></Request>"}
[2019-09-12 16:23:08] 200 - OK - application/json
[2019-09-12 16:23:08] REQUEST GET - https://localhost:8082/public/ws/Resources.ashx/xml-economics/21111141252224224017000011333853
[2019-09-12 16:23:08] ---- FROM  ::1 (WinNT)
[2019-09-12 16:23:08] ---- BROWSER:  Chrome 76.0 (Mozilla/5.0 (Windows NT 10.0; Win64; x64) AppleWebKit/537.36 (KHTML, like Gecko) Chrome/76.0.3809.132 Safari/537.36)
[2019-09-12 16:23:08] 200 - OK - text/xml
[2019-09-12 16:23:08] REQUEST POST - https://localhost:8082/public/ws/Config.asmx/All_Get
[2019-09-12 16:23:08] ---- FROM  ::1 (WinNT)
[2019-09-12 16:23:08] ---- BROWSER:  Chrome 76.0 (Mozilla/5.0 (Windows NT 10.0; Win64; x64) AppleWebKit/537.36 (KHTML, like Gecko) Chrome/76.0.3809.132 Safari/537.36)
[2019-09-12 16:23:08] ---- CONTENT: {data : "<?xml version='1.0' encoding='utf-8' ?><Request ID='20190912162308463'><General><Token>21111141252224224017000011333853</Token></General><Data></Data></Request>"}
[2019-09-12 16:23:08] 200 - OK - application/json
[2019-09-12 16:23:08] REQUEST POST - https://localhost:8082/public/ws/Config.asmx/All_Get
[2019-09-12 16:23:08] ---- FROM  ::1 (WinNT)
[2019-09-12 16:23:08] ---- BROWSER:  Chrome 76.0 (Mozilla/5.0 (Windows NT 10.0; Win64; x64) AppleWebKit/537.36 (KHTML, like Gecko) Chrome/76.0.3809.132 Safari/537.36)
[2019-09-12 16:23:08] ---- CONTENT: {data : "<?xml version='1.0' encoding='utf-8' ?><Request ID='20190912162308545'><General><Token>21111141252224224017000011333853</Token></General><Data></Data></Request>"}
[2019-09-12 16:23:08] 200 - OK - application/json
[2019-09-12 16:23:12] REQUEST GET - https://localhost:8082/controllo/forecast
[2019-09-12 16:23:12] ---- FROM  ::1 (WinNT)
[2019-09-12 16:23:12] ---- BROWSER:  Chrome 76.0 (Mozilla/5.0 (Windows NT 10.0; Win64; x64) AppleWebKit/537.36 (KHTML, like Gecko) Chrome/76.0.3809.132 Safari/537.36)
[2019-09-12 16:23:12] 200 - OK - text/html
[2019-09-12 16:23:12] REQUEST POST - https://localhost:8082/public/ws/Economics.asmx/messaggi_summary
[2019-09-12 16:23:12] ---- FROM  ::1 (WinNT)
[2019-09-12 16:23:12] ---- BROWSER:  Chrome 76.0 (Mozilla/5.0 (Windows NT 10.0; Win64; x64) AppleWebKit/537.36 (KHTML, like Gecko) Chrome/76.0.3809.132 Safari/537.36)
[2019-09-12 16:23:12] ---- CONTENT: {data : "<?xml version='1.0' encoding='utf-8' ?><Request ID='20190912162312608'><General><Token>21111141252224224017000011333853</Token></General><Data></Data></Request>"}
[2019-09-12 16:23:12] 200 - OK - application/json
[2019-09-12 16:23:12] REQUEST POST - https://localhost:8082/public/ws/Config.asmx/All_Get
[2019-09-12 16:23:12] ---- FROM  ::1 (WinNT)
[2019-09-12 16:23:12] ---- BROWSER:  Chrome 76.0 (Mozilla/5.0 (Windows NT 10.0; Win64; x64) AppleWebKit/537.36 (KHTML, like Gecko) Chrome/76.0.3809.132 Safari/537.36)
[2019-09-12 16:23:12] ---- CONTENT: {data : "<?xml version='1.0' encoding='utf-8' ?><Request ID='20190912162312638'><General><Token>21111141252224224017000011333853</Token></General><Data></Data></Request>"}
[2019-09-12 16:23:12] 200 - OK - application/json
[2019-09-12 16:23:12] REQUEST POST - https://localhost:8082/public/ws/Economics.asmx/messaggi_summary
[2019-09-12 16:23:12] ---- FROM  ::1 (WinNT)
[2019-09-12 16:23:12] ---- BROWSER:  Chrome 76.0 (Mozilla/5.0 (Windows NT 10.0; Win64; x64) AppleWebKit/537.36 (KHTML, like Gecko) Chrome/76.0.3809.132 Safari/537.36)
[2019-09-12 16:23:12] ---- CONTENT: {data : "<?xml version='1.0' encoding='utf-8' ?><Request ID='20190912162312674'><General><Token>21111141252224224017000011333853</Token></General><Data></Data></Request>"}
[2019-09-12 16:23:12] 200 - OK - application/json
[2019-09-12 16:23:12] REQUEST GET - https://localhost:8082/public/ws/Resources.ashx/xml-economics/21111141252224224017000011333853
[2019-09-12 16:23:12] ---- FROM  ::1 (WinNT)
[2019-09-12 16:23:12] ---- BROWSER:  Chrome 76.0 (Mozilla/5.0 (Windows NT 10.0; Win64; x64) AppleWebKit/537.36 (KHTML, like Gecko) Chrome/76.0.3809.132 Safari/537.36)
[2019-09-12 16:23:12] 200 - OK - text/xml
[2019-09-12 16:23:12] REQUEST POST - https://localhost:8082/public/ws/Config.asmx/All_Get
[2019-09-12 16:23:12] ---- FROM  ::1 (WinNT)
[2019-09-12 16:23:12] ---- BROWSER:  Chrome 76.0 (Mozilla/5.0 (Windows NT 10.0; Win64; x64) AppleWebKit/537.36 (KHTML, like Gecko) Chrome/76.0.3809.132 Safari/537.36)
[2019-09-12 16:23:12] ---- CONTENT: {data : "<?xml version='1.0' encoding='utf-8' ?><Request ID='20190912162312727'><General><Token>21111141252224224017000011333853</Token></General><Data></Data></Request>"}
[2019-09-12 16:23:12] 200 - OK - application/json
[2019-09-12 16:23:12] REQUEST POST - https://localhost:8082/public/ws/Config.asmx/All_Get
[2019-09-12 16:23:12] ---- FROM  ::1 (WinNT)
[2019-09-12 16:23:12] ---- BROWSER:  Chrome 76.0 (Mozilla/5.0 (Windows NT 10.0; Win64; x64) AppleWebKit/537.36 (KHTML, like Gecko) Chrome/76.0.3809.132 Safari/537.36)
[2019-09-12 16:23:12] ---- CONTENT: {data : "<?xml version='1.0' encoding='utf-8' ?><Request ID='20190912162312810'><General><Token>21111141252224224017000011333853</Token></General><Data></Data></Request>"}
[2019-09-12 16:23:12] 200 - OK - application/json
[2019-09-12 16:23:18] REQUEST GET - https://localhost:8082/controllo/crea
[2019-09-12 16:23:18] ---- FROM  ::1 (WinNT)
[2019-09-12 16:23:18] ---- BROWSER:  Chrome 76.0 (Mozilla/5.0 (Windows NT 10.0; Win64; x64) AppleWebKit/537.36 (KHTML, like Gecko) Chrome/76.0.3809.132 Safari/537.36)
[2019-09-12 16:23:18] 200 - OK - text/html
[2019-09-12 16:23:18] REQUEST POST - https://localhost:8082/public/ws/Economics.asmx/messaggi_summary
[2019-09-12 16:23:18] ---- FROM  ::1 (WinNT)
[2019-09-12 16:23:18] ---- BROWSER:  Chrome 76.0 (Mozilla/5.0 (Windows NT 10.0; Win64; x64) AppleWebKit/537.36 (KHTML, like Gecko) Chrome/76.0.3809.132 Safari/537.36)
[2019-09-12 16:23:18] ---- CONTENT: {data : "<?xml version='1.0' encoding='utf-8' ?><Request ID='20190912162318720'><General><Token>21111141252224224017000011333853</Token></General><Data></Data></Request>"}
[2019-09-12 16:23:18] 200 - OK - application/json
[2019-09-12 16:23:18] REQUEST GET - https://localhost:8082/public/ws/Resources.ashx/xml-economics/21111141252224224017000011333853
[2019-09-12 16:23:18] ---- FROM  ::1 (WinNT)
[2019-09-12 16:23:18] ---- BROWSER:  Chrome 76.0 (Mozilla/5.0 (Windows NT 10.0; Win64; x64) AppleWebKit/537.36 (KHTML, like Gecko) Chrome/76.0.3809.132 Safari/537.36)
[2019-09-12 16:23:18] REQUEST POST - https://localhost:8082/public/ws/Config.asmx/All_Get
[2019-09-12 16:23:18] ---- FROM  ::1 (WinNT)
[2019-09-12 16:23:18] ---- BROWSER:  Chrome 76.0 (Mozilla/5.0 (Windows NT 10.0; Win64; x64) AppleWebKit/537.36 (KHTML, like Gecko) Chrome/76.0.3809.132 Safari/537.36)
[2019-09-12 16:23:18] ---- CONTENT: {data : "<?xml version='1.0' encoding='utf-8' ?><Request ID='20190912162318761'><General><Token>21111141252224224017000011333853</Token></General><Data></Data></Request>"}
[2019-09-12 16:23:18] 200 - OK - text/xml
[2019-09-12 16:23:18] 200 - OK - application/json
[2019-09-12 16:23:18] REQUEST POST - https://localhost:8082/public/ws/Economics.asmx/messaggi_summary
[2019-09-12 16:23:18] ---- FROM  ::1 (WinNT)
[2019-09-12 16:23:18] ---- BROWSER:  Chrome 76.0 (Mozilla/5.0 (Windows NT 10.0; Win64; x64) AppleWebKit/537.36 (KHTML, like Gecko) Chrome/76.0.3809.132 Safari/537.36)
[2019-09-12 16:23:18] ---- CONTENT: {data : "<?xml version='1.0' encoding='utf-8' ?><Request ID='20190912162318800'><General><Token>21111141252224224017000011333853</Token></General><Data></Data></Request>"}
[2019-09-12 16:23:18] 200 - OK - application/json
[2019-09-12 16:23:18] REQUEST POST - https://localhost:8082/public/ws/Config.asmx/All_Get
[2019-09-12 16:23:18] ---- FROM  ::1 (WinNT)
[2019-09-12 16:23:18] ---- BROWSER:  Chrome 76.0 (Mozilla/5.0 (Windows NT 10.0; Win64; x64) AppleWebKit/537.36 (KHTML, like Gecko) Chrome/76.0.3809.132 Safari/537.36)
[2019-09-12 16:23:18] ---- CONTENT: {data : "<?xml version='1.0' encoding='utf-8' ?><Request ID='20190912162318846'><General><Token>21111141252224224017000011333853</Token></General><Data></Data></Request>"}
[2019-09-12 16:23:18] 200 - OK - application/json
[2019-09-12 16:23:18] REQUEST POST - https://localhost:8082/public/ws/Config.asmx/All_Get
[2019-09-12 16:23:18] ---- FROM  ::1 (WinNT)
[2019-09-12 16:23:18] ---- BROWSER:  Chrome 76.0 (Mozilla/5.0 (Windows NT 10.0; Win64; x64) AppleWebKit/537.36 (KHTML, like Gecko) Chrome/76.0.3809.132 Safari/537.36)
[2019-09-12 16:23:18] ---- CONTENT: {data : "<?xml version='1.0' encoding='utf-8' ?><Request ID='20190912162318898'><General><Token>21111141252224224017000011333853</Token></General><Data></Data></Request>"}
[2019-09-12 16:23:18] 200 - OK - application/json
[2019-09-12 16:25:37] REQUEST GET - https://localhost:8082/settings/settings
[2019-09-12 16:25:37] ---- FROM  ::1 (WinNT)
[2019-09-12 16:25:37] ---- BROWSER:  Chrome 76.0 (Mozilla/5.0 (Windows NT 10.0; Win64; x64) AppleWebKit/537.36 (KHTML, like Gecko) Chrome/76.0.3809.132 Safari/537.36)
[2019-09-12 16:25:37] 200 - OK - text/html
[2019-09-12 16:25:38] REQUEST POST - https://localhost:8082/public/ws/General.asmx/Set
[2019-09-12 16:25:38] ---- FROM  ::1 (WinNT)
[2019-09-12 16:25:38] ---- BROWSER:  Chrome 76.0 (Mozilla/5.0 (Windows NT 10.0; Win64; x64) AppleWebKit/537.36 (KHTML, like Gecko) Chrome/76.0.3809.132 Safari/537.36)
[2019-09-12 16:25:38] ---- CONTENT: {data : "<?xml version='1.0' encoding='utf-8' ?><Request ID='20190912162538311'><General><Token>21111141252224224017000011333853</Token></General><Data><Nome></Nome><Logo>https%3A%2F%2Flocalhost%3A8082%2Fscratch%2Fpl_logo.png</Logo></Data></Request>"}
[2019-09-12 16:25:38] 200 - OK - application/json
[2019-09-12 16:25:38] REQUEST POST - https://localhost:8082/public/ws/Config.asmx/General_Get
[2019-09-12 16:25:38] ---- FROM  ::1 (WinNT)
[2019-09-12 16:25:38] ---- BROWSER:  Chrome 76.0 (Mozilla/5.0 (Windows NT 10.0; Win64; x64) AppleWebKit/537.36 (KHTML, like Gecko) Chrome/76.0.3809.132 Safari/537.36)
[2019-09-12 16:25:38] ---- CONTENT: {data : "<?xml version='1.0' encoding='utf-8' ?><Request ID='20190912162538341'><General><Token>21111141252224224017000011333853</Token></General><Data></Data></Request>"}
[2019-09-12 16:25:38] 200 - OK - application/json
[2019-09-12 16:25:38] REQUEST POST - https://localhost:8082/public/ws/Config.asmx/All_Get
[2019-09-12 16:25:38] ---- FROM  ::1 (WinNT)
[2019-09-12 16:25:38] ---- BROWSER:  Chrome 76.0 (Mozilla/5.0 (Windows NT 10.0; Win64; x64) AppleWebKit/537.36 (KHTML, like Gecko) Chrome/76.0.3809.132 Safari/537.36)
[2019-09-12 16:25:38] ---- CONTENT: {data : "<?xml version='1.0' encoding='utf-8' ?><Request ID='20190912162538410'><General><Token>21111141252224224017000011333853</Token></General><Data></Data></Request>"}
[2019-09-12 16:25:38] 200 - OK - application/json
[2019-09-12 16:25:38] REQUEST POST - https://localhost:8082/public/ws/Economics.asmx/messaggi_summary
[2019-09-12 16:25:38] ---- FROM  ::1 (WinNT)
[2019-09-12 16:25:38] ---- BROWSER:  Chrome 76.0 (Mozilla/5.0 (Windows NT 10.0; Win64; x64) AppleWebKit/537.36 (KHTML, like Gecko) Chrome/76.0.3809.132 Safari/537.36)
[2019-09-12 16:25:38] ---- CONTENT: {data : "<?xml version='1.0' encoding='utf-8' ?><Request ID='20190912162538437'><General><Token>21111141252224224017000011333853</Token></General><Data></Data></Request>"}
[2019-09-12 16:25:38] 200 - OK - application/json
[2019-09-12 16:25:38] REQUEST POST - https://localhost:8082/public/ws/Config.asmx/All_Get
[2019-09-12 16:25:38] ---- FROM  ::1 (WinNT)
[2019-09-12 16:25:38] ---- BROWSER:  Chrome 76.0 (Mozilla/5.0 (Windows NT 10.0; Win64; x64) AppleWebKit/537.36 (KHTML, like Gecko) Chrome/76.0.3809.132 Safari/537.36)
[2019-09-12 16:25:38] ---- CONTENT: {data : "<?xml version='1.0' encoding='utf-8' ?><Request ID='20190912162538492'><General><Token>21111141252224224017000011333853</Token></General><Data></Data></Request>"}
[2019-09-12 16:25:38] 200 - OK - application/json
[2019-09-12 16:25:38] REQUEST POST - https://localhost:8082/public/ws/Config.asmx/All_Get
[2019-09-12 16:25:38] ---- FROM  ::1 (WinNT)
[2019-09-12 16:25:38] ---- BROWSER:  Chrome 76.0 (Mozilla/5.0 (Windows NT 10.0; Win64; x64) AppleWebKit/537.36 (KHTML, like Gecko) Chrome/76.0.3809.132 Safari/537.36)
[2019-09-12 16:25:38] ---- CONTENT: {data : "<?xml version='1.0' encoding='utf-8' ?><Request ID='20190912162538631'><General><Token>21111141252224224017000011333853</Token></General><Data></Data></Request>"}
[2019-09-12 16:25:38] REQUEST GET - https://localhost:8082/public/ws/Resources.ashx/xml-general
[2019-09-12 16:25:38] ---- FROM  ::1 (WinNT)
[2019-09-12 16:25:38] ---- BROWSER:  Chrome 76.0 (Mozilla/5.0 (Windows NT 10.0; Win64; x64) AppleWebKit/537.36 (KHTML, like Gecko) Chrome/76.0.3809.132 Safari/537.36)
[2019-09-12 16:25:38] 200 - OK - application/json
[2019-09-12 16:25:38] 200 - OK - text/xml
[2019-09-12 16:25:38] REQUEST GET - https://localhost:8082/public/ws/Resources.ashx/xml-general
[2019-09-12 16:25:38] ---- FROM  ::1 (WinNT)
[2019-09-12 16:25:38] ---- BROWSER:  Chrome 76.0 (Mozilla/5.0 (Windows NT 10.0; Win64; x64) AppleWebKit/537.36 (KHTML, like Gecko) Chrome/76.0.3809.132 Safari/537.36)
[2019-09-12 16:25:38] 200 - OK - text/xml
[2019-09-12 16:25:42] REQUEST GET - https://localhost:8082/qa/qualitativa
[2019-09-12 16:25:42] ---- FROM  ::1 (WinNT)
[2019-09-12 16:25:42] ---- BROWSER:  Chrome 76.0 (Mozilla/5.0 (Windows NT 10.0; Win64; x64) AppleWebKit/537.36 (KHTML, like Gecko) Chrome/76.0.3809.132 Safari/537.36)
[2019-09-12 16:25:42] 200 - OK - text/html
[2019-09-12 16:25:42] REQUEST POST - https://localhost:8082/public/ws/QAnalysis.asmx/Get
[2019-09-12 16:25:42] ---- FROM  ::1 (WinNT)
[2019-09-12 16:25:42] ---- BROWSER:  Chrome 76.0 (Mozilla/5.0 (Windows NT 10.0; Win64; x64) AppleWebKit/537.36 (KHTML, like Gecko) Chrome/76.0.3809.132 Safari/537.36)
[2019-09-12 16:25:42] ---- CONTENT: {data : "<?xml version='1.0' encoding='utf-8' ?><Request ID='20190912162542806'><General><Token>21111141252224224017000011333853</Token></General><Data></Data></Request>"}
[2019-09-12 16:25:42] 200 - OK - application/json
[2019-09-12 16:25:42] REQUEST POST - https://localhost:8082/public/ws/Config.asmx/All_Get
[2019-09-12 16:25:42] ---- FROM  ::1 (WinNT)
[2019-09-12 16:25:42] ---- BROWSER:  Chrome 76.0 (Mozilla/5.0 (Windows NT 10.0; Win64; x64) AppleWebKit/537.36 (KHTML, like Gecko) Chrome/76.0.3809.132 Safari/537.36)
[2019-09-12 16:25:42] ---- CONTENT: {data : "<?xml version='1.0' encoding='utf-8' ?><Request ID='20190912162542894'><General><Token>21111141252224224017000011333853</Token></General><Data></Data></Request>"}
[2019-09-12 16:25:42] 200 - OK - application/json
[2019-09-12 16:25:42] REQUEST POST - https://localhost:8082/public/ws/Economics.asmx/messaggi_summary
[2019-09-12 16:25:42] ---- FROM  ::1 (WinNT)
[2019-09-12 16:25:42] ---- BROWSER:  Chrome 76.0 (Mozilla/5.0 (Windows NT 10.0; Win64; x64) AppleWebKit/537.36 (KHTML, like Gecko) Chrome/76.0.3809.132 Safari/537.36)
[2019-09-12 16:25:42] ---- CONTENT: {data : "<?xml version='1.0' encoding='utf-8' ?><Request ID='20190912162542930'><General><Token>21111141252224224017000011333853</Token></General><Data></Data></Request>"}
[2019-09-12 16:25:42] 200 - OK - application/json
[2019-09-12 16:25:42] REQUEST POST - https://localhost:8082/public/ws/Config.asmx/All_Get
[2019-09-12 16:25:42] ---- FROM  ::1 (WinNT)
[2019-09-12 16:25:42] ---- BROWSER:  Chrome 76.0 (Mozilla/5.0 (Windows NT 10.0; Win64; x64) AppleWebKit/537.36 (KHTML, like Gecko) Chrome/76.0.3809.132 Safari/537.36)
[2019-09-12 16:25:42] ---- CONTENT: {data : "<?xml version='1.0' encoding='utf-8' ?><Request ID='20190912162542987'><General><Token>21111141252224224017000011333853</Token></General><Data></Data></Request>"}
[2019-09-12 16:25:43] 200 - OK - application/json
[2019-09-12 16:25:43] REQUEST POST - https://localhost:8082/public/ws/Config.asmx/All_Get
[2019-09-12 16:25:43] ---- FROM  ::1 (WinNT)
[2019-09-12 16:25:43] ---- BROWSER:  Chrome 76.0 (Mozilla/5.0 (Windows NT 10.0; Win64; x64) AppleWebKit/537.36 (KHTML, like Gecko) Chrome/76.0.3809.132 Safari/537.36)
[2019-09-12 16:25:43] ---- CONTENT: {data : "<?xml version='1.0' encoding='utf-8' ?><Request ID='20190912162543101'><General><Token>21111141252224224017000011333853</Token></General><Data></Data></Request>"}
[2019-09-12 16:25:43] REQUEST GET - https://localhost:8082/public/ws/Resources.ashx/xml-qa
[2019-09-12 16:25:43] ---- FROM  ::1 (WinNT)
[2019-09-12 16:25:43] ---- BROWSER:  Chrome 76.0 (Mozilla/5.0 (Windows NT 10.0; Win64; x64) AppleWebKit/537.36 (KHTML, like Gecko) Chrome/76.0.3809.132 Safari/537.36)
[2019-09-12 16:25:43] 200 - OK - text/xml
[2019-09-12 16:25:43] 200 - OK - application/json
[2019-09-12 16:25:43] REQUEST GET - https://localhost:8082/public/ws/Resources.ashx/xml-qa
[2019-09-12 16:25:43] ---- FROM  ::1 (WinNT)
[2019-09-12 16:25:43] ---- BROWSER:  Chrome 76.0 (Mozilla/5.0 (Windows NT 10.0; Win64; x64) AppleWebKit/537.36 (KHTML, like Gecko) Chrome/76.0.3809.132 Safari/537.36)
[2019-09-12 16:25:43] 200 - OK - text/xml
[2019-09-12 16:25:43] REQUEST GET - https://localhost:8082/public/ws/Resources.ashx/xml-qa
[2019-09-12 16:25:43] ---- FROM  ::1 (WinNT)
[2019-09-12 16:25:43] ---- BROWSER:  Chrome 76.0 (Mozilla/5.0 (Windows NT 10.0; Win64; x64) AppleWebKit/537.36 (KHTML, like Gecko) Chrome/76.0.3809.132 Safari/537.36)
[2019-09-12 16:25:43] 200 - OK - text/xml
[2019-09-12 16:25:43] REQUEST GET - https://localhost:8082/public/ws/Resources.ashx/xml-qa
[2019-09-12 16:25:43] ---- FROM  ::1 (WinNT)
[2019-09-12 16:25:43] ---- BROWSER:  Chrome 76.0 (Mozilla/5.0 (Windows NT 10.0; Win64; x64) AppleWebKit/537.36 (KHTML, like Gecko) Chrome/76.0.3809.132 Safari/537.36)
[2019-09-12 16:25:43] 200 - OK - text/xml
[2019-09-12 16:25:43] REQUEST GET - https://localhost:8082/public/ws/Resources.ashx/xml-qa
[2019-09-12 16:25:43] ---- FROM  ::1 (WinNT)
[2019-09-12 16:25:43] ---- BROWSER:  Chrome 76.0 (Mozilla/5.0 (Windows NT 10.0; Win64; x64) AppleWebKit/537.36 (KHTML, like Gecko) Chrome/76.0.3809.132 Safari/537.36)
[2019-09-12 16:25:43] 200 - OK - text/xml
[2019-09-12 16:25:43] REQUEST GET - https://localhost:8082/public/ws/Resources.ashx/xml-qa
[2019-09-12 16:25:43] ---- FROM  ::1 (WinNT)
[2019-09-12 16:25:43] ---- BROWSER:  Chrome 76.0 (Mozilla/5.0 (Windows NT 10.0; Win64; x64) AppleWebKit/537.36 (KHTML, like Gecko) Chrome/76.0.3809.132 Safari/537.36)
[2019-09-12 16:25:43] 200 - OK - text/xml
[2019-09-12 16:25:43] REQUEST GET - https://localhost:8082/public/ws/Resources.ashx/xml-qa
[2019-09-12 16:25:43] ---- FROM  ::1 (WinNT)
[2019-09-12 16:25:43] ---- BROWSER:  Chrome 76.0 (Mozilla/5.0 (Windows NT 10.0; Win64; x64) AppleWebKit/537.36 (KHTML, like Gecko) Chrome/76.0.3809.132 Safari/537.36)
[2019-09-12 16:25:43] 200 - OK - text/xml
[2019-09-12 16:25:43] REQUEST GET - https://localhost:8082/public/ws/Resources.ashx/xml-qa
[2019-09-12 16:25:43] ---- FROM  ::1 (WinNT)
[2019-09-12 16:25:43] ---- BROWSER:  Chrome 76.0 (Mozilla/5.0 (Windows NT 10.0; Win64; x64) AppleWebKit/537.36 (KHTML, like Gecko) Chrome/76.0.3809.132 Safari/537.36)
[2019-09-12 16:25:43] 200 - OK - text/xml
[2019-09-12 16:25:43] REQUEST GET - https://localhost:8082/public/ws/Resources.ashx/xml-qa
[2019-09-12 16:25:43] ---- FROM  ::1 (WinNT)
[2019-09-12 16:25:43] ---- BROWSER:  Chrome 76.0 (Mozilla/5.0 (Windows NT 10.0; Win64; x64) AppleWebKit/537.36 (KHTML, like Gecko) Chrome/76.0.3809.132 Safari/537.36)
[2019-09-12 16:25:43] 200 - OK - text/xml
[2019-09-12 16:25:43] REQUEST GET - https://localhost:8082/public/ws/Resources.ashx/xml-qa
[2019-09-12 16:25:43] ---- FROM  ::1 (WinNT)
[2019-09-12 16:25:43] ---- BROWSER:  Chrome 76.0 (Mozilla/5.0 (Windows NT 10.0; Win64; x64) AppleWebKit/537.36 (KHTML, like Gecko) Chrome/76.0.3809.132 Safari/537.36)
[2019-09-12 16:25:43] 200 - OK - text/xml
[2019-09-12 16:25:43] REQUEST GET - https://localhost:8082/public/ws/Resources.ashx/xml-qa
[2019-09-12 16:25:43] ---- FROM  ::1 (WinNT)
[2019-09-12 16:25:43] ---- BROWSER:  Chrome 76.0 (Mozilla/5.0 (Windows NT 10.0; Win64; x64) AppleWebKit/537.36 (KHTML, like Gecko) Chrome/76.0.3809.132 Safari/537.36)
[2019-09-12 16:25:43] 200 - OK - text/xml
[2019-09-12 16:25:43] REQUEST GET - https://localhost:8082/public/ws/Resources.ashx/xml-qa
[2019-09-12 16:25:43] ---- FROM  ::1 (WinNT)
[2019-09-12 16:25:43] ---- BROWSER:  Chrome 76.0 (Mozilla/5.0 (Windows NT 10.0; Win64; x64) AppleWebKit/537.36 (KHTML, like Gecko) Chrome/76.0.3809.132 Safari/537.36)
[2019-09-12 16:25:43] 200 - OK - text/xml
[2019-09-12 16:25:43] REQUEST GET - https://localhost:8082/public/ws/Resources.ashx/xml-qa
[2019-09-12 16:25:43] ---- FROM  ::1 (WinNT)
[2019-09-12 16:25:43] ---- BROWSER:  Chrome 76.0 (Mozilla/5.0 (Windows NT 10.0; Win64; x64) AppleWebKit/537.36 (KHTML, like Gecko) Chrome/76.0.3809.132 Safari/537.36)
[2019-09-12 16:25:43] 200 - OK - text/xml
[2019-09-12 16:25:43] REQUEST GET - https://localhost:8082/public/ws/Resources.ashx/xml-qa
[2019-09-12 16:25:43] ---- FROM  ::1 (WinNT)
[2019-09-12 16:25:43] ---- BROWSER:  Chrome 76.0 (Mozilla/5.0 (Windows NT 10.0; Win64; x64) AppleWebKit/537.36 (KHTML, like Gecko) Chrome/76.0.3809.132 Safari/537.36)
[2019-09-12 16:25:43] 200 - OK - text/xml
[2019-09-12 16:25:43] REQUEST GET - https://localhost:8082/public/ws/Resources.ashx/xml-qa
[2019-09-12 16:25:43] ---- FROM  ::1 (WinNT)
[2019-09-12 16:25:43] ---- BROWSER:  Chrome 76.0 (Mozilla/5.0 (Windows NT 10.0; Win64; x64) AppleWebKit/537.36 (KHTML, like Gecko) Chrome/76.0.3809.132 Safari/537.36)
[2019-09-12 16:25:43] 200 - OK - text/xml
[2019-09-12 16:25:43] REQUEST GET - https://localhost:8082/public/ws/Resources.ashx/xml-qa
[2019-09-12 16:25:43] ---- FROM  ::1 (WinNT)
[2019-09-12 16:25:43] ---- BROWSER:  Chrome 76.0 (Mozilla/5.0 (Windows NT 10.0; Win64; x64) AppleWebKit/537.36 (KHTML, like Gecko) Chrome/76.0.3809.132 Safari/537.36)
[2019-09-12 16:25:43] 200 - OK - text/xml
[2019-09-12 16:25:43] REQUEST GET - https://localhost:8082/public/ws/Resources.ashx/xml-qa
[2019-09-12 16:25:43] ---- FROM  ::1 (WinNT)
[2019-09-12 16:25:43] ---- BROWSER:  Chrome 76.0 (Mozilla/5.0 (Windows NT 10.0; Win64; x64) AppleWebKit/537.36 (KHTML, like Gecko) Chrome/76.0.3809.132 Safari/537.36)
[2019-09-12 16:25:43] 200 - OK - text/xml
[2019-09-12 16:25:43] REQUEST GET - https://localhost:8082/public/ws/Resources.ashx/xml-qa
[2019-09-12 16:25:43] ---- FROM  ::1 (WinNT)
[2019-09-12 16:25:43] ---- BROWSER:  Chrome 76.0 (Mozilla/5.0 (Windows NT 10.0; Win64; x64) AppleWebKit/537.36 (KHTML, like Gecko) Chrome/76.0.3809.132 Safari/537.36)
[2019-09-12 16:25:43] 200 - OK - text/xml
[2019-09-12 16:25:43] REQUEST GET - https://localhost:8082/public/ws/Resources.ashx/xml-qa
[2019-09-12 16:25:43] ---- FROM  ::1 (WinNT)
[2019-09-12 16:25:43] ---- BROWSER:  Chrome 76.0 (Mozilla/5.0 (Windows NT 10.0; Win64; x64) AppleWebKit/537.36 (KHTML, like Gecko) Chrome/76.0.3809.132 Safari/537.36)
[2019-09-12 16:25:43] 200 - OK - text/xml
[2019-09-12 16:25:43] REQUEST GET - https://localhost:8082/public/ws/Resources.ashx/xml-qa
[2019-09-12 16:25:43] ---- FROM  ::1 (WinNT)
[2019-09-12 16:25:43] ---- BROWSER:  Chrome 76.0 (Mozilla/5.0 (Windows NT 10.0; Win64; x64) AppleWebKit/537.36 (KHTML, like Gecko) Chrome/76.0.3809.132 Safari/537.36)
[2019-09-12 16:25:43] 200 - OK - text/xml
[2019-09-12 16:25:43] REQUEST GET - https://localhost:8082/public/ws/Resources.ashx/xml-qa
[2019-09-12 16:25:43] ---- FROM  ::1 (WinNT)
[2019-09-12 16:25:43] ---- BROWSER:  Chrome 76.0 (Mozilla/5.0 (Windows NT 10.0; Win64; x64) AppleWebKit/537.36 (KHTML, like Gecko) Chrome/76.0.3809.132 Safari/537.36)
[2019-09-12 16:25:43] 200 - OK - text/xml
[2019-09-12 16:25:43] REQUEST GET - https://localhost:8082/public/ws/Resources.ashx/xml-qa
[2019-09-12 16:25:43] ---- FROM  ::1 (WinNT)
[2019-09-12 16:25:43] ---- BROWSER:  Chrome 76.0 (Mozilla/5.0 (Windows NT 10.0; Win64; x64) AppleWebKit/537.36 (KHTML, like Gecko) Chrome/76.0.3809.132 Safari/537.36)
[2019-09-12 16:25:43] 200 - OK - text/xml
[2019-09-12 16:25:43] REQUEST GET - https://localhost:8082/public/ws/Resources.ashx/xml-qa
[2019-09-12 16:25:43] ---- FROM  ::1 (WinNT)
[2019-09-12 16:25:43] ---- BROWSER:  Chrome 76.0 (Mozilla/5.0 (Windows NT 10.0; Win64; x64) AppleWebKit/537.36 (KHTML, like Gecko) Chrome/76.0.3809.132 Safari/537.36)
[2019-09-12 16:25:43] 200 - OK - text/xml
[2019-09-12 16:25:43] REQUEST GET - https://localhost:8082/public/ws/Resources.ashx/xml-qa
[2019-09-12 16:25:43] ---- FROM  ::1 (WinNT)
[2019-09-12 16:25:43] ---- BROWSER:  Chrome 76.0 (Mozilla/5.0 (Windows NT 10.0; Win64; x64) AppleWebKit/537.36 (KHTML, like Gecko) Chrome/76.0.3809.132 Safari/537.36)
[2019-09-12 16:25:43] 200 - OK - text/xml
[2019-09-12 16:25:43] REQUEST GET - https://localhost:8082/public/ws/Resources.ashx/xml-qa
[2019-09-12 16:25:43] ---- FROM  ::1 (WinNT)
[2019-09-12 16:25:43] ---- BROWSER:  Chrome 76.0 (Mozilla/5.0 (Windows NT 10.0; Win64; x64) AppleWebKit/537.36 (KHTML, like Gecko) Chrome/76.0.3809.132 Safari/537.36)
[2019-09-12 16:25:43] 200 - OK - text/xml
[2019-09-12 16:25:43] REQUEST GET - https://localhost:8082/public/ws/Resources.ashx/xml-qa
[2019-09-12 16:25:43] ---- FROM  ::1 (WinNT)
[2019-09-12 16:25:43] ---- BROWSER:  Chrome 76.0 (Mozilla/5.0 (Windows NT 10.0; Win64; x64) AppleWebKit/537.36 (KHTML, like Gecko) Chrome/76.0.3809.132 Safari/537.36)
[2019-09-12 16:25:43] 200 - OK - text/xml
[2019-09-12 16:25:43] REQUEST GET - https://localhost:8082/public/ws/Resources.ashx/xml-qa
[2019-09-12 16:25:43] ---- FROM  ::1 (WinNT)
[2019-09-12 16:25:43] ---- BROWSER:  Chrome 76.0 (Mozilla/5.0 (Windows NT 10.0; Win64; x64) AppleWebKit/537.36 (KHTML, like Gecko) Chrome/76.0.3809.132 Safari/537.36)
[2019-09-12 16:25:43] 200 - OK - text/xml
[2019-09-12 16:25:43] REQUEST GET - https://localhost:8082/public/ws/Resources.ashx/xml-qa
[2019-09-12 16:25:43] ---- FROM  ::1 (WinNT)
[2019-09-12 16:25:43] ---- BROWSER:  Chrome 76.0 (Mozilla/5.0 (Windows NT 10.0; Win64; x64) AppleWebKit/537.36 (KHTML, like Gecko) Chrome/76.0.3809.132 Safari/537.36)
[2019-09-12 16:25:43] 200 - OK - text/xml
[2019-09-12 16:25:43] REQUEST GET - https://localhost:8082/public/ws/Resources.ashx/xml-qa
[2019-09-12 16:25:43] ---- FROM  ::1 (WinNT)
[2019-09-12 16:25:43] ---- BROWSER:  Chrome 76.0 (Mozilla/5.0 (Windows NT 10.0; Win64; x64) AppleWebKit/537.36 (KHTML, like Gecko) Chrome/76.0.3809.132 Safari/537.36)
[2019-09-12 16:25:43] 200 - OK - text/xml
[2019-09-12 16:25:43] REQUEST GET - https://localhost:8082/public/ws/Resources.ashx/xml-qa
[2019-09-12 16:25:43] ---- FROM  ::1 (WinNT)
[2019-09-12 16:25:43] ---- BROWSER:  Chrome 76.0 (Mozilla/5.0 (Windows NT 10.0; Win64; x64) AppleWebKit/537.36 (KHTML, like Gecko) Chrome/76.0.3809.132 Safari/537.36)
[2019-09-12 16:25:43] 200 - OK - text/xml
[2019-09-12 16:25:43] REQUEST GET - https://localhost:8082/public/ws/Resources.ashx/xml-qa
[2019-09-12 16:25:43] ---- FROM  ::1 (WinNT)
[2019-09-12 16:25:43] ---- BROWSER:  Chrome 76.0 (Mozilla/5.0 (Windows NT 10.0; Win64; x64) AppleWebKit/537.36 (KHTML, like Gecko) Chrome/76.0.3809.132 Safari/537.36)
[2019-09-12 16:25:43] 200 - OK - text/xml
[2019-09-12 16:25:43] REQUEST GET - https://localhost:8082/public/ws/Resources.ashx/xml-qa
[2019-09-12 16:25:43] ---- FROM  ::1 (WinNT)
[2019-09-12 16:25:43] ---- BROWSER:  Chrome 76.0 (Mozilla/5.0 (Windows NT 10.0; Win64; x64) AppleWebKit/537.36 (KHTML, like Gecko) Chrome/76.0.3809.132 Safari/537.36)
[2019-09-12 16:25:43] 200 - OK - text/xml
[2019-09-12 16:25:43] REQUEST GET - https://localhost:8082/public/ws/Resources.ashx/xml-qa
[2019-09-12 16:25:43] ---- FROM  ::1 (WinNT)
[2019-09-12 16:25:43] ---- BROWSER:  Chrome 76.0 (Mozilla/5.0 (Windows NT 10.0; Win64; x64) AppleWebKit/537.36 (KHTML, like Gecko) Chrome/76.0.3809.132 Safari/537.36)
[2019-09-12 16:25:43] 200 - OK - text/xml
[2019-09-12 16:25:43] REQUEST GET - https://localhost:8082/public/ws/Resources.ashx/xml-qa
[2019-09-12 16:25:43] ---- FROM  ::1 (WinNT)
[2019-09-12 16:25:43] ---- BROWSER:  Chrome 76.0 (Mozilla/5.0 (Windows NT 10.0; Win64; x64) AppleWebKit/537.36 (KHTML, like Gecko) Chrome/76.0.3809.132 Safari/537.36)
[2019-09-12 16:25:43] 200 - OK - text/xml
[2019-09-12 16:25:43] REQUEST GET - https://localhost:8082/public/ws/Resources.ashx/xml-qa
[2019-09-12 16:25:43] ---- FROM  ::1 (WinNT)
[2019-09-12 16:25:43] ---- BROWSER:  Chrome 76.0 (Mozilla/5.0 (Windows NT 10.0; Win64; x64) AppleWebKit/537.36 (KHTML, like Gecko) Chrome/76.0.3809.132 Safari/537.36)
[2019-09-12 16:25:43] 200 - OK - text/xml
[2019-09-12 16:25:46] REQUEST GET - https://localhost:8082/economics/messaggi
[2019-09-12 16:25:46] ---- FROM  ::1 (WinNT)
[2019-09-12 16:25:46] ---- BROWSER:  Chrome 76.0 (Mozilla/5.0 (Windows NT 10.0; Win64; x64) AppleWebKit/537.36 (KHTML, like Gecko) Chrome/76.0.3809.132 Safari/537.36)
[2019-09-12 16:25:46] 200 - OK - text/html
[2019-09-12 16:25:47] REQUEST POST - https://localhost:8082/public/ws/Economics.asmx/messaggi
[2019-09-12 16:25:47] ---- FROM  ::1 (WinNT)
[2019-09-12 16:25:47] ---- BROWSER:  Chrome 76.0 (Mozilla/5.0 (Windows NT 10.0; Win64; x64) AppleWebKit/537.36 (KHTML, like Gecko) Chrome/76.0.3809.132 Safari/537.36)
[2019-09-12 16:25:47] ---- CONTENT: {data : "<?xml version='1.0' encoding='utf-8' ?><Request ID='20190912162547547'><General><Token>21111141252224224017000011333853</Token></General><Data></Data></Request>"}
[2019-09-12 16:25:47] 200 - OK - application/json
[2019-09-12 16:25:47] REQUEST POST - https://localhost:8082/public/ws/Config.asmx/All_Get
[2019-09-12 16:25:47] ---- FROM  ::1 (WinNT)
[2019-09-12 16:25:47] ---- BROWSER:  Chrome 76.0 (Mozilla/5.0 (Windows NT 10.0; Win64; x64) AppleWebKit/537.36 (KHTML, like Gecko) Chrome/76.0.3809.132 Safari/537.36)
[2019-09-12 16:25:47] ---- CONTENT: {data : "<?xml version='1.0' encoding='utf-8' ?><Request ID='20190912162547602'><General><Token>21111141252224224017000011333853</Token></General><Data></Data></Request>"}
[2019-09-12 16:25:47] REQUEST POST - https://localhost:8082/public/ws/Economics.asmx/messaggi_summary
[2019-09-12 16:25:47] ---- FROM  ::1 (WinNT)
[2019-09-12 16:25:47] ---- BROWSER:  Chrome 76.0 (Mozilla/5.0 (Windows NT 10.0; Win64; x64) AppleWebKit/537.36 (KHTML, like Gecko) Chrome/76.0.3809.132 Safari/537.36)
[2019-09-12 16:25:47] ---- CONTENT: {data : "<?xml version='1.0' encoding='utf-8' ?><Request ID='20190912162547622'><General><Token>21111141252224224017000011333853</Token></General><Data></Data></Request>"}
[2019-09-12 16:25:47] 200 - OK - application/json
[2019-09-12 16:25:47] 200 - OK - application/json
[2019-09-12 16:25:47] REQUEST GET - https://localhost:8082/public/ws/Resources.ashx/xml-economics/21111141252224224017000011333853
[2019-09-12 16:25:47] ---- FROM  ::1 (WinNT)
[2019-09-12 16:25:47] ---- BROWSER:  Chrome 76.0 (Mozilla/5.0 (Windows NT 10.0; Win64; x64) AppleWebKit/537.36 (KHTML, like Gecko) Chrome/76.0.3809.132 Safari/537.36)
[2019-09-12 16:25:47] 200 - OK - text/xml
[2019-09-12 16:25:47] REQUEST POST - https://localhost:8082/public/ws/Config.asmx/All_Get
[2019-09-12 16:25:47] ---- FROM  ::1 (WinNT)
[2019-09-12 16:25:47] ---- BROWSER:  Chrome 76.0 (Mozilla/5.0 (Windows NT 10.0; Win64; x64) AppleWebKit/537.36 (KHTML, like Gecko) Chrome/76.0.3809.132 Safari/537.36)
[2019-09-12 16:25:47] ---- CONTENT: {data : "<?xml version='1.0' encoding='utf-8' ?><Request ID='20190912162547659'><General><Token>21111141252224224017000011333853</Token></General><Data></Data></Request>"}
[2019-09-12 16:25:47] 200 - OK - application/json
[2019-09-12 16:25:47] REQUEST POST - https://localhost:8082/public/ws/Config.asmx/All_Get
[2019-09-12 16:25:47] ---- FROM  ::1 (WinNT)
[2019-09-12 16:25:47] ---- BROWSER:  Chrome 76.0 (Mozilla/5.0 (Windows NT 10.0; Win64; x64) AppleWebKit/537.36 (KHTML, like Gecko) Chrome/76.0.3809.132 Safari/537.36)
[2019-09-12 16:25:47] ---- CONTENT: {data : "<?xml version='1.0' encoding='utf-8' ?><Request ID='20190912162547772'><General><Token>21111141252224224017000011333853</Token></General><Data></Data></Request>"}
[2019-09-12 16:25:47] 200 - OK - application/json
[2019-09-12 16:25:52] REQUEST GET - https://localhost:8082/settings/settings
[2019-09-12 16:25:52] ---- FROM  ::1 (WinNT)
[2019-09-12 16:25:52] ---- BROWSER:  Chrome 76.0 (Mozilla/5.0 (Windows NT 10.0; Win64; x64) AppleWebKit/537.36 (KHTML, like Gecko) Chrome/76.0.3809.132 Safari/537.36)
[2019-09-12 16:25:52] 200 - OK - text/html
[2019-09-12 16:25:53] REQUEST POST - https://localhost:8082/public/ws/General.asmx/Set
[2019-09-12 16:25:53] ---- FROM  ::1 (WinNT)
[2019-09-12 16:25:53] ---- BROWSER:  Chrome 76.0 (Mozilla/5.0 (Windows NT 10.0; Win64; x64) AppleWebKit/537.36 (KHTML, like Gecko) Chrome/76.0.3809.132 Safari/537.36)
[2019-09-12 16:25:53] ---- CONTENT: {data : "<?xml version='1.0' encoding='utf-8' ?><Request ID='201909121625530'><General><Token>21111141252224224017000011333853</Token></General><Data><Nome></Nome><Logo>https%3A%2F%2Flocalhost%3A8082%2Fscratch%2Fpl_logo.png</Logo></Data></Request>"}
[2019-09-12 16:25:53] 200 - OK - application/json
[2019-09-12 16:25:53] REQUEST POST - https://localhost:8082/public/ws/Config.asmx/General_Get
[2019-09-12 16:25:53] ---- FROM  ::1 (WinNT)
[2019-09-12 16:25:53] ---- BROWSER:  Chrome 76.0 (Mozilla/5.0 (Windows NT 10.0; Win64; x64) AppleWebKit/537.36 (KHTML, like Gecko) Chrome/76.0.3809.132 Safari/537.36)
[2019-09-12 16:25:53] ---- CONTENT: {data : "<?xml version='1.0' encoding='utf-8' ?><Request ID='2019091216255366'><General><Token>21111141252224224017000011333853</Token></General><Data></Data></Request>"}
[2019-09-12 16:25:53] 200 - OK - application/json
[2019-09-12 16:25:53] REQUEST POST - https://localhost:8082/public/ws/Config.asmx/All_Get
[2019-09-12 16:25:53] ---- FROM  ::1 (WinNT)
[2019-09-12 16:25:53] ---- BROWSER:  Chrome 76.0 (Mozilla/5.0 (Windows NT 10.0; Win64; x64) AppleWebKit/537.36 (KHTML, like Gecko) Chrome/76.0.3809.132 Safari/537.36)
[2019-09-12 16:25:53] ---- CONTENT: {data : "<?xml version='1.0' encoding='utf-8' ?><Request ID='20190912162553123'><General><Token>21111141252224224017000011333853</Token></General><Data></Data></Request>"}
[2019-09-12 16:25:53] 200 - OK - application/json
[2019-09-12 16:25:53] REQUEST POST - https://localhost:8082/public/ws/Economics.asmx/messaggi_summary
[2019-09-12 16:25:53] ---- FROM  ::1 (WinNT)
[2019-09-12 16:25:53] ---- BROWSER:  Chrome 76.0 (Mozilla/5.0 (Windows NT 10.0; Win64; x64) AppleWebKit/537.36 (KHTML, like Gecko) Chrome/76.0.3809.132 Safari/537.36)
[2019-09-12 16:25:53] ---- CONTENT: {data : "<?xml version='1.0' encoding='utf-8' ?><Request ID='20190912162553153'><General><Token>21111141252224224017000011333853</Token></General><Data></Data></Request>"}
[2019-09-12 16:25:53] 200 - OK - application/json
[2019-09-12 16:25:53] REQUEST POST - https://localhost:8082/public/ws/Config.asmx/All_Get
[2019-09-12 16:25:53] ---- FROM  ::1 (WinNT)
[2019-09-12 16:25:53] ---- BROWSER:  Chrome 76.0 (Mozilla/5.0 (Windows NT 10.0; Win64; x64) AppleWebKit/537.36 (KHTML, like Gecko) Chrome/76.0.3809.132 Safari/537.36)
[2019-09-12 16:25:53] ---- CONTENT: {data : "<?xml version='1.0' encoding='utf-8' ?><Request ID='20190912162553191'><General><Token>21111141252224224017000011333853</Token></General><Data></Data></Request>"}
[2019-09-12 16:25:53] 200 - OK - application/json
[2019-09-12 16:25:53] REQUEST POST - https://localhost:8082/public/ws/Config.asmx/All_Get
[2019-09-12 16:25:53] ---- FROM  ::1 (WinNT)
[2019-09-12 16:25:53] ---- BROWSER:  Chrome 76.0 (Mozilla/5.0 (Windows NT 10.0; Win64; x64) AppleWebKit/537.36 (KHTML, like Gecko) Chrome/76.0.3809.132 Safari/537.36)
[2019-09-12 16:25:53] ---- CONTENT: {data : "<?xml version='1.0' encoding='utf-8' ?><Request ID='20190912162553283'><General><Token>21111141252224224017000011333853</Token></General><Data></Data></Request>"}
[2019-09-12 16:25:53] REQUEST GET - https://localhost:8082/public/ws/Resources.ashx/xml-general
[2019-09-12 16:25:53] ---- FROM  ::1 (WinNT)
[2019-09-12 16:25:53] ---- BROWSER:  Chrome 76.0 (Mozilla/5.0 (Windows NT 10.0; Win64; x64) AppleWebKit/537.36 (KHTML, like Gecko) Chrome/76.0.3809.132 Safari/537.36)
[2019-09-12 16:25:53] 200 - OK - text/xml
[2019-09-12 16:25:53] 200 - OK - application/json
[2019-09-12 16:25:53] REQUEST GET - https://localhost:8082/public/ws/Resources.ashx/xml-general
[2019-09-12 16:25:53] ---- FROM  ::1 (WinNT)
[2019-09-12 16:25:53] ---- BROWSER:  Chrome 76.0 (Mozilla/5.0 (Windows NT 10.0; Win64; x64) AppleWebKit/537.36 (KHTML, like Gecko) Chrome/76.0.3809.132 Safari/537.36)
[2019-09-12 16:25:53] 200 - OK - text/xml
[2019-09-12 16:26:04] REQUEST GET - https://localhost:8082/settings/settings
[2019-09-12 16:26:04] ---- FROM  ::1 (WinNT)
[2019-09-12 16:26:04] ---- BROWSER:  Chrome 76.0 (Mozilla/5.0 (Windows NT 10.0; Win64; x64) AppleWebKit/537.36 (KHTML, like Gecko) Chrome/76.0.3809.132 Safari/537.36)
[2019-09-12 16:26:04] 302 - Found - text/html
[2019-09-12 16:26:04] REQUEST GET - https://localhost:8082/public/aspx/Home.aspx?ReturnUrl=%2fsettings%2fsettings
[2019-09-12 16:26:04] ---- FROM  ::1 (WinNT)
[2019-09-12 16:26:04] ---- BROWSER:  Chrome 76.0 (Mozilla/5.0 (Windows NT 10.0; Win64; x64) AppleWebKit/537.36 (KHTML, like Gecko) Chrome/76.0.3809.132 Safari/537.36)
[2019-09-12 16:26:04] 200 - OK - text/html
[2019-09-12 16:26:08] REQUEST POST - https://localhost:8082/public/aspx/Home.aspx
[2019-09-12 16:26:08] ---- FROM  ::1 (WinNT)
[2019-09-12 16:26:08] ---- BROWSER:  Chrome 76.0 (Mozilla/5.0 (Windows NT 10.0; Win64; x64) AppleWebKit/537.36 (KHTML, like Gecko) Chrome/76.0.3809.132 Safari/537.36)
[2019-09-12 16:26:08] ---- CONTENT: Token%3D61111131252223224013000011333653%26TokenApiRest%3DeyJ0eXAiOiJKV1QiLCJhbGciOiJIUzI1NiJ9.eyJpc3MiOiJodHRwczpcL1wvd3d3cy5kZXYteWVhcC5pdCIsImlhdCI6MTU0MjI5NDMyMSwibmJmIjoxNTQyMjk0MzIxLCJleHAiOjE1NDI4OTkxMjEsImRhdGEiOnsidXNlciI6eyJpZCI6IjQ0In19fQ.RCP5OeoGASxAyBw1MbMD4BFJAcDM5JIXqYXKBALZcJI%26Logo%3Dhttps%3A%2F%2Flocalhost%3A8082%2Fscratch%2Fpl_logo.png%26Title%3DBusiness+Plan+Test+nr.+2=
[2019-09-12 16:26:08] 302 - Found - text/html
[2019-09-12 16:26:08] REQUEST GET - https://localhost:8082/home/welcome
[2019-09-12 16:26:08] ---- FROM  ::1 (WinNT)
[2019-09-12 16:26:08] ---- BROWSER:  Chrome 76.0 (Mozilla/5.0 (Windows NT 10.0; Win64; x64) AppleWebKit/537.36 (KHTML, like Gecko) Chrome/76.0.3809.132 Safari/537.36)
[2019-09-12 16:26:08] 200 - OK - text/html
[2019-09-12 16:26:10] REQUEST POST - https://localhost:8082/public/ws/General.asmx/Set
[2019-09-12 16:26:10] ---- FROM  ::1 (WinNT)
[2019-09-12 16:26:10] ---- BROWSER:  Chrome 76.0 (Mozilla/5.0 (Windows NT 10.0; Win64; x64) AppleWebKit/537.36 (KHTML, like Gecko) Chrome/76.0.3809.132 Safari/537.36)
[2019-09-12 16:26:10] ---- CONTENT: {data : "<?xml version='1.0' encoding='utf-8' ?><Request ID='20190912162610184'><General><Token>61111131252223224013000011333653</Token></General><Data><Nome>Business Plan Test nr. 2</Nome><Logo>https%3A%2F%2Flocalhost%3A8082%2Fscratch%2Fpl_logo.png</Logo></Data></Request>"}
[2019-09-12 16:26:10] 200 - OK - application/json
[2019-09-12 16:26:10] REQUEST POST - https://localhost:8082/public/ws/Config.asmx/Economics_Get
[2019-09-12 16:26:10] ---- FROM  ::1 (WinNT)
[2019-09-12 16:26:10] ---- BROWSER:  Chrome 76.0 (Mozilla/5.0 (Windows NT 10.0; Win64; x64) AppleWebKit/537.36 (KHTML, like Gecko) Chrome/76.0.3809.132 Safari/537.36)
[2019-09-12 16:26:10] ---- CONTENT: {data : "<?xml version='1.0' encoding='utf-8' ?><Request ID='20190912162610206'><General><Token>61111131252223224013000011333653</Token></General><Data></Data></Request>"}
[2019-09-12 16:26:10] 200 - OK - application/json
[2019-09-12 16:26:10] REQUEST POST - https://localhost:8082/public/ws/Config.asmx/All_Get
[2019-09-12 16:26:10] ---- FROM  ::1 (WinNT)
[2019-09-12 16:26:10] ---- BROWSER:  Chrome 76.0 (Mozilla/5.0 (Windows NT 10.0; Win64; x64) AppleWebKit/537.36 (KHTML, like Gecko) Chrome/76.0.3809.132 Safari/537.36)
[2019-09-12 16:26:10] ---- CONTENT: {data : "<?xml version='1.0' encoding='utf-8' ?><Request ID='20190912162610325'><General><Token>61111131252223224013000011333653</Token></General><Data></Data></Request>"}
[2019-09-12 16:26:10] 200 - OK - application/json
[2019-09-12 16:26:10] REQUEST POST - https://localhost:8082/public/ws/Economics.asmx/messaggi_summary
[2019-09-12 16:26:10] ---- FROM  ::1 (WinNT)
[2019-09-12 16:26:10] ---- BROWSER:  Chrome 76.0 (Mozilla/5.0 (Windows NT 10.0; Win64; x64) AppleWebKit/537.36 (KHTML, like Gecko) Chrome/76.0.3809.132 Safari/537.36)
[2019-09-12 16:26:10] ---- CONTENT: {data : "<?xml version='1.0' encoding='utf-8' ?><Request ID='20190912162610349'><General><Token>61111131252223224013000011333653</Token></General><Data></Data></Request>"}
[2019-09-12 16:26:10] 200 - OK - application/json
[2019-09-12 16:26:10] REQUEST POST - https://localhost:8082/public/ws/Config.asmx/All_Get
[2019-09-12 16:26:10] ---- FROM  ::1 (WinNT)
[2019-09-12 16:26:10] ---- BROWSER:  Chrome 76.0 (Mozilla/5.0 (Windows NT 10.0; Win64; x64) AppleWebKit/537.36 (KHTML, like Gecko) Chrome/76.0.3809.132 Safari/537.36)
[2019-09-12 16:26:10] ---- CONTENT: {data : "<?xml version='1.0' encoding='utf-8' ?><Request ID='20190912162610384'><General><Token>61111131252223224013000011333653</Token></General><Data></Data></Request>"}
[2019-09-12 16:26:10] 200 - OK - application/json
[2019-09-12 16:26:10] REQUEST POST - https://localhost:8082/public/ws/Config.asmx/All_Get
[2019-09-12 16:26:10] ---- FROM  ::1 (WinNT)
[2019-09-12 16:26:10] ---- BROWSER:  Chrome 76.0 (Mozilla/5.0 (Windows NT 10.0; Win64; x64) AppleWebKit/537.36 (KHTML, like Gecko) Chrome/76.0.3809.132 Safari/537.36)
[2019-09-12 16:26:10] ---- CONTENT: {data : "<?xml version='1.0' encoding='utf-8' ?><Request ID='20190912162610667'><General><Token>61111131252223224013000011333653</Token></General><Data></Data></Request>"}
[2019-09-12 16:26:10] 200 - OK - application/json
