[2020-01-24 17:10:19] REQUEST POST - https://localhost:8082/public/ws/reports.asmx/Economics
[2020-01-24 17:10:19] ---- FROM  ::1 (Unknown)
[2020-01-24 17:10:19] ---- BROWSER:  Unknown 0.0 (PostmanRuntime/7.22.0)
[2020-01-24 17:10:19] ---- CONTENT: data=<?xml version="1.0" encoding="utf-8" ?><Request ID="1234"><General><Token>11111121252221224308000011333382</Token></General><Data>
<Format>5</Format></Data></Request>
[2020-01-24 17:11:48] REQUEST POST - https://localhost:8082/public/aspx/Home.aspx
[2020-01-24 17:11:48] ---- FROM  ::1 (WinNT)
[2020-01-24 17:11:48] ---- BROWSER:  Firefox 72.0 (Mozilla/5.0 (Windows NT 10.0; Win64; x64; rv:72.0) Gecko/20100101 Firefox/72.0)
[2020-01-24 17:11:52] 200 - OK - text/xml; charset=utf-8
[2020-01-24 17:11:57] 200 - OK - text/html
[2020-01-24 17:14:49] REQUEST POST - https://localhost:8082/public/ws/reports.asmx/Economics
[2020-01-24 17:14:49] ---- FROM  ::1 (Unknown)
[2020-01-24 17:14:49] ---- BROWSER:  Unknown 0.0 (PostmanRuntime/7.22.0)
[2020-01-24 17:14:49] ---- CONTENT: data=<?xml version="1.0" encoding="utf-8" ?><Request ID="1234"><General><Token>11111121252221224308000011333382</Token></General><Data>
<Format>5</Format></Data></Request>
[2020-01-24 17:15:11] 200 - OK - text/xml; charset=utf-8
[2020-01-24 17:16:03] REQUEST POST - https://localhost:8082/public/ws/reports.asmx/Economics
[2020-01-24 17:16:03] ---- FROM  ::1 (Unknown)
[2020-01-24 17:16:03] ---- BROWSER:  Unknown 0.0 (PostmanRuntime/7.22.0)
[2020-01-24 17:16:03] ---- CONTENT: data=<?xml version="1.0" encoding="utf-8" ?><Request ID="1234"><General><Token>11111121252221224308000011333382</Token></General><Data>
<Format>5</Format></Data></Request>
[2020-01-24 17:16:23] 200 - OK - text/xml; charset=utf-8
[2020-01-24 17:17:46] REQUEST POST - https://localhost:8082/public/ws/reports.asmx/Economics
[2020-01-24 17:17:46] ---- FROM  ::1 (Unknown)
[2020-01-24 17:17:46] ---- BROWSER:  Unknown 0.0 (PostmanRuntime/7.22.0)
[2020-01-24 17:17:46] ---- CONTENT: data=<?xml version="1.0" encoding="utf-8" ?><Request ID="1234"><General><Token>11111121252221224308000011333382</Token></General><Data>
<Format>5</Format></Data></Request>
[2020-01-24 17:18:04] 200 - OK - text/xml; charset=utf-8
[2020-01-24 17:19:08] REQUEST POST - https://localhost:8082/public/ws/reports.asmx/Economics
[2020-01-24 17:19:08] ---- FROM  ::1 (Unknown)
[2020-01-24 17:19:08] ---- BROWSER:  Unknown 0.0 (PostmanRuntime/7.22.0)
[2020-01-24 17:19:08] ---- CONTENT: data=<?xml version="1.0" encoding="utf-8" ?><Request ID="1234"><General><Token>11111121252221224308000011333382</Token></General><Data>
<Format>5</Format></Data></Request>
[2020-01-24 17:19:34] 200 - OK - text/xml; charset=utf-8
[2020-01-24 17:29:37] REQUEST POST - https://localhost:8082/public/ws/reports.asmx/Economics
[2020-01-24 17:29:37] ---- FROM  ::1 (Unknown)
[2020-01-24 17:29:37] ---- BROWSER:  Unknown 0.0 (PostmanRuntime/7.22.0)
[2020-01-24 17:29:37] ---- CONTENT: data=<?xml version="1.0" encoding="utf-8" ?><Request ID="1234"><General><Token>11111121252221224308000011333382</Token></General><Data>
<Format>5</Format></Data></Request>
[2020-01-24 17:29:57] 500 - Internal Server Error - text/plain; charset=utf-8
