[2020-01-21 17:44:02] REQUEST POST - https://localhost:8082/public/aspx/Home.aspx
[2020-01-21 17:44:02] ---- FROM  ::1 (WinNT)
[2020-01-21 17:44:02] ---- BROWSER:  Firefox 72.0 (Mozilla/5.0 (Windows NT 10.0; Win64; x64; rv:72.0) Gecko/20100101 Firefox/72.0)
[2020-01-21 17:44:02] ---- CONTENT: Token%3D11111121252221224308000011333382%26TokenApiRest%3DeyJ0eXAiOiJKV1QiLCJhbGciOiJIUzI1NiJ9.eyJpc3MiOiJodHRwczpcL1wvd3d3cy5kZXYteWVhcC5pdCIsImlhdCI6MTU0MjI5NDMyMSwibmJmIjoxNTQyMjk0MzIxLCJleHAiOjE1NDI4OTkxMjEsImRhdGEiOnsidXNlciI6eyJpZCI6IjQ0In19fQ.RCP5OeoGASxAyBw1MbMD4BFJAcDM5JIXqYXKBALZcJI%26Logo%3Dhttps%3A%2F%2Flocalhost%3A8082%2Fscratch%2Fpl_logo.png%26Title%3DBusiness+Plan+Test+nr.+1%26isODC%3D1=
[2020-01-21 17:44:10] 302 - Found - text/html
[2020-01-21 17:44:10] REQUEST GET - https://localhost:8082/home/welcome
[2020-01-21 17:44:10] ---- FROM  ::1 (WinNT)
[2020-01-21 17:44:10] ---- BROWSER:  Firefox 72.0 (Mozilla/5.0 (Windows NT 10.0; Win64; x64; rv:72.0) Gecko/20100101 Firefox/72.0)
[2020-01-21 17:44:12] 200 - OK - text/html
[2020-01-21 17:44:13] REQUEST POST - https://localhost:8082/public/ws/General.asmx/Set
[2020-01-21 17:44:13] ---- FROM  ::1 (WinNT)
[2020-01-21 17:44:13] ---- BROWSER:  Firefox 72.0 (Mozilla/5.0 (Windows NT 10.0; Win64; x64; rv:72.0) Gecko/20100101 Firefox/72.0)
[2020-01-21 17:44:13] ---- CONTENT: {data : "<?xml version='1.0' encoding='utf-8' ?><Request ID='20200121174413432'><General><Token>11111121252221224308000011333382</Token></General><Data><Nome>Business Plan Test nr. 1</Nome><Logo>https%3A%2F%2Flocalhost%3A8082%2Fscratch%2Fpl_logo.png</Logo></Data></Request>"}
[2020-01-21 17:44:13] 200 - OK - application/json
[2020-01-21 17:44:13] REQUEST POST - https://localhost:8082/public/ws/Config.asmx/Economics_Get
[2020-01-21 17:44:13] ---- FROM  ::1 (WinNT)
[2020-01-21 17:44:13] ---- BROWSER:  Firefox 72.0 (Mozilla/5.0 (Windows NT 10.0; Win64; x64; rv:72.0) Gecko/20100101 Firefox/72.0)
[2020-01-21 17:44:13] ---- CONTENT: {data : "<?xml version='1.0' encoding='utf-8' ?><Request ID='20200121174413784'><General><Token>11111121252221224308000011333382</Token></General><Data></Data></Request>"}
[2020-01-21 17:44:13] 200 - OK - application/json
[2020-01-21 17:44:14] REQUEST POST - https://localhost:8082/public/ws/Config.asmx/All_Get
[2020-01-21 17:44:14] ---- FROM  ::1 (WinNT)
[2020-01-21 17:44:14] ---- BROWSER:  Firefox 72.0 (Mozilla/5.0 (Windows NT 10.0; Win64; x64; rv:72.0) Gecko/20100101 Firefox/72.0)
[2020-01-21 17:44:14] ---- CONTENT: {data : "<?xml version='1.0' encoding='utf-8' ?><Request ID='20200121174414195'><General><Token>11111121252221224308000011333382</Token></General><Data></Data></Request>"}
[2020-01-21 17:44:14] REQUEST POST - https://localhost:8082/public/ws/Economics.asmx/messaggi_summary
[2020-01-21 17:44:14] ---- FROM  ::1 (WinNT)
[2020-01-21 17:44:14] ---- BROWSER:  Firefox 72.0 (Mozilla/5.0 (Windows NT 10.0; Win64; x64; rv:72.0) Gecko/20100101 Firefox/72.0)
[2020-01-21 17:44:14] ---- CONTENT: {data : "<?xml version='1.0' encoding='utf-8' ?><Request ID='20200121174414295'><General><Token>11111121252221224308000011333382</Token></General><Data></Data></Request>"}
[2020-01-21 17:44:14] REQUEST POST - https://localhost:8082/public/ws/Config.asmx/All_Get
[2020-01-21 17:44:14] ---- FROM  ::1 (WinNT)
[2020-01-21 17:44:14] ---- BROWSER:  Firefox 72.0 (Mozilla/5.0 (Windows NT 10.0; Win64; x64; rv:72.0) Gecko/20100101 Firefox/72.0)
[2020-01-21 17:44:14] ---- CONTENT: {data : "<?xml version='1.0' encoding='utf-8' ?><Request ID='20200121174414435'><General><Token>11111121252221224308000011333382</Token></General><Data></Data></Request>"}
[2020-01-21 17:44:14] 200 - OK - application/json
[2020-01-21 17:44:14] 200 - OK - application/json
[2020-01-21 17:44:14] 200 - OK - application/json
[2020-01-21 17:44:14] REQUEST POST - https://localhost:8082/public/ws/Config.asmx/All_Get
[2020-01-21 17:44:14] ---- FROM  ::1 (WinNT)
[2020-01-21 17:44:14] ---- BROWSER:  Firefox 72.0 (Mozilla/5.0 (Windows NT 10.0; Win64; x64; rv:72.0) Gecko/20100101 Firefox/72.0)
[2020-01-21 17:44:14] ---- CONTENT: {data : "<?xml version='1.0' encoding='utf-8' ?><Request ID='20200121174414792'><General><Token>11111121252221224308000011333382</Token></General><Data></Data></Request>"}
[2020-01-21 17:44:14] 200 - OK - application/json
[2020-01-21 17:44:19] REQUEST POST - https://localhost:8082/public/ws/Reports.asmx/Economics
[2020-01-21 17:44:19] ---- FROM  ::1 (WinNT)
[2020-01-21 17:44:19] ---- BROWSER:  Firefox 72.0 (Mozilla/5.0 (Windows NT 10.0; Win64; x64; rv:72.0) Gecko/20100101 Firefox/72.0)
[2020-01-21 17:44:19] ---- CONTENT: {data : "<?xml version='1.0' encoding='utf-8' ?><Request ID='20200121174419597'><General><Token>11111121252221224308000011333382</Token></General><Data></Data></Request>"}
[2020-01-21 17:44:31] 200 - OK - application/json
