[2020-03-17 11:34:49] REQUEST POST - https://localhost:8082/public/ws/config.asmx/General_Get
[2020-03-17 11:34:49] ---- FROM  ::1 (Unknown)
[2020-03-17 11:34:49] ---- BROWSER:  Unknown 0.0 ()
[2020-03-17 11:34:49] ---- CONTENT: {data : "<?xml version='1.0' encoding='utf-8' ?><Request ID='20200317113440180'><General><Token>41111111252222224015000011333353</Token></General><Data></Data></Request>"}
[2020-03-17 11:34:58] 200 - OK - application/json
[2020-03-17 11:34:58] REQUEST POST - https://localhost:8082/public/ws/config.asmx/General_Get
[2020-03-17 11:34:58] ---- FROM  ::1 (Unknown)
[2020-03-17 11:34:58] ---- BROWSER:  Unknown 0.0 ()
[2020-03-17 11:34:58] ---- CONTENT: {data : "<?xml version='1.0' encoding='utf-8' ?><Request ID='20200317113458635'><General><Token>41111111252222224015000011333353</Token></General><Data></Data></Request>"}
[2020-03-17 11:34:58] 200 - OK - application/json
[2020-03-17 11:37:26] REQUEST POST - https://localhost:8082/public/ws/config.asmx/General_Get
[2020-03-17 11:37:26] ---- FROM  ::1 (Unknown)
[2020-03-17 11:37:26] ---- BROWSER:  Unknown 0.0 ()
[2020-03-17 11:37:26] ---- CONTENT: {data : "<?xml version='1.0' encoding='utf-8' ?><Request ID='20200317113726235'><General><Token>41111111252222224015000011333353</Token></General><Data></Data></Request>"}
[2020-03-17 11:37:26] 200 - OK - application/json
[2020-03-17 11:37:26] REQUEST POST - https://localhost:8082/public/ws/config.asmx/General_Get
[2020-03-17 11:37:26] ---- FROM  ::1 (Unknown)
[2020-03-17 11:37:26] ---- BROWSER:  Unknown 0.0 ()
[2020-03-17 11:37:26] ---- CONTENT: {data : "<?xml version='1.0' encoding='utf-8' ?><Request ID='20200317113726329'><General><Token>41111111252222224015000011333353</Token></General><Data></Data></Request>"}
[2020-03-17 11:37:26] 200 - OK - application/json
[2020-03-17 11:38:26] REQUEST POST - https://localhost:8082/public/ws/config.asmx/General_Get
[2020-03-17 11:38:26] ---- FROM  ::1 (Unknown)
[2020-03-17 11:38:26] ---- BROWSER:  Unknown 0.0 ()
[2020-03-17 11:38:26] ---- CONTENT: {data : "<?xml version='1.0' encoding='utf-8' ?><Request ID='20200317113826281'><General><Token>41111111252222224015000011333353</Token></General><Data></Data></Request>"}
[2020-03-17 11:38:26] 200 - OK - application/json
[2020-03-17 11:38:26] REQUEST POST - https://localhost:8082/public/ws/config.asmx/General_Get
[2020-03-17 11:38:26] ---- FROM  ::1 (Unknown)
[2020-03-17 11:38:26] ---- BROWSER:  Unknown 0.0 ()
[2020-03-17 11:38:26] ---- CONTENT: {data : "<?xml version='1.0' encoding='utf-8' ?><Request ID='20200317113826396'><General><Token>41111111252222224015000011333353</Token></General><Data></Data></Request>"}
[2020-03-17 11:38:26] 200 - OK - application/json
[2020-03-17 11:42:55] REQUEST GET - https://localhost:8082/economics/ricavi
[2020-03-17 11:42:55] ---- FROM  ::1 (WinNT)
[2020-03-17 11:42:55] ---- BROWSER:  Firefox 74.0 (Mozilla/5.0 (Windows NT 10.0; Win64; x64; rv:74.0) Gecko/20100101 Firefox/74.0)
[2020-03-17 11:42:56] 302 - Found - text/html
[2020-03-17 11:42:56] REQUEST GET - https://localhost:8082/public/aspx/Home.aspx?ReturnUrl=%2feconomics%2fricavi
[2020-03-17 11:42:56] ---- FROM  ::1 (WinNT)
[2020-03-17 11:42:56] ---- BROWSER:  Firefox 74.0 (Mozilla/5.0 (Windows NT 10.0; Win64; x64; rv:74.0) Gecko/20100101 Firefox/74.0)
[2020-03-17 11:42:56] 200 - OK - text/html
