[2020-03-16 14:54:03] REQUEST POST - https://localhost:8082/public/ws/config.asmx/General_Get
[2020-03-16 14:54:03] ---- FROM  ::1 (Unknown)
[2020-03-16 14:54:03] ---- BROWSER:  Unknown 0.0 ()
[2020-03-16 14:54:03] ---- CONTENT: {data : "<?xml version='1.0' encoding='utf-8' ?><Request ID='20200316145400806'><General><Token>41111111252222224015000011333353</Token></General><Data></Data></Request>"}
[2020-03-16 14:54:06] 200 - OK - application/json
[2020-03-16 14:54:24] REQUEST POST - https://localhost:8082/public/ws/config.asmx/General_Get
[2020-03-16 14:54:24] ---- FROM  ::1 (Unknown)
[2020-03-16 14:54:24] ---- BROWSER:  Unknown 0.0 ()
[2020-03-16 14:54:24] ---- CONTENT: {data : "<?xml version='1.0' encoding='utf-8' ?><Request ID='20200316145424430'><General><Token>41111111252222224015000011333353</Token></General><Data></Data></Request>"}
[2020-03-16 14:54:24] 200 - OK - application/json
[2020-03-16 14:55:12] REQUEST POST - https://localhost:8082/public/ws/config.asmx/General_Get
[2020-03-16 14:55:12] ---- FROM  ::1 (Unknown)
[2020-03-16 14:55:12] ---- BROWSER:  Unknown 0.0 ()
[2020-03-16 14:55:12] ---- CONTENT: {data : "<?xml version='1.0' encoding='utf-8' ?><Request ID='2020031614551220'><General><Token>41111111252222224015000011333353</Token></General><Data></Data></Request>"}
[2020-03-16 14:55:12] 200 - OK - application/json
[2020-03-16 14:55:46] REQUEST POST - https://localhost:8082/public/ws/config.asmx/General_Get
[2020-03-16 14:55:46] ---- FROM  ::1 (Unknown)
[2020-03-16 14:55:46] ---- BROWSER:  Unknown 0.0 ()
[2020-03-16 14:55:46] ---- CONTENT: {data : "<?xml version='1.0' encoding='utf-8' ?><Request ID='20200316145546121'><General><Token>41111111252222224015000011333353</Token></General><Data></Data></Request>"}
[2020-03-16 14:55:46] 200 - OK - application/json
[2020-03-16 14:56:56] REQUEST POST - https://localhost:8082/public/ws/config.asmx/General_Get
[2020-03-16 14:56:56] ---- FROM  ::1 (Unknown)
[2020-03-16 14:56:56] ---- BROWSER:  Unknown 0.0 ()
[2020-03-16 14:56:56] ---- CONTENT: {data : "<?xml version='1.0' encoding='utf-8' ?><Request ID='20200316145655826'><General><Token>41111111252222224015000011333353</Token></General><Data></Data></Request>"}
[2020-03-16 14:56:56] 200 - OK - application/json
[2020-03-16 15:06:16] REQUEST POST - https://localhost:8082/public/ws/config.asmx/General_Get
[2020-03-16 15:06:16] ---- FROM  ::1 (Unknown)
[2020-03-16 15:06:16] ---- BROWSER:  Unknown 0.0 ()
[2020-03-16 15:06:16] ---- CONTENT: {data : "<?xml version='1.0' encoding='utf-8' ?><Request ID='20200316150616823'><General><Token>41111111252222224015000011333353</Token></General><Data></Data></Request>"}
[2020-03-16 15:06:16] 200 - OK - application/json
[2020-03-16 15:07:07] REQUEST POST - https://localhost:8082/public/ws/config.asmx/General_Get
[2020-03-16 15:07:07] ---- FROM  ::1 (Unknown)
[2020-03-16 15:07:07] ---- BROWSER:  Unknown 0.0 ()
[2020-03-16 15:07:07] ---- CONTENT: {data : "<?xml version='1.0' encoding='utf-8' ?><Request ID='20200316150707592'><General><Token>41111111252222224015000011333353</Token></General><Data></Data></Request>"}
[2020-03-16 15:07:07] 200 - OK - application/json
[2020-03-16 15:07:31] REQUEST POST - https://localhost:8082/public/ws/config.asmx/General_Get
[2020-03-16 15:07:31] ---- FROM  ::1 (Unknown)
[2020-03-16 15:07:31] ---- BROWSER:  Unknown 0.0 ()
[2020-03-16 15:07:31] ---- CONTENT: {data : "<?xml version='1.0' encoding='utf-8' ?><Request ID='20200316150731416'><General><Token>41111111252222224015000011333353</Token></General><Data></Data></Request>"}
[2020-03-16 15:07:31] 200 - OK - application/json
[2020-03-16 15:08:28] REQUEST POST - https://localhost:8082/public/ws/config.asmx/General_Get
[2020-03-16 15:08:28] ---- FROM  ::1 (Unknown)
[2020-03-16 15:08:28] ---- BROWSER:  Unknown 0.0 ()
[2020-03-16 15:08:28] ---- CONTENT: {data : "<?xml version='1.0' encoding='utf-8' ?><Request ID='20200316150828106'><General><Token>41111111252222224015000011333353</Token></General><Data></Data></Request>"}
[2020-03-16 15:08:28] 200 - OK - application/json
[2020-03-16 15:10:12] REQUEST POST - https://localhost:8082/public/ws/config.asmx/General_Get
[2020-03-16 15:10:12] ---- FROM  ::1 (Unknown)
[2020-03-16 15:10:12] ---- BROWSER:  Unknown 0.0 ()
[2020-03-16 15:10:12] ---- CONTENT: {data : "<?xml version='1.0' encoding='utf-8' ?><Request ID='20200316151012580'><General><Token>41111111252222224015000011333353</Token></General><Data></Data></Request>"}
[2020-03-16 15:10:12] 200 - OK - application/json
[2020-03-16 15:10:17] REQUEST POST - https://localhost:8082/public/ws/config.asmx/General_Get
[2020-03-16 15:10:17] ---- FROM  ::1 (Unknown)
[2020-03-16 15:10:17] ---- BROWSER:  Unknown 0.0 ()
[2020-03-16 15:10:17] ---- CONTENT: {data : "<?xml version='1.0' encoding='utf-8' ?><Request ID='20200316151017410'><General><Token>41111111252222224015000011333353</Token></General><Data></Data></Request>"}
[2020-03-16 15:10:17] 200 - OK - application/json
[2020-03-16 15:10:20] REQUEST POST - https://localhost:8082/public/ws/config.asmx/General_Get
[2020-03-16 15:10:20] ---- FROM  ::1 (Unknown)
[2020-03-16 15:10:20] ---- BROWSER:  Unknown 0.0 ()
[2020-03-16 15:10:20] ---- CONTENT: {data : "<?xml version='1.0' encoding='utf-8' ?><Request ID='2020031615102027'><General><Token>41111111252222224015000011333353</Token></General><Data></Data></Request>"}
[2020-03-16 15:10:20] 200 - OK - application/json
[2020-03-16 15:10:22] REQUEST POST - https://localhost:8082/public/ws/config.asmx/General_Get
[2020-03-16 15:10:22] ---- FROM  ::1 (Unknown)
[2020-03-16 15:10:22] ---- BROWSER:  Unknown 0.0 ()
[2020-03-16 15:10:22] ---- CONTENT: {data : "<?xml version='1.0' encoding='utf-8' ?><Request ID='20200316151022726'><General><Token>41111111252222224015000011333353</Token></General><Data></Data></Request>"}
[2020-03-16 15:10:22] 200 - OK - application/json
[2020-03-16 15:10:24] REQUEST POST - https://localhost:8082/public/ws/config.asmx/General_Get
[2020-03-16 15:10:24] ---- FROM  ::1 (Unknown)
[2020-03-16 15:10:24] ---- BROWSER:  Unknown 0.0 ()
[2020-03-16 15:10:24] ---- CONTENT: {data : "<?xml version='1.0' encoding='utf-8' ?><Request ID='20200316151024664'><General><Token>41111111252222224015000011333353</Token></General><Data></Data></Request>"}
[2020-03-16 15:10:24] 200 - OK - application/json
[2020-03-16 15:10:27] REQUEST POST - https://localhost:8082/public/ws/config.asmx/General_Get
[2020-03-16 15:10:27] ---- FROM  ::1 (Unknown)
[2020-03-16 15:10:27] ---- BROWSER:  Unknown 0.0 ()
[2020-03-16 15:10:27] ---- CONTENT: {data : "<?xml version='1.0' encoding='utf-8' ?><Request ID='20200316151027103'><General><Token>41111111252222224015000011333353</Token></General><Data></Data></Request>"}
[2020-03-16 15:10:27] 200 - OK - application/json
[2020-03-16 15:10:28] REQUEST POST - https://localhost:8082/public/ws/config.asmx/General_Get
[2020-03-16 15:10:28] ---- FROM  ::1 (Unknown)
[2020-03-16 15:10:28] ---- BROWSER:  Unknown 0.0 ()
[2020-03-16 15:10:28] ---- CONTENT: {data : "<?xml version='1.0' encoding='utf-8' ?><Request ID='20200316151028803'><General><Token>41111111252222224015000011333353</Token></General><Data></Data></Request>"}
[2020-03-16 15:10:28] 200 - OK - application/json
[2020-03-16 15:10:34] REQUEST POST - https://localhost:8082/public/ws/config.asmx/General_Get
[2020-03-16 15:10:34] ---- FROM  ::1 (Unknown)
[2020-03-16 15:10:34] ---- BROWSER:  Unknown 0.0 ()
[2020-03-16 15:10:34] ---- CONTENT: {data : "<?xml version='1.0' encoding='utf-8' ?><Request ID='2020031615103454'><General><Token>41111111252222224015000011333353</Token></General><Data></Data></Request>"}
[2020-03-16 15:10:34] 200 - OK - application/json
[2020-03-16 15:12:43] REQUEST POST - https://localhost:8082/public/ws/config.asmx/General_Get
[2020-03-16 15:12:43] ---- FROM  ::1 (Unknown)
[2020-03-16 15:12:43] ---- BROWSER:  Unknown 0.0 ()
[2020-03-16 15:12:43] ---- CONTENT: {data : "<?xml version='1.0' encoding='utf-8' ?><Request ID='20200316151243689'><General><Token>41111111252222224015000011333353</Token></General><Data></Data></Request>"}
[2020-03-16 15:12:43] 200 - OK - application/json
[2020-03-16 15:24:27] REQUEST POST - https://localhost:8082/public/ws/config.asmx/General_Get
[2020-03-16 15:24:27] ---- FROM  ::1 (Unknown)
[2020-03-16 15:24:27] ---- BROWSER:  Unknown 0.0 ()
[2020-03-16 15:24:27] ---- CONTENT: {data : "<?xml version='1.0' encoding='utf-8' ?><Request ID='20200316152426947'><General><Token>41111111252222224015000011333353</Token></General><Data></Data></Request>"}
[2020-03-16 15:24:27] 200 - OK - application/json
[2020-03-16 15:31:04] REQUEST POST - https://localhost:8082/public/ws/config.asmx/General_Get
[2020-03-16 15:31:04] ---- FROM  ::1 (Unknown)
[2020-03-16 15:31:04] ---- BROWSER:  Unknown 0.0 ()
[2020-03-16 15:31:04] ---- CONTENT: {data : "<?xml version='1.0' encoding='utf-8' ?><Request ID='20200316153104518'><General><Token>41111111252222224015000011333353</Token></General><Data></Data></Request>"}
[2020-03-16 15:31:04] 200 - OK - application/json
[2020-03-16 15:32:54] REQUEST POST - https://localhost:8082/public/ws/config.asmx/General_Get
[2020-03-16 15:32:54] ---- FROM  ::1 (Unknown)
[2020-03-16 15:32:54] ---- BROWSER:  Unknown 0.0 ()
[2020-03-16 15:32:54] ---- CONTENT: {data : "<?xml version='1.0' encoding='utf-8' ?><Request ID='20200316153254678'><General><Token>41111111252222224015000011333353</Token></General><Data></Data></Request>"}
[2020-03-16 15:32:54] 200 - OK - application/json
[2020-03-16 15:35:22] REQUEST POST - https://localhost:8082/public/ws/config.asmx/General_Get
[2020-03-16 15:35:22] ---- FROM  ::1 (Unknown)
[2020-03-16 15:35:22] ---- BROWSER:  Unknown 0.0 ()
[2020-03-16 15:35:22] ---- CONTENT: {data : "<?xml version='1.0' encoding='utf-8' ?><Request ID='20200316153521980'><General><Token>41111111252222224015000011333353</Token></General><Data></Data></Request>"}
[2020-03-16 15:35:22] 200 - OK - application/json
[2020-03-16 15:35:35] REQUEST POST - https://localhost:8082/public/ws/config.asmx/General_Get
[2020-03-16 15:35:35] ---- FROM  ::1 (Unknown)
[2020-03-16 15:35:35] ---- BROWSER:  Unknown 0.0 ()
[2020-03-16 15:35:35] ---- CONTENT: {data : "<?xml version='1.0' encoding='utf-8' ?><Request ID='20200316153535342'><General><Token>41111111252222224015000011333353</Token></General><Data></Data></Request>"}
[2020-03-16 15:35:35] 200 - OK - application/json
[2020-03-16 15:35:53] REQUEST POST - https://localhost:8082/public/ws/config.asmx/General_Get
[2020-03-16 15:35:53] ---- FROM  ::1 (Unknown)
[2020-03-16 15:35:53] ---- BROWSER:  Unknown 0.0 ()
[2020-03-16 15:35:53] ---- CONTENT: {data : "<?xml version='1.0' encoding='utf-8' ?><Request ID='2020031615355335'><General><Token>41111111252222224015000011333353</Token></General><Data></Data></Request>"}
[2020-03-16 15:35:53] 200 - OK - application/json
[2020-03-16 15:37:11] REQUEST POST - https://localhost:8082/public/ws/config.asmx/General_Get
[2020-03-16 15:37:11] ---- FROM  ::1 (Unknown)
[2020-03-16 15:37:11] ---- BROWSER:  Unknown 0.0 ()
[2020-03-16 15:37:11] ---- CONTENT: {data : "<?xml version='1.0' encoding='utf-8' ?><Request ID='20200316153711726'><General><Token>41111111252222224015000011333353</Token></General><Data></Data></Request>"}
[2020-03-16 15:37:11] 200 - OK - application/json
[2020-03-16 15:45:24] REQUEST POST - https://localhost:8082/public/ws/config.asmx/General_Get
[2020-03-16 15:45:24] ---- FROM  ::1 (Unknown)
[2020-03-16 15:45:24] ---- BROWSER:  Unknown 0.0 ()
[2020-03-16 15:45:24] ---- CONTENT: {data : "<?xml version='1.0' encoding='utf-8' ?><Request ID='20200316154523885'><General><Token>41111111252222224015000011333353</Token></General><Data></Data></Request>"}
[2020-03-16 15:45:24] 200 - OK - application/json
[2020-03-16 15:47:13] REQUEST POST - https://localhost:8082/public/ws/config.asmx/General_Get
[2020-03-16 15:47:13] ---- FROM  ::1 (Unknown)
[2020-03-16 15:47:13] ---- BROWSER:  Unknown 0.0 ()
[2020-03-16 15:47:13] ---- CONTENT: {data : "<?xml version='1.0' encoding='utf-8' ?><Request ID='20200316154712937'><General><Token>41111111252222224015000011333353</Token></General><Data></Data></Request>"}
[2020-03-16 15:47:13] 200 - OK - application/json
[2020-03-16 15:47:24] REQUEST POST - https://localhost:8082/public/ws/config.asmx/General_Get
[2020-03-16 15:47:24] ---- FROM  ::1 (Unknown)
[2020-03-16 15:47:24] ---- BROWSER:  Unknown 0.0 ()
[2020-03-16 15:47:24] ---- CONTENT: {data : "<?xml version='1.0' encoding='utf-8' ?><Request ID='20200316154724328'><General><Token>41111111252222224015000011333353</Token></General><Data></Data></Request>"}
[2020-03-16 15:47:24] 200 - OK - application/json
[2020-03-16 15:52:37] REQUEST POST - https://localhost:8082/public/ws/config.asmx/General_Get
[2020-03-16 15:52:37] ---- FROM  ::1 (Unknown)
[2020-03-16 15:52:37] ---- BROWSER:  Unknown 0.0 ()
[2020-03-16 15:52:37] ---- CONTENT: {data : "<?xml version='1.0' encoding='utf-8' ?><Request ID='20200316155237424'><General><Token>41111111252222224015000011333353</Token></General><Data></Data></Request>"}
[2020-03-16 15:52:37] 200 - OK - application/json
[2020-03-16 15:52:47] REQUEST POST - https://localhost:8082/public/ws/config.asmx/General_Get
[2020-03-16 15:52:47] ---- FROM  ::1 (Unknown)
[2020-03-16 15:52:47] ---- BROWSER:  Unknown 0.0 ()
[2020-03-16 15:52:47] ---- CONTENT: {data : "<?xml version='1.0' encoding='utf-8' ?><Request ID='20200316155247689'><General><Token>41111111252222224015000011333353</Token></General><Data></Data></Request>"}
[2020-03-16 15:52:47] 200 - OK - application/json
[2020-03-16 16:02:15] REQUEST POST - https://localhost:8082/public/ws/config.asmx/General_Get
[2020-03-16 16:02:15] ---- FROM  ::1 (Unknown)
[2020-03-16 16:02:15] ---- BROWSER:  Unknown 0.0 ()
[2020-03-16 16:02:15] ---- CONTENT: {data : "<?xml version='1.0' encoding='utf-8' ?><Request ID='20200316160215243'><General><Token>41111111252222224015000011333353</Token></General><Data></Data></Request>"}
[2020-03-16 16:02:15] 200 - OK - application/json
[2020-03-16 16:03:07] REQUEST POST - https://localhost:8082/public/ws/config.asmx/General_Get
[2020-03-16 16:03:07] ---- FROM  ::1 (Unknown)
[2020-03-16 16:03:07] ---- BROWSER:  Unknown 0.0 ()
[2020-03-16 16:03:07] ---- CONTENT: {data : "<?xml version='1.0' encoding='utf-8' ?><Request ID='20200316160306995'><General><Token>41111111252222224015000011333353</Token></General><Data></Data></Request>"}
[2020-03-16 16:03:07] 200 - OK - application/json
[2020-03-16 16:13:48] REQUEST POST - https://localhost:8082/public/ws/config.asmx/General_Get
[2020-03-16 16:13:48] ---- FROM  127.0.0.1 (Unknown)
[2020-03-16 16:13:48] ---- BROWSER:  Unknown 0.0 (PostmanRuntime/7.22.0)
[2020-03-16 16:13:48] ---- CONTENT: data=<?xml version="1.0" encoding="utf-8" ?><Request ID="1234"><General><Token>41111111252222224015000011333353</Token></General><Data></Data></Request>
[2020-03-16 16:13:48] 200 - OK - text/xml; charset=utf-8
