[2020-02-17 16:47:58] 200 - OK - application/json
[2020-02-17 16:51:10] REQUEST GET - https://localhost:8082/economics/messaggi
[2020-02-17 16:51:10] ---- FROM  ::1 (WinNT)
[2020-02-17 16:51:10] ---- BROWSER:  Firefox 73.0 (Mozilla/5.0 (Windows NT 10.0; Win64; x64; rv:73.0) Gecko/20100101 Firefox/73.0)
[2020-02-17 16:51:10] 200 - OK - text/html
[2020-02-17 16:51:10] REQUEST POST - https://localhost:8082/public/ws/Economics.asmx/messaggi
[2020-02-17 16:51:10] ---- FROM  ::1 (WinNT)
[2020-02-17 16:51:10] ---- BROWSER:  Firefox 73.0 (Mozilla/5.0 (Windows NT 10.0; Win64; x64; rv:73.0) Gecko/20100101 Firefox/73.0)
[2020-02-17 16:51:10] ---- CONTENT: {data : "<?xml version='1.0' encoding='utf-8' ?><Request ID='20200217165110961'><General><Token>10000175810000508208491522981846</Token></General><Data></Data></Request>"}
[2020-02-17 16:51:11] 200 - OK - application/json
[2020-02-17 16:51:11] REQUEST POST - https://localhost:8082/public/ws/Config.asmx/All_Get
[2020-02-17 16:51:11] ---- FROM  ::1 (WinNT)
[2020-02-17 16:51:11] ---- BROWSER:  Firefox 73.0 (Mozilla/5.0 (Windows NT 10.0; Win64; x64; rv:73.0) Gecko/20100101 Firefox/73.0)
[2020-02-17 16:51:11] ---- CONTENT: {data : "<?xml version='1.0' encoding='utf-8' ?><Request ID='2020021716511197'><General><Token>10000175810000508208491522981846</Token></General><Data></Data></Request>"}
[2020-02-17 16:51:11] REQUEST POST - https://localhost:8082/public/ws/Economics.asmx/messaggi_summary
[2020-02-17 16:51:11] ---- FROM  ::1 (WinNT)
[2020-02-17 16:51:11] ---- BROWSER:  Firefox 73.0 (Mozilla/5.0 (Windows NT 10.0; Win64; x64; rv:73.0) Gecko/20100101 Firefox/73.0)
[2020-02-17 16:51:11] ---- CONTENT: {data : "<?xml version='1.0' encoding='utf-8' ?><Request ID='20200217165111144'><General><Token>10000175810000508208491522981846</Token></General><Data></Data></Request>"}
[2020-02-17 16:51:11] REQUEST GET - https://localhost:8082/public/ws/Resources.ashx/xml-economics/10000175810000508208491522981846
[2020-02-17 16:51:11] ---- FROM  ::1 (WinNT)
[2020-02-17 16:51:11] ---- BROWSER:  Firefox 73.0 (Mozilla/5.0 (Windows NT 10.0; Win64; x64; rv:73.0) Gecko/20100101 Firefox/73.0)
[2020-02-17 16:51:11] 200 - OK - application/json
[2020-02-17 16:51:11] 200 - OK - application/json
[2020-02-17 16:51:11] REQUEST POST - https://localhost:8082/public/ws/Config.asmx/All_Get
[2020-02-17 16:51:11] ---- FROM  ::1 (WinNT)
[2020-02-17 16:51:11] ---- BROWSER:  Firefox 73.0 (Mozilla/5.0 (Windows NT 10.0; Win64; x64; rv:73.0) Gecko/20100101 Firefox/73.0)
[2020-02-17 16:51:11] ---- CONTENT: {data : "<?xml version='1.0' encoding='utf-8' ?><Request ID='20200217165111285'><General><Token>10000175810000508208491522981846</Token></General><Data></Data></Request>"}
[2020-02-17 16:51:11] 200 - OK - application/json
[2020-02-17 16:51:11] 200 - OK - text/xml
[2020-02-17 16:51:11] REQUEST POST - https://localhost:8082/public/ws/Config.asmx/All_Get
[2020-02-17 16:51:11] ---- FROM  ::1 (WinNT)
[2020-02-17 16:51:11] ---- BROWSER:  Firefox 73.0 (Mozilla/5.0 (Windows NT 10.0; Win64; x64; rv:73.0) Gecko/20100101 Firefox/73.0)
[2020-02-17 16:51:11] ---- CONTENT: {data : "<?xml version='1.0' encoding='utf-8' ?><Request ID='20200217165111578'><General><Token>10000175810000508208491522981846</Token></General><Data></Data></Request>"}
[2020-02-17 16:51:11] 200 - OK - application/json
[2020-02-17 16:51:27] REQUEST GET - https://localhost:8082/settings/settings
[2020-02-17 16:51:27] ---- FROM  ::1 (WinNT)
[2020-02-17 16:51:27] ---- BROWSER:  Firefox 73.0 (Mozilla/5.0 (Windows NT 10.0; Win64; x64; rv:73.0) Gecko/20100101 Firefox/73.0)
[2020-02-17 16:51:27] 200 - OK - text/html
[2020-02-17 16:51:28] REQUEST POST - https://localhost:8082/public/ws/Config.asmx/General_Get
[2020-02-17 16:51:28] ---- FROM  ::1 (WinNT)
[2020-02-17 16:51:28] ---- BROWSER:  Firefox 73.0 (Mozilla/5.0 (Windows NT 10.0; Win64; x64; rv:73.0) Gecko/20100101 Firefox/73.0)
[2020-02-17 16:51:28] ---- CONTENT: {data : "<?xml version='1.0' encoding='utf-8' ?><Request ID='20200217165128119'><General><Token>10000175810000508208491522981846</Token></General><Data></Data></Request>"}
[2020-02-17 16:51:28] 200 - OK - application/json
[2020-02-17 16:51:28] REQUEST POST - https://localhost:8082/public/ws/Config.asmx/All_Get
[2020-02-17 16:51:28] ---- FROM  ::1 (WinNT)
[2020-02-17 16:51:28] ---- BROWSER:  Firefox 73.0 (Mozilla/5.0 (Windows NT 10.0; Win64; x64; rv:73.0) Gecko/20100101 Firefox/73.0)
[2020-02-17 16:51:28] ---- CONTENT: {data : "<?xml version='1.0' encoding='utf-8' ?><Request ID='20200217165128210'><General><Token>10000175810000508208491522981846</Token></General><Data></Data></Request>"}
[2020-02-17 16:51:28] REQUEST POST - https://localhost:8082/public/ws/Economics.asmx/messaggi_summary
[2020-02-17 16:51:28] ---- FROM  ::1 (WinNT)
[2020-02-17 16:51:28] ---- BROWSER:  Firefox 73.0 (Mozilla/5.0 (Windows NT 10.0; Win64; x64; rv:73.0) Gecko/20100101 Firefox/73.0)
[2020-02-17 16:51:28] ---- CONTENT: {data : "<?xml version='1.0' encoding='utf-8' ?><Request ID='20200217165128260'><General><Token>10000175810000508208491522981846</Token></General><Data></Data></Request>"}
[2020-02-17 16:51:28] 200 - OK - application/json
[2020-02-17 16:51:28] 200 - OK - application/json
[2020-02-17 16:51:28] REQUEST POST - https://localhost:8082/public/ws/Config.asmx/All_Get
[2020-02-17 16:51:28] REQUEST POST - https://localhost:8082/public/ws/Config.asmx/All_Get
[2020-02-17 16:51:28] ---- FROM  ::1 (WinNT)
[2020-02-17 16:51:28] ---- BROWSER:  Firefox 73.0 (Mozilla/5.0 (Windows NT 10.0; Win64; x64; rv:73.0) Gecko/20100101 Firefox/73.0)
[2020-02-17 16:51:28] REQUEST GET - https://localhost:8082/public/ws/Resources.ashx/xml-general
[2020-02-17 16:51:28] REQUEST GET - https://localhost:8082/public/ws/Resources.ashx/xml-general
[2020-02-17 16:51:28] ---- FROM  ::1 (WinNT)
[2020-02-17 16:51:28] ---- BROWSER:  Firefox 73.0 (Mozilla/5.0 (Windows NT 10.0; Win64; x64; rv:73.0) Gecko/20100101 Firefox/73.0)
[2020-02-17 16:51:28] ---- FROM  ::1 (WinNT)
[2020-02-17 16:51:28] ---- CONTENT: {data : "<?xml version='1.0' encoding='utf-8' ?><Request ID='20200217165128462'><General><Token>10000175810000508208491522981846</Token></General><Data></Data></Request>"}
[2020-02-17 16:51:28] ---- FROM  ::1 (WinNT)
[2020-02-17 16:51:28] ---- BROWSER:  Firefox 73.0 (Mozilla/5.0 (Windows NT 10.0; Win64; x64; rv:73.0) Gecko/20100101 Firefox/73.0)
[2020-02-17 16:51:28] ---- BROWSER:  Firefox 73.0 (Mozilla/5.0 (Windows NT 10.0; Win64; x64; rv:73.0) Gecko/20100101 Firefox/73.0)
[2020-02-17 16:51:28] ---- CONTENT: {data : "<?xml version='1.0' encoding='utf-8' ?><Request ID='20200217165128455'><General><Token>10000175810000508208491522981846</Token></General><Data></Data></Request>"}
[2020-02-17 16:51:28] 200 - OK - text/xml
[2020-02-17 16:51:28] 200 - OK - text/xml
[2020-02-17 16:51:28] 200 - OK - application/json
[2020-02-17 16:51:28] 200 - OK - application/json
[2020-02-17 16:51:34] REQUEST GET - https://localhost:8082/home/welcome
[2020-02-17 16:51:34] ---- FROM  ::1 (WinNT)
[2020-02-17 16:51:34] ---- BROWSER:  Firefox 73.0 (Mozilla/5.0 (Windows NT 10.0; Win64; x64; rv:73.0) Gecko/20100101 Firefox/73.0)
[2020-02-17 16:51:34] 200 - OK - text/html
[2020-02-17 16:51:35] REQUEST POST - https://localhost:8082/public/ws/General.asmx/Set
[2020-02-17 16:51:35] ---- FROM  ::1 (WinNT)
[2020-02-17 16:51:35] ---- BROWSER:  Firefox 73.0 (Mozilla/5.0 (Windows NT 10.0; Win64; x64; rv:73.0) Gecko/20100101 Firefox/73.0)
[2020-02-17 16:51:35] ---- CONTENT: {data : "<?xml version='1.0' encoding='utf-8' ?><Request ID='20200217165135377'><General><Token>10000175810000508208491522981846</Token></General><Data><Nome>Business Plane Rinominato</Nome><Logo></Logo></Data></Request>"}
[2020-02-17 16:51:35] 200 - OK - application/json
[2020-02-17 16:51:35] REQUEST POST - https://localhost:8082/public/ws/Config.asmx/Economics_Get
[2020-02-17 16:51:35] ---- FROM  ::1 (WinNT)
[2020-02-17 16:51:35] ---- BROWSER:  Firefox 73.0 (Mozilla/5.0 (Windows NT 10.0; Win64; x64; rv:73.0) Gecko/20100101 Firefox/73.0)
[2020-02-17 16:51:35] ---- CONTENT: {data : "<?xml version='1.0' encoding='utf-8' ?><Request ID='20200217165135402'><General><Token>10000175810000508208491522981846</Token></General><Data></Data></Request>"}
[2020-02-17 16:51:35] 200 - OK - application/json
[2020-02-17 16:51:35] REQUEST POST - https://localhost:8082/public/ws/Config.asmx/All_Get
[2020-02-17 16:51:35] ---- FROM  ::1 (WinNT)
[2020-02-17 16:51:35] ---- BROWSER:  Firefox 73.0 (Mozilla/5.0 (Windows NT 10.0; Win64; x64; rv:73.0) Gecko/20100101 Firefox/73.0)
[2020-02-17 16:51:35] ---- CONTENT: {data : "<?xml version='1.0' encoding='utf-8' ?><Request ID='20200217165135507'><General><Token>10000175810000508208491522981846</Token></General><Data></Data></Request>"}
[2020-02-17 16:51:35] REQUEST POST - https://localhost:8082/public/ws/Economics.asmx/messaggi_summary
[2020-02-17 16:51:35] ---- FROM  ::1 (WinNT)
[2020-02-17 16:51:35] ---- BROWSER:  Firefox 73.0 (Mozilla/5.0 (Windows NT 10.0; Win64; x64; rv:73.0) Gecko/20100101 Firefox/73.0)
[2020-02-17 16:51:35] ---- CONTENT: {data : "<?xml version='1.0' encoding='utf-8' ?><Request ID='20200217165135571'><General><Token>10000175810000508208491522981846</Token></General><Data></Data></Request>"}
[2020-02-17 16:51:35] 200 - OK - application/json
[2020-02-17 16:51:35] 200 - OK - application/json
[2020-02-17 16:51:35] REQUEST POST - https://localhost:8082/public/ws/Config.asmx/All_Get
[2020-02-17 16:51:35] ---- FROM  ::1 (WinNT)
[2020-02-17 16:51:35] ---- BROWSER:  Firefox 73.0 (Mozilla/5.0 (Windows NT 10.0; Win64; x64; rv:73.0) Gecko/20100101 Firefox/73.0)
[2020-02-17 16:51:35] ---- CONTENT: {data : "<?xml version='1.0' encoding='utf-8' ?><Request ID='20200217165135679'><General><Token>10000175810000508208491522981846</Token></General><Data></Data></Request>"}
[2020-02-17 16:51:35] REQUEST POST - https://localhost:8082/public/ws/Config.asmx/All_Get
[2020-02-17 16:51:35] ---- FROM  ::1 (WinNT)
[2020-02-17 16:51:35] ---- BROWSER:  Firefox 73.0 (Mozilla/5.0 (Windows NT 10.0; Win64; x64; rv:73.0) Gecko/20100101 Firefox/73.0)
[2020-02-17 16:51:35] ---- CONTENT: {data : "<?xml version='1.0' encoding='utf-8' ?><Request ID='20200217165135691'><General><Token>10000175810000508208491522981846</Token></General><Data></Data></Request>"}
[2020-02-17 16:51:35] 200 - OK - application/json
[2020-02-17 16:51:35] 200 - OK - application/json
[2020-02-17 16:52:34] REQUEST GET - https://localhost:8082/settings/settings
[2020-02-17 16:52:34] ---- FROM  ::1 (WinNT)
[2020-02-17 16:52:34] ---- BROWSER:  Firefox 73.0 (Mozilla/5.0 (Windows NT 10.0; Win64; x64; rv:73.0) Gecko/20100101 Firefox/73.0)
[2020-02-17 16:52:34] 200 - OK - text/html
[2020-02-17 16:52:34] REQUEST POST - https://localhost:8082/public/ws/Config.asmx/General_Get
[2020-02-17 16:52:34] ---- FROM  ::1 (WinNT)
[2020-02-17 16:52:34] ---- BROWSER:  Firefox 73.0 (Mozilla/5.0 (Windows NT 10.0; Win64; x64; rv:73.0) Gecko/20100101 Firefox/73.0)
[2020-02-17 16:52:34] ---- CONTENT: {data : "<?xml version='1.0' encoding='utf-8' ?><Request ID='20200217165234863'><General><Token>10000175810000508208491522981846</Token></General><Data></Data></Request>"}
[2020-02-17 16:52:34] 200 - OK - application/json
[2020-02-17 16:52:34] REQUEST POST - https://localhost:8082/public/ws/Config.asmx/All_Get
[2020-02-17 16:52:34] ---- FROM  ::1 (WinNT)
[2020-02-17 16:52:34] ---- BROWSER:  Firefox 73.0 (Mozilla/5.0 (Windows NT 10.0; Win64; x64; rv:73.0) Gecko/20100101 Firefox/73.0)
[2020-02-17 16:52:34] ---- CONTENT: {data : "<?xml version='1.0' encoding='utf-8' ?><Request ID='20200217165234939'><General><Token>10000175810000508208491522981846</Token></General><Data></Data></Request>"}
[2020-02-17 16:52:35] REQUEST POST - https://localhost:8082/public/ws/Economics.asmx/messaggi_summary
[2020-02-17 16:52:35] ---- FROM  ::1 (WinNT)
[2020-02-17 16:52:35] ---- BROWSER:  Firefox 73.0 (Mozilla/5.0 (Windows NT 10.0; Win64; x64; rv:73.0) Gecko/20100101 Firefox/73.0)
[2020-02-17 16:52:35] ---- CONTENT: {data : "<?xml version='1.0' encoding='utf-8' ?><Request ID='202002171652355'><General><Token>10000175810000508208491522981846</Token></General><Data></Data></Request>"}
[2020-02-17 16:52:35] 200 - OK - application/json
[2020-02-17 16:52:35] 200 - OK - application/json
[2020-02-17 16:52:35] REQUEST POST - https://localhost:8082/public/ws/Config.asmx/All_Get
[2020-02-17 16:52:35] ---- FROM  ::1 (WinNT)
[2020-02-17 16:52:35] ---- BROWSER:  Firefox 73.0 (Mozilla/5.0 (Windows NT 10.0; Win64; x64; rv:73.0) Gecko/20100101 Firefox/73.0)
[2020-02-17 16:52:35] ---- CONTENT: {data : "<?xml version='1.0' encoding='utf-8' ?><Request ID='20200217165235142'><General><Token>10000175810000508208491522981846</Token></General><Data></Data></Request>"}
[2020-02-17 16:52:35] REQUEST POST - https://localhost:8082/public/ws/Config.asmx/All_Get
[2020-02-17 16:52:35] ---- FROM  ::1 (WinNT)
[2020-02-17 16:52:35] ---- BROWSER:  Firefox 73.0 (Mozilla/5.0 (Windows NT 10.0; Win64; x64; rv:73.0) Gecko/20100101 Firefox/73.0)
[2020-02-17 16:52:35] ---- CONTENT: {data : "<?xml version='1.0' encoding='utf-8' ?><Request ID='20200217165235201'><General><Token>10000175810000508208491522981846</Token></General><Data></Data></Request>"}
[2020-02-17 16:52:35] REQUEST GET - https://localhost:8082/public/ws/Resources.ashx/xml-general
[2020-02-17 16:52:35] REQUEST GET - https://localhost:8082/public/ws/Resources.ashx/xml-general
[2020-02-17 16:52:35] ---- FROM  ::1 (WinNT)
[2020-02-17 16:52:35] ---- BROWSER:  Firefox 73.0 (Mozilla/5.0 (Windows NT 10.0; Win64; x64; rv:73.0) Gecko/20100101 Firefox/73.0)
[2020-02-17 16:52:35] 200 - OK - application/json
[2020-02-17 16:52:35] ---- FROM  ::1 (WinNT)
[2020-02-17 16:52:35] ---- BROWSER:  Firefox 73.0 (Mozilla/5.0 (Windows NT 10.0; Win64; x64; rv:73.0) Gecko/20100101 Firefox/73.0)
[2020-02-17 16:52:35] 200 - OK - text/xml
[2020-02-17 16:52:35] 200 - OK - application/json
[2020-02-17 16:52:35] 200 - OK - text/xml
[2020-02-17 16:52:47] REQUEST GET - https://localhost:8082/home/welcome
[2020-02-17 16:52:47] ---- FROM  ::1 (WinNT)
[2020-02-17 16:52:47] ---- BROWSER:  Firefox 73.0 (Mozilla/5.0 (Windows NT 10.0; Win64; x64; rv:73.0) Gecko/20100101 Firefox/73.0)
[2020-02-17 16:52:47] 200 - OK - text/html
[2020-02-17 16:52:48] REQUEST POST - https://localhost:8082/public/ws/General.asmx/Set
[2020-02-17 16:52:48] ---- FROM  ::1 (WinNT)
[2020-02-17 16:52:48] ---- BROWSER:  Firefox 73.0 (Mozilla/5.0 (Windows NT 10.0; Win64; x64; rv:73.0) Gecko/20100101 Firefox/73.0)
[2020-02-17 16:52:48] ---- CONTENT: {data : "<?xml version='1.0' encoding='utf-8' ?><Request ID='20200217165248378'><General><Token>10000175810000508208491522981846</Token></General><Data><Nome>Business Plane Rinominato</Nome><Logo></Logo></Data></Request>"}
[2020-02-17 16:52:48] 200 - OK - application/json
[2020-02-17 16:52:48] REQUEST POST - https://localhost:8082/public/ws/Config.asmx/Economics_Get
[2020-02-17 16:52:48] ---- FROM  ::1 (WinNT)
[2020-02-17 16:52:48] ---- BROWSER:  Firefox 73.0 (Mozilla/5.0 (Windows NT 10.0; Win64; x64; rv:73.0) Gecko/20100101 Firefox/73.0)
[2020-02-17 16:52:48] ---- CONTENT: {data : "<?xml version='1.0' encoding='utf-8' ?><Request ID='20200217165248405'><General><Token>10000175810000508208491522981846</Token></General><Data></Data></Request>"}
[2020-02-17 16:52:48] 200 - OK - application/json
[2020-02-17 16:52:48] REQUEST POST - https://localhost:8082/public/ws/Config.asmx/All_Get
[2020-02-17 16:52:48] ---- FROM  ::1 (WinNT)
[2020-02-17 16:52:48] ---- BROWSER:  Firefox 73.0 (Mozilla/5.0 (Windows NT 10.0; Win64; x64; rv:73.0) Gecko/20100101 Firefox/73.0)
[2020-02-17 16:52:48] ---- CONTENT: {data : "<?xml version='1.0' encoding='utf-8' ?><Request ID='20200217165248505'><General><Token>10000175810000508208491522981846</Token></General><Data></Data></Request>"}
[2020-02-17 16:52:48] REQUEST POST - https://localhost:8082/public/ws/Economics.asmx/messaggi_summary
[2020-02-17 16:52:48] ---- FROM  ::1 (WinNT)
[2020-02-17 16:52:48] ---- BROWSER:  Firefox 73.0 (Mozilla/5.0 (Windows NT 10.0; Win64; x64; rv:73.0) Gecko/20100101 Firefox/73.0)
[2020-02-17 16:52:48] ---- CONTENT: {data : "<?xml version='1.0' encoding='utf-8' ?><Request ID='20200217165248552'><General><Token>10000175810000508208491522981846</Token></General><Data></Data></Request>"}
[2020-02-17 16:52:48] 200 - OK - application/json
[2020-02-17 16:52:48] 200 - OK - application/json
[2020-02-17 16:52:48] REQUEST POST - https://localhost:8082/public/ws/Config.asmx/All_Get
[2020-02-17 16:52:48] ---- FROM  ::1 (WinNT)
[2020-02-17 16:52:48] ---- BROWSER:  Firefox 73.0 (Mozilla/5.0 (Windows NT 10.0; Win64; x64; rv:73.0) Gecko/20100101 Firefox/73.0)
[2020-02-17 16:52:48] ---- CONTENT: {data : "<?xml version='1.0' encoding='utf-8' ?><Request ID='20200217165248682'><General><Token>10000175810000508208491522981846</Token></General><Data></Data></Request>"}
[2020-02-17 16:52:48] REQUEST POST - https://localhost:8082/public/ws/Config.asmx/All_Get
[2020-02-17 16:52:48] ---- FROM  ::1 (WinNT)
[2020-02-17 16:52:48] ---- BROWSER:  Firefox 73.0 (Mozilla/5.0 (Windows NT 10.0; Win64; x64; rv:73.0) Gecko/20100101 Firefox/73.0)
[2020-02-17 16:52:48] ---- CONTENT: {data : "<?xml version='1.0' encoding='utf-8' ?><Request ID='20200217165248685'><General><Token>10000175810000508208491522981846</Token></General><Data></Data></Request>"}
[2020-02-17 16:52:48] 200 - OK - application/json
[2020-02-17 16:52:48] 200 - OK - application/json
[2020-02-17 16:55:56] REQUEST GET - https://localhost:8082/economics/conto-economico
[2020-02-17 16:55:56] ---- FROM  ::1 (WinNT)
[2020-02-17 16:55:56] ---- BROWSER:  Firefox 73.0 (Mozilla/5.0 (Windows NT 10.0; Win64; x64; rv:73.0) Gecko/20100101 Firefox/73.0)
[2020-02-17 16:55:56] 200 - OK - text/html
[2020-02-17 16:55:57] REQUEST POST - https://localhost:8082/public/ws/Economics.asmx/ContoEconomico
[2020-02-17 16:55:57] ---- FROM  ::1 (WinNT)
[2020-02-17 16:55:57] ---- BROWSER:  Firefox 73.0 (Mozilla/5.0 (Windows NT 10.0; Win64; x64; rv:73.0) Gecko/20100101 Firefox/73.0)
[2020-02-17 16:55:57] ---- CONTENT: {data : "<?xml version='1.0' encoding='utf-8' ?><Request ID='20200217165557296'><General><Token>10000175810000508208491522981846</Token></General><Data></Data></Request>"}
[2020-02-17 16:55:57] 200 - OK - application/json
[2020-02-17 16:55:57] REQUEST GET - https://localhost:8082/public/ws/Resources.ashx/xml-economics/10000175810000508208491522981846
[2020-02-17 16:55:57] ---- FROM  ::1 (WinNT)
[2020-02-17 16:55:57] ---- BROWSER:  Firefox 73.0 (Mozilla/5.0 (Windows NT 10.0; Win64; x64; rv:73.0) Gecko/20100101 Firefox/73.0)
[2020-02-17 16:55:57] REQUEST POST - https://localhost:8082/public/ws/Config.asmx/All_Get
[2020-02-17 16:55:57] ---- FROM  ::1 (WinNT)
[2020-02-17 16:55:57] ---- BROWSER:  Firefox 73.0 (Mozilla/5.0 (Windows NT 10.0; Win64; x64; rv:73.0) Gecko/20100101 Firefox/73.0)
[2020-02-17 16:55:57] ---- CONTENT: {data : "<?xml version='1.0' encoding='utf-8' ?><Request ID='20200217165557377'><General><Token>10000175810000508208491522981846</Token></General><Data></Data></Request>"}
[2020-02-17 16:55:57] REQUEST POST - https://localhost:8082/public/ws/Economics.asmx/messaggi_summary
[2020-02-17 16:55:57] ---- FROM  ::1 (WinNT)
[2020-02-17 16:55:57] ---- BROWSER:  Firefox 73.0 (Mozilla/5.0 (Windows NT 10.0; Win64; x64; rv:73.0) Gecko/20100101 Firefox/73.0)
[2020-02-17 16:55:57] 200 - OK - text/xml
[2020-02-17 16:55:57] ---- CONTENT: {data : "<?xml version='1.0' encoding='utf-8' ?><Request ID='20200217165557448'><General><Token>10000175810000508208491522981846</Token></General><Data></Data></Request>"}
[2020-02-17 16:55:57] 200 - OK - application/json
[2020-02-17 16:55:57] 200 - OK - application/json
[2020-02-17 16:55:58] REQUEST POST - https://localhost:8082/public/ws/Config.asmx/All_Get
[2020-02-17 16:55:58] ---- FROM  ::1 (WinNT)
[2020-02-17 16:55:58] ---- BROWSER:  Firefox 73.0 (Mozilla/5.0 (Windows NT 10.0; Win64; x64; rv:73.0) Gecko/20100101 Firefox/73.0)
[2020-02-17 16:55:58] ---- CONTENT: {data : "<?xml version='1.0' encoding='utf-8' ?><Request ID='20200217165558240'><General><Token>10000175810000508208491522981846</Token></General><Data></Data></Request>"}
[2020-02-17 16:55:58] REQUEST POST - https://localhost:8082/public/ws/Config.asmx/All_Get
[2020-02-17 16:55:58] ---- FROM  ::1 (WinNT)
[2020-02-17 16:55:58] ---- BROWSER:  Firefox 73.0 (Mozilla/5.0 (Windows NT 10.0; Win64; x64; rv:73.0) Gecko/20100101 Firefox/73.0)
[2020-02-17 16:55:58] ---- CONTENT: {data : "<?xml version='1.0' encoding='utf-8' ?><Request ID='20200217165558290'><General><Token>10000175810000508208491522981846</Token></General><Data></Data></Request>"}
[2020-02-17 16:55:58] 200 - OK - application/json
[2020-02-17 16:55:58] 200 - OK - application/json
