[2020-03-19 15:20:07] REQUEST POST - http://localhost:6060/public/aspx/Home.aspx
[2020-03-19 15:20:07] ---- FROM  ::1 (WinNT)
[2020-03-19 15:20:07] ---- BROWSER:  Firefox 74.0 (Mozilla/5.0 (Windows NT 10.0; Win64; x64; rv:74.0) Gecko/20100101 Firefox/74.0)
[2020-03-19 15:20:07] ---- CONTENT: Token%3D11111121252221224308000011333382%26TokenApiRest%3DeyJ0eXAiOiJKV1QiLCJhbGciOiJIUzI1NiJ9.eyJpc3MiOiJodHRwczpcL1wvd3d3cy5kZXYteWVhcC5pdCIsImlhdCI6MTU0MjI5NDMyMSwibmJmIjoxNTQyMjk0MzIxLCJleHAiOjE1NDI4OTkxMjEsImRhdGEiOnsidXNlciI6eyJpZCI6IjQ0In19fQ.RCP5OeoGASxAyBw1MbMD4BFJAcDM5JIXqYXKBALZcJI%26Logo%3Dhttps%3A%2F%2Flocalhost%3A8082%2Fscratch%2Fpl_logo.png%26Title%3DDitta%2520Rossi%2520%2526%2520Verdi%26isODC%3D1%26ruolo%3D0%26trial_expired%3Dfalse=
[2020-03-19 15:20:17] 302 - Found - text/html
[2020-03-19 15:20:17] REQUEST GET - http://localhost:6060/home/welcome
[2020-03-19 15:20:17] ---- FROM  ::1 (WinNT)
[2020-03-19 15:20:17] ---- BROWSER:  Firefox 74.0 (Mozilla/5.0 (Windows NT 10.0; Win64; x64; rv:74.0) Gecko/20100101 Firefox/74.0)
[2020-03-19 15:20:20] 200 - OK - text/html
[2020-03-19 15:20:22] REQUEST POST - http://localhost:6060/public/ws/General.asmx/Set
[2020-03-19 15:20:22] ---- FROM  ::1 (WinNT)
[2020-03-19 15:20:22] ---- BROWSER:  Firefox 74.0 (Mozilla/5.0 (Windows NT 10.0; Win64; x64; rv:74.0) Gecko/20100101 Firefox/74.0)
[2020-03-19 15:20:22] ---- CONTENT: {data : "<?xml version='1.0' encoding='utf-8' ?><Request ID='20200319152022962'><General><Token>11111121252221224308000011333382</Token></General><Data><Nome>Ditta%20Rossi%20%26%20Verdi</Nome><Logo>https%3A%2F%2Flocalhost%3A8082%2Fscratch%2Fpl_logo.png</Logo></Data></Request>"}
[2020-03-19 15:20:55] 200 - OK - application/json
[2020-03-19 15:20:55] REQUEST POST - http://localhost:6060/public/ws/Config.asmx/Economics_Get
[2020-03-19 15:20:55] ---- FROM  ::1 (WinNT)
[2020-03-19 15:20:55] ---- BROWSER:  Firefox 74.0 (Mozilla/5.0 (Windows NT 10.0; Win64; x64; rv:74.0) Gecko/20100101 Firefox/74.0)
[2020-03-19 15:20:55] ---- CONTENT: {data : "<?xml version='1.0' encoding='utf-8' ?><Request ID='20200319152055227'><General><Token>11111121252221224308000011333382</Token></General><Data></Data></Request>"}
[2020-03-19 15:20:55] 200 - OK - application/json
[2020-03-19 15:20:55] REQUEST POST - http://localhost:6060/public/ws/Config.asmx/All_Get
[2020-03-19 15:20:55] ---- FROM  ::1 (WinNT)
[2020-03-19 15:20:55] ---- BROWSER:  Firefox 74.0 (Mozilla/5.0 (Windows NT 10.0; Win64; x64; rv:74.0) Gecko/20100101 Firefox/74.0)
[2020-03-19 15:20:55] ---- CONTENT: {data : "<?xml version='1.0' encoding='utf-8' ?><Request ID='20200319152055964'><General><Token>11111121252221224308000011333382</Token></General><Data></Data></Request>"}
[2020-03-19 15:20:56] REQUEST POST - http://localhost:6060/public/ws/Economics.asmx/messaggi_summary
[2020-03-19 15:20:56] ---- FROM  ::1 (WinNT)
[2020-03-19 15:20:56] ---- BROWSER:  Firefox 74.0 (Mozilla/5.0 (Windows NT 10.0; Win64; x64; rv:74.0) Gecko/20100101 Firefox/74.0)
[2020-03-19 15:20:56] ---- CONTENT: {data : "<?xml version='1.0' encoding='utf-8' ?><Request ID='20200319152056152'><General><Token>11111121252221224308000011333382</Token></General><Data></Data></Request>"}
[2020-03-19 15:20:57] REQUEST POST - http://localhost:6060/public/ws/Config.asmx/All_Get
[2020-03-19 15:20:57] ---- FROM  ::1 (WinNT)
[2020-03-19 15:20:57] ---- BROWSER:  Firefox 74.0 (Mozilla/5.0 (Windows NT 10.0; Win64; x64; rv:74.0) Gecko/20100101 Firefox/74.0)
[2020-03-19 15:20:57] ---- CONTENT: {data : "<?xml version='1.0' encoding='utf-8' ?><Request ID='2020031915205766'><General><Token>11111121252221224308000011333382</Token></General><Data></Data></Request>"}
[2020-03-19 15:20:57] 200 - OK - application/json
[2020-03-19 15:20:57] 200 - OK - application/json
[2020-03-19 15:20:57] 200 - OK - application/json
[2020-03-19 15:20:57] REQUEST POST - http://localhost:6060/public/ws/Config.asmx/All_Get
[2020-03-19 15:20:57] ---- FROM  ::1 (WinNT)
[2020-03-19 15:20:57] ---- BROWSER:  Firefox 74.0 (Mozilla/5.0 (Windows NT 10.0; Win64; x64; rv:74.0) Gecko/20100101 Firefox/74.0)
[2020-03-19 15:20:57] ---- CONTENT: {data : "<?xml version='1.0' encoding='utf-8' ?><Request ID='20200319152057428'><General><Token>11111121252221224308000011333382</Token></General><Data></Data></Request>"}
[2020-03-19 15:20:57] 200 - OK - application/json
