[2020-01-27 15:38:12] REQUEST POST - https://localhost:8082/public/aspx/Home.aspx
[2020-01-27 15:38:12] ---- FROM  ::1 (WinNT)
[2020-01-27 15:38:12] ---- BROWSER:  Firefox 72.0 (Mozilla/5.0 (Windows NT 10.0; Win64; x64; rv:72.0) Gecko/20100101 Firefox/72.0)
[2020-01-27 15:38:12] ---- CONTENT: Token%3D11111121252221224308000011333382%26TokenApiRest%3DeyJ0eXAiOiJKV1QiLCJhbGciOiJIUzI1NiJ9.eyJpc3MiOiJodHRwczpcL1wvd3d3cy5kZXYteWVhcC5pdCIsImlhdCI6MTU0MjI5NDMyMSwibmJmIjoxNTQyMjk0MzIxLCJleHAiOjE1NDI4OTkxMjEsImRhdGEiOnsidXNlciI6eyJpZCI6IjQ0In19fQ.RCP5OeoGASxAyBw1MbMD4BFJAcDM5JIXqYXKBALZcJI%26Logo%3Dhttps%3A%2F%2Flocalhost%3A8082%2Fscratch%2Fpl_logo.png%26Title%3DBusiness+Plan+Test+nr.+1%26isODC%3D1%26ruolo%3D0=
[2020-01-27 15:38:22] 302 - Found - text/html
[2020-01-27 15:38:22] REQUEST GET - https://localhost:8082/home/welcome
[2020-01-27 15:38:22] ---- FROM  ::1 (WinNT)
[2020-01-27 15:38:22] ---- BROWSER:  Firefox 72.0 (Mozilla/5.0 (Windows NT 10.0; Win64; x64; rv:72.0) Gecko/20100101 Firefox/72.0)
[2020-01-27 15:38:26] 200 - OK - text/html
[2020-01-27 15:38:28] REQUEST POST - https://localhost:8082/public/ws/General.asmx/Set
[2020-01-27 15:38:28] ---- FROM  ::1 (WinNT)
[2020-01-27 15:38:28] ---- BROWSER:  Firefox 72.0 (Mozilla/5.0 (Windows NT 10.0; Win64; x64; rv:72.0) Gecko/20100101 Firefox/72.0)
[2020-01-27 15:38:28] ---- CONTENT: {data : "<?xml version='1.0' encoding='utf-8' ?><Request ID='20200127153828378'><General><Token>11111121252221224308000011333382</Token></General><Data><Nome>Business Plan Test nr. 1</Nome><Logo>https%3A%2F%2Flocalhost%3A8082%2Fscratch%2Fpl_logo.png</Logo></Data></Request>"}
[2020-01-27 15:38:28] 200 - OK - application/json
[2020-01-27 15:38:28] REQUEST POST - https://localhost:8082/public/ws/Config.asmx/Economics_Get
[2020-01-27 15:38:28] ---- FROM  ::1 (WinNT)
[2020-01-27 15:38:28] ---- BROWSER:  Firefox 72.0 (Mozilla/5.0 (Windows NT 10.0; Win64; x64; rv:72.0) Gecko/20100101 Firefox/72.0)
[2020-01-27 15:38:28] ---- CONTENT: {data : "<?xml version='1.0' encoding='utf-8' ?><Request ID='20200127153828835'><General><Token>11111121252221224308000011333382</Token></General><Data></Data></Request>"}
[2020-01-27 15:38:29] 200 - OK - application/json
[2020-01-27 15:38:29] REQUEST POST - https://localhost:8082/public/ws/Config.asmx/All_Get
[2020-01-27 15:38:29] ---- FROM  ::1 (WinNT)
[2020-01-27 15:38:29] ---- BROWSER:  Firefox 72.0 (Mozilla/5.0 (Windows NT 10.0; Win64; x64; rv:72.0) Gecko/20100101 Firefox/72.0)
[2020-01-27 15:38:29] ---- CONTENT: {data : "<?xml version='1.0' encoding='utf-8' ?><Request ID='20200127153829426'><General><Token>11111121252221224308000011333382</Token></General><Data></Data></Request>"}
[2020-01-27 15:38:29] REQUEST POST - https://localhost:8082/public/ws/Economics.asmx/messaggi_summary
[2020-01-27 15:38:29] ---- FROM  ::1 (WinNT)
[2020-01-27 15:38:29] ---- BROWSER:  Firefox 72.0 (Mozilla/5.0 (Windows NT 10.0; Win64; x64; rv:72.0) Gecko/20100101 Firefox/72.0)
[2020-01-27 15:38:29] ---- CONTENT: {data : "<?xml version='1.0' encoding='utf-8' ?><Request ID='20200127153829570'><General><Token>11111121252221224308000011333382</Token></General><Data></Data></Request>"}
[2020-01-27 15:38:29] 200 - OK - application/json
[2020-01-27 15:38:29] 200 - OK - application/json
[2020-01-27 15:38:29] REQUEST POST - https://localhost:8082/public/ws/Config.asmx/All_Get
[2020-01-27 15:38:29] ---- FROM  ::1 (WinNT)
[2020-01-27 15:38:29] ---- BROWSER:  Firefox 72.0 (Mozilla/5.0 (Windows NT 10.0; Win64; x64; rv:72.0) Gecko/20100101 Firefox/72.0)
[2020-01-27 15:38:29] ---- CONTENT: {data : "<?xml version='1.0' encoding='utf-8' ?><Request ID='20200127153829911'><General><Token>11111121252221224308000011333382</Token></General><Data></Data></Request>"}
[2020-01-27 15:38:30] 200 - OK - application/json
[2020-01-27 15:38:30] REQUEST POST - https://localhost:8082/public/ws/Config.asmx/All_Get
[2020-01-27 15:38:30] ---- FROM  ::1 (WinNT)
[2020-01-27 15:38:30] ---- BROWSER:  Firefox 72.0 (Mozilla/5.0 (Windows NT 10.0; Win64; x64; rv:72.0) Gecko/20100101 Firefox/72.0)
[2020-01-27 15:38:30] ---- CONTENT: {data : "<?xml version='1.0' encoding='utf-8' ?><Request ID='20200127153830478'><General><Token>11111121252221224308000011333382</Token></General><Data></Data></Request>"}
[2020-01-27 15:38:30] 200 - OK - application/json
[2020-01-27 15:39:09] REQUEST POST - https://localhost:8082/public/ws/Reports.asmx/Economics
[2020-01-27 15:39:09] ---- FROM  ::1 (WinNT)
[2020-01-27 15:39:09] ---- BROWSER:  Firefox 72.0 (Mozilla/5.0 (Windows NT 10.0; Win64; x64; rv:72.0) Gecko/20100101 Firefox/72.0)
[2020-01-27 15:39:09] ---- CONTENT: {data : "<?xml version='1.0' encoding='utf-8' ?><Request ID='20200127153909809'><General><Token>11111121252221224308000011333382</Token></General><Data><Format>5</Format></Data></Request>"}
[2020-01-27 15:39:48] 200 - OK - application/json
