[2020-02-19 11:26:55] REQUEST POST - https://localhost:8082/public/aspx/Home.aspx
[2020-02-19 11:26:55] ---- FROM  ::1 (WinNT)
[2020-02-19 11:26:55] ---- BROWSER:  Firefox 73.0 (Mozilla/5.0 (Windows NT 10.0; Win64; x64; rv:73.0) Gecko/20100101 Firefox/73.0)
[2020-02-19 11:26:55] ---- CONTENT: Token%3D11111121252221224308000011333382%26TokenApiRest%3DeyJ0eXAiOiJKV1QiLCJhbGciOiJIUzI1NiJ9.eyJpc3MiOiJodHRwczpcL1wvd3d3cy5kZXYteWVhcC5pdCIsImlhdCI6MTU0MjI5NDMyMSwibmJmIjoxNTQyMjk0MzIxLCJleHAiOjE1NDI4OTkxMjEsImRhdGEiOnsidXNlciI6eyJpZCI6IjQ0In19fQ.RCP5OeoGASxAyBw1MbMD4BFJAcDM5JIXqYXKBALZcJI%26Logo%3Dhttps%3A%2F%2Flocalhost%3A8082%2Fscratch%2Fpl_logo.png%26Title%3DDitta%2520Rossi%2520%2526%2520Verdi%26isODC%3D1%26ruolo%3D0%26trial_expired%3Dfalse=
[2020-02-19 11:26:55] 302 - Found - text/html
[2020-02-19 11:26:55] REQUEST GET - https://localhost:8082/home/welcome
[2020-02-19 11:26:55] ---- FROM  ::1 (WinNT)
[2020-02-19 11:26:55] ---- BROWSER:  Firefox 73.0 (Mozilla/5.0 (Windows NT 10.0; Win64; x64; rv:73.0) Gecko/20100101 Firefox/73.0)
[2020-02-19 11:26:55] 200 - OK - text/html
[2020-02-19 11:26:55] REQUEST POST - https://localhost:8082/public/ws/General.asmx/Set
[2020-02-19 11:26:55] ---- FROM  ::1 (WinNT)
[2020-02-19 11:26:55] ---- BROWSER:  Firefox 73.0 (Mozilla/5.0 (Windows NT 10.0; Win64; x64; rv:73.0) Gecko/20100101 Firefox/73.0)
[2020-02-19 11:26:55] ---- CONTENT: {data : "<?xml version='1.0' encoding='utf-8' ?><Request ID='20200219112655956'><General><Token>11111121252221224308000011333382</Token></General><Data><Nome>Ditta%20Rossi%20%26%20Verdi</Nome><Logo>https%3A%2F%2Flocalhost%3A8082%2Fscratch%2Fpl_logo.png</Logo></Data></Request>"}
[2020-02-19 11:26:56] 200 - OK - application/json
[2020-02-19 11:26:56] REQUEST POST - https://localhost:8082/public/ws/Config.asmx/Economics_Get
[2020-02-19 11:26:56] ---- FROM  ::1 (WinNT)
[2020-02-19 11:26:56] ---- BROWSER:  Firefox 73.0 (Mozilla/5.0 (Windows NT 10.0; Win64; x64; rv:73.0) Gecko/20100101 Firefox/73.0)
[2020-02-19 11:26:56] ---- CONTENT: {data : "<?xml version='1.0' encoding='utf-8' ?><Request ID='20200219112656383'><General><Token>11111121252221224308000011333382</Token></General><Data></Data></Request>"}
[2020-02-19 11:26:56] 200 - OK - application/json
[2020-02-19 11:26:56] REQUEST POST - https://localhost:8082/public/ws/Config.asmx/All_Get
[2020-02-19 11:26:56] ---- FROM  ::1 (WinNT)
[2020-02-19 11:26:56] ---- BROWSER:  Firefox 73.0 (Mozilla/5.0 (Windows NT 10.0; Win64; x64; rv:73.0) Gecko/20100101 Firefox/73.0)
[2020-02-19 11:26:56] REQUEST POST - https://localhost:8082/public/ws/Economics.asmx/messaggi_summary
[2020-02-19 11:26:56] ---- FROM  ::1 (WinNT)
[2020-02-19 11:26:56] ---- CONTENT: {data : "<?xml version='1.0' encoding='utf-8' ?><Request ID='20200219112656666'><General><Token>11111121252221224308000011333382</Token></General><Data></Data></Request>"}
[2020-02-19 11:26:56] ---- BROWSER:  Firefox 73.0 (Mozilla/5.0 (Windows NT 10.0; Win64; x64; rv:73.0) Gecko/20100101 Firefox/73.0)
[2020-02-19 11:26:56] REQUEST POST - https://localhost:8082/public/ws/Config.asmx/All_Get
[2020-02-19 11:26:56] ---- FROM  ::1 (WinNT)
[2020-02-19 11:26:56] ---- CONTENT: {data : "<?xml version='1.0' encoding='utf-8' ?><Request ID='20200219112656736'><General><Token>11111121252221224308000011333382</Token></General><Data></Data></Request>"}
[2020-02-19 11:26:56] ---- BROWSER:  Firefox 73.0 (Mozilla/5.0 (Windows NT 10.0; Win64; x64; rv:73.0) Gecko/20100101 Firefox/73.0)
[2020-02-19 11:26:56] ---- CONTENT: {data : "<?xml version='1.0' encoding='utf-8' ?><Request ID='20200219112656876'><General><Token>11111121252221224308000011333382</Token></General><Data></Data></Request>"}
[2020-02-19 11:26:57] 200 - OK - application/json
[2020-02-19 11:26:57] 200 - OK - application/json
[2020-02-19 11:26:57] 200 - OK - application/json
[2020-02-19 11:26:57] REQUEST POST - https://localhost:8082/public/ws/Config.asmx/All_Get
[2020-02-19 11:26:57] ---- FROM  ::1 (WinNT)
[2020-02-19 11:26:57] ---- BROWSER:  Firefox 73.0 (Mozilla/5.0 (Windows NT 10.0; Win64; x64; rv:73.0) Gecko/20100101 Firefox/73.0)
[2020-02-19 11:26:57] ---- CONTENT: {data : "<?xml version='1.0' encoding='utf-8' ?><Request ID='20200219112657280'><General><Token>11111121252221224308000011333382</Token></General><Data></Data></Request>"}
[2020-02-19 11:26:57] 200 - OK - application/json
[2020-02-19 11:27:05] REQUEST GET - https://localhost:8082/economics/anno-precedente-insert
[2020-02-19 11:27:05] ---- FROM  ::1 (WinNT)
[2020-02-19 11:27:05] ---- BROWSER:  Firefox 73.0 (Mozilla/5.0 (Windows NT 10.0; Win64; x64; rv:73.0) Gecko/20100101 Firefox/73.0)
[2020-02-19 11:27:05] 200 - OK - text/html
[2020-02-19 11:27:06] REQUEST POST - https://localhost:8082/public/ws/AnnoPrec.asmx/Get
[2020-02-19 11:27:06] ---- FROM  ::1 (WinNT)
[2020-02-19 11:27:06] ---- BROWSER:  Firefox 73.0 (Mozilla/5.0 (Windows NT 10.0; Win64; x64; rv:73.0) Gecko/20100101 Firefox/73.0)
[2020-02-19 11:27:06] ---- CONTENT: {data : "<?xml version='1.0' encoding='utf-8' ?><Request ID='20200219112706395'><General><Token>11111121252221224308000011333382</Token></General><Data></Data></Request>"}
[2020-02-19 11:27:06] 200 - OK - application/json
[2020-02-19 11:27:06] REQUEST POST - https://localhost:8082/public/ws/Config.asmx/All_Get
[2020-02-19 11:27:06] ---- FROM  ::1 (WinNT)
[2020-02-19 11:27:06] ---- BROWSER:  Firefox 73.0 (Mozilla/5.0 (Windows NT 10.0; Win64; x64; rv:73.0) Gecko/20100101 Firefox/73.0)
[2020-02-19 11:27:06] ---- CONTENT: {data : "<?xml version='1.0' encoding='utf-8' ?><Request ID='20200219112706592'><General><Token>11111121252221224308000011333382</Token></General><Data></Data></Request>"}
[2020-02-19 11:27:06] REQUEST POST - https://localhost:8082/public/ws/Economics.asmx/messaggi_summary
[2020-02-19 11:27:06] ---- FROM  ::1 (WinNT)
[2020-02-19 11:27:06] 200 - OK - application/json
[2020-02-19 11:27:06] REQUEST GET - https://localhost:8082/public/ws/Resources.ashx/xml-economics/11111121252221224308000011333382
[2020-02-19 11:27:06] ---- FROM  ::1 (WinNT)
[2020-02-19 11:27:06] ---- BROWSER:  Firefox 73.0 (Mozilla/5.0 (Windows NT 10.0; Win64; x64; rv:73.0) Gecko/20100101 Firefox/73.0)
[2020-02-19 11:27:06] ---- CONTENT: {data : "<?xml version='1.0' encoding='utf-8' ?><Request ID='20200219112706654'><General><Token>11111121252221224308000011333382</Token></General><Data></Data></Request>"}
[2020-02-19 11:27:06] ---- BROWSER:  Firefox 73.0 (Mozilla/5.0 (Windows NT 10.0; Win64; x64; rv:73.0) Gecko/20100101 Firefox/73.0)
[2020-02-19 11:27:06] 200 - OK - application/json
[2020-02-19 11:27:06] 200 - OK - text/xml
[2020-02-19 11:27:06] REQUEST POST - https://localhost:8082/public/ws/Config.asmx/All_Get
[2020-02-19 11:27:06] ---- FROM  ::1 (WinNT)
[2020-02-19 11:27:06] ---- BROWSER:  Firefox 73.0 (Mozilla/5.0 (Windows NT 10.0; Win64; x64; rv:73.0) Gecko/20100101 Firefox/73.0)
[2020-02-19 11:27:06] ---- CONTENT: {data : "<?xml version='1.0' encoding='utf-8' ?><Request ID='20200219112706830'><General><Token>11111121252221224308000011333382</Token></General><Data></Data></Request>"}
[2020-02-19 11:27:06] 200 - OK - application/json
[2020-02-19 11:27:07] REQUEST POST - https://localhost:8082/public/ws/Config.asmx/All_Get
[2020-02-19 11:27:07] ---- FROM  ::1 (WinNT)
[2020-02-19 11:27:07] ---- BROWSER:  Firefox 73.0 (Mozilla/5.0 (Windows NT 10.0; Win64; x64; rv:73.0) Gecko/20100101 Firefox/73.0)
[2020-02-19 11:27:07] ---- CONTENT: {data : "<?xml version='1.0' encoding='utf-8' ?><Request ID='20200219112707593'><General><Token>11111121252221224308000011333382</Token></General><Data></Data></Request>"}
[2020-02-19 11:27:07] 200 - OK - application/json
[2020-02-19 11:27:42] REQUEST POST - https://localhost:8082/public/ws/Reports.asmx/Economics
[2020-02-19 11:27:42] ---- FROM  ::1 (WinNT)
[2020-02-19 11:27:42] ---- BROWSER:  Firefox 73.0 (Mozilla/5.0 (Windows NT 10.0; Win64; x64; rv:73.0) Gecko/20100101 Firefox/73.0)
[2020-02-19 11:27:42] ---- CONTENT: {data : "<?xml version='1.0' encoding='utf-8' ?><Request ID='20200219112742258'><General><Token>11111121252221224308000011333382</Token></General><Data><Format>5</Format></Data></Request>"}
[2020-02-19 11:27:54] 200 - OK - application/json
